Version is 1.41b.51
[You] Leader is Charlotte Katakuri ["OP11-062">OP11-062]
RZ1|HDR|1.41b|2|RZ1
RZ1|PLY|1||OP11-062
RZ1|PLY|2||
[Opponent] Leader is Kaido ["ST04-001">ST04-001]
RZ1|1|2|ST04-016|0|36|0|0|0|0|0|0|0
RZ1|CHK|1|2|50|0|0|0|10|0|0|0|1|0
RZ1|2|2|OP01-119|0|40|0|1|0|0|0|0|0
RZ1|CHK|2|2|50|0|0|0|10|0|0|0|1|0
RZ1|3|2|ST04-005|0|27|0|2|0|0|0|0|0
RZ1|CHK|3|2|50|0|0|0|10|0|0|0|1|0
RZ1|4|2|OP08-074|0|12|0|3|0|0|0|0|0
RZ1|CHK|4|2|50|0|0|0|10|0|0|0|1|0
RZ1|5|2|ST04-017|0|47|0|4|0|0|0|0|0
RZ1|CHK|5|2|50|0|0|0|10|0|0|0|1|0
RZ1|6|2|OP08-066|0|18|0|5|0|0|0|0|0
RZ1|CHK|6|2|50|0|0|0|10|0|0|0|1|0
RZ1|7|2|EB02-035|0|21|0|7|0|0|0|0|0
RZ1|CHK|7|2|50|0|0|0|10|0|0|0|1|0
RZ1|8|2|OP08-069|0|31|0|8|0|0|0|0|0
RZ1|CHK|8|2|50|0|0|0|10|0|0|0|1|0
RZ1|9|2|OP02-085|0|28|0|9|0|0|0|0|0
RZ1|CHK|9|2|50|0|0|0|10|0|0|0|1|0
RZ1|10|2|EB01-039|0|46|0|10|0|0|0|0|0
RZ1|CHK|10|2|50|0|0|0|10|0|0|0|1|0
RZ1|11|2|OP07-077|0|38|0|11|0|0|0|0|0
RZ1|CHK|11|2|50|0|0|0|10|0|0|0|1|0
RZ1|12|2|OP02-085|0|30|0|12|0|0|0|0|0
RZ1|CHK|12|2|50|0|0|0|10|0|0|0|1|0
RZ1|13|2|OP08-074|0|22|0|13|0|0|0|0|0
RZ1|CHK|13|2|50|0|0|0|10|0|0|0|1|0
RZ1|14|2|OP11-070|0|16|0|14|0|0|0|0|0
RZ1|CHK|14|2|50|0|0|0|10|0|0|0|1|0
RZ1|15|2|OP11-072|0|24|0|15|0|0|0|0|0
RZ1|CHK|15|2|50|0|0|0|10|0|0|0|1|0
RZ1|16|2|OP07-066|0|20|0|16|0|0|0|0|0
RZ1|CHK|16|2|50|0|0|0|10|0|0|0|1|0
RZ1|17|2|OP01-114|0|30|0|17|0|0|0|0|0
RZ1|CHK|17|2|50|0|0|0|10|0|0|0|1|0
RZ1|18|2|ST04-003|0|35|0|18|0|0|0|0|0
RZ1|CHK|18|2|50|0|0|0|10|0|0|0|1|0
RZ1|19|2|ST04-017|0|48|0|19|0|0|0|0|0
RZ1|CHK|19|2|50|0|0|0|10|0|0|0|1|0
RZ1|20|2|EB02-035|0|28|0|20|0|0|0|0|0
RZ1|CHK|20|2|50|0|0|0|10|0|0|0|1|0
RZ1|21|2|OP01-114|0|30|0|21|0|0|0|0|0
RZ1|CHK|21|2|50|0|0|0|10|0|0|0|1|0
RZ1|22|2|ST04-016|0|42|0|22|0|0|0|0|0
RZ1|CHK|22|2|50|0|0|0|10|0|0|0|1|0
RZ1|23|2|OP07-066|0|25|0|23|0|0|0|0|0
RZ1|CHK|23|2|50|0|0|0|10|0|0|0|1|0
RZ1|24|2|OP08-074|0|29|0|24|0|0|0|0|0
RZ1|CHK|24|2|50|0|0|0|10|0|0|0|1|0
RZ1|25|2|EB02-035|0|31|0|26|0|0|0|0|0
RZ1|CHK|25|2|50|0|0|0|10|0|0|0|1|0
RZ1|26|2|OP07-077|0|40|0|27|0|0|0|0|0
RZ1|CHK|26|2|50|0|0|0|10|0|0|0|1|0
RZ1|27|2|ST04-017|0|49|0|28|0|0|0|0|0
RZ1|CHK|27|2|50|0|0|0|10|0|0|0|1|0
RZ1|28|2|OP01-114|0|34|0|29|0|0|0|0|0
RZ1|CHK|28|2|50|0|0|0|10|0|0|0|1|0
RZ1|29|2|ST04-016|0|42|0|30|0|0|0|0|0
RZ1|CHK|29|2|50|0|0|0|10|0|0|0|1|0
RZ1|30|2|ST04-005|0|39|0|31|0|0|0|0|0
RZ1|CHK|30|2|50|0|0|0|10|0|0|0|1|0
RZ1|31|2|ST04-017|0|49|0|32|0|0|0|0|0
RZ1|CHK|31|2|50|0|0|0|10|0|0|0|1|0
RZ1|32|2|ST04-003|0|43|0|33|0|0|0|0|0
RZ1|CHK|32|2|50|0|0|0|10|0|0|0|1|0
RZ1|33|2|OP08-074|0|37|0|34|0|0|0|0|0
RZ1|CHK|33|2|50|0|0|0|10|0|0|0|1|0
RZ1|34|2|ST04-014|0|48|0|35|0|0|0|0|0
RZ1|CHK|34|2|50|0|0|0|10|0|0|0|1|0
RZ1|35|2|ST04-003|0|44|0|36|0|0|0|0|0
RZ1|CHK|35|2|50|0|0|0|10|0|0|0|1|0
RZ1|36|2|ST04-014|0|49|0|37|0|0|0|0|0
RZ1|CHK|36|2|50|0|0|0|10|0|0|0|1|0
RZ1|37|2|OP08-069|0|45|0|38|0|0|0|0|0
RZ1|CHK|37|2|50|0|0|0|10|0|0|0|1|0
RZ1|38|2|OP08-076|0|48|0|39|0|0|0|0|0
RZ1|CHK|38|2|50|0|0|0|10|0|0|0|1|0
RZ1|39|2|ST04-016|0|47|0|40|0|0|0|0|0
RZ1|CHK|39|2|50|0|0|0|10|0|0|0|1|0
RZ1|40|2|OP07-066|0|43|0|41|0|0|0|0|0
RZ1|CHK|40|2|50|0|0|0|10|0|0|0|1|0
RZ1|41|2|OP11-072|0|44|0|43|0|0|0|0|0
RZ1|CHK|41|2|50|0|0|0|10|0|0|0|1|0
RZ1|42|2|ST04-005|0|47|0|44|0|0|0|0|0
RZ1|CHK|42|2|50|0|0|0|10|0|0|0|1|0
RZ1|43|2|OP01-114|0|46|0|45|0|0|0|0|0
RZ1|CHK|43|2|50|0|0|0|10|0|0|0|1|0
RZ1|44|2|OP08-076|0|49|0|46|0|0|0|0|0
RZ1|CHK|44|2|50|0|0|0|10|0|0|0|1|0
RZ1|45|2|OP01-119|0|49|0|47|0|0|0|0|0
RZ1|CHK|45|2|50|0|0|0|10|0|0|0|1|0
[] Drew card from deck: Charlotte Cracker ["ST34-002">ST34-002]
RZ1|46|1|ST34-002|0|49|1|0|1|1|0|0|0
RZ1|CHK|46|1|49|1|0|0|10|0|0|0|1|0
[] Drew card from deck: Charlotte Cracker ["ST34-002">ST34-002]
RZ1|47|1|ST34-002|0|48|1|1|1|1|0|0|0
RZ1|CHK|47|1|48|2|0|0|10|0|0|0|1|0
[] Drew card from deck: We're Going to Claim the One Piece!!! ["OP07-077">OP07-077]
RZ1|48|1|OP07-077|0|47|1|2|1|1|0|0|0
RZ1|CHK|48|1|47|3|0|0|10|0|0|0|1|0
[] Drew card from deck: Nola ["OP15-069">OP15-069]
RZ1|49|1|OP15-069|0|46|1|3|1|1|0|0|0
RZ1|CHK|49|1|46|4|0|0|10|0|0|0|1|0
[] Drew card from deck: Nola ["OP15-069">OP15-069]
RZ1|50|1|OP15-069|0|45|1|4|1|1|0|0|0
RZ1|CHK|50|1|45|5|0|0|10|0|0|0|1|0
[] Drew card from deck: Queen ["ST04-005">ST04-005]
RZ1|51|2|ST04-005|0|49|1|0|1|1|0|0|0
RZ1|CHK|51|2|49|1|0|0|10|0|0|0|1|0
[] Drew card from deck: Tony Tony Chopper ["OP07-066">OP07-066]
RZ1|52|2|OP07-066|0|48|1|1|1|1|0|0|0
RZ1|CHK|52|2|48|2|0|0|10|0|0|0|1|0
[] Drew card from deck: Thunder Bagua ["OP01-119">OP01-119]
RZ1|53|2|OP01-119|0|47|1|2|1|1|0|0|0
RZ1|CHK|53|2|47|3|0|0|10|0|0|0|1|0
[] Drew card from deck: It's To Die For...! ["OP08-076">OP08-076]
RZ1|54|2|OP08-076|0|46|1|3|1|1|0|0|0
RZ1|CHK|54|2|46|4|0|0|10|0|0|0|1|0
[] Drew card from deck: X.Drake ["OP01-114">OP01-114]
RZ1|55|2|OP01-114|0|45|1|4|1|1|0|0|0
RZ1|CHK|55|2|45|5|0|0|10|0|0|0|1|0
RZ1|56|1|ST34-003|0|44|3|0|1|0|0|0|0
RZ1|CHK|56|1|44|5|0|1|10|0|0|0|1|0
RZ1|57|1|ST34-005|0|43|3|1|1|0|0|0|0
RZ1|CHK|57|1|43|5|0|2|10|0|0|0|1|0
RZ1|58|1|OP11-070|0|42|3|2|1|0|0|0|0
RZ1|CHK|58|1|42|5|0|3|10|0|0|0|1|0
RZ1|59|1|OP11-067|0|41|3|3|1|0|0|0|0
RZ1|CHK|59|1|41|5|0|4|10|0|0|0|1|0
RZ1|60|1|ST34-001|0|40|3|4|1|0|0|0|0
RZ1|CHK|60|1|40|5|0|5|10|0|0|0|1|0
RZ1|61|2|ST04-005|1|0|0|45|0|0|0|0|0
RZ1|CHK|61|2|46|4|0|0|10|0|0|0|1|0
RZ1|62|2|OP07-066|1|0|0|46|0|0|0|0|0
RZ1|CHK|62|2|47|3|0|0|10|0|0|0|1|0
RZ1|63|2|OP01-119|1|0|0|47|0|0|0|0|0
RZ1|CHK|63|2|48|2|0|0|10|0|0|0|1|0
RZ1|64|2|OP08-076|1|0|0|48|0|0|0|0|0
RZ1|CHK|64|2|49|1|0|0|10|0|0|0|1|0
RZ1|65|2|OP01-114|1|0|0|49|0|0|0|0|0
RZ1|CHK|65|2|50|0|0|0|10|0|0|0|1|0
RZ1|66|2|ST04-017|0|19|0|1|0|0|0|0|0
RZ1|CHK|66|2|50|0|0|0|10|0|0|0|1|0
RZ1|67|2|EB02-035|0|26|0|3|0|0|0|0|0
RZ1|CHK|67|2|50|0|0|0|10|0|0|0|1|0
RZ1|68|2|OP07-066|0|24|0|4|0|0|0|0|0
RZ1|CHK|68|2|50|0|0|0|10|0|0|0|1|0
RZ1|69|2|OP11-072|0|18|0|5|0|0|0|0|0
RZ1|CHK|69|2|50|0|0|0|10|0|0|0|1|0
RZ1|70|2|ST04-016|0|30|0|6|0|0|0|0|0
RZ1|CHK|70|2|50|0|0|0|10|0|0|0|1|0
RZ1|71|2|OP11-070|0|42|0|7|0|0|0|0|0
RZ1|CHK|71|2|50|0|0|0|10|0|0|0|1|0
RZ1|72|2|OP07-077|0|29|0|8|0|0|0|0|0
RZ1|CHK|72|2|50|0|0|0|10|0|0|0|1|0
RZ1|73|2|OP01-114|0|31|0|9|0|0|0|0|0
RZ1|CHK|73|2|50|0|0|0|10|0|0|0|1|0
RZ1|74|2|EB01-039|0|18|0|10|0|0|0|0|0
RZ1|CHK|74|2|50|0|0|0|10|0|0|0|1|0
RZ1|75|2|OP08-069|0|17|0|11|0|0|0|0|0
RZ1|CHK|75|2|50|0|0|0|10|0|0|0|1|0
RZ1|76|2|EB02-035|0|17|0|12|0|0|0|0|0
RZ1|CHK|76|2|50|0|0|0|10|0|0|0|1|0
RZ1|77|2|OP08-074|0|35|0|13|0|0|0|0|0
RZ1|CHK|77|2|50|0|0|0|10|0|0|0|1|0
RZ1|78|2|OP11-070|0|31|0|14|0|0|0|0|0
RZ1|CHK|78|2|50|0|0|0|10|0|0|0|1|0
RZ1|79|2|OP11-070|0|19|0|15|0|0|0|0|0
RZ1|CHK|79|2|50|0|0|0|10|0|0|0|1|0
RZ1|80|2|OP08-076|0|48|0|16|0|0|0|0|0
RZ1|CHK|80|2|50|0|0|0|10|0|0|0|1|0
RZ1|81|2|OP07-066|0|47|0|17|0|0|0|0|0
RZ1|CHK|81|2|50|0|0|0|10|0|0|0|1|0
RZ1|82|2|OP01-114|0|49|0|18|0|0|0|0|0
RZ1|CHK|82|2|50|0|0|0|10|0|0|0|1|0
RZ1|83|2|ST04-005|0|48|0|19|0|0|0|0|0
RZ1|CHK|83|2|50|0|0|0|10|0|0|0|1|0
RZ1|84|2|ST04-003|0|39|0|20|0|0|0|0|0
RZ1|CHK|84|2|50|0|0|0|10|0|0|0|1|0
RZ1|85|2|ST04-017|0|23|0|21|0|0|0|0|0
RZ1|CHK|85|2|50|0|0|0|10|0|0|0|1|0
RZ1|86|2|ST04-016|0|45|0|22|0|0|0|0|0
RZ1|CHK|86|2|50|0|0|0|10|0|0|0|1|0
RZ1|87|2|OP01-114|0|35|0|23|0|0|0|0|0
RZ1|CHK|87|2|50|0|0|0|10|0|0|0|1|0
RZ1|88|2|ST04-014|0|41|0|24|0|0|0|0|0
RZ1|CHK|88|2|50|0|0|0|10|0|0|0|1|0
RZ1|89|2|OP11-072|0|47|0|25|0|0|0|0|0
RZ1|CHK|89|2|50|0|0|0|10|0|0|0|1|0
RZ1|90|2|OP01-114|0|35|0|26|0|0|0|0|0
RZ1|CHK|90|2|50|0|0|0|10|0|0|0|1|0
RZ1|91|2|OP02-085|0|30|0|27|0|0|0|0|0
RZ1|CHK|91|2|50|0|0|0|10|0|0|0|1|0
RZ1|92|2|OP08-069|0|45|0|28|0|0|0|0|0
RZ1|CHK|92|2|50|0|0|0|10|0|0|0|1|0
RZ1|93|2|ST04-003|0|37|0|29|0|0|0|0|0
RZ1|CHK|93|2|50|0|0|0|10|0|0|0|1|0
RZ1|94|2|OP02-085|0|34|0|30|0|0|0|0|0
RZ1|CHK|94|2|50|0|0|0|10|0|0|0|1|0
RZ1|95|2|EB02-035|0|38|0|31|0|0|0|0|0
RZ1|CHK|95|2|50|0|0|0|10|0|0|0|1|0
RZ1|96|2|OP08-074|0|40|0|32|0|0|0|0|0
RZ1|CHK|96|2|50|0|0|0|10|0|0|0|1|0
RZ1|97|2|OP07-077|0|36|0|33|0|0|0|0|0
RZ1|CHK|97|2|50|0|0|0|10|0|0|0|1|0
RZ1|98|2|OP01-119|0|49|0|34|0|0|0|0|0
RZ1|CHK|98|2|50|0|0|0|10|0|0|0|1|0
RZ1|99|2|OP08-066|0|37|0|35|0|0|0|0|0
RZ1|CHK|99|2|50|0|0|0|10|0|0|0|1|0
RZ1|100|2|ST04-016|0|41|0|36|0|0|0|0|0
RZ1|CHK|100|2|50|0|0|0|10|0|0|0|1|0
RZ1|101|2|ST04-017|0|42|0|37|0|0|0|0|0
RZ1|CHK|101|2|50|0|0|0|10|0|0|0|1|0
RZ1|102|2|ST04-017|0|44|0|38|0|0|0|0|0
RZ1|CHK|102|2|50|0|0|0|10|0|0|0|1|0
RZ1|103|2|ST04-005|0|49|0|39|0|0|0|0|0
RZ1|CHK|103|2|50|0|0|0|10|0|0|0|1|0
RZ1|104|2|OP07-066|0|44|0|40|0|0|0|0|0
RZ1|CHK|104|2|50|0|0|0|10|0|0|0|1|0
RZ1|105|2|OP08-076|0|48|0|41|0|0|0|0|0
RZ1|CHK|105|2|50|0|0|0|10|0|0|0|1|0
RZ1|106|2|OP08-074|0|43|0|42|0|0|0|0|0
RZ1|CHK|106|2|50|0|0|0|10|0|0|0|1|0
RZ1|107|2|OP11-070|0|45|0|43|0|0|0|0|0
RZ1|CHK|107|2|50|0|0|0|10|0|0|0|1|0
RZ1|108|2|ST04-005|0|46|0|44|0|0|0|0|0
RZ1|CHK|108|2|50|0|0|0|10|0|0|0|1|0
RZ1|109|2|OP08-074|0|46|0|45|0|0|0|0|0
RZ1|CHK|109|2|50|0|0|0|10|0|0|0|1|0
RZ1|110|2|ST04-003|0|47|0|46|0|0|0|0|0
RZ1|CHK|110|2|50|0|0|0|10|0|0|0|1|0
[] Drew card from deck: Tony Tony Chopper ["OP07-066">OP07-066]
RZ1|111|2|OP07-066|0|49|1|0|1|1|0|0|0
RZ1|CHK|111|2|49|1|0|0|10|0|0|0|1|0
[] Drew card from deck: Lead Performer "Disaster" ["ST04-014">ST04-014]
RZ1|112|2|ST04-014|0|48|1|1|1|1|0|0|0
RZ1|CHK|112|2|48|2|0|0|10|0|0|0|1|0
[] Drew card from deck: Queen ["ST04-005">ST04-005]
RZ1|113|2|ST04-005|0|47|1|2|1|1|0|0|0
RZ1|CHK|113|2|47|3|0|0|10|0|0|0|1|0
[] Drew card from deck: Kaido ["ST04-003">ST04-003]
RZ1|114|2|ST04-003|0|46|1|3|1|1|0|0|0
RZ1|CHK|114|2|46|4|0|0|10|0|0|0|1|0
[] Drew card from deck: Black Maria ["OP08-074">OP08-074]
RZ1|115|2|OP08-074|0|45|1|4|1|1|0|0|0
RZ1|CHK|115|2|45|5|0|0|10|0|0|0|1|0
RZ1|116|2|ST04-005|0|44|3|0|0|1|0|0|0
RZ1|CHK|116|2|44|5|0|1|10|0|0|0|1|0
RZ1|117|2|OP11-070|0|43|3|1|0|1|0|0|0
RZ1|CHK|117|2|43|5|0|2|10|0|0|0|1|0
RZ1|118|2|OP08-074|0|42|3|2|0|1|0|0|0
RZ1|CHK|118|2|42|5|0|3|10|0|0|0|1|0
RZ1|119|2|OP08-076|0|41|3|3|0|1|0|0|0
RZ1|CHK|119|2|41|5|0|4|10|0|0|0|1|0
RZ1|120|2|OP07-066|0|40|3|4|0|1|0|0|0
RZ1|CHK|120|2|40|5|0|5|10|0|0|0|1|0
[] Hand after Mulligan: [OP07-066,ST04-014,ST04-005,ST04-003,OP08-074]
[Opponent] Mulligan
[] Hand: [ST34-002,ST34-002,OP07-077,OP15-069,OP15-069]
[] Board: []
[] Trash: []
[] Life: 5
[] Hand: [OP07-066,ST04-014,ST04-005,ST04-003,OP08-074]
[] Trash: []
[] Board: []
[] Life: 5
RZ1|121|1|Don|4|9|5|0|1|1|0|0|0
RZ1|CHK|121|1|40|5|0|5|9|1|0|0|1|0
[You] Draw 1 Don
RZ1|122|1|Don|5|0|5|0|1|1|1|0|0
RZ1|CHK|122|1|40|5|0|5|9|1|0|0|1|0
[You] Deploy Nola ["OP15-069">OP15-069]
RZ1|123|1|OP15-069|1|3|2|0|1|1|0|0|0
RZ1|CHK|123|1|40|4|1|5|9|1|0|0|1|0
[] Hand: [ST34-002,ST34-002,OP07-077,OP15-069]
[] Board: [OP15-069]
[] Trash: []
[] Life: 5
[] Hand: [OP07-066,ST04-014,ST04-005,ST04-003,OP08-074]
[] Trash: []
[] Board: []
[] Life: 5
[You] End Turn
[] Hand: [OP07-066,ST04-014,ST04-005,ST04-003,OP08-074]
[] Board: []
[] Trash: []
[] Life: 5
[] Hand: [ST34-002,ST34-002,OP07-077,OP15-069]
[] Trash: []
[] Board: [OP15-069]
[] Life: 5
[Opponent] Draw 1 Card
[] Drew card from deck: Queen ["ST04-005">ST04-005]
RZ1|124|2|ST04-005|0|39|1|5|1|1|0|0|0
RZ1|CHK|124|2|39|6|0|5|10|0|0|0|1|0
RZ1|125|2|Don|4|9|5|0|1|1|0|0|0
RZ1|CHK|125|2|39|6|0|5|9|1|0|0|1|0
RZ1|126|2|Don|4|8|5|1|1|1|0|0|0
RZ1|CHK|126|2|39|6|0|5|8|2|0|0|1|0
[Opponent] Draw 2 Don
[] Hand: [OP07-066,ST04-014,ST04-005,ST04-003,OP08-074,ST04-005]
[] Board: []
[] Trash: []
[] Life: 5
[] Hand: [ST34-002,ST34-002,OP07-077,OP15-069]
[] Trash: []
[] Board: [OP15-069]
[] Life: 5
[Opponent] End Turn
[] Hand: [ST34-002,ST34-002,OP07-077,OP15-069]
[] Board: [OP15-069]
[] Trash: []
[] Life: 5
[] Hand: [OP07-066,ST04-014,ST04-005,ST04-003,OP08-074,ST04-005]
[] Trash: []
[] Board: []
[] Life: 5
[You] Draw 1 Card
[] Drew card from deck: Baron Tamago & Pekoms ["ST34-005">ST34-005]
RZ1|127|1|ST34-005|0|39|1|4|1|1|0|0|0
RZ1|CHK|127|1|39|5|1|5|9|1|0|0|1|0
RZ1|128|1|Don|4|8|5|1|1|1|0|0|0
RZ1|CHK|128|1|39|5|1|5|8|2|0|0|1|0
RZ1|129|1|Don|4|7|5|2|1|1|0|0|0
RZ1|CHK|129|1|39|5|1|5|7|3|0|0|1|0
[You] Draw 2 Don
RZ1|130|1|Don|5|0|5|0|1|1|1|0|0
RZ1|CHK|130|1|39|5|1|5|7|3|0|0|1|0
RZ1|131|1|Don|5|1|5|1|1|1|1|0|0
RZ1|CHK|131|1|39|5|1|5|7|3|0|0|1|0
RZ1|132|1|Don|5|2|5|2|1|1|1|0|0
RZ1|CHK|132|1|39|5|1|5|7|3|0|0|1|0
[You] Deploy Baron Tamago & Pekoms ["ST34-005">ST34-005]
RZ1|133|1|ST34-005|1|4|2|1|1|1|0|0|0
RZ1|CHK|133|1|39|4|2|5|7|3|0|0|1|0
[You] Charlotte Katakuri ["OP11-062">OP11-062] attacking Kaido ["ST04-001">ST04-001]
RZ1|134|1|Don|5|0|4|7|1|1|0|0|0
RZ1|CHK|134|1|39|4|2|5|8|2|0|0|1|0
[You] Charlotte Katakuri ["OP11-062">OP11-062]: Minus 1 Don
[You] Charlotte Katakuri ["OP11-062">OP11-062]: <b>Looked at opponent's top deck</b>
[You] Charlotte Katakuri ["OP11-062">OP11-062]: <b>Finished looking at opponent's top deck</b>
[You] Charlotte Katakuri ["OP11-062">OP11-062]: Buff Charlotte Katakuri ["OP11-062">OP11-062] 1000 for the Combat
Charlotte Katakuri ["OP11-062">OP11-062][6000] vs Kaido ["ST04-001">ST04-001][5000]
Kaido ["ST04-001">ST04-001] hit for 1 damage
RZ1|135|2|OP07-066|3|4|1|6|1|1|0|0|0
RZ1|CHK|135|2|39|7|0|4|8|2|0|0|1|0
[] Hand: [ST34-002,ST34-002,OP07-077,OP15-069]
[] Board: [OP15-069,ST34-005]
[] Trash: []
[] Life: 5
[] Hand: [OP07-066,ST04-014,ST04-005,ST04-003,OP08-074,ST04-005,OP07-066]
[] Trash: []
[] Board: []
[] Life: 4
[You] End Turn
[] Hand: [OP07-066,ST04-014,ST04-005,ST04-003,OP08-074,ST04-005,OP07-066]
[] Board: []
[] Trash: []
[] Life: 4
[] Hand: [ST34-002,ST34-002,OP07-077,OP15-069]
[] Trash: []
[] Board: [OP15-069,ST34-005]
[] Life: 5
[Opponent] Draw 1 Card
[] Drew card from deck: Onigashima Island ["ST04-017">ST04-017]
RZ1|136|2|ST04-017|0|38|1|7|1|1|0|0|0
RZ1|CHK|136|2|38|8|0|4|8|2|0|0|1|0
RZ1|137|2|Don|4|7|5|2|1|1|0|0|0
RZ1|CHK|137|2|38|8|0|4|7|3|0|0|1|0
RZ1|138|2|Don|4|6|5|3|1|1|0|0|0
RZ1|CHK|138|2|38|8|0|4|6|4|0|0|1|0
[Opponent] Draw 2 Don
RZ1|139|2|Don|5|0|5|0|1|1|1|0|0
RZ1|CHK|139|2|38|8|0|4|6|4|0|0|1|0
RZ1|140|2|Don|5|1|5|1|1|1|1|0|0
RZ1|CHK|140|2|38|8|0|4|6|4|0|0|1|0
RZ1|141|2|Don|5|2|5|2|1|1|1|0|0
RZ1|CHK|141|2|38|8|0|4|6|4|0|0|1|0
[Opponent] Deploy Onigashima Island ["ST04-017">ST04-017]
RZ1|142|2|ST04-017|1|7|7|0|1|1|0|0|0
RZ1|CHK|142|2|38|7|0|4|6|4|0|1|1|0
[Opponent] Onigashima Island ["ST04-017">ST04-017]: Rest Onigashima Island ["ST04-017">ST04-017]
Onigashima Island ["ST04-017">ST04-017]: Draw 1 Rested Don
RZ1|143|2|Don|4|5|5|0|1|1|1|0|0
RZ1|CHK|143|2|38|7|0|4|5|5|0|1|1|0
[Opponent] Attach 1 Don to Kaido ["ST04-001">ST04-001] (1 Total)
RZ1|144|2|Don|5|4|9|9900|1|1|0|0|0
RZ1|CHK|144|2|38|7|0|4|5|4|0|1|1|1
[Opponent] Kaido ["ST04-001">ST04-001] attacking Charlotte Katakuri ["OP11-062">OP11-062]
Kaido ["ST04-001">ST04-001][6000] vs Charlotte Katakuri ["OP11-062">OP11-062][5000]
Charlotte Katakuri ["OP11-062">OP11-062] hit for 1 damage
RZ1|145|1|ST34-001|3|4|1|4|1|1|0|0|0
RZ1|CHK|145|1|39|5|2|4|8|2|0|0|1|0
[] Hand: [OP07-066,ST04-014,ST04-005,ST04-003,OP08-074,ST04-005,OP07-066]
[] Board: []
[] Trash: []
[] Life: 4
[] Hand: [ST34-002,ST34-002,OP07-077,OP15-069,ST34-001]
[] Trash: []
[] Board: [OP15-069,ST34-005]
[] Life: 4
[Opponent] End Turn
[] Hand: [ST34-002,ST34-002,OP07-077,OP15-069,ST34-001]
[] Board: [OP15-069,ST34-005]
[] Trash: []
[] Life: 4
[] Hand: [OP07-066,ST04-014,ST04-005,ST04-003,OP08-074,ST04-005,OP07-066]
[] Trash: []
[] Board: []
[] Life: 4
[You] Draw 1 Card
[] Drew card from deck: Charlotte Cracker ["ST34-002">ST34-002]
RZ1|146|1|ST34-002|0|38|1|5|1|1|0|0|0
RZ1|CHK|146|1|38|6|2|4|8|2|0|0|1|0
RZ1|147|1|Don|4|7|5|2|1|1|0|0|0
RZ1|CHK|147|1|38|6|2|4|7|3|0|0|1|0
RZ1|148|1|Don|4|6|5|3|1|1|0|0|0
RZ1|CHK|148|1|38|6|2|4|6|4|0|0|1|0
[You] Draw 2 Don
[You] We're Going to Claim the One Piece!!! ["OP07-077">OP07-077]: Rest 1 Don
RZ1|149|1|Don|5|0|5|0|1|1|1|0|0
RZ1|CHK|149|1|38|6|2|4|6|4|0|0|1|0
RZ1|150|1|OP07-077|1|2|6|0|1|1|0|0|0
RZ1|CHK|150|1|38|5|2|4|6|4|1|0|1|0
RZ1|151|1|ST34-003|0|37|1|5|1|1|0|0|0
RZ1|CHK|151|1|37|6|2|4|6|4|1|0|1|0
[You] We're Going to Claim the One Piece!!! ["OP07-077">OP07-077]: <b>Reveal and Draw Charlotte Brulee ["ST34-003">ST34-003]</b>
[You] Placing Cards on Bottom of Deck
RZ1|152|1|ST34-004|0|36|0|0|0|0|0|0|0
RZ1|CHK|152|1|37|6|2|4|6|4|1|0|1|0
RZ1|153|1|ST18-001|0|36|0|0|0|0|0|0|0
RZ1|CHK|153|1|37|6|2|4|6|4|1|0|1|0
RZ1|154|1|ST34-004|0|36|0|0|0|0|0|0|0
RZ1|CHK|154|1|37|6|2|4|6|4|1|0|1|0
RZ1|155|1|PRB02-010|0|36|0|0|0|0|0|0|0
RZ1|CHK|155|1|37|6|2|4|6|4|1|0|1|0
RZ1|156|1|Don|5|1|5|1|1|1|1|0|0
RZ1|CHK|156|1|37|6|2|4|6|4|1|0|1|0
[You] Deploy Charlotte Brulee ["ST34-003">ST34-003]
RZ1|157|1|ST34-003|1|5|2|2|1|1|0|0|0
RZ1|CHK|157|1|37|5|3|4|6|4|1|0|1|0
RZ1|158|1|OP11-067|0|34|1|5|1|1|0|0|0
RZ1|CHK|158|1|36|6|3|4|6|4|1|0|1|0
[You] Charlotte Brulee ["ST34-003">ST34-003]: <b>Reveal and Draw Charlotte Katakuri ["OP11-067">OP11-067]</b>
[You] Placing Cards on Bottom of Deck
RZ1|159|1|OP08-069|0|35|0|0|0|0|0|0|0
RZ1|CHK|159|1|36|6|3|4|6|4|1|0|1|0
RZ1|160|1|OP07-077|0|35|0|0|0|0|0|0|0
RZ1|CHK|160|1|36|6|3|4|6|4|1|0|1|0
[You] Charlotte Katakuri ["OP11-062">OP11-062] attacking Kaido ["ST04-001">ST04-001]
[Opponent] Discard Tony Tony Chopper ["OP07-066">OP07-066] for Counter 1000
RZ1|161|2|OP07-066|1|6|6|0|1|1|0|0|0
RZ1|CHK|161|2|38|6|0|4|5|4|1|1|1|1
Charlotte Katakuri ["OP11-062">OP11-062][5000] vs Kaido ["ST04-001">ST04-001][6000]
Attack Fails
RZ1|162|1|Don|5|2|9|100|1|1|0|0|0
RZ1|CHK|162|1|36|6|3|4|6|3|1|0|1|1
[You] Attach 1 Don to Baron Tamago & Pekoms ["ST34-005">ST34-005] (1 Total)
[You] Baron Tamago & Pekoms ["ST34-005">ST34-005] attacking Kaido ["ST04-001">ST04-001]
RZ1|163|1|Don|9|100|4|6|1|1|0|0|0
RZ1|CHK|163|1|36|6|3|4|7|3|1|0|1|0
[You] Baron Tamago & Pekoms ["ST34-005">ST34-005]: Minus 1 Don
[You] Baron Tamago & Pekoms ["ST34-005">ST34-005]: Destroy Nola ["OP15-069">OP15-069]
RZ1|164|1|OP15-069|2|0|6|1|1|1|0|0|0
RZ1|CHK|164|1|36|6|2|4|7|3|2|0|1|0
Baron Tamago & Pekoms ["ST34-005">ST34-005][4000] vs Kaido ["ST04-001">ST04-001][5000]
Attack Fails
RZ1|165|1|Don|5|2|5|2|1|1|1|0|0
RZ1|CHK|165|1|36|6|2|4|7|3|2|0|1|0
[You] Deploy Nola ["OP15-069">OP15-069]
RZ1|166|1|OP15-069|1|2|2|2|1|1|0|0|0
RZ1|CHK|166|1|36|5|3|4|7|3|2|0|1|0
[] Hand: [ST34-002,ST34-002,ST34-001,ST34-002,OP11-067]
[] Board: [ST34-005,ST34-003,OP15-069]
[] Trash: [OP07-077,OP15-069]
[] Life: 4
[] Hand: [OP07-066,ST04-014,ST04-005,ST04-003,OP08-074,ST04-005]
[] Trash: [OP07-066]
[] Board: []
[] Life: 4
[You] End Turn
[] Hand: [OP07-066,ST04-014,ST04-005,ST04-003,OP08-074,ST04-005]
[] Board: []
[] Trash: [OP07-066]
[] Life: 4
[] Hand: [ST34-002,ST34-002,ST34-001,ST34-002,OP11-067]
[] Trash: [OP07-077,OP15-069]
[] Board: [ST34-005,ST34-003,OP15-069]
[] Life: 4
RZ1|167|2|Don|9|9900|5|0|1|1|1|0|0
RZ1|CHK|167|2|38|6|0|4|5|5|1|1|1|0
[Opponent] Draw 1 Card
[] Drew card from deck: Onigashima Island ["ST04-017">ST04-017]
RZ1|168|2|ST04-017|0|37|1|6|1|1|0|0|0
RZ1|CHK|168|2|37|7|0|4|5|5|1|1|1|0
RZ1|169|2|Don|4|4|5|5|1|1|0|0|0
RZ1|CHK|169|2|37|7|0|4|4|6|1|1|1|0
RZ1|170|2|Don|4|3|5|6|1|1|0|0|0
RZ1|CHK|170|2|37|7|0|4|3|7|1|1|1|0
[Opponent] Draw 2 Don
RZ1|171|2|Don|5|0|5|0|1|1|1|0|0
RZ1|CHK|171|2|37|7|0|4|3|7|1|1|1|0
RZ1|172|2|Don|5|1|5|1|1|1|1|0|0
RZ1|CHK|172|2|37|7|0|4|3|7|1|1|1|0
RZ1|173|2|Don|5|2|5|2|1|1|1|0|0
RZ1|CHK|173|2|37|7|0|4|3|7|1|1|1|0
RZ1|174|2|Don|5|3|5|3|1|1|1|0|0
RZ1|CHK|174|2|37|7|0|4|3|7|1|1|1|0
RZ1|175|2|Don|5|4|5|4|1|1|1|0|0
RZ1|CHK|175|2|37|7|0|4|3|7|1|1|1|0
[Opponent] Deploy Queen ["ST04-005">ST04-005]
RZ1|176|2|ST04-005|1|5|2|0|1|1|0|0|0
RZ1|CHK|176|2|37|6|1|4|3|7|1|1|1|0
RZ1|177|2|Don|5|2|4|3|1|1|0|0|0
RZ1|CHK|177|2|37|6|1|4|4|6|1|1|1|0
[Opponent] Queen ["ST04-005">ST04-005]: Minus 1 Don
[] Drew card from deck: Blast Breath ["ST04-016">ST04-016]
RZ1|178|2|ST04-016|0|36|1|6|1|1|0|0|0
RZ1|CHK|178|2|36|7|1|4|4|6|1|1|1|0
[] Drew card from deck: Charlotte Brulee ["OP08-066">OP08-066]
RZ1|179|2|OP08-066|0|35|1|7|1|1|0|0|0
RZ1|CHK|179|2|35|8|1|4|4|6|1|1|1|0
[Opponent] Queen ["ST04-005">ST04-005]: Draw 2 Card
RZ1|180|2|ST04-017|1|5|6|1|1|1|0|0|0
RZ1|CHK|180|2|35|7|1|4|4|6|2|1|1|0
[Opponent] Queen ["ST04-005">ST04-005]: Trash Onigashima Island ["ST04-017">ST04-017]
[Opponent] Onigashima Island ["ST04-017">ST04-017]: Rest Onigashima Island ["ST04-017">ST04-017]
Onigashima Island ["ST04-017">ST04-017]: Draw 1 Rested Don
RZ1|181|2|Don|4|3|5|0|1|1|1|0|0
RZ1|CHK|181|2|35|7|1|4|3|7|2|1|1|0
[Opponent] Attach 1 Don to Kaido ["ST04-001">ST04-001] (1 Total)
RZ1|182|2|Don|5|6|9|9900|1|1|0|0|0
RZ1|CHK|182|2|35|7|1|4|3|6|2|1|1|1
[Opponent] Kaido ["ST04-001">ST04-001] attacking Charlotte Katakuri ["OP11-062">OP11-062]
Kaido ["ST04-001">ST04-001][6000] vs Charlotte Katakuri ["OP11-062">OP11-062][5000]
Charlotte Katakuri ["OP11-062">OP11-062] hit for 1 damage
RZ1|183|1|OP11-067|3|3|1|5|1|1|0|0|0
RZ1|CHK|183|1|36|6|3|3|7|3|2|0|1|0
[] Hand: [OP07-066,ST04-014,ST04-005,ST04-003,OP08-074,ST04-016,OP08-066]
[] Board: [ST04-005]
[] Trash: [OP07-066,ST04-017]
[] Life: 4
[] Hand: [ST34-002,ST34-002,ST34-001,ST34-002,OP11-067,OP11-067]
[] Trash: [OP07-077,OP15-069]
[] Board: [ST34-005,ST34-003,OP15-069]
[] Life: 3
[Opponent] End Turn
[] Hand: [ST34-002,ST34-002,ST34-001,ST34-002,OP11-067,OP11-067]
[] Board: [ST34-005,ST34-003,OP15-069]
[] Trash: [OP07-077,OP15-069]
[] Life: 3
[] Hand: [OP07-066,ST04-014,ST04-005,ST04-003,OP08-074,ST04-016,OP08-066]
[] Trash: [OP07-066,ST04-017]
[] Board: [ST04-005]
[] Life: 4
[You] Draw 1 Card
[] Drew card from deck: Charlotte Pudding ["PRB02-010">PRB02-010]
RZ1|184|1|PRB02-010|0|35|1|6|1|1|0|0|0
RZ1|CHK|184|1|35|7|3|3|7|3|2|0|1|0
RZ1|185|1|Don|4|6|5|3|1|1|0|0|0
RZ1|CHK|185|1|35|7|3|3|6|4|2|0|1|0
RZ1|186|1|Don|4|5|5|4|1|1|0|0|0
RZ1|CHK|186|1|35|7|3|3|5|5|2|0|1|0
[You] Draw 2 Don
RZ1|187|1|Don|5|0|5|0|1|1|1|0|0
RZ1|CHK|187|1|35|7|3|3|5|5|2|0|1|0
RZ1|188|1|Don|5|1|5|1|1|1|1|0|0
RZ1|CHK|188|1|35|7|3|3|5|5|2|0|1|0
RZ1|189|1|Don|5|2|5|2|1|1|1|0|0
RZ1|CHK|189|1|35|7|3|3|5|5|2|0|1|0
RZ1|190|1|Don|5|3|5|3|1|1|1|0|0
RZ1|CHK|190|1|35|7|3|3|5|5|2|0|1|0
[You] Deploy Charlotte Cracker ["ST34-002">ST34-002]
RZ1|191|1|ST34-002|1|0|2|3|1|1|0|0|0
RZ1|CHK|191|1|35|6|4|3|5|5|2|0|1|0
Charlotte Cracker ["ST34-002">ST34-002]: Draw 1 Rested Don
RZ1|192|1|Don|4|4|5|0|1|1|1|0|0
RZ1|CHK|192|1|35|6|4|3|4|6|2|0|1|0
RZ1|193|1|Don|5|5|9|0|1|1|0|0|0
RZ1|CHK|193|1|35|6|4|3|4|5|2|0|1|1
[You] Attach 1 Don to Baron Tamago & Pekoms ["ST34-005">ST34-005] (1 Total)
[You] Charlotte Katakuri ["OP11-062">OP11-062] attacking Kaido ["ST04-001">ST04-001]
[Opponent] Discard Charlotte Brulee ["OP08-066">OP08-066] for Counter 1000
RZ1|194|2|OP08-066|1|6|6|2|1|1|0|0|0
RZ1|CHK|194|2|35|6|1|4|3|6|3|1|1|1
Charlotte Katakuri ["OP11-062">OP11-062][5000] vs Kaido ["ST04-001">ST04-001][6000]
Attack Fails
[] Hand: [ST34-002,ST34-001,ST34-002,OP11-067,OP11-067,PRB02-010]
[] Board: [ST34-005,ST34-003,OP15-069,ST34-002]
[] Trash: [OP07-077,OP15-069]
[] Life: 3
[] Hand: [OP07-066,ST04-014,ST04-005,ST04-003,OP08-074,ST04-016]
[] Trash: [OP07-066,ST04-017,OP08-066]
[] Board: [ST04-005]
[] Life: 4
[You] End Turn
[] Hand: [OP07-066,ST04-014,ST04-005,ST04-003,OP08-074,ST04-016]
[] Board: [ST04-005]
[] Trash: [OP07-066,ST04-017,OP08-066]
[] Life: 4
[] Hand: [ST34-002,ST34-001,ST34-002,OP11-067,OP11-067,PRB02-010]
[] Trash: [OP07-077,OP15-069]
[] Board: [ST34-005,ST34-003,OP15-069,ST34-002]
[] Life: 3
RZ1|195|2|Don|9|9900|5|0|1|1|1|0|0
RZ1|CHK|195|2|35|6|1|4|3|7|3|1|1|0
[Opponent] Draw 1 Card
[] Drew card from deck: Thunder Bagua ["OP01-119">OP01-119]
RZ1|196|2|OP01-119|0|34|1|6|1|1|0|0|0
RZ1|CHK|196|2|34|7|1|4|3|7|3|1|1|0
RZ1|197|2|Don|4|2|5|7|1|1|0|0|0
RZ1|CHK|197|2|34|7|1|4|2|8|3|1|1|0
RZ1|198|2|Don|4|1|5|8|1|1|0|0|0
RZ1|CHK|198|2|34|7|1|4|1|9|3|1|1|0
[Opponent] Draw 2 Don
RZ1|199|2|Don|5|0|5|0|1|1|1|0|0
RZ1|CHK|199|2|34|7|1|4|1|9|3|1|1|0
RZ1|200|2|Don|5|1|5|1|1|1|1|0|0
RZ1|CHK|200|2|34|7|1|4|1|9|3|1|1|0
RZ1|201|2|Don|5|2|5|2|1|1|1|0|0
RZ1|CHK|201|2|34|7|1|4|1|9|3|1|1|0
RZ1|202|2|Don|5|3|5|3|1|1|1|0|0
RZ1|CHK|202|2|34|7|1|4|1|9|3|1|1|0
RZ1|203|2|Don|5|4|5|4|1|1|1|0|0
RZ1|CHK|203|2|34|7|1|4|1|9|3|1|1|0
RZ1|204|2|Don|5|5|5|5|1|1|1|0|0
RZ1|CHK|204|2|34|7|1|4|1|9|3|1|1|0
RZ1|205|2|Don|5|6|5|6|1|1|1|0|0
RZ1|CHK|205|2|34|7|1|4|1|9|3|1|1|0
RZ1|206|2|Don|5|7|5|7|1|1|1|0|0
RZ1|CHK|206|2|34|7|1|4|1|9|3|1|1|0
RZ1|207|2|Don|5|8|5|8|1|1|1|0|0
RZ1|CHK|207|2|34|7|1|4|1|9|3|1|1|0
[Opponent] Deploy Kaido ["ST04-003">ST04-003]
RZ1|208|2|ST04-003|1|3|2|1|1|1|0|0|0
RZ1|CHK|208|2|34|6|2|4|1|9|3|1|1|0
RZ1|209|2|Don|5|1|4|1|1|1|0|0|0
RZ1|CHK|209|2|34|6|2|4|2|8|3|1|1|0
RZ1|210|2|Don|5|1|4|2|1|1|0|0|0
RZ1|CHK|210|2|34|6|2|4|3|7|3|1|1|0
RZ1|211|2|Don|5|1|4|3|1|1|0|0|0
RZ1|CHK|211|2|34|6|2|4|4|6|3|1|1|0
RZ1|212|2|Don|5|1|4|4|1|1|0|0|0
RZ1|CHK|212|2|34|6|2|4|5|5|3|1|1|0
RZ1|213|2|Don|5|1|4|5|1|1|0|0|0
RZ1|CHK|213|2|34|6|2|4|6|4|3|1|1|0
[Opponent] Kaido ["ST04-003">ST04-003]: Minus 5 Don
[Opponent] Kaido ["ST04-003">ST04-003]: Destroy Charlotte Cracker ["ST34-002">ST34-002]
RZ1|214|1|Don|5|0|4|4|1|1|0|0|0
RZ1|CHK|214|1|35|6|4|3|5|4|2|0|1|1
[You] Nola ["OP15-069">OP15-069]: Minus 1 Don
[You] Nola ["OP15-069">OP15-069]: Prevent Effect To Charlotte Cracker ["ST34-002">ST34-002]
[Opponent] Kaido ["ST04-003">ST04-003]: Give Kaido ["ST04-003">ST04-003] Rush
[Opponent] Kaido ["ST04-001">ST04-001] attacking Charlotte Katakuri ["OP11-062">OP11-062]
RZ1|215|1|Don|5|0|4|5|1|1|0|0|0
RZ1|CHK|215|1|35|6|4|3|6|3|2|0|1|1
[You] Charlotte Katakuri ["OP11-062">OP11-062]: Minus 1 Don
[You] Charlotte Katakuri ["OP11-062">OP11-062]: <b>Looked at opponent's top deck</b>
[You] Charlotte Katakuri ["OP11-062">OP11-062]: <b>Finished looking at opponent's top deck</b>
[You] Charlotte Katakuri ["OP11-062">OP11-062]: Buff Charlotte Katakuri ["OP11-062">OP11-062] 1000 for the Combat
Kaido ["ST04-001">ST04-001][5000] vs Charlotte Katakuri ["OP11-062">OP11-062][6000]
Attack Fails
[Opponent] Kaido ["ST04-003">ST04-003] attacking Charlotte Katakuri ["OP11-062">OP11-062]
Kaido ["ST04-003">ST04-003][10000] vs Charlotte Katakuri ["OP11-062">OP11-062][5000]
Charlotte Katakuri ["OP11-062">OP11-062] hit for 1 damage
RZ1|216|1|OP11-070|3|2|1|6|1|1|0|0|0
RZ1|CHK|216|1|35|7|4|2|6|3|2|0|1|1
[Opponent] Onigashima Island ["ST04-017">ST04-017]: Rest Onigashima Island ["ST04-017">ST04-017]
Onigashima Island ["ST04-017">ST04-017]: Draw 1 Rested Don
RZ1|217|2|Don|4|5|5|0|1|1|1|0|0
RZ1|CHK|217|2|34|6|2|4|5|5|3|1|1|0
[] Hand: [OP07-066,ST04-014,ST04-005,OP08-074,ST04-016,OP01-119]
[] Board: [ST04-005,ST04-003]
[] Trash: [OP07-066,ST04-017,OP08-066]
[] Life: 4
[] Hand: [ST34-002,ST34-001,ST34-002,OP11-067,OP11-067,PRB02-010,OP11-070]
[] Trash: [OP07-077,OP15-069]
[] Board: [ST34-005,ST34-003,OP15-069,ST34-002]
[] Life: 2
[Opponent] End Turn
[] Hand: [ST34-002,ST34-001,ST34-002,OP11-067,OP11-067,PRB02-010,OP11-070]
[] Board: [ST34-005,ST34-003,OP15-069,ST34-002]
[] Trash: [OP07-077,OP15-069]
[] Life: 2
[] Hand: [OP07-066,ST04-014,ST04-005,OP08-074,ST04-016,OP01-119]
[] Trash: [OP07-066,ST04-017,OP08-066]
[] Board: [ST04-005,ST04-003]
[] Life: 4
RZ1|218|1|Don|9|0|5|0|1|1|1|0|0
RZ1|CHK|218|1|35|7|4|2|6|4|2|0|1|0
[You] Draw 1 Card
[] Drew card from deck: Charlotte Linlin ["OP11-073">OP11-073]
RZ1|219|1|OP11-073|0|34|1|7|1|1|0|0|0
RZ1|CHK|219|1|34|8|4|2|6|4|2|0|1|0
RZ1|220|1|Don|4|5|5|4|1|1|0|0|0
RZ1|CHK|220|1|34|8|4|2|5|5|2|0|1|0
RZ1|221|1|Don|4|4|5|5|1|1|0|0|0
RZ1|CHK|221|1|34|8|4|2|4|6|2|0|1|0
[You] Draw 2 Don
RZ1|222|1|Don|5|0|5|0|1|1|1|0|0
RZ1|CHK|222|1|34|8|4|2|4|6|2|0|1|0
RZ1|223|1|Don|5|1|5|1|1|1|1|0|0
RZ1|CHK|223|1|34|8|4|2|4|6|2|0|1|0
RZ1|224|1|Don|5|2|5|2|1|1|1|0|0
RZ1|CHK|224|1|34|8|4|2|4|6|2|0|1|0
RZ1|225|1|Don|5|3|5|3|1|1|1|0|0
RZ1|CHK|225|1|34|8|4|2|4|6|2|0|1|0
RZ1|226|1|Don|5|4|5|4|1|1|1|0|0
RZ1|CHK|226|1|34|8|4|2|4|6|2|0|1|0
[You] Deploy Charlotte Katakuri ["ST34-001">ST34-001]
RZ1|227|1|ST34-001|1|1|2|4|1|1|0|0|0
RZ1|CHK|227|1|34|7|5|2|4|6|2|0|1|0
RZ1|228|1|Don|5|5|9|0|1|1|0|0|0
RZ1|CHK|228|1|34|7|5|2|4|5|2|0|1|1
[You] Attach 1 Don to Baron Tamago & Pekoms ["ST34-005">ST34-005] (1 Total)
[You] Charlotte Katakuri ["OP11-062">OP11-062] attacking Kaido ["ST04-001">ST04-001]
RZ1|229|1|Don|5|0|4|4|1|1|0|0|0
RZ1|CHK|229|1|34|7|5|2|5|4|2|0|1|1
[You] Charlotte Katakuri ["OP11-062">OP11-062]: Minus 1 Don
[You] Charlotte Katakuri ["OP11-062">OP11-062]: <b>Looked at opponent's top deck</b>
[You] Charlotte Katakuri ["OP11-062">OP11-062]: <b>Finished looking at opponent's top deck</b>
[You] Charlotte Katakuri ["OP11-062">OP11-062]: Buff Charlotte Katakuri ["OP11-062">OP11-062] 1000 for the Combat
Charlotte Katakuri ["ST34-001">ST34-001]: Draw 1 Rested Don
RZ1|230|1|Don|4|4|5|0|1|1|1|0|0
RZ1|CHK|230|1|34|7|5|2|4|5|2|0|1|1
Charlotte Katakuri ["ST34-001">ST34-001]: Draw 1 Rested Don
RZ1|231|1|Don|4|3|5|0|1|1|1|0|0
RZ1|CHK|231|1|34|7|5|2|3|6|2|0|1|1
Charlotte Katakuri ["OP11-062">OP11-062][6000] vs Kaido ["ST04-001">ST04-001][5000]
Kaido ["ST04-001">ST04-001] hit for 1 damage
RZ1|232|2|OP08-076|3|3|1|6|1|1|0|0|0
RZ1|CHK|232|2|34|7|2|3|5|5|3|1|1|0
[Opponent] It's To Die For...! ["OP08-076">OP08-076]: Activate Trigger
RZ1|233|2|OP08-076|1|6|6|3|1|1|0|0|0
RZ1|CHK|233|2|34|6|2|3|5|5|4|1|1|0
It's To Die For...! ["OP08-076">OP08-076]: Draw 1 Don
RZ1|234|2|Don|4|4|5|5|1|1|0|0|0
RZ1|CHK|234|2|34|6|2|3|4|6|4|1|1|0
[] Hand: [ST34-002,ST34-002,OP11-067,OP11-067,PRB02-010,OP11-070,OP11-073]
[] Board: [ST34-005,ST34-003,OP15-069,ST34-002,ST34-001]
[] Trash: [OP07-077,OP15-069]
[] Life: 2
[] Hand: [OP07-066,ST04-014,ST04-005,OP08-074,ST04-016,OP01-119]
[] Trash: [OP07-066,ST04-017,OP08-066,OP08-076]
[] Board: [ST04-005,ST04-003]
[] Life: 3
[You] End Turn
[] Hand: [OP07-066,ST04-014,ST04-005,OP08-074,ST04-016,OP01-119]
[] Board: [ST04-005,ST04-003]
[] Trash: [OP07-066,ST04-017,OP08-066,OP08-076]
[] Life: 3
[] Hand: [ST34-002,ST34-002,OP11-067,OP11-067,PRB02-010,OP11-070,OP11-073]
[] Trash: [OP07-077,OP15-069]
[] Board: [ST34-005,ST34-003,OP15-069,ST34-002,ST34-001]
[] Life: 2
[Opponent] Draw 1 Card
[] Drew card from deck: We're Going to Claim the One Piece!!! ["OP07-077">OP07-077]
RZ1|235|2|OP07-077|0|33|1|6|1|1|0|0|0
RZ1|CHK|235|2|33|7|2|3|4|6|4|1|1|0
RZ1|236|2|Don|4|3|5|6|1|1|0|0|0
RZ1|CHK|236|2|33|7|2|3|3|7|4|1|1|0
RZ1|237|2|Don|4|2|5|7|1|1|0|0|0
RZ1|CHK|237|2|33|7|2|3|2|8|4|1|1|0
[Opponent] Draw 2 Don
RZ1|238|2|Don|5|0|5|0|1|1|1|0|0
RZ1|CHK|238|2|33|7|2|3|2|8|4|1|1|0
RZ1|239|2|Don|5|1|5|1|1|1|1|0|0
RZ1|CHK|239|2|33|7|2|3|2|8|4|1|1|0
RZ1|240|2|Don|5|2|5|2|1|1|1|0|0
RZ1|CHK|240|2|33|7|2|3|2|8|4|1|1|0
[Opponent] Deploy Black Maria ["OP08-074">OP08-074]
RZ1|241|2|OP08-074|1|3|2|2|1|1|0|0|0
RZ1|CHK|241|2|33|6|3|3|2|8|4|1|1|0
RZ1|242|2|Don|5|3|5|3|1|1|1|0|0
RZ1|CHK|242|2|33|6|3|3|2|8|4|1|1|0
RZ1|243|2|Don|5|4|5|4|1|1|1|0|0
RZ1|CHK|243|2|33|6|3|3|2|8|4|1|1|0
RZ1|244|2|Don|5|5|5|5|1|1|1|0|0
RZ1|CHK|244|2|33|6|3|3|2|8|4|1|1|0
RZ1|245|2|Don|5|6|5|6|1|1|1|0|0
RZ1|CHK|245|2|33|6|3|3|2|8|4|1|1|0
RZ1|246|2|Don|5|7|5|7|1|1|1|0|0
RZ1|CHK|246|2|33|6|3|3|2|8|4|1|1|0
[Opponent] Deploy Queen ["ST04-005">ST04-005]
RZ1|247|2|ST04-005|1|2|2|3|1|1|0|0|0
RZ1|CHK|247|2|33|5|4|3|2|8|4|1|1|0
RZ1|248|2|Don|5|1|4|2|1|1|0|0|0
RZ1|CHK|248|2|33|5|4|3|3|7|4|1|1|0
[Opponent] Queen ["ST04-005">ST04-005]: Minus 1 Don
[] Drew card from deck: Black Maria ["OP08-074">OP08-074]
RZ1|249|2|OP08-074|0|32|1|5|1|1|0|0|0
RZ1|CHK|249|2|32|6|4|3|3|7|4|1|1|0
[] Drew card from deck: Sanji & Pudding ["EB02-035">EB02-035]
RZ1|250|2|EB02-035|0|31|1|6|1|1|0|0|0
RZ1|CHK|250|2|31|7|4|3|3|7|4|1|1|0
[Opponent] Queen ["ST04-005">ST04-005]: Draw 2 Card
RZ1|251|2|ST04-014|1|1|6|4|1|1|0|0|0
RZ1|CHK|251|2|31|6|4|3|3|7|5|1|1|0
[Opponent] Queen ["ST04-005">ST04-005]: Trash Lead Performer "Disaster" ["ST04-014">ST04-014]
RZ1|252|2|Don|5|6|4|3|1|1|0|0|0
RZ1|CHK|252|2|31|6|4|3|4|6|5|1|1|0
RZ1|253|2|Don|5|5|4|4|1|1|0|0|0
RZ1|CHK|253|2|31|6|4|3|5|5|5|1|1|0
RZ1|254|2|Don|5|4|4|5|1|1|0|0|0
RZ1|CHK|254|2|31|6|4|3|6|4|5|1|1|0
RZ1|255|2|Don|5|3|4|6|1|1|0|0|0
RZ1|CHK|255|2|31|6|4|3|7|3|5|1|1|0
RZ1|256|2|Don|5|2|4|7|1|1|0|0|0
RZ1|CHK|256|2|31|6|4|3|8|2|5|1|1|0
RZ1|257|2|Don|5|1|4|8|1|1|0|0|0
RZ1|CHK|257|2|31|6|4|3|9|1|5|1|1|0
RZ1|258|2|Don|5|0|4|9|1|1|0|0|0
RZ1|CHK|258|2|31|6|4|3|10|0|5|1|1|0
[Opponent] Kaido ["ST04-001">ST04-001]: Minus 7 Don
[Opponent] Kaido ["ST04-001">ST04-001]: Trash 1 Life
[Opponent] Trash Baron Tamago & Pekoms ["ST34-005">ST34-005] from Life
RZ1|259|1|ST34-005|3|1|6|2|1|1|0|0|0
RZ1|CHK|259|1|34|7|5|1|3|6|3|0|1|1
[Opponent] Kaido ["ST04-001">ST04-001] attacking Charlotte Katakuri ["OP11-062">OP11-062]
RZ1|260|1|Don|5|0|4|3|1|1|0|0|0
RZ1|CHK|260|1|34|7|5|1|4|5|3|0|1|1
[You] Charlotte Katakuri ["OP11-062">OP11-062]: Minus 1 Don
[You] Charlotte Katakuri ["OP11-062">OP11-062]: <b>Looked at opponent's top deck</b>
[You] Charlotte Katakuri ["OP11-062">OP11-062]: <b>Finished looking at opponent's top deck</b>
[You] Charlotte Katakuri ["OP11-062">OP11-062]: Buff Charlotte Katakuri ["OP11-062">OP11-062] 1000 for the Combat
Kaido ["ST04-001">ST04-001][5000] vs Charlotte Katakuri ["OP11-062">OP11-062][6000]
Attack Fails
[Opponent] Kaido ["ST04-003">ST04-003] attacking Charlotte Katakuri ["OP11-062">OP11-062]
Kaido ["ST04-003">ST04-003][10000] vs Charlotte Katakuri ["OP11-062">OP11-062][5000]
Charlotte Katakuri ["OP11-062">OP11-062] hit for 1 damage
RZ1|261|1|ST34-003|3|0|1|7|1|1|0|0|0
RZ1|CHK|261|1|34|8|5|0|4|5|3|0|1|1
[Opponent] Onigashima Island ["ST04-017">ST04-017]: Rest Onigashima Island ["ST04-017">ST04-017]
Onigashima Island ["ST04-017">ST04-017]: Draw 1 Rested Don
RZ1|262|2|Don|4|9|5|0|1|1|1|0|0
RZ1|CHK|262|2|31|6|4|3|9|1|5|1|1|0
Black Maria ["OP08-074">OP08-074]: Draw 5 Rested Don
RZ1|263|2|Don|4|8|5|0|1|1|1|0|0
RZ1|CHK|263|2|31|6|4|3|8|2|5|1|1|0
RZ1|264|2|Don|4|7|5|0|1|1|1|0|0
RZ1|CHK|264|2|31|6|4|3|7|3|5|1|1|0
RZ1|265|2|Don|4|6|5|0|1|1|1|0|0
RZ1|CHK|265|2|31|6|4|3|6|4|5|1|1|0
RZ1|266|2|Don|4|5|5|0|1|1|1|0|0
RZ1|CHK|266|2|31|6|4|3|5|5|5|1|1|0
RZ1|267|2|Don|4|4|5|0|1|1|1|0|0
RZ1|CHK|267|2|31|6|4|3|4|6|5|1|1|0
[] Hand: [OP07-066,ST04-016,OP01-119,OP07-077,OP08-074,EB02-035]
[] Board: [ST04-005,ST04-003,OP08-074,ST04-005]
[] Trash: [OP07-066,ST04-017,OP08-066,OP08-076,ST04-014]
[] Life: 3
[] Hand: [ST34-002,ST34-002,OP11-067,OP11-067,PRB02-010,OP11-070,OP11-073,ST34-003]
[] Trash: [OP07-077,OP15-069,ST34-005]
[] Board: [ST34-005,ST34-003,OP15-069,ST34-002,ST34-001]
[] Life: 0
[Opponent] End Turn
[] Hand: [ST34-002,ST34-002,OP11-067,OP11-067,PRB02-010,OP11-070,OP11-073,ST34-003]
[] Board: [ST34-005,ST34-003,OP15-069,ST34-002,ST34-001]
[] Trash: [OP07-077,OP15-069,ST34-005]
[] Life: 0
[] Hand: [OP07-066,ST04-016,OP01-119,OP07-077,OP08-074,EB02-035]
[] Trash: [OP07-066,ST04-017,OP08-066,OP08-076,ST04-014]
[] Board: [ST04-005,ST04-003,OP08-074,ST04-005]
[] Life: 3
RZ1|268|1|Don|9|0|5|0|1|1|1|0|0
RZ1|CHK|268|1|34|8|5|0|4|6|3|0|1|0
[You] Draw 1 Card
[] Drew card from deck: Charlotte Katakuri ["ST34-001">ST34-001]
RZ1|269|1|ST34-001|0|33|1|8|1|1|0|0|0
RZ1|CHK|269|1|33|9|5|0|4|6|3|0|1|0
RZ1|270|1|Don|4|3|5|6|1|1|0|0|0
RZ1|CHK|270|1|33|9|5|0|3|7|3|0|1|0
RZ1|271|1|Don|4|2|5|7|1|1|0|0|0
RZ1|CHK|271|1|33|9|5|0|2|8|3|0|1|0
[You] Draw 2 Don
[] Hand: [ST34-002,ST34-002,OP11-067,OP11-067,PRB02-010,OP11-070,OP11-073,ST34-003,ST34-001]
[] Board: [ST34-005,ST34-003,OP15-069,ST34-002,ST34-001]
[] Trash: [OP07-077,OP15-069,ST34-005]
[] Life: 0
[] Hand: [OP07-066,ST04-016,OP01-119,OP07-077,OP08-074,EB02-035]
[] Trash: [OP07-066,ST04-017,OP08-066,OP08-076,ST04-014]
[] Board: [ST04-005,ST04-003,OP08-074,ST04-005]
[] Life: 3
[You] End Turn
[] Hand: [OP07-066,ST04-016,OP01-119,OP07-077,OP08-074,EB02-035]
[] Board: [ST04-005,ST04-003,OP08-074,ST04-005]
[] Trash: [OP07-066,ST04-017,OP08-066,OP08-076,ST04-014]
[] Life: 3
[] Hand: [ST34-002,ST34-002,OP11-067,OP11-067,PRB02-010,OP11-070,OP11-073,ST34-003,ST34-001]
[] Trash: [OP07-077,OP15-069,ST34-005]
[] Board: [ST34-005,ST34-003,OP15-069,ST34-002,ST34-001]
[] Life: 0
[Opponent] Draw 1 Card
[] Drew card from deck: Magellan ["OP02-085">OP02-085]
RZ1|272|2|OP02-085|0|30|1|6|1|1|0|0|0
RZ1|CHK|272|2|30|7|4|3|4|6|5|1|1|0
RZ1|273|2|Don|4|3|5|6|1|1|0|0|0
RZ1|CHK|273|2|30|7|4|3|3|7|5|1|1|0
RZ1|274|2|Don|4|2|5|7|1|1|0|0|0
RZ1|CHK|274|2|30|7|4|3|2|8|5|1|1|0
[Opponent] Draw 2 Don
[Opponent] Kaido ["ST04-003">ST04-003] attacking Charlotte Katakuri ["OP11-062">OP11-062]
RZ1|275|1|Don|5|0|4|2|1|1|0|0|0
RZ1|CHK|275|1|33|9|5|0|3|7|3|0|1|0
[You] Charlotte Katakuri ["OP11-062">OP11-062]: Minus 1 Don
[You] Charlotte Katakuri ["OP11-062">OP11-062]: <b>Looked at opponent's top deck</b>
[You] Charlotte Katakuri ["OP11-062">OP11-062]: <b>Finished looking at opponent's top deck</b>
[You] Charlotte Katakuri ["OP11-062">OP11-062]: Buff Charlotte Katakuri ["OP11-062">OP11-062] 1000 for the Combat
[You] Discard Charlotte Pudding ["OP11-070">OP11-070] for Counter 1000
RZ1|276|1|OP11-070|1|5|6|3|1|1|0|0|0
RZ1|CHK|276|1|33|8|5|0|3|7|4|0|1|0
[You] Discard Charlotte Brulee ["ST34-003">ST34-003] for Counter 2000
RZ1|277|1|ST34-003|1|6|6|4|1|1|0|0|0
RZ1|CHK|277|1|33|7|5|0|3|7|5|0|1|0
[You] Discard Charlotte Cracker ["ST34-002">ST34-002] for Counter 1000
RZ1|278|1|ST34-002|1|0|6|5|1|1|0|0|0
RZ1|CHK|278|1|33|6|5|0|3|7|6|0|1|0
[You] Discard Charlotte Cracker ["ST34-002">ST34-002] for Counter 1000
RZ1|279|1|ST34-002|1|0|6|6|1|1|0|0|0
RZ1|CHK|279|1|33|5|5|0|3|7|7|0|1|0
Kaido ["ST04-003">ST04-003][10000] vs Charlotte Katakuri ["OP11-062">OP11-062][11000]
Attack Fails
[Opponent] Attach 1 Don to Black Maria ["OP08-074">OP08-074] (1 Total)
RZ1|280|2|Don|5|7|9|200|1|1|0|0|0
RZ1|CHK|280|2|30|7|4|3|2|7|5|1|1|1
[Opponent] Attach 1 Don to Black Maria ["OP08-074">OP08-074] (2 Total)
RZ1|281|2|Don|5|6|9|201|1|1|0|0|0
RZ1|CHK|281|2|30|7|4|3|2|6|5|1|1|2
[Opponent] Attach 1 Don to Black Maria ["OP08-074">OP08-074] (3 Total)
RZ1|282|2|Don|5|5|9|202|1|1|0|0|0
RZ1|CHK|282|2|30|7|4|3|2|5|5|1|1|3
[Opponent] Black Maria ["OP08-074">OP08-074] attacking Charlotte Katakuri ["OP11-062">OP11-062]
[You] Discard Charlotte Pudding ["PRB02-010">PRB02-010] for Counter 1000
RZ1|283|1|PRB02-010|1|2|6|7|1|1|0|0|0
RZ1|CHK|283|1|33|4|5|0|3|7|8|0|1|0
Black Maria ["OP08-074">OP08-074][5000] vs Charlotte Katakuri ["OP11-062">OP11-062][6000]
Attack Fails
[Opponent] Queen ["ST04-005">ST04-005] attacking Charlotte Katakuri ["OP11-062">OP11-062]
Queen ["ST04-005">ST04-005][6000] vs Charlotte Katakuri ["OP11-062">OP11-062][5000]
Charlotte Katakuri ["OP11-062">OP11-062] hit for 1 damage
[You] <b>Downloaded the Combat Log!</b>
GameOver
