Version is 1.41b.40
[You] Leader is Charlotte Katakuri ["OP11-062">OP11-062]
RZ1|HDR|1.41b|2|RZ1
RZ1|PLY|1||OP11-062
RZ1|PLY|2||
[Opponent] Leader is Smoker ["OP02-093">OP02-093]
RZ1|1|2|OP02-098|0|8|0|0|0|0|0|0|0
RZ1|CHK|1|2|50|0|0|0|10|0|0|0|1|0
RZ1|2|2|OP10-098|0|45|0|1|0|0|0|0|0
RZ1|CHK|2|2|50|0|0|0|10|0|0|0|1|0
RZ1|3|2|ST19-002|0|32|0|2|0|0|0|0|0
RZ1|CHK|3|2|50|0|0|0|10|0|0|0|1|0
RZ1|4|2|OP03-089|0|24|0|3|0|0|0|0|0
RZ1|CHK|4|2|50|0|0|0|10|0|0|0|1|0
RZ1|5|2|EB02-050|0|41|0|4|0|0|0|0|0
RZ1|CHK|5|2|50|0|0|0|10|0|0|0|1|0
RZ1|6|2|OP02-098|0|14|0|5|0|0|0|0|0
RZ1|CHK|6|2|50|0|0|0|10|0|0|0|1|0
RZ1|7|2|ST19-003|0|38|0|6|0|0|0|0|0
RZ1|CHK|7|2|50|0|0|0|10|0|0|0|1|0
RZ1|8|2|OP03-078|0|24|0|7|0|0|0|0|0
RZ1|CHK|8|2|50|0|0|0|10|0|0|0|1|0
RZ1|9|2|OP02-106|0|18|0|8|0|0|0|0|0
RZ1|CHK|9|2|50|0|0|0|10|0|0|0|1|0
RZ1|10|2|EB02-044|0|11|0|9|0|0|0|0|0
RZ1|CHK|10|2|50|0|0|0|10|0|0|0|1|0
RZ1|11|2|ST06-006|0|32|0|10|0|0|0|0|0
RZ1|CHK|11|2|50|0|0|0|10|0|0|0|1|0
RZ1|12|2|OP02-114|0|22|0|11|0|0|0|0|0
RZ1|CHK|12|2|50|0|0|0|10|0|0|0|1|0
RZ1|13|2|OP02-096|0|16|0|12|0|0|0|0|0
RZ1|CHK|13|2|50|0|0|0|10|0|0|0|1|0
RZ1|14|2|OP02-110|0|22|0|13|0|0|0|0|0
RZ1|CHK|14|2|50|0|0|0|10|0|0|0|1|0
RZ1|15|2|OP05-091|0|29|0|14|0|0|0|0|0
RZ1|CHK|15|2|50|0|0|0|10|0|0|0|1|0
RZ1|16|2|ST06-017|0|49|0|15|0|0|0|0|0
RZ1|CHK|16|2|50|0|0|0|10|0|0|0|1|0
RZ1|17|2|OP03-089|0|28|0|16|0|0|0|0|0
RZ1|CHK|17|2|50|0|0|0|10|0|0|0|1|0
RZ1|18|2|OP02-098|0|23|0|17|0|0|0|0|0
RZ1|CHK|18|2|50|0|0|0|10|0|0|0|1|0
RZ1|19|2|OP02-098|0|23|0|18|0|0|0|0|0
RZ1|CHK|19|2|50|0|0|0|10|0|0|0|1|0
RZ1|20|2|ST06-006|0|34|0|19|0|0|0|0|0
RZ1|CHK|20|2|50|0|0|0|10|0|0|0|1|0
RZ1|21|2|ST06-008|0|35|0|20|0|0|0|0|0
RZ1|CHK|21|2|50|0|0|0|10|0|0|0|1|0
RZ1|22|2|OP02-119|0|45|0|21|0|0|0|0|0
RZ1|CHK|22|2|50|0|0|0|10|0|0|0|1|0
RZ1|23|2|OP02-114|0|29|0|22|0|0|0|0|0
RZ1|CHK|23|2|50|0|0|0|10|0|0|0|1|0
RZ1|24|2|OP05-091|0|33|0|23|0|0|0|0|0
RZ1|CHK|24|2|50|0|0|0|10|0|0|0|1|0
RZ1|25|2|OP02-106|0|29|0|24|0|0|0|0|0
RZ1|CHK|25|2|50|0|0|0|10|0|0|0|1|0
RZ1|26|2|OP02-110|0|30|0|25|0|0|0|0|0
RZ1|CHK|26|2|50|0|0|0|10|0|0|0|1|0
RZ1|27|2|OP02-096|0|30|0|26|0|0|0|0|0
RZ1|CHK|27|2|50|0|0|0|10|0|0|0|1|0
RZ1|28|2|ST19-003|0|40|0|27|0|0|0|0|0
RZ1|CHK|28|2|50|0|0|0|10|0|0|0|1|0
RZ1|29|2|OP02-121|0|32|0|28|0|0|0|0|0
RZ1|CHK|29|2|50|0|0|0|10|0|0|0|1|0
RZ1|30|2|ST06-006|0|36|0|29|0|0|0|0|0
RZ1|CHK|30|2|50|0|0|0|10|0|0|0|1|0
RZ1|31|2|ST06-006|0|37|0|30|0|0|0|0|0
RZ1|CHK|31|2|50|0|0|0|10|0|0|0|1|0
RZ1|32|2|ST19-002|0|40|0|31|0|0|0|0|0
RZ1|CHK|32|2|50|0|0|0|10|0|0|0|1|0
RZ1|33|2|EB02-044|0|34|0|32|0|0|0|0|0
RZ1|CHK|33|2|50|0|0|0|10|0|0|0|1|0
RZ1|34|2|OP02-121|0|36|0|33|0|0|0|0|0
RZ1|CHK|34|2|50|0|0|0|10|0|0|0|1|0
RZ1|35|2|ST19-002|0|40|0|34|0|0|0|0|0
RZ1|CHK|35|2|50|0|0|0|10|0|0|0|1|0
RZ1|36|2|ST06-016|0|47|0|35|0|0|0|0|0
RZ1|CHK|36|2|50|0|0|0|10|0|0|0|1|0
RZ1|37|2|OP07-085|0|40|0|37|0|0|0|0|0
RZ1|CHK|37|2|50|0|0|0|10|0|0|0|1|0
RZ1|38|2|OP02-119|0|46|0|38|0|0|0|0|0
RZ1|CHK|38|2|50|0|0|0|10|0|0|0|1|0
RZ1|39|2|OP03-097|0|47|0|39|0|0|0|0|0
RZ1|CHK|39|2|50|0|0|0|10|0|0|0|1|0
RZ1|40|2|OP02-096|0|41|0|40|0|0|0|0|0
RZ1|CHK|40|2|50|0|0|0|10|0|0|0|1|0
RZ1|41|2|ST19-004|0|46|0|41|0|0|0|0|0
RZ1|CHK|41|2|50|0|0|0|10|0|0|0|1|0
RZ1|42|2|ST06-017|0|49|0|42|0|0|0|0|0
RZ1|CHK|42|2|50|0|0|0|10|0|0|0|1|0
RZ1|43|2|EB02-050|0|48|0|43|0|0|0|0|0
RZ1|CHK|43|2|50|0|0|0|10|0|0|0|1|0
RZ1|44|2|ST06-016|0|49|0|44|0|0|0|0|0
RZ1|CHK|44|2|50|0|0|0|10|0|0|0|1|0
RZ1|45|2|OP03-089|0|46|0|45|0|0|0|0|0
RZ1|CHK|45|2|50|0|0|0|10|0|0|0|1|0
RZ1|46|2|ST19-002|0|47|0|46|0|0|0|0|0
RZ1|CHK|46|2|50|0|0|0|10|0|0|0|1|0
[] Drew card from deck: We're Going to Claim the One Piece!!! ["OP07-077">OP07-077]
RZ1|47|1|OP07-077|0|49|1|0|1|1|0|0|0
RZ1|CHK|47|1|49|1|0|0|10|0|0|0|1|0
[] Drew card from deck: Charlotte Brulee ["ST34-003">ST34-003]
RZ1|48|1|ST34-003|0|48|1|1|1|1|0|0|0
RZ1|CHK|48|1|48|2|0|0|10|0|0|0|1|0
[] Drew card from deck: Charlotte Linlin ["OP11-073">OP11-073]
RZ1|49|1|OP11-073|0|47|1|2|1|1|0|0|0
RZ1|CHK|49|1|47|3|0|0|10|0|0|0|1|0
[] Drew card from deck: Charlotte Katakuri ["OP11-067">OP11-067]
RZ1|50|1|OP11-067|0|46|1|3|1|1|0|0|0
RZ1|CHK|50|1|46|4|0|0|10|0|0|0|1|0
[] Drew card from deck: Mamaragan ["OP15-078">OP15-078]
RZ1|51|1|OP15-078|0|45|1|4|1|1|0|0|0
RZ1|CHK|51|1|45|5|0|0|10|0|0|0|1|0
[] Drew card from deck: Tashigi ["ST19-003">ST19-003]
RZ1|52|2|ST19-003|0|49|1|0|1|1|0|0|0
RZ1|CHK|52|2|49|1|0|0|10|0|0|0|1|0
[] Drew card from deck: Tashigi ["ST19-003">ST19-003]
RZ1|53|2|ST19-003|0|48|1|1|1|1|0|0|0
RZ1|CHK|53|2|48|2|0|0|10|0|0|0|1|0
[] Drew card from deck: T Bone ["EB01-049">EB01-049]
RZ1|54|2|EB01-049|0|47|1|2|1|1|0|0|0
RZ1|CHK|54|2|47|3|0|0|10|0|0|0|1|0
[] Drew card from deck: Sengoku ["ST19-002">ST19-002]
RZ1|55|2|ST19-002|0|46|1|3|1|1|0|0|0
RZ1|CHK|55|2|46|4|0|0|10|0|0|0|1|0
[] Drew card from deck: Brannew ["OP03-089">OP03-089]
RZ1|56|2|OP03-089|0|45|1|4|1|1|0|0|0
RZ1|CHK|56|2|45|5|0|0|10|0|0|0|1|0
RZ1|57|1|ST34-004|0|44|3|0|1|0|0|0|0
RZ1|CHK|57|1|44|5|0|1|10|0|0|0|1|0
RZ1|58|1|OP08-069|0|43|3|1|1|0|0|0|0
RZ1|CHK|58|1|43|5|0|2|10|0|0|0|1|0
RZ1|59|1|OP15-078|0|42|3|2|1|0|0|0|0
RZ1|CHK|59|1|42|5|0|3|10|0|0|0|1|0
RZ1|60|1|OP15-069|0|41|3|3|1|0|0|0|0
RZ1|CHK|60|1|41|5|0|4|10|0|0|0|1|0
RZ1|61|1|OP15-069|0|40|3|4|1|0|0|0|0
RZ1|CHK|61|1|40|5|0|5|10|0|0|0|1|0
RZ1|62|2|ST06-016|0|44|3|0|0|1|0|0|0
RZ1|CHK|62|2|44|5|0|1|10|0|0|0|1|0
RZ1|63|2|EB02-050|0|43|3|1|0|1|0|0|0
RZ1|CHK|63|2|43|5|0|2|10|0|0|0|1|0
RZ1|64|2|ST06-017|0|42|3|2|0|1|0|0|0
RZ1|CHK|64|2|42|5|0|3|10|0|0|0|1|0
RZ1|65|2|ST19-004|0|41|3|3|0|1|0|0|0
RZ1|CHK|65|2|41|5|0|4|10|0|0|0|1|0
RZ1|66|2|OP02-096|0|40|3|4|0|1|0|0|0
RZ1|CHK|66|2|40|5|0|5|10|0|0|0|1|0
[] Hand: [OP07-077,ST34-003,OP11-073,OP11-067,OP15-078]
[] Board: []
[] Trash: []
[] Life: 5
[] Hand: [ST19-003,ST19-003,EB01-049,ST19-002,OP03-089]
[] Trash: []
[] Board: []
[] Life: 5
RZ1|67|1|Don|4|9|5|0|1|1|0|0|0
RZ1|CHK|67|1|40|5|0|5|9|1|0|0|1|0
[You] Draw 1 Don
RZ1|68|1|Don|5|0|5|0|1|1|1|0|0
RZ1|CHK|68|1|40|5|0|5|9|1|0|0|1|0
[You] Deploy Charlotte Brulee ["ST34-003">ST34-003]
RZ1|69|1|ST34-003|1|1|2|0|1|1|0|0|0
RZ1|CHK|69|1|40|4|1|5|9|1|0|0|1|0
RZ1|70|1|OP11-070|0|39|1|4|1|1|0|0|0
RZ1|CHK|70|1|39|5|1|5|9|1|0|0|1|0
[You] Charlotte Brulee ["ST34-003">ST34-003]: <b>Reveal and Draw Charlotte Pudding ["OP11-070">OP11-070]</b>
[You] Placing Cards on Bottom of Deck
RZ1|71|1|ST34-004|0|38|0|0|0|0|0|0|0
RZ1|CHK|71|1|39|5|1|5|9|1|0|0|1|0
RZ1|72|1|ST34-005|0|38|0|0|0|0|0|0|0
RZ1|CHK|72|1|39|5|1|5|9|1|0|0|1|0
RZ1|73|1|OP15-078|1|3|6|0|1|1|0|0|0
RZ1|CHK|73|1|39|4|1|5|9|1|1|0|1|0
[] Hand: [OP07-077,OP11-073,OP11-067,OP11-070]
[] Board: [ST34-003]
[] Trash: [OP15-078]
[] Life: 5
[] Hand: [ST19-003,ST19-003,EB01-049,ST19-002,OP03-089]
[] Trash: []
[] Board: []
[] Life: 5
[You] End Turn
[] Hand: [ST19-003,ST19-003,EB01-049,ST19-002,OP03-089]
[] Board: []
[] Trash: []
[] Life: 5
[] Hand: [OP07-077,OP11-073,OP11-067,OP11-070]
[] Trash: [OP15-078]
[] Board: [ST34-003]
[] Life: 5
[Opponent] Draw 1 Card
[] Drew card from deck: Six King Pistol ["OP03-097">OP03-097]
RZ1|74|2|OP03-097|0|39|1|5|1|1|0|0|0
RZ1|CHK|74|2|39|6|0|5|10|0|0|0|1|0
RZ1|75|2|Don|4|9|5|0|1|1|0|0|0
RZ1|CHK|75|2|39|6|0|5|9|1|0|0|1|0
RZ1|76|2|Don|4|8|5|1|1|1|0|0|0
RZ1|CHK|76|2|39|6|0|5|8|2|0|0|1|0
[Opponent] Draw 2 Don
RZ1|77|2|Don|5|0|5|0|1|1|1|0|0
RZ1|CHK|77|2|39|6|0|5|8|2|0|0|1|0
RZ1|78|2|Don|5|1|5|1|1|1|1|0|0
RZ1|CHK|78|2|39|6|0|5|8|2|0|0|1|0
[Opponent] Deploy Brannew ["OP03-089">OP03-089]
RZ1|79|2|OP03-089|1|4|2|0|1|1|0|0|0
RZ1|CHK|79|2|39|5|1|5|8|2|0|0|1|0
RZ1|80|2|EB01-049|0|36|1|5|1|1|0|0|0
RZ1|CHK|80|2|38|6|1|5|8|2|0|0|1|0
[Opponent] Brannew ["OP03-089">OP03-089]: <b>Reveal and Draw T Bone ["EB01-049">EB01-049]</b>
[Opponent] Brannew ["OP03-089">OP03-089]: Trash 2 Remaining Cards
RZ1|81|2|OP02-119|0|37|6|0|1|1|0|0|0
RZ1|CHK|81|2|37|6|1|5|8|2|1|0|1|0
RZ1|82|2|OP07-085|0|36|6|1|1|1|0|0|0
RZ1|CHK|82|2|36|6|1|5|8|2|2|0|1|0
[] Hand: [ST19-003,ST19-003,EB01-049,ST19-002,OP03-097,EB01-049]
[] Board: [OP03-089]
[] Trash: [OP02-119,OP07-085]
[] Life: 5
[] Hand: [OP07-077,OP11-073,OP11-067,OP11-070]
[] Trash: [OP15-078]
[] Board: [ST34-003]
[] Life: 5
[Opponent] End Turn
[] Hand: [OP07-077,OP11-073,OP11-067,OP11-070]
[] Board: [ST34-003]
[] Trash: [OP15-078]
[] Life: 5
[] Hand: [ST19-003,ST19-003,EB01-049,ST19-002,OP03-097,EB01-049]
[] Trash: [OP02-119,OP07-085]
[] Board: [OP03-089]
[] Life: 5
[You] Draw 1 Card
[] Drew card from deck: Nola ["OP15-069">OP15-069]
RZ1|83|1|OP15-069|0|38|1|4|1|1|0|0|0
RZ1|CHK|83|1|38|5|1|5|9|1|1|0|1|0
RZ1|84|1|Don|4|8|5|1|1|1|0|0|0
RZ1|CHK|84|1|38|5|1|5|8|2|1|0|1|0
RZ1|85|1|Don|4|7|5|2|1|1|0|0|0
RZ1|CHK|85|1|38|5|1|5|7|3|1|0|1|0
[You] Draw 2 Don
RZ1|86|1|Don|5|0|5|0|1|1|1|0|0
RZ1|CHK|86|1|38|5|1|5|7|3|1|0|1|0
[You] Deploy Charlotte Pudding ["OP11-070">OP11-070]
RZ1|87|1|OP11-070|1|3|2|1|1|1|0|0|0
RZ1|CHK|87|1|38|4|2|5|7|3|1|0|1|0
RZ1|88|1|ST34-002|0|36|1|4|1|1|0|0|0
RZ1|CHK|88|1|37|5|2|5|7|3|1|0|1|0
[You] Charlotte Pudding ["OP11-070">OP11-070]: <b>Reveal and Draw Charlotte Cracker ["ST34-002">ST34-002]</b>
[You] Placing Cards on Bottom of Deck
RZ1|89|1|ST34-005|0|36|0|0|0|0|0|0|0
RZ1|CHK|89|1|37|5|2|5|7|3|1|0|1|0
RZ1|90|1|OP15-078|0|36|0|0|0|0|0|0|0
RZ1|CHK|90|1|37|5|2|5|7|3|1|0|1|0
RZ1|91|1|ST34-003|0|36|0|0|0|0|0|0|0
RZ1|CHK|91|1|37|5|2|5|7|3|1|0|1|0
RZ1|92|1|ST34-005|0|36|0|0|0|0|0|0|0
RZ1|CHK|92|1|37|5|2|5|7|3|1|0|1|0
[You] We're Going to Claim the One Piece!!! ["OP07-077">OP07-077]: Rest 1 Don
RZ1|93|1|Don|5|1|5|1|1|1|1|0|0
RZ1|CHK|93|1|37|5|2|5|7|3|1|0|1|0
RZ1|94|1|OP07-077|1|0|6|1|1|1|0|0|0
RZ1|CHK|94|1|37|4|2|5|7|3|2|0|1|0
RZ1|95|1|ST34-003|0|32|1|4|1|1|0|0|0
RZ1|CHK|95|1|36|5|2|5|7|3|2|0|1|0
[You] We're Going to Claim the One Piece!!! ["OP07-077">OP07-077]: <b>Reveal and Draw Charlotte Brulee ["ST34-003">ST34-003]</b>
[You] Placing Cards on Bottom of Deck
RZ1|96|1|ST34-001|0|35|0|0|0|0|0|0|0
RZ1|CHK|96|1|36|5|2|5|7|3|2|0|1|0
RZ1|97|1|PRB02-010|0|35|0|0|0|0|0|0|0
RZ1|CHK|97|1|36|5|2|5|7|3|2|0|1|0
RZ1|98|1|ST18-001|0|35|0|0|0|0|0|0|0
RZ1|CHK|98|1|36|5|2|5|7|3|2|0|1|0
RZ1|99|1|OP07-077|0|35|0|0|0|0|0|0|0
RZ1|CHK|99|1|36|5|2|5|7|3|2|0|1|0
RZ1|100|1|Don|5|2|5|2|1|1|1|0|0
RZ1|CHK|100|1|36|5|2|5|7|3|2|0|1|0
[You] Deploy Charlotte Brulee ["ST34-003">ST34-003]
RZ1|101|1|ST34-003|1|4|2|2|1|1|0|0|0
RZ1|CHK|101|1|36|4|3|5|7|3|2|0|1|0
RZ1|102|1|OP11-070|0|34|1|4|1|1|0|0|0
RZ1|CHK|102|1|35|5|3|5|7|3|2|0|1|0
[You] Charlotte Brulee ["ST34-003">ST34-003]: <b>Reveal and Draw Charlotte Pudding ["OP11-070">OP11-070]</b>
[You] Placing Cards on Bottom of Deck
RZ1|103|1|PRB02-010|0|34|0|0|0|0|0|0|0
RZ1|CHK|103|1|35|5|3|5|7|3|2|0|1|0
RZ1|104|1|OP11-067|0|34|0|0|0|0|0|0|0
RZ1|CHK|104|1|35|5|3|5|7|3|2|0|1|0
[You] Charlotte Katakuri ["OP11-062">OP11-062] attacking Smoker ["OP02-093">OP02-093]
Charlotte Katakuri ["OP11-062">OP11-062][5000] vs Smoker ["OP02-093">OP02-093][5000]
Smoker ["OP02-093">OP02-093] hit for 1 damage
RZ1|105|2|OP02-096|3|4|1|6|1|1|0|0|0
RZ1|CHK|105|2|36|7|1|4|8|2|2|0|1|0
[] Hand: [OP11-073,OP11-067,OP15-069,ST34-002,OP11-070]
[] Board: [ST34-003,OP11-070,ST34-003]
[] Trash: [OP15-078,OP07-077]
[] Life: 5
[] Hand: [ST19-003,ST19-003,EB01-049,ST19-002,OP03-097,EB01-049,OP02-096]
[] Trash: [OP02-119,OP07-085]
[] Board: [OP03-089]
[] Life: 4
[You] End Turn
[] Hand: [ST19-003,ST19-003,EB01-049,ST19-002,OP03-097,EB01-049,OP02-096]
[] Board: [OP03-089]
[] Trash: [OP02-119,OP07-085]
[] Life: 4
[] Hand: [OP11-073,OP11-067,OP15-069,ST34-002,OP11-070]
[] Trash: [OP15-078,OP07-077]
[] Board: [ST34-003,OP11-070,ST34-003]
[] Life: 5
[Opponent] Draw 1 Card
[] Drew card from deck: White Out ["ST06-016">ST06-016]
RZ1|106|2|ST06-016|0|35|1|7|1|1|0|0|0
RZ1|CHK|106|2|35|8|1|4|8|2|2|0|1|0
RZ1|107|2|Don|4|7|5|2|1|1|0|0|0
RZ1|CHK|107|2|35|8|1|4|7|3|2|0|1|0
RZ1|108|2|Don|4|6|5|3|1|1|0|0|0
RZ1|CHK|108|2|35|8|1|4|6|4|2|0|1|0
[Opponent] Draw 2 Don
RZ1|109|2|Don|5|0|5|0|1|1|1|0|0
RZ1|CHK|109|2|35|8|1|4|6|4|2|0|1|0
RZ1|110|2|Don|5|1|5|1|1|1|1|0|0
RZ1|CHK|110|2|35|8|1|4|6|4|2|0|1|0
RZ1|111|2|Don|5|2|5|2|1|1|1|0|0
RZ1|CHK|111|2|35|8|1|4|6|4|2|0|1|0
RZ1|112|2|Don|5|3|5|3|1|1|1|0|0
RZ1|CHK|112|2|35|8|1|4|6|4|2|0|1|0
[Opponent] Deploy Kuzan ["OP02-096">OP02-096]
RZ1|113|2|OP02-096|1|6|2|1|1|1|0|0|0
RZ1|CHK|113|2|35|7|2|4|6|4|2|0|1|0
[] Drew card from deck: Sengoku ["ST19-002">ST19-002]
RZ1|114|2|ST19-002|0|34|1|7|1|1|0|0|0
RZ1|CHK|114|2|34|8|2|4|6|4|2|0|1|0
[Opponent] Kuzan ["OP02-096">OP02-096]: Draw 1 Card
[Opponent] Smoker ["OP02-093">OP02-093] attacking Charlotte Katakuri ["OP11-062">OP11-062]
RZ1|115|1|Don|5|0|4|7|1|1|0|0|0
RZ1|CHK|115|1|35|5|3|5|8|2|2|0|1|0
[You] Charlotte Katakuri ["OP11-062">OP11-062]: Minus 1 Don
[You] Charlotte Katakuri ["OP11-062">OP11-062]: <b>Looked at opponent's top deck</b>
[You] Charlotte Katakuri ["OP11-062">OP11-062]: <b>Finished looking at opponent's top deck</b>
[You] Charlotte Katakuri ["OP11-062">OP11-062]: Buff Charlotte Katakuri ["OP11-062">OP11-062] 1000 for the Combat
Smoker ["OP02-093">OP02-093][5000] vs Charlotte Katakuri ["OP11-062">OP11-062][6000]
Attack Fails
[] Hand: [ST19-003,ST19-003,EB01-049,ST19-002,OP03-097,EB01-049,ST06-016,ST19-002]
[] Board: [OP03-089,OP02-096]
[] Trash: [OP02-119,OP07-085]
[] Life: 4
[] Hand: [OP11-073,OP11-067,OP15-069,ST34-002,OP11-070]
[] Trash: [OP15-078,OP07-077]
[] Board: [ST34-003,OP11-070,ST34-003]
[] Life: 5
[Opponent] End Turn
[] Hand: [OP11-073,OP11-067,OP15-069,ST34-002,OP11-070]
[] Board: [ST34-003,OP11-070,ST34-003]
[] Trash: [OP15-078,OP07-077]
[] Life: 5
[] Hand: [ST19-003,ST19-003,EB01-049,ST19-002,OP03-097,EB01-049,ST06-016,ST19-002]
[] Trash: [OP02-119,OP07-085]
[] Board: [OP03-089,OP02-096]
[] Life: 4
[You] Draw 1 Card
[] Drew card from deck: Divine Departure ["OP13-076">OP13-076]
RZ1|116|1|OP13-076|0|34|1|5|1|1|0|0|0
RZ1|CHK|116|1|34|6|3|5|8|2|2|0|1|0
RZ1|117|1|Don|4|7|5|2|1|1|0|0|0
RZ1|CHK|117|1|34|6|3|5|7|3|2|0|1|0
RZ1|118|1|Don|4|6|5|3|1|1|0|0|0
RZ1|CHK|118|1|34|6|3|5|6|4|2|0|1|0
[You] Draw 2 Don
RZ1|119|1|Don|5|0|5|0|1|1|1|0|0
RZ1|CHK|119|1|34|6|3|5|6|4|2|0|1|0
[You] Deploy Charlotte Pudding ["OP11-070">OP11-070]
RZ1|120|1|OP11-070|1|4|2|3|1|1|0|0|0
RZ1|CHK|120|1|34|5|4|5|6|4|2|0|1|0
RZ1|121|1|ST34-002|0|31|1|5|1|1|0|0|0
RZ1|CHK|121|1|33|6|4|5|6|4|2|0|1|0
[You] Charlotte Pudding ["OP11-070">OP11-070]: <b>Reveal and Draw Charlotte Cracker ["ST34-002">ST34-002]</b>
[You] Placing Cards on Bottom of Deck
RZ1|122|1|OP11-067|0|32|0|0|0|0|0|0|0
RZ1|CHK|122|1|33|6|4|5|6|4|2|0|1|0
RZ1|123|1|OP11-070|0|32|0|0|0|0|0|0|0
RZ1|CHK|123|1|33|6|4|5|6|4|2|0|1|0
RZ1|124|1|OP11-067|0|32|0|0|0|0|0|0|0
RZ1|CHK|124|1|33|6|4|5|6|4|2|0|1|0
RZ1|125|1|ST34-004|0|32|0|0|0|0|0|0|0
RZ1|CHK|125|1|33|6|4|5|6|4|2|0|1|0
RZ1|126|1|Don|5|1|5|1|1|1|1|0|0
RZ1|CHK|126|1|33|6|4|5|6|4|2|0|1|0
[You] Deploy Nola ["OP15-069">OP15-069]
RZ1|127|1|OP15-069|1|2|2|4|1|1|0|0|0
RZ1|CHK|127|1|33|5|5|5|6|4|2|0|1|0
[You] Charlotte Katakuri ["OP11-062">OP11-062] attacking Smoker ["OP02-093">OP02-093]
[Opponent] Discard Sengoku ["ST19-002">ST19-002] for Counter 1000
RZ1|128|2|ST19-002|1|7|6|2|1|1|0|0|0
RZ1|CHK|128|2|34|7|2|4|6|4|3|0|1|0
Charlotte Katakuri ["OP11-062">OP11-062][5000] vs Smoker ["OP02-093">OP02-093][6000]
Attack Fails
RZ1|129|1|Don|5|2|9|100|1|1|0|0|0
RZ1|CHK|129|1|33|5|5|5|6|3|2|0|1|1
[You] Attach 1 Don to Charlotte Pudding ["OP11-070">OP11-070] (1 Total)
RZ1|130|1|OP13-076|1|3|6|2|1|1|0|0|0
RZ1|CHK|130|1|33|4|5|5|6|3|3|0|1|1
RZ1|131|1|Don|5|0|4|6|1|1|0|0|0
RZ1|CHK|131|1|33|4|5|5|7|2|3|0|1|1
[You] Charlotte Pudding ["OP11-070">OP11-070]: Minus 1 Don
[You] Charlotte Pudding ["OP11-070">OP11-070]: Rest Charlotte Pudding ["OP11-070">OP11-070]
RZ1|132|1|Don|5|1|9|300|1|1|0|0|0
RZ1|CHK|132|1|33|4|5|5|7|1|3|0|1|2
[You] Attach 1 Don to Charlotte Pudding ["OP11-070">OP11-070] (1 Total)
[] Hand: [OP11-073,OP11-067,ST34-002,ST34-002]
[] Board: [ST34-003,OP11-070,ST34-003,OP11-070,OP15-069]
[] Trash: [OP15-078,OP07-077,OP13-076]
[] Life: 5
[] Hand: [ST19-003,ST19-003,EB01-049,ST19-002,OP03-097,EB01-049,ST06-016]
[] Trash: [OP02-119,OP07-085,ST19-002]
[] Board: [OP03-089,OP02-096]
[] Life: 4
[You] End Turn
[] Hand: [ST19-003,ST19-003,EB01-049,ST19-002,OP03-097,EB01-049,ST06-016]
[] Board: [OP03-089,OP02-096]
[] Trash: [OP02-119,OP07-085,ST19-002]
[] Life: 4
[] Hand: [OP11-073,OP11-067,ST34-002,ST34-002]
[] Trash: [OP15-078,OP07-077,OP13-076]
[] Board: [ST34-003,OP11-070,ST34-003,OP11-070,OP15-069]
[] Life: 5
[Opponent] Draw 1 Card
[] Drew card from deck: Kuzan ["OP02-121">OP02-121]
RZ1|133|2|OP02-121|0|33|1|7|1|1|0|0|0
RZ1|CHK|133|2|33|8|2|4|6|4|3|0|1|0
RZ1|134|2|Don|4|5|5|4|1|1|0|0|0
RZ1|CHK|134|2|33|8|2|4|5|5|3|0|1|0
RZ1|135|2|Don|4|4|5|5|1|1|0|0|0
RZ1|CHK|135|2|33|8|2|4|4|6|3|0|1|0
[Opponent] Draw 2 Don
RZ1|136|2|Don|5|0|5|0|1|1|1|0|0
RZ1|CHK|136|2|33|8|2|4|4|6|3|0|1|0
[Opponent] Deploy Sengoku ["ST19-002">ST19-002]
RZ1|137|2|ST19-002|1|3|2|2|1|1|0|0|0
RZ1|CHK|137|2|33|7|3|4|4|6|3|0|1|0
RZ1|138|2|ST06-016|1|5|6|3|1|1|0|0|0
RZ1|CHK|138|2|33|6|3|4|4|6|4|0|1|0
[Opponent] Sengoku ["ST19-002">ST19-002]: Trash White Out ["ST06-016">ST06-016]
RZ1|139|2|EB01-049|1|4|6|4|1|1|0|0|0
RZ1|CHK|139|2|33|5|3|4|4|6|5|0|1|0
[Opponent] Sengoku ["ST19-002">ST19-002]: Trash T Bone ["EB01-049">EB01-049]
[] Drew card from deck: Sengoku ["EB02-044">EB02-044]
RZ1|140|2|EB02-044|0|32|1|5|1|1|0|0|0
RZ1|CHK|140|2|32|6|3|4|4|6|5|0|1|0
[] Drew card from deck: Sengoku ["ST19-002">ST19-002]
RZ1|141|2|ST19-002|0|31|1|6|1|1|0|0|0
RZ1|CHK|141|2|31|7|3|4|4|6|5|0|1|0
[] Drew card from deck: Tashigi ["ST06-006">ST06-006]
RZ1|142|2|ST06-006|0|30|1|7|1|1|0|0|0
RZ1|CHK|142|2|30|8|3|4|4|6|5|0|1|0
[Opponent] Sengoku ["ST19-002">ST19-002]: Draw 3 Card
RZ1|143|2|Don|5|1|5|1|1|1|1|0|0
RZ1|CHK|143|2|30|8|3|4|4|6|5|0|1|0
RZ1|144|2|Don|5|2|5|2|1|1|1|0|0
RZ1|CHK|144|2|30|8|3|4|4|6|5|0|1|0
RZ1|145|2|Don|5|3|5|3|1|1|1|0|0
RZ1|CHK|145|2|30|8|3|4|4|6|5|0|1|0
RZ1|146|2|Don|5|4|5|4|1|1|1|0|0
RZ1|CHK|146|2|30|8|3|4|4|6|5|0|1|0
RZ1|147|2|Don|5|5|5|5|1|1|1|0|0
RZ1|CHK|147|2|30|8|3|4|4|6|5|0|1|0
[Opponent] Deploy Tashigi ["ST19-003">ST19-003]
RZ1|148|2|ST19-003|1|1|2|3|1|1|0|0|0
RZ1|CHK|148|2|30|7|4|4|4|6|5|0|1|0
[Opponent] Tashigi ["ST19-003">ST19-003]: Charlotte Brulee ["ST34-003">ST34-003] Cost -4
[Opponent] Brannew ["OP03-089">OP03-089] attacking Charlotte Pudding ["OP11-070">OP11-070]
Brannew ["OP03-089">OP03-089][3000] vs Charlotte Pudding ["OP11-070">OP11-070][0]
[You] Charlotte Pudding ["OP11-070">OP11-070] Destroyed
RZ1|149|1|Don|9|100|5|0|1|1|1|0|0
RZ1|CHK|149|1|33|4|5|5|7|2|3|0|1|1
RZ1|150|1|OP11-070|2|1|6|3|1|1|0|0|0
RZ1|CHK|150|1|33|4|4|5|7|2|4|0|1|1
[Opponent] Tashigi ["ST19-003">ST19-003]: Trash Charlotte Brulee ["ST34-003">ST34-003]
RZ1|151|1|Don|5|0|4|7|1|1|0|0|0
RZ1|CHK|151|1|33|4|4|5|8|1|4|0|1|1
[You] Nola ["OP15-069">OP15-069]: Minus 1 Don
[You] Nola ["OP15-069">OP15-069]: Prevent Effect To Charlotte Brulee ["ST34-003">ST34-003]
[Opponent] Kuzan ["OP02-096">OP02-096] attacking Charlotte Katakuri ["OP11-062">OP11-062]
[Opponent] Kuzan ["OP02-096">OP02-096]: Charlotte Brulee ["ST34-003">ST34-003] Cost -4
RZ1|152|1|Don|5|0|4|8|1|1|0|0|0
RZ1|CHK|152|1|33|4|4|5|9|0|4|0|1|1
[You] Charlotte Katakuri ["OP11-062">OP11-062]: Minus 1 Don
[You] Charlotte Katakuri ["OP11-062">OP11-062]: <b>Looked at opponent's top deck</b>
[You] Charlotte Katakuri ["OP11-062">OP11-062]: <b>Finished looking at opponent's top deck</b>
[You] Charlotte Katakuri ["OP11-062">OP11-062]: Buff Charlotte Katakuri ["OP11-062">OP11-062] 1000 for the Combat
Kuzan ["OP02-096">OP02-096][5000] vs Charlotte Katakuri ["OP11-062">OP11-062][6000]
Attack Fails
[Opponent] Smoker ["OP02-093">OP02-093] attacking Charlotte Katakuri ["OP11-062">OP11-062]
Smoker ["OP02-093">OP02-093][5000] vs Charlotte Katakuri ["OP11-062">OP11-062][5000]
Charlotte Katakuri ["OP11-062">OP11-062] hit for 1 damage
RZ1|153|1|OP15-069|3|4|1|4|1|1|0|0|0
RZ1|CHK|153|1|33|5|4|4|9|0|4|0|1|1
Charlotte Brulee ["ST34-003">ST34-003] cost restored
Charlotte Brulee ["ST34-003">ST34-003] cost restored
[] Hand: [ST19-003,EB01-049,OP03-097,OP02-121,EB02-044,ST19-002,ST06-006]
[] Board: [OP03-089,OP02-096,ST19-002,ST19-003]
[] Trash: [OP02-119,OP07-085,ST19-002,ST06-016,EB01-049]
[] Life: 4
[] Hand: [OP11-073,OP11-067,ST34-002,ST34-002,OP15-069]
[] Trash: [OP15-078,OP07-077,OP13-076,OP11-070]
[] Board: [ST34-003,ST34-003,OP11-070,OP15-069]
[] Life: 4
[Opponent] End Turn
[] Hand: [OP11-073,OP11-067,ST34-002,ST34-002,OP15-069]
[] Board: [ST34-003,ST34-003,OP11-070,OP15-069]
[] Trash: [OP15-078,OP07-077,OP13-076,OP11-070]
[] Life: 4
[] Hand: [ST19-003,EB01-049,OP03-097,OP02-121,EB02-044,ST19-002,ST06-006]
[] Trash: [OP02-119,OP07-085,ST19-002,ST06-016,EB01-049]
[] Board: [OP03-089,OP02-096,ST19-002,ST19-003]
[] Life: 4
RZ1|154|1|Don|9|200|5|0|1|1|1|0|0
RZ1|CHK|154|1|33|5|4|4|9|1|4|0|1|0
[You] Draw 1 Card
[] Drew card from deck: Charlotte Cracker ["ST34-002">ST34-002]
RZ1|155|1|ST34-002|0|32|1|5|1|1|0|0|0
RZ1|CHK|155|1|32|6|4|4|9|1|4|0|1|0
RZ1|156|1|Don|4|8|5|1|1|1|0|0|0
RZ1|CHK|156|1|32|6|4|4|8|2|4|0|1|0
RZ1|157|1|Don|4|7|5|2|1|1|0|0|0
RZ1|CHK|157|1|32|6|4|4|7|3|4|0|1|0
[You] Draw 2 Don
RZ1|158|1|Don|5|0|9|0|1|1|0|0|0
RZ1|CHK|158|1|32|6|4|4|7|2|4|0|1|1
RZ1|159|1|Don|5|0|9|1|1|1|0|0|0
RZ1|CHK|159|1|32|6|4|4|7|1|4|0|1|2
RZ1|160|1|Don|5|0|9|2|1|1|0|0|0
RZ1|CHK|160|1|32|6|4|4|7|0|4|0|1|3
[You] Attach 3 Don to Charlotte Brulee ["ST34-003">ST34-003] (3 Total)
[You] Charlotte Brulee ["ST34-003">ST34-003] attacking Kuzan ["OP02-096">OP02-096]
[Opponent] Discard Sengoku ["ST19-002">ST19-002] for Counter 1000
RZ1|161|2|ST19-002|1|5|6|5|1|1|0|0|0
RZ1|CHK|161|2|30|6|4|4|4|6|6|0|1|0
Charlotte Brulee ["ST34-003">ST34-003][5000] vs Kuzan ["OP02-096">OP02-096][6000]
Attack Fails
[You] Charlotte Katakuri ["OP11-062">OP11-062] attacking Kuzan ["OP02-096">OP02-096]
[Opponent] Discard Tashigi ["ST06-006">ST06-006] for Counter 2000
RZ1|162|2|ST06-006|1|5|6|6|1|1|0|0|0
RZ1|CHK|162|2|30|5|4|4|4|6|7|0|1|0
Charlotte Katakuri ["OP11-062">OP11-062][5000] vs Kuzan ["OP02-096">OP02-096][7000]
Attack Fails
[] Hand: [OP11-073,OP11-067,ST34-002,ST34-002,OP15-069,ST34-002]
[] Board: [ST34-003,ST34-003,OP11-070,OP15-069]
[] Trash: [OP15-078,OP07-077,OP13-076,OP11-070]
[] Life: 4
[] Hand: [ST19-003,EB01-049,OP03-097,OP02-121,EB02-044]
[] Trash: [OP02-119,OP07-085,ST19-002,ST06-016,EB01-049,ST19-002,ST06-006]
[] Board: [OP03-089,OP02-096,ST19-002,ST19-003]
[] Life: 4
[You] End Turn
[] Hand: [ST19-003,EB01-049,OP03-097,OP02-121,EB02-044]
[] Board: [OP03-089,OP02-096,ST19-002,ST19-003]
[] Trash: [OP02-119,OP07-085,ST19-002,ST06-016,EB01-049,ST19-002,ST06-006]
[] Life: 4
[] Hand: [OP11-073,OP11-067,ST34-002,ST34-002,OP15-069,ST34-002]
[] Trash: [OP15-078,OP07-077,OP13-076,OP11-070]
[] Board: [ST34-003,ST34-003,OP11-070,OP15-069]
[] Life: 4
[Opponent] Draw 1 Card
[] Drew card from deck: Tashigi ["ST06-006">ST06-006]
RZ1|163|2|ST06-006|0|29|1|5|1|1|0|0|0
RZ1|CHK|163|2|29|6|4|4|4|6|7|0|1|0
RZ1|164|2|Don|4|3|5|6|1|1|0|0|0
RZ1|CHK|164|2|29|6|4|4|3|7|7|0|1|0
RZ1|165|2|Don|4|2|5|7|1|1|0|0|0
RZ1|CHK|165|2|29|6|4|4|2|8|7|0|1|0
[Opponent] Draw 2 Don
[Opponent] Brannew ["OP03-089">OP03-089] attacking Charlotte Brulee ["ST34-003">ST34-003]
Brannew ["OP03-089">OP03-089][3000] vs Charlotte Brulee ["ST34-003">ST34-003][2000]
[You] Charlotte Brulee ["ST34-003">ST34-003] Destroyed
RZ1|166|1|Don|9|0|5|0|1|1|1|0|0
RZ1|CHK|166|1|32|6|4|4|7|1|4|0|1|2
RZ1|167|1|Don|9|0|5|0|1|1|1|0|0
RZ1|CHK|167|1|32|6|4|4|7|2|4|0|1|1
RZ1|168|1|Don|9|0|5|0|1|1|1|0|0
RZ1|CHK|168|1|32|6|4|4|7|3|4|0|1|0
RZ1|169|1|ST34-003|2|0|6|4|1|1|0|0|0
RZ1|CHK|169|1|32|6|3|4|7|3|5|0|1|0
RZ1|170|2|Don|5|0|5|0|1|1|1|0|0
RZ1|CHK|170|2|29|6|4|4|2|8|7|0|1|0
RZ1|171|2|Don|5|1|5|1|1|1|1|0|0
RZ1|CHK|171|2|29|6|4|4|2|8|7|0|1|0
RZ1|172|2|Don|5|2|5|2|1|1|1|0|0
RZ1|CHK|172|2|29|6|4|4|2|8|7|0|1|0
RZ1|173|2|Don|5|3|5|3|1|1|1|0|0
RZ1|CHK|173|2|29|6|4|4|2|8|7|0|1|0
RZ1|174|2|Don|5|4|5|4|1|1|1|0|0
RZ1|CHK|174|2|29|6|4|4|2|8|7|0|1|0
RZ1|175|2|Don|5|5|5|5|1|1|1|0|0
RZ1|CHK|175|2|29|6|4|4|2|8|7|0|1|0
RZ1|176|2|Don|5|6|5|6|1|1|1|0|0
RZ1|CHK|176|2|29|6|4|4|2|8|7|0|1|0
[Opponent] Deploy Sengoku ["EB02-044">EB02-044]
RZ1|177|2|EB02-044|1|4|2|4|1|1|0|0|0
RZ1|CHK|177|2|29|5|5|4|2|8|7|0|1|0
RZ1|178|2|OP03-089|2|0|6|7|1|1|0|0|0
RZ1|CHK|178|2|29|5|4|4|2|8|8|0|1|0
[Opponent] Trash Brannew ["OP03-089">OP03-089]
[Opponent] Sengoku ["EB02-044">EB02-044]: Deployed Tashigi ["ST06-006">ST06-006] from Trash
RZ1|179|2|ST06-006|6|6|2|4|1|1|1|0|0
RZ1|CHK|179|2|29|5|5|4|2|8|7|0|1|0
[Opponent] Kuzan ["OP02-096">OP02-096] attacking Charlotte Katakuri ["OP11-062">OP11-062]
[Opponent] Kuzan ["OP02-096">OP02-096]: Charlotte Pudding ["OP11-070">OP11-070] Cost -4
RZ1|180|1|Don|5|0|4|7|1|1|0|0|0
RZ1|CHK|180|1|32|6|3|4|8|2|5|0|1|0
[You] Charlotte Katakuri ["OP11-062">OP11-062]: Minus 1 Don
[You] Charlotte Katakuri ["OP11-062">OP11-062]: <b>Looked at opponent's top deck</b>
[You] Charlotte Katakuri ["OP11-062">OP11-062]: <b>Finished looking at opponent's top deck</b>
[You] Charlotte Katakuri ["OP11-062">OP11-062]: Buff Charlotte Katakuri ["OP11-062">OP11-062] 1000 for the Combat
Kuzan ["OP02-096">OP02-096][5000] vs Charlotte Katakuri ["OP11-062">OP11-062][6000]
Attack Fails
[Opponent] Smoker ["OP02-093">OP02-093] attacking Charlotte Katakuri ["OP11-062">OP11-062]
Smoker ["OP02-093">OP02-093][5000] vs Charlotte Katakuri ["OP11-062">OP11-062][5000]
Charlotte Katakuri ["OP11-062">OP11-062] hit for 1 damage
RZ1|181|1|OP15-069|3|3|1|6|1|1|0|0|0
RZ1|CHK|181|1|32|7|3|3|8|2|5|0|1|0
[Opponent] Tashigi ["ST19-003">ST19-003] attacking Charlotte Katakuri ["OP11-062">OP11-062]
[You] Discard Nola ["OP15-069">OP15-069] for Counter 2000
RZ1|182|1|OP15-069|1|4|6|5|1|1|0|0|0
RZ1|CHK|182|1|32|6|3|3|8|2|6|0|1|0
Tashigi ["ST19-003">ST19-003][6000] vs Charlotte Katakuri ["OP11-062">OP11-062][7000]
Attack Fails
Charlotte Pudding ["OP11-070">OP11-070] cost restored
[] Hand: [ST19-003,EB01-049,OP03-097,OP02-121,ST06-006]
[] Board: [OP02-096,ST19-002,ST19-003,EB02-044,ST06-006]
[] Trash: [OP02-119,OP07-085,ST19-002,ST06-016,EB01-049,ST19-002,OP03-089]
[] Life: 4
[] Hand: [OP11-073,OP11-067,ST34-002,ST34-002,ST34-002,OP15-069]
[] Trash: [OP15-078,OP07-077,OP13-076,OP11-070,ST34-003,OP15-069]
[] Board: [ST34-003,OP11-070,OP15-069]
[] Life: 3
[Opponent] End Turn
[] Hand: [OP11-073,OP11-067,ST34-002,ST34-002,ST34-002,OP15-069]
[] Board: [ST34-003,OP11-070,OP15-069]
[] Trash: [OP15-078,OP07-077,OP13-076,OP11-070,ST34-003,OP15-069]
[] Life: 3
[] Hand: [ST19-003,EB01-049,OP03-097,OP02-121,ST06-006]
[] Trash: [OP02-119,OP07-085,ST19-002,ST06-016,EB01-049,ST19-002,OP03-089]
[] Board: [OP02-096,ST19-002,ST19-003,EB02-044,ST06-006]
[] Life: 4
[You] Draw 1 Card
[] Drew card from deck: We're Going to Claim the One Piece!!! ["OP07-077">OP07-077]
RZ1|183|1|OP07-077|0|31|1|6|1|1|0|0|0
RZ1|CHK|183|1|31|7|3|3|8|2|6|0|1|0
RZ1|184|1|Don|4|7|5|2|1|1|0|0|0
RZ1|CHK|184|1|31|7|3|3|7|3|6|0|1|0
RZ1|185|1|Don|4|6|5|3|1|1|0|0|0
RZ1|CHK|185|1|31|7|3|3|6|4|6|0|1|0
[You] Draw 2 Don
RZ1|186|1|Don|5|0|9|0|1|1|0|0|0
RZ1|CHK|186|1|31|7|3|3|6|3|6|0|1|1
RZ1|187|1|Don|5|0|9|1|1|1|0|0|0
RZ1|CHK|187|1|31|7|3|3|6|2|6|0|1|2
RZ1|188|1|Don|5|0|9|2|1|1|0|0|0
RZ1|CHK|188|1|31|7|3|3|6|1|6|0|1|3
RZ1|189|1|Don|5|0|9|3|1|1|0|0|0
RZ1|CHK|189|1|31|7|3|3|6|0|6|0|1|4
[You] Attach 4 Don to Charlotte Brulee ["ST34-003">ST34-003] (4 Total)
[You] Charlotte Brulee ["ST34-003">ST34-003] attacking Tashigi ["ST19-003">ST19-003]
[Opponent] Discard T Bone ["EB01-049">EB01-049] for Counter 2000
RZ1|190|2|EB01-049|1|1|6|7|1|1|0|0|0
RZ1|CHK|190|2|29|4|5|4|2|8|8|0|1|0
Charlotte Brulee ["ST34-003">ST34-003][6000] vs Tashigi ["ST19-003">ST19-003][8000]
Attack Fails
[You] Charlotte Katakuri ["OP11-062">OP11-062] attacking Tashigi ["ST19-003">ST19-003]
Charlotte Katakuri ["OP11-062">OP11-062][5000] vs Tashigi ["ST19-003">ST19-003][6000]
Attack Fails
[] Hand: [OP11-073,OP11-067,ST34-002,ST34-002,ST34-002,OP15-069,OP07-077]
[] Board: [ST34-003,OP11-070,OP15-069]
[] Trash: [OP15-078,OP07-077,OP13-076,OP11-070,ST34-003,OP15-069]
[] Life: 3
[] Hand: [ST19-003,OP03-097,OP02-121,ST06-006]
[] Trash: [OP02-119,OP07-085,ST19-002,ST06-016,EB01-049,ST19-002,OP03-089,EB01-049]
[] Board: [OP02-096,ST19-002,ST19-003,EB02-044,ST06-006]
[] Life: 4
[You] End Turn
[] Hand: [ST19-003,OP03-097,OP02-121,ST06-006]
[] Board: [OP02-096,ST19-002,ST19-003,EB02-044,ST06-006]
[] Trash: [OP02-119,OP07-085,ST19-002,ST06-016,EB01-049,ST19-002,OP03-089,EB01-049]
[] Life: 4
[] Hand: [OP11-073,OP11-067,ST34-002,ST34-002,ST34-002,OP15-069,OP07-077]
[] Trash: [OP15-078,OP07-077,OP13-076,OP11-070,ST34-003,OP15-069]
[] Board: [ST34-003,OP11-070,OP15-069]
[] Life: 3
[Opponent] Draw 1 Card
[] Drew card from deck: Kuzan ["OP02-121">OP02-121]
RZ1|191|2|OP02-121|0|28|1|4|1|1|0|0|0
RZ1|CHK|191|2|28|5|5|4|2|8|8|0|1|0
RZ1|192|2|Don|4|1|5|8|1|1|0|0|0
RZ1|CHK|192|2|28|5|5|4|1|9|8|0|1|0
RZ1|193|2|Don|4|0|5|9|1|1|0|0|0
RZ1|CHK|193|2|28|5|5|4|0|10|8|0|1|0
[Opponent] Draw 2 Don
[Opponent] Sengoku ["ST19-002">ST19-002] attacking Charlotte Brulee ["ST34-003">ST34-003]
Sengoku ["ST19-002">ST19-002][1000] vs Charlotte Brulee ["ST34-003">ST34-003][2000]
Attack Fails
[Opponent] Tashigi ["ST06-006">ST06-006] attacking Charlotte Brulee ["ST34-003">ST34-003]
Tashigi ["ST06-006">ST06-006][4000] vs Charlotte Brulee ["ST34-003">ST34-003][2000]
[You] Charlotte Brulee ["ST34-003">ST34-003] Destroyed
RZ1|194|1|Don|9|0|5|0|1|1|1|0|0
RZ1|CHK|194|1|31|7|3|3|6|1|6|0|1|3
RZ1|195|1|Don|9|0|5|0|1|1|1|0|0
RZ1|CHK|195|1|31|7|3|3|6|2|6|0|1|2
RZ1|196|1|Don|9|0|5|0|1|1|1|0|0
RZ1|CHK|196|1|31|7|3|3|6|3|6|0|1|1
RZ1|197|1|Don|9|0|5|0|1|1|1|0|0
RZ1|CHK|197|1|31|7|3|3|6|4|6|0|1|0
RZ1|198|1|ST34-003|2|0|6|6|1|1|0|0|0
RZ1|CHK|198|1|31|7|2|3|6|4|7|0|1|0
[Opponent] Kuzan ["OP02-096">OP02-096] attacking Charlotte Katakuri ["OP11-062">OP11-062]
[Opponent] Kuzan ["OP02-096">OP02-096]: Nola ["OP15-069">OP15-069] Cost -4
RZ1|199|1|Don|5|0|4|6|1|1|0|0|0
RZ1|CHK|199|1|31|7|2|3|7|3|7|0|1|0
[You] Charlotte Katakuri ["OP11-062">OP11-062]: Minus 1 Don
[You] Charlotte Katakuri ["OP11-062">OP11-062]: <b>Looked at opponent's top deck</b>
[You] Charlotte Katakuri ["OP11-062">OP11-062]: <b>Finished looking at opponent's top deck</b>
[You] Charlotte Katakuri ["OP11-062">OP11-062]: Buff Charlotte Katakuri ["OP11-062">OP11-062] 1000 for the Combat
Kuzan ["OP02-096">OP02-096][5000] vs Charlotte Katakuri ["OP11-062">OP11-062][6000]
Attack Fails
[Opponent] Smoker ["OP02-093">OP02-093] attacking Charlotte Katakuri ["OP11-062">OP11-062]
[You] Discard Nola ["OP15-069">OP15-069] for Counter 2000
RZ1|200|1|OP15-069|1|5|6|7|1|1|0|0|0
RZ1|CHK|200|1|31|6|2|3|7|3|8|0|1|0
Smoker ["OP02-093">OP02-093][5000] vs Charlotte Katakuri ["OP11-062">OP11-062][7000]
Attack Fails
[Opponent] Tashigi ["ST19-003">ST19-003] attacking Charlotte Katakuri ["OP11-062">OP11-062]
Tashigi ["ST19-003">ST19-003][6000] vs Charlotte Katakuri ["OP11-062">OP11-062][5000]
Charlotte Katakuri ["OP11-062">OP11-062] hit for 1 damage
RZ1|201|1|OP15-078|3|2|1|6|1|1|0|0|0
RZ1|CHK|201|1|31|7|2|2|7|3|8|0|1|0
RZ1|202|2|Don|5|0|5|0|1|1|1|0|0
RZ1|CHK|202|2|28|5|5|4|0|10|8|0|1|0
RZ1|203|2|Don|5|1|5|1|1|1|1|0|0
RZ1|CHK|203|2|28|5|5|4|0|10|8|0|1|0
RZ1|204|2|Don|5|2|5|2|1|1|1|0|0
RZ1|CHK|204|2|28|5|5|4|0|10|8|0|1|0
RZ1|205|2|Don|5|3|5|3|1|1|1|0|0
RZ1|CHK|205|2|28|5|5|4|0|10|8|0|1|0
RZ1|206|2|Don|5|4|5|4|1|1|1|0|0
RZ1|CHK|206|2|28|5|5|4|0|10|8|0|1|0
RZ1|207|2|Don|5|5|5|5|1|1|1|0|0
RZ1|CHK|207|2|28|5|5|4|0|10|8|0|1|0
RZ1|208|2|Don|5|6|5|6|1|1|1|0|0
RZ1|CHK|208|2|28|5|5|4|0|10|8|0|1|0
RZ1|209|2|Don|5|7|5|7|1|1|1|0|0
RZ1|CHK|209|2|28|5|5|4|0|10|8|0|1|0
RZ1|210|2|Don|5|8|5|8|1|1|1|0|0
RZ1|CHK|210|2|28|5|5|4|0|10|8|0|1|0
RZ1|211|2|Don|5|9|5|9|1|1|1|0|0
RZ1|CHK|211|2|28|5|5|4|0|10|8|0|1|0
[Opponent] Trash Kuzan ["OP02-096">OP02-096]
[Opponent] Deploy Kuzan ["OP02-121">OP02-121]
RZ1|212|2|OP02-096|2|0|6|8|1|1|0|0|0
RZ1|CHK|212|2|28|5|4|4|0|10|9|0|1|0
RZ1|213|2|OP02-121|1|4|2|4|1|1|0|0|0
RZ1|CHK|213|2|28|4|5|4|0|10|9|0|1|0
[Opponent] Kuzan ["OP02-121">OP02-121]: Destroy Nola ["OP15-069">OP15-069]
RZ1|214|1|Don|5|0|4|7|1|1|0|0|0
RZ1|CHK|214|1|31|7|2|2|8|2|8|0|1|0
[You] Nola ["OP15-069">OP15-069]: Minus 1 Don
[You] Nola ["OP15-069">OP15-069]: Prevent Effect To Nola ["OP15-069">OP15-069]
Nola ["OP15-069">OP15-069] cost restored
[] Hand: [ST19-003,OP03-097,OP02-121,ST06-006]
[] Board: [ST19-002,ST19-003,EB02-044,ST06-006,OP02-121]
[] Trash: [OP02-119,OP07-085,ST19-002,ST06-016,EB01-049,ST19-002,OP03-089,EB01-049,OP02-096]
[] Life: 4
[] Hand: [OP11-073,OP11-067,ST34-002,ST34-002,ST34-002,OP07-077,OP15-078]
[] Trash: [OP15-078,OP07-077,OP13-076,OP11-070,ST34-003,OP15-069,ST34-003,OP15-069]
[] Board: [OP11-070,OP15-069]
[] Life: 2
[Opponent] End Turn
[] Hand: [OP11-073,OP11-067,ST34-002,ST34-002,ST34-002,OP07-077,OP15-078]
[] Board: [OP11-070,OP15-069]
[] Trash: [OP15-078,OP07-077,OP13-076,OP11-070,ST34-003,OP15-069,ST34-003,OP15-069]
[] Life: 2
[] Hand: [ST19-003,OP03-097,OP02-121,ST06-006]
[] Trash: [OP02-119,OP07-085,ST19-002,ST06-016,EB01-049,ST19-002,OP03-089,EB01-049,OP02-096]
[] Board: [ST19-002,ST19-003,EB02-044,ST06-006,OP02-121]
[] Life: 4
[You] Draw 1 Card
[] Drew card from deck: Charlotte Brulee ["ST34-003">ST34-003]
RZ1|215|1|ST34-003|0|30|1|7|1|1|0|0|0
RZ1|CHK|215|1|30|8|2|2|8|2|8|0|1|0
RZ1|216|1|Don|4|7|5|2|1|1|0|0|0
RZ1|CHK|216|1|30|8|2|2|7|3|8|0|1|0
RZ1|217|1|Don|4|6|5|3|1|1|0|0|0
RZ1|CHK|217|1|30|8|2|2|6|4|8|0|1|0
[You] Draw 2 Don
RZ1|218|1|Don|5|0|9|100|1|1|0|0|0
RZ1|CHK|218|1|30|8|2|2|6|3|8|0|1|1
RZ1|219|1|Don|5|0|9|101|1|1|0|0|0
RZ1|CHK|219|1|30|8|2|2|6|2|8|0|1|2
RZ1|220|1|Don|5|0|9|102|1|1|0|0|0
RZ1|CHK|220|1|30|8|2|2|6|1|8|0|1|3
RZ1|221|1|Don|5|0|9|103|1|1|0|0|0
RZ1|CHK|221|1|30|8|2|2|6|0|8|0|1|4
[You] Attach 4 Don to Nola ["OP15-069">OP15-069] (4 Total)
[You] Nola ["OP15-069">OP15-069] attacking Tashigi ["ST19-003">ST19-003]
[Opponent] Discard Tashigi ["ST06-006">ST06-006] for Counter 2000
RZ1|222|2|ST06-006|1|3|6|9|1|1|0|0|0
RZ1|CHK|222|2|28|3|5|4|0|10|10|0|1|0
Nola ["OP15-069">OP15-069][6000] vs Tashigi ["ST19-003">ST19-003][8000]
Attack Fails
[You] Charlotte Katakuri ["OP11-062">OP11-062] attacking Tashigi ["ST19-003">ST19-003]
Charlotte Katakuri ["OP11-062">OP11-062][5000] vs Tashigi ["ST19-003">ST19-003][6000]
Attack Fails
RZ1|223|1|OP15-078|1|6|6|8|1|1|0|0|0
RZ1|CHK|223|1|30|7|2|2|6|0|9|0|1|4
[] Hand: [OP11-073,OP11-067,ST34-002,ST34-002,ST34-002,OP07-077,ST34-003]
[] Board: [OP11-070,OP15-069]
[] Trash: [OP15-078,OP07-077,OP13-076,OP11-070,ST34-003,OP15-069,ST34-003,OP15-069,OP15-078]
[] Life: 2
[] Hand: [ST19-003,OP03-097,OP02-121]
[] Trash: [OP02-119,OP07-085,ST19-002,ST06-016,EB01-049,ST19-002,OP03-089,EB01-049,OP02-096,ST06-006]
[] Board: [ST19-002,ST19-003,EB02-044,ST06-006,OP02-121]
[] Life: 4
[You] End Turn
[] Hand: [ST19-003,OP03-097,OP02-121]
[] Board: [ST19-002,ST19-003,EB02-044,ST06-006,OP02-121]
[] Trash: [OP02-119,OP07-085,ST19-002,ST06-016,EB01-049,ST19-002,OP03-089,EB01-049,OP02-096,ST06-006]
[] Life: 4
[] Hand: [OP11-073,OP11-067,ST34-002,ST34-002,ST34-002,OP07-077,ST34-003]
[] Trash: [OP15-078,OP07-077,OP13-076,OP11-070,ST34-003,OP15-069,ST34-003,OP15-069,OP15-078]
[] Board: [OP11-070,OP15-069]
[] Life: 2
[Opponent] Draw 1 Card
[] Drew card from deck: Tashigi ["ST19-003">ST19-003]
RZ1|224|2|ST19-003|0|27|1|3|1|1|0|0|0
RZ1|CHK|224|2|27|4|5|4|0|10|10|0|1|0
[Opponent] Attach 1 Don to Tashigi ["ST06-006">ST06-006] (1 Total)
RZ1|225|2|Don|5|9|9|300|1|1|0|0|0
RZ1|CHK|225|2|27|4|5|4|0|9|10|0|1|1
[Opponent] Tashigi ["ST06-006">ST06-006] attacking Charlotte Katakuri ["OP11-062">OP11-062]
[You] Discard Charlotte Cracker ["ST34-002">ST34-002] for Counter 1000
RZ1|226|1|ST34-002|1|2|6|9|1|1|0|0|0
RZ1|CHK|226|1|30|6|2|2|6|0|10|0|1|4
Tashigi ["ST06-006">ST06-006][5000] vs Charlotte Katakuri ["OP11-062">OP11-062][6000]
Attack Fails
[Opponent] Attach 1 Don to Tashigi ["ST19-003">ST19-003] (1 Total)
RZ1|227|2|Don|5|8|9|100|1|1|0|0|0
RZ1|CHK|227|2|27|4|5|4|0|8|10|0|1|2
[Opponent] Attach 1 Don to Tashigi ["ST19-003">ST19-003] (2 Total)
RZ1|228|2|Don|5|7|9|101|1|1|0|0|0
RZ1|CHK|228|2|27|4|5|4|0|7|10|0|1|3
[Opponent] Attach 1 Don to Smoker ["OP02-093">OP02-093] (1 Total)
RZ1|229|2|Don|5|6|9|9900|1|1|0|0|0
RZ1|CHK|229|2|27|4|5|4|0|6|10|0|1|4
[Opponent] Smoker ["OP02-093">OP02-093]: Charlotte Pudding ["OP11-070">OP11-070] Cost -1
[Opponent] Smoker ["OP02-093">OP02-093]: Buff Self 1000
[Opponent] Tashigi ["ST19-003">ST19-003] attacking Charlotte Katakuri ["OP11-062">OP11-062]
Tashigi ["ST19-003">ST19-003][8000] vs Charlotte Katakuri ["OP11-062">OP11-062][5000]
Charlotte Katakuri ["OP11-062">OP11-062] hit for 1 damage
RZ1|230|1|OP08-069|3|1|1|6|1|1|0|0|0
RZ1|CHK|230|1|30|7|2|1|6|0|10|0|1|4
[Opponent] Attach 1 Don to Sengoku ["ST19-002">ST19-002] (1 Total)
RZ1|231|2|Don|5|5|9|0|1|1|0|0|0
RZ1|CHK|231|2|27|4|5|4|0|5|10|0|1|5
[Opponent] Attach 1 Don to Sengoku ["ST19-002">ST19-002] (2 Total)
RZ1|232|2|Don|5|4|9|1|1|1|0|0|0
RZ1|CHK|232|2|27|4|5|4|0|4|10|0|1|6
[Opponent] Attach 1 Don to Sengoku ["ST19-002">ST19-002] (3 Total)
RZ1|233|2|Don|5|3|9|2|1|1|0|0|0
RZ1|CHK|233|2|27|4|5|4|0|3|10|0|1|7
[Opponent] Attach 1 Don to Sengoku ["ST19-002">ST19-002] (4 Total)
RZ1|234|2|Don|5|2|9|3|1|1|0|0|0
RZ1|CHK|234|2|27|4|5|4|0|2|10|0|1|8
[Opponent] Sengoku ["ST19-002">ST19-002] attacking Charlotte Katakuri ["OP11-062">OP11-062]
[You] Discard Charlotte Brulee ["ST34-003">ST34-003] for Counter 2000
RZ1|235|1|ST34-003|1|5|6|10|1|1|0|0|0
RZ1|CHK|235|1|30|6|2|1|6|0|11|0|1|4
Sengoku ["ST19-002">ST19-002][5000] vs Charlotte Katakuri ["OP11-062">OP11-062][7000]
Attack Fails
[Opponent] Attach 1 Don to Smoker ["OP02-093">OP02-093] (2 Total)
RZ1|236|2|Don|5|1|9|9901|1|1|0|0|0
RZ1|CHK|236|2|27|4|5|4|0|1|10|0|1|9
[Opponent] Smoker ["OP02-093">OP02-093] attacking Charlotte Katakuri ["OP11-062">OP11-062]
Smoker ["OP02-093">OP02-093][8000] vs Charlotte Katakuri ["OP11-062">OP11-062][5000]
Charlotte Katakuri ["OP11-062">OP11-062] hit for 1 damage
RZ1|237|1|ST34-004|3|0|1|6|1|1|0|0|0
RZ1|CHK|237|1|30|7|2|0|6|0|11|0|1|4
[Opponent] Attach 1 Don to Sengoku ["EB02-044">EB02-044] (1 Total)
RZ1|238|2|Don|5|0|9|200|1|1|0|0|0
RZ1|CHK|238|2|27|4|5|4|0|0|10|0|1|10
[Opponent] Sengoku ["EB02-044">EB02-044] attacking Charlotte Katakuri ["OP11-062">OP11-062]
Sengoku ["EB02-044">EB02-044][8000] vs Charlotte Katakuri ["OP11-062">OP11-062][5000]
Charlotte Katakuri ["OP11-062">OP11-062] hit for 1 damage
[You] <b>Downloaded the Combat Log!</b>
GameOver