Version is 1.41b.40
[You] Leader is Charlotte Katakuri ["OP11-062">OP11-062]
RZ1|HDR|1.41b|2|RZ1
RZ1|PLY|1||OP11-062
RZ1|PLY|2||
[Opponent] Leader is Krieg ["OP15-001">OP15-001]
RZ1|1|2|OP15-023|0|30|0|0|0|0|0|0|0
RZ1|CHK|1|2|50|0|0|0|10|0|0|0|1|0
RZ1|2|2|OP12-027|0|29|0|1|0|0|0|0|0
RZ1|CHK|2|2|50|0|0|0|10|0|0|0|1|0
RZ1|3|2|OP15-037|0|47|0|2|0|0|0|0|0
RZ1|CHK|3|2|50|0|0|0|10|0|0|0|1|0
RZ1|4|2|OP15-025|0|38|0|3|0|0|0|0|0
RZ1|CHK|4|2|50|0|0|0|10|0|0|0|1|0
RZ1|5|2|OP15-008|0|24|0|4|0|0|0|0|0
RZ1|CHK|5|2|50|0|0|0|10|0|0|0|1|0
RZ1|6|2|OP15-023|0|34|0|5|0|0|0|0|0
RZ1|CHK|6|2|50|0|0|0|10|0|0|0|1|0
RZ1|7|2|OP15-028|0|30|0|6|0|0|0|0|0
RZ1|CHK|7|2|50|0|0|0|10|0|0|0|1|0
RZ1|8|2|OP13-040|0|42|0|7|0|0|0|0|0
RZ1|CHK|8|2|50|0|0|0|10|0|0|0|1|0
RZ1|9|2|OP15-007|0|20|0|8|0|0|0|0|0
RZ1|CHK|9|2|50|0|0|0|10|0|0|0|1|0
RZ1|10|2|OP15-009|0|12|0|9|0|0|0|0|0
RZ1|CHK|10|2|50|0|0|0|10|0|0|0|1|0
RZ1|11|2|OP15-025|0|39|0|10|0|0|0|0|0
RZ1|CHK|11|2|50|0|0|0|10|0|0|0|1|0
RZ1|12|2|OP15-025|0|41|0|11|0|0|0|0|0
RZ1|CHK|12|2|50|0|0|0|10|0|0|0|1|0
RZ1|13|2|OP15-003|0|17|0|12|0|0|0|0|0
RZ1|CHK|13|2|50|0|0|0|10|0|0|0|1|0
RZ1|14|2|OP15-025|0|41|0|13|0|0|0|0|0
RZ1|CHK|14|2|50|0|0|0|10|0|0|0|1|0
RZ1|15|2|OP15-027|0|40|0|14|0|0|0|0|0
RZ1|CHK|15|2|50|0|0|0|10|0|0|0|1|0
RZ1|16|2|OP15-037|0|47|0|15|0|0|0|0|0
RZ1|CHK|16|2|50|0|0|0|10|0|0|0|1|0
RZ1|17|2|OP15-017|0|24|0|16|0|0|0|0|0
RZ1|CHK|17|2|50|0|0|0|10|0|0|0|1|0
RZ1|18|2|OP15-007|0|27|0|17|0|0|0|0|0
RZ1|CHK|18|2|50|0|0|0|10|0|0|0|1|0
RZ1|19|2|OP12-021|0|39|0|18|0|0|0|0|0
RZ1|CHK|19|2|50|0|0|0|10|0|0|0|1|0
RZ1|20|2|OP15-017|0|24|0|19|0|0|0|0|0
RZ1|CHK|20|2|50|0|0|0|10|0|0|0|1|0
RZ1|21|2|OP15-008|0|31|0|20|0|0|0|0|0
RZ1|CHK|21|2|50|0|0|0|10|0|0|0|1|0
RZ1|22|2|OP15-009|0|22|0|21|0|0|0|0|0
RZ1|CHK|22|2|50|0|0|0|10|0|0|0|1|0
RZ1|23|2|OP15-023|0|41|0|22|0|0|0|0|0
RZ1|CHK|23|2|50|0|0|0|10|0|0|0|1|0
RZ1|24|2|OP14-036|0|47|0|23|0|0|0|0|0
RZ1|CHK|24|2|50|0|0|0|10|0|0|0|1|0
RZ1|25|2|OP15-007|0|30|0|24|0|0|0|0|0
RZ1|CHK|25|2|50|0|0|0|10|0|0|0|1|0
RZ1|26|2|OP15-008|0|34|0|25|0|0|0|0|0
RZ1|CHK|26|2|50|0|0|0|10|0|0|0|1|0
RZ1|27|2|OP15-007|0|32|0|26|0|0|0|0|0
RZ1|CHK|27|2|50|0|0|0|10|0|0|0|1|0
RZ1|28|2|OP15-026|0|37|0|27|0|0|0|0|0
RZ1|CHK|28|2|50|0|0|0|10|0|0|0|1|0
RZ1|29|2|EB04-004|0|34|0|28|0|0|0|0|0
RZ1|CHK|29|2|50|0|0|0|10|0|0|0|1|0
RZ1|30|2|OP15-008|0|36|0|29|0|0|0|0|0
RZ1|CHK|30|2|50|0|0|0|10|0|0|0|1|0
RZ1|31|2|OP15-012|0|32|0|30|0|0|0|0|0
RZ1|CHK|31|2|50|0|0|0|10|0|0|0|1|0
RZ1|32|2|OP15-027|0|43|0|31|0|0|0|0|0
RZ1|CHK|32|2|50|0|0|0|10|0|0|0|1|0
RZ1|33|2|OP12-027|0|42|0|32|0|0|0|0|0
RZ1|CHK|33|2|50|0|0|0|10|0|0|0|1|0
RZ1|34|2|OP15-012|0|35|0|33|0|0|0|0|0
RZ1|CHK|34|2|50|0|0|0|10|0|0|0|1|0
RZ1|35|2|EB04-004|0|38|0|34|0|0|0|0|0
RZ1|CHK|35|2|50|0|0|0|10|0|0|0|1|0
RZ1|36|2|OP15-023|0|43|0|35|0|0|0|0|0
RZ1|CHK|36|2|50|0|0|0|10|0|0|0|1|0
RZ1|37|2|OP15-028|0|43|0|36|0|0|0|0|0
RZ1|CHK|37|2|50|0|0|0|10|0|0|0|1|0
RZ1|38|2|OP15-017|0|40|0|37|0|0|0|0|0
RZ1|CHK|38|2|50|0|0|0|10|0|0|0|1|0
RZ1|39|2|OP14-036|0|47|0|38|0|0|0|0|0
RZ1|CHK|39|2|50|0|0|0|10|0|0|0|1|0
RZ1|40|2|OP15-026|0|42|0|40|0|0|0|0|0
RZ1|CHK|40|2|50|0|0|0|10|0|0|0|1|0
RZ1|41|2|OP15-026|0|43|0|41|0|0|0|0|0
RZ1|CHK|41|2|50|0|0|0|10|0|0|0|1|0
RZ1|42|2|OP05-037|0|45|0|43|0|0|0|0|0
RZ1|CHK|42|2|50|0|0|0|10|0|0|0|1|0
RZ1|43|2|OP15-037|0|49|0|44|0|0|0|0|0
RZ1|CHK|43|2|50|0|0|0|10|0|0|0|1|0
RZ1|44|2|OP13-040|0|48|0|47|0|0|0|0|0
RZ1|CHK|44|2|50|0|0|0|10|0|0|0|1|0
RZ1|45|2|OP15-037|0|49|0|48|0|0|0|0|0
RZ1|CHK|45|2|50|0|0|0|10|0|0|0|1|0
[] Drew card from deck: Charlotte Katakuri ["OP11-067">OP11-067]
RZ1|46|1|OP11-067|0|49|1|0|1|1|0|0|0
RZ1|CHK|46|1|49|1|0|0|10|0|0|0|1|0
[] Drew card from deck: Charlotte Katakuri ["ST34-001">ST34-001]
RZ1|47|1|ST34-001|0|48|1|1|1|1|0|0|0
RZ1|CHK|47|1|48|2|0|0|10|0|0|0|1|0
[] Drew card from deck: Charlotte Linlin ["OP08-069">OP08-069]
RZ1|48|1|OP08-069|0|47|1|2|1|1|0|0|0
RZ1|CHK|48|1|47|3|0|0|10|0|0|0|1|0
[] Drew card from deck: Charlotte Cracker ["ST34-002">ST34-002]
RZ1|49|1|ST34-002|0|46|1|3|1|1|0|0|0
RZ1|CHK|49|1|46|4|0|0|10|0|0|0|1|0
[] Drew card from deck: Charlotte Pudding ["OP11-070">OP11-070]
RZ1|50|1|OP11-070|0|45|1|4|1|1|0|0|0
RZ1|CHK|50|1|45|5|0|0|10|0|0|0|1|0
[] Drew card from deck: I Know You're Strong... So I'll Go All Out ["OP13-040">OP13-040]
RZ1|51|2|OP13-040|0|49|1|0|1|1|0|0|0
RZ1|CHK|51|2|49|1|0|0|10|0|0|0|1|0
[] Drew card from deck: The Outcome Will Tell Us Who's Strong and Who's Weak ["OP15-037">OP15-037]
RZ1|52|2|OP15-037|0|48|1|1|1|1|0|0|0
RZ1|CHK|52|2|48|2|0|0|10|0|0|0|1|0
[] Drew card from deck: I Know You're Strong... So I'll Go All Out ["OP13-040">OP13-040]
RZ1|53|2|OP13-040|0|47|1|2|1|1|0|0|0
RZ1|CHK|53|2|47|3|0|0|10|0|0|0|1|0
[] Drew card from deck: Jango ["OP15-026">OP15-026]
RZ1|54|2|OP15-026|0|46|1|3|1|1|0|0|0
RZ1|CHK|54|2|46|4|0|0|10|0|0|0|1|0
[] Drew card from deck: Morgan ["OP15-017">OP15-017]
RZ1|55|2|OP15-017|0|45|1|4|1|1|0|0|0
RZ1|CHK|55|2|45|5|0|0|10|0|0|0|1|0
RZ1|56|1|OP07-077|0|44|3|0|1|0|0|0|0
RZ1|CHK|56|1|44|5|0|1|10|0|0|0|1|0
RZ1|57|1|PRB02-010|0|43|3|1|1|0|0|0|0
RZ1|CHK|57|1|43|5|0|2|10|0|0|0|1|0
RZ1|58|1|OP11-067|0|42|3|2|1|0|0|0|0
RZ1|CHK|58|1|42|5|0|3|10|0|0|0|1|0
RZ1|59|1|OP11-067|0|41|3|3|1|0|0|0|0
RZ1|CHK|59|1|41|5|0|4|10|0|0|0|1|0
RZ1|60|1|ST34-003|0|40|3|4|1|0|0|0|0
RZ1|CHK|60|1|40|5|0|5|10|0|0|0|1|0
RZ1|61|2|OP15-037|0|44|3|0|0|1|0|0|0
RZ1|CHK|61|2|44|5|0|1|10|0|0|0|1|0
RZ1|62|2|OP05-037|0|43|3|1|0|1|0|0|0
RZ1|CHK|62|2|43|5|0|2|10|0|0|0|1|0
RZ1|63|2|OP15-009|0|42|3|2|0|1|0|0|0
RZ1|CHK|63|2|42|5|0|3|10|0|0|0|1|0
RZ1|64|2|OP15-026|0|41|3|3|0|1|0|0|0
RZ1|CHK|64|2|41|5|0|4|10|0|0|0|1|0
[] Hand: [OP11-067,ST34-001,OP08-069,ST34-002,OP11-070]
[] Board: []
[] Trash: []
[] Life: 5
[] Hand: [OP13-040,OP15-037,OP13-040,OP15-026,OP15-017]
[] Trash: []
[] Board: []
[] Life: 4
RZ1|65|1|Don|4|9|5|0|1|1|0|0|0
RZ1|CHK|65|1|40|5|0|5|9|1|0|0|1|0
[You] Draw 1 Don
RZ1|66|1|Don|5|0|5|0|1|1|1|0|0
RZ1|CHK|66|1|40|5|0|5|9|1|0|0|1|0
[You] Deploy Charlotte Pudding ["OP11-070">OP11-070]
RZ1|67|1|OP11-070|1|4|2|0|1|1|0|0|0
RZ1|CHK|67|1|40|4|1|5|9|1|0|0|1|0
RZ1|68|1|ST34-005|0|39|1|4|1|1|0|0|0
RZ1|CHK|68|1|39|5|1|5|9|1|0|0|1|0
[You] Charlotte Pudding ["OP11-070">OP11-070]: <b>Reveal and Draw Baron Tamago & Pekoms ["ST34-005">ST34-005]</b>
[You] Placing Cards on Bottom of Deck
RZ1|69|1|OP15-069|0|38|0|0|0|0|0|0|0
RZ1|CHK|69|1|39|5|1|5|9|1|0|0|1|0
RZ1|70|1|ST34-004|0|38|0|0|0|0|0|0|0
RZ1|CHK|70|1|39|5|1|5|9|1|0|0|1|0
RZ1|71|1|ST18-001|0|38|0|0|0|0|0|0|0
RZ1|CHK|71|1|39|5|1|5|9|1|0|0|1|0
RZ1|72|1|OP11-070|0|38|0|0|0|0|0|0|0
RZ1|CHK|72|1|39|5|1|5|9|1|0|0|1|0
[] Hand: [OP11-067,ST34-001,OP08-069,ST34-002,ST34-005]
[] Board: [OP11-070]
[] Trash: []
[] Life: 5
[] Hand: [OP13-040,OP15-037,OP13-040,OP15-026,OP15-017]
[] Trash: []
[] Board: []
[] Life: 4
[You] End Turn
[] Hand: [OP13-040,OP15-037,OP13-040,OP15-026,OP15-017]
[] Board: []
[] Trash: []
[] Life: 4
[] Hand: [OP11-067,ST34-001,OP08-069,ST34-002,ST34-005]
[] Trash: []
[] Board: [OP11-070]
[] Life: 5
[Opponent] Draw 1 Card
[] Drew card from deck: Jango ["OP15-026">OP15-026]
RZ1|73|2|OP15-026|0|40|1|5|1|1|0|0|0
RZ1|CHK|73|2|40|6|0|4|10|0|0|0|1|0
RZ1|74|2|Don|4|9|5|0|1|1|0|0|0
RZ1|CHK|74|2|40|6|0|4|9|1|0|0|1|0
RZ1|75|2|Don|4|8|5|1|1|1|0|0|0
RZ1|CHK|75|2|40|6|0|4|8|2|0|0|1|0
[Opponent] Draw 2 Don
[Opponent] The Outcome Will Tell Us Who's Strong and Who's Weak ["OP15-037">OP15-037]: Rest 1 Don
RZ1|76|2|Don|5|0|5|0|1|1|1|0|0
RZ1|CHK|76|2|40|6|0|4|8|2|0|0|1|0
RZ1|77|2|OP15-037|1|1|6|0|1|1|0|0|0
RZ1|CHK|77|2|40|5|0|4|8|2|1|0|1|0
RZ1|78|2|OP15-023|0|35|1|5|1|1|0|0|0
RZ1|CHK|78|2|39|6|0|4|8|2|1|0|1|0
[Opponent] The Outcome Will Tell Us Who's Strong and Who's Weak ["OP15-037">OP15-037]: <b>Reveal and Draw Arlong ["OP15-023">OP15-023]</b>
[Opponent] Placing Cards on Bottom of Deck
RZ1|79|2|OP15-009|0|38|0|0|0|0|0|0|0
RZ1|CHK|79|2|39|6|0|4|8|2|1|0|1|0
RZ1|80|2|OP14-036|0|38|0|0|0|0|0|0|0
RZ1|CHK|80|2|39|6|0|4|8|2|1|0|1|0
RZ1|81|2|OP15-017|0|38|0|0|0|0|0|0|0
RZ1|CHK|81|2|39|6|0|4|8|2|1|0|1|0
RZ1|82|2|OP15-028|0|38|0|0|0|0|0|0|0
RZ1|CHK|82|2|39|6|0|4|8|2|1|0|1|0
RZ1|83|2|Don|5|1|5|1|1|1|1|0|0
RZ1|CHK|83|2|39|6|0|4|8|2|1|0|1|0
[Opponent] Deploy Jango ["OP15-026">OP15-026]
RZ1|84|2|OP15-026|1|4|2|0|1|1|0|0|0
RZ1|CHK|84|2|39|5|1|4|8|2|1|0|1|0
RZ1|85|2|EB04-004|0|38|1|5|1|1|0|0|0
RZ1|CHK|85|2|38|6|1|4|8|2|1|0|1|0
[Opponent] Jango ["OP15-026">OP15-026]: <b>Reveal and Draw Zeff ["EB04-004">EB04-004]</b>
[Opponent] Placing Cards on Bottom of Deck
RZ1|86|2|OP15-012|0|37|0|0|0|0|0|0|0
RZ1|CHK|86|2|38|6|1|4|8|2|1|0|1|0
RZ1|87|2|OP12-027|0|37|0|0|0|0|0|0|0
RZ1|CHK|87|2|38|6|1|4|8|2|1|0|1|0
[] Hand: [OP13-040,OP13-040,OP15-026,OP15-017,OP15-023,EB04-004]
[] Board: [OP15-026]
[] Trash: [OP15-037]
[] Life: 4
[] Hand: [OP11-067,ST34-001,OP08-069,ST34-002,ST34-005]
[] Trash: []
[] Board: [OP11-070]
[] Life: 5
[Opponent] End Turn
[] Hand: [OP11-067,ST34-001,OP08-069,ST34-002,ST34-005]
[] Board: [OP11-070]
[] Trash: []
[] Life: 5
[] Hand: [OP13-040,OP13-040,OP15-026,OP15-017,OP15-023,EB04-004]
[] Trash: [OP15-037]
[] Board: [OP15-026]
[] Life: 4
[You] Draw 1 Card
[] Drew card from deck: Charlotte Linlin ["OP11-073">OP11-073]
RZ1|88|1|OP11-073|0|38|1|5|1|1|0|0|0
RZ1|CHK|88|1|38|6|1|5|9|1|0|0|1|0
RZ1|89|1|Don|4|8|5|1|1|1|0|0|0
RZ1|CHK|89|1|38|6|1|5|8|2|0|0|1|0
RZ1|90|1|Don|4|7|5|2|1|1|0|0|0
RZ1|CHK|90|1|38|6|1|5|7|3|0|0|1|0
[You] Draw 2 Don
RZ1|91|1|Don|5|0|5|0|1|1|1|0|0
RZ1|CHK|91|1|38|6|1|5|7|3|0|0|1|0
RZ1|92|1|Don|5|1|5|1|1|1|1|0|0
RZ1|CHK|92|1|38|6|1|5|7|3|0|0|1|0
RZ1|93|1|Don|5|2|5|2|1|1|1|0|0
RZ1|CHK|93|1|38|6|1|5|7|3|0|0|1|0
[You] Deploy Baron Tamago & Pekoms ["ST34-005">ST34-005]
RZ1|94|1|ST34-005|1|4|2|1|1|1|0|0|0
RZ1|CHK|94|1|38|5|2|5|7|3|0|0|1|0
[You] Charlotte Katakuri ["OP11-062">OP11-062] attacking Krieg ["OP15-001">OP15-001]
Charlotte Katakuri ["OP11-062">OP11-062][5000] vs Krieg ["OP15-001">OP15-001][5000]
Krieg ["OP15-001">OP15-001] hit for 1 damage
RZ1|95|2|OP15-026|3|3|1|6|1|1|0|0|0
RZ1|CHK|95|2|38|7|1|3|8|2|1|0|1|0
[] Hand: [OP11-067,ST34-001,OP08-069,ST34-002,OP11-073]
[] Board: [OP11-070,ST34-005]
[] Trash: []
[] Life: 5
[] Hand: [OP13-040,OP13-040,OP15-026,OP15-017,OP15-023,EB04-004,OP15-026]
[] Trash: [OP15-037]
[] Board: [OP15-026]
[] Life: 3
[You] End Turn
[] Hand: [OP13-040,OP13-040,OP15-026,OP15-017,OP15-023,EB04-004,OP15-026]
[] Board: [OP15-026]
[] Trash: [OP15-037]
[] Life: 3
[] Hand: [OP11-067,ST34-001,OP08-069,ST34-002,OP11-073]
[] Trash: []
[] Board: [OP11-070,ST34-005]
[] Life: 5
[Opponent] Draw 1 Card
[] Drew card from deck: Dracule Mihawk ["OP15-027">OP15-027]
RZ1|96|2|OP15-027|0|37|1|7|1|1|0|0|0
RZ1|CHK|96|2|37|8|1|3|8|2|1|0|1|0
RZ1|97|2|Don|4|7|5|2|1|1|0|0|0
RZ1|CHK|97|2|37|8|1|3|7|3|1|0|1|0
RZ1|98|2|Don|4|6|5|3|1|1|0|0|0
RZ1|CHK|98|2|37|8|1|3|6|4|1|0|1|0
[Opponent] Draw 2 Don
RZ1|99|2|Don|5|0|5|0|1|1|1|0|0
RZ1|CHK|99|2|37|8|1|3|6|4|1|0|1|0
RZ1|100|2|Don|5|1|5|1|1|1|1|0|0
RZ1|CHK|100|2|37|8|1|3|6|4|1|0|1|0
RZ1|101|2|Don|5|2|5|2|1|1|1|0|0
RZ1|CHK|101|2|37|8|1|3|6|4|1|0|1|0
RZ1|102|2|Don|5|3|5|3|1|1|1|0|0
RZ1|CHK|102|2|37|8|1|3|6|4|1|0|1|0
[Opponent] Deploy Arlong ["OP15-023">OP15-023]
RZ1|103|2|OP15-023|1|4|2|1|1|1|0|0|0
RZ1|CHK|103|2|37|7|2|3|6|4|1|0|1|0
[Opponent] Arlong ["OP15-023">OP15-023]: Attach 1 Rested Don to Baron Tamago & Pekoms ["ST34-005">ST34-005]
RZ1|104|1|Don|5|0|9|100|1|1|1|0|0
RZ1|CHK|104|1|38|5|2|5|7|2|0|0|1|1
[Opponent] Arlong ["OP15-023">OP15-023]: Attach 1 Rested Don to Baron Tamago & Pekoms ["ST34-005">ST34-005]
RZ1|105|1|Don|5|0|9|101|1|1|1|0|0
RZ1|CHK|105|1|38|5|2|5|7|1|0|0|1|2
[Opponent] Krieg ["OP15-001">OP15-001]: Rest Baron Tamago & Pekoms ["ST34-005">ST34-005]
[Opponent] Krieg ["OP15-001">OP15-001] attacking Baron Tamago & Pekoms ["ST34-005">ST34-005]
Krieg ["OP15-001">OP15-001][5000] vs Baron Tamago & Pekoms ["ST34-005">ST34-005][4000]
[You] Baron Tamago & Pekoms ["ST34-005">ST34-005] Destroyed
RZ1|106|1|Don|9|100|5|0|1|1|1|0|0
RZ1|CHK|106|1|38|5|2|5|7|2|0|0|1|1
RZ1|107|1|Don|9|100|5|0|1|1|1|0|0
RZ1|CHK|107|1|38|5|2|5|7|3|0|0|1|0
RZ1|108|1|ST34-005|2|1|6|0|1|1|0|0|0
RZ1|CHK|108|1|38|5|1|5|7|3|1|0|1|0
[] Hand: [OP13-040,OP13-040,OP15-026,OP15-017,EB04-004,OP15-026,OP15-027]
[] Board: [OP15-026,OP15-023]
[] Trash: [OP15-037]
[] Life: 3
[] Hand: [OP11-067,ST34-001,OP08-069,ST34-002,OP11-073]
[] Trash: [ST34-005]
[] Board: [OP11-070]
[] Life: 5
[Opponent] End Turn
[] Hand: [OP11-067,ST34-001,OP08-069,ST34-002,OP11-073]
[] Board: [OP11-070]
[] Trash: [ST34-005]
[] Life: 5
[] Hand: [OP13-040,OP13-040,OP15-026,OP15-017,EB04-004,OP15-026,OP15-027]
[] Trash: [OP15-037]
[] Board: [OP15-026,OP15-023]
[] Life: 3
[You] Draw 1 Card
[] Drew card from deck: We're Going to Claim the One Piece!!! ["OP07-077">OP07-077]
RZ1|109|1|OP07-077|0|37|1|5|1|1|0|0|0
RZ1|CHK|109|1|37|6|1|5|7|3|1|0|1|0
RZ1|110|1|Don|4|6|5|3|1|1|0|0|0
RZ1|CHK|110|1|37|6|1|5|6|4|1|0|1|0
RZ1|111|1|Don|4|5|5|4|1|1|0|0|0
RZ1|CHK|111|1|37|6|1|5|5|5|1|0|1|0
[You] Draw 2 Don
RZ1|112|1|Don|5|0|5|0|1|1|1|0|0
RZ1|CHK|112|1|37|6|1|5|5|5|1|0|1|0
RZ1|113|1|Don|5|1|5|1|1|1|1|0|0
RZ1|CHK|113|1|37|6|1|5|5|5|1|0|1|0
RZ1|114|1|Don|5|2|5|2|1|1|1|0|0
RZ1|CHK|114|1|37|6|1|5|5|5|1|0|1|0
RZ1|115|1|Don|5|3|5|3|1|1|1|0|0
RZ1|CHK|115|1|37|6|1|5|5|5|1|0|1|0
RZ1|116|1|Don|5|4|5|4|1|1|1|0|0
RZ1|CHK|116|1|37|6|1|5|5|5|1|0|1|0
[You] Deploy Charlotte Katakuri ["ST34-001">ST34-001]
RZ1|117|1|ST34-001|1|1|2|1|1|1|0|0|0
RZ1|CHK|117|1|37|5|2|5|5|5|1|0|1|0
[You] Charlotte Katakuri ["OP11-062">OP11-062] attacking Krieg ["OP15-001">OP15-001]
[Opponent] Discard Jango ["OP15-026">OP15-026] for Counter 1000
RZ1|118|2|OP15-026|1|5|6|1|1|1|0|0|0
RZ1|CHK|118|2|37|6|2|3|6|4|2|0|1|0
Charlotte Katakuri ["OP11-062">OP11-062][5000] vs Krieg ["OP15-001">OP15-001][6000]
Attack Fails
[] Hand: [OP11-067,OP08-069,ST34-002,OP11-073,OP07-077]
[] Board: [OP11-070,ST34-001]
[] Trash: [ST34-005]
[] Life: 5
[] Hand: [OP13-040,OP13-040,OP15-026,OP15-017,EB04-004,OP15-027]
[] Trash: [OP15-037,OP15-026]
[] Board: [OP15-026,OP15-023]
[] Life: 3
[You] End Turn
[] Hand: [OP13-040,OP13-040,OP15-026,OP15-017,EB04-004,OP15-027]
[] Board: [OP15-026,OP15-023]
[] Trash: [OP15-037,OP15-026]
[] Life: 3
[] Hand: [OP11-067,OP08-069,ST34-002,OP11-073,OP07-077]
[] Trash: [ST34-005]
[] Board: [OP11-070,ST34-001]
[] Life: 5
[Opponent] Draw 1 Card
[] Drew card from deck: Buggy ["OP15-012">OP15-012]
RZ1|119|2|OP15-012|0|36|1|6|1|1|0|0|0
RZ1|CHK|119|2|36|7|2|3|6|4|2|0|1|0
RZ1|120|2|Don|4|5|5|4|1|1|0|0|0
RZ1|CHK|120|2|36|7|2|3|5|5|2|0|1|0
RZ1|121|2|Don|4|4|5|5|1|1|0|0|0
RZ1|CHK|121|2|36|7|2|3|4|6|2|0|1|0
[Opponent] Draw 2 Don
RZ1|122|2|Don|5|0|5|0|1|1|1|0|0
RZ1|CHK|122|2|36|7|2|3|4|6|2|0|1|0
RZ1|123|2|Don|5|1|5|1|1|1|1|0|0
RZ1|CHK|123|2|36|7|2|3|4|6|2|0|1|0
RZ1|124|2|Don|5|2|5|2|1|1|1|0|0
RZ1|CHK|124|2|36|7|2|3|4|6|2|0|1|0
RZ1|125|2|Don|5|3|5|3|1|1|1|0|0
RZ1|CHK|125|2|36|7|2|3|4|6|2|0|1|0
RZ1|126|2|Don|5|4|5|4|1|1|1|0|0
RZ1|CHK|126|2|36|7|2|3|4|6|2|0|1|0
[Opponent] Deploy Morgan ["OP15-017">OP15-017]
RZ1|127|2|OP15-017|1|3|2|2|1|1|0|0|0
RZ1|CHK|127|2|36|6|3|3|4|6|2|0|1|0
[Opponent] Morgan ["OP15-017">OP15-017]: Attach 1 Rested Don to Charlotte Katakuri ["ST34-001">ST34-001]
RZ1|128|1|Don|5|0|9|100|1|1|1|0|0
RZ1|CHK|128|1|37|5|2|5|5|4|1|0|1|1
[Opponent] Morgan ["OP15-017">OP15-017]: Attach 1 Rested Don to Charlotte Katakuri ["ST34-001">ST34-001]
RZ1|129|1|Don|5|0|9|101|1|1|1|0|0
RZ1|CHK|129|1|37|5|2|5|5|3|1|0|1|2
[Opponent] Arlong ["OP15-023">OP15-023]: Attach 1 Rested Don to Charlotte Katakuri ["ST34-001">ST34-001]
RZ1|130|1|Don|5|0|9|102|1|1|1|0|0
RZ1|CHK|130|1|37|5|2|5|5|2|1|0|1|3
[Opponent] Arlong ["OP15-023">OP15-023]: Attach 1 Rested Don to Krieg ["OP15-001">OP15-001]
RZ1|131|2|Don|5|0|9|9900|1|1|1|0|0
RZ1|CHK|131|2|36|6|3|3|4|5|2|0|1|1
[Opponent] Krieg ["OP15-001">OP15-001]: Rest Charlotte Katakuri ["ST34-001">ST34-001]
[Opponent] Arlong ["OP15-023">OP15-023] attacking Charlotte Katakuri ["OP11-062">OP11-062]
RZ1|132|1|Don|9|100|4|5|1|1|0|0|0
RZ1|CHK|132|1|37|5|2|5|6|2|1|0|1|2
[You] Charlotte Katakuri ["OP11-062">OP11-062]: Minus 1 Don
[You] Charlotte Katakuri ["OP11-062">OP11-062]: <b>Looked at opponent's top deck</b>
[You] Charlotte Katakuri ["OP11-062">OP11-062]: <b>Finished looking at opponent's top deck</b>
[You] Charlotte Katakuri ["OP11-062">OP11-062]: Buff Charlotte Katakuri ["OP11-062">OP11-062] 1000 for the Combat
Arlong ["OP15-023">OP15-023][5000] vs Charlotte Katakuri ["OP11-062">OP11-062][6000]
Attack Fails
[Opponent] Krieg ["OP15-001">OP15-001] attacking Charlotte Katakuri ["OP11-062">OP11-062]
Krieg ["OP15-001">OP15-001][6000] vs Charlotte Katakuri ["OP11-062">OP11-062][5000]
Charlotte Katakuri ["OP11-062">OP11-062] hit for 1 damage
RZ1|133|1|ST34-003|3|4|1|5|1|1|0|0|0
RZ1|CHK|133|1|37|6|2|4|6|2|1|0|1|2
[] Hand: [OP13-040,OP13-040,OP15-026,EB04-004,OP15-027,OP15-012]
[] Board: [OP15-026,OP15-023,OP15-017]
[] Trash: [OP15-037,OP15-026]
[] Life: 3
[] Hand: [OP11-067,OP08-069,ST34-002,OP11-073,OP07-077,ST34-003]
[] Trash: [ST34-005]
[] Board: [OP11-070,ST34-001]
[] Life: 4
[Opponent] End Turn
[] Hand: [OP11-067,OP08-069,ST34-002,OP11-073,OP07-077,ST34-003]
[] Board: [OP11-070,ST34-001]
[] Trash: [ST34-005]
[] Life: 4
[] Hand: [OP13-040,OP13-040,OP15-026,EB04-004,OP15-027,OP15-012]
[] Trash: [OP15-037,OP15-026]
[] Board: [OP15-026,OP15-023,OP15-017]
[] Life: 3
RZ1|134|1|Don|9|100|5|0|1|1|1|0|0
RZ1|CHK|134|1|37|6|2|4|6|3|1|0|1|1
RZ1|135|1|Don|9|100|5|0|1|1|1|0|0
RZ1|CHK|135|1|37|6|2|4|6|4|1|0|1|0
[You] Draw 1 Card
[] Drew card from deck: Charlotte Linlin ["ST34-004">ST34-004]
RZ1|136|1|ST34-004|0|36|1|6|1|1|0|0|0
RZ1|CHK|136|1|36|7|2|4|6|4|1|0|1|0
RZ1|137|1|Don|4|5|5|4|1|1|0|0|0
RZ1|CHK|137|1|36|7|2|4|5|5|1|0|1|0
RZ1|138|1|Don|4|4|5|5|1|1|0|0|0
RZ1|CHK|138|1|36|7|2|4|4|6|1|0|1|0
[You] Draw 2 Don
RZ1|139|1|Don|5|0|5|0|1|1|1|0|0
RZ1|CHK|139|1|36|7|2|4|4|6|1|0|1|0
RZ1|140|1|Don|5|1|5|1|1|1|1|0|0
RZ1|CHK|140|1|36|7|2|4|4|6|1|0|1|0
RZ1|141|1|Don|5|2|5|2|1|1|1|0|0
RZ1|CHK|141|1|36|7|2|4|4|6|1|0|1|0
RZ1|142|1|Don|5|3|5|3|1|1|1|0|0
RZ1|CHK|142|1|36|7|2|4|4|6|1|0|1|0
[You] Deploy Charlotte Cracker ["ST34-002">ST34-002]
RZ1|143|1|ST34-002|1|2|2|2|1|1|0|-2000|0
RZ1|CHK|143|1|36|6|3|4|4|6|1|0|1|0
Charlotte Cracker ["ST34-002">ST34-002]: Draw 1 Rested Don
RZ1|144|1|Don|4|3|5|0|1|1|1|0|0
RZ1|CHK|144|1|36|6|3|4|3|7|1|0|1|0
[You] Charlotte Cracker ["ST34-002">ST34-002]: Destroy Jango ["OP15-026">OP15-026]
RZ1|145|2|OP15-026|2|0|6|2|1|1|0|0|0
RZ1|CHK|145|2|36|6|2|3|4|5|3|0|1|1
[You] Charlotte Katakuri ["ST34-001">ST34-001] attacking Arlong ["OP15-023">OP15-023]
[Opponent] Morgan ["OP15-017">OP15-017] Blocks
Charlotte Katakuri ["ST34-001">ST34-001][5000] vs Morgan ["OP15-017">OP15-017][6000]
Attack Fails
[You] Charlotte Katakuri ["OP11-062">OP11-062] attacking Morgan ["OP15-017">OP15-017]
RZ1|146|1|Don|5|0|4|3|1|1|0|0|0
RZ1|CHK|146|1|36|6|3|4|4|6|1|0|1|0
[You] Charlotte Katakuri ["OP11-062">OP11-062]: Minus 1 Don
[You] Charlotte Katakuri ["OP11-062">OP11-062]: <b>Looked at opponent's top deck</b>
[You] Charlotte Katakuri ["OP11-062">OP11-062]: <b>Finished looking at opponent's top deck</b>
[You] Charlotte Katakuri ["OP11-062">OP11-062]: Buff Charlotte Katakuri ["OP11-062">OP11-062] 1000 for the Combat
Charlotte Katakuri ["ST34-001">ST34-001]: Draw 1 Rested Don
RZ1|147|1|Don|4|3|5|0|1|1|1|0|0
RZ1|CHK|147|1|36|6|3|4|3|7|1|0|1|0
Charlotte Katakuri ["ST34-001">ST34-001]: Draw 1 Rested Don
RZ1|148|1|Don|4|2|5|0|1|1|1|0|0
RZ1|CHK|148|1|36|6|3|4|2|8|1|0|1|0
[Opponent] Discard Buggy ["OP15-012">OP15-012] for Counter 1000
RZ1|149|2|OP15-012|1|5|6|3|1|1|0|0|0
RZ1|CHK|149|2|36|5|2|3|4|5|4|0|1|1
Charlotte Katakuri ["OP11-062">OP11-062][6000] vs Morgan ["OP15-017">OP15-017][7000]
Attack Fails
RZ1|150|1|Don|5|6|5|6|1|1|1|0|0
RZ1|CHK|150|1|36|6|3|4|2|8|1|0|1|0
[You] Deploy Charlotte Brulee ["ST34-003">ST34-003]
RZ1|151|1|ST34-003|1|4|2|3|1|1|0|-2000|0
RZ1|CHK|151|1|36|5|4|4|2|8|1|0|1|0
RZ1|152|1|ST34-002|0|34|1|5|1|1|0|0|0
RZ1|CHK|152|1|35|6|4|4|2|8|1|0|1|0
[You] Charlotte Brulee ["ST34-003">ST34-003]: <b>Reveal and Draw Charlotte Cracker ["ST34-002">ST34-002]</b>
[You] Placing Cards on Bottom of Deck
RZ1|153|1|OP11-067|0|34|0|0|0|0|0|0|0
RZ1|CHK|153|1|35|6|4|4|2|8|1|0|1|0
RZ1|154|1|PRB02-010|0|34|0|0|0|0|0|0|0
RZ1|CHK|154|1|35|6|4|4|2|8|1|0|1|0
[You] We're Going to Claim the One Piece!!! ["OP07-077">OP07-077]: Rest 1 Don
RZ1|155|1|Don|5|7|5|7|1|1|1|0|0
RZ1|CHK|155|1|35|6|4|4|2|8|1|0|1|0
RZ1|156|1|OP07-077|1|3|6|1|1|1|0|0|0
RZ1|CHK|156|1|35|5|4|4|2|8|2|0|1|0
RZ1|157|1|ST34-005|0|31|1|5|1|1|0|0|0
RZ1|CHK|157|1|34|6|4|4|2|8|2|0|1|0
[You] We're Going to Claim the One Piece!!! ["OP07-077">OP07-077]: <b>Reveal and Draw Baron Tamago & Pekoms ["ST34-005">ST34-005]</b>
[You] Placing Cards on Bottom of Deck
RZ1|158|1|ST34-004|0|33|0|0|0|0|0|0|0
RZ1|CHK|158|1|34|6|4|4|2|8|2|0|1|0
RZ1|159|1|OP07-077|0|33|0|0|0|0|0|0|0
RZ1|CHK|159|1|34|6|4|4|2|8|2|0|1|0
RZ1|160|1|ST34-003|0|33|0|0|0|0|0|0|0
RZ1|CHK|160|1|34|6|4|4|2|8|2|0|1|0
RZ1|161|1|OP15-069|0|33|0|0|0|0|0|0|0
RZ1|CHK|161|1|34|6|4|4|2|8|2|0|1|0
[] Hand: [OP11-067,OP08-069,OP11-073,ST34-004,ST34-002,ST34-005]
[] Board: [OP11-070,ST34-001,ST34-002,ST34-003]
[] Trash: [ST34-005,OP07-077]
[] Life: 4
[] Hand: [OP13-040,OP13-040,OP15-026,EB04-004,OP15-027]
[] Trash: [OP15-037,OP15-026,OP15-026,OP15-012]
[] Board: [OP15-023,OP15-017]
[] Life: 3
[You] End Turn
[] Hand: [OP13-040,OP13-040,OP15-026,EB04-004,OP15-027]
[] Board: [OP15-023,OP15-017]
[] Trash: [OP15-037,OP15-026,OP15-026,OP15-012]
[] Life: 3
[] Hand: [OP11-067,OP08-069,OP11-073,ST34-004,ST34-002,ST34-005]
[] Trash: [ST34-005,OP07-077]
[] Board: [OP11-070,ST34-001,ST34-002,ST34-003]
[] Life: 4
RZ1|162|2|Don|9|9900|5|0|1|1|1|0|0
RZ1|CHK|162|2|36|5|2|3|4|6|4|0|1|0
[Opponent] Draw 1 Card
[] Drew card from deck: Krieg ["OP15-008">OP15-008]
RZ1|163|2|OP15-008|0|35|1|5|1|1|0|0|0
RZ1|CHK|163|2|35|6|2|3|4|6|4|0|1|0
RZ1|164|2|Don|4|3|5|6|1|1|0|0|0
RZ1|CHK|164|2|35|6|2|3|3|7|4|0|1|0
RZ1|165|2|Don|4|2|5|7|1|1|0|0|0
RZ1|CHK|165|2|35|6|2|3|2|8|4|0|1|0
[Opponent] Draw 2 Don
RZ1|166|2|Don|5|0|5|0|1|1|1|0|0
RZ1|CHK|166|2|35|6|2|3|2|8|4|0|1|0
RZ1|167|2|Don|5|1|5|1|1|1|1|0|0
RZ1|CHK|167|2|35|6|2|3|2|8|4|0|1|0
RZ1|168|2|Don|5|2|5|2|1|1|1|0|0
RZ1|CHK|168|2|35|6|2|3|2|8|4|0|1|0
RZ1|169|2|Don|5|3|5|3|1|1|1|0|0
RZ1|CHK|169|2|35|6|2|3|2|8|4|0|1|0
RZ1|170|2|Don|5|4|5|4|1|1|1|0|0
RZ1|CHK|170|2|35|6|2|3|2|8|4|0|1|0
RZ1|171|2|Don|5|5|5|5|1|1|1|0|0
RZ1|CHK|171|2|35|6|2|3|2|8|4|0|1|0
RZ1|172|2|Don|5|6|5|6|1|1|1|0|0
RZ1|CHK|172|2|35|6|2|3|2|8|4|0|1|0
RZ1|173|2|Don|5|7|5|7|1|1|1|0|0
RZ1|CHK|173|2|35|6|2|3|2|8|4|0|1|0
[Opponent] Deploy Krieg ["OP15-008">OP15-008]
RZ1|174|2|OP15-008|1|5|2|2|1|1|0|0|0
RZ1|CHK|174|2|35|5|3|3|2|8|4|0|1|0
[Opponent] Krieg ["OP15-008">OP15-008]: Attach 1 Rested Don to Charlotte Katakuri ["ST34-001">ST34-001]
RZ1|175|1|Don|5|0|9|100|1|1|1|0|0
RZ1|CHK|175|1|34|6|4|4|2|7|2|0|1|1
[Opponent] Krieg ["OP15-008">OP15-008]: Attach 1 Rested Don to Charlotte Katakuri ["ST34-001">ST34-001]
RZ1|176|1|Don|5|0|9|101|1|1|1|0|0
RZ1|CHK|176|1|34|6|4|4|2|6|2|0|1|2
[Opponent] Krieg ["OP15-008">OP15-008]: Attach 1 Rested Don to Charlotte Katakuri ["ST34-001">ST34-001]
RZ1|177|1|Don|5|0|9|102|1|1|1|0|0
RZ1|CHK|177|1|34|6|4|4|2|5|2|0|1|3
[Opponent] Krieg ["OP15-008">OP15-008]: Give Krieg ["OP15-008">OP15-008] Rush
[Opponent] Morgan ["OP15-017">OP15-017]: Attach 1 Rested Don to Charlotte Cracker ["ST34-002">ST34-002]
RZ1|178|1|Don|5|0|9|200|1|1|1|0|0
RZ1|CHK|178|1|34|6|4|4|2|4|2|0|1|4
[Opponent] Morgan ["OP15-017">OP15-017]: Attach 1 Rested Don to Charlotte Cracker ["ST34-002">ST34-002]
RZ1|179|1|Don|5|0|9|201|1|1|1|0|0
RZ1|CHK|179|1|34|6|4|4|2|3|2|0|1|5
[Opponent] Arlong ["OP15-023">OP15-023]: Attach 1 Rested Don to Charlotte Katakuri ["ST34-001">ST34-001]
RZ1|180|1|Don|5|0|9|103|1|1|1|0|0
RZ1|CHK|180|1|34|6|4|4|2|2|2|0|1|6
[Opponent] Arlong ["OP15-023">OP15-023]: Attach 1 Rested Don to Krieg ["OP15-001">OP15-001]
RZ1|181|2|Don|5|0|9|9900|1|1|1|0|0
RZ1|CHK|181|2|35|5|3|3|2|7|4|0|1|1
[Opponent] Krieg ["OP15-001">OP15-001]: Rest Charlotte Cracker ["ST34-002">ST34-002]
[Opponent] Krieg ["OP15-008">OP15-008]: Buff Charlotte Pudding ["OP11-070">OP11-070] 0
[Opponent] Krieg ["OP15-008">OP15-008]: Buff Charlotte Katakuri ["ST34-001">ST34-001] -4000
[Opponent] Krieg ["OP15-008">OP15-008]: Buff Charlotte Cracker ["ST34-002">ST34-002] -2000
[Opponent] Krieg ["OP15-008">OP15-008]: Buff Charlotte Brulee ["ST34-003">ST34-003] 0
[Opponent] Arlong ["OP15-023">OP15-023] attacking Charlotte Katakuri ["ST34-001">ST34-001]
Arlong ["OP15-023">OP15-023][5000] vs Charlotte Katakuri ["ST34-001">ST34-001][3000]
[You] Charlotte Katakuri ["ST34-001">ST34-001] Destroyed
RZ1|182|1|Don|9|100|5|0|1|1|1|0|0
RZ1|CHK|182|1|34|6|4|4|2|3|2|0|1|5
RZ1|183|1|Don|9|100|5|0|1|1|1|0|0
RZ1|CHK|183|1|34|6|4|4|2|4|2|0|1|4
RZ1|184|1|Don|9|100|5|0|1|1|1|0|0
RZ1|CHK|184|1|34|6|4|4|2|5|2|0|1|3
RZ1|185|1|Don|9|100|5|0|1|1|1|0|0
RZ1|CHK|185|1|34|6|4|4|2|6|2|0|1|2
RZ1|186|1|ST34-001|2|1|6|2|1|1|0|0|0
RZ1|CHK|186|1|34|6|3|4|2|6|3|0|1|2
RZ1|187|1|ST34-005|1|5|2|3|1|1|0|0|0
RZ1|CHK|187|1|34|5|4|4|2|6|3|0|1|2
[You] Charlotte Katakuri ["ST34-001">ST34-001]: Deploy Baron Tamago & Pekoms ["ST34-005">ST34-005]
[Opponent] Krieg ["OP15-001">OP15-001] attacking Charlotte Cracker ["ST34-002">ST34-002]
Krieg ["OP15-001">OP15-001][6000] vs Charlotte Cracker ["ST34-002">ST34-002][3000]
[You] Charlotte Cracker ["ST34-002">ST34-002] Destroyed
RZ1|188|1|Don|9|100|5|0|1|1|1|0|0
RZ1|CHK|188|1|34|5|4|4|2|7|3|0|1|1
RZ1|189|1|Don|9|100|5|0|1|1|1|0|0
RZ1|CHK|189|1|34|5|4|4|2|8|3|0|1|0
RZ1|190|1|ST34-002|2|1|6|3|1|1|0|0|0
RZ1|CHK|190|1|34|5|3|4|2|8|4|0|1|0
[Opponent] Krieg ["OP15-008">OP15-008] attacking Charlotte Katakuri ["OP11-062">OP11-062]
Krieg ["OP15-008">OP15-008][9000] vs Charlotte Katakuri ["OP11-062">OP11-062][5000]
Charlotte Katakuri ["OP11-062">OP11-062] hit for 1 damage
RZ1|191|1|OP11-067|3|3|1|5|1|1|0|0|0
RZ1|CHK|191|1|34|6|3|3|2|8|4|0|1|0
[] Hand: [OP13-040,OP13-040,OP15-026,EB04-004,OP15-027]
[] Board: [OP15-023,OP15-017,OP15-008]
[] Trash: [OP15-037,OP15-026,OP15-026,OP15-012]
[] Life: 3
[] Hand: [OP11-067,OP08-069,OP11-073,ST34-004,ST34-002,OP11-067]
[] Trash: [ST34-005,OP07-077,ST34-001,ST34-002]
[] Board: [OP11-070,ST34-003,ST34-005]
[] Life: 3
[Opponent] End Turn
[] Hand: [OP11-067,OP08-069,OP11-073,ST34-004,ST34-002,OP11-067]
[] Board: [OP11-070,ST34-003,ST34-005]
[] Trash: [ST34-005,OP07-077,ST34-001,ST34-002]
[] Life: 3
[] Hand: [OP13-040,OP13-040,OP15-026,EB04-004,OP15-027]
[] Trash: [OP15-037,OP15-026,OP15-026,OP15-012]
[] Board: [OP15-023,OP15-017,OP15-008]
[] Life: 3
[You] Draw 1 Card
[] Drew card from deck: Charlotte Brulee ["ST34-003">ST34-003]
RZ1|192|1|ST34-003|0|33|1|6|1|1|0|0|0
RZ1|CHK|192|1|33|7|3|3|2|8|4|0|1|0
RZ1|193|1|Don|4|1|5|8|1|1|0|0|0
RZ1|CHK|193|1|33|7|3|3|1|9|4|0|1|0
RZ1|194|1|Don|4|0|5|9|1|1|0|0|0
RZ1|CHK|194|1|33|7|3|3|0|10|4|0|1|0
[You] Draw 2 Don
[You] Charlotte Katakuri ["OP11-062">OP11-062] attacking Arlong ["OP15-023">OP15-023]
RZ1|195|1|Don|5|0|4|0|1|1|0|0|0
RZ1|CHK|195|1|33|7|3|3|1|9|4|0|1|0
[You] Charlotte Katakuri ["OP11-062">OP11-062]: Minus 1 Don
[You] Charlotte Katakuri ["OP11-062">OP11-062]: <b>Looked at opponent's top deck</b>
[Opponent] Discard Jango ["OP15-026">OP15-026] for Counter 1000
RZ1|196|2|OP15-026|1|2|6|4|1|1|0|0|0
RZ1|CHK|196|2|35|4|3|3|2|7|5|0|1|1
Charlotte Katakuri ["OP11-062">OP11-062][5000] vs Arlong ["OP15-023">OP15-023][6000]
Attack Fails
RZ1|197|1|Don|5|0|5|0|1|1|1|0|0
RZ1|CHK|197|1|33|7|3|3|1|9|4|0|1|0
RZ1|198|1|Don|5|1|5|1|1|1|1|0|0
RZ1|CHK|198|1|33|7|3|3|1|9|4|0|1|0
RZ1|199|1|Don|5|2|5|2|1|1|1|0|0
RZ1|CHK|199|1|33|7|3|3|1|9|4|0|1|0
RZ1|200|1|Don|5|3|5|3|1|1|1|0|0
RZ1|CHK|200|1|33|7|3|3|1|9|4|0|1|0
[You] Deploy Charlotte Cracker ["ST34-002">ST34-002]
RZ1|201|1|ST34-002|1|4|2|3|1|1|0|-2000|0
RZ1|CHK|201|1|33|6|4|3|1|9|4|0|1|0
Charlotte Cracker ["ST34-002">ST34-002]: Draw 1 Rested Don
RZ1|202|1|Don|4|0|5|0|1|1|1|0|0
RZ1|CHK|202|1|33|6|4|3|0|10|4|0|1|0
RZ1|203|1|Don|5|5|9|100|1|1|0|0|0
RZ1|CHK|203|1|33|6|4|3|0|9|4|0|1|1
RZ1|204|1|Don|5|5|9|101|1|1|0|0|0
RZ1|CHK|204|1|33|6|4|3|0|8|4|0|1|2
RZ1|205|1|Don|5|5|9|102|1|1|0|0|0
RZ1|CHK|205|1|33|6|4|3|0|7|4|0|1|3
RZ1|206|1|Don|5|5|9|103|1|1|0|0|0
RZ1|CHK|206|1|33|6|4|3|0|6|4|0|1|4
RZ1|207|1|Don|5|5|9|104|1|1|0|0|0
RZ1|CHK|207|1|33|6|4|3|0|5|4|0|1|5
[You] Attach 5 Don to Charlotte Brulee ["ST34-003">ST34-003] (5 Total)
[You] Charlotte Brulee ["ST34-003">ST34-003] attacking Arlong ["OP15-023">OP15-023]
[Opponent] Discard Dracule Mihawk ["OP15-027">OP15-027] for Counter 2000
RZ1|208|2|OP15-027|1|3|6|5|1|1|0|0|0
RZ1|CHK|208|2|35|3|3|3|2|7|6|0|1|1
Charlotte Brulee ["ST34-003">ST34-003][5000] vs Arlong ["OP15-023">OP15-023][7000]
Attack Fails
[You] Baron Tamago & Pekoms ["ST34-005">ST34-005] attacking Krieg ["OP15-001">OP15-001]
RZ1|209|1|Don|9|100|4|0|1|1|0|0|0
RZ1|CHK|209|1|33|6|4|3|1|5|4|0|1|4
[You] Baron Tamago & Pekoms ["ST34-005">ST34-005]: Minus 1 Don
[You] Baron Tamago & Pekoms ["ST34-005">ST34-005]: Destroy Charlotte Pudding ["OP11-070">OP11-070]
RZ1|210|1|OP11-070|2|0|6|4|1|1|0|0|0
RZ1|CHK|210|1|33|6|3|3|1|5|5|0|1|4
[Opponent] Morgan ["OP15-017">OP15-017] Blocks
Baron Tamago & Pekoms ["ST34-005">ST34-005][2000] vs Morgan ["OP15-017">OP15-017][6000]
Attack Fails
[] Hand: [OP11-067,OP08-069,OP11-073,ST34-004,OP11-067,ST34-003]
[] Board: [ST34-003,ST34-005,ST34-002]
[] Trash: [ST34-005,OP07-077,ST34-001,ST34-002,OP11-070]
[] Life: 3
[] Hand: [OP13-040,OP13-040,EB04-004]
[] Trash: [OP15-037,OP15-026,OP15-026,OP15-012,OP15-026,OP15-027]
[] Board: [OP15-023,OP15-017,OP15-008]
[] Life: 3
[You] End Turn
[] Hand: [OP13-040,OP13-040,EB04-004]
[] Board: [OP15-023,OP15-017,OP15-008]
[] Trash: [OP15-037,OP15-026,OP15-026,OP15-012,OP15-026,OP15-027]
[] Life: 3
[] Hand: [OP11-067,OP08-069,OP11-073,ST34-004,OP11-067,ST34-003]
[] Trash: [ST34-005,OP07-077,ST34-001,ST34-002,OP11-070]
[] Board: [ST34-003,ST34-005,ST34-002]
[] Life: 3
RZ1|211|2|Don|9|9900|5|0|1|1|1|0|0
RZ1|CHK|211|2|35|3|3|3|2|8|6|0|1|0
[Opponent] Draw 1 Card
[] Drew card from deck: Zeff ["EB04-004">EB04-004]
RZ1|212|2|EB04-004|0|34|1|3|1|1|0|0|0
RZ1|CHK|212|2|34|4|3|3|2|8|6|0|1|0
RZ1|213|2|Don|4|1|5|8|1|1|0|0|0
RZ1|CHK|213|2|34|4|3|3|1|9|6|0|1|0
RZ1|214|2|Don|4|0|5|9|1|1|0|0|0
RZ1|CHK|214|2|34|4|3|3|0|10|6|0|1|0
[Opponent] Draw 2 Don
RZ1|215|2|Don|5|0|5|0|1|1|1|0|0
RZ1|CHK|215|2|34|4|3|3|0|10|6|0|1|0
RZ1|216|2|Don|5|1|5|1|1|1|1|0|0
RZ1|CHK|216|2|34|4|3|3|0|10|6|0|1|0
RZ1|217|2|Don|5|2|5|2|1|1|1|0|0
RZ1|CHK|217|2|34|4|3|3|0|10|6|0|1|0
RZ1|218|2|Don|5|3|5|3|1|1|1|0|0
RZ1|CHK|218|2|34|4|3|3|0|10|6|0|1|0
RZ1|219|2|Don|5|4|5|4|1|1|1|0|0
RZ1|CHK|219|2|34|4|3|3|0|10|6|0|1|0
RZ1|220|2|Don|5|5|5|5|1|1|1|0|0
RZ1|CHK|220|2|34|4|3|3|0|10|6|0|1|0
RZ1|221|2|Don|5|6|5|6|1|1|1|0|0
RZ1|CHK|221|2|34|4|3|3|0|10|6|0|1|0
[Opponent] Deploy Zeff ["EB04-004">EB04-004]
RZ1|222|2|EB04-004|1|3|2|3|1|1|0|0|0
RZ1|CHK|222|2|34|3|4|3|0|10|6|0|1|0
[Opponent] Morgan ["OP15-017">OP15-017]: Attach 1 Rested Don to Charlotte Cracker ["ST34-002">ST34-002]
RZ1|223|1|Don|5|0|9|200|1|1|1|0|0
RZ1|CHK|223|1|33|6|3|3|1|4|5|0|1|5
[Opponent] Morgan ["OP15-017">OP15-017]: Attach 1 Rested Don to Charlotte Cracker ["ST34-002">ST34-002]
RZ1|224|1|Don|5|0|9|201|1|1|1|0|0
RZ1|CHK|224|1|33|6|3|3|1|3|5|0|1|6
[Opponent] Krieg ["OP15-001">OP15-001]: Rest Charlotte Cracker ["ST34-002">ST34-002]
[Opponent] Arlong ["OP15-023">OP15-023]: Attach 1 Rested Don to Baron Tamago & Pekoms ["ST34-005">ST34-005]
RZ1|225|1|Don|5|0|9|100|1|1|1|0|0
RZ1|CHK|225|1|33|6|3|3|1|2|5|0|1|7
[Opponent] Arlong ["OP15-023">OP15-023]: Attach 1 Rested Don to Krieg ["OP15-001">OP15-001]
RZ1|226|2|Don|5|0|9|9900|1|1|1|0|0
RZ1|CHK|226|2|34|3|4|3|0|9|6|0|1|1
[Opponent] Attach 1 Don to Arlong ["OP15-023">OP15-023] (1 Total)
RZ1|227|2|Don|5|8|9|0|1|1|0|0|0
RZ1|CHK|227|2|34|3|4|3|0|8|6|0|1|2
[Opponent] Attach 1 Don to Arlong ["OP15-023">OP15-023] (2 Total)
RZ1|228|2|Don|5|7|9|1|1|1|0|0|0
RZ1|CHK|228|2|34|3|4|3|0|7|6|0|1|3
[Opponent] Arlong ["OP15-023">OP15-023] attacking Charlotte Katakuri ["OP11-062">OP11-062]
Arlong ["OP15-023">OP15-023][7000] vs Charlotte Katakuri ["OP11-062">OP11-062][5000]
Charlotte Katakuri ["OP11-062">OP11-062] hit for 1 damage
RZ1|229|1|OP11-067|3|2|1|6|1|1|0|0|0
RZ1|CHK|229|1|33|7|3|2|1|2|5|0|1|7
[Opponent] Attach 1 Don to Morgan ["OP15-017">OP15-017] (1 Total)
RZ1|230|2|Don|5|6|9|100|1|1|0|0|0
RZ1|CHK|230|2|34|3|4|3|0|6|6|0|1|4
[Opponent] Morgan ["OP15-017">OP15-017] attacking Charlotte Katakuri ["OP11-062">OP11-062]
Morgan ["OP15-017">OP15-017][7000] vs Charlotte Katakuri ["OP11-062">OP11-062][5000]
Charlotte Katakuri ["OP11-062">OP11-062] hit for 1 damage
RZ1|231|1|PRB02-010|3|1|1|7|1|1|0|0|0
RZ1|CHK|231|1|33|8|3|1|1|2|5|0|1|7
[Opponent] Krieg ["OP15-001">OP15-001] attacking Charlotte Katakuri ["OP11-062">OP11-062]
[You] Discard Charlotte Brulee ["ST34-003">ST34-003] for Counter 2000
RZ1|232|1|ST34-003|1|5|6|5|1|1|0|0|0
RZ1|CHK|232|1|33|7|3|1|1|2|6|0|1|7
Krieg ["OP15-001">OP15-001][6000] vs Charlotte Katakuri ["OP11-062">OP11-062][7000]
Attack Fails
[Opponent] Krieg ["OP15-008">OP15-008] attacking Charlotte Katakuri ["OP11-062">OP11-062]
Krieg ["OP15-008">OP15-008][9000] vs Charlotte Katakuri ["OP11-062">OP11-062][5000]
Charlotte Katakuri ["OP11-062">OP11-062] hit for 1 damage
RZ1|233|1|OP07-077|3|0|1|7|1|1|0|0|0
RZ1|CHK|233|1|33|8|3|0|1|2|6|0|1|7
[You] We're Going to Claim the One Piece!!! ["OP07-077">OP07-077]: Activate Trigger
RZ1|234|1|OP07-077|1|7|6|6|1|1|0|0|0
RZ1|CHK|234|1|33|7|3|0|1|2|7|0|1|7
RZ1|235|1|OP11-070|0|28|1|7|1|1|0|0|0
RZ1|CHK|235|1|32|8|3|0|1|2|7|0|1|7
[You] We're Going to Claim the One Piece!!! ["OP07-077">OP07-077]: <b>Reveal and Draw Charlotte Pudding ["OP11-070">OP11-070]</b>
[You] Placing Cards on Bottom of Deck
RZ1|236|1|PRB02-010|0|31|0|0|0|0|0|0|0
RZ1|CHK|236|1|32|8|3|0|1|2|7|0|1|7
RZ1|237|1|OP15-078|0|31|0|0|0|0|0|0|0
RZ1|CHK|237|1|32|8|3|0|1|2|7|0|1|7
RZ1|238|1|OP08-069|0|31|0|0|0|0|0|0|0
RZ1|CHK|238|1|32|8|3|0|1|2|7|0|1|7
RZ1|239|1|OP07-077|0|31|0|0|0|0|0|0|0
RZ1|CHK|239|1|32|8|3|0|1|2|7|0|1|7
[] Hand: [OP13-040,OP13-040,EB04-004]
[] Board: [OP15-023,OP15-017,OP15-008,EB04-004]
[] Trash: [OP15-037,OP15-026,OP15-026,OP15-012,OP15-026,OP15-027]
[] Life: 3
[] Hand: [OP11-067,OP08-069,OP11-073,ST34-004,OP11-067,OP11-067,PRB02-010,OP11-070]
[] Trash: [ST34-005,OP07-077,ST34-001,ST34-002,OP11-070,ST34-003,OP07-077]
[] Board: [ST34-003,ST34-005,ST34-002]
[] Life: 0
[Opponent] End Turn
[] Hand: [OP11-067,OP08-069,OP11-073,ST34-004,OP11-067,OP11-067,PRB02-010,OP11-070]
[] Board: [ST34-003,ST34-005,ST34-002]
[] Trash: [ST34-005,OP07-077,ST34-001,ST34-002,OP11-070,ST34-003,OP07-077]
[] Life: 0
[] Hand: [OP13-040,OP13-040,EB04-004]
[] Trash: [OP15-037,OP15-026,OP15-026,OP15-012,OP15-026,OP15-027]
[] Board: [OP15-023,OP15-017,OP15-008,EB04-004]
[] Life: 3
RZ1|240|1|Don|9|0|5|0|1|1|1|0|0
RZ1|CHK|240|1|32|8|3|0|1|3|7|0|1|6
RZ1|241|1|Don|9|0|5|0|1|1|1|0|0
RZ1|CHK|241|1|32|8|3|0|1|4|7|0|1|5
RZ1|242|1|Don|9|0|5|0|1|1|1|0|0
RZ1|CHK|242|1|32|8|3|0|1|5|7|0|1|4
RZ1|243|1|Don|9|0|5|0|1|1|1|0|0
RZ1|CHK|243|1|32|8|3|0|1|6|7|0|1|3
RZ1|244|1|Don|9|100|5|0|1|1|1|0|0
RZ1|CHK|244|1|32|8|3|0|1|7|7|0|1|2
RZ1|245|1|Don|9|200|5|0|1|1|1|0|0
RZ1|CHK|245|1|32|8|3|0|1|8|7|0|1|1
RZ1|246|1|Don|9|200|5|0|1|1|1|0|0
RZ1|CHK|246|1|32|8|3|0|1|9|7|0|1|0
[You] Draw 1 Card
[] Drew card from deck: Charlotte Linlin ["ST34-004">ST34-004]
RZ1|247|1|ST34-004|0|31|1|8|1|1|0|0|0
RZ1|CHK|247|1|31|9|3|0|1|9|7|0|1|0
RZ1|248|1|Don|4|0|5|9|1|1|0|0|0
RZ1|CHK|248|1|31|9|3|0|0|10|7|0|1|0
[You] Draw 2 Don
[You] Charlotte Katakuri ["OP11-062">OP11-062] attacking Krieg ["OP15-001">OP15-001]
RZ1|249|1|Don|5|0|4|0|1|1|0|0|0
RZ1|CHK|249|1|31|9|3|0|1|9|7|0|1|0
[You] Charlotte Katakuri ["OP11-062">OP11-062]: Minus 1 Don
[You] Charlotte Katakuri ["OP11-062">OP11-062]: <b>Looked at opponent's top deck</b>
Charlotte Katakuri ["OP11-062">OP11-062][5000] vs Krieg ["OP15-001">OP15-001][5000]
Krieg ["OP15-001">OP15-001] hit for 1 damage
RZ1|250|2|OP15-009|3|2|1|3|1|1|0|0|0
RZ1|CHK|250|2|34|4|4|2|0|6|6|0|1|4
RZ1|251|1|Don|5|0|5|0|1|1|1|0|0
RZ1|CHK|251|1|31|9|3|0|1|9|7|0|1|0
RZ1|252|1|Don|5|1|5|1|1|1|1|0|0
RZ1|CHK|252|1|31|9|3|0|1|9|7|0|1|0
RZ1|253|1|Don|5|2|5|2|1|1|1|0|0
RZ1|CHK|253|1|31|9|3|0|1|9|7|0|1|0
RZ1|254|1|Don|5|3|5|3|1|1|1|0|0
RZ1|CHK|254|1|31|9|3|0|1|9|7|0|1|0
RZ1|255|1|Don|5|4|5|4|1|1|1|0|0
RZ1|CHK|255|1|31|9|3|0|1|9|7|0|1|0
RZ1|256|1|Don|5|5|5|5|1|1|1|0|0
RZ1|CHK|256|1|31|9|3|0|1|9|7|0|1|0
RZ1|257|1|Don|5|6|5|6|1|1|1|0|0
RZ1|CHK|257|1|31|9|3|0|1|9|7|0|1|0
RZ1|258|1|Don|5|7|5|7|1|1|1|0|0
RZ1|CHK|258|1|31|9|3|0|1|9|7|0|1|0
[You] Deploy Charlotte Katakuri ["OP11-067">OP11-067]
RZ1|259|1|OP11-067|1|0|2|3|1|1|0|-2000|0
RZ1|CHK|259|1|31|8|4|0|1|9|7|0|1|0
RZ1|260|1|Don|5|8|5|8|1|1|1|0|0
RZ1|CHK|260|1|31|8|4|0|1|9|7|0|1|0
[You] Deploy Charlotte Pudding ["OP11-070">OP11-070]
RZ1|261|1|OP11-070|1|6|2|4|1|1|0|-2000|0
RZ1|CHK|261|1|31|7|5|0|1|9|7|0|1|0
RZ1|262|1|ST34-002|0|29|1|7|1|1|0|0|0
RZ1|CHK|262|1|30|8|5|0|1|9|7|0|1|0
[You] Charlotte Pudding ["OP11-070">OP11-070]: <b>Reveal and Draw Charlotte Cracker ["ST34-002">ST34-002]</b>
[You] Placing Cards on Bottom of Deck
RZ1|263|1|OP13-076|0|29|0|0|0|0|0|0|0
RZ1|CHK|263|1|30|8|5|0|1|9|7|0|1|0
RZ1|264|1|ST34-001|0|29|0|0|0|0|0|0|0
RZ1|CHK|264|1|30|8|5|0|1|9|7|0|1|0
RZ1|265|1|OP15-069|0|29|0|0|0|0|0|0|0
RZ1|CHK|265|1|30|8|5|0|1|9|7|0|1|0
RZ1|266|1|ST18-001|0|29|0|0|0|0|0|0|0
RZ1|CHK|266|1|30|8|5|0|1|9|7|0|1|0
[You] Baron Tamago & Pekoms ["ST34-005">ST34-005] attacking Krieg ["OP15-001">OP15-001]
RZ1|267|1|Don|5|0|4|1|1|1|0|0|0
RZ1|CHK|267|1|30|8|5|0|2|8|7|0|1|0
[You] Baron Tamago & Pekoms ["ST34-005">ST34-005]: Minus 1 Don
[You] Baron Tamago & Pekoms ["ST34-005">ST34-005]: Destroy Charlotte Brulee ["ST34-003">ST34-003]
RZ1|268|1|ST34-003|2|0|6|7|1|1|0|0|0
RZ1|CHK|268|1|30|8|4|0|2|8|8|0|1|0
Baron Tamago & Pekoms ["ST34-005">ST34-005][2000] vs Krieg ["OP15-001">OP15-001][5000]
Attack Fails
Charlotte Katakuri ["OP11-067">OP11-067]: Draw 1 Rested Don
RZ1|269|1|Don|4|1|5|0|1|1|1|0|0
RZ1|CHK|269|1|30|8|4|0|1|9|8|0|1|0
[] Hand: [OP08-069,OP11-073,ST34-004,OP11-067,OP11-067,PRB02-010,ST34-004,ST34-002]
[] Board: [ST34-005,ST34-002,OP11-067,OP11-070]
[] Trash: [ST34-005,OP07-077,ST34-001,ST34-002,OP11-070,ST34-003,OP07-077,ST34-003]
[] Life: 0
[] Hand: [OP13-040,OP13-040,EB04-004,OP15-009]
[] Trash: [OP15-037,OP15-026,OP15-026,OP15-012,OP15-026,OP15-027]
[] Board: [OP15-023,OP15-017,OP15-008,EB04-004]
[] Life: 2
[You] End Turn
[] Hand: [OP13-040,OP13-040,EB04-004,OP15-009]
[] Board: [OP15-023,OP15-017,OP15-008,EB04-004]
[] Trash: [OP15-037,OP15-026,OP15-026,OP15-012,OP15-026,OP15-027]
[] Life: 2
[] Hand: [OP08-069,OP11-073,ST34-004,OP11-067,OP11-067,PRB02-010,ST34-004,ST34-002]
[] Trash: [ST34-005,OP07-077,ST34-001,ST34-002,OP11-070,ST34-003,OP07-077,ST34-003]
[] Board: [ST34-005,ST34-002,OP11-067,OP11-070]
[] Life: 0
RZ1|270|2|Don|9|9900|5|0|1|1|1|0|0
RZ1|CHK|270|2|34|4|4|2|0|7|6|0|1|3
RZ1|271|2|Don|9|0|5|0|1|1|1|0|0
RZ1|CHK|271|2|34|4|4|2|0|8|6|0|1|2
RZ1|272|2|Don|9|0|5|0|1|1|1|0|0
RZ1|CHK|272|2|34|4|4|2|0|9|6|0|1|1
RZ1|273|2|Don|9|100|5|0|1|1|1|0|0
RZ1|CHK|273|2|34|4|4|2|0|10|6|0|1|0
[Opponent] Draw 1 Card
[] Drew card from deck: Jango ["OP15-026">OP15-026]
RZ1|274|2|OP15-026|0|33|1|4|1|1|0|0|0
RZ1|CHK|274|2|33|5|4|2|0|10|6|0|1|0
[Opponent] Morgan ["OP15-017">OP15-017]: Attach 1 Rested Don to Charlotte Katakuri ["OP11-067">OP11-067]
RZ1|275|1|Don|5|0|9|200|1|1|1|0|0
RZ1|CHK|275|1|30|8|4|0|1|8|8|0|1|1
[Opponent] Morgan ["OP15-017">OP15-017]: Attach 1 Rested Don to Charlotte Katakuri ["OP11-067">OP11-067]
RZ1|276|1|Don|5|0|9|201|1|1|1|0|0
RZ1|CHK|276|1|30|8|4|0|1|7|8|0|1|2
[Opponent] Arlong ["OP15-023">OP15-023]: Attach 1 Rested Don to Charlotte Cracker ["ST34-002">ST34-002]
RZ1|277|1|Don|5|0|9|100|1|1|1|0|0
RZ1|CHK|277|1|30|8|4|0|1|6|8|0|1|3
[Opponent] Attach 1 Don to Krieg ["OP15-001">OP15-001] (1 Total)
RZ1|278|2|Don|5|0|9|9900|1|1|0|0|0
RZ1|CHK|278|2|33|5|4|2|0|9|6|0|1|1
[Opponent] Krieg ["OP15-001">OP15-001]: Rest Charlotte Katakuri ["OP11-067">OP11-067]
[Opponent] Zeff ["EB04-004">EB04-004] attacking Charlotte Katakuri ["OP11-062">OP11-062]
[Opponent] Zeff ["EB04-004">EB04-004]: Grant Krieg ["OP15-001">OP15-001] 2000 until opponent's next turn end
Zeff ["EB04-004">EB04-004][8000] vs Charlotte Katakuri ["OP11-062">OP11-062][5000]
Charlotte Katakuri ["OP11-062">OP11-062] hit for 1 damage
[You] <b>Downloaded the Combat Log!</b>
GameOver
