Version is 1.41b.40
[You] Leader is Charlotte Katakuri ["OP11-062">OP11-062]
RZ1|HDR|1.41b|2|RZ1
RZ1|PLY|1||OP11-062
RZ1|PLY|2||
[Opponent] Leader is Jinbe ["OP11-021">OP11-021]
RZ1|1|2|ST24-004|0|39|0|0|0|0|0|0|0
RZ1|CHK|1|2|50|0|0|0|10|0|0|0|1|0
RZ1|2|2|EB04-018|0|19|0|1|0|0|0|0|0
RZ1|CHK|2|2|50|0|0|0|10|0|0|0|1|0
RZ1|3|2|OP15-023|0|25|0|2|0|0|0|0|0
RZ1|CHK|3|2|50|0|0|0|10|0|0|0|1|0
RZ1|4|2|EB04-015|0|35|0|3|0|0|0|0|0
RZ1|CHK|4|2|50|0|0|0|10|0|0|0|1|0
RZ1|5|2|OP06-032|0|13|0|4|0|0|0|0|0
RZ1|CHK|5|2|50|0|0|0|10|0|0|0|1|0
RZ1|6|2|OP11-029|0|18|0|5|0|0|0|0|0
RZ1|CHK|6|2|50|0|0|0|10|0|0|0|1|0
RZ1|7|2|OP06-033|0|16|0|6|0|0|0|0|0
RZ1|CHK|7|2|50|0|0|0|10|0|0|0|1|0
RZ1|8|2|EB04-020|0|43|0|7|0|0|0|0|0
RZ1|CHK|8|2|50|0|0|0|10|0|0|0|1|0
RZ1|9|2|OP11-028|0|25|0|8|0|0|0|0|0
RZ1|CHK|9|2|50|0|0|0|10|0|0|0|1|0
RZ1|10|2|OP15-023|0|26|0|9|0|0|0|0|0
RZ1|CHK|10|2|50|0|0|0|10|0|0|0|1|0
RZ1|11|2|P-063|0|29|0|10|0|0|0|0|0
RZ1|CHK|11|2|50|0|0|0|10|0|0|0|1|0
RZ1|12|2|OP06-035|0|39|0|11|0|0|0|0|0
RZ1|CHK|12|2|50|0|0|0|10|0|0|0|1|0
RZ1|13|2|OP11-029|0|23|0|12|0|0|0|0|0
RZ1|CHK|13|2|50|0|0|0|10|0|0|0|1|0
RZ1|14|2|OP08-036|0|46|0|13|0|0|0|0|0
RZ1|CHK|14|2|50|0|0|0|10|0|0|0|1|0
RZ1|15|2|OP06-025|0|16|0|14|0|0|0|0|0
RZ1|CHK|15|2|50|0|0|0|10|0|0|0|1|0
RZ1|16|2|EB04-018|0|26|0|15|0|0|0|0|0
RZ1|CHK|16|2|50|0|0|0|10|0|0|0|1|0
RZ1|17|2|OP15-035|0|20|0|16|0|0|0|0|0
RZ1|CHK|17|2|50|0|0|0|10|0|0|0|1|0
RZ1|18|2|OP13-040|0|45|0|17|0|0|0|0|0
RZ1|CHK|18|2|50|0|0|0|10|0|0|0|1|0
RZ1|19|2|OP11-031|0|34|0|19|0|0|0|0|0
RZ1|CHK|19|2|50|0|0|0|10|0|0|0|1|0
RZ1|20|2|OP06-035|0|41|0|20|0|0|0|0|0
RZ1|CHK|20|2|50|0|0|0|10|0|0|0|1|0
RZ1|21|2|OP06-033|0|27|0|21|0|0|0|0|0
RZ1|CHK|21|2|50|0|0|0|10|0|0|0|1|0
RZ1|22|2|OP06-041|0|49|0|22|0|0|0|0|0
RZ1|CHK|22|2|50|0|0|0|10|0|0|0|1|0
RZ1|23|2|OP15-035|0|26|0|23|0|0|0|0|0
RZ1|CHK|23|2|50|0|0|0|10|0|0|0|1|0
RZ1|24|2|OP06-033|0|29|0|24|0|0|0|0|0
RZ1|CHK|24|2|50|0|0|0|10|0|0|0|1|0
RZ1|25|2|OP11-030|0|27|0|25|0|0|0|0|0
RZ1|CHK|25|2|50|0|0|0|10|0|0|0|1|0
RZ1|26|2|OP15-023|0|34|0|26|0|0|0|0|0
RZ1|CHK|26|2|50|0|0|0|10|0|0|0|1|0
RZ1|27|2|OP06-032|0|30|0|27|0|0|0|0|0
RZ1|CHK|27|2|50|0|0|0|10|0|0|0|1|0
RZ1|28|2|EB04-020|0|46|0|28|0|0|0|0|0
RZ1|CHK|28|2|50|0|0|0|10|0|0|0|1|0
RZ1|29|2|EB04-015|0|43|0|29|0|0|0|0|0
RZ1|CHK|29|2|50|0|0|0|10|0|0|0|1|0
RZ1|30|2|OP11-031|0|39|0|30|0|0|0|0|0
RZ1|CHK|30|2|50|0|0|0|10|0|0|0|1|0
RZ1|31|2|OP08-036|0|48|0|31|0|0|0|0|0
RZ1|CHK|31|2|50|0|0|0|10|0|0|0|1|0
RZ1|32|2|ST24-004|0|45|0|32|0|0|0|0|0
RZ1|CHK|32|2|50|0|0|0|10|0|0|0|1|0
RZ1|33|2|OP15-035|0|35|0|34|0|0|0|0|0
RZ1|CHK|33|2|50|0|0|0|10|0|0|0|1|0
RZ1|34|2|EB04-018|0|36|0|35|0|0|0|0|0
RZ1|CHK|34|2|50|0|0|0|10|0|0|0|1|0
RZ1|35|2|EB04-020|0|46|0|36|0|0|0|0|0
RZ1|CHK|35|2|50|0|0|0|10|0|0|0|1|0
RZ1|36|2|EB04-018|0|38|0|37|0|0|0|0|0
RZ1|CHK|36|2|50|0|0|0|10|0|0|0|1|0
RZ1|37|2|OP11-031|0|43|0|38|0|0|0|0|0
RZ1|CHK|37|2|50|0|0|0|10|0|0|0|1|0
RZ1|38|2|EB04-020|0|47|0|39|0|0|0|0|0
RZ1|CHK|38|2|50|0|0|0|10|0|0|0|1|0
RZ1|39|2|OP06-041|0|49|0|41|0|0|0|0|0
RZ1|CHK|39|2|50|0|0|0|10|0|0|0|1|0
RZ1|40|2|OP15-032|0|47|0|42|0|0|0|0|0
RZ1|CHK|40|2|50|0|0|0|10|0|0|0|1|0
RZ1|41|2|OP11-031|0|47|0|43|0|0|0|0|0
RZ1|CHK|41|2|50|0|0|0|10|0|0|0|1|0
RZ1|42|2|P-063|0|46|0|44|0|0|0|0|0
RZ1|CHK|42|2|50|0|0|0|10|0|0|0|1|0
RZ1|43|2|P-063|0|47|0|45|0|0|0|0|0
RZ1|CHK|43|2|50|0|0|0|10|0|0|0|1|0
RZ1|44|2|OP13-040|0|49|0|46|0|0|0|0|0
RZ1|CHK|44|2|50|0|0|0|10|0|0|0|1|0
RZ1|45|2|OP15-032|0|49|0|47|0|0|0|0|0
RZ1|CHK|45|2|50|0|0|0|10|0|0|0|1|0
RZ1|46|2|OP11-028|0|49|0|48|0|0|0|0|0
RZ1|CHK|46|2|50|0|0|0|10|0|0|0|1|0
[] Drew card from deck: Charlotte Brulee ["ST34-003">ST34-003]
RZ1|47|1|ST34-003|0|49|1|0|1|1|0|0|0
RZ1|CHK|47|1|49|1|0|0|10|0|0|0|1|0
[] Drew card from deck: Charlotte Katakuri ["ST34-001">ST34-001]
RZ1|48|1|ST34-001|0|48|1|1|1|1|0|0|0
RZ1|CHK|48|1|48|2|0|0|10|0|0|0|1|0
[] Drew card from deck: Charlotte Pudding ["OP11-070">OP11-070]
RZ1|49|1|OP11-070|0|47|1|2|1|1|0|0|0
RZ1|CHK|49|1|47|3|0|0|10|0|0|0|1|0
[] Drew card from deck: Charlotte Katakuri ["OP11-067">OP11-067]
RZ1|50|1|OP11-067|0|46|1|3|1|1|0|0|0
RZ1|CHK|50|1|46|4|0|0|10|0|0|0|1|0
[] Drew card from deck: Mamaragan ["OP15-078">OP15-078]
RZ1|51|1|OP15-078|0|45|1|4|1|1|0|0|0
RZ1|CHK|51|1|45|5|0|0|10|0|0|0|1|0
[] Drew card from deck: Lord of the Coast ["OP11-028">OP11-028]
RZ1|52|2|OP11-028|0|49|1|0|1|1|0|0|0
RZ1|CHK|52|2|49|1|0|0|10|0|0|0|1|0
[] Drew card from deck: Lord of the Coast ["OP11-028">OP11-028]
RZ1|53|2|OP11-028|0|48|1|1|1|1|0|0|0
RZ1|CHK|53|2|48|2|0|0|10|0|0|0|1|0
[] Drew card from deck: Brook ["OP15-032">OP15-032]
RZ1|54|2|OP15-032|0|47|1|2|1|1|0|0|0
RZ1|CHK|54|2|47|3|0|0|10|0|0|0|1|0
[] Drew card from deck: I Know You're Strong... So I'll Go All Out ["OP13-040">OP13-040]
RZ1|55|2|OP13-040|0|46|1|3|1|1|0|0|0
RZ1|CHK|55|2|46|4|0|0|10|0|0|0|1|0
[] Drew card from deck: Jinbe ["P-063">P-063]
RZ1|56|2|P-063|0|45|1|4|1|1|0|0|0
RZ1|CHK|56|2|45|5|0|0|10|0|0|0|1|0
RZ1|57|1|ST34-005|0|44|3|0|1|0|0|0|0
RZ1|CHK|57|1|44|5|0|1|10|0|0|0|1|0
RZ1|58|1|ST18-001|0|43|3|1|1|0|0|0|0
RZ1|CHK|58|1|43|5|0|2|10|0|0|0|1|0
RZ1|59|1|OP08-069|0|42|3|2|1|0|0|0|0
RZ1|CHK|59|1|42|5|0|3|10|0|0|0|1|0
RZ1|60|1|ST34-003|0|41|3|3|1|0|0|0|0
RZ1|CHK|60|1|41|5|0|4|10|0|0|0|1|0
RZ1|61|1|OP15-078|0|40|3|4|1|0|0|0|0
RZ1|CHK|61|1|40|5|0|5|10|0|0|0|1|0
RZ1|62|2|OP11-028|1|0|0|45|0|0|0|0|0
RZ1|CHK|62|2|46|4|0|0|10|0|0|0|1|0
RZ1|63|2|OP11-028|1|0|0|46|0|0|0|0|0
RZ1|CHK|63|2|47|3|0|0|10|0|0|0|1|0
RZ1|64|2|OP15-032|1|0|0|47|0|0|0|0|0
RZ1|CHK|64|2|48|2|0|0|10|0|0|0|1|0
RZ1|65|2|OP13-040|1|0|0|48|0|0|0|0|0
RZ1|CHK|65|2|49|1|0|0|10|0|0|0|1|0
RZ1|66|2|P-063|1|0|0|49|0|0|0|0|0
RZ1|CHK|66|2|50|0|0|0|10|0|0|0|1|0
RZ1|67|2|EB04-015|0|29|0|0|0|0|0|0|0
RZ1|CHK|67|2|50|0|0|0|10|0|0|0|1|0
RZ1|68|2|OP08-036|0|14|0|1|0|0|0|0|0
RZ1|CHK|68|2|50|0|0|0|10|0|0|0|1|0
RZ1|69|2|OP15-035|0|34|0|2|0|0|0|0|0
RZ1|CHK|69|2|50|0|0|0|10|0|0|0|1|0
RZ1|70|2|P-063|0|49|0|3|0|0|0|0|0
RZ1|CHK|70|2|50|0|0|0|10|0|0|0|1|0
RZ1|71|2|OP13-040|0|49|0|4|0|0|0|0|0
RZ1|CHK|71|2|50|0|0|0|10|0|0|0|1|0
RZ1|72|2|OP06-033|0|28|0|5|0|0|0|0|0
RZ1|CHK|72|2|50|0|0|0|10|0|0|0|1|0
RZ1|73|2|OP15-023|0|30|0|6|0|0|0|0|0
RZ1|CHK|73|2|50|0|0|0|10|0|0|0|1|0
RZ1|74|2|EB04-020|0|38|0|7|0|0|0|0|0
RZ1|CHK|74|2|50|0|0|0|10|0|0|0|1|0
RZ1|75|2|OP06-033|0|14|0|8|0|0|0|0|0
RZ1|CHK|75|2|50|0|0|0|10|0|0|0|1|0
RZ1|76|2|ST24-004|0|36|0|9|0|0|0|0|0
RZ1|CHK|76|2|50|0|0|0|10|0|0|0|1|0
RZ1|77|2|EB04-020|0|41|0|10|0|0|0|0|0
RZ1|CHK|77|2|50|0|0|0|10|0|0|0|1|0
RZ1|78|2|OP15-035|0|25|0|11|0|0|0|0|0
RZ1|CHK|78|2|50|0|0|0|10|0|0|0|1|0
RZ1|79|2|OP11-031|0|45|0|12|0|0|0|0|0
RZ1|CHK|79|2|50|0|0|0|10|0|0|0|1|0
RZ1|80|2|EB04-015|0|16|0|13|0|0|0|0|0
RZ1|CHK|80|2|50|0|0|0|10|0|0|0|1|0
RZ1|81|2|OP06-032|0|17|0|14|0|0|0|0|0
RZ1|CHK|81|2|50|0|0|0|10|0|0|0|1|0
RZ1|82|2|OP15-032|0|49|0|15|0|0|0|0|0
RZ1|CHK|82|2|50|0|0|0|10|0|0|0|1|0
RZ1|83|2|OP06-025|0|29|0|16|0|0|0|0|0
RZ1|CHK|83|2|50|0|0|0|10|0|0|0|1|0
RZ1|84|2|OP11-028|0|49|0|17|0|0|0|0|0
RZ1|CHK|84|2|50|0|0|0|10|0|0|0|1|0
RZ1|85|2|OP06-041|0|46|0|18|0|0|0|0|0
RZ1|CHK|85|2|50|0|0|0|10|0|0|0|1|0
RZ1|86|2|EB04-020|0|39|0|19|0|0|0|0|0
RZ1|CHK|86|2|50|0|0|0|10|0|0|0|1|0
RZ1|87|2|OP06-025|0|42|0|20|0|0|0|0|0
RZ1|CHK|87|2|50|0|0|0|10|0|0|0|1|0
RZ1|88|2|EB04-018|0|32|0|21|0|0|0|0|0
RZ1|CHK|88|2|50|0|0|0|10|0|0|0|1|0
RZ1|89|2|OP11-031|0|41|0|22|0|0|0|0|0
RZ1|CHK|89|2|50|0|0|0|10|0|0|0|1|0
RZ1|90|2|OP06-035|0|31|0|23|0|0|0|0|0
RZ1|CHK|90|2|50|0|0|0|10|0|0|0|1|0
RZ1|91|2|EB04-020|0|28|0|24|0|0|0|0|0
RZ1|CHK|91|2|50|0|0|0|10|0|0|0|1|0
RZ1|92|2|OP06-035|0|36|0|25|0|0|0|0|0
RZ1|CHK|92|2|50|0|0|0|10|0|0|0|1|0
RZ1|93|2|EB04-018|0|27|0|26|0|0|0|0|0
RZ1|CHK|93|2|50|0|0|0|10|0|0|0|1|0
RZ1|94|2|EB04-018|0|43|0|27|0|0|0|0|0
RZ1|CHK|94|2|50|0|0|0|10|0|0|0|1|0
RZ1|95|2|OP11-028|0|49|0|28|0|0|0|0|0
RZ1|CHK|95|2|50|0|0|0|10|0|0|0|1|0
RZ1|96|2|OP06-033|0|39|0|29|0|0|0|0|0
RZ1|CHK|96|2|50|0|0|0|10|0|0|0|1|0
RZ1|97|2|OP06-025|0|37|0|30|0|0|0|0|0
RZ1|CHK|97|2|50|0|0|0|10|0|0|0|1|0
RZ1|98|2|OP15-035|0|41|0|31|0|0|0|0|0
RZ1|CHK|98|2|50|0|0|0|10|0|0|0|1|0
RZ1|99|2|OP15-023|0|33|0|32|0|0|0|0|0
RZ1|CHK|99|2|50|0|0|0|10|0|0|0|1|0
RZ1|100|2|OP11-031|0|46|0|33|0|0|0|0|0
RZ1|CHK|100|2|50|0|0|0|10|0|0|0|1|0
RZ1|101|2|OP06-041|0|42|0|35|0|0|0|0|0
RZ1|CHK|101|2|50|0|0|0|10|0|0|0|1|0
RZ1|102|2|P-063|0|39|0|36|0|0|0|0|0
RZ1|CHK|102|2|50|0|0|0|10|0|0|0|1|0
RZ1|103|2|OP11-030|0|43|0|37|0|0|0|0|0
RZ1|CHK|103|2|50|0|0|0|10|0|0|0|1|0
RZ1|104|2|EB04-018|0|46|0|38|0|0|0|0|0
RZ1|CHK|104|2|50|0|0|0|10|0|0|0|1|0
RZ1|105|2|OP08-036|0|46|0|39|0|0|0|0|0
RZ1|CHK|105|2|50|0|0|0|10|0|0|0|1|0
RZ1|106|2|OP11-031|0|45|0|40|0|0|0|0|0
RZ1|CHK|106|2|50|0|0|0|10|0|0|0|1|0
RZ1|107|2|OP15-032|0|48|0|41|0|0|0|0|0
RZ1|CHK|107|2|50|0|0|0|10|0|0|0|1|0
RZ1|108|2|OP11-030|0|48|0|42|0|0|0|0|0
RZ1|CHK|108|2|50|0|0|0|10|0|0|0|1|0
RZ1|109|2|OP15-023|0|45|0|43|0|0|0|0|0
RZ1|CHK|109|2|50|0|0|0|10|0|0|0|1|0
RZ1|110|2|OP13-040|0|47|0|44|0|0|0|0|0
RZ1|CHK|110|2|50|0|0|0|10|0|0|0|1|0
RZ1|111|2|OP06-032|0|48|0|45|0|0|0|0|0
RZ1|CHK|111|2|50|0|0|0|10|0|0|0|1|0
RZ1|112|2|OP11-028|0|47|0|46|0|0|0|0|0
RZ1|CHK|112|2|50|0|0|0|10|0|0|0|1|0
RZ1|113|2|OP11-029|0|48|0|47|0|0|0|0|0
RZ1|CHK|113|2|50|0|0|0|10|0|0|0|1|0
RZ1|114|2|P-063|0|49|0|48|0|0|0|0|0
RZ1|CHK|114|2|50|0|0|0|10|0|0|0|1|0
[] Drew card from deck: Charlotte Praline ["OP11-029">OP11-029]
RZ1|115|2|OP11-029|0|49|1|0|1|1|0|0|0
RZ1|CHK|115|2|49|1|0|0|10|0|0|0|1|0
[] Drew card from deck: Jinbe ["P-063">P-063]
RZ1|116|2|P-063|0|48|1|1|1|1|0|0|0
RZ1|CHK|116|2|48|2|0|0|10|0|0|0|1|0
[] Drew card from deck: Charlotte Praline ["OP11-029">OP11-029]
RZ1|117|2|OP11-029|0|47|1|2|1|1|0|0|0
RZ1|CHK|117|2|47|3|0|0|10|0|0|0|1|0
[] Drew card from deck: Lord of the Coast ["OP11-028">OP11-028]
RZ1|118|2|OP11-028|0|46|1|3|1|1|0|0|0
RZ1|CHK|118|2|46|4|0|0|10|0|0|0|1|0
[] Drew card from deck: Hammond ["OP06-032">OP06-032]
RZ1|119|2|OP06-032|0|45|1|4|1|1|0|0|0
RZ1|CHK|119|2|45|5|0|0|10|0|0|0|1|0
RZ1|120|2|OP13-040|0|44|3|0|0|1|0|0|0
RZ1|CHK|120|2|44|5|0|1|10|0|0|0|1|0
RZ1|121|2|OP15-023|0|43|3|1|0|1|0|0|0
RZ1|CHK|121|2|43|5|0|2|10|0|0|0|1|0
RZ1|122|2|OP11-030|0|42|3|2|0|1|0|0|0
RZ1|CHK|122|2|42|5|0|3|10|0|0|0|1|0
RZ1|123|2|OP15-032|0|41|3|3|0|1|0|0|0
RZ1|CHK|123|2|41|5|0|4|10|0|0|0|1|0
RZ1|124|2|OP11-031|0|40|3|4|0|1|0|0|0
RZ1|CHK|124|2|40|5|0|5|10|0|0|0|1|0
[] Hand after Mulligan: [OP11-029,P-063,OP11-029,OP11-028,OP06-032]
[Opponent] Mulligan
[] Hand: [ST34-003,ST34-001,OP11-070,OP11-067,OP15-078]
[] Board: []
[] Trash: []
[] Life: 5
[] Hand: [OP11-029,P-063,OP11-029,OP11-028,OP06-032]
[] Trash: []
[] Board: []
[] Life: 5
RZ1|125|1|Don|4|9|5|0|1|1|0|0|0
RZ1|CHK|125|1|40|5|0|5|9|1|0|0|1|0
[You] Draw 1 Don
RZ1|126|1|Don|5|0|5|0|1|1|1|0|0
RZ1|CHK|126|1|40|5|0|5|9|1|0|0|1|0
[You] Deploy Charlotte Pudding ["OP11-070">OP11-070]
RZ1|127|1|OP11-070|1|2|2|0|1|1|0|0|0
RZ1|CHK|127|1|40|4|1|5|9|1|0|0|1|0
RZ1|128|1|OP11-067|0|39|1|4|1|1|0|0|0
RZ1|CHK|128|1|39|5|1|5|9|1|0|0|1|0
[You] Charlotte Pudding ["OP11-070">OP11-070]: <b>Reveal and Draw Charlotte Katakuri ["OP11-067">OP11-067]</b>
[You] Placing Cards on Bottom of Deck
RZ1|129|1|ST18-001|0|38|0|0|0|0|0|0|0
RZ1|CHK|129|1|39|5|1|5|9|1|0|0|1|0
RZ1|130|1|ST34-004|0|38|0|0|0|0|0|0|0
RZ1|CHK|130|1|39|5|1|5|9|1|0|0|1|0
RZ1|131|1|OP11-067|0|38|0|0|0|0|0|0|0
RZ1|CHK|131|1|39|5|1|5|9|1|0|0|1|0
RZ1|132|1|OP11-070|0|38|0|0|0|0|0|0|0
RZ1|CHK|132|1|39|5|1|5|9|1|0|0|1|0
[] Hand: [ST34-003,ST34-001,OP11-067,OP15-078,OP11-067]
[] Board: [OP11-070]
[] Trash: []
[] Life: 5
[] Hand: [OP11-029,P-063,OP11-029,OP11-028,OP06-032]
[] Trash: []
[] Board: []
[] Life: 5
[You] End Turn
[] Hand: [OP11-029,P-063,OP11-029,OP11-028,OP06-032]
[] Board: []
[] Trash: []
[] Life: 5
[] Hand: [ST34-003,ST34-001,OP11-067,OP15-078,OP11-067]
[] Trash: []
[] Board: [OP11-070]
[] Life: 5
[Opponent] Draw 1 Card
[] Drew card from deck: Electrical Luna ["OP08-036">OP08-036]
RZ1|133|2|OP08-036|0|39|1|5|1|1|0|0|0
RZ1|CHK|133|2|39|6|0|5|10|0|0|0|1|0
RZ1|134|2|Don|4|9|5|0|1|1|0|0|0
RZ1|CHK|134|2|39|6|0|5|9|1|0|0|1|0
RZ1|135|2|Don|4|8|5|1|1|1|0|0|0
RZ1|CHK|135|2|39|6|0|5|8|2|0|0|1|0
[Opponent] Draw 2 Don
RZ1|136|2|Don|5|0|5|0|1|1|1|0|0
RZ1|CHK|136|2|39|6|0|5|8|2|0|0|1|0
RZ1|137|2|Don|5|1|5|1|1|1|1|0|0
RZ1|CHK|137|2|39|6|0|5|8|2|0|0|1|0
[Opponent] Deploy Hammond ["OP06-032">OP06-032]
RZ1|138|2|OP06-032|1|4|2|0|1|1|0|0|0
RZ1|CHK|138|2|39|5|1|5|8|2|0|0|1|0
[Opponent] Jinbe ["OP11-021">OP11-021]: Activate 1 Don
RZ1|139|2|Don|5|1|5|1|1|1|0|0|0
RZ1|CHK|139|2|39|5|1|5|8|2|0|0|1|0
[] Hand: [OP11-029,P-063,OP11-029,OP11-028,OP08-036]
[] Board: [OP06-032]
[] Trash: []
[] Life: 5
[] Hand: [ST34-003,ST34-001,OP11-067,OP15-078,OP11-067]
[] Trash: []
[] Board: [OP11-070]
[] Life: 5
[Opponent] End Turn
[] Hand: [ST34-003,ST34-001,OP11-067,OP15-078,OP11-067]
[] Board: [OP11-070]
[] Trash: []
[] Life: 5
[] Hand: [OP11-029,P-063,OP11-029,OP11-028,OP08-036]
[] Trash: []
[] Board: [OP06-032]
[] Life: 5
[You] Draw 1 Card
[] Drew card from deck: Nola ["OP15-069">OP15-069]
RZ1|140|1|OP15-069|0|38|1|5|1|1|0|0|0
RZ1|CHK|140|1|38|6|1|5|9|1|0|0|1|0
RZ1|141|1|Don|4|8|5|1|1|1|0|0|0
RZ1|CHK|141|1|38|6|1|5|8|2|0|0|1|0
RZ1|142|1|Don|4|7|5|2|1|1|0|0|0
RZ1|CHK|142|1|38|6|1|5|7|3|0|0|1|0
[You] Draw 2 Don
RZ1|143|1|OP15-078|1|3|6|0|1|1|0|0|0
RZ1|CHK|143|1|38|5|1|5|7|3|1|0|1|0
RZ1|144|1|Don|5|0|4|7|1|1|0|0|0
RZ1|CHK|144|1|38|5|1|5|8|2|1|0|1|0
RZ1|145|1|Don|5|0|4|8|1|1|0|0|0
RZ1|CHK|145|1|38|5|1|5|9|1|1|0|1|0
[You] Mamaragan ["OP15-078">OP15-078]: Minus 2 Don
[] Drew card from deck: Charlotte Brulee ["ST34-003">ST34-003]
RZ1|146|1|ST34-003|0|37|1|5|1|1|0|0|0
RZ1|CHK|146|1|37|6|1|5|9|1|1|0|1|0
[You] Mamaragan ["OP15-078">OP15-078]: Draw 1 Card
[You] Mamaragan ["OP15-078">OP15-078]: Rest Hammond ["OP06-032">OP06-032]
[You] Charlotte Katakuri ["OP11-062">OP11-062] attacking Hammond ["OP06-032">OP06-032]
Charlotte Katakuri ["OP11-062">OP11-062][5000] vs Hammond ["OP06-032">OP06-032][2000]
[Opponent] Hammond ["OP06-032">OP06-032] Destroyed
RZ1|147|2|OP06-032|2|0|6|0|1|1|0|0|0
RZ1|CHK|147|2|39|5|0|5|8|2|1|0|1|0
RZ1|148|1|Don|5|0|5|0|1|1|1|0|0
RZ1|CHK|148|1|37|6|1|5|9|1|1|0|1|0
[You] Deploy Charlotte Brulee ["ST34-003">ST34-003]
RZ1|149|1|ST34-003|1|0|2|1|1|1|0|0|0
RZ1|CHK|149|1|37|5|2|5|9|1|1|0|1|0
RZ1|150|1|OP11-070|0|36|1|5|1|1|0|0|0
RZ1|CHK|150|1|36|6|2|5|9|1|1|0|1|0
[You] Charlotte Brulee ["ST34-003">ST34-003]: <b>Reveal and Draw Charlotte Pudding ["OP11-070">OP11-070]</b>
[You] Placing Cards on Bottom of Deck
RZ1|151|1|OP13-076|0|35|0|0|0|0|0|0|0
RZ1|CHK|151|1|36|6|2|5|9|1|1|0|1|0
RZ1|152|1|OP07-077|0|35|0|0|0|0|0|0|0
RZ1|CHK|152|1|36|6|2|5|9|1|1|0|1|0
[] Hand: [ST34-001,OP11-067,OP11-067,OP15-069,ST34-003,OP11-070]
[] Board: [OP11-070,ST34-003]
[] Trash: [OP15-078]
[] Life: 5
[] Hand: [OP11-029,P-063,OP11-029,OP11-028,OP08-036]
[] Trash: [OP06-032]
[] Board: []
[] Life: 5
[You] End Turn
[] Hand: [OP11-029,P-063,OP11-029,OP11-028,OP08-036]
[] Board: []
[] Trash: [OP06-032]
[] Life: 5
[] Hand: [ST34-001,OP11-067,OP11-067,OP15-069,ST34-003,OP11-070]
[] Trash: [OP15-078]
[] Board: [OP11-070,ST34-003]
[] Life: 5
[Opponent] Draw 1 Card
[] Drew card from deck: Megalo ["EB04-018">EB04-018]
RZ1|153|2|EB04-018|0|38|1|5|1|1|0|0|0
RZ1|CHK|153|2|38|6|0|5|8|2|1|0|1|0
RZ1|154|2|Don|4|7|5|2|1|1|0|0|0
RZ1|CHK|154|2|38|6|0|5|7|3|1|0|1|0
RZ1|155|2|Don|4|6|5|3|1|1|0|0|0
RZ1|CHK|155|2|38|6|0|5|6|4|1|0|1|0
[Opponent] Draw 2 Don
RZ1|156|2|Don|5|0|5|0|1|1|1|0|0
RZ1|CHK|156|2|38|6|0|5|6|4|1|0|1|0
RZ1|157|2|Don|5|1|5|1|1|1|1|0|0
RZ1|CHK|157|2|38|6|0|5|6|4|1|0|1|0
RZ1|158|2|Don|5|2|5|2|1|1|1|0|0
RZ1|CHK|158|2|38|6|0|5|6|4|1|0|1|0
[Opponent] Deploy Charlotte Praline ["OP11-029">OP11-029]
RZ1|159|2|OP11-029|1|2|2|0|1|1|0|0|0
RZ1|CHK|159|2|38|5|1|5|6|4|1|0|1|0
[Opponent] Charlotte Praline ["OP11-029">OP11-029]: Rest Charlotte Pudding ["OP11-070">OP11-070]
[Opponent] Jinbe ["OP11-021">OP11-021] attacking Charlotte Pudding ["OP11-070">OP11-070]
Jinbe ["OP11-021">OP11-021][5000] vs Charlotte Pudding ["OP11-070">OP11-070][0]
[You] Charlotte Pudding ["OP11-070">OP11-070] Destroyed
RZ1|160|1|OP11-070|2|0|6|1|1|1|0|0|0
RZ1|CHK|160|1|36|6|1|5|9|1|2|0|1|0
[Opponent] Jinbe ["OP11-021">OP11-021]: Activate 1 Don
RZ1|161|2|Don|5|2|5|2|1|1|0|0|0
RZ1|CHK|161|2|38|5|1|5|6|4|1|0|1|0
[] Hand: [OP11-029,P-063,OP11-028,OP08-036,EB04-018]
[] Board: [OP11-029]
[] Trash: [OP06-032]
[] Life: 5
[] Hand: [ST34-001,OP11-067,OP11-067,OP15-069,ST34-003,OP11-070]
[] Trash: [OP15-078,OP11-070]
[] Board: [ST34-003]
[] Life: 5
[Opponent] End Turn
[] Hand: [ST34-001,OP11-067,OP11-067,OP15-069,ST34-003,OP11-070]
[] Board: [ST34-003]
[] Trash: [OP15-078,OP11-070]
[] Life: 5
[] Hand: [OP11-029,P-063,OP11-028,OP08-036,EB04-018]
[] Trash: [OP06-032]
[] Board: [OP11-029]
[] Life: 5
[You] Draw 1 Card
[] Drew card from deck: Baron Tamago & Pekoms ["ST34-005">ST34-005]
RZ1|162|1|ST34-005|0|35|1|6|1|1|0|0|0
RZ1|CHK|162|1|35|7|1|5|9|1|2|0|1|0
RZ1|163|1|Don|4|8|5|1|1|1|0|0|0
RZ1|CHK|163|1|35|7|1|5|8|2|2|0|1|0
RZ1|164|1|Don|4|7|5|2|1|1|0|0|0
RZ1|CHK|164|1|35|7|1|5|7|3|2|0|1|0
[You] Draw 2 Don
RZ1|165|1|Don|5|0|5|0|1|1|1|0|0
RZ1|CHK|165|1|35|7|1|5|7|3|2|0|1|0
RZ1|166|1|Don|5|1|5|1|1|1|1|0|0
RZ1|CHK|166|1|35|7|1|5|7|3|2|0|1|0
RZ1|167|1|Don|5|2|5|2|1|1|1|0|0
RZ1|CHK|167|1|35|7|1|5|7|3|2|0|1|0
[You] Deploy Baron Tamago & Pekoms ["ST34-005">ST34-005]
RZ1|168|1|ST34-005|1|6|2|1|1|1|0|0|0
RZ1|CHK|168|1|35|6|2|5|7|3|2|0|1|0
[You] Charlotte Katakuri ["OP11-062">OP11-062] attacking Jinbe ["OP11-021">OP11-021]
[Opponent] Discard Charlotte Praline ["OP11-029">OP11-029] for Counter 1000
RZ1|169|2|OP11-029|1|0|6|1|1|1|0|0|0
RZ1|CHK|169|2|38|4|1|5|6|4|2|0|1|0
Charlotte Katakuri ["OP11-062">OP11-062][5000] vs Jinbe ["OP11-021">OP11-021][6000]
Attack Fails
[] Hand: [ST34-001,OP11-067,OP11-067,OP15-069,ST34-003,OP11-070]
[] Board: [ST34-003,ST34-005]
[] Trash: [OP15-078,OP11-070]
[] Life: 5
[] Hand: [P-063,OP11-028,OP08-036,EB04-018]
[] Trash: [OP06-032,OP11-029]
[] Board: [OP11-029]
[] Life: 5
[You] End Turn
[] Hand: [P-063,OP11-028,OP08-036,EB04-018]
[] Board: [OP11-029]
[] Trash: [OP06-032,OP11-029]
[] Life: 5
[] Hand: [ST34-001,OP11-067,OP11-067,OP15-069,ST34-003,OP11-070]
[] Trash: [OP15-078,OP11-070]
[] Board: [ST34-003,ST34-005]
[] Life: 5
[Opponent] Draw 1 Card
[] Drew card from deck: Shirahoshi ["OP11-030">OP11-030]
RZ1|170|2|OP11-030|0|37|1|4|1|1|0|0|0
RZ1|CHK|170|2|37|5|1|5|6|4|2|0|1|0
RZ1|171|2|Don|4|5|5|4|1|1|0|0|0
RZ1|CHK|171|2|37|5|1|5|5|5|2|0|1|0
RZ1|172|2|Don|4|4|5|5|1|1|0|0|0
RZ1|CHK|172|2|37|5|1|5|4|6|2|0|1|0
[Opponent] Draw 2 Don
RZ1|173|2|Don|5|0|5|0|1|1|1|0|0
RZ1|CHK|173|2|37|5|1|5|4|6|2|0|1|0
[Opponent] Deploy Shirahoshi ["OP11-030">OP11-030]
RZ1|174|2|OP11-030|1|4|2|1|1|1|0|0|0
RZ1|CHK|174|2|37|4|2|5|4|6|2|0|1|0
[Opponent] Shirahoshi ["OP11-030">OP11-030]: Rest 1 Don
RZ1|175|2|Don|5|1|5|1|1|1|1|0|0
RZ1|CHK|175|2|37|4|2|5|4|6|2|0|1|0
[Opponent] Shirahoshi ["OP11-030">OP11-030]: Rest Shirahoshi ["OP11-030">OP11-030]
RZ1|176|2|OP11-031|0|33|1|4|1|1|0|0|0
RZ1|CHK|176|2|36|5|2|5|4|6|2|0|1|0
[Opponent] Shirahoshi ["OP11-030">OP11-030]: <b>Reveal and Draw Jinbe ["OP11-031">OP11-031]</b>
[Opponent] Placing Cards on Bottom of Deck
RZ1|177|2|P-063|0|35|0|0|0|0|0|0|0
RZ1|CHK|177|2|36|5|2|5|4|6|2|0|1|0
RZ1|178|2|OP06-041|0|35|0|0|0|0|0|0|0
RZ1|CHK|178|2|36|5|2|5|4|6|2|0|1|0
RZ1|179|2|ST24-004|0|35|0|0|0|0|0|0|0
RZ1|CHK|179|2|36|5|2|5|4|6|2|0|1|0
RZ1|180|2|OP15-023|0|35|0|0|0|0|0|0|0
RZ1|CHK|180|2|36|5|2|5|4|6|2|0|1|0
[Opponent] Attach 4 Don to Jinbe ["OP11-021">OP11-021] (4 Total)
RZ1|181|2|Don|5|5|9|9900|1|1|0|0|0
RZ1|CHK|181|2|36|5|2|5|4|5|2|0|1|1
RZ1|182|2|Don|5|4|9|9901|1|1|0|0|0
RZ1|CHK|182|2|36|5|2|5|4|4|2|0|1|2
RZ1|183|2|Don|5|2|9|9902|1|1|0|0|0
RZ1|CHK|183|2|36|5|2|5|4|3|2|0|1|3
RZ1|184|2|Don|5|2|9|9903|1|1|0|0|0
RZ1|CHK|184|2|36|5|2|5|4|2|2|0|1|4
[Opponent] Jinbe ["OP11-021">OP11-021] attacking Charlotte Katakuri ["OP11-062">OP11-062]
Jinbe ["OP11-021">OP11-021][9000] vs Charlotte Katakuri ["OP11-062">OP11-062][5000]
Charlotte Katakuri ["OP11-062">OP11-062] hit for 1 damage
RZ1|185|1|OP15-078|3|4|1|6|1|1|0|0|0
RZ1|CHK|185|1|35|7|2|4|7|3|2|0|1|0
[Opponent] Jinbe ["OP11-021">OP11-021]: Set Shirahoshi ["OP11-030">OP11-030] to Active
[Opponent] Jinbe ["OP11-021">OP11-021]: Activate 1 Don
RZ1|186|2|Don|5|1|5|1|1|1|0|0|0
RZ1|CHK|186|2|36|5|2|5|4|2|2|0|1|4
[] Hand: [P-063,OP11-028,OP08-036,EB04-018,OP11-031]
[] Board: [OP11-029,OP11-030]
[] Trash: [OP06-032,OP11-029]
[] Life: 5
[] Hand: [ST34-001,OP11-067,OP11-067,OP15-069,ST34-003,OP11-070,OP15-078]
[] Trash: [OP15-078,OP11-070]
[] Board: [ST34-003,ST34-005]
[] Life: 4
[Opponent] End Turn
[] Hand: [ST34-001,OP11-067,OP11-067,OP15-069,ST34-003,OP11-070,OP15-078]
[] Board: [ST34-003,ST34-005]
[] Trash: [OP15-078,OP11-070]
[] Life: 4
[] Hand: [P-063,OP11-028,OP08-036,EB04-018,OP11-031]
[] Trash: [OP06-032,OP11-029]
[] Board: [OP11-029,OP11-030]
[] Life: 5
[You] Draw 1 Card
[] Drew card from deck: Charlotte Katakuri ["ST34-001">ST34-001]
RZ1|187|1|ST34-001|0|34|1|7|1|1|0|0|0
RZ1|CHK|187|1|34|8|2|4|7|3|2|0|1|0
RZ1|188|1|Don|4|6|5|3|1|1|0|0|0
RZ1|CHK|188|1|34|8|2|4|6|4|2|0|1|0
RZ1|189|1|Don|4|5|5|4|1|1|0|0|0
RZ1|CHK|189|1|34|8|2|4|5|5|2|0|1|0
[You] Draw 2 Don
RZ1|190|1|Don|5|0|5|0|1|1|1|0|0
RZ1|CHK|190|1|34|8|2|4|5|5|2|0|1|0
[You] Deploy Charlotte Pudding ["OP11-070">OP11-070]
RZ1|191|1|OP11-070|1|5|2|2|1|1|0|0|0
RZ1|CHK|191|1|34|7|3|4|5|5|2|0|1|0
RZ1|192|1|PRB02-010|0|32|1|7|1|1|0|0|0
RZ1|CHK|192|1|33|8|3|4|5|5|2|0|1|0
[You] Charlotte Pudding ["OP11-070">OP11-070]: <b>Reveal and Draw Charlotte Pudding ["PRB02-010">PRB02-010]</b>
[You] Placing Cards on Bottom of Deck
RZ1|193|1|OP11-073|0|32|0|0|0|0|0|0|0
RZ1|CHK|193|1|33|8|3|4|5|5|2|0|1|0
RZ1|194|1|PRB02-010|0|32|0|0|0|0|0|0|0
RZ1|CHK|194|1|33|8|3|4|5|5|2|0|1|0
RZ1|195|1|OP15-069|0|32|0|0|0|0|0|0|0
RZ1|CHK|195|1|33|8|3|4|5|5|2|0|1|0
RZ1|196|1|ST34-004|0|32|0|0|0|0|0|0|0
RZ1|CHK|196|1|33|8|3|4|5|5|2|0|1|0
RZ1|197|1|OP15-078|1|5|6|2|1|1|0|0|0
RZ1|CHK|197|1|33|7|3|4|5|5|3|0|1|0
RZ1|198|1|Don|5|0|4|5|1|1|0|0|0
RZ1|CHK|198|1|33|7|3|4|6|4|3|0|1|0
RZ1|199|1|Don|5|0|4|6|1|1|0|0|0
RZ1|CHK|199|1|33|7|3|4|7|3|3|0|1|0
[You] Mamaragan ["OP15-078">OP15-078]: Minus 2 Don
[] Drew card from deck: We're Going to Claim the One Piece!!! ["OP07-077">OP07-077]
RZ1|200|1|OP07-077|0|32|1|7|1|1|0|0|0
RZ1|CHK|200|1|32|8|3|4|7|3|3|0|1|0
[You] Mamaragan ["OP15-078">OP15-078]: Draw 1 Card
[You] Mamaragan ["OP15-078">OP15-078]: Rest Charlotte Praline ["OP11-029">OP11-029]
[You] Baron Tamago & Pekoms ["ST34-005">ST34-005] attacking Charlotte Praline ["OP11-029">OP11-029]
RZ1|201|1|Don|5|0|4|7|1|1|0|0|0
RZ1|CHK|201|1|32|8|3|4|8|2|3|0|1|0
[You] Baron Tamago & Pekoms ["ST34-005">ST34-005]: Minus 1 Don
[You] Baron Tamago & Pekoms ["ST34-005">ST34-005]: Destroy Shirahoshi ["OP11-030">OP11-030]
RZ1|202|2|OP11-030|2|1|6|2|1|1|0|0|0
RZ1|CHK|202|2|36|5|1|5|4|2|3|0|1|4
Baron Tamago & Pekoms ["ST34-005">ST34-005][4000] vs Charlotte Praline ["OP11-029">OP11-029][4000]
[Opponent] Charlotte Praline ["OP11-029">OP11-029] Destroyed
RZ1|203|2|OP11-029|2|0|6|3|1|1|0|0|0
RZ1|CHK|203|2|36|5|0|5|4|2|4|0|1|4
[You] We're Going to Claim the One Piece!!! ["OP07-077">OP07-077]: Rest 1 Don
RZ1|204|1|Don|5|0|5|0|1|1|1|0|0
RZ1|CHK|204|1|32|8|3|4|8|2|3|0|1|0
RZ1|205|1|OP07-077|1|7|6|3|1|1|0|0|0
RZ1|CHK|205|1|32|7|3|4|8|2|4|0|1|0
RZ1|206|1|ST34-003|0|28|1|7|1|1|0|0|0
RZ1|CHK|206|1|31|8|3|4|8|2|4|0|1|0
[You] We're Going to Claim the One Piece!!! ["OP07-077">OP07-077]: <b>Reveal and Draw Charlotte Brulee ["ST34-003">ST34-003]</b>
[You] Placing Cards on Bottom of Deck
RZ1|207|1|OP08-069|0|30|0|0|0|0|0|0|0
RZ1|CHK|207|1|31|8|3|4|8|2|4|0|1|0
RZ1|208|1|OP15-078|0|30|0|0|0|0|0|0|0
RZ1|CHK|208|1|31|8|3|4|8|2|4|0|1|0
RZ1|209|1|PRB02-010|0|30|0|0|0|0|0|0|0
RZ1|CHK|209|1|31|8|3|4|8|2|4|0|1|0
RZ1|210|1|ST34-005|0|30|0|0|0|0|0|0|0
RZ1|CHK|210|1|31|8|3|4|8|2|4|0|1|0
RZ1|211|1|Don|5|1|5|1|1|1|1|0|0
RZ1|CHK|211|1|31|8|3|4|8|2|4|0|1|0
[You] Deploy Charlotte Brulee ["ST34-003">ST34-003]
RZ1|212|1|ST34-003|1|4|2|3|1|1|0|0|0
RZ1|CHK|212|1|31|7|4|4|8|2|4|0|1|0
RZ1|213|1|ST34-002|0|29|1|7|1|1|0|0|0
RZ1|CHK|213|1|30|8|4|4|8|2|4|0|1|0
[You] Charlotte Brulee ["ST34-003">ST34-003]: <b>Reveal and Draw Charlotte Cracker ["ST34-002">ST34-002]</b>
[You] Placing Cards on Bottom of Deck
RZ1|214|1|ST34-004|0|29|0|0|0|0|0|0|0
RZ1|CHK|214|1|30|8|4|4|8|2|4|0|1|0
RZ1|215|1|OP11-070|0|29|0|0|0|0|0|0|0
RZ1|CHK|215|1|30|8|4|4|8|2|4|0|1|0
[You] Charlotte Katakuri ["OP11-062">OP11-062] attacking Jinbe ["OP11-021">OP11-021]
Charlotte Katakuri ["OP11-062">OP11-062][5000] vs Jinbe ["OP11-021">OP11-021][5000]
Jinbe ["OP11-021">OP11-021] hit for 1 damage
RZ1|216|2|OP11-031|3|4|1|5|1|1|0|0|0
RZ1|CHK|216|2|36|6|0|4|4|2|4|0|1|4
[] Hand: [ST34-001,OP11-067,OP11-067,OP15-069,ST34-001,PRB02-010,ST34-003,ST34-002]
[] Board: [ST34-003,ST34-005,OP11-070,ST34-003]
[] Trash: [OP15-078,OP11-070,OP15-078,OP07-077]
[] Life: 4
[] Hand: [P-063,OP11-028,OP08-036,EB04-018,OP11-031,OP11-031]
[] Trash: [OP06-032,OP11-029,OP11-030,OP11-029]
[] Board: []
[] Life: 4
[You] End Turn
[] Hand: [P-063,OP11-028,OP08-036,EB04-018,OP11-031,OP11-031]
[] Board: []
[] Trash: [OP06-032,OP11-029,OP11-030,OP11-029]
[] Life: 4
[] Hand: [ST34-001,OP11-067,OP11-067,OP15-069,ST34-001,PRB02-010,ST34-003,ST34-002]
[] Trash: [OP15-078,OP11-070,OP15-078,OP07-077]
[] Board: [ST34-003,ST34-005,OP11-070,ST34-003]
[] Life: 4
RZ1|217|2|Don|9|9900|5|0|1|1|1|0|0
RZ1|CHK|217|2|36|6|0|4|4|3|4|0|1|3
RZ1|218|2|Don|9|9900|5|0|1|1|1|0|0
RZ1|CHK|218|2|36|6|0|4|4|4|4|0|1|2
RZ1|219|2|Don|9|9900|5|0|1|1|1|0|0
RZ1|CHK|219|2|36|6|0|4|4|5|4|0|1|1
RZ1|220|2|Don|9|9900|5|0|1|1|1|0|0
RZ1|CHK|220|2|36|6|0|4|4|6|4|0|1|0
[Opponent] Draw 1 Card
[] Drew card from deck: Laboon ["OP15-035">OP15-035]
RZ1|221|2|OP15-035|0|35|1|6|1|1|0|0|0
RZ1|CHK|221|2|35|7|0|4|4|6|4|0|1|0
RZ1|222|2|Don|4|3|5|6|1|1|0|0|0
RZ1|CHK|222|2|35|7|0|4|3|7|4|0|1|0
RZ1|223|2|Don|4|2|5|7|1|1|0|0|0
RZ1|CHK|223|2|35|7|0|4|2|8|4|0|1|0
[Opponent] Draw 2 Don
RZ1|224|2|Don|5|0|5|0|1|1|1|0|0
RZ1|CHK|224|2|35|7|0|4|2|8|4|0|1|0
RZ1|225|2|Don|5|1|5|1|1|1|1|0|0
RZ1|CHK|225|2|35|7|0|4|2|8|4|0|1|0
RZ1|226|2|Don|5|2|5|2|1|1|1|0|0
RZ1|CHK|226|2|35|7|0|4|2|8|4|0|1|0
RZ1|227|2|Don|5|3|5|3|1|1|1|0|0
RZ1|CHK|227|2|35|7|0|4|2|8|4|0|1|0
RZ1|228|2|Don|5|4|5|4|1|1|1|0|0
RZ1|CHK|228|2|35|7|0|4|2|8|4|0|1|0
RZ1|229|2|Don|5|5|5|5|1|1|1|0|0
RZ1|CHK|229|2|35|7|0|4|2|8|4|0|1|0
[Opponent] Deploy Jinbe ["OP11-031">OP11-031]
RZ1|230|2|OP11-031|1|5|2|0|1|1|0|0|0
RZ1|CHK|230|2|35|6|1|4|2|8|4|0|1|0
[Opponent] Jinbe ["OP11-031">OP11-031]: Rest Charlotte Pudding ["OP11-070">OP11-070]
[Opponent] Attach 1 Don to Jinbe ["OP11-021">OP11-021] (1 Total)
RZ1|231|2|Don|5|7|9|9900|1|1|0|0|0
RZ1|CHK|231|2|35|6|1|4|2|7|4|0|1|1
[Opponent] Jinbe ["OP11-021">OP11-021] attacking Baron Tamago & Pekoms ["ST34-005">ST34-005]
Jinbe ["OP11-021">OP11-021][6000] vs Baron Tamago & Pekoms ["ST34-005">ST34-005][4000]
[You] Baron Tamago & Pekoms ["ST34-005">ST34-005] Destroyed
RZ1|232|1|ST34-005|2|1|6|4|1|1|0|0|0
RZ1|CHK|232|1|30|8|3|4|8|2|5|0|1|0
[Opponent] Jinbe ["OP11-021">OP11-021]: Activate 1 Don
RZ1|233|2|Don|5|5|5|5|1|1|0|0|0
RZ1|CHK|233|2|35|6|1|4|2|7|4|0|1|1
[] Hand: [P-063,OP11-028,OP08-036,EB04-018,OP11-031,OP15-035]
[] Board: [OP11-031]
[] Trash: [OP06-032,OP11-029,OP11-030,OP11-029]
[] Life: 4
[] Hand: [ST34-001,OP11-067,OP11-067,OP15-069,ST34-001,PRB02-010,ST34-003,ST34-002]
[] Trash: [OP15-078,OP11-070,OP15-078,OP07-077,ST34-005]
[] Board: [ST34-003,OP11-070,ST34-003]
[] Life: 4
[Opponent] End Turn
[] Hand: [ST34-001,OP11-067,OP11-067,OP15-069,ST34-001,PRB02-010,ST34-003,ST34-002]
[] Board: [ST34-003,OP11-070,ST34-003]
[] Trash: [OP15-078,OP11-070,OP15-078,OP07-077,ST34-005]
[] Life: 4
[] Hand: [P-063,OP11-028,OP08-036,EB04-018,OP11-031,OP15-035]
[] Trash: [OP06-032,OP11-029,OP11-030,OP11-029]
[] Board: [OP11-031]
[] Life: 4
[You] Draw 1 Card
[] Drew card from deck: Charlotte Cracker ["ST34-002">ST34-002]
RZ1|234|1|ST34-002|0|29|1|8|1|1|0|0|0
RZ1|CHK|234|1|29|9|3|4|8|2|5|0|1|0
RZ1|235|1|Don|4|7|5|2|1|1|0|0|0
RZ1|CHK|235|1|29|9|3|4|7|3|5|0|1|0
RZ1|236|1|Don|4|6|5|3|1|1|0|0|0
RZ1|CHK|236|1|29|9|3|4|6|4|5|0|1|0
[You] Draw 2 Don
RZ1|237|1|Don|5|0|5|0|1|1|1|0|0
RZ1|CHK|237|1|29|9|3|4|6|4|5|0|1|0
RZ1|238|1|Don|5|1|5|1|1|1|1|0|0
RZ1|CHK|238|1|29|9|3|4|6|4|5|0|1|0
RZ1|239|1|Don|5|2|5|2|1|1|1|0|0
RZ1|CHK|239|1|29|9|3|4|6|4|5|0|1|0
RZ1|240|1|Don|5|3|5|3|1|1|1|0|0
RZ1|CHK|240|1|29|9|3|4|6|4|5|0|1|0
[You] Deploy Charlotte Cracker ["ST34-002">ST34-002]
RZ1|241|1|ST34-002|1|7|2|3|1|1|0|0|0
RZ1|CHK|241|1|29|8|4|4|6|4|5|0|1|0
Charlotte Cracker ["ST34-002">ST34-002]: Draw 1 Rested Don
RZ1|242|1|Don|4|5|5|0|1|1|1|0|0
RZ1|CHK|242|1|29|8|4|4|5|5|5|0|1|0
[You] Charlotte Katakuri ["OP11-062">OP11-062] attacking Jinbe ["OP11-021">OP11-021]
Charlotte Katakuri ["OP11-062">OP11-062][5000] vs Jinbe ["OP11-021">OP11-021][5000]
Jinbe ["OP11-021">OP11-021] hit for 1 damage
RZ1|243|2|OP15-032|3|3|1|6|1|1|0|0|0
RZ1|CHK|243|2|35|7|1|3|2|7|4|0|1|1
[] Hand: [ST34-001,OP11-067,OP11-067,OP15-069,ST34-001,PRB02-010,ST34-003,ST34-002]
[] Board: [ST34-003,OP11-070,ST34-003,ST34-002]
[] Trash: [OP15-078,OP11-070,OP15-078,OP07-077,ST34-005]
[] Life: 4
[] Hand: [P-063,OP11-028,OP08-036,EB04-018,OP11-031,OP15-035,OP15-032]
[] Trash: [OP06-032,OP11-029,OP11-030,OP11-029]
[] Board: [OP11-031]
[] Life: 3
[You] End Turn
[] Hand: [P-063,OP11-028,OP08-036,EB04-018,OP11-031,OP15-035,OP15-032]
[] Board: [OP11-031]
[] Trash: [OP06-032,OP11-029,OP11-030,OP11-029]
[] Life: 3
[] Hand: [ST34-001,OP11-067,OP11-067,OP15-069,ST34-001,PRB02-010,ST34-003,ST34-002]
[] Trash: [OP15-078,OP11-070,OP15-078,OP07-077,ST34-005]
[] Board: [ST34-003,OP11-070,ST34-003,ST34-002]
[] Life: 4
RZ1|244|2|Don|9|9900|5|0|1|1|1|0|0
RZ1|CHK|244|2|35|7|1|3|2|8|4|0|1|0
[Opponent] Draw 1 Card
[] Drew card from deck: Camie ["OP06-025">OP06-025]
RZ1|245|2|OP06-025|0|34|1|7|1|1|0|0|0
RZ1|CHK|245|2|34|8|1|3|2|8|4|0|1|0
RZ1|246|2|Don|4|1|5|8|1|1|0|0|0
RZ1|CHK|246|2|34|8|1|3|1|9|4|0|1|0
RZ1|247|2|Don|4|0|5|9|1|1|0|0|0
RZ1|CHK|247|2|34|8|1|3|0|10|4|0|1|0
[Opponent] Draw 2 Don
[Opponent] Jinbe ["OP11-031">OP11-031] attacking Charlotte Katakuri ["OP11-062">OP11-062]
Jinbe ["OP11-031">OP11-031][8000] vs Charlotte Katakuri ["OP11-062">OP11-062][5000]
Charlotte Katakuri ["OP11-062">OP11-062] hit for 1 damage
RZ1|248|1|ST34-003|3|3|1|8|1|1|0|0|0
RZ1|CHK|248|1|29|9|4|3|5|5|5|0|1|0
[Opponent] Jinbe ["OP11-021">OP11-021] attacking Charlotte Katakuri ["OP11-062">OP11-062]
RZ1|249|1|Don|5|0|4|5|1|1|0|0|0
RZ1|CHK|249|1|29|9|4|3|6|4|5|0|1|0
[You] Charlotte Katakuri ["OP11-062">OP11-062]: Minus 1 Don
[You] Charlotte Katakuri ["OP11-062">OP11-062]: <b>Looked at opponent's top deck</b>
[You] Charlotte Katakuri ["OP11-062">OP11-062]: <b>Finished looking at opponent's top deck</b>
[You] Charlotte Katakuri ["OP11-062">OP11-062]: Buff Charlotte Katakuri ["OP11-062">OP11-062] 1000 for the Combat
Jinbe ["OP11-021">OP11-021][5000] vs Charlotte Katakuri ["OP11-062">OP11-062][6000]
Attack Fails
RZ1|250|2|Don|5|0|5|0|1|1|1|0|0
RZ1|CHK|250|2|34|8|1|3|0|10|4|0|1|0
RZ1|251|2|Don|5|1|5|1|1|1|1|0|0
RZ1|CHK|251|2|34|8|1|3|0|10|4|0|1|0
RZ1|252|2|Don|5|2|5|2|1|1|1|0|0
RZ1|CHK|252|2|34|8|1|3|0|10|4|0|1|0
RZ1|253|2|Don|5|3|5|3|1|1|1|0|0
RZ1|CHK|253|2|34|8|1|3|0|10|4|0|1|0
RZ1|254|2|Don|5|4|5|4|1|1|1|0|0
RZ1|CHK|254|2|34|8|1|3|0|10|4|0|1|0
RZ1|255|2|Don|5|5|5|5|1|1|1|0|0
RZ1|CHK|255|2|34|8|1|3|0|10|4|0|1|0
[Opponent] Deploy Brook ["OP15-032">OP15-032]
RZ1|256|2|OP15-032|1|6|2|1|1|1|0|0|0
RZ1|CHK|256|2|34|7|2|3|0|10|4|0|1|0
[Opponent] Brook ["OP15-032">OP15-032]: Rest Charlotte Cracker ["ST34-002">ST34-002]
RZ1|257|2|OP15-032|2|1|6|4|1|1|0|0|0
RZ1|CHK|257|2|34|7|1|3|0|10|5|0|1|0
[Opponent] Brook ["OP15-032">OP15-032]: Trash Brook ["OP15-032">OP15-032]
[Opponent] Brook ["OP15-032">OP15-032]: Set Jinbe ["OP11-031">OP11-031] to Active
RZ1|258|2|Don|5|6|5|6|1|1|1|0|0
RZ1|CHK|258|2|34|7|1|3|0|10|5|0|1|0
RZ1|259|2|Don|5|7|5|7|1|1|1|0|0
RZ1|CHK|259|2|34|7|1|3|0|10|5|0|1|0
RZ1|260|2|Don|5|8|5|8|1|1|1|0|0
RZ1|CHK|260|2|34|7|1|3|0|10|5|0|1|0
RZ1|261|2|Don|5|9|5|9|1|1|1|0|0
RZ1|CHK|261|2|34|7|1|3|0|10|5|0|1|0
[Opponent] Deploy Lord of the Coast ["OP11-028">OP11-028]
RZ1|262|2|OP11-028|1|1|2|1|1|1|0|0|0
RZ1|CHK|262|2|34|6|2|3|0|10|5|0|1|0
[Opponent] Lord of the Coast ["OP11-028">OP11-028]: Charlotte Cracker ["ST34-002">ST34-002] will not Activate during next Refresh
[Opponent] Jinbe ["OP11-031">OP11-031] attacking Charlotte Katakuri ["OP11-062">OP11-062]
Jinbe ["OP11-031">OP11-031][8000] vs Charlotte Katakuri ["OP11-062">OP11-062][5000]
Charlotte Katakuri ["OP11-062">OP11-062] hit for 1 damage
RZ1|263|1|OP08-069|3|2|1|9|1|1|0|0|0
RZ1|CHK|263|1|29|10|4|2|6|4|5|0|1|0
[Opponent] Jinbe ["OP11-021">OP11-021]: Set Jinbe ["OP11-031">OP11-031] to Active
[Opponent] Jinbe ["OP11-021">OP11-021]: Activate 1 Don
RZ1|264|2|Don|5|9|5|9|1|1|0|0|0
RZ1|CHK|264|2|34|6|2|3|0|10|5|0|1|0
[] Hand: [P-063,OP08-036,EB04-018,OP11-031,OP15-035,OP06-025]
[] Board: [OP11-031,OP11-028]
[] Trash: [OP06-032,OP11-029,OP11-030,OP11-029,OP15-032]
[] Life: 3
[] Hand: [ST34-001,OP11-067,OP11-067,OP15-069,ST34-001,PRB02-010,ST34-003,ST34-002,ST34-003,OP08-069]
[] Trash: [OP15-078,OP11-070,OP15-078,OP07-077,ST34-005]
[] Board: [ST34-003,OP11-070,ST34-003,ST34-002]
[] Life: 2
[Opponent] End Turn
[] Hand: [ST34-001,OP11-067,OP11-067,OP15-069,ST34-001,PRB02-010,ST34-003,ST34-002,ST34-003,OP08-069]
[] Board: [ST34-003,OP11-070,ST34-003,ST34-002]
[] Trash: [OP15-078,OP11-070,OP15-078,OP07-077,ST34-005]
[] Life: 2
[] Hand: [P-063,OP08-036,EB04-018,OP11-031,OP15-035,OP06-025]
[] Trash: [OP06-032,OP11-029,OP11-030,OP11-029,OP15-032]
[] Board: [OP11-031,OP11-028]
[] Life: 3
[You] Draw 1 Card
[] Drew card from deck: Charlotte Pudding ["PRB02-010">PRB02-010]
RZ1|265|1|PRB02-010|0|28|1|10|1|1|0|0|0
RZ1|CHK|265|1|28|11|4|2|6|4|5|0|1|0
RZ1|266|1|Don|4|5|5|4|1|1|0|0|0
RZ1|CHK|266|1|28|11|4|2|5|5|5|0|1|0
RZ1|267|1|Don|4|4|5|5|1|1|0|0|0
RZ1|CHK|267|1|28|11|4|2|4|6|5|0|1|0
[You] Draw 2 Don
RZ1|268|1|Don|5|0|5|0|1|1|1|0|0
RZ1|CHK|268|1|28|11|4|2|4|6|5|0|1|0
RZ1|269|1|Don|5|1|5|1|1|1|1|0|0
RZ1|CHK|269|1|28|11|4|2|4|6|5|0|1|0
RZ1|270|1|Don|5|2|5|2|1|1|1|0|0
RZ1|CHK|270|1|28|11|4|2|4|6|5|0|1|0
RZ1|271|1|Don|5|3|5|3|1|1|1|0|0
RZ1|CHK|271|1|28|11|4|2|4|6|5|0|1|0
RZ1|272|1|Don|5|4|5|4|1|1|1|0|0
RZ1|CHK|272|1|28|11|4|2|4|6|5|0|1|0
[You] Deploy Charlotte Katakuri ["ST34-001">ST34-001]
RZ1|273|1|ST34-001|1|0|2|4|1|1|0|0|0
RZ1|CHK|273|1|28|10|5|2|4|6|5|0|1|0
[You] Charlotte Katakuri ["OP11-062">OP11-062] attacking Jinbe ["OP11-021">OP11-021]
[Opponent] Discard Camie ["OP06-025">OP06-025] for Counter 1000
RZ1|274|2|OP06-025|1|5|6|5|1|1|0|0|0
RZ1|CHK|274|2|34|5|2|3|0|10|6|0|1|0
Charlotte Katakuri ["OP11-062">OP11-062][5000] vs Jinbe ["OP11-021">OP11-021][6000]
Attack Fails
[] Hand: [OP11-067,OP11-067,OP15-069,ST34-001,PRB02-010,ST34-003,ST34-002,ST34-003,OP08-069,PRB02-010]
[] Board: [ST34-003,OP11-070,ST34-003,ST34-002,ST34-001]
[] Trash: [OP15-078,OP11-070,OP15-078,OP07-077,ST34-005]
[] Life: 2
[] Hand: [P-063,OP08-036,EB04-018,OP11-031,OP15-035]
[] Trash: [OP06-032,OP11-029,OP11-030,OP11-029,OP15-032,OP06-025]
[] Board: [OP11-031,OP11-028]
[] Life: 3
[You] End Turn
[] Hand: [P-063,OP08-036,EB04-018,OP11-031,OP15-035]
[] Board: [OP11-031,OP11-028]
[] Trash: [OP06-032,OP11-029,OP11-030,OP11-029,OP15-032,OP06-025]
[] Life: 3
[] Hand: [OP11-067,OP11-067,OP15-069,ST34-001,PRB02-010,ST34-003,ST34-002,ST34-003,OP08-069,PRB02-010]
[] Trash: [OP15-078,OP11-070,OP15-078,OP07-077,ST34-005]
[] Board: [ST34-003,OP11-070,ST34-003,ST34-002,ST34-001]
[] Life: 2
[Opponent] Draw 1 Card
[] Drew card from deck: Vander Decken IX ["OP06-033">OP06-033]
RZ1|275|2|OP06-033|0|33|1|5|1|1|0|0|0
RZ1|CHK|275|2|33|6|2|3|0|10|6|0|1|0
RZ1|276|2|Don|5|0|5|0|1|1|1|0|0
RZ1|CHK|276|2|33|6|2|3|0|10|6|0|1|0
RZ1|277|2|Don|5|1|5|1|1|1|1|0|0
RZ1|CHK|277|2|33|6|2|3|0|10|6|0|1|0
[Opponent] Deploy Vander Decken IX ["OP06-033">OP06-033]
RZ1|278|2|OP06-033|1|5|2|2|1|1|0|0|0
RZ1|CHK|278|2|33|5|3|3|0|10|6|0|1|0
RZ1|279|2|OP11-031|1|3|6|6|1|1|0|0|0
RZ1|CHK|279|2|33|4|3|3|0|10|7|0|1|0
[Opponent] Vander Decken IX ["OP06-033">OP06-033]: Trash Jinbe ["OP11-031">OP11-031]
[Opponent] Vander Decken IX ["OP06-033">OP06-033]: Destroy Charlotte Cracker ["ST34-002">ST34-002]
RZ1|280|1|ST34-002|2|3|6|5|1|1|0|0|0
RZ1|CHK|280|1|28|10|4|2|4|6|6|0|1|0
[Opponent] Attach 1 Don to Lord of the Coast ["OP11-028">OP11-028] (1 Total)
RZ1|281|2|Don|5|9|9|100|1|1|0|0|0
RZ1|CHK|281|2|33|4|3|3|0|9|7|0|1|1
[Opponent] Attach 1 Don to Lord of the Coast ["OP11-028">OP11-028] (2 Total)
RZ1|282|2|Don|5|8|9|101|1|1|0|0|0
RZ1|CHK|282|2|33|4|3|3|0|8|7|0|1|2
[Opponent] Attach 1 Don to Lord of the Coast ["OP11-028">OP11-028] (3 Total)
RZ1|283|2|Don|5|7|9|102|1|1|0|0|0
RZ1|CHK|283|2|33|4|3|3|0|7|7|0|1|3
[Opponent] Lord of the Coast ["OP11-028">OP11-028] attacking Charlotte Katakuri ["OP11-062">OP11-062]
[You] Discard Nola ["OP15-069">OP15-069] for Counter 2000
RZ1|284|1|OP15-069|1|2|6|6|1|1|0|0|0
RZ1|CHK|284|1|28|9|4|2|4|6|7|0|1|0
[You] Discard Charlotte Pudding ["PRB02-010">PRB02-010] for Counter 1000
RZ1|285|1|PRB02-010|1|3|6|7|1|1|0|0|0
RZ1|CHK|285|1|28|8|4|2|4|6|8|0|1|0
[You] Discard Charlotte Pudding ["PRB02-010">PRB02-010] for Counter 1000
RZ1|286|1|PRB02-010|1|7|6|8|1|1|0|0|0
RZ1|CHK|286|1|28|7|4|2|4|6|9|0|1|0
Lord of the Coast ["OP11-028">OP11-028][8000] vs Charlotte Katakuri ["OP11-062">OP11-062][9000]
Attack Fails
[Opponent] Attach 1 Don to Jinbe ["OP11-031">OP11-031] (1 Total)
RZ1|287|2|Don|5|6|9|0|1|1|0|0|0
RZ1|CHK|287|2|33|4|3|3|0|6|7|0|1|4
[Opponent] Jinbe ["OP11-031">OP11-031] attacking Charlotte Katakuri ["OP11-062">OP11-062]
Jinbe ["OP11-031">OP11-031][9000] vs Charlotte Katakuri ["OP11-062">OP11-062][5000]
Charlotte Katakuri ["OP11-062">OP11-062] hit for 1 damage
RZ1|288|1|ST18-001|3|1|1|7|1|1|0|0|0
RZ1|CHK|288|1|28|8|4|1|4|6|9|0|1|0
[Opponent] Attach 1 Don to Jinbe ["OP11-021">OP11-021] (1 Total)
RZ1|289|2|Don|5|5|9|9900|1|1|0|0|0
RZ1|CHK|289|2|33|4|3|3|0|5|7|0|1|5
[Opponent] Attach 1 Don to Jinbe ["OP11-021">OP11-021] (2 Total)
RZ1|290|2|Don|5|4|9|9901|1|1|0|0|0
RZ1|CHK|290|2|33|4|3|3|0|4|7|0|1|6
[Opponent] Attach 1 Don to Jinbe ["OP11-021">OP11-021] (3 Total)
RZ1|291|2|Don|5|3|9|9902|1|1|0|0|0
RZ1|CHK|291|2|33|4|3|3|0|3|7|0|1|7
[Opponent] Attach 1 Don to Jinbe ["OP11-021">OP11-021] (4 Total)
RZ1|292|2|Don|5|2|9|9903|1|1|0|0|0
RZ1|CHK|292|2|33|4|3|3|0|2|7|0|1|8
[Opponent] Jinbe ["OP11-021">OP11-021] attacking Charlotte Katakuri ["OP11-062">OP11-062]
[You] Discard Charlotte Brulee ["ST34-003">ST34-003] for Counter 2000
RZ1|293|1|ST34-003|1|3|6|9|1|1|0|0|0
RZ1|CHK|293|1|28|7|4|1|4|6|10|0|1|0
[You] Discard Charlotte Brulee ["ST34-003">ST34-003] for Counter 2000
RZ1|294|1|ST34-003|1|4|6|10|1|1|0|0|0
RZ1|CHK|294|1|28|6|4|1|4|6|11|0|1|0
[You] Discard Charlotte Cracker ["ST34-002">ST34-002] for Counter 1000
RZ1|295|1|ST34-002|1|3|6|11|1|1|0|0|0
RZ1|CHK|295|1|28|5|4|1|4|6|12|0|1|0
Jinbe ["OP11-021">OP11-021][9000] vs Charlotte Katakuri ["OP11-062">OP11-062][10000]
Attack Fails
[Opponent] Jinbe ["OP11-021">OP11-021]: Set Jinbe ["OP11-031">OP11-031] to Active
[Opponent] Jinbe ["OP11-021">OP11-021]: Activate 1 Don
RZ1|296|2|Don|5|1|5|1|1|1|0|0|0
RZ1|CHK|296|2|33|4|3|3|0|2|7|0|1|8
[] Hand: [P-063,OP08-036,EB04-018,OP15-035]
[] Board: [OP11-031,OP11-028,OP06-033]
[] Trash: [OP06-032,OP11-029,OP11-030,OP11-029,OP15-032,OP06-025,OP11-031]
[] Life: 3
[] Hand: [OP11-067,OP11-067,ST34-001,OP08-069,ST18-001]
[] Trash: [OP15-078,OP11-070,OP15-078,OP07-077,ST34-005,ST34-002,OP15-069,PRB02-010,PRB02-010,ST34-003,ST34-003,ST34-002]
[] Board: [ST34-003,OP11-070,ST34-003,ST34-001]
[] Life: 1
[Opponent] End Turn
[] Hand: [OP11-067,OP11-067,ST34-001,OP08-069,ST18-001]
[] Board: [ST34-003,OP11-070,ST34-003,ST34-001]
[] Trash: [OP15-078,OP11-070,OP15-078,OP07-077,ST34-005,ST34-002,OP15-069,PRB02-010,PRB02-010,ST34-003,ST34-003,ST34-002]
[] Life: 1
[] Hand: [P-063,OP08-036,EB04-018,OP15-035]
[] Trash: [OP06-032,OP11-029,OP11-030,OP11-029,OP15-032,OP06-025,OP11-031]
[] Board: [OP11-031,OP11-028,OP06-033]
[] Life: 3
[You] Draw 1 Card
[] Drew card from deck: Charlotte Katakuri ["ST34-001">ST34-001]
RZ1|297|1|ST34-001|0|27|1|5|1|1|0|0|0
RZ1|CHK|297|1|27|6|4|1|4|6|12|0|1|0
RZ1|298|1|Don|4|3|5|6|1|1|0|0|0
RZ1|CHK|298|1|27|6|4|1|3|7|12|0|1|0
RZ1|299|1|Don|4|2|5|7|1|1|0|0|0
RZ1|CHK|299|1|27|6|4|1|2|8|12|0|1|0
[You] Draw 2 Don
[You] Charlotte Katakuri ["ST34-001">ST34-001] attacking Jinbe ["OP11-021">OP11-021]
[Opponent] Discard Laboon ["OP15-035">OP15-035] for Counter 2000
RZ1|300|2|OP15-035|1|3|6|7|1|1|0|0|0
RZ1|CHK|300|2|33|3|3|3|0|2|8|0|1|8
[Opponent] Discard Megalo ["EB04-018">EB04-018] for Counter 2000
RZ1|301|2|EB04-018|1|2|6|8|1|1|0|0|0
RZ1|CHK|301|2|33|2|3|3|0|2|9|0|1|8
Charlotte Katakuri ["ST34-001">ST34-001][7000] vs Jinbe ["OP11-021">OP11-021][9000]
Attack Fails
RZ1|302|1|Don|5|0|5|0|1|1|1|0|0
RZ1|CHK|302|1|27|6|4|1|2|8|12|0|1|0
RZ1|303|1|Don|5|1|5|1|1|1|1|0|0
RZ1|CHK|303|1|27|6|4|1|2|8|12|0|1|0
RZ1|304|1|Don|5|2|5|2|1|1|1|0|0
RZ1|CHK|304|1|27|6|4|1|2|8|12|0|1|0
RZ1|305|1|Don|5|3|5|3|1|1|1|0|0
RZ1|CHK|305|1|27|6|4|1|2|8|12|0|1|0
RZ1|306|1|Don|5|4|5|4|1|1|1|0|0
RZ1|CHK|306|1|27|6|4|1|2|8|12|0|1|0
RZ1|307|1|Don|5|5|5|5|1|1|1|0|0
RZ1|CHK|307|1|27|6|4|1|2|8|12|0|1|0
RZ1|308|1|Don|5|6|5|6|1|1|1|0|0
RZ1|CHK|308|1|27|6|4|1|2|8|12|0|1|0
RZ1|309|1|Don|5|7|5|7|1|1|1|0|0
RZ1|CHK|309|1|27|6|4|1|2|8|12|0|1|0
[You] Deploy Charlotte Katakuri ["OP11-067">OP11-067]
RZ1|310|1|OP11-067|1|0|2|4|1|1|0|0|0
RZ1|CHK|310|1|27|5|5|1|2|8|12|0|1|0
[You] Charlotte Katakuri ["OP11-062">OP11-062] attacking Jinbe ["OP11-021">OP11-021]
[Opponent] Discard Jinbe ["P-063">P-063] for Counter 2000
RZ1|311|2|P-063|1|0|6|9|1|1|0|0|0
RZ1|CHK|311|2|33|1|3|3|0|2|10|0|1|8
Charlotte Katakuri ["OP11-062">OP11-062][5000] vs Jinbe ["OP11-021">OP11-021][7000]
Attack Fails
Charlotte Katakuri ["OP11-067">OP11-067]: Draw 1 Rested Don
RZ1|312|1|Don|4|1|5|0|1|1|1|0|0
RZ1|CHK|312|1|27|5|5|1|1|9|12|0|1|0
[] Hand: [OP11-067,ST34-001,OP08-069,ST18-001,ST34-001]
[] Board: [ST34-003,OP11-070,ST34-003,ST34-001,OP11-067]
[] Trash: [OP15-078,OP11-070,OP15-078,OP07-077,ST34-005,ST34-002,OP15-069,PRB02-010,PRB02-010,ST34-003,ST34-003,ST34-002]
[] Life: 1
[] Hand: [OP08-036]
[] Trash: [OP06-032,OP11-029,OP11-030,OP11-029,OP15-032,OP06-025,OP11-031,OP15-035,EB04-018,P-063]
[] Board: [OP11-031,OP11-028,OP06-033]
[] Life: 3
[You] End Turn
[] Hand: [OP08-036]
[] Board: [OP11-031,OP11-028,OP06-033]
[] Trash: [OP06-032,OP11-029,OP11-030,OP11-029,OP15-032,OP06-025,OP11-031,OP15-035,EB04-018,P-063]
[] Life: 3
[] Hand: [OP11-067,ST34-001,OP08-069,ST18-001,ST34-001]
[] Trash: [OP15-078,OP11-070,OP15-078,OP07-077,ST34-005,ST34-002,OP15-069,PRB02-010,PRB02-010,ST34-003,ST34-003,ST34-002]
[] Board: [ST34-003,OP11-070,ST34-003,ST34-001,OP11-067]
[] Life: 1
RZ1|313|2|Don|9|9900|5|0|1|1|1|0|0
RZ1|CHK|313|2|33|1|3|3|0|3|10|0|1|7
RZ1|314|2|Don|9|9900|5|0|1|1|1|0|0
RZ1|CHK|314|2|33|1|3|3|0|4|10|0|1|6
RZ1|315|2|Don|9|9900|5|0|1|1|1|0|0
RZ1|CHK|315|2|33|1|3|3|0|5|10|0|1|5
RZ1|316|2|Don|9|9900|5|0|1|1|1|0|0
RZ1|CHK|316|2|33|1|3|3|0|6|10|0|1|4
RZ1|317|2|Don|9|0|5|0|1|1|1|0|0
RZ1|CHK|317|2|33|1|3|3|0|7|10|0|1|3
RZ1|318|2|Don|9|100|5|0|1|1|1|0|0
RZ1|CHK|318|2|33|1|3|3|0|8|10|0|1|2
RZ1|319|2|Don|9|100|5|0|1|1|1|0|0
RZ1|CHK|319|2|33|1|3|3|0|9|10|0|1|1
RZ1|320|2|Don|9|100|5|0|1|1|1|0|0
RZ1|CHK|320|2|33|1|3|3|0|10|10|0|1|0
[Opponent] Draw 1 Card
[] Drew card from deck: Lord of the Coast ["OP11-028">OP11-028]
RZ1|321|2|OP11-028|0|32|1|1|1|1|0|0|0
RZ1|CHK|321|2|32|2|3|3|0|10|10|0|1|0
[Opponent] Jinbe ["OP11-031">OP11-031] attacking Charlotte Katakuri ["OP11-062">OP11-062]
[You] Charlotte Katakuri ["OP11-067">OP11-067] Blocks
[You] Discard Usohachi ["ST18-001">ST18-001] for Counter 2000
RZ1|322|1|ST18-001|1|3|6|12|1|1|0|0|0
RZ1|CHK|322|1|27|4|5|1|1|9|13|0|1|0
Jinbe ["OP11-031">OP11-031][8000] vs Charlotte Katakuri ["OP11-067">OP11-067][10000]
Attack Fails
[Opponent] Attach 1 Don to Lord of the Coast ["OP11-028">OP11-028] (1 Total)
RZ1|323|2|Don|5|9|9|100|1|1|0|0|0
RZ1|CHK|323|2|32|2|3|3|0|9|10|0|1|1
[Opponent] Attach 1 Don to Lord of the Coast ["OP11-028">OP11-028] (2 Total)
RZ1|324|2|Don|5|8|9|101|1|1|0|0|0
RZ1|CHK|324|2|32|2|3|3|0|8|10|0|1|2
[Opponent] Attach 1 Don to Lord of the Coast ["OP11-028">OP11-028] (3 Total)
RZ1|325|2|Don|5|7|9|102|1|1|0|0|0
RZ1|CHK|325|2|32|2|3|3|0|7|10|0|1|3
[Opponent] Lord of the Coast ["OP11-028">OP11-028] attacking Charlotte Katakuri ["OP11-062">OP11-062]
Lord of the Coast ["OP11-028">OP11-028][8000] vs Charlotte Katakuri ["OP11-062">OP11-062][5000]
Charlotte Katakuri ["OP11-062">OP11-062] hit for 1 damage
RZ1|326|1|ST34-005|3|0|1|4|1|1|0|0|0
RZ1|CHK|326|1|27|5|5|0|1|9|13|0|1|0
[Opponent] Attach 7 Don to Jinbe ["OP11-021">OP11-021] (7 Total)
RZ1|327|2|Don|5|0|9|9900|1|1|0|0|0
RZ1|CHK|327|2|32|2|3|3|0|6|10|0|1|4
RZ1|328|2|Don|5|0|9|9901|1|1|0|0|0
RZ1|CHK|328|2|32|2|3|3|0|5|10|0|1|5
RZ1|329|2|Don|5|0|9|9902|1|1|0|0|0
RZ1|CHK|329|2|32|2|3|3|0|4|10|0|1|6
RZ1|330|2|Don|5|0|9|9903|1|1|0|0|0
RZ1|CHK|330|2|32|2|3|3|0|3|10|0|1|7
RZ1|331|2|Don|5|0|9|9904|1|1|0|0|0
RZ1|CHK|331|2|32|2|3|3|0|2|10|0|1|8
RZ1|332|2|Don|5|0|9|9905|1|1|0|0|0
RZ1|CHK|332|2|32|2|3|3|0|1|10|0|1|9
RZ1|333|2|Don|5|0|9|9906|1|1|0|0|0
RZ1|CHK|333|2|32|2|3|3|0|0|10|0|1|10
[Opponent] Jinbe ["OP11-021">OP11-021] attacking Charlotte Katakuri ["OP11-062">OP11-062]
Jinbe ["OP11-021">OP11-021][12000] vs Charlotte Katakuri ["OP11-062">OP11-062][5000]
Charlotte Katakuri ["OP11-062">OP11-062] hit for 1 damage
[You] <b>Downloaded the Combat Log!</b>
GameOver
