Version is 1.41b.40
[You] Leader is Charlotte Katakuri ["OP11-062">OP11-062]
RZ1|HDR|1.41b|2|RZ1
RZ1|PLY|1||OP11-062
RZ1|PLY|2||
[Opponent] Leader is Smoker ["OP02-093">OP02-093]
RZ1|1|2|EB02-044|0|2|0|0|0|0|0|0|0
RZ1|CHK|1|2|50|0|0|0|10|0|0|0|1|0
RZ1|2|2|ST19-003|0|38|0|1|0|0|0|0|0
RZ1|CHK|2|2|50|0|0|0|10|0|0|0|1|0
RZ1|3|2|OP02-098|0|8|0|2|0|0|0|0|0
RZ1|CHK|3|2|50|0|0|0|10|0|0|0|1|0
RZ1|4|2|ST19-002|0|35|0|3|0|0|0|0|0
RZ1|CHK|4|2|50|0|0|0|10|0|0|0|1|0
RZ1|5|2|ST19-003|0|37|0|4|0|0|0|0|0
RZ1|CHK|5|2|50|0|0|0|10|0|0|0|1|0
RZ1|6|2|ST06-008|0|33|0|5|0|0|0|0|0
RZ1|CHK|6|2|50|0|0|0|10|0|0|0|1|0
RZ1|7|2|ST06-016|0|47|0|6|0|0|0|0|0
RZ1|CHK|7|2|50|0|0|0|10|0|0|0|1|0
RZ1|8|2|OP02-106|0|17|0|7|0|0|0|0|0
RZ1|CHK|8|2|50|0|0|0|10|0|0|0|1|0
RZ1|9|2|ST06-006|0|31|0|8|0|0|0|0|0
RZ1|CHK|9|2|50|0|0|0|10|0|0|0|1|0
RZ1|10|2|OP02-098|0|17|0|9|0|0|0|0|0
RZ1|CHK|10|2|50|0|0|0|10|0|0|0|1|0
RZ1|11|2|ST06-017|0|48|0|10|0|0|0|0|0
RZ1|CHK|11|2|50|0|0|0|10|0|0|0|1|0
RZ1|12|2|OP03-078|0|26|0|11|0|0|0|0|0
RZ1|CHK|12|2|50|0|0|0|10|0|0|0|1|0
RZ1|13|2|OP02-119|0|45|0|12|0|0|0|0|0
RZ1|CHK|13|2|50|0|0|0|10|0|0|0|1|0
RZ1|14|2|OP02-114|0|25|0|13|0|0|0|0|0
RZ1|CHK|14|2|50|0|0|0|10|0|0|0|1|0
RZ1|15|2|OP02-121|0|27|0|14|0|0|0|0|0
RZ1|CHK|15|2|50|0|0|0|10|0|0|0|1|0
RZ1|16|2|ST19-002|0|37|0|15|0|0|0|0|0
RZ1|CHK|16|2|50|0|0|0|10|0|0|0|1|0
RZ1|17|2|OP02-114|0|27|0|16|0|0|0|0|0
RZ1|CHK|17|2|50|0|0|0|10|0|0|0|1|0
RZ1|18|2|ST19-003|0|40|0|17|0|0|0|0|0
RZ1|CHK|18|2|50|0|0|0|10|0|0|0|1|0
RZ1|19|2|OP02-096|0|23|0|18|0|0|0|0|0
RZ1|CHK|19|2|50|0|0|0|10|0|0|0|1|0
RZ1|20|2|ST06-016|0|48|0|19|0|0|0|0|0
RZ1|CHK|20|2|50|0|0|0|10|0|0|0|1|0
RZ1|21|2|OP03-089|0|32|0|20|0|0|0|0|0
RZ1|CHK|21|2|50|0|0|0|10|0|0|0|1|0
RZ1|22|2|OP03-089|0|32|0|21|0|0|0|0|0
RZ1|CHK|22|2|50|0|0|0|10|0|0|0|1|0
RZ1|23|2|OP05-091|0|34|0|22|0|0|0|0|0
RZ1|CHK|23|2|50|0|0|0|10|0|0|0|1|0
RZ1|24|2|OP05-091|0|35|0|23|0|0|0|0|0
RZ1|CHK|24|2|50|0|0|0|10|0|0|0|1|0
RZ1|25|2|OP02-098|0|29|0|24|0|0|0|0|0
RZ1|CHK|25|2|50|0|0|0|10|0|0|0|1|0
RZ1|26|2|OP02-110|0|32|0|25|0|0|0|0|0
RZ1|CHK|26|2|50|0|0|0|10|0|0|0|1|0
RZ1|27|2|EB02-050|0|44|0|26|0|0|0|0|0
RZ1|CHK|27|2|50|0|0|0|10|0|0|0|1|0
RZ1|28|2|ST06-006|0|38|0|27|0|0|0|0|0
RZ1|CHK|28|2|50|0|0|0|10|0|0|0|1|0
RZ1|29|2|OP02-121|0|36|0|29|0|0|0|0|0
RZ1|CHK|29|2|50|0|0|0|10|0|0|0|1|0
RZ1|30|2|OP07-085|0|38|0|30|0|0|0|0|0
RZ1|CHK|30|2|50|0|0|0|10|0|0|0|1|0
RZ1|31|2|ST06-006|0|39|0|31|0|0|0|0|0
RZ1|CHK|31|2|50|0|0|0|10|0|0|0|1|0
RZ1|32|2|OP02-110|0|38|0|32|0|0|0|0|0
RZ1|CHK|32|2|50|0|0|0|10|0|0|0|1|0
RZ1|33|2|OP02-119|0|46|0|33|0|0|0|0|0
RZ1|CHK|33|2|50|0|0|0|10|0|0|0|1|0
RZ1|34|2|OP02-098|0|38|0|34|0|0|0|0|0
RZ1|CHK|34|2|50|0|0|0|10|0|0|0|1|0
RZ1|35|2|OP02-096|0|37|0|35|0|0|0|0|0
RZ1|CHK|35|2|50|0|0|0|10|0|0|0|1|0
RZ1|36|2|ST19-002|0|43|0|36|0|0|0|0|0
RZ1|CHK|36|2|50|0|0|0|10|0|0|0|1|0
RZ1|37|2|EB02-050|0|46|0|37|0|0|0|0|0
RZ1|CHK|37|2|50|0|0|0|10|0|0|0|1|0
RZ1|38|2|ST06-006|0|43|0|40|0|0|0|0|0
RZ1|CHK|38|2|50|0|0|0|10|0|0|0|1|0
RZ1|39|2|ST19-003|0|45|0|42|0|0|0|0|0
RZ1|CHK|39|2|50|0|0|0|10|0|0|0|1|0
RZ1|40|2|ST19-002|0|45|0|44|0|0|0|0|0
RZ1|CHK|40|2|50|0|0|0|10|0|0|0|1|0
RZ1|41|2|ST19-004|0|46|0|45|0|0|0|0|0
RZ1|CHK|41|2|50|0|0|0|10|0|0|0|1|0
RZ1|42|2|ST06-017|0|49|0|48|0|0|0|0|0
RZ1|CHK|42|2|50|0|0|0|10|0|0|0|1|0
[] Drew card from deck: Nola ["OP15-069">OP15-069]
RZ1|43|1|OP15-069|0|49|1|0|1|1|0|0|0
RZ1|CHK|43|1|49|1|0|0|10|0|0|0|1|0
[] Drew card from deck: Charlotte Katakuri ["ST34-001">ST34-001]
RZ1|44|1|ST34-001|0|48|1|1|1|1|0|0|0
RZ1|CHK|44|1|48|2|0|0|10|0|0|0|1|0
[] Drew card from deck: Charlotte Cracker ["ST34-002">ST34-002]
RZ1|45|1|ST34-002|0|47|1|2|1|1|0|0|0
RZ1|CHK|45|1|47|3|0|0|10|0|0|0|1|0
[] Drew card from deck: Charlotte Pudding ["OP11-070">OP11-070]
RZ1|46|1|OP11-070|0|46|1|3|1|1|0|0|0
RZ1|CHK|46|1|46|4|0|0|10|0|0|0|1|0
[] Drew card from deck: Charlotte Katakuri ["OP11-067">OP11-067]
RZ1|47|1|OP11-067|0|45|1|4|1|1|0|0|0
RZ1|CHK|47|1|45|5|0|0|10|0|0|0|1|0
[] Drew card from deck: Liberation ["OP10-098">OP10-098]
RZ1|48|2|OP10-098|0|49|1|0|1|1|0|0|0
RZ1|CHK|48|2|49|1|0|0|10|0|0|0|1|0
[] Drew card from deck: Marineford ["ST06-017">ST06-017]
RZ1|49|2|ST06-017|0|48|1|1|1|1|0|0|0
RZ1|CHK|49|2|48|2|0|0|10|0|0|0|1|0
[] Drew card from deck: Six King Pistol ["OP03-097">OP03-097]
RZ1|50|2|OP03-097|0|47|1|2|1|1|0|0|0
RZ1|CHK|50|2|47|3|0|0|10|0|0|0|1|0
[] Drew card from deck: Brannew ["OP03-089">OP03-089]
RZ1|51|2|OP03-089|0|46|1|3|1|1|0|0|0
RZ1|CHK|51|2|46|4|0|0|10|0|0|0|1|0
[] Drew card from deck: Hina ["ST19-004">ST19-004]
RZ1|52|2|ST19-004|0|45|1|4|1|1|0|0|0
RZ1|CHK|52|2|45|5|0|0|10|0|0|0|1|0
RZ1|53|1|OP11-070|0|44|3|0|1|0|0|0|0
RZ1|CHK|53|1|44|5|0|1|10|0|0|0|1|0
RZ1|54|1|ST34-004|0|43|3|1|1|0|0|0|0
RZ1|CHK|54|1|43|5|0|2|10|0|0|0|1|0
RZ1|55|1|PRB02-010|0|42|3|2|1|0|0|0|0
RZ1|CHK|55|1|42|5|0|3|10|0|0|0|1|0
RZ1|56|1|ST34-005|0|41|3|3|1|0|0|0|0
RZ1|CHK|56|1|41|5|0|4|10|0|0|0|1|0
RZ1|57|1|OP11-067|0|40|3|4|1|0|0|0|0
RZ1|CHK|57|1|40|5|0|5|10|0|0|0|1|0
RZ1|58|2|ST19-002|0|44|3|0|0|1|0|0|0
RZ1|CHK|58|2|44|5|0|1|10|0|0|0|1|0
RZ1|59|2|OP02-106|0|43|3|1|0|1|0|0|0
RZ1|CHK|59|2|43|5|0|2|10|0|0|0|1|0
RZ1|60|2|ST19-003|0|42|3|2|0|1|0|0|0
RZ1|CHK|60|2|42|5|0|3|10|0|0|0|1|0
RZ1|61|2|OP02-096|0|41|3|3|0|1|0|0|0
RZ1|CHK|61|2|41|5|0|4|10|0|0|0|1|0
RZ1|62|2|ST06-006|0|40|3|4|0|1|0|0|0
RZ1|CHK|62|2|40|5|0|5|10|0|0|0|1|0
[] Hand: [OP15-069,ST34-001,ST34-002,OP11-070,OP11-067]
[] Board: []
[] Trash: []
[] Life: 5
[] Hand: [OP10-098,ST06-017,OP03-097,OP03-089,ST19-004]
[] Trash: []
[] Board: []
[] Life: 5
RZ1|63|1|Don|4|9|5|0|1|1|0|0|0
RZ1|CHK|63|1|40|5|0|5|9|1|0|0|1|0
[You] Draw 1 Don
[] Hand: [OP15-069,ST34-001,ST34-002,OP11-070,OP11-067]
[] Board: []
[] Trash: []
[] Life: 5
[] Hand: [OP10-098,ST06-017,OP03-097,OP03-089,ST19-004]
[] Trash: []
[] Board: []
[] Life: 5
[You] End Turn
[] Hand: [OP10-098,ST06-017,OP03-097,OP03-089,ST19-004]
[] Board: []
[] Trash: []
[] Life: 5
[] Hand: [OP15-069,ST34-001,ST34-002,OP11-070,OP11-067]
[] Trash: []
[] Board: []
[] Life: 5
[Opponent] Draw 1 Card
[] Drew card from deck: Sengoku ["EB02-044">EB02-044]
RZ1|64|2|EB02-044|0|39|1|5|1|1|0|0|0
RZ1|CHK|64|2|39|6|0|5|10|0|0|0|1|0
[Opponent] Quits!