Version is 1.41b.37
[You] Leader is Charlotte Katakuri ["OP11-062">OP11-062]
RZ1|HDR|1.41b|2|RZ1
RZ1|PLY|1||OP11-062
RZ1|PLY|2||
[Opponent] Leader is Jinbe ["OP14-040">OP14-040]
RZ1|1|2|EB01-023|0|19|0|0|0|0|0|0|0
RZ1|CHK|1|2|50|0|0|0|10|0|0|0|1|0
RZ1|2|2|OP14-042|0|7|0|1|0|0|0|0|0
RZ1|CHK|2|2|50|0|0|0|10|0|0|0|1|0
RZ1|3|2|OP08-047|0|40|0|2|0|0|0|0|0
RZ1|CHK|3|2|50|0|0|0|10|0|0|0|1|0
RZ1|4|2|ST17-002|0|36|0|3|0|0|0|0|0
RZ1|CHK|4|2|50|0|0|0|10|0|0|0|1|0
RZ1|5|2|OP07-051|0|39|0|4|0|0|0|0|0
RZ1|CHK|5|2|50|0|0|0|10|0|0|0|1|0
RZ1|6|2|OP07-040|0|29|0|5|0|0|0|0|0
RZ1|CHK|6|2|50|0|0|0|10|0|0|0|1|0
RZ1|7|2|EB01-023|0|24|0|6|0|0|0|0|0
RZ1|CHK|7|2|50|0|0|0|10|0|0|0|1|0
RZ1|8|2|OP15-047|0|23|0|7|0|0|0|0|0
RZ1|CHK|8|2|50|0|0|0|10|0|0|0|1|0
RZ1|9|2|OP15-052|0|19|0|8|0|0|0|0|0
RZ1|CHK|9|2|50|0|0|0|10|0|0|0|1|0
RZ1|10|2|OP14-042|0|15|0|9|0|0|0|0|0
RZ1|CHK|10|2|50|0|0|0|10|0|0|0|1|0
RZ1|11|2|OP14-042|0|15|0|10|0|0|0|0|0
RZ1|CHK|11|2|50|0|0|0|10|0|0|0|1|0
RZ1|12|2|ST17-002|0|36|0|11|0|0|0|0|0
RZ1|CHK|12|2|50|0|0|0|10|0|0|0|1|0
RZ1|13|2|EB01-023|0|27|0|12|0|0|0|0|0
RZ1|CHK|13|2|50|0|0|0|10|0|0|0|1|0
RZ1|14|2|OP15-052|0|24|0|13|0|0|0|0|0
RZ1|CHK|14|2|50|0|0|0|10|0|0|0|1|0
RZ1|15|2|OP07-040|0|28|0|14|0|0|0|0|0
RZ1|CHK|15|2|50|0|0|0|10|0|0|0|1|0
RZ1|16|2|OP07-045|0|31|0|15|0|0|0|0|0
RZ1|CHK|16|2|50|0|0|0|10|0|0|0|1|0
RZ1|17|2|ST17-002|0|37|0|16|0|0|0|0|0
RZ1|CHK|17|2|50|0|0|0|10|0|0|0|1|0
RZ1|18|2|OP14-050|0|25|0|17|0|0|0|0|0
RZ1|CHK|18|2|50|0|0|0|10|0|0|0|1|0
RZ1|19|2|EB01-023|0|30|0|18|0|0|0|0|0
RZ1|CHK|19|2|50|0|0|0|10|0|0|0|1|0
RZ1|20|2|OP14-042|0|23|0|19|0|0|0|0|0
RZ1|CHK|20|2|50|0|0|0|10|0|0|0|1|0
RZ1|21|2|OP15-052|0|28|0|20|0|0|0|0|0
RZ1|CHK|21|2|50|0|0|0|10|0|0|0|1|0
RZ1|22|2|ST17-002|0|37|0|21|0|0|0|0|0
RZ1|CHK|22|2|50|0|0|0|10|0|0|0|1|0
RZ1|23|2|OP06-058|0|49|0|22|0|0|0|0|0
RZ1|CHK|23|2|50|0|0|0|10|0|0|0|1|0
RZ1|24|2|OP07-051|0|40|0|23|0|0|0|0|0
RZ1|CHK|24|2|50|0|0|0|10|0|0|0|1|0
RZ1|25|2|OP15-052|0|31|0|24|0|0|0|0|0
RZ1|CHK|25|2|50|0|0|0|10|0|0|0|1|0
RZ1|26|2|OP14-050|0|29|0|25|0|0|0|0|0
RZ1|CHK|26|2|50|0|0|0|10|0|0|0|1|0
RZ1|27|2|OP15-047|0|33|0|26|0|0|0|0|0
RZ1|CHK|27|2|50|0|0|0|10|0|0|0|1|0
RZ1|28|2|OP07-040|0|35|0|27|0|0|0|0|0
RZ1|CHK|28|2|50|0|0|0|10|0|0|0|1|0
RZ1|29|2|ST17-003|0|34|0|29|0|0|0|0|0
RZ1|CHK|29|2|50|0|0|0|10|0|0|0|1|0
RZ1|30|2|OP07-046|0|32|0|30|0|0|0|0|0
RZ1|CHK|30|2|50|0|0|0|10|0|0|0|1|0
RZ1|31|2|OP14-049|0|44|0|31|0|0|0|0|0
RZ1|CHK|31|2|50|0|0|0|10|0|0|0|1|0
RZ1|32|2|OP07-045|0|37|0|32|0|0|0|0|0
RZ1|CHK|32|2|50|0|0|0|10|0|0|0|1|0
RZ1|33|2|OP07-047|0|40|0|33|0|0|0|0|0
RZ1|CHK|33|2|50|0|0|0|10|0|0|0|1|0
RZ1|34|2|OP07-045|0|39|0|34|0|0|0|0|0
RZ1|CHK|34|2|50|0|0|0|10|0|0|0|1|0
RZ1|35|2|OP07-057|0|49|0|35|0|0|0|0|0
RZ1|CHK|35|2|50|0|0|0|10|0|0|0|1|0
RZ1|36|2|OP14-049|0|47|0|36|0|0|0|0|0
RZ1|CHK|36|2|50|0|0|0|10|0|0|0|1|0
RZ1|37|2|OP08-047|0|45|0|37|0|0|0|0|0
RZ1|CHK|37|2|50|0|0|0|10|0|0|0|1|0
RZ1|38|2|OP08-047|0|46|0|38|0|0|0|0|0
RZ1|CHK|38|2|50|0|0|0|10|0|0|0|1|0
RZ1|39|2|OP14-050|0|42|0|39|0|0|0|0|0
RZ1|CHK|39|2|50|0|0|0|10|0|0|0|1|0
RZ1|40|2|OP14-049|0|47|0|40|0|0|0|0|0
RZ1|CHK|40|2|50|0|0|0|10|0|0|0|1|0
RZ1|41|2|OP08-047|0|47|0|41|0|0|0|0|0
RZ1|CHK|41|2|50|0|0|0|10|0|0|0|1|0
RZ1|42|2|OP07-057|0|49|0|42|0|0|0|0|0
RZ1|CHK|42|2|50|0|0|0|10|0|0|0|1|0
RZ1|43|2|OP07-045|0|47|0|43|0|0|0|0|0
RZ1|CHK|43|2|50|0|0|0|10|0|0|0|1|0
RZ1|44|2|OP07-040|0|47|0|44|0|0|0|0|0
RZ1|CHK|44|2|50|0|0|0|10|0|0|0|1|0
RZ1|45|2|EB03-026|0|48|0|46|0|0|0|0|0
RZ1|CHK|45|2|50|0|0|0|10|0|0|0|1|0
RZ1|46|2|OP14-049|0|49|0|48|0|0|0|0|0
RZ1|CHK|46|2|50|0|0|0|10|0|0|0|1|0
[] Drew card from deck: Baron Tamago & Pekoms ["ST34-005">ST34-005]
RZ1|47|1|ST34-005|0|49|1|0|1|1|0|0|0
RZ1|CHK|47|1|49|1|0|0|10|0|0|0|1|0
[] Drew card from deck: We're Going to Claim the One Piece!!! ["OP07-077">OP07-077]
RZ1|48|1|OP07-077|0|48|1|1|1|1|0|0|0
RZ1|CHK|48|1|48|2|0|0|10|0|0|0|1|0
[] Drew card from deck: We're Going to Claim the One Piece!!! ["OP07-077">OP07-077]
RZ1|49|1|OP07-077|0|47|1|2|1|1|0|0|0
RZ1|CHK|49|1|47|3|0|0|10|0|0|0|1|0
[] Drew card from deck: Usohachi ["ST18-001">ST18-001]
RZ1|50|1|ST18-001|0|46|1|3|1|1|0|0|0
RZ1|CHK|50|1|46|4|0|0|10|0|0|0|1|0
[] Drew card from deck: Charlotte Brulee ["ST34-003">ST34-003]
RZ1|51|1|ST34-003|0|45|1|4|1|1|0|0|0
RZ1|CHK|51|1|45|5|0|0|10|0|0|0|1|0
[] Drew card from deck: Chew ["OP14-050">OP14-050]
RZ1|52|2|OP14-050|0|49|1|0|1|1|0|0|0
RZ1|CHK|52|2|49|1|0|0|10|0|0|0|1|0
[] Drew card from deck: Jinbe ["OP14-049">OP14-049]
RZ1|53|2|OP14-049|0|48|1|1|1|1|0|0|0
RZ1|CHK|53|2|48|2|0|0|10|0|0|0|1|0
[] Drew card from deck: Sengoku ["OP07-046">OP07-046]
RZ1|54|2|OP07-046|0|47|1|2|1|1|0|0|0
RZ1|CHK|54|2|47|3|0|0|10|0|0|0|1|0
[] Drew card from deck: Boa Hancock ["EB03-026">EB03-026]
RZ1|55|2|EB03-026|0|46|1|3|1|1|0|0|0
RZ1|CHK|55|2|46|4|0|0|10|0|0|0|1|0
[] Drew card from deck: Sengoku ["OP07-046">OP07-046]
RZ1|56|2|OP07-046|0|45|1|4|1|1|0|0|0
RZ1|CHK|56|2|45|5|0|0|10|0|0|0|1|0
RZ1|57|1|OP07-077|0|44|3|0|1|0|0|0|0
RZ1|CHK|57|1|44|5|0|1|10|0|0|0|1|0
RZ1|58|1|ST34-005|0|43|3|1|1|0|0|0|0
RZ1|CHK|58|1|43|5|0|2|10|0|0|0|1|0
RZ1|59|1|OP13-076|0|42|3|2|1|0|0|0|0
RZ1|CHK|59|1|42|5|0|3|10|0|0|0|1|0
RZ1|60|1|OP08-069|0|41|3|3|1|0|0|0|0
RZ1|CHK|60|1|41|5|0|4|10|0|0|0|1|0
RZ1|61|1|OP11-067|0|40|3|4|1|0|0|0|0
RZ1|CHK|61|1|40|5|0|5|10|0|0|0|1|0
RZ1|62|2|OP07-040|0|44|3|0|0|1|0|0|0
RZ1|CHK|62|2|44|5|0|1|10|0|0|0|1|0
RZ1|63|2|OP07-045|0|43|3|1|0|1|0|0|0
RZ1|CHK|63|2|43|5|0|2|10|0|0|0|1|0
RZ1|64|2|OP07-057|0|42|3|2|0|1|0|0|0
RZ1|CHK|64|2|42|5|0|3|10|0|0|0|1|0
RZ1|65|2|OP08-047|0|41|3|3|0|1|0|0|0
RZ1|CHK|65|2|41|5|0|4|10|0|0|0|1|0
RZ1|66|2|OP14-049|0|40|3|4|0|1|0|0|0
RZ1|CHK|66|2|40|5|0|5|10|0|0|0|1|0
[] Hand: [ST34-005,OP07-077,OP07-077,ST18-001,ST34-003]
[] Board: []
[] Trash: []
[] Life: 5
[] Hand: [OP14-050,OP14-049,OP07-046,EB03-026,OP07-046]
[] Trash: []
[] Board: []
[] Life: 5
RZ1|67|1|Don|4|9|5|0|1|1|0|0|0
RZ1|CHK|67|1|40|5|0|5|9|1|0|0|1|0
[You] Draw 1 Don
[You] We're Going to Claim the One Piece!!! ["OP07-077">OP07-077]: Rest 1 Don
RZ1|68|1|Don|5|0|5|0|1|1|1|0|0
RZ1|CHK|68|1|40|5|0|5|9|1|0|0|1|0
RZ1|69|1|OP07-077|1|1|6|0|1|1|0|0|0
RZ1|CHK|69|1|40|4|0|5|9|1|1|0|1|0
RZ1|70|1|ST34-004|0|37|1|4|1|1|0|0|0
RZ1|CHK|70|1|39|5|0|5|9|1|1|0|1|0
[You] We're Going to Claim the One Piece!!! ["OP07-077">OP07-077]: <b>Reveal and Draw Charlotte Linlin ["ST34-004">ST34-004]</b>
[You] Placing Cards on Bottom of Deck
RZ1|71|1|ST34-002|0|38|0|0|0|0|0|0|0
RZ1|CHK|71|1|39|5|0|5|9|1|1|0|1|0
RZ1|72|1|ST34-002|0|38|0|0|0|0|0|0|0
RZ1|CHK|72|1|39|5|0|5|9|1|1|0|1|0
RZ1|73|1|ST34-004|0|38|0|0|0|0|0|0|0
RZ1|CHK|73|1|39|5|0|5|9|1|1|0|1|0
RZ1|74|1|ST34-002|0|38|0|0|0|0|0|0|0
RZ1|CHK|74|1|39|5|0|5|9|1|1|0|1|0
[] Hand: [ST34-005,OP07-077,ST18-001,ST34-003,ST34-004]
[] Board: []
[] Trash: [OP07-077]
[] Life: 5
[] Hand: [OP14-050,OP14-049,OP07-046,EB03-026,OP07-046]
[] Trash: []
[] Board: []
[] Life: 5
[You] End Turn
[] Hand: [OP14-050,OP14-049,OP07-046,EB03-026,OP07-046]
[] Board: []
[] Trash: []
[] Life: 5
[] Hand: [ST34-005,OP07-077,ST18-001,ST34-003,ST34-004]
[] Trash: [OP07-077]
[] Board: []
[] Life: 5
[Opponent] Draw 1 Card
[] Drew card from deck: Chew ["OP14-050">OP14-050]
RZ1|75|2|OP14-050|0|39|1|5|1|1|0|0|0
RZ1|CHK|75|2|39|6|0|5|10|0|0|0|1|0
RZ1|76|2|Don|4|9|5|0|1|1|0|0|0
RZ1|CHK|76|2|39|6|0|5|9|1|0|0|1|0
RZ1|77|2|Don|4|8|5|1|1|1|0|0|0
RZ1|CHK|77|2|39|6|0|5|8|2|0|0|1|0
[Opponent] Draw 2 Don
RZ1|78|2|Don|5|0|5|0|1|1|1|0|0
RZ1|CHK|78|2|39|6|0|5|8|2|0|0|1|0
[Opponent] Deploy Sengoku ["OP07-046">OP07-046]
RZ1|79|2|OP07-046|1|4|2|0|1|1|0|0|0
RZ1|CHK|79|2|39|5|1|5|8|2|0|0|1|0
RZ1|80|2|OP07-045|0|34|1|5|1|1|0|0|0
RZ1|CHK|80|2|38|6|1|5|8|2|0|0|1|0
[Opponent] Sengoku ["OP07-046">OP07-046]: <b>Reveal and Draw Jinbe ["OP07-045">OP07-045]</b>
[Opponent] Placing Cards on Bottom of Deck
RZ1|81|2|OP08-047|0|37|0|0|0|0|0|0|0
RZ1|CHK|81|2|38|6|1|5|8|2|0|0|1|0
RZ1|82|2|OP08-047|0|37|0|0|0|0|0|0|0
RZ1|CHK|82|2|38|6|1|5|8|2|0|0|1|0
RZ1|83|2|OP14-049|0|37|0|0|0|0|0|0|0
RZ1|CHK|83|2|38|6|1|5|8|2|0|0|1|0
RZ1|84|2|OP07-057|0|37|0|0|0|0|0|0|0
RZ1|CHK|84|2|38|6|1|5|8|2|0|0|1|0
RZ1|85|2|Don|5|1|5|1|1|1|1|0|0
RZ1|CHK|85|2|38|6|1|5|8|2|0|0|1|0
[Opponent] Deploy Chew ["OP14-050">OP14-050]
RZ1|86|2|OP14-050|1|4|2|1|1|1|0|0|0
RZ1|CHK|86|2|38|5|2|5|8|2|0|0|1|0
[] Drew card from deck: Trafalgar Law ["OP07-047">OP07-047]
RZ1|87|2|OP07-047|0|37|1|5|1|1|0|0|0
RZ1|CHK|87|2|37|6|2|5|8|2|0|0|1|0
[Opponent] Chew ["OP14-050">OP14-050]: Draw 1 Card
[] Hand: [OP14-050,OP14-049,OP07-046,EB03-026,OP07-045,OP07-047]
[] Board: [OP07-046,OP14-050]
[] Trash: []
[] Life: 5
[] Hand: [ST34-005,OP07-077,ST18-001,ST34-003,ST34-004]
[] Trash: [OP07-077]
[] Board: []
[] Life: 5
[Opponent] End Turn
[] Hand: [ST34-005,OP07-077,ST18-001,ST34-003,ST34-004]
[] Board: []
[] Trash: [OP07-077]
[] Life: 5
[] Hand: [OP14-050,OP14-049,OP07-046,EB03-026,OP07-045,OP07-047]
[] Trash: []
[] Board: [OP07-046,OP14-050]
[] Life: 5
[You] Draw 1 Card
[] Drew card from deck: Nola ["OP15-069">OP15-069]
RZ1|88|1|OP15-069|0|38|1|5|1|1|0|0|0
RZ1|CHK|88|1|38|6|0|5|9|1|1|0|1|0
RZ1|89|1|Don|4|8|5|1|1|1|0|0|0
RZ1|CHK|89|1|38|6|0|5|8|2|1|0|1|0
RZ1|90|1|Don|4|7|5|2|1|1|0|0|0
RZ1|CHK|90|1|38|6|0|5|7|3|1|0|1|0
[You] Draw 2 Don
RZ1|91|1|Don|5|0|5|0|1|1|1|0|0
RZ1|CHK|91|1|38|6|0|5|7|3|1|0|1|0
RZ1|92|1|Don|5|1|5|1|1|1|1|0|0
RZ1|CHK|92|1|38|6|0|5|7|3|1|0|1|0
RZ1|93|1|Don|5|2|5|2|1|1|1|0|0
RZ1|CHK|93|1|38|6|0|5|7|3|1|0|1|0
[You] Deploy Baron Tamago & Pekoms ["ST34-005">ST34-005]
RZ1|94|1|ST34-005|1|0|2|0|1|1|0|0|0
RZ1|CHK|94|1|38|5|1|5|7|3|1|0|1|0
[You] Charlotte Katakuri ["OP11-062">OP11-062] attacking Jinbe ["OP14-040">OP14-040]
[Opponent] Discard Sengoku ["OP07-046">OP07-046] for Counter 1000
RZ1|95|2|OP07-046|1|2|6|0|1|1|0|0|0
RZ1|CHK|95|2|37|5|2|5|8|2|1|0|1|0
Charlotte Katakuri ["OP11-062">OP11-062][5000] vs Jinbe ["OP14-040">OP14-040][6000]
Attack Fails
[] Hand: [OP07-077,ST18-001,ST34-003,ST34-004,OP15-069]
[] Board: [ST34-005]
[] Trash: [OP07-077]
[] Life: 5
[] Hand: [OP14-050,OP14-049,EB03-026,OP07-045,OP07-047]
[] Trash: [OP07-046]
[] Board: [OP07-046,OP14-050]
[] Life: 5
[You] End Turn
[] Hand: [OP14-050,OP14-049,EB03-026,OP07-045,OP07-047]
[] Board: [OP07-046,OP14-050]
[] Trash: [OP07-046]
[] Life: 5
[] Hand: [OP07-077,ST18-001,ST34-003,ST34-004,OP15-069]
[] Trash: [OP07-077]
[] Board: [ST34-005]
[] Life: 5
[Opponent] Draw 1 Card
[] Drew card from deck: Jinbe ["OP07-045">OP07-045]
RZ1|96|2|OP07-045|0|36|1|5|1|1|0|0|0
RZ1|CHK|96|2|36|6|2|5|8|2|1|0|1|0
RZ1|97|2|Don|4|7|5|2|1|1|0|0|0
RZ1|CHK|97|2|36|6|2|5|7|3|1|0|1|0
RZ1|98|2|Don|4|6|5|3|1|1|0|0|0
RZ1|CHK|98|2|36|6|2|5|6|4|1|0|1|0
[Opponent] Draw 2 Don
RZ1|99|2|Don|5|0|5|0|1|1|1|0|0
RZ1|CHK|99|2|36|6|2|5|6|4|1|0|1|0
[Opponent] Deploy Chew ["OP14-050">OP14-050]
RZ1|100|2|OP14-050|1|0|2|2|1|1|0|0|0
RZ1|CHK|100|2|36|5|3|5|6|4|1|0|1|0
[] Drew card from deck: Jinbe ["OP14-049">OP14-049]
RZ1|101|2|OP14-049|0|35|1|5|1|1|0|0|0
RZ1|CHK|101|2|35|6|3|5|6|4|1|0|1|0
[Opponent] Chew ["OP14-050">OP14-050]: Draw 1 Card
[Opponent] Jinbe ["OP14-040">OP14-040] attacking Charlotte Katakuri ["OP11-062">OP11-062]
Jinbe ["OP14-040">OP14-040][5000] vs Charlotte Katakuri ["OP11-062">OP11-062][5000]
Charlotte Katakuri ["OP11-062">OP11-062] hit for 1 damage
RZ1|102|1|OP11-067|3|4|1|5|1|1|0|0|0
RZ1|CHK|102|1|38|6|1|4|7|3|1|0|1|0
[Opponent] Attach 1 Don to Sengoku ["OP07-046">OP07-046] (1 Total)
RZ1|103|2|Don|5|3|9|0|1|1|0|0|0
RZ1|CHK|103|2|35|6|3|5|6|3|1|0|1|1
[Opponent] Attach 1 Don to Sengoku ["OP07-046">OP07-046] (2 Total)
RZ1|104|2|Don|5|2|9|1|1|1|0|0|0
RZ1|CHK|104|2|35|6|3|5|6|2|1|0|1|2
[Opponent] Attach 1 Don to Sengoku ["OP07-046">OP07-046] (3 Total)
RZ1|105|2|Don|5|1|9|2|1|1|0|0|0
RZ1|CHK|105|2|35|6|3|5|6|1|1|0|1|3
[Opponent] Sengoku ["OP07-046">OP07-046] attacking Charlotte Katakuri ["OP11-062">OP11-062]
Sengoku ["OP07-046">OP07-046][5000] vs Charlotte Katakuri ["OP11-062">OP11-062][5000]
Charlotte Katakuri ["OP11-062">OP11-062] hit for 1 damage
RZ1|106|1|OP08-069|3|3|1|6|1|1|0|0|0
RZ1|CHK|106|1|38|7|1|3|7|3|1|0|1|0
[] Hand: [OP14-049,EB03-026,OP07-045,OP07-047,OP07-045,OP14-049]
[] Board: [OP07-046,OP14-050,OP14-050]
[] Trash: [OP07-046]
[] Life: 5
[] Hand: [OP07-077,ST18-001,ST34-003,ST34-004,OP15-069,OP11-067,OP08-069]
[] Trash: [OP07-077]
[] Board: [ST34-005]
[] Life: 3
[Opponent] End Turn
[] Hand: [OP07-077,ST18-001,ST34-003,ST34-004,OP15-069,OP11-067,OP08-069]
[] Board: [ST34-005]
[] Trash: [OP07-077]
[] Life: 3
[] Hand: [OP14-049,EB03-026,OP07-045,OP07-047,OP07-045,OP14-049]
[] Trash: [OP07-046]
[] Board: [OP07-046,OP14-050,OP14-050]
[] Life: 5
[You] Draw 1 Card
[] Drew card from deck: Mamaragan ["OP15-078">OP15-078]
RZ1|107|1|OP15-078|0|37|1|7|1|1|0|0|0
RZ1|CHK|107|1|37|8|1|3|7|3|1|0|1|0
RZ1|108|1|Don|4|6|5|3|1|1|0|0|0
RZ1|CHK|108|1|37|8|1|3|6|4|1|0|1|0
RZ1|109|1|Don|4|5|5|4|1|1|0|0|0
RZ1|CHK|109|1|37|8|1|3|5|5|1|0|1|0
[You] Draw 2 Don
RZ1|110|1|OP15-078|1|7|6|1|1|1|0|0|0
RZ1|CHK|110|1|37|7|1|3|5|5|2|0|1|0
RZ1|111|1|Don|5|0|5|0|1|1|1|0|0
RZ1|CHK|111|1|37|7|1|3|5|5|2|0|1|0
[You] Deploy Charlotte Brulee ["ST34-003">ST34-003]
RZ1|112|1|ST34-003|1|2|2|1|1|1|0|0|0
RZ1|CHK|112|1|37|6|2|3|5|5|2|0|1|0
RZ1|113|1|PRB02-010|0|35|1|6|1|1|0|0|0
RZ1|CHK|113|1|36|7|2|3|5|5|2|0|1|0
[You] Charlotte Brulee ["ST34-003">ST34-003]: <b>Reveal and Draw Charlotte Pudding ["PRB02-010">PRB02-010]</b>
[You] Placing Cards on Bottom of Deck
RZ1|114|1|ST34-001|0|35|0|0|0|0|0|0|0
RZ1|CHK|114|1|36|7|2|3|5|5|2|0|1|0
RZ1|115|1|OP15-078|0|35|0|0|0|0|0|0|0
RZ1|CHK|115|1|36|7|2|3|5|5|2|0|1|0
RZ1|116|1|Don|5|1|9|0|1|1|0|0|0
RZ1|CHK|116|1|36|7|2|3|5|4|2|0|1|1
RZ1|117|1|Don|5|1|9|1|1|1|0|0|0
RZ1|CHK|117|1|36|7|2|3|5|3|2|0|1|2
[You] Attach 2 Don to Baron Tamago & Pekoms ["ST34-005">ST34-005] (2 Total)
[You] Baron Tamago & Pekoms ["ST34-005">ST34-005] attacking Sengoku ["OP07-046">OP07-046]
Baron Tamago & Pekoms ["ST34-005">ST34-005][6000] vs Sengoku ["OP07-046">OP07-046][2000]
[Opponent] Sengoku ["OP07-046">OP07-046] Destroyed
RZ1|118|2|Don|9|0|5|0|1|1|1|0|0
RZ1|CHK|118|2|35|6|3|5|6|2|1|0|1|2
RZ1|119|2|Don|9|0|5|0|1|1|1|0|0
RZ1|CHK|119|2|35|6|3|5|6|3|1|0|1|1
RZ1|120|2|Don|9|0|5|0|1|1|1|0|0
RZ1|CHK|120|2|35|6|3|5|6|4|1|0|1|0
RZ1|121|2|OP07-046|2|0|6|1|1|1|0|0|0
RZ1|CHK|121|2|35|6|2|5|6|4|2|0|1|0
[You] We're Going to Claim the One Piece!!! ["OP07-077">OP07-077]: Rest 1 Don
RZ1|122|1|Don|5|1|5|1|1|1|1|0|0
RZ1|CHK|122|1|36|7|2|3|5|3|2|0|1|2
RZ1|123|1|OP07-077|1|0|6|2|1|1|0|0|0
RZ1|CHK|123|1|36|6|2|3|5|3|3|0|1|2
RZ1|124|1|ST34-003|0|33|1|6|1|1|0|0|0
RZ1|CHK|124|1|35|7|2|3|5|3|3|0|1|2
[You] We're Going to Claim the One Piece!!! ["OP07-077">OP07-077]: <b>Reveal and Draw Charlotte Brulee ["ST34-003">ST34-003]</b>
[You] Placing Cards on Bottom of Deck
RZ1|125|1|ST34-002|0|34|0|0|0|0|0|0|0
RZ1|CHK|125|1|35|7|2|3|5|3|3|0|1|2
RZ1|126|1|ST34-004|0|34|0|0|0|0|0|0|0
RZ1|CHK|126|1|35|7|2|3|5|3|3|0|1|2
RZ1|127|1|OP15-078|0|34|0|0|0|0|0|0|0
RZ1|CHK|127|1|35|7|2|3|5|3|3|0|1|2
RZ1|128|1|OP11-070|0|34|0|0|0|0|0|0|0
RZ1|CHK|128|1|35|7|2|3|5|3|3|0|1|2
RZ1|129|1|Don|5|2|5|2|1|1|1|0|0
RZ1|CHK|129|1|35|7|2|3|5|3|3|0|1|2
[You] Deploy Charlotte Brulee ["ST34-003">ST34-003]
RZ1|130|1|ST34-003|1|6|2|2|1|1|0|0|0
RZ1|CHK|130|1|35|6|3|3|5|3|3|0|1|2
RZ1|131|1|OP11-067|0|33|1|6|1|1|0|0|0
RZ1|CHK|131|1|34|7|3|3|5|3|3|0|1|2
[You] Charlotte Brulee ["ST34-003">ST34-003]: <b>Reveal and Draw Charlotte Katakuri ["OP11-067">OP11-067]</b>
[You] Placing Cards on Bottom of Deck
RZ1|132|1|ST34-005|0|33|0|0|0|0|0|0|0
RZ1|CHK|132|1|34|7|3|3|5|3|3|0|1|2
RZ1|133|1|PRB02-010|0|33|0|0|0|0|0|0|0
RZ1|CHK|133|1|34|7|3|3|5|3|3|0|1|2
[You] Charlotte Katakuri ["OP11-062">OP11-062] attacking Jinbe ["OP14-040">OP14-040]
[Opponent] Discard Jinbe ["OP07-045">OP07-045] for Counter 1000
RZ1|134|2|OP07-045|1|4|6|2|1|1|0|0|0
RZ1|CHK|134|2|35|5|2|5|6|4|3|0|1|0
Charlotte Katakuri ["OP11-062">OP11-062][5000] vs Jinbe ["OP14-040">OP14-040][6000]
Attack Fails
[] Hand: [ST18-001,ST34-004,OP15-069,OP11-067,OP08-069,PRB02-010,OP11-067]
[] Board: [ST34-005,ST34-003,ST34-003]
[] Trash: [OP07-077,OP15-078,OP07-077]
[] Life: 3
[] Hand: [OP14-049,EB03-026,OP07-045,OP07-047,OP14-049]
[] Trash: [OP07-046,OP07-046,OP07-045]
[] Board: [OP14-050,OP14-050]
[] Life: 5
[You] End Turn
[] Hand: [OP14-049,EB03-026,OP07-045,OP07-047,OP14-049]
[] Board: [OP14-050,OP14-050]
[] Trash: [OP07-046,OP07-046,OP07-045]
[] Life: 5
[] Hand: [ST18-001,ST34-004,OP15-069,OP11-067,OP08-069,PRB02-010,OP11-067]
[] Trash: [OP07-077,OP15-078,OP07-077]
[] Board: [ST34-005,ST34-003,ST34-003]
[] Life: 3
[Opponent] Draw 1 Card
[] Drew card from deck: Sengoku ["OP07-046">OP07-046]
RZ1|135|2|OP07-046|0|34|1|5|1|1|0|0|0
RZ1|CHK|135|2|34|6|2|5|6|4|3|0|1|0
RZ1|136|2|Don|4|5|5|4|1|1|0|0|0
RZ1|CHK|136|2|34|6|2|5|5|5|3|0|1|0
RZ1|137|2|Don|4|4|5|5|1|1|0|0|0
RZ1|CHK|137|2|34|6|2|5|4|6|3|0|1|0
[Opponent] Draw 2 Don
RZ1|138|2|Don|5|0|5|0|1|1|1|0|0
RZ1|CHK|138|2|34|6|2|5|4|6|3|0|1|0
RZ1|139|2|Don|5|1|5|1|1|1|1|0|0
RZ1|CHK|139|2|34|6|2|5|4|6|3|0|1|0
RZ1|140|2|Don|5|2|5|2|1|1|1|0|0
RZ1|CHK|140|2|34|6|2|5|4|6|3|0|1|0
RZ1|141|2|Don|5|3|5|3|1|1|1|0|0
RZ1|CHK|141|2|34|6|2|5|4|6|3|0|1|0
[Opponent] Deploy Jinbe ["OP07-045">OP07-045]
RZ1|142|2|OP07-045|1|2|2|2|1|1|0|0|0
RZ1|CHK|142|2|34|5|3|5|4|6|3|0|1|0
RZ1|143|2|OP07-047|1|2|2|3|1|1|0|0|0
RZ1|CHK|143|2|34|4|4|5|4|6|3|0|1|0
[Opponent] Jinbe ["OP07-045">OP07-045]: Deploy Trafalgar Law ["OP07-047">OP07-047]
[Opponent] Trafalgar Law ["OP07-047">OP07-047]: Return Trafalgar Law ["OP07-047">OP07-047] to Hand
RZ1|144|2|OP07-047|2|3|1|4|1|1|0|0|0
RZ1|CHK|144|2|34|5|3|5|4|6|3|0|1|0
[Opponent] Forcing opponent to resolve Card Action!
[You] Sent a Card to Deck Bottom
RZ1|145|1|ST34-004|1|1|0|0|0|0|0|0|0
RZ1|CHK|145|1|35|6|3|3|5|3|3|0|1|2
[Opponent] Jinbe ["OP14-040">OP14-040] attacking Charlotte Katakuri ["OP11-062">OP11-062]
[You] Discard Nola ["OP15-069">OP15-069] for Counter 2000
RZ1|146|1|OP15-069|1|1|6|3|1|1|0|0|0
RZ1|CHK|146|1|35|5|3|3|5|3|4|0|1|2
Jinbe ["OP14-040">OP14-040][5000] vs Charlotte Katakuri ["OP11-062">OP11-062][7000]
Attack Fails
[Opponent] Attach 1 Don to Chew ["OP14-050">OP14-050] (1 Total)
RZ1|147|2|Don|5|5|9|100|1|1|0|0|0
RZ1|CHK|147|2|34|5|3|5|4|5|3|0|1|1
[Opponent] Attach 1 Don to Chew ["OP14-050">OP14-050] (2 Total)
RZ1|148|2|Don|5|4|9|101|1|1|0|0|0
RZ1|CHK|148|2|34|5|3|5|4|4|3|0|1|2
[Opponent] Chew ["OP14-050">OP14-050] attacking Charlotte Katakuri ["OP11-062">OP11-062]
Chew ["OP14-050">OP14-050][5000] vs Charlotte Katakuri ["OP11-062">OP11-062][5000]
Charlotte Katakuri ["OP11-062">OP11-062] hit for 1 damage
RZ1|149|1|OP13-076|3|2|1|5|1|1|0|0|0
RZ1|CHK|149|1|35|6|3|2|5|3|4|0|1|2
[] Hand: [OP14-049,EB03-026,OP14-049,OP07-046,OP07-047]
[] Board: [OP14-050,OP14-050,OP07-045]
[] Trash: [OP07-046,OP07-046,OP07-045]
[] Life: 5
[] Hand: [ST18-001,OP11-067,OP08-069,PRB02-010,OP11-067,OP13-076]
[] Trash: [OP07-077,OP15-078,OP07-077,OP15-069]
[] Board: [ST34-005,ST34-003,ST34-003]
[] Life: 2
[Opponent] End Turn
[] Hand: [ST18-001,OP11-067,OP08-069,PRB02-010,OP11-067,OP13-076]
[] Board: [ST34-005,ST34-003,ST34-003]
[] Trash: [OP07-077,OP15-078,OP07-077,OP15-069]
[] Life: 2
[] Hand: [OP14-049,EB03-026,OP14-049,OP07-046,OP07-047]
[] Trash: [OP07-046,OP07-046,OP07-045]
[] Board: [OP14-050,OP14-050,OP07-045]
[] Life: 5
RZ1|150|1|Don|9|0|5|0|1|1|1|0|0
RZ1|CHK|150|1|35|6|3|2|5|4|4|0|1|1
RZ1|151|1|Don|9|0|5|0|1|1|1|0|0
RZ1|CHK|151|1|35|6|3|2|5|5|4|0|1|0
[You] Draw 1 Card
[] Drew card from deck: Charlotte Linlin ["ST34-004">ST34-004]
RZ1|152|1|ST34-004|0|34|1|6|1|1|0|0|0
RZ1|CHK|152|1|34|7|3|2|5|5|4|0|1|0
RZ1|153|1|Don|4|4|5|5|1|1|0|0|0
RZ1|CHK|153|1|34|7|3|2|4|6|4|0|1|0
RZ1|154|1|Don|4|3|5|6|1|1|0|0|0
RZ1|CHK|154|1|34|7|3|2|3|7|4|0|1|0
[You] Draw 2 Don
[You] Charlotte Katakuri ["OP11-062">OP11-062] attacking Jinbe ["OP14-040">OP14-040]
[Opponent] Discard Sengoku ["OP07-046">OP07-046] for Counter 1000
RZ1|155|2|OP07-046|1|3|6|3|1|1|0|0|0
RZ1|CHK|155|2|34|4|3|5|4|4|4|0|1|2
Charlotte Katakuri ["OP11-062">OP11-062][5000] vs Jinbe ["OP14-040">OP14-040][6000]
Attack Fails
RZ1|156|1|Don|5|0|9|0|1|1|0|0|0
RZ1|CHK|156|1|34|7|3|2|3|6|4|0|1|1
[You] Attach 1 Don to Baron Tamago & Pekoms ["ST34-005">ST34-005] (1 Total)
[You] Baron Tamago & Pekoms ["ST34-005">ST34-005] attacking Jinbe ["OP14-040">OP14-040]
Baron Tamago & Pekoms ["ST34-005">ST34-005][5000] vs Jinbe ["OP14-040">OP14-040][5000]
Jinbe ["OP14-040">OP14-040] hit for 1 damage
RZ1|157|2|OP14-049|3|4|1|4|1|1|0|0|0
RZ1|CHK|157|2|34|5|3|4|4|4|4|0|1|2
RZ1|158|1|Don|5|0|9|100|1|1|0|0|0
RZ1|CHK|158|1|34|7|3|2|3|5|4|0|1|2
RZ1|159|1|Don|5|0|9|101|1|1|0|0|0
RZ1|CHK|159|1|34|7|3|2|3|4|4|0|1|3
RZ1|160|1|Don|5|0|9|102|1|1|0|0|0
RZ1|CHK|160|1|34|7|3|2|3|3|4|0|1|4
RZ1|161|1|Don|5|0|9|103|1|1|0|0|0
RZ1|CHK|161|1|34|7|3|2|3|2|4|0|1|5
RZ1|162|1|Don|5|0|9|104|1|1|0|0|0
RZ1|CHK|162|1|34|7|3|2|3|1|4|0|1|6
[You] Attach 5 Don to Charlotte Brulee ["ST34-003">ST34-003] (5 Total)
[You] Charlotte Brulee ["ST34-003">ST34-003] attacking Jinbe ["OP14-040">OP14-040]
Charlotte Brulee ["ST34-003">ST34-003][7000] vs Jinbe ["OP14-040">OP14-040][5000]
Jinbe ["OP14-040">OP14-040] hit for 1 damage
RZ1|163|2|OP08-047|3|3|1|5|1|1|0|0|0
RZ1|CHK|163|2|34|6|3|3|4|4|4|0|1|2
RZ1|164|1|OP13-076|1|5|6|4|1|1|0|0|0
RZ1|CHK|164|1|34|6|3|2|3|1|5|0|1|6
RZ1|165|1|Don|5|0|9|200|1|1|0|0|0
RZ1|CHK|165|1|34|6|3|2|3|0|5|0|1|7
[You] Attach 1 Don to Charlotte Brulee ["ST34-003">ST34-003] (1 Total)
[You] Charlotte Brulee ["ST34-003">ST34-003] attacking Chew ["OP14-050">OP14-050]
[Opponent] Discard Trafalgar Law ["OP07-047">OP07-047] for Counter 2000
RZ1|166|2|OP07-047|1|3|6|4|1|1|0|0|0
RZ1|CHK|166|2|34|5|3|3|4|4|5|0|1|2
Charlotte Brulee ["ST34-003">ST34-003][3000] vs Chew ["OP14-050">OP14-050][5000]
Attack Fails
[] Hand: [ST18-001,OP11-067,OP08-069,PRB02-010,OP11-067,ST34-004]
[] Board: [ST34-005,ST34-003,ST34-003]
[] Trash: [OP07-077,OP15-078,OP07-077,OP15-069,OP13-076]
[] Life: 2
[] Hand: [OP14-049,EB03-026,OP14-049,OP14-049,OP08-047]
[] Trash: [OP07-046,OP07-046,OP07-045,OP07-046,OP07-047]
[] Board: [OP14-050,OP14-050,OP07-045]
[] Life: 3
[You] End Turn
[] Hand: [OP14-049,EB03-026,OP14-049,OP14-049,OP08-047]
[] Board: [OP14-050,OP14-050,OP07-045]
[] Trash: [OP07-046,OP07-046,OP07-045,OP07-046,OP07-047]
[] Life: 3
[] Hand: [ST18-001,OP11-067,OP08-069,PRB02-010,OP11-067,ST34-004]
[] Trash: [OP07-077,OP15-078,OP07-077,OP15-069,OP13-076]
[] Board: [ST34-005,ST34-003,ST34-003]
[] Life: 2
RZ1|167|2|Don|9|100|5|0|1|1|1|0|0
RZ1|CHK|167|2|34|5|3|3|4|5|5|0|1|1
RZ1|168|2|Don|9|100|5|0|1|1|1|0|0
RZ1|CHK|168|2|34|5|3|3|4|6|5|0|1|0
[Opponent] Draw 1 Card
[] Drew card from deck: Buggy ["ST17-003">ST17-003]
RZ1|169|2|ST17-003|0|33|1|5|1|1|0|0|0
RZ1|CHK|169|2|33|6|3|3|4|6|5|0|1|0
RZ1|170|2|Don|4|3|5|6|1|1|0|0|0
RZ1|CHK|170|2|33|6|3|3|3|7|5|0|1|0
RZ1|171|2|Don|4|2|5|7|1|1|0|0|0
RZ1|CHK|171|2|33|6|3|3|2|8|5|0|1|0
[Opponent] Draw 2 Don
[Opponent] Chew ["OP14-050">OP14-050] attacking Charlotte Brulee ["ST34-003">ST34-003]
Chew ["OP14-050">OP14-050][3000] vs Charlotte Brulee ["ST34-003">ST34-003][2000]
[You] Charlotte Brulee ["ST34-003">ST34-003] Destroyed
RZ1|172|1|Don|9|200|5|0|1|1|1|0|0
RZ1|CHK|172|1|34|6|3|2|3|1|5|0|1|6
RZ1|173|1|ST34-003|2|2|6|5|1|1|0|0|0
RZ1|CHK|173|1|34|6|2|2|3|1|6|0|1|6
[Opponent] Chew ["OP14-050">OP14-050] attacking Charlotte Brulee ["ST34-003">ST34-003]
Chew ["OP14-050">OP14-050][3000] vs Charlotte Brulee ["ST34-003">ST34-003][2000]
[You] Charlotte Brulee ["ST34-003">ST34-003] Destroyed
RZ1|174|1|Don|9|100|5|0|1|1|1|0|0
RZ1|CHK|174|1|34|6|2|2|3|2|6|0|1|5
RZ1|175|1|Don|9|100|5|0|1|1|1|0|0
RZ1|CHK|175|1|34|6|2|2|3|3|6|0|1|4
RZ1|176|1|Don|9|100|5|0|1|1|1|0|0
RZ1|CHK|176|1|34|6|2|2|3|4|6|0|1|3
RZ1|177|1|Don|9|100|5|0|1|1|1|0|0
RZ1|CHK|177|1|34|6|2|2|3|5|6|0|1|2
RZ1|178|1|Don|9|100|5|0|1|1|1|0|0
RZ1|CHK|178|1|34|6|2|2|3|6|6|0|1|1
RZ1|179|1|ST34-003|2|1|6|6|1|1|0|0|0
RZ1|CHK|179|1|34|6|1|2|3|6|7|0|1|1
RZ1|180|2|Don|5|0|5|0|1|1|1|0|0
RZ1|CHK|180|2|33|6|3|3|2|8|5|0|1|0
RZ1|181|2|Don|5|1|5|1|1|1|1|0|0
RZ1|CHK|181|2|33|6|3|3|2|8|5|0|1|0
RZ1|182|2|Don|5|2|5|2|1|1|1|0|0
RZ1|CHK|182|2|33|6|3|3|2|8|5|0|1|0
RZ1|183|2|Don|5|3|5|3|1|1|1|0|0
RZ1|CHK|183|2|33|6|3|3|2|8|5|0|1|0
RZ1|184|2|Don|5|4|5|4|1|1|1|0|0
RZ1|CHK|184|2|33|6|3|3|2|8|5|0|1|0
RZ1|185|2|Don|5|5|5|5|1|1|1|0|0
RZ1|CHK|185|2|33|6|3|3|2|8|5|0|1|0
[Opponent] Deploy Jozu ["OP08-047">OP08-047]
RZ1|186|2|OP08-047|1|4|2|3|1|1|0|0|0
RZ1|CHK|186|2|33|5|4|3|2|8|5|0|1|0
[Opponent] Jozu ["OP08-047">OP08-047]: Return Chew ["OP14-050">OP14-050] to Hand
RZ1|187|2|OP14-050|2|1|1|5|1|1|1|0|0
RZ1|CHK|187|2|33|6|3|3|2|8|5|0|1|0
[Opponent] Jozu ["OP08-047">OP08-047]: Send Baron Tamago & Pekoms ["ST34-005">ST34-005] to Hand
RZ1|188|1|Don|9|0|5|0|1|1|1|0|0
RZ1|CHK|188|1|34|6|1|2|3|7|7|0|1|0
RZ1|189|1|ST34-005|2|0|1|6|1|1|1|0|0
RZ1|CHK|189|1|34|7|0|2|3|7|7|0|1|0
[Opponent] Attach 1 Don to Jinbe ["OP14-040">OP14-040] (1 Total)
RZ1|190|2|Don|5|7|9|9900|1|1|0|0|0
RZ1|CHK|190|2|33|6|3|3|2|7|5|0|1|1
[Opponent] Attach 1 Don to Jinbe ["OP14-040">OP14-040] (2 Total)
RZ1|191|2|Don|5|6|9|9901|1|1|0|0|0
RZ1|CHK|191|2|33|6|3|3|2|6|5|0|1|2
[Opponent] Jinbe ["OP14-040">OP14-040] attacking Charlotte Katakuri ["OP11-062">OP11-062]
[You] Discard Charlotte Pudding ["PRB02-010">PRB02-010] for Counter 1000
RZ1|192|1|PRB02-010|1|3|6|7|1|1|0|0|0
RZ1|CHK|192|1|34|6|0|2|3|7|8|0|1|0
[You] Discard Baron Tamago & Pekoms ["ST34-005">ST34-005] for Counter 2000
RZ1|193|1|ST34-005|1|5|6|8|1|1|0|0|0
RZ1|CHK|193|1|34|5|0|2|3|7|9|0|1|0
Jinbe ["OP14-040">OP14-040][7000] vs Charlotte Katakuri ["OP11-062">OP11-062][8000]
Attack Fails
RZ1|194|2|OP14-050|1|5|6|5|1|1|0|0|0
RZ1|CHK|194|2|33|5|3|3|2|6|6|0|1|2
[Opponent] Jinbe ["OP14-040">OP14-040]: Trash Chew ["OP14-050">OP14-050]
[Opponent] Jinbe ["OP14-040">OP14-040]: Attach 1 Rested Don to Jinbe ["OP07-045">OP07-045]
RZ1|195|2|Don|5|0|9|100|1|1|1|0|0
RZ1|CHK|195|2|33|5|3|3|2|5|6|0|1|3
[Opponent] Jinbe ["OP14-040">OP14-040]: Attach 1 Rested Don to Jinbe ["OP07-045">OP07-045]
RZ1|196|2|Don|5|0|9|101|1|1|1|0|0
RZ1|CHK|196|2|33|5|3|3|2|4|6|0|1|4
[Opponent] Jinbe ["OP07-045">OP07-045] attacking Charlotte Katakuri ["OP11-062">OP11-062]
Jinbe ["OP07-045">OP07-045][7000] vs Charlotte Katakuri ["OP11-062">OP11-062][5000]
Charlotte Katakuri ["OP11-062">OP11-062] hit for 1 damage
RZ1|197|1|ST34-005|3|1|1|5|1|1|0|0|0
RZ1|CHK|197|1|34|6|0|1|3|7|9|0|1|0
[] Hand: [OP14-049,EB03-026,OP14-049,OP14-049,ST17-003]
[] Board: [OP14-050,OP07-045,OP08-047]
[] Trash: [OP07-046,OP07-046,OP07-045,OP07-046,OP07-047,OP14-050]
[] Life: 3
[] Hand: [ST18-001,OP11-067,OP08-069,OP11-067,ST34-004,ST34-005]
[] Trash: [OP07-077,OP15-078,OP07-077,OP15-069,OP13-076,ST34-003,ST34-003,PRB02-010,ST34-005]
[] Board: []
[] Life: 1
[Opponent] End Turn
[] Hand: [ST18-001,OP11-067,OP08-069,OP11-067,ST34-004,ST34-005]
[] Board: []
[] Trash: [OP07-077,OP15-078,OP07-077,OP15-069,OP13-076,ST34-003,ST34-003,PRB02-010,ST34-005]
[] Life: 1
[] Hand: [OP14-049,EB03-026,OP14-049,OP14-049,ST17-003]
[] Trash: [OP07-046,OP07-046,OP07-045,OP07-046,OP07-047,OP14-050]
[] Board: [OP14-050,OP07-045,OP08-047]
[] Life: 3
[You] Draw 1 Card
[] Drew card from deck: Baron Tamago & Pekoms ["ST34-005">ST34-005]
RZ1|198|1|ST34-005|0|33|1|6|1|1|0|0|0
RZ1|CHK|198|1|33|7|0|1|3|7|9|0|1|0
RZ1|199|1|Don|4|2|5|7|1|1|0|0|0
RZ1|CHK|199|1|33|7|0|1|2|8|9|0|1|0
RZ1|200|1|Don|4|1|5|8|1|1|0|0|0
RZ1|CHK|200|1|33|7|0|1|1|9|9|0|1|0
[You] Draw 2 Don
RZ1|201|1|Don|5|0|5|0|1|1|1|0|0
RZ1|CHK|201|1|33|7|0|1|1|9|9|0|1|0
RZ1|202|1|Don|5|1|5|1|1|1|1|0|0
RZ1|CHK|202|1|33|7|0|1|1|9|9|0|1|0
RZ1|203|1|Don|5|2|5|2|1|1|1|0|0
RZ1|CHK|203|1|33|7|0|1|1|9|9|0|1|0
RZ1|204|1|Don|5|3|5|3|1|1|1|0|0
RZ1|CHK|204|1|33|7|0|1|1|9|9|0|1|0
RZ1|205|1|Don|5|4|5|4|1|1|1|0|0
RZ1|CHK|205|1|33|7|0|1|1|9|9|0|1|0
RZ1|206|1|Don|5|5|5|5|1|1|1|0|0
RZ1|CHK|206|1|33|7|0|1|1|9|9|0|1|0
RZ1|207|1|Don|5|6|5|6|1|1|1|0|0
RZ1|CHK|207|1|33|7|0|1|1|9|9|0|1|0
RZ1|208|1|Don|5|7|5|7|1|1|1|0|0
RZ1|CHK|208|1|33|7|0|1|1|9|9|0|1|0
[You] Deploy Charlotte Katakuri ["OP11-067">OP11-067]
RZ1|209|1|OP11-067|1|1|2|0|1|1|0|0|0
RZ1|CHK|209|1|33|6|1|1|1|9|9|0|1|0
RZ1|210|1|Don|5|8|9|9900|1|1|0|0|0
RZ1|CHK|210|1|33|6|1|1|1|8|9|0|1|1
[You] Attach 1 Don to Charlotte Katakuri ["OP11-062">OP11-062] (1 Total)
[You] Charlotte Katakuri ["OP11-062">OP11-062] attacking Jinbe ["OP07-045">OP07-045]
[Opponent] Discard Buggy ["ST17-003">ST17-003] for Counter 2000
RZ1|211|2|ST17-003|1|4|6|6|1|1|0|0|0
RZ1|CHK|211|2|33|4|3|3|2|4|7|0|1|4
Charlotte Katakuri ["OP11-062">OP11-062][6000] vs Jinbe ["OP07-045">OP07-045][7000]
Attack Fails
Charlotte Katakuri ["OP11-067">OP11-067]: Draw 1 Rested Don
RZ1|212|1|Don|4|0|5|0|1|1|1|0|0
RZ1|CHK|212|1|33|6|1|1|0|9|9|0|1|1
[] Hand: [ST18-001,OP08-069,OP11-067,ST34-004,ST34-005,ST34-005]
[] Board: [OP11-067]
[] Trash: [OP07-077,OP15-078,OP07-077,OP15-069,OP13-076,ST34-003,ST34-003,PRB02-010,ST34-005]
[] Life: 1
[] Hand: [OP14-049,EB03-026,OP14-049,OP14-049]
[] Trash: [OP07-046,OP07-046,OP07-045,OP07-046,OP07-047,OP14-050,ST17-003]
[] Board: [OP14-050,OP07-045,OP08-047]
[] Life: 3
[You] End Turn
[] Hand: [OP14-049,EB03-026,OP14-049,OP14-049]
[] Board: [OP14-050,OP07-045,OP08-047]
[] Trash: [OP07-046,OP07-046,OP07-045,OP07-046,OP07-047,OP14-050,ST17-003]
[] Life: 3
[] Hand: [ST18-001,OP08-069,OP11-067,ST34-004,ST34-005,ST34-005]
[] Trash: [OP07-077,OP15-078,OP07-077,OP15-069,OP13-076,ST34-003,ST34-003,PRB02-010,ST34-005]
[] Board: [OP11-067]
[] Life: 1
RZ1|213|2|Don|9|9900|5|0|1|1|1|0|0
RZ1|CHK|213|2|33|4|3|3|2|5|7|0|1|3
RZ1|214|2|Don|9|9900|5|0|1|1|1|0|0
RZ1|CHK|214|2|33|4|3|3|2|6|7|0|1|2
RZ1|215|2|Don|9|100|5|0|1|1|1|0|0
RZ1|CHK|215|2|33|4|3|3|2|7|7|0|1|1
RZ1|216|2|Don|9|100|5|0|1|1|1|0|0
RZ1|CHK|216|2|33|4|3|3|2|8|7|0|1|0
[Opponent] Draw 1 Card
[] Drew card from deck: Sengoku ["OP07-046">OP07-046]
RZ1|217|2|OP07-046|0|32|1|4|1|1|0|0|0
RZ1|CHK|217|2|32|5|3|3|2|8|7|0|1|0
RZ1|218|2|Don|4|1|5|8|1|1|0|0|0
RZ1|CHK|218|2|32|5|3|3|1|9|7|0|1|0
RZ1|219|2|Don|4|0|5|9|1|1|0|0|0
RZ1|CHK|219|2|32|5|3|3|0|10|7|0|1|0
[Opponent] Draw 2 Don
RZ1|220|2|Don|5|0|5|0|1|1|1|0|0
RZ1|CHK|220|2|32|5|3|3|0|10|7|0|1|0
RZ1|221|2|Don|5|1|5|1|1|1|1|0|0
RZ1|CHK|221|2|32|5|3|3|0|10|7|0|1|0
RZ1|222|2|Don|5|2|5|2|1|1|1|0|0
RZ1|CHK|222|2|32|5|3|3|0|10|7|0|1|0
RZ1|223|2|Don|5|3|5|3|1|1|1|0|0
RZ1|CHK|223|2|32|5|3|3|0|10|7|0|1|0
RZ1|224|2|Don|5|4|5|4|1|1|1|0|0
RZ1|CHK|224|2|32|5|3|3|0|10|7|0|1|0
RZ1|225|2|Don|5|5|5|5|1|1|1|0|0
RZ1|CHK|225|2|32|5|3|3|0|10|7|0|1|0
RZ1|226|2|Don|5|6|5|6|1|1|1|0|0
RZ1|CHK|226|2|32|5|3|3|0|10|7|0|1|0
RZ1|227|2|Don|5|7|5|7|1|1|1|0|0
RZ1|CHK|227|2|32|5|3|3|0|10|7|0|1|0
[Opponent] Deploy Jinbe ["OP14-049">OP14-049]
RZ1|228|2|OP14-049|1|2|2|3|1|1|0|0|0
RZ1|CHK|228|2|32|4|4|3|0|10|7|0|1|0
[Opponent] Jinbe ["OP14-049">OP14-049]: Rest 2 Don
RZ1|229|2|Don|5|8|5|8|1|1|1|0|0
RZ1|CHK|229|2|32|4|4|3|0|10|7|0|1|0
RZ1|230|2|Don|5|9|5|9|1|1|1|0|0
RZ1|CHK|230|2|32|4|4|3|0|10|7|0|1|0
[] Drew card from deck: Crocodile ["OP07-040">OP07-040]
RZ1|231|2|OP07-040|0|31|1|4|1|1|0|0|0
RZ1|CHK|231|2|31|5|4|3|0|10|7|0|1|0
[] Drew card from deck: Sanji ["OP15-047">OP15-047]
RZ1|232|2|OP15-047|0|30|1|5|1|1|0|0|0
RZ1|CHK|232|2|30|6|4|3|0|10|7|0|1|0
[Opponent] Jinbe ["OP14-049">OP14-049]: Draw 2 Card
RZ1|233|2|EB03-026|1|1|6|7|1|1|0|0|0
RZ1|CHK|233|2|30|5|4|3|0|10|8|0|1|0
[Opponent] Jinbe ["OP14-040">OP14-040]: Trash Boa Hancock ["EB03-026">EB03-026]
[Opponent] Jinbe ["OP14-040">OP14-040]: Attach 1 Rested Don to Jinbe ["OP07-045">OP07-045]
RZ1|234|2|Don|5|0|9|100|1|1|1|0|0
RZ1|CHK|234|2|30|5|4|3|0|9|8|0|1|1
[Opponent] Jinbe ["OP14-040">OP14-040]: Attach 1 Rested Don to Jinbe ["OP07-045">OP07-045]
RZ1|235|2|Don|5|0|9|101|1|1|1|0|0
RZ1|CHK|235|2|30|5|4|3|0|8|8|0|1|2
[Opponent] Jinbe ["OP14-049">OP14-049]: Give Jinbe ["OP14-049">OP14-049] Rush
[Opponent] Jinbe ["OP07-045">OP07-045] attacking Charlotte Katakuri ["OP11-062">OP11-062]
[You] Charlotte Katakuri ["OP11-067">OP11-067] Blocks
Jinbe ["OP07-045">OP07-045][7000] vs Charlotte Katakuri ["OP11-067">OP11-067][8000]
Attack Fails
[Opponent] Jozu ["OP08-047">OP08-047] attacking Charlotte Katakuri ["OP11-062">OP11-062]
[You] Discard Baron Tamago & Pekoms ["ST34-005">ST34-005] for Counter 2000
RZ1|236|1|ST34-005|1|4|6|9|1|1|0|0|0
RZ1|CHK|236|1|33|5|1|1|0|9|10|0|1|1
[You] Discard Baron Tamago & Pekoms ["ST34-005">ST34-005] for Counter 2000
RZ1|237|1|ST34-005|1|4|6|10|1|1|0|0|0
RZ1|CHK|237|1|33|4|1|1|0|9|11|0|1|1
Jozu ["OP08-047">OP08-047][7000] vs Charlotte Katakuri ["OP11-062">OP11-062][9000]
Attack Fails
RZ1|238|2|OP14-049|1|1|6|8|1|1|0|0|0
RZ1|CHK|238|2|30|4|4|3|0|8|9|0|1|2
[Opponent] Jinbe ["OP14-040">OP14-040]: Trash Jinbe ["OP14-049">OP14-049]
[Opponent] Jinbe ["OP14-040">OP14-040]: Attach 1 Rested Don to Jinbe ["OP14-049">OP14-049]
RZ1|239|2|Don|5|0|9|300|1|1|1|0|0
RZ1|CHK|239|2|30|4|4|3|0|7|9|0|1|3
[Opponent] Jinbe ["OP14-040">OP14-040]: Attach 1 Rested Don to Jinbe ["OP14-049">OP14-049]
RZ1|240|2|Don|5|0|9|301|1|1|1|0|0
RZ1|CHK|240|2|30|4|4|3|0|6|9|0|1|4
[Opponent] Jinbe ["OP14-049">OP14-049]: Give Jinbe ["OP14-049">OP14-049] Rush
[Opponent] Jinbe ["OP14-049">OP14-049] attacking Charlotte Katakuri ["OP11-062">OP11-062]
Jinbe ["OP14-049">OP14-049][12000] vs Charlotte Katakuri ["OP11-062">OP11-062][5000]
Charlotte Katakuri ["OP11-062">OP11-062] hit for 1 damage
RZ1|241|1|OP07-077|3|0|1|4|1|1|0|0|0
RZ1|CHK|241|1|33|5|1|0|0|9|11|0|1|1
[You] We're Going to Claim the One Piece!!! ["OP07-077">OP07-077]: Activate Trigger
RZ1|242|1|OP07-077|1|4|6|11|1|1|0|0|0
RZ1|CHK|242|1|33|4|1|0|0|9|12|0|1|1
RZ1|243|1|ST34-003|0|32|1|4|1|1|0|0|0
RZ1|CHK|243|1|32|5|1|0|0|9|12|0|1|1
[You] We're Going to Claim the One Piece!!! ["OP07-077">OP07-077]: <b>Reveal and Draw Charlotte Brulee ["ST34-003">ST34-003]</b>
[You] Placing Cards on Bottom of Deck
RZ1|244|1|OP15-069|0|31|0|0|0|0|0|0|0
RZ1|CHK|244|1|32|5|1|0|0|9|12|0|1|1
RZ1|245|1|OP07-077|0|31|0|0|0|0|0|0|0
RZ1|CHK|245|1|32|5|1|0|0|9|12|0|1|1
RZ1|246|1|ST34-001|0|31|0|0|0|0|0|0|0
RZ1|CHK|246|1|32|5|1|0|0|9|12|0|1|1
RZ1|247|1|OP11-070|0|31|0|0|0|0|0|0|0
RZ1|CHK|247|1|32|5|1|0|0|9|12|0|1|1
RZ1|248|2|OP14-049|1|0|6|9|1|1|0|0|0
RZ1|CHK|248|2|30|3|4|3|0|6|10|0|1|4
[Opponent] Jinbe ["OP14-040">OP14-040]: Trash Jinbe ["OP14-049">OP14-049]
[Opponent] Jinbe ["OP14-040">OP14-040]: Attach 1 Rested Don to Jinbe ["OP14-040">OP14-040]
RZ1|249|2|Don|5|0|9|9900|1|1|1|0|0
RZ1|CHK|249|2|30|3|4|3|0|5|10|0|1|5
[Opponent] Jinbe ["OP14-040">OP14-040]: Attach 1 Rested Don to Jinbe ["OP14-040">OP14-040]
RZ1|250|2|Don|5|0|9|9901|1|1|1|0|0
RZ1|CHK|250|2|30|3|4|3|0|4|10|0|1|6
[Opponent] Jinbe ["OP14-049">OP14-049]: Give Jinbe ["OP14-049">OP14-049] Rush
RZ1|251|2|OP07-040|1|1|6|10|1|1|0|0|0
RZ1|CHK|251|2|30|2|4|3|0|4|11|0|1|6
[Opponent] Jinbe ["OP14-040">OP14-040]: Trash Crocodile ["OP07-040">OP07-040]
[Opponent] Jinbe ["OP14-040">OP14-040]: Attach 1 Rested Don to Jinbe ["OP14-040">OP14-040]
RZ1|252|2|Don|5|0|9|9902|1|1|1|0|0
RZ1|CHK|252|2|30|2|4|3|0|3|11|0|1|7
[Opponent] Jinbe ["OP14-040">OP14-040]: Attach 1 Rested Don to Jinbe ["OP14-040">OP14-040]
RZ1|253|2|Don|5|0|9|9903|1|1|1|0|0
RZ1|CHK|253|2|30|2|4|3|0|2|11|0|1|8
[Opponent] Jinbe ["OP14-049">OP14-049]: Give Jinbe ["OP14-049">OP14-049] Rush
RZ1|254|2|OP15-047|1|1|6|11|1|1|0|0|0
RZ1|CHK|254|2|30|1|4|3|0|2|12|0|1|8
[Opponent] Jinbe ["OP14-040">OP14-040]: Trash Sanji ["OP15-047">OP15-047]
[Opponent] Jinbe ["OP14-040">OP14-040]: Attach 1 Rested Don to Jinbe ["OP14-040">OP14-040]
RZ1|255|2|Don|5|0|9|9904|1|1|1|0|0
RZ1|CHK|255|2|30|1|4|3|0|1|12|0|1|9
[Opponent] Jinbe ["OP14-040">OP14-040]: Attach 1 Rested Don to Jinbe ["OP14-040">OP14-040]
RZ1|256|2|Don|5|0|9|9905|1|1|1|0|0
RZ1|CHK|256|2|30|1|4|3|0|0|12|0|1|10
[Opponent] Jinbe ["OP14-049">OP14-049]: Give Jinbe ["OP14-049">OP14-049] Rush
[Opponent] Jinbe ["OP14-040">OP14-040] attacking Charlotte Katakuri ["OP11-062">OP11-062]
Jinbe ["OP14-040">OP14-040][11000] vs Charlotte Katakuri ["OP11-062">OP11-062][5000]
Charlotte Katakuri ["OP11-062">OP11-062] hit for 1 damage
[You] <b>Downloaded the Combat Log!</b>
GameOver
