Version is 1.41b.40
[You] Leader is Charlotte Katakuri ["OP11-062">OP11-062]
RZ1|HDR|1.41b|2|RZ1
RZ1|PLY|1||OP11-062
RZ1|PLY|2||
[Opponent] Leader is Kaido ["ST04-001">ST04-001]
RZ1|1|2|ST04-016|0|35|0|1|0|0|0|0|0
RZ1|CHK|1|2|50|0|0|0|10|0|0|0|1|0
RZ1|2|2|OP08-074|0|12|0|2|0|0|0|0|0
RZ1|CHK|2|2|50|0|0|0|10|0|0|0|1|0
RZ1|3|2|OP01-119|0|40|0|3|0|0|0|0|0
RZ1|CHK|3|2|50|0|0|0|10|0|0|0|1|0
RZ1|4|2|ST04-017|0|49|0|5|0|0|0|0|0
RZ1|CHK|4|2|50|0|0|0|10|0|0|0|1|0
RZ1|5|2|ST04-003|0|34|0|6|0|0|0|0|0
RZ1|CHK|5|2|50|0|0|0|10|0|0|0|1|0
RZ1|6|2|OP08-076|0|42|0|7|0|0|0|0|0
RZ1|CHK|6|2|50|0|0|0|10|0|0|0|1|0
RZ1|7|2|OP07-066|0|10|0|9|0|0|0|0|0
RZ1|CHK|7|2|50|0|0|0|10|0|0|0|1|0
RZ1|8|2|OP02-085|0|27|0|10|0|0|0|0|0
RZ1|CHK|8|2|50|0|0|0|10|0|0|0|1|0
RZ1|9|2|EB01-039|0|46|0|11|0|0|0|0|0
RZ1|CHK|9|2|50|0|0|0|10|0|0|0|1|0
RZ1|10|2|ST04-016|0|40|0|12|0|0|0|0|0
RZ1|CHK|10|2|50|0|0|0|10|0|0|0|1|0
RZ1|11|2|ST04-017|0|48|0|13|0|0|0|0|0
RZ1|CHK|11|2|50|0|0|0|10|0|0|0|1|0
RZ1|12|2|ST04-016|0|42|0|14|0|0|0|0|0
RZ1|CHK|12|2|50|0|0|0|10|0|0|0|1|0
RZ1|13|2|OP08-074|0|19|0|15|0|0|0|0|0
RZ1|CHK|13|2|50|0|0|0|10|0|0|0|1|0
RZ1|14|2|ST04-005|0|36|0|16|0|0|0|0|0
RZ1|CHK|14|2|50|0|0|0|10|0|0|0|1|0
RZ1|15|2|ST04-003|0|40|0|17|0|0|0|0|0
RZ1|CHK|15|2|50|0|0|0|10|0|0|0|1|0
RZ1|16|2|OP01-114|0|33|0|18|0|0|0|0|0
RZ1|CHK|16|2|50|0|0|0|10|0|0|0|1|0
RZ1|17|2|OP07-077|0|41|0|19|0|0|0|0|0
RZ1|CHK|17|2|50|0|0|0|10|0|0|0|1|0
RZ1|18|2|EB02-035|0|29|0|20|0|0|0|0|0
RZ1|CHK|18|2|50|0|0|0|10|0|0|0|1|0
RZ1|19|2|ST04-017|0|49|0|21|0|0|0|0|0
RZ1|CHK|19|2|50|0|0|0|10|0|0|0|1|0
RZ1|20|2|OP08-069|0|40|0|22|0|0|0|0|0
RZ1|CHK|20|2|50|0|0|0|10|0|0|0|1|0
RZ1|21|2|OP08-066|0|31|0|23|0|0|0|0|0
RZ1|CHK|21|2|50|0|0|0|10|0|0|0|1|0
RZ1|22|2|ST04-017|0|49|0|24|0|0|0|0|0
RZ1|CHK|22|2|50|0|0|0|10|0|0|0|1|0
RZ1|23|2|OP01-114|0|35|0|25|0|0|0|0|0
RZ1|CHK|23|2|50|0|0|0|10|0|0|0|1|0
RZ1|24|2|OP08-074|0|31|0|26|0|0|0|0|0
RZ1|CHK|24|2|50|0|0|0|10|0|0|0|1|0
RZ1|25|2|OP07-066|0|30|0|27|0|0|0|0|0
RZ1|CHK|25|2|50|0|0|0|10|0|0|0|1|0
RZ1|26|2|OP02-085|0|38|0|28|0|0|0|0|0
RZ1|CHK|26|2|50|0|0|0|10|0|0|0|1|0
RZ1|27|2|OP08-069|0|42|0|29|0|0|0|0|0
RZ1|CHK|27|2|50|0|0|0|10|0|0|0|1|0
RZ1|28|2|ST04-014|0|48|0|30|0|0|0|0|0
RZ1|CHK|28|2|50|0|0|0|10|0|0|0|1|0
RZ1|29|2|ST04-003|0|44|0|31|0|0|0|0|0
RZ1|CHK|29|2|50|0|0|0|10|0|0|0|1|0
RZ1|30|2|OP11-072|0|36|0|32|0|0|0|0|0
RZ1|CHK|30|2|50|0|0|0|10|0|0|0|1|0
RZ1|31|2|OP07-066|0|34|0|33|0|0|0|0|0
RZ1|CHK|31|2|50|0|0|0|10|0|0|0|1|0
RZ1|32|2|OP08-076|0|48|0|34|0|0|0|0|0
RZ1|CHK|32|2|50|0|0|0|10|0|0|0|1|0
RZ1|33|2|OP01-119|0|48|0|35|0|0|0|0|0
RZ1|CHK|33|2|50|0|0|0|10|0|0|0|1|0
RZ1|34|2|ST04-016|0|48|0|36|0|0|0|0|0
RZ1|CHK|34|2|50|0|0|0|10|0|0|0|1|0
RZ1|35|2|EB02-035|0|41|0|37|0|0|0|0|0
RZ1|CHK|35|2|50|0|0|0|10|0|0|0|1|0
RZ1|36|2|EB02-035|0|42|0|39|0|0|0|0|0
RZ1|CHK|36|2|50|0|0|0|10|0|0|0|1|0
RZ1|37|2|ST04-005|0|45|0|40|0|0|0|0|0
RZ1|CHK|37|2|50|0|0|0|10|0|0|0|1|0
RZ1|38|2|OP01-114|0|45|0|41|0|0|0|0|0
RZ1|CHK|38|2|50|0|0|0|10|0|0|0|1|0
RZ1|39|2|OP07-077|0|48|0|42|0|0|0|0|0
RZ1|CHK|39|2|50|0|0|0|10|0|0|0|1|0
RZ1|40|2|OP08-074|0|44|0|43|0|0|0|0|0
RZ1|CHK|40|2|50|0|0|0|10|0|0|0|1|0
RZ1|41|2|OP01-114|0|46|0|44|0|0|0|0|0
RZ1|CHK|41|2|50|0|0|0|10|0|0|0|1|0
RZ1|42|2|OP11-072|0|46|0|45|0|0|0|0|0
RZ1|CHK|42|2|50|0|0|0|10|0|0|0|1|0
RZ1|43|2|ST04-005|0|48|0|46|0|0|0|0|0
RZ1|CHK|43|2|50|0|0|0|10|0|0|0|1|0
RZ1|44|2|ST04-014|0|49|0|48|0|0|0|0|0
RZ1|CHK|44|2|50|0|0|0|10|0|0|0|1|0
[] Drew card from deck: Charlotte Pudding ["OP11-070">OP11-070]
RZ1|45|1|OP11-070|0|49|1|0|1|1|0|0|0
RZ1|CHK|45|1|49|1|0|0|10|0|0|0|1|0
[] Drew card from deck: Charlotte Katakuri ["OP11-067">OP11-067]
RZ1|46|1|OP11-067|0|48|1|1|1|1|0|0|0
RZ1|CHK|46|1|48|2|0|0|10|0|0|0|1|0
[] Drew card from deck: Charlotte Brulee ["ST34-003">ST34-003]
RZ1|47|1|ST34-003|0|47|1|2|1|1|0|0|0
RZ1|CHK|47|1|47|3|0|0|10|0|0|0|1|0
[] Drew card from deck: Charlotte Linlin ["OP08-069">OP08-069]
RZ1|48|1|OP08-069|0|46|1|3|1|1|0|0|0
RZ1|CHK|48|1|46|4|0|0|10|0|0|0|1|0
[] Drew card from deck: Charlotte Katakuri ["ST34-001">ST34-001]
RZ1|49|1|ST34-001|0|45|1|4|1|1|0|0|0
RZ1|CHK|49|1|45|5|0|0|10|0|0|0|1|0
[] Drew card from deck: Queen ["ST04-005">ST04-005]
RZ1|50|2|ST04-005|0|49|1|0|1|1|0|0|0
RZ1|CHK|50|2|49|1|0|0|10|0|0|0|1|0
[] Drew card from deck: Lead Performer "Disaster" ["ST04-014">ST04-014]
RZ1|51|2|ST04-014|0|48|1|1|1|1|0|0|0
RZ1|CHK|51|2|48|2|0|0|10|0|0|0|1|0
[] Drew card from deck: Tony Tony Chopper ["OP07-066">OP07-066]
RZ1|52|2|OP07-066|0|47|1|2|1|1|0|0|0
RZ1|CHK|52|2|47|3|0|0|10|0|0|0|1|0
[] Drew card from deck: Queen ["ST04-005">ST04-005]
RZ1|53|2|ST04-005|0|46|1|3|1|1|0|0|0
RZ1|CHK|53|2|46|4|0|0|10|0|0|0|1|0
[] Drew card from deck: Charlotte Montdor ["OP11-072">OP11-072]
RZ1|54|2|OP11-072|0|45|1|4|1|1|0|0|0
RZ1|CHK|54|2|45|5|0|0|10|0|0|0|1|0
RZ1|55|1|OP08-069|0|44|3|0|1|0|0|0|0
RZ1|CHK|55|1|44|5|0|1|10|0|0|0|1|0
RZ1|56|1|ST34-002|0|43|3|1|1|0|0|0|0
RZ1|CHK|56|1|43|5|0|2|10|0|0|0|1|0
RZ1|57|1|ST34-003|0|42|3|2|1|0|0|0|0
RZ1|CHK|57|1|42|5|0|3|10|0|0|0|1|0
RZ1|58|1|ST34-004|0|41|3|3|1|0|0|0|0
RZ1|CHK|58|1|41|5|0|4|10|0|0|0|1|0
RZ1|59|1|ST18-001|0|40|3|4|1|0|0|0|0
RZ1|CHK|59|1|40|5|0|5|10|0|0|0|1|0
RZ1|60|2|ST04-005|1|0|0|45|0|0|0|0|0
RZ1|CHK|60|2|46|4|0|0|10|0|0|0|1|0
RZ1|61|2|ST04-014|1|0|0|46|0|0|0|0|0
RZ1|CHK|61|2|47|3|0|0|10|0|0|0|1|0
RZ1|62|2|OP07-066|1|0|0|47|0|0|0|0|0
RZ1|CHK|62|2|48|2|0|0|10|0|0|0|1|0
RZ1|63|2|ST04-005|1|0|0|48|0|0|0|0|0
RZ1|CHK|63|2|49|1|0|0|10|0|0|0|1|0
RZ1|64|2|OP11-072|1|0|0|49|0|0|0|0|0
RZ1|CHK|64|2|50|0|0|0|10|0|0|0|1|0
RZ1|65|2|ST04-005|0|45|0|0|0|0|0|0|0
RZ1|CHK|65|2|50|0|0|0|10|0|0|0|1|0
RZ1|66|2|ST04-003|0|32|0|1|0|0|0|0|0
RZ1|CHK|66|2|50|0|0|0|10|0|0|0|1|0
RZ1|67|2|ST04-005|0|48|0|2|0|0|0|0|0
RZ1|CHK|67|2|50|0|0|0|10|0|0|0|1|0
RZ1|68|2|OP07-066|0|35|0|3|0|0|0|0|0
RZ1|CHK|68|2|50|0|0|0|10|0|0|0|1|0
RZ1|69|2|OP08-066|0|27|0|4|0|0|0|0|0
RZ1|CHK|69|2|50|0|0|0|10|0|0|0|1|0
RZ1|70|2|OP01-119|0|8|0|5|0|0|0|0|0
RZ1|CHK|70|2|50|0|0|0|10|0|0|0|1|0
RZ1|71|2|OP02-085|0|15|0|6|0|0|0|0|0
RZ1|CHK|71|2|50|0|0|0|10|0|0|0|1|0
RZ1|72|2|OP08-069|0|27|0|8|0|0|0|0|0
RZ1|CHK|72|2|50|0|0|0|10|0|0|0|1|0
RZ1|73|2|OP07-066|0|31|0|9|0|0|0|0|0
RZ1|CHK|73|2|50|0|0|0|10|0|0|0|1|0
RZ1|74|2|EB02-035|0|41|0|10|0|0|0|0|0
RZ1|CHK|74|2|50|0|0|0|10|0|0|0|1|0
RZ1|75|2|ST04-016|0|22|0|11|0|0|0|0|0
RZ1|CHK|75|2|50|0|0|0|10|0|0|0|1|0
RZ1|76|2|OP08-074|0|23|0|12|0|0|0|0|0
RZ1|CHK|76|2|50|0|0|0|10|0|0|0|1|0
RZ1|77|2|OP07-077|0|44|0|13|0|0|0|0|0
RZ1|CHK|77|2|50|0|0|0|10|0|0|0|1|0
RZ1|78|2|OP07-066|0|48|0|14|0|0|0|0|0
RZ1|CHK|78|2|50|0|0|0|10|0|0|0|1|0
RZ1|79|2|OP07-077|0|29|0|15|0|0|0|0|0
RZ1|CHK|79|2|50|0|0|0|10|0|0|0|1|0
RZ1|80|2|ST04-014|0|48|0|16|0|0|0|0|0
RZ1|CHK|80|2|50|0|0|0|10|0|0|0|1|0
RZ1|81|2|OP08-076|0|40|0|17|0|0|0|0|0
RZ1|CHK|81|2|50|0|0|0|10|0|0|0|1|0
RZ1|82|2|EB01-039|0|26|0|18|0|0|0|0|0
RZ1|CHK|82|2|50|0|0|0|10|0|0|0|1|0
RZ1|83|2|ST04-016|0|42|0|19|0|0|0|0|0
RZ1|CHK|83|2|50|0|0|0|10|0|0|0|1|0
RZ1|84|2|OP08-069|0|39|0|20|0|0|0|0|0
RZ1|CHK|84|2|50|0|0|0|10|0|0|0|1|0
RZ1|85|2|ST04-017|0|24|0|21|0|0|0|0|0
RZ1|CHK|85|2|50|0|0|0|10|0|0|0|1|0
RZ1|86|2|OP07-066|0|28|0|22|0|0|0|0|0
RZ1|CHK|86|2|50|0|0|0|10|0|0|0|1|0
RZ1|87|2|OP08-074|0|38|0|23|0|0|0|0|0
RZ1|CHK|87|2|50|0|0|0|10|0|0|0|1|0
RZ1|88|2|ST04-003|0|33|0|24|0|0|0|0|0
RZ1|CHK|88|2|50|0|0|0|10|0|0|0|1|0
RZ1|89|2|OP08-076|0|29|0|25|0|0|0|0|0
RZ1|CHK|89|2|50|0|0|0|10|0|0|0|1|0
RZ1|90|2|OP11-070|0|30|0|26|0|0|0|0|0
RZ1|CHK|90|2|50|0|0|0|10|0|0|0|1|0
RZ1|91|2|OP08-074|0|47|0|27|0|0|0|0|0
RZ1|CHK|91|2|50|0|0|0|10|0|0|0|1|0
RZ1|92|2|OP11-072|0|49|0|28|0|0|0|0|0
RZ1|CHK|92|2|50|0|0|0|10|0|0|0|1|0
RZ1|93|2|ST04-005|0|47|0|29|0|0|0|0|0
RZ1|CHK|93|2|50|0|0|0|10|0|0|0|1|0
RZ1|94|2|ST04-005|0|36|0|30|0|0|0|0|0
RZ1|CHK|94|2|50|0|0|0|10|0|0|0|1|0
RZ1|95|2|OP01-119|0|45|0|31|0|0|0|0|0
RZ1|CHK|95|2|50|0|0|0|10|0|0|0|1|0
RZ1|96|2|EB02-035|0|39|0|32|0|0|0|0|0
RZ1|CHK|96|2|50|0|0|0|10|0|0|0|1|0
RZ1|97|2|OP01-114|0|42|0|33|0|0|0|0|0
RZ1|CHK|97|2|50|0|0|0|10|0|0|0|1|0
RZ1|98|2|OP01-114|0|40|0|34|0|0|0|0|0
RZ1|CHK|98|2|50|0|0|0|10|0|0|0|1|0
RZ1|99|2|OP01-114|0|48|0|35|0|0|0|0|0
RZ1|CHK|99|2|50|0|0|0|10|0|0|0|1|0
RZ1|100|2|OP02-085|0|44|0|36|0|0|0|0|0
RZ1|CHK|100|2|50|0|0|0|10|0|0|0|1|0
RZ1|101|2|EB02-035|0|47|0|37|0|0|0|0|0
RZ1|CHK|101|2|50|0|0|0|10|0|0|0|1|0
RZ1|102|2|OP01-114|0|49|0|38|0|0|0|0|0
RZ1|CHK|102|2|50|0|0|0|10|0|0|0|1|0
RZ1|103|2|OP11-072|0|48|0|39|0|0|0|0|0
RZ1|CHK|103|2|50|0|0|0|10|0|0|0|1|0
RZ1|104|2|OP11-070|0|42|0|40|0|0|0|0|0
RZ1|CHK|104|2|50|0|0|0|10|0|0|0|1|0
RZ1|105|2|ST04-014|0|48|0|41|0|0|0|0|0
RZ1|CHK|105|2|50|0|0|0|10|0|0|0|1|0
RZ1|106|2|ST04-017|0|47|0|42|0|0|0|0|0
RZ1|CHK|106|2|50|0|0|0|10|0|0|0|1|0
RZ1|107|2|ST04-017|0|47|0|43|0|0|0|0|0
RZ1|CHK|107|2|50|0|0|0|10|0|0|0|1|0
RZ1|108|2|OP11-070|0|49|0|45|0|0|0|0|0
RZ1|CHK|108|2|50|0|0|0|10|0|0|0|1|0
RZ1|109|2|ST04-016|0|48|0|46|0|0|0|0|0
RZ1|CHK|109|2|50|0|0|0|10|0|0|0|1|0
RZ1|110|2|ST04-003|0|48|0|47|0|0|0|0|0
RZ1|CHK|110|2|50|0|0|0|10|0|0|0|1|0
[] Drew card from deck: Onigashima Island ["ST04-017">ST04-017]
RZ1|111|2|ST04-017|0|49|1|0|1|1|0|0|0
RZ1|CHK|111|2|49|1|0|0|10|0|0|0|1|0
[] Drew card from deck: Black Maria ["OP08-074">OP08-074]
RZ1|112|2|OP08-074|0|48|1|1|1|1|0|0|0
RZ1|CHK|112|2|48|2|0|0|10|0|0|0|1|0
[] Drew card from deck: Kaido ["ST04-003">ST04-003]
RZ1|113|2|ST04-003|0|47|1|2|1|1|0|0|0
RZ1|CHK|113|2|47|3|0|0|10|0|0|0|1|0
[] Drew card from deck: Blast Breath ["ST04-016">ST04-016]
RZ1|114|2|ST04-016|0|46|1|3|1|1|0|0|0
RZ1|CHK|114|2|46|4|0|0|10|0|0|0|1|0
[] Drew card from deck: Charlotte Pudding ["OP11-070">OP11-070]
RZ1|115|2|OP11-070|0|45|1|4|1|1|0|0|0
RZ1|CHK|115|2|45|5|0|0|10|0|0|0|1|0
RZ1|116|2|ST04-016|0|44|3|0|0|1|0|0|0
RZ1|CHK|116|2|44|5|0|1|10|0|0|0|1|0
RZ1|117|2|ST04-017|0|43|3|1|0|1|0|0|0
RZ1|CHK|117|2|43|5|0|2|10|0|0|0|1|0
RZ1|118|2|ST04-017|0|42|3|2|0|1|0|0|0
RZ1|CHK|118|2|42|5|0|3|10|0|0|0|1|0
RZ1|119|2|ST04-014|0|41|3|3|0|1|0|0|0
RZ1|CHK|119|2|41|5|0|4|10|0|0|0|1|0
RZ1|120|2|OP11-070|0|40|3|4|0|1|0|0|0
RZ1|CHK|120|2|40|5|0|5|10|0|0|0|1|0
[] Hand after Mulligan: [ST04-017,OP08-074,ST04-003,ST04-016,OP11-070]
[Opponent] Mulligan
[] Hand: [OP11-070,OP11-067,ST34-003,OP08-069,ST34-001]
[] Board: []
[] Trash: []
[] Life: 5
[] Hand: [ST04-017,OP08-074,ST04-003,ST04-016,OP11-070]
[] Trash: []
[] Board: []
[] Life: 5
RZ1|121|1|Don|4|9|5|0|1|1|0|0|0
RZ1|CHK|121|1|40|5|0|5|9|1|0|0|1|0
[You] Draw 1 Don
RZ1|122|1|Don|5|0|5|0|1|1|1|0|0
RZ1|CHK|122|1|40|5|0|5|9|1|0|0|1|0
[You] Deploy Charlotte Pudding ["OP11-070">OP11-070]
RZ1|123|1|OP11-070|1|0|2|0|1|1|0|0|0
RZ1|CHK|123|1|40|4|1|5|9|1|0|0|1|0
RZ1|124|1|ST34-005|0|37|1|4|1|1|0|0|0
RZ1|CHK|124|1|39|5|1|5|9|1|0|0|1|0
[You] Charlotte Pudding ["OP11-070">OP11-070]: <b>Reveal and Draw Baron Tamago & Pekoms ["ST34-005">ST34-005]</b>
[You] Placing Cards on Bottom of Deck
RZ1|125|1|OP08-069|0|38|0|0|0|0|0|0|0
RZ1|CHK|125|1|39|5|1|5|9|1|0|0|1|0
RZ1|126|1|OP15-069|0|38|0|0|0|0|0|0|0
RZ1|CHK|126|1|39|5|1|5|9|1|0|0|1|0
RZ1|127|1|ST34-002|0|38|0|0|0|0|0|0|0
RZ1|CHK|127|1|39|5|1|5|9|1|0|0|1|0
RZ1|128|1|PRB02-010|0|38|0|0|0|0|0|0|0
RZ1|CHK|128|1|39|5|1|5|9|1|0|0|1|0
[] Hand: [OP11-067,ST34-003,OP08-069,ST34-001,ST34-005]
[] Board: [OP11-070]
[] Trash: []
[] Life: 5
[] Hand: [ST04-017,OP08-074,ST04-003,ST04-016,OP11-070]
[] Trash: []
[] Board: []
[] Life: 5
[You] End Turn
[] Hand: [ST04-017,OP08-074,ST04-003,ST04-016,OP11-070]
[] Board: []
[] Trash: []
[] Life: 5
[] Hand: [OP11-067,ST34-003,OP08-069,ST34-001,ST34-005]
[] Trash: []
[] Board: [OP11-070]
[] Life: 5
[Opponent] Draw 1 Card
[] Drew card from deck: Charlotte Montdor ["OP11-072">OP11-072]
RZ1|129|2|OP11-072|0|39|1|5|1|1|0|0|0
RZ1|CHK|129|2|39|6|0|5|10|0|0|0|1|0
RZ1|130|2|Don|4|9|5|0|1|1|0|0|0
RZ1|CHK|130|2|39|6|0|5|9|1|0|0|1|0
RZ1|131|2|Don|4|8|5|1|1|1|0|0|0
RZ1|CHK|131|2|39|6|0|5|8|2|0|0|1|0
[Opponent] Draw 2 Don
RZ1|132|2|Don|5|0|5|0|1|1|1|0|0
RZ1|CHK|132|2|39|6|0|5|8|2|0|0|1|0
[Opponent] Deploy Charlotte Pudding ["OP11-070">OP11-070]
RZ1|133|2|OP11-070|1|4|2|0|1|1|0|0|0
RZ1|CHK|133|2|39|5|1|5|8|2|0|0|1|0
RZ1|134|2|EB02-035|0|37|1|5|1|1|0|0|0
RZ1|CHK|134|2|38|6|1|5|8|2|0|0|1|0
[Opponent] Charlotte Pudding ["OP11-070">OP11-070]: <b>Reveal and Draw Sanji & Pudding ["EB02-035">EB02-035]</b>
[Opponent] Placing Cards on Bottom of Deck
RZ1|135|2|OP01-114|0|37|0|0|0|0|0|0|0
RZ1|CHK|135|2|38|6|1|5|8|2|0|0|1|0
RZ1|136|2|OP02-085|0|37|0|0|0|0|0|0|0
RZ1|CHK|136|2|38|6|1|5|8|2|0|0|1|0
RZ1|137|2|OP01-114|0|37|0|0|0|0|0|0|0
RZ1|CHK|137|2|38|6|1|5|8|2|0|0|1|0
RZ1|138|2|OP01-114|0|37|0|0|0|0|0|0|0
RZ1|CHK|138|2|38|6|1|5|8|2|0|0|1|0
[] Hand: [ST04-017,OP08-074,ST04-003,ST04-016,OP11-072,EB02-035]
[] Board: [OP11-070]
[] Trash: []
[] Life: 5
[] Hand: [OP11-067,ST34-003,OP08-069,ST34-001,ST34-005]
[] Trash: []
[] Board: [OP11-070]
[] Life: 5
[Opponent] End Turn
[] Hand: [OP11-067,ST34-003,OP08-069,ST34-001,ST34-005]
[] Board: [OP11-070]
[] Trash: []
[] Life: 5
[] Hand: [ST04-017,OP08-074,ST04-003,ST04-016,OP11-072,EB02-035]
[] Trash: []
[] Board: [OP11-070]
[] Life: 5
[You] Draw 1 Card
[] Drew card from deck: Charlotte Pudding ["PRB02-010">PRB02-010]
RZ1|139|1|PRB02-010|0|38|1|5|1|1|0|0|0
RZ1|CHK|139|1|38|6|1|5|9|1|0|0|1|0
RZ1|140|1|Don|4|8|5|1|1|1|0|0|0
RZ1|CHK|140|1|38|6|1|5|8|2|0|0|1|0
RZ1|141|1|Don|4|7|5|2|1|1|0|0|0
RZ1|CHK|141|1|38|6|1|5|7|3|0|0|1|0
[You] Draw 2 Don
RZ1|142|1|Don|5|0|5|0|1|1|1|0|0
RZ1|CHK|142|1|38|6|1|5|7|3|0|0|1|0
[You] Deploy Charlotte Brulee ["ST34-003">ST34-003]
RZ1|143|1|ST34-003|1|1|2|1|1|1|0|0|0
RZ1|CHK|143|1|38|5|2|5|7|3|0|0|1|0
RZ1|144|1|ST34-001|0|37|1|5|1|1|0|0|0
RZ1|CHK|144|1|37|6|2|5|7|3|0|0|1|0
[You] Charlotte Brulee ["ST34-003">ST34-003]: <b>Reveal and Draw Charlotte Katakuri ["ST34-001">ST34-001]</b>
[You] Placing Cards on Bottom of Deck
RZ1|145|1|OP07-077|0|36|0|0|0|0|0|0|0
RZ1|CHK|145|1|37|6|2|5|7|3|0|0|1|0
RZ1|146|1|OP15-078|0|36|0|0|0|0|0|0|0
RZ1|CHK|146|1|37|6|2|5|7|3|0|0|1|0
[You] Charlotte Katakuri ["OP11-062">OP11-062] attacking Kaido ["ST04-001">ST04-001]
RZ1|147|1|Don|5|0|4|7|1|1|0|0|0
RZ1|CHK|147|1|37|6|2|5|8|2|0|0|1|0
[You] Charlotte Katakuri ["OP11-062">OP11-062]: Minus 1 Don
[You] Charlotte Katakuri ["OP11-062">OP11-062]: <b>Looked at opponent's top deck</b>
[You] Charlotte Katakuri ["OP11-062">OP11-062]: <b>Finished looking at opponent's top deck</b>
[You] Charlotte Katakuri ["OP11-062">OP11-062]: Buff Charlotte Katakuri ["OP11-062">OP11-062] 1000 for the Combat
Charlotte Katakuri ["OP11-062">OP11-062][6000] vs Kaido ["ST04-001">ST04-001][5000]
Kaido ["ST04-001">ST04-001] hit for 1 damage
RZ1|148|2|OP11-070|3|4|1|6|1|1|0|0|0
RZ1|CHK|148|2|38|7|1|4|8|2|0|0|1|0
RZ1|149|1|Don|5|0|4|8|1|1|0|0|0
RZ1|CHK|149|1|37|6|2|5|9|1|0|0|1|0
[You] Charlotte Pudding ["OP11-070">OP11-070]: Minus 1 Don
[You] Charlotte Pudding ["OP11-070">OP11-070]: Rest Charlotte Pudding ["OP11-070">OP11-070]
RZ1|150|1|Don|5|0|9|0|1|1|0|0|0
RZ1|CHK|150|1|37|6|2|5|9|0|0|0|1|1
[You] Attach 1 Don to Charlotte Pudding ["OP11-070">OP11-070] (1 Total)
[] Hand: [OP11-067,OP08-069,ST34-001,ST34-005,PRB02-010,ST34-001]
[] Board: [OP11-070,ST34-003]
[] Trash: []
[] Life: 5
[] Hand: [ST04-017,OP08-074,ST04-003,ST04-016,OP11-072,EB02-035,OP11-070]
[] Trash: []
[] Board: [OP11-070]
[] Life: 4
[You] End Turn
[] Hand: [ST04-017,OP08-074,ST04-003,ST04-016,OP11-072,EB02-035,OP11-070]
[] Board: [OP11-070]
[] Trash: []
[] Life: 4
[] Hand: [OP11-067,OP08-069,ST34-001,ST34-005,PRB02-010,ST34-001]
[] Trash: []
[] Board: [OP11-070,ST34-003]
[] Life: 5
[Opponent] Draw 1 Card
[] Drew card from deck: X.Drake ["OP01-114">OP01-114]
RZ1|151|2|OP01-114|0|37|1|7|1|1|0|0|0
RZ1|CHK|151|2|37|8|1|4|8|2|0|0|1|0
RZ1|152|2|Don|4|7|5|2|1|1|0|0|0
RZ1|CHK|152|2|37|8|1|4|7|3|0|0|1|0
RZ1|153|2|Don|4|6|5|3|1|1|0|0|0
RZ1|CHK|153|2|37|8|1|4|6|4|0|0|1|0
[Opponent] Draw 2 Don
RZ1|154|2|Don|5|0|5|0|1|1|1|0|0
RZ1|CHK|154|2|37|8|1|4|6|4|0|0|1|0
RZ1|155|2|Don|5|1|5|1|1|1|1|0|0
RZ1|CHK|155|2|37|8|1|4|6|4|0|0|1|0
RZ1|156|2|Don|5|2|5|2|1|1|1|0|0
RZ1|CHK|156|2|37|8|1|4|6|4|0|0|1|0
[Opponent] Deploy Black Maria ["OP08-074">OP08-074]
RZ1|157|2|OP08-074|1|1|2|1|1|1|0|0|0
RZ1|CHK|157|2|37|7|2|4|6|4|0|0|1|0
RZ1|158|2|Don|5|3|5|3|1|1|1|0|0
RZ1|CHK|158|2|37|7|2|4|6|4|0|0|1|0
[Opponent] Deploy Charlotte Pudding ["OP11-070">OP11-070]
RZ1|159|2|OP11-070|1|5|2|2|1|1|0|0|0
RZ1|CHK|159|2|37|6|3|4|6|4|0|0|1|0
RZ1|160|2|EB02-035|0|36|1|6|1|1|0|0|0
RZ1|CHK|160|2|36|7|3|4|6|4|0|0|1|0
[Opponent] Charlotte Pudding ["OP11-070">OP11-070]: <b>Reveal and Draw Sanji & Pudding ["EB02-035">EB02-035]</b>
[Opponent] Placing Cards on Bottom of Deck
RZ1|161|2|OP01-119|0|35|0|0|0|0|0|0|0
RZ1|CHK|161|2|36|7|3|4|6|4|0|0|1|0
RZ1|162|2|ST04-005|0|35|0|0|0|0|0|0|0
RZ1|CHK|162|2|36|7|3|4|6|4|0|0|1|0
RZ1|163|2|ST04-005|0|35|0|0|0|0|0|0|0
RZ1|CHK|163|2|36|7|3|4|6|4|0|0|1|0
RZ1|164|2|OP11-072|0|35|0|0|0|0|0|0|0
RZ1|CHK|164|2|36|7|3|4|6|4|0|0|1|0
[Opponent] Kaido ["ST04-001">ST04-001] attacking Charlotte Katakuri ["OP11-062">OP11-062]
Kaido ["ST04-001">ST04-001][5000] vs Charlotte Katakuri ["OP11-062">OP11-062][5000]
Charlotte Katakuri ["OP11-062">OP11-062] hit for 1 damage
RZ1|165|1|ST18-001|3|4|1|6|1|1|0|0|0
RZ1|CHK|165|1|37|7|2|4|9|0|0|0|1|1
[] Hand: [ST04-017,ST04-003,ST04-016,OP11-072,EB02-035,OP01-114,EB02-035]
[] Board: [OP11-070,OP08-074,OP11-070]
[] Trash: []
[] Life: 4
[] Hand: [OP11-067,OP08-069,ST34-001,ST34-005,PRB02-010,ST34-001,ST18-001]
[] Trash: []
[] Board: [OP11-070,ST34-003]
[] Life: 4
[Opponent] End Turn
[] Hand: [OP11-067,OP08-069,ST34-001,ST34-005,PRB02-010,ST34-001,ST18-001]
[] Board: [OP11-070,ST34-003]
[] Trash: []
[] Life: 4
[] Hand: [ST04-017,ST04-003,ST04-016,OP11-072,EB02-035,OP01-114,EB02-035]
[] Trash: []
[] Board: [OP11-070,OP08-074,OP11-070]
[] Life: 4
RZ1|166|1|Don|9|0|5|0|1|1|1|0|0
RZ1|CHK|166|1|37|7|2|4|9|1|0|0|1|0
[You] Draw 1 Card
[] Drew card from deck: Charlotte Linlin ["ST34-004">ST34-004]
RZ1|167|1|ST34-004|0|36|1|7|1|1|0|0|0
RZ1|CHK|167|1|36|8|2|4|9|1|0|0|1|0
RZ1|168|1|Don|4|8|5|1|1|1|0|0|0
RZ1|CHK|168|1|36|8|2|4|8|2|0|0|1|0
RZ1|169|1|Don|4|7|5|2|1|1|0|0|0
RZ1|CHK|169|1|36|8|2|4|7|3|0|0|1|0
[You] Draw 2 Don
RZ1|170|1|Don|5|0|5|0|1|1|1|0|0
RZ1|CHK|170|1|36|8|2|4|7|3|0|0|1|0
RZ1|171|1|Don|5|1|5|1|1|1|1|0|0
RZ1|CHK|171|1|36|8|2|4|7|3|0|0|1|0
RZ1|172|1|Don|5|2|5|2|1|1|1|0|0
RZ1|CHK|172|1|36|8|2|4|7|3|0|0|1|0
[You] Deploy Baron Tamago & Pekoms ["ST34-005">ST34-005]
RZ1|173|1|ST34-005|1|3|2|2|1|1|0|0|0
RZ1|CHK|173|1|36|7|3|4|7|3|0|0|1|0
[You] Charlotte Katakuri ["OP11-062">OP11-062] attacking Kaido ["ST04-001">ST04-001]
RZ1|174|1|Don|5|0|4|7|1|1|0|0|0
RZ1|CHK|174|1|36|7|3|4|8|2|0|0|1|0
[You] Charlotte Katakuri ["OP11-062">OP11-062]: Minus 1 Don
[You] Charlotte Katakuri ["OP11-062">OP11-062]: <b>Looked at opponent's top deck</b>
[You] Charlotte Katakuri ["OP11-062">OP11-062]: <b>Finished looking at opponent's top deck</b>
[You] Charlotte Katakuri ["OP11-062">OP11-062]: Buff Charlotte Katakuri ["OP11-062">OP11-062] 1000 for the Combat
[Opponent] Discard X.Drake ["OP01-114">OP01-114] for Counter 2000
RZ1|175|2|OP01-114|1|5|6|0|1|1|0|0|0
RZ1|CHK|175|2|36|6|3|4|6|4|1|0|1|0
Charlotte Katakuri ["OP11-062">OP11-062][6000] vs Kaido ["ST04-001">ST04-001][7000]
Attack Fails
RZ1|176|1|Don|5|0|4|8|1|1|0|0|0
RZ1|CHK|176|1|36|7|3|4|9|1|0|0|1|0
[You] Charlotte Pudding ["OP11-070">OP11-070]: Minus 1 Don
[You] Charlotte Pudding ["OP11-070">OP11-070]: Rest Charlotte Pudding ["OP11-070">OP11-070]
[] Hand: [OP11-067,OP08-069,ST34-001,PRB02-010,ST34-001,ST18-001,ST34-004]
[] Board: [OP11-070,ST34-003,ST34-005]
[] Trash: []
[] Life: 4
[] Hand: [ST04-017,ST04-003,ST04-016,OP11-072,EB02-035,EB02-035]
[] Trash: [OP01-114]
[] Board: [OP11-070,OP08-074,OP11-070]
[] Life: 4
[You] End Turn
[] Hand: [ST04-017,ST04-003,ST04-016,OP11-072,EB02-035,EB02-035]
[] Board: [OP11-070,OP08-074,OP11-070]
[] Trash: [OP01-114]
[] Life: 4
[] Hand: [OP11-067,OP08-069,ST34-001,PRB02-010,ST34-001,ST18-001,ST34-004]
[] Trash: []
[] Board: [OP11-070,ST34-003,ST34-005]
[] Life: 4
[Opponent] Draw 1 Card
[] Drew card from deck: Black Maria ["OP08-074">OP08-074]
RZ1|177|2|OP08-074|0|35|1|6|1|1|0|0|0
RZ1|CHK|177|2|35|7|3|4|6|4|1|0|1|0
RZ1|178|2|Don|4|5|5|4|1|1|0|0|0
RZ1|CHK|178|2|35|7|3|4|5|5|1|0|1|0
RZ1|179|2|Don|4|4|5|5|1|1|0|0|0
RZ1|CHK|179|2|35|7|3|4|4|6|1|0|1|0
[Opponent] Draw 2 Don
RZ1|180|2|Don|5|0|5|0|1|1|1|0|0
RZ1|CHK|180|2|35|7|3|4|4|6|1|0|1|0
RZ1|181|2|Don|5|1|5|1|1|1|1|0|0
RZ1|CHK|181|2|35|7|3|4|4|6|1|0|1|0
RZ1|182|2|Don|5|2|5|2|1|1|1|0|0
RZ1|CHK|182|2|35|7|3|4|4|6|1|0|1|0
RZ1|183|2|Don|5|3|5|3|1|1|1|0|0
RZ1|CHK|183|2|35|7|3|4|4|6|1|0|1|0
RZ1|184|2|Don|5|4|5|4|1|1|1|0|0
RZ1|CHK|184|2|35|7|3|4|4|6|1|0|1|0
[Opponent] Deploy Sanji & Pudding ["EB02-035">EB02-035]
RZ1|185|2|EB02-035|1|5|2|3|1|1|0|0|0
RZ1|CHK|185|2|35|6|4|4|4|6|1|0|1|0
[Opponent] Charlotte Pudding ["OP11-070">OP11-070] attacking Charlotte Pudding ["OP11-070">OP11-070]
RZ1|186|1|Don|5|0|4|9|1|1|0|0|0
RZ1|CHK|186|1|36|7|3|4|10|0|0|0|1|0
[You] Charlotte Katakuri ["OP11-062">OP11-062]: Minus 1 Don
[You] Charlotte Katakuri ["OP11-062">OP11-062]: <b>Looked at opponent's top deck</b>
[You] Charlotte Katakuri ["OP11-062">OP11-062]: <b>Finished looking at opponent's top deck</b>
[You] Charlotte Katakuri ["OP11-062">OP11-062]: Buff Charlotte Katakuri ["OP11-062">OP11-062] 1000 for the Combat
Charlotte Pudding ["OP11-070">OP11-070][0] vs Charlotte Pudding ["OP11-070">OP11-070][0]
[You] Charlotte Pudding ["OP11-070">OP11-070] Destroyed
RZ1|187|1|OP11-070|2|0|6|0|1|1|0|0|0
RZ1|CHK|187|1|36|7|2|4|10|0|1|0|1|0
[Opponent] Attach 1 Don to Kaido ["ST04-001">ST04-001] (1 Total)
RZ1|188|2|Don|5|5|9|9900|1|1|0|0|0
RZ1|CHK|188|2|35|6|4|4|4|5|1|0|1|1
[Opponent] Kaido ["ST04-001">ST04-001] attacking Charlotte Katakuri ["OP11-062">OP11-062]
Kaido ["ST04-001">ST04-001][6000] vs Charlotte Katakuri ["OP11-062">OP11-062][5000]
Charlotte Katakuri ["OP11-062">OP11-062] hit for 1 damage
RZ1|189|1|ST34-004|3|3|1|7|1|1|0|0|0
RZ1|CHK|189|1|36|8|2|3|10|0|1|0|1|0
[] Hand: [ST04-017,ST04-003,ST04-016,OP11-072,EB02-035,OP08-074]
[] Board: [OP11-070,OP08-074,OP11-070,EB02-035]
[] Trash: [OP01-114]
[] Life: 4
[] Hand: [OP11-067,OP08-069,ST34-001,PRB02-010,ST34-001,ST18-001,ST34-004,ST34-004]
[] Trash: [OP11-070]
[] Board: [ST34-003,ST34-005]
[] Life: 3
[Opponent] End Turn
[] Hand: [OP11-067,OP08-069,ST34-001,PRB02-010,ST34-001,ST18-001,ST34-004,ST34-004]
[] Board: [ST34-003,ST34-005]
[] Trash: [OP11-070]
[] Life: 3
[] Hand: [ST04-017,ST04-003,ST04-016,OP11-072,EB02-035,OP08-074]
[] Trash: [OP01-114]
[] Board: [OP11-070,OP08-074,OP11-070,EB02-035]
[] Life: 4
[You] Draw 1 Card
[] Drew card from deck: Nola ["OP15-069">OP15-069]
RZ1|190|1|OP15-069|0|35|1|8|1|1|0|0|0
RZ1|CHK|190|1|35|9|2|3|10|0|1|0|1|0
RZ1|191|1|Don|4|9|5|0|1|1|0|0|0
RZ1|CHK|191|1|35|9|2|3|9|1|1|0|1|0
RZ1|192|1|Don|4|8|5|1|1|1|0|0|0
RZ1|CHK|192|1|35|9|2|3|8|2|1|0|1|0
[You] Draw 2 Don
[You] Charlotte Brulee ["ST34-003">ST34-003] attacking Charlotte Pudding ["OP11-070">OP11-070]
Charlotte Brulee ["ST34-003">ST34-003][2000] vs Charlotte Pudding ["OP11-070">OP11-070][0]
[Opponent] Charlotte Pudding ["OP11-070">OP11-070] Destroyed
RZ1|193|2|OP11-070|2|2|6|1|1|1|0|0|0
RZ1|CHK|193|2|35|6|3|4|4|5|2|0|1|1
RZ1|194|1|Don|5|0|5|0|1|1|1|0|0
RZ1|CHK|194|1|35|9|2|3|8|2|1|0|1|0
[You] Deploy Nola ["OP15-069">OP15-069]
RZ1|195|1|OP15-069|1|8|2|2|1|1|0|0|0
RZ1|CHK|195|1|35|8|3|3|8|2|1|0|1|0
[You] Charlotte Katakuri ["OP11-062">OP11-062] attacking Kaido ["ST04-001">ST04-001]
RZ1|196|1|Don|5|0|4|8|1|1|0|0|0
RZ1|CHK|196|1|35|8|3|3|9|1|1|0|1|0
[You] Charlotte Katakuri ["OP11-062">OP11-062]: Minus 1 Don
[You] Charlotte Katakuri ["OP11-062">OP11-062]: <b>Looked at opponent's top deck</b>
[You] Charlotte Katakuri ["OP11-062">OP11-062]: <b>Finished looking at opponent's top deck</b>
[You] Charlotte Katakuri ["OP11-062">OP11-062]: Buff Charlotte Katakuri ["OP11-062">OP11-062] 1000 for the Combat
[Opponent] Discard Charlotte Montdor ["OP11-072">OP11-072] for Counter 2000
RZ1|197|2|OP11-072|1|3|6|2|1|1|0|0|0
RZ1|CHK|197|2|35|5|3|4|4|5|3|0|1|1
Charlotte Katakuri ["OP11-062">OP11-062][6000] vs Kaido ["ST04-001">ST04-001][7000]
Attack Fails
[] Hand: [OP11-067,OP08-069,ST34-001,PRB02-010,ST34-001,ST18-001,ST34-004,ST34-004]
[] Board: [ST34-003,ST34-005,OP15-069]
[] Trash: [OP11-070]
[] Life: 3
[] Hand: [ST04-017,ST04-003,ST04-016,EB02-035,OP08-074]
[] Trash: [OP01-114,OP11-070,OP11-072]
[] Board: [OP11-070,OP08-074,EB02-035]
[] Life: 4
[You] End Turn
[] Hand: [ST04-017,ST04-003,ST04-016,EB02-035,OP08-074]
[] Board: [OP11-070,OP08-074,EB02-035]
[] Trash: [OP01-114,OP11-070,OP11-072]
[] Life: 4
[] Hand: [OP11-067,OP08-069,ST34-001,PRB02-010,ST34-001,ST18-001,ST34-004,ST34-004]
[] Trash: [OP11-070]
[] Board: [ST34-003,ST34-005,OP15-069]
[] Life: 3
RZ1|198|2|Don|9|9900|5|0|1|1|1|0|0
RZ1|CHK|198|2|35|5|3|4|4|6|3|0|1|0
[Opponent] Draw 1 Card
[] Drew card from deck: Charlotte Pudding ["OP11-070">OP11-070]
RZ1|199|2|OP11-070|0|34|1|5|1|1|0|0|0
RZ1|CHK|199|2|34|6|3|4|4|6|3|0|1|0
RZ1|200|2|Don|4|3|5|6|1|1|0|0|0
RZ1|CHK|200|2|34|6|3|4|3|7|3|0|1|0
RZ1|201|2|Don|4|2|5|7|1|1|0|0|0
RZ1|CHK|201|2|34|6|3|4|2|8|3|0|1|0
[Opponent] Draw 2 Don
RZ1|202|2|Don|5|0|5|0|1|1|1|0|0
RZ1|CHK|202|2|34|6|3|4|2|8|3|0|1|0
RZ1|203|2|Don|5|1|5|1|1|1|1|0|0
RZ1|CHK|203|2|34|6|3|4|2|8|3|0|1|0
RZ1|204|2|Don|5|2|5|2|1|1|1|0|0
RZ1|CHK|204|2|34|6|3|4|2|8|3|0|1|0
[Opponent] Deploy Onigashima Island ["ST04-017">ST04-017]
RZ1|205|2|ST04-017|1|0|7|0|1|1|0|0|0
RZ1|CHK|205|2|34|5|3|4|2|8|3|1|1|0
[Opponent] Onigashima Island ["ST04-017">ST04-017]: Rest Onigashima Island ["ST04-017">ST04-017]
Onigashima Island ["ST04-017">ST04-017]: Draw 1 Rested Don
RZ1|206|2|Don|4|1|5|0|1|1|1|0|0
RZ1|CHK|206|2|34|5|3|4|1|9|3|1|1|0
RZ1|207|2|Don|5|4|5|4|1|1|1|0|0
RZ1|CHK|207|2|34|5|3|4|1|9|3|1|1|0
RZ1|208|2|Don|5|5|5|5|1|1|1|0|0
RZ1|CHK|208|2|34|5|3|4|1|9|3|1|1|0
RZ1|209|2|Don|5|6|5|6|1|1|1|0|0
RZ1|CHK|209|2|34|5|3|4|1|9|3|1|1|0
RZ1|210|2|Don|5|7|5|7|1|1|1|0|0
RZ1|CHK|210|2|34|5|3|4|1|9|3|1|1|0
RZ1|211|2|Don|5|8|5|8|1|1|1|0|0
RZ1|CHK|211|2|34|5|3|4|1|9|3|1|1|0
[Opponent] Deploy Sanji & Pudding ["EB02-035">EB02-035]
RZ1|212|2|EB02-035|1|2|2|3|1|1|0|0|0
RZ1|CHK|212|2|34|4|4|4|1|9|3|1|1|0
[Opponent] Sanji & Pudding ["EB02-035">EB02-035] attacking Charlotte Katakuri ["OP11-062">OP11-062]
RZ1|213|1|Don|5|0|4|9|1|1|0|0|0
RZ1|CHK|213|1|35|8|3|3|10|0|1|0|1|0
[You] Charlotte Katakuri ["OP11-062">OP11-062]: Minus 1 Don
[You] Charlotte Katakuri ["OP11-062">OP11-062]: <b>Looked at opponent's top deck</b>
[You] Charlotte Katakuri ["OP11-062">OP11-062]: <b>Finished looking at opponent's top deck</b>
[You] Charlotte Katakuri ["OP11-062">OP11-062]: Buff Charlotte Katakuri ["OP11-062">OP11-062] 1000 for the Combat
Sanji & Pudding ["EB02-035">EB02-035][7000] vs Charlotte Katakuri ["OP11-062">OP11-062][6000]
Charlotte Katakuri ["OP11-062">OP11-062] hit for 1 damage
RZ1|214|1|ST34-003|3|2|1|8|1|1|0|0|0
RZ1|CHK|214|1|35|9|3|2|10|0|1|0|1|0
[Opponent] Kaido ["ST04-001">ST04-001] attacking Charlotte Katakuri ["OP11-062">OP11-062]
[You] Discard Charlotte Pudding ["PRB02-010">PRB02-010] for Counter 1000
RZ1|215|1|PRB02-010|1|3|6|1|1|1|0|0|0
RZ1|CHK|215|1|35|8|3|2|10|0|2|0|1|0
Kaido ["ST04-001">ST04-001][5000] vs Charlotte Katakuri ["OP11-062">OP11-062][6000]
Attack Fails
RZ1|216|2|Don|5|0|4|1|1|1|0|0|0
RZ1|CHK|216|2|34|4|4|4|2|8|3|1|1|0
RZ1|217|2|Don|5|0|4|2|1|1|0|0|0
RZ1|CHK|217|2|34|4|4|4|3|7|3|1|1|0
RZ1|218|2|Don|5|0|4|3|1|1|0|0|0
RZ1|CHK|218|2|34|4|4|4|4|6|3|1|1|0
RZ1|219|2|Don|5|0|4|4|1|1|0|0|0
RZ1|CHK|219|2|34|4|4|4|5|5|3|1|1|0
RZ1|220|2|Don|5|0|4|5|1|1|0|0|0
RZ1|CHK|220|2|34|4|4|4|6|4|3|1|1|0
RZ1|221|2|Don|5|0|4|6|1|1|0|0|0
RZ1|CHK|221|2|34|4|4|4|7|3|3|1|1|0
RZ1|222|2|Don|5|0|4|7|1|1|0|0|0
RZ1|CHK|222|2|34|4|4|4|8|2|3|1|1|0
[Opponent] Kaido ["ST04-001">ST04-001]: Minus 7 Don
[Opponent] Kaido ["ST04-001">ST04-001]: Trash 1 Life
[Opponent] Trash Charlotte Cracker ["ST34-002">ST34-002] from Life
RZ1|223|1|ST34-002|3|1|6|2|1|1|0|0|0
RZ1|CHK|223|1|35|8|3|1|10|0|3|0|1|0
Sanji & Pudding ["EB02-035">EB02-035]: Draw 1 Don
RZ1|224|2|Don|4|7|5|2|1|1|0|0|0
RZ1|CHK|224|2|34|4|4|4|7|3|3|1|1|0
Sanji & Pudding ["EB02-035">EB02-035]: Draw 1 Don
RZ1|225|2|Don|4|6|5|3|1|1|0|0|0
RZ1|CHK|225|2|34|4|4|4|6|4|3|1|1|0
RZ1|226|2|Don|5|2|5|2|1|1|1|0|0
RZ1|CHK|226|2|34|4|4|4|6|4|3|1|1|0
[Opponent] Deploy Charlotte Pudding ["OP11-070">OP11-070]
RZ1|227|2|OP11-070|1|3|2|4|1|1|0|0|0
RZ1|CHK|227|2|34|3|5|4|6|4|3|1|1|0
RZ1|228|2|OP08-076|0|33|1|3|1|1|0|0|0
RZ1|CHK|228|2|33|4|5|4|6|4|3|1|1|0
[Opponent] Charlotte Pudding ["OP11-070">OP11-070]: <b>Reveal and Draw It's To Die For...! ["OP08-076">OP08-076]</b>
[Opponent] Placing Cards on Bottom of Deck
RZ1|229|2|ST04-003|0|32|0|0|0|0|0|0|0
RZ1|CHK|229|2|33|4|5|4|6|4|3|1|1|0
RZ1|230|2|OP08-074|0|32|0|0|0|0|0|0|0
RZ1|CHK|230|2|33|4|5|4|6|4|3|1|1|0
RZ1|231|2|OP07-066|0|32|0|0|0|0|0|0|0
RZ1|CHK|231|2|33|4|5|4|6|4|3|1|1|0
RZ1|232|2|ST04-017|0|32|0|0|0|0|0|0|0
RZ1|CHK|232|2|33|4|5|4|6|4|3|1|1|0
[] Hand: [ST04-003,ST04-016,OP08-074,OP08-076]
[] Board: [OP11-070,OP08-074,EB02-035,EB02-035,OP11-070]
[] Trash: [OP01-114,OP11-070,OP11-072]
[] Life: 4
[] Hand: [OP11-067,OP08-069,ST34-001,ST34-001,ST18-001,ST34-004,ST34-004,ST34-003]
[] Trash: [OP11-070,PRB02-010,ST34-002]
[] Board: [ST34-003,ST34-005,OP15-069]
[] Life: 1
[Opponent] End Turn
[] Hand: [OP11-067,OP08-069,ST34-001,ST34-001,ST18-001,ST34-004,ST34-004,ST34-003]
[] Board: [ST34-003,ST34-005,OP15-069]
[] Trash: [OP11-070,PRB02-010,ST34-002]
[] Life: 1
[] Hand: [ST04-003,ST04-016,OP08-074,OP08-076]
[] Trash: [OP01-114,OP11-070,OP11-072]
[] Board: [OP11-070,OP08-074,EB02-035,EB02-035,OP11-070]
[] Life: 4
[You] Draw 1 Card
[] Drew card from deck: Baron Tamago & Pekoms ["ST34-005">ST34-005]
RZ1|233|1|ST34-005|0|34|1|8|1|1|0|0|0
RZ1|CHK|233|1|34|9|3|1|10|0|3|0|1|0
RZ1|234|1|Don|4|9|5|0|1|1|0|0|0
RZ1|CHK|234|1|34|9|3|1|9|1|3|0|1|0
RZ1|235|1|Don|4|8|5|1|1|1|0|0|0
RZ1|CHK|235|1|34|9|3|1|8|2|3|0|1|0
[You] Draw 2 Don
RZ1|236|1|Don|5|0|9|9900|1|1|0|0|0
RZ1|CHK|236|1|34|9|3|1|8|1|3|0|1|1
[You] Attach 1 Don to Charlotte Katakuri ["OP11-062">OP11-062] (1 Total)
[You] Charlotte Katakuri ["OP11-062">OP11-062] attacking Sanji & Pudding ["EB02-035">EB02-035]
RZ1|237|1|Don|5|0|4|8|1|1|0|0|0
RZ1|CHK|237|1|34|9|3|1|9|0|3|0|1|1
[You] Charlotte Katakuri ["OP11-062">OP11-062]: Minus 1 Don
[You] Charlotte Katakuri ["OP11-062">OP11-062]: <b>Looked at opponent's top deck</b>
[You] Charlotte Katakuri ["OP11-062">OP11-062]: <b>Finished looking at opponent's top deck</b>
[You] Charlotte Katakuri ["OP11-062">OP11-062]: Buff Charlotte Katakuri ["OP11-062">OP11-062] 1000 for the Combat
[Opponent] Discard Black Maria ["OP08-074">OP08-074] for Counter 2000
RZ1|238|2|OP08-074|1|2|6|3|1|1|0|0|0
RZ1|CHK|238|2|33|3|5|4|6|4|4|1|1|0
Charlotte Katakuri ["OP11-062">OP11-062][7000] vs Sanji & Pudding ["EB02-035">EB02-035][9000]
Attack Fails
[You] Baron Tamago & Pekoms ["ST34-005">ST34-005] attacking Kaido ["ST04-001">ST04-001]
Baron Tamago & Pekoms ["ST34-005">ST34-005][4000] vs Kaido ["ST04-001">ST04-001][5000]
Attack Fails
[] Hand: [OP11-067,OP08-069,ST34-001,ST34-001,ST18-001,ST34-004,ST34-004,ST34-003,ST34-005]
[] Board: [ST34-003,ST34-005,OP15-069]
[] Trash: [OP11-070,PRB02-010,ST34-002]
[] Life: 1
[] Hand: [ST04-003,ST04-016,OP08-076]
[] Trash: [OP01-114,OP11-070,OP11-072,OP08-074]
[] Board: [OP11-070,OP08-074,EB02-035,EB02-035,OP11-070]
[] Life: 4
[You] End Turn
[] Hand: [ST04-003,ST04-016,OP08-076]
[] Board: [OP11-070,OP08-074,EB02-035,EB02-035,OP11-070]
[] Trash: [OP01-114,OP11-070,OP11-072,OP08-074]
[] Life: 4
[] Hand: [OP11-067,OP08-069,ST34-001,ST34-001,ST18-001,ST34-004,ST34-004,ST34-003,ST34-005]
[] Trash: [OP11-070,PRB02-010,ST34-002]
[] Board: [ST34-003,ST34-005,OP15-069]
[] Life: 1
[Opponent] Draw 1 Card
[] Drew card from deck: Charlotte Linlin ["OP08-069">OP08-069]
RZ1|239|2|OP08-069|0|32|1|3|1|1|0|0|0
RZ1|CHK|239|2|32|4|5|4|6|4|4|1|1|0
RZ1|240|2|Don|4|5|5|4|1|1|0|0|0
RZ1|CHK|240|2|32|4|5|4|5|5|4|1|1|0
RZ1|241|2|Don|4|4|5|5|1|1|0|0|0
RZ1|CHK|241|2|32|4|5|4|4|6|4|1|1|0
[Opponent] Draw 2 Don
[Opponent] Onigashima Island ["ST04-017">ST04-017]: Rest Onigashima Island ["ST04-017">ST04-017]
Onigashima Island ["ST04-017">ST04-017]: Draw 1 Rested Don
RZ1|242|2|Don|4|3|5|0|1|1|1|0|0
RZ1|CHK|242|2|32|4|5|4|3|7|4|1|1|0
[Opponent] Attach 1 Don to Black Maria ["OP08-074">OP08-074] (1 Total)
RZ1|243|2|Don|5|6|9|100|1|1|0|0|0
RZ1|CHK|243|2|32|4|5|4|3|6|4|1|1|1
[Opponent] Attach 1 Don to Black Maria ["OP08-074">OP08-074] (2 Total)
RZ1|244|2|Don|5|5|9|101|1|1|0|0|0
RZ1|CHK|244|2|32|4|5|4|3|5|4|1|1|2
[Opponent] Attach 1 Don to Black Maria ["OP08-074">OP08-074] (3 Total)
RZ1|245|2|Don|5|4|9|102|1|1|0|0|0
RZ1|CHK|245|2|32|4|5|4|3|4|4|1|1|3
[Opponent] Black Maria ["OP08-074">OP08-074] attacking Charlotte Katakuri ["OP11-062">OP11-062]
[You] Discard Baron Tamago & Pekoms ["ST34-005">ST34-005] for Counter 2000
RZ1|246|1|ST34-005|1|8|6|3|1|1|0|0|0
RZ1|CHK|246|1|34|8|3|1|9|0|4|0|1|1
Black Maria ["OP08-074">OP08-074][5000] vs Charlotte Katakuri ["OP11-062">OP11-062][7000]
Attack Fails
[Opponent] Sanji & Pudding ["EB02-035">EB02-035] attacking Charlotte Katakuri ["OP11-062">OP11-062]
[You] Discard Charlotte Brulee ["ST34-003">ST34-003] for Counter 2000
RZ1|247|1|ST34-003|1|7|6|4|1|1|0|0|0
RZ1|CHK|247|1|34|7|3|1|9|0|5|0|1|1
[You] Discard Usohachi ["ST18-001">ST18-001] for Counter 2000
RZ1|248|1|ST18-001|1|4|6|5|1|1|0|0|0
RZ1|CHK|248|1|34|6|3|1|9|0|6|0|1|1
Sanji & Pudding ["EB02-035">EB02-035][7000] vs Charlotte Katakuri ["OP11-062">OP11-062][9000]
Attack Fails
RZ1|249|2|Don|9|102|4|3|1|1|0|0|0
RZ1|CHK|249|2|32|4|5|4|4|4|4|1|1|2
RZ1|250|2|Don|9|101|4|4|1|1|0|0|0
RZ1|CHK|250|2|32|4|5|4|5|4|4|1|1|1
RZ1|251|2|Don|9|100|4|5|1|1|0|0|0
RZ1|CHK|251|2|32|4|5|4|6|4|4|1|1|0
RZ1|252|2|Don|5|0|4|6|1|1|0|0|0
RZ1|CHK|252|2|32|4|5|4|7|3|4|1|1|0
RZ1|253|2|Don|5|0|4|7|1|1|0|0|0
RZ1|CHK|253|2|32|4|5|4|8|2|4|1|1|0
RZ1|254|2|Don|5|0|4|8|1|1|0|0|0
RZ1|CHK|254|2|32|4|5|4|9|1|4|1|1|0
RZ1|255|2|Don|5|0|4|9|1|1|0|0|0
RZ1|CHK|255|2|32|4|5|4|10|0|4|1|1|0
[Opponent] Kaido ["ST04-001">ST04-001]: Minus 7 Don
[Opponent] Kaido ["ST04-001">ST04-001]: Trash 1 Life
[Opponent] Trash Charlotte Linlin ["OP08-069">OP08-069] from Life
RZ1|256|1|OP08-069|3|0|6|6|1|1|0|0|0
RZ1|CHK|256|1|34|6|3|0|9|0|7|0|1|1
Sanji & Pudding ["EB02-035">EB02-035]: Draw 1 Don
RZ1|257|2|Don|4|9|5|0|1|1|0|0|0
RZ1|CHK|257|2|32|4|5|4|9|1|4|1|1|0
Sanji & Pudding ["EB02-035">EB02-035]: Draw 1 Don
RZ1|258|2|Don|4|8|5|1|1|1|0|0|0
RZ1|CHK|258|2|32|4|5|4|8|2|4|1|1|0
[Opponent] Attach 1 Don to Kaido ["ST04-001">ST04-001] (1 Total)
RZ1|259|2|Don|5|1|9|9900|1|1|0|0|0
RZ1|CHK|259|2|32|4|5|4|8|1|4|1|1|1
[Opponent] Attach 1 Don to Kaido ["ST04-001">ST04-001] (2 Total)
RZ1|260|2|Don|5|0|9|9901|1|1|0|0|0
RZ1|CHK|260|2|32|4|5|4|8|0|4|1|1|2
[Opponent] Kaido ["ST04-001">ST04-001] attacking Charlotte Katakuri ["OP11-062">OP11-062]
Kaido ["ST04-001">ST04-001][7000] vs Charlotte Katakuri ["OP11-062">OP11-062][5000]
Charlotte Katakuri ["OP11-062">OP11-062] hit for 1 damage
[You] <b>Downloaded the Combat Log!</b>
GameOver
