Version is 1.41b.51
[You] Leader is Charlotte Katakuri ["OP11-062">OP11-062]
RZ1|HDR|1.41b|2|RZ1
RZ1|PLY|1||OP11-062
RZ1|PLY|2||
[Opponent] Leader is Marshall D. Teach ["OP16-080">OP16-080]
RZ1|1|2|OP16-109|0|13|0|0|0|0|0|0|0
RZ1|CHK|1|2|50|0|0|0|10|0|0|0|1|0
RZ1|2|2|OP09-096|0|38|0|1|0|0|0|0|0
RZ1|CHK|2|2|50|0|0|0|10|0|0|0|1|0
RZ1|3|2|OP16-115|0|44|0|2|0|0|0|0|0
RZ1|CHK|3|2|50|0|0|0|10|0|0|0|1|0
RZ1|4|2|OP09-086|0|10|0|3|0|0|0|0|0
RZ1|CHK|4|2|50|0|0|0|10|0|0|0|1|0
RZ1|5|2|OP16-104|0|24|0|4|0|0|0|0|0
RZ1|CHK|5|2|50|0|0|0|10|0|0|0|1|0
RZ1|6|2|OP16-104|0|25|0|5|0|0|0|0|0
RZ1|CHK|6|2|50|0|0|0|10|0|0|0|1|0
RZ1|7|2|OP16-104|0|27|0|6|0|0|0|0|0
RZ1|CHK|7|2|50|0|0|0|10|0|0|0|1|0
RZ1|8|2|OP09-099|0|47|0|8|0|0|0|0|0
RZ1|CHK|8|2|50|0|0|0|10|0|0|0|1|0
RZ1|9|2|OP12-112|0|27|0|9|0|0|0|0|0
RZ1|CHK|9|2|50|0|0|0|10|0|0|0|1|0
RZ1|10|2|OP09-096|0|42|0|11|0|0|0|0|0
RZ1|CHK|10|2|50|0|0|0|10|0|0|0|1|0
RZ1|11|2|EB04-058|0|31|0|12|0|0|0|0|0
RZ1|CHK|11|2|50|0|0|0|10|0|0|0|1|0
RZ1|12|2|OP09-093|0|20|0|13|0|0|0|0|0
RZ1|CHK|12|2|50|0|0|0|10|0|0|0|1|0
RZ1|13|2|OP09-093|0|21|0|14|0|0|0|0|0
RZ1|CHK|13|2|50|0|0|0|10|0|0|0|1|0
RZ1|14|2|OP09-093|0|21|0|15|0|0|0|0|0
RZ1|CHK|14|2|50|0|0|0|10|0|0|0|1|0
RZ1|15|2|EB04-058|0|31|0|17|0|0|0|0|0
RZ1|CHK|15|2|50|0|0|0|10|0|0|0|1|0
RZ1|16|2|OP16-115|0|45|0|18|0|0|0|0|0
RZ1|CHK|16|2|50|0|0|0|10|0|0|0|1|0
RZ1|17|2|OP16-119|0|39|0|19|0|0|0|0|0
RZ1|CHK|17|2|50|0|0|0|10|0|0|0|1|0
RZ1|18|2|OP16-108|0|39|0|20|0|0|0|0|0
RZ1|CHK|18|2|50|0|0|0|10|0|0|0|1|0
RZ1|19|2|OP16-108|0|37|0|21|0|0|0|0|0
RZ1|CHK|19|2|50|0|0|0|10|0|0|0|1|0
RZ1|20|2|OP12-112|0|34|0|22|0|0|0|0|0
RZ1|CHK|20|2|50|0|0|0|10|0|0|0|1|0
RZ1|21|2|OP09-086|0|24|0|23|0|0|0|0|0
RZ1|CHK|21|2|50|0|0|0|10|0|0|0|1|0
RZ1|22|2|OP09-099|0|48|0|24|0|0|0|0|0
RZ1|CHK|22|2|50|0|0|0|10|0|0|0|1|0
RZ1|23|2|OP16-119|0|42|0|25|0|0|0|0|0
RZ1|CHK|23|2|50|0|0|0|10|0|0|0|1|0
RZ1|24|2|OP16-119|0|42|0|26|0|0|0|0|0
RZ1|CHK|24|2|50|0|0|0|10|0|0|0|1|0
RZ1|25|2|OP16-109|0|31|0|27|0|0|0|0|0
RZ1|CHK|25|2|50|0|0|0|10|0|0|0|1|0
RZ1|26|2|OP16-116|0|47|0|28|0|0|0|0|0
RZ1|CHK|26|2|50|0|0|0|10|0|0|0|1|0
RZ1|27|2|OP09-096|0|45|0|29|0|0|0|0|0
RZ1|CHK|27|2|50|0|0|0|10|0|0|0|1|0
RZ1|28|2|OP16-108|0|44|0|30|0|0|0|0|0
RZ1|CHK|28|2|50|0|0|0|10|0|0|0|1|0
RZ1|29|2|EB04-058|0|43|0|31|0|0|0|0|0
RZ1|CHK|29|2|50|0|0|0|10|0|0|0|1|0
RZ1|30|2|OP16-109|0|37|0|32|0|0|0|0|0
RZ1|CHK|30|2|50|0|0|0|10|0|0|0|1|0
RZ1|31|2|OP09-096|0|46|0|33|0|0|0|0|0
RZ1|CHK|31|2|50|0|0|0|10|0|0|0|1|0
RZ1|32|2|OP16-110|0|42|0|34|0|0|0|0|0
RZ1|CHK|32|2|50|0|0|0|10|0|0|0|1|0
RZ1|33|2|OP06-115|0|47|0|35|0|0|0|0|0
RZ1|CHK|33|2|50|0|0|0|10|0|0|0|1|0
RZ1|34|2|OP09-099|0|49|0|36|0|0|0|0|0
RZ1|CHK|34|2|50|0|0|0|10|0|0|0|1|0
RZ1|35|2|OP16-110|0|43|0|37|0|0|0|0|0
RZ1|CHK|35|2|50|0|0|0|10|0|0|0|1|0
RZ1|36|2|OP16-110|0|44|0|38|0|0|0|0|0
RZ1|CHK|36|2|50|0|0|0|10|0|0|0|1|0
RZ1|37|2|OP16-104|0|45|0|39|0|0|0|0|0
RZ1|CHK|37|2|50|0|0|0|10|0|0|0|1|0
RZ1|38|2|OP16-119|0|48|0|41|0|0|0|0|0
RZ1|CHK|38|2|50|0|0|0|10|0|0|0|1|0
RZ1|39|2|OP16-110|0|46|0|42|0|0|0|0|0
RZ1|CHK|39|2|50|0|0|0|10|0|0|0|1|0
RZ1|40|2|OP16-108|0|48|0|43|0|0|0|0|0
RZ1|CHK|40|2|50|0|0|0|10|0|0|0|1|0
RZ1|41|2|OP09-093|0|46|0|44|0|0|0|0|0
RZ1|CHK|41|2|50|0|0|0|10|0|0|0|1|0
RZ1|42|2|EB04-058|0|48|0|45|0|0|0|0|0
RZ1|CHK|42|2|50|0|0|0|10|0|0|0|1|0
RZ1|43|2|OP16-109|0|48|0|46|0|0|0|0|0
RZ1|CHK|43|2|50|0|0|0|10|0|0|0|1|0
RZ1|44|2|OP09-086|0|48|0|47|0|0|0|0|0
RZ1|CHK|44|2|50|0|0|0|10|0|0|0|1|0
[] Drew card from deck: Baron Tamago & Pekoms ["ST34-005">ST34-005]
RZ1|45|1|ST34-005|0|49|1|0|1|1|0|0|0
RZ1|CHK|45|1|49|1|0|0|10|0|0|0|1|0
[] Drew card from deck: Charlotte Pudding ["PRB02-010">PRB02-010]
RZ1|46|1|PRB02-010|0|48|1|1|1|1|0|0|0
RZ1|CHK|46|1|48|2|0|0|10|0|0|0|1|0
[] Drew card from deck: Charlotte Katakuri ["ST34-001">ST34-001]
RZ1|47|1|ST34-001|0|47|1|2|1|1|0|0|0
RZ1|CHK|47|1|47|3|0|0|10|0|0|0|1|0
[] Drew card from deck: Charlotte Linlin ["OP11-073">OP11-073]
RZ1|48|1|OP11-073|0|46|1|3|1|1|0|0|0
RZ1|CHK|48|1|46|4|0|0|10|0|0|0|1|0
[] Drew card from deck: Charlotte Linlin ["ST34-004">ST34-004]
RZ1|49|1|ST34-004|0|45|1|4|1|1|0|0|0
RZ1|CHK|49|1|45|5|0|0|10|0|0|0|1|0
[] Drew card from deck: ZEHAHAHAHA ["OP16-116">OP16-116]
RZ1|50|2|OP16-116|0|49|1|0|1|1|0|0|0
RZ1|CHK|50|2|49|1|0|0|10|0|0|0|1|0
[] Drew card from deck: Jesus Burgess ["OP09-086">OP09-086]
RZ1|51|2|OP09-086|0|48|1|1|1|1|0|0|0
RZ1|CHK|51|2|48|2|0|0|10|0|0|0|1|0
[] Drew card from deck: Jesus Burgess ["OP09-086">OP09-086]
RZ1|52|2|OP09-086|0|47|1|2|1|1|0|0|0
RZ1|CHK|52|2|47|3|0|0|10|0|0|0|1|0
[] Drew card from deck: Doc Q ["OP16-109">OP16-109]
RZ1|53|2|OP16-109|0|46|1|3|1|1|0|0|0
RZ1|CHK|53|2|46|4|0|0|10|0|0|0|1|0
[] Drew card from deck: Borsalino ["EB04-058">EB04-058]
RZ1|54|2|EB04-058|0|45|1|4|1|1|0|0|0
RZ1|CHK|54|2|45|5|0|0|10|0|0|0|1|0
RZ1|55|1|ST34-001|0|44|3|0|1|0|0|0|0
RZ1|CHK|55|1|44|5|0|1|10|0|0|0|1|0
RZ1|56|1|OP07-077|0|43|3|1|1|0|0|0|0
RZ1|CHK|56|1|43|5|0|2|10|0|0|0|1|0
RZ1|57|1|ST34-002|0|42|3|2|1|0|0|0|0
RZ1|CHK|57|1|42|5|0|3|10|0|0|0|1|0
RZ1|58|1|PRB02-010|0|41|3|3|1|0|0|0|0
RZ1|CHK|58|1|41|5|0|4|10|0|0|0|1|0
RZ1|59|1|OP11-070|0|40|3|4|1|0|0|0|0
RZ1|CHK|59|1|40|5|0|5|10|0|0|0|1|0
RZ1|60|2|OP16-116|1|0|0|45|0|0|0|0|0
RZ1|CHK|60|2|46|4|0|0|10|0|0|0|1|0
RZ1|61|2|OP09-086|1|0|0|46|0|0|0|0|0
RZ1|CHK|61|2|47|3|0|0|10|0|0|0|1|0
RZ1|62|2|OP09-086|1|0|0|47|0|0|0|0|0
RZ1|CHK|62|2|48|2|0|0|10|0|0|0|1|0
RZ1|63|2|OP16-109|1|0|0|48|0|0|0|0|0
RZ1|CHK|63|2|49|1|0|0|10|0|0|0|1|0
RZ1|64|2|EB04-058|1|0|0|49|0|0|0|0|0
RZ1|CHK|64|2|50|0|0|0|10|0|0|0|1|0
RZ1|65|2|OP16-116|0|28|0|0|0|0|0|0|0
RZ1|CHK|65|2|50|0|0|0|10|0|0|0|1|0
RZ1|66|2|OP16-110|0|38|0|1|0|0|0|0|0
RZ1|CHK|66|2|50|0|0|0|10|0|0|0|1|0
RZ1|67|2|OP16-116|0|45|0|2|0|0|0|0|0
RZ1|CHK|67|2|50|0|0|0|10|0|0|0|1|0
RZ1|68|2|OP09-086|0|47|0|3|0|0|0|0|0
RZ1|CHK|68|2|50|0|0|0|10|0|0|0|1|0
RZ1|69|2|OP09-096|0|15|0|4|0|0|0|0|0
RZ1|CHK|69|2|50|0|0|0|10|0|0|0|1|0
RZ1|70|2|EB04-058|0|49|0|5|0|0|0|0|0
RZ1|CHK|70|2|50|0|0|0|10|0|0|0|1|0
RZ1|71|2|OP16-119|0|30|0|6|0|0|0|0|0
RZ1|CHK|71|2|50|0|0|0|10|0|0|0|1|0
RZ1|72|2|OP09-096|0|37|0|7|0|0|0|0|0
RZ1|CHK|72|2|50|0|0|0|10|0|0|0|1|0
RZ1|73|2|OP12-112|0|17|0|8|0|0|0|0|0
RZ1|CHK|73|2|50|0|0|0|10|0|0|0|1|0
RZ1|74|2|OP09-095|0|23|0|9|0|0|0|0|0
RZ1|CHK|74|2|50|0|0|0|10|0|0|0|1|0
RZ1|75|2|OP16-119|0|32|0|10|0|0|0|0|0
RZ1|CHK|75|2|50|0|0|0|10|0|0|0|1|0
RZ1|76|2|OP09-095|0|18|0|11|0|0|0|0|0
RZ1|CHK|76|2|50|0|0|0|10|0|0|0|1|0
RZ1|77|2|OP16-104|0|16|0|12|0|0|0|0|0
RZ1|CHK|77|2|50|0|0|0|10|0|0|0|1|0
RZ1|78|2|OP09-095|0|20|0|13|0|0|0|0|0
RZ1|CHK|78|2|50|0|0|0|10|0|0|0|1|0
RZ1|79|2|OP16-109|0|49|0|14|0|0|0|0|0
RZ1|CHK|79|2|50|0|0|0|10|0|0|0|1|0
RZ1|80|2|OP16-110|0|42|0|15|0|0|0|0|0
RZ1|CHK|80|2|50|0|0|0|10|0|0|0|1|0
RZ1|81|2|OP16-104|0|43|0|16|0|0|0|0|0
RZ1|CHK|81|2|50|0|0|0|10|0|0|0|1|0
RZ1|82|2|OP16-109|0|36|0|17|0|0|0|0|0
RZ1|CHK|82|2|50|0|0|0|10|0|0|0|1|0
RZ1|83|2|OP16-108|0|38|0|18|0|0|0|0|0
RZ1|CHK|83|2|50|0|0|0|10|0|0|0|1|0
RZ1|84|2|EB04-058|0|30|0|19|0|0|0|0|0
RZ1|CHK|84|2|50|0|0|0|10|0|0|0|1|0
RZ1|85|2|OP09-093|0|29|0|20|0|0|0|0|0
RZ1|CHK|85|2|50|0|0|0|10|0|0|0|1|0
RZ1|86|2|OP09-093|0|30|0|21|0|0|0|0|0
RZ1|CHK|86|2|50|0|0|0|10|0|0|0|1|0
RZ1|87|2|OP09-096|0|23|0|22|0|0|0|0|0
RZ1|CHK|87|2|50|0|0|0|10|0|0|0|1|0
RZ1|88|2|OP16-109|0|40|0|23|0|0|0|0|0
RZ1|CHK|88|2|50|0|0|0|10|0|0|0|1|0
RZ1|89|2|OP09-099|0|38|0|24|0|0|0|0|0
RZ1|CHK|89|2|50|0|0|0|10|0|0|0|1|0
RZ1|90|2|OP09-086|0|49|0|25|0|0|0|0|0
RZ1|CHK|90|2|50|0|0|0|10|0|0|0|1|0
RZ1|91|2|OP12-112|0|38|0|26|0|0|0|0|0
RZ1|CHK|91|2|50|0|0|0|10|0|0|0|1|0
RZ1|92|2|OP16-115|0|28|0|27|0|0|0|0|0
RZ1|CHK|92|2|50|0|0|0|10|0|0|0|1|0
RZ1|93|2|OP09-099|0|44|0|28|0|0|0|0|0
RZ1|CHK|93|2|50|0|0|0|10|0|0|0|1|0
RZ1|94|2|OP09-099|0|33|0|29|0|0|0|0|0
RZ1|CHK|94|2|50|0|0|0|10|0|0|0|1|0
RZ1|95|2|OP06-115|0|44|0|30|0|0|0|0|0
RZ1|CHK|95|2|50|0|0|0|10|0|0|0|1|0
RZ1|96|2|OP16-104|0|34|0|31|0|0|0|0|0
RZ1|CHK|96|2|50|0|0|0|10|0|0|0|1|0
RZ1|97|2|OP09-086|0|41|0|32|0|0|0|0|0
RZ1|CHK|97|2|50|0|0|0|10|0|0|0|1|0
RZ1|98|2|OP16-115|0|38|0|33|0|0|0|0|0
RZ1|CHK|98|2|50|0|0|0|10|0|0|0|1|0
RZ1|99|2|EB04-058|0|43|0|34|0|0|0|0|0
RZ1|CHK|99|2|50|0|0|0|10|0|0|0|1|0
RZ1|100|2|OP16-119|0|40|0|35|0|0|0|0|0
RZ1|CHK|100|2|50|0|0|0|10|0|0|0|1|0
RZ1|101|2|OP09-093|0|49|0|36|0|0|0|0|0
RZ1|CHK|101|2|50|0|0|0|10|0|0|0|1|0
RZ1|102|2|OP09-093|0|41|0|37|0|0|0|0|0
RZ1|CHK|102|2|50|0|0|0|10|0|0|0|1|0
RZ1|103|2|OP16-110|0|45|0|38|0|0|0|0|0
RZ1|CHK|103|2|50|0|0|0|10|0|0|0|1|0
RZ1|104|2|OP09-095|0|46|0|39|0|0|0|0|0
RZ1|CHK|104|2|50|0|0|0|10|0|0|0|1|0
RZ1|105|2|OP16-119|0|47|0|40|0|0|0|0|0
RZ1|CHK|105|2|50|0|0|0|10|0|0|0|1|0
RZ1|106|2|OP16-108|0|49|0|41|0|0|0|0|0
RZ1|CHK|106|2|50|0|0|0|10|0|0|0|1|0
RZ1|107|2|EB04-058|0|45|0|42|0|0|0|0|0
RZ1|CHK|107|2|50|0|0|0|10|0|0|0|1|0
RZ1|108|2|OP16-110|0|49|0|43|0|0|0|0|0
RZ1|CHK|108|2|50|0|0|0|10|0|0|0|1|0
RZ1|109|2|OP16-108|0|48|0|45|0|0|0|0|0
RZ1|CHK|109|2|50|0|0|0|10|0|0|0|1|0
RZ1|110|2|OP09-096|0|49|0|47|0|0|0|0|0
RZ1|CHK|110|2|50|0|0|0|10|0|0|0|1|0
RZ1|111|2|OP16-108|0|49|0|48|0|0|0|0|0
RZ1|CHK|111|2|50|0|0|0|10|0|0|0|1|0
[] Drew card from deck: Catarina Devon ["OP16-104">OP16-104]
RZ1|112|2|OP16-104|0|49|1|0|1|1|0|0|0
RZ1|CHK|112|2|49|1|0|0|10|0|0|0|1|0
[] Drew card from deck: Shiryu ["OP16-108">OP16-108]
RZ1|113|2|OP16-108|0|48|1|1|1|1|0|0|0
RZ1|CHK|113|2|48|2|0|0|10|0|0|0|1|0
[] Drew card from deck: This is MY AGE!!!! ["OP09-096">OP09-096]
RZ1|114|2|OP09-096|0|47|1|2|1|1|0|0|0
RZ1|CHK|114|2|47|3|0|0|10|0|0|0|1|0
[] Drew card from deck: Jesus Burgess ["OP09-086">OP09-086]
RZ1|115|2|OP09-086|0|46|1|3|1|1|0|0|0
RZ1|CHK|115|2|46|4|0|0|10|0|0|0|1|0
[] Drew card from deck: Shiryu ["OP16-108">OP16-108]
RZ1|116|2|OP16-108|0|45|1|4|1|1|0|0|0
RZ1|CHK|116|2|45|5|0|0|10|0|0|0|1|0
RZ1|117|2|OP16-109|0|44|3|0|0|1|0|0|0
RZ1|CHK|117|2|44|5|0|1|10|0|0|0|1|0
RZ1|118|2|OP16-110|0|43|3|1|0|1|0|0|0
RZ1|CHK|118|2|43|5|0|2|10|0|0|0|1|0
RZ1|119|2|EB04-058|0|42|3|2|0|1|0|0|0
RZ1|CHK|119|2|42|5|0|3|10|0|0|0|1|0
RZ1|120|2|OP16-108|0|41|3|3|0|1|0|0|0
RZ1|CHK|120|2|41|5|0|4|10|0|0|0|1|0
[] Hand after Mulligan: [OP16-104,OP16-108,OP09-096,OP09-086,OP16-108]
[Opponent] Mulligan
[] Hand: [ST34-005,PRB02-010,ST34-001,OP11-073,ST34-004]
[] Board: []
[] Trash: []
[] Life: 5
[] Hand: [OP16-104,OP16-108,OP09-096,OP09-086,OP16-108]
[] Trash: []
[] Board: []
[] Life: 4
RZ1|121|1|Don|4|9|5|0|1|1|0|0|0
RZ1|CHK|121|1|40|5|0|5|9|1|0|0|1|0
[You] Draw 1 Don
[] Hand: [ST34-005,PRB02-010,ST34-001,OP11-073,ST34-004]
[] Board: []
[] Trash: []
[] Life: 5
[] Hand: [OP16-104,OP16-108,OP09-096,OP09-086,OP16-108]
[] Trash: []
[] Board: []
[] Life: 4
[You] End Turn
[] Hand: [OP16-104,OP16-108,OP09-096,OP09-086,OP16-108]
[] Board: []
[] Trash: []
[] Life: 4
[] Hand: [ST34-005,PRB02-010,ST34-001,OP11-073,ST34-004]
[] Trash: []
[] Board: []
[] Life: 5
[Opponent] Draw 1 Card
[] Drew card from deck: Marshall D. Teach ["OP16-119">OP16-119]
RZ1|122|2|OP16-119|0|40|1|5|1|1|0|0|0
RZ1|CHK|122|2|40|6|0|4|10|0|0|0|1|0
RZ1|123|2|Don|4|9|5|0|1|1|0|0|0
RZ1|CHK|123|2|40|6|0|4|9|1|0|0|1|0
RZ1|124|2|Don|4|8|5|1|1|1|0|0|0
RZ1|CHK|124|2|40|6|0|4|8|2|0|0|1|0
[Opponent] Draw 2 Don
[Opponent] This is MY AGE!!!! ["OP09-096">OP09-096]: Rest 1 Don
RZ1|125|2|Don|5|0|5|0|1|1|1|0|0
RZ1|CHK|125|2|40|6|0|4|8|2|0|0|1|0
RZ1|126|2|OP09-096|1|2|6|0|1|1|0|0|0
RZ1|CHK|126|2|40|5|0|4|8|2|1|0|1|0
RZ1|127|2|OP09-095|0|39|1|5|1|1|0|0|0
RZ1|CHK|127|2|39|6|0|4|8|2|1|0|1|0
[Opponent] This is MY AGE!!!! ["OP09-096">OP09-096]: <b>Reveal and Draw Laffitte ["OP09-095">OP09-095]</b>
[Opponent] This is MY AGE!!!! ["OP09-096">OP09-096]: Trash 2 Remaining Cards
RZ1|128|2|OP16-110|0|38|6|1|1|1|0|0|0
RZ1|CHK|128|2|38|6|0|4|8|2|2|0|1|0
RZ1|129|2|OP09-093|0|37|6|2|1|1|0|0|0
RZ1|CHK|129|2|37|6|0|4|8|2|3|0|1|0
RZ1|130|2|Don|5|1|5|1|1|1|1|0|0
RZ1|CHK|130|2|37|6|0|4|8|2|3|0|1|0
[Opponent] Deploy Laffitte ["OP09-095">OP09-095]
RZ1|131|2|OP09-095|1|5|2|0|1|1|0|0|0
RZ1|CHK|131|2|37|5|1|4|8|2|3|0|1|0
[] Hand: [OP16-104,OP16-108,OP09-086,OP16-108,OP16-119]
[] Board: [OP09-095]
[] Trash: [OP09-096,OP16-110,OP09-093]
[] Life: 4
[] Hand: [ST34-005,PRB02-010,ST34-001,OP11-073,ST34-004]
[] Trash: []
[] Board: []
[] Life: 5
[Opponent] End Turn
[] Hand: [ST34-005,PRB02-010,ST34-001,OP11-073,ST34-004]
[] Board: []
[] Trash: []
[] Life: 5
[] Hand: [OP16-104,OP16-108,OP09-086,OP16-108,OP16-119]
[] Trash: [OP09-096,OP16-110,OP09-093]
[] Board: [OP09-095]
[] Life: 4
[You] Draw 1 Card
[] Drew card from deck: Charlotte Katakuri ["OP11-067">OP11-067]
RZ1|132|1|OP11-067|0|39|1|5|1|1|0|0|0
RZ1|CHK|132|1|39|6|0|5|9|1|0|0|1|0
RZ1|133|1|Don|4|8|5|1|1|1|0|0|0
RZ1|CHK|133|1|39|6|0|5|8|2|0|0|1|0
RZ1|134|1|Don|4|7|5|2|1|1|0|0|0
RZ1|CHK|134|1|39|6|0|5|7|3|0|0|1|0
[You] Draw 2 Don
RZ1|135|1|Don|5|0|5|0|1|1|1|0|0
RZ1|CHK|135|1|39|6|0|5|7|3|0|0|1|0
RZ1|136|1|Don|5|1|5|1|1|1|1|0|0
RZ1|CHK|136|1|39|6|0|5|7|3|0|0|1|0
RZ1|137|1|Don|5|2|5|2|1|1|1|0|0
RZ1|CHK|137|1|39|6|0|5|7|3|0|0|1|0
[You] Deploy Baron Tamago & Pekoms ["ST34-005">ST34-005]
RZ1|138|1|ST34-005|1|0|2|0|1|1|0|0|0
RZ1|CHK|138|1|39|5|1|5|7|3|0|0|1|0
[You] Charlotte Katakuri ["OP11-062">OP11-062] attacking Marshall D. Teach ["OP16-080">OP16-080]
Charlotte Katakuri ["OP11-062">OP11-062][5000] vs Marshall D. Teach ["OP16-080">OP16-080][5000]
Marshall D. Teach ["OP16-080">OP16-080] hit for 1 damage
RZ1|139|2|OP16-108|3|3|1|5|1|1|0|0|0
RZ1|CHK|139|2|37|6|1|3|8|2|3|0|1|0
[Opponent] Shiryu ["OP16-108">OP16-108]: Activate Trigger
RZ1|140|2|OP16-108|1|5|6|3|1|1|0|0|0
RZ1|CHK|140|2|37|5|1|3|8|2|4|0|1|0
[] Drew card from deck: Marshall D. Teach ["OP09-093">OP09-093]
RZ1|141|2|OP09-093|0|36|1|5|1|1|0|0|0
RZ1|CHK|141|2|36|6|1|3|8|2|4|0|1|0
[] Drew card from deck: Marshall D. Teach ["OP16-119">OP16-119]
RZ1|142|2|OP16-119|0|35|1|6|1|1|0|0|0
RZ1|CHK|142|2|35|7|1|3|8|2|4|0|1|0
[Opponent] Shiryu ["OP16-108">OP16-108]: Draw 2 Card
[] Hand: [PRB02-010,ST34-001,OP11-073,ST34-004,OP11-067]
[] Board: [ST34-005]
[] Trash: []
[] Life: 5
[] Hand: [OP16-104,OP16-108,OP09-086,OP16-108,OP16-119,OP09-093,OP16-119]
[] Trash: [OP09-096,OP16-110,OP09-093,OP16-108]
[] Board: [OP09-095]
[] Life: 3
[You] End Turn
[] Hand: [OP16-104,OP16-108,OP09-086,OP16-108,OP16-119,OP09-093,OP16-119]
[] Board: [OP09-095]
[] Trash: [OP09-096,OP16-110,OP09-093,OP16-108]
[] Life: 3
[] Hand: [PRB02-010,ST34-001,OP11-073,ST34-004,OP11-067]
[] Trash: []
[] Board: [ST34-005]
[] Life: 5
[Opponent] Draw 1 Card
[] Drew card from deck: Borsalino ["EB04-058">EB04-058]
RZ1|143|2|EB04-058|0|34|1|7|1|1|0|0|0
RZ1|CHK|143|2|34|8|1|3|8|2|4|0|1|0
RZ1|144|2|Don|4|7|5|2|1|1|0|0|0
RZ1|CHK|144|2|34|8|1|3|7|3|4|0|1|0
RZ1|145|2|Don|4|6|5|3|1|1|0|0|0
RZ1|CHK|145|2|34|8|1|3|6|4|4|0|1|0
[Opponent] Draw 2 Don
RZ1|146|2|Don|5|0|5|0|1|1|1|0|0
RZ1|CHK|146|2|34|8|1|3|6|4|4|0|1|0
RZ1|147|2|Don|5|1|5|1|1|1|1|0|0
RZ1|CHK|147|2|34|8|1|3|6|4|4|0|1|0
RZ1|148|2|Don|5|2|5|2|1|1|1|0|0
RZ1|CHK|148|2|34|8|1|3|6|4|4|0|1|0
RZ1|149|2|Don|5|3|5|3|1|1|1|0|0
RZ1|CHK|149|2|34|8|1|3|6|4|4|0|1|0
[Opponent] Deploy Jesus Burgess ["OP09-086">OP09-086]
RZ1|150|2|OP09-086|1|2|2|1|1|1|0|1000|0
RZ1|CHK|150|2|34|7|2|3|6|4|4|0|1|0
[Opponent] Marshall D. Teach ["OP16-080">OP16-080] attacking Charlotte Katakuri ["OP11-062">OP11-062]
RZ1|151|1|Don|5|0|4|7|1|1|0|0|0
RZ1|CHK|151|1|39|5|1|5|8|2|0|0|1|0
[You] Charlotte Katakuri ["OP11-062">OP11-062]: Minus 1 Don
[You] Charlotte Katakuri ["OP11-062">OP11-062]: <b>Looked at opponent's top deck</b>
[You] Charlotte Katakuri ["OP11-062">OP11-062]: <b>Finished looking at opponent's top deck</b>
[You] Charlotte Katakuri ["OP11-062">OP11-062]: Buff Charlotte Katakuri ["OP11-062">OP11-062] 1000 for the Combat
Marshall D. Teach ["OP16-080">OP16-080][5000] vs Charlotte Katakuri ["OP11-062">OP11-062][6000]
Attack Fails
[] Hand: [OP16-104,OP16-108,OP16-108,OP16-119,OP09-093,OP16-119,EB04-058]
[] Board: [OP09-095,OP09-086]
[] Trash: [OP09-096,OP16-110,OP09-093,OP16-108]
[] Life: 3
[] Hand: [PRB02-010,ST34-001,OP11-073,ST34-004,OP11-067]
[] Trash: []
[] Board: [ST34-005]
[] Life: 5
[Opponent] End Turn
[] Hand: [PRB02-010,ST34-001,OP11-073,ST34-004,OP11-067]
[] Board: [ST34-005]
[] Trash: []
[] Life: 5
[] Hand: [OP16-104,OP16-108,OP16-108,OP16-119,OP09-093,OP16-119,EB04-058]
[] Trash: [OP09-096,OP16-110,OP09-093,OP16-108]
[] Board: [OP09-095,OP09-086]
[] Life: 3
[You] Draw 1 Card
[] Drew card from deck: We're Going to Claim the One Piece!!! ["OP07-077">OP07-077]
RZ1|152|1|OP07-077|0|38|1|5|1|1|0|0|0
RZ1|CHK|152|1|38|6|1|5|8|2|0|0|1|0
RZ1|153|1|Don|4|7|5|2|1|1|0|0|0
RZ1|CHK|153|1|38|6|1|5|7|3|0|0|1|0
RZ1|154|1|Don|4|6|5|3|1|1|0|0|0
RZ1|CHK|154|1|38|6|1|5|6|4|0|0|1|0
[You] Draw 2 Don
[You] We're Going to Claim the One Piece!!! ["OP07-077">OP07-077]: Rest 1 Don
RZ1|155|1|Don|5|0|5|0|1|1|1|0|0
RZ1|CHK|155|1|38|6|1|5|6|4|0|0|1|0
RZ1|156|1|OP07-077|1|5|6|0|1|1|0|0|0
RZ1|CHK|156|1|38|5|1|5|6|4|1|0|1|0
RZ1|157|1|ST34-003|0|37|1|5|1|1|0|0|0
RZ1|CHK|157|1|37|6|1|5|6|4|1|0|1|0
[You] We're Going to Claim the One Piece!!! ["OP07-077">OP07-077]: <b>Reveal and Draw Charlotte Brulee ["ST34-003">ST34-003]</b>
[You] Placing Cards on Bottom of Deck
RZ1|158|1|OP15-078|0|36|0|0|0|0|0|0|0
RZ1|CHK|158|1|37|6|1|5|6|4|1|0|1|0
RZ1|159|1|ST34-005|0|36|0|0|0|0|0|0|0
RZ1|CHK|159|1|37|6|1|5|6|4|1|0|1|0
RZ1|160|1|ST34-002|0|36|0|0|0|0|0|0|0
RZ1|CHK|160|1|37|6|1|5|6|4|1|0|1|0
RZ1|161|1|OP15-078|0|36|0|0|0|0|0|0|0
RZ1|CHK|161|1|37|6|1|5|6|4|1|0|1|0
RZ1|162|1|Don|5|1|5|1|1|1|1|0|0
RZ1|CHK|162|1|37|6|1|5|6|4|1|0|1|0
[You] Deploy Charlotte Brulee ["ST34-003">ST34-003]
RZ1|163|1|ST34-003|1|5|2|1|1|1|0|0|0
RZ1|CHK|163|1|37|5|2|5|6|4|1|0|1|0
RZ1|164|1|OP11-070|0|36|1|5|1|1|0|0|0
RZ1|CHK|164|1|36|6|2|5|6|4|1|0|1|0
[You] Charlotte Brulee ["ST34-003">ST34-003]: <b>Reveal and Draw Charlotte Pudding ["OP11-070">OP11-070]</b>
[You] Placing Cards on Bottom of Deck
RZ1|165|1|OP08-069|0|35|0|0|0|0|0|0|0
RZ1|CHK|165|1|36|6|2|5|6|4|1|0|1|0
RZ1|166|1|OP11-067|0|35|0|0|0|0|0|0|0
RZ1|CHK|166|1|36|6|2|5|6|4|1|0|1|0
RZ1|167|1|Don|5|2|5|2|1|1|1|0|0
RZ1|CHK|167|1|36|6|2|5|6|4|1|0|1|0
[You] Deploy Charlotte Pudding ["OP11-070">OP11-070]
RZ1|168|1|OP11-070|1|5|2|2|1|1|0|0|0
RZ1|CHK|168|1|36|5|3|5|6|4|1|0|1|0
RZ1|169|1|ST34-002|0|32|1|5|1|1|0|0|0
RZ1|CHK|169|1|35|6|3|5|6|4|1|0|1|0
[You] Charlotte Pudding ["OP11-070">OP11-070]: <b>Reveal and Draw Charlotte Cracker ["ST34-002">ST34-002]</b>
[You] Placing Cards on Bottom of Deck
RZ1|170|1|OP11-070|0|34|0|0|0|0|0|0|0
RZ1|CHK|170|1|35|6|3|5|6|4|1|0|1|0
RZ1|171|1|OP15-078|0|34|0|0|0|0|0|0|0
RZ1|CHK|171|1|35|6|3|5|6|4|1|0|1|0
RZ1|172|1|OP07-077|0|34|0|0|0|0|0|0|0
RZ1|CHK|172|1|35|6|3|5|6|4|1|0|1|0
RZ1|173|1|ST34-003|0|34|0|0|0|0|0|0|0
RZ1|CHK|173|1|35|6|3|5|6|4|1|0|1|0
[You] Charlotte Katakuri ["OP11-062">OP11-062] attacking Marshall D. Teach ["OP16-080">OP16-080]
Charlotte Katakuri ["OP11-062">OP11-062][5000] vs Marshall D. Teach ["OP16-080">OP16-080][5000]
Marshall D. Teach ["OP16-080">OP16-080] hit for 1 damage
RZ1|174|2|EB04-058|3|2|1|7|1|1|0|0|0
RZ1|CHK|174|2|34|8|2|2|6|4|4|0|1|0
RZ1|175|1|Don|5|3|9|200|1|1|0|0|0
RZ1|CHK|175|1|35|6|3|5|6|3|1|0|1|1
[You] Attach 1 Don to Charlotte Pudding ["OP11-070">OP11-070] (1 Total)
[You] Baron Tamago & Pekoms ["ST34-005">ST34-005] attacking Marshall D. Teach ["OP16-080">OP16-080]
RZ1|176|1|Don|5|0|4|6|1|1|0|0|0
RZ1|CHK|176|1|35|6|3|5|7|2|1|0|1|1
[You] Baron Tamago & Pekoms ["ST34-005">ST34-005]: Minus 1 Don
[You] Baron Tamago & Pekoms ["ST34-005">ST34-005]: Destroy Laffitte ["OP09-095">OP09-095]
RZ1|177|2|OP09-095|2|0|6|4|1|1|0|0|0
RZ1|CHK|177|2|34|8|1|2|6|4|5|0|1|0
Baron Tamago & Pekoms ["ST34-005">ST34-005][4000] vs Marshall D. Teach ["OP16-080">OP16-080][5000]
Attack Fails
[] Hand: [PRB02-010,ST34-001,OP11-073,ST34-004,OP11-067,ST34-002]
[] Board: [ST34-005,ST34-003,OP11-070]
[] Trash: [OP07-077]
[] Life: 5
[] Hand: [OP16-104,OP16-108,OP16-108,OP16-119,OP09-093,OP16-119,EB04-058,EB04-058]
[] Trash: [OP09-096,OP16-110,OP09-093,OP16-108,OP09-095]
[] Board: [OP09-086]
[] Life: 2
[You] End Turn
[] Hand: [OP16-104,OP16-108,OP16-108,OP16-119,OP09-093,OP16-119,EB04-058,EB04-058]
[] Board: [OP09-086]
[] Trash: [OP09-096,OP16-110,OP09-093,OP16-108,OP09-095]
[] Life: 2
[] Hand: [PRB02-010,ST34-001,OP11-073,ST34-004,OP11-067,ST34-002]
[] Trash: [OP07-077]
[] Board: [ST34-005,ST34-003,OP11-070]
[] Life: 5
[Opponent] Draw 1 Card
[] Drew card from deck: Black Vortex ["OP16-115">OP16-115]
RZ1|178|2|OP16-115|0|33|1|8|1|1|0|0|0
RZ1|CHK|178|2|33|9|1|2|6|4|5|0|1|0
RZ1|179|2|Don|4|5|5|4|1|1|0|0|0
RZ1|CHK|179|2|33|9|1|2|5|5|5|0|1|0
RZ1|180|2|Don|4|4|5|5|1|1|0|0|0
RZ1|CHK|180|2|33|9|1|2|4|6|5|0|1|0
[Opponent] Draw 2 Don
RZ1|181|2|Don|5|0|5|0|1|1|1|0|0
RZ1|CHK|181|2|33|9|1|2|4|6|5|0|1|0
RZ1|182|2|Don|5|1|5|1|1|1|1|0|0
RZ1|CHK|182|2|33|9|1|2|4|6|5|0|1|0
RZ1|183|2|Don|5|2|5|2|1|1|1|0|0
RZ1|CHK|183|2|33|9|1|2|4|6|5|0|1|0
RZ1|184|2|Don|5|3|5|3|1|1|1|0|0
RZ1|CHK|184|2|33|9|1|2|4|6|5|0|1|0
RZ1|185|2|Don|5|4|5|4|1|1|1|0|0
RZ1|CHK|185|2|33|9|1|2|4|6|5|0|1|0
RZ1|186|2|Don|5|5|5|5|1|1|1|0|0
RZ1|CHK|186|2|33|9|1|2|4|6|5|0|1|0
[Opponent] Deploy Shiryu ["OP16-108">OP16-108]
RZ1|187|2|OP16-108|1|2|2|1|1|1|0|0|0
RZ1|CHK|187|2|33|8|2|2|4|6|5|0|1|0
RZ1|188|2|OP16-108|1|1|6|5|1|1|0|0|0
RZ1|CHK|188|2|33|7|2|2|4|6|6|0|1|0
[Opponent] Shiryu ["OP16-108">OP16-108]: Trash Shiryu ["OP16-108">OP16-108]
[Opponent] Shiryu ["OP16-108">OP16-108]: Add Shiryu ["OP16-108">OP16-108] to top of Life
RZ1|189|2|OP16-108|6|3|3|2|1|1|0|0|0
RZ1|CHK|189|2|33|7|2|3|4|6|5|0|1|0
[Opponent] Marshall D. Teach ["OP16-080">OP16-080] attacking Baron Tamago & Pekoms ["ST34-005">ST34-005]
Marshall D. Teach ["OP16-080">OP16-080][5000] vs Baron Tamago & Pekoms ["ST34-005">ST34-005][4000]
[You] Baron Tamago & Pekoms ["ST34-005">ST34-005] Destroyed
RZ1|190|1|ST34-005|2|0|6|1|1|1|0|0|0
RZ1|CHK|190|1|35|6|2|5|7|2|2|0|1|1
[Opponent] Jesus Burgess ["OP09-086">OP09-086] attacking Charlotte Katakuri ["OP11-062">OP11-062]
Jesus Burgess ["OP09-086">OP09-086][6000] vs Charlotte Katakuri ["OP11-062">OP11-062][5000]
Charlotte Katakuri ["OP11-062">OP11-062] hit for 1 damage
RZ1|191|1|OP11-070|3|4|1|6|1|1|0|0|0
RZ1|CHK|191|1|35|7|2|4|7|2|2|0|1|1
[] Hand: [OP16-104,OP16-119,OP09-093,OP16-119,EB04-058,EB04-058,OP16-115]
[] Board: [OP09-086,OP16-108]
[] Trash: [OP09-096,OP16-110,OP09-093,OP09-095,OP16-108]
[] Life: 3
[] Hand: [PRB02-010,ST34-001,OP11-073,ST34-004,OP11-067,ST34-002,OP11-070]
[] Trash: [OP07-077,ST34-005]
[] Board: [ST34-003,OP11-070]
[] Life: 4
[Opponent] End Turn
[] Hand: [PRB02-010,ST34-001,OP11-073,ST34-004,OP11-067,ST34-002,OP11-070]
[] Board: [ST34-003,OP11-070]
[] Trash: [OP07-077,ST34-005]
[] Life: 4
[] Hand: [OP16-104,OP16-119,OP09-093,OP16-119,EB04-058,EB04-058,OP16-115]
[] Trash: [OP09-096,OP16-110,OP09-093,OP09-095,OP16-108]
[] Board: [OP09-086,OP16-108]
[] Life: 3
RZ1|192|1|Don|9|100|5|0|1|1|1|0|0
RZ1|CHK|192|1|35|7|2|4|7|3|2|0|1|0
[You] Draw 1 Card
[] Drew card from deck: Charlotte Pudding ["PRB02-010">PRB02-010]
RZ1|193|1|PRB02-010|0|34|1|7|1|1|0|0|0
RZ1|CHK|193|1|34|8|2|4|7|3|2|0|1|0
RZ1|194|1|Don|4|6|5|3|1|1|0|0|0
RZ1|CHK|194|1|34|8|2|4|6|4|2|0|1|0
RZ1|195|1|Don|4|5|5|4|1|1|0|0|0
RZ1|CHK|195|1|34|8|2|4|5|5|2|0|1|0
[You] Draw 2 Don
RZ1|196|1|Don|5|0|5|0|1|1|1|0|0
RZ1|CHK|196|1|34|8|2|4|5|5|2|0|1|0
RZ1|197|1|Don|5|1|5|1|1|1|1|0|0
RZ1|CHK|197|1|34|8|2|4|5|5|2|0|1|0
RZ1|198|1|Don|5|2|5|2|1|1|1|0|0
RZ1|CHK|198|1|34|8|2|4|5|5|2|0|1|0
RZ1|199|1|Don|5|3|5|3|1|1|1|0|0
RZ1|CHK|199|1|34|8|2|4|5|5|2|0|1|0
RZ1|200|1|Don|5|4|5|4|1|1|1|0|0
RZ1|CHK|200|1|34|8|2|4|5|5|2|0|1|0
[You] Deploy Charlotte Katakuri ["ST34-001">ST34-001]
RZ1|201|1|ST34-001|1|1|2|2|1|1|0|0|0
RZ1|CHK|201|1|34|7|3|4|5|5|2|0|1|0
[You] Charlotte Katakuri ["OP11-062">OP11-062] attacking Marshall D. Teach ["OP16-080">OP16-080]
RZ1|202|1|Don|5|0|4|5|1|1|0|0|0
RZ1|CHK|202|1|34|7|3|4|6|4|2|0|1|0
[You] Charlotte Katakuri ["OP11-062">OP11-062]: Minus 1 Don
[You] Charlotte Katakuri ["OP11-062">OP11-062]: <b>Looked at opponent's top deck</b>
[You] Charlotte Katakuri ["OP11-062">OP11-062]: <b>Finished looking at opponent's top deck</b>
[You] Charlotte Katakuri ["OP11-062">OP11-062]: Buff Charlotte Katakuri ["OP11-062">OP11-062] 1000 for the Combat
Charlotte Katakuri ["ST34-001">ST34-001]: Draw 1 Rested Don
RZ1|203|1|Don|4|5|5|0|1|1|1|0|0
RZ1|CHK|203|1|34|7|3|4|5|5|2|0|1|0
Charlotte Katakuri ["ST34-001">ST34-001]: Draw 1 Rested Don
RZ1|204|1|Don|4|4|5|0|1|1|1|0|0
RZ1|CHK|204|1|34|7|3|4|4|6|2|0|1|0
[Opponent] Discard Catarina Devon ["OP16-104">OP16-104] for Counter 2000
RZ1|205|2|OP16-104|1|0|6|5|1|1|0|0|0
RZ1|CHK|205|2|33|6|2|3|4|6|6|0|1|0
Charlotte Katakuri ["OP11-062">OP11-062][6000] vs Marshall D. Teach ["OP16-080">OP16-080][7000]
Attack Fails
[] Hand: [PRB02-010,OP11-073,ST34-004,OP11-067,ST34-002,OP11-070,PRB02-010]
[] Board: [ST34-003,OP11-070,ST34-001]
[] Trash: [OP07-077,ST34-005]
[] Life: 4
[] Hand: [OP16-119,OP09-093,OP16-119,EB04-058,EB04-058,OP16-115]
[] Trash: [OP09-096,OP16-110,OP09-093,OP09-095,OP16-108,OP16-104]
[] Board: [OP09-086,OP16-108]
[] Life: 3
[You] End Turn
[] Hand: [OP16-119,OP09-093,OP16-119,EB04-058,EB04-058,OP16-115]
[] Board: [OP09-086,OP16-108]
[] Trash: [OP09-096,OP16-110,OP09-093,OP09-095,OP16-108,OP16-104]
[] Life: 3
[] Hand: [PRB02-010,OP11-073,ST34-004,OP11-067,ST34-002,OP11-070,PRB02-010]
[] Trash: [OP07-077,ST34-005]
[] Board: [ST34-003,OP11-070,ST34-001]
[] Life: 4
[Opponent] Draw 1 Card
[] Drew card from deck: Jesus Burgess ["OP09-086">OP09-086]
RZ1|206|2|OP09-086|0|32|1|6|1|1|0|0|0
RZ1|CHK|206|2|32|7|2|3|4|6|6|0|1|0
RZ1|207|2|Don|4|3|5|6|1|1|0|0|0
RZ1|CHK|207|2|32|7|2|3|3|7|6|0|1|0
RZ1|208|2|Don|4|2|5|7|1|1|0|0|0
RZ1|CHK|208|2|32|7|2|3|2|8|6|0|1|0
[Opponent] Draw 2 Don
RZ1|209|2|Don|5|0|5|0|1|1|1|0|0
RZ1|CHK|209|2|32|7|2|3|2|8|6|0|1|0
RZ1|210|2|Don|5|1|5|1|1|1|1|0|0
RZ1|CHK|210|2|32|7|2|3|2|8|6|0|1|0
RZ1|211|2|Don|5|2|5|2|1|1|1|0|0
RZ1|CHK|211|2|32|7|2|3|2|8|6|0|1|0
RZ1|212|2|Don|5|3|5|3|1|1|1|0|0
RZ1|CHK|212|2|32|7|2|3|2|8|6|0|1|0
RZ1|213|2|Don|5|4|5|4|1|1|1|0|0
RZ1|CHK|213|2|32|7|2|3|2|8|6|0|1|0
RZ1|214|2|Don|5|5|5|5|1|1|1|0|0
RZ1|CHK|214|2|32|7|2|3|2|8|6|0|1|0
RZ1|215|2|Don|5|6|5|6|1|1|1|0|0
RZ1|CHK|215|2|32|7|2|3|2|8|6|0|1|0
RZ1|216|2|Don|5|7|5|7|1|1|1|0|0
RZ1|CHK|216|2|32|7|2|3|2|8|6|0|1|0
[Opponent] Deploy Marshall D. Teach ["OP16-119">OP16-119]
RZ1|217|2|OP16-119|1|2|2|2|1|1|0|0|0
RZ1|CHK|217|2|32|6|3|3|2|8|6|0|1|0
[Opponent] Marshall D. Teach ["OP16-119">OP16-119]: Added card to top of Life from Hand
RZ1|218|2|OP16-104|0|31|3|3|0|1|0|0|0
RZ1|CHK|218|2|31|6|3|4|2|8|6|0|1|0
[Opponent] Placing Cards on Bottom of Deck
RZ1|219|2|OP06-115|0|30|0|0|0|0|0|0|0
RZ1|CHK|219|2|31|6|3|4|2|8|6|0|1|0
RZ1|220|2|OP09-099|0|30|0|0|0|0|0|0|0
RZ1|CHK|220|2|31|6|3|4|2|8|6|0|1|0
[Opponent] Marshall D. Teach ["OP16-080">OP16-080] attacking Charlotte Katakuri ["OP11-062">OP11-062]
RZ1|221|1|Don|5|0|4|4|1|1|0|0|0
RZ1|CHK|221|1|34|7|3|4|5|5|2|0|1|0
[You] Charlotte Katakuri ["OP11-062">OP11-062]: Minus 1 Don
[You] Charlotte Katakuri ["OP11-062">OP11-062]: <b>Looked at opponent's top deck</b>
[You] Charlotte Katakuri ["OP11-062">OP11-062]: <b>Finished looking at opponent's top deck</b>
[You] Charlotte Katakuri ["OP11-062">OP11-062]: Buff Charlotte Katakuri ["OP11-062">OP11-062] 1000 for the Combat
Marshall D. Teach ["OP16-080">OP16-080][5000] vs Charlotte Katakuri ["OP11-062">OP11-062][6000]
Attack Fails
[Opponent] Shiryu ["OP16-108">OP16-108] attacking Charlotte Katakuri ["OP11-062">OP11-062]
Shiryu ["OP16-108">OP16-108][8000] vs Charlotte Katakuri ["OP11-062">OP11-062][5000]
Charlotte Katakuri ["OP11-062">OP11-062] hit for 1 damage
RZ1|222|1|PRB02-010|3|3|1|7|1|1|0|0|0
RZ1|CHK|222|1|34|8|3|3|5|5|2|0|1|0
[Opponent] Jesus Burgess ["OP09-086">OP09-086] attacking Charlotte Katakuri ["OP11-062">OP11-062]
Jesus Burgess ["OP09-086">OP09-086][6000] vs Charlotte Katakuri ["OP11-062">OP11-062][5000]
Charlotte Katakuri ["OP11-062">OP11-062] hit for 1 damage
RZ1|223|1|ST34-002|3|2|1|8|1|1|0|0|0
RZ1|CHK|223|1|34|9|3|2|5|5|2|0|1|0
[] Hand: [OP16-119,OP09-093,EB04-058,EB04-058,OP16-115,OP09-086]
[] Board: [OP09-086,OP16-108,OP16-119]
[] Trash: [OP09-096,OP16-110,OP09-093,OP09-095,OP16-108,OP16-104]
[] Life: 4
[] Hand: [PRB02-010,OP11-073,ST34-004,OP11-067,ST34-002,OP11-070,PRB02-010,PRB02-010,ST34-002]
[] Trash: [OP07-077,ST34-005]
[] Board: [ST34-003,OP11-070,ST34-001]
[] Life: 2
[Opponent] End Turn
[] Hand: [PRB02-010,OP11-073,ST34-004,OP11-067,ST34-002,OP11-070,PRB02-010,PRB02-010,ST34-002]
[] Board: [ST34-003,OP11-070,ST34-001]
[] Trash: [OP07-077,ST34-005]
[] Life: 2
[] Hand: [OP16-119,OP09-093,EB04-058,EB04-058,OP16-115,OP09-086]
[] Trash: [OP09-096,OP16-110,OP09-093,OP09-095,OP16-108,OP16-104]
[] Board: [OP09-086,OP16-108,OP16-119]
[] Life: 4
[You] Draw 1 Card
[] Drew card from deck: Nola ["OP15-069">OP15-069]
RZ1|224|1|OP15-069|0|33|1|9|1|1|0|0|0
RZ1|CHK|224|1|33|10|3|2|5|5|2|0|1|0
RZ1|225|1|Don|4|4|5|5|1|1|0|0|0
RZ1|CHK|225|1|33|10|3|2|4|6|2|0|1|0
RZ1|226|1|Don|4|3|5|6|1|1|0|0|0
RZ1|CHK|226|1|33|10|3|2|3|7|2|0|1|0
[You] Draw 2 Don
RZ1|227|1|Don|5|0|5|0|1|1|1|0|0
RZ1|CHK|227|1|33|10|3|2|3|7|2|0|1|0
RZ1|228|1|Don|5|1|5|1|1|1|1|0|0
RZ1|CHK|228|1|33|10|3|2|3|7|2|0|1|0
RZ1|229|1|Don|5|2|5|2|1|1|1|0|0
RZ1|CHK|229|1|33|10|3|2|3|7|2|0|1|0
RZ1|230|1|Don|5|3|5|3|1|1|1|0|0
RZ1|CHK|230|1|33|10|3|2|3|7|2|0|1|0
RZ1|231|1|Don|5|4|5|4|1|1|1|0|0
RZ1|CHK|231|1|33|10|3|2|3|7|2|0|1|0
RZ1|232|1|Don|5|5|5|5|1|1|1|0|0
RZ1|CHK|232|1|33|10|3|2|3|7|2|0|1|0
RZ1|233|1|Don|5|6|5|6|1|1|1|0|0
RZ1|CHK|233|1|33|10|3|2|3|7|2|0|1|0
[You] Deploy Charlotte Pudding ["PRB02-010">PRB02-010]
RZ1|234|1|PRB02-010|1|0|2|3|1|1|0|0|0
RZ1|CHK|234|1|33|9|4|2|3|7|2|0|1|0
[You] Charlotte Katakuri ["ST34-001">ST34-001] attacking Jesus Burgess ["OP09-086">OP09-086]
RZ1|235|2|OP16-115|1|4|6|6|1|1|0|0|0
RZ1|CHK|235|2|31|5|3|4|2|8|7|0|1|0
[Opponent] Marshall D. Teach ["OP16-080">OP16-080]: Trash Black Vortex ["OP16-115">OP16-115]
[Opponent] Marshall D. Teach ["OP16-080">OP16-080]: Target of Attack changed to Marshall D. Teach ["OP16-119">OP16-119]
Charlotte Katakuri ["ST34-001">ST34-001][7000] vs Marshall D. Teach ["OP16-119">OP16-119][10000]
Attack Fails
[You] Charlotte Katakuri ["OP11-062">OP11-062] attacking Jesus Burgess ["OP09-086">OP09-086]
RZ1|236|1|Don|5|0|4|3|1|1|0|0|0
RZ1|CHK|236|1|33|9|4|2|4|6|2|0|1|0
[You] Charlotte Katakuri ["OP11-062">OP11-062]: Minus 1 Don
[You] Charlotte Katakuri ["OP11-062">OP11-062]: <b>Looked at opponent's top deck</b>
[You] Charlotte Katakuri ["OP11-062">OP11-062]: <b>Finished looking at opponent's top deck</b>
[You] Charlotte Katakuri ["OP11-062">OP11-062]: Buff Charlotte Katakuri ["OP11-062">OP11-062] 1000 for the Combat
Charlotte Katakuri ["ST34-001">ST34-001]: Draw 1 Rested Don
RZ1|237|1|Don|4|3|5|0|1|1|1|0|0
RZ1|CHK|237|1|33|9|4|2|3|7|2|0|1|0
Charlotte Katakuri ["ST34-001">ST34-001]: Draw 1 Rested Don
RZ1|238|1|Don|4|2|5|0|1|1|1|0|0
RZ1|CHK|238|1|33|9|4|2|2|8|2|0|1|0
[Opponent] Discard Jesus Burgess ["OP09-086">OP09-086] for Counter 1000
RZ1|239|2|OP09-086|1|4|6|7|1|1|0|0|0
RZ1|CHK|239|2|31|4|3|4|2|8|8|0|1|0
Charlotte Katakuri ["OP11-062">OP11-062][6000] vs Jesus Burgess ["OP09-086">OP09-086][8000]
Attack Fails
[] Hand: [OP11-073,ST34-004,OP11-067,ST34-002,OP11-070,PRB02-010,PRB02-010,ST34-002,OP15-069]
[] Board: [ST34-003,OP11-070,ST34-001,PRB02-010]
[] Trash: [OP07-077,ST34-005]
[] Life: 2
[] Hand: [OP16-119,OP09-093,EB04-058,EB04-058]
[] Trash: [OP09-096,OP16-110,OP09-093,OP09-095,OP16-108,OP16-104,OP16-115,OP09-086]
[] Board: [OP09-086,OP16-108,OP16-119]
[] Life: 4
[You] End Turn
[] Hand: [OP16-119,OP09-093,EB04-058,EB04-058]
[] Board: [OP09-086,OP16-108,OP16-119]
[] Trash: [OP09-096,OP16-110,OP09-093,OP09-095,OP16-108,OP16-104,OP16-115,OP09-086]
[] Life: 4
[] Hand: [OP11-073,ST34-004,OP11-067,ST34-002,OP11-070,PRB02-010,PRB02-010,ST34-002,OP15-069]
[] Trash: [OP07-077,ST34-005]
[] Board: [ST34-003,OP11-070,ST34-001,PRB02-010]
[] Life: 2
[Opponent] Draw 1 Card
[] Drew card from deck: Fullalead ["OP09-099">OP09-099]
RZ1|240|2|OP09-099|0|30|1|4|1|1|0|0|0
RZ1|CHK|240|2|30|5|3|4|2|8|8|0|1|0
RZ1|241|2|Don|4|1|5|8|1|1|0|0|0
RZ1|CHK|241|2|30|5|3|4|1|9|8|0|1|0
RZ1|242|2|Don|4|0|5|9|1|1|0|0|0
RZ1|CHK|242|2|30|5|3|4|0|10|8|0|1|0
[Opponent] Draw 2 Don
RZ1|243|2|Don|5|0|5|0|1|1|1|0|0
RZ1|CHK|243|2|30|5|3|4|0|10|8|0|1|0
RZ1|244|2|Don|5|1|5|1|1|1|1|0|0
RZ1|CHK|244|2|30|5|3|4|0|10|8|0|1|0
RZ1|245|2|Don|5|2|5|2|1|1|1|0|0
RZ1|CHK|245|2|30|5|3|4|0|10|8|0|1|0
RZ1|246|2|Don|5|3|5|3|1|1|1|0|0
RZ1|CHK|246|2|30|5|3|4|0|10|8|0|1|0
RZ1|247|2|Don|5|4|5|4|1|1|1|0|0
RZ1|CHK|247|2|30|5|3|4|0|10|8|0|1|0
RZ1|248|2|Don|5|5|5|5|1|1|1|0|0
RZ1|CHK|248|2|30|5|3|4|0|10|8|0|1|0
RZ1|249|2|Don|5|6|5|6|1|1|1|0|0
RZ1|CHK|249|2|30|5|3|4|0|10|8|0|1|0
RZ1|250|2|Don|5|7|5|7|1|1|1|0|0
RZ1|CHK|250|2|30|5|3|4|0|10|8|0|1|0
RZ1|251|2|Don|5|8|5|8|1|1|1|0|0
RZ1|CHK|251|2|30|5|3|4|0|10|8|0|1|0
RZ1|252|2|Don|5|9|5|9|1|1|1|0|0
RZ1|CHK|252|2|30|5|3|4|0|10|8|0|1|0
[Opponent] Deploy Marshall D. Teach ["OP09-093">OP09-093]
RZ1|253|2|OP09-093|1|1|2|3|1|1|0|0|0
RZ1|CHK|253|2|30|4|4|4|0|10|8|0|1|0
[Opponent] Marshall D. Teach ["OP09-093">OP09-093]: Nullify effects of Charlotte Katakuri ["OP11-062">OP11-062]
[Opponent] Marshall D. Teach ["OP09-093">OP09-093]: Charlotte Katakuri ["ST34-001">ST34-001] can't attack next turn
[Opponent] Marshall D. Teach ["OP09-093">OP09-093]: Nullify effects of Charlotte Katakuri ["ST34-001">ST34-001] until next turn end!
[Opponent] Marshall D. Teach ["OP16-080">OP16-080] attacking Charlotte Katakuri ["OP11-062">OP11-062]
[You] Discard Nola ["OP15-069">OP15-069] for Counter 2000
RZ1|254|1|OP15-069|1|8|6|2|1|1|0|0|0
RZ1|CHK|254|1|33|8|4|2|2|8|3|0|1|0
Marshall D. Teach ["OP16-080">OP16-080][5000] vs Charlotte Katakuri ["OP11-062">OP11-062][7000]
Attack Fails
[Opponent] Jesus Burgess ["OP09-086">OP09-086] attacking Charlotte Katakuri ["OP11-062">OP11-062]
Jesus Burgess ["OP09-086">OP09-086][7000] vs Charlotte Katakuri ["OP11-062">OP11-062][5000]
Charlotte Katakuri ["OP11-062">OP11-062] hit for 1 damage
RZ1|255|1|OP07-077|3|1|1|8|1|1|0|0|0
RZ1|CHK|255|1|33|9|4|1|2|8|3|0|1|0
[You] We're Going to Claim the One Piece!!! ["OP07-077">OP07-077]: Activate Trigger
RZ1|256|1|OP07-077|1|8|6|3|1|1|0|0|0
RZ1|CHK|256|1|33|8|4|1|2|8|4|0|1|0
RZ1|257|1|OP11-067|0|29|1|8|1|1|0|0|0
RZ1|CHK|257|1|32|9|4|1|2|8|4|0|1|0
[You] We're Going to Claim the One Piece!!! ["OP07-077">OP07-077]: <b>Reveal and Draw Charlotte Katakuri ["OP11-067">OP11-067]</b>
[You] Placing Cards on Bottom of Deck
RZ1|258|1|OP15-069|0|31|0|0|0|0|0|0|0
RZ1|CHK|258|1|32|9|4|1|2|8|4|0|1|0
RZ1|259|1|ST18-001|0|31|0|0|0|0|0|0|0
RZ1|CHK|259|1|32|9|4|1|2|8|4|0|1|0
RZ1|260|1|OP15-078|0|31|0|0|0|0|0|0|0
RZ1|CHK|260|1|32|9|4|1|2|8|4|0|1|0
RZ1|261|1|ST34-005|0|31|0|0|0|0|0|0|0
RZ1|CHK|261|1|32|9|4|1|2|8|4|0|1|0
[Opponent] Shiryu ["OP16-108">OP16-108] attacking Charlotte Katakuri ["OP11-062">OP11-062]
Shiryu ["OP16-108">OP16-108][8000] vs Charlotte Katakuri ["OP11-062">OP11-062][5000]
Charlotte Katakuri ["OP11-062">OP11-062] hit for 1 damage
RZ1|262|1|ST34-001|3|0|1|9|1|1|0|0|0
RZ1|CHK|262|1|32|10|4|0|2|8|4|0|1|0
[Opponent] Marshall D. Teach ["OP16-119">OP16-119] attacking Charlotte Katakuri ["OP11-062">OP11-062]
Marshall D. Teach ["OP16-119">OP16-119][10000] vs Charlotte Katakuri ["OP11-062">OP11-062][5000]
Charlotte Katakuri ["OP11-062">OP11-062] hit for 1 damage
[You] <b>Downloaded the Combat Log!</b>
GameOver
