Version is 1.41b.51
[You] Leader is Charlotte Katakuri ["OP11-062">OP11-062]
[Opponent] Leader is Dracule Mihawk ["OP14-020">OP14-020]
RZ1|4|2|ST32-005|0|18|0|0|0|0|0|0|0
RZ1|CHK|4|2|50|0|0|0|10|0|0|0|1|0
RZ1|5|2|OP01-055|0|41|0|1|0|0|0|0|0
RZ1|CHK|5|2|50|0|0|0|10|0|0|0|1|0
RZ1|6|2|OP14-119|0|35|0|2|0|0|0|0|0
RZ1|CHK|6|2|50|0|0|0|10|0|0|0|1|0
RZ1|7|2|ST24-004|0|38|0|3|0|0|0|0|0
RZ1|CHK|7|2|50|0|0|0|10|0|0|0|1|0
RZ1|8|2|OP14-023|0|15|0|4|0|0|0|0|0
RZ1|CHK|8|2|50|0|0|0|10|0|0|0|1|0
RZ1|9|2|OP12-034|0|10|0|5|0|0|0|0|0
RZ1|CHK|9|2|50|0|0|0|10|0|0|0|1|0
RZ1|10|2|ST32-003|0|33|0|6|0|0|0|0|0
RZ1|CHK|10|2|50|0|0|0|10|0|0|0|1|0
RZ1|11|2|ST32-003|0|35|0|7|0|0|0|0|0
RZ1|CHK|11|2|50|0|0|0|10|0|0|0|1|0
RZ1|12|2|ST32-001|0|19|0|8|0|0|0|0|0
RZ1|CHK|12|2|50|0|0|0|10|0|0|0|1|0
RZ1|13|2|ST32-005|0|22|0|9|0|0|0|0|0
RZ1|CHK|13|2|50|0|0|0|10|0|0|0|1|0
RZ1|14|2|OP13-031|0|33|0|10|0|0|0|0|0
RZ1|CHK|14|2|50|0|0|0|10|0|0|0|1|0
RZ1|15|2|ST24-004|0|40|0|11|0|0|0|0|0
RZ1|CHK|15|2|50|0|0|0|10|0|0|0|1|0
RZ1|16|2|OP12-037|0|46|0|12|0|0|0|0|0
RZ1|CHK|16|2|50|0|0|0|10|0|0|0|1|0
RZ1|17|2|OP14-039|0|49|0|13|0|0|0|0|0
RZ1|CHK|17|2|50|0|0|0|10|0|0|0|1|0
RZ1|18|2|OP14-119|0|40|0|14|0|0|0|0|0
RZ1|CHK|18|2|50|0|0|0|10|0|0|0|1|0
RZ1|19|2|OP14-033|0|30|0|15|0|0|0|0|0
RZ1|CHK|19|2|50|0|0|0|10|0|0|0|1|0
RZ1|20|2|OP01-055|0|44|0|16|0|0|0|0|0
RZ1|CHK|20|2|50|0|0|0|10|0|0|0|1|0
RZ1|21|2|OP14-023|0|25|0|17|0|0|0|0|0
RZ1|CHK|21|2|50|0|0|0|10|0|0|0|1|0
RZ1|22|2|OP12-034|0|23|0|19|0|0|0|0|0
RZ1|CHK|22|2|50|0|0|0|10|0|0|0|1|0
RZ1|23|2|OP14-033|0|32|0|20|0|0|0|0|0
RZ1|CHK|23|2|50|0|0|0|10|0|0|0|1|0
RZ1|24|2|OP07-022|0|23|0|21|0|0|0|0|0
RZ1|CHK|24|2|50|0|0|0|10|0|0|0|1|0
RZ1|25|2|OP13-031|0|39|0|22|0|0|0|0|0
RZ1|CHK|25|2|50|0|0|0|10|0|0|0|1|0
RZ1|26|2|ST32-001|0|29|0|23|0|0|0|0|0
RZ1|CHK|26|2|50|0|0|0|10|0|0|0|1|0
RZ1|27|2|ST32-002|0|39|0|24|0|0|0|0|0
RZ1|CHK|27|2|50|0|0|0|10|0|0|0|1|0
RZ1|28|2|OP14-033|0|36|0|25|0|0|0|0|0
RZ1|CHK|28|2|50|0|0|0|10|0|0|0|1|0
RZ1|29|2|OP06-038|0|46|0|26|0|0|0|0|0
RZ1|CHK|29|2|50|0|0|0|10|0|0|0|1|0
RZ1|30|2|ST32-005|0|35|0|27|0|0|0|0|0
RZ1|CHK|30|2|50|0|0|0|10|0|0|0|1|0
RZ1|31|2|ST32-002|0|40|0|28|0|0|0|0|0
RZ1|CHK|31|2|50|0|0|0|10|0|0|0|1|0
RZ1|32|2|OP06-038|0|47|0|29|0|0|0|0|0
RZ1|CHK|32|2|50|0|0|0|10|0|0|0|1|0
RZ1|33|2|OP12-034|0|32|0|30|0|0|0|0|0
RZ1|CHK|33|2|50|0|0|0|10|0|0|0|1|0
RZ1|34|2|ST24-004|0|45|0|31|0|0|0|0|0
RZ1|CHK|34|2|50|0|0|0|10|0|0|0|1|0
RZ1|35|2|ST32-002|0|41|0|32|0|0|0|0|0
RZ1|CHK|35|2|50|0|0|0|10|0|0|0|1|0
RZ1|36|2|ST32-002|0|42|0|33|0|0|0|0|0
RZ1|CHK|36|2|50|0|0|0|10|0|0|0|1|0
RZ1|37|2|ST16-004|0|45|0|34|0|0|0|0|0
RZ1|CHK|37|2|50|0|0|0|10|0|0|0|1|0
RZ1|38|2|OP01-055|0|46|0|35|0|0|0|0|0
RZ1|CHK|38|2|50|0|0|0|10|0|0|0|1|0
RZ1|39|2|OP12-034|0|38|0|36|0|0|0|0|0
RZ1|CHK|39|2|50|0|0|0|10|0|0|0|1|0
RZ1|40|2|OP07-022|0|38|0|37|0|0|0|0|0
RZ1|CHK|40|2|50|0|0|0|10|0|0|0|1|0
RZ1|41|2|OP01-055|0|47|0|38|0|0|0|0|0
RZ1|CHK|41|2|50|0|0|0|10|0|0|0|1|0
RZ1|42|2|OP14-023|0|41|0|39|0|0|0|0|0
RZ1|CHK|42|2|50|0|0|0|10|0|0|0|1|0
RZ1|43|2|ST32-001|0|42|0|40|0|0|0|0|0
RZ1|CHK|43|2|50|0|0|0|10|0|0|0|1|0
RZ1|44|2|OP12-037|0|48|0|41|0|0|0|0|0
RZ1|CHK|44|2|50|0|0|0|10|0|0|0|1|0
RZ1|45|2|OP14-033|0|46|0|42|0|0|0|0|0
RZ1|CHK|45|2|50|0|0|0|10|0|0|0|1|0
RZ1|46|2|OP12-037|0|49|0|43|0|0|0|0|0
RZ1|CHK|46|2|50|0|0|0|10|0|0|0|1|0
RZ1|47|2|OP14-023|0|45|0|44|0|0|0|0|0
RZ1|CHK|47|2|50|0|0|0|10|0|0|0|1|0
RZ1|48|2|OP10-030|0|47|0|45|0|0|0|0|0
RZ1|CHK|48|2|50|0|0|0|10|0|0|0|1|0
RZ1|49|2|ST32-003|0|48|0|46|0|0|0|0|0
RZ1|CHK|49|2|50|0|0|0|10|0|0|0|1|0
RZ1|50|2|ST32-003|0|49|0|47|0|0|0|0|0
RZ1|CHK|50|2|50|0|0|0|10|0|0|0|1|0
RZ1|51|2|ST32-001|0|49|0|48|0|0|0|0|0
RZ1|CHK|51|2|50|0|0|0|10|0|0|0|1|0
[] Drew card from deck: Charlotte Brulee ["ST34-003">ST34-003]
RZ1|52|1|ST34-003|0|49|1|0|1|1|0|0|0
RZ1|CHK|52|1|49|1|0|0|10|0|0|0|1|0
[] Drew card from deck: Charlotte Pudding ["OP11-070">OP11-070]
RZ1|53|1|OP11-070|0|48|1|1|1|1|0|0|0
RZ1|CHK|53|1|48|2|0|0|10|0|0|0|1|0
[] Drew card from deck: Divine Departure ["OP13-076">OP13-076]
RZ1|54|1|OP13-076|0|47|1|2|1|1|0|0|0
RZ1|CHK|54|1|47|3|0|0|10|0|0|0|1|0
[] Drew card from deck: Charlotte Brulee ["ST34-003">ST34-003]
RZ1|55|1|ST34-003|0|46|1|3|1|1|0|0|0
RZ1|CHK|55|1|46|4|0|0|10|0|0|0|1|0
[] Drew card from deck: Charlotte Linlin ["ST34-004">ST34-004]
RZ1|56|1|ST34-004|0|45|1|4|1|1|0|0|0
RZ1|CHK|56|1|45|5|0|0|10|0|0|0|1|0
[] Drew card from deck: Otama ["OP07-022">OP07-022]
RZ1|57|2|OP07-022|0|49|1|0|1|1|0|0|0
RZ1|CHK|57|2|49|1|0|0|10|0|0|0|1|0
[] Drew card from deck: Kin'emon ["ST32-001">ST32-001]
RZ1|58|2|ST32-001|0|48|1|1|1|1|0|0|0
RZ1|CHK|58|2|48|2|0|0|10|0|0|0|1|0
[] Drew card from deck: Dracule Mihawk ["ST32-003">ST32-003]
RZ1|59|2|ST32-003|0|47|1|2|1|1|0|0|0
RZ1|CHK|59|2|47|3|0|0|10|0|0|0|1|0
[] Drew card from deck: Dracule Mihawk ["ST32-003">ST32-003]
RZ1|60|2|ST32-003|0|46|1|3|1|1|0|0|0
RZ1|CHK|60|2|46|4|0|0|10|0|0|0|1|0
[] Drew card from deck: Smoker ["OP10-030">OP10-030]
RZ1|61|2|OP10-030|0|45|1|4|1|1|0|0|0
RZ1|CHK|61|2|45|5|0|0|10|0|0|0|1|0
RZ1|62|1|OP11-067|0|44|3|0|1|0|0|0|0
RZ1|CHK|62|1|44|5|0|1|10|0|0|0|1|0
RZ1|63|1|ST34-001|0|43|3|1|1|0|0|0|0
RZ1|CHK|63|1|43|5|0|2|10|0|0|0|1|0
RZ1|64|1|PRB02-010|0|42|3|2|1|0|0|0|0
RZ1|CHK|64|1|42|5|0|3|10|0|0|0|1|0
RZ1|65|1|ST34-001|0|41|3|3|1|0|0|0|0
RZ1|CHK|65|1|41|5|0|4|10|0|0|0|1|0
RZ1|66|1|OP15-078|0|40|3|4|1|0|0|0|0
RZ1|CHK|66|1|40|5|0|5|10|0|0|0|1|0
RZ1|67|2|OP14-023|0|44|3|0|0|1|0|0|0
RZ1|CHK|67|2|44|5|0|1|10|0|0|0|1|0
RZ1|68|2|OP12-037|0|43|3|1|0|1|0|0|0
RZ1|CHK|68|2|43|5|0|2|10|0|0|0|1|0
RZ1|69|2|OP14-033|0|42|3|2|0|1|0|0|0
RZ1|CHK|69|2|42|5|0|3|10|0|0|0|1|0
RZ1|70|2|OP12-037|0|41|3|3|0|1|0|0|0
RZ1|CHK|70|2|41|5|0|4|10|0|0|0|1|0
RZ1|71|2|ST32-001|0|40|3|4|0|1|0|0|0
RZ1|CHK|71|2|40|5|0|5|10|0|0|0|1|0
[] Hand: [ST34-003,OP11-070,OP13-076,ST34-003,ST34-004]
[] Board: []
[] Trash: []
[] Life: 5
[] Hand: [OP07-022,ST32-001,ST32-003,ST32-003,OP10-030]
[] Trash: []
[] Board: []
[] Life: 5
RZ1|72|1|Don|4|9|5|0|1|1|0|0|0
RZ1|CHK|72|1|40|5|0|5|9|1|0|0|1|0
[You] Draw 1 Don
RZ1|73|1|Don|5|0|5|0|1|1|1|0|0
RZ1|CHK|73|1|40|5|0|5|9|1|0|0|1|0
[You] Deploy Charlotte Pudding ["OP11-070">OP11-070]
RZ1|74|1|OP11-070|1|1|2|0|1|1|0|0|0
RZ1|CHK|74|1|40|4|1|5|9|1|0|0|1|0
RZ1|75|1|PRB02-010|0|37|1|4|1|1|0|0|0
RZ1|CHK|75|1|39|5|1|5|9|1|0|0|1|0
[You] Charlotte Pudding ["OP11-070">OP11-070]: <b>Reveal and Draw Charlotte Pudding ["PRB02-010">PRB02-010]</b>
[You] Placing Cards on Bottom of Deck
RZ1|76|1|ST34-002|0|38|0|0|0|0|0|0|0
RZ1|CHK|76|1|39|5|1|5|9|1|0|0|1|0
RZ1|77|1|OP11-070|0|38|0|0|0|0|0|0|0
RZ1|CHK|77|1|39|5|1|5|9|1|0|0|1|0
RZ1|78|1|OP08-069|0|38|0|0|0|0|0|0|0
RZ1|CHK|78|1|39|5|1|5|9|1|0|0|1|0
RZ1|79|1|OP15-078|0|38|0|0|0|0|0|0|0
RZ1|CHK|79|1|39|5|1|5|9|1|0|0|1|0
[] Hand: [ST34-003,OP13-076,ST34-003,ST34-004,PRB02-010]
[] Board: [OP11-070]
[] Trash: []
[] Life: 5
[] Hand: [OP07-022,ST32-001,ST32-003,ST32-003,OP10-030]
[] Trash: []
[] Board: []
[] Life: 5
[You] End Turn
[] Hand: [OP07-022,ST32-001,ST32-003,ST32-003,OP10-030]
[] Board: []
[] Trash: []
[] Life: 5
[] Hand: [ST34-003,OP13-076,ST34-003,ST34-004,PRB02-010]
[] Trash: []
[] Board: [OP11-070]
[] Life: 5
[Opponent] Draw 1 Card
[] Drew card from deck: Kikunojo ["OP14-023">OP14-023]
RZ1|80|2|OP14-023|0|39|1|5|1|1|0|0|0
RZ1|CHK|80|2|39|6|0|5|10|0|0|0|1|0
RZ1|81|2|Don|4|9|5|0|1|1|0|0|0
RZ1|CHK|81|2|39|6|0|5|9|1|0|0|1|0
RZ1|82|2|Don|4|8|5|1|1|1|0|0|0
RZ1|CHK|82|2|39|6|0|5|8|2|0|0|1|0
[Opponent] Draw 2 Don
RZ1|83|2|Don|5|0|5|0|1|1|1|0|0
RZ1|CHK|83|2|39|6|0|5|8|2|0|0|1|0
[Opponent] Deploy Otama ["OP07-022">OP07-022]
RZ1|84|2|OP07-022|1|0|2|0|1|1|0|0|0
RZ1|CHK|84|2|39|5|1|5|8|2|0|0|1|0
RZ1|85|2|OP01-055|0|38|1|5|1|1|0|0|0
RZ1|CHK|85|2|38|6|1|5|8|2|0|0|1|0
[Opponent] Otama ["OP07-022">OP07-022]: <b>Reveal and Draw You Can Be My Samurai!!! ["OP01-055">OP01-055]</b>
[Opponent] Placing Cards on Bottom of Deck
RZ1|86|2|OP07-022|0|37|0|0|0|0|0|0|0
RZ1|CHK|86|2|38|6|1|5|8|2|0|0|1|0
RZ1|87|2|OP12-034|0|37|0|0|0|0|0|0|0
RZ1|CHK|87|2|38|6|1|5|8|2|0|0|1|0
RZ1|88|2|OP01-055|0|37|0|0|0|0|0|0|0
RZ1|CHK|88|2|38|6|1|5|8|2|0|0|1|0
RZ1|89|2|ST16-004|0|37|0|0|0|0|0|0|0
RZ1|CHK|89|2|38|6|1|5|8|2|0|0|1|0
RZ1|90|2|Don|5|1|5|1|1|1|1|0|0
RZ1|CHK|90|2|38|6|1|5|8|2|0|0|1|0
[Opponent] Deploy Kin'emon ["ST32-001">ST32-001]
RZ1|91|2|ST32-001|1|0|2|1|1|1|0|0|0
RZ1|CHK|91|2|38|5|2|5|8|2|0|0|1|0
[Opponent] Kin'emon ["ST32-001">ST32-001]: Rest Dracule Mihawk ["OP14-020">OP14-020]
[] Drew card from deck: Kouzuki Oden ["ST32-002">ST32-002]
RZ1|92|2|ST32-002|0|37|1|5|1|1|0|0|0
RZ1|CHK|92|2|37|6|2|5|8|2|0|0|1|0
[] Drew card from deck: Kouzuki Oden ["ST32-002">ST32-002]
RZ1|93|2|ST32-002|0|36|1|6|1|1|0|0|0
RZ1|CHK|93|2|36|7|2|5|8|2|0|0|1|0
[Opponent] Kin'emon ["ST32-001">ST32-001]: Draw 2 Card
RZ1|94|2|OP14-023|1|3|6|0|1|1|0|0|0
RZ1|CHK|94|2|36|6|2|5|8|2|1|0|1|0
[Opponent] Kin'emon ["ST32-001">ST32-001]: Trash Kikunojo ["OP14-023">OP14-023]
[] Hand: [ST32-003,ST32-003,OP10-030,OP01-055,ST32-002,ST32-002]
[] Board: [OP07-022,ST32-001]
[] Trash: [OP14-023]
[] Life: 5
[] Hand: [ST34-003,OP13-076,ST34-003,ST34-004,PRB02-010]
[] Trash: []
[] Board: [OP11-070]
[] Life: 5
[Opponent] End Turn
[] Hand: [ST34-003,OP13-076,ST34-003,ST34-004,PRB02-010]
[] Board: [OP11-070]
[] Trash: []
[] Life: 5
[] Hand: [ST32-003,ST32-003,OP10-030,OP01-055,ST32-002,ST32-002]
[] Trash: [OP14-023]
[] Board: [OP07-022,ST32-001]
[] Life: 5
[You] Draw 1 Card
[] Drew card from deck: Charlotte Linlin ["OP08-069">OP08-069]
RZ1|95|1|OP08-069|0|38|1|5|1|1|0|0|0
RZ1|CHK|95|1|38|6|1|5|9|1|0|0|1|0
RZ1|96|1|Don|4|8|5|1|1|1|0|0|0
RZ1|CHK|96|1|38|6|1|5|8|2|0|0|1|0
RZ1|97|1|Don|4|7|5|2|1|1|0|0|0
RZ1|CHK|97|1|38|6|1|5|7|3|0|0|1|0
[You] Draw 2 Don
RZ1|98|1|Don|5|0|5|0|1|1|1|0|0
RZ1|CHK|98|1|38|6|1|5|7|3|0|0|1|0
[You] Deploy Charlotte Brulee ["ST34-003">ST34-003]
RZ1|99|1|ST34-003|1|2|2|1|1|1|0|0|0
RZ1|CHK|99|1|38|5|2|5|7|3|0|0|1|0
RZ1|100|1|ST34-002|0|36|1|5|1|1|0|0|0
RZ1|CHK|100|1|37|6|2|5|7|3|0|0|1|0
[You] Charlotte Brulee ["ST34-003">ST34-003]: <b>Reveal and Draw Charlotte Cracker ["ST34-002">ST34-002]</b>
[You] Placing Cards on Bottom of Deck
RZ1|101|1|ST34-003|0|36|0|0|0|0|0|0|0
RZ1|CHK|101|1|37|6|2|5|7|3|0|0|1|0
RZ1|102|1|ST34-005|0|36|0|0|0|0|0|0|0
RZ1|CHK|102|1|37|6|2|5|7|3|0|0|1|0
[You] Attach 1 Don to Charlotte Katakuri ["OP11-062">OP11-062] (1 Total)
RZ1|103|1|Don|5|2|9|9900|1|1|0|0|0
RZ1|CHK|103|1|37|6|2|5|7|2|0|0|1|1
[You] Attach 1 Don to Charlotte Katakuri ["OP11-062">OP11-062] (2 Total)
RZ1|104|1|Don|5|1|9|9901|1|1|0|0|0
RZ1|CHK|104|1|37|6|2|5|7|1|0|0|1|2
[You] Charlotte Katakuri ["OP11-062">OP11-062] attacking Dracule Mihawk ["OP14-020">OP14-020]
Charlotte Katakuri ["OP11-062">OP11-062][7000] vs Dracule Mihawk ["OP14-020">OP14-020][5000]
Dracule Mihawk ["OP14-020">OP14-020] hit for 1 damage
RZ1|105|2|ST32-001|3|4|1|6|1|1|0|0|0
RZ1|CHK|105|2|36|7|2|4|8|2|1|0|1|0
[] Hand: [ST34-003,OP13-076,ST34-004,PRB02-010,OP08-069,ST34-002]
[] Board: [OP11-070,ST34-003]
[] Trash: []
[] Life: 5
[] Hand: [ST32-003,ST32-003,OP10-030,OP01-055,ST32-002,ST32-002,ST32-001]
[] Trash: [OP14-023]
[] Board: [OP07-022,ST32-001]
[] Life: 4
[You] End Turn
[] Hand: [ST32-003,ST32-003,OP10-030,OP01-055,ST32-002,ST32-002,ST32-001]
[] Board: [OP07-022,ST32-001]
[] Trash: [OP14-023]
[] Life: 4
[] Hand: [ST34-003,OP13-076,ST34-004,PRB02-010,OP08-069,ST34-002]
[] Trash: []
[] Board: [OP11-070,ST34-003]
[] Life: 5
[Opponent] Draw 1 Card
[] Drew card from deck: Law & Bepo ["ST24-004">ST24-004]
RZ1|106|2|ST24-004|0|35|1|7|1|1|0|0|0
RZ1|CHK|106|2|35|8|2|4|8|2|1|0|1|0
RZ1|107|2|Don|4|7|5|2|1|1|0|0|0
RZ1|CHK|107|2|35|8|2|4|7|3|1|0|1|0
RZ1|108|2|Don|4|6|5|3|1|1|0|0|0
RZ1|CHK|108|2|35|8|2|4|6|4|1|0|1|0
[Opponent] Draw 2 Don
[Opponent] Dracule Mihawk ["OP14-020">OP14-020]: Rest Don ["Don">Don]
RZ1|109|2|Don|5|0|5|0|1|1|1|0|0
RZ1|CHK|109|2|35|8|2|4|6|4|1|0|1|0
RZ1|110|2|Don|5|1|5|1|1|1|1|0|0
RZ1|CHK|110|2|35|8|2|4|6|4|1|0|1|0
[Opponent] Deploy Kin'emon ["ST32-001">ST32-001]
RZ1|111|2|ST32-001|1|6|2|2|1|1|0|0|0
RZ1|CHK|111|2|35|7|3|4|6|4|1|0|1|0
[Opponent] Kin'emon ["ST32-001">ST32-001]: Rest Don ["Don">Don]
RZ1|112|2|Don|5|2|5|2|1|1|1|0|0
RZ1|CHK|112|2|35|7|3|4|6|4|1|0|1|0
[] Drew card from deck: Perona ["OP12-034">OP12-034]
RZ1|113|2|OP12-034|0|34|1|7|1|1|0|0|0
RZ1|CHK|113|2|34|8|3|4|6|4|1|0|1|0
[] Drew card from deck: Billion-fold World Trichiliocosm ["OP06-038">OP06-038]
RZ1|114|2|OP06-038|0|33|1|8|1|1|0|0|0
RZ1|CHK|114|2|33|9|3|4|6|4|1|0|1|0
[Opponent] Kin'emon ["ST32-001">ST32-001]: Draw 2 Card
RZ1|115|2|OP10-030|1|2|6|1|1|1|0|0|0
RZ1|CHK|115|2|33|8|3|4|6|4|2|0|1|0
[Opponent] Kin'emon ["ST32-001">ST32-001]: Trash Smoker ["OP10-030">OP10-030]
RZ1|116|2|Don|5|3|5|3|1|1|1|0|0
RZ1|CHK|116|2|33|8|3|4|6|4|2|0|1|0
[Opponent] Deploy Perona ["OP12-034">OP12-034]
RZ1|117|2|OP12-034|1|6|2|3|1|1|0|0|0
RZ1|CHK|117|2|33|7|4|4|6|4|2|0|1|0
RZ1|118|2|ST32-005|0|31|1|7|1|1|0|0|0
RZ1|CHK|118|2|32|8|4|4|6|4|2|0|1|0
[Opponent] Perona ["OP12-034">OP12-034]: <b>Reveal and Draw Roronoa Zoro ["ST32-005">ST32-005]</b>
[Opponent] Placing Cards on Bottom of Deck
RZ1|119|2|ST32-002|0|31|0|0|0|0|0|0|0
RZ1|CHK|119|2|32|8|4|4|6|4|2|0|1|0
RZ1|120|2|OP06-038|0|31|0|0|0|0|0|0|0
RZ1|CHK|120|2|32|8|4|4|6|4|2|0|1|0
RZ1|121|2|OP14-033|0|31|0|0|0|0|0|0|0
RZ1|CHK|121|2|32|8|4|4|6|4|2|0|1|0
RZ1|122|2|ST32-002|0|31|0|0|0|0|0|0|0
RZ1|CHK|122|2|32|8|4|4|6|4|2|0|1|0
[Opponent] Dracule Mihawk ["OP14-020">OP14-020] attacking Charlotte Katakuri ["OP11-062">OP11-062]
Dracule Mihawk ["OP14-020">OP14-020][5000] vs Charlotte Katakuri ["OP11-062">OP11-062][5000]
Charlotte Katakuri ["OP11-062">OP11-062] hit for 1 damage
RZ1|123|1|OP15-078|3|4|1|6|1|1|0|0|0
RZ1|CHK|123|1|37|7|2|4|7|1|0|0|1|2
[] Hand: [ST32-003,ST32-003,OP01-055,ST32-002,ST32-002,ST24-004,OP06-038,ST32-005]
[] Board: [OP07-022,ST32-001,ST32-001,OP12-034]
[] Trash: [OP14-023,OP10-030]
[] Life: 4
[] Hand: [ST34-003,OP13-076,ST34-004,PRB02-010,OP08-069,ST34-002,OP15-078]
[] Trash: []
[] Board: [OP11-070,ST34-003]
[] Life: 4
[Opponent] End Turn
[] Hand: [ST34-003,OP13-076,ST34-004,PRB02-010,OP08-069,ST34-002,OP15-078]
[] Board: [OP11-070,ST34-003]
[] Trash: []
[] Life: 4
[] Hand: [ST32-003,ST32-003,OP01-055,ST32-002,ST32-002,ST24-004,OP06-038,ST32-005]
[] Trash: [OP14-023,OP10-030]
[] Board: [OP07-022,ST32-001,ST32-001,OP12-034]
[] Life: 4
RZ1|124|1|Don|9|9900|5|0|1|1|1|0|0
RZ1|CHK|124|1|37|7|2|4|7|2|0|0|1|1
RZ1|125|1|Don|9|9900|5|0|1|1|1|0|0
RZ1|CHK|125|1|37|7|2|4|7|3|0|0|1|0
[You] Draw 1 Card
[] Drew card from deck: We're Going to Claim the One Piece!!! ["OP07-077">OP07-077]
RZ1|126|1|OP07-077|0|36|1|7|1|1|0|0|0
RZ1|CHK|126|1|36|8|2|4|7|3|0|0|1|0
RZ1|127|1|Don|4|6|5|3|1|1|0|0|0
RZ1|CHK|127|1|36|8|2|4|6|4|0|0|1|0
RZ1|128|1|Don|4|5|5|4|1|1|0|0|0
RZ1|CHK|128|1|36|8|2|4|5|5|0|0|1|0
[You] Draw 2 Don
RZ1|129|1|Don|5|0|5|0|1|1|1|0|0
RZ1|CHK|129|1|36|8|2|4|5|5|0|0|1|0
RZ1|130|1|Don|5|1|5|1|1|1|1|0|0
RZ1|CHK|130|1|36|8|2|4|5|5|0|0|1|0
RZ1|131|1|Don|5|2|5|2|1|1|1|0|0
RZ1|CHK|131|1|36|8|2|4|5|5|0|0|1|0
RZ1|132|1|Don|5|3|5|3|1|1|1|0|0
RZ1|CHK|132|1|36|8|2|4|5|5|0|0|1|0
[You] Deploy Charlotte Cracker ["ST34-002">ST34-002]
RZ1|133|1|ST34-002|1|5|2|2|1|1|0|0|0
RZ1|CHK|133|1|36|7|3|4|5|5|0|0|1|0
Charlotte Cracker ["ST34-002">ST34-002]: Draw 1 Rested Don
RZ1|134|1|Don|4|4|5|0|1|1|1|0|0
RZ1|CHK|134|1|36|7|3|4|4|6|0|0|1|0
[You] Charlotte Cracker ["ST34-002">ST34-002]: Destroy Perona ["OP12-034">OP12-034]
RZ1|135|2|OP12-034|2|3|6|2|1|1|0|0|0
RZ1|CHK|135|2|32|8|3|4|6|4|3|0|1|0
[You] We're Going to Claim the One Piece!!! ["OP07-077">OP07-077]: Rest 1 Don
RZ1|136|1|Don|5|5|5|5|1|1|1|0|0
RZ1|CHK|136|1|36|7|3|4|4|6|0|0|1|0
RZ1|137|1|OP07-077|1|6|6|0|1|1|0|0|0
RZ1|CHK|137|1|36|6|3|4|4|6|1|0|1|0
RZ1|138|1|OP11-067|0|31|1|6|1|1|0|0|0
RZ1|CHK|138|1|35|7|3|4|4|6|1|0|1|0
[You] We're Going to Claim the One Piece!!! ["OP07-077">OP07-077]: <b>Reveal and Draw Charlotte Katakuri ["OP11-067">OP11-067]</b>
[You] Placing Cards on Bottom of Deck
RZ1|139|1|ST34-001|0|34|0|0|0|0|0|0|0
RZ1|CHK|139|1|35|7|3|4|4|6|1|0|1|0
RZ1|140|1|OP15-078|0|34|0|0|0|0|0|0|0
RZ1|CHK|140|1|35|7|3|4|4|6|1|0|1|0
RZ1|141|1|ST34-005|0|34|0|0|0|0|0|0|0
RZ1|CHK|141|1|35|7|3|4|4|6|1|0|1|0
RZ1|142|1|OP07-077|0|34|0|0|0|0|0|0|0
RZ1|CHK|142|1|35|7|3|4|4|6|1|0|1|0
[You] Charlotte Katakuri ["OP11-062">OP11-062] attacking Dracule Mihawk ["OP14-020">OP14-020]
Charlotte Katakuri ["OP11-062">OP11-062][5000] vs Dracule Mihawk ["OP14-020">OP14-020][5000]
Dracule Mihawk ["OP14-020">OP14-020] hit for 1 damage
RZ1|143|2|OP12-037|3|3|1|8|1|1|0|0|0
RZ1|CHK|143|2|32|9|3|3|6|4|3|0|1|0
[] Hand: [ST34-003,OP13-076,ST34-004,PRB02-010,OP08-069,OP15-078,OP11-067]
[] Board: [OP11-070,ST34-003,ST34-002]
[] Trash: [OP07-077]
[] Life: 4
[] Hand: [ST32-003,ST32-003,OP01-055,ST32-002,ST32-002,ST24-004,OP06-038,ST32-005,OP12-037]
[] Trash: [OP14-023,OP10-030,OP12-034]
[] Board: [OP07-022,ST32-001,ST32-001]
[] Life: 3
[You] End Turn
[] Hand: [ST32-003,ST32-003,OP01-055,ST32-002,ST32-002,ST24-004,OP06-038,ST32-005,OP12-037]
[] Board: [OP07-022,ST32-001,ST32-001]
[] Trash: [OP14-023,OP10-030,OP12-034]
[] Life: 3
[] Hand: [ST34-003,OP13-076,ST34-004,PRB02-010,OP08-069,OP15-078,OP11-067]
[] Trash: [OP07-077]
[] Board: [OP11-070,ST34-003,ST34-002]
[] Life: 4
[Opponent] Draw 1 Card
[] Drew card from deck: Kin'emon ["ST32-001">ST32-001]
RZ1|144|2|ST32-001|0|31|1|9|1|1|0|0|0
RZ1|CHK|144|2|31|10|3|3|6|4|3|0|1|0
RZ1|145|2|Don|4|5|5|4|1|1|0|0|0
RZ1|CHK|145|2|31|10|3|3|5|5|3|0|1|0
RZ1|146|2|Don|4|4|5|5|1|1|0|0|0
RZ1|CHK|146|2|31|10|3|3|4|6|3|0|1|0
[Opponent] Draw 2 Don
RZ1|147|2|Don|5|0|5|0|1|1|1|0|0
RZ1|CHK|147|2|31|10|3|3|4|6|3|0|1|0
RZ1|148|2|Don|5|1|5|1|1|1|1|0|0
RZ1|CHK|148|2|31|10|3|3|4|6|3|0|1|0
RZ1|149|2|Don|5|2|5|2|1|1|1|0|0
RZ1|CHK|149|2|31|10|3|3|4|6|3|0|1|0
RZ1|150|2|Don|5|3|5|3|1|1|1|0|0
RZ1|CHK|150|2|31|10|3|3|4|6|3|0|1|0
RZ1|151|2|Don|5|4|5|4|1|1|1|0|0
RZ1|CHK|151|2|31|10|3|3|4|6|3|0|1|0
[Opponent] Deploy Kouzuki Oden ["ST32-002">ST32-002]
RZ1|152|2|ST32-002|1|3|2|3|1|1|0|0|0
RZ1|CHK|152|2|31|9|4|3|4|6|3|0|1|0
[] Drew card from deck: Trafalgar Law ["OP13-031">OP13-031]
RZ1|153|2|OP13-031|0|30|1|9|1|1|0|0|0
RZ1|CHK|153|2|30|10|4|3|4|6|3|0|1|0
[Opponent] Kouzuki Oden ["ST32-002">ST32-002]: Draw 1 Card
[Opponent] Kouzuki Oden ["ST32-002">ST32-002]: Charlotte Cracker ["ST34-002">ST34-002] can't be rested until next turn ends
RZ1|154|2|Don|5|5|5|5|1|1|1|0|0
RZ1|CHK|154|2|30|10|4|3|4|6|3|0|1|0
[Opponent] Deploy Roronoa Zoro ["ST32-005">ST32-005]
RZ1|155|2|ST32-005|1|6|2|4|1|1|0|0|0
RZ1|CHK|155|2|30|9|5|3|4|6|3|0|1|0
[Opponent] Roronoa Zoro ["ST32-005">ST32-005]: Rest Charlotte Pudding ["OP11-070">OP11-070]
[Opponent] Otama ["OP07-022">OP07-022] attacking Charlotte Pudding ["OP11-070">OP11-070]
Otama ["OP07-022">OP07-022][0] vs Charlotte Pudding ["OP11-070">OP11-070][0]
[You] Charlotte Pudding ["OP11-070">OP11-070] Destroyed
RZ1|156|1|OP11-070|2|0|6|1|1|1|0|0|0
RZ1|CHK|156|1|35|7|2|4|4|6|2|0|1|0
[Opponent] Dracule Mihawk ["OP14-020">OP14-020] attacking Charlotte Katakuri ["OP11-062">OP11-062]
RZ1|157|1|Don|5|5|4|4|1|1|0|0|0
RZ1|CHK|157|1|35|7|2|4|5|5|2|0|1|0
[You] Charlotte Katakuri ["OP11-062">OP11-062]: Minus 1 Don
[You] Charlotte Katakuri ["OP11-062">OP11-062]: <b>Looked at opponent's top deck</b>
[You] Charlotte Katakuri ["OP11-062">OP11-062]: <b>Finished looking at opponent's top deck</b>
[You] Charlotte Katakuri ["OP11-062">OP11-062]: Buff Charlotte Katakuri ["OP11-062">OP11-062] 1000 for the Combat
Dracule Mihawk ["OP14-020">OP14-020][5000] vs Charlotte Katakuri ["OP11-062">OP11-062][6000]
Attack Fails
[] Hand: [ST32-003,ST32-003,OP01-055,ST32-002,ST24-004,OP06-038,OP12-037,ST32-001,OP13-031]
[] Board: [OP07-022,ST32-001,ST32-001,ST32-002,ST32-005]
[] Trash: [OP14-023,OP10-030,OP12-034]
[] Life: 3
[] Hand: [ST34-003,OP13-076,ST34-004,PRB02-010,OP08-069,OP15-078,OP11-067]
[] Trash: [OP07-077,OP11-070]
[] Board: [ST34-003,ST34-002]
[] Life: 4
[Opponent] End Turn
[] Hand: [ST34-003,OP13-076,ST34-004,PRB02-010,OP08-069,OP15-078,OP11-067]
[] Board: [ST34-003,ST34-002]
[] Trash: [OP07-077,OP11-070]
[] Life: 4
[] Hand: [ST32-003,ST32-003,OP01-055,ST32-002,ST24-004,OP06-038,OP12-037,ST32-001,OP13-031]
[] Trash: [OP14-023,OP10-030,OP12-034]
[] Board: [OP07-022,ST32-001,ST32-001,ST32-002,ST32-005]
[] Life: 3
[You] Draw 1 Card
[] Drew card from deck: Charlotte Pudding ["OP11-070">OP11-070]
RZ1|158|1|OP11-070|0|34|1|7|1|1|0|0|0
RZ1|CHK|158|1|34|8|2|4|5|5|2|0|1|0
RZ1|159|1|Don|4|4|5|5|1|1|0|0|0
RZ1|CHK|159|1|34|8|2|4|4|6|2|0|1|0
RZ1|160|1|Don|4|3|5|6|1|1|0|0|0
RZ1|CHK|160|1|34|8|2|4|3|7|2|0|1|0
[You] Draw 2 Don
RZ1|161|1|Don|5|0|5|0|1|1|1|0|0
RZ1|CHK|161|1|34|8|2|4|3|7|2|0|1|0
RZ1|162|1|Don|5|1|5|1|1|1|1|0|0
RZ1|CHK|162|1|34|8|2|4|3|7|2|0|1|0
RZ1|163|1|Don|5|2|5|2|1|1|1|0|0
RZ1|CHK|163|1|34|8|2|4|3|7|2|0|1|0
RZ1|164|1|Don|5|3|5|3|1|1|1|0|0
RZ1|CHK|164|1|34|8|2|4|3|7|2|0|1|0
RZ1|165|1|Don|5|4|5|4|1|1|1|0|0
RZ1|CHK|165|1|34|8|2|4|3|7|2|0|1|0
RZ1|166|1|Don|5|5|5|5|1|1|1|0|0
RZ1|CHK|166|1|34|8|2|4|3|7|2|0|1|0
RZ1|167|1|Don|5|6|5|6|1|1|1|0|0
RZ1|CHK|167|1|34|8|2|4|3|7|2|0|1|0
[You] Deploy Charlotte Pudding ["PRB02-010">PRB02-010]
RZ1|168|1|PRB02-010|1|3|2|2|1|1|0|0|0
RZ1|CHK|168|1|34|7|3|4|3|7|2|0|1|0
RZ1|169|1|Don|5|6|4|3|1|1|0|0|0
RZ1|CHK|169|1|34|7|3|4|4|6|2|0|1|0
RZ1|170|1|Don|5|5|4|4|1|1|0|0|0
RZ1|CHK|170|1|34|7|3|4|5|5|2|0|1|0
[You] Charlotte Pudding ["PRB02-010">PRB02-010]: Minus 2 Don
[] Drew card from deck: Charlotte Cracker ["ST34-002">ST34-002]
RZ1|171|1|ST34-002|0|33|1|7|1|1|0|0|0
RZ1|CHK|171|1|33|8|3|4|5|5|2|0|1|0
[] Drew card from deck: Charlotte Brulee ["ST34-003">ST34-003]
RZ1|172|1|ST34-003|0|32|1|8|1|1|0|0|0
RZ1|CHK|172|1|32|9|3|4|5|5|2|0|1|0
[You] Charlotte Pudding ["PRB02-010">PRB02-010]: Draw 2 Card
RZ1|173|1|OP11-067|1|5|2|3|1|1|0|0|0
RZ1|CHK|173|1|32|8|4|4|5|5|2|0|1|0
[You] Charlotte Pudding ["PRB02-010">PRB02-010]: Deploy Charlotte Katakuri ["OP11-067">OP11-067]
[You] Charlotte Brulee ["ST34-003">ST34-003] attacking Otama ["OP07-022">OP07-022]
Charlotte Brulee ["ST34-003">ST34-003][2000] vs Otama ["OP07-022">OP07-022][0]
[Opponent] Otama ["OP07-022">OP07-022] Destroyed
RZ1|174|2|OP07-022|2|0|6|3|1|1|0|0|0
RZ1|CHK|174|2|30|9|4|3|4|6|4|0|1|0
[You] Charlotte Katakuri ["OP11-062">OP11-062] attacking Dracule Mihawk ["OP14-020">OP14-020]
[Opponent] Discard Kin'emon ["ST32-001">ST32-001] for Counter 1000
RZ1|175|2|ST32-001|1|7|6|4|1|1|0|0|0
RZ1|CHK|175|2|30|8|4|3|4|6|5|0|1|0
Charlotte Katakuri ["OP11-062">OP11-062][5000] vs Dracule Mihawk ["OP14-020">OP14-020][6000]
Attack Fails
Charlotte Katakuri ["OP11-067">OP11-067]: Draw 1 Rested Don
RZ1|176|1|Don|4|4|5|0|1|1|1|0|0
RZ1|CHK|176|1|32|8|4|4|4|6|2|0|1|0
[] Hand: [ST34-003,OP13-076,ST34-004,OP08-069,OP15-078,OP11-070,ST34-002,ST34-003]
[] Board: [ST34-003,ST34-002,PRB02-010,OP11-067]
[] Trash: [OP07-077,OP11-070]
[] Life: 4
[] Hand: [ST32-003,ST32-003,OP01-055,ST32-002,ST24-004,OP06-038,OP12-037,OP13-031]
[] Trash: [OP14-023,OP10-030,OP12-034,OP07-022,ST32-001]
[] Board: [ST32-001,ST32-001,ST32-002,ST32-005]
[] Life: 3
[You] End Turn
[] Hand: [ST32-003,ST32-003,OP01-055,ST32-002,ST24-004,OP06-038,OP12-037,OP13-031]
[] Board: [ST32-001,ST32-001,ST32-002,ST32-005]
[] Trash: [OP14-023,OP10-030,OP12-034,OP07-022,ST32-001]
[] Life: 3
[] Hand: [ST34-003,OP13-076,ST34-004,OP08-069,OP15-078,OP11-070,ST34-002,ST34-003]
[] Trash: [OP07-077,OP11-070]
[] Board: [ST34-003,ST34-002,PRB02-010,OP11-067]
[] Life: 4
[Opponent] Draw 1 Card
[] Drew card from deck: Otama ["OP07-022">OP07-022]
RZ1|177|2|OP07-022|0|29|1|8|1|1|0|0|0
RZ1|CHK|177|2|29|9|4|3|4|6|5|0|1|0
RZ1|178|2|Don|4|3|5|6|1|1|0|0|0
RZ1|CHK|178|2|29|9|4|3|3|7|5|0|1|0
RZ1|179|2|Don|4|2|5|7|1|1|0|0|0
RZ1|CHK|179|2|29|9|4|3|2|8|5|0|1|0
[Opponent] Draw 2 Don
RZ1|180|2|Don|5|0|5|0|1|1|1|0|0
RZ1|CHK|180|2|29|9|4|3|2|8|5|0|1|0
RZ1|181|2|Don|5|1|5|1|1|1|1|0|0
RZ1|CHK|181|2|29|9|4|3|2|8|5|0|1|0
RZ1|182|2|Don|5|2|5|2|1|1|1|0|0
RZ1|CHK|182|2|29|9|4|3|2|8|5|0|1|0
RZ1|183|2|Don|5|3|5|3|1|1|1|0|0
RZ1|CHK|183|2|29|9|4|3|2|8|5|0|1|0
RZ1|184|2|Don|5|4|5|4|1|1|1|0|0
RZ1|CHK|184|2|29|9|4|3|2|8|5|0|1|0
RZ1|185|2|Don|5|5|5|5|1|1|1|0|0
RZ1|CHK|185|2|29|9|4|3|2|8|5|0|1|0
[Opponent] Deploy Dracule Mihawk ["ST32-003">ST32-003]
RZ1|186|2|ST32-003|1|0|2|4|1|1|0|0|0
RZ1|CHK|186|2|29|8|5|3|2|8|5|0|1|0
[Opponent] Kin'emon ["ST32-001">ST32-001] attacking Charlotte Brulee ["ST34-003">ST34-003]
Kin'emon ["ST32-001">ST32-001][2000] vs Charlotte Brulee ["ST34-003">ST34-003][2000]
[You] Charlotte Brulee ["ST34-003">ST34-003] Destroyed
RZ1|187|1|ST34-003|2|0|6|2|1|1|0|0|0
RZ1|CHK|187|1|32|8|3|4|4|6|3|0|1|0
[Opponent] Dracule Mihawk ["OP14-020">OP14-020]: Rest Don ["Don">Don]
RZ1|188|2|Don|5|6|5|6|1|1|1|0|0
RZ1|CHK|188|2|29|8|5|3|2|8|5|0|1|0
[Opponent] Dracule Mihawk ["OP14-020">OP14-020]: Activate 1 Don
RZ1|189|2|Don|5|6|5|6|1|1|0|0|0
RZ1|CHK|189|2|29|8|5|3|2|8|5|0|1|0
[Opponent] Dracule Mihawk ["OP14-020">OP14-020]: Activate 1 Don
RZ1|190|2|Don|5|5|5|5|1|1|0|0|0
RZ1|CHK|190|2|29|8|5|3|2|8|5|0|1|0
[Opponent] Dracule Mihawk ["OP14-020">OP14-020]: Activate 1 Don
RZ1|191|2|Don|5|4|5|4|1|1|0|0|0
RZ1|CHK|191|2|29|8|5|3|2|8|5|0|1|0
[Opponent] Dracule Mihawk ["OP14-020">OP14-020]: Can't play Cost 1 Or More Characters for the Turn!
[Opponent] Demonic Aura Nine-Sword Style Asura Dead Man's Game ["OP12-037">OP12-037]: Rest 1 Don
RZ1|192|2|Don|5|4|5|4|1|1|1|0|0
RZ1|CHK|192|2|29|8|5|3|2|8|5|0|1|0
RZ1|193|2|OP12-037|1|5|6|5|1|1|0|0|0
RZ1|CHK|193|2|29|7|5|3|2|8|6|0|1|0
[Opponent] Demonic Aura Nine-Sword Style Asura Dead Man's Game ["OP12-037">OP12-037]: Rest 3 Don
RZ1|194|2|Don|5|5|5|5|1|1|1|0|0
RZ1|CHK|194|2|29|7|5|3|2|8|6|0|1|0
RZ1|195|2|Don|5|6|5|6|1|1|1|0|0
RZ1|CHK|195|2|29|7|5|3|2|8|6|0|1|0
RZ1|196|2|Don|5|7|5|7|1|1|1|0|0
RZ1|CHK|196|2|29|7|5|3|2|8|6|0|1|0
[Opponent] Demonic Aura Nine-Sword Style Asura Dead Man's Game ["OP12-037">OP12-037]: Rest Charlotte Katakuri ["OP11-067">OP11-067]
[Opponent] Demonic Aura Nine-Sword Style Asura Dead Man's Game ["OP12-037">OP12-037]: Rest Charlotte Cracker ["ST34-002">ST34-002]
[Opponent] Dracule Mihawk ["OP14-020">OP14-020] attacking Charlotte Cracker ["ST34-002">ST34-002]
[You] Discard Charlotte Cracker ["ST34-002">ST34-002] for Counter 1000
RZ1|197|1|ST34-002|1|6|6|3|1|1|0|0|0
RZ1|CHK|197|1|32|7|3|4|4|6|4|0|1|0
Dracule Mihawk ["OP14-020">OP14-020][5000] vs Charlotte Cracker ["ST34-002">ST34-002][6000]
Attack Fails
[Opponent] Kouzuki Oden ["ST32-002">ST32-002] attacking Charlotte Cracker ["ST34-002">ST34-002]
[You] Discard Charlotte Brulee ["ST34-003">ST34-003] for Counter 2000
RZ1|198|1|ST34-003|1|6|6|4|1|1|0|0|0
RZ1|CHK|198|1|32|6|3|4|4|6|5|0|1|0
Kouzuki Oden ["ST32-002">ST32-002][6000] vs Charlotte Cracker ["ST34-002">ST34-002][7000]
Attack Fails
[] Hand: [ST32-003,OP01-055,ST32-002,ST24-004,OP06-038,OP13-031,OP07-022]
[] Board: [ST32-001,ST32-001,ST32-002,ST32-005,ST32-003]
[] Trash: [OP14-023,OP10-030,OP12-034,OP07-022,ST32-001,OP12-037]
[] Life: 3
[] Hand: [ST34-003,OP13-076,ST34-004,OP08-069,OP15-078,OP11-070]
[] Trash: [OP07-077,OP11-070,ST34-003,ST34-002,ST34-003]
[] Board: [ST34-002,PRB02-010,OP11-067]
[] Life: 4
[Opponent] End Turn
[] Hand: [ST34-003,OP13-076,ST34-004,OP08-069,OP15-078,OP11-070]
[] Board: [ST34-002,PRB02-010,OP11-067]
[] Trash: [OP07-077,OP11-070,ST34-003,ST34-002,ST34-003]
[] Life: 4
[] Hand: [ST32-003,OP01-055,ST32-002,ST24-004,OP06-038,OP13-031,OP07-022]
[] Trash: [OP14-023,OP10-030,OP12-034,OP07-022,ST32-001,OP12-037]
[] Board: [ST32-001,ST32-001,ST32-002,ST32-005,ST32-003]
[] Life: 3
[You] Draw 1 Card
[] Drew card from deck: Charlotte Katakuri ["ST34-001">ST34-001]
RZ1|199|1|ST34-001|0|31|1|6|1|1|0|0|0
RZ1|CHK|199|1|31|7|3|4|4|6|5|0|1|0
RZ1|200|1|Don|4|3|5|6|1|1|0|0|0
RZ1|CHK|200|1|31|7|3|4|3|7|5|0|1|0
RZ1|201|1|Don|4|2|5|7|1|1|0|0|0
RZ1|CHK|201|1|31|7|3|4|2|8|5|0|1|0
[You] Draw 2 Don
RZ1|202|1|Don|5|0|5|0|1|1|1|0|0
RZ1|CHK|202|1|31|7|3|4|2|8|5|0|1|0
[You] Deploy Charlotte Pudding ["OP11-070">OP11-070]
RZ1|203|1|OP11-070|1|5|2|3|1|1|0|0|0
RZ1|CHK|203|1|31|6|4|4|2|8|5|0|1|0
RZ1|204|1|OP11-067|0|28|1|6|1|1|0|0|0
RZ1|CHK|204|1|30|7|4|4|2|8|5|0|1|0
[You] Charlotte Pudding ["OP11-070">OP11-070]: <b>Reveal and Draw Charlotte Katakuri ["OP11-067">OP11-067]</b>
[You] Placing Cards on Bottom of Deck
RZ1|205|1|ST34-004|0|29|0|0|0|0|0|0|0
RZ1|CHK|205|1|30|7|4|4|2|8|5|0|1|0
RZ1|206|1|OP15-069|0|29|0|0|0|0|0|0|0
RZ1|CHK|206|1|30|7|4|4|2|8|5|0|1|0
RZ1|207|1|OP11-073|0|29|0|0|0|0|0|0|0
RZ1|CHK|207|1|30|7|4|4|2|8|5|0|1|0
RZ1|208|1|OP15-069|0|29|0|0|0|0|0|0|0
RZ1|CHK|208|1|30|7|4|4|2|8|5|0|1|0
RZ1|209|1|Don|5|1|5|1|1|1|1|0|0
RZ1|CHK|209|1|30|7|4|4|2|8|5|0|1|0
RZ1|210|1|Don|5|2|5|2|1|1|1|0|0
RZ1|CHK|210|1|30|7|4|4|2|8|5|0|1|0
RZ1|211|1|Don|5|3|5|3|1|1|1|0|0
RZ1|CHK|211|1|30|7|4|4|2|8|5|0|1|0
RZ1|212|1|Don|5|4|5|4|1|1|1|0|0
RZ1|CHK|212|1|30|7|4|4|2|8|5|0|1|0
RZ1|213|1|Don|5|5|5|5|1|1|1|0|0
RZ1|CHK|213|1|30|7|4|4|2|8|5|0|1|0
[You] Deploy Charlotte Katakuri ["ST34-001">ST34-001]
RZ1|214|1|ST34-001|1|5|2|4|1|1|0|0|0
RZ1|CHK|214|1|30|6|5|4|2|8|5|0|1|0
[You] Charlotte Cracker ["ST34-002">ST34-002] attacking Kin'emon ["ST32-001">ST32-001]
Charlotte Cracker ["ST34-002">ST34-002][5000] vs Kin'emon ["ST32-001">ST32-001][2000]
[Opponent] Kin'emon ["ST32-001">ST32-001] Destroyed
RZ1|215|2|ST32-001|2|0|6|6|1|1|0|0|0
RZ1|CHK|215|2|29|7|4|3|2|8|7|0|1|0
[You] Attach 1 Don to Charlotte Pudding ["PRB02-010">PRB02-010] (1 Total)
RZ1|216|1|Don|5|7|9|100|1|1|0|0|0
RZ1|CHK|216|1|30|6|5|4|2|7|5|0|1|1
[You] Charlotte Pudding ["PRB02-010">PRB02-010] attacking Kouzuki Oden ["ST32-002">ST32-002]
Charlotte Pudding ["PRB02-010">PRB02-010][6000] vs Kouzuki Oden ["ST32-002">ST32-002][6000]
[Opponent] Kouzuki Oden ["ST32-002">ST32-002] Destroyed
RZ1|217|2|ST32-002|2|1|6|7|1|1|0|0|0
RZ1|CHK|217|2|29|7|3|3|2|8|8|0|1|0
[You] Attach 1 Don to Charlotte Katakuri ["OP11-062">OP11-062] (1 Total)
RZ1|218|1|Don|5|6|9|9900|1|1|0|0|0
RZ1|CHK|218|1|30|6|5|4|2|6|5|0|1|2
[You] Charlotte Katakuri ["OP11-062">OP11-062] attacking Dracule Mihawk ["OP14-020">OP14-020]
RZ1|219|1|Don|9|100|4|2|1|1|0|0|0
RZ1|CHK|219|1|30|6|5|4|3|6|5|0|1|1
[You] Charlotte Katakuri ["OP11-062">OP11-062]: Minus 1 Don
[You] Charlotte Katakuri ["OP11-062">OP11-062]: <b>Looked at opponent's top deck</b>
[You] Charlotte Katakuri ["OP11-062">OP11-062]: <b>Finished looking at opponent's top deck</b>
[You] Charlotte Katakuri ["OP11-062">OP11-062]: Buff Charlotte Katakuri ["OP11-062">OP11-062] 1000 for the Combat
Charlotte Katakuri ["ST34-001">ST34-001]: Draw 1 Rested Don
RZ1|220|1|Don|4|2|5|0|1|1|1|0|0
RZ1|CHK|220|1|30|6|5|4|2|7|5|0|1|1
Charlotte Katakuri ["ST34-001">ST34-001]: Draw 1 Rested Don
RZ1|221|1|Don|4|1|5|0|1|1|1|0|0
RZ1|CHK|221|1|30|6|5|4|1|8|5|0|1|1
Charlotte Katakuri ["OP11-062">OP11-062][7000] vs Dracule Mihawk ["OP14-020">OP14-020][5000]
Dracule Mihawk ["OP14-020">OP14-020] hit for 1 damage
RZ1|222|2|OP14-033|3|2|1|7|1|1|0|0|0
RZ1|CHK|222|2|29|8|3|2|2|8|8|0|1|0
[You] Charlotte Katakuri ["OP11-067">OP11-067] attacking Dracule Mihawk ["OP14-020">OP14-020]
[Opponent] Discard Perona ["OP14-033">OP14-033] for Counter 1000
RZ1|223|2|OP14-033|1|7|6|8|1|1|0|0|0
RZ1|CHK|223|2|29|7|3|2|2|8|9|0|1|0
[Opponent] Discard Otama ["OP07-022">OP07-022] for Counter 2000
RZ1|224|2|OP07-022|1|6|6|9|1|1|0|0|0
RZ1|CHK|224|2|29|6|3|2|2|8|10|0|1|0
[Opponent] Discard Kouzuki Oden ["ST32-002">ST32-002] for Counter 1000
RZ1|225|2|ST32-002|1|2|6|10|1|1|0|0|0
RZ1|CHK|225|2|29|5|3|2|2|8|11|0|1|0
Charlotte Katakuri ["OP11-067">OP11-067][8000] vs Dracule Mihawk ["OP14-020">OP14-020][9000]
Attack Fails
[You] Charlotte Katakuri ["OP11-067">OP11-067]: Set Charlotte Pudding ["PRB02-010">PRB02-010] to Active
[You] Charlotte Katakuri ["OP11-067">OP11-067]: Set Charlotte Katakuri ["OP11-067">OP11-067] to Active
Charlotte Katakuri ["OP11-067">OP11-067]: Draw 1 Rested Don
RZ1|226|1|Don|4|0|5|0|1|1|1|0|0
RZ1|CHK|226|1|30|6|5|4|0|9|5|0|1|1
[] Hand: [ST34-003,OP13-076,ST34-004,OP08-069,OP15-078,OP11-067]
[] Board: [ST34-002,PRB02-010,OP11-067,OP11-070,ST34-001]
[] Trash: [OP07-077,OP11-070,ST34-003,ST34-002,ST34-003]
[] Life: 4
[] Hand: [ST32-003,OP01-055,ST24-004,OP06-038,OP13-031]
[] Trash: [OP14-023,OP10-030,OP12-034,OP07-022,ST32-001,OP12-037,ST32-001,ST32-002,OP14-033,OP07-022,ST32-002]
[] Board: [ST32-001,ST32-005,ST32-003]
[] Life: 2
[You] End Turn
[] Hand: [ST32-003,OP01-055,ST24-004,OP06-038,OP13-031]
[] Board: [ST32-001,ST32-005,ST32-003]
[] Trash: [OP14-023,OP10-030,OP12-034,OP07-022,ST32-001,OP12-037,ST32-001,ST32-002,OP14-033,OP07-022,ST32-002]
[] Life: 2
[] Hand: [ST34-003,OP13-076,ST34-004,OP08-069,OP15-078,OP11-067]
[] Trash: [OP07-077,OP11-070,ST34-003,ST34-002,ST34-003]
[] Board: [ST34-002,PRB02-010,OP11-067,OP11-070,ST34-001]
[] Life: 4
[Opponent] Draw 1 Card
[] Drew card from deck: Perona ["OP14-033">OP14-033]
RZ1|227|2|OP14-033|0|28|1|5|1|1|0|0|0
RZ1|CHK|227|2|28|6|3|2|2|8|11|0|1|0
RZ1|228|2|Don|4|1|5|8|1|1|0|0|0
RZ1|CHK|228|2|28|6|3|2|1|9|11|0|1|0
RZ1|229|2|Don|4|0|5|9|1|1|0|0|0
RZ1|CHK|229|2|28|6|3|2|0|10|11|0|1|0
[Opponent] Draw 2 Don
RZ1|230|2|Don|5|0|5|0|1|1|1|0|0
RZ1|CHK|230|2|28|6|3|2|0|10|11|0|1|0
RZ1|231|2|Don|5|1|5|1|1|1|1|0|0
RZ1|CHK|231|2|28|6|3|2|0|10|11|0|1|0
RZ1|232|2|Don|5|2|5|2|1|1|1|0|0
RZ1|CHK|232|2|28|6|3|2|0|10|11|0|1|0
RZ1|233|2|Don|5|3|5|3|1|1|1|0|0
RZ1|CHK|233|2|28|6|3|2|0|10|11|0|1|0
RZ1|234|2|Don|5|4|5|4|1|1|1|0|0
RZ1|CHK|234|2|28|6|3|2|0|10|11|0|1|0
RZ1|235|2|Don|5|5|5|5|1|1|1|0|0
RZ1|CHK|235|2|28|6|3|2|0|10|11|0|1|0
RZ1|236|2|Don|5|6|5|6|1|1|1|0|0
RZ1|CHK|236|2|28|6|3|2|0|10|11|0|1|0
RZ1|237|2|Don|5|7|5|7|1|1|1|0|0
RZ1|CHK|237|2|28|6|3|2|0|10|11|0|1|0
RZ1|238|2|Don|5|8|5|8|1|1|1|0|0
RZ1|CHK|238|2|28|6|3|2|0|10|11|0|1|0
RZ1|239|2|Don|5|9|5|9|1|1|1|0|0
RZ1|CHK|239|2|28|6|3|2|0|10|11|0|1|0
[Opponent] Deploy Law & Bepo ["ST24-004">ST24-004]
RZ1|240|2|ST24-004|1|2|2|3|1|1|0|0|0
RZ1|CHK|240|2|28|5|4|2|0|10|11|0|1|0
[Opponent] Law & Bepo ["ST24-004">ST24-004]: Rest Charlotte Katakuri ["OP11-067">OP11-067]
[Opponent] Law & Bepo ["ST24-004">ST24-004]: Charlotte Katakuri ["OP11-067">OP11-067] will not Activate during next Refresh
[Opponent] Law & Bepo ["ST24-004">ST24-004]: Grant Dracule Mihawk ["OP14-020">OP14-020] 2000 until opponent's next turn end
[Opponent] Dracule Mihawk ["ST32-003">ST32-003] attacking Charlotte Cracker ["ST34-002">ST34-002]
[] Drew card from deck: Perona ["OP12-034">OP12-034]
RZ1|241|2|OP12-034|0|27|1|5|1|1|0|0|0
RZ1|CHK|241|2|27|6|4|2|0|10|11|0|1|0
[Opponent] Dracule Mihawk ["ST32-003">ST32-003]: Draw 1 Card
RZ1|242|2|OP12-034|1|5|6|11|1|1|0|0|0
RZ1|CHK|242|2|27|5|4|2|0|10|12|0|1|0
[Opponent] Dracule Mihawk ["ST32-003">ST32-003]: Trash Perona ["OP12-034">OP12-034]
Dracule Mihawk ["ST32-003">ST32-003][7000] vs Charlotte Cracker ["ST34-002">ST34-002][5000]
[You] Charlotte Cracker ["ST34-002">ST34-002] Destroyed
RZ1|243|1|ST34-002|2|0|6|5|1|1|0|0|0
RZ1|CHK|243|1|30|6|4|4|0|9|6|0|1|1
[Opponent] Dracule Mihawk ["OP14-020">OP14-020] attacking Charlotte Katakuri ["OP11-062">OP11-062]
[You] Divine Departure ["OP13-076">OP13-076]: Activate Counter
RZ1|244|1|OP13-076|1|1|6|6|1|1|0|0|0
RZ1|CHK|244|1|30|5|4|4|0|9|7|0|1|1
RZ1|245|1|ST34-003|1|0|6|7|1|1|0|0|0
RZ1|CHK|245|1|30|4|4|4|0|9|8|0|1|1
[You] Divine Departure ["OP13-076">OP13-076]: Trash Charlotte Brulee ["ST34-003">ST34-003]
[You] Divine Departure ["OP13-076">OP13-076]: Buff Charlotte Katakuri ["OP11-062">OP11-062] 3000 for the Combat
Dracule Mihawk ["OP14-020">OP14-020][7000] vs Charlotte Katakuri ["OP11-062">OP11-062][8000]
Attack Fails
[] Hand: [ST32-003,OP01-055,OP06-038,OP13-031,OP14-033]
[] Board: [ST32-001,ST32-005,ST32-003,ST24-004]
[] Trash: [OP14-023,OP10-030,OP12-034,OP07-022,ST32-001,OP12-037,ST32-001,ST32-002,OP14-033,OP07-022,ST32-002,OP12-034]
[] Life: 2
[] Hand: [ST34-004,OP08-069,OP15-078,OP11-067]
[] Trash: [OP07-077,OP11-070,ST34-003,ST34-002,ST34-003,ST34-002,OP13-076,ST34-003]
[] Board: [PRB02-010,OP11-067,OP11-070,ST34-001]
[] Life: 4
[Opponent] End Turn
[] Hand: [ST34-004,OP08-069,OP15-078,OP11-067]
[] Board: [PRB02-010,OP11-067,OP11-070,ST34-001]
[] Trash: [OP07-077,OP11-070,ST34-003,ST34-002,ST34-003,ST34-002,OP13-076,ST34-003]
[] Life: 4
[] Hand: [ST32-003,OP01-055,OP06-038,OP13-031,OP14-033]
[] Trash: [OP14-023,OP10-030,OP12-034,OP07-022,ST32-001,OP12-037,ST32-001,ST32-002,OP14-033,OP07-022,ST32-002,OP12-034]
[] Board: [ST32-001,ST32-005,ST32-003,ST24-004]
[] Life: 2
RZ1|246|1|Don|9|9900|5|0|1|1|1|0|0
RZ1|CHK|246|1|30|4|4|4|0|10|8|0|1|0
[You] Draw 1 Card
[] Drew card from deck: Charlotte Linlin ["ST34-004">ST34-004]
RZ1|247|1|ST34-004|0|29|1|4|1|1|0|0|0
RZ1|CHK|247|1|29|5|4|4|0|10|8|0|1|0
RZ1|248|1|Don|5|0|5|0|1|1|1|0|0
RZ1|CHK|248|1|29|5|4|4|0|10|8|0|1|0
RZ1|249|1|Don|5|1|5|1|1|1|1|0|0
RZ1|CHK|249|1|29|5|4|4|0|10|8|0|1|0
RZ1|250|1|Don|5|2|5|2|1|1|1|0|0
RZ1|CHK|250|1|29|5|4|4|0|10|8|0|1|0
RZ1|251|1|Don|5|3|5|3|1|1|1|0|0
RZ1|CHK|251|1|29|5|4|4|0|10|8|0|1|0
RZ1|252|1|Don|5|4|5|4|1|1|1|0|0
RZ1|CHK|252|1|29|5|4|4|0|10|8|0|1|0
RZ1|253|1|Don|5|5|5|5|1|1|1|0|0
RZ1|CHK|253|1|29|5|4|4|0|10|8|0|1|0
RZ1|254|1|Don|5|6|5|6|1|1|1|0|0
RZ1|CHK|254|1|29|5|4|4|0|10|8|0|1|0
RZ1|255|1|Don|5|7|5|7|1|1|1|0|0
RZ1|CHK|255|1|29|5|4|4|0|10|8|0|1|0
RZ1|256|1|Don|5|8|5|8|1|1|1|0|0
RZ1|CHK|256|1|29|5|4|4|0|10|8|0|1|0
RZ1|257|1|Don|5|9|5|9|1|1|1|0|0
RZ1|CHK|257|1|29|5|4|4|0|10|8|0|1|0
[You] Deploy Charlotte Linlin ["ST34-004">ST34-004]
RZ1|258|1|ST34-004|1|4|2|4|1|1|0|0|0
RZ1|CHK|258|1|29|4|5|4|0|10|8|0|1|0
RZ1|259|1|Don|5|9|4|0|1|1|0|0|0
RZ1|CHK|259|1|29|4|5|4|1|9|8|0|1|0
RZ1|260|1|Don|5|8|4|1|1|1|0|0|0
RZ1|CHK|260|1|29|4|5|4|2|8|8|0|1|0
RZ1|261|1|Don|5|7|4|2|1|1|0|0|0
RZ1|CHK|261|1|29|4|5|4|3|7|8|0|1|0
RZ1|262|1|Don|5|6|4|3|1|1|0|0|0
RZ1|CHK|262|1|29|4|5|4|4|6|8|0|1|0
[You] Charlotte Linlin ["ST34-004">ST34-004]: Minus 4 Don
RZ1|263|1|ST34-004|1|0|6|8|1|1|0|0|0
RZ1|CHK|263|1|29|3|5|4|4|6|9|0|1|0
[You] Charlotte Linlin ["ST34-004">ST34-004]: Trash Charlotte Linlin ["ST34-004">ST34-004]
[You] Charlotte Linlin ["ST34-004">ST34-004]: Add card to top of Life from Deck
RZ1|264|1|PRB02-010|0|28|3|4|1|0|0|0|0
RZ1|CHK|264|1|28|3|5|5|4|6|9|0|1|0
[You] Charlotte Linlin ["ST34-004">ST34-004]: Set Dracule Mihawk ["ST32-003">ST32-003] Base Power to -7000
Charlotte Katakuri ["ST34-001">ST34-001]: Draw 1 Rested Don
RZ1|265|1|Don|4|3|5|0|1|1|1|0|0
RZ1|CHK|265|1|28|3|5|5|3|7|9|0|1|0
Charlotte Katakuri ["ST34-001">ST34-001]: Draw 1 Rested Don
RZ1|266|1|Don|4|2|5|0|1|1|1|0|0
RZ1|CHK|266|1|28|3|5|5|2|8|9|0|1|0
[You] Charlotte Pudding ["OP11-070">OP11-070] attacking Dracule Mihawk ["ST32-003">ST32-003]
Charlotte Pudding ["OP11-070">OP11-070][0] vs Dracule Mihawk ["ST32-003">ST32-003][0]
[Opponent] Dracule Mihawk ["ST32-003">ST32-003] Destroyed
RZ1|267|2|ST32-003|2|2|6|12|1|1|0|0|0
RZ1|CHK|267|2|27|5|3|2|0|10|13|0|1|0
[You] Charlotte Katakuri ["ST34-001">ST34-001] attacking Dracule Mihawk ["OP14-020">OP14-020]
[Opponent] Discard Perona ["OP14-033">OP14-033] for Counter 1000
RZ1|268|2|OP14-033|1|4|6|13|1|1|0|0|0
RZ1|CHK|268|2|27|4|3|2|0|10|14|0|1|0
Charlotte Katakuri ["ST34-001">ST34-001][7000] vs Dracule Mihawk ["OP14-020">OP14-020][8000]
Attack Fails
[You] Charlotte Katakuri ["OP11-067">OP11-067]: Set Charlotte Katakuri ["OP11-067">OP11-067] to Active
[You] Charlotte Katakuri ["OP11-067">OP11-067]: Set Charlotte Katakuri ["ST34-001">ST34-001] to Active
Charlotte Katakuri ["OP11-067">OP11-067]: Draw 1 Rested Don
RZ1|269|1|Don|4|1|5|0|1|1|1|0|0
RZ1|CHK|269|1|28|3|5|5|1|9|9|0|1|0
[] Hand: [OP08-069,OP15-078,OP11-067]
[] Board: [PRB02-010,OP11-067,OP11-070,ST34-001,ST34-004]
[] Trash: [OP07-077,OP11-070,ST34-003,ST34-002,ST34-003,ST34-002,OP13-076,ST34-003,ST34-004]
[] Life: 5
[] Hand: [ST32-003,OP01-055,OP06-038,OP13-031]
[] Trash: [OP14-023,OP10-030,OP12-034,OP07-022,ST32-001,OP12-037,ST32-001,ST32-002,OP14-033,OP07-022,ST32-002,OP12-034,ST32-003,OP14-033]
[] Board: [ST32-001,ST32-005,ST24-004]
[] Life: 2
[You] End Turn
[] Hand: [ST32-003,OP01-055,OP06-038,OP13-031]
[] Board: [ST32-001,ST32-005,ST24-004]
[] Trash: [OP14-023,OP10-030,OP12-034,OP07-022,ST32-001,OP12-037,ST32-001,ST32-002,OP14-033,OP07-022,ST32-002,OP12-034,ST32-003,OP14-033]
[] Life: 2
[] Hand: [OP08-069,OP15-078,OP11-067]
[] Trash: [OP07-077,OP11-070,ST34-003,ST34-002,ST34-003,ST34-002,OP13-076,ST34-003,ST34-004]
[] Board: [PRB02-010,OP11-067,OP11-070,ST34-001,ST34-004]
[] Life: 5
[Opponent] Draw 1 Card
[] Drew card from deck: Otama ["OP07-022">OP07-022]
RZ1|270|2|OP07-022|0|26|1|4|1|1|0|0|0
RZ1|CHK|270|2|26|5|3|2|0|10|14|0|1|0
[Opponent] Kin'emon ["ST32-001">ST32-001] attacking Charlotte Pudding ["OP11-070">OP11-070]
Kin'emon ["ST32-001">ST32-001][2000] vs Charlotte Pudding ["OP11-070">OP11-070][0]
[You] Charlotte Pudding ["OP11-070">OP11-070] Destroyed
RZ1|271|1|OP11-070|2|2|6|9|1|1|0|0|0
RZ1|CHK|271|1|28|3|4|5|1|9|10|0|1|0
RZ1|272|2|Don|5|0|5|0|1|1|1|0|0
RZ1|CHK|272|2|26|5|3|2|0|10|14|0|1|0
[Opponent] Deploy Otama ["OP07-022">OP07-022]
RZ1|273|2|OP07-022|1|4|2|3|1|1|0|0|0
RZ1|CHK|273|2|26|4|4|2|0|10|14|0|1|0
RZ1|274|2|OP14-023|0|25|1|4|1|1|0|0|0
RZ1|CHK|274|2|25|5|4|2|0|10|14|0|1|0
[Opponent] Otama ["OP07-022">OP07-022]: <b>Reveal and Draw Kikunojo ["OP14-023">OP14-023]</b>
[Opponent] Placing Cards on Bottom of Deck
RZ1|275|2|OP01-055|0|24|0|0|0|0|0|0|0
RZ1|CHK|275|2|25|5|4|2|0|10|14|0|1|0
RZ1|276|2|OP14-033|0|24|0|0|0|0|0|0|0
RZ1|CHK|276|2|25|5|4|2|0|10|14|0|1|0
RZ1|277|2|OP14-119|0|24|0|0|0|0|0|0|0
RZ1|CHK|277|2|25|5|4|2|0|10|14|0|1|0
RZ1|278|2|OP14-039|0|24|0|0|0|0|0|0|0
RZ1|CHK|278|2|25|5|4|2|0|10|14|0|1|0
RZ1|279|2|Don|5|1|5|1|1|1|1|0|0
RZ1|CHK|279|2|25|5|4|2|0|10|14|0|1|0
RZ1|280|2|Don|5|2|5|2|1|1|1|0|0
RZ1|CHK|280|2|25|5|4|2|0|10|14|0|1|0
RZ1|281|2|Don|5|3|5|3|1|1|1|0|0
RZ1|CHK|281|2|25|5|4|2|0|10|14|0|1|0
RZ1|282|2|Don|5|4|5|4|1|1|1|0|0
RZ1|CHK|282|2|25|5|4|2|0|10|14|0|1|0
RZ1|283|2|Don|5|5|5|5|1|1|1|0|0
RZ1|CHK|283|2|25|5|4|2|0|10|14|0|1|0
RZ1|284|2|Don|5|6|5|6|1|1|1|0|0
RZ1|CHK|284|2|25|5|4|2|0|10|14|0|1|0
[Opponent] Deploy Dracule Mihawk ["ST32-003">ST32-003]
RZ1|285|2|ST32-003|1|0|2|4|1|1|0|0|0
RZ1|CHK|285|2|25|4|5|2|0|10|14|0|1|0
RZ1|286|2|OP07-022|2|3|6|14|1|1|0|0|0
RZ1|CHK|286|2|25|4|4|2|0|10|15|0|1|0
[Opponent] Trash Otama ["OP07-022">OP07-022]
RZ1|287|2|OP14-023|1|3|2|4|1|1|0|0|0
RZ1|CHK|287|2|25|3|5|2|0|10|15|0|1|0
[Opponent] Dracule Mihawk ["ST32-003">ST32-003]: Deploy Kikunojo ["OP14-023">OP14-023]
[Opponent] Dracule Mihawk ["OP14-020">OP14-020]: Rest Don ["Don">Don]
RZ1|288|2|Don|5|7|5|7|1|1|1|0|0
RZ1|CHK|288|2|25|3|5|2|0|10|15|0|1|0
[Opponent] Dracule Mihawk ["OP14-020">OP14-020]: Activate 1 Don
RZ1|289|2|Don|5|7|5|7|1|1|0|0|0
RZ1|CHK|289|2|25|3|5|2|0|10|15|0|1|0
[Opponent] Dracule Mihawk ["OP14-020">OP14-020]: Activate 1 Don
RZ1|290|2|Don|5|6|5|6|1|1|0|0|0
RZ1|CHK|290|2|25|3|5|2|0|10|15|0|1|0
[Opponent] Dracule Mihawk ["OP14-020">OP14-020]: Activate 1 Don
RZ1|291|2|Don|5|5|5|5|1|1|0|0|0
RZ1|CHK|291|2|25|3|5|2|0|10|15|0|1|0
[Opponent] Dracule Mihawk ["OP14-020">OP14-020]: Can't play Cost 1 Or More Characters for the Turn!
[Opponent] Dracule Mihawk ["OP14-020">OP14-020] attacking Charlotte Katakuri ["OP11-062">OP11-062]
Dracule Mihawk ["OP14-020">OP14-020][5000] vs Charlotte Katakuri ["OP11-062">OP11-062][5000]
Charlotte Katakuri ["OP11-062">OP11-062] hit for 1 damage
RZ1|292|1|PRB02-010|3|4|1|3|1|1|0|0|0
RZ1|CHK|292|1|28|4|4|4|1|9|10|0|1|0
[Opponent] Kikunojo ["OP14-023">OP14-023]: Set Kikunojo ["OP14-023">OP14-023] to Active
[] Hand: [OP01-055,OP06-038,OP13-031]
[] Board: [ST32-001,ST32-005,ST24-004,ST32-003,OP14-023]
[] Trash: [OP14-023,OP10-030,OP12-034,OP07-022,ST32-001,OP12-037,ST32-001,ST32-002,OP14-033,OP07-022,ST32-002,OP12-034,ST32-003,OP14-033,OP07-022]
[] Life: 2
[] Hand: [OP08-069,OP15-078,OP11-067,PRB02-010]
[] Trash: [OP07-077,OP11-070,ST34-003,ST34-002,ST34-003,ST34-002,OP13-076,ST34-003,ST34-004,OP11-070]
[] Board: [PRB02-010,OP11-067,ST34-001,ST34-004]
[] Life: 4
[Opponent] End Turn
[] Hand: [OP08-069,OP15-078,OP11-067,PRB02-010]
[] Board: [PRB02-010,OP11-067,ST34-001,ST34-004]
[] Trash: [OP07-077,OP11-070,ST34-003,ST34-002,ST34-003,ST34-002,OP13-076,ST34-003,ST34-004,OP11-070]
[] Life: 4
[] Hand: [OP01-055,OP06-038,OP13-031]
[] Trash: [OP14-023,OP10-030,OP12-034,OP07-022,ST32-001,OP12-037,ST32-001,ST32-002,OP14-033,OP07-022,ST32-002,OP12-034,ST32-003,OP14-033,OP07-022]
[] Board: [ST32-001,ST32-005,ST24-004,ST32-003,OP14-023]
[] Life: 2
[You] Draw 1 Card
[] Drew card from deck: We're Going to Claim the One Piece!!! ["OP07-077">OP07-077]
RZ1|293|1|OP07-077|0|27|1|4|1|1|0|0|0
RZ1|CHK|293|1|27|5|4|4|1|9|10|0|1|0
RZ1|294|1|Don|4|0|5|9|1|1|0|0|0
RZ1|CHK|294|1|27|5|4|4|0|10|10|0|1|0
[You] Draw 2 Don
[You] Attach 1 Don to Charlotte Pudding ["PRB02-010">PRB02-010] (1 Total)
RZ1|295|1|Don|5|9|9|0|1|1|0|0|0
RZ1|CHK|295|1|27|5|4|4|0|9|10|0|1|1
[You] Attach 1 Don to Charlotte Pudding ["PRB02-010">PRB02-010] (2 Total)
RZ1|296|1|Don|5|8|9|1|1|1|0|0|0
RZ1|CHK|296|1|27|5|4|4|0|8|10|0|1|2
[You] Charlotte Pudding ["PRB02-010">PRB02-010] attacking Dracule Mihawk ["OP14-020">OP14-020]
Charlotte Pudding ["PRB02-010">PRB02-010][7000] vs Dracule Mihawk ["OP14-020">OP14-020][5000]
Dracule Mihawk ["OP14-020">OP14-020] hit for 1 damage
RZ1|297|2|OP12-037|3|1|1|3|1|1|0|0|0
RZ1|CHK|297|2|25|4|5|1|0|10|15|0|1|0
[You] Attach 1 Don to Charlotte Katakuri ["ST34-001">ST34-001] (1 Total)
RZ1|298|1|Don|5|7|9|200|1|1|0|0|0
RZ1|CHK|298|1|27|5|4|4|0|7|10|0|1|3
[You] Charlotte Katakuri ["ST34-001">ST34-001] attacking Dracule Mihawk ["OP14-020">OP14-020]
[Opponent] Billion-fold World Trichiliocosm ["OP06-038">OP06-038]: Activate Counter
[Opponent] Billion-fold World Trichiliocosm ["OP06-038">OP06-038]: Rest 1 Don
RZ1|299|2|Don|5|5|5|5|1|1|1|0|0
RZ1|CHK|299|2|25|4|5|1|0|10|15|0|1|0
RZ1|300|2|OP06-038|1|1|6|15|1|1|0|0|0
RZ1|CHK|300|2|25|3|5|1|0|10|16|0|1|0
[Opponent] Billion-fold World Trichiliocosm ["OP06-038">OP06-038]: Buff Law & Bepo ["ST24-004">ST24-004] 2000 for the Combat
[Opponent] Billion-fold World Trichiliocosm ["OP06-038">OP06-038]: Buff Law & Bepo ["ST24-004">ST24-004] 2000 for the Combat
Charlotte Katakuri ["ST34-001">ST34-001][8000] vs Dracule Mihawk ["OP14-020">OP14-020][5000]
Dracule Mihawk ["OP14-020">OP14-020] hit for 1 damage
RZ1|301|2|OP14-023|3|0|1|3|1|1|0|0|0
RZ1|CHK|301|2|25|4|5|0|0|10|16|0|1|0
[You] Charlotte Linlin ["ST34-004">ST34-004] attacking Dracule Mihawk ["OP14-020">OP14-020]
Charlotte Linlin ["ST34-004">ST34-004][12000] vs Dracule Mihawk ["OP14-020">OP14-020][5000]
Dracule Mihawk ["OP14-020">OP14-020] hit for 1 damage
[Opponent] <b>Downloaded the Combat Log!</b>
GameOver