Version is 1.41b.40
[You] Leader is Charlotte Katakuri ["OP11-062">OP11-062]
RZ1|HDR|1.41b|2|RZ1
RZ1|PLY|1||OP11-062
RZ1|PLY|2||
[Opponent] Leader is Portgas D. Ace ["OP13-002">OP13-002]
RZ1|1|2|OP13-042|0|43|0|0|0|0|0|0|0
RZ1|CHK|1|2|50|0|0|0|10|0|0|0|1|0
RZ1|2|2|OP08-047|0|36|0|1|0|0|0|0|0
RZ1|CHK|2|2|50|0|0|0|10|0|0|0|1|0
RZ1|3|2|ST23-001|0|8|0|2|0|0|0|0|0
RZ1|CHK|3|2|50|0|0|0|10|0|0|0|1|0
RZ1|4|2|OP13-054|0|36|0|3|0|0|0|0|0
RZ1|CHK|4|2|50|0|0|0|10|0|0|0|1|0
RZ1|5|2|OP13-016|0|7|0|4|0|0|0|0|0
RZ1|CHK|5|2|50|0|0|0|10|0|0|0|1|0
RZ1|6|2|OP13-043|0|20|0|5|0|0|0|0|0
RZ1|CHK|6|2|50|0|0|0|10|0|0|0|1|0
RZ1|7|2|OP08-050|0|26|0|6|0|0|0|0|0
RZ1|CHK|7|2|50|0|0|0|10|0|0|0|1|0
RZ1|8|2|ST22-002|0|24|0|7|0|0|0|0|0
RZ1|CHK|8|2|50|0|0|0|10|0|0|0|1|0
RZ1|9|2|OP13-054|0|35|0|8|0|0|0|0|0
RZ1|CHK|9|2|50|0|0|0|10|0|0|0|1|0
RZ1|10|2|OP13-043|0|24|0|9|0|0|0|0|0
RZ1|CHK|10|2|50|0|0|0|10|0|0|0|1|0
RZ1|11|2|PRB02-008|0|32|0|10|0|0|0|0|0
RZ1|CHK|11|2|50|0|0|0|10|0|0|0|1|0
RZ1|12|2|OP13-042|0|42|0|11|0|0|0|0|0
RZ1|CHK|12|2|50|0|0|0|10|0|0|0|1|0
RZ1|13|2|ST22-015|0|46|0|12|0|0|0|0|0
RZ1|CHK|13|2|50|0|0|0|10|0|0|0|1|0
RZ1|14|2|OP13-043|0|27|0|13|0|0|0|0|0
RZ1|CHK|14|2|50|0|0|0|10|0|0|0|1|0
RZ1|15|2|ST22-002|0|28|0|14|0|0|0|0|0
RZ1|CHK|15|2|50|0|0|0|10|0|0|0|1|0
RZ1|16|2|OP08-043|0|42|0|15|0|0|0|0|0
RZ1|CHK|16|2|50|0|0|0|10|0|0|0|1|0
RZ1|17|2|ST22-015|0|48|0|16|0|0|0|0|0
RZ1|CHK|17|2|50|0|0|0|10|0|0|0|1|0
RZ1|18|2|PRB02-008|0|37|0|17|0|0|0|0|0
RZ1|CHK|18|2|50|0|0|0|10|0|0|0|1|0
RZ1|19|2|OP08-047|0|41|0|18|0|0|0|0|0
RZ1|CHK|19|2|50|0|0|0|10|0|0|0|1|0
RZ1|20|2|OP09-118|0|30|0|19|0|0|0|0|0
RZ1|CHK|20|2|50|0|0|0|10|0|0|0|1|0
RZ1|21|2|OP13-042|0|44|0|20|0|0|0|0|0
RZ1|CHK|21|2|50|0|0|0|10|0|0|0|1|0
RZ1|22|2|OP13-042|0|45|0|21|0|0|0|0|0
RZ1|CHK|22|2|50|0|0|0|10|0|0|0|1|0
RZ1|23|2|EB04-007|0|32|0|22|0|0|0|0|0
RZ1|CHK|23|2|50|0|0|0|10|0|0|0|1|0
RZ1|24|2|OP08-044|0|38|0|23|0|0|0|0|0
RZ1|CHK|24|2|50|0|0|0|10|0|0|0|1|0
RZ1|25|2|ST23-001|0|30|0|24|0|0|0|0|0
RZ1|CHK|25|2|50|0|0|0|10|0|0|0|1|0
RZ1|26|2|ST22-015|0|49|0|25|0|0|0|0|0
RZ1|CHK|26|2|50|0|0|0|10|0|0|0|1|0
RZ1|27|2|ST23-001|0|31|0|26|0|0|0|0|0
RZ1|CHK|27|2|50|0|0|0|10|0|0|0|1|0
RZ1|28|2|ST15-004|0|30|0|27|0|0|0|0|0
RZ1|CHK|28|2|50|0|0|0|10|0|0|0|1|0
RZ1|29|2|ST15-004|0|31|0|29|0|0|0|0|0
RZ1|CHK|29|2|50|0|0|0|10|0|0|0|1|0
RZ1|30|2|OP13-016|0|31|0|30|0|0|0|0|0
RZ1|CHK|30|2|50|0|0|0|10|0|0|0|1|0
RZ1|31|2|OP08-043|0|46|0|31|0|0|0|0|0
RZ1|CHK|31|2|50|0|0|0|10|0|0|0|1|0
RZ1|32|2|OP13-054|0|44|0|32|0|0|0|0|0
RZ1|CHK|32|2|50|0|0|0|10|0|0|0|1|0
RZ1|33|2|OP08-047|0|46|0|33|0|0|0|0|0
RZ1|CHK|33|2|50|0|0|0|10|0|0|0|1|0
RZ1|34|2|EB04-007|0|36|0|34|0|0|0|0|0
RZ1|CHK|34|2|50|0|0|0|10|0|0|0|1|0
RZ1|35|2|ST22-002|0|40|0|35|0|0|0|0|0
RZ1|CHK|35|2|50|0|0|0|10|0|0|0|1|0
RZ1|36|2|OP08-050|0|42|0|36|0|0|0|0|0
RZ1|CHK|36|2|50|0|0|0|10|0|0|0|1|0
RZ1|37|2|OP13-057|0|47|0|37|0|0|0|0|0
RZ1|CHK|37|2|50|0|0|0|10|0|0|0|1|0
RZ1|38|2|OP13-057|0|48|0|38|0|0|0|0|0
RZ1|CHK|38|2|50|0|0|0|10|0|0|0|1|0
RZ1|39|2|OP13-054|0|48|0|40|0|0|0|0|0
RZ1|CHK|39|2|50|0|0|0|10|0|0|0|1|0
RZ1|40|2|OP08-044|0|46|0|41|0|0|0|0|0
RZ1|CHK|40|2|50|0|0|0|10|0|0|0|1|0
RZ1|41|2|ST22-002|0|46|0|42|0|0|0|0|0
RZ1|CHK|41|2|50|0|0|0|10|0|0|0|1|0
RZ1|42|2|EB04-007|0|44|0|43|0|0|0|0|0
RZ1|CHK|42|2|50|0|0|0|10|0|0|0|1|0
RZ1|43|2|PRB02-008|0|47|0|44|0|0|0|0|0
RZ1|CHK|43|2|50|0|0|0|10|0|0|0|1|0
RZ1|44|2|ST22-015|0|49|0|45|0|0|0|0|0
RZ1|CHK|44|2|50|0|0|0|10|0|0|0|1|0
RZ1|45|2|PRB02-008|0|49|0|47|0|0|0|0|0
RZ1|CHK|45|2|50|0|0|0|10|0|0|0|1|0
RZ1|46|2|OP13-043|0|49|0|48|0|0|0|0|0
RZ1|CHK|46|2|50|0|0|0|10|0|0|0|1|0
[] Drew card from deck: Mamaragan ["OP15-078">OP15-078]
RZ1|47|1|OP15-078|0|49|1|0|1|1|0|0|0
RZ1|CHK|47|1|49|1|0|0|10|0|0|0|1|0
[] Drew card from deck: Charlotte Brulee ["ST34-003">ST34-003]
RZ1|48|1|ST34-003|0|48|1|1|1|1|0|0|0
RZ1|CHK|48|1|48|2|0|0|10|0|0|0|1|0
[] Drew card from deck: Baron Tamago & Pekoms ["ST34-005">ST34-005]
RZ1|49|1|ST34-005|0|47|1|2|1|1|0|0|0
RZ1|CHK|49|1|47|3|0|0|10|0|0|0|1|0
[] Drew card from deck: Charlotte Cracker ["ST34-002">ST34-002]
RZ1|50|1|ST34-002|0|46|1|3|1|1|0|0|0
RZ1|CHK|50|1|46|4|0|0|10|0|0|0|1|0
[] Drew card from deck: Usohachi ["ST18-001">ST18-001]
RZ1|51|1|ST18-001|0|45|1|4|1|1|0|0|0
RZ1|CHK|51|1|45|5|0|0|10|0|0|0|1|0
[] Drew card from deck: Gol D. Roger ["OP09-118">OP09-118]
RZ1|52|2|OP09-118|0|49|1|0|1|1|0|0|0
RZ1|CHK|52|2|49|1|0|0|10|0|0|0|1|0
[] Drew card from deck: Otama ["OP13-043">OP13-043]
RZ1|53|2|OP13-043|0|48|1|1|1|1|0|0|0
RZ1|CHK|53|2|48|2|0|0|10|0|0|0|1|0
[] Drew card from deck: Marco ["PRB02-008">PRB02-008]
RZ1|54|2|PRB02-008|0|47|1|2|1|1|0|0|0
RZ1|CHK|54|2|47|3|0|0|10|0|0|0|1|0
[] Drew card from deck: Uta ["ST23-001">ST23-001]
RZ1|55|2|ST23-001|0|46|1|3|1|1|0|0|0
RZ1|CHK|55|2|46|4|0|0|10|0|0|0|1|0
[] Drew card from deck: I Am Whitebeard! ["ST22-015">ST22-015]
RZ1|56|2|ST22-015|0|45|1|4|1|1|0|0|0
RZ1|CHK|56|2|45|5|0|0|10|0|0|0|1|0
RZ1|57|1|OP11-067|0|44|3|0|1|0|0|0|0
RZ1|CHK|57|1|44|5|0|1|10|0|0|0|1|0
RZ1|58|1|ST18-001|0|43|3|1|1|0|0|0|0
RZ1|CHK|58|1|43|5|0|2|10|0|0|0|1|0
RZ1|59|1|ST34-001|0|42|3|2|1|0|0|0|0
RZ1|CHK|59|1|42|5|0|3|10|0|0|0|1|0
RZ1|60|1|PRB02-010|0|41|3|3|1|0|0|0|0
RZ1|CHK|60|1|41|5|0|4|10|0|0|0|1|0
RZ1|61|1|OP11-070|0|40|3|4|1|0|0|0|0
RZ1|CHK|61|1|40|5|0|5|10|0|0|0|1|0
RZ1|62|2|OP09-118|1|0|0|45|0|0|0|0|0
RZ1|CHK|62|2|46|4|0|0|10|0|0|0|1|0
RZ1|63|2|OP13-043|1|0|0|46|0|0|0|0|0
RZ1|CHK|63|2|47|3|0|0|10|0|0|0|1|0
RZ1|64|2|PRB02-008|1|0|0|47|0|0|0|0|0
RZ1|CHK|64|2|48|2|0|0|10|0|0|0|1|0
RZ1|65|2|ST23-001|1|0|0|48|0|0|0|0|0
RZ1|CHK|65|2|49|1|0|0|10|0|0|0|1|0
RZ1|66|2|ST22-015|1|0|0|49|0|0|0|0|0
RZ1|CHK|66|2|50|0|0|0|10|0|0|0|1|0
RZ1|67|2|PRB02-008|0|17|0|0|0|0|0|0|0
RZ1|CHK|67|2|50|0|0|0|10|0|0|0|1|0
RZ1|68|2|ST22-002|0|35|0|2|0|0|0|0|0
RZ1|CHK|68|2|50|0|0|0|10|0|0|0|1|0
RZ1|69|2|OP08-043|0|17|0|3|0|0|0|0|0
RZ1|CHK|69|2|50|0|0|0|10|0|0|0|1|0
RZ1|70|2|OP08-047|0|34|0|4|0|0|0|0|0
RZ1|CHK|70|2|50|0|0|0|10|0|0|0|1|0
RZ1|71|2|OP08-043|0|33|0|5|0|0|0|0|0
RZ1|CHK|71|2|50|0|0|0|10|0|0|0|1|0
RZ1|72|2|ST22-002|0|42|0|6|0|0|0|0|0
RZ1|CHK|72|2|50|0|0|0|10|0|0|0|1|0
RZ1|73|2|OP13-054|0|41|0|7|0|0|0|0|0
RZ1|CHK|73|2|50|0|0|0|10|0|0|0|1|0
RZ1|74|2|OP13-054|0|15|0|8|0|0|0|0|0
RZ1|CHK|74|2|50|0|0|0|10|0|0|0|1|0
RZ1|75|2|OP08-047|0|23|0|9|0|0|0|0|0
RZ1|CHK|75|2|50|0|0|0|10|0|0|0|1|0
RZ1|76|2|PRB02-008|0|44|0|10|0|0|0|0|0
RZ1|CHK|76|2|50|0|0|0|10|0|0|0|1|0
RZ1|77|2|OP13-016|0|34|0|11|0|0|0|0|0
RZ1|CHK|77|2|50|0|0|0|10|0|0|0|1|0
RZ1|78|2|OP13-043|0|19|0|12|0|0|0|0|0
RZ1|CHK|78|2|50|0|0|0|10|0|0|0|1|0
RZ1|79|2|EB04-007|0|29|0|13|0|0|0|0|0
RZ1|CHK|79|2|50|0|0|0|10|0|0|0|1|0
RZ1|80|2|ST23-001|0|33|0|14|0|0|0|0|0
RZ1|CHK|80|2|50|0|0|0|10|0|0|0|1|0
RZ1|81|2|OP13-043|0|25|0|16|0|0|0|0|0
RZ1|CHK|81|2|50|0|0|0|10|0|0|0|1|0
RZ1|82|2|EB04-007|0|38|0|17|0|0|0|0|0
RZ1|CHK|82|2|50|0|0|0|10|0|0|0|1|0
RZ1|83|2|OP08-050|0|39|0|18|0|0|0|0|0
RZ1|CHK|83|2|50|0|0|0|10|0|0|0|1|0
RZ1|84|2|OP09-118|0|30|0|19|0|0|0|0|0
RZ1|CHK|84|2|50|0|0|0|10|0|0|0|1|0
RZ1|85|2|OP13-043|0|46|0|20|0|0|0|0|0
RZ1|CHK|85|2|50|0|0|0|10|0|0|0|1|0
RZ1|86|2|ST15-004|0|37|0|21|0|0|0|0|0
RZ1|CHK|86|2|50|0|0|0|10|0|0|0|1|0
RZ1|87|2|EB04-007|0|45|0|22|0|0|0|0|0
RZ1|CHK|87|2|50|0|0|0|10|0|0|0|1|0
RZ1|88|2|OP13-054|0|41|0|23|0|0|0|0|0
RZ1|CHK|88|2|50|0|0|0|10|0|0|0|1|0
RZ1|89|2|ST22-002|0|29|0|24|0|0|0|0|0
RZ1|CHK|89|2|50|0|0|0|10|0|0|0|1|0
RZ1|90|2|OP08-044|0|37|0|25|0|0|0|0|0
RZ1|CHK|90|2|50|0|0|0|10|0|0|0|1|0
RZ1|91|2|ST22-015|0|49|0|26|0|0|0|0|0
RZ1|CHK|91|2|50|0|0|0|10|0|0|0|1|0
RZ1|92|2|ST22-015|0|36|0|27|0|0|0|0|0
RZ1|CHK|92|2|50|0|0|0|10|0|0|0|1|0
RZ1|93|2|ST23-001|0|49|0|28|0|0|0|0|0
RZ1|CHK|93|2|50|0|0|0|10|0|0|0|1|0
RZ1|94|2|OP13-016|0|43|0|29|0|0|0|0|0
RZ1|CHK|94|2|50|0|0|0|10|0|0|0|1|0
RZ1|95|2|ST22-015|0|37|0|30|0|0|0|0|0
RZ1|CHK|95|2|50|0|0|0|10|0|0|0|1|0
RZ1|96|2|OP13-042|0|39|0|31|0|0|0|0|0
RZ1|CHK|96|2|50|0|0|0|10|0|0|0|1|0
RZ1|97|2|PRB02-008|0|49|0|32|0|0|0|0|0
RZ1|CHK|97|2|50|0|0|0|10|0|0|0|1|0
RZ1|98|2|OP13-016|0|35|0|33|0|0|0|0|0
RZ1|CHK|98|2|50|0|0|0|10|0|0|0|1|0
RZ1|99|2|OP13-042|0|41|0|34|0|0|0|0|0
RZ1|CHK|99|2|50|0|0|0|10|0|0|0|1|0
RZ1|100|2|OP08-044|0|48|0|35|0|0|0|0|0
RZ1|CHK|100|2|50|0|0|0|10|0|0|0|1|0
RZ1|101|2|ST22-015|0|44|0|36|0|0|0|0|0
RZ1|CHK|101|2|50|0|0|0|10|0|0|0|1|0
RZ1|102|2|OP13-057|0|46|0|37|0|0|0|0|0
RZ1|CHK|102|2|50|0|0|0|10|0|0|0|1|0
RZ1|103|2|OP08-050|0|41|0|38|0|0|0|0|0
RZ1|CHK|103|2|50|0|0|0|10|0|0|0|1|0
RZ1|104|2|OP13-042|0|43|0|39|0|0|0|0|0
RZ1|CHK|104|2|50|0|0|0|10|0|0|0|1|0
RZ1|105|2|OP13-057|0|47|0|40|0|0|0|0|0
RZ1|CHK|105|2|50|0|0|0|10|0|0|0|1|0
RZ1|106|2|ST22-002|0|45|0|41|0|0|0|0|0
RZ1|CHK|106|2|50|0|0|0|10|0|0|0|1|0
RZ1|107|2|ST23-001|0|46|0|42|0|0|0|0|0
RZ1|CHK|107|2|50|0|0|0|10|0|0|0|1|0
RZ1|108|2|OP13-043|0|45|0|43|0|0|0|0|0
RZ1|CHK|108|2|50|0|0|0|10|0|0|0|1|0
RZ1|109|2|OP09-118|0|49|0|45|0|0|0|0|0
RZ1|CHK|109|2|50|0|0|0|10|0|0|0|1|0
RZ1|110|2|OP13-016|0|49|0|46|0|0|0|0|0
RZ1|CHK|110|2|50|0|0|0|10|0|0|0|1|0
RZ1|111|2|ST15-004|0|49|0|47|0|0|0|0|0
RZ1|CHK|111|2|50|0|0|0|10|0|0|0|1|0
[] Drew card from deck: Marco ["PRB02-008">PRB02-008]
RZ1|112|2|PRB02-008|0|49|1|0|1|1|0|0|0
RZ1|CHK|112|2|49|1|0|0|10|0|0|0|1|0
[] Drew card from deck: Yamato ["OP13-054">OP13-054]
RZ1|113|2|OP13-054|0|48|1|1|1|1|0|0|0
RZ1|CHK|113|2|48|2|0|0|10|0|0|0|1|0
[] Drew card from deck: Thatch ["ST15-004">ST15-004]
RZ1|114|2|ST15-004|0|47|1|2|1|1|0|0|0
RZ1|CHK|114|2|47|3|0|0|10|0|0|0|1|0
[] Drew card from deck: Monkey D. Garp ["OP13-016">OP13-016]
RZ1|115|2|OP13-016|0|46|1|3|1|1|0|0|0
RZ1|CHK|115|2|46|4|0|0|10|0|0|0|1|0
[] Drew card from deck: Gol D. Roger ["OP09-118">OP09-118]
RZ1|116|2|OP09-118|0|45|1|4|1|1|0|0|0
RZ1|CHK|116|2|45|5|0|0|10|0|0|0|1|0
RZ1|117|2|ST23-001|0|44|3|0|0|1|0|0|0
RZ1|CHK|117|2|44|5|0|1|10|0|0|0|1|0
RZ1|118|2|OP13-043|0|43|3|1|0|1|0|0|0
RZ1|CHK|118|2|43|5|0|2|10|0|0|0|1|0
RZ1|119|2|ST23-001|0|42|3|2|0|1|0|0|0
RZ1|CHK|119|2|42|5|0|3|10|0|0|0|1|0
[] Hand after Mulligan: [PRB02-008,OP13-054,ST15-004,OP13-016,OP09-118]
[Opponent] Mulligan
[] Hand: [OP15-078,ST34-003,ST34-005,ST34-002,ST18-001]
[] Board: []
[] Trash: []
[] Life: 5
[] Hand: [PRB02-008,OP13-054,ST15-004,OP13-016,OP09-118]
[] Trash: []
[] Board: []
[] Life: 3
RZ1|120|1|Don|4|9|5|0|1|1|0|0|0
RZ1|CHK|120|1|40|5|0|5|9|1|0|0|1|0
[You] Draw 1 Don
RZ1|121|1|Don|5|0|5|0|1|1|1|0|0
RZ1|CHK|121|1|40|5|0|5|9|1|0|0|1|0
[You] Deploy Charlotte Brulee ["ST34-003">ST34-003]
RZ1|122|1|ST34-003|1|1|2|0|1|1|0|0|0
RZ1|CHK|122|1|40|4|1|5|9|1|0|0|1|0
RZ1|123|1|OP11-070|0|39|1|4|1|1|0|0|0
RZ1|CHK|123|1|39|5|1|5|9|1|0|0|1|0
[You] Charlotte Brulee ["ST34-003">ST34-003]: <b>Reveal and Draw Charlotte Pudding ["OP11-070">OP11-070]</b>
[You] Placing Cards on Bottom of Deck
RZ1|124|1|OP11-067|0|38|0|0|0|0|0|0|0
RZ1|CHK|124|1|39|5|1|5|9|1|0|0|1|0
RZ1|125|1|OP15-069|0|38|0|0|0|0|0|0|0
RZ1|CHK|125|1|39|5|1|5|9|1|0|0|1|0
[] Hand: [OP15-078,ST34-005,ST34-002,ST18-001,OP11-070]
[] Board: [ST34-003]
[] Trash: []
[] Life: 5
[] Hand: [PRB02-008,OP13-054,ST15-004,OP13-016,OP09-118]
[] Trash: []
[] Board: []
[] Life: 3
[You] End Turn
[] Hand: [PRB02-008,OP13-054,ST15-004,OP13-016,OP09-118]
[] Board: []
[] Trash: []
[] Life: 3
[] Hand: [OP15-078,ST34-005,ST34-002,ST18-001,OP11-070]
[] Trash: []
[] Board: [ST34-003]
[] Life: 5
[Opponent] Draw 1 Card
[] Drew card from deck: Izou ["ST22-002">ST22-002]
RZ1|126|2|ST22-002|0|41|1|5|1|1|0|0|0
RZ1|CHK|126|2|41|6|0|3|10|0|0|0|1|0
RZ1|127|2|Don|4|9|5|0|1|1|0|0|0
RZ1|CHK|127|2|41|6|0|3|9|1|0|0|1|0
RZ1|128|2|Don|4|8|5|1|1|1|0|0|0
RZ1|CHK|128|2|41|6|0|3|8|2|0|0|1|0
[Opponent] Draw 2 Don
RZ1|129|2|Don|5|0|5|0|1|1|1|0|0
RZ1|CHK|129|2|41|6|0|3|8|2|0|0|1|0
[Opponent] Deploy Izou ["ST22-002">ST22-002]
RZ1|130|2|ST22-002|1|5|2|0|1|1|0|0|0
RZ1|CHK|130|2|41|5|1|3|8|2|0|0|1|0
RZ1|131|2|OP13-042|0|39|1|5|1|1|0|0|0
RZ1|CHK|131|2|40|6|1|3|8|2|0|0|1|0
[Opponent] Izou ["ST22-002">ST22-002]: <b>Reveal and Draw Edward Newgate ["OP13-042">OP13-042]</b>
[Opponent] Placing Cards on Bottom of Deck
RZ1|132|2|OP13-057|0|39|0|0|0|0|0|0|0
RZ1|CHK|132|2|40|6|1|3|8|2|0|0|1|0
RZ1|133|2|OP08-050|0|39|0|0|0|0|0|0|0
RZ1|CHK|133|2|40|6|1|3|8|2|0|0|1|0
RZ1|134|2|OP13-057|0|39|0|0|0|0|0|0|0
RZ1|CHK|134|2|40|6|1|3|8|2|0|0|1|0
RZ1|135|2|ST22-015|0|39|0|0|0|0|0|0|0
RZ1|CHK|135|2|40|6|1|3|8|2|0|0|1|0
RZ1|136|2|Don|5|1|5|1|1|1|1|0|0
RZ1|CHK|136|2|40|6|1|3|8|2|0|0|1|0
[Opponent] Deploy Monkey D. Garp ["OP13-016">OP13-016]
RZ1|137|2|OP13-016|1|3|2|1|1|1|0|0|0
RZ1|CHK|137|2|40|5|2|3|8|2|0|0|1|0
RZ1|138|2|PRB02-008|0|36|1|5|1|1|0|0|0
RZ1|CHK|138|2|39|6|2|3|8|2|0|0|1|0
[Opponent] Monkey D. Garp ["OP13-016">OP13-016]: <b>Reveal and Draw Marco ["PRB02-008">PRB02-008]</b>
[Opponent] Placing Cards on Bottom of Deck
RZ1|139|2|OP08-044|0|38|0|0|0|0|0|0|0
RZ1|CHK|139|2|39|6|2|3|8|2|0|0|1|0
RZ1|140|2|OP13-042|0|38|0|0|0|0|0|0|0
RZ1|CHK|140|2|39|6|2|3|8|2|0|0|1|0
RZ1|141|2|OP13-016|0|38|0|0|0|0|0|0|0
RZ1|CHK|141|2|39|6|2|3|8|2|0|0|1|0
[] Hand: [PRB02-008,OP13-054,ST15-004,OP09-118,OP13-042,PRB02-008]
[] Board: [ST22-002,OP13-016]
[] Trash: []
[] Life: 3
[] Hand: [OP15-078,ST34-005,ST34-002,ST18-001,OP11-070]
[] Trash: []
[] Board: [ST34-003]
[] Life: 5
[Opponent] End Turn
[] Hand: [OP15-078,ST34-005,ST34-002,ST18-001,OP11-070]
[] Board: [ST34-003]
[] Trash: []
[] Life: 5
[] Hand: [PRB02-008,OP13-054,ST15-004,OP09-118,OP13-042,PRB02-008]
[] Trash: []
[] Board: [ST22-002,OP13-016]
[] Life: 3
[You] Draw 1 Card
[] Drew card from deck: Charlotte Katakuri ["OP11-067">OP11-067]
RZ1|142|1|OP11-067|0|38|1|5|1|1|0|0|0
RZ1|CHK|142|1|38|6|1|5|9|1|0|0|1|0
RZ1|143|1|Don|4|8|5|1|1|1|0|0|0
RZ1|CHK|143|1|38|6|1|5|8|2|0|0|1|0
RZ1|144|1|Don|4|7|5|2|1|1|0|0|0
RZ1|CHK|144|1|38|6|1|5|7|3|0|0|1|0
[You] Draw 2 Don
[] Hand: [OP15-078,ST34-005,ST34-002,ST18-001,OP11-070,OP11-067]
[] Board: [ST34-003]
[] Trash: []
[] Life: 5
[] Hand: [PRB02-008,OP13-054,ST15-004,OP09-118,OP13-042,PRB02-008]
[] Trash: []
[] Board: [ST22-002,OP13-016]
[] Life: 3
[You] End Turn
[] Hand: [PRB02-008,OP13-054,ST15-004,OP09-118,OP13-042,PRB02-008]
[] Board: [ST22-002,OP13-016]
[] Trash: []
[] Life: 3
[] Hand: [OP15-078,ST34-005,ST34-002,ST18-001,OP11-070,OP11-067]
[] Trash: []
[] Board: [ST34-003]
[] Life: 5
[Opponent] Draw 1 Card
[] Drew card from deck: Edward Newgate ["OP13-042">OP13-042]
RZ1|145|2|OP13-042|0|38|1|6|1|1|0|0|0
RZ1|CHK|145|2|38|7|2|3|8|2|0|0|1|0
RZ1|146|2|Don|4|7|5|2|1|1|0|0|0
RZ1|CHK|146|2|38|7|2|3|7|3|0|0|1|0
RZ1|147|2|Don|4|6|5|3|1|1|0|0|0
RZ1|CHK|147|2|38|7|2|3|6|4|0|0|1|0
[Opponent] Draw 2 Don
RZ1|148|2|Don|5|0|5|0|1|1|1|0|0
RZ1|CHK|148|2|38|7|2|3|6|4|0|0|1|0
RZ1|149|2|Don|5|1|5|1|1|1|1|0|0
RZ1|CHK|149|2|38|7|2|3|6|4|0|0|1|0
RZ1|150|2|Don|5|2|5|2|1|1|1|0|0
RZ1|CHK|150|2|38|7|2|3|6|4|0|0|1|0
RZ1|151|2|Don|5|3|5|3|1|1|1|0|0
RZ1|CHK|151|2|38|7|2|3|6|4|0|0|1|0
[Opponent] Deploy Marco ["PRB02-008">PRB02-008]
RZ1|152|2|PRB02-008|1|5|2|2|1|1|0|0|0
RZ1|CHK|152|2|38|6|3|3|6|4|0|0|1|0
[Opponent] Portgas D. Ace ["OP13-002">OP13-002] attacking Charlotte Katakuri ["OP11-062">OP11-062]
Portgas D. Ace ["OP13-002">OP13-002][6000] vs Charlotte Katakuri ["OP11-062">OP11-062][5000]
Charlotte Katakuri ["OP11-062">OP11-062] hit for 1 damage
RZ1|153|1|OP11-070|3|4|1|6|1|1|0|0|0
RZ1|CHK|153|1|38|7|1|4|7|3|0|0|1|0
[] Hand: [PRB02-008,OP13-054,ST15-004,OP09-118,OP13-042,OP13-042]
[] Board: [ST22-002,OP13-016,PRB02-008]
[] Trash: []
[] Life: 3
[] Hand: [OP15-078,ST34-005,ST34-002,ST18-001,OP11-070,OP11-067,OP11-070]
[] Trash: []
[] Board: [ST34-003]
[] Life: 4
[Opponent] End Turn
[] Hand: [OP15-078,ST34-005,ST34-002,ST18-001,OP11-070,OP11-067,OP11-070]
[] Board: [ST34-003]
[] Trash: []
[] Life: 4
[] Hand: [PRB02-008,OP13-054,ST15-004,OP09-118,OP13-042,OP13-042]
[] Trash: []
[] Board: [ST22-002,OP13-016,PRB02-008]
[] Life: 3
[You] Draw 1 Card
[] Drew card from deck: Charlotte Linlin ["OP08-069">OP08-069]
RZ1|154|1|OP08-069|0|37|1|7|1|1|0|0|0
RZ1|CHK|154|1|37|8|1|4|7|3|0|0|1|0
RZ1|155|1|Don|4|6|5|3|1|1|0|0|0
RZ1|CHK|155|1|37|8|1|4|6|4|0|0|1|0
RZ1|156|1|Don|4|5|5|4|1|1|0|0|0
RZ1|CHK|156|1|37|8|1|4|5|5|0|0|1|0
[You] Draw 2 Don
RZ1|157|1|Don|5|0|5|0|1|1|1|0|0
RZ1|CHK|157|1|37|8|1|4|5|5|0|0|1|0
RZ1|158|1|Don|5|1|5|1|1|1|1|0|0
RZ1|CHK|158|1|37|8|1|4|5|5|0|0|1|0
RZ1|159|1|Don|5|2|5|2|1|1|1|0|0
RZ1|CHK|159|1|37|8|1|4|5|5|0|0|1|0
RZ1|160|1|Don|5|3|5|3|1|1|1|0|0
RZ1|CHK|160|1|37|8|1|4|5|5|0|0|1|0
[You] Deploy Charlotte Cracker ["ST34-002">ST34-002]
RZ1|161|1|ST34-002|1|2|2|1|1|1|0|0|0
RZ1|CHK|161|1|37|7|2|4|5|5|0|0|1|0
Charlotte Cracker ["ST34-002">ST34-002]: Draw 1 Rested Don
RZ1|162|1|Don|4|4|5|0|1|1|1|0|0
RZ1|CHK|162|1|37|7|2|4|4|6|0|0|1|0
[You] Charlotte Cracker ["ST34-002">ST34-002]: Destroy Monkey D. Garp ["OP13-016">OP13-016]
RZ1|163|2|OP13-016|2|1|6|0|1|1|0|0|0
RZ1|CHK|163|2|38|6|2|3|6|4|1|0|1|0
RZ1|164|1|Don|5|5|5|5|1|1|1|0|0
RZ1|CHK|164|1|37|7|2|4|4|6|0|0|1|0
[You] Deploy Charlotte Pudding ["OP11-070">OP11-070]
RZ1|165|1|OP11-070|1|3|2|2|1|1|0|0|0
RZ1|CHK|165|1|37|6|3|4|4|6|0|0|1|0
RZ1|166|1|ST34-004|0|32|1|6|1|1|0|0|0
RZ1|CHK|166|1|36|7|3|4|4|6|0|0|1|0
[You] Charlotte Pudding ["OP11-070">OP11-070]: <b>Reveal and Draw Charlotte Linlin ["ST34-004">ST34-004]</b>
[You] Placing Cards on Bottom of Deck
RZ1|167|1|OP15-078|0|35|0|0|0|0|0|0|0
RZ1|CHK|167|1|36|7|3|4|4|6|0|0|1|0
RZ1|168|1|OP11-070|0|35|0|0|0|0|0|0|0
RZ1|CHK|168|1|36|7|3|4|4|6|0|0|1|0
RZ1|169|1|OP15-078|0|35|0|0|0|0|0|0|0
RZ1|CHK|169|1|36|7|3|4|4|6|0|0|1|0
RZ1|170|1|OP07-077|0|35|0|0|0|0|0|0|0
RZ1|CHK|170|1|36|7|3|4|4|6|0|0|1|0
[You] Charlotte Katakuri ["OP11-062">OP11-062] attacking Portgas D. Ace ["OP13-002">OP13-002]
RZ1|171|1|Don|5|0|4|4|1|1|0|0|0
RZ1|CHK|171|1|36|7|3|4|5|5|0|0|1|0
[You] Charlotte Katakuri ["OP11-062">OP11-062]: Minus 1 Don
[You] Charlotte Katakuri ["OP11-062">OP11-062]: <b>Looked at opponent's top deck</b>
[You] Charlotte Katakuri ["OP11-062">OP11-062]: <b>Finished looking at opponent's top deck</b>
[You] Charlotte Katakuri ["OP11-062">OP11-062]: Buff Charlotte Katakuri ["OP11-062">OP11-062] 1000 for the Combat
Charlotte Katakuri ["OP11-062">OP11-062][6000] vs Portgas D. Ace ["OP13-002">OP13-002][6000]
Portgas D. Ace ["OP13-002">OP13-002] hit for 1 damage
RZ1|172|2|ST23-001|3|2|1|6|1|1|0|0|0
RZ1|CHK|172|2|38|7|2|2|6|4|1|0|1|0
[] Hand: [OP15-078,ST34-005,ST18-001,OP11-067,OP11-070,OP08-069,ST34-004]
[] Board: [ST34-003,ST34-002,OP11-070]
[] Trash: []
[] Life: 4
[] Hand: [PRB02-008,OP13-054,ST15-004,OP09-118,OP13-042,OP13-042,ST23-001]
[] Trash: [OP13-016]
[] Board: [ST22-002,PRB02-008]
[] Life: 2
[You] End Turn
[] Hand: [PRB02-008,OP13-054,ST15-004,OP09-118,OP13-042,OP13-042,ST23-001]
[] Board: [ST22-002,PRB02-008]
[] Trash: [OP13-016]
[] Life: 2
[] Hand: [OP15-078,ST34-005,ST18-001,OP11-067,OP11-070,OP08-069,ST34-004]
[] Trash: []
[] Board: [ST34-003,ST34-002,OP11-070]
[] Life: 4
[Opponent] Draw 1 Card
[] Drew card from deck: I Am Whitebeard! ["ST22-015">ST22-015]
RZ1|173|2|ST22-015|0|37|1|7|1|1|0|0|0
RZ1|CHK|173|2|37|8|2|2|6|4|1|0|1|0
RZ1|174|2|Don|4|5|5|4|1|1|0|0|0
RZ1|CHK|174|2|37|8|2|2|5|5|1|0|1|0
RZ1|175|2|Don|4|4|5|5|1|1|0|0|0
RZ1|CHK|175|2|37|8|2|2|4|6|1|0|1|0
[Opponent] Draw 2 Don
RZ1|176|2|Don|5|0|5|0|1|1|1|0|0
RZ1|CHK|176|2|37|8|2|2|4|6|1|0|1|0
RZ1|177|2|Don|5|1|5|1|1|1|1|0|0
RZ1|CHK|177|2|37|8|2|2|4|6|1|0|1|0
RZ1|178|2|Don|5|2|5|2|1|1|1|0|0
RZ1|CHK|178|2|37|8|2|2|4|6|1|0|1|0
RZ1|179|2|Don|5|3|5|3|1|1|1|0|0
RZ1|CHK|179|2|37|8|2|2|4|6|1|0|1|0
RZ1|180|2|Don|5|4|5|4|1|1|1|0|0
RZ1|CHK|180|2|37|8|2|2|4|6|1|0|1|0
[Opponent] Deploy Yamato ["OP13-054">OP13-054]
RZ1|181|2|OP13-054|1|1|2|2|1|1|0|0|0
RZ1|CHK|181|2|37|7|3|2|4|6|1|0|1|0
[] Drew card from deck: Monkey D. Garp ["OP13-016">OP13-016]
RZ1|182|2|OP13-016|0|36|1|7|1|1|0|0|0
RZ1|CHK|182|2|36|8|3|2|4|6|1|0|1|0
[] Drew card from deck: Uta ["ST23-001">ST23-001]
RZ1|183|2|ST23-001|0|35|1|8|1|1|0|0|0
RZ1|CHK|183|2|35|9|3|2|4|6|1|0|1|0
[Opponent] Yamato ["OP13-054">OP13-054]: Draw 2 Card
[Opponent] Yamato ["OP13-054">OP13-054]: Attach 1 Rested Don to Portgas D. Ace ["OP13-002">OP13-002]
RZ1|184|2|Don|5|0|9|9900|1|1|1|0|0
RZ1|CHK|184|2|35|9|3|2|4|5|1|0|1|1
[] Hand: [PRB02-008,ST15-004,OP09-118,OP13-042,OP13-042,ST23-001,ST22-015,OP13-016,ST23-001]
[] Board: [ST22-002,PRB02-008,OP13-054]
[] Trash: [OP13-016]
[] Life: 2
[] Hand: [OP15-078,ST34-005,ST18-001,OP11-067,OP11-070,OP08-069,ST34-004]
[] Trash: []
[] Board: [ST34-003,ST34-002,OP11-070]
[] Life: 4
[Opponent] End Turn
[] Hand: [OP15-078,ST34-005,ST18-001,OP11-067,OP11-070,OP08-069,ST34-004]
[] Board: [ST34-003,ST34-002,OP11-070]
[] Trash: []
[] Life: 4
[] Hand: [PRB02-008,ST15-004,OP09-118,OP13-042,OP13-042,ST23-001,ST22-015,OP13-016,ST23-001]
[] Trash: [OP13-016]
[] Board: [ST22-002,PRB02-008,OP13-054]
[] Life: 2
[You] Draw 1 Card
[] Drew card from deck: Charlotte Pudding ["PRB02-010">PRB02-010]
RZ1|185|1|PRB02-010|0|35|1|7|1|1|0|0|0
RZ1|CHK|185|1|35|8|3|4|5|5|0|0|1|0
RZ1|186|1|Don|4|4|5|5|1|1|0|0|0
RZ1|CHK|186|1|35|8|3|4|4|6|0|0|1|0
RZ1|187|1|Don|4|3|5|6|1|1|0|0|0
RZ1|CHK|187|1|35|8|3|4|3|7|0|0|1|0
[You] Draw 2 Don
RZ1|188|1|Don|5|0|5|0|1|1|1|0|0
RZ1|CHK|188|1|35|8|3|4|3|7|0|0|1|0
RZ1|189|1|Don|5|1|5|1|1|1|1|0|0
RZ1|CHK|189|1|35|8|3|4|3|7|0|0|1|0
RZ1|190|1|Don|5|2|5|2|1|1|1|0|0
RZ1|CHK|190|1|35|8|3|4|3|7|0|0|1|0
RZ1|191|1|Don|5|3|5|3|1|1|1|0|0
RZ1|CHK|191|1|35|8|3|4|3|7|0|0|1|0
RZ1|192|1|Don|5|4|5|4|1|1|1|0|0
RZ1|CHK|192|1|35|8|3|4|3|7|0|0|1|0
RZ1|193|1|Don|5|5|5|5|1|1|1|0|0
RZ1|CHK|193|1|35|8|3|4|3|7|0|0|1|0
RZ1|194|1|Don|5|6|5|6|1|1|1|0|0
RZ1|CHK|194|1|35|8|3|4|3|7|0|0|1|0
[You] Deploy Charlotte Pudding ["PRB02-010">PRB02-010]
RZ1|195|1|PRB02-010|1|7|2|3|1|1|0|0|0
RZ1|CHK|195|1|35|7|4|4|3|7|0|0|1|0
RZ1|196|1|Don|5|0|4|3|1|1|0|0|0
RZ1|CHK|196|1|35|7|4|4|4|6|0|0|1|0
RZ1|197|1|Don|5|0|4|4|1|1|0|0|0
RZ1|CHK|197|1|35|7|4|4|5|5|0|0|1|0
[You] Charlotte Pudding ["PRB02-010">PRB02-010]: Minus 2 Don
[] Drew card from deck: Charlotte Linlin ["OP08-069">OP08-069]
RZ1|198|1|OP08-069|0|34|1|7|1|1|0|0|0
RZ1|CHK|198|1|34|8|4|4|5|5|0|0|1|0
[] Drew card from deck: We're Going to Claim the One Piece!!! ["OP07-077">OP07-077]
RZ1|199|1|OP07-077|0|33|1|8|1|1|0|0|0
RZ1|CHK|199|1|33|9|4|4|5|5|0|0|1|0
[You] Charlotte Pudding ["PRB02-010">PRB02-010]: Draw 2 Card
RZ1|200|1|OP11-067|1|3|2|4|1|1|0|0|0
RZ1|CHK|200|1|33|8|5|4|5|5|0|0|1|0
[You] Charlotte Pudding ["PRB02-010">PRB02-010]: Deploy Charlotte Katakuri ["OP11-067">OP11-067]
[You] Charlotte Katakuri ["OP11-062">OP11-062] attacking Portgas D. Ace ["OP13-002">OP13-002]
RZ1|201|1|Don|5|0|4|5|1|1|0|0|0
RZ1|CHK|201|1|33|8|5|4|6|4|0|0|1|0
[You] Charlotte Katakuri ["OP11-062">OP11-062]: Minus 1 Don
[You] Charlotte Katakuri ["OP11-062">OP11-062]: <b>Looked at opponent's top deck</b>
[You] Charlotte Katakuri ["OP11-062">OP11-062]: <b>Finished looking at opponent's top deck</b>
[You] Charlotte Katakuri ["OP11-062">OP11-062]: Buff Charlotte Katakuri ["OP11-062">OP11-062] 1000 for the Combat
RZ1|202|2|OP13-016|1|7|6|1|1|1|0|0|0
RZ1|CHK|202|2|35|8|3|2|4|5|2|0|1|1
[Opponent] Portgas D. Ace ["OP13-002">OP13-002]: Trash Monkey D. Garp ["OP13-016">OP13-016]
[Opponent] Portgas D. Ace ["OP13-002">OP13-002]: Buff Charlotte Pudding ["OP11-070">OP11-070] -2000 for the Combat
RZ1|203|2|ST22-002|2|0|6|2|1|1|0|0|0
RZ1|CHK|203|2|35|8|2|2|4|5|3|0|1|1
[Opponent] Izou ["ST22-002">ST22-002]: Trash Izou ["ST22-002">ST22-002]
[] Drew card from deck: I Am Whitebeard! ["ST22-015">ST22-015]
RZ1|204|2|ST22-015|0|34|1|8|1|1|0|0|0
RZ1|CHK|204|2|34|9|2|2|4|5|3|0|1|1
[Opponent] Izou ["ST22-002">ST22-002]: Draw 1 Card
[Opponent] Sent a Card to Deck Bottom
RZ1|205|2|PRB02-008|1|0|0|0|0|0|0|0|0
RZ1|CHK|205|2|35|8|2|2|4|5|3|0|1|1
Charlotte Katakuri ["OP11-062">OP11-062][6000] vs Portgas D. Ace ["OP13-002">OP13-002][6000]
Portgas D. Ace ["OP13-002">OP13-002] hit for 1 damage
RZ1|206|2|OP13-043|3|1|1|8|1|1|0|0|0
RZ1|CHK|206|2|35|9|2|1|4|5|3|0|1|1
[] Drew card from deck: I Am Whitebeard! ["ST22-015">ST22-015]
RZ1|207|2|ST22-015|0|34|1|9|1|1|0|0|0
RZ1|CHK|207|2|34|10|2|1|4|5|3|0|1|1
[Opponent] Portgas D. Ace ["OP13-002">OP13-002]: Draw 1 Card
Charlotte Katakuri ["OP11-067">OP11-067]: Draw 1 Rested Don
RZ1|208|1|Don|4|5|5|0|1|1|1|0|0
RZ1|CHK|208|1|33|8|5|4|5|5|0|0|1|0
[] Hand: [OP15-078,ST34-005,ST18-001,OP11-070,OP08-069,ST34-004,OP08-069,OP07-077]
[] Board: [ST34-003,ST34-002,OP11-070,PRB02-010,OP11-067]
[] Trash: []
[] Life: 4
[] Hand: [ST15-004,OP09-118,OP13-042,OP13-042,ST23-001,ST22-015,ST23-001,ST22-015,OP13-043,ST22-015]
[] Trash: [OP13-016,OP13-016,ST22-002]
[] Board: [PRB02-008,OP13-054]
[] Life: 1
[You] End Turn
[] Hand: [ST15-004,OP09-118,OP13-042,OP13-042,ST23-001,ST22-015,ST23-001,ST22-015,OP13-043,ST22-015]
[] Board: [PRB02-008,OP13-054]
[] Trash: [OP13-016,OP13-016,ST22-002]
[] Life: 1
[] Hand: [OP15-078,ST34-005,ST18-001,OP11-070,OP08-069,ST34-004,OP08-069,OP07-077]
[] Trash: []
[] Board: [ST34-003,ST34-002,OP11-070,PRB02-010,OP11-067]
[] Life: 4
RZ1|209|2|Don|9|9900|5|0|1|1|1|0|0
RZ1|CHK|209|2|34|10|2|1|4|6|3|0|1|0
[Opponent] Draw 1 Card
[] Drew card from deck: Kingdew ["OP08-044">OP08-044]
RZ1|210|2|OP08-044|0|33|1|10|1|1|0|0|0
RZ1|CHK|210|2|33|11|2|1|4|6|3|0|1|0
RZ1|211|2|Don|4|3|5|6|1|1|0|0|0
RZ1|CHK|211|2|33|11|2|1|3|7|3|0|1|0
RZ1|212|2|Don|4|2|5|7|1|1|0|0|0
RZ1|CHK|212|2|33|11|2|1|2|8|3|0|1|0
[Opponent] Draw 2 Don
[Opponent] I Am Whitebeard! ["ST22-015">ST22-015]: Rest 8 Don
RZ1|213|2|Don|5|0|5|0|1|1|1|0|0
RZ1|CHK|213|2|33|11|2|1|2|8|3|0|1|0
RZ1|214|2|Don|5|1|5|1|1|1|1|0|0
RZ1|CHK|214|2|33|11|2|1|2|8|3|0|1|0
RZ1|215|2|Don|5|2|5|2|1|1|1|0|0
RZ1|CHK|215|2|33|11|2|1|2|8|3|0|1|0
RZ1|216|2|Don|5|3|5|3|1|1|1|0|0
RZ1|CHK|216|2|33|11|2|1|2|8|3|0|1|0
RZ1|217|2|Don|5|4|5|4|1|1|1|0|0
RZ1|CHK|217|2|33|11|2|1|2|8|3|0|1|0
RZ1|218|2|Don|5|5|5|5|1|1|1|0|0
RZ1|CHK|218|2|33|11|2|1|2|8|3|0|1|0
RZ1|219|2|Don|5|6|5|6|1|1|1|0|0
RZ1|CHK|219|2|33|11|2|1|2|8|3|0|1|0
RZ1|220|2|Don|5|7|5|7|1|1|1|0|0
RZ1|CHK|220|2|33|11|2|1|2|8|3|0|1|0
RZ1|221|2|ST22-015|1|9|6|3|1|1|0|0|0
RZ1|CHK|221|2|33|10|2|1|2|8|4|0|1|0
RZ1|222|2|OP13-042|1|3|2|2|1|1|0|0|0
RZ1|CHK|222|2|33|9|3|1|2|8|4|0|1|0
[Opponent] I Am Whitebeard! ["ST22-015">ST22-015]: Deploy Edward Newgate ["OP13-042">OP13-042]
[Opponent] I Am Whitebeard! ["ST22-015">ST22-015]: Takes Top Life
RZ1|223|2|ST23-001|3|0|1|9|1|1|0|0|0
RZ1|CHK|223|2|33|10|3|0|2|8|4|0|1|0
[Opponent] I Am Whitebeard! ["ST22-015">ST22-015]: Grant Portgas D. Ace ["OP13-002">OP13-002] 2000 until opponent's next turn end
[] Drew card from deck: Izou ["ST22-002">ST22-002]
RZ1|224|2|ST22-002|0|32|1|10|1|1|0|0|0
RZ1|CHK|224|2|32|11|3|0|2|8|4|0|1|0
[] Drew card from deck: Yamato ["OP13-054">OP13-054]
RZ1|225|2|OP13-054|0|31|1|11|1|1|0|0|0
RZ1|CHK|225|2|31|12|3|0|2|8|4|0|1|0
[Opponent] Edward Newgate ["OP13-042">OP13-042]: Draw 2 Card
RZ1|226|2|ST22-002|1|10|6|4|1|1|0|0|0
RZ1|CHK|226|2|31|11|3|0|2|8|5|0|1|0
[Opponent] Edward Newgate ["OP13-042">OP13-042]: Trash Izou ["ST22-002">ST22-002]
[Opponent] Edward Newgate ["OP13-042">OP13-042]: Attach 1 Rested Don to Portgas D. Ace ["OP13-002">OP13-002]
RZ1|227|2|Don|5|0|9|9900|1|1|1|0|0
RZ1|CHK|227|2|31|11|3|0|2|7|5|0|1|1
[Opponent] Edward Newgate ["OP13-042">OP13-042]: Attach 1 Rested Don to Portgas D. Ace ["OP13-002">OP13-002]
RZ1|228|2|Don|5|0|9|9901|1|1|1|0|0
RZ1|CHK|228|2|31|11|3|0|2|6|5|0|1|2
[Opponent] Edward Newgate ["OP13-042">OP13-042]: Attach 1 Rested Don to Yamato ["OP13-054">OP13-054]
RZ1|229|2|Don|5|0|9|100|1|1|1|0|0
RZ1|CHK|229|2|31|11|3|0|2|5|5|0|1|3
[Opponent] Edward Newgate ["OP13-042">OP13-042]: Attach 1 Rested Don to Yamato ["OP13-054">OP13-054]
RZ1|230|2|Don|5|0|9|101|1|1|1|0|0
RZ1|CHK|230|2|31|11|3|0|2|4|5|0|1|4
[Opponent] Yamato ["OP13-054">OP13-054] attacking Charlotte Katakuri ["OP11-062">OP11-062]
[You] Charlotte Katakuri ["OP11-067">OP11-067] Blocks
[You] Discard Charlotte Pudding ["OP11-070">OP11-070] for Counter 1000
RZ1|231|1|OP11-070|1|3|6|0|1|1|0|0|0
RZ1|CHK|231|1|33|7|5|4|5|5|1|0|1|0
Yamato ["OP13-054">OP13-054][8000] vs Charlotte Katakuri ["OP11-067">OP11-067][9000]
Attack Fails
[Opponent] Portgas D. Ace ["OP13-002">OP13-002] attacking Charlotte Katakuri ["OP11-062">OP11-062]
Portgas D. Ace ["OP13-002">OP13-002][10000] vs Charlotte Katakuri ["OP11-062">OP11-062][5000]
Charlotte Katakuri ["OP11-062">OP11-062] hit for 1 damage
RZ1|232|1|PRB02-010|3|3|1|7|1|1|0|0|0
RZ1|CHK|232|1|33|8|5|3|5|5|1|0|1|0
[] Hand: [ST15-004,OP09-118,OP13-042,ST23-001,ST22-015,ST23-001,ST22-015,OP13-043,OP08-044,ST23-001,OP13-054]
[] Board: [PRB02-008,OP13-054,OP13-042]
[] Trash: [OP13-016,OP13-016,ST22-002,ST22-015,ST22-002]
[] Life: 0
[] Hand: [OP15-078,ST34-005,ST18-001,OP08-069,ST34-004,OP08-069,OP07-077,PRB02-010]
[] Trash: [OP11-070]
[] Board: [ST34-003,ST34-002,OP11-070,PRB02-010,OP11-067]
[] Life: 3
[Opponent] End Turn
[] Hand: [OP15-078,ST34-005,ST18-001,OP08-069,ST34-004,OP08-069,OP07-077,PRB02-010]
[] Board: [ST34-003,ST34-002,OP11-070,PRB02-010,OP11-067]
[] Trash: [OP11-070]
[] Life: 3
[] Hand: [ST15-004,OP09-118,OP13-042,ST23-001,ST22-015,ST23-001,ST22-015,OP13-043,OP08-044,ST23-001,OP13-054]
[] Trash: [OP13-016,OP13-016,ST22-002,ST22-015,ST22-002]
[] Board: [PRB02-008,OP13-054,OP13-042]
[] Life: 0
[You] Draw 1 Card
[] Drew card from deck: Charlotte Pudding ["PRB02-010">PRB02-010]
RZ1|233|1|PRB02-010|0|32|1|8|1|1|0|0|0
RZ1|CHK|233|1|32|9|5|3|5|5|1|0|1|0
RZ1|234|1|Don|4|4|5|5|1|1|0|0|0
RZ1|CHK|234|1|32|9|5|3|4|6|1|0|1|0
RZ1|235|1|Don|4|3|5|6|1|1|0|0|0
RZ1|CHK|235|1|32|9|5|3|3|7|1|0|1|0
[You] Draw 2 Don
[You] Charlotte Katakuri ["OP11-067">OP11-067] attacking Portgas D. Ace ["OP13-002">OP13-002]
RZ1|236|2|OP13-054|1|10|6|5|1|1|0|0|0
RZ1|CHK|236|2|31|10|3|0|2|4|6|0|1|4
[Opponent] Portgas D. Ace ["OP13-002">OP13-002]: Trash Yamato ["OP13-054">OP13-054]
[Opponent] Portgas D. Ace ["OP13-002">OP13-002]: Buff Charlotte Katakuri ["OP11-067">OP11-067] -2000 for the Combat
Charlotte Katakuri ["OP11-067">OP11-067][6000] vs Portgas D. Ace ["OP13-002">OP13-002][8000]
Attack Fails
RZ1|237|1|Don|5|0|9|0|1|1|0|0|0
RZ1|CHK|237|1|32|9|5|3|3|6|1|0|1|1
RZ1|238|1|Don|5|0|9|1|1|1|0|0|0
RZ1|CHK|238|1|32|9|5|3|3|5|1|0|1|2
RZ1|239|1|Don|5|0|9|2|1|1|0|0|0
RZ1|CHK|239|1|32|9|5|3|3|4|1|0|1|3
RZ1|240|1|Don|5|0|9|3|1|1|0|0|0
RZ1|CHK|240|1|32|9|5|3|3|3|1|0|1|4
[You] Attach 4 Don to Charlotte Brulee ["ST34-003">ST34-003] (4 Total)
[You] Charlotte Brulee ["ST34-003">ST34-003] attacking Yamato ["OP13-054">OP13-054]
[Opponent] Discard Uta ["ST23-001">ST23-001] for Counter 2000
RZ1|241|2|ST23-001|1|9|6|6|1|1|0|0|0
RZ1|CHK|241|2|31|9|3|0|2|4|7|0|1|4
Charlotte Brulee ["ST34-003">ST34-003][6000] vs Yamato ["OP13-054">OP13-054][8000]
Attack Fails
RZ1|242|1|Don|5|0|5|0|1|1|1|0|0
RZ1|CHK|242|1|32|9|5|3|3|3|1|0|1|4
RZ1|243|1|Don|5|1|5|1|1|1|1|0|0
RZ1|CHK|243|1|32|9|5|3|3|3|1|0|1|4
RZ1|244|1|Don|5|2|5|2|1|1|1|0|0
RZ1|CHK|244|1|32|9|5|3|3|3|1|0|1|4
[You] Trash Charlotte Brulee ["ST34-003">ST34-003]
[You] Deploy Baron Tamago & Pekoms ["ST34-005">ST34-005]
RZ1|245|1|Don|9|0|5|0|1|1|1|0|0
RZ1|CHK|245|1|32|9|5|3|3|4|1|0|1|3
RZ1|246|1|Don|9|0|5|0|1|1|1|0|0
RZ1|CHK|246|1|32|9|5|3|3|5|1|0|1|2
RZ1|247|1|Don|9|0|5|0|1|1|1|0|0
RZ1|CHK|247|1|32|9|5|3|3|6|1|0|1|1
RZ1|248|1|Don|9|0|5|0|1|1|1|0|0
RZ1|CHK|248|1|32|9|5|3|3|7|1|0|1|0
RZ1|249|1|ST34-003|2|0|6|1|1|1|0|0|0
RZ1|CHK|249|1|32|9|4|3|3|7|2|0|1|0
RZ1|250|1|ST34-005|1|1|2|4|1|1|0|0|0
RZ1|CHK|250|1|32|8|5|3|3|7|2|0|1|0
[You] Charlotte Katakuri ["OP11-062">OP11-062] attacking Portgas D. Ace ["OP13-002">OP13-002]
Charlotte Katakuri ["OP11-062">OP11-062][5000] vs Portgas D. Ace ["OP13-002">OP13-002][8000]
Attack Fails
Charlotte Katakuri ["OP11-067">OP11-067]: Draw 1 Rested Don
RZ1|251|1|Don|4|2|5|0|1|1|1|0|0
RZ1|CHK|251|1|32|8|5|3|2|8|2|0|1|0
[] Hand: [OP15-078,ST18-001,OP08-069,ST34-004,OP08-069,OP07-077,PRB02-010,PRB02-010]
[] Board: [ST34-002,OP11-070,PRB02-010,OP11-067,ST34-005]
[] Trash: [OP11-070,ST34-003]
[] Life: 3
[] Hand: [ST15-004,OP09-118,OP13-042,ST23-001,ST22-015,ST23-001,ST22-015,OP13-043,OP08-044]
[] Trash: [OP13-016,OP13-016,ST22-002,ST22-015,ST22-002,OP13-054,ST23-001]
[] Board: [PRB02-008,OP13-054,OP13-042]
[] Life: 0
[You] End Turn
[] Hand: [ST15-004,OP09-118,OP13-042,ST23-001,ST22-015,ST23-001,ST22-015,OP13-043,OP08-044]
[] Board: [PRB02-008,OP13-054,OP13-042]
[] Trash: [OP13-016,OP13-016,ST22-002,ST22-015,ST22-002,OP13-054,ST23-001]
[] Life: 0
[] Hand: [OP15-078,ST18-001,OP08-069,ST34-004,OP08-069,OP07-077,PRB02-010,PRB02-010]
[] Trash: [OP11-070,ST34-003]
[] Board: [ST34-002,OP11-070,PRB02-010,OP11-067,ST34-005]
[] Life: 3
RZ1|252|2|Don|9|9900|5|0|1|1|1|0|0
RZ1|CHK|252|2|31|9|3|0|2|5|7|0|1|3
RZ1|253|2|Don|9|9900|5|0|1|1|1|0|0
RZ1|CHK|253|2|31|9|3|0|2|6|7|0|1|2
RZ1|254|2|Don|9|100|5|0|1|1|1|0|0
RZ1|CHK|254|2|31|9|3|0|2|7|7|0|1|1
RZ1|255|2|Don|9|100|5|0|1|1|1|0|0
RZ1|CHK|255|2|31|9|3|0|2|8|7|0|1|0
[Opponent] Draw 1 Card
[] Drew card from deck: Roronoa Zoro ["EB04-007">EB04-007]
RZ1|256|2|EB04-007|0|30|1|9|1|1|0|0|0
RZ1|CHK|256|2|30|10|3|0|2|8|7|0|1|0
RZ1|257|2|Don|4|1|5|8|1|1|0|0|0
RZ1|CHK|257|2|30|10|3|0|1|9|7|0|1|0
RZ1|258|2|Don|4|0|5|9|1|1|0|0|0
RZ1|CHK|258|2|30|10|3|0|0|10|7|0|1|0
[Opponent] Draw 2 Don
RZ1|259|2|Don|5|0|5|0|1|1|1|0|0
RZ1|CHK|259|2|30|10|3|0|0|10|7|0|1|0
RZ1|260|2|Don|5|1|5|1|1|1|1|0|0
RZ1|CHK|260|2|30|10|3|0|0|10|7|0|1|0
RZ1|261|2|Don|5|2|5|2|1|1|1|0|0
RZ1|CHK|261|2|30|10|3|0|0|10|7|0|1|0
RZ1|262|2|Don|5|3|5|3|1|1|1|0|0
RZ1|CHK|262|2|30|10|3|0|0|10|7|0|1|0
RZ1|263|2|Don|5|4|5|4|1|1|1|0|0
RZ1|CHK|263|2|30|10|3|0|0|10|7|0|1|0
RZ1|264|2|Don|5|5|5|5|1|1|1|0|0
RZ1|CHK|264|2|30|10|3|0|0|10|7|0|1|0
RZ1|265|2|Don|5|6|5|6|1|1|1|0|0
RZ1|CHK|265|2|30|10|3|0|0|10|7|0|1|0
[Opponent] Deploy Roronoa Zoro ["EB04-007">EB04-007]
RZ1|266|2|EB04-007|1|9|2|3|1|1|0|0|0
RZ1|CHK|266|2|30|9|4|0|0|10|7|0|1|0
[Opponent] Roronoa Zoro ["EB04-007">EB04-007]: Grant Portgas D. Ace ["OP13-002">OP13-002] 2000 until opponent's next turn end
[Opponent] Roronoa Zoro ["EB04-007">EB04-007]: Give Roronoa Zoro ["EB04-007">EB04-007] Character Rush
[Opponent] Roronoa Zoro ["EB04-007">EB04-007] attacking Charlotte Katakuri ["OP11-067">OP11-067]
Roronoa Zoro ["EB04-007">EB04-007][9000] vs Charlotte Katakuri ["OP11-067">OP11-067][8000]
[You] Charlotte Katakuri ["OP11-067">OP11-067] Destroyed
RZ1|267|1|OP11-067|2|3|6|2|1|1|0|0|0
RZ1|CHK|267|1|32|8|4|3|2|8|3|0|1|0
[Opponent] Attach 1 Don to Yamato ["OP13-054">OP13-054] (1 Total)
RZ1|268|2|Don|5|8|9|100|1|1|0|0|0
RZ1|CHK|268|2|30|9|4|0|0|9|7|0|1|1
[Opponent] Yamato ["OP13-054">OP13-054] attacking Charlotte Katakuri ["OP11-062">OP11-062]
Yamato ["OP13-054">OP13-054][7000] vs Charlotte Katakuri ["OP11-062">OP11-062][5000]
Charlotte Katakuri ["OP11-062">OP11-062] hit for 1 damage
RZ1|269|1|ST34-001|3|2|1|8|1|1|0|0|0
RZ1|CHK|269|1|32|9|4|2|2|8|3|0|1|0
[Opponent] Attach 1 Don to Portgas D. Ace ["OP13-002">OP13-002] (1 Total)
RZ1|270|2|Don|5|8|9|9900|1|1|0|0|0
RZ1|CHK|270|2|30|9|4|0|0|8|7|0|1|2
[Opponent] Portgas D. Ace ["OP13-002">OP13-002] attacking Charlotte Katakuri ["OP11-062">OP11-062]
Portgas D. Ace ["OP13-002">OP13-002][9000] vs Charlotte Katakuri ["OP11-062">OP11-062][5000]
Charlotte Katakuri ["OP11-062">OP11-062] hit for 1 damage
RZ1|271|1|ST18-001|3|1|1|9|1|1|0|0|0
RZ1|CHK|271|1|32|10|4|1|2|8|3|0|1|0
[] Hand: [ST15-004,OP09-118,OP13-042,ST23-001,ST22-015,ST23-001,ST22-015,OP13-043,OP08-044]
[] Board: [PRB02-008,OP13-054,OP13-042,EB04-007]
[] Trash: [OP13-016,OP13-016,ST22-002,ST22-015,ST22-002,OP13-054,ST23-001]
[] Life: 0
[] Hand: [OP15-078,ST18-001,OP08-069,ST34-004,OP08-069,OP07-077,PRB02-010,PRB02-010,ST34-001,ST18-001]
[] Trash: [OP11-070,ST34-003,OP11-067]
[] Board: [ST34-002,OP11-070,PRB02-010,ST34-005]
[] Life: 1
[Opponent] End Turn
[] Hand: [OP15-078,ST18-001,OP08-069,ST34-004,OP08-069,OP07-077,PRB02-010,PRB02-010,ST34-001,ST18-001]
[] Board: [ST34-002,OP11-070,PRB02-010,ST34-005]
[] Trash: [OP11-070,ST34-003,OP11-067]
[] Life: 1
[] Hand: [ST15-004,OP09-118,OP13-042,ST23-001,ST22-015,ST23-001,ST22-015,OP13-043,OP08-044]
[] Trash: [OP13-016,OP13-016,ST22-002,ST22-015,ST22-002,OP13-054,ST23-001]
[] Board: [PRB02-008,OP13-054,OP13-042,EB04-007]
[] Life: 0
[You] Draw 1 Card
[] Drew card from deck: Charlotte Cracker ["ST34-002">ST34-002]
RZ1|272|1|ST34-002|0|31|1|10|1|1|0|0|0
RZ1|CHK|272|1|31|11|4|1|2|8|3|0|1|0
RZ1|273|1|Don|4|1|5|8|1|1|0|0|0
RZ1|CHK|273|1|31|11|4|1|1|9|3|0|1|0
RZ1|274|1|Don|4|0|5|9|1|1|0|0|0
RZ1|CHK|274|1|31|11|4|1|0|10|3|0|1|0
[You] Draw 2 Don
RZ1|275|1|Don|5|0|9|0|1|1|0|0|0
RZ1|CHK|275|1|31|11|4|1|0|9|3|0|1|1
RZ1|276|1|Don|5|0|9|1|1|1|0|0|0
RZ1|CHK|276|1|31|11|4|1|0|8|3|0|1|2
RZ1|277|1|Don|5|0|9|2|1|1|0|0|0
RZ1|CHK|277|1|31|11|4|1|0|7|3|0|1|3
[You] Attach 3 Don to Charlotte Cracker ["ST34-002">ST34-002] (3 Total)
[You] Charlotte Cracker ["ST34-002">ST34-002] attacking Portgas D. Ace ["OP13-002">OP13-002]
[Opponent] Marco ["PRB02-008">PRB02-008] Blocks
Charlotte Cracker ["ST34-002">ST34-002][8000] vs Marco ["PRB02-008">PRB02-008][6000]
[Opponent] Marco ["PRB02-008">PRB02-008] Destroyed
RZ1|278|2|PRB02-008|2|0|6|7|1|1|0|0|0
RZ1|CHK|278|2|30|9|3|0|0|8|8|0|1|2
[] Drew card from deck: Thatch ["ST15-004">ST15-004]
RZ1|279|2|ST15-004|0|29|1|9|1|1|0|0|0
RZ1|CHK|279|2|29|10|3|0|0|8|8|0|1|2
[] Drew card from deck: Otama ["OP13-043">OP13-043]
RZ1|280|2|OP13-043|0|28|1|10|1|1|0|0|0
RZ1|CHK|280|2|28|11|3|0|0|8|8|0|1|2
[Opponent] Marco ["PRB02-008">PRB02-008]: Draw 2 Card
[] Drew card from deck: Gol D. Roger ["OP09-118">OP09-118]
RZ1|281|2|OP09-118|0|27|1|11|1|1|0|0|0
RZ1|CHK|281|2|27|12|3|0|0|8|8|0|1|2
[Opponent] Portgas D. Ace ["OP13-002">OP13-002]: Draw 1 Card
RZ1|282|1|Don|5|0|9|200|1|1|0|0|0
RZ1|CHK|282|1|31|11|4|1|0|6|3|0|1|4
RZ1|283|1|Don|5|0|9|201|1|1|0|0|0
RZ1|CHK|283|1|31|11|4|1|0|5|3|0|1|5
RZ1|284|1|Don|5|0|9|202|1|1|0|0|0
RZ1|CHK|284|1|31|11|4|1|0|4|3|0|1|6
[You] Attach 3 Don to Charlotte Pudding ["PRB02-010">PRB02-010] (3 Total)
[You] Charlotte Pudding ["PRB02-010">PRB02-010] attacking Portgas D. Ace ["OP13-002">OP13-002]
RZ1|285|2|OP09-118|1|11|6|8|1|1|0|0|0
RZ1|CHK|285|2|27|11|3|0|0|8|9|0|1|2
[Opponent] Portgas D. Ace ["OP13-002">OP13-002]: Trash Gol D. Roger ["OP09-118">OP09-118]
[Opponent] Portgas D. Ace ["OP13-002">OP13-002]: Buff Charlotte Pudding ["PRB02-010">PRB02-010] -2000 for the Combat
Charlotte Pudding ["PRB02-010">PRB02-010][6000] vs Portgas D. Ace ["OP13-002">OP13-002][8000]
Attack Fails
RZ1|286|1|Don|5|0|9|300|1|1|0|0|0
RZ1|CHK|286|1|31|11|4|1|0|3|3|0|1|7
RZ1|287|1|Don|5|0|9|301|1|1|0|0|0
RZ1|CHK|287|1|31|11|4|1|0|2|3|0|1|8
[You] Attach 2 Don to Baron Tamago & Pekoms ["ST34-005">ST34-005] (2 Total)
[You] Baron Tamago & Pekoms ["ST34-005">ST34-005] attacking Yamato ["OP13-054">OP13-054]
RZ1|288|1|Don|5|0|4|0|1|1|0|0|0
RZ1|CHK|288|1|31|11|4|1|1|1|3|0|1|8
[You] Baron Tamago & Pekoms ["ST34-005">ST34-005]: Minus 1 Don
[You] Baron Tamago & Pekoms ["ST34-005">ST34-005]: Destroy Charlotte Pudding ["OP11-070">OP11-070]
RZ1|289|1|OP11-070|2|1|6|3|1|1|0|0|0
RZ1|CHK|289|1|31|11|3|1|1|1|4|0|1|8
[Opponent] Discard Otama ["OP13-043">OP13-043] for Counter 2000
RZ1|290|2|OP13-043|1|10|6|9|1|1|0|0|0
RZ1|CHK|290|2|27|10|3|0|0|8|10|0|1|2
Baron Tamago & Pekoms ["ST34-005">ST34-005][6000] vs Yamato ["OP13-054">OP13-054][8000]
Attack Fails
[You] Charlotte Katakuri ["OP11-062">OP11-062] attacking Yamato ["OP13-054">OP13-054]
RZ1|291|1|Don|5|0|4|1|1|1|0|0|0
RZ1|CHK|291|1|31|11|3|1|2|0|4|0|1|8
[You] Charlotte Katakuri ["OP11-062">OP11-062]: Minus 1 Don
[You] Charlotte Katakuri ["OP11-062">OP11-062]: <b>Looked at opponent's top deck</b>
[You] Charlotte Katakuri ["OP11-062">OP11-062]: <b>Finished looking at opponent's top deck</b>
[You] Charlotte Katakuri ["OP11-062">OP11-062]: Buff Charlotte Katakuri ["OP11-062">OP11-062] 1000 for the Combat
[Opponent] Discard Thatch ["ST15-004">ST15-004] for Counter 2000
RZ1|292|2|ST15-004|1|9|6|10|1|1|0|0|0
RZ1|CHK|292|2|27|9|3|0|0|8|11|0|1|2
Charlotte Katakuri ["OP11-062">OP11-062][6000] vs Yamato ["OP13-054">OP13-054][8000]
Attack Fails
[] Hand: [OP15-078,ST18-001,OP08-069,ST34-004,OP08-069,OP07-077,PRB02-010,PRB02-010,ST34-001,ST18-001,ST34-002]
[] Board: [ST34-002,PRB02-010,ST34-005]
[] Trash: [OP11-070,ST34-003,OP11-067,OP11-070]
[] Life: 1
[] Hand: [ST15-004,OP09-118,OP13-042,ST23-001,ST22-015,ST23-001,ST22-015,OP13-043,OP08-044]
[] Trash: [OP13-016,OP13-016,ST22-002,ST22-015,ST22-002,OP13-054,ST23-001,PRB02-008,OP09-118,OP13-043,ST15-004]
[] Board: [OP13-054,OP13-042,EB04-007]
[] Life: 0
[You] End Turn
[] Hand: [ST15-004,OP09-118,OP13-042,ST23-001,ST22-015,ST23-001,ST22-015,OP13-043,OP08-044]
[] Board: [OP13-054,OP13-042,EB04-007]
[] Trash: [OP13-016,OP13-016,ST22-002,ST22-015,ST22-002,OP13-054,ST23-001,PRB02-008,OP09-118,OP13-043,ST15-004]
[] Life: 0
[] Hand: [OP15-078,ST18-001,OP08-069,ST34-004,OP08-069,OP07-077,PRB02-010,PRB02-010,ST34-001,ST18-001,ST34-002]
[] Trash: [OP11-070,ST34-003,OP11-067,OP11-070]
[] Board: [ST34-002,PRB02-010,ST34-005]
[] Life: 1
RZ1|293|2|Don|9|9900|5|0|1|1|1|0|0
RZ1|CHK|293|2|27|9|3|0|0|9|11|0|1|1
RZ1|294|2|Don|9|0|5|0|1|1|1|0|0
RZ1|CHK|294|2|27|9|3|0|0|10|11|0|1|0
[Opponent] Draw 1 Card
[] Drew card from deck: Namule ["OP08-050">OP08-050]
RZ1|295|2|OP08-050|0|26|1|9|1|1|0|0|0
RZ1|CHK|295|2|26|10|3|0|0|10|11|0|1|0
[Opponent] Attach 1 Don to Roronoa Zoro ["EB04-007">EB04-007] (1 Total)
RZ1|296|2|Don|5|9|9|200|1|1|0|0|0
RZ1|CHK|296|2|26|10|3|0|0|9|11|0|1|1
[Opponent] Roronoa Zoro ["EB04-007">EB04-007] attacking Charlotte Katakuri ["OP11-062">OP11-062]
[You] Discard Charlotte Pudding ["PRB02-010">PRB02-010] for Counter 1000
RZ1|297|1|PRB02-010|1|6|6|4|1|1|0|0|0
RZ1|CHK|297|1|31|10|3|1|2|0|5|0|1|8
[You] Discard Charlotte Pudding ["PRB02-010">PRB02-010] for Counter 1000
RZ1|298|1|PRB02-010|1|6|6|5|1|1|0|0|0
RZ1|CHK|298|1|31|9|3|1|2|0|6|0|1|8
[You] Discard Charlotte Cracker ["ST34-002">ST34-002] for Counter 1000
RZ1|299|1|ST34-002|1|8|6|6|1|1|0|0|0
RZ1|CHK|299|1|31|8|3|1|2|0|7|0|1|8
[You] Discard Usohachi ["ST18-001">ST18-001] for Counter 2000
RZ1|300|1|ST18-001|1|1|6|7|1|1|0|0|0
RZ1|CHK|300|1|31|7|3|1|2|0|8|0|1|8
[You] Discard Usohachi ["ST18-001">ST18-001] for Counter 2000
RZ1|301|1|ST18-001|1|6|6|8|1|1|0|0|0
RZ1|CHK|301|1|31|6|3|1|2|0|9|0|1|8
Roronoa Zoro ["EB04-007">EB04-007][10000] vs Charlotte Katakuri ["OP11-062">OP11-062][12000]
Attack Fails
[Opponent] Attach 1 Don to Yamato ["OP13-054">OP13-054] (1 Total)
RZ1|302|2|Don|5|8|9|0|1|1|0|0|0
RZ1|CHK|302|2|26|10|3|0|0|8|11|0|1|2
[Opponent] Attach 1 Don to Yamato ["OP13-054">OP13-054] (2 Total)
RZ1|303|2|Don|5|7|9|1|1|1|0|0|0
RZ1|CHK|303|2|26|10|3|0|0|7|11|0|1|3
[Opponent] Attach 1 Don to Yamato ["OP13-054">OP13-054] (3 Total)
RZ1|304|2|Don|5|6|9|2|1|1|0|0|0
RZ1|CHK|304|2|26|10|3|0|0|6|11|0|1|4
[Opponent] Attach 1 Don to Yamato ["OP13-054">OP13-054] (4 Total)
RZ1|305|2|Don|5|5|9|3|1|1|0|0|0
RZ1|CHK|305|2|26|10|3|0|0|5|11|0|1|5
[Opponent] Yamato ["OP13-054">OP13-054] attacking Charlotte Katakuri ["OP11-062">OP11-062]
Yamato ["OP13-054">OP13-054][10000] vs Charlotte Katakuri ["OP11-062">OP11-062][5000]
Charlotte Katakuri ["OP11-062">OP11-062] hit for 1 damage
RZ1|306|1|OP11-067|3|0|1|6|1|1|0|0|0
RZ1|CHK|306|1|31|7|3|0|2|0|9|0|1|8
[Opponent] Attach 1 Don to Edward Newgate ["OP13-042">OP13-042] (1 Total)
RZ1|307|2|Don|5|4|9|100|1|1|0|0|0
RZ1|CHK|307|2|26|10|3|0|0|4|11|0|1|6
[Opponent] Attach 4 Don to Edward Newgate ["OP13-042">OP13-042] (5 Total)
RZ1|308|2|Don|5|0|9|101|1|1|0|0|0
RZ1|CHK|308|2|26|10|3|0|0|3|11|0|1|7
RZ1|309|2|Don|5|0|9|102|1|1|0|0|0
RZ1|CHK|309|2|26|10|3|0|0|2|11|0|1|8
RZ1|310|2|Don|5|0|9|103|1|1|0|0|0
RZ1|CHK|310|2|26|10|3|0|0|1|11|0|1|9
RZ1|311|2|Don|5|0|9|104|1|1|0|0|0
RZ1|CHK|311|2|26|10|3|0|0|0|11|0|1|10
[Opponent] Edward Newgate ["OP13-042">OP13-042] attacking Charlotte Katakuri ["OP11-062">OP11-062]
Edward Newgate ["OP13-042">OP13-042][17000] vs Charlotte Katakuri ["OP11-062">OP11-062][5000]
Charlotte Katakuri ["OP11-062">OP11-062] hit for 1 damage
[You] <b>Downloaded the Combat Log!</b>
GameOver
