Version is 1.41b.40
[You] Leader is Donquixote Doflamingo ["OP04-019">OP04-019]
RZ1|HDR|1.41b|2|RZ1
RZ1|PLY|1||OP04-019
RZ1|PLY|2||
[Opponent] Leader is Charlotte Katakuri ["OP11-062">OP11-062]
RZ1|1|2|ST34-002|0|19|0|0|0|0|0|0|0
RZ1|CHK|1|2|50|0|0|0|10|0|0|0|1|0
RZ1|2|2|OP11-070|0|4|0|1|0|0|0|0|0
RZ1|CHK|2|2|50|0|0|0|10|0|0|0|1|0
RZ1|3|2|OP11-067|0|30|0|2|0|0|0|0|0
RZ1|CHK|3|2|50|0|0|0|10|0|0|0|1|0
RZ1|4|2|PRB02-010|0|29|0|3|0|0|0|0|0
RZ1|CHK|4|2|50|0|0|0|10|0|0|0|1|0
RZ1|5|2|OP15-078|0|42|0|4|0|0|0|0|0
RZ1|CHK|5|2|50|0|0|0|10|0|0|0|1|0
RZ1|6|2|OP11-070|0|7|0|6|0|0|0|0|0
RZ1|CHK|6|2|50|0|0|0|10|0|0|0|1|0
RZ1|7|2|OP15-069|0|10|0|7|0|0|0|0|0
RZ1|CHK|7|2|50|0|0|0|10|0|0|0|1|0
RZ1|8|2|ST34-001|0|26|0|8|0|0|0|0|0
RZ1|CHK|8|2|50|0|0|0|10|0|0|0|1|0
RZ1|9|2|ST34-003|0|12|0|9|0|0|0|0|0
RZ1|CHK|9|2|50|0|0|0|10|0|0|0|1|0
RZ1|10|2|ST34-003|0|15|0|10|0|0|0|0|0
RZ1|CHK|10|2|50|0|0|0|10|0|0|0|1|0
RZ1|11|2|OP07-077|0|48|0|11|0|0|0|0|0
RZ1|CHK|11|2|50|0|0|0|10|0|0|0|1|0
RZ1|12|2|OP11-067|0|34|0|12|0|0|0|0|0
RZ1|CHK|12|2|50|0|0|0|10|0|0|0|1|0
RZ1|13|2|ST34-003|0|16|0|13|0|0|0|0|0
RZ1|CHK|13|2|50|0|0|0|10|0|0|0|1|0
RZ1|14|2|OP07-077|0|49|0|14|0|0|0|0|0
RZ1|CHK|14|2|50|0|0|0|10|0|0|0|1|0
RZ1|15|2|OP11-067|0|34|0|15|0|0|0|0|0
RZ1|CHK|15|2|50|0|0|0|10|0|0|0|1|0
RZ1|16|2|OP15-078|0|46|0|16|0|0|0|0|0
RZ1|CHK|16|2|50|0|0|0|10|0|0|0|1|0
RZ1|17|2|ST34-002|0|29|0|17|0|0|0|0|0
RZ1|CHK|17|2|50|0|0|0|10|0|0|0|1|0
RZ1|18|2|PRB02-010|0|34|0|18|0|0|0|0|0
RZ1|CHK|18|2|50|0|0|0|10|0|0|0|1|0
RZ1|19|2|ST34-002|0|29|0|19|0|0|0|0|0
RZ1|CHK|19|2|50|0|0|0|10|0|0|0|1|0
RZ1|20|2|OP15-078|0|46|0|20|0|0|0|0|0
RZ1|CHK|20|2|50|0|0|0|10|0|0|0|1|0
RZ1|21|2|OP08-069|0|39|0|21|0|0|0|0|0
RZ1|CHK|21|2|50|0|0|0|10|0|0|0|1|0
RZ1|22|2|OP07-077|0|49|0|23|0|0|0|0|0
RZ1|CHK|22|2|50|0|0|0|10|0|0|0|1|0
RZ1|23|2|ST34-005|0|30|0|24|0|0|0|0|0
RZ1|CHK|23|2|50|0|0|0|10|0|0|0|1|0
RZ1|24|2|ST34-004|0|43|0|25|0|0|0|0|0
RZ1|CHK|24|2|50|0|0|0|10|0|0|0|1|0
RZ1|25|2|OP11-073|0|43|0|26|0|0|0|0|0
RZ1|CHK|25|2|50|0|0|0|10|0|0|0|1|0
RZ1|26|2|OP08-069|0|43|0|27|0|0|0|0|0
RZ1|CHK|26|2|50|0|0|0|10|0|0|0|1|0
RZ1|27|2|ST34-004|0|46|0|28|0|0|0|0|0
RZ1|CHK|27|2|50|0|0|0|10|0|0|0|1|0
RZ1|28|2|ST34-001|0|38|0|29|0|0|0|0|0
RZ1|CHK|28|2|50|0|0|0|10|0|0|0|1|0
RZ1|29|2|ST18-001|0|33|0|30|0|0|0|0|0
RZ1|CHK|29|2|50|0|0|0|10|0|0|0|1|0
RZ1|30|2|OP08-069|0|44|0|31|0|0|0|0|0
RZ1|CHK|30|2|50|0|0|0|10|0|0|0|1|0
RZ1|31|2|ST34-004|0|45|0|32|0|0|0|0|0
RZ1|CHK|31|2|50|0|0|0|10|0|0|0|1|0
RZ1|32|2|OP13-076|0|47|0|33|0|0|0|0|0
RZ1|CHK|32|2|50|0|0|0|10|0|0|0|1|0
RZ1|33|2|PRB02-010|0|45|0|34|0|0|0|0|0
RZ1|CHK|33|2|50|0|0|0|10|0|0|0|1|0
RZ1|34|2|PRB02-010|0|45|0|35|0|0|0|0|0
RZ1|CHK|34|2|50|0|0|0|10|0|0|0|1|0
RZ1|35|2|ST34-004|0|47|0|36|0|0|0|0|0
RZ1|CHK|35|2|50|0|0|0|10|0|0|0|1|0
RZ1|36|2|ST34-005|0|42|0|37|0|0|0|0|0
RZ1|CHK|36|2|50|0|0|0|10|0|0|0|1|0
RZ1|37|2|OP07-077|0|49|0|38|0|0|0|0|0
RZ1|CHK|37|2|50|0|0|0|10|0|0|0|1|0
RZ1|38|2|OP15-069|0|40|0|39|0|0|0|0|0
RZ1|CHK|38|2|50|0|0|0|10|0|0|0|1|0
RZ1|39|2|ST34-003|0|41|0|40|0|0|0|0|0
RZ1|CHK|39|2|50|0|0|0|10|0|0|0|1|0
RZ1|40|2|ST34-005|0|44|0|41|0|0|0|0|0
RZ1|CHK|40|2|50|0|0|0|10|0|0|0|1|0
RZ1|41|2|ST34-005|0|44|0|43|0|0|0|0|0
RZ1|CHK|41|2|50|0|0|0|10|0|0|0|1|0
RZ1|42|2|ST34-001|0|46|0|44|0|0|0|0|0
RZ1|CHK|42|2|50|0|0|0|10|0|0|0|1|0
RZ1|43|2|OP15-078|0|49|0|45|0|0|0|0|0
RZ1|CHK|43|2|50|0|0|0|10|0|0|0|1|0
RZ1|44|2|OP11-067|0|49|0|46|0|0|0|0|0
RZ1|CHK|44|2|50|0|0|0|10|0|0|0|1|0
RZ1|45|2|ST34-001|0|49|0|47|0|0|0|0|0
RZ1|CHK|45|2|50|0|0|0|10|0|0|0|1|0
[] Drew card from deck: Vergo ["OP14-061">OP14-061]
RZ1|46|1|OP14-061|0|49|1|0|1|1|0|0|0
RZ1|CHK|46|1|49|1|0|0|10|0|0|0|1|0
[] Drew card from deck: Vergo ["OP14-061">OP14-061]
RZ1|47|1|OP14-061|0|48|1|1|1|1|0|0|0
RZ1|CHK|47|1|48|2|0|0|10|0|0|0|1|0
[] Drew card from deck: Flap Thread ["OP04-037">OP04-037]
RZ1|48|1|OP04-037|0|47|1|2|1|1|0|0|0
RZ1|CHK|48|1|47|3|0|0|10|0|0|0|1|0
[] Drew card from deck: Donquixote Rosinante ["OP10-072">OP10-072]
RZ1|49|1|OP10-072|0|46|1|3|1|1|0|0|0
RZ1|CHK|49|1|46|4|0|0|10|0|0|0|1|0
[] Drew card from deck: Bullet String ["OP14-078">OP14-078]
RZ1|50|1|OP14-078|0|45|1|4|1|1|0|0|0
RZ1|CHK|50|1|45|5|0|0|10|0|0|0|1|0
[] Drew card from deck: Charlotte Cracker ["ST34-002">ST34-002]
RZ1|51|2|ST34-002|0|49|1|0|1|1|0|0|0
RZ1|CHK|51|2|49|1|0|0|10|0|0|0|1|0
[] Drew card from deck: Usohachi ["ST18-001">ST18-001]
RZ1|52|2|ST18-001|0|48|1|1|1|1|0|0|0
RZ1|CHK|52|2|48|2|0|0|10|0|0|0|1|0
[] Drew card from deck: Charlotte Katakuri ["ST34-001">ST34-001]
RZ1|53|2|ST34-001|0|47|1|2|1|1|0|0|0
RZ1|CHK|53|2|47|3|0|0|10|0|0|0|1|0
[] Drew card from deck: Charlotte Katakuri ["OP11-067">OP11-067]
RZ1|54|2|OP11-067|0|46|1|3|1|1|0|0|0
RZ1|CHK|54|2|46|4|0|0|10|0|0|0|1|0
[] Drew card from deck: Mamaragan ["OP15-078">OP15-078]
RZ1|55|2|OP15-078|0|45|1|4|1|1|0|0|0
RZ1|CHK|55|2|45|5|0|0|10|0|0|0|1|0
RZ1|56|1|OP14-061|1|0|0|45|0|0|0|0|0
RZ1|CHK|56|1|46|4|0|0|10|0|0|0|1|0
RZ1|57|1|OP14-061|1|0|0|46|0|0|0|0|0
RZ1|CHK|57|1|47|3|0|0|10|0|0|0|1|0
RZ1|58|1|OP04-037|1|0|0|47|0|0|0|0|0
RZ1|CHK|58|1|48|2|0|0|10|0|0|0|1|0
RZ1|59|1|OP10-072|1|0|0|48|0|0|0|0|0
RZ1|CHK|59|1|49|1|0|0|10|0|0|0|1|0
RZ1|60|1|OP14-078|1|0|0|49|0|0|0|0|0
RZ1|CHK|60|1|50|0|0|0|10|0|0|0|1|0
RZ1|61|1|OP14-078|0|49|0|0|0|0|0|0|0
RZ1|CHK|61|1|50|0|0|0|10|0|0|0|1|0
RZ1|62|1|OP04-035|0|39|0|1|0|0|0|0|0
RZ1|CHK|62|1|50|0|0|0|10|0|0|0|1|0
RZ1|63|1|OP04-029|0|34|0|2|0|0|0|0|0
RZ1|CHK|63|1|50|0|0|0|10|0|0|0|1|0
RZ1|64|1|OP04-029|0|17|0|4|0|0|0|0|0
RZ1|CHK|64|1|50|0|0|0|10|0|0|0|1|0
RZ1|65|1|OP10-072|0|11|0|5|0|0|0|0|0
RZ1|CHK|65|1|50|0|0|0|10|0|0|0|1|0
RZ1|66|1|OP05-040|0|42|0|6|0|0|0|0|0
RZ1|CHK|66|1|50|0|0|0|10|0|0|0|1|0
RZ1|67|1|OP04-029|0|23|0|7|0|0|0|0|0
RZ1|CHK|67|1|50|0|0|0|10|0|0|0|1|0
RZ1|68|1|EB01-019|0|13|0|8|0|0|0|0|0
RZ1|CHK|68|1|50|0|0|0|10|0|0|0|1|0
RZ1|69|1|OP05-037|0|20|0|9|0|0|0|0|0
RZ1|CHK|69|1|50|0|0|0|10|0|0|0|1|0
RZ1|70|1|OP10-072|0|37|0|10|0|0|0|0|0
RZ1|CHK|70|1|50|0|0|0|10|0|0|0|1|0
RZ1|71|1|OP10-071|0|29|0|11|0|0|0|0|0
RZ1|CHK|71|1|50|0|0|0|10|0|0|0|1|0
RZ1|72|1|OP04-035|0|31|0|12|0|0|0|0|0
RZ1|CHK|72|1|50|0|0|0|10|0|0|0|1|0
RZ1|73|1|OP10-072|0|16|0|13|0|0|0|0|0
RZ1|CHK|73|1|50|0|0|0|10|0|0|0|1|0
RZ1|74|1|OP10-062|0|31|0|14|0|0|0|0|0
RZ1|CHK|74|1|50|0|0|0|10|0|0|0|1|0
RZ1|75|1|OP10-062|0|43|0|15|0|0|0|0|0
RZ1|CHK|75|1|50|0|0|0|10|0|0|0|1|0
RZ1|76|1|OP10-065|0|33|0|16|0|0|0|0|0
RZ1|CHK|76|1|50|0|0|0|10|0|0|0|1|0
RZ1|77|1|OP04-037|0|25|0|17|0|0|0|0|0
RZ1|CHK|77|1|50|0|0|0|10|0|0|0|1|0
RZ1|78|1|OP14-061|0|46|0|18|0|0|0|0|0
RZ1|CHK|78|1|50|0|0|0|10|0|0|0|1|0
RZ1|79|1|OP10-071|0|40|0|20|0|0|0|0|0
RZ1|CHK|79|1|50|0|0|0|10|0|0|0|1|0
RZ1|80|1|OP14-061|0|22|0|21|0|0|0|0|0
RZ1|CHK|80|1|50|0|0|0|10|0|0|0|1|0
RZ1|81|1|OP14-069|0|42|0|22|0|0|0|0|0
RZ1|CHK|81|1|50|0|0|0|10|0|0|0|1|0
RZ1|82|1|OP14-069|0|29|0|23|0|0|0|0|0
RZ1|CHK|82|1|50|0|0|0|10|0|0|0|1|0
RZ1|83|1|OP05-038|0|34|0|24|0|0|0|0|0
RZ1|CHK|83|1|50|0|0|0|10|0|0|0|1|0
RZ1|84|1|OP04-024|0|35|0|25|0|0|0|0|0
RZ1|CHK|84|1|50|0|0|0|10|0|0|0|1|0
RZ1|85|1|OP04-031|0|38|0|26|0|0|0|0|0
RZ1|CHK|85|1|50|0|0|0|10|0|0|0|1|0
RZ1|86|1|OP04-031|0|32|0|27|0|0|0|0|0
RZ1|CHK|86|1|50|0|0|0|10|0|0|0|1|0
RZ1|87|1|OP04-037|0|32|0|28|0|0|0|0|0
RZ1|CHK|87|1|50|0|0|0|10|0|0|0|1|0
RZ1|88|1|OP04-035|0|37|0|29|0|0|0|0|0
RZ1|CHK|88|1|50|0|0|0|10|0|0|0|1|0
RZ1|89|1|EB01-019|0|39|0|30|0|0|0|0|0
RZ1|CHK|89|1|50|0|0|0|10|0|0|0|1|0
RZ1|90|1|OP04-031|0|37|0|31|0|0|0|0|0
RZ1|CHK|90|1|50|0|0|0|10|0|0|0|1|0
RZ1|91|1|OP14-069|0|43|0|32|0|0|0|0|0
RZ1|CHK|91|1|50|0|0|0|10|0|0|0|1|0
RZ1|92|1|EB01-019|0|45|0|33|0|0|0|0|0
RZ1|CHK|92|1|50|0|0|0|10|0|0|0|1|0
RZ1|93|1|EB01-019|0|44|0|34|0|0|0|0|0
RZ1|CHK|93|1|50|0|0|0|10|0|0|0|1|0
RZ1|94|1|OP10-072|0|49|0|35|0|0|0|0|0
RZ1|CHK|94|1|50|0|0|0|10|0|0|0|1|0
RZ1|95|1|OP14-078|0|39|0|36|0|0|0|0|0
RZ1|CHK|95|1|50|0|0|0|10|0|0|0|1|0
RZ1|96|1|OP10-062|0|44|0|37|0|0|0|0|0
RZ1|CHK|96|1|50|0|0|0|10|0|0|0|1|0
RZ1|97|1|OP04-029|0|42|0|38|0|0|0|0|0
RZ1|CHK|97|1|50|0|0|0|10|0|0|0|1|0
RZ1|98|1|OP04-024|0|42|0|39|0|0|0|0|0
RZ1|CHK|98|1|50|0|0|0|10|0|0|0|1|0
RZ1|99|1|OP12-037|0|42|0|40|0|0|0|0|0
RZ1|CHK|99|1|50|0|0|0|10|0|0|0|1|0
RZ1|100|1|OP05-037|0|44|0|42|0|0|0|0|0
RZ1|CHK|100|1|50|0|0|0|10|0|0|0|1|0
RZ1|101|1|OP05-034|0|45|0|43|0|0|0|0|0
RZ1|CHK|101|1|50|0|0|0|10|0|0|0|1|0
RZ1|102|1|OP04-037|0|49|0|44|0|0|0|0|0
RZ1|CHK|102|1|50|0|0|0|10|0|0|0|1|0
RZ1|103|1|OP10-065|0|48|0|45|0|0|0|0|0
RZ1|CHK|103|1|50|0|0|0|10|0|0|0|1|0
[] Drew card from deck: Vergo ["OP14-061">OP14-061]
RZ1|104|1|OP14-061|0|49|1|0|1|1|0|0|0
RZ1|CHK|104|1|49|1|0|0|10|0|0|0|1|0
[] Drew card from deck: Donquixote Doflamingo ["OP10-071">OP10-071]
RZ1|105|1|OP10-071|0|48|1|1|1|1|0|0|0
RZ1|CHK|105|1|48|2|0|0|10|0|0|0|1|0
[] Drew card from deck: Baby 5 ["OP05-034">OP05-034]
RZ1|106|1|OP05-034|0|47|1|2|1|1|0|0|0
RZ1|CHK|106|1|47|3|0|0|10|0|0|0|1|0
[] Drew card from deck: Demonic Aura Nine-Sword Style Asura Dead Man's Game ["OP12-037">OP12-037]
RZ1|107|1|OP12-037|0|46|1|3|1|1|0|0|0
RZ1|CHK|107|1|46|4|0|0|10|0|0|0|1|0
[] Drew card from deck: Sugar ["OP10-065">OP10-065]
RZ1|108|1|OP10-065|0|45|1|4|1|1|0|0|0
RZ1|CHK|108|1|45|5|0|0|10|0|0|0|1|0
RZ1|109|1|OP04-037|0|44|3|0|1|0|0|0|0
RZ1|CHK|109|1|44|5|0|1|10|0|0|0|1|0
RZ1|110|1|OP05-034|0|43|3|1|1|0|0|0|0
RZ1|CHK|110|1|43|5|0|2|10|0|0|0|1|0
RZ1|111|1|OP05-037|0|42|3|2|1|0|0|0|0
RZ1|CHK|111|1|42|5|0|3|10|0|0|0|1|0
RZ1|112|1|OP04-024|0|41|3|3|1|0|0|0|0
RZ1|CHK|112|1|41|5|0|4|10|0|0|0|1|0
[] Hand after Mulligan: [OP14-061,OP10-071,OP05-034,OP12-037,OP10-065]
[You] Mulligan
RZ1|113|2|ST34-001|0|44|3|0|0|1|0|0|0
RZ1|CHK|113|2|44|5|0|1|10|0|0|0|1|0
RZ1|114|2|ST34-005|0|43|3|1|0|1|0|0|0
RZ1|CHK|114|2|43|5|0|2|10|0|0|0|1|0
RZ1|115|2|OP15-069|0|42|3|2|0|1|0|0|0
RZ1|CHK|115|2|42|5|0|3|10|0|0|0|1|0
RZ1|116|2|ST34-005|0|41|3|3|0|1|0|0|0
RZ1|CHK|116|2|41|5|0|4|10|0|0|0|1|0
RZ1|117|2|ST34-003|0|40|3|4|0|1|0|0|0
RZ1|CHK|117|2|40|5|0|5|10|0|0|0|1|0
[] Hand: [OP14-061,OP10-071,OP05-034,OP12-037,OP10-065]
[] Board: []
[] Trash: []
[] Life: 4
[] Hand: [ST34-002,ST18-001,ST34-001,OP11-067,OP15-078]
[] Trash: []
[] Board: []
[] Life: 5
RZ1|118|1|Don|4|9|5|0|1|1|0|0|0
RZ1|CHK|118|1|41|5|0|4|9|1|0|0|1|0
[You] Draw 1 Don
RZ1|119|1|Don|5|0|5|0|1|1|1|0|0
RZ1|CHK|119|1|41|5|0|4|9|1|0|0|1|0
[You] Deploy Baby 5 ["OP05-034">OP05-034]
RZ1|120|1|OP05-034|1|2|2|0|1|1|0|0|0
RZ1|CHK|120|1|41|4|1|4|9|1|0|0|1|0
[You] Donquixote Doflamingo ["OP04-019">OP04-019]: Activate 1 Don
RZ1|121|1|Don|5|0|5|0|1|1|0|0|0
RZ1|CHK|121|1|41|4|1|4|9|1|0|0|1|0
[] Hand: [OP14-061,OP10-071,OP12-037,OP10-065]
[] Board: [OP05-034]
[] Trash: []
[] Life: 4
[] Hand: [ST34-002,ST18-001,ST34-001,OP11-067,OP15-078]
[] Trash: []
[] Board: []
[] Life: 5
[You] End Turn
[] Hand: [ST34-002,ST18-001,ST34-001,OP11-067,OP15-078]
[] Board: []
[] Trash: []
[] Life: 5
[] Hand: [OP14-061,OP10-071,OP12-037,OP10-065]
[] Trash: []
[] Board: [OP05-034]
[] Life: 4
[Opponent] Draw 1 Card
[] Drew card from deck: Nola ["OP15-069">OP15-069]
RZ1|122|2|OP15-069|0|39|1|5|1|1|0|0|0
RZ1|CHK|122|2|39|6|0|5|10|0|0|0|1|0
RZ1|123|2|Don|4|9|5|0|1|1|0|0|0
RZ1|CHK|123|2|39|6|0|5|9|1|0|0|1|0
RZ1|124|2|Don|4|8|5|1|1|1|0|0|0
RZ1|CHK|124|2|39|6|0|5|8|2|0|0|1|0
[Opponent] Draw 2 Don
RZ1|125|2|OP15-078|1|4|6|0|1|1|0|0|0
RZ1|CHK|125|2|39|5|0|5|8|2|1|0|1|0
RZ1|126|2|Don|5|0|5|0|1|1|1|0|0
RZ1|CHK|126|2|39|5|0|5|8|2|1|0|1|0
[Opponent] Deploy Nola ["OP15-069">OP15-069]
RZ1|127|2|OP15-069|1|4|2|0|1|1|0|0|0
RZ1|CHK|127|2|39|4|1|5|8|2|1|0|1|0
[] Hand: [ST34-002,ST18-001,ST34-001,OP11-067]
[] Board: [OP15-069]
[] Trash: [OP15-078]
[] Life: 5
[] Hand: [OP14-061,OP10-071,OP12-037,OP10-065]
[] Trash: []
[] Board: [OP05-034]
[] Life: 4
[Opponent] End Turn
[] Hand: [OP14-061,OP10-071,OP12-037,OP10-065]
[] Board: [OP05-034]
[] Trash: []
[] Life: 4
[] Hand: [ST34-002,ST18-001,ST34-001,OP11-067]
[] Trash: [OP15-078]
[] Board: [OP15-069]
[] Life: 5
[You] Draw 1 Card
[] Drew card from deck: Demonic Aura Nine-Sword Style Asura Dead Man's Game ["OP12-037">OP12-037]
RZ1|128|1|OP12-037|0|40|1|4|1|1|0|0|0
RZ1|CHK|128|1|40|5|1|4|9|1|0|0|1|0
RZ1|129|1|Don|4|8|5|1|1|1|0|0|0
RZ1|CHK|129|1|40|5|1|4|8|2|0|0|1|0
RZ1|130|1|Don|4|7|5|2|1|1|0|0|0
RZ1|CHK|130|1|40|5|1|4|7|3|0|0|1|0
[You] Draw 2 Don
[You] Baby 5 ["OP05-034">OP05-034]: <b>Reveal and Draw Sugar ["OP04-024">OP04-024]</b>
RZ1|131|1|OP04-024|0|39|1|5|1|1|0|0|0
RZ1|CHK|131|1|39|6|1|4|7|3|0|0|1|0
RZ1|132|1|OP04-029|0|38|0|0|0|0|0|0|0
RZ1|CHK|132|1|39|6|1|4|7|3|0|0|1|0
RZ1|133|1|OP10-062|0|38|0|0|0|0|0|0|0
RZ1|CHK|133|1|39|6|1|4|7|3|0|0|1|0
RZ1|134|1|OP14-078|0|38|0|0|0|0|0|0|0
RZ1|CHK|134|1|39|6|1|4|7|3|0|0|1|0
RZ1|135|1|OP10-072|0|38|0|0|0|0|0|0|0
RZ1|CHK|135|1|39|6|1|4|7|3|0|0|1|0
RZ1|136|1|Don|5|0|5|0|1|1|1|0|0
RZ1|CHK|136|1|39|6|1|4|7|3|0|0|1|0
RZ1|137|1|Don|5|1|5|1|1|1|1|0|0
RZ1|CHK|137|1|39|6|1|4|7|3|0|0|1|0
RZ1|138|1|Don|5|2|5|2|1|1|1|0|0
RZ1|CHK|138|1|39|6|1|4|7|3|0|0|1|0
[You] Deploy Sugar ["OP04-024">OP04-024]
RZ1|139|1|OP04-024|1|5|2|1|1|1|0|0|0
RZ1|CHK|139|1|39|5|2|4|7|3|0|0|1|0
[You] Sugar ["OP04-024">OP04-024]: Rest Nola ["OP15-069">OP15-069]
[You] Donquixote Doflamingo ["OP04-019">OP04-019] attacking Nola ["OP15-069">OP15-069]
Donquixote Doflamingo ["OP04-019">OP04-019][5000] vs Nola ["OP15-069">OP15-069][2000]
[Opponent] Nola ["OP15-069">OP15-069] Destroyed
RZ1|140|2|OP15-069|2|0|6|1|1|1|0|0|0
RZ1|CHK|140|2|39|4|0|5|8|2|2|0|1|0
[You] Donquixote Doflamingo ["OP04-019">OP04-019]: Activate 2 Don
RZ1|141|1|Don|5|2|5|2|1|1|0|0|0
RZ1|CHK|141|1|39|5|2|4|7|3|0|0|1|0
RZ1|142|1|Don|5|1|5|1|1|1|0|0|0
RZ1|CHK|142|1|39|5|2|4|7|3|0|0|1|0
[] Hand: [OP14-061,OP10-071,OP12-037,OP10-065,OP12-037]
[] Board: [OP05-034,OP04-024]
[] Trash: []
[] Life: 4
[] Hand: [ST34-002,ST18-001,ST34-001,OP11-067]
[] Trash: [OP15-078,OP15-069]
[] Board: []
[] Life: 5
[You] End Turn
[] Hand: [ST34-002,ST18-001,ST34-001,OP11-067]
[] Board: []
[] Trash: [OP15-078,OP15-069]
[] Life: 5
[] Hand: [OP14-061,OP10-071,OP12-037,OP10-065,OP12-037]
[] Trash: []
[] Board: [OP05-034,OP04-024]
[] Life: 4
[Opponent] Draw 1 Card
[] Drew card from deck: We're Going to Claim the One Piece!!! ["OP07-077">OP07-077]
RZ1|143|2|OP07-077|0|38|1|4|1|1|0|0|0
RZ1|CHK|143|2|38|5|0|5|8|2|2|0|1|0
RZ1|144|2|Don|4|7|5|2|1|1|0|0|0
RZ1|CHK|144|2|38|5|0|5|7|3|2|0|1|0
RZ1|145|2|Don|4|6|5|3|1|1|0|0|0
RZ1|CHK|145|2|38|5|0|5|6|4|2|0|1|0
[Opponent] Draw 2 Don
RZ1|146|2|Don|5|0|5|0|1|1|1|0|0
RZ1|CHK|146|2|38|5|0|5|6|4|2|0|1|0
RZ1|147|2|Don|5|1|5|1|1|1|1|0|0
RZ1|CHK|147|2|38|5|0|5|6|4|2|0|1|0
RZ1|148|2|Don|5|2|5|2|1|1|1|0|0
RZ1|CHK|148|2|38|5|0|5|6|4|2|0|1|0
RZ1|149|2|Don|5|3|5|3|1|1|1|0|0
RZ1|CHK|149|2|38|5|0|5|6|4|2|0|1|0
[Opponent] Deploy Charlotte Cracker ["ST34-002">ST34-002]
RZ1|150|2|ST34-002|1|0|2|0|1|1|0|0|0
RZ1|CHK|150|2|38|4|1|5|6|4|2|0|1|0
Charlotte Cracker ["ST34-002">ST34-002]: Draw 1 Rested Don
RZ1|151|2|Don|4|5|5|0|1|1|1|0|0
RZ1|CHK|151|2|38|4|1|5|5|5|2|0|1|0
[Opponent] Charlotte Cracker ["ST34-002">ST34-002]: Destroy Baby 5 ["OP05-034">OP05-034]
RZ1|152|1|OP05-034|2|0|6|0|1|1|0|0|0
RZ1|CHK|152|1|39|5|1|4|7|3|1|0|1|0
[You] Sugar ["OP04-024">OP04-024]: Rest Charlotte Cracker ["ST34-002">ST34-002]
[Opponent] Charlotte Katakuri ["OP11-062">OP11-062] attacking Sugar ["OP04-024">OP04-024]
Charlotte Katakuri ["OP11-062">OP11-062][5000] vs Sugar ["OP04-024">OP04-024][0]
[You] Sugar ["OP04-024">OP04-024] Destroyed
RZ1|153|1|OP04-024|2|0|6|1|1|1|0|0|0
RZ1|CHK|153|1|39|5|0|4|7|3|2|0|1|0
[] Hand: [ST18-001,ST34-001,OP11-067,OP07-077]
[] Board: [ST34-002]
[] Trash: [OP15-078,OP15-069]
[] Life: 5
[] Hand: [OP14-061,OP10-071,OP12-037,OP10-065,OP12-037]
[] Trash: [OP05-034,OP04-024]
[] Board: []
[] Life: 4
[Opponent] End Turn
[] Hand: [OP14-061,OP10-071,OP12-037,OP10-065,OP12-037]
[] Board: []
[] Trash: [OP05-034,OP04-024]
[] Life: 4
[] Hand: [ST18-001,ST34-001,OP11-067,OP07-077]
[] Trash: [OP15-078,OP15-069]
[] Board: [ST34-002]
[] Life: 5
[You] Draw 1 Card
[] Drew card from deck: Off White ["EB01-019">EB01-019]
RZ1|154|1|EB01-019|0|38|1|5|1|1|0|0|0
RZ1|CHK|154|1|38|6|0|4|7|3|2|0|1|0
RZ1|155|1|Don|4|6|5|3|1|1|0|0|0
RZ1|CHK|155|1|38|6|0|4|6|4|2|0|1|0
RZ1|156|1|Don|4|5|5|4|1|1|0|0|0
RZ1|CHK|156|1|38|6|0|4|5|5|2|0|1|0
[You] Draw 2 Don
[You] Donquixote Doflamingo ["OP04-019">OP04-019] attacking Charlotte Cracker ["ST34-002">ST34-002]
Donquixote Doflamingo ["OP04-019">OP04-019][5000] vs Charlotte Cracker ["ST34-002">ST34-002][5000]
[Opponent] Charlotte Cracker ["ST34-002">ST34-002] Destroyed
RZ1|157|2|ST34-002|2|0|6|2|1|1|0|0|0
RZ1|CHK|157|2|38|4|0|5|5|5|3|0|1|0
RZ1|158|1|Don|5|0|5|0|1|1|1|0|0
RZ1|CHK|158|1|38|6|0|4|5|5|2|0|1|0
RZ1|159|1|Don|5|1|5|1|1|1|1|0|0
RZ1|CHK|159|1|38|6|0|4|5|5|2|0|1|0
RZ1|160|1|Don|5|2|5|2|1|1|1|0|0
RZ1|CHK|160|1|38|6|0|4|5|5|2|0|1|0
RZ1|161|1|Don|5|3|5|3|1|1|1|0|0
RZ1|CHK|161|1|38|6|0|4|5|5|2|0|1|0
RZ1|162|1|Don|5|4|5|4|1|1|1|0|0
RZ1|CHK|162|1|38|6|0|4|5|5|2|0|1|0
[You] Deploy Vergo ["OP14-061">OP14-061]
RZ1|163|1|OP14-061|1|0|2|0|1|1|0|0|0
RZ1|CHK|163|1|38|5|1|4|5|5|2|0|1|0
[You] Donquixote Doflamingo ["OP04-019">OP04-019]: Activate 2 Don
RZ1|164|1|Don|5|4|5|4|1|1|0|0|0
RZ1|CHK|164|1|38|5|1|4|5|5|2|0|1|0
RZ1|165|1|Don|5|3|5|3|1|1|0|0|0
RZ1|CHK|165|1|38|5|1|4|5|5|2|0|1|0
[] Hand: [OP10-071,OP12-037,OP10-065,OP12-037,EB01-019]
[] Board: [OP14-061]
[] Trash: [OP05-034,OP04-024]
[] Life: 4
[] Hand: [ST18-001,ST34-001,OP11-067,OP07-077]
[] Trash: [OP15-078,OP15-069,ST34-002]
[] Board: []
[] Life: 5
[You] End Turn
[] Hand: [ST18-001,ST34-001,OP11-067,OP07-077]
[] Board: []
[] Trash: [OP15-078,OP15-069,ST34-002]
[] Life: 5
[] Hand: [OP10-071,OP12-037,OP10-065,OP12-037,EB01-019]
[] Trash: [OP05-034,OP04-024]
[] Board: [OP14-061]
[] Life: 4
[Opponent] Draw 1 Card
[] Drew card from deck: Baron Tamago & Pekoms ["ST34-005">ST34-005]
RZ1|166|2|ST34-005|0|37|1|4|1|1|0|0|0
RZ1|CHK|166|2|37|5|0|5|5|5|3|0|1|0
RZ1|167|2|Don|4|4|5|5|1|1|0|0|0
RZ1|CHK|167|2|37|5|0|5|4|6|3|0|1|0
RZ1|168|2|Don|4|3|5|6|1|1|0|0|0
RZ1|CHK|168|2|37|5|0|5|3|7|3|0|1|0
[Opponent] Draw 2 Don
RZ1|169|2|Don|5|0|5|0|1|1|1|0|0
RZ1|CHK|169|2|37|5|0|5|3|7|3|0|1|0
RZ1|170|2|Don|5|1|5|1|1|1|1|0|0
RZ1|CHK|170|2|37|5|0|5|3|7|3|0|1|0
RZ1|171|2|Don|5|2|5|2|1|1|1|0|0
RZ1|CHK|171|2|37|5|0|5|3|7|3|0|1|0
[Opponent] Deploy Baron Tamago & Pekoms ["ST34-005">ST34-005]
RZ1|172|2|ST34-005|1|4|2|0|1|1|0|0|0
RZ1|CHK|172|2|37|4|1|5|3|7|3|0|1|0
[Opponent] We're Going to Claim the One Piece!!! ["OP07-077">OP07-077]: Rest 1 Don
RZ1|173|2|Don|5|3|5|3|1|1|1|0|0
RZ1|CHK|173|2|37|4|1|5|3|7|3|0|1|0
RZ1|174|2|OP07-077|1|3|6|3|1|1|0|0|0
RZ1|CHK|174|2|37|3|1|5|3|7|4|0|1|0
RZ1|175|2|ST34-004|0|36|1|3|1|1|0|0|0
RZ1|CHK|175|2|36|4|1|5|3|7|4|0|1|0
[Opponent] We're Going to Claim the One Piece!!! ["OP07-077">OP07-077]: <b>Reveal and Draw Charlotte Linlin ["ST34-004">ST34-004]</b>
[Opponent] Placing Cards on Bottom of Deck
RZ1|176|2|PRB02-010|0|35|0|0|0|0|0|0|0
RZ1|CHK|176|2|36|4|1|5|3|7|4|0|1|0
RZ1|177|2|PRB02-010|0|35|0|0|0|0|0|0|0
RZ1|CHK|177|2|36|4|1|5|3|7|4|0|1|0
RZ1|178|2|OP13-076|0|35|0|0|0|0|0|0|0
RZ1|CHK|178|2|36|4|1|5|3|7|4|0|1|0
RZ1|179|2|ST34-004|0|35|0|0|0|0|0|0|0
RZ1|CHK|179|2|36|4|1|5|3|7|4|0|1|0
RZ1|180|2|Don|5|4|9|9900|1|1|0|0|0
RZ1|CHK|180|2|36|4|1|5|3|6|4|0|1|1
RZ1|181|2|Don|5|4|9|9901|1|1|0|0|0
RZ1|CHK|181|2|36|4|1|5|3|5|4|0|1|2
RZ1|182|2|Don|5|4|9|9902|1|1|0|0|0
RZ1|CHK|182|2|36|4|1|5|3|4|4|0|1|3
[Opponent] Attach 3 Don to Charlotte Katakuri ["OP11-062">OP11-062] (3 Total)
[Opponent] Charlotte Katakuri ["OP11-062">OP11-062] attacking Donquixote Doflamingo ["OP04-019">OP04-019]
[You] Off White ["EB01-019">EB01-019]: Activate Counter
[You] Off White ["EB01-019">EB01-019]: Rest 2 Don
RZ1|183|1|Don|5|3|5|3|1|1|1|0|0
RZ1|CHK|183|1|38|5|1|4|5|5|2|0|1|0
RZ1|184|1|Don|5|4|5|4|1|1|1|0|0
RZ1|CHK|184|1|38|5|1|4|5|5|2|0|1|0
RZ1|185|1|EB01-019|1|4|6|2|1|1|0|0|0
RZ1|CHK|185|1|38|4|1|4|5|5|3|0|1|0
[You] Off White ["EB01-019">EB01-019]: Buff Donquixote Doflamingo ["OP04-019">OP04-019] 4000 for the Combat
RZ1|186|1|OP04-031|0|35|1|4|1|1|0|0|0
RZ1|CHK|186|1|37|5|1|4|5|5|3|0|1|0
[You] Off White ["EB01-019">EB01-019]: <b>Reveal and Draw Donquixote Doflamingo ["OP04-031">OP04-031]</b>
[You] Placing Cards on Bottom of Deck
RZ1|187|1|EB01-019|0|36|0|0|0|0|0|0|0
RZ1|CHK|187|1|37|5|1|4|5|5|3|0|1|0
RZ1|188|1|OP14-069|0|36|0|0|0|0|0|0|0
RZ1|CHK|188|1|37|5|1|4|5|5|3|0|1|0
Charlotte Katakuri ["OP11-062">OP11-062][8000] vs Donquixote Doflamingo ["OP04-019">OP04-019][9000]
Attack Fails
[] Hand: [ST18-001,ST34-001,OP11-067,ST34-004]
[] Board: [ST34-005]
[] Trash: [OP15-078,OP15-069,ST34-002,OP07-077]
[] Life: 5
[] Hand: [OP10-071,OP12-037,OP10-065,OP12-037,OP04-031]
[] Trash: [OP05-034,OP04-024,EB01-019]
[] Board: [OP14-061]
[] Life: 4
[Opponent] End Turn
[] Hand: [OP10-071,OP12-037,OP10-065,OP12-037,OP04-031]
[] Board: [OP14-061]
[] Trash: [OP05-034,OP04-024,EB01-019]
[] Life: 4
[] Hand: [ST18-001,ST34-001,OP11-067,ST34-004]
[] Trash: [OP15-078,OP15-069,ST34-002,OP07-077]
[] Board: [ST34-005]
[] Life: 5
[You] Draw 1 Card
[] Drew card from deck: Off White ["EB01-019">EB01-019]
RZ1|189|1|EB01-019|0|36|1|5|1|1|0|0|0
RZ1|CHK|189|1|36|6|1|4|5|5|3|0|1|0
RZ1|190|1|Don|4|4|5|5|1|1|0|0|0
RZ1|CHK|190|1|36|6|1|4|4|6|3|0|1|0
RZ1|191|1|Don|4|3|5|6|1|1|0|0|0
RZ1|CHK|191|1|36|6|1|4|3|7|3|0|1|0
[You] Draw 2 Don
RZ1|192|1|Don|5|0|5|0|1|1|1|0|0
RZ1|CHK|192|1|36|6|1|4|3|7|3|0|1|0
[You] Deploy Sugar ["OP10-065">OP10-065]
RZ1|193|1|OP10-065|1|2|2|1|1|1|0|0|0
RZ1|CHK|193|1|36|5|2|4|3|7|3|0|1|0
[You] Sugar ["OP10-065">OP10-065]: Rest 1 Don
RZ1|194|1|Don|5|1|5|1|1|1|1|0|0
RZ1|CHK|194|1|36|5|2|4|3|7|3|0|1|0
[You] Sugar ["OP10-065">OP10-065]: Rest Sugar ["OP10-065">OP10-065]
RZ1|195|1|OP04-031|0|32|1|5|1|1|0|0|0
RZ1|CHK|195|1|35|6|2|4|3|7|3|0|1|0
[You] Sugar ["OP10-065">OP10-065]: <b>Reveal and Draw Donquixote Doflamingo ["OP04-031">OP04-031]</b>
[You] Placing Cards on Bottom of Deck
RZ1|196|1|OP04-035|0|34|0|0|0|0|0|0|0
RZ1|CHK|196|1|35|6|2|4|3|7|3|0|1|0
RZ1|197|1|OP04-037|0|34|0|0|0|0|0|0|0
RZ1|CHK|197|1|35|6|2|4|3|7|3|0|1|0
RZ1|198|1|OP04-031|0|34|0|0|0|0|0|0|0
RZ1|CHK|198|1|35|6|2|4|3|7|3|0|1|0
RZ1|199|1|OP04-024|0|34|0|0|0|0|0|0|0
RZ1|CHK|199|1|35|6|2|4|3|7|3|0|1|0
[You] Attach 1 Don to Vergo ["OP14-061">OP14-061] (1 Total)
RZ1|200|1|Don|5|6|9|0|1|1|0|0|0
RZ1|CHK|200|1|35|6|2|4|3|6|3|0|1|1
[You] Attach 1 Don to Vergo ["OP14-061">OP14-061] (2 Total)
RZ1|201|1|Don|5|5|9|1|1|1|0|0|0
RZ1|CHK|201|1|35|6|2|4|3|5|3|0|1|2
[You] Vergo ["OP14-061">OP14-061] attacking Charlotte Katakuri ["OP11-062">OP11-062]
Vergo ["OP14-061">OP14-061][9000] vs Charlotte Katakuri ["OP11-062">OP11-062][5000]
Charlotte Katakuri ["OP11-062">OP11-062] hit for 1 damage
RZ1|202|2|ST34-003|3|4|1|4|1|1|0|0|0
RZ1|CHK|202|2|36|5|1|4|3|4|4|0|1|3
[You] Attach 1 Don to Donquixote Doflamingo ["OP04-019">OP04-019] (1 Total)
RZ1|203|1|Don|5|4|9|9900|1|1|0|0|0
RZ1|CHK|203|1|35|6|2|4|3|4|3|0|1|3
[You] Donquixote Doflamingo ["OP04-019">OP04-019] attacking Charlotte Katakuri ["OP11-062">OP11-062]
Donquixote Doflamingo ["OP04-019">OP04-019][6000] vs Charlotte Katakuri ["OP11-062">OP11-062][5000]
Charlotte Katakuri ["OP11-062">OP11-062] hit for 1 damage
RZ1|204|2|ST34-005|3|3|1|5|1|1|0|0|0
RZ1|CHK|204|2|36|6|1|3|3|4|4|0|1|3
[You] Donquixote Doflamingo ["OP04-019">OP04-019]: Activate 2 Don
RZ1|205|1|Don|5|1|5|1|1|1|0|0|0
RZ1|CHK|205|1|35|6|2|4|3|4|3|0|1|3
RZ1|206|1|Don|5|0|5|0|1|1|0|0|0
RZ1|CHK|206|1|35|6|2|4|3|4|3|0|1|3
[] Hand: [OP10-071,OP12-037,OP12-037,OP04-031,EB01-019,OP04-031]
[] Board: [OP14-061,OP10-065]
[] Trash: [OP05-034,OP04-024,EB01-019]
[] Life: 4
[] Hand: [ST18-001,ST34-001,OP11-067,ST34-004,ST34-003,ST34-005]
[] Trash: [OP15-078,OP15-069,ST34-002,OP07-077]
[] Board: [ST34-005]
[] Life: 3
[You] End Turn
[] Hand: [ST18-001,ST34-001,OP11-067,ST34-004,ST34-003,ST34-005]
[] Board: [ST34-005]
[] Trash: [OP15-078,OP15-069,ST34-002,OP07-077]
[] Life: 3
[] Hand: [OP10-071,OP12-037,OP12-037,OP04-031,EB01-019,OP04-031]
[] Trash: [OP05-034,OP04-024,EB01-019]
[] Board: [OP14-061,OP10-065]
[] Life: 4
RZ1|207|2|Don|9|9900|5|0|1|1|1|0|0
RZ1|CHK|207|2|36|6|1|3|3|5|4|0|1|2
RZ1|208|2|Don|9|9900|5|0|1|1|1|0|0
RZ1|CHK|208|2|36|6|1|3|3|6|4|0|1|1
RZ1|209|2|Don|9|9900|5|0|1|1|1|0|0
RZ1|CHK|209|2|36|6|1|3|3|7|4|0|1|0
[Opponent] Draw 1 Card
[] Drew card from deck: Charlotte Linlin ["OP08-069">OP08-069]
RZ1|210|2|OP08-069|0|35|1|6|1|1|0|0|0
RZ1|CHK|210|2|35|7|1|3|3|7|4|0|1|0
RZ1|211|2|Don|4|2|5|7|1|1|0|0|0
RZ1|CHK|211|2|35|7|1|3|2|8|4|0|1|0
RZ1|212|2|Don|4|1|5|8|1|1|0|0|0
RZ1|CHK|212|2|35|7|1|3|1|9|4|0|1|0
[Opponent] Draw 2 Don
RZ1|213|2|Don|5|0|9|9900|1|1|0|0|0
RZ1|CHK|213|2|35|7|1|3|1|8|4|0|1|1
RZ1|214|2|Don|5|0|9|9901|1|1|0|0|0
RZ1|CHK|214|2|35|7|1|3|1|7|4|0|1|2
[Opponent] Attach 2 Don to Charlotte Katakuri ["OP11-062">OP11-062] (2 Total)
[Opponent] Charlotte Katakuri ["OP11-062">OP11-062] attacking Vergo ["OP14-061">OP14-061]
[You] Off White ["EB01-019">EB01-019]: Activate Counter
[You] Off White ["EB01-019">EB01-019]: Rest 2 Don
RZ1|215|1|Don|5|0|5|0|1|1|1|0|0
RZ1|CHK|215|1|35|6|2|4|3|4|3|0|1|3
RZ1|216|1|Don|5|1|5|1|1|1|1|0|0
RZ1|CHK|216|1|35|6|2|4|3|4|3|0|1|3
RZ1|217|1|EB01-019|1|4|6|3|1|1|0|0|0
RZ1|CHK|217|1|35|5|2|4|3|4|4|0|1|3
[You] Off White ["EB01-019">EB01-019]: Buff Vergo ["OP14-061">OP14-061] 4000 for the Combat
RZ1|218|1|OP14-069|0|32|1|5|1|1|0|0|0
RZ1|CHK|218|1|34|6|2|4|3|4|4|0|1|3
[You] Off White ["EB01-019">EB01-019]: <b>Reveal and Draw Donquixote Doflamingo ["OP14-069">OP14-069]</b>
[You] Placing Cards on Bottom of Deck
RZ1|219|1|OP05-038|0|33|0|0|0|0|0|0|0
RZ1|CHK|219|1|34|6|2|4|3|4|4|0|1|3
RZ1|220|1|OP14-069|0|33|0|0|0|0|0|0|0
RZ1|CHK|220|1|34|6|2|4|3|4|4|0|1|3
Charlotte Katakuri ["OP11-062">OP11-062][7000] vs Vergo ["OP14-061">OP14-061][11000]
Attack Fails
RZ1|221|2|Don|5|0|9|0|1|1|0|0|0
RZ1|CHK|221|2|35|7|1|3|1|6|4|0|1|3
RZ1|222|2|Don|5|0|9|1|1|1|0|0|0
RZ1|CHK|222|2|35|7|1|3|1|5|4|0|1|4
RZ1|223|2|Don|5|0|9|2|1|1|0|0|0
RZ1|CHK|223|2|35|7|1|3|1|4|4|0|1|5
[Opponent] Attach 3 Don to Baron Tamago & Pekoms ["ST34-005">ST34-005] (3 Total)
[Opponent] Baron Tamago & Pekoms ["ST34-005">ST34-005] attacking Vergo ["OP14-061">OP14-061]
Baron Tamago & Pekoms ["ST34-005">ST34-005][7000] vs Vergo ["OP14-061">OP14-061][7000]
[You] Vergo ["OP14-061">OP14-061] Destroyed
RZ1|224|1|Don|9|0|5|0|1|1|1|0|0
RZ1|CHK|224|1|34|6|2|4|3|5|4|0|1|2
RZ1|225|1|Don|9|0|5|0|1|1|1|0|0
RZ1|CHK|225|1|34|6|2|4|3|6|4|0|1|1
RZ1|226|1|OP14-061|2|0|6|4|1|1|0|0|0
RZ1|CHK|226|1|34|6|1|4|3|6|5|0|1|1
RZ1|227|2|Don|5|0|5|0|1|1|1|0|0
RZ1|CHK|227|2|35|7|1|3|1|4|4|0|1|5
[Opponent] Deploy Charlotte Brulee ["ST34-003">ST34-003]
RZ1|228|2|ST34-003|1|4|2|1|1|1|0|0|0
RZ1|CHK|228|2|35|6|2|3|1|4|4|0|1|5
[Opponent] <b>Picked no cards to Draw</b>
[Opponent] Placing Cards on Bottom of Deck
RZ1|229|2|ST18-001|0|34|0|0|0|0|0|0|0
RZ1|CHK|229|2|35|6|2|3|1|4|4|0|1|5
RZ1|230|2|ST34-001|0|34|0|0|0|0|0|0|0
RZ1|CHK|230|2|35|6|2|3|1|4|4|0|1|5
RZ1|231|2|ST34-004|0|34|0|0|0|0|0|0|0
RZ1|CHK|231|2|35|6|2|3|1|4|4|0|1|5
RZ1|232|2|Don|5|1|5|1|1|1|1|0|0
RZ1|CHK|232|2|35|6|2|3|1|4|4|0|1|5
RZ1|233|2|Don|5|2|5|2|1|1|1|0|0
RZ1|CHK|233|2|35|6|2|3|1|4|4|0|1|5
RZ1|234|2|Don|5|3|5|3|1|1|1|0|0
RZ1|CHK|234|2|35|6|2|3|1|4|4|0|1|5
[Opponent] Deploy Baron Tamago & Pekoms ["ST34-005">ST34-005]
RZ1|235|2|ST34-005|1|4|2|2|1|1|0|0|0
RZ1|CHK|235|2|35|5|3|3|1|4|4|0|1|5
[] Hand: [ST18-001,ST34-001,OP11-067,ST34-004,OP08-069]
[] Board: [ST34-005,ST34-003,ST34-005]
[] Trash: [OP15-078,OP15-069,ST34-002,OP07-077]
[] Life: 3
[] Hand: [OP10-071,OP12-037,OP12-037,OP04-031,OP04-031,OP14-069]
[] Trash: [OP05-034,OP04-024,EB01-019,EB01-019,OP14-061]
[] Board: [OP10-065]
[] Life: 4
[Opponent] End Turn
[] Hand: [OP10-071,OP12-037,OP12-037,OP04-031,OP04-031,OP14-069]
[] Board: [OP10-065]
[] Trash: [OP05-034,OP04-024,EB01-019,EB01-019,OP14-061]
[] Life: 4
[] Hand: [ST18-001,ST34-001,OP11-067,ST34-004,OP08-069]
[] Trash: [OP15-078,OP15-069,ST34-002,OP07-077]
[] Board: [ST34-005,ST34-003,ST34-005]
[] Life: 3
RZ1|236|1|Don|9|9900|5|0|1|1|1|0|0
RZ1|CHK|236|1|34|6|1|4|3|7|5|0|1|0
[You] Draw 1 Card
[] Drew card from deck: Vergo ["OP14-061">OP14-061]
RZ1|237|1|OP14-061|0|33|1|6|1|1|0|0|0
RZ1|CHK|237|1|33|7|1|4|3|7|5|0|1|0
RZ1|238|1|Don|4|2|5|7|1|1|0|0|0
RZ1|CHK|238|1|33|7|1|4|2|8|5|0|1|0
RZ1|239|1|Don|4|1|5|8|1|1|0|0|0
RZ1|CHK|239|1|33|7|1|4|1|9|5|0|1|0
[You] Draw 2 Don
RZ1|240|1|Don|5|0|5|0|1|1|1|0|0
RZ1|CHK|240|1|33|7|1|4|1|9|5|0|1|0
RZ1|241|1|Don|5|1|5|1|1|1|1|0|0
RZ1|CHK|241|1|33|7|1|4|1|9|5|0|1|0
RZ1|242|1|Don|5|2|5|2|1|1|1|0|0
RZ1|CHK|242|1|33|7|1|4|1|9|5|0|1|0
RZ1|243|1|Don|5|3|5|3|1|1|1|0|0
RZ1|CHK|243|1|33|7|1|4|1|9|5|0|1|0
RZ1|244|1|Don|5|4|5|4|1|1|1|0|0
RZ1|CHK|244|1|33|7|1|4|1|9|5|0|1|0
RZ1|245|1|Don|5|5|5|5|1|1|1|0|0
RZ1|CHK|245|1|33|7|1|4|1|9|5|0|1|0
RZ1|246|1|Don|5|6|5|6|1|1|1|0|0
RZ1|CHK|246|1|33|7|1|4|1|9|5|0|1|0
RZ1|247|1|Don|5|7|5|7|1|1|1|0|0
RZ1|CHK|247|1|33|7|1|4|1|9|5|0|1|0
[You] Deploy Donquixote Doflamingo ["OP10-071">OP10-071]
RZ1|248|1|OP10-071|1|0|2|1|1|1|0|0|0
RZ1|CHK|248|1|33|6|2|4|1|9|5|0|1|0
RZ1|249|1|Don|5|7|4|1|1|1|0|0|0
RZ1|CHK|249|1|33|6|2|4|2|8|5|0|1|0
[You] Donquixote Doflamingo ["OP10-071">OP10-071]: Minus 1 Don
RZ1|250|1|OP14-061|1|5|2|2|1|1|0|0|0
RZ1|CHK|250|1|33|5|3|4|2|8|5|0|1|0
[You] Donquixote Doflamingo ["OP10-071">OP10-071]: Deploy Vergo ["OP14-061">OP14-061]
[You] Sugar ["OP10-065">OP10-065]: Rest 1 Don
RZ1|251|1|Don|5|7|5|7|1|1|1|0|0
RZ1|CHK|251|1|33|5|3|4|2|8|5|0|1|0
[You] Sugar ["OP10-065">OP10-065]: Rest Sugar ["OP10-065">OP10-065]
RZ1|252|1|OP04-037|0|29|1|5|1|1|0|0|0
RZ1|CHK|252|1|32|6|3|4|2|8|5|0|1|0
[You] Sugar ["OP10-065">OP10-065]: <b>Reveal and Draw Flap Thread ["OP04-037">OP04-037]</b>
[You] Placing Cards on Bottom of Deck
RZ1|253|1|OP10-071|0|31|0|0|0|0|0|0|0
RZ1|CHK|253|1|32|6|3|4|2|8|5|0|1|0
RZ1|254|1|OP04-035|0|31|0|0|0|0|0|0|0
RZ1|CHK|254|1|32|6|3|4|2|8|5|0|1|0
RZ1|255|1|OP14-061|0|31|0|0|0|0|0|0|0
RZ1|CHK|255|1|32|6|3|4|2|8|5|0|1|0
RZ1|256|1|OP10-065|0|31|0|0|0|0|0|0|0
RZ1|CHK|256|1|32|6|3|4|2|8|5|0|1|0
[You] Donquixote Doflamingo ["OP04-019">OP04-019] attacking Baron Tamago & Pekoms ["ST34-005">ST34-005]
Donquixote Doflamingo ["OP04-019">OP04-019][5000] vs Baron Tamago & Pekoms ["ST34-005">ST34-005][4000]
[Opponent] Baron Tamago & Pekoms ["ST34-005">ST34-005] Destroyed
RZ1|257|2|Don|9|0|5|0|1|1|1|0|0
RZ1|CHK|257|2|35|5|3|3|1|5|4|0|1|4
RZ1|258|2|Don|9|0|5|0|1|1|1|0|0
RZ1|CHK|258|2|35|5|3|3|1|6|4|0|1|3
RZ1|259|2|Don|9|0|5|0|1|1|1|0|0
RZ1|CHK|259|2|35|5|3|3|1|7|4|0|1|2
RZ1|260|2|ST34-005|2|0|6|4|1|1|0|0|0
RZ1|CHK|260|2|35|5|2|3|1|7|5|0|1|2
[You] Donquixote Doflamingo ["OP04-019">OP04-019]: Activate 2 Don
RZ1|261|1|Don|5|7|5|7|1|1|0|0|0
RZ1|CHK|261|1|32|6|3|4|2|8|5|0|1|0
RZ1|262|1|Don|5|6|5|6|1|1|0|0|0
RZ1|CHK|262|1|32|6|3|4|2|8|5|0|1|0
[] Hand: [OP12-037,OP12-037,OP04-031,OP04-031,OP14-069,OP04-037]
[] Board: [OP10-065,OP10-071,OP14-061]
[] Trash: [OP05-034,OP04-024,EB01-019,EB01-019,OP14-061]
[] Life: 4
[] Hand: [ST18-001,ST34-001,OP11-067,ST34-004,OP08-069]
[] Trash: [OP15-078,OP15-069,ST34-002,OP07-077,ST34-005]
[] Board: [ST34-003,ST34-005]
[] Life: 3
[You] End Turn
[] Hand: [ST18-001,ST34-001,OP11-067,ST34-004,OP08-069]
[] Board: [ST34-003,ST34-005]
[] Trash: [OP15-078,OP15-069,ST34-002,OP07-077,ST34-005]
[] Life: 3
[] Hand: [OP12-037,OP12-037,OP04-031,OP04-031,OP14-069,OP04-037]
[] Trash: [OP05-034,OP04-024,EB01-019,EB01-019,OP14-061]
[] Board: [OP10-065,OP10-071,OP14-061]
[] Life: 4
RZ1|263|2|Don|9|9900|5|0|1|1|1|0|0
RZ1|CHK|263|2|35|5|2|3|1|8|5|0|1|1
RZ1|264|2|Don|9|9900|5|0|1|1|1|0|0
RZ1|CHK|264|2|35|5|2|3|1|9|5|0|1|0
[Opponent] Draw 1 Card
[] Drew card from deck: Charlotte Linlin ["OP08-069">OP08-069]
RZ1|265|2|OP08-069|0|34|1|5|1|1|0|0|0
RZ1|CHK|265|2|34|6|2|3|1|9|5|0|1|0
RZ1|266|2|Don|4|0|5|9|1|1|0|0|0
RZ1|CHK|266|2|34|6|2|3|0|10|5|0|1|0
[Opponent] Draw 2 Don
RZ1|267|2|Don|5|0|5|0|1|1|1|0|0
RZ1|CHK|267|2|34|6|2|3|0|10|5|0|1|0
RZ1|268|2|Don|5|1|5|1|1|1|1|0|0
RZ1|CHK|268|2|34|6|2|3|0|10|5|0|1|0
RZ1|269|2|Don|5|2|5|2|1|1|1|0|0
RZ1|CHK|269|2|34|6|2|3|0|10|5|0|1|0
[Opponent] Deploy Usohachi ["ST18-001">ST18-001]
RZ1|270|2|ST18-001|1|0|2|2|1|1|0|0|0
RZ1|CHK|270|2|34|5|3|3|0|10|5|0|1|0
[Opponent] Usohachi ["ST18-001">ST18-001]: Rest Vergo ["OP14-061">OP14-061]
RZ1|271|2|Don|5|3|9|0|1|1|0|0|0
RZ1|CHK|271|2|34|5|3|3|0|9|5|0|1|1
RZ1|272|2|Don|5|3|9|1|1|1|0|0|0
RZ1|CHK|272|2|34|5|3|3|0|8|5|0|1|2
RZ1|273|2|Don|5|3|9|2|1|1|0|0|0
RZ1|CHK|273|2|34|5|3|3|0|7|5|0|1|3
RZ1|274|2|Don|5|3|9|3|1|1|0|0|0
RZ1|CHK|274|2|34|5|3|3|0|6|5|0|1|4
RZ1|275|2|Don|5|3|9|4|1|1|0|0|0
RZ1|CHK|275|2|34|5|3|3|0|5|5|0|1|5
[Opponent] Attach 5 Don to Charlotte Brulee ["ST34-003">ST34-003] (5 Total)
[Opponent] Charlotte Brulee ["ST34-003">ST34-003] attacking Vergo ["OP14-061">OP14-061]
[You] Donquixote Doflamingo ["OP10-071">OP10-071]: Rest 1 Don
RZ1|276|1|Don|5|6|5|6|1|1|1|0|0
RZ1|CHK|276|1|32|6|3|4|2|8|5|0|1|0
Donquixote Doflamingo ["OP10-071">OP10-071]: Draw 1 Don
RZ1|277|1|Don|4|1|5|8|1|1|0|0|0
RZ1|CHK|277|1|32|6|3|4|1|9|5|0|1|0
RZ1|278|1|Don|5|7|5|7|1|1|1|0|0
RZ1|CHK|278|1|32|6|3|4|1|9|5|0|1|0
RZ1|279|1|Don|5|8|5|8|1|1|1|0|0
RZ1|CHK|279|1|32|6|3|4|1|9|5|0|1|0
RZ1|280|1|OP04-037|1|5|6|5|1|1|0|0|0
RZ1|CHK|280|1|32|5|3|4|1|9|6|0|1|0
[You] Flap Thread ["OP04-037">OP04-037]: Buff Vergo ["OP14-061">OP14-061] 2000
Charlotte Brulee ["ST34-003">ST34-003][7000] vs Vergo ["OP14-061">OP14-061][9000]
Attack Fails
RZ1|281|2|Don|5|3|9|100|1|1|0|0|0
RZ1|CHK|281|2|34|5|3|3|0|4|5|0|1|6
RZ1|282|2|Don|5|3|9|101|1|1|0|0|0
RZ1|CHK|282|2|34|5|3|3|0|3|5|0|1|7
[Opponent] Attach 2 Don to Baron Tamago & Pekoms ["ST34-005">ST34-005] (2 Total)
[Opponent] Baron Tamago & Pekoms ["ST34-005">ST34-005] attacking Vergo ["OP14-061">OP14-061]
Baron Tamago & Pekoms ["ST34-005">ST34-005][6000] vs Vergo ["OP14-061">OP14-061][9000]
Attack Fails
[Opponent] Charlotte Katakuri ["OP11-062">OP11-062] attacking Sugar ["OP10-065">OP10-065]
Charlotte Katakuri ["OP11-062">OP11-062][5000] vs Sugar ["OP10-065">OP10-065][1000]
[You] Sugar ["OP10-065">OP10-065] Destroyed
RZ1|283|1|OP10-065|2|0|6|6|1|1|0|0|0
RZ1|CHK|283|1|32|5|2|4|1|9|7|0|1|0
[] Hand: [ST34-001,OP11-067,ST34-004,OP08-069,OP08-069]
[] Board: [ST34-003,ST34-005,ST18-001]
[] Trash: [OP15-078,OP15-069,ST34-002,OP07-077,ST34-005]
[] Life: 3
[] Hand: [OP12-037,OP12-037,OP04-031,OP04-031,OP14-069]
[] Trash: [OP05-034,OP04-024,EB01-019,EB01-019,OP14-061,OP04-037,OP10-065]
[] Board: [OP10-071,OP14-061]
[] Life: 4
[Opponent] End Turn
[] Hand: [OP12-037,OP12-037,OP04-031,OP04-031,OP14-069]
[] Board: [OP10-071,OP14-061]
[] Trash: [OP05-034,OP04-024,EB01-019,EB01-019,OP14-061,OP04-037,OP10-065]
[] Life: 4
[] Hand: [ST34-001,OP11-067,ST34-004,OP08-069,OP08-069]
[] Trash: [OP15-078,OP15-069,ST34-002,OP07-077,ST34-005]
[] Board: [ST34-003,ST34-005,ST18-001]
[] Life: 3
[You] Draw 1 Card
[] Drew card from deck: Viola ["OP10-062">OP10-062]
RZ1|284|1|OP10-062|0|31|1|5|1|1|0|0|0
RZ1|CHK|284|1|31|6|2|4|1|9|7|0|1|0
RZ1|285|1|Don|4|0|5|9|1|1|0|0|0
RZ1|CHK|285|1|31|6|2|4|0|10|7|0|1|0
[You] Draw 2 Don
RZ1|286|1|Don|5|0|5|0|1|1|1|0|0
RZ1|CHK|286|1|31|6|2|4|0|10|7|0|1|0
RZ1|287|1|Don|5|1|5|1|1|1|1|0|0
RZ1|CHK|287|1|31|6|2|4|0|10|7|0|1|0
RZ1|288|1|Don|5|2|5|2|1|1|1|0|0
RZ1|CHK|288|1|31|6|2|4|0|10|7|0|1|0
RZ1|289|1|Don|5|3|5|3|1|1|1|0|0
RZ1|CHK|289|1|31|6|2|4|0|10|7|0|1|0
RZ1|290|1|Don|5|4|5|4|1|1|1|0|0
RZ1|CHK|290|1|31|6|2|4|0|10|7|0|1|0
RZ1|291|1|Don|5|5|5|5|1|1|1|0|0
RZ1|CHK|291|1|31|6|2|4|0|10|7|0|1|0
RZ1|292|1|Don|5|6|5|6|1|1|1|0|0
RZ1|CHK|292|1|31|6|2|4|0|10|7|0|1|0
RZ1|293|1|Don|5|7|5|7|1|1|1|0|0
RZ1|CHK|293|1|31|6|2|4|0|10|7|0|1|0
RZ1|294|1|Don|5|8|5|8|1|1|1|0|0
RZ1|CHK|294|1|31|6|2|4|0|10|7|0|1|0
RZ1|295|1|Don|5|9|5|9|1|1|1|0|0
RZ1|CHK|295|1|31|6|2|4|0|10|7|0|1|0
[You] Deploy Donquixote Doflamingo ["OP04-031">OP04-031]
RZ1|296|1|OP04-031|1|3|2|2|1|1|0|0|0
RZ1|CHK|296|1|31|5|3|4|0|10|7|0|1|0
[You] Donquixote Doflamingo ["OP04-031">OP04-031]: Baron Tamago & Pekoms ["ST34-005">ST34-005] will not Activate during next Refresh
[You] Donquixote Doflamingo ["OP04-031">OP04-031]: Charlotte Brulee ["ST34-003">ST34-003] will not Activate during next Refresh
[You] Donquixote Doflamingo ["OP04-031">OP04-031]: Charlotte Katakuri ["OP11-062">OP11-062] will not Activate during next Refresh
[You] Donquixote Doflamingo ["OP04-019">OP04-019] attacking Charlotte Katakuri ["OP11-062">OP11-062]
Donquixote Doflamingo ["OP04-019">OP04-019][5000] vs Charlotte Katakuri ["OP11-062">OP11-062][5000]
Charlotte Katakuri ["OP11-062">OP11-062] hit for 1 damage
RZ1|297|2|OP15-069|3|2|1|5|1|1|0|0|0
RZ1|CHK|297|2|34|6|3|2|0|3|5|0|1|7
[You] Vergo ["OP14-061">OP14-061] attacking Charlotte Katakuri ["OP11-062">OP11-062]
Vergo ["OP14-061">OP14-061][7000] vs Charlotte Katakuri ["OP11-062">OP11-062][5000]
Charlotte Katakuri ["OP11-062">OP11-062] hit for 1 damage
RZ1|298|2|ST34-005|3|1|1|6|1|1|0|0|0
RZ1|CHK|298|2|34|7|3|1|0|3|5|0|1|7
[You] Donquixote Doflamingo ["OP10-071">OP10-071] attacking Charlotte Katakuri ["OP11-062">OP11-062]
Donquixote Doflamingo ["OP10-071">OP10-071][9000] vs Charlotte Katakuri ["OP11-062">OP11-062][5000]
Charlotte Katakuri ["OP11-062">OP11-062] hit for 1 damage
RZ1|299|2|ST34-001|3|0|1|7|1|1|0|0|0
RZ1|CHK|299|2|34|8|3|0|0|3|5|0|1|7
[You] Donquixote Doflamingo ["OP04-019">OP04-019]: Activate 2 Don
RZ1|300|1|Don|5|9|5|9|1|1|0|0|0
RZ1|CHK|300|1|31|5|3|4|0|10|7|0|1|0
RZ1|301|1|Don|5|8|5|8|1|1|0|0|0
RZ1|CHK|301|1|31|5|3|4|0|10|7|0|1|0
[] Hand: [OP12-037,OP12-037,OP04-031,OP14-069,OP10-062]
[] Board: [OP10-071,OP14-061,OP04-031]
[] Trash: [OP05-034,OP04-024,EB01-019,EB01-019,OP14-061,OP04-037,OP10-065]
[] Life: 4
[] Hand: [ST34-001,OP11-067,ST34-004,OP08-069,OP08-069,OP15-069,ST34-005,ST34-001]
[] Trash: [OP15-078,OP15-069,ST34-002,OP07-077,ST34-005]
[] Board: [ST34-003,ST34-005,ST18-001]
[] Life: 0
[You] End Turn
[] Hand: [ST34-001,OP11-067,ST34-004,OP08-069,OP08-069,OP15-069,ST34-005,ST34-001]
[] Board: [ST34-003,ST34-005,ST18-001]
[] Trash: [OP15-078,OP15-069,ST34-002,OP07-077,ST34-005]
[] Life: 0
[] Hand: [OP12-037,OP12-037,OP04-031,OP14-069,OP10-062]
[] Trash: [OP05-034,OP04-024,EB01-019,EB01-019,OP14-061,OP04-037,OP10-065]
[] Board: [OP10-071,OP14-061,OP04-031]
[] Life: 4
RZ1|302|2|Don|9|0|5|0|1|1|1|0|0
RZ1|CHK|302|2|34|8|3|0|0|4|5|0|1|6
RZ1|303|2|Don|9|0|5|0|1|1|1|0|0
RZ1|CHK|303|2|34|8|3|0|0|5|5|0|1|5
RZ1|304|2|Don|9|0|5|0|1|1|1|0|0
RZ1|CHK|304|2|34|8|3|0|0|6|5|0|1|4
RZ1|305|2|Don|9|0|5|0|1|1|1|0|0
RZ1|CHK|305|2|34|8|3|0|0|7|5|0|1|3
RZ1|306|2|Don|9|0|5|0|1|1|1|0|0
RZ1|CHK|306|2|34|8|3|0|0|8|5|0|1|2
RZ1|307|2|Don|9|100|5|0|1|1|1|0|0
RZ1|CHK|307|2|34|8|3|0|0|9|5|0|1|1
RZ1|308|2|Don|9|100|5|0|1|1|1|0|0
RZ1|CHK|308|2|34|8|3|0|0|10|5|0|1|0
[Opponent] Draw 1 Card
[] Drew card from deck: Charlotte Linlin ["OP11-073">OP11-073]
RZ1|309|2|OP11-073|0|33|1|8|1|1|0|0|0
RZ1|CHK|309|2|33|9|3|0|0|10|5|0|1|0
RZ1|310|2|Don|5|0|5|0|1|1|1|0|0
RZ1|CHK|310|2|33|9|3|0|0|10|5|0|1|0
RZ1|311|2|Don|5|1|5|1|1|1|1|0|0
RZ1|CHK|311|2|33|9|3|0|0|10|5|0|1|0
RZ1|312|2|Don|5|2|5|2|1|1|1|0|0
RZ1|CHK|312|2|33|9|3|0|0|10|5|0|1|0
RZ1|313|2|Don|5|3|5|3|1|1|1|0|0
RZ1|CHK|313|2|33|9|3|0|0|10|5|0|1|0
RZ1|314|2|Don|5|4|5|4|1|1|1|0|0
RZ1|CHK|314|2|33|9|3|0|0|10|5|0|1|0
RZ1|315|2|Don|5|5|5|5|1|1|1|0|0
RZ1|CHK|315|2|33|9|3|0|0|10|5|0|1|0
RZ1|316|2|Don|5|6|5|6|1|1|1|0|0
RZ1|CHK|316|2|33|9|3|0|0|10|5|0|1|0
RZ1|317|2|Don|5|7|5|7|1|1|1|0|0
RZ1|CHK|317|2|33|9|3|0|0|10|5|0|1|0
[Opponent] Deploy Charlotte Katakuri ["OP11-067">OP11-067]
RZ1|318|2|OP11-067|1|1|2|3|1|1|0|0|0
RZ1|CHK|318|2|33|8|4|0|0|10|5|0|1|0
RZ1|319|2|Don|5|8|5|8|1|1|1|0|0
RZ1|CHK|319|2|33|8|4|0|0|10|5|0|1|0
[Opponent] Deploy Nola ["OP15-069">OP15-069]
RZ1|320|2|OP15-069|1|4|2|4|1|1|0|0|0
RZ1|CHK|320|2|33|7|5|0|0|10|5|0|1|0
[Opponent] Charlotte Katakuri ["OP11-067">OP11-067]: Set Baron Tamago & Pekoms ["ST34-005">ST34-005] to Active
[] Hand: [ST34-001,ST34-004,OP08-069,OP08-069,ST34-005,ST34-001,OP11-073]
[] Board: [ST34-003,ST34-005,ST18-001,OP11-067,OP15-069]
[] Trash: [OP15-078,OP15-069,ST34-002,OP07-077,ST34-005]
[] Life: 0
[] Hand: [OP12-037,OP12-037,OP04-031,OP14-069,OP10-062]
[] Trash: [OP05-034,OP04-024,EB01-019,EB01-019,OP14-061,OP04-037,OP10-065]
[] Board: [OP10-071,OP14-061,OP04-031]
[] Life: 4
[Opponent] End Turn
[] Hand: [OP12-037,OP12-037,OP04-031,OP14-069,OP10-062]
[] Board: [OP10-071,OP14-061,OP04-031]
[] Trash: [OP05-034,OP04-024,EB01-019,EB01-019,OP14-061,OP04-037,OP10-065]
[] Life: 4
[] Hand: [ST34-001,ST34-004,OP08-069,OP08-069,ST34-005,ST34-001,OP11-073]
[] Trash: [OP15-078,OP15-069,ST34-002,OP07-077,ST34-005]
[] Board: [ST34-003,ST34-005,ST18-001,OP11-067,OP15-069]
[] Life: 0
[You] Draw 1 Card
[] Drew card from deck: Viola ["OP10-062">OP10-062]
RZ1|321|1|OP10-062|0|30|1|5|1|1|0|0|0
RZ1|CHK|321|1|30|6|3|4|0|10|7|0|1|0
[You] Demonic Aura Nine-Sword Style Asura Dead Man's Game ["OP12-037">OP12-037]: Rest 1 Don
RZ1|322|1|Don|5|0|5|0|1|1|1|0|0
RZ1|CHK|322|1|30|6|3|4|0|10|7|0|1|0
RZ1|323|1|OP12-037|1|1|6|7|1|1|0|0|0
RZ1|CHK|323|1|30|5|3|4|0|10|8|0|1|0
[You] Demonic Aura Nine-Sword Style Asura Dead Man's Game ["OP12-037">OP12-037]: Rest 3 Don
RZ1|324|1|Don|5|1|5|1|1|1|1|0|0
RZ1|CHK|324|1|30|5|3|4|0|10|8|0|1|0
RZ1|325|1|Don|5|2|5|2|1|1|1|0|0
RZ1|CHK|325|1|30|5|3|4|0|10|8|0|1|0
RZ1|326|1|Don|5|3|5|3|1|1|1|0|0
RZ1|CHK|326|1|30|5|3|4|0|10|8|0|1|0
[You] Demonic Aura Nine-Sword Style Asura Dead Man's Game ["OP12-037">OP12-037]: Rest Charlotte Katakuri ["OP11-067">OP11-067]
[You] Demonic Aura Nine-Sword Style Asura Dead Man's Game ["OP12-037">OP12-037] Rest 1 Opponent Don
RZ1|327|2|Don|5|9|5|9|1|1|1|0|0
RZ1|CHK|327|2|33|7|5|0|0|10|5|0|1|0
[You] Donquixote Doflamingo ["OP04-019">OP04-019] attacking Charlotte Katakuri ["OP11-062">OP11-062]
[Opponent] Discard Baron Tamago & Pekoms ["ST34-005">ST34-005] for Counter 2000
RZ1|328|2|ST34-005|1|4|6|5|1|1|0|0|0
RZ1|CHK|328|2|33|6|5|0|0|10|6|0|1|0
Donquixote Doflamingo ["OP04-019">OP04-019][5000] vs Charlotte Katakuri ["OP11-062">OP11-062][7000]
Attack Fails
[You] Attach 6 Don to Donquixote Doflamingo ["OP04-031">OP04-031] (6 Total)
RZ1|329|1|Don|5|5|9|200|1|1|0|0|0
RZ1|CHK|329|1|30|5|3|4|0|9|8|0|1|1
RZ1|330|1|Don|5|5|9|201|1|1|0|0|0
RZ1|CHK|330|1|30|5|3|4|0|8|8|0|1|2
RZ1|331|1|Don|5|5|9|202|1|1|0|0|0
RZ1|CHK|331|1|30|5|3|4|0|7|8|0|1|3
RZ1|332|1|Don|5|5|9|203|1|1|0|0|0
RZ1|CHK|332|1|30|5|3|4|0|6|8|0|1|4
RZ1|333|1|Don|5|5|9|204|1|1|0|0|0
RZ1|CHK|333|1|30|5|3|4|0|5|8|0|1|5
RZ1|334|1|Don|5|4|9|205|1|1|0|0|0
RZ1|CHK|334|1|30|5|3|4|0|4|8|0|1|6
[You] Donquixote Doflamingo ["OP04-031">OP04-031] attacking Charlotte Katakuri ["OP11-062">OP11-062]
Donquixote Doflamingo ["OP04-031">OP04-031][16000] vs Charlotte Katakuri ["OP11-062">OP11-062][5000]
Charlotte Katakuri ["OP11-062">OP11-062] hit for 1 damage
[Opponent] <b>Downloaded the Combat Log!</b>
GameOver
