Version is 1.41b.27
[You] Leader is Dracule Mihawk ["OP14-020">OP14-020]
RZ1|HDR|1.41b|2|RZ1
RZ1|PLY|1||OP14-020
RZ1|PLY|2||
[Opponent] Leader is Charlotte Katakuri ["OP11-062">OP11-062]
RZ1|1|2|OP11-070|0|3|0|0|0|0|0|0|0
RZ1|CHK|1|2|50|0|0|0|10|0|0|0|1|0
RZ1|2|2|ST34-004|0|37|0|1|0|0|0|0|0
RZ1|CHK|2|2|50|0|0|0|10|0|0|0|1|0
RZ1|3|2|ST34-002|0|18|0|2|0|0|0|0|0
RZ1|CHK|3|2|50|0|0|0|10|0|0|0|1|0
RZ1|4|2|OP08-069|0|35|0|3|0|0|0|0|0
RZ1|CHK|4|2|50|0|0|0|10|0|0|0|1|0
RZ1|5|2|OP07-077|0|47|0|4|0|0|0|0|0
RZ1|CHK|5|2|50|0|0|0|10|0|0|0|1|0
RZ1|6|2|ST34-003|0|13|0|5|0|0|0|0|0
RZ1|CHK|6|2|50|0|0|0|10|0|0|0|1|0
RZ1|7|2|OP11-067|0|33|0|6|0|0|0|0|0
RZ1|CHK|7|2|50|0|0|0|10|0|0|0|1|0
RZ1|8|2|ST18-001|0|17|0|7|0|0|0|0|0
RZ1|CHK|8|2|50|0|0|0|10|0|0|0|1|0
RZ1|9|2|OP15-078|0|43|0|8|0|0|0|0|0
RZ1|CHK|9|2|50|0|0|0|10|0|0|0|1|0
RZ1|10|2|PRB02-010|0|32|0|9|0|0|0|0|0
RZ1|CHK|10|2|50|0|0|0|10|0|0|0|1|0
RZ1|11|2|ST34-002|0|25|0|10|0|0|0|0|0
RZ1|CHK|11|2|50|0|0|0|10|0|0|0|1|0
RZ1|12|2|ST34-005|0|22|0|11|0|0|0|0|0
RZ1|CHK|12|2|50|0|0|0|10|0|0|0|1|0
RZ1|13|2|OP15-069|0|15|0|12|0|0|0|0|0
RZ1|CHK|13|2|50|0|0|0|10|0|0|0|1|0
RZ1|14|2|ST34-005|0|24|0|13|0|0|0|0|0
RZ1|CHK|14|2|50|0|0|0|10|0|0|0|1|0
RZ1|15|2|ST34-003|0|20|0|14|0|0|0|0|0
RZ1|CHK|15|2|50|0|0|0|10|0|0|0|1|0
RZ1|16|2|PRB02-010|0|32|0|15|0|0|0|0|0
RZ1|CHK|16|2|50|0|0|0|10|0|0|0|1|0
RZ1|17|2|OP11-073|0|39|0|16|0|0|0|0|0
RZ1|CHK|17|2|50|0|0|0|10|0|0|0|1|0
RZ1|18|2|ST34-005|0|25|0|17|0|0|0|0|0
RZ1|CHK|18|2|50|0|0|0|10|0|0|0|1|0
RZ1|19|2|ST34-003|0|24|0|18|0|0|0|0|0
RZ1|CHK|19|2|50|0|0|0|10|0|0|0|1|0
RZ1|20|2|ST34-004|0|42|0|19|0|0|0|0|0
RZ1|CHK|20|2|50|0|0|0|10|0|0|0|1|0
RZ1|21|2|OP15-069|0|23|0|20|0|0|0|0|0
RZ1|CHK|21|2|50|0|0|0|10|0|0|0|1|0
RZ1|22|2|OP08-069|0|40|0|21|0|0|0|0|0
RZ1|CHK|22|2|50|0|0|0|10|0|0|0|1|0
RZ1|23|2|OP15-078|0|46|0|22|0|0|0|0|0
RZ1|CHK|23|2|50|0|0|0|10|0|0|0|1|0
RZ1|24|2|OP11-067|0|40|0|23|0|0|0|0|0
RZ1|CHK|24|2|50|0|0|0|10|0|0|0|1|0
RZ1|25|2|ST34-002|0|31|0|24|0|0|0|0|0
RZ1|CHK|25|2|50|0|0|0|10|0|0|0|1|0
RZ1|26|2|ST34-001|0|36|0|25|0|0|0|0|0
RZ1|CHK|26|2|50|0|0|0|10|0|0|0|1|0
RZ1|27|2|OP11-070|0|28|0|26|0|0|0|0|0
RZ1|CHK|27|2|50|0|0|0|10|0|0|0|1|0
RZ1|28|2|ST34-004|0|43|0|27|0|0|0|0|0
RZ1|CHK|28|2|50|0|0|0|10|0|0|0|1|0
RZ1|29|2|ST34-001|0|37|0|28|0|0|0|0|0
RZ1|CHK|29|2|50|0|0|0|10|0|0|0|1|0
RZ1|30|2|ST34-005|0|34|0|29|0|0|0|0|0
RZ1|CHK|30|2|50|0|0|0|10|0|0|0|1|0
RZ1|31|2|ST34-002|0|35|0|30|0|0|0|0|0
RZ1|CHK|31|2|50|0|0|0|10|0|0|0|1|0
RZ1|32|2|OP13-076|0|44|0|31|0|0|0|0|0
RZ1|CHK|32|2|50|0|0|0|10|0|0|0|1|0
RZ1|33|2|ST18-001|0|36|0|33|0|0|0|0|0
RZ1|CHK|33|2|50|0|0|0|10|0|0|0|1|0
RZ1|34|2|ST34-001|0|37|0|34|0|0|0|0|0
RZ1|CHK|34|2|50|0|0|0|10|0|0|0|1|0
RZ1|35|2|OP07-077|0|47|0|35|0|0|0|0|0
RZ1|CHK|35|2|50|0|0|0|10|0|0|0|1|0
RZ1|36|2|PRB02-010|0|41|0|36|0|0|0|0|0
RZ1|CHK|36|2|50|0|0|0|10|0|0|0|1|0
RZ1|37|2|OP08-069|0|44|0|37|0|0|0|0|0
RZ1|CHK|37|2|50|0|0|0|10|0|0|0|1|0
RZ1|38|2|OP07-077|0|48|0|38|0|0|0|0|0
RZ1|CHK|38|2|50|0|0|0|10|0|0|0|1|0
RZ1|39|2|OP07-077|0|49|0|39|0|0|0|0|0
RZ1|CHK|39|2|50|0|0|0|10|0|0|0|1|0
RZ1|40|2|OP15-069|0|41|0|40|0|0|0|0|0
RZ1|CHK|40|2|50|0|0|0|10|0|0|0|1|0
RZ1|41|2|OP11-067|0|46|0|41|0|0|0|0|0
RZ1|CHK|41|2|50|0|0|0|10|0|0|0|1|0
RZ1|42|2|OP15-078|0|49|0|42|0|0|0|0|0
RZ1|CHK|42|2|50|0|0|0|10|0|0|0|1|0
RZ1|43|2|ST34-003|0|44|0|43|0|0|0|0|0
RZ1|CHK|43|2|50|0|0|0|10|0|0|0|1|0
RZ1|44|2|OP11-067|0|47|0|45|0|0|0|0|0
RZ1|CHK|44|2|50|0|0|0|10|0|0|0|1|0
RZ1|45|2|PRB02-010|0|47|0|46|0|0|0|0|0
RZ1|CHK|45|2|50|0|0|0|10|0|0|0|1|0
RZ1|46|2|ST34-004|0|48|0|47|0|0|0|0|0
RZ1|CHK|46|2|50|0|0|0|10|0|0|0|1|0
RZ1|47|2|OP15-078|0|49|0|48|0|0|0|0|0
RZ1|CHK|47|2|50|0|0|0|10|0|0|0|1|0
[] Drew card from deck: Kikunojo ["OP14-023">OP14-023]
RZ1|48|1|OP14-023|0|49|1|0|1|1|0|0|0
RZ1|CHK|48|1|49|1|0|0|10|0|0|0|1|0
[] Drew card from deck: Roronoa Zoro ["ST32-005">ST32-005]
RZ1|49|1|ST32-005|0|48|1|1|1|1|0|0|0
RZ1|CHK|49|1|48|2|0|0|10|0|0|0|1|0
[] Drew card from deck: Perona ["OP14-033">OP14-033]
RZ1|50|1|OP14-033|0|47|1|2|1|1|0|0|0
RZ1|CHK|50|1|47|3|0|0|10|0|0|0|1|0
[] Drew card from deck: Coffin Boat ["OP14-039">OP14-039]
RZ1|51|1|OP14-039|0|46|1|3|1|1|0|0|0
RZ1|CHK|51|1|46|4|0|0|10|0|0|0|1|0
[] Drew card from deck: Kin'emon ["ST32-001">ST32-001]
RZ1|52|1|ST32-001|0|45|1|4|1|1|0|0|0
RZ1|CHK|52|1|45|5|0|0|10|0|0|0|1|0
[] Drew card from deck: Charlotte Katakuri ["ST34-001">ST34-001]
RZ1|53|2|ST34-001|0|49|1|0|1|1|0|0|0
RZ1|CHK|53|2|49|1|0|0|10|0|0|0|1|0
[] Drew card from deck: Mamaragan ["OP15-078">OP15-078]
RZ1|54|2|OP15-078|0|48|1|1|1|1|0|0|0
RZ1|CHK|54|2|48|2|0|0|10|0|0|0|1|0
[] Drew card from deck: Charlotte Linlin ["ST34-004">ST34-004]
RZ1|55|2|ST34-004|0|47|1|2|1|1|0|0|0
RZ1|CHK|55|2|47|3|0|0|10|0|0|0|1|0
[] Drew card from deck: Charlotte Pudding ["PRB02-010">PRB02-010]
RZ1|56|2|PRB02-010|0|46|1|3|1|1|0|0|0
RZ1|CHK|56|2|46|4|0|0|10|0|0|0|1|0
[] Drew card from deck: Charlotte Katakuri ["OP11-067">OP11-067]
RZ1|57|2|OP11-067|0|45|1|4|1|1|0|0|0
RZ1|CHK|57|2|45|5|0|0|10|0|0|0|1|0
RZ1|58|1|ST32-005|0|44|3|0|1|0|0|0|0
RZ1|CHK|58|1|44|5|0|1|10|0|0|0|1|0
RZ1|59|1|OP01-055|0|43|3|1|1|0|0|0|0
RZ1|CHK|59|1|43|5|0|2|10|0|0|0|1|0
RZ1|60|1|OP14-033|0|42|3|2|1|0|0|0|0
RZ1|CHK|60|1|42|5|0|3|10|0|0|0|1|0
RZ1|61|1|OP12-037|0|41|3|3|1|0|0|0|0
RZ1|CHK|61|1|41|5|0|4|10|0|0|0|1|0
RZ1|62|1|OP14-119|0|40|3|4|1|0|0|0|0
RZ1|CHK|62|1|40|5|0|5|10|0|0|0|1|0
RZ1|63|2|OP11-070|0|44|3|0|0|1|0|0|0
RZ1|CHK|63|2|44|5|0|1|10|0|0|0|1|0
RZ1|64|2|ST34-003|0|43|3|1|0|1|0|0|0
RZ1|CHK|64|2|43|5|0|2|10|0|0|0|1|0
RZ1|65|2|OP15-078|0|42|3|2|0|1|0|0|0
RZ1|CHK|65|2|42|5|0|3|10|0|0|0|1|0
RZ1|66|2|OP11-067|0|41|3|3|0|1|0|0|0
RZ1|CHK|66|2|41|5|0|4|10|0|0|0|1|0
RZ1|67|2|OP15-069|0|40|3|4|0|1|0|0|0
RZ1|CHK|67|2|40|5|0|5|10|0|0|0|1|0
[] Hand: [OP14-023,ST32-005,OP14-033,OP14-039,ST32-001]
[] Board: []
[] Trash: []
[] Life: 5
[] Hand: [ST34-001,OP15-078,ST34-004,PRB02-010,OP11-067]
[] Trash: []
[] Board: []
[] Life: 5
RZ1|68|1|Don|4|9|5|0|1|1|0|0|0
RZ1|CHK|68|1|40|5|0|5|9|1|0|0|1|0
[You] Draw 1 Don
RZ1|69|1|Don|5|0|5|0|1|1|1|0|0
RZ1|CHK|69|1|40|5|0|5|9|1|0|0|1|0
[You] Deploy Coffin Boat ["OP14-039">OP14-039]
RZ1|70|1|OP14-039|1|3|7|0|1|1|0|0|0
RZ1|CHK|70|1|40|4|0|5|9|1|0|1|1|0
[] Drew card from deck: Law & Bepo ["ST24-004">ST24-004]
RZ1|71|1|ST24-004|0|39|1|4|1|1|0|0|0
RZ1|CHK|71|1|39|5|0|5|9|1|0|1|1|0
[You] Coffin Boat ["OP14-039">OP14-039]: Draw 1 Card
[You] Coffin Boat ["OP14-039">OP14-039]: Activate 1 Don
RZ1|72|1|Don|5|0|5|0|1|1|0|0|0
RZ1|CHK|72|1|39|5|0|5|9|1|0|1|1|0
[] Hand: [OP14-023,ST32-005,OP14-033,ST32-001,ST24-004]
[] Board: []
[] Trash: []
[] Life: 5
[] Hand: [ST34-001,OP15-078,ST34-004,PRB02-010,OP11-067]
[] Trash: []
[] Board: []
[] Life: 5
[You] End Turn
[] Hand: [ST34-001,OP15-078,ST34-004,PRB02-010,OP11-067]
[] Board: []
[] Trash: []
[] Life: 5
[] Hand: [OP14-023,ST32-005,OP14-033,ST32-001,ST24-004]
[] Trash: []
[] Board: []
[] Life: 5
[Opponent] Draw 1 Card
[] Drew card from deck: We're Going to Claim the One Piece!!! ["OP07-077">OP07-077]
RZ1|73|2|OP07-077|0|39|1|5|1|1|0|0|0
RZ1|CHK|73|2|39|6|0|5|10|0|0|0|1|0
RZ1|74|2|Don|4|9|5|0|1|1|0|0|0
RZ1|CHK|74|2|39|6|0|5|9|1|0|0|1|0
RZ1|75|2|Don|4|8|5|1|1|1|0|0|0
RZ1|CHK|75|2|39|6|0|5|8|2|0|0|1|0
[Opponent] Draw 2 Don
RZ1|76|2|OP15-078|1|1|6|0|1|1|0|0|0
RZ1|CHK|76|2|39|5|0|5|8|2|1|0|1|0
[Opponent] We're Going to Claim the One Piece!!! ["OP07-077">OP07-077]: Rest 1 Don
RZ1|77|2|Don|5|0|5|0|1|1|1|0|0
RZ1|CHK|77|2|39|5|0|5|8|2|1|0|1|0
RZ1|78|2|OP07-077|1|4|6|1|1|1|0|0|0
RZ1|CHK|78|2|39|4|0|5|8|2|2|0|1|0
RZ1|79|2|PRB02-010|0|36|1|4|1|1|0|0|0
RZ1|CHK|79|2|38|5|0|5|8|2|2|0|1|0
[Opponent] We're Going to Claim the One Piece!!! ["OP07-077">OP07-077]: <b>Reveal and Draw Charlotte Pudding ["PRB02-010">PRB02-010]</b>
[Opponent] Placing Cards on Bottom of Deck
RZ1|80|2|OP07-077|0|37|0|0|0|0|0|0|0
RZ1|CHK|80|2|38|5|0|5|8|2|2|0|1|0
RZ1|81|2|OP08-069|0|37|0|0|0|0|0|0|0
RZ1|CHK|81|2|38|5|0|5|8|2|2|0|1|0
RZ1|82|2|OP07-077|0|37|0|0|0|0|0|0|0
RZ1|CHK|82|2|38|5|0|5|8|2|2|0|1|0
RZ1|83|2|ST34-001|0|37|0|0|0|0|0|0|0
RZ1|CHK|83|2|38|5|0|5|8|2|2|0|1|0
[] Hand: [ST34-001,ST34-004,PRB02-010,OP11-067,PRB02-010]
[] Board: []
[] Trash: [OP15-078,OP07-077]
[] Life: 5
[] Hand: [OP14-023,ST32-005,OP14-033,ST32-001,ST24-004]
[] Trash: []
[] Board: []
[] Life: 5
[Opponent] End Turn
[] Hand: [OP14-023,ST32-005,OP14-033,ST32-001,ST24-004]
[] Board: []
[] Trash: []
[] Life: 5
[] Hand: [ST34-001,ST34-004,PRB02-010,OP11-067,PRB02-010]
[] Trash: [OP15-078,OP07-077]
[] Board: []
[] Life: 5
[You] Draw 1 Card
[] Drew card from deck: Law & Bepo ["ST24-004">ST24-004]
RZ1|84|1|ST24-004|0|38|1|5|1|1|0|0|0
RZ1|CHK|84|1|38|6|0|5|9|1|0|1|1|0
RZ1|85|1|Don|4|8|5|1|1|1|0|0|0
RZ1|CHK|85|1|38|6|0|5|8|2|0|1|1|0
RZ1|86|1|Don|4|7|5|2|1|1|0|0|0
RZ1|CHK|86|1|38|6|0|5|7|3|0|1|1|0
[You] Draw 2 Don
RZ1|87|1|Don|5|0|5|0|1|1|1|0|0
RZ1|CHK|87|1|38|6|0|5|7|3|0|1|1|0
[You] Deploy Kikunojo ["OP14-023">OP14-023]
RZ1|88|1|OP14-023|1|0|2|0|1|1|0|0|0
RZ1|CHK|88|1|38|5|1|5|7|3|0|1|1|0
[You] Attach 1 Don to Dracule Mihawk ["OP14-020">OP14-020] (1 Total)
RZ1|89|1|Don|5|2|9|9900|1|1|0|0|0
RZ1|CHK|89|1|38|5|1|5|7|2|0|1|1|1
[You] Attach 1 Don to Dracule Mihawk ["OP14-020">OP14-020] (2 Total)
RZ1|90|1|Don|5|1|9|9901|1|1|0|0|0
RZ1|CHK|90|1|38|5|1|5|7|1|0|1|1|2
[You] Dracule Mihawk ["OP14-020">OP14-020] attacking Charlotte Katakuri ["OP11-062">OP11-062]
Dracule Mihawk ["OP14-020">OP14-020][7000] vs Charlotte Katakuri ["OP11-062">OP11-062][5000]
Charlotte Katakuri ["OP11-062">OP11-062] hit for 1 damage
RZ1|91|2|OP15-069|3|4|1|5|1|1|0|0|0
RZ1|CHK|91|2|38|6|0|4|8|2|2|0|1|0
[You] Coffin Boat ["OP14-039">OP14-039]: Activate 1 Don
RZ1|92|1|Don|5|0|5|0|1|1|0|0|0
RZ1|CHK|92|1|38|5|1|5|7|1|0|1|1|2
[You] Kikunojo ["OP14-023">OP14-023]: Set Kikunojo ["OP14-023">OP14-023] to Active
[] Hand: [ST32-005,OP14-033,ST32-001,ST24-004,ST24-004]
[] Board: [OP14-023]
[] Trash: []
[] Life: 5
[] Hand: [ST34-001,ST34-004,PRB02-010,OP11-067,PRB02-010,OP15-069]
[] Trash: [OP15-078,OP07-077]
[] Board: []
[] Life: 4
[You] End Turn
[] Hand: [ST34-001,ST34-004,PRB02-010,OP11-067,PRB02-010,OP15-069]
[] Board: []
[] Trash: [OP15-078,OP07-077]
[] Life: 4
[] Hand: [ST32-005,OP14-033,ST32-001,ST24-004,ST24-004]
[] Trash: []
[] Board: [OP14-023]
[] Life: 5
[Opponent] Draw 1 Card
[] Drew card from deck: Usohachi ["ST18-001">ST18-001]
RZ1|93|2|ST18-001|0|37|1|6|1|1|0|0|0
RZ1|CHK|93|2|37|7|0|4|8|2|2|0|1|0
RZ1|94|2|Don|4|7|5|2|1|1|0|0|0
RZ1|CHK|94|2|37|7|0|4|7|3|2|0|1|0
RZ1|95|2|Don|4|6|5|3|1|1|0|0|0
RZ1|CHK|95|2|37|7|0|4|6|4|2|0|1|0
[Opponent] Draw 2 Don
RZ1|96|2|Don|5|0|9|9900|1|1|0|0|0
RZ1|CHK|96|2|37|7|0|4|6|3|2|0|1|1
[Opponent] Attach 1 Don to Charlotte Katakuri ["OP11-062">OP11-062] (1 Total)
[Opponent] Charlotte Katakuri ["OP11-062">OP11-062] attacking Dracule Mihawk ["OP14-020">OP14-020]
[You] Discard Roronoa Zoro ["ST32-005">ST32-005] for Counter 2000
RZ1|97|1|ST32-005|1|0|6|0|1|1|0|0|0
RZ1|CHK|97|1|38|4|1|5|7|1|1|1|1|2
Charlotte Katakuri ["OP11-062">OP11-062][6000] vs Dracule Mihawk ["OP14-020">OP14-020][7000]
Attack Fails
RZ1|98|2|Don|5|0|5|0|1|1|1|0|0
RZ1|CHK|98|2|37|7|0|4|6|3|2|0|1|1
[Opponent] Deploy Nola ["OP15-069">OP15-069]
RZ1|99|2|OP15-069|1|5|2|0|1|1|0|0|0
RZ1|CHK|99|2|37|6|1|4|6|3|2|0|1|1
[] Hand: [ST34-001,ST34-004,PRB02-010,OP11-067,PRB02-010,ST18-001]
[] Board: [OP15-069]
[] Trash: [OP15-078,OP07-077]
[] Life: 4
[] Hand: [OP14-033,ST32-001,ST24-004,ST24-004]
[] Trash: [ST32-005]
[] Board: [OP14-023]
[] Life: 5
[Opponent] End Turn
[] Hand: [OP14-033,ST32-001,ST24-004,ST24-004]
[] Board: [OP14-023]
[] Trash: [ST32-005]
[] Life: 5
[] Hand: [ST34-001,ST34-004,PRB02-010,OP11-067,PRB02-010,ST18-001]
[] Trash: [OP15-078,OP07-077]
[] Board: [OP15-069]
[] Life: 4
RZ1|100|1|Don|9|9900|5|0|1|1|1|0|0
RZ1|CHK|100|1|38|4|1|5|7|2|1|1|1|1
RZ1|101|1|Don|9|9900|5|0|1|1|1|0|0
RZ1|CHK|101|1|38|4|1|5|7|3|1|1|1|0
[You] Draw 1 Card
[] Drew card from deck: Otama ["OP07-022">OP07-022]
RZ1|102|1|OP07-022|0|37|1|4|1|1|0|0|0
RZ1|CHK|102|1|37|5|1|5|7|3|1|1|1|0
RZ1|103|1|Don|4|6|5|3|1|1|0|0|0
RZ1|CHK|103|1|37|5|1|5|6|4|1|1|1|0
RZ1|104|1|Don|4|5|5|4|1|1|0|0|0
RZ1|CHK|104|1|37|5|1|5|5|5|1|1|1|0
[You] Draw 2 Don
RZ1|105|1|Don|5|0|5|0|1|1|1|0|0
RZ1|CHK|105|1|37|5|1|5|5|5|1|1|1|0
RZ1|106|1|Don|5|1|5|1|1|1|1|0|0
RZ1|CHK|106|1|37|5|1|5|5|5|1|1|1|0
RZ1|107|1|Don|5|2|5|2|1|1|1|0|0
RZ1|CHK|107|1|37|5|1|5|5|5|1|1|1|0
RZ1|108|1|Don|5|3|5|3|1|1|1|0|0
RZ1|CHK|108|1|37|5|1|5|5|5|1|1|1|0
RZ1|109|1|Don|5|4|5|4|1|1|1|0|0
RZ1|CHK|109|1|37|5|1|5|5|5|1|1|1|0
[You] Deploy Perona ["OP14-033">OP14-033]
RZ1|110|1|OP14-033|1|0|2|1|1|1|0|0|0
RZ1|CHK|110|1|37|4|2|5|5|5|1|1|1|0
[You] Perona ["OP14-033">OP14-033]: Nola ["OP15-069">OP15-069] can't be rested until next turn ends
[You] Dracule Mihawk ["OP14-020">OP14-020]: Rest Perona ["OP14-033">OP14-033]
[You] Dracule Mihawk ["OP14-020">OP14-020]: Activate 1 Don
RZ1|111|1|Don|5|4|5|4|1|1|0|0|0
RZ1|CHK|111|1|37|4|2|5|5|5|1|1|1|0
[You] Dracule Mihawk ["OP14-020">OP14-020]: Activate 1 Don
RZ1|112|1|Don|5|3|5|3|1|1|0|0|0
RZ1|CHK|112|1|37|4|2|5|5|5|1|1|1|0
[You] Dracule Mihawk ["OP14-020">OP14-020]: Activate 1 Don
RZ1|113|1|Don|5|2|5|2|1|1|0|0|0
RZ1|CHK|113|1|37|4|2|5|5|5|1|1|1|0
[You] Dracule Mihawk ["OP14-020">OP14-020]: Can't play Cost 1 Or More Characters for the Turn!
[You] Dracule Mihawk ["OP14-020">OP14-020] attacking Charlotte Katakuri ["OP11-062">OP11-062]
[Opponent] Discard Charlotte Pudding ["PRB02-010">PRB02-010] for Counter 1000
RZ1|114|2|PRB02-010|1|2|6|2|1|1|0|0|0
RZ1|CHK|114|2|37|5|1|4|6|3|3|0|1|1
Dracule Mihawk ["OP14-020">OP14-020][5000] vs Charlotte Katakuri ["OP11-062">OP11-062][6000]
Attack Fails
[You] Attach 3 Don to Kikunojo ["OP14-023">OP14-023] (3 Total)
RZ1|115|1|Don|5|4|9|0|1|1|0|0|0
RZ1|CHK|115|1|37|4|2|5|5|4|1|1|1|1
RZ1|116|1|Don|5|3|9|1|1|1|0|0|0
RZ1|CHK|116|1|37|4|2|5|5|3|1|1|1|2
RZ1|117|1|Don|5|2|9|2|1|1|0|0|0
RZ1|CHK|117|1|37|4|2|5|5|2|1|1|1|3
[You] Kikunojo ["OP14-023">OP14-023] attacking Charlotte Katakuri ["OP11-062">OP11-062]
[Opponent] Discard Charlotte Pudding ["PRB02-010">PRB02-010] for Counter 1000
RZ1|118|2|PRB02-010|1|3|6|3|1|1|0|0|0
RZ1|CHK|118|2|37|4|1|4|6|3|4|0|1|1
Kikunojo ["OP14-023">OP14-023][5000] vs Charlotte Katakuri ["OP11-062">OP11-062][6000]
Attack Fails
[You] Coffin Boat ["OP14-039">OP14-039]: Activate 1 Don
RZ1|119|1|Don|5|1|5|1|1|1|0|0|0
RZ1|CHK|119|1|37|4|2|5|5|2|1|1|1|3
[You] Kikunojo ["OP14-023">OP14-023]: Set Kikunojo ["OP14-023">OP14-023] to Active
[] Hand: [ST32-001,ST24-004,ST24-004,OP07-022]
[] Board: [OP14-023,OP14-033]
[] Trash: [ST32-005]
[] Life: 5
[] Hand: [ST34-001,ST34-004,OP11-067,ST18-001]
[] Trash: [OP15-078,OP07-077,PRB02-010,PRB02-010]
[] Board: [OP15-069]
[] Life: 4
[You] End Turn
[] Hand: [ST34-001,ST34-004,OP11-067,ST18-001]
[] Board: [OP15-069]
[] Trash: [OP15-078,OP07-077,PRB02-010,PRB02-010]
[] Life: 4
[] Hand: [ST32-001,ST24-004,ST24-004,OP07-022]
[] Trash: [ST32-005]
[] Board: [OP14-023,OP14-033]
[] Life: 5
RZ1|120|2|Don|9|9900|5|0|1|1|1|0|0
RZ1|CHK|120|2|37|4|1|4|6|4|4|0|1|0
[Opponent] Draw 1 Card
[] Drew card from deck: Charlotte Pudding ["OP11-070">OP11-070]
RZ1|121|2|OP11-070|0|36|1|4|1|1|0|0|0
RZ1|CHK|121|2|36|5|1|4|6|4|4|0|1|0
RZ1|122|2|Don|4|5|5|4|1|1|0|0|0
RZ1|CHK|122|2|36|5|1|4|5|5|4|0|1|0
RZ1|123|2|Don|4|4|5|5|1|1|0|0|0
RZ1|CHK|123|2|36|5|1|4|4|6|4|0|1|0
[Opponent] Draw 2 Don
RZ1|124|2|Don|5|0|9|9900|1|1|0|0|0
RZ1|CHK|124|2|36|5|1|4|4|5|4|0|1|1
RZ1|125|2|Don|5|0|9|9901|1|1|0|0|0
RZ1|CHK|125|2|36|5|1|4|4|4|4|0|1|2
[Opponent] Attach 2 Don to Charlotte Katakuri ["OP11-062">OP11-062] (2 Total)
[Opponent] Charlotte Katakuri ["OP11-062">OP11-062] attacking Perona ["OP14-033">OP14-033]
[You] Discard Otama ["OP07-022">OP07-022] for Counter 2000
RZ1|126|1|OP07-022|1|3|6|1|1|1|0|0|0
RZ1|CHK|126|1|37|3|2|5|5|2|2|1|1|3
Charlotte Katakuri ["OP11-062">OP11-062][7000] vs Perona ["OP14-033">OP14-033][8000]
Attack Fails
RZ1|127|2|Don|5|0|5|0|1|1|1|0|0
RZ1|CHK|127|2|36|5|1|4|4|4|4|0|1|2
[Opponent] Deploy Charlotte Pudding ["OP11-070">OP11-070]
RZ1|128|2|OP11-070|1|4|2|1|1|1|0|0|0
RZ1|CHK|128|2|36|4|2|4|4|4|4|0|1|2
RZ1|129|2|ST34-002|0|34|1|4|1|1|0|0|0
RZ1|CHK|129|2|35|5|2|4|4|4|4|0|1|2
[Opponent] Charlotte Pudding ["OP11-070">OP11-070]: <b>Reveal and Draw Charlotte Cracker ["ST34-002">ST34-002]</b>
[Opponent] Placing Cards on Bottom of Deck
RZ1|130|2|OP13-076|0|34|0|0|0|0|0|0|0
RZ1|CHK|130|2|35|5|2|4|4|4|4|0|1|2
RZ1|131|2|ST34-005|0|34|0|0|0|0|0|0|0
RZ1|CHK|131|2|35|5|2|4|4|4|4|0|1|2
RZ1|132|2|ST34-001|0|34|0|0|0|0|0|0|0
RZ1|CHK|132|2|35|5|2|4|4|4|4|0|1|2
RZ1|133|2|ST34-004|0|34|0|0|0|0|0|0|0
RZ1|CHK|133|2|35|5|2|4|4|4|4|0|1|2
RZ1|134|2|Don|5|1|9|100|1|1|0|0|0
RZ1|CHK|134|2|35|5|2|4|4|3|4|0|1|3
[Opponent] Attach 1 Don to Charlotte Pudding ["OP11-070">OP11-070] (1 Total)
[] Hand: [ST34-001,ST34-004,OP11-067,ST18-001,ST34-002]
[] Board: [OP15-069,OP11-070]
[] Trash: [OP15-078,OP07-077,PRB02-010,PRB02-010]
[] Life: 4
[] Hand: [ST32-001,ST24-004,ST24-004]
[] Trash: [ST32-005,OP07-022]
[] Board: [OP14-023,OP14-033]
[] Life: 5
[Opponent] End Turn
[] Hand: [ST32-001,ST24-004,ST24-004]
[] Board: [OP14-023,OP14-033]
[] Trash: [ST32-005,OP07-022]
[] Life: 5
[] Hand: [ST34-001,ST34-004,OP11-067,ST18-001,ST34-002]
[] Trash: [OP15-078,OP07-077,PRB02-010,PRB02-010]
[] Board: [OP15-069,OP11-070]
[] Life: 4
RZ1|135|1|Don|9|0|5|0|1|1|1|0|0
RZ1|CHK|135|1|37|3|2|5|5|3|2|1|1|2
RZ1|136|1|Don|9|0|5|0|1|1|1|0|0
RZ1|CHK|136|1|37|3|2|5|5|4|2|1|1|1
RZ1|137|1|Don|9|0|5|0|1|1|1|0|0
RZ1|CHK|137|1|37|3|2|5|5|5|2|1|1|0
[You] Draw 1 Card
[] Drew card from deck: Perona ["OP12-034">OP12-034]
RZ1|138|1|OP12-034|0|36|1|3|1|1|0|0|0
RZ1|CHK|138|1|36|4|2|5|5|5|2|1|1|0
RZ1|139|1|Don|4|4|5|5|1|1|0|0|0
RZ1|CHK|139|1|36|4|2|5|4|6|2|1|1|0
RZ1|140|1|Don|4|3|5|6|1|1|0|0|0
RZ1|CHK|140|1|36|4|2|5|3|7|2|1|1|0
[You] Draw 2 Don
RZ1|141|1|Don|5|0|5|0|1|1|1|0|0
RZ1|CHK|141|1|36|4|2|5|3|7|2|1|1|0
[You] Deploy Perona ["OP12-034">OP12-034]
RZ1|142|1|OP12-034|1|3|2|2|1|1|0|0|0
RZ1|CHK|142|1|36|3|3|5|3|7|2|1|1|0
RZ1|143|1|ST32-003|0|33|1|3|1|1|0|0|0
RZ1|CHK|143|1|35|4|3|5|3|7|2|1|1|0
[You] Perona ["OP12-034">OP12-034]: <b>Reveal and Draw Dracule Mihawk ["ST32-003">ST32-003]</b>
[You] Placing Cards on Bottom of Deck
RZ1|144|1|OP01-055|0|34|0|0|0|0|0|0|0
RZ1|CHK|144|1|35|4|3|5|3|7|2|1|1|0
RZ1|145|1|ST32-005|0|34|0|0|0|0|0|0|0
RZ1|CHK|145|1|35|4|3|5|3|7|2|1|1|0
RZ1|146|1|ST32-002|0|34|0|0|0|0|0|0|0
RZ1|CHK|146|1|35|4|3|5|3|7|2|1|1|0
RZ1|147|1|ST24-004|0|34|0|0|0|0|0|0|0
RZ1|CHK|147|1|35|4|3|5|3|7|2|1|1|0
RZ1|148|1|Don|5|1|5|1|1|1|1|0|0
RZ1|CHK|148|1|35|4|3|5|3|7|2|1|1|0
[You] Deploy Kin'emon ["ST32-001">ST32-001]
RZ1|149|1|ST32-001|1|0|2|3|1|1|0|0|0
RZ1|CHK|149|1|35|3|4|5|3|7|2|1|1|0
[You] Kin'emon ["ST32-001">ST32-001]: Rest Don ["Don">Don]
RZ1|150|1|Don|5|2|5|2|1|1|1|0|0
RZ1|CHK|150|1|35|3|4|5|3|7|2|1|1|0
[] Drew card from deck: Otama ["OP07-022">OP07-022]
RZ1|151|1|OP07-022|0|34|1|3|1|1|0|0|0
RZ1|CHK|151|1|34|4|4|5|3|7|2|1|1|0
[] Drew card from deck: Kin'emon ["ST32-001">ST32-001]
RZ1|152|1|ST32-001|0|33|1|4|1|1|0|0|0
RZ1|CHK|152|1|33|5|4|5|3|7|2|1|1|0
[You] Kin'emon ["ST32-001">ST32-001]: Draw 2 Card
RZ1|153|1|ST32-001|1|4|6|2|1|1|0|0|0
RZ1|CHK|153|1|33|4|4|5|3|7|3|1|1|0
[You] Kin'emon ["ST32-001">ST32-001]: Trash Kin'emon ["ST32-001">ST32-001]
[You] Attach 3 Don to Kikunojo ["OP14-023">OP14-023] (3 Total)
RZ1|154|1|Don|5|6|9|0|1|1|0|0|0
RZ1|CHK|154|1|33|4|4|5|3|6|3|1|1|1
RZ1|155|1|Don|5|5|9|1|1|1|0|0|0
RZ1|CHK|155|1|33|4|4|5|3|5|3|1|1|2
RZ1|156|1|Don|5|4|9|2|1|1|0|0|0
RZ1|CHK|156|1|33|4|4|5|3|4|3|1|1|3
[You] Kikunojo ["OP14-023">OP14-023] attacking Charlotte Katakuri ["OP11-062">OP11-062]
Kikunojo ["OP14-023">OP14-023][5000] vs Charlotte Katakuri ["OP11-062">OP11-062][5000]
Charlotte Katakuri ["OP11-062">OP11-062] hit for 1 damage
RZ1|157|2|OP11-067|3|3|1|5|1|1|0|0|0
RZ1|CHK|157|2|35|6|2|3|4|3|4|0|1|3
[You] Attach 1 Don to Dracule Mihawk ["OP14-020">OP14-020] (1 Total)
RZ1|158|1|Don|5|3|9|9900|1|1|0|0|0
RZ1|CHK|158|1|33|4|4|5|3|3|3|1|1|4
[You] Perona ["OP14-033">OP14-033] attacking Charlotte Katakuri ["OP11-062">OP11-062]
[Opponent] Discard Usohachi ["ST18-001">ST18-001] for Counter 2000
RZ1|159|2|ST18-001|1|3|6|4|1|1|0|0|0
RZ1|CHK|159|2|35|5|2|3|4|3|5|0|1|3
Perona ["OP14-033">OP14-033][6000] vs Charlotte Katakuri ["OP11-062">OP11-062][7000]
Attack Fails
[You] Dracule Mihawk ["OP14-020">OP14-020] attacking Charlotte Katakuri ["OP11-062">OP11-062]
Dracule Mihawk ["OP14-020">OP14-020][6000] vs Charlotte Katakuri ["OP11-062">OP11-062][5000]
Charlotte Katakuri ["OP11-062">OP11-062] hit for 1 damage
RZ1|160|2|OP15-078|3|2|1|5|1|1|0|0|0
RZ1|CHK|160|2|35|6|2|2|4|3|5|0|1|3
[You] Coffin Boat ["OP14-039">OP14-039]: Activate 1 Don
RZ1|161|1|Don|5|2|5|2|1|1|0|0|0
RZ1|CHK|161|1|33|4|4|5|3|3|3|1|1|4
[You] Kikunojo ["OP14-023">OP14-023]: Set Kikunojo ["OP14-023">OP14-023] to Active
[] Hand: [ST24-004,ST24-004,ST32-003,OP07-022]
[] Board: [OP14-023,OP14-033,OP12-034,ST32-001]
[] Trash: [ST32-005,OP07-022,ST32-001]
[] Life: 5
[] Hand: [ST34-001,ST34-004,OP11-067,ST34-002,OP11-067,OP15-078]
[] Trash: [OP15-078,OP07-077,PRB02-010,PRB02-010,ST18-001]
[] Board: [OP15-069,OP11-070]
[] Life: 2
[You] End Turn
[] Hand: [ST34-001,ST34-004,OP11-067,ST34-002,OP11-067,OP15-078]
[] Board: [OP15-069,OP11-070]
[] Trash: [OP15-078,OP07-077,PRB02-010,PRB02-010,ST18-001]
[] Life: 2
[] Hand: [ST24-004,ST24-004,ST32-003,OP07-022]
[] Trash: [ST32-005,OP07-022,ST32-001]
[] Board: [OP14-023,OP14-033,OP12-034,ST32-001]
[] Life: 5
RZ1|162|2|Don|9|9900|5|0|1|1|1|0|0
RZ1|CHK|162|2|35|6|2|2|4|4|5|0|1|2
RZ1|163|2|Don|9|9900|5|0|1|1|1|0|0
RZ1|CHK|163|2|35|6|2|2|4|5|5|0|1|1
RZ1|164|2|Don|9|100|5|0|1|1|1|0|0
RZ1|CHK|164|2|35|6|2|2|4|6|5|0|1|0
[Opponent] Draw 1 Card
[] Drew card from deck: Charlotte Pudding ["OP11-070">OP11-070]
RZ1|165|2|OP11-070|0|34|1|6|1|1|0|0|0
RZ1|CHK|165|2|34|7|2|2|4|6|5|0|1|0
RZ1|166|2|Don|4|3|5|6|1|1|0|0|0
RZ1|CHK|166|2|34|7|2|2|3|7|5|0|1|0
RZ1|167|2|Don|4|2|5|7|1|1|0|0|0
RZ1|CHK|167|2|34|7|2|2|2|8|5|0|1|0
[Opponent] Draw 2 Don
RZ1|168|2|Don|5|0|9|100|1|1|0|0|0
RZ1|CHK|168|2|34|7|2|2|2|7|5|0|1|1
RZ1|169|2|Don|5|0|9|101|1|1|0|0|0
RZ1|CHK|169|2|34|7|2|2|2|6|5|0|1|2
RZ1|170|2|Don|5|0|9|102|1|1|0|0|0
RZ1|CHK|170|2|34|7|2|2|2|5|5|0|1|3
RZ1|171|2|Don|5|0|9|103|1|1|0|0|0
RZ1|CHK|171|2|34|7|2|2|2|4|5|0|1|4
RZ1|172|2|Don|5|0|9|104|1|1|0|0|0
RZ1|CHK|172|2|34|7|2|2|2|3|5|0|1|5
RZ1|173|2|Don|5|0|9|105|1|1|0|0|0
RZ1|CHK|173|2|34|7|2|2|2|2|5|0|1|6
[Opponent] Attach 6 Don to Charlotte Pudding ["OP11-070">OP11-070] (6 Total)
[Opponent] Charlotte Pudding ["OP11-070">OP11-070] attacking Perona ["OP14-033">OP14-033]
[You] Discard Otama ["OP07-022">OP07-022] for Counter 2000
RZ1|174|1|OP07-022|1|3|6|3|1|1|0|0|0
RZ1|CHK|174|1|33|3|4|5|3|3|4|1|1|4
Charlotte Pudding ["OP11-070">OP11-070][6000] vs Perona ["OP14-033">OP14-033][8000]
Attack Fails
[Opponent] Charlotte Katakuri ["OP11-062">OP11-062] attacking Perona ["OP14-033">OP14-033]
Charlotte Katakuri ["OP11-062">OP11-062][5000] vs Perona ["OP14-033">OP14-033][6000]
Attack Fails
RZ1|175|2|OP15-078|1|5|6|5|1|1|0|0|0
RZ1|CHK|175|2|34|6|2|2|2|2|6|0|1|6
RZ1|176|2|Don|5|0|5|0|1|1|1|0|0
RZ1|CHK|176|2|34|6|2|2|2|2|6|0|1|6
[Opponent] Deploy Charlotte Pudding ["OP11-070">OP11-070]
RZ1|177|2|OP11-070|1|5|2|2|1|1|0|0|0
RZ1|CHK|177|2|34|5|3|2|2|2|6|0|1|6
RZ1|178|2|OP11-067|0|31|1|5|1|1|0|0|0
RZ1|CHK|178|2|33|6|3|2|2|2|6|0|1|6
[Opponent] Charlotte Pudding ["OP11-070">OP11-070]: <b>Reveal and Draw Charlotte Katakuri ["OP11-067">OP11-067]</b>
[Opponent] Placing Cards on Bottom of Deck
RZ1|179|2|ST34-001|0|32|0|0|0|0|0|0|0
RZ1|CHK|179|2|33|6|3|2|2|2|6|0|1|6
RZ1|180|2|ST34-002|0|32|0|0|0|0|0|0|0
RZ1|CHK|180|2|33|6|3|2|2|2|6|0|1|6
RZ1|181|2|OP15-078|0|32|0|0|0|0|0|0|0
RZ1|CHK|181|2|33|6|3|2|2|2|6|0|1|6
RZ1|182|2|OP08-069|0|32|0|0|0|0|0|0|0
RZ1|CHK|182|2|33|6|3|2|2|2|6|0|1|6
RZ1|183|2|Don|5|1|9|200|1|1|0|0|0
RZ1|CHK|183|2|33|6|3|2|2|1|6|0|1|7
[Opponent] Attach 1 Don to Charlotte Pudding ["OP11-070">OP11-070] (1 Total)
[] Hand: [ST34-001,ST34-004,OP11-067,ST34-002,OP11-067,OP11-067]
[] Board: [OP15-069,OP11-070,OP11-070]
[] Trash: [OP15-078,OP07-077,PRB02-010,PRB02-010,ST18-001,OP15-078]
[] Life: 2
[] Hand: [ST24-004,ST24-004,ST32-003]
[] Trash: [ST32-005,OP07-022,ST32-001,OP07-022]
[] Board: [OP14-023,OP14-033,OP12-034,ST32-001]
[] Life: 5
[Opponent] End Turn
[] Hand: [ST24-004,ST24-004,ST32-003]
[] Board: [OP14-023,OP14-033,OP12-034,ST32-001]
[] Trash: [ST32-005,OP07-022,ST32-001,OP07-022]
[] Life: 5
[] Hand: [ST34-001,ST34-004,OP11-067,ST34-002,OP11-067,OP11-067]
[] Trash: [OP15-078,OP07-077,PRB02-010,PRB02-010,ST18-001,OP15-078]
[] Board: [OP15-069,OP11-070,OP11-070]
[] Life: 2
RZ1|184|1|Don|9|9900|5|0|1|1|1|0|0
RZ1|CHK|184|1|33|3|4|5|3|4|4|1|1|3
RZ1|185|1|Don|9|0|5|0|1|1|1|0|0
RZ1|CHK|185|1|33|3|4|5|3|5|4|1|1|2
RZ1|186|1|Don|9|0|5|0|1|1|1|0|0
RZ1|CHK|186|1|33|3|4|5|3|6|4|1|1|1
RZ1|187|1|Don|9|0|5|0|1|1|1|0|0
RZ1|CHK|187|1|33|3|4|5|3|7|4|1|1|0
[You] Draw 1 Card
[] Drew card from deck: Dracule Mihawk ["ST32-003">ST32-003]
RZ1|188|1|ST32-003|0|32|1|3|1|1|0|0|0
RZ1|CHK|188|1|32|4|4|5|3|7|4|1|1|0
RZ1|189|1|Don|4|2|5|7|1|1|0|0|0
RZ1|CHK|189|1|32|4|4|5|2|8|4|1|1|0
RZ1|190|1|Don|4|1|5|8|1|1|0|0|0
RZ1|CHK|190|1|32|4|4|5|1|9|4|1|1|0
[You] Draw 2 Don
[You] Attach 3 Don to Kikunojo ["OP14-023">OP14-023] (3 Total)
RZ1|191|1|Don|5|8|9|0|1|1|0|0|0
RZ1|CHK|191|1|32|4|4|5|1|8|4|1|1|1
RZ1|192|1|Don|5|7|9|1|1|1|0|0|0
RZ1|CHK|192|1|32|4|4|5|1|7|4|1|1|2
RZ1|193|1|Don|5|6|9|2|1|1|0|0|0
RZ1|CHK|193|1|32|4|4|5|1|6|4|1|1|3
[You] Kikunojo ["OP14-023">OP14-023] attacking Charlotte Katakuri ["OP11-062">OP11-062]
Kikunojo ["OP14-023">OP14-023][5000] vs Charlotte Katakuri ["OP11-062">OP11-062][5000]
Charlotte Katakuri ["OP11-062">OP11-062] hit for 1 damage
RZ1|194|2|ST34-003|3|1|1|6|1|1|0|0|0
RZ1|CHK|194|2|33|7|3|1|2|1|6|0|1|7
[You] Attach 3 Don to Perona ["OP12-034">OP12-034] (3 Total)
RZ1|195|1|Don|5|5|9|200|1|1|0|0|0
RZ1|CHK|195|1|32|4|4|5|1|5|4|1|1|4
RZ1|196|1|Don|5|4|9|201|1|1|0|0|0
RZ1|CHK|196|1|32|4|4|5|1|4|4|1|1|5
RZ1|197|1|Don|5|3|9|202|1|1|0|0|0
RZ1|CHK|197|1|32|4|4|5|1|3|4|1|1|6
[You] Perona ["OP12-034">OP12-034] attacking Charlotte Katakuri ["OP11-062">OP11-062]
Perona ["OP12-034">OP12-034][5000] vs Charlotte Katakuri ["OP11-062">OP11-062][5000]
Charlotte Katakuri ["OP11-062">OP11-062] hit for 1 damage
RZ1|198|2|OP11-070|3|0|1|7|1|1|0|0|0
RZ1|CHK|198|2|33|8|3|0|2|1|6|0|1|7
[You] Kin'emon ["ST32-001">ST32-001] attacking Charlotte Pudding ["OP11-070">OP11-070]
Kin'emon ["ST32-001">ST32-001][2000] vs Charlotte Pudding ["OP11-070">OP11-070][0]
[Opponent] Charlotte Pudding ["OP11-070">OP11-070] Destroyed
RZ1|199|2|Don|9|100|5|0|1|1|1|0|0
RZ1|CHK|199|2|33|8|3|0|2|2|6|0|1|6
RZ1|200|2|Don|9|100|5|0|1|1|1|0|0
RZ1|CHK|200|2|33|8|3|0|2|3|6|0|1|5
RZ1|201|2|Don|9|100|5|0|1|1|1|0|0
RZ1|CHK|201|2|33|8|3|0|2|4|6|0|1|4
RZ1|202|2|Don|9|100|5|0|1|1|1|0|0
RZ1|CHK|202|2|33|8|3|0|2|5|6|0|1|3
RZ1|203|2|Don|9|100|5|0|1|1|1|0|0
RZ1|CHK|203|2|33|8|3|0|2|6|6|0|1|2
RZ1|204|2|Don|9|100|5|0|1|1|1|0|0
RZ1|CHK|204|2|33|8|3|0|2|7|6|0|1|1
RZ1|205|2|OP11-070|2|1|6|6|1|1|0|0|0
RZ1|CHK|205|2|33|8|2|0|2|7|7|0|1|1
[You] Dracule Mihawk ["OP14-020">OP14-020] attacking Charlotte Katakuri ["OP11-062">OP11-062]
[Opponent] Discard Charlotte Pudding ["OP11-070">OP11-070] for Counter 1000
RZ1|206|2|OP11-070|1|7|6|7|1|1|0|0|0
RZ1|CHK|206|2|33|7|2|0|2|7|8|0|1|1
Dracule Mihawk ["OP14-020">OP14-020][5000] vs Charlotte Katakuri ["OP11-062">OP11-062][6000]
Attack Fails
[You] Attach 3 Don to Perona ["OP14-033">OP14-033] (3 Total)
RZ1|207|1|Don|5|2|9|100|1|1|0|0|0
RZ1|CHK|207|1|32|4|4|5|1|2|4|1|1|7
RZ1|208|1|Don|5|1|9|101|1|1|0|0|0
RZ1|CHK|208|1|32|4|4|5|1|1|4|1|1|8
RZ1|209|1|Don|5|0|9|102|1|1|0|0|0
RZ1|CHK|209|1|32|4|4|5|1|0|4|1|1|9
[You] Perona ["OP14-033">OP14-033] attacking Charlotte Katakuri ["OP11-062">OP11-062]
Perona ["OP14-033">OP14-033][9000] vs Charlotte Katakuri ["OP11-062">OP11-062][5000]
Charlotte Katakuri ["OP11-062">OP11-062] hit for 1 damage
[Opponent] <b>Downloaded the Combat Log!</b>
GameOver
