Version is 1.41b.37
[You] Leader is Dracule Mihawk ["OP14-020">OP14-020]
RZ1|HDR|1.41b|2|RZ1
RZ1|PLY|1||OP14-020
RZ1|PLY|2||
[Opponent] Leader is Charlotte Katakuri ["OP11-062">OP11-062]
RZ1|1|2|ST34-001|0|23|0|0|0|0|0|0|0
RZ1|CHK|1|2|50|0|0|0|10|0|0|0|1|0
RZ1|2|2|ST34-005|0|14|0|1|0|0|0|0|0
RZ1|CHK|2|2|50|0|0|0|10|0|0|0|1|0
RZ1|3|2|OP15-078|0|43|0|2|0|0|0|0|0
RZ1|CHK|3|2|50|0|0|0|10|0|0|0|1|0
RZ1|4|2|OP15-069|0|8|0|3|0|0|0|0|0
RZ1|CHK|4|2|50|0|0|0|10|0|0|0|1|0
RZ1|5|2|ST34-001|0|25|0|4|0|0|0|0|0
RZ1|CHK|5|2|50|0|0|0|10|0|0|0|1|0
RZ1|6|2|ST34-003|0|12|0|5|0|0|0|0|0
RZ1|CHK|6|2|50|0|0|0|10|0|0|0|1|0
RZ1|7|2|OP15-069|0|10|0|6|0|0|0|0|0
RZ1|CHK|7|2|50|0|0|0|10|0|0|0|1|0
RZ1|8|2|OP07-077|0|49|0|7|0|0|0|0|0
RZ1|CHK|8|2|50|0|0|0|10|0|0|0|1|0
RZ1|9|2|OP08-069|0|37|0|8|0|0|0|0|0
RZ1|CHK|9|2|50|0|0|0|10|0|0|0|1|0
RZ1|10|2|ST18-001|0|17|0|9|0|0|0|0|0
RZ1|CHK|10|2|50|0|0|0|10|0|0|0|1|0
RZ1|11|2|OP13-076|0|43|0|10|0|0|0|0|0
RZ1|CHK|11|2|50|0|0|0|10|0|0|0|1|0
RZ1|12|2|PRB02-010|0|32|0|11|0|0|0|0|0
RZ1|CHK|12|2|50|0|0|0|10|0|0|0|1|0
RZ1|13|2|ST34-003|0|17|0|12|0|0|0|0|0
RZ1|CHK|13|2|50|0|0|0|10|0|0|0|1|0
RZ1|14|2|ST34-002|0|26|0|13|0|0|0|0|0
RZ1|CHK|14|2|50|0|0|0|10|0|0|0|1|0
RZ1|15|2|OP15-078|0|44|0|14|0|0|0|0|0
RZ1|CHK|15|2|50|0|0|0|10|0|0|0|1|0
RZ1|16|2|ST34-002|0|28|0|15|0|0|0|0|0
RZ1|CHK|16|2|50|0|0|0|10|0|0|0|1|0
RZ1|17|2|PRB02-010|0|32|0|16|0|0|0|0|0
RZ1|CHK|17|2|50|0|0|0|10|0|0|0|1|0
RZ1|18|2|ST34-005|0|26|0|17|0|0|0|0|0
RZ1|CHK|18|2|50|0|0|0|10|0|0|0|1|0
RZ1|19|2|OP11-067|0|37|0|18|0|0|0|0|0
RZ1|CHK|19|2|50|0|0|0|10|0|0|0|1|0
RZ1|20|2|ST34-003|0|25|0|19|0|0|0|0|0
RZ1|CHK|20|2|50|0|0|0|10|0|0|0|1|0
RZ1|21|2|ST34-004|0|43|0|20|0|0|0|0|0
RZ1|CHK|21|2|50|0|0|0|10|0|0|0|1|0
RZ1|22|2|ST34-001|0|33|0|21|0|0|0|0|0
RZ1|CHK|22|2|50|0|0|0|10|0|0|0|1|0
RZ1|23|2|OP11-070|0|23|0|22|0|0|0|0|0
RZ1|CHK|23|2|50|0|0|0|10|0|0|0|1|0
RZ1|24|2|ST34-002|0|31|0|23|0|0|0|0|0
RZ1|CHK|24|2|50|0|0|0|10|0|0|0|1|0
RZ1|25|2|ST34-005|0|30|0|24|0|0|0|0|0
RZ1|CHK|25|2|50|0|0|0|10|0|0|0|1|0
RZ1|26|2|PRB02-010|0|34|0|25|0|0|0|0|0
RZ1|CHK|26|2|50|0|0|0|10|0|0|0|1|0
RZ1|27|2|OP08-069|0|40|0|26|0|0|0|0|0
RZ1|CHK|27|2|50|0|0|0|10|0|0|0|1|0
RZ1|28|2|ST34-002|0|34|0|27|0|0|0|0|0
RZ1|CHK|28|2|50|0|0|0|10|0|0|0|1|0
RZ1|29|2|OP11-073|0|41|0|28|0|0|0|0|0
RZ1|CHK|29|2|50|0|0|0|10|0|0|0|1|0
RZ1|30|2|OP07-077|0|48|0|29|0|0|0|0|0
RZ1|CHK|30|2|50|0|0|0|10|0|0|0|1|0
RZ1|31|2|ST34-001|0|37|0|30|0|0|0|0|0
RZ1|CHK|31|2|50|0|0|0|10|0|0|0|1|0
RZ1|32|2|OP11-067|0|39|0|31|0|0|0|0|0
RZ1|CHK|32|2|50|0|0|0|10|0|0|0|1|0
RZ1|33|2|ST34-004|0|45|0|32|0|0|0|0|0
RZ1|CHK|33|2|50|0|0|0|10|0|0|0|1|0
RZ1|34|2|OP15-069|0|36|0|34|0|0|0|0|0
RZ1|CHK|34|2|50|0|0|0|10|0|0|0|1|0
RZ1|35|2|ST34-004|0|44|0|35|0|0|0|0|0
RZ1|CHK|35|2|50|0|0|0|10|0|0|0|1|0
RZ1|36|2|OP15-078|0|46|0|36|0|0|0|0|0
RZ1|CHK|36|2|50|0|0|0|10|0|0|0|1|0
RZ1|37|2|OP11-067|0|43|0|37|0|0|0|0|0
RZ1|CHK|37|2|50|0|0|0|10|0|0|0|1|0
RZ1|38|2|OP11-067|0|44|0|38|0|0|0|0|0
RZ1|CHK|38|2|50|0|0|0|10|0|0|0|1|0
RZ1|39|2|OP07-077|0|49|0|39|0|0|0|0|0
RZ1|CHK|39|2|50|0|0|0|10|0|0|0|1|0
RZ1|40|2|OP15-078|0|48|0|40|0|0|0|0|0
RZ1|CHK|40|2|50|0|0|0|10|0|0|0|1|0
RZ1|41|2|ST34-003|0|43|0|41|0|0|0|0|0
RZ1|CHK|41|2|50|0|0|0|10|0|0|0|1|0
RZ1|42|2|OP07-077|0|49|0|42|0|0|0|0|0
RZ1|CHK|42|2|50|0|0|0|10|0|0|0|1|0
RZ1|43|2|OP08-069|0|48|0|43|0|0|0|0|0
RZ1|CHK|43|2|50|0|0|0|10|0|0|0|1|0
RZ1|44|2|ST34-004|0|49|0|44|0|0|0|0|0
RZ1|CHK|44|2|50|0|0|0|10|0|0|0|1|0
RZ1|45|2|OP11-070|0|46|0|45|0|0|0|0|0
RZ1|CHK|45|2|50|0|0|0|10|0|0|0|1|0
RZ1|46|2|ST34-005|0|48|0|46|0|0|0|0|0
RZ1|CHK|46|2|50|0|0|0|10|0|0|0|1|0
RZ1|47|2|PRB02-010|0|49|0|47|0|0|0|0|0
RZ1|CHK|47|2|50|0|0|0|10|0|0|0|1|0
RZ1|48|2|ST18-001|0|49|0|48|0|0|0|0|0
RZ1|CHK|48|2|50|0|0|0|10|0|0|0|1|0
[] Drew card from deck: Kikunojo ["OP14-023">OP14-023]
RZ1|49|1|OP14-023|0|49|1|0|1|1|0|0|0
RZ1|CHK|49|1|49|1|0|0|10|0|0|0|1|0
[] Drew card from deck: Smoker ["OP10-030">OP10-030]
RZ1|50|1|OP10-030|0|48|1|1|1|1|0|0|0
RZ1|CHK|50|1|48|2|0|0|10|0|0|0|1|0
[] Drew card from deck: Kin'emon ["ST32-001">ST32-001]
RZ1|51|1|ST32-001|0|47|1|2|1|1|0|0|0
RZ1|CHK|51|1|47|3|0|0|10|0|0|0|1|0
[] Drew card from deck: Billion-fold World Trichiliocosm ["OP06-038">OP06-038]
RZ1|52|1|OP06-038|0|46|1|3|1|1|0|0|0
RZ1|CHK|52|1|46|4|0|0|10|0|0|0|1|0
[] Drew card from deck: Perona ["OP12-034">OP12-034]
RZ1|53|1|OP12-034|0|45|1|4|1|1|0|0|0
RZ1|CHK|53|1|45|5|0|0|10|0|0|0|1|0
[] Drew card from deck: Charlotte Pudding ["OP11-070">OP11-070]
RZ1|54|2|OP11-070|0|49|1|0|1|1|0|0|0
RZ1|CHK|54|2|49|1|0|0|10|0|0|0|1|0
[] Drew card from deck: Usohachi ["ST18-001">ST18-001]
RZ1|55|2|ST18-001|0|48|1|1|1|1|0|0|0
RZ1|CHK|55|2|48|2|0|0|10|0|0|0|1|0
[] Drew card from deck: Charlotte Pudding ["PRB02-010">PRB02-010]
RZ1|56|2|PRB02-010|0|47|1|2|1|1|0|0|0
RZ1|CHK|56|2|47|3|0|0|10|0|0|0|1|0
[] Drew card from deck: Baron Tamago & Pekoms ["ST34-005">ST34-005]
RZ1|57|2|ST34-005|0|46|1|3|1|1|0|0|0
RZ1|CHK|57|2|46|4|0|0|10|0|0|0|1|0
[] Drew card from deck: Charlotte Pudding ["OP11-070">OP11-070]
RZ1|58|2|OP11-070|0|45|1|4|1|1|0|0|0
RZ1|CHK|58|2|45|5|0|0|10|0|0|0|1|0
RZ1|59|1|ST32-005|0|44|3|0|1|0|0|0|0
RZ1|CHK|59|1|44|5|0|1|10|0|0|0|1|0
RZ1|60|1|OP14-033|0|43|3|1|1|0|0|0|0
RZ1|CHK|60|1|43|5|0|2|10|0|0|0|1|0
RZ1|61|1|OP12-034|0|42|3|2|1|0|0|0|0
RZ1|CHK|61|1|42|5|0|3|10|0|0|0|1|0
RZ1|62|1|ST32-003|0|41|3|3|1|0|0|0|0
RZ1|CHK|62|1|41|5|0|4|10|0|0|0|1|0
RZ1|63|1|OP13-031|0|40|3|4|1|0|0|0|0
RZ1|CHK|63|1|40|5|0|5|10|0|0|0|1|0
RZ1|64|2|ST34-004|0|44|3|0|0|1|0|0|0
RZ1|CHK|64|2|44|5|0|1|10|0|0|0|1|0
RZ1|65|2|OP08-069|0|43|3|1|0|1|0|0|0
RZ1|CHK|65|2|43|5|0|2|10|0|0|0|1|0
RZ1|66|2|OP07-077|0|42|3|2|0|1|0|0|0
RZ1|CHK|66|2|42|5|0|3|10|0|0|0|1|0
RZ1|67|2|ST34-003|0|41|3|3|0|1|0|0|0
RZ1|CHK|67|2|41|5|0|4|10|0|0|0|1|0
RZ1|68|2|OP15-078|0|40|3|4|0|1|0|0|0
RZ1|CHK|68|2|40|5|0|5|10|0|0|0|1|0
[] Hand: [OP14-023,OP10-030,ST32-001,OP06-038,OP12-034]
[] Board: []
[] Trash: []
[] Life: 5
[] Hand: [OP11-070,ST18-001,PRB02-010,ST34-005,OP11-070]
[] Trash: []
[] Board: []
[] Life: 5
RZ1|69|1|Don|4|9|5|0|1|1|0|0|0
RZ1|CHK|69|1|40|5|0|5|9|1|0|0|1|0
[You] Draw 1 Don
RZ1|70|1|Don|5|0|5|0|1|1|1|0|0
RZ1|CHK|70|1|40|5|0|5|9|1|0|0|1|0
[You] Deploy Perona ["OP12-034">OP12-034]
RZ1|71|1|OP12-034|1|4|2|0|1|1|0|0|0
RZ1|CHK|71|1|40|4|1|5|9|1|0|0|1|0
RZ1|72|1|OP14-119|0|38|1|4|1|1|0|0|0
RZ1|CHK|72|1|39|5|1|5|9|1|0|0|1|0
[You] Perona ["OP12-034">OP12-034]: <b>Reveal and Draw Dracule Mihawk ["OP14-119">OP14-119]</b>
[You] Placing Cards on Bottom of Deck
RZ1|73|1|OP14-033|0|38|0|0|0|0|0|0|0
RZ1|CHK|73|1|39|5|1|5|9|1|0|0|1|0
RZ1|74|1|OP07-022|0|38|0|0|0|0|0|0|0
RZ1|CHK|74|1|39|5|1|5|9|1|0|0|1|0
RZ1|75|1|OP14-023|0|38|0|0|0|0|0|0|0
RZ1|CHK|75|1|39|5|1|5|9|1|0|0|1|0
RZ1|76|1|OP14-039|0|38|0|0|0|0|0|0|0
RZ1|CHK|76|1|39|5|1|5|9|1|0|0|1|0
[] Hand: [OP14-023,OP10-030,ST32-001,OP06-038,OP14-119]
[] Board: [OP12-034]
[] Trash: []
[] Life: 5
[] Hand: [OP11-070,ST18-001,PRB02-010,ST34-005,OP11-070]
[] Trash: []
[] Board: []
[] Life: 5
[You] End Turn
[] Hand: [OP11-070,ST18-001,PRB02-010,ST34-005,OP11-070]
[] Board: []
[] Trash: []
[] Life: 5
[] Hand: [OP14-023,OP10-030,ST32-001,OP06-038,OP14-119]
[] Trash: []
[] Board: [OP12-034]
[] Life: 5
[Opponent] Draw 1 Card
[] Drew card from deck: We're Going to Claim the One Piece!!! ["OP07-077">OP07-077]
RZ1|77|2|OP07-077|0|39|1|5|1|1|0|0|0
RZ1|CHK|77|2|39|6|0|5|10|0|0|0|1|0
RZ1|78|2|Don|4|9|5|0|1|1|0|0|0
RZ1|CHK|78|2|39|6|0|5|9|1|0|0|1|0
RZ1|79|2|Don|4|8|5|1|1|1|0|0|0
RZ1|CHK|79|2|39|6|0|5|8|2|0|0|1|0
[Opponent] Draw 2 Don
RZ1|80|2|Don|5|0|5|0|1|1|1|0|0
RZ1|CHK|80|2|39|6|0|5|8|2|0|0|1|0
[Opponent] Deploy Charlotte Pudding ["OP11-070">OP11-070]
RZ1|81|2|OP11-070|1|0|2|0|1|1|0|0|0
RZ1|CHK|81|2|39|5|1|5|8|2|0|0|1|0
RZ1|82|2|ST34-004|0|35|1|5|1|1|0|0|0
RZ1|CHK|82|2|38|6|1|5|8|2|0|0|1|0
[Opponent] Charlotte Pudding ["OP11-070">OP11-070]: <b>Reveal and Draw Charlotte Linlin ["ST34-004">ST34-004]</b>
[Opponent] Placing Cards on Bottom of Deck
RZ1|83|2|OP11-067|0|37|0|0|0|0|0|0|0
RZ1|CHK|83|2|38|6|1|5|8|2|0|0|1|0
RZ1|84|2|OP11-067|0|37|0|0|0|0|0|0|0
RZ1|CHK|84|2|38|6|1|5|8|2|0|0|1|0
RZ1|85|2|OP15-078|0|37|0|0|0|0|0|0|0
RZ1|CHK|85|2|38|6|1|5|8|2|0|0|1|0
RZ1|86|2|OP15-069|0|37|0|0|0|0|0|0|0
RZ1|CHK|86|2|38|6|1|5|8|2|0|0|1|0
RZ1|87|2|Don|5|1|5|1|1|1|1|0|0
RZ1|CHK|87|2|38|6|1|5|8|2|0|0|1|0
[Opponent] Deploy Charlotte Pudding ["OP11-070">OP11-070]
RZ1|88|2|OP11-070|1|3|2|1|1|1|0|0|0
RZ1|CHK|88|2|38|5|2|5|8|2|0|0|1|0
RZ1|89|2|ST34-004|0|36|1|5|1|1|0|0|0
RZ1|CHK|89|2|37|6|2|5|8|2|0|0|1|0
[Opponent] Charlotte Pudding ["OP11-070">OP11-070]: <b>Reveal and Draw Charlotte Linlin ["ST34-004">ST34-004]</b>
[Opponent] Placing Cards on Bottom of Deck
RZ1|90|2|OP11-070|0|36|0|0|0|0|0|0|0
RZ1|CHK|90|2|37|6|2|5|8|2|0|0|1|0
RZ1|91|2|OP11-067|0|36|0|0|0|0|0|0|0
RZ1|CHK|91|2|37|6|2|5|8|2|0|0|1|0
RZ1|92|2|ST34-001|0|36|0|0|0|0|0|0|0
RZ1|CHK|92|2|37|6|2|5|8|2|0|0|1|0
RZ1|93|2|OP07-077|0|36|0|0|0|0|0|0|0
RZ1|CHK|93|2|37|6|2|5|8|2|0|0|1|0
[] Hand: [ST18-001,PRB02-010,ST34-005,OP07-077,ST34-004,ST34-004]
[] Board: [OP11-070,OP11-070]
[] Trash: []
[] Life: 5
[] Hand: [OP14-023,OP10-030,ST32-001,OP06-038,OP14-119]
[] Trash: []
[] Board: [OP12-034]
[] Life: 5
[Opponent] End Turn
[] Hand: [OP14-023,OP10-030,ST32-001,OP06-038,OP14-119]
[] Board: [OP12-034]
[] Trash: []
[] Life: 5
[] Hand: [ST18-001,PRB02-010,ST34-005,OP07-077,ST34-004,ST34-004]
[] Trash: []
[] Board: [OP11-070,OP11-070]
[] Life: 5
[You] Draw 1 Card
[] Drew card from deck: Otama ["OP07-022">OP07-022]
RZ1|94|1|OP07-022|0|38|1|5|1|1|0|0|0
RZ1|CHK|94|1|38|6|1|5|9|1|0|0|1|0
RZ1|95|1|Don|4|8|5|1|1|1|0|0|0
RZ1|CHK|95|1|38|6|1|5|8|2|0|0|1|0
RZ1|96|1|Don|4|7|5|2|1|1|0|0|0
RZ1|CHK|96|1|38|6|1|5|7|3|0|0|1|0
[You] Draw 2 Don
RZ1|97|1|Don|5|0|5|0|1|1|1|0|0
RZ1|CHK|97|1|38|6|1|5|7|3|0|0|1|0
[You] Deploy Kikunojo ["OP14-023">OP14-023]
RZ1|98|1|OP14-023|1|0|2|1|1|1|0|0|0
RZ1|CHK|98|1|38|5|2|5|7|3|0|0|1|0
[You] Attach 1 Don to Dracule Mihawk ["OP14-020">OP14-020] (1 Total)
RZ1|99|1|Don|5|2|9|9900|1|1|0|0|0
RZ1|CHK|99|1|38|5|2|5|7|2|0|0|1|1
[You] Attach 1 Don to Dracule Mihawk ["OP14-020">OP14-020] (2 Total)
RZ1|100|1|Don|5|1|9|9901|1|1|0|0|0
RZ1|CHK|100|1|38|5|2|5|7|1|0|0|1|2
[You] Dracule Mihawk ["OP14-020">OP14-020] attacking Charlotte Katakuri ["OP11-062">OP11-062]
Dracule Mihawk ["OP14-020">OP14-020][7000] vs Charlotte Katakuri ["OP11-062">OP11-062][5000]
Charlotte Katakuri ["OP11-062">OP11-062] hit for 1 damage
RZ1|101|2|OP15-078|3|4|1|6|1|1|0|0|0
RZ1|CHK|101|2|37|7|2|4|8|2|0|0|1|0
[You] Kikunojo ["OP14-023">OP14-023]: Set Kikunojo ["OP14-023">OP14-023] to Active
[] Hand: [OP10-030,ST32-001,OP06-038,OP14-119,OP07-022]
[] Board: [OP12-034,OP14-023]
[] Trash: []
[] Life: 5
[] Hand: [ST18-001,PRB02-010,ST34-005,OP07-077,ST34-004,ST34-004,OP15-078]
[] Trash: []
[] Board: [OP11-070,OP11-070]
[] Life: 4
[You] End Turn
[] Hand: [ST18-001,PRB02-010,ST34-005,OP07-077,ST34-004,ST34-004,OP15-078]
[] Board: [OP11-070,OP11-070]
[] Trash: []
[] Life: 4
[] Hand: [OP10-030,ST32-001,OP06-038,OP14-119,OP07-022]
[] Trash: []
[] Board: [OP12-034,OP14-023]
[] Life: 5
[Opponent] Draw 1 Card
[] Drew card from deck: Charlotte Linlin ["OP11-073">OP11-073]
RZ1|102|2|OP11-073|0|36|1|7|1|1|0|0|0
RZ1|CHK|102|2|36|8|2|4|8|2|0|0|1|0
RZ1|103|2|Don|4|7|5|2|1|1|0|0|0
RZ1|CHK|103|2|36|8|2|4|7|3|0|0|1|0
RZ1|104|2|Don|4|6|5|3|1|1|0|0|0
RZ1|CHK|104|2|36|8|2|4|6|4|0|0|1|0
[Opponent] Draw 2 Don
RZ1|105|2|Don|5|0|5|0|1|1|1|0|0
RZ1|CHK|105|2|36|8|2|4|6|4|0|0|1|0
RZ1|106|2|Don|5|1|5|1|1|1|1|0|0
RZ1|CHK|106|2|36|8|2|4|6|4|0|0|1|0
RZ1|107|2|Don|5|2|5|2|1|1|1|0|0
RZ1|CHK|107|2|36|8|2|4|6|4|0|0|1|0
[Opponent] Deploy Baron Tamago & Pekoms ["ST34-005">ST34-005]
RZ1|108|2|ST34-005|1|2|2|2|1|1|0|0|0
RZ1|CHK|108|2|36|7|3|4|6|4|0|0|1|0
RZ1|109|2|OP15-078|1|5|6|0|1|1|0|0|0
RZ1|CHK|109|2|36|6|3|4|6|4|1|0|1|0
[Opponent] We're Going to Claim the One Piece!!! ["OP07-077">OP07-077]: Rest 1 Don
RZ1|110|2|Don|5|3|5|3|1|1|1|0|0
RZ1|CHK|110|2|36|6|3|4|6|4|1|0|1|0
RZ1|111|2|OP07-077|1|2|6|1|1|1|0|0|0
RZ1|CHK|111|2|36|5|3|4|6|4|2|0|1|0
RZ1|112|2|ST34-005|0|32|1|5|1|1|0|0|0
RZ1|CHK|112|2|35|6|3|4|6|4|2|0|1|0
[Opponent] We're Going to Claim the One Piece!!! ["OP07-077">OP07-077]: <b>Reveal and Draw Baron Tamago & Pekoms ["ST34-005">ST34-005]</b>
[Opponent] Placing Cards on Bottom of Deck
RZ1|113|2|ST34-002|0|34|0|0|0|0|0|0|0
RZ1|CHK|113|2|35|6|3|4|6|4|2|0|1|0
RZ1|114|2|OP08-069|0|34|0|0|0|0|0|0|0
RZ1|CHK|114|2|35|6|3|4|6|4|2|0|1|0
RZ1|115|2|PRB02-010|0|34|0|0|0|0|0|0|0
RZ1|CHK|115|2|35|6|3|4|6|4|2|0|1|0
RZ1|116|2|ST34-002|0|34|0|0|0|0|0|0|0
RZ1|CHK|116|2|35|6|3|4|6|4|2|0|1|0
[Opponent] Charlotte Katakuri ["OP11-062">OP11-062] attacking Dracule Mihawk ["OP14-020">OP14-020]
Charlotte Katakuri ["OP11-062">OP11-062][5000] vs Dracule Mihawk ["OP14-020">OP14-020][5000]
Dracule Mihawk ["OP14-020">OP14-020] hit for 1 damage
RZ1|117|1|OP13-031|3|4|1|5|1|1|0|0|0
RZ1|CHK|117|1|38|6|2|4|7|1|0|0|1|2
[] Hand: [ST18-001,PRB02-010,ST34-004,ST34-004,OP11-073,ST34-005]
[] Board: [OP11-070,OP11-070,ST34-005]
[] Trash: [OP15-078,OP07-077]
[] Life: 4
[] Hand: [OP10-030,ST32-001,OP06-038,OP14-119,OP07-022,OP13-031]
[] Trash: []
[] Board: [OP12-034,OP14-023]
[] Life: 4
[Opponent] End Turn
[] Hand: [OP10-030,ST32-001,OP06-038,OP14-119,OP07-022,OP13-031]
[] Board: [OP12-034,OP14-023]
[] Trash: []
[] Life: 4
[] Hand: [ST18-001,PRB02-010,ST34-004,ST34-004,OP11-073,ST34-005]
[] Trash: [OP15-078,OP07-077]
[] Board: [OP11-070,OP11-070,ST34-005]
[] Life: 4
RZ1|118|1|Don|9|9900|5|0|1|1|1|0|0
RZ1|CHK|118|1|38|6|2|4|7|2|0|0|1|1
RZ1|119|1|Don|9|9900|5|0|1|1|1|0|0
RZ1|CHK|119|1|38|6|2|4|7|3|0|0|1|0
[You] Draw 1 Card
[] Drew card from deck: You Can Be My Samurai!!! ["OP01-055">OP01-055]
RZ1|120|1|OP01-055|0|37|1|6|1|1|0|0|0
RZ1|CHK|120|1|37|7|2|4|7|3|0|0|1|0
RZ1|121|1|Don|4|6|5|3|1|1|0|0|0
RZ1|CHK|121|1|37|7|2|4|6|4|0|0|1|0
RZ1|122|1|Don|4|5|5|4|1|1|0|0|0
RZ1|CHK|122|1|37|7|2|4|5|5|0|0|1|0
[You] Draw 2 Don
[You] You Can Be My Samurai!!! ["OP01-055">OP01-055]: Rest Perona ["OP12-034">OP12-034]
[You] You Can Be My Samurai!!! ["OP01-055">OP01-055]: Rest Kikunojo ["OP14-023">OP14-023]
[You] You Can Be My Samurai!!! ["OP01-055">OP01-055]: Draw 2 Card
[] Drew card from deck: Kouzuki Oden ["ST32-002">ST32-002]
RZ1|123|1|ST32-002|0|36|1|7|1|1|0|0|0
RZ1|CHK|123|1|36|8|2|4|5|5|0|0|1|0
[] Drew card from deck: Kouzuki Oden ["ST32-002">ST32-002]
RZ1|124|1|ST32-002|0|35|1|8|1|1|0|0|0
RZ1|CHK|124|1|35|9|2|4|5|5|0|0|1|0
RZ1|125|1|Don|5|0|5|0|1|1|1|0|0
RZ1|CHK|125|1|35|9|2|4|5|5|0|0|1|0
RZ1|126|1|OP01-055|1|6|6|0|1|1|0|0|0
RZ1|CHK|126|1|35|8|2|4|5|5|1|0|1|0
RZ1|127|1|Don|5|1|5|1|1|1|1|0|0
RZ1|CHK|127|1|35|8|2|4|5|5|1|0|1|0
[You] Deploy Kin'emon ["ST32-001">ST32-001]
RZ1|128|1|ST32-001|1|1|2|2|1|1|0|0|0
RZ1|CHK|128|1|35|7|3|4|5|5|1|0|1|0
[You] Kin'emon ["ST32-001">ST32-001]: Rest Don ["Don">Don]
RZ1|129|1|Don|5|2|5|2|1|1|1|0|0
RZ1|CHK|129|1|35|7|3|4|5|5|1|0|1|0
[] Drew card from deck: Dracule Mihawk ["ST32-003">ST32-003]
RZ1|130|1|ST32-003|0|34|1|7|1|1|0|0|0
RZ1|CHK|130|1|34|8|3|4|5|5|1|0|1|0
[] Drew card from deck: You Can Be My Samurai!!! ["OP01-055">OP01-055]
RZ1|131|1|OP01-055|0|33|1|8|1|1|0|0|0
RZ1|CHK|131|1|33|9|3|4|5|5|1|0|1|0
[You] Kin'emon ["ST32-001">ST32-001]: Draw 2 Card
RZ1|132|1|OP13-031|1|4|6|1|1|1|0|0|0
RZ1|CHK|132|1|33|8|3|4|5|5|2|0|1|0
[You] Kin'emon ["ST32-001">ST32-001]: Trash Trafalgar Law ["OP13-031">OP13-031]
[You] Attach 1 Don to Dracule Mihawk ["OP14-020">OP14-020] (1 Total)
RZ1|133|1|Don|5|4|9|9900|1|1|0|0|0
RZ1|CHK|133|1|33|8|3|4|5|4|2|0|1|1
[You] Attach 1 Don to Dracule Mihawk ["OP14-020">OP14-020] (2 Total)
RZ1|134|1|Don|5|3|9|9901|1|1|0|0|0
RZ1|CHK|134|1|33|8|3|4|5|3|2|0|1|2
[You] Dracule Mihawk ["OP14-020">OP14-020] attacking Charlotte Katakuri ["OP11-062">OP11-062]
Dracule Mihawk ["OP14-020">OP14-020][7000] vs Charlotte Katakuri ["OP11-062">OP11-062][5000]
Charlotte Katakuri ["OP11-062">OP11-062] hit for 1 damage
RZ1|135|2|ST34-003|3|3|1|6|1|1|0|0|0
RZ1|CHK|135|2|35|7|3|3|6|4|2|0|1|0
[You] Kikunojo ["OP14-023">OP14-023]: Set Kikunojo ["OP14-023">OP14-023] to Active
[] Hand: [OP10-030,OP06-038,OP14-119,OP07-022,ST32-002,ST32-002,ST32-003,OP01-055]
[] Board: [OP12-034,OP14-023,ST32-001]
[] Trash: [OP01-055,OP13-031]
[] Life: 4
[] Hand: [ST18-001,PRB02-010,ST34-004,ST34-004,OP11-073,ST34-005,ST34-003]
[] Trash: [OP15-078,OP07-077]
[] Board: [OP11-070,OP11-070,ST34-005]
[] Life: 3
[You] End Turn
[] Hand: [ST18-001,PRB02-010,ST34-004,ST34-004,OP11-073,ST34-005,ST34-003]
[] Board: [OP11-070,OP11-070,ST34-005]
[] Trash: [OP15-078,OP07-077]
[] Life: 3
[] Hand: [OP10-030,OP06-038,OP14-119,OP07-022,ST32-002,ST32-002,ST32-003,OP01-055]
[] Trash: [OP01-055,OP13-031]
[] Board: [OP12-034,OP14-023,ST32-001]
[] Life: 4
[Opponent] Draw 1 Card
[] Drew card from deck: Charlotte Pudding ["OP11-070">OP11-070]
RZ1|136|2|OP11-070|0|34|1|7|1|1|0|0|0
RZ1|CHK|136|2|34|8|3|3|6|4|2|0|1|0
RZ1|137|2|Don|4|5|5|4|1|1|0|0|0
RZ1|CHK|137|2|34|8|3|3|5|5|2|0|1|0
RZ1|138|2|Don|4|4|5|5|1|1|0|0|0
RZ1|CHK|138|2|34|8|3|3|4|6|2|0|1|0
[Opponent] Draw 2 Don
RZ1|139|2|Don|5|0|5|0|1|1|1|0|0
RZ1|CHK|139|2|34|8|3|3|4|6|2|0|1|0
RZ1|140|2|Don|5|1|5|1|1|1|1|0|0
RZ1|CHK|140|2|34|8|3|3|4|6|2|0|1|0
RZ1|141|2|Don|5|2|5|2|1|1|1|0|0
RZ1|CHK|141|2|34|8|3|3|4|6|2|0|1|0
[Opponent] Deploy Baron Tamago & Pekoms ["ST34-005">ST34-005]
RZ1|142|2|ST34-005|1|5|2|3|1|1|0|0|0
RZ1|CHK|142|2|34|7|4|3|4|6|2|0|1|0
RZ1|143|2|Don|5|3|5|3|1|1|1|0|0
RZ1|CHK|143|2|34|7|4|3|4|6|2|0|1|0
[Opponent] Deploy Charlotte Brulee ["ST34-003">ST34-003]
RZ1|144|2|ST34-003|1|5|2|4|1|1|0|0|0
RZ1|CHK|144|2|34|6|5|3|4|6|2|0|1|0
[Opponent] <b>Picked no cards to Draw</b>
[Opponent] Placing Cards on Bottom of Deck
RZ1|145|2|ST34-001|0|33|0|0|0|0|0|0|0
RZ1|CHK|145|2|34|6|5|3|4|6|2|0|1|0
RZ1|146|2|ST34-004|0|33|0|0|0|0|0|0|0
RZ1|CHK|146|2|34|6|5|3|4|6|2|0|1|0
RZ1|147|2|ST34-003|0|33|0|0|0|0|0|0|0
RZ1|CHK|147|2|34|6|5|3|4|6|2|0|1|0
RZ1|148|2|Don|5|4|9|200|1|1|0|0|0
RZ1|CHK|148|2|34|6|5|3|4|5|2|0|1|1
RZ1|149|2|Don|5|4|9|201|1|1|0|0|0
RZ1|CHK|149|2|34|6|5|3|4|4|2|0|1|2
[Opponent] Attach 2 Don to Baron Tamago & Pekoms ["ST34-005">ST34-005] (2 Total)
[Opponent] Baron Tamago & Pekoms ["ST34-005">ST34-005] attacking Perona ["OP12-034">OP12-034]
Baron Tamago & Pekoms ["ST34-005">ST34-005][6000] vs Perona ["OP12-034">OP12-034][2000]
[You] Perona ["OP12-034">OP12-034] Destroyed
RZ1|150|1|OP12-034|2|0|6|2|1|1|0|0|0
RZ1|CHK|150|1|33|8|2|4|5|3|3|0|1|2
[Opponent] Charlotte Katakuri ["OP11-062">OP11-062] attacking Dracule Mihawk ["OP14-020">OP14-020]
[You] Discard Kouzuki Oden ["ST32-002">ST32-002] for Counter 1000
RZ1|151|1|ST32-002|1|5|6|3|1|1|0|0|0
RZ1|CHK|151|1|33|7|2|4|5|3|4|0|1|2
Charlotte Katakuri ["OP11-062">OP11-062][5000] vs Dracule Mihawk ["OP14-020">OP14-020][6000]
Attack Fails
[] Hand: [ST18-001,PRB02-010,ST34-004,ST34-004,OP11-073,OP11-070]
[] Board: [OP11-070,OP11-070,ST34-005,ST34-005,ST34-003]
[] Trash: [OP15-078,OP07-077]
[] Life: 3
[] Hand: [OP10-030,OP06-038,OP14-119,OP07-022,ST32-002,ST32-003,OP01-055]
[] Trash: [OP01-055,OP13-031,OP12-034,ST32-002]
[] Board: [OP14-023,ST32-001]
[] Life: 4
[Opponent] End Turn
[] Hand: [OP10-030,OP06-038,OP14-119,OP07-022,ST32-002,ST32-003,OP01-055]
[] Board: [OP14-023,ST32-001]
[] Trash: [OP01-055,OP13-031,OP12-034,ST32-002]
[] Life: 4
[] Hand: [ST18-001,PRB02-010,ST34-004,ST34-004,OP11-073,OP11-070]
[] Trash: [OP15-078,OP07-077]
[] Board: [OP11-070,OP11-070,ST34-005,ST34-005,ST34-003]
[] Life: 3
RZ1|152|1|Don|9|9900|5|0|1|1|1|0|0
RZ1|CHK|152|1|33|7|2|4|5|4|4|0|1|1
RZ1|153|1|Don|9|9900|5|0|1|1|1|0|0
RZ1|CHK|153|1|33|7|2|4|5|5|4|0|1|0
[You] Draw 1 Card
[] Drew card from deck: Perona ["OP12-034">OP12-034]
RZ1|154|1|OP12-034|0|32|1|7|1|1|0|0|0
RZ1|CHK|154|1|32|8|2|4|5|5|4|0|1|0
RZ1|155|1|Don|4|4|5|5|1|1|0|0|0
RZ1|CHK|155|1|32|8|2|4|4|6|4|0|1|0
RZ1|156|1|Don|4|3|5|6|1|1|0|0|0
RZ1|CHK|156|1|32|8|2|4|3|7|4|0|1|0
[You] Draw 2 Don
RZ1|157|1|Don|5|0|5|0|1|1|1|0|0
RZ1|CHK|157|1|32|8|2|4|3|7|4|0|1|0
RZ1|158|1|Don|5|1|5|1|1|1|1|0|0
RZ1|CHK|158|1|32|8|2|4|3|7|4|0|1|0
RZ1|159|1|Don|5|2|5|2|1|1|1|0|0
RZ1|CHK|159|1|32|8|2|4|3|7|4|0|1|0
RZ1|160|1|Don|5|3|5|3|1|1|1|0|0
RZ1|CHK|160|1|32|8|2|4|3|7|4|0|1|0
RZ1|161|1|Don|5|4|5|4|1|1|1|0|0
RZ1|CHK|161|1|32|8|2|4|3|7|4|0|1|0
RZ1|162|1|Don|5|5|5|5|1|1|1|0|0
RZ1|CHK|162|1|32|8|2|4|3|7|4|0|1|0
[You] Deploy Dracule Mihawk ["ST32-003">ST32-003]
RZ1|163|1|ST32-003|1|5|2|2|1|1|0|0|0
RZ1|CHK|163|1|32|7|3|4|3|7|4|0|1|0
RZ1|164|1|OP10-030|1|0|2|3|1|1|0|0|0
RZ1|CHK|164|1|32|6|4|4|3|7|4|0|1|0
[You] Dracule Mihawk ["ST32-003">ST32-003]: Deploy Smoker ["OP10-030">OP10-030]
[You] Dracule Mihawk ["OP14-020">OP14-020]: Rest Dracule Mihawk ["ST32-003">ST32-003]
[You] Dracule Mihawk ["OP14-020">OP14-020]: Activate 1 Don
RZ1|165|1|Don|5|5|5|5|1|1|0|0|0
RZ1|CHK|165|1|32|6|4|4|3|7|4|0|1|0
[You] Dracule Mihawk ["OP14-020">OP14-020]: Activate 1 Don
RZ1|166|1|Don|5|4|5|4|1|1|0|0|0
RZ1|CHK|166|1|32|6|4|4|3|7|4|0|1|0
[You] Dracule Mihawk ["OP14-020">OP14-020]: Activate 1 Don
RZ1|167|1|Don|5|3|5|3|1|1|0|0|0
RZ1|CHK|167|1|32|6|4|4|3|7|4|0|1|0
[You] Dracule Mihawk ["OP14-020">OP14-020]: Can't play Cost 1 Or More Characters for the Turn!
[] Drew card from deck: You Can Be My Samurai!!! ["OP01-055">OP01-055]
RZ1|168|1|OP01-055|0|31|1|6|1|1|0|0|0
RZ1|CHK|168|1|31|7|4|4|3|7|4|0|1|0
[You] Dracule Mihawk ["ST32-003">ST32-003]: Draw 1 Card
RZ1|169|1|OP01-055|1|6|6|4|1|1|0|0|0
RZ1|CHK|169|1|31|6|4|4|3|7|5|0|1|0
[You] Dracule Mihawk ["ST32-003">ST32-003]: Trash You Can Be My Samurai!!! ["OP01-055">OP01-055]
[You] Attach 1 Don to Kikunojo ["OP14-023">OP14-023] (1 Total)
RZ1|170|1|Don|5|6|9|0|1|1|0|0|0
RZ1|CHK|170|1|31|6|4|4|3|6|5|0|1|1
[You] Attach 1 Don to Kikunojo ["OP14-023">OP14-023] (2 Total)
RZ1|171|1|Don|5|5|9|1|1|1|0|0|0
RZ1|CHK|171|1|31|6|4|4|3|5|5|0|1|2
[You] Attach 1 Don to Kikunojo ["OP14-023">OP14-023] (3 Total)
RZ1|172|1|Don|5|4|9|2|1|1|0|0|0
RZ1|CHK|172|1|31|6|4|4|3|4|5|0|1|3
[You] Kikunojo ["OP14-023">OP14-023] attacking Baron Tamago & Pekoms ["ST34-005">ST34-005]
Kikunojo ["OP14-023">OP14-023][5000] vs Baron Tamago & Pekoms ["ST34-005">ST34-005][4000]
[Opponent] Baron Tamago & Pekoms ["ST34-005">ST34-005] Destroyed
RZ1|173|2|Don|9|200|5|0|1|1|1|0|0
RZ1|CHK|173|2|34|6|5|3|4|5|2|0|1|1
RZ1|174|2|Don|9|200|5|0|1|1|1|0|0
RZ1|CHK|174|2|34|6|5|3|4|6|2|0|1|0
RZ1|175|2|ST34-005|2|2|6|2|1|1|0|0|0
RZ1|CHK|175|2|34|6|4|3|4|6|3|0|1|0
[You] Attach 1 Don to Dracule Mihawk ["OP14-020">OP14-020] (1 Total)
RZ1|176|1|Don|5|3|9|9900|1|1|0|0|0
RZ1|CHK|176|1|31|6|4|4|3|3|5|0|1|4
[You] Dracule Mihawk ["OP14-020">OP14-020] attacking Charlotte Katakuri ["OP11-062">OP11-062]
Dracule Mihawk ["OP14-020">OP14-020][6000] vs Charlotte Katakuri ["OP11-062">OP11-062][5000]
Charlotte Katakuri ["OP11-062">OP11-062] hit for 1 damage
RZ1|177|2|OP07-077|3|2|1|6|1|1|0|0|0
RZ1|CHK|177|2|34|7|4|2|4|6|3|0|1|0
[Opponent] We're Going to Claim the One Piece!!! ["OP07-077">OP07-077]: Activate Trigger
RZ1|178|2|OP07-077|1|6|6|3|1|1|0|0|0
RZ1|CHK|178|2|34|6|4|2|4|6|4|0|1|0
RZ1|179|2|OP11-067|0|33|1|6|1|1|0|0|0
RZ1|CHK|179|2|33|7|4|2|4|6|4|0|1|0
[Opponent] We're Going to Claim the One Piece!!! ["OP07-077">OP07-077]: <b>Reveal and Draw Charlotte Katakuri ["OP11-067">OP11-067]</b>
[Opponent] Placing Cards on Bottom of Deck
RZ1|180|2|ST34-005|0|32|0|0|0|0|0|0|0
RZ1|CHK|180|2|33|7|4|2|4|6|4|0|1|0
RZ1|181|2|PRB02-010|0|32|0|0|0|0|0|0|0
RZ1|CHK|181|2|33|7|4|2|4|6|4|0|1|0
RZ1|182|2|ST34-002|0|32|0|0|0|0|0|0|0
RZ1|CHK|182|2|33|7|4|2|4|6|4|0|1|0
RZ1|183|2|OP15-078|0|32|0|0|0|0|0|0|0
RZ1|CHK|183|2|33|7|4|2|4|6|4|0|1|0
[You] Kikunojo ["OP14-023">OP14-023]: Set Kikunojo ["OP14-023">OP14-023] to Active
[] Hand: [OP06-038,OP14-119,OP07-022,ST32-002,OP01-055,OP12-034]
[] Board: [OP14-023,ST32-001,ST32-003,OP10-030]
[] Trash: [OP01-055,OP13-031,OP12-034,ST32-002,OP01-055]
[] Life: 4
[] Hand: [ST18-001,PRB02-010,ST34-004,ST34-004,OP11-073,OP11-070,OP11-067]
[] Trash: [OP15-078,OP07-077,ST34-005,OP07-077]
[] Board: [OP11-070,OP11-070,ST34-005,ST34-003]
[] Life: 2
[You] End Turn
[] Hand: [ST18-001,PRB02-010,ST34-004,ST34-004,OP11-073,OP11-070,OP11-067]
[] Board: [OP11-070,OP11-070,ST34-005,ST34-003]
[] Trash: [OP15-078,OP07-077,ST34-005,OP07-077]
[] Life: 2
[] Hand: [OP06-038,OP14-119,OP07-022,ST32-002,OP01-055,OP12-034]
[] Trash: [OP01-055,OP13-031,OP12-034,ST32-002,OP01-055]
[] Board: [OP14-023,ST32-001,ST32-003,OP10-030]
[] Life: 4
[Opponent] Draw 1 Card
[] Drew card from deck: Charlotte Cracker ["ST34-002">ST34-002]
RZ1|184|2|ST34-002|0|32|1|7|1|1|0|0|0
RZ1|CHK|184|2|32|8|4|2|4|6|4|0|1|0
RZ1|185|2|Don|4|3|5|6|1|1|0|0|0
RZ1|CHK|185|2|32|8|4|2|3|7|4|0|1|0
RZ1|186|2|Don|4|2|5|7|1|1|0|0|0
RZ1|CHK|186|2|32|8|4|2|2|8|4|0|1|0
[Opponent] Draw 2 Don
RZ1|187|2|Don|5|0|9|200|1|1|0|0|0
RZ1|CHK|187|2|32|8|4|2|2|7|4|0|1|1
RZ1|188|2|Don|5|0|9|201|1|1|0|0|0
RZ1|CHK|188|2|32|8|4|2|2|6|4|0|1|2
RZ1|189|2|Don|5|0|9|202|1|1|0|0|0
RZ1|CHK|189|2|32|8|4|2|2|5|4|0|1|3
[Opponent] Attach 3 Don to Baron Tamago & Pekoms ["ST34-005">ST34-005] (3 Total)
[Opponent] Baron Tamago & Pekoms ["ST34-005">ST34-005] attacking Dracule Mihawk ["ST32-003">ST32-003]
[You] Discard Kouzuki Oden ["ST32-002">ST32-002] for Counter 1000
RZ1|190|1|ST32-002|1|3|6|5|1|1|0|0|0
RZ1|CHK|190|1|31|5|4|4|3|3|6|0|1|4
Baron Tamago & Pekoms ["ST34-005">ST34-005][7000] vs Dracule Mihawk ["ST32-003">ST32-003][8000]
Attack Fails
RZ1|191|2|Don|5|0|9|300|1|1|0|0|0
RZ1|CHK|191|2|32|8|4|2|2|4|4|0|1|4
RZ1|192|2|Don|5|0|9|301|1|1|0|0|0
RZ1|CHK|192|2|32|8|4|2|2|3|4|0|1|5
RZ1|193|2|Don|5|0|9|302|1|1|0|0|0
RZ1|CHK|193|2|32|8|4|2|2|2|4|0|1|6
RZ1|194|2|Don|5|0|9|303|1|1|0|0|0
RZ1|CHK|194|2|32|8|4|2|2|1|4|0|1|7
RZ1|195|2|Don|5|0|9|304|1|1|0|0|0
RZ1|CHK|195|2|32|8|4|2|2|0|4|0|1|8
[Opponent] Attach 5 Don to Charlotte Brulee ["ST34-003">ST34-003] (5 Total)
[Opponent] Charlotte Brulee ["ST34-003">ST34-003] attacking Dracule Mihawk ["ST32-003">ST32-003]
[You] Discard Otama ["OP07-022">OP07-022] for Counter 2000
RZ1|196|1|OP07-022|1|2|6|6|1|1|0|0|0
RZ1|CHK|196|1|31|4|4|4|3|3|7|0|1|4
Charlotte Brulee ["ST34-003">ST34-003][7000] vs Dracule Mihawk ["ST32-003">ST32-003][9000]
Attack Fails
[Opponent] Charlotte Katakuri ["OP11-062">OP11-062] attacking Dracule Mihawk ["ST32-003">ST32-003]
Charlotte Katakuri ["OP11-062">OP11-062][5000] vs Dracule Mihawk ["ST32-003">ST32-003][7000]
Attack Fails
[] Hand: [ST18-001,PRB02-010,ST34-004,ST34-004,OP11-073,OP11-070,OP11-067,ST34-002]
[] Board: [OP11-070,OP11-070,ST34-005,ST34-003]
[] Trash: [OP15-078,OP07-077,ST34-005,OP07-077]
[] Life: 2
[] Hand: [OP06-038,OP14-119,OP01-055,OP12-034]
[] Trash: [OP01-055,OP13-031,OP12-034,ST32-002,OP01-055,ST32-002,OP07-022]
[] Board: [OP14-023,ST32-001,ST32-003,OP10-030]
[] Life: 4
[Opponent] End Turn
[] Hand: [OP06-038,OP14-119,OP01-055,OP12-034]
[] Board: [OP14-023,ST32-001,ST32-003,OP10-030]
[] Trash: [OP01-055,OP13-031,OP12-034,ST32-002,OP01-055,ST32-002,OP07-022]
[] Life: 4
[] Hand: [ST18-001,PRB02-010,ST34-004,ST34-004,OP11-073,OP11-070,OP11-067,ST34-002]
[] Trash: [OP15-078,OP07-077,ST34-005,OP07-077]
[] Board: [OP11-070,OP11-070,ST34-005,ST34-003]
[] Life: 2
RZ1|197|1|Don|9|9900|5|0|1|1|1|0|0
RZ1|CHK|197|1|31|4|4|4|3|4|7|0|1|3
RZ1|198|1|Don|9|0|5|0|1|1|1|0|0
RZ1|CHK|198|1|31|4|4|4|3|5|7|0|1|2
RZ1|199|1|Don|9|0|5|0|1|1|1|0|0
RZ1|CHK|199|1|31|4|4|4|3|6|7|0|1|1
RZ1|200|1|Don|9|0|5|0|1|1|1|0|0
RZ1|CHK|200|1|31|4|4|4|3|7|7|0|1|0
[You] Draw 1 Card
[] Drew card from deck: Demonic Aura Nine-Sword Style Asura Dead Man's Game ["OP12-037">OP12-037]
RZ1|201|1|OP12-037|0|30|1|4|1|1|0|0|0
RZ1|CHK|201|1|30|5|4|4|3|7|7|0|1|0
RZ1|202|1|Don|4|2|5|7|1|1|0|0|0
RZ1|CHK|202|1|30|5|4|4|2|8|7|0|1|0
RZ1|203|1|Don|4|1|5|8|1|1|0|0|0
RZ1|CHK|203|1|30|5|4|4|1|9|7|0|1|0
[You] Draw 2 Don
RZ1|204|1|Don|5|0|5|0|1|1|1|0|0
RZ1|CHK|204|1|30|5|4|4|1|9|7|0|1|0
RZ1|205|1|Don|5|1|5|1|1|1|1|0|0
RZ1|CHK|205|1|30|5|4|4|1|9|7|0|1|0
RZ1|206|1|Don|5|2|5|2|1|1|1|0|0
RZ1|CHK|206|1|30|5|4|4|1|9|7|0|1|0
RZ1|207|1|Don|5|3|5|3|1|1|1|0|0
RZ1|CHK|207|1|30|5|4|4|1|9|7|0|1|0
RZ1|208|1|Don|5|4|5|4|1|1|1|0|0
RZ1|CHK|208|1|30|5|4|4|1|9|7|0|1|0
RZ1|209|1|Don|5|5|5|5|1|1|1|0|0
RZ1|CHK|209|1|30|5|4|4|1|9|7|0|1|0
RZ1|210|1|Don|5|6|5|6|1|1|1|0|0
RZ1|CHK|210|1|30|5|4|4|1|9|7|0|1|0
RZ1|211|1|Don|5|7|5|7|1|1|1|0|0
RZ1|CHK|211|1|30|5|4|4|1|9|7|0|1|0
RZ1|212|1|Don|5|8|5|8|1|1|1|0|0
RZ1|CHK|212|1|30|5|4|4|1|9|7|0|1|0
[You] Deploy Dracule Mihawk ["OP14-119">OP14-119]
RZ1|213|1|OP14-119|1|1|2|4|1|1|0|0|0
RZ1|CHK|213|1|30|4|5|4|1|9|7|0|1|0
[You] Dracule Mihawk ["OP14-020">OP14-020]: Rest Dracule Mihawk ["OP14-119">OP14-119]
[You] Dracule Mihawk ["OP14-020">OP14-020]: Activate 1 Don
RZ1|214|1|Don|5|8|5|8|1|1|0|0|0
RZ1|CHK|214|1|30|4|5|4|1|9|7|0|1|0
[You] Dracule Mihawk ["OP14-020">OP14-020]: Activate 1 Don
RZ1|215|1|Don|5|7|5|7|1|1|0|0|0
RZ1|CHK|215|1|30|4|5|4|1|9|7|0|1|0
[You] Dracule Mihawk ["OP14-020">OP14-020]: Activate 1 Don
RZ1|216|1|Don|5|6|5|6|1|1|0|0|0
RZ1|CHK|216|1|30|4|5|4|1|9|7|0|1|0
[You] Dracule Mihawk ["OP14-020">OP14-020]: Can't play Cost 1 Or More Characters for the Turn!
[You] Dracule Mihawk ["OP14-119">OP14-119]: Baron Tamago & Pekoms ["ST34-005">ST34-005] can't be rested until next turn ends
[You] Attach 1 Don to Kikunojo ["OP14-023">OP14-023] (1 Total)
RZ1|217|1|Don|5|8|9|0|1|1|0|0|0
RZ1|CHK|217|1|30|4|5|4|1|8|7|0|1|1
[You] Attach 1 Don to Kikunojo ["OP14-023">OP14-023] (2 Total)
RZ1|218|1|Don|5|7|9|1|1|1|0|0|0
RZ1|CHK|218|1|30|4|5|4|1|7|7|0|1|2
[You] Attach 1 Don to Kikunojo ["OP14-023">OP14-023] (3 Total)
RZ1|219|1|Don|5|6|9|2|1|1|0|0|0
RZ1|CHK|219|1|30|4|5|4|1|6|7|0|1|3
[You] Kin'emon ["ST32-001">ST32-001] attacking Charlotte Brulee ["ST34-003">ST34-003]
Kin'emon ["ST32-001">ST32-001][2000] vs Charlotte Brulee ["ST34-003">ST34-003][2000]
[Opponent] Charlotte Brulee ["ST34-003">ST34-003] Destroyed
RZ1|220|2|Don|9|300|5|0|1|1|1|0|0
RZ1|CHK|220|2|32|8|4|2|2|1|4|0|1|7
RZ1|221|2|Don|9|300|5|0|1|1|1|0|0
RZ1|CHK|221|2|32|8|4|2|2|2|4|0|1|6
RZ1|222|2|Don|9|300|5|0|1|1|1|0|0
RZ1|CHK|222|2|32|8|4|2|2|3|4|0|1|5
RZ1|223|2|Don|9|300|5|0|1|1|1|0|0
RZ1|CHK|223|2|32|8|4|2|2|4|4|0|1|4
RZ1|224|2|Don|9|300|5|0|1|1|1|0|0
RZ1|CHK|224|2|32|8|4|2|2|5|4|0|1|3
RZ1|225|2|ST34-003|2|3|6|4|1|1|0|0|0
RZ1|CHK|225|2|32|8|3|2|2|5|5|0|1|3
[You] Kikunojo ["OP14-023">OP14-023] attacking Charlotte Katakuri ["OP11-062">OP11-062]
[Opponent] Discard Charlotte Pudding ["OP11-070">OP11-070] for Counter 1000
RZ1|226|2|OP11-070|1|5|6|5|1|1|0|0|0
RZ1|CHK|226|2|32|7|3|2|2|5|6|0|1|3
Kikunojo ["OP14-023">OP14-023][5000] vs Charlotte Katakuri ["OP11-062">OP11-062][6000]
Attack Fails
[You] Smoker ["OP10-030">OP10-030] attacking Charlotte Katakuri ["OP11-062">OP11-062]
Smoker ["OP10-030">OP10-030][7000] vs Charlotte Katakuri ["OP11-062">OP11-062][5000]
Trash Charlotte Linlin ["OP08-069">OP08-069] from Life
RZ1|227|2|OP08-069|3|1|6|6|1|1|0|0|0
RZ1|CHK|227|2|32|7|3|1|2|5|7|0|1|3
[Opponent] Banished 1 Life
[You] Dracule Mihawk ["OP14-020">OP14-020] attacking Charlotte Katakuri ["OP11-062">OP11-062]
[Opponent] Discard Charlotte Pudding ["PRB02-010">PRB02-010] for Counter 1000
RZ1|228|2|PRB02-010|1|1|6|7|1|1|0|0|0
RZ1|CHK|228|2|32|6|3|1|2|5|8|0|1|3
Dracule Mihawk ["OP14-020">OP14-020][5000] vs Charlotte Katakuri ["OP11-062">OP11-062][6000]
Attack Fails
[You] Dracule Mihawk ["ST32-003">ST32-003] attacking Charlotte Katakuri ["OP11-062">OP11-062]
[] Drew card from deck: Dracule Mihawk ["OP14-119">OP14-119]
RZ1|229|1|OP14-119|0|29|1|4|1|1|0|0|0
RZ1|CHK|229|1|29|5|5|4|1|6|7|0|1|3
[You] Dracule Mihawk ["ST32-003">ST32-003]: Draw 1 Card
RZ1|230|1|OP12-034|1|2|6|7|1|1|0|0|0
RZ1|CHK|230|1|29|4|5|4|1|6|8|0|1|3
[You] Dracule Mihawk ["ST32-003">ST32-003]: Trash Perona ["OP12-034">OP12-034]
[Opponent] Discard Charlotte Cracker ["ST34-002">ST34-002] for Counter 1000
RZ1|231|2|ST34-002|1|5|6|8|1|1|0|0|0
RZ1|CHK|231|2|32|5|3|1|2|5|9|0|1|3
[Opponent] Discard Usohachi ["ST18-001">ST18-001] for Counter 2000
RZ1|232|2|ST18-001|1|0|6|9|1|1|0|0|0
RZ1|CHK|232|2|32|4|3|1|2|5|10|0|1|3
Dracule Mihawk ["ST32-003">ST32-003][7000] vs Charlotte Katakuri ["OP11-062">OP11-062][8000]
Attack Fails
[You] Kikunojo ["OP14-023">OP14-023]: Set Kikunojo ["OP14-023">OP14-023] to Active
[] Hand: [OP06-038,OP01-055,OP12-037,OP14-119]
[] Board: [OP14-023,ST32-001,ST32-003,OP10-030,OP14-119]
[] Trash: [OP01-055,OP13-031,OP12-034,ST32-002,OP01-055,ST32-002,OP07-022,OP12-034]
[] Life: 4
[] Hand: [ST34-004,ST34-004,OP11-073,OP11-067]
[] Trash: [OP15-078,OP07-077,ST34-005,OP07-077,ST34-003,OP11-070,OP08-069,PRB02-010,ST34-002,ST18-001]
[] Board: [OP11-070,OP11-070,ST34-005]
[] Life: 1
[You] End Turn
[] Hand: [ST34-004,ST34-004,OP11-073,OP11-067]
[] Board: [OP11-070,OP11-070,ST34-005]
[] Trash: [OP15-078,OP07-077,ST34-005,OP07-077,ST34-003,OP11-070,OP08-069,PRB02-010,ST34-002,ST18-001]
[] Life: 1
[] Hand: [OP06-038,OP01-055,OP12-037,OP14-119]
[] Trash: [OP01-055,OP13-031,OP12-034,ST32-002,OP01-055,ST32-002,OP07-022,OP12-034]
[] Board: [OP14-023,ST32-001,ST32-003,OP10-030,OP14-119]
[] Life: 4
RZ1|233|2|Don|9|200|5|0|1|1|1|0|0
RZ1|CHK|233|2|32|4|3|1|2|6|10|0|1|2
RZ1|234|2|Don|9|200|5|0|1|1|1|0|0
RZ1|CHK|234|2|32|4|3|1|2|7|10|0|1|1
RZ1|235|2|Don|9|200|5|0|1|1|1|0|0
RZ1|CHK|235|2|32|4|3|1|2|8|10|0|1|0
[Opponent] Draw 1 Card
[] Drew card from deck: Charlotte Brulee ["ST34-003">ST34-003]
RZ1|236|2|ST34-003|0|31|1|4|1|1|0|0|0
RZ1|CHK|236|2|31|5|3|1|2|8|10|0|1|0
RZ1|237|2|Don|4|1|5|8|1|1|0|0|0
RZ1|CHK|237|2|31|5|3|1|1|9|10|0|1|0
RZ1|238|2|Don|4|0|5|9|1|1|0|0|0
RZ1|CHK|238|2|31|5|3|1|0|10|10|0|1|0
[Opponent] Draw 2 Don
RZ1|239|2|Don|5|0|9|0|1|1|0|0|0
RZ1|CHK|239|2|31|5|3|1|0|9|10|0|1|1
RZ1|240|2|Don|5|0|9|1|1|1|0|0|0
RZ1|CHK|240|2|31|5|3|1|0|8|10|0|1|2
RZ1|241|2|Don|5|0|9|2|1|1|0|0|0
RZ1|CHK|241|2|31|5|3|1|0|7|10|0|1|3
RZ1|242|2|Don|5|0|9|3|1|1|0|0|0
RZ1|CHK|242|2|31|5|3|1|0|6|10|0|1|4
RZ1|243|2|Don|5|0|9|4|1|1|0|0|0
RZ1|CHK|243|2|31|5|3|1|0|5|10|0|1|5
RZ1|244|2|Don|5|0|9|5|1|1|0|0|0
RZ1|CHK|244|2|31|5|3|1|0|4|10|0|1|6
RZ1|245|2|Don|5|0|9|6|1|1|0|0|0
RZ1|CHK|245|2|31|5|3|1|0|3|10|0|1|7
[Opponent] Attach 7 Don to Charlotte Pudding ["OP11-070">OP11-070] (7 Total)
[Opponent] Charlotte Pudding ["OP11-070">OP11-070] attacking Smoker ["OP10-030">OP10-030]
RZ1|246|1|OP01-055|1|1|6|8|1|1|0|0|0
RZ1|CHK|246|1|29|3|5|4|1|6|9|0|1|3
[You] Dracule Mihawk ["OP14-119">OP14-119]: Trash You Can Be My Samurai!!! ["OP01-055">OP01-055]
[You] Dracule Mihawk ["OP14-119">OP14-119]: Buff Smoker ["OP10-030">OP10-030] 2000 for the Combat
Charlotte Pudding ["OP11-070">OP11-070][7000] vs Smoker ["OP10-030">OP10-030][9000]
Attack Fails
RZ1|247|2|Don|5|0|9|9900|1|1|0|0|0
RZ1|CHK|247|2|31|5|3|1|0|2|10|0|1|8
RZ1|248|2|Don|5|0|9|9901|1|1|0|0|0
RZ1|CHK|248|2|31|5|3|1|0|1|10|0|1|9
[Opponent] Attach 2 Don to Charlotte Katakuri ["OP11-062">OP11-062] (2 Total)
[Opponent] Charlotte Katakuri ["OP11-062">OP11-062] attacking Smoker ["OP10-030">OP10-030]
Charlotte Katakuri ["OP11-062">OP11-062][7000] vs Smoker ["OP10-030">OP10-030][7000]
[You] Smoker ["OP10-030">OP10-030] Destroyed
RZ1|249|1|OP10-030|2|3|6|9|1|1|0|0|0
RZ1|CHK|249|1|29|3|4|4|1|6|10|0|1|3
RZ1|250|2|Don|5|0|5|0|1|1|1|0|0
RZ1|CHK|250|2|31|5|3|1|0|1|10|0|1|9
[Opponent] Deploy Charlotte Brulee ["ST34-003">ST34-003]
RZ1|251|2|ST34-003|1|4|2|3|1|1|0|0|0
RZ1|CHK|251|2|31|4|4|1|0|1|10|0|1|9
RZ1|252|2|PRB02-010|0|30|1|4|1|1|0|0|0
RZ1|CHK|252|2|30|5|4|1|0|1|10|0|1|9
[Opponent] Charlotte Brulee ["ST34-003">ST34-003]: <b>Reveal and Draw Charlotte Pudding ["PRB02-010">PRB02-010]</b>
[Opponent] Placing Cards on Bottom of Deck
RZ1|253|2|OP13-076|0|29|0|0|0|0|0|0|0
RZ1|CHK|253|2|30|5|4|1|0|1|10|0|1|9
RZ1|254|2|ST18-001|0|29|0|0|0|0|0|0|0
RZ1|CHK|254|2|30|5|4|1|0|1|10|0|1|9
[] Hand: [ST34-004,ST34-004,OP11-073,OP11-067,PRB02-010]
[] Board: [OP11-070,OP11-070,ST34-005,ST34-003]
[] Trash: [OP15-078,OP07-077,ST34-005,OP07-077,ST34-003,OP11-070,OP08-069,PRB02-010,ST34-002,ST18-001]
[] Life: 1
[] Hand: [OP06-038,OP12-037,OP14-119]
[] Trash: [OP01-055,OP13-031,OP12-034,ST32-002,OP01-055,ST32-002,OP07-022,OP12-034,OP01-055,OP10-030]
[] Board: [OP14-023,ST32-001,ST32-003,OP14-119]
[] Life: 4
[Opponent] End Turn
[] Hand: [OP06-038,OP12-037,OP14-119]
[] Board: [OP14-023,ST32-001,ST32-003,OP14-119]
[] Trash: [OP01-055,OP13-031,OP12-034,ST32-002,OP01-055,ST32-002,OP07-022,OP12-034,OP01-055,OP10-030]
[] Life: 4
[] Hand: [ST34-004,ST34-004,OP11-073,OP11-067,PRB02-010]
[] Trash: [OP15-078,OP07-077,ST34-005,OP07-077,ST34-003,OP11-070,OP08-069,PRB02-010,ST34-002,ST18-001]
[] Board: [OP11-070,OP11-070,ST34-005,ST34-003]
[] Life: 1
RZ1|255|1|Don|9|0|5|0|1|1|1|0|0
RZ1|CHK|255|1|29|3|4|4|1|7|10|0|1|2
RZ1|256|1|Don|9|0|5|0|1|1|1|0|0
RZ1|CHK|256|1|29|3|4|4|1|8|10|0|1|1
RZ1|257|1|Don|9|0|5|0|1|1|1|0|0
RZ1|CHK|257|1|29|3|4|4|1|9|10|0|1|0
[You] Draw 1 Card
[] Drew card from deck: Demonic Aura Nine-Sword Style Asura Dead Man's Game ["OP12-037">OP12-037]
RZ1|258|1|OP12-037|0|28|1|3|1|1|0|0|0
RZ1|CHK|258|1|28|4|4|4|1|9|10|0|1|0
RZ1|259|1|Don|4|0|5|9|1|1|0|0|0
RZ1|CHK|259|1|28|4|4|4|0|10|10|0|1|0
[You] Draw 2 Don
[You] Attach 3 Don to Kikunojo ["OP14-023">OP14-023] (3 Total)
RZ1|260|1|Don|5|9|9|0|1|1|0|0|0
RZ1|CHK|260|1|28|4|4|4|0|9|10|0|1|1
RZ1|261|1|Don|5|8|9|1|1|1|0|0|0
RZ1|CHK|261|1|28|4|4|4|0|8|10|0|1|2
RZ1|262|1|Don|5|7|9|2|1|1|0|0|0
RZ1|CHK|262|1|28|4|4|4|0|7|10|0|1|3
[You] Kikunojo ["OP14-023">OP14-023] attacking Charlotte Katakuri ["OP11-062">OP11-062]
[Opponent] Discard Charlotte Pudding ["PRB02-010">PRB02-010] for Counter 1000
RZ1|263|2|PRB02-010|1|4|6|10|1|1|0|0|0
RZ1|CHK|263|2|30|4|4|1|0|1|11|0|1|9
Kikunojo ["OP14-023">OP14-023][5000] vs Charlotte Katakuri ["OP11-062">OP11-062][6000]
Attack Fails
[You] Attach 3 Don to Kin'emon ["ST32-001">ST32-001] (3 Total)
RZ1|264|1|Don|5|6|9|100|1|1|0|0|0
RZ1|CHK|264|1|28|4|4|4|0|6|10|0|1|4
RZ1|265|1|Don|5|5|9|101|1|1|0|0|0
RZ1|CHK|265|1|28|4|4|4|0|5|10|0|1|5
RZ1|266|1|Don|5|4|9|102|1|1|0|0|0
RZ1|CHK|266|1|28|4|4|4|0|4|10|0|1|6
[You] Kin'emon ["ST32-001">ST32-001] attacking Charlotte Katakuri ["OP11-062">OP11-062]
Kin'emon ["ST32-001">ST32-001][5000] vs Charlotte Katakuri ["OP11-062">OP11-062][5000]
Charlotte Katakuri ["OP11-062">OP11-062] hit for 1 damage
RZ1|267|2|ST34-004|3|0|1|4|1|1|0|0|0
RZ1|CHK|267|2|30|5|4|0|0|1|11|0|1|9
[You] Dracule Mihawk ["ST32-003">ST32-003] attacking Charlotte Katakuri ["OP11-062">OP11-062]
[] Drew card from deck: Demonic Aura Nine-Sword Style Asura Dead Man's Game ["OP12-037">OP12-037]
RZ1|268|1|OP12-037|0|27|1|4|1|1|0|0|0
RZ1|CHK|268|1|27|5|4|4|0|4|10|0|1|6
[You] Dracule Mihawk ["ST32-003">ST32-003]: Draw 1 Card
RZ1|269|1|OP12-037|1|4|6|10|1|1|0|0|0
RZ1|CHK|269|1|27|4|4|4|0|4|11|0|1|6
[You] Dracule Mihawk ["ST32-003">ST32-003]: Trash Demonic Aura Nine-Sword Style Asura Dead Man's Game ["OP12-037">OP12-037]
Dracule Mihawk ["ST32-003">ST32-003][7000] vs Charlotte Katakuri ["OP11-062">OP11-062][5000]
Charlotte Katakuri ["OP11-062">OP11-062] hit for 1 damage
[Opponent] <b>Downloaded the Combat Log!</b>
GameOver
