Version is 1.41b.27
[You] Leader is Dracule Mihawk ["OP14-020">OP14-020]
RZ1|HDR|1.41b|2|RZ1
RZ1|PLY|1||OP14-020
RZ1|PLY|2||
[Opponent] Leader is Charlotte Katakuri ["OP11-062">OP11-062]
RZ1|1|2|OP11-067|0|30|0|0|0|0|0|0|0
RZ1|CHK|1|2|50|0|0|0|10|0|0|0|1|0
RZ1|2|2|ST34-004|0|38|0|1|0|0|0|0|0
RZ1|CHK|2|2|50|0|0|0|10|0|0|0|1|0
RZ1|3|2|ST34-003|0|12|0|2|0|0|0|0|0
RZ1|CHK|3|2|50|0|0|0|10|0|0|0|1|0
RZ1|4|2|ST18-001|0|13|0|3|0|0|0|0|0
RZ1|CHK|4|2|50|0|0|0|10|0|0|0|1|0
RZ1|5|2|ST34-002|0|21|0|4|0|0|0|0|0
RZ1|CHK|5|2|50|0|0|0|10|0|0|0|1|0
RZ1|6|2|OP11-073|0|37|0|5|0|0|0|0|0
RZ1|CHK|6|2|50|0|0|0|10|0|0|0|1|0
RZ1|7|2|ST34-003|0|15|0|6|0|0|0|0|0
RZ1|CHK|7|2|50|0|0|0|10|0|0|0|1|0
RZ1|8|2|OP15-078|0|43|0|7|0|0|0|0|0
RZ1|CHK|8|2|50|0|0|0|10|0|0|0|1|0
RZ1|9|2|OP15-078|0|44|0|8|0|0|0|0|0
RZ1|CHK|9|2|50|0|0|0|10|0|0|0|1|0
RZ1|10|2|PRB02-010|0|33|0|9|0|0|0|0|0
RZ1|CHK|10|2|50|0|0|0|10|0|0|0|1|0
RZ1|11|2|PRB02-010|0|31|0|10|0|0|0|0|0
RZ1|CHK|11|2|50|0|0|0|10|0|0|0|1|0
RZ1|12|2|OP07-077|0|48|0|11|0|0|0|0|0
RZ1|CHK|12|2|50|0|0|0|10|0|0|0|1|0
RZ1|13|2|ST34-003|0|19|0|12|0|0|0|0|0
RZ1|CHK|13|2|50|0|0|0|10|0|0|0|1|0
RZ1|14|2|ST34-002|0|28|0|13|0|0|0|0|0
RZ1|CHK|14|2|50|0|0|0|10|0|0|0|1|0
RZ1|15|2|ST34-001|0|31|0|14|0|0|0|0|0
RZ1|CHK|15|2|50|0|0|0|10|0|0|0|1|0
RZ1|16|2|OP15-078|0|46|0|15|0|0|0|0|0
RZ1|CHK|16|2|50|0|0|0|10|0|0|0|1|0
RZ1|17|2|PRB02-010|0|35|0|16|0|0|0|0|0
RZ1|CHK|17|2|50|0|0|0|10|0|0|0|1|0
RZ1|18|2|ST34-001|0|32|0|17|0|0|0|0|0
RZ1|CHK|18|2|50|0|0|0|10|0|0|0|1|0
RZ1|19|2|PRB02-010|0|35|0|18|0|0|0|0|0
RZ1|CHK|19|2|50|0|0|0|10|0|0|0|1|0
RZ1|20|2|ST34-001|0|34|0|19|0|0|0|0|0
RZ1|CHK|20|2|50|0|0|0|10|0|0|0|1|0
RZ1|21|2|OP11-067|0|38|0|20|0|0|0|0|0
RZ1|CHK|21|2|50|0|0|0|10|0|0|0|1|0
RZ1|22|2|OP15-069|0|27|0|21|0|0|0|0|0
RZ1|CHK|22|2|50|0|0|0|10|0|0|0|1|0
RZ1|23|2|OP15-078|0|46|0|22|0|0|0|0|0
RZ1|CHK|23|2|50|0|0|0|10|0|0|0|1|0
RZ1|24|2|ST18-001|0|30|0|23|0|0|0|0|0
RZ1|CHK|24|2|50|0|0|0|10|0|0|0|1|0
RZ1|25|2|ST34-005|0|32|0|24|0|0|0|0|0
RZ1|CHK|25|2|50|0|0|0|10|0|0|0|1|0
RZ1|26|2|OP13-076|0|46|0|25|0|0|0|0|0
RZ1|CHK|26|2|50|0|0|0|10|0|0|0|1|0
RZ1|27|2|OP08-069|0|42|0|26|0|0|0|0|0
RZ1|CHK|27|2|50|0|0|0|10|0|0|0|1|0
RZ1|28|2|OP11-070|0|30|0|27|0|0|0|0|0
RZ1|CHK|28|2|50|0|0|0|10|0|0|0|1|0
RZ1|29|2|ST34-005|0|36|0|28|0|0|0|0|0
RZ1|CHK|29|2|50|0|0|0|10|0|0|0|1|0
RZ1|30|2|OP11-070|0|31|0|29|0|0|0|0|0
RZ1|CHK|30|2|50|0|0|0|10|0|0|0|1|0
RZ1|31|2|ST34-002|0|38|0|30|0|0|0|0|0
RZ1|CHK|31|2|50|0|0|0|10|0|0|0|1|0
RZ1|32|2|ST34-004|0|44|0|32|0|0|0|0|0
RZ1|CHK|32|2|50|0|0|0|10|0|0|0|1|0
RZ1|33|2|OP15-069|0|34|0|33|0|0|0|0|0
RZ1|CHK|33|2|50|0|0|0|10|0|0|0|1|0
RZ1|34|2|ST34-003|0|36|0|34|0|0|0|0|0
RZ1|CHK|34|2|50|0|0|0|10|0|0|0|1|0
RZ1|35|2|OP07-077|0|49|0|35|0|0|0|0|0
RZ1|CHK|35|2|50|0|0|0|10|0|0|0|1|0
RZ1|36|2|ST34-001|0|41|0|36|0|0|0|0|0
RZ1|CHK|36|2|50|0|0|0|10|0|0|0|1|0
RZ1|37|2|ST34-004|0|46|0|37|0|0|0|0|0
RZ1|CHK|37|2|50|0|0|0|10|0|0|0|1|0
RZ1|38|2|OP15-069|0|39|0|38|0|0|0|0|0
RZ1|CHK|38|2|50|0|0|0|10|0|0|0|1|0
RZ1|39|2|ST34-002|0|42|0|39|0|0|0|0|0
RZ1|CHK|39|2|50|0|0|0|10|0|0|0|1|0
RZ1|40|2|ST34-005|0|41|0|40|0|0|0|0|0
RZ1|CHK|40|2|50|0|0|0|10|0|0|0|1|0
RZ1|41|2|ST34-004|0|47|0|41|0|0|0|0|0
RZ1|CHK|41|2|50|0|0|0|10|0|0|0|1|0
RZ1|42|2|OP07-077|0|48|0|42|0|0|0|0|0
RZ1|CHK|42|2|50|0|0|0|10|0|0|0|1|0
RZ1|43|2|OP11-067|0|46|0|43|0|0|0|0|0
RZ1|CHK|43|2|50|0|0|0|10|0|0|0|1|0
RZ1|44|2|OP08-069|0|48|0|44|0|0|0|0|0
RZ1|CHK|44|2|50|0|0|0|10|0|0|0|1|0
RZ1|45|2|ST34-005|0|46|0|45|0|0|0|0|0
RZ1|CHK|45|2|50|0|0|0|10|0|0|0|1|0
RZ1|46|2|OP11-067|0|47|0|46|0|0|0|0|0
RZ1|CHK|46|2|50|0|0|0|10|0|0|0|1|0
RZ1|47|2|OP07-077|0|49|0|48|0|0|0|0|0
RZ1|CHK|47|2|50|0|0|0|10|0|0|0|1|0
[] Drew card from deck: Kikunojo ["OP14-023">OP14-023]
RZ1|48|1|OP14-023|0|49|1|0|1|1|0|0|0
RZ1|CHK|48|1|49|1|0|0|10|0|0|0|1|0
[] Drew card from deck: Coffin Boat ["OP14-039">OP14-039]
RZ1|49|1|OP14-039|0|48|1|1|1|1|0|0|0
RZ1|CHK|49|1|48|2|0|0|10|0|0|0|1|0
[] Drew card from deck: Perona ["OP14-033">OP14-033]
RZ1|50|1|OP14-033|0|47|1|2|1|1|0|0|0
RZ1|CHK|50|1|47|3|0|0|10|0|0|0|1|0
[] Drew card from deck: Perona ["OP14-033">OP14-033]
RZ1|51|1|OP14-033|0|46|1|3|1|1|0|0|0
RZ1|CHK|51|1|46|4|0|0|10|0|0|0|1|0
[] Drew card from deck: Otama ["OP07-022">OP07-022]
RZ1|52|1|OP07-022|0|45|1|4|1|1|0|0|0
RZ1|CHK|52|1|45|5|0|0|10|0|0|0|1|0
[] Drew card from deck: Charlotte Linlin ["OP08-069">OP08-069]
RZ1|53|2|OP08-069|0|49|1|0|1|1|0|0|0
RZ1|CHK|53|2|49|1|0|0|10|0|0|0|1|0
[] Drew card from deck: We're Going to Claim the One Piece!!! ["OP07-077">OP07-077]
RZ1|54|2|OP07-077|0|48|1|1|1|1|0|0|0
RZ1|CHK|54|2|48|2|0|0|10|0|0|0|1|0
[] Drew card from deck: Charlotte Pudding ["OP11-070">OP11-070]
RZ1|55|2|OP11-070|0|47|1|2|1|1|0|0|0
RZ1|CHK|55|2|47|3|0|0|10|0|0|0|1|0
[] Drew card from deck: Charlotte Katakuri ["OP11-067">OP11-067]
RZ1|56|2|OP11-067|0|46|1|3|1|1|0|0|0
RZ1|CHK|56|2|46|4|0|0|10|0|0|0|1|0
[] Drew card from deck: Baron Tamago & Pekoms ["ST34-005">ST34-005]
RZ1|57|2|ST34-005|0|45|1|4|1|1|0|0|0
RZ1|CHK|57|2|45|5|0|0|10|0|0|0|1|0
RZ1|58|1|OP14-023|1|0|0|45|0|0|0|0|0
RZ1|CHK|58|1|46|4|0|0|10|0|0|0|1|0
RZ1|59|1|OP14-039|1|0|0|46|0|0|0|0|0
RZ1|CHK|59|1|47|3|0|0|10|0|0|0|1|0
RZ1|60|1|OP14-033|1|0|0|47|0|0|0|0|0
RZ1|CHK|60|1|48|2|0|0|10|0|0|0|1|0
RZ1|61|1|OP14-033|1|0|0|48|0|0|0|0|0
RZ1|CHK|61|1|49|1|0|0|10|0|0|0|1|0
RZ1|62|1|OP07-022|1|0|0|49|0|0|0|0|0
RZ1|CHK|62|1|50|0|0|0|10|0|0|0|1|0
RZ1|63|1|OP12-034|0|25|0|0|0|0|0|0|0
RZ1|CHK|63|1|50|0|0|0|10|0|0|0|1|0
RZ1|64|1|OP14-039|0|46|0|1|0|0|0|0|0
RZ1|CHK|64|1|50|0|0|0|10|0|0|0|1|0
RZ1|65|1|ST32-003|0|8|0|2|0|0|0|0|0
RZ1|CHK|65|1|50|0|0|0|10|0|0|0|1|0
RZ1|66|1|OP14-033|0|47|0|3|0|0|0|0|0
RZ1|CHK|66|1|50|0|0|0|10|0|0|0|1|0
RZ1|67|1|OP14-033|0|8|0|4|0|0|0|0|0
RZ1|CHK|67|1|50|0|0|0|10|0|0|0|1|0
RZ1|68|1|ST32-001|0|14|0|5|0|0|0|0|0
RZ1|CHK|68|1|50|0|0|0|10|0|0|0|1|0
RZ1|69|1|OP12-034|0|36|0|6|0|0|0|0|0
RZ1|CHK|69|1|50|0|0|0|10|0|0|0|1|0
RZ1|70|1|OP14-119|0|22|0|7|0|0|0|0|0
RZ1|CHK|70|1|50|0|0|0|10|0|0|0|1|0
RZ1|71|1|ST32-002|0|12|0|8|0|0|0|0|0
RZ1|CHK|71|1|50|0|0|0|10|0|0|0|1|0
RZ1|72|1|ST32-003|0|11|0|9|0|0|0|0|0
RZ1|CHK|72|1|50|0|0|0|10|0|0|0|1|0
RZ1|73|1|OP06-038|0|23|0|10|0|0|0|0|0
RZ1|CHK|73|1|50|0|0|0|10|0|0|0|1|0
RZ1|74|1|OP01-055|0|30|0|11|0|0|0|0|0
RZ1|CHK|74|1|50|0|0|0|10|0|0|0|1|0
RZ1|75|1|OP07-022|0|39|0|12|0|0|0|0|0
RZ1|CHK|75|1|50|0|0|0|10|0|0|0|1|0
RZ1|76|1|OP14-023|0|26|0|13|0|0|0|0|0
RZ1|CHK|76|1|50|0|0|0|10|0|0|0|1|0
RZ1|77|1|OP07-022|0|32|0|14|0|0|0|0|0
RZ1|CHK|77|1|50|0|0|0|10|0|0|0|1|0
RZ1|78|1|OP01-055|0|18|0|15|0|0|0|0|0
RZ1|CHK|78|1|50|0|0|0|10|0|0|0|1|0
RZ1|79|1|OP12-034|0|40|0|16|0|0|0|0|0
RZ1|CHK|79|1|50|0|0|0|10|0|0|0|1|0
RZ1|80|1|OP14-119|0|30|0|17|0|0|0|0|0
RZ1|CHK|80|1|50|0|0|0|10|0|0|0|1|0
RZ1|81|1|OP13-031|0|22|0|18|0|0|0|0|0
RZ1|CHK|81|1|50|0|0|0|10|0|0|0|1|0
RZ1|82|1|ST32-005|0|31|0|19|0|0|0|0|0
RZ1|CHK|82|1|50|0|0|0|10|0|0|0|1|0
RZ1|83|1|OP01-055|0|29|0|20|0|0|0|0|0
RZ1|CHK|83|1|50|0|0|0|10|0|0|0|1|0
RZ1|84|1|OP14-033|0|31|0|21|0|0|0|0|0
RZ1|CHK|84|1|50|0|0|0|10|0|0|0|1|0
RZ1|85|1|ST32-003|0|26|0|22|0|0|0|0|0
RZ1|CHK|85|1|50|0|0|0|10|0|0|0|1|0
RZ1|86|1|ST32-002|0|33|0|23|0|0|0|0|0
RZ1|CHK|86|1|50|0|0|0|10|0|0|0|1|0
RZ1|87|1|ST32-002|0|27|0|24|0|0|0|0|0
RZ1|CHK|87|1|50|0|0|0|10|0|0|0|1|0
RZ1|88|1|OP12-034|0|34|0|25|0|0|0|0|0
RZ1|CHK|88|1|50|0|0|0|10|0|0|0|1|0
RZ1|89|1|OP14-023|0|41|0|26|0|0|0|0|0
RZ1|CHK|89|1|50|0|0|0|10|0|0|0|1|0
RZ1|90|1|OP14-023|0|47|0|27|0|0|0|0|0
RZ1|CHK|90|1|50|0|0|0|10|0|0|0|1|0
RZ1|91|1|ST32-002|0|30|0|28|0|0|0|0|0
RZ1|CHK|91|1|50|0|0|0|10|0|0|0|1|0
RZ1|92|1|ST32-001|0|46|0|29|0|0|0|0|0
RZ1|CHK|92|1|50|0|0|0|10|0|0|0|1|0
RZ1|93|1|ST32-001|0|33|0|30|0|0|0|0|0
RZ1|CHK|93|1|50|0|0|0|10|0|0|0|1|0
RZ1|94|1|ST32-005|0|45|0|31|0|0|0|0|0
RZ1|CHK|94|1|50|0|0|0|10|0|0|0|1|0
RZ1|95|1|OP13-031|0|38|0|32|0|0|0|0|0
RZ1|CHK|95|1|50|0|0|0|10|0|0|0|1|0
RZ1|96|1|ST16-004|0|35|0|33|0|0|0|0|0
RZ1|CHK|96|1|50|0|0|0|10|0|0|0|1|0
RZ1|97|1|ST32-005|0|47|0|35|0|0|0|0|0
RZ1|CHK|97|1|50|0|0|0|10|0|0|0|1|0
RZ1|98|1|OP07-022|0|38|0|36|0|0|0|0|0
RZ1|CHK|98|1|50|0|0|0|10|0|0|0|1|0
RZ1|99|1|ST32-003|0|40|0|37|0|0|0|0|0
RZ1|CHK|99|1|50|0|0|0|10|0|0|0|1|0
RZ1|100|1|OP10-030|0|39|0|38|0|0|0|0|0
RZ1|CHK|100|1|50|0|0|0|10|0|0|0|1|0
RZ1|101|1|OP14-033|0|48|0|39|0|0|0|0|0
RZ1|CHK|101|1|50|0|0|0|10|0|0|0|1|0
RZ1|102|1|ST24-004|0|42|0|40|0|0|0|0|0
RZ1|CHK|102|1|50|0|0|0|10|0|0|0|1|0
RZ1|103|1|ST32-001|0|48|0|41|0|0|0|0|0
RZ1|CHK|103|1|50|0|0|0|10|0|0|0|1|0
RZ1|104|1|OP01-055|0|45|0|42|0|0|0|0|0
RZ1|CHK|104|1|50|0|0|0|10|0|0|0|1|0
RZ1|105|1|OP12-037|0|46|0|45|0|0|0|0|0
RZ1|CHK|105|1|50|0|0|0|10|0|0|0|1|0
RZ1|106|1|OP12-037|0|48|0|46|0|0|0|0|0
RZ1|CHK|106|1|50|0|0|0|10|0|0|0|1|0
[] Drew card from deck: Otama ["OP07-022">OP07-022]
RZ1|107|1|OP07-022|0|49|1|0|1|1|0|0|0
RZ1|CHK|107|1|49|1|0|0|10|0|0|0|1|0
[] Drew card from deck: Kikunojo ["OP14-023">OP14-023]
RZ1|108|1|OP14-023|0|48|1|1|1|1|0|0|0
RZ1|CHK|108|1|48|2|0|0|10|0|0|0|1|0
[] Drew card from deck: Law & Bepo ["ST24-004">ST24-004]
RZ1|109|1|ST24-004|0|47|1|2|1|1|0|0|0
RZ1|CHK|109|1|47|3|0|0|10|0|0|0|1|0
[] Drew card from deck: Demonic Aura Nine-Sword Style Asura Dead Man's Game ["OP12-037">OP12-037]
RZ1|110|1|OP12-037|0|46|1|3|1|1|0|0|0
RZ1|CHK|110|1|46|4|0|0|10|0|0|0|1|0
[] Drew card from deck: Demonic Aura Nine-Sword Style Asura Dead Man's Game ["OP12-037">OP12-037]
RZ1|111|1|OP12-037|0|45|1|4|1|1|0|0|0
RZ1|CHK|111|1|45|5|0|0|10|0|0|0|1|0
RZ1|112|1|ST24-004|0|44|3|0|1|0|0|0|0
RZ1|CHK|112|1|44|5|0|1|10|0|0|0|1|0
RZ1|113|1|OP06-038|0|43|3|1|1|0|0|0|0
RZ1|CHK|113|1|43|5|0|2|10|0|0|0|1|0
RZ1|114|1|OP01-055|0|42|3|2|1|0|0|0|0
RZ1|CHK|114|1|42|5|0|3|10|0|0|0|1|0
RZ1|115|1|ST32-001|0|41|3|3|1|0|0|0|0
RZ1|CHK|115|1|41|5|0|4|10|0|0|0|1|0
RZ1|116|1|ST24-004|0|40|3|4|1|0|0|0|0
RZ1|CHK|116|1|40|5|0|5|10|0|0|0|1|0
[] Hand after Mulligan: [OP07-022,OP14-023,ST24-004,OP12-037,OP12-037]
[You] Mulligan
RZ1|117|2|OP08-069|0|44|3|0|0|1|0|0|0
RZ1|CHK|117|2|44|5|0|1|10|0|0|0|1|0
RZ1|118|2|OP11-067|0|43|3|1|0|1|0|0|0
RZ1|CHK|118|2|43|5|0|2|10|0|0|0|1|0
RZ1|119|2|OP07-077|0|42|3|2|0|1|0|0|0
RZ1|CHK|119|2|42|5|0|3|10|0|0|0|1|0
RZ1|120|2|ST34-004|0|41|3|3|0|1|0|0|0
RZ1|CHK|120|2|41|5|0|4|10|0|0|0|1|0
RZ1|121|2|ST34-005|0|40|3|4|0|1|0|0|0
RZ1|CHK|121|2|40|5|0|5|10|0|0|0|1|0
[] Hand: [OP07-022,OP14-023,ST24-004,OP12-037,OP12-037]
[] Board: []
[] Trash: []
[] Life: 5
[] Hand: [OP08-069,OP07-077,OP11-070,OP11-067,ST34-005]
[] Trash: []
[] Board: []
[] Life: 5
RZ1|122|1|Don|4|9|5|0|1|1|0|0|0
RZ1|CHK|122|1|40|5|0|5|9|1|0|0|1|0
[You] Draw 1 Don
RZ1|123|1|Don|5|0|5|0|1|1|1|0|0
RZ1|CHK|123|1|40|5|0|5|9|1|0|0|1|0
[You] Deploy Kikunojo ["OP14-023">OP14-023]
RZ1|124|1|OP14-023|1|1|2|0|1|1|0|0|0
RZ1|CHK|124|1|40|4|1|5|9|1|0|0|1|0
[You] Kikunojo ["OP14-023">OP14-023]: Set Kikunojo ["OP14-023">OP14-023] to Active
[] Hand: [OP07-022,ST24-004,OP12-037,OP12-037]
[] Board: [OP14-023]
[] Trash: []
[] Life: 5
[] Hand: [OP08-069,OP07-077,OP11-070,OP11-067,ST34-005]
[] Trash: []
[] Board: []
[] Life: 5
[You] End Turn
[] Hand: [OP08-069,OP07-077,OP11-070,OP11-067,ST34-005]
[] Board: []
[] Trash: []
[] Life: 5
[] Hand: [OP07-022,ST24-004,OP12-037,OP12-037]
[] Trash: []
[] Board: [OP14-023]
[] Life: 5
[Opponent] Draw 1 Card
[] Drew card from deck: Charlotte Cracker ["ST34-002">ST34-002]
RZ1|125|2|ST34-002|0|39|1|5|1|1|0|0|0
RZ1|CHK|125|2|39|6|0|5|10|0|0|0|1|0
RZ1|126|2|Don|4|9|5|0|1|1|0|0|0
RZ1|CHK|126|2|39|6|0|5|9|1|0|0|1|0
RZ1|127|2|Don|4|8|5|1|1|1|0|0|0
RZ1|CHK|127|2|39|6|0|5|8|2|0|0|1|0
[Opponent] Draw 2 Don
[] Hand: [OP08-069,OP07-077,OP11-070,OP11-067,ST34-005,ST34-002]
[] Board: []
[] Trash: []
[] Life: 5
[] Hand: [OP07-022,ST24-004,OP12-037,OP12-037]
[] Trash: []
[] Board: [OP14-023]
[] Life: 5
[Opponent] End Turn
[] Hand: [OP07-022,ST24-004,OP12-037,OP12-037]
[] Board: [OP14-023]
[] Trash: []
[] Life: 5
[] Hand: [OP08-069,OP07-077,OP11-070,OP11-067,ST34-005,ST34-002]
[] Trash: []
[] Board: []
[] Life: 5
[You] Draw 1 Card
[] Drew card from deck: Perona ["OP14-033">OP14-033]
RZ1|128|1|OP14-033|0|39|1|4|1|1|0|0|0
RZ1|CHK|128|1|39|5|1|5|9|1|0|0|1|0
RZ1|129|1|Don|4|8|5|1|1|1|0|0|0
RZ1|CHK|129|1|39|5|1|5|8|2|0|0|1|0
RZ1|130|1|Don|4|7|5|2|1|1|0|0|0
RZ1|CHK|130|1|39|5|1|5|7|3|0|0|1|0
[You] Draw 2 Don
[You] Dracule Mihawk ["OP14-020">OP14-020] attacking Charlotte Katakuri ["OP11-062">OP11-062]
Dracule Mihawk ["OP14-020">OP14-020][5000] vs Charlotte Katakuri ["OP11-062">OP11-062][5000]
Charlotte Katakuri ["OP11-062">OP11-062] hit for 1 damage
RZ1|131|2|ST34-005|3|4|1|6|1|1|0|0|0
RZ1|CHK|131|2|39|7|0|4|8|2|0|0|1|0
[You] Attach 3 Don to Kikunojo ["OP14-023">OP14-023] (3 Total)
RZ1|132|1|Don|5|2|9|0|1|1|0|0|0
RZ1|CHK|132|1|39|5|1|5|7|2|0|0|1|1
RZ1|133|1|Don|5|1|9|1|1|1|0|0|0
RZ1|CHK|133|1|39|5|1|5|7|1|0|0|1|2
RZ1|134|1|Don|5|0|9|2|1|1|0|0|0
RZ1|CHK|134|1|39|5|1|5|7|0|0|0|1|3
[You] Kikunojo ["OP14-023">OP14-023] attacking Charlotte Katakuri ["OP11-062">OP11-062]
Kikunojo ["OP14-023">OP14-023][5000] vs Charlotte Katakuri ["OP11-062">OP11-062][5000]
Charlotte Katakuri ["OP11-062">OP11-062] hit for 1 damage
RZ1|135|2|ST34-004|3|3|1|7|1|1|0|0|0
RZ1|CHK|135|2|39|8|0|3|8|2|0|0|1|0
[You] Kikunojo ["OP14-023">OP14-023]: Set Kikunojo ["OP14-023">OP14-023] to Active
[] Hand: [OP07-022,ST24-004,OP12-037,OP12-037,OP14-033]
[] Board: [OP14-023]
[] Trash: []
[] Life: 5
[] Hand: [OP08-069,OP07-077,OP11-070,OP11-067,ST34-005,ST34-002,ST34-005,ST34-004]
[] Trash: []
[] Board: []
[] Life: 3
[You] End Turn
[] Hand: [OP08-069,OP07-077,OP11-070,OP11-067,ST34-005,ST34-002,ST34-005,ST34-004]
[] Board: []
[] Trash: []
[] Life: 3
[] Hand: [OP07-022,ST24-004,OP12-037,OP12-037,OP14-033]
[] Trash: []
[] Board: [OP14-023]
[] Life: 5
[Opponent] Draw 1 Card
[] Drew card from deck: Nola ["OP15-069">OP15-069]
RZ1|136|2|OP15-069|0|38|1|8|1|1|0|0|0
RZ1|CHK|136|2|38|9|0|3|8|2|0|0|1|0
RZ1|137|2|Don|4|7|5|2|1|1|0|0|0
RZ1|CHK|137|2|38|9|0|3|7|3|0|0|1|0
RZ1|138|2|Don|4|6|5|3|1|1|0|0|0
RZ1|CHK|138|2|38|9|0|3|6|4|0|0|1|0
[Opponent] Draw 2 Don
[] Hand: [OP08-069,OP07-077,OP11-070,OP11-067,ST34-005,ST34-002,ST34-005,ST34-004,OP15-069]
[] Board: []
[] Trash: []
[] Life: 3
[] Hand: [OP07-022,ST24-004,OP12-037,OP12-037,OP14-033]
[] Trash: []
[] Board: [OP14-023]
[] Life: 5
[Opponent] End Turn
[] Hand: [OP07-022,ST24-004,OP12-037,OP12-037,OP14-033]
[] Board: [OP14-023]
[] Trash: []
[] Life: 5
[] Hand: [OP08-069,OP07-077,OP11-070,OP11-067,ST34-005,ST34-002,ST34-005,ST34-004,OP15-069]
[] Trash: []
[] Board: []
[] Life: 3
RZ1|139|1|Don|9|0|5|0|1|1|1|0|0
RZ1|CHK|139|1|39|5|1|5|7|1|0|0|1|2
RZ1|140|1|Don|9|0|5|0|1|1|1|0|0
RZ1|CHK|140|1|39|5|1|5|7|2|0|0|1|1
RZ1|141|1|Don|9|0|5|0|1|1|1|0|0
RZ1|CHK|141|1|39|5|1|5|7|3|0|0|1|0
[You] Draw 1 Card
[] Drew card from deck: Smoker ["OP10-030">OP10-030]
RZ1|142|1|OP10-030|0|38|1|5|1|1|0|0|0
RZ1|CHK|142|1|38|6|1|5|7|3|0|0|1|0
RZ1|143|1|Don|4|6|5|3|1|1|0|0|0
RZ1|CHK|143|1|38|6|1|5|6|4|0|0|1|0
RZ1|144|1|Don|4|5|5|4|1|1|0|0|0
RZ1|CHK|144|1|38|6|1|5|5|5|0|0|1|0
[You] Draw 2 Don
RZ1|145|1|Don|5|0|5|0|1|1|1|0|0
RZ1|CHK|145|1|38|6|1|5|5|5|0|0|1|0
RZ1|146|1|Don|5|1|5|1|1|1|1|0|0
RZ1|CHK|146|1|38|6|1|5|5|5|0|0|1|0
RZ1|147|1|Don|5|2|5|2|1|1|1|0|0
RZ1|CHK|147|1|38|6|1|5|5|5|0|0|1|0
RZ1|148|1|Don|5|3|5|3|1|1|1|0|0
RZ1|CHK|148|1|38|6|1|5|5|5|0|0|1|0
RZ1|149|1|Don|5|4|5|4|1|1|1|0|0
RZ1|CHK|149|1|38|6|1|5|5|5|0|0|1|0
[You] Deploy Smoker ["OP10-030">OP10-030]
RZ1|150|1|OP10-030|1|5|2|1|1|1|0|0|0
RZ1|CHK|150|1|38|5|2|5|5|5|0|0|1|0
[You] Dracule Mihawk ["OP14-020">OP14-020]: Rest Smoker ["OP10-030">OP10-030]
[You] Dracule Mihawk ["OP14-020">OP14-020]: Activate 1 Don
RZ1|151|1|Don|5|4|5|4|1|1|0|0|0
RZ1|CHK|151|1|38|5|2|5|5|5|0|0|1|0
[You] Dracule Mihawk ["OP14-020">OP14-020]: Activate 1 Don
RZ1|152|1|Don|5|3|5|3|1|1|0|0|0
RZ1|CHK|152|1|38|5|2|5|5|5|0|0|1|0
[You] Dracule Mihawk ["OP14-020">OP14-020]: Activate 1 Don
RZ1|153|1|Don|5|2|5|2|1|1|0|0|0
RZ1|CHK|153|1|38|5|2|5|5|5|0|0|1|0
[You] Dracule Mihawk ["OP14-020">OP14-020]: Can't play Cost 1 Or More Characters for the Turn!
[You] Dracule Mihawk ["OP14-020">OP14-020] attacking Charlotte Katakuri ["OP11-062">OP11-062]
Dracule Mihawk ["OP14-020">OP14-020][5000] vs Charlotte Katakuri ["OP11-062">OP11-062][5000]
Charlotte Katakuri ["OP11-062">OP11-062] hit for 1 damage
RZ1|154|2|OP07-077|3|2|1|9|1|1|0|0|0
RZ1|CHK|154|2|38|10|0|2|6|4|0|0|1|0
[You] Attach 3 Don to Kikunojo ["OP14-023">OP14-023] (3 Total)
RZ1|155|1|Don|5|4|9|0|1|1|0|0|0
RZ1|CHK|155|1|38|5|2|5|5|4|0|0|1|1
RZ1|156|1|Don|5|3|9|1|1|1|0|0|0
RZ1|CHK|156|1|38|5|2|5|5|3|0|0|1|2
RZ1|157|1|Don|5|2|9|2|1|1|0|0|0
RZ1|CHK|157|1|38|5|2|5|5|2|0|0|1|3
[You] Kikunojo ["OP14-023">OP14-023] attacking Charlotte Katakuri ["OP11-062">OP11-062]
Kikunojo ["OP14-023">OP14-023][5000] vs Charlotte Katakuri ["OP11-062">OP11-062][5000]
Charlotte Katakuri ["OP11-062">OP11-062] hit for 1 damage
RZ1|158|2|OP11-067|3|1|1|10|1|1|0|0|0
RZ1|CHK|158|2|38|11|0|1|6|4|0|0|1|0
[You] Kikunojo ["OP14-023">OP14-023]: Set Kikunojo ["OP14-023">OP14-023] to Active
[] Hand: [OP07-022,ST24-004,OP12-037,OP12-037,OP14-033]
[] Board: [OP14-023,OP10-030]
[] Trash: []
[] Life: 5
[] Hand: [OP08-069,OP07-077,OP11-070,OP11-067,ST34-005,ST34-002,ST34-005,ST34-004,OP15-069,OP07-077,OP11-067]
[] Trash: []
[] Board: []
[] Life: 1
[You] End Turn
[] Hand: [OP08-069,OP07-077,OP11-070,OP11-067,ST34-005,ST34-002,ST34-005,ST34-004,OP15-069,OP07-077,OP11-067]
[] Board: []
[] Trash: []
[] Life: 1
[] Hand: [OP07-022,ST24-004,OP12-037,OP12-037,OP14-033]
[] Trash: []
[] Board: [OP14-023,OP10-030]
[] Life: 5
[Opponent] Draw 1 Card
[] Drew card from deck: Charlotte Linlin ["ST34-004">ST34-004]
RZ1|159|2|ST34-004|0|37|1|11|1|1|0|0|0
RZ1|CHK|159|2|37|12|0|1|6|4|0|0|1|0
RZ1|160|2|Don|4|5|5|4|1|1|0|0|0
RZ1|CHK|160|2|37|12|0|1|5|5|0|0|1|0
RZ1|161|2|Don|4|4|5|5|1|1|0|0|0
RZ1|CHK|161|2|37|12|0|1|4|6|0|0|1|0
[Opponent] Draw 2 Don
[] Hand: [OP08-069,OP07-077,OP11-070,OP11-067,ST34-005,ST34-002,ST34-005,ST34-004,OP15-069,OP07-077,OP11-067,ST34-004]
[] Board: []
[] Trash: []
[] Life: 1
[] Hand: [OP07-022,ST24-004,OP12-037,OP12-037,OP14-033]
[] Trash: []
[] Board: [OP14-023,OP10-030]
[] Life: 5
[Opponent] End Turn
[] Hand: [OP07-022,ST24-004,OP12-037,OP12-037,OP14-033]
[] Board: [OP14-023,OP10-030]
[] Trash: []
[] Life: 5
[] Hand: [OP08-069,OP07-077,OP11-070,OP11-067,ST34-005,ST34-002,ST34-005,ST34-004,OP15-069,OP07-077,OP11-067,ST34-004]
[] Trash: []
[] Board: []
[] Life: 1
RZ1|162|1|Don|9|0|5|0|1|1|1|0|0
RZ1|CHK|162|1|38|5|2|5|5|3|0|0|1|2
RZ1|163|1|Don|9|0|5|0|1|1|1|0|0
RZ1|CHK|163|1|38|5|2|5|5|4|0|0|1|1
RZ1|164|1|Don|9|0|5|0|1|1|1|0|0
RZ1|CHK|164|1|38|5|2|5|5|5|0|0|1|0
[You] Draw 1 Card
[] Drew card from deck: Dracule Mihawk ["ST32-003">ST32-003]
RZ1|165|1|ST32-003|0|37|1|5|1|1|0|0|0
RZ1|CHK|165|1|37|6|2|5|5|5|0|0|1|0
RZ1|166|1|Don|4|4|5|5|1|1|0|0|0
RZ1|CHK|166|1|37|6|2|5|4|6|0|0|1|0
RZ1|167|1|Don|4|3|5|6|1|1|0|0|0
RZ1|CHK|167|1|37|6|2|5|3|7|0|0|1|0
[You] Draw 2 Don
RZ1|168|1|Don|5|0|5|0|1|1|1|0|0
RZ1|CHK|168|1|37|6|2|5|3|7|0|0|1|0
RZ1|169|1|Don|5|1|5|1|1|1|1|0|0
RZ1|CHK|169|1|37|6|2|5|3|7|0|0|1|0
RZ1|170|1|Don|5|2|5|2|1|1|1|0|0
RZ1|CHK|170|1|37|6|2|5|3|7|0|0|1|0
RZ1|171|1|Don|5|3|5|3|1|1|1|0|0
RZ1|CHK|171|1|37|6|2|5|3|7|0|0|1|0
RZ1|172|1|Don|5|4|5|4|1|1|1|0|0
RZ1|CHK|172|1|37|6|2|5|3|7|0|0|1|0
RZ1|173|1|Don|5|5|5|5|1|1|1|0|0
RZ1|CHK|173|1|37|6|2|5|3|7|0|0|1|0
[You] Deploy Dracule Mihawk ["ST32-003">ST32-003]
RZ1|174|1|ST32-003|1|5|2|2|1|1|0|0|0
RZ1|CHK|174|1|37|5|3|5|3|7|0|0|1|0
RZ1|175|1|OP14-033|1|4|2|3|1|1|0|0|0
RZ1|CHK|175|1|37|4|4|5|3|7|0|0|1|0
[You] Dracule Mihawk ["ST32-003">ST32-003]: Deploy Perona ["OP14-033">OP14-033]
[You] Dracule Mihawk ["OP14-020">OP14-020]: Rest Perona ["OP14-033">OP14-033]
[You] Dracule Mihawk ["OP14-020">OP14-020]: Activate 1 Don
RZ1|176|1|Don|5|5|5|5|1|1|0|0|0
RZ1|CHK|176|1|37|4|4|5|3|7|0|0|1|0
[You] Dracule Mihawk ["OP14-020">OP14-020]: Activate 1 Don
RZ1|177|1|Don|5|4|5|4|1|1|0|0|0
RZ1|CHK|177|1|37|4|4|5|3|7|0|0|1|0
[You] Dracule Mihawk ["OP14-020">OP14-020]: Activate 1 Don
RZ1|178|1|Don|5|3|5|3|1|1|0|0|0
RZ1|CHK|178|1|37|4|4|5|3|7|0|0|1|0
[You] Dracule Mihawk ["OP14-020">OP14-020]: Can't play Cost 1 Or More Characters for the Turn!
[You] Attach 1 Don to Dracule Mihawk ["OP14-020">OP14-020] (1 Total)
RZ1|179|1|Don|5|6|9|9900|1|1|0|0|0
RZ1|CHK|179|1|37|4|4|5|3|6|0|0|1|1
[You] Dracule Mihawk ["OP14-020">OP14-020] attacking Charlotte Katakuri ["OP11-062">OP11-062]
Dracule Mihawk ["OP14-020">OP14-020][6000] vs Charlotte Katakuri ["OP11-062">OP11-062][5000]
Charlotte Katakuri ["OP11-062">OP11-062] hit for 1 damage
RZ1|180|2|OP08-069|3|0|1|12|1|1|0|0|0
RZ1|CHK|180|2|37|13|0|0|4|6|0|0|1|0
[You] Attach 3 Don to Kikunojo ["OP14-023">OP14-023] (3 Total)
RZ1|181|1|Don|5|5|9|0|1|1|0|0|0
RZ1|CHK|181|1|37|4|4|5|3|5|0|0|1|2
RZ1|182|1|Don|5|4|9|1|1|1|0|0|0
RZ1|CHK|182|1|37|4|4|5|3|4|0|0|1|3
RZ1|183|1|Don|5|3|9|2|1|1|0|0|0
RZ1|CHK|183|1|37|4|4|5|3|3|0|0|1|4
[You] Kikunojo ["OP14-023">OP14-023] attacking Charlotte Katakuri ["OP11-062">OP11-062]
Kikunojo ["OP14-023">OP14-023][5000] vs Charlotte Katakuri ["OP11-062">OP11-062][5000]
Charlotte Katakuri ["OP11-062">OP11-062] hit for 1 damage
[Opponent] <b>Downloaded the Combat Log!</b>
[Opponent] Quits!
RZ1|HDR|1.41b|2|RZ1
RZ1|PLY|1||OP14-020
RZ1|1|1|Don|9|9900|5|0|1|1|1|0|0
RZ1|CHK|1|1|37|4|4|5|3|4|0|0|1|3
RZ1|2|1|Don|9|0|5|0|1|1|1|0|0
RZ1|CHK|2|1|37|4|4|5|3|5|0|0|1|2
RZ1|3|1|Don|9|0|5|0|1|1|1|0|0
RZ1|CHK|3|1|37|4|4|5|3|6|0|0|1|1
RZ1|4|1|Don|9|0|5|0|1|1|1|0|0
RZ1|CHK|4|1|37|4|4|5|3|7|0|0|1|0