Version is 1.41b.27
[You] Leader is Dracule Mihawk ["OP14-020">OP14-020]
RZ1|HDR|1.41b|2|RZ1
RZ1|PLY|1||OP14-020
RZ1|PLY|2||
[Opponent] Leader is Charlotte Katakuri ["OP11-062">OP11-062]
RZ1|1|2|OP15-078|0|45|0|0|0|0|0|0|0
RZ1|CHK|1|2|50|0|0|0|10|0|0|0|1|0
RZ1|2|2|ST34-004|0|39|0|1|0|0|0|0|0
RZ1|CHK|2|2|50|0|0|0|10|0|0|0|1|0
RZ1|3|2|OP08-069|0|36|0|2|0|0|0|0|0
RZ1|CHK|3|2|50|0|0|0|10|0|0|0|1|0
RZ1|4|2|ST34-004|0|41|0|3|0|0|0|0|0
RZ1|CHK|4|2|50|0|0|0|10|0|0|0|1|0
RZ1|5|2|ST34-001|0|26|0|4|0|0|0|0|0
RZ1|CHK|5|2|50|0|0|0|10|0|0|0|1|0
RZ1|6|2|ST34-004|0|41|0|5|0|0|0|0|0
RZ1|CHK|6|2|50|0|0|0|10|0|0|0|1|0
RZ1|7|2|OP11-067|0|36|0|6|0|0|0|0|0
RZ1|CHK|7|2|50|0|0|0|10|0|0|0|1|0
RZ1|8|2|ST34-003|0|17|0|7|0|0|0|0|0
RZ1|CHK|8|2|50|0|0|0|10|0|0|0|1|0
RZ1|9|2|OP07-077|0|47|0|8|0|0|0|0|0
RZ1|CHK|9|2|50|0|0|0|10|0|0|0|1|0
RZ1|10|2|ST34-003|0|16|0|9|0|0|0|0|0
RZ1|CHK|10|2|50|0|0|0|10|0|0|0|1|0
RZ1|11|2|OP15-069|0|14|0|10|0|0|0|0|0
RZ1|CHK|11|2|50|0|0|0|10|0|0|0|1|0
RZ1|12|2|ST34-005|0|21|0|11|0|0|0|0|0
RZ1|CHK|12|2|50|0|0|0|10|0|0|0|1|0
RZ1|13|2|OP15-069|0|16|0|12|0|0|0|0|0
RZ1|CHK|13|2|50|0|0|0|10|0|0|0|1|0
RZ1|14|2|ST34-005|0|24|0|13|0|0|0|0|0
RZ1|CHK|14|2|50|0|0|0|10|0|0|0|1|0
RZ1|15|2|ST34-001|0|30|0|14|0|0|0|0|0
RZ1|CHK|15|2|50|0|0|0|10|0|0|0|1|0
RZ1|16|2|OP08-069|0|39|0|15|0|0|0|0|0
RZ1|CHK|16|2|50|0|0|0|10|0|0|0|1|0
RZ1|17|2|ST34-004|0|42|0|16|0|0|0|0|0
RZ1|CHK|17|2|50|0|0|0|10|0|0|0|1|0
RZ1|18|2|OP15-078|0|45|0|17|0|0|0|0|0
RZ1|CHK|18|2|50|0|0|0|10|0|0|0|1|0
RZ1|19|2|ST34-001|0|33|0|18|0|0|0|0|0
RZ1|CHK|19|2|50|0|0|0|10|0|0|0|1|0
RZ1|20|2|OP11-067|0|39|0|20|0|0|0|0|0
RZ1|CHK|20|2|50|0|0|0|10|0|0|0|1|0
RZ1|21|2|OP15-069|0|24|0|21|0|0|0|0|0
RZ1|CHK|21|2|50|0|0|0|10|0|0|0|1|0
RZ1|22|2|OP07-077|0|48|0|22|0|0|0|0|0
RZ1|CHK|22|2|50|0|0|0|10|0|0|0|1|0
RZ1|23|2|PRB02-010|0|38|0|23|0|0|0|0|0
RZ1|CHK|23|2|50|0|0|0|10|0|0|0|1|0
RZ1|24|2|PRB02-010|0|40|0|24|0|0|0|0|0
RZ1|CHK|24|2|50|0|0|0|10|0|0|0|1|0
RZ1|25|2|ST34-002|0|37|0|25|0|0|0|0|0
RZ1|CHK|25|2|50|0|0|0|10|0|0|0|1|0
RZ1|26|2|OP11-070|0|28|0|26|0|0|0|0|0
RZ1|CHK|26|2|50|0|0|0|10|0|0|0|1|0
RZ1|27|2|OP11-070|0|28|0|27|0|0|0|0|0
RZ1|CHK|27|2|50|0|0|0|10|0|0|0|1|0
RZ1|28|2|PRB02-010|0|39|0|28|0|0|0|0|0
RZ1|CHK|28|2|50|0|0|0|10|0|0|0|1|0
RZ1|29|2|OP15-078|0|47|0|29|0|0|0|0|0
RZ1|CHK|29|2|50|0|0|0|10|0|0|0|1|0
RZ1|30|2|ST34-001|0|40|0|30|0|0|0|0|0
RZ1|CHK|30|2|50|0|0|0|10|0|0|0|1|0
RZ1|31|2|OP11-067|0|42|0|31|0|0|0|0|0
RZ1|CHK|31|2|50|0|0|0|10|0|0|0|1|0
RZ1|32|2|ST34-005|0|38|0|32|0|0|0|0|0
RZ1|CHK|32|2|50|0|0|0|10|0|0|0|1|0
RZ1|33|2|PRB02-010|0|42|0|33|0|0|0|0|0
RZ1|CHK|33|2|50|0|0|0|10|0|0|0|1|0
RZ1|34|2|ST34-005|0|39|0|34|0|0|0|0|0
RZ1|CHK|34|2|50|0|0|0|10|0|0|0|1|0
RZ1|35|2|OP07-077|0|49|0|35|0|0|0|0|0
RZ1|CHK|35|2|50|0|0|0|10|0|0|0|1|0
RZ1|36|2|OP08-069|0|45|0|36|0|0|0|0|0
RZ1|CHK|36|2|50|0|0|0|10|0|0|0|1|0
RZ1|37|2|ST34-002|0|43|0|37|0|0|0|0|0
RZ1|CHK|37|2|50|0|0|0|10|0|0|0|1|0
RZ1|38|2|ST34-002|0|44|0|38|0|0|0|0|0
RZ1|CHK|38|2|50|0|0|0|10|0|0|0|1|0
RZ1|39|2|ST34-003|0|40|0|39|0|0|0|0|0
RZ1|CHK|39|2|50|0|0|0|10|0|0|0|1|0
RZ1|40|2|OP11-067|0|45|0|40|0|0|0|0|0
RZ1|CHK|40|2|50|0|0|0|10|0|0|0|1|0
RZ1|41|2|ST34-002|0|45|0|42|0|0|0|0|0
RZ1|CHK|41|2|50|0|0|0|10|0|0|0|1|0
RZ1|42|2|OP13-076|0|47|0|43|0|0|0|0|0
RZ1|CHK|42|2|50|0|0|0|10|0|0|0|1|0
RZ1|43|2|OP11-073|0|47|0|44|0|0|0|0|0
RZ1|CHK|43|2|50|0|0|0|10|0|0|0|1|0
RZ1|44|2|ST18-001|0|47|0|45|0|0|0|0|0
RZ1|CHK|44|2|50|0|0|0|10|0|0|0|1|0
RZ1|45|2|OP15-078|0|48|0|46|0|0|0|0|0
RZ1|CHK|45|2|50|0|0|0|10|0|0|0|1|0
RZ1|46|2|ST18-001|0|48|0|47|0|0|0|0|0
RZ1|CHK|46|2|50|0|0|0|10|0|0|0|1|0
RZ1|47|2|OP07-077|0|49|0|48|0|0|0|0|0
RZ1|CHK|47|2|50|0|0|0|10|0|0|0|1|0
[] Drew card from deck: You Can Be My Samurai!!! ["OP01-055">OP01-055]
RZ1|48|1|OP01-055|0|49|1|0|1|1|0|0|0
RZ1|CHK|48|1|49|1|0|0|10|0|0|0|1|0
[] Drew card from deck: Roronoa Zoro ["ST32-005">ST32-005]
RZ1|49|1|ST32-005|0|48|1|1|1|1|0|0|0
RZ1|CHK|49|1|48|2|0|0|10|0|0|0|1|0
[] Drew card from deck: Perona ["OP12-034">OP12-034]
RZ1|50|1|OP12-034|0|47|1|2|1|1|0|0|0
RZ1|CHK|50|1|47|3|0|0|10|0|0|0|1|0
[] Drew card from deck: Billion-fold World Trichiliocosm ["OP06-038">OP06-038]
RZ1|51|1|OP06-038|0|46|1|3|1|1|0|0|0
RZ1|CHK|51|1|46|4|0|0|10|0|0|0|1|0
[] Drew card from deck: Otama ["OP07-022">OP07-022]
RZ1|52|1|OP07-022|0|45|1|4|1|1|0|0|0
RZ1|CHK|52|1|45|5|0|0|10|0|0|0|1|0
[] Drew card from deck: Charlotte Brulee ["ST34-003">ST34-003]
RZ1|53|2|ST34-003|0|49|1|0|1|1|0|0|0
RZ1|CHK|53|2|49|1|0|0|10|0|0|0|1|0
[] Drew card from deck: We're Going to Claim the One Piece!!! ["OP07-077">OP07-077]
RZ1|54|2|OP07-077|0|48|1|1|1|1|0|0|0
RZ1|CHK|54|2|48|2|0|0|10|0|0|0|1|0
[] Drew card from deck: Usohachi ["ST18-001">ST18-001]
RZ1|55|2|ST18-001|0|47|1|2|1|1|0|0|0
RZ1|CHK|55|2|47|3|0|0|10|0|0|0|1|0
[] Drew card from deck: Mamaragan ["OP15-078">OP15-078]
RZ1|56|2|OP15-078|0|46|1|3|1|1|0|0|0
RZ1|CHK|56|2|46|4|0|0|10|0|0|0|1|0
[] Drew card from deck: Usohachi ["ST18-001">ST18-001]
RZ1|57|2|ST18-001|0|45|1|4|1|1|0|0|0
RZ1|CHK|57|2|45|5|0|0|10|0|0|0|1|0
RZ1|58|1|ST32-001|0|44|3|0|1|0|0|0|0
RZ1|CHK|58|1|44|5|0|1|10|0|0|0|1|0
RZ1|59|1|ST24-004|0|43|3|1|1|0|0|0|0
RZ1|CHK|59|1|43|5|0|2|10|0|0|0|1|0
RZ1|60|1|OP06-038|0|42|3|2|1|0|0|0|0
RZ1|CHK|60|1|42|5|0|3|10|0|0|0|1|0
RZ1|61|1|OP12-037|0|41|3|3|1|0|0|0|0
RZ1|CHK|61|1|41|5|0|4|10|0|0|0|1|0
RZ1|62|1|ST32-001|0|40|3|4|1|0|0|0|0
RZ1|CHK|62|1|40|5|0|5|10|0|0|0|1|0
RZ1|63|2|OP11-073|0|44|3|0|0|1|0|0|0
RZ1|CHK|63|2|44|5|0|1|10|0|0|0|1|0
RZ1|64|2|OP13-076|0|43|3|1|0|1|0|0|0
RZ1|CHK|64|2|43|5|0|2|10|0|0|0|1|0
RZ1|65|2|ST34-002|0|42|3|2|0|1|0|0|0
RZ1|CHK|65|2|42|5|0|3|10|0|0|0|1|0
RZ1|66|2|OP11-070|0|41|3|3|0|1|0|0|0
RZ1|CHK|66|2|41|5|0|4|10|0|0|0|1|0
RZ1|67|2|OP11-067|0|40|3|4|0|1|0|0|0
RZ1|CHK|67|2|40|5|0|5|10|0|0|0|1|0
[] Hand: [OP01-055,ST32-005,OP12-034,OP06-038,OP07-022]
[] Board: []
[] Trash: []
[] Life: 5
[] Hand: [ST34-003,OP07-077,ST18-001,OP15-078,ST18-001]
[] Trash: []
[] Board: []
[] Life: 5
RZ1|68|1|Don|4|9|5|0|1|1|0|0|0
RZ1|CHK|68|1|40|5|0|5|9|1|0|0|1|0
[You] Draw 1 Don
RZ1|69|1|Don|5|0|5|0|1|1|1|0|0
RZ1|CHK|69|1|40|5|0|5|9|1|0|0|1|0
[You] Deploy Perona ["OP12-034">OP12-034]
RZ1|70|1|OP12-034|1|2|2|0|1|1|0|0|0
RZ1|CHK|70|1|40|4|1|5|9|1|0|0|1|0
RZ1|71|1|ST32-002|0|38|1|4|1|1|0|0|0
RZ1|CHK|71|1|39|5|1|5|9|1|0|0|1|0
[You] Perona ["OP12-034">OP12-034]: <b>Reveal and Draw Kouzuki Oden ["ST32-002">ST32-002]</b>
[You] Placing Cards on Bottom of Deck
RZ1|72|1|OP12-037|0|38|0|0|0|0|0|0|0
RZ1|CHK|72|1|39|5|1|5|9|1|0|0|1|0
RZ1|73|1|ST32-001|0|38|0|0|0|0|0|0|0
RZ1|CHK|73|1|39|5|1|5|9|1|0|0|1|0
RZ1|74|1|OP01-055|0|38|0|0|0|0|0|0|0
RZ1|CHK|74|1|39|5|1|5|9|1|0|0|1|0
RZ1|75|1|OP12-034|0|38|0|0|0|0|0|0|0
RZ1|CHK|75|1|39|5|1|5|9|1|0|0|1|0
[] Hand: [OP01-055,ST32-005,OP06-038,OP07-022,ST32-002]
[] Board: [OP12-034]
[] Trash: []
[] Life: 5
[] Hand: [ST34-003,OP07-077,ST18-001,OP15-078,ST18-001]
[] Trash: []
[] Board: []
[] Life: 5
[You] End Turn
[] Hand: [ST34-003,OP07-077,ST18-001,OP15-078,ST18-001]
[] Board: []
[] Trash: []
[] Life: 5
[] Hand: [OP01-055,ST32-005,OP06-038,OP07-022,ST32-002]
[] Trash: []
[] Board: [OP12-034]
[] Life: 5
[Opponent] Draw 1 Card
[] Drew card from deck: Charlotte Brulee ["ST34-003">ST34-003]
RZ1|76|2|ST34-003|0|39|1|5|1|1|0|0|0
RZ1|CHK|76|2|39|6|0|5|10|0|0|0|1|0
RZ1|77|2|Don|4|9|5|0|1|1|0|0|0
RZ1|CHK|77|2|39|6|0|5|9|1|0|0|1|0
RZ1|78|2|Don|4|8|5|1|1|1|0|0|0
RZ1|CHK|78|2|39|6|0|5|8|2|0|0|1|0
[Opponent] Draw 2 Don
RZ1|79|2|OP15-078|1|3|6|0|1|1|0|0|0
RZ1|CHK|79|2|39|5|0|5|8|2|1|0|1|0
[Opponent] We're Going to Claim the One Piece!!! ["OP07-077">OP07-077]: Rest 1 Don
RZ1|80|2|Don|5|0|5|0|1|1|1|0|0
RZ1|CHK|80|2|39|5|0|5|8|2|1|0|1|0
RZ1|81|2|OP07-077|1|1|6|1|1|1|0|0|0
RZ1|CHK|81|2|39|4|0|5|8|2|2|0|1|0
RZ1|82|2|OP08-069|0|36|1|4|1|1|0|0|0
RZ1|CHK|82|2|38|5|0|5|8|2|2|0|1|0
[Opponent] We're Going to Claim the One Piece!!! ["OP07-077">OP07-077]: <b>Reveal and Draw Charlotte Linlin ["OP08-069">OP08-069]</b>
[Opponent] Placing Cards on Bottom of Deck
RZ1|83|2|ST34-002|0|37|0|0|0|0|0|0|0
RZ1|CHK|83|2|38|5|0|5|8|2|2|0|1|0
RZ1|84|2|ST34-002|0|37|0|0|0|0|0|0|0
RZ1|CHK|84|2|38|5|0|5|8|2|2|0|1|0
RZ1|85|2|OP07-077|0|37|0|0|0|0|0|0|0
RZ1|CHK|85|2|38|5|0|5|8|2|2|0|1|0
RZ1|86|2|ST34-005|0|37|0|0|0|0|0|0|0
RZ1|CHK|86|2|38|5|0|5|8|2|2|0|1|0
[] Hand: [ST34-003,ST18-001,ST18-001,ST34-003,OP08-069]
[] Board: []
[] Trash: [OP15-078,OP07-077]
[] Life: 5
[] Hand: [OP01-055,ST32-005,OP06-038,OP07-022,ST32-002]
[] Trash: []
[] Board: [OP12-034]
[] Life: 5
[Opponent] End Turn
[] Hand: [OP01-055,ST32-005,OP06-038,OP07-022,ST32-002]
[] Board: [OP12-034]
[] Trash: []
[] Life: 5
[] Hand: [ST34-003,ST18-001,ST18-001,ST34-003,OP08-069]
[] Trash: [OP15-078,OP07-077]
[] Board: []
[] Life: 5
[You] Draw 1 Card
[] Drew card from deck: Roronoa Zoro ["ST32-005">ST32-005]
RZ1|87|1|ST32-005|0|38|1|5|1|1|0|0|0
RZ1|CHK|87|1|38|6|1|5|9|1|0|0|1|0
RZ1|88|1|Don|4|8|5|1|1|1|0|0|0
RZ1|CHK|88|1|38|6|1|5|8|2|0|0|1|0
RZ1|89|1|Don|4|7|5|2|1|1|0|0|0
RZ1|CHK|89|1|38|6|1|5|7|3|0|0|1|0
[You] Draw 2 Don
[You] Attach 3 Don to Perona ["OP12-034">OP12-034] (3 Total)
RZ1|90|1|Don|5|2|9|0|1|1|0|0|0
RZ1|CHK|90|1|38|6|1|5|7|2|0|0|1|1
RZ1|91|1|Don|5|1|9|1|1|1|0|0|0
RZ1|CHK|91|1|38|6|1|5|7|1|0|0|1|2
RZ1|92|1|Don|5|0|9|2|1|1|0|0|0
RZ1|CHK|92|1|38|6|1|5|7|0|0|0|1|3
[You] Perona ["OP12-034">OP12-034] attacking Charlotte Katakuri ["OP11-062">OP11-062]
Perona ["OP12-034">OP12-034][5000] vs Charlotte Katakuri ["OP11-062">OP11-062][5000]
Charlotte Katakuri ["OP11-062">OP11-062] hit for 1 damage
RZ1|93|2|OP11-067|3|4|1|5|1|1|0|0|0
RZ1|CHK|93|2|38|6|0|4|8|2|2|0|1|0
[You] Dracule Mihawk ["OP14-020">OP14-020] attacking Charlotte Katakuri ["OP11-062">OP11-062]
Dracule Mihawk ["OP14-020">OP14-020][5000] vs Charlotte Katakuri ["OP11-062">OP11-062][5000]
Charlotte Katakuri ["OP11-062">OP11-062] hit for 1 damage
RZ1|94|2|OP11-070|3|3|1|6|1|1|0|0|0
RZ1|CHK|94|2|38|7|0|3|8|2|2|0|1|0
[] Hand: [OP01-055,ST32-005,OP06-038,OP07-022,ST32-002,ST32-005]
[] Board: [OP12-034]
[] Trash: []
[] Life: 5
[] Hand: [ST34-003,ST18-001,ST18-001,ST34-003,OP08-069,OP11-067,OP11-070]
[] Trash: [OP15-078,OP07-077]
[] Board: []
[] Life: 3
[You] End Turn
[] Hand: [ST34-003,ST18-001,ST18-001,ST34-003,OP08-069,OP11-067,OP11-070]
[] Board: []
[] Trash: [OP15-078,OP07-077]
[] Life: 3
[] Hand: [OP01-055,ST32-005,OP06-038,OP07-022,ST32-002,ST32-005]
[] Trash: []
[] Board: [OP12-034]
[] Life: 5
[Opponent] Draw 1 Card
[] Drew card from deck: Charlotte Pudding ["PRB02-010">PRB02-010]
RZ1|95|2|PRB02-010|0|37|1|7|1|1|0|0|0
RZ1|CHK|95|2|37|8|0|3|8|2|2|0|1|0
RZ1|96|2|Don|4|7|5|2|1|1|0|0|0
RZ1|CHK|96|2|37|8|0|3|7|3|2|0|1|0
RZ1|97|2|Don|4|6|5|3|1|1|0|0|0
RZ1|CHK|97|2|37|8|0|3|6|4|2|0|1|0
[Opponent] Draw 2 Don
RZ1|98|2|Don|5|0|5|0|1|1|1|0|0
RZ1|CHK|98|2|37|8|0|3|6|4|2|0|1|0
[Opponent] Deploy Charlotte Pudding ["OP11-070">OP11-070]
RZ1|99|2|OP11-070|1|6|2|0|1|1|0|0|0
RZ1|CHK|99|2|37|7|1|3|6|4|2|0|1|0
RZ1|100|2|OP11-067|0|35|1|7|1|1|0|0|0
RZ1|CHK|100|2|36|8|1|3|6|4|2|0|1|0
[Opponent] Charlotte Pudding ["OP11-070">OP11-070]: <b>Reveal and Draw Charlotte Katakuri ["OP11-067">OP11-067]</b>
[Opponent] Placing Cards on Bottom of Deck
RZ1|101|2|ST34-005|0|35|0|0|0|0|0|0|0
RZ1|CHK|101|2|36|8|1|3|6|4|2|0|1|0
RZ1|102|2|ST34-001|0|35|0|0|0|0|0|0|0
RZ1|CHK|102|2|36|8|1|3|6|4|2|0|1|0
RZ1|103|2|OP15-078|0|35|0|0|0|0|0|0|0
RZ1|CHK|103|2|36|8|1|3|6|4|2|0|1|0
RZ1|104|2|PRB02-010|0|35|0|0|0|0|0|0|0
RZ1|CHK|104|2|36|8|1|3|6|4|2|0|1|0
RZ1|105|2|Don|5|1|9|9900|1|1|0|0|0
RZ1|CHK|105|2|36|8|1|3|6|3|2|0|1|1
RZ1|106|2|Don|5|1|9|9901|1|1|0|0|0
RZ1|CHK|106|2|36|8|1|3|6|2|2|0|1|2
RZ1|107|2|Don|5|1|9|9902|1|1|0|0|0
RZ1|CHK|107|2|36|8|1|3|6|1|2|0|1|3
[Opponent] Attach 3 Don to Charlotte Katakuri ["OP11-062">OP11-062] (3 Total)
[Opponent] Charlotte Katakuri ["OP11-062">OP11-062] attacking Dracule Mihawk ["OP14-020">OP14-020]
Charlotte Katakuri ["OP11-062">OP11-062][8000] vs Dracule Mihawk ["OP14-020">OP14-020][5000]
Dracule Mihawk ["OP14-020">OP14-020] hit for 1 damage
RZ1|108|1|ST32-001|3|4|1|6|1|1|0|0|0
RZ1|CHK|108|1|38|7|1|4|7|0|0|0|1|3
[] Hand: [ST34-003,ST18-001,ST18-001,ST34-003,OP08-069,OP11-067,PRB02-010,OP11-067]
[] Board: [OP11-070]
[] Trash: [OP15-078,OP07-077]
[] Life: 3
[] Hand: [OP01-055,ST32-005,OP06-038,OP07-022,ST32-002,ST32-005,ST32-001]
[] Trash: []
[] Board: [OP12-034]
[] Life: 4
[Opponent] End Turn
[] Hand: [OP01-055,ST32-005,OP06-038,OP07-022,ST32-002,ST32-005,ST32-001]
[] Board: [OP12-034]
[] Trash: []
[] Life: 4
[] Hand: [ST34-003,ST18-001,ST18-001,ST34-003,OP08-069,OP11-067,PRB02-010,OP11-067]
[] Trash: [OP15-078,OP07-077]
[] Board: [OP11-070]
[] Life: 3
RZ1|109|1|Don|9|0|5|0|1|1|1|0|0
RZ1|CHK|109|1|38|7|1|4|7|1|0|0|1|2
RZ1|110|1|Don|9|0|5|0|1|1|1|0|0
RZ1|CHK|110|1|38|7|1|4|7|2|0|0|1|1
RZ1|111|1|Don|9|0|5|0|1|1|1|0|0
RZ1|CHK|111|1|38|7|1|4|7|3|0|0|1|0
[You] Draw 1 Card
[] Drew card from deck: Kikunojo ["OP14-023">OP14-023]
RZ1|112|1|OP14-023|0|37|1|7|1|1|0|0|0
RZ1|CHK|112|1|37|8|1|4|7|3|0|0|1|0
RZ1|113|1|Don|4|6|5|3|1|1|0|0|0
RZ1|CHK|113|1|37|8|1|4|6|4|0|0|1|0
RZ1|114|1|Don|4|5|5|4|1|1|0|0|0
RZ1|CHK|114|1|37|8|1|4|5|5|0|0|1|0
[You] Draw 2 Don
RZ1|115|1|Don|5|0|5|0|1|1|1|0|0
RZ1|CHK|115|1|37|8|1|4|5|5|0|0|1|0
[You] Deploy Kin'emon ["ST32-001">ST32-001]
RZ1|116|1|ST32-001|1|6|2|1|1|1|0|0|0
RZ1|CHK|116|1|37|7|2|4|5|5|0|0|1|0
[You] Kin'emon ["ST32-001">ST32-001]: Rest Don ["Don">Don]
RZ1|117|1|Don|5|1|5|1|1|1|1|0|0
RZ1|CHK|117|1|37|7|2|4|5|5|0|0|1|0
[] Drew card from deck: Otama ["OP07-022">OP07-022]
RZ1|118|1|OP07-022|0|36|1|7|1|1|0|0|0
RZ1|CHK|118|1|36|8|2|4|5|5|0|0|1|0
[] Drew card from deck: Perona ["OP12-034">OP12-034]
RZ1|119|1|OP12-034|0|35|1|8|1|1|0|0|0
RZ1|CHK|119|1|35|9|2|4|5|5|0|0|1|0
[You] Kin'emon ["ST32-001">ST32-001]: Draw 2 Card
RZ1|120|1|ST32-005|1|5|6|0|1|1|0|0|0
RZ1|CHK|120|1|35|8|2|4|5|5|1|0|1|0
[You] Kin'emon ["ST32-001">ST32-001]: Trash Roronoa Zoro ["ST32-005">ST32-005]
RZ1|121|1|Don|5|2|5|2|1|1|1|0|0
RZ1|CHK|121|1|35|8|2|4|5|5|1|0|1|0
[You] Deploy Perona ["OP12-034">OP12-034]
RZ1|122|1|OP12-034|1|7|2|2|1|1|0|0|0
RZ1|CHK|122|1|35|7|3|4|5|5|1|0|1|0
RZ1|123|1|ST24-004|0|34|1|7|1|1|0|0|0
RZ1|CHK|123|1|34|8|3|4|5|5|1|0|1|0
[You] Perona ["OP12-034">OP12-034]: <b>Reveal and Draw Law & Bepo ["ST24-004">ST24-004]</b>
[You] Placing Cards on Bottom of Deck
RZ1|124|1|OP07-022|0|33|0|0|0|0|0|0|0
RZ1|CHK|124|1|34|8|3|4|5|5|1|0|1|0
RZ1|125|1|ST32-003|0|33|0|0|0|0|0|0|0
RZ1|CHK|125|1|34|8|3|4|5|5|1|0|1|0
RZ1|126|1|ST32-001|0|33|0|0|0|0|0|0|0
RZ1|CHK|126|1|34|8|3|4|5|5|1|0|1|0
RZ1|127|1|ST16-004|0|33|0|0|0|0|0|0|0
RZ1|CHK|127|1|34|8|3|4|5|5|1|0|1|0
[You] You Can Be My Samurai!!! ["OP01-055">OP01-055]: Rest Perona ["OP12-034">OP12-034]
[You] You Can Be My Samurai!!! ["OP01-055">OP01-055]: Rest Perona ["OP12-034">OP12-034]
[You] You Can Be My Samurai!!! ["OP01-055">OP01-055]: Draw 2 Card
[] Drew card from deck: Perona ["OP14-033">OP14-033]
RZ1|128|1|OP14-033|0|33|1|8|1|1|0|0|0
RZ1|CHK|128|1|33|9|3|4|5|5|1|0|1|0
[] Drew card from deck: Kikunojo ["OP14-023">OP14-023]
RZ1|129|1|OP14-023|0|32|1|9|1|1|0|0|0
RZ1|CHK|129|1|32|10|3|4|5|5|1|0|1|0
RZ1|130|1|Don|5|3|5|3|1|1|1|0|0
RZ1|CHK|130|1|32|10|3|4|5|5|1|0|1|0
RZ1|131|1|OP01-055|1|0|6|1|1|1|0|0|0
RZ1|CHK|131|1|32|9|3|4|5|5|2|0|1|0
[You] Attach 1 Don to Dracule Mihawk ["OP14-020">OP14-020] (1 Total)
RZ1|132|1|Don|5|4|9|9900|1|1|0|0|0
RZ1|CHK|132|1|32|9|3|4|5|4|2|0|1|1
[You] Dracule Mihawk ["OP14-020">OP14-020] attacking Charlotte Katakuri ["OP11-062">OP11-062]
[Opponent] Discard Usohachi ["ST18-001">ST18-001] for Counter 2000
RZ1|133|2|ST18-001|1|1|6|2|1|1|0|0|0
RZ1|CHK|133|2|36|7|1|3|6|1|3|0|1|3
Dracule Mihawk ["OP14-020">OP14-020][6000] vs Charlotte Katakuri ["OP11-062">OP11-062][7000]
Attack Fails
[] Hand: [ST32-005,OP06-038,OP07-022,ST32-002,OP14-023,OP07-022,ST24-004,OP14-033,OP14-023]
[] Board: [OP12-034,ST32-001,OP12-034]
[] Trash: [ST32-005,OP01-055]
[] Life: 4
[] Hand: [ST34-003,ST18-001,ST34-003,OP08-069,OP11-067,PRB02-010,OP11-067]
[] Trash: [OP15-078,OP07-077,ST18-001]
[] Board: [OP11-070]
[] Life: 3
[You] End Turn
[] Hand: [ST34-003,ST18-001,ST34-003,OP08-069,OP11-067,PRB02-010,OP11-067]
[] Board: [OP11-070]
[] Trash: [OP15-078,OP07-077,ST18-001]
[] Life: 3
[] Hand: [ST32-005,OP06-038,OP07-022,ST32-002,OP14-023,OP07-022,ST24-004,OP14-033,OP14-023]
[] Trash: [ST32-005,OP01-055]
[] Board: [OP12-034,ST32-001,OP12-034]
[] Life: 4
RZ1|134|2|Don|9|9900|5|0|1|1|1|0|0
RZ1|CHK|134|2|36|7|1|3|6|2|3|0|1|2
RZ1|135|2|Don|9|9900|5|0|1|1|1|0|0
RZ1|CHK|135|2|36|7|1|3|6|3|3|0|1|1
RZ1|136|2|Don|9|9900|5|0|1|1|1|0|0
RZ1|CHK|136|2|36|7|1|3|6|4|3|0|1|0
[Opponent] Draw 1 Card
[] Drew card from deck: Charlotte Pudding ["OP11-070">OP11-070]
RZ1|137|2|OP11-070|0|35|1|7|1|1|0|0|0
RZ1|CHK|137|2|35|8|1|3|6|4|3|0|1|0
RZ1|138|2|Don|4|5|5|4|1|1|0|0|0
RZ1|CHK|138|2|35|8|1|3|5|5|3|0|1|0
RZ1|139|2|Don|4|4|5|5|1|1|0|0|0
RZ1|CHK|139|2|35|8|1|3|4|6|3|0|1|0
[Opponent] Draw 2 Don
RZ1|140|2|Don|5|0|5|0|1|1|1|0|0
RZ1|CHK|140|2|35|8|1|3|4|6|3|0|1|0
[Opponent] Deploy Charlotte Pudding ["OP11-070">OP11-070]
RZ1|141|2|OP11-070|1|7|2|1|1|1|0|0|0
RZ1|CHK|141|2|35|7|2|3|4|6|3|0|1|0
RZ1|142|2|PRB02-010|0|32|1|7|1|1|0|0|0
RZ1|CHK|142|2|34|8|2|3|4|6|3|0|1|0
[Opponent] Charlotte Pudding ["OP11-070">OP11-070]: <b>Reveal and Draw Charlotte Pudding ["PRB02-010">PRB02-010]</b>
[Opponent] Placing Cards on Bottom of Deck
RZ1|143|2|OP11-070|0|33|0|0|0|0|0|0|0
RZ1|CHK|143|2|34|8|2|3|4|6|3|0|1|0
RZ1|144|2|ST34-002|0|33|0|0|0|0|0|0|0
RZ1|CHK|144|2|34|8|2|3|4|6|3|0|1|0
RZ1|145|2|PRB02-010|0|33|0|0|0|0|0|0|0
RZ1|CHK|145|2|34|8|2|3|4|6|3|0|1|0
RZ1|146|2|OP07-077|0|33|0|0|0|0|0|0|0
RZ1|CHK|146|2|34|8|2|3|4|6|3|0|1|0
RZ1|147|2|Don|5|1|9|9900|1|1|0|0|0
RZ1|CHK|147|2|34|8|2|3|4|5|3|0|1|1
RZ1|148|2|Don|5|1|9|9901|1|1|0|0|0
RZ1|CHK|148|2|34|8|2|3|4|4|3|0|1|2
RZ1|149|2|Don|5|1|9|9902|1|1|0|0|0
RZ1|CHK|149|2|34|8|2|3|4|3|3|0|1|3
RZ1|150|2|Don|5|1|9|9903|1|1|0|0|0
RZ1|CHK|150|2|34|8|2|3|4|2|3|0|1|4
RZ1|151|2|Don|5|1|9|9904|1|1|0|0|0
RZ1|CHK|151|2|34|8|2|3|4|1|3|0|1|5
[Opponent] Attach 5 Don to Charlotte Katakuri ["OP11-062">OP11-062] (5 Total)
[Opponent] Charlotte Katakuri ["OP11-062">OP11-062] attacking Perona ["OP12-034">OP12-034]
Charlotte Katakuri ["OP11-062">OP11-062][10000] vs Perona ["OP12-034">OP12-034][2000]
[You] Perona ["OP12-034">OP12-034] Destroyed
RZ1|152|1|OP12-034|2|0|6|2|1|1|0|0|0
RZ1|CHK|152|1|32|9|2|4|5|4|3|0|1|1
[] Hand: [ST34-003,ST18-001,ST34-003,OP08-069,OP11-067,PRB02-010,OP11-067,PRB02-010]
[] Board: [OP11-070,OP11-070]
[] Trash: [OP15-078,OP07-077,ST18-001]
[] Life: 3
[] Hand: [ST32-005,OP06-038,OP07-022,ST32-002,OP14-023,OP07-022,ST24-004,OP14-033,OP14-023]
[] Trash: [ST32-005,OP01-055,OP12-034]
[] Board: [ST32-001,OP12-034]
[] Life: 4
[Opponent] End Turn
[] Hand: [ST32-005,OP06-038,OP07-022,ST32-002,OP14-023,OP07-022,ST24-004,OP14-033,OP14-023]
[] Board: [ST32-001,OP12-034]
[] Trash: [ST32-005,OP01-055,OP12-034]
[] Life: 4
[] Hand: [ST34-003,ST18-001,ST34-003,OP08-069,OP11-067,PRB02-010,OP11-067,PRB02-010]
[] Trash: [OP15-078,OP07-077,ST18-001]
[] Board: [OP11-070,OP11-070]
[] Life: 3
RZ1|153|1|Don|9|9900|5|0|1|1|1|0|0
RZ1|CHK|153|1|32|9|2|4|5|5|3|0|1|0
[You] Draw 1 Card
[] Drew card from deck: Trafalgar Law ["OP13-031">OP13-031]
RZ1|154|1|OP13-031|0|31|1|9|1|1|0|0|0
RZ1|CHK|154|1|31|10|2|4|5|5|3|0|1|0
RZ1|155|1|Don|4|4|5|5|1|1|0|0|0
RZ1|CHK|155|1|31|10|2|4|4|6|3|0|1|0
RZ1|156|1|Don|4|3|5|6|1|1|0|0|0
RZ1|CHK|156|1|31|10|2|4|3|7|3|0|1|0
[You] Draw 2 Don
RZ1|157|1|Don|5|0|5|0|1|1|1|0|0
RZ1|CHK|157|1|31|10|2|4|3|7|3|0|1|0
RZ1|158|1|Don|5|1|5|1|1|1|1|0|0
RZ1|CHK|158|1|31|10|2|4|3|7|3|0|1|0
RZ1|159|1|Don|5|2|5|2|1|1|1|0|0
RZ1|CHK|159|1|31|10|2|4|3|7|3|0|1|0
RZ1|160|1|Don|5|3|5|3|1|1|1|0|0
RZ1|CHK|160|1|31|10|2|4|3|7|3|0|1|0
RZ1|161|1|Don|5|4|5|4|1|1|1|0|0
RZ1|CHK|161|1|31|10|2|4|3|7|3|0|1|0
RZ1|162|1|Don|5|5|5|5|1|1|1|0|0
RZ1|CHK|162|1|31|10|2|4|3|7|3|0|1|0
[You] Deploy Trafalgar Law ["OP13-031">OP13-031]
RZ1|163|1|OP13-031|1|9|2|2|1|1|0|0|0
RZ1|CHK|163|1|31|9|3|4|3|7|3|0|1|0
[You] Trafalgar Law ["OP13-031">OP13-031]: Return Perona ["OP12-034">OP12-034] to Hand
RZ1|164|1|OP12-034|2|1|1|9|1|1|0|0|0
RZ1|CHK|164|1|31|10|2|4|3|7|3|0|1|0
RZ1|165|1|OP14-033|1|7|2|2|1|1|1|0|0
RZ1|CHK|165|1|31|9|3|4|3|7|3|0|1|0
[You] Trafalgar Law ["OP13-031">OP13-031]: Deploy Perona ["OP14-033">OP14-033]
[You] Perona ["OP14-033">OP14-033]: Charlotte Pudding ["OP11-070">OP11-070] can't be rested until next turn ends
[You] Perona ["OP14-033">OP14-033]: Charlotte Pudding ["OP11-070">OP11-070] can't be rested until next turn ends
[You] Attach 1 Don to Dracule Mihawk ["OP14-020">OP14-020] (1 Total)
RZ1|166|1|Don|5|6|9|9900|1|1|0|0|0
RZ1|CHK|166|1|31|9|3|4|3|6|3|0|1|1
[You] Dracule Mihawk ["OP14-020">OP14-020] attacking Charlotte Katakuri ["OP11-062">OP11-062]
[Opponent] Discard Charlotte Pudding ["PRB02-010">PRB02-010] for Counter 1000
RZ1|167|2|PRB02-010|1|5|6|3|1|1|0|0|0
RZ1|CHK|167|2|34|7|2|3|4|1|4|0|1|5
[Opponent] Discard Charlotte Pudding ["PRB02-010">PRB02-010] for Counter 1000
RZ1|168|2|PRB02-010|1|6|6|4|1|1|0|0|0
RZ1|CHK|168|2|34|6|2|3|4|1|5|0|1|5
Dracule Mihawk ["OP14-020">OP14-020][6000] vs Charlotte Katakuri ["OP11-062">OP11-062][7000]
Attack Fails
[] Hand: [ST32-005,OP06-038,OP07-022,ST32-002,OP14-023,OP07-022,ST24-004,OP14-023,OP12-034]
[] Board: [ST32-001,OP13-031,OP14-033]
[] Trash: [ST32-005,OP01-055,OP12-034]
[] Life: 4
[] Hand: [ST34-003,ST18-001,ST34-003,OP08-069,OP11-067,OP11-067]
[] Trash: [OP15-078,OP07-077,ST18-001,PRB02-010,PRB02-010]
[] Board: [OP11-070,OP11-070]
[] Life: 3
[You] End Turn
[] Hand: [ST34-003,ST18-001,ST34-003,OP08-069,OP11-067,OP11-067]
[] Board: [OP11-070,OP11-070]
[] Trash: [OP15-078,OP07-077,ST18-001,PRB02-010,PRB02-010]
[] Life: 3
[] Hand: [ST32-005,OP06-038,OP07-022,ST32-002,OP14-023,OP07-022,ST24-004,OP14-023,OP12-034]
[] Trash: [ST32-005,OP01-055,OP12-034]
[] Board: [ST32-001,OP13-031,OP14-033]
[] Life: 4
RZ1|169|2|Don|9|9900|5|0|1|1|1|0|0
RZ1|CHK|169|2|34|6|2|3|4|2|5|0|1|4
RZ1|170|2|Don|9|9900|5|0|1|1|1|0|0
RZ1|CHK|170|2|34|6|2|3|4|3|5|0|1|3
RZ1|171|2|Don|9|9900|5|0|1|1|1|0|0
RZ1|CHK|171|2|34|6|2|3|4|4|5|0|1|2
RZ1|172|2|Don|9|9900|5|0|1|1|1|0|0
RZ1|CHK|172|2|34|6|2|3|4|5|5|0|1|1
RZ1|173|2|Don|9|9900|5|0|1|1|1|0|0
RZ1|CHK|173|2|34|6|2|3|4|6|5|0|1|0
[Opponent] Draw 1 Card
[] Drew card from deck: Nola ["OP15-069">OP15-069]
RZ1|174|2|OP15-069|0|33|1|6|1|1|0|0|0
RZ1|CHK|174|2|33|7|2|3|4|6|5|0|1|0
RZ1|175|2|Don|4|3|5|6|1|1|0|0|0
RZ1|CHK|175|2|33|7|2|3|3|7|5|0|1|0
RZ1|176|2|Don|4|2|5|7|1|1|0|0|0
RZ1|CHK|176|2|33|7|2|3|2|8|5|0|1|0
[Opponent] Draw 2 Don
RZ1|177|2|Don|5|0|5|0|1|1|1|0|0
RZ1|CHK|177|2|33|7|2|3|2|8|5|0|1|0
RZ1|178|2|Don|5|1|5|1|1|1|1|0|0
RZ1|CHK|178|2|33|7|2|3|2|8|5|0|1|0
RZ1|179|2|Don|5|2|5|2|1|1|1|0|0
RZ1|CHK|179|2|33|7|2|3|2|8|5|0|1|0
[Opponent] Deploy Usohachi ["ST18-001">ST18-001]
RZ1|180|2|ST18-001|1|1|2|2|1|1|0|0|0
RZ1|CHK|180|2|33|6|3|3|2|8|5|0|1|0
[Opponent] Usohachi ["ST18-001">ST18-001]: Rest Kin'emon ["ST32-001">ST32-001]
RZ1|181|2|Don|5|3|9|9900|1|1|0|0|0
RZ1|CHK|181|2|33|6|3|3|2|7|5|0|1|1
RZ1|182|2|Don|5|3|9|9901|1|1|0|0|0
RZ1|CHK|182|2|33|6|3|3|2|6|5|0|1|2
RZ1|183|2|Don|5|3|9|9902|1|1|0|0|0
RZ1|CHK|183|2|33|6|3|3|2|5|5|0|1|3
RZ1|184|2|Don|5|3|9|9903|1|1|0|0|0
RZ1|CHK|184|2|33|6|3|3|2|4|5|0|1|4
[Opponent] Attach 4 Don to Charlotte Katakuri ["OP11-062">OP11-062] (4 Total)
[Opponent] Charlotte Katakuri ["OP11-062">OP11-062] attacking Perona ["OP14-033">OP14-033]
Charlotte Katakuri ["OP11-062">OP11-062][9000] vs Perona ["OP14-033">OP14-033][6000]
[You] Perona ["OP14-033">OP14-033] Destroyed
RZ1|185|1|OP14-033|2|2|6|3|1|1|0|0|0
RZ1|CHK|185|1|31|9|2|4|3|6|4|0|1|1
[You] Perona ["OP14-033">OP14-033]: Rest Trafalgar Law ["OP13-031">OP13-031]
RZ1|186|1|ST32-002|1|3|2|2|1|1|0|0|0
RZ1|CHK|186|1|31|8|3|4|3|6|4|0|1|1
[You] Perona ["OP14-033">OP14-033]: Deploy Kouzuki Oden ["ST32-002">ST32-002]
[] Drew card from deck: Dracule Mihawk ["ST32-003">ST32-003]
RZ1|187|1|ST32-003|0|30|1|8|1|1|0|0|0
RZ1|CHK|187|1|30|9|3|4|3|6|4|0|1|1
[You] Kouzuki Oden ["ST32-002">ST32-002]: Draw 1 Card
[You] Kouzuki Oden ["ST32-002">ST32-002]: Charlotte Pudding ["OP11-070">OP11-070] can't be rested until next turn ends
[] Hand: [ST34-003,ST34-003,OP08-069,OP11-067,OP11-067,OP15-069]
[] Board: [OP11-070,OP11-070,ST18-001]
[] Trash: [OP15-078,OP07-077,ST18-001,PRB02-010,PRB02-010]
[] Life: 3
[] Hand: [ST32-005,OP06-038,OP07-022,OP14-023,OP07-022,ST24-004,OP14-023,OP12-034,ST32-003]
[] Trash: [ST32-005,OP01-055,OP12-034,OP14-033]
[] Board: [ST32-001,OP13-031,ST32-002]
[] Life: 4
[Opponent] End Turn
[] Hand: [ST32-005,OP06-038,OP07-022,OP14-023,OP07-022,ST24-004,OP14-023,OP12-034,ST32-003]
[] Board: [ST32-001,OP13-031,ST32-002]
[] Trash: [ST32-005,OP01-055,OP12-034,OP14-033]
[] Life: 4
[] Hand: [ST34-003,ST34-003,OP08-069,OP11-067,OP11-067,OP15-069]
[] Trash: [OP15-078,OP07-077,ST18-001,PRB02-010,PRB02-010]
[] Board: [OP11-070,OP11-070,ST18-001]
[] Life: 3
RZ1|188|1|Don|9|9900|5|0|1|1|1|0|0
RZ1|CHK|188|1|30|9|3|4|3|7|4|0|1|0
[You] Draw 1 Card
[] Drew card from deck: Kouzuki Oden ["ST32-002">ST32-002]
RZ1|189|1|ST32-002|0|29|1|9|1|1|0|0|0
RZ1|CHK|189|1|29|10|3|4|3|7|4|0|1|0
RZ1|190|1|Don|4|2|5|7|1|1|0|0|0
RZ1|CHK|190|1|29|10|3|4|2|8|4|0|1|0
RZ1|191|1|Don|4|1|5|8|1|1|0|0|0
RZ1|CHK|191|1|29|10|3|4|1|9|4|0|1|0
[You] Draw 2 Don
RZ1|192|1|Don|5|0|5|0|1|1|1|0|0
RZ1|CHK|192|1|29|10|3|4|1|9|4|0|1|0
RZ1|193|1|Don|5|1|5|1|1|1|1|0|0
RZ1|CHK|193|1|29|10|3|4|1|9|4|0|1|0
RZ1|194|1|Don|5|2|5|2|1|1|1|0|0
RZ1|CHK|194|1|29|10|3|4|1|9|4|0|1|0
RZ1|195|1|Don|5|3|5|3|1|1|1|0|0
RZ1|CHK|195|1|29|10|3|4|1|9|4|0|1|0
RZ1|196|1|Don|5|4|5|4|1|1|1|0|0
RZ1|CHK|196|1|29|10|3|4|1|9|4|0|1|0
RZ1|197|1|Don|5|5|5|5|1|1|1|0|0
RZ1|CHK|197|1|29|10|3|4|1|9|4|0|1|0
[You] Deploy Dracule Mihawk ["ST32-003">ST32-003]
RZ1|198|1|ST32-003|1|8|2|3|1|1|0|0|0
RZ1|CHK|198|1|29|9|4|4|1|9|4|0|1|0
RZ1|199|1|ST32-002|1|8|2|4|1|1|0|0|0
RZ1|CHK|199|1|29|8|5|4|1|9|4|0|1|0
[You] Dracule Mihawk ["ST32-003">ST32-003]: Deploy Kouzuki Oden ["ST32-002">ST32-002]
[] Drew card from deck: Law & Bepo ["ST24-004">ST24-004]
RZ1|200|1|ST24-004|0|28|1|8|1|1|0|0|0
RZ1|CHK|200|1|28|9|5|4|1|9|4|0|1|0
[You] Kouzuki Oden ["ST32-002">ST32-002]: Draw 1 Card
[You] Attach 3 Don to Kin'emon ["ST32-001">ST32-001] (3 Total)
RZ1|201|1|Don|5|8|9|0|1|1|0|0|0
RZ1|CHK|201|1|28|9|5|4|1|8|4|0|1|1
RZ1|202|1|Don|5|7|9|1|1|1|0|0|0
RZ1|CHK|202|1|28|9|5|4|1|7|4|0|1|2
RZ1|203|1|Don|5|6|9|2|1|1|0|0|0
RZ1|CHK|203|1|28|9|5|4|1|6|4|0|1|3
[You] Kin'emon ["ST32-001">ST32-001] attacking Charlotte Katakuri ["OP11-062">OP11-062]
[Opponent] Discard Nola ["OP15-069">OP15-069] for Counter 2000
RZ1|204|2|OP15-069|1|5|6|5|1|1|0|0|0
RZ1|CHK|204|2|33|5|3|3|2|4|6|0|1|4
Kin'emon ["ST32-001">ST32-001][5000] vs Charlotte Katakuri ["OP11-062">OP11-062][7000]
Attack Fails
[You] Kouzuki Oden ["ST32-002">ST32-002] attacking Charlotte Katakuri ["OP11-062">OP11-062]
Kouzuki Oden ["ST32-002">ST32-002][6000] vs Charlotte Katakuri ["OP11-062">OP11-062][5000]
Charlotte Katakuri ["OP11-062">OP11-062] hit for 1 damage
RZ1|205|2|ST34-002|3|2|1|5|1|1|0|0|0
RZ1|CHK|205|2|33|6|3|2|2|4|6|0|1|4
[You] Trafalgar Law ["OP13-031">OP13-031] attacking Charlotte Katakuri ["OP11-062">OP11-062]
Trafalgar Law ["OP13-031">OP13-031][6000] vs Charlotte Katakuri ["OP11-062">OP11-062][5000]
Charlotte Katakuri ["OP11-062">OP11-062] hit for 1 damage
RZ1|206|2|OP13-076|3|1|1|6|1|1|0|0|0
RZ1|CHK|206|2|33|7|3|1|2|4|6|0|1|4
[You] Dracule Mihawk ["OP14-020">OP14-020]: Rest Kouzuki Oden ["ST32-002">ST32-002]
[You] Dracule Mihawk ["OP14-020">OP14-020]: Activate 1 Don
RZ1|207|1|Don|5|5|5|5|1|1|0|0|0
RZ1|CHK|207|1|28|9|5|4|1|6|4|0|1|3
[You] Dracule Mihawk ["OP14-020">OP14-020]: Activate 1 Don
RZ1|208|1|Don|5|4|5|4|1|1|0|0|0
RZ1|CHK|208|1|28|9|5|4|1|6|4|0|1|3
[You] Dracule Mihawk ["OP14-020">OP14-020]: Activate 1 Don
RZ1|209|1|Don|5|3|5|3|1|1|0|0|0
RZ1|CHK|209|1|28|9|5|4|1|6|4|0|1|3
[You] Dracule Mihawk ["OP14-020">OP14-020]: Can't play Cost 1 Or More Characters for the Turn!
[You] Attach 1 Don to Dracule Mihawk ["OP14-020">OP14-020] (1 Total)
RZ1|210|1|Don|5|5|9|9900|1|1|0|0|0
RZ1|CHK|210|1|28|9|5|4|1|5|4|0|1|4
[You] Attach 1 Don to Dracule Mihawk ["OP14-020">OP14-020] (2 Total)
RZ1|211|1|Don|5|4|9|9901|1|1|0|0|0
RZ1|CHK|211|1|28|9|5|4|1|4|4|0|1|5
[You] Dracule Mihawk ["OP14-020">OP14-020] attacking Charlotte Katakuri ["OP11-062">OP11-062]
[Opponent] Divine Departure ["OP13-076">OP13-076]: Activate Counter
RZ1|212|2|OP13-076|1|6|6|6|1|1|0|0|0
RZ1|CHK|212|2|33|6|3|1|2|4|7|0|1|4
Dracule Mihawk ["OP14-020">OP14-020][7000] vs Charlotte Katakuri ["OP11-062">OP11-062][5000]
Charlotte Katakuri ["OP11-062">OP11-062] hit for 1 damage
RZ1|213|2|OP11-073|3|0|1|6|1|1|0|0|0
RZ1|CHK|213|2|33|7|3|0|2|4|7|0|1|4
[] Hand: [ST32-005,OP06-038,OP07-022,OP14-023,OP07-022,ST24-004,OP14-023,OP12-034,ST24-004]
[] Board: [ST32-001,OP13-031,ST32-002,ST32-003,ST32-002]
[] Trash: [ST32-005,OP01-055,OP12-034,OP14-033]
[] Life: 4
[] Hand: [ST34-003,ST34-003,OP08-069,OP11-067,OP11-067,ST34-002,OP11-073]
[] Trash: [OP15-078,OP07-077,ST18-001,PRB02-010,PRB02-010,OP15-069,OP13-076]
[] Board: [OP11-070,OP11-070,ST18-001]
[] Life: 0
[You] End Turn
[] Hand: [ST34-003,ST34-003,OP08-069,OP11-067,OP11-067,ST34-002,OP11-073]
[] Board: [OP11-070,OP11-070,ST18-001]
[] Trash: [OP15-078,OP07-077,ST18-001,PRB02-010,PRB02-010,OP15-069,OP13-076]
[] Life: 0
[] Hand: [ST32-005,OP06-038,OP07-022,OP14-023,OP07-022,ST24-004,OP14-023,OP12-034,ST24-004]
[] Trash: [ST32-005,OP01-055,OP12-034,OP14-033]
[] Board: [ST32-001,OP13-031,ST32-002,ST32-003,ST32-002]
[] Life: 4
RZ1|214|2|Don|9|9900|5|0|1|1|1|0|0
RZ1|CHK|214|2|33|7|3|0|2|5|7|0|1|3
RZ1|215|2|Don|9|9900|5|0|1|1|1|0|0
RZ1|CHK|215|2|33|7|3|0|2|6|7|0|1|2
RZ1|216|2|Don|9|9900|5|0|1|1|1|0|0
RZ1|CHK|216|2|33|7|3|0|2|7|7|0|1|1
RZ1|217|2|Don|9|9900|5|0|1|1|1|0|0
RZ1|CHK|217|2|33|7|3|0|2|8|7|0|1|0
[Opponent] Draw 1 Card
[] Drew card from deck: Charlotte Katakuri ["OP11-067">OP11-067]
RZ1|218|2|OP11-067|0|32|1|7|1|1|0|0|0
RZ1|CHK|218|2|32|8|3|0|2|8|7|0|1|0
RZ1|219|2|Don|4|1|5|8|1|1|0|0|0
RZ1|CHK|219|2|32|8|3|0|1|9|7|0|1|0
RZ1|220|2|Don|4|0|5|9|1|1|0|0|0
RZ1|CHK|220|2|32|8|3|0|0|10|7|0|1|0
[Opponent] Draw 2 Don
RZ1|221|2|Don|5|0|9|0|1|1|0|0|0
RZ1|CHK|221|2|32|8|3|0|0|9|7|0|1|1
RZ1|222|2|Don|5|0|9|1|1|1|0|0|0
RZ1|CHK|222|2|32|8|3|0|0|8|7|0|1|2
RZ1|223|2|Don|5|0|9|2|1|1|0|0|0
RZ1|CHK|223|2|32|8|3|0|0|7|7|0|1|3
RZ1|224|2|Don|5|0|9|3|1|1|0|0|0
RZ1|CHK|224|2|32|8|3|0|0|6|7|0|1|4
RZ1|225|2|Don|5|0|9|4|1|1|0|0|0
RZ1|CHK|225|2|32|8|3|0|0|5|7|0|1|5
RZ1|226|2|Don|5|0|9|5|1|1|0|0|0
RZ1|CHK|226|2|32|8|3|0|0|4|7|0|1|6
[Opponent] Attach 6 Don to Charlotte Pudding ["OP11-070">OP11-070] (6 Total)
[Opponent] Charlotte Pudding ["OP11-070">OP11-070] attacking Trafalgar Law ["OP13-031">OP13-031]
[You] Discard Perona ["OP12-034">OP12-034] for Counter 1000
RZ1|227|1|OP12-034|1|7|6|4|1|1|0|0|0
RZ1|CHK|227|1|28|8|5|4|1|4|5|0|1|5
Charlotte Pudding ["OP11-070">OP11-070][6000] vs Trafalgar Law ["OP13-031">OP13-031][7000]
Attack Fails
RZ1|228|2|Don|5|0|9|9900|1|1|0|0|0
RZ1|CHK|228|2|32|8|3|0|0|3|7|0|1|7
RZ1|229|2|Don|5|0|9|9901|1|1|0|0|0
RZ1|CHK|229|2|32|8|3|0|0|2|7|0|1|8
RZ1|230|2|Don|5|0|9|9902|1|1|0|0|0
RZ1|CHK|230|2|32|8|3|0|0|1|7|0|1|9
RZ1|231|2|Don|5|0|9|9903|1|1|0|0|0
RZ1|CHK|231|2|32|8|3|0|0|0|7|0|1|10
[Opponent] Attach 4 Don to Charlotte Katakuri ["OP11-062">OP11-062] (4 Total)
[Opponent] Charlotte Katakuri ["OP11-062">OP11-062] attacking Trafalgar Law ["OP13-031">OP13-031]
[You] Discard Otama ["OP07-022">OP07-022] for Counter 2000
RZ1|232|1|OP07-022|1|4|6|5|1|1|0|0|0
RZ1|CHK|232|1|28|7|5|4|1|4|6|0|1|5
[You] Discard Otama ["OP07-022">OP07-022] for Counter 2000
RZ1|233|1|OP07-022|1|2|6|6|1|1|0|0|0
RZ1|CHK|233|1|28|6|5|4|1|4|7|0|1|5
Charlotte Katakuri ["OP11-062">OP11-062][9000] vs Trafalgar Law ["OP13-031">OP13-031][10000]
Attack Fails
[] Hand: [ST34-003,ST34-003,OP08-069,OP11-067,OP11-067,ST34-002,OP11-073,OP11-067]
[] Board: [OP11-070,OP11-070,ST18-001]
[] Trash: [OP15-078,OP07-077,ST18-001,PRB02-010,PRB02-010,OP15-069,OP13-076]
[] Life: 0
[] Hand: [ST32-005,OP06-038,OP14-023,ST24-004,OP14-023,ST24-004]
[] Trash: [ST32-005,OP01-055,OP12-034,OP14-033,OP12-034,OP07-022,OP07-022]
[] Board: [ST32-001,OP13-031,ST32-002,ST32-003,ST32-002]
[] Life: 4
[Opponent] End Turn
[] Hand: [ST32-005,OP06-038,OP14-023,ST24-004,OP14-023,ST24-004]
[] Board: [ST32-001,OP13-031,ST32-002,ST32-003,ST32-002]
[] Trash: [ST32-005,OP01-055,OP12-034,OP14-033,OP12-034,OP07-022,OP07-022]
[] Life: 4
[] Hand: [ST34-003,ST34-003,OP08-069,OP11-067,OP11-067,ST34-002,OP11-073,OP11-067]
[] Trash: [OP15-078,OP07-077,ST18-001,PRB02-010,PRB02-010,OP15-069,OP13-076]
[] Board: [OP11-070,OP11-070,ST18-001]
[] Life: 0
RZ1|234|1|Don|9|9900|5|0|1|1|1|0|0
RZ1|CHK|234|1|28|6|5|4|1|5|7|0|1|4
RZ1|235|1|Don|9|9900|5|0|1|1|1|0|0
RZ1|CHK|235|1|28|6|5|4|1|6|7|0|1|3
RZ1|236|1|Don|9|0|5|0|1|1|1|0|0
RZ1|CHK|236|1|28|6|5|4|1|7|7|0|1|2
RZ1|237|1|Don|9|0|5|0|1|1|1|0|0
RZ1|CHK|237|1|28|6|5|4|1|8|7|0|1|1
RZ1|238|1|Don|9|0|5|0|1|1|1|0|0
RZ1|CHK|238|1|28|6|5|4|1|9|7|0|1|0
[You] Draw 1 Card
[] Drew card from deck: Trafalgar Law ["OP13-031">OP13-031]
RZ1|239|1|OP13-031|0|27|1|6|1|1|0|0|0
RZ1|CHK|239|1|27|7|5|4|1|9|7|0|1|0
RZ1|240|1|Don|4|0|5|9|1|1|0|0|0
RZ1|CHK|240|1|27|7|5|4|0|10|7|0|1|0
[You] Draw 2 Don
[You] Attach 10 Don to Kouzuki Oden ["ST32-002">ST32-002] (10 Total)
RZ1|241|1|Don|5|0|9|400|1|1|0|0|0
RZ1|CHK|241|1|27|7|5|4|0|9|7|0|1|1
RZ1|242|1|Don|5|0|9|401|1|1|0|0|0
RZ1|CHK|242|1|27|7|5|4|0|8|7|0|1|2
RZ1|243|1|Don|5|0|9|402|1|1|0|0|0
RZ1|CHK|243|1|27|7|5|4|0|7|7|0|1|3
RZ1|244|1|Don|5|0|9|403|1|1|0|0|0
RZ1|CHK|244|1|27|7|5|4|0|6|7|0|1|4
RZ1|245|1|Don|5|0|9|404|1|1|0|0|0
RZ1|CHK|245|1|27|7|5|4|0|5|7|0|1|5
RZ1|246|1|Don|5|0|9|405|1|1|0|0|0
RZ1|CHK|246|1|27|7|5|4|0|4|7|0|1|6
RZ1|247|1|Don|5|0|9|406|1|1|0|0|0
RZ1|CHK|247|1|27|7|5|4|0|3|7|0|1|7
RZ1|248|1|Don|5|0|9|407|1|1|0|0|0
RZ1|CHK|248|1|27|7|5|4|0|2|7|0|1|8
RZ1|249|1|Don|5|0|9|408|1|1|0|0|0
RZ1|CHK|249|1|27|7|5|4|0|1|7|0|1|9
RZ1|250|1|Don|5|0|9|409|1|1|0|0|0
RZ1|CHK|250|1|27|7|5|4|0|0|7|0|1|10
[You] Kouzuki Oden ["ST32-002">ST32-002] attacking Charlotte Katakuri ["OP11-062">OP11-062]
Kouzuki Oden ["ST32-002">ST32-002][16000] vs Charlotte Katakuri ["OP11-062">OP11-062][5000]
Charlotte Katakuri ["OP11-062">OP11-062] hit for 1 damage
[Opponent] <b>Downloaded the Combat Log!</b>
GameOver
