Version is 1.41b.51
[You] Leader is Dracule Mihawk ["OP14-020">OP14-020]
RZ1|HDR|1.41b|2|RZ1
RZ1|PLY|1||OP14-020
RZ1|PLY|2||
[Opponent] Leader is Charlotte Katakuri ["OP11-062">OP11-062]
RZ1|1|2|ST18-001|0|11|0|0|0|0|0|0|0
RZ1|CHK|1|2|50|0|0|0|10|0|0|0|1|0
RZ1|2|2|ST34-003|0|9|0|1|0|0|0|0|0
RZ1|CHK|2|2|50|0|0|0|10|0|0|0|1|0
RZ1|3|2|OP15-078|0|43|0|2|0|0|0|0|0
RZ1|CHK|3|2|50|0|0|0|10|0|0|0|1|0
RZ1|4|2|OP11-073|0|37|0|3|0|0|0|0|0
RZ1|CHK|4|2|50|0|0|0|10|0|0|0|1|0
RZ1|5|2|OP07-077|0|48|0|4|0|0|0|0|0
RZ1|CHK|5|2|50|0|0|0|10|0|0|0|1|0
RZ1|6|2|ST34-004|0|41|0|5|0|0|0|0|0
RZ1|CHK|6|2|50|0|0|0|10|0|0|0|1|0
RZ1|7|2|ST34-005|0|19|0|6|0|0|0|0|0
RZ1|CHK|7|2|50|0|0|0|10|0|0|0|1|0
RZ1|8|2|ST34-003|0|15|0|7|0|0|0|0|0
RZ1|CHK|8|2|50|0|0|0|10|0|0|0|1|0
RZ1|9|2|ST34-003|0|16|0|8|0|0|0|0|0
RZ1|CHK|9|2|50|0|0|0|10|0|0|0|1|0
RZ1|10|2|OP11-070|0|11|0|9|0|0|0|0|0
RZ1|CHK|10|2|50|0|0|0|10|0|0|0|1|0
RZ1|11|2|OP15-069|0|13|0|10|0|0|0|0|0
RZ1|CHK|11|2|50|0|0|0|10|0|0|0|1|0
RZ1|12|2|OP15-078|0|44|0|11|0|0|0|0|0
RZ1|CHK|12|2|50|0|0|0|10|0|0|0|1|0
RZ1|13|2|ST34-004|0|43|0|12|0|0|0|0|0
RZ1|CHK|13|2|50|0|0|0|10|0|0|0|1|0
RZ1|14|2|OP13-076|0|44|0|13|0|0|0|0|0
RZ1|CHK|14|2|50|0|0|0|10|0|0|0|1|0
RZ1|15|2|OP11-067|0|37|0|14|0|0|0|0|0
RZ1|CHK|15|2|50|0|0|0|10|0|0|0|1|0
RZ1|16|2|ST34-001|0|32|0|15|0|0|0|0|0
RZ1|CHK|16|2|50|0|0|0|10|0|0|0|1|0
RZ1|17|2|ST34-005|0|25|0|16|0|0|0|0|0
RZ1|CHK|17|2|50|0|0|0|10|0|0|0|1|0
RZ1|18|2|OP11-070|0|19|0|17|0|0|0|0|0
RZ1|CHK|18|2|50|0|0|0|10|0|0|0|1|0
RZ1|19|2|OP11-067|0|38|0|18|0|0|0|0|0
RZ1|CHK|19|2|50|0|0|0|10|0|0|0|1|0
RZ1|20|2|ST34-002|0|30|0|19|0|0|0|0|0
RZ1|CHK|20|2|50|0|0|0|10|0|0|0|1|0
RZ1|21|2|ST34-001|0|33|0|20|0|0|0|0|0
RZ1|CHK|21|2|50|0|0|0|10|0|0|0|1|0
RZ1|22|2|ST34-005|0|28|0|21|0|0|0|0|0
RZ1|CHK|22|2|50|0|0|0|10|0|0|0|1|0
RZ1|23|2|OP08-069|0|42|0|22|0|0|0|0|0
RZ1|CHK|23|2|50|0|0|0|10|0|0|0|1|0
RZ1|24|2|OP15-069|0|26|0|23|0|0|0|0|0
RZ1|CHK|24|2|50|0|0|0|10|0|0|0|1|0
RZ1|25|2|ST34-005|0|29|0|24|0|0|0|0|0
RZ1|CHK|25|2|50|0|0|0|10|0|0|0|1|0
RZ1|26|2|ST34-001|0|33|0|25|0|0|0|0|0
RZ1|CHK|26|2|50|0|0|0|10|0|0|0|1|0
RZ1|27|2|PRB02-010|0|38|0|26|0|0|0|0|0
RZ1|CHK|27|2|50|0|0|0|10|0|0|0|1|0
RZ1|28|2|ST34-002|0|32|0|27|0|0|0|0|0
RZ1|CHK|28|2|50|0|0|0|10|0|0|0|1|0
RZ1|29|2|ST34-002|0|33|0|28|0|0|0|0|0
RZ1|CHK|29|2|50|0|0|0|10|0|0|0|1|0
RZ1|30|2|PRB02-010|0|38|0|29|0|0|0|0|0
RZ1|CHK|30|2|50|0|0|0|10|0|0|0|1|0
RZ1|31|2|OP07-077|0|49|0|30|0|0|0|0|0
RZ1|CHK|31|2|50|0|0|0|10|0|0|0|1|0
RZ1|32|2|ST34-001|0|37|0|31|0|0|0|0|0
RZ1|CHK|32|2|50|0|0|0|10|0|0|0|1|0
RZ1|33|2|ST34-004|0|45|0|32|0|0|0|0|0
RZ1|CHK|33|2|50|0|0|0|10|0|0|0|1|0
RZ1|34|2|PRB02-010|0|40|0|34|0|0|0|0|0
RZ1|CHK|34|2|50|0|0|0|10|0|0|0|1|0
RZ1|35|2|OP07-077|0|49|0|35|0|0|0|0|0
RZ1|CHK|35|2|50|0|0|0|10|0|0|0|1|0
RZ1|36|2|ST34-004|0|46|0|36|0|0|0|0|0
RZ1|CHK|36|2|50|0|0|0|10|0|0|0|1|0
RZ1|37|2|ST18-001|0|40|0|37|0|0|0|0|0
RZ1|CHK|37|2|50|0|0|0|10|0|0|0|1|0
RZ1|38|2|OP15-069|0|39|0|38|0|0|0|0|0
RZ1|CHK|38|2|50|0|0|0|10|0|0|0|1|0
RZ1|39|2|ST34-002|0|41|0|39|0|0|0|0|0
RZ1|CHK|39|2|50|0|0|0|10|0|0|0|1|0
RZ1|40|2|OP08-069|0|45|0|40|0|0|0|0|0
RZ1|CHK|40|2|50|0|0|0|10|0|0|0|1|0
RZ1|41|2|PRB02-010|0|43|0|41|0|0|0|0|0
RZ1|CHK|41|2|50|0|0|0|10|0|0|0|1|0
RZ1|42|2|OP15-078|0|47|0|42|0|0|0|0|0
RZ1|CHK|42|2|50|0|0|0|10|0|0|0|1|0
RZ1|43|2|OP07-077|0|49|0|43|0|0|0|0|0
RZ1|CHK|43|2|50|0|0|0|10|0|0|0|1|0
RZ1|44|2|OP15-078|0|49|0|45|0|0|0|0|0
RZ1|CHK|44|2|50|0|0|0|10|0|0|0|1|0
RZ1|45|2|OP08-069|0|49|0|46|0|0|0|0|0
RZ1|CHK|45|2|50|0|0|0|10|0|0|0|1|0
RZ1|46|2|OP11-067|0|49|0|48|0|0|0|0|0
RZ1|CHK|46|2|50|0|0|0|10|0|0|0|1|0
[] Drew card from deck: Trafalgar Law ["OP13-031">OP13-031]
RZ1|47|1|OP13-031|0|49|1|0|1|1|0|0|0
RZ1|CHK|47|1|49|1|0|0|10|0|0|0|1|0
[] Drew card from deck: Shanks ["ST16-004">ST16-004]
RZ1|48|1|ST16-004|0|48|1|1|1|1|0|0|0
RZ1|CHK|48|1|48|2|0|0|10|0|0|0|1|0
[] Drew card from deck: Dracule Mihawk ["ST32-003">ST32-003]
RZ1|49|1|ST32-003|0|47|1|2|1|1|0|0|0
RZ1|CHK|49|1|47|3|0|0|10|0|0|0|1|0
[] Drew card from deck: Roronoa Zoro ["ST32-005">ST32-005]
RZ1|50|1|ST32-005|0|46|1|3|1|1|0|0|0
RZ1|CHK|50|1|46|4|0|0|10|0|0|0|1|0
[] Drew card from deck: Kikunojo ["OP14-023">OP14-023]
RZ1|51|1|OP14-023|0|45|1|4|1|1|0|0|0
RZ1|CHK|51|1|45|5|0|0|10|0|0|0|1|0
[] Drew card from deck: Charlotte Katakuri ["OP11-067">OP11-067]
RZ1|52|2|OP11-067|0|49|1|0|1|1|0|0|0
RZ1|CHK|52|2|49|1|0|0|10|0|0|0|1|0
[] Drew card from deck: Charlotte Katakuri ["OP11-067">OP11-067]
RZ1|53|2|OP11-067|0|48|1|1|1|1|0|0|0
RZ1|CHK|53|2|48|2|0|0|10|0|0|0|1|0
[] Drew card from deck: Charlotte Brulee ["ST34-003">ST34-003]
RZ1|54|2|ST34-003|0|47|1|2|1|1|0|0|0
RZ1|CHK|54|2|47|3|0|0|10|0|0|0|1|0
[] Drew card from deck: Charlotte Linlin ["OP08-069">OP08-069]
RZ1|55|2|OP08-069|0|46|1|3|1|1|0|0|0
RZ1|CHK|55|2|46|4|0|0|10|0|0|0|1|0
[] Drew card from deck: Mamaragan ["OP15-078">OP15-078]
RZ1|56|2|OP15-078|0|45|1|4|1|1|0|0|0
RZ1|CHK|56|2|45|5|0|0|10|0|0|0|1|0
RZ1|57|1|OP13-031|1|0|0|45|0|0|0|0|0
RZ1|CHK|57|1|46|4|0|0|10|0|0|0|1|0
RZ1|58|1|ST16-004|1|0|0|46|0|0|0|0|0
RZ1|CHK|58|1|47|3|0|0|10|0|0|0|1|0
RZ1|59|1|ST32-003|1|0|0|47|0|0|0|0|0
RZ1|CHK|59|1|48|2|0|0|10|0|0|0|1|0
RZ1|60|1|ST32-005|1|0|0|48|0|0|0|0|0
RZ1|CHK|60|1|49|1|0|0|10|0|0|0|1|0
RZ1|61|1|OP14-023|1|0|0|49|0|0|0|0|0
RZ1|CHK|61|1|50|0|0|0|10|0|0|0|1|0
RZ1|62|1|OP12-034|0|39|0|0|0|0|0|0|0
RZ1|CHK|62|1|50|0|0|0|10|0|0|0|1|0
RZ1|63|1|ST32-002|0|17|0|1|0|0|0|0|0
RZ1|CHK|63|1|50|0|0|0|10|0|0|0|1|0
RZ1|64|1|OP12-037|0|35|0|2|0|0|0|0|0
RZ1|CHK|64|1|50|0|0|0|10|0|0|0|1|0
RZ1|65|1|OP07-022|0|24|0|3|0|0|0|0|0
RZ1|CHK|65|1|50|0|0|0|10|0|0|0|1|0
RZ1|66|1|ST32-003|0|21|0|4|0|0|0|0|0
RZ1|CHK|66|1|50|0|0|0|10|0|0|0|1|0
RZ1|67|1|ST32-001|0|40|0|6|0|0|0|0|0
RZ1|CHK|67|1|50|0|0|0|10|0|0|0|1|0
RZ1|68|1|ST24-004|0|22|0|7|0|0|0|0|0
RZ1|CHK|68|1|50|0|0|0|10|0|0|0|1|0
RZ1|69|1|OP01-055|0|26|0|8|0|0|0|0|0
RZ1|CHK|69|1|50|0|0|0|10|0|0|0|1|0
RZ1|70|1|OP14-023|0|31|0|10|0|0|0|0|0
RZ1|CHK|70|1|50|0|0|0|10|0|0|0|1|0
RZ1|71|1|OP12-034|0|20|0|11|0|0|0|0|0
RZ1|CHK|71|1|50|0|0|0|10|0|0|0|1|0
RZ1|72|1|OP01-055|0|42|0|12|0|0|0|0|0
RZ1|CHK|72|1|50|0|0|0|10|0|0|0|1|0
RZ1|73|1|OP06-038|0|31|0|13|0|0|0|0|0
RZ1|CHK|73|1|50|0|0|0|10|0|0|0|1|0
RZ1|74|1|OP13-031|0|45|0|14|0|0|0|0|0
RZ1|CHK|74|1|50|0|0|0|10|0|0|0|1|0
RZ1|75|1|OP14-023|0|37|0|15|0|0|0|0|0
RZ1|CHK|75|1|50|0|0|0|10|0|0|0|1|0
RZ1|76|1|OP14-119|0|17|0|16|0|0|0|0|0
RZ1|CHK|76|1|50|0|0|0|10|0|0|0|1|0
RZ1|77|1|ST32-001|0|37|0|17|0|0|0|0|0
RZ1|CHK|77|1|50|0|0|0|10|0|0|0|1|0
RZ1|78|1|OP12-037|0|23|0|18|0|0|0|0|0
RZ1|CHK|78|1|50|0|0|0|10|0|0|0|1|0
RZ1|79|1|OP01-055|0|40|0|19|0|0|0|0|0
RZ1|CHK|79|1|50|0|0|0|10|0|0|0|1|0
RZ1|80|1|OP07-022|0|30|0|20|0|0|0|0|0
RZ1|CHK|80|1|50|0|0|0|10|0|0|0|1|0
RZ1|81|1|ST32-002|0|44|0|22|0|0|0|0|0
RZ1|CHK|81|1|50|0|0|0|10|0|0|0|1|0
RZ1|82|1|OP14-023|0|38|0|23|0|0|0|0|0
RZ1|CHK|82|1|50|0|0|0|10|0|0|0|1|0
RZ1|83|1|ST32-003|0|40|0|24|0|0|0|0|0
RZ1|CHK|83|1|50|0|0|0|10|0|0|0|1|0
RZ1|84|1|OP10-030|0|42|0|25|0|0|0|0|0
RZ1|CHK|84|1|50|0|0|0|10|0|0|0|1|0
RZ1|85|1|ST32-003|0|32|0|26|0|0|0|0|0
RZ1|CHK|85|1|50|0|0|0|10|0|0|0|1|0
RZ1|86|1|OP07-022|0|42|0|27|0|0|0|0|0
RZ1|CHK|86|1|50|0|0|0|10|0|0|0|1|0
RZ1|87|1|OP07-022|0|40|0|28|0|0|0|0|0
RZ1|CHK|87|1|50|0|0|0|10|0|0|0|1|0
RZ1|88|1|OP14-033|0|44|0|29|0|0|0|0|0
RZ1|CHK|88|1|50|0|0|0|10|0|0|0|1|0
RZ1|89|1|ST32-001|0|31|0|30|0|0|0|0|0
RZ1|CHK|89|1|50|0|0|0|10|0|0|0|1|0
RZ1|90|1|OP14-033|0|34|0|31|0|0|0|0|0
RZ1|CHK|90|1|50|0|0|0|10|0|0|0|1|0
RZ1|91|1|ST16-004|0|46|0|32|0|0|0|0|0
RZ1|CHK|91|1|50|0|0|0|10|0|0|0|1|0
RZ1|92|1|ST32-003|0|47|0|33|0|0|0|0|0
RZ1|CHK|92|1|50|0|0|0|10|0|0|0|1|0
RZ1|93|1|ST32-005|0|45|0|34|0|0|0|0|0
RZ1|CHK|93|1|50|0|0|0|10|0|0|0|1|0
RZ1|94|1|ST32-005|0|38|0|35|0|0|0|0|0
RZ1|CHK|94|1|50|0|0|0|10|0|0|0|1|0
RZ1|95|1|ST32-001|0|40|0|36|0|0|0|0|0
RZ1|CHK|95|1|50|0|0|0|10|0|0|0|1|0
RZ1|96|1|OP14-023|0|49|0|38|0|0|0|0|0
RZ1|CHK|96|1|50|0|0|0|10|0|0|0|1|0
RZ1|97|1|ST32-002|0|48|0|39|0|0|0|0|0
RZ1|CHK|97|1|50|0|0|0|10|0|0|0|1|0
RZ1|98|1|OP01-055|0|42|0|40|0|0|0|0|0
RZ1|CHK|98|1|50|0|0|0|10|0|0|0|1|0
RZ1|99|1|OP06-038|0|43|0|41|0|0|0|0|0
RZ1|CHK|99|1|50|0|0|0|10|0|0|0|1|0
RZ1|100|1|OP12-034|0|43|0|42|0|0|0|0|0
RZ1|CHK|100|1|50|0|0|0|10|0|0|0|1|0
RZ1|101|1|ST32-002|0|48|0|43|0|0|0|0|0
RZ1|CHK|101|1|50|0|0|0|10|0|0|0|1|0
RZ1|102|1|ST32-005|0|49|0|44|0|0|0|0|0
RZ1|CHK|102|1|50|0|0|0|10|0|0|0|1|0
RZ1|103|1|OP14-119|0|49|0|45|0|0|0|0|0
RZ1|CHK|103|1|50|0|0|0|10|0|0|0|1|0
RZ1|104|1|OP12-034|0|48|0|46|0|0|0|0|0
RZ1|CHK|104|1|50|0|0|0|10|0|0|0|1|0
RZ1|105|1|OP13-031|0|49|0|48|0|0|0|0|0
RZ1|CHK|105|1|50|0|0|0|10|0|0|0|1|0
[] Drew card from deck: Perona ["OP14-033">OP14-033]
RZ1|106|1|OP14-033|0|49|1|0|1|1|0|0|0
RZ1|CHK|106|1|49|1|0|0|10|0|0|0|1|0
[] Drew card from deck: Trafalgar Law ["OP13-031">OP13-031]
RZ1|107|1|OP13-031|0|48|1|1|1|1|0|0|0
RZ1|CHK|107|1|48|2|0|0|10|0|0|0|1|0
[] Drew card from deck: Coffin Boat ["OP14-039">OP14-039]
RZ1|108|1|OP14-039|0|47|1|2|1|1|0|0|0
RZ1|CHK|108|1|47|3|0|0|10|0|0|0|1|0
[] Drew card from deck: Perona ["OP12-034">OP12-034]
RZ1|109|1|OP12-034|0|46|1|3|1|1|0|0|0
RZ1|CHK|109|1|46|4|0|0|10|0|0|0|1|0
[] Drew card from deck: Dracule Mihawk ["OP14-119">OP14-119]
RZ1|110|1|OP14-119|0|45|1|4|1|1|0|0|0
RZ1|CHK|110|1|45|5|0|0|10|0|0|0|1|0
RZ1|111|1|ST32-005|0|44|3|0|1|0|0|0|0
RZ1|CHK|111|1|44|5|0|1|10|0|0|0|1|0
RZ1|112|1|ST32-002|0|43|3|1|1|0|0|0|0
RZ1|CHK|112|1|43|5|0|2|10|0|0|0|1|0
RZ1|113|1|OP12-034|0|42|3|2|1|0|0|0|0
RZ1|CHK|113|1|42|5|0|3|10|0|0|0|1|0
RZ1|114|1|OP06-038|0|41|3|3|1|0|0|0|0
RZ1|CHK|114|1|41|5|0|4|10|0|0|0|1|0
RZ1|115|1|OP01-055|0|40|3|4|1|0|0|0|0
RZ1|CHK|115|1|40|5|0|5|10|0|0|0|1|0
[] Hand after Mulligan: [OP14-033,OP13-031,OP14-039,OP12-034,OP14-119]
[You] Mulligan
RZ1|116|2|OP11-070|0|44|3|0|0|1|0|0|0
RZ1|CHK|116|2|44|5|0|1|10|0|0|0|1|0
RZ1|117|2|OP07-077|0|43|3|1|0|1|0|0|0
RZ1|CHK|117|2|43|5|0|2|10|0|0|0|1|0
RZ1|118|2|OP15-078|0|42|3|2|0|1|0|0|0
RZ1|CHK|118|2|42|5|0|3|10|0|0|0|1|0
RZ1|119|2|PRB02-010|0|41|3|3|0|1|0|0|0
RZ1|CHK|119|2|41|5|0|4|10|0|0|0|1|0
RZ1|120|2|OP08-069|0|40|3|4|0|1|0|0|0
RZ1|CHK|120|2|40|5|0|5|10|0|0|0|1|0
[] Hand: [OP14-033,OP13-031,OP14-039,OP12-034,OP14-119]
[] Board: []
[] Trash: []
[] Life: 5
[] Hand: [OP11-067,OP11-067,ST34-003,OP08-069,OP15-078]
[] Trash: []
[] Board: []
[] Life: 5
RZ1|121|1|Don|4|9|5|0|1|1|0|0|0
RZ1|CHK|121|1|40|5|0|5|9|1|0|0|1|0
[You] Draw 1 Don
RZ1|122|1|Don|5|0|5|0|1|1|1|0|0
RZ1|CHK|122|1|40|5|0|5|9|1|0|0|1|0
[You] Deploy Perona ["OP12-034">OP12-034]
RZ1|123|1|OP12-034|1|3|2|0|1|1|0|0|0
RZ1|CHK|123|1|40|4|1|5|9|1|0|0|1|0
RZ1|124|1|ST24-004|0|37|1|4|1|1|0|0|0
RZ1|CHK|124|1|39|5|1|5|9|1|0|0|1|0
[You] Perona ["OP12-034">OP12-034]: <b>Reveal and Draw Law & Bepo ["ST24-004">ST24-004]</b>
[You] Placing Cards on Bottom of Deck
RZ1|125|1|ST32-002|0|38|0|0|0|0|0|0|0
RZ1|CHK|125|1|39|5|1|5|9|1|0|0|1|0
RZ1|126|1|OP14-023|0|38|0|0|0|0|0|0|0
RZ1|CHK|126|1|39|5|1|5|9|1|0|0|1|0
RZ1|127|1|ST32-001|0|38|0|0|0|0|0|0|0
RZ1|CHK|127|1|39|5|1|5|9|1|0|0|1|0
RZ1|128|1|ST32-005|0|38|0|0|0|0|0|0|0
RZ1|CHK|128|1|39|5|1|5|9|1|0|0|1|0
[] Hand: [OP14-033,OP13-031,OP14-039,OP14-119,ST24-004]
[] Board: [OP12-034]
[] Trash: []
[] Life: 5
[] Hand: [OP11-067,OP11-067,ST34-003,OP08-069,OP15-078]
[] Trash: []
[] Board: []
[] Life: 5
[You] End Turn
[] Hand: [OP11-067,OP11-067,ST34-003,OP08-069,OP15-078]
[] Board: []
[] Trash: []
[] Life: 5
[] Hand: [OP14-033,OP13-031,OP14-039,OP14-119,ST24-004]
[] Trash: []
[] Board: [OP12-034]
[] Life: 5
[Opponent] Draw 1 Card
[] Drew card from deck: Charlotte Cracker ["ST34-002">ST34-002]
RZ1|129|2|ST34-002|0|39|1|5|1|1|0|0|0
RZ1|CHK|129|2|39|6|0|5|10|0|0|0|1|0
RZ1|130|2|Don|4|9|5|0|1|1|0|0|0
RZ1|CHK|130|2|39|6|0|5|9|1|0|0|1|0
RZ1|131|2|Don|4|8|5|1|1|1|0|0|0
RZ1|CHK|131|2|39|6|0|5|8|2|0|0|1|0
[Opponent] Draw 2 Don
RZ1|132|2|OP15-078|1|4|6|0|1|1|0|0|0
RZ1|CHK|132|2|39|5|0|5|8|2|1|0|1|0
RZ1|133|2|Don|5|0|4|8|1|1|0|0|0
RZ1|CHK|133|2|39|5|0|5|9|1|1|0|1|0
RZ1|134|2|Don|5|0|4|9|1|1|0|0|0
RZ1|CHK|134|2|39|5|0|5|10|0|1|0|1|0
[Opponent] Mamaragan ["OP15-078">OP15-078]: Minus 2 Don
[] Drew card from deck: Nola ["OP15-069">OP15-069]
RZ1|135|2|OP15-069|0|38|1|5|1|1|0|0|0
RZ1|CHK|135|2|38|6|0|5|10|0|1|0|1|0
[Opponent] Mamaragan ["OP15-078">OP15-078]: Draw 1 Card
[Opponent] Mamaragan ["OP15-078">OP15-078]: Rest Perona ["OP12-034">OP12-034]
[] Hand: [OP11-067,OP11-067,ST34-003,OP08-069,ST34-002,OP15-069]
[] Board: []
[] Trash: [OP15-078]
[] Life: 5
[] Hand: [OP14-033,OP13-031,OP14-039,OP14-119,ST24-004]
[] Trash: []
[] Board: [OP12-034]
[] Life: 5
[Opponent] End Turn
[] Hand: [OP14-033,OP13-031,OP14-039,OP14-119,ST24-004]
[] Board: [OP12-034]
[] Trash: []
[] Life: 5
[] Hand: [OP11-067,OP11-067,ST34-003,OP08-069,ST34-002,OP15-069]
[] Trash: [OP15-078]
[] Board: []
[] Life: 5
[You] Draw 1 Card
[] Drew card from deck: Roronoa Zoro ["ST32-005">ST32-005]
RZ1|136|1|ST32-005|0|38|1|5|1|1|0|0|0
RZ1|CHK|136|1|38|6|1|5|9|1|0|0|1|0
RZ1|137|1|Don|4|8|5|1|1|1|0|0|0
RZ1|CHK|137|1|38|6|1|5|8|2|0|0|1|0
RZ1|138|1|Don|4|7|5|2|1|1|0|0|0
RZ1|CHK|138|1|38|6|1|5|7|3|0|0|1|0
[You] Draw 2 Don
RZ1|139|1|Don|5|0|5|0|1|1|1|0|0
RZ1|CHK|139|1|38|6|1|5|7|3|0|0|1|0
[You] Deploy Coffin Boat ["OP14-039">OP14-039]
RZ1|140|1|OP14-039|1|2|7|0|1|1|0|0|0
RZ1|CHK|140|1|38|5|1|5|7|3|0|1|1|0
[] Drew card from deck: Dracule Mihawk ["ST32-003">ST32-003]
RZ1|141|1|ST32-003|0|37|1|5|1|1|0|0|0
RZ1|CHK|141|1|37|6|1|5|7|3|0|1|1|0
[You] Coffin Boat ["OP14-039">OP14-039]: Draw 1 Card
[You] Attach 1 Don to Dracule Mihawk ["OP14-020">OP14-020] (1 Total)
RZ1|142|1|Don|5|2|9|9900|1|1|0|0|0
RZ1|CHK|142|1|37|6|1|5|7|2|0|1|1|1
[You] Attach 1 Don to Dracule Mihawk ["OP14-020">OP14-020] (2 Total)
RZ1|143|1|Don|5|1|9|9901|1|1|0|0|0
RZ1|CHK|143|1|37|6|1|5|7|1|0|1|1|2
[You] Dracule Mihawk ["OP14-020">OP14-020] attacking Charlotte Katakuri ["OP11-062">OP11-062]
Dracule Mihawk ["OP14-020">OP14-020][7000] vs Charlotte Katakuri ["OP11-062">OP11-062][5000]
Charlotte Katakuri ["OP11-062">OP11-062] hit for 1 damage
RZ1|144|2|OP08-069|3|4|1|6|1|1|0|0|0
RZ1|CHK|144|2|38|7|0|4|10|0|1|0|1|0
[You] Coffin Boat ["OP14-039">OP14-039]: Activate 1 Don
RZ1|145|1|Don|5|0|5|0|1|1|0|0|0
RZ1|CHK|145|1|37|6|1|5|7|1|0|1|1|2
[] Hand: [OP14-033,OP13-031,OP14-119,ST24-004,ST32-005,ST32-003]
[] Board: [OP12-034]
[] Trash: []
[] Life: 5
[] Hand: [OP11-067,OP11-067,ST34-003,OP08-069,ST34-002,OP15-069,OP08-069]
[] Trash: [OP15-078]
[] Board: []
[] Life: 4
[You] End Turn
[] Hand: [OP11-067,OP11-067,ST34-003,OP08-069,ST34-002,OP15-069,OP08-069]
[] Board: []
[] Trash: [OP15-078]
[] Life: 4
[] Hand: [OP14-033,OP13-031,OP14-119,ST24-004,ST32-005,ST32-003]
[] Trash: []
[] Board: [OP12-034]
[] Life: 5
[Opponent] Draw 1 Card
[] Drew card from deck: Usohachi ["ST18-001">ST18-001]
RZ1|146|2|ST18-001|0|37|1|7|1|1|0|0|0
RZ1|CHK|146|2|37|8|0|4|10|0|1|0|1|0
RZ1|147|2|Don|4|9|5|0|1|1|0|0|0
RZ1|CHK|147|2|37|8|0|4|9|1|1|0|1|0
RZ1|148|2|Don|4|8|5|1|1|1|0|0|0
RZ1|CHK|148|2|37|8|0|4|8|2|1|0|1|0
[Opponent] Draw 2 Don
RZ1|149|2|Don|5|0|5|0|1|1|1|0|0
RZ1|CHK|149|2|37|8|0|4|8|2|1|0|1|0
[Opponent] Deploy Charlotte Brulee ["ST34-003">ST34-003]
RZ1|150|2|ST34-003|1|2|2|0|1|1|0|0|0
RZ1|CHK|150|2|37|7|1|4|8|2|1|0|1|0
RZ1|151|2|PRB02-010|0|34|1|7|1|1|0|0|0
RZ1|CHK|151|2|36|8|1|4|8|2|1|0|1|0
[Opponent] Charlotte Brulee ["ST34-003">ST34-003]: <b>Reveal and Draw Charlotte Pudding ["PRB02-010">PRB02-010]</b>
[Opponent] Placing Cards on Bottom of Deck
RZ1|152|2|ST34-004|0|35|0|0|0|0|0|0|0
RZ1|CHK|152|2|36|8|1|4|8|2|1|0|1|0
RZ1|153|2|OP07-077|0|35|0|0|0|0|0|0|0
RZ1|CHK|153|2|36|8|1|4|8|2|1|0|1|0
RZ1|154|2|Don|5|1|5|1|1|1|1|0|0
RZ1|CHK|154|2|36|8|1|4|8|2|1|0|1|0
[Opponent] Deploy Nola ["OP15-069">OP15-069]
RZ1|155|2|OP15-069|1|4|2|1|1|1|0|0|0
RZ1|CHK|155|2|36|7|2|4|8|2|1|0|1|0
[Opponent] Charlotte Katakuri ["OP11-062">OP11-062] attacking Dracule Mihawk ["OP14-020">OP14-020]
Charlotte Katakuri ["OP11-062">OP11-062][5000] vs Dracule Mihawk ["OP14-020">OP14-020][5000]
Dracule Mihawk ["OP14-020">OP14-020] hit for 1 damage
RZ1|156|1|OP01-055|3|4|1|6|1|1|0|0|0
RZ1|CHK|156|1|37|7|1|4|7|1|0|1|1|2
[] Hand: [OP11-067,OP11-067,OP08-069,ST34-002,OP08-069,ST18-001,PRB02-010]
[] Board: [ST34-003,OP15-069]
[] Trash: [OP15-078]
[] Life: 4
[] Hand: [OP14-033,OP13-031,OP14-119,ST24-004,ST32-005,ST32-003,OP01-055]
[] Trash: []
[] Board: [OP12-034]
[] Life: 4
[Opponent] End Turn
[] Hand: [OP14-033,OP13-031,OP14-119,ST24-004,ST32-005,ST32-003,OP01-055]
[] Board: [OP12-034]
[] Trash: []
[] Life: 4
[] Hand: [OP11-067,OP11-067,OP08-069,ST34-002,OP08-069,ST18-001,PRB02-010]
[] Trash: [OP15-078]
[] Board: [ST34-003,OP15-069]
[] Life: 4
RZ1|157|1|Don|9|9900|5|0|1|1|1|0|0
RZ1|CHK|157|1|37|7|1|4|7|2|0|1|1|1
RZ1|158|1|Don|9|9900|5|0|1|1|1|0|0
RZ1|CHK|158|1|37|7|1|4|7|3|0|1|1|0
[You] Draw 1 Card
[] Drew card from deck: Shanks ["ST16-004">ST16-004]
RZ1|159|1|ST16-004|0|36|1|7|1|1|0|0|0
RZ1|CHK|159|1|36|8|1|4|7|3|0|1|1|0
RZ1|160|1|Don|4|6|5|3|1|1|0|0|0
RZ1|CHK|160|1|36|8|1|4|6|4|0|1|1|0
RZ1|161|1|Don|4|5|5|4|1|1|0|0|0
RZ1|CHK|161|1|36|8|1|4|5|5|0|1|1|0
[You] Draw 2 Don
RZ1|162|1|Don|5|0|5|0|1|1|1|0|0
RZ1|CHK|162|1|36|8|1|4|5|5|0|1|1|0
RZ1|163|1|Don|5|1|5|1|1|1|1|0|0
RZ1|CHK|163|1|36|8|1|4|5|5|0|1|1|0
RZ1|164|1|Don|5|2|5|2|1|1|1|0|0
RZ1|CHK|164|1|36|8|1|4|5|5|0|1|1|0
RZ1|165|1|Don|5|3|5|3|1|1|1|0|0
RZ1|CHK|165|1|36|8|1|4|5|5|0|1|1|0
RZ1|166|1|Don|5|4|5|4|1|1|1|0|0
RZ1|CHK|166|1|36|8|1|4|5|5|0|1|1|0
[You] Deploy Perona ["OP14-033">OP14-033]
RZ1|167|1|OP14-033|1|0|2|1|1|1|0|0|0
RZ1|CHK|167|1|36|7|2|4|5|5|0|1|1|0
[You] Perona ["OP14-033">OP14-033]: Nola ["OP15-069">OP15-069] can't be rested until next turn ends
[You] Perona ["OP14-033">OP14-033]: Charlotte Brulee ["ST34-003">ST34-003] can't be rested until next turn ends
[You] Dracule Mihawk ["OP14-020">OP14-020]: Rest Perona ["OP14-033">OP14-033]
[You] Dracule Mihawk ["OP14-020">OP14-020]: Activate 1 Don
RZ1|168|1|Don|5|4|5|4|1|1|0|0|0
RZ1|CHK|168|1|36|7|2|4|5|5|0|1|1|0
[You] Dracule Mihawk ["OP14-020">OP14-020]: Activate 1 Don
RZ1|169|1|Don|5|3|5|3|1|1|0|0|0
RZ1|CHK|169|1|36|7|2|4|5|5|0|1|1|0
[You] Dracule Mihawk ["OP14-020">OP14-020]: Activate 1 Don
RZ1|170|1|Don|5|2|5|2|1|1|0|0|0
RZ1|CHK|170|1|36|7|2|4|5|5|0|1|1|0
[You] Dracule Mihawk ["OP14-020">OP14-020]: Can't play Cost 1 Or More Characters for the Turn!
[You] Attach 3 Don to Perona ["OP12-034">OP12-034] (3 Total)
RZ1|171|1|Don|5|4|9|0|1|1|0|0|0
RZ1|CHK|171|1|36|7|2|4|5|4|0|1|1|1
RZ1|172|1|Don|5|3|9|1|1|1|0|0|0
RZ1|CHK|172|1|36|7|2|4|5|3|0|1|1|2
RZ1|173|1|Don|5|2|9|2|1|1|0|0|0
RZ1|CHK|173|1|36|7|2|4|5|2|0|1|1|3
[You] Perona ["OP12-034">OP12-034] attacking Charlotte Katakuri ["OP11-062">OP11-062]
RZ1|174|2|Don|5|0|4|8|1|1|0|0|0
RZ1|CHK|174|2|36|7|2|4|9|1|1|0|1|0
[Opponent] Charlotte Katakuri ["OP11-062">OP11-062]: Minus 1 Don
[Opponent] Charlotte Katakuri ["OP11-062">OP11-062]: <b>Looked at opponent's top deck</b>
[Opponent] Charlotte Katakuri ["OP11-062">OP11-062]: <b>Finished looking at opponent's top deck</b>
[Opponent] Charlotte Katakuri ["OP11-062">OP11-062]: Buff Charlotte Katakuri ["OP11-062">OP11-062] 1000 for the Combat
Perona ["OP12-034">OP12-034][5000] vs Charlotte Katakuri ["OP11-062">OP11-062][6000]
Attack Fails
[You] Dracule Mihawk ["OP14-020">OP14-020] attacking Charlotte Katakuri ["OP11-062">OP11-062]
Dracule Mihawk ["OP14-020">OP14-020][5000] vs Charlotte Katakuri ["OP11-062">OP11-062][5000]
Charlotte Katakuri ["OP11-062">OP11-062] hit for 1 damage
RZ1|175|2|PRB02-010|3|3|1|7|1|1|0|0|0
RZ1|CHK|175|2|36|8|2|3|9|1|1|0|1|0
[You] Coffin Boat ["OP14-039">OP14-039]: Activate 1 Don
RZ1|176|1|Don|5|1|5|1|1|1|0|0|0
RZ1|CHK|176|1|36|7|2|4|5|2|0|1|1|3
[] Hand: [OP13-031,OP14-119,ST24-004,ST32-005,ST32-003,OP01-055,ST16-004]
[] Board: [OP12-034,OP14-033]
[] Trash: []
[] Life: 4
[] Hand: [OP11-067,OP11-067,OP08-069,ST34-002,OP08-069,ST18-001,PRB02-010,PRB02-010]
[] Trash: [OP15-078]
[] Board: [ST34-003,OP15-069]
[] Life: 3
[You] End Turn
[] Hand: [OP11-067,OP11-067,OP08-069,ST34-002,OP08-069,ST18-001,PRB02-010,PRB02-010]
[] Board: [ST34-003,OP15-069]
[] Trash: [OP15-078]
[] Life: 3
[] Hand: [OP13-031,OP14-119,ST24-004,ST32-005,ST32-003,OP01-055,ST16-004]
[] Trash: []
[] Board: [OP12-034,OP14-033]
[] Life: 4
[Opponent] Draw 1 Card
[] Drew card from deck: Charlotte Pudding ["OP11-070">OP11-070]
RZ1|177|2|OP11-070|0|35|1|8|1|1|0|0|0
RZ1|CHK|177|2|35|9|2|3|9|1|1|0|1|0
RZ1|178|2|Don|4|8|5|1|1|1|0|0|0
RZ1|CHK|178|2|35|9|2|3|8|2|1|0|1|0
RZ1|179|2|Don|4|7|5|2|1|1|0|0|0
RZ1|CHK|179|2|35|9|2|3|7|3|1|0|1|0
[Opponent] Draw 2 Don
RZ1|180|2|Don|5|0|5|0|1|1|1|0|0
RZ1|CHK|180|2|35|9|2|3|7|3|1|0|1|0
[Opponent] Deploy Charlotte Pudding ["OP11-070">OP11-070]
RZ1|181|2|OP11-070|1|8|2|2|1|1|0|0|0
RZ1|CHK|181|2|35|8|3|3|7|3|1|0|1|0
RZ1|182|2|ST34-002|0|30|1|8|1|1|0|0|0
RZ1|CHK|182|2|34|9|3|3|7|3|1|0|1|0
[Opponent] Charlotte Pudding ["OP11-070">OP11-070]: <b>Reveal and Draw Charlotte Cracker ["ST34-002">ST34-002]</b>
[Opponent] Placing Cards on Bottom of Deck
RZ1|183|2|ST34-004|0|33|0|0|0|0|0|0|0
RZ1|CHK|183|2|34|9|3|3|7|3|1|0|1|0
RZ1|184|2|ST34-001|0|33|0|0|0|0|0|0|0
RZ1|CHK|184|2|34|9|3|3|7|3|1|0|1|0
RZ1|185|2|OP07-077|0|33|0|0|0|0|0|0|0
RZ1|CHK|185|2|34|9|3|3|7|3|1|0|1|0
RZ1|186|2|PRB02-010|0|33|0|0|0|0|0|0|0
RZ1|CHK|186|2|34|9|3|3|7|3|1|0|1|0
[Opponent] Charlotte Katakuri ["OP11-062">OP11-062] attacking Perona ["OP14-033">OP14-033]
RZ1|187|2|Don|5|0|4|7|1|1|0|0|0
RZ1|CHK|187|2|34|9|3|3|8|2|1|0|1|0
[Opponent] Charlotte Katakuri ["OP11-062">OP11-062]: Minus 1 Don
[Opponent] Charlotte Katakuri ["OP11-062">OP11-062]: <b>Looked at opponent's top deck</b>
[Opponent] Charlotte Katakuri ["OP11-062">OP11-062]: <b>Finished looking at opponent's top deck</b>
[Opponent] Charlotte Katakuri ["OP11-062">OP11-062]: Buff Charlotte Katakuri ["OP11-062">OP11-062] 1000 for the Combat
[You] Discard Roronoa Zoro ["ST32-005">ST32-005] for Counter 2000
RZ1|188|1|ST32-005|1|3|6|0|1|1|0|0|0
RZ1|CHK|188|1|36|6|2|4|5|2|1|1|1|3
Charlotte Katakuri ["OP11-062">OP11-062][6000] vs Perona ["OP14-033">OP14-033][8000]
Attack Fails
RZ1|189|2|Don|5|0|9|200|1|1|0|0|0
RZ1|CHK|189|2|34|9|3|3|8|1|1|0|1|1
[Opponent] Attach 1 Don to Charlotte Pudding ["OP11-070">OP11-070] (1 Total)
[] Hand: [OP11-067,OP11-067,OP08-069,ST34-002,OP08-069,ST18-001,PRB02-010,PRB02-010,ST34-002]
[] Board: [ST34-003,OP15-069,OP11-070]
[] Trash: [OP15-078]
[] Life: 3
[] Hand: [OP13-031,OP14-119,ST24-004,ST32-003,OP01-055,ST16-004]
[] Trash: [ST32-005]
[] Board: [OP12-034,OP14-033]
[] Life: 4
[Opponent] End Turn
[] Hand: [OP13-031,OP14-119,ST24-004,ST32-003,OP01-055,ST16-004]
[] Board: [OP12-034,OP14-033]
[] Trash: [ST32-005]
[] Life: 4
[] Hand: [OP11-067,OP11-067,OP08-069,ST34-002,OP08-069,ST18-001,PRB02-010,PRB02-010,ST34-002]
[] Trash: [OP15-078]
[] Board: [ST34-003,OP15-069,OP11-070]
[] Life: 3
RZ1|190|1|Don|9|0|5|0|1|1|1|0|0
RZ1|CHK|190|1|36|6|2|4|5|3|1|1|1|2
RZ1|191|1|Don|9|0|5|0|1|1|1|0|0
RZ1|CHK|191|1|36|6|2|4|5|4|1|1|1|1
RZ1|192|1|Don|9|0|5|0|1|1|1|0|0
RZ1|CHK|192|1|36|6|2|4|5|5|1|1|1|0
[You] Draw 1 Card
[] Drew card from deck: Perona ["OP14-033">OP14-033]
RZ1|193|1|OP14-033|0|35|1|6|1|1|0|0|0
RZ1|CHK|193|1|35|7|2|4|5|5|1|1|1|0
RZ1|194|1|Don|4|4|5|5|1|1|0|0|0
RZ1|CHK|194|1|35|7|2|4|4|6|1|1|1|0
RZ1|195|1|Don|4|3|5|6|1|1|0|0|0
RZ1|CHK|195|1|35|7|2|4|3|7|1|1|1|0
[You] Draw 2 Don
RZ1|196|1|Don|5|0|5|0|1|1|1|0|0
RZ1|CHK|196|1|35|7|2|4|3|7|1|1|1|0
RZ1|197|1|Don|5|1|5|1|1|1|1|0|0
RZ1|CHK|197|1|35|7|2|4|3|7|1|1|1|0
RZ1|198|1|Don|5|2|5|2|1|1|1|0|0
RZ1|CHK|198|1|35|7|2|4|3|7|1|1|1|0
RZ1|199|1|Don|5|3|5|3|1|1|1|0|0
RZ1|CHK|199|1|35|7|2|4|3|7|1|1|1|0
RZ1|200|1|Don|5|4|5|4|1|1|1|0|0
RZ1|CHK|200|1|35|7|2|4|3|7|1|1|1|0
RZ1|201|1|Don|5|5|5|5|1|1|1|0|0
RZ1|CHK|201|1|35|7|2|4|3|7|1|1|1|0
[You] Deploy Dracule Mihawk ["ST32-003">ST32-003]
RZ1|202|1|ST32-003|1|3|2|2|1|1|0|0|0
RZ1|CHK|202|1|35|6|3|4|3|7|1|1|1|0
RZ1|203|1|OP14-033|1|5|2|3|1|1|0|0|0
RZ1|CHK|203|1|35|5|4|4|3|7|1|1|1|0
[You] Dracule Mihawk ["ST32-003">ST32-003]: Deploy Perona ["OP14-033">OP14-033]
[You] Perona ["OP14-033">OP14-033]: Charlotte Pudding ["OP11-070">OP11-070] can't be rested until next turn ends
[You] Perona ["OP14-033">OP14-033]: Nola ["OP15-069">OP15-069] can't be rested until next turn ends
[You] Dracule Mihawk ["OP14-020">OP14-020]: Rest Dracule Mihawk ["ST32-003">ST32-003]
[You] Dracule Mihawk ["OP14-020">OP14-020]: Activate 1 Don
RZ1|204|1|Don|5|5|5|5|1|1|0|0|0
RZ1|CHK|204|1|35|5|4|4|3|7|1|1|1|0
[You] Dracule Mihawk ["OP14-020">OP14-020]: Activate 1 Don
RZ1|205|1|Don|5|4|5|4|1|1|0|0|0
RZ1|CHK|205|1|35|5|4|4|3|7|1|1|1|0
[You] Dracule Mihawk ["OP14-020">OP14-020]: Activate 1 Don
RZ1|206|1|Don|5|3|5|3|1|1|0|0|0
RZ1|CHK|206|1|35|5|4|4|3|7|1|1|1|0
[You] Dracule Mihawk ["OP14-020">OP14-020]: Can't play Cost 1 Or More Characters for the Turn!
[] Drew card from deck: Kin'emon ["ST32-001">ST32-001]
RZ1|207|1|ST32-001|0|34|1|5|1|1|0|0|0
RZ1|CHK|207|1|34|6|4|4|3|7|1|1|1|0
[You] Dracule Mihawk ["ST32-003">ST32-003]: Draw 1 Card
RZ1|208|1|ST32-001|1|5|6|1|1|1|0|0|0
RZ1|CHK|208|1|34|5|4|4|3|7|2|1|1|0
[You] Dracule Mihawk ["ST32-003">ST32-003]: Trash Kin'emon ["ST32-001">ST32-001]
[You] You Can Be My Samurai!!! ["OP01-055">OP01-055]: Rest Perona ["OP14-033">OP14-033]
[You] You Can Be My Samurai!!! ["OP01-055">OP01-055]: Rest Perona ["OP12-034">OP12-034]
[You] You Can Be My Samurai!!! ["OP01-055">OP01-055]: Draw 2 Card
[] Drew card from deck: Perona ["OP14-033">OP14-033]
RZ1|209|1|OP14-033|0|33|1|5|1|1|0|0|0
RZ1|CHK|209|1|33|6|4|4|3|7|2|1|1|0
[] Drew card from deck: Otama ["OP07-022">OP07-022]
RZ1|210|1|OP07-022|0|32|1|6|1|1|0|0|0
RZ1|CHK|210|1|32|7|4|4|3|7|2|1|1|0
RZ1|211|1|Don|5|3|5|3|1|1|1|0|0
RZ1|CHK|211|1|32|7|4|4|3|7|2|1|1|0
RZ1|212|1|OP01-055|1|3|6|2|1|1|0|0|0
RZ1|CHK|212|1|32|6|4|4|3|7|3|1|1|0
[You] Attach 1 Don to Perona ["OP14-033">OP14-033] (1 Total)
RZ1|213|1|Don|5|6|9|100|1|1|0|0|0
RZ1|CHK|213|1|32|6|4|4|3|6|3|1|1|1
[You] Perona ["OP14-033">OP14-033] attacking Charlotte Katakuri ["OP11-062">OP11-062]
Perona ["OP14-033">OP14-033][7000] vs Charlotte Katakuri ["OP11-062">OP11-062][5000]
Charlotte Katakuri ["OP11-062">OP11-062] hit for 1 damage
RZ1|214|2|OP15-078|3|2|1|9|1|1|0|0|0
RZ1|CHK|214|2|34|10|3|2|8|1|1|0|1|1
[You] Attach 1 Don to Dracule Mihawk ["OP14-020">OP14-020] (1 Total)
RZ1|215|1|Don|5|5|9|9900|1|1|0|0|0
RZ1|CHK|215|1|32|6|4|4|3|5|3|1|1|2
[You] Attach 1 Don to Dracule Mihawk ["OP14-020">OP14-020] (2 Total)
RZ1|216|1|Don|5|4|9|9901|1|1|0|0|0
RZ1|CHK|216|1|32|6|4|4|3|4|3|1|1|3
[You] Dracule Mihawk ["OP14-020">OP14-020] attacking Charlotte Katakuri ["OP11-062">OP11-062]
Dracule Mihawk ["OP14-020">OP14-020][7000] vs Charlotte Katakuri ["OP11-062">OP11-062][5000]
Charlotte Katakuri ["OP11-062">OP11-062] hit for 1 damage
RZ1|217|2|OP07-077|3|1|1|10|1|1|0|0|0
RZ1|CHK|217|2|34|11|3|1|8|1|1|0|1|1
[Opponent] We're Going to Claim the One Piece!!! ["OP07-077">OP07-077]: Activate Trigger
RZ1|218|2|OP07-077|1|10|6|1|1|1|0|0|0
RZ1|CHK|218|2|34|10|3|1|8|1|2|0|1|1
RZ1|219|2|ST34-005|0|30|1|10|1|1|0|0|0
RZ1|CHK|219|2|33|11|3|1|8|1|2|0|1|1
[Opponent] We're Going to Claim the One Piece!!! ["OP07-077">OP07-077]: <b>Reveal and Draw Baron Tamago & Pekoms ["ST34-005">ST34-005]</b>
[Opponent] Placing Cards on Bottom of Deck
RZ1|220|2|ST34-002|0|32|0|0|0|0|0|0|0
RZ1|CHK|220|2|33|11|3|1|8|1|2|0|1|1
RZ1|221|2|PRB02-010|0|32|0|0|0|0|0|0|0
RZ1|CHK|221|2|33|11|3|1|8|1|2|0|1|1
RZ1|222|2|ST34-001|0|32|0|0|0|0|0|0|0
RZ1|CHK|222|2|33|11|3|1|8|1|2|0|1|1
RZ1|223|2|OP15-069|0|32|0|0|0|0|0|0|0
RZ1|CHK|223|2|33|11|3|1|8|1|2|0|1|1
[You] Coffin Boat ["OP14-039">OP14-039]: Activate 1 Don
RZ1|224|1|Don|5|3|5|3|1|1|0|0|0
RZ1|CHK|224|1|32|6|4|4|3|4|3|1|1|3
[] Hand: [OP13-031,OP14-119,ST24-004,ST16-004,OP14-033,OP07-022]
[] Board: [OP12-034,OP14-033,ST32-003,OP14-033]
[] Trash: [ST32-005,ST32-001,OP01-055]
[] Life: 4
[] Hand: [OP11-067,OP11-067,OP08-069,ST34-002,OP08-069,ST18-001,PRB02-010,PRB02-010,ST34-002,OP15-078,ST34-005]
[] Trash: [OP15-078,OP07-077]
[] Board: [ST34-003,OP15-069,OP11-070]
[] Life: 1
[You] End Turn
[] Hand: [OP11-067,OP11-067,OP08-069,ST34-002,OP08-069,ST18-001,PRB02-010,PRB02-010,ST34-002,OP15-078,ST34-005]
[] Board: [ST34-003,OP15-069,OP11-070]
[] Trash: [OP15-078,OP07-077]
[] Life: 1
[] Hand: [OP13-031,OP14-119,ST24-004,ST16-004,OP14-033,OP07-022]
[] Trash: [ST32-005,ST32-001,OP01-055]
[] Board: [OP12-034,OP14-033,ST32-003,OP14-033]
[] Life: 4
RZ1|225|2|Don|9|200|5|0|1|1|1|0|0
RZ1|CHK|225|2|33|11|3|1|8|2|2|0|1|0
[Opponent] Draw 1 Card
[] Drew card from deck: Charlotte Linlin ["OP08-069">OP08-069]
RZ1|226|2|OP08-069|0|32|1|11|1|1|0|0|0
RZ1|CHK|226|2|32|12|3|1|8|2|2|0|1|0
RZ1|227|2|Don|4|7|5|2|1|1|0|0|0
RZ1|CHK|227|2|32|12|3|1|7|3|2|0|1|0
RZ1|228|2|Don|4|6|5|3|1|1|0|0|0
RZ1|CHK|228|2|32|12|3|1|6|4|2|0|1|0
[Opponent] Draw 2 Don
RZ1|229|2|Don|5|0|5|0|1|1|1|0|0
RZ1|CHK|229|2|32|12|3|1|6|4|2|0|1|0
RZ1|230|2|Don|5|1|5|1|1|1|1|0|0
RZ1|CHK|230|2|32|12|3|1|6|4|2|0|1|0
RZ1|231|2|Don|5|2|5|2|1|1|1|0|0
RZ1|CHK|231|2|32|12|3|1|6|4|2|0|1|0
RZ1|232|2|Don|5|3|5|3|1|1|1|0|0
RZ1|CHK|232|2|32|12|3|1|6|4|2|0|1|0
[Opponent] Deploy Charlotte Cracker ["ST34-002">ST34-002]
RZ1|233|2|ST34-002|1|3|2|3|1|1|0|0|0
RZ1|CHK|233|2|32|11|4|1|6|4|2|0|1|0
Charlotte Cracker ["ST34-002">ST34-002]: Draw 1 Rested Don
RZ1|234|2|Don|4|5|5|0|1|1|1|0|0
RZ1|CHK|234|2|32|11|4|1|5|5|2|0|1|0
[Opponent] Charlotte Cracker ["ST34-002">ST34-002]: Destroy Perona ["OP12-034">OP12-034]
RZ1|235|1|OP12-034|2|0|6|3|1|1|0|0|0
RZ1|CHK|235|1|32|6|3|4|3|4|4|1|1|3
[Opponent] Charlotte Katakuri ["OP11-062">OP11-062] attacking Dracule Mihawk ["OP14-020">OP14-020]
Charlotte Katakuri ["OP11-062">OP11-062][5000] vs Dracule Mihawk ["OP14-020">OP14-020][5000]
Dracule Mihawk ["OP14-020">OP14-020] hit for 1 damage
RZ1|236|1|OP06-038|3|3|1|6|1|1|0|0|0
RZ1|CHK|236|1|32|7|3|3|3|4|4|1|1|3
[You] Billion-fold World Trichiliocosm ["OP06-038">OP06-038]: Activate Trigger
RZ1|237|1|OP06-038|1|6|6|4|1|1|0|0|0
RZ1|CHK|237|1|32|6|3|3|3|4|5|1|1|3
[] Hand: [OP11-067,OP11-067,OP08-069,OP08-069,ST18-001,PRB02-010,PRB02-010,ST34-002,OP15-078,ST34-005,OP08-069]
[] Board: [ST34-003,OP15-069,OP11-070,ST34-002]
[] Trash: [OP15-078,OP07-077]
[] Life: 1
[] Hand: [OP13-031,OP14-119,ST24-004,ST16-004,OP14-033,OP07-022]
[] Trash: [ST32-005,ST32-001,OP01-055,OP12-034,OP06-038]
[] Board: [OP14-033,ST32-003,OP14-033]
[] Life: 3
[Opponent] End Turn
[] Hand: [OP13-031,OP14-119,ST24-004,ST16-004,OP14-033,OP07-022]
[] Board: [OP14-033,ST32-003,OP14-033]
[] Trash: [ST32-005,ST32-001,OP01-055,OP12-034,OP06-038]
[] Life: 3
[] Hand: [OP11-067,OP11-067,OP08-069,OP08-069,ST18-001,PRB02-010,PRB02-010,ST34-002,OP15-078,ST34-005,OP08-069]
[] Trash: [OP15-078,OP07-077]
[] Board: [ST34-003,OP15-069,OP11-070,ST34-002]
[] Life: 1
RZ1|238|1|Don|9|9900|5|0|1|1|1|0|0
RZ1|CHK|238|1|32|6|3|3|3|5|5|1|1|2
RZ1|239|1|Don|9|9900|5|0|1|1|1|0|0
RZ1|CHK|239|1|32|6|3|3|3|6|5|1|1|1
RZ1|240|1|Don|9|0|5|0|1|1|1|0|0
RZ1|CHK|240|1|32|6|3|3|3|7|5|1|1|0
[You] Draw 1 Card
[] Drew card from deck: Otama ["OP07-022">OP07-022]
RZ1|241|1|OP07-022|0|31|1|6|1|1|0|0|0
RZ1|CHK|241|1|31|7|3|3|3|7|5|1|1|0
RZ1|242|1|Don|4|2|5|7|1|1|0|0|0
RZ1|CHK|242|1|31|7|3|3|2|8|5|1|1|0
RZ1|243|1|Don|4|1|5|8|1|1|0|0|0
RZ1|CHK|243|1|31|7|3|3|1|9|5|1|1|0
[You] Draw 2 Don
RZ1|244|1|Don|5|0|5|0|1|1|1|0|0
RZ1|CHK|244|1|31|7|3|3|1|9|5|1|1|0
RZ1|245|1|Don|5|1|5|1|1|1|1|0|0
RZ1|CHK|245|1|31|7|3|3|1|9|5|1|1|0
RZ1|246|1|Don|5|2|5|2|1|1|1|0|0
RZ1|CHK|246|1|31|7|3|3|1|9|5|1|1|0
RZ1|247|1|Don|5|3|5|3|1|1|1|0|0
RZ1|CHK|247|1|31|7|3|3|1|9|5|1|1|0
RZ1|248|1|Don|5|4|5|4|1|1|1|0|0
RZ1|CHK|248|1|31|7|3|3|1|9|5|1|1|0
RZ1|249|1|Don|5|5|5|5|1|1|1|0|0
RZ1|CHK|249|1|31|7|3|3|1|9|5|1|1|0
RZ1|250|1|Don|5|6|5|6|1|1|1|0|0
RZ1|CHK|250|1|31|7|3|3|1|9|5|1|1|0
RZ1|251|1|Don|5|7|5|7|1|1|1|0|0
RZ1|CHK|251|1|31|7|3|3|1|9|5|1|1|0
RZ1|252|1|Don|5|8|5|8|1|1|1|0|0
RZ1|CHK|252|1|31|7|3|3|1|9|5|1|1|0
[You] Deploy Dracule Mihawk ["OP14-119">OP14-119]
RZ1|253|1|OP14-119|1|1|2|3|1|1|0|0|0
RZ1|CHK|253|1|31|6|4|3|1|9|5|1|1|0
[You] Dracule Mihawk ["OP14-020">OP14-020]: Rest Dracule Mihawk ["OP14-119">OP14-119]
[You] Dracule Mihawk ["OP14-020">OP14-020]: Activate 1 Don
RZ1|254|1|Don|5|8|5|8|1|1|0|0|0
RZ1|CHK|254|1|31|6|4|3|1|9|5|1|1|0
[You] Dracule Mihawk ["OP14-020">OP14-020]: Activate 1 Don
RZ1|255|1|Don|5|7|5|7|1|1|0|0|0
RZ1|CHK|255|1|31|6|4|3|1|9|5|1|1|0
[You] Dracule Mihawk ["OP14-020">OP14-020]: Activate 1 Don
RZ1|256|1|Don|5|6|5|6|1|1|0|0|0
RZ1|CHK|256|1|31|6|4|3|1|9|5|1|1|0
[You] Dracule Mihawk ["OP14-020">OP14-020]: Can't play Cost 1 Or More Characters for the Turn!
[You] Dracule Mihawk ["OP14-119">OP14-119]: Charlotte Cracker ["ST34-002">ST34-002] can't be rested until next turn ends
[You] Attach 1 Don to Perona ["OP14-033">OP14-033] (1 Total)
RZ1|257|1|Don|5|8|9|200|1|1|0|0|0
RZ1|CHK|257|1|31|6|4|3|1|8|5|1|1|1
[You] Perona ["OP14-033">OP14-033] attacking Charlotte Katakuri ["OP11-062">OP11-062]
[Opponent] Discard Charlotte Pudding ["PRB02-010">PRB02-010] for Counter 1000
RZ1|258|2|PRB02-010|1|5|6|2|1|1|0|0|0
RZ1|CHK|258|2|32|10|4|1|5|5|3|0|1|0
[Opponent] Discard Charlotte Pudding ["PRB02-010">PRB02-010] for Counter 1000
RZ1|259|2|PRB02-010|1|5|6|3|1|1|0|0|0
RZ1|CHK|259|2|32|9|4|1|5|5|4|0|1|0
[Opponent] Discard Baron Tamago & Pekoms ["ST34-005">ST34-005] for Counter 2000
RZ1|260|2|ST34-005|1|7|6|4|1|1|0|0|0
RZ1|CHK|260|2|32|8|4|1|5|5|5|0|1|0
Perona ["OP14-033">OP14-033][7000] vs Charlotte Katakuri ["OP11-062">OP11-062][9000]
Attack Fails
[You] Attach 1 Don to Perona ["OP14-033">OP14-033] (1 Total)
RZ1|261|1|Don|5|7|9|0|1|1|0|0|0
RZ1|CHK|261|1|31|6|4|3|1|7|5|1|1|2
[You] Perona ["OP14-033">OP14-033] attacking Charlotte Katakuri ["OP11-062">OP11-062]
[Opponent] Discard Charlotte Cracker ["ST34-002">ST34-002] for Counter 1000
RZ1|262|2|ST34-002|1|5|6|5|1|1|0|0|0
RZ1|CHK|262|2|32|7|4|1|5|5|6|0|1|0
[Opponent] Discard Usohachi ["ST18-001">ST18-001] for Counter 2000
RZ1|263|2|ST18-001|1|4|6|6|1|1|0|0|0
RZ1|CHK|263|2|32|6|4|1|5|5|7|0|1|0
Perona ["OP14-033">OP14-033][7000] vs Charlotte Katakuri ["OP11-062">OP11-062][8000]
Attack Fails
[You] Attach 1 Don to Dracule Mihawk ["OP14-020">OP14-020] (1 Total)
RZ1|264|1|Don|5|6|9|9900|1|1|0|0|0
RZ1|CHK|264|1|31|6|4|3|1|6|5|1|1|3
[You] Dracule Mihawk ["OP14-020">OP14-020] attacking Charlotte Katakuri ["OP11-062">OP11-062]
Dracule Mihawk ["OP14-020">OP14-020][6000] vs Charlotte Katakuri ["OP11-062">OP11-062][5000]
Charlotte Katakuri ["OP11-062">OP11-062] hit for 1 damage
RZ1|265|2|OP11-070|3|0|1|6|1|1|0|0|0
RZ1|CHK|265|2|32|7|4|0|5|5|7|0|1|0
[You] Dracule Mihawk ["ST32-003">ST32-003] attacking Charlotte Katakuri ["OP11-062">OP11-062]
[] Drew card from deck: Dracule Mihawk ["ST32-003">ST32-003]
RZ1|266|1|ST32-003|0|30|1|6|1|1|0|0|0
RZ1|CHK|266|1|30|7|4|3|1|6|5|1|1|3
[You] Dracule Mihawk ["ST32-003">ST32-003]: Draw 1 Card
RZ1|267|1|ST32-003|1|6|6|5|1|1|0|0|0
RZ1|CHK|267|1|30|6|4|3|1|6|6|1|1|3
[You] Dracule Mihawk ["ST32-003">ST32-003]: Trash Dracule Mihawk ["ST32-003">ST32-003]
Dracule Mihawk ["ST32-003">ST32-003][7000] vs Charlotte Katakuri ["OP11-062">OP11-062][5000]
Charlotte Katakuri ["OP11-062">OP11-062] hit for 1 damage
[Opponent] <b>Downloaded the Combat Log!</b>
GameOver
