Version is 1.41b.27
[You] Leader is Dracule Mihawk ["OP14-020">OP14-020]
[Opponent] Leader is Charlotte Katakuri ["OP11-062">OP11-062]
RZ1|5|2|OP15-069|0|5|0|0|0|0|0|0|0
RZ1|CHK|5|2|50|0|0|0|10|0|0|0|1|0
RZ1|6|2|OP15-078|0|42|0|1|0|0|0|0|0
RZ1|CHK|6|2|50|0|0|0|10|0|0|0|1|0
RZ1|7|2|ST34-001|0|24|0|2|0|0|0|0|0
RZ1|CHK|7|2|50|0|0|0|10|0|0|0|1|0
RZ1|8|2|ST34-004|0|38|0|3|0|0|0|0|0
RZ1|CHK|8|2|50|0|0|0|10|0|0|0|1|0
RZ1|9|2|OP13-076|0|42|0|4|0|0|0|0|0
RZ1|CHK|9|2|50|0|0|0|10|0|0|0|1|0
RZ1|10|2|OP15-069|0|10|0|6|0|0|0|0|0
RZ1|CHK|10|2|50|0|0|0|10|0|0|0|1|0
RZ1|11|2|ST34-001|0|25|0|7|0|0|0|0|0
RZ1|CHK|11|2|50|0|0|0|10|0|0|0|1|0
RZ1|12|2|ST34-002|0|24|0|8|0|0|0|0|0
RZ1|CHK|12|2|50|0|0|0|10|0|0|0|1|0
RZ1|13|2|OP07-077|0|48|0|9|0|0|0|0|0
RZ1|CHK|13|2|50|0|0|0|10|0|0|0|1|0
RZ1|14|2|OP11-067|0|36|0|10|0|0|0|0|0
RZ1|CHK|14|2|50|0|0|0|10|0|0|0|1|0
RZ1|15|2|OP15-078|0|46|0|11|0|0|0|0|0
RZ1|CHK|15|2|50|0|0|0|10|0|0|0|1|0
RZ1|16|2|ST34-004|0|42|0|12|0|0|0|0|0
RZ1|CHK|16|2|50|0|0|0|10|0|0|0|1|0
RZ1|17|2|PRB02-010|0|35|0|13|0|0|0|0|0
RZ1|CHK|17|2|50|0|0|0|10|0|0|0|1|0
RZ1|18|2|OP15-078|0|46|0|14|0|0|0|0|0
RZ1|CHK|18|2|50|0|0|0|10|0|0|0|1|0
RZ1|19|2|ST34-005|0|25|0|15|0|0|0|0|0
RZ1|CHK|19|2|50|0|0|0|10|0|0|0|1|0
RZ1|20|2|OP11-073|0|43|0|16|0|0|0|0|0
RZ1|CHK|20|2|50|0|0|0|10|0|0|0|1|0
RZ1|21|2|OP07-077|0|49|0|17|0|0|0|0|0
RZ1|CHK|21|2|50|0|0|0|10|0|0|0|1|0
RZ1|22|2|ST34-002|0|33|0|18|0|0|0|0|0
RZ1|CHK|22|2|50|0|0|0|10|0|0|0|1|0
RZ1|23|2|OP11-070|0|20|0|19|0|0|0|0|0
RZ1|CHK|23|2|50|0|0|0|10|0|0|0|1|0
RZ1|24|2|OP11-070|0|21|0|20|0|0|0|0|0
RZ1|CHK|24|2|50|0|0|0|10|0|0|0|1|0
RZ1|25|2|OP11-067|0|39|0|21|0|0|0|0|0
RZ1|CHK|25|2|50|0|0|0|10|0|0|0|1|0
RZ1|26|2|OP15-078|0|47|0|22|0|0|0|0|0
RZ1|CHK|26|2|50|0|0|0|10|0|0|0|1|0
RZ1|27|2|ST34-005|0|33|0|23|0|0|0|0|0
RZ1|CHK|27|2|50|0|0|0|10|0|0|0|1|0
RZ1|28|2|ST34-003|0|28|0|24|0|0|0|0|0
RZ1|CHK|28|2|50|0|0|0|10|0|0|0|1|0
RZ1|29|2|OP08-069|0|43|0|25|0|0|0|0|0
RZ1|CHK|29|2|50|0|0|0|10|0|0|0|1|0
RZ1|30|2|ST34-004|0|46|0|26|0|0|0|0|0
RZ1|CHK|30|2|50|0|0|0|10|0|0|0|1|0
RZ1|31|2|ST34-003|0|30|0|27|0|0|0|0|0
RZ1|CHK|31|2|50|0|0|0|10|0|0|0|1|0
RZ1|32|2|ST34-005|0|35|0|28|0|0|0|0|0
RZ1|CHK|32|2|50|0|0|0|10|0|0|0|1|0
RZ1|33|2|OP07-077|0|48|0|29|0|0|0|0|0
RZ1|CHK|33|2|50|0|0|0|10|0|0|0|1|0
RZ1|34|2|PRB02-010|0|43|0|30|0|0|0|0|0
RZ1|CHK|34|2|50|0|0|0|10|0|0|0|1|0
RZ1|35|2|ST34-003|0|34|0|31|0|0|0|0|0
RZ1|CHK|35|2|50|0|0|0|10|0|0|0|1|0
RZ1|36|2|OP11-067|0|45|0|32|0|0|0|0|0
RZ1|CHK|36|2|50|0|0|0|10|0|0|0|1|0
RZ1|37|2|OP08-069|0|47|0|33|0|0|0|0|0
RZ1|CHK|37|2|50|0|0|0|10|0|0|0|1|0
RZ1|38|2|ST34-001|0|42|0|34|0|0|0|0|0
RZ1|CHK|38|2|50|0|0|0|10|0|0|0|1|0
RZ1|39|2|ST34-003|0|37|0|35|0|0|0|0|0
RZ1|CHK|39|2|50|0|0|0|10|0|0|0|1|0
RZ1|40|2|OP15-069|0|37|0|36|0|0|0|0|0
RZ1|CHK|40|2|50|0|0|0|10|0|0|0|1|0
RZ1|41|2|ST34-004|0|48|0|37|0|0|0|0|0
RZ1|CHK|41|2|50|0|0|0|10|0|0|0|1|0
RZ1|42|2|ST34-002|0|42|0|38|0|0|0|0|0
RZ1|CHK|42|2|50|0|0|0|10|0|0|0|1|0
RZ1|43|2|OP07-077|0|49|0|39|0|0|0|0|0
RZ1|CHK|43|2|50|0|0|0|10|0|0|0|1|0
RZ1|44|2|ST34-001|0|45|0|40|0|0|0|0|0
RZ1|CHK|44|2|50|0|0|0|10|0|0|0|1|0
RZ1|45|2|OP08-069|0|49|0|41|0|0|0|0|0
RZ1|CHK|45|2|50|0|0|0|10|0|0|0|1|0
RZ1|46|2|ST18-001|0|44|0|42|0|0|0|0|0
RZ1|CHK|46|2|50|0|0|0|10|0|0|0|1|0
RZ1|47|2|PRB02-010|0|47|0|43|0|0|0|0|0
RZ1|CHK|47|2|50|0|0|0|10|0|0|0|1|0
RZ1|48|2|ST18-001|0|45|0|44|0|0|0|0|0
RZ1|CHK|48|2|50|0|0|0|10|0|0|0|1|0
RZ1|49|2|ST34-005|0|46|0|45|0|0|0|0|0
RZ1|CHK|49|2|50|0|0|0|10|0|0|0|1|0
RZ1|50|2|ST34-002|0|47|0|46|0|0|0|0|0
RZ1|CHK|50|2|50|0|0|0|10|0|0|0|1|0
RZ1|51|2|PRB02-010|0|48|0|47|0|0|0|0|0
RZ1|CHK|51|2|50|0|0|0|10|0|0|0|1|0
[] Drew card from deck: Otama ["OP07-022">OP07-022]
RZ1|52|1|OP07-022|0|49|1|0|1|1|0|0|0
RZ1|CHK|52|1|49|1|0|0|10|0|0|0|1|0
[] Drew card from deck: Demonic Aura Nine-Sword Style Asura Dead Man's Game ["OP12-037">OP12-037]
RZ1|53|1|OP12-037|0|48|1|1|1|1|0|0|0
RZ1|CHK|53|1|48|2|0|0|10|0|0|0|1|0
[] Drew card from deck: You Can Be My Samurai!!! ["OP01-055">OP01-055]
RZ1|54|1|OP01-055|0|47|1|2|1|1|0|0|0
RZ1|CHK|54|1|47|3|0|0|10|0|0|0|1|0
[] Drew card from deck: Dracule Mihawk ["ST32-003">ST32-003]
RZ1|55|1|ST32-003|0|46|1|3|1|1|0|0|0
RZ1|CHK|55|1|46|4|0|0|10|0|0|0|1|0
[] Drew card from deck: Dracule Mihawk ["ST32-003">ST32-003]
RZ1|56|1|ST32-003|0|45|1|4|1|1|0|0|0
RZ1|CHK|56|1|45|5|0|0|10|0|0|0|1|0
[] Drew card from deck: Charlotte Katakuri ["OP11-067">OP11-067]
RZ1|57|2|OP11-067|0|49|1|0|1|1|0|0|0
RZ1|CHK|57|2|49|1|0|0|10|0|0|0|1|0
[] Drew card from deck: Charlotte Pudding ["OP11-070">OP11-070]
RZ1|58|2|OP11-070|0|48|1|1|1|1|0|0|0
RZ1|CHK|58|2|48|2|0|0|10|0|0|0|1|0
[] Drew card from deck: Charlotte Pudding ["PRB02-010">PRB02-010]
RZ1|59|2|PRB02-010|0|47|1|2|1|1|0|0|0
RZ1|CHK|59|2|47|3|0|0|10|0|0|0|1|0
[] Drew card from deck: Charlotte Cracker ["ST34-002">ST34-002]
RZ1|60|2|ST34-002|0|46|1|3|1|1|0|0|0
RZ1|CHK|60|2|46|4|0|0|10|0|0|0|1|0
[] Drew card from deck: Baron Tamago & Pekoms ["ST34-005">ST34-005]
RZ1|61|2|ST34-005|0|45|1|4|1|1|0|0|0
RZ1|CHK|61|2|45|5|0|0|10|0|0|0|1|0
RZ1|62|1|OP07-022|1|0|0|45|0|0|0|0|0
RZ1|CHK|62|1|46|4|0|0|10|0|0|0|1|0
RZ1|63|1|OP12-037|1|0|0|46|0|0|0|0|0
RZ1|CHK|63|1|47|3|0|0|10|0|0|0|1|0
RZ1|64|1|OP01-055|1|0|0|47|0|0|0|0|0
RZ1|CHK|64|1|48|2|0|0|10|0|0|0|1|0
RZ1|65|1|ST32-003|1|0|0|48|0|0|0|0|0
RZ1|CHK|65|1|49|1|0|0|10|0|0|0|1|0
RZ1|66|1|ST32-003|1|0|0|49|0|0|0|0|0
RZ1|CHK|66|1|50|0|0|0|10|0|0|0|1|0
RZ1|67|1|OP14-119|0|30|0|0|0|0|0|0|0
RZ1|CHK|67|1|50|0|0|0|10|0|0|0|1|0
RZ1|68|1|ST32-003|0|48|0|1|0|0|0|0|0
RZ1|CHK|68|1|50|0|0|0|10|0|0|0|1|0
RZ1|69|1|OP07-022|0|46|0|2|0|0|0|0|0
RZ1|CHK|69|1|50|0|0|0|10|0|0|0|1|0
RZ1|70|1|OP01-055|0|31|0|3|0|0|0|0|0
RZ1|CHK|70|1|50|0|0|0|10|0|0|0|1|0
RZ1|71|1|OP01-055|0|46|0|4|0|0|0|0|0
RZ1|CHK|71|1|50|0|0|0|10|0|0|0|1|0
RZ1|72|1|ST32-003|0|43|0|5|0|0|0|0|0
RZ1|CHK|72|1|50|0|0|0|10|0|0|0|1|0
RZ1|73|1|OP06-038|0|40|0|6|0|0|0|0|0
RZ1|CHK|73|1|50|0|0|0|10|0|0|0|1|0
RZ1|74|1|ST32-002|0|29|0|7|0|0|0|0|0
RZ1|CHK|74|1|50|0|0|0|10|0|0|0|1|0
RZ1|75|1|OP14-033|0|36|0|8|0|0|0|0|0
RZ1|CHK|75|1|50|0|0|0|10|0|0|0|1|0
RZ1|76|1|ST24-004|0|37|0|9|0|0|0|0|0
RZ1|CHK|76|1|50|0|0|0|10|0|0|0|1|0
RZ1|77|1|OP14-023|0|24|0|10|0|0|0|0|0
RZ1|CHK|77|1|50|0|0|0|10|0|0|0|1|0
RZ1|78|1|ST24-004|0|36|0|11|0|0|0|0|0
RZ1|CHK|78|1|50|0|0|0|10|0|0|0|1|0
RZ1|79|1|OP12-034|0|37|0|12|0|0|0|0|0
RZ1|CHK|79|1|50|0|0|0|10|0|0|0|1|0
RZ1|80|1|ST32-002|0|14|0|13|0|0|0|0|0
RZ1|CHK|80|1|50|0|0|0|10|0|0|0|1|0
RZ1|81|1|OP12-037|0|22|0|14|0|0|0|0|0
RZ1|CHK|81|1|50|0|0|0|10|0|0|0|1|0
RZ1|82|1|OP14-033|0|31|0|15|0|0|0|0|0
RZ1|CHK|82|1|50|0|0|0|10|0|0|0|1|0
RZ1|83|1|ST32-001|0|17|0|16|0|0|0|0|0
RZ1|CHK|83|1|50|0|0|0|10|0|0|0|1|0
RZ1|84|1|OP07-022|0|21|0|17|0|0|0|0|0
RZ1|CHK|84|1|50|0|0|0|10|0|0|0|1|0
RZ1|85|1|OP07-022|0|23|0|18|0|0|0|0|0
RZ1|CHK|85|1|50|0|0|0|10|0|0|0|1|0
RZ1|86|1|OP12-034|0|40|0|19|0|0|0|0|0
RZ1|CHK|86|1|50|0|0|0|10|0|0|0|1|0
RZ1|87|1|ST32-005|0|45|0|21|0|0|0|0|0
RZ1|CHK|87|1|50|0|0|0|10|0|0|0|1|0
RZ1|88|1|OP13-031|0|29|0|22|0|0|0|0|0
RZ1|CHK|88|1|50|0|0|0|10|0|0|0|1|0
RZ1|89|1|ST32-003|0|46|0|23|0|0|0|0|0
RZ1|CHK|89|1|50|0|0|0|10|0|0|0|1|0
RZ1|90|1|ST16-004|0|36|0|24|0|0|0|0|0
RZ1|CHK|90|1|50|0|0|0|10|0|0|0|1|0
RZ1|91|1|OP12-034|0|39|0|25|0|0|0|0|0
RZ1|CHK|91|1|50|0|0|0|10|0|0|0|1|0
RZ1|92|1|OP10-030|0|38|0|26|0|0|0|0|0
RZ1|CHK|92|1|50|0|0|0|10|0|0|0|1|0
RZ1|93|1|OP12-034|0|29|0|27|0|0|0|0|0
RZ1|CHK|93|1|50|0|0|0|10|0|0|0|1|0
RZ1|94|1|ST32-003|0|49|0|29|0|0|0|0|0
RZ1|CHK|94|1|50|0|0|0|10|0|0|0|1|0
RZ1|95|1|OP14-023|0|34|0|30|0|0|0|0|0
RZ1|CHK|95|1|50|0|0|0|10|0|0|0|1|0
RZ1|96|1|ST32-002|0|46|0|31|0|0|0|0|0
RZ1|CHK|96|1|50|0|0|0|10|0|0|0|1|0
RZ1|97|1|OP07-022|0|35|0|32|0|0|0|0|0
RZ1|CHK|97|1|50|0|0|0|10|0|0|0|1|0
RZ1|98|1|OP14-023|0|43|0|33|0|0|0|0|0
RZ1|CHK|98|1|50|0|0|0|10|0|0|0|1|0
RZ1|99|1|OP14-039|0|39|0|34|0|0|0|0|0
RZ1|CHK|99|1|50|0|0|0|10|0|0|0|1|0
RZ1|100|1|OP12-037|0|48|0|35|0|0|0|0|0
RZ1|CHK|100|1|50|0|0|0|10|0|0|0|1|0
RZ1|101|1|OP01-055|0|49|0|36|0|0|0|0|0
RZ1|CHK|101|1|50|0|0|0|10|0|0|0|1|0
RZ1|102|1|OP14-119|0|48|0|37|0|0|0|0|0
RZ1|CHK|102|1|50|0|0|0|10|0|0|0|1|0
RZ1|103|1|ST32-001|0|39|0|38|0|0|0|0|0
RZ1|CHK|103|1|50|0|0|0|10|0|0|0|1|0
RZ1|104|1|OP13-031|0|45|0|39|0|0|0|0|0
RZ1|CHK|104|1|50|0|0|0|10|0|0|0|1|0
RZ1|105|1|ST24-004|0|44|0|40|0|0|0|0|0
RZ1|CHK|105|1|50|0|0|0|10|0|0|0|1|0
RZ1|106|1|OP06-038|0|46|0|42|0|0|0|0|0
RZ1|CHK|106|1|50|0|0|0|10|0|0|0|1|0
RZ1|107|1|ST32-002|0|47|0|43|0|0|0|0|0
RZ1|CHK|107|1|50|0|0|0|10|0|0|0|1|0
RZ1|108|1|OP14-033|0|45|0|44|0|0|0|0|0
RZ1|CHK|108|1|50|0|0|0|10|0|0|0|1|0
RZ1|109|1|OP14-023|0|47|0|45|0|0|0|0|0
RZ1|CHK|109|1|50|0|0|0|10|0|0|0|1|0
RZ1|110|1|OP01-055|0|47|0|46|0|0|0|0|0
RZ1|CHK|110|1|50|0|0|0|10|0|0|0|1|0
RZ1|111|1|OP12-037|0|49|0|48|0|0|0|0|0
RZ1|CHK|111|1|50|0|0|0|10|0|0|0|1|0
[] Drew card from deck: Kin'emon ["ST32-001">ST32-001]
RZ1|112|1|ST32-001|0|49|1|0|1|1|0|0|0
RZ1|CHK|112|1|49|1|0|0|10|0|0|0|1|0
[] Drew card from deck: Demonic Aura Nine-Sword Style Asura Dead Man's Game ["OP12-037">OP12-037]
RZ1|113|1|OP12-037|0|48|1|1|1|1|0|0|0
RZ1|CHK|113|1|48|2|0|0|10|0|0|0|1|0
[] Drew card from deck: Kin'emon ["ST32-001">ST32-001]
RZ1|114|1|ST32-001|0|47|1|2|1|1|0|0|0
RZ1|CHK|114|1|47|3|0|0|10|0|0|0|1|0
[] Drew card from deck: You Can Be My Samurai!!! ["OP01-055">OP01-055]
RZ1|115|1|OP01-055|0|46|1|3|1|1|0|0|0
RZ1|CHK|115|1|46|4|0|0|10|0|0|0|1|0
[] Drew card from deck: Kikunojo ["OP14-023">OP14-023]
RZ1|116|1|OP14-023|0|45|1|4|1|1|0|0|0
RZ1|CHK|116|1|45|5|0|0|10|0|0|0|1|0
RZ1|117|1|OP14-033|0|44|3|0|1|0|0|0|0
RZ1|CHK|117|1|44|5|0|1|10|0|0|0|1|0
RZ1|118|1|ST32-002|0|43|3|1|1|0|0|0|0
RZ1|CHK|118|1|43|5|0|2|10|0|0|0|1|0
RZ1|119|1|OP06-038|0|42|3|2|1|0|0|0|0
RZ1|CHK|119|1|42|5|0|3|10|0|0|0|1|0
RZ1|120|1|ST32-005|0|41|3|3|1|0|0|0|0
RZ1|CHK|120|1|41|5|0|4|10|0|0|0|1|0
RZ1|121|1|ST24-004|0|40|3|4|1|0|0|0|0
RZ1|CHK|121|1|40|5|0|5|10|0|0|0|1|0
[] Hand after Mulligan: [ST32-001,OP12-037,ST32-001,OP01-055,OP14-023]
[You] Mulligan
RZ1|122|2|ST18-001|0|44|3|0|0|1|0|0|0
RZ1|CHK|122|2|44|5|0|1|10|0|0|0|1|0
RZ1|123|2|PRB02-010|0|43|3|1|0|1|0|0|0
RZ1|CHK|123|2|43|5|0|2|10|0|0|0|1|0
RZ1|124|2|ST18-001|0|42|3|2|0|1|0|0|0
RZ1|CHK|124|2|42|5|0|3|10|0|0|0|1|0
RZ1|125|2|OP08-069|0|41|3|3|0|1|0|0|0
RZ1|CHK|125|2|41|5|0|4|10|0|0|0|1|0
RZ1|126|2|ST34-001|0|40|3|4|0|1|0|0|0
RZ1|CHK|126|2|40|5|0|5|10|0|0|0|1|0
[] Hand: [ST32-001,OP12-037,ST32-001,OP01-055,OP14-023]
[] Board: []
[] Trash: []
[] Life: 5
[] Hand: [OP11-067,OP11-070,PRB02-010,ST34-002,ST34-005]
[] Trash: []
[] Board: []
[] Life: 5
RZ1|127|1|Don|4|9|5|0|1|1|0|0|0
RZ1|CHK|127|1|40|5|0|5|9|1|0|0|1|0
[You] Draw 1 Don
RZ1|128|1|Don|5|0|5|0|1|1|1|0|0
RZ1|CHK|128|1|40|5|0|5|9|1|0|0|1|0
[You] Deploy Kikunojo ["OP14-023">OP14-023]
RZ1|129|1|OP14-023|1|4|2|0|1|1|0|0|0
RZ1|CHK|129|1|40|4|1|5|9|1|0|0|1|0
[You] Kikunojo ["OP14-023">OP14-023]: Set Kikunojo ["OP14-023">OP14-023] to Active
[] Hand: [ST32-001,OP12-037,ST32-001,OP01-055]
[] Board: [OP14-023]
[] Trash: []
[] Life: 5
[] Hand: [OP11-067,OP11-070,PRB02-010,ST34-002,ST34-005]
[] Trash: []
[] Board: []
[] Life: 5
[You] End Turn
[] Hand: [OP11-067,OP11-070,PRB02-010,ST34-002,ST34-005]
[] Board: []
[] Trash: []
[] Life: 5
[] Hand: [ST32-001,OP12-037,ST32-001,OP01-055]
[] Trash: []
[] Board: [OP14-023]
[] Life: 5
[Opponent] Draw 1 Card
[] Drew card from deck: We're Going to Claim the One Piece!!! ["OP07-077">OP07-077]
RZ1|130|2|OP07-077|0|39|1|5|1|1|0|0|0
RZ1|CHK|130|2|39|6|0|5|10|0|0|0|1|0
RZ1|131|2|Don|4|9|5|0|1|1|0|0|0
RZ1|CHK|131|2|39|6|0|5|9|1|0|0|1|0
RZ1|132|2|Don|4|8|5|1|1|1|0|0|0
RZ1|CHK|132|2|39|6|0|5|8|2|0|0|1|0
[Opponent] Draw 2 Don
RZ1|133|2|Don|5|0|5|0|1|1|1|0|0
RZ1|CHK|133|2|39|6|0|5|8|2|0|0|1|0
[Opponent] Deploy Charlotte Pudding ["OP11-070">OP11-070]
RZ1|134|2|OP11-070|1|1|2|0|1|1|0|0|0
RZ1|CHK|134|2|39|5|1|5|8|2|0|0|1|0
RZ1|135|2|ST34-002|0|38|1|5|1|1|0|0|0
RZ1|CHK|135|2|38|6|1|5|8|2|0|0|1|0
[Opponent] Charlotte Pudding ["OP11-070">OP11-070]: <b>Reveal and Draw Charlotte Cracker ["ST34-002">ST34-002]</b>
[Opponent] Placing Cards on Bottom of Deck
RZ1|136|2|ST34-004|0|37|0|0|0|0|0|0|0
RZ1|CHK|136|2|38|6|1|5|8|2|0|0|1|0
RZ1|137|2|OP15-069|0|37|0|0|0|0|0|0|0
RZ1|CHK|137|2|38|6|1|5|8|2|0|0|1|0
RZ1|138|2|ST34-003|0|37|0|0|0|0|0|0|0
RZ1|CHK|138|2|38|6|1|5|8|2|0|0|1|0
RZ1|139|2|ST34-001|0|37|0|0|0|0|0|0|0
RZ1|CHK|139|2|38|6|1|5|8|2|0|0|1|0
[Opponent] We're Going to Claim the One Piece!!! ["OP07-077">OP07-077]: Rest 1 Don
RZ1|140|2|Don|5|1|5|1|1|1|1|0|0
RZ1|CHK|140|2|38|6|1|5|8|2|0|0|1|0
RZ1|141|2|OP07-077|1|4|6|0|1|1|0|0|0
RZ1|CHK|141|2|38|5|1|5|8|2|1|0|1|0
RZ1|142|2|PRB02-010|0|34|1|5|1|1|0|0|0
RZ1|CHK|142|2|37|6|1|5|8|2|1|0|1|0
[Opponent] We're Going to Claim the One Piece!!! ["OP07-077">OP07-077]: <b>Reveal and Draw Charlotte Pudding ["PRB02-010">PRB02-010]</b>
[Opponent] Placing Cards on Bottom of Deck
RZ1|143|2|OP08-069|0|36|0|0|0|0|0|0|0
RZ1|CHK|143|2|37|6|1|5|8|2|1|0|1|0
RZ1|144|2|OP11-067|0|36|0|0|0|0|0|0|0
RZ1|CHK|144|2|37|6|1|5|8|2|1|0|1|0
RZ1|145|2|ST34-003|0|36|0|0|0|0|0|0|0
RZ1|CHK|145|2|37|6|1|5|8|2|1|0|1|0
RZ1|146|2|OP07-077|0|36|0|0|0|0|0|0|0
RZ1|CHK|146|2|37|6|1|5|8|2|1|0|1|0
[] Hand: [OP11-067,PRB02-010,ST34-002,ST34-005,ST34-002,PRB02-010]
[] Board: [OP11-070]
[] Trash: [OP07-077]
[] Life: 5
[] Hand: [ST32-001,OP12-037,ST32-001,OP01-055]
[] Trash: []
[] Board: [OP14-023]
[] Life: 5
[Opponent] End Turn
[] Hand: [ST32-001,OP12-037,ST32-001,OP01-055]
[] Board: [OP14-023]
[] Trash: []
[] Life: 5
[] Hand: [OP11-067,PRB02-010,ST34-002,ST34-005,ST34-002,PRB02-010]
[] Trash: [OP07-077]
[] Board: [OP11-070]
[] Life: 5
[You] Draw 1 Card
[] Drew card from deck: Trafalgar Law ["OP13-031">OP13-031]
RZ1|147|1|OP13-031|0|39|1|4|1|1|0|0|0
RZ1|CHK|147|1|39|5|1|5|9|1|0|0|1|0
RZ1|148|1|Don|4|8|5|1|1|1|0|0|0
RZ1|CHK|148|1|39|5|1|5|8|2|0|0|1|0
RZ1|149|1|Don|4|7|5|2|1|1|0|0|0
RZ1|CHK|149|1|39|5|1|5|7|3|0|0|1|0
[You] Draw 2 Don
RZ1|150|1|Don|5|0|5|0|1|1|1|0|0
RZ1|CHK|150|1|39|5|1|5|7|3|0|0|1|0
[You] Deploy Kin'emon ["ST32-001">ST32-001]
RZ1|151|1|ST32-001|1|2|2|1|1|1|0|0|0
RZ1|CHK|151|1|39|4|2|5|7|3|0|0|1|0
[You] Kin'emon ["ST32-001">ST32-001]: Rest Don ["Don">Don]
RZ1|152|1|Don|5|1|5|1|1|1|1|0|0
RZ1|CHK|152|1|39|4|2|5|7|3|0|0|1|0
[] Drew card from deck: Kin'emon ["ST32-001">ST32-001]
RZ1|153|1|ST32-001|0|38|1|4|1|1|0|0|0
RZ1|CHK|153|1|38|5|2|5|7|3|0|0|1|0
[] Drew card from deck: Dracule Mihawk ["OP14-119">OP14-119]
RZ1|154|1|OP14-119|0|37|1|5|1|1|0|0|0
RZ1|CHK|154|1|37|6|2|5|7|3|0|0|1|0
[You] Kin'emon ["ST32-001">ST32-001]: Draw 2 Card
RZ1|155|1|ST32-001|1|4|6|0|1|1|0|0|0
RZ1|CHK|155|1|37|5|2|5|7|3|1|0|1|0
[You] Kin'emon ["ST32-001">ST32-001]: Trash Kin'emon ["ST32-001">ST32-001]
[You] You Can Be My Samurai!!! ["OP01-055">OP01-055]: Rest Kin'emon ["ST32-001">ST32-001]
[You] You Can Be My Samurai!!! ["OP01-055">OP01-055]: Rest Kikunojo ["OP14-023">OP14-023]
[You] You Can Be My Samurai!!! ["OP01-055">OP01-055]: Draw 2 Card
[] Drew card from deck: You Can Be My Samurai!!! ["OP01-055">OP01-055]
RZ1|156|1|OP01-055|0|36|1|5|1|1|0|0|0
RZ1|CHK|156|1|36|6|2|5|7|3|1|0|1|0
[] Drew card from deck: Demonic Aura Nine-Sword Style Asura Dead Man's Game ["OP12-037">OP12-037]
RZ1|157|1|OP12-037|0|35|1|6|1|1|0|0|0
RZ1|CHK|157|1|35|7|2|5|7|3|1|0|1|0
RZ1|158|1|Don|5|2|5|2|1|1|1|0|0
RZ1|CHK|158|1|35|7|2|5|7|3|1|0|1|0
RZ1|159|1|OP01-055|1|2|6|1|1|1|0|0|0
RZ1|CHK|159|1|35|6|2|5|7|3|2|0|1|0
[You] Dracule Mihawk ["OP14-020">OP14-020] attacking Charlotte Katakuri ["OP11-062">OP11-062]
Dracule Mihawk ["OP14-020">OP14-020][5000] vs Charlotte Katakuri ["OP11-062">OP11-062][5000]
Charlotte Katakuri ["OP11-062">OP11-062] hit for 1 damage
RZ1|160|2|ST34-001|3|4|1|6|1|1|0|0|0
RZ1|CHK|160|2|37|7|1|4|8|2|1|0|1|0
[You] Kikunojo ["OP14-023">OP14-023]: Set Kikunojo ["OP14-023">OP14-023] to Active
[] Hand: [ST32-001,OP12-037,OP13-031,OP14-119,OP01-055,OP12-037]
[] Board: [OP14-023,ST32-001]
[] Trash: [ST32-001,OP01-055]
[] Life: 5
[] Hand: [OP11-067,PRB02-010,ST34-002,ST34-005,ST34-002,PRB02-010,ST34-001]
[] Trash: [OP07-077]
[] Board: [OP11-070]
[] Life: 4
[You] End Turn
[] Hand: [OP11-067,PRB02-010,ST34-002,ST34-005,ST34-002,PRB02-010,ST34-001]
[] Board: [OP11-070]
[] Trash: [OP07-077]
[] Life: 4
[] Hand: [ST32-001,OP12-037,OP13-031,OP14-119,OP01-055,OP12-037]
[] Trash: [ST32-001,OP01-055]
[] Board: [OP14-023,ST32-001]
[] Life: 5
[Opponent] Draw 1 Card
[] Drew card from deck: Baron Tamago & Pekoms ["ST34-005">ST34-005]
RZ1|161|2|ST34-005|0|36|1|7|1|1|0|0|0
RZ1|CHK|161|2|36|8|1|4|8|2|1|0|1|0
RZ1|162|2|Don|4|7|5|2|1|1|0|0|0
RZ1|CHK|162|2|36|8|1|4|7|3|1|0|1|0
RZ1|163|2|Don|4|6|5|3|1|1|0|0|0
RZ1|CHK|163|2|36|8|1|4|6|4|1|0|1|0
[Opponent] Draw 2 Don
RZ1|164|2|Don|5|0|9|9900|1|1|0|0|0
RZ1|CHK|164|2|36|8|1|4|6|3|1|0|1|1
RZ1|165|2|Don|5|0|9|9901|1|1|0|0|0
RZ1|CHK|165|2|36|8|1|4|6|2|1|0|1|2
RZ1|166|2|Don|5|0|9|9902|1|1|0|0|0
RZ1|CHK|166|2|36|8|1|4|6|1|1|0|1|3
RZ1|167|2|Don|5|0|9|9903|1|1|0|0|0
RZ1|CHK|167|2|36|8|1|4|6|0|1|0|1|4
[Opponent] Attach 4 Don to Charlotte Katakuri ["OP11-062">OP11-062] (4 Total)
[Opponent] Charlotte Katakuri ["OP11-062">OP11-062] attacking Dracule Mihawk ["OP14-020">OP14-020]
Charlotte Katakuri ["OP11-062">OP11-062][9000] vs Dracule Mihawk ["OP14-020">OP14-020][5000]
Dracule Mihawk ["OP14-020">OP14-020] hit for 1 damage
RZ1|168|1|ST24-004|3|4|1|6|1|1|0|0|0
RZ1|CHK|168|1|35|7|2|4|7|3|2|0|1|0
[] Hand: [OP11-067,PRB02-010,ST34-002,ST34-005,ST34-002,PRB02-010,ST34-001,ST34-005]
[] Board: [OP11-070]
[] Trash: [OP07-077]
[] Life: 4
[] Hand: [ST32-001,OP12-037,OP13-031,OP14-119,OP01-055,OP12-037,ST24-004]
[] Trash: [ST32-001,OP01-055]
[] Board: [OP14-023,ST32-001]
[] Life: 4
[Opponent] End Turn
[] Hand: [ST32-001,OP12-037,OP13-031,OP14-119,OP01-055,OP12-037,ST24-004]
[] Board: [OP14-023,ST32-001]
[] Trash: [ST32-001,OP01-055]
[] Life: 4
[] Hand: [OP11-067,PRB02-010,ST34-002,ST34-005,ST34-002,PRB02-010,ST34-001,ST34-005]
[] Trash: [OP07-077]
[] Board: [OP11-070]
[] Life: 4
[You] Draw 1 Card
[] Drew card from deck: Coffin Boat ["OP14-039">OP14-039]
RZ1|169|1|OP14-039|0|34|1|7|1|1|0|0|0
RZ1|CHK|169|1|34|8|2|4|7|3|2|0|1|0
RZ1|170|1|Don|4|6|5|3|1|1|0|0|0
RZ1|CHK|170|1|34|8|2|4|6|4|2|0|1|0
RZ1|171|1|Don|4|5|5|4|1|1|0|0|0
RZ1|CHK|171|1|34|8|2|4|5|5|2|0|1|0
[You] Draw 2 Don
RZ1|172|1|Don|5|0|5|0|1|1|1|0|0
RZ1|CHK|172|1|34|8|2|4|5|5|2|0|1|0
[You] Deploy Coffin Boat ["OP14-039">OP14-039]
RZ1|173|1|OP14-039|1|7|7|0|1|1|0|0|0
RZ1|CHK|173|1|34|7|2|4|5|5|2|1|1|0
[] Drew card from deck: Kikunojo ["OP14-023">OP14-023]
RZ1|174|1|OP14-023|0|33|1|7|1|1|0|0|0
RZ1|CHK|174|1|33|8|2|4|5|5|2|1|1|0
[You] Coffin Boat ["OP14-039">OP14-039]: Draw 1 Card
[You] Attach 1 Don to Dracule Mihawk ["OP14-020">OP14-020] (1 Total)
RZ1|175|1|Don|5|4|9|9900|1|1|0|0|0
RZ1|CHK|175|1|33|8|2|4|5|4|2|1|1|1
[You] Dracule Mihawk ["OP14-020">OP14-020] attacking Charlotte Katakuri ["OP11-062">OP11-062]
Dracule Mihawk ["OP14-020">OP14-020][6000] vs Charlotte Katakuri ["OP11-062">OP11-062][5000]
Charlotte Katakuri ["OP11-062">OP11-062] hit for 1 damage
RZ1|176|2|OP08-069|3|3|1|8|1|1|0|0|0
RZ1|CHK|176|2|36|9|1|3|6|0|1|0|1|4
[You] Attach 3 Don to Kikunojo ["OP14-023">OP14-023] (3 Total)
RZ1|177|1|Don|5|3|9|0|1|1|0|0|0
RZ1|CHK|177|1|33|8|2|4|5|3|2|1|1|2
RZ1|178|1|Don|5|2|9|1|1|1|0|0|0
RZ1|CHK|178|1|33|8|2|4|5|2|2|1|1|3
RZ1|179|1|Don|5|1|9|2|1|1|0|0|0
RZ1|CHK|179|1|33|8|2|4|5|1|2|1|1|4
[You] Kikunojo ["OP14-023">OP14-023] attacking Charlotte Katakuri ["OP11-062">OP11-062]
[Opponent] Discard Charlotte Pudding ["PRB02-010">PRB02-010] for Counter 1000
RZ1|180|2|PRB02-010|1|1|6|1|1|1|0|0|0
RZ1|CHK|180|2|36|8|1|3|6|0|2|0|1|4
Kikunojo ["OP14-023">OP14-023][5000] vs Charlotte Katakuri ["OP11-062">OP11-062][6000]
Attack Fails
[You] Coffin Boat ["OP14-039">OP14-039]: Activate 1 Don
RZ1|181|1|Don|5|0|5|0|1|1|0|0|0
RZ1|CHK|181|1|33|8|2|4|5|1|2|1|1|4
[You] Kikunojo ["OP14-023">OP14-023]: Set Kikunojo ["OP14-023">OP14-023] to Active
[] Hand: [ST32-001,OP12-037,OP13-031,OP14-119,OP01-055,OP12-037,ST24-004,OP14-023]
[] Board: [OP14-023,ST32-001]
[] Trash: [ST32-001,OP01-055]
[] Life: 4
[] Hand: [OP11-067,ST34-002,ST34-005,ST34-002,PRB02-010,ST34-001,ST34-005,OP08-069]
[] Trash: [OP07-077,PRB02-010]
[] Board: [OP11-070]
[] Life: 3
[You] End Turn
[] Hand: [OP11-067,ST34-002,ST34-005,ST34-002,PRB02-010,ST34-001,ST34-005,OP08-069]
[] Board: [OP11-070]
[] Trash: [OP07-077,PRB02-010]
[] Life: 3
[] Hand: [ST32-001,OP12-037,OP13-031,OP14-119,OP01-055,OP12-037,ST24-004,OP14-023]
[] Trash: [ST32-001,OP01-055]
[] Board: [OP14-023,ST32-001]
[] Life: 4
RZ1|182|2|Don|9|9900|5|0|1|1|1|0|0
RZ1|CHK|182|2|36|8|1|3|6|1|2|0|1|3
RZ1|183|2|Don|9|9900|5|0|1|1|1|0|0
RZ1|CHK|183|2|36|8|1|3|6|2|2|0|1|2
RZ1|184|2|Don|9|9900|5|0|1|1|1|0|0
RZ1|CHK|184|2|36|8|1|3|6|3|2|0|1|1
RZ1|185|2|Don|9|9900|5|0|1|1|1|0|0
RZ1|CHK|185|2|36|8|1|3|6|4|2|0|1|0
[Opponent] Draw 1 Card
[] Drew card from deck: Charlotte Brulee ["ST34-003">ST34-003]
RZ1|186|2|ST34-003|0|35|1|8|1|1|0|0|0
RZ1|CHK|186|2|35|9|1|3|6|4|2|0|1|0
RZ1|187|2|Don|4|5|5|4|1|1|0|0|0
RZ1|CHK|187|2|35|9|1|3|5|5|2|0|1|0
RZ1|188|2|Don|4|4|5|5|1|1|0|0|0
RZ1|CHK|188|2|35|9|1|3|4|6|2|0|1|0
[Opponent] Draw 2 Don
RZ1|189|2|Don|5|0|9|9900|1|1|0|0|0
RZ1|CHK|189|2|35|9|1|3|4|5|2|0|1|1
RZ1|190|2|Don|5|0|9|9901|1|1|0|0|0
RZ1|CHK|190|2|35|9|1|3|4|4|2|0|1|2
RZ1|191|2|Don|5|0|9|9902|1|1|0|0|0
RZ1|CHK|191|2|35|9|1|3|4|3|2|0|1|3
RZ1|192|2|Don|5|0|9|9903|1|1|0|0|0
RZ1|CHK|192|2|35|9|1|3|4|2|2|0|1|4
RZ1|193|2|Don|5|0|9|9904|1|1|0|0|0
RZ1|CHK|193|2|35|9|1|3|4|1|2|0|1|5
RZ1|194|2|Don|5|0|9|9905|1|1|0|0|0
RZ1|CHK|194|2|35|9|1|3|4|0|2|0|1|6
[Opponent] Attach 6 Don to Charlotte Katakuri ["OP11-062">OP11-062] (6 Total)
[Opponent] Charlotte Katakuri ["OP11-062">OP11-062] attacking Dracule Mihawk ["OP14-020">OP14-020]
Charlotte Katakuri ["OP11-062">OP11-062][11000] vs Dracule Mihawk ["OP14-020">OP14-020][5000]
Dracule Mihawk ["OP14-020">OP14-020] hit for 1 damage
RZ1|195|1|ST32-005|3|3|1|8|1|1|0|0|0
RZ1|CHK|195|1|33|9|2|3|5|1|2|1|1|4
[] Hand: [OP11-067,ST34-002,ST34-005,ST34-002,PRB02-010,ST34-001,ST34-005,OP08-069,ST34-003]
[] Board: [OP11-070]
[] Trash: [OP07-077,PRB02-010]
[] Life: 3
[] Hand: [ST32-001,OP12-037,OP13-031,OP14-119,OP01-055,OP12-037,ST24-004,OP14-023,ST32-005]
[] Trash: [ST32-001,OP01-055]
[] Board: [OP14-023,ST32-001]
[] Life: 3
[Opponent] End Turn
[] Hand: [ST32-001,OP12-037,OP13-031,OP14-119,OP01-055,OP12-037,ST24-004,OP14-023,ST32-005]
[] Board: [OP14-023,ST32-001]
[] Trash: [ST32-001,OP01-055]
[] Life: 3
[] Hand: [OP11-067,ST34-002,ST34-005,ST34-002,PRB02-010,ST34-001,ST34-005,OP08-069,ST34-003]
[] Trash: [OP07-077,PRB02-010]
[] Board: [OP11-070]
[] Life: 3
RZ1|196|1|Don|9|9900|5|0|1|1|1|0|0
RZ1|CHK|196|1|33|9|2|3|5|2|2|1|1|3
RZ1|197|1|Don|9|0|5|0|1|1|1|0|0
RZ1|CHK|197|1|33|9|2|3|5|3|2|1|1|2
RZ1|198|1|Don|9|0|5|0|1|1|1|0|0
RZ1|CHK|198|1|33|9|2|3|5|4|2|1|1|1
RZ1|199|1|Don|9|0|5|0|1|1|1|0|0
RZ1|CHK|199|1|33|9|2|3|5|5|2|1|1|0
[You] Draw 1 Card
[] Drew card from deck: Otama ["OP07-022">OP07-022]
RZ1|200|1|OP07-022|0|32|1|9|1|1|0|0|0
RZ1|CHK|200|1|32|10|2|3|5|5|2|1|1|0
RZ1|201|1|Don|4|4|5|5|1|1|0|0|0
RZ1|CHK|201|1|32|10|2|3|4|6|2|1|1|0
RZ1|202|1|Don|4|3|5|6|1|1|0|0|0
RZ1|CHK|202|1|32|10|2|3|3|7|2|1|1|0
[You] Draw 2 Don
[You] You Can Be My Samurai!!! ["OP01-055">OP01-055]: Rest Kin'emon ["ST32-001">ST32-001]
[You] You Can Be My Samurai!!! ["OP01-055">OP01-055]: Rest Kikunojo ["OP14-023">OP14-023]
[You] You Can Be My Samurai!!! ["OP01-055">OP01-055]: Draw 2 Card
[] Drew card from deck: Kouzuki Oden ["ST32-002">ST32-002]
RZ1|203|1|ST32-002|0|31|1|10|1|1|0|0|0
RZ1|CHK|203|1|31|11|2|3|3|7|2|1|1|0
[] Drew card from deck: Kikunojo ["OP14-023">OP14-023]
RZ1|204|1|OP14-023|0|30|1|11|1|1|0|0|0
RZ1|CHK|204|1|30|12|2|3|3|7|2|1|1|0
RZ1|205|1|Don|5|0|5|0|1|1|1|0|0
RZ1|CHK|205|1|30|12|2|3|3|7|2|1|1|0
RZ1|206|1|OP01-055|1|4|6|2|1|1|0|0|0
RZ1|CHK|206|1|30|11|2|3|3|7|3|1|1|0
RZ1|207|1|Don|5|1|5|1|1|1|1|0|0
RZ1|CHK|207|1|30|11|2|3|3|7|3|1|1|0
RZ1|208|1|Don|5|2|5|2|1|1|1|0|0
RZ1|CHK|208|1|30|11|2|3|3|7|3|1|1|0
RZ1|209|1|Don|5|3|5|3|1|1|1|0|0
RZ1|CHK|209|1|30|11|2|3|3|7|3|1|1|0
RZ1|210|1|Don|5|4|5|4|1|1|1|0|0
RZ1|CHK|210|1|30|11|2|3|3|7|3|1|1|0
RZ1|211|1|Don|5|5|5|5|1|1|1|0|0
RZ1|CHK|211|1|30|11|2|3|3|7|3|1|1|0
RZ1|212|1|Don|5|6|5|6|1|1|1|0|0
RZ1|CHK|212|1|30|11|2|3|3|7|3|1|1|0
[You] Deploy Trafalgar Law ["OP13-031">OP13-031]
RZ1|213|1|OP13-031|1|2|2|2|1|1|0|0|0
RZ1|CHK|213|1|30|10|3|3|3|7|3|1|1|0
[You] Trafalgar Law ["OP13-031">OP13-031]: Return Kin'emon ["ST32-001">ST32-001] to Hand
RZ1|214|1|ST32-001|2|1|1|10|1|1|1|0|0
RZ1|CHK|214|1|30|11|2|3|3|7|3|1|1|0
RZ1|215|1|ST32-002|1|8|2|2|1|1|1|0|0
RZ1|CHK|215|1|30|10|3|3|3|7|3|1|1|0
[You] Trafalgar Law ["OP13-031">OP13-031]: Deploy Kouzuki Oden ["ST32-002">ST32-002]
[] Drew card from deck: Dracule Mihawk ["ST32-003">ST32-003]
RZ1|216|1|ST32-003|0|29|1|10|1|1|0|0|0
RZ1|CHK|216|1|29|11|3|3|3|7|3|1|1|0
[You] Kouzuki Oden ["ST32-002">ST32-002]: Draw 1 Card
[You] Kouzuki Oden ["ST32-002">ST32-002]: Charlotte Pudding ["OP11-070">OP11-070] can't be rested until next turn ends
[You] Dracule Mihawk ["OP14-020">OP14-020]: Rest Trafalgar Law ["OP13-031">OP13-031]
[You] Dracule Mihawk ["OP14-020">OP14-020]: Activate 1 Don
RZ1|217|1|Don|5|6|5|6|1|1|0|0|0
RZ1|CHK|217|1|29|11|3|3|3|7|3|1|1|0
[You] Dracule Mihawk ["OP14-020">OP14-020]: Activate 1 Don
RZ1|218|1|Don|5|5|5|5|1|1|0|0|0
RZ1|CHK|218|1|29|11|3|3|3|7|3|1|1|0
[You] Dracule Mihawk ["OP14-020">OP14-020]: Activate 1 Don
RZ1|219|1|Don|5|4|5|4|1|1|0|0|0
RZ1|CHK|219|1|29|11|3|3|3|7|3|1|1|0
[You] Dracule Mihawk ["OP14-020">OP14-020]: Can't play Cost 1 Or More Characters for the Turn!
[You] Attach 1 Don to Dracule Mihawk ["OP14-020">OP14-020] (1 Total)
RZ1|220|1|Don|5|6|9|9900|1|1|0|0|0
RZ1|CHK|220|1|29|11|3|3|3|6|3|1|1|1
[You] Attach 1 Don to Dracule Mihawk ["OP14-020">OP14-020] (2 Total)
RZ1|221|1|Don|5|5|9|9901|1|1|0|0|0
RZ1|CHK|221|1|29|11|3|3|3|5|3|1|1|2
[You] Dracule Mihawk ["OP14-020">OP14-020] attacking Charlotte Katakuri ["OP11-062">OP11-062]
Dracule Mihawk ["OP14-020">OP14-020][7000] vs Charlotte Katakuri ["OP11-062">OP11-062][5000]
Charlotte Katakuri ["OP11-062">OP11-062] hit for 1 damage
RZ1|222|2|ST18-001|3|2|1|9|1|1|0|0|0
RZ1|CHK|222|2|35|10|1|2|4|0|2|0|1|6
[You] Coffin Boat ["OP14-039">OP14-039]: Activate 1 Don
RZ1|223|1|Don|5|3|5|3|1|1|0|0|0
RZ1|CHK|223|1|29|11|3|3|3|5|3|1|1|2
[You] Kikunojo ["OP14-023">OP14-023]: Set Kikunojo ["OP14-023">OP14-023] to Active
[] Hand: [ST32-001,OP12-037,OP14-119,OP12-037,ST24-004,OP14-023,ST32-005,OP07-022,OP14-023,ST32-001,ST32-003]
[] Board: [OP14-023,OP13-031,ST32-002]
[] Trash: [ST32-001,OP01-055,OP01-055]
[] Life: 3
[] Hand: [OP11-067,ST34-002,ST34-005,ST34-002,PRB02-010,ST34-001,ST34-005,OP08-069,ST34-003,ST18-001]
[] Trash: [OP07-077,PRB02-010]
[] Board: [OP11-070]
[] Life: 2
[You] End Turn
[] Hand: [OP11-067,ST34-002,ST34-005,ST34-002,PRB02-010,ST34-001,ST34-005,OP08-069,ST34-003,ST18-001]
[] Board: [OP11-070]
[] Trash: [OP07-077,PRB02-010]
[] Life: 2
[] Hand: [ST32-001,OP12-037,OP14-119,OP12-037,ST24-004,OP14-023,ST32-005,OP07-022,OP14-023,ST32-001,ST32-003]
[] Trash: [ST32-001,OP01-055,OP01-055]
[] Board: [OP14-023,OP13-031,ST32-002]
[] Life: 3
RZ1|224|2|Don|9|9900|5|0|1|1|1|0|0
RZ1|CHK|224|2|35|10|1|2|4|1|2|0|1|5
RZ1|225|2|Don|9|9900|5|0|1|1|1|0|0
RZ1|CHK|225|2|35|10|1|2|4|2|2|0|1|4
RZ1|226|2|Don|9|9900|5|0|1|1|1|0|0
RZ1|CHK|226|2|35|10|1|2|4|3|2|0|1|3
RZ1|227|2|Don|9|9900|5|0|1|1|1|0|0
RZ1|CHK|227|2|35|10|1|2|4|4|2|0|1|2
RZ1|228|2|Don|9|9900|5|0|1|1|1|0|0
RZ1|CHK|228|2|35|10|1|2|4|5|2|0|1|1
RZ1|229|2|Don|9|9900|5|0|1|1|1|0|0
RZ1|CHK|229|2|35|10|1|2|4|6|2|0|1|0
[Opponent] Draw 1 Card
[] Drew card from deck: Charlotte Linlin ["ST34-004">ST34-004]
RZ1|230|2|ST34-004|0|34|1|10|1|1|0|0|0
RZ1|CHK|230|2|34|11|1|2|4|6|2|0|1|0
RZ1|231|2|Don|4|3|5|6|1|1|0|0|0
RZ1|CHK|231|2|34|11|1|2|3|7|2|0|1|0
RZ1|232|2|Don|4|2|5|7|1|1|0|0|0
RZ1|CHK|232|2|34|11|1|2|2|8|2|0|1|0
[Opponent] Draw 2 Don
RZ1|233|2|Don|5|0|9|9900|1|1|0|0|0
RZ1|CHK|233|2|34|11|1|2|2|7|2|0|1|1
RZ1|234|2|Don|5|0|9|9901|1|1|0|0|0
RZ1|CHK|234|2|34|11|1|2|2|6|2|0|1|2
RZ1|235|2|Don|5|0|9|9902|1|1|0|0|0
RZ1|CHK|235|2|34|11|1|2|2|5|2|0|1|3
RZ1|236|2|Don|5|0|9|9903|1|1|0|0|0
RZ1|CHK|236|2|34|11|1|2|2|4|2|0|1|4
RZ1|237|2|Don|5|0|9|9904|1|1|0|0|0
RZ1|CHK|237|2|34|11|1|2|2|3|2|0|1|5
[Opponent] Attach 5 Don to Charlotte Katakuri ["OP11-062">OP11-062] (5 Total)
[Opponent] Charlotte Katakuri ["OP11-062">OP11-062] attacking Trafalgar Law ["OP13-031">OP13-031]
Charlotte Katakuri ["OP11-062">OP11-062][10000] vs Trafalgar Law ["OP13-031">OP13-031][6000]
[You] Trafalgar Law ["OP13-031">OP13-031] Destroyed
RZ1|238|1|OP13-031|2|1|6|3|1|1|0|0|0
RZ1|CHK|238|1|29|11|2|3|3|5|4|1|1|2
[] Hand: [OP11-067,ST34-002,ST34-005,ST34-002,PRB02-010,ST34-001,ST34-005,OP08-069,ST34-003,ST18-001,ST34-004]
[] Board: [OP11-070]
[] Trash: [OP07-077,PRB02-010]
[] Life: 2
[] Hand: [ST32-001,OP12-037,OP14-119,OP12-037,ST24-004,OP14-023,ST32-005,OP07-022,OP14-023,ST32-001,ST32-003]
[] Trash: [ST32-001,OP01-055,OP01-055,OP13-031]
[] Board: [OP14-023,ST32-002]
[] Life: 3
[Opponent] End Turn
[] Hand: [ST32-001,OP12-037,OP14-119,OP12-037,ST24-004,OP14-023,ST32-005,OP07-022,OP14-023,ST32-001,ST32-003]
[] Board: [OP14-023,ST32-002]
[] Trash: [ST32-001,OP01-055,OP01-055,OP13-031]
[] Life: 3
[] Hand: [OP11-067,ST34-002,ST34-005,ST34-002,PRB02-010,ST34-001,ST34-005,OP08-069,ST34-003,ST18-001,ST34-004]
[] Trash: [OP07-077,PRB02-010]
[] Board: [OP11-070]
[] Life: 2
RZ1|239|1|Don|9|9900|5|0|1|1|1|0|0
RZ1|CHK|239|1|29|11|2|3|3|6|4|1|1|1
RZ1|240|1|Don|9|9900|5|0|1|1|1|0|0
RZ1|CHK|240|1|29|11|2|3|3|7|4|1|1|0
[You] Draw 1 Card
[] Drew card from deck: Roronoa Zoro ["ST32-005">ST32-005]
RZ1|241|1|ST32-005|0|28|1|11|1|1|0|0|0
RZ1|CHK|241|1|28|12|2|3|3|7|4|1|1|0
RZ1|242|1|Don|4|2|5|7|1|1|0|0|0
RZ1|CHK|242|1|28|12|2|3|2|8|4|1|1|0
RZ1|243|1|Don|4|1|5|8|1|1|0|0|0
RZ1|CHK|243|1|28|12|2|3|1|9|4|1|1|0
[You] Draw 2 Don
RZ1|244|1|Don|5|0|5|0|1|1|1|0|0
RZ1|CHK|244|1|28|12|2|3|1|9|4|1|1|0
RZ1|245|1|Don|5|1|5|1|1|1|1|0|0
RZ1|CHK|245|1|28|12|2|3|1|9|4|1|1|0
RZ1|246|1|Don|5|2|5|2|1|1|1|0|0
RZ1|CHK|246|1|28|12|2|3|1|9|4|1|1|0
RZ1|247|1|Don|5|3|5|3|1|1|1|0|0
RZ1|CHK|247|1|28|12|2|3|1|9|4|1|1|0
RZ1|248|1|Don|5|4|5|4|1|1|1|0|0
RZ1|CHK|248|1|28|12|2|3|1|9|4|1|1|0
RZ1|249|1|Don|5|5|5|5|1|1|1|0|0
RZ1|CHK|249|1|28|12|2|3|1|9|4|1|1|0
RZ1|250|1|Don|5|6|5|6|1|1|1|0|0
RZ1|CHK|250|1|28|12|2|3|1|9|4|1|1|0
RZ1|251|1|Don|5|7|5|7|1|1|1|0|0
RZ1|CHK|251|1|28|12|2|3|1|9|4|1|1|0
RZ1|252|1|Don|5|8|5|8|1|1|1|0|0
RZ1|CHK|252|1|28|12|2|3|1|9|4|1|1|0
[You] Deploy Dracule Mihawk ["OP14-119">OP14-119]
RZ1|253|1|OP14-119|1|2|2|2|1|1|0|0|0
RZ1|CHK|253|1|28|11|3|3|1|9|4|1|1|0
[You] Dracule Mihawk ["OP14-020">OP14-020] attacking Charlotte Katakuri ["OP11-062">OP11-062]
[Opponent] Discard Charlotte Pudding ["PRB02-010">PRB02-010] for Counter 1000
RZ1|254|2|PRB02-010|1|4|6|2|1|1|0|0|0
RZ1|CHK|254|2|34|10|1|2|2|3|3|0|1|5
Dracule Mihawk ["OP14-020">OP14-020][5000] vs Charlotte Katakuri ["OP11-062">OP11-062][6000]
Attack Fails
[You] Kouzuki Oden ["ST32-002">ST32-002] attacking Charlotte Katakuri ["OP11-062">OP11-062]
[Opponent] Discard Usohachi ["ST18-001">ST18-001] for Counter 2000
RZ1|255|2|ST18-001|1|8|6|3|1|1|0|0|0
RZ1|CHK|255|2|34|9|1|2|2|3|4|0|1|5
Kouzuki Oden ["ST32-002">ST32-002][6000] vs Charlotte Katakuri ["OP11-062">OP11-062][7000]
Attack Fails
[You] Coffin Boat ["OP14-039">OP14-039]: Activate 1 Don
RZ1|256|1|Don|5|8|5|8|1|1|0|0|0
RZ1|CHK|256|1|28|11|3|3|1|9|4|1|1|0
[You] Kikunojo ["OP14-023">OP14-023]: Set Kikunojo ["OP14-023">OP14-023] to Active
[] Hand: [ST32-001,OP12-037,OP12-037,ST24-004,OP14-023,ST32-005,OP07-022,OP14-023,ST32-001,ST32-003,ST32-005]
[] Board: [OP14-023,ST32-002,OP14-119]
[] Trash: [ST32-001,OP01-055,OP01-055,OP13-031]
[] Life: 3
[] Hand: [OP11-067,ST34-002,ST34-005,ST34-002,ST34-001,ST34-005,OP08-069,ST34-003,ST34-004]
[] Trash: [OP07-077,PRB02-010,PRB02-010,ST18-001]
[] Board: [OP11-070]
[] Life: 2
[You] End Turn
[] Hand: [OP11-067,ST34-002,ST34-005,ST34-002,ST34-001,ST34-005,OP08-069,ST34-003,ST34-004]
[] Board: [OP11-070]
[] Trash: [OP07-077,PRB02-010,PRB02-010,ST18-001]
[] Life: 2
[] Hand: [ST32-001,OP12-037,OP12-037,ST24-004,OP14-023,ST32-005,OP07-022,OP14-023,ST32-001,ST32-003,ST32-005]
[] Trash: [ST32-001,OP01-055,OP01-055,OP13-031]
[] Board: [OP14-023,ST32-002,OP14-119]
[] Life: 3
RZ1|257|2|Don|9|9900|5|0|1|1|1|0|0
RZ1|CHK|257|2|34|9|1|2|2|4|4|0|1|4
RZ1|258|2|Don|9|9900|5|0|1|1|1|0|0
RZ1|CHK|258|2|34|9|1|2|2|5|4|0|1|3
RZ1|259|2|Don|9|9900|5|0|1|1|1|0|0
RZ1|CHK|259|2|34|9|1|2|2|6|4|0|1|2
RZ1|260|2|Don|9|9900|5|0|1|1|1|0|0
RZ1|CHK|260|2|34|9|1|2|2|7|4|0|1|1
RZ1|261|2|Don|9|9900|5|0|1|1|1|0|0
RZ1|CHK|261|2|34|9|1|2|2|8|4|0|1|0
[Opponent] Draw 1 Card
[] Drew card from deck: Charlotte Linlin ["OP08-069">OP08-069]
RZ1|262|2|OP08-069|0|33|1|9|1|1|0|0|0
RZ1|CHK|262|2|33|10|1|2|2|8|4|0|1|0
RZ1|263|2|Don|4|1|5|8|1|1|0|0|0
RZ1|CHK|263|2|33|10|1|2|1|9|4|0|1|0
RZ1|264|2|Don|4|0|5|9|1|1|0|0|0
RZ1|CHK|264|2|33|10|1|2|0|10|4|0|1|0
[Opponent] Draw 2 Don
RZ1|265|2|Don|5|0|5|0|1|1|1|0|0
RZ1|CHK|265|2|33|10|1|2|0|10|4|0|1|0
RZ1|266|2|Don|5|1|5|1|1|1|1|0|0
RZ1|CHK|266|2|33|10|1|2|0|10|4|0|1|0
RZ1|267|2|Don|5|2|5|2|1|1|1|0|0
RZ1|CHK|267|2|33|10|1|2|0|10|4|0|1|0
RZ1|268|2|Don|5|3|5|3|1|1|1|0|0
RZ1|CHK|268|2|33|10|1|2|0|10|4|0|1|0
RZ1|269|2|Don|5|4|5|4|1|1|1|0|0
RZ1|CHK|269|2|33|10|1|2|0|10|4|0|1|0
RZ1|270|2|Don|5|5|5|5|1|1|1|0|0
RZ1|CHK|270|2|33|10|1|2|0|10|4|0|1|0
RZ1|271|2|Don|5|6|5|6|1|1|1|0|0
RZ1|CHK|271|2|33|10|1|2|0|10|4|0|1|0
RZ1|272|2|Don|5|7|5|7|1|1|1|0|0
RZ1|CHK|272|2|33|10|1|2|0|10|4|0|1|0
[Opponent] Deploy Charlotte Katakuri ["OP11-067">OP11-067]
RZ1|273|2|OP11-067|1|0|2|1|1|1|0|0|0
RZ1|CHK|273|2|33|9|2|2|0|10|4|0|1|0
[] Hand: [ST34-002,ST34-005,ST34-002,ST34-001,ST34-005,OP08-069,ST34-003,ST34-004,OP08-069]
[] Board: [OP11-070,OP11-067]
[] Trash: [OP07-077,PRB02-010,PRB02-010,ST18-001]
[] Life: 2
[] Hand: [ST32-001,OP12-037,OP12-037,ST24-004,OP14-023,ST32-005,OP07-022,OP14-023,ST32-001,ST32-003,ST32-005]
[] Trash: [ST32-001,OP01-055,OP01-055,OP13-031]
[] Board: [OP14-023,ST32-002,OP14-119]
[] Life: 3
[Opponent] End Turn
[] Hand: [ST32-001,OP12-037,OP12-037,ST24-004,OP14-023,ST32-005,OP07-022,OP14-023,ST32-001,ST32-003,ST32-005]
[] Board: [OP14-023,ST32-002,OP14-119]
[] Trash: [ST32-001,OP01-055,OP01-055,OP13-031]
[] Life: 3
[] Hand: [ST34-002,ST34-005,ST34-002,ST34-001,ST34-005,OP08-069,ST34-003,ST34-004,OP08-069]
[] Trash: [OP07-077,PRB02-010,PRB02-010,ST18-001]
[] Board: [OP11-070,OP11-067]
[] Life: 2
[You] Draw 1 Card
[] Drew card from deck: Perona ["OP12-034">OP12-034]
RZ1|274|1|OP12-034|0|27|1|11|1|1|0|0|0
RZ1|CHK|274|1|27|12|3|3|1|9|4|1|1|0
RZ1|275|1|Don|4|0|5|9|1|1|0|0|0
RZ1|CHK|275|1|27|12|3|3|0|10|4|1|1|0
[You] Draw 2 Don
RZ1|276|1|Don|5|0|5|0|1|1|1|0|0
RZ1|CHK|276|1|27|12|3|3|0|10|4|1|1|0
[You] Deploy Perona ["OP12-034">OP12-034]
RZ1|277|1|OP12-034|1|11|2|3|1|1|0|0|0
RZ1|CHK|277|1|27|11|4|3|0|10|4|1|1|0
RZ1|278|1|ST16-004|0|24|1|11|1|1|0|0|0
RZ1|CHK|278|1|26|12|4|3|0|10|4|1|1|0
[You] Perona ["OP12-034">OP12-034]: <b>Reveal and Draw Shanks ["ST16-004">ST16-004]</b>
[You] Placing Cards on Bottom of Deck
RZ1|279|1|OP10-030|0|25|0|0|0|0|0|0|0
RZ1|CHK|279|1|26|12|4|3|0|10|4|1|1|0
RZ1|280|1|OP12-034|0|25|0|0|0|0|0|0|0
RZ1|CHK|280|1|26|12|4|3|0|10|4|1|1|0
RZ1|281|1|ST32-003|0|25|0|0|0|0|0|0|0
RZ1|CHK|281|1|26|12|4|3|0|10|4|1|1|0
RZ1|282|1|OP13-031|0|25|0|0|0|0|0|0|0
RZ1|CHK|282|1|26|12|4|3|0|10|4|1|1|0
[You] Kouzuki Oden ["ST32-002">ST32-002] attacking Charlotte Katakuri ["OP11-062">OP11-062]
[Opponent] Charlotte Katakuri ["OP11-067">OP11-067] Blocks
Kouzuki Oden ["ST32-002">ST32-002][6000] vs Charlotte Katakuri ["OP11-067">OP11-067][8000]
Attack Fails
RZ1|283|1|Don|5|1|5|1|1|1|1|0|0
RZ1|CHK|283|1|26|12|4|3|0|10|4|1|1|0
RZ1|284|1|Don|5|2|5|2|1|1|1|0|0
RZ1|CHK|284|1|26|12|4|3|0|10|4|1|1|0
RZ1|285|1|Don|5|3|5|3|1|1|1|0|0
RZ1|CHK|285|1|26|12|4|3|0|10|4|1|1|0
RZ1|286|1|Don|5|4|5|4|1|1|1|0|0
RZ1|CHK|286|1|26|12|4|3|0|10|4|1|1|0
RZ1|287|1|Don|5|5|5|5|1|1|1|0|0
RZ1|CHK|287|1|26|12|4|3|0|10|4|1|1|0
RZ1|288|1|Don|5|6|5|6|1|1|1|0|0
RZ1|CHK|288|1|26|12|4|3|0|10|4|1|1|0
RZ1|289|1|Don|5|7|5|7|1|1|1|0|0
RZ1|CHK|289|1|26|12|4|3|0|10|4|1|1|0
RZ1|290|1|Don|5|8|5|8|1|1|1|0|0
RZ1|CHK|290|1|26|12|4|3|0|10|4|1|1|0
RZ1|291|1|Don|5|9|5|9|1|1|1|0|0
RZ1|CHK|291|1|26|12|4|3|0|10|4|1|1|0
[You] Deploy Shanks ["ST16-004">ST16-004]
RZ1|292|1|ST16-004|1|11|2|4|1|1|0|0|0
RZ1|CHK|292|1|26|11|5|3|0|10|4|1|1|0
[You] Shanks ["ST16-004">ST16-004]: Destroy Charlotte Katakuri ["OP11-067">OP11-067]
RZ1|293|2|OP11-067|2|1|6|4|1|1|0|0|0
RZ1|CHK|293|2|33|9|1|2|0|10|5|0|1|0
[You] Dracule Mihawk ["OP14-020">OP14-020]: Rest Shanks ["ST16-004">ST16-004]
[You] Dracule Mihawk ["OP14-020">OP14-020]: Activate 1 Don
RZ1|294|1|Don|5|9|5|9|1|1|0|0|0
RZ1|CHK|294|1|26|11|5|3|0|10|4|1|1|0
[You] Dracule Mihawk ["OP14-020">OP14-020]: Activate 1 Don
RZ1|295|1|Don|5|8|5|8|1|1|0|0|0
RZ1|CHK|295|1|26|11|5|3|0|10|4|1|1|0
[You] Dracule Mihawk ["OP14-020">OP14-020]: Activate 1 Don
RZ1|296|1|Don|5|7|5|7|1|1|0|0|0
RZ1|CHK|296|1|26|11|5|3|0|10|4|1|1|0
[You] Dracule Mihawk ["OP14-020">OP14-020]: Can't play Cost 1 Or More Characters for the Turn!
[You] Attach 1 Don to Kikunojo ["OP14-023">OP14-023] (1 Total)
RZ1|297|1|Don|5|9|9|0|1|1|0|0|0
RZ1|CHK|297|1|26|11|5|3|0|9|4|1|1|1
[You] Attach 1 Don to Kikunojo ["OP14-023">OP14-023] (2 Total)
RZ1|298|1|Don|5|8|9|1|1|1|0|0|0
RZ1|CHK|298|1|26|11|5|3|0|8|4|1|1|2
[You] Attach 1 Don to Kikunojo ["OP14-023">OP14-023] (3 Total)
RZ1|299|1|Don|5|7|9|2|1|1|0|0|0
RZ1|CHK|299|1|26|11|5|3|0|7|4|1|1|3
[You] Kikunojo ["OP14-023">OP14-023] attacking Charlotte Katakuri ["OP11-062">OP11-062]
Kikunojo ["OP14-023">OP14-023][5000] vs Charlotte Katakuri ["OP11-062">OP11-062][5000]
Charlotte Katakuri ["OP11-062">OP11-062] hit for 1 damage
RZ1|300|2|PRB02-010|3|1|1|9|1|1|0|0|0
RZ1|CHK|300|2|33|10|1|1|0|10|5|0|1|0
[You] Dracule Mihawk ["OP14-020">OP14-020] attacking Charlotte Katakuri ["OP11-062">OP11-062]
[Opponent] Discard Charlotte Pudding ["PRB02-010">PRB02-010] for Counter 1000
RZ1|301|2|PRB02-010|1|9|6|5|1|1|0|0|0
RZ1|CHK|301|2|33|9|1|1|0|10|6|0|1|0
Dracule Mihawk ["OP14-020">OP14-020][5000] vs Charlotte Katakuri ["OP11-062">OP11-062][6000]
Attack Fails
[You] Dracule Mihawk ["OP14-119">OP14-119] attacking Charlotte Katakuri ["OP11-062">OP11-062]
[You] Dracule Mihawk ["OP14-119">OP14-119]: Charlotte Pudding ["OP11-070">OP11-070] can't be rested until next turn ends
Dracule Mihawk ["OP14-119">OP14-119][10000] vs Charlotte Katakuri ["OP11-062">OP11-062][5000]
Charlotte Katakuri ["OP11-062">OP11-062] hit for 1 damage
RZ1|302|2|ST18-001|3|0|1|9|1|1|0|0|0
RZ1|CHK|302|2|33|10|1|0|0|10|6|0|1|0
[You] Coffin Boat ["OP14-039">OP14-039]: Activate 1 Don
RZ1|303|1|Don|5|6|5|6|1|1|0|0|0
RZ1|CHK|303|1|26|11|5|3|0|7|4|1|1|3
[You] Kikunojo ["OP14-023">OP14-023]: Set Kikunojo ["OP14-023">OP14-023] to Active
[] Hand: [ST32-001,OP12-037,OP12-037,ST24-004,OP14-023,ST32-005,OP07-022,OP14-023,ST32-001,ST32-003,ST32-005]
[] Board: [OP14-023,ST32-002,OP14-119,OP12-034,ST16-004]
[] Trash: [ST32-001,OP01-055,OP01-055,OP13-031]
[] Life: 3
[] Hand: [ST34-002,ST34-005,ST34-002,ST34-001,ST34-005,OP08-069,ST34-003,ST34-004,OP08-069,ST18-001]
[] Trash: [OP07-077,PRB02-010,PRB02-010,ST18-001,OP11-067,PRB02-010]
[] Board: [OP11-070]
[] Life: 0
[You] End Turn
[] Hand: [ST34-002,ST34-005,ST34-002,ST34-001,ST34-005,OP08-069,ST34-003,ST34-004,OP08-069,ST18-001]
[] Board: [OP11-070]
[] Trash: [OP07-077,PRB02-010,PRB02-010,ST18-001,OP11-067,PRB02-010]
[] Life: 0
[] Hand: [ST32-001,OP12-037,OP12-037,ST24-004,OP14-023,ST32-005,OP07-022,OP14-023,ST32-001,ST32-003,ST32-005]
[] Trash: [ST32-001,OP01-055,OP01-055,OP13-031]
[] Board: [OP14-023,ST32-002,OP14-119,OP12-034,ST16-004]
[] Life: 3
[Opponent] Draw 1 Card
[] Drew card from deck: Charlotte Brulee ["ST34-003">ST34-003]
RZ1|304|2|ST34-003|0|32|1|10|1|1|0|0|0
RZ1|CHK|304|2|32|11|1|0|0|10|6|0|1|0
RZ1|305|2|Don|5|0|5|0|1|1|1|0|0
RZ1|CHK|305|2|32|11|1|0|0|10|6|0|1|0
RZ1|306|2|Don|5|1|5|1|1|1|1|0|0
RZ1|CHK|306|2|32|11|1|0|0|10|6|0|1|0
RZ1|307|2|Don|5|2|5|2|1|1|1|0|0
RZ1|CHK|307|2|32|11|1|0|0|10|6|0|1|0
[Opponent] Deploy Usohachi ["ST18-001">ST18-001]
RZ1|308|2|ST18-001|1|9|2|1|1|1|0|0|0
RZ1|CHK|308|2|32|10|2|0|0|10|6|0|1|0
[Opponent] Usohachi ["ST18-001">ST18-001]: Rest Kikunojo ["OP14-023">OP14-023]
RZ1|309|2|Don|5|3|9|9900|1|1|0|0|0
RZ1|CHK|309|2|32|10|2|0|0|9|6|0|1|1
RZ1|310|2|Don|5|3|9|9901|1|1|0|0|0
RZ1|CHK|310|2|32|10|2|0|0|8|6|0|1|2
RZ1|311|2|Don|5|3|9|9902|1|1|0|0|0
RZ1|CHK|311|2|32|10|2|0|0|7|6|0|1|3
RZ1|312|2|Don|5|3|9|9903|1|1|0|0|0
RZ1|CHK|312|2|32|10|2|0|0|6|6|0|1|4
RZ1|313|2|Don|5|3|9|9904|1|1|0|0|0
RZ1|CHK|313|2|32|10|2|0|0|5|6|0|1|5
RZ1|314|2|Don|5|3|9|9905|1|1|0|0|0
RZ1|CHK|314|2|32|10|2|0|0|4|6|0|1|6
RZ1|315|2|Don|5|3|9|9906|1|1|0|0|0
RZ1|CHK|315|2|32|10|2|0|0|3|6|0|1|7
[Opponent] Attach 7 Don to Charlotte Katakuri ["OP11-062">OP11-062] (7 Total)
[Opponent] Charlotte Katakuri ["OP11-062">OP11-062] attacking Shanks ["ST16-004">ST16-004]
RZ1|316|1|ST32-003|1|9|6|4|1|1|0|0|0
RZ1|CHK|316|1|26|10|5|3|0|7|5|1|1|3
[You] Dracule Mihawk ["OP14-119">OP14-119]: Trash Dracule Mihawk ["ST32-003">ST32-003]
[You] Dracule Mihawk ["OP14-119">OP14-119]: Buff Dracule Mihawk ["OP14-020">OP14-020] 2000 for the Combat
[You] Discard Kikunojo ["OP14-023">OP14-023] for Counter 2000
RZ1|317|1|OP14-023|1|7|6|5|1|1|0|0|0
RZ1|CHK|317|1|26|9|5|3|0|7|6|1|1|3
Charlotte Katakuri ["OP11-062">OP11-062][12000] vs Shanks ["ST16-004">ST16-004][13000]
Attack Fails
[] Hand: [ST34-002,ST34-005,ST34-002,ST34-001,ST34-005,OP08-069,ST34-003,ST34-004,OP08-069,ST34-003]
[] Board: [OP11-070,ST18-001]
[] Trash: [OP07-077,PRB02-010,PRB02-010,ST18-001,OP11-067,PRB02-010]
[] Life: 0
[] Hand: [ST32-001,OP12-037,OP12-037,ST24-004,OP14-023,ST32-005,OP07-022,ST32-001,ST32-005]
[] Trash: [ST32-001,OP01-055,OP01-055,OP13-031,ST32-003,OP14-023]
[] Board: [OP14-023,ST32-002,OP14-119,OP12-034,ST16-004]
[] Life: 3
[Opponent] End Turn
[] Hand: [ST32-001,OP12-037,OP12-037,ST24-004,OP14-023,ST32-005,OP07-022,ST32-001,ST32-005]
[] Board: [OP14-023,ST32-002,OP14-119,OP12-034,ST16-004]
[] Trash: [ST32-001,OP01-055,OP01-055,OP13-031,ST32-003,OP14-023]
[] Life: 3
[] Hand: [ST34-002,ST34-005,ST34-002,ST34-001,ST34-005,OP08-069,ST34-003,ST34-004,OP08-069,ST34-003]
[] Trash: [OP07-077,PRB02-010,PRB02-010,ST18-001,OP11-067,PRB02-010]
[] Board: [OP11-070,ST18-001]
[] Life: 0
RZ1|318|1|Don|9|0|5|0|1|1|1|0|0
RZ1|CHK|318|1|26|9|5|3|0|8|6|1|1|2
RZ1|319|1|Don|9|0|5|0|1|1|1|0|0
RZ1|CHK|319|1|26|9|5|3|0|9|6|1|1|1
RZ1|320|1|Don|9|0|5|0|1|1|1|0|0
RZ1|CHK|320|1|26|9|5|3|0|10|6|1|1|0
[You] Draw 1 Card
[] Drew card from deck: Roronoa Zoro ["ST32-005">ST32-005]
RZ1|321|1|ST32-005|0|25|1|9|1|1|0|0|0
RZ1|CHK|321|1|25|10|5|3|0|10|6|1|1|0
[You] Attach 4 Don to Kikunojo ["OP14-023">OP14-023] (4 Total)
RZ1|322|1|Don|5|9|9|0|1|1|0|0|0
RZ1|CHK|322|1|25|10|5|3|0|9|6|1|1|1
RZ1|323|1|Don|5|8|9|1|1|1|0|0|0
RZ1|CHK|323|1|25|10|5|3|0|8|6|1|1|2
RZ1|324|1|Don|5|7|9|2|1|1|0|0|0
RZ1|CHK|324|1|25|10|5|3|0|7|6|1|1|3
RZ1|325|1|Don|5|6|9|3|1|1|0|0|0
RZ1|CHK|325|1|25|10|5|3|0|6|6|1|1|4
[You] Kikunojo ["OP14-023">OP14-023] attacking Charlotte Katakuri ["OP11-062">OP11-062]
Kikunojo ["OP14-023">OP14-023][6000] vs Charlotte Katakuri ["OP11-062">OP11-062][5000]
Charlotte Katakuri ["OP11-062">OP11-062] hit for 1 damage
[Opponent] <b>Downloaded the Combat Log!</b>
GameOver