Version is 1.41b.51
[You] Leader is Dracule Mihawk ["OP14-020">OP14-020]
RZ1|HDR|1.41b|2|RZ1
RZ1|PLY|1||OP14-020
RZ1|PLY|2||
[Opponent] Leader is Charlotte Katakuri ["OP11-062">OP11-062]
RZ1|1|2|PRB02-010|0|27|0|0|0|0|0|0|0
RZ1|CHK|1|2|50|0|0|0|10|0|0|0|1|0
RZ1|2|2|OP15-069|0|5|0|1|0|0|0|0|0
RZ1|CHK|2|2|50|0|0|0|10|0|0|0|1|0
RZ1|3|2|OP11-070|0|3|0|2|0|0|0|0|0
RZ1|CHK|3|2|50|0|0|0|10|0|0|0|1|0
RZ1|4|2|PRB02-010|0|26|0|3|0|0|0|0|0
RZ1|CHK|4|2|50|0|0|0|10|0|0|0|1|0
RZ1|5|2|ST34-003|0|12|0|4|0|0|0|0|0
RZ1|CHK|5|2|50|0|0|0|10|0|0|0|1|0
RZ1|6|2|OP15-078|0|43|0|5|0|0|0|0|0
RZ1|CHK|6|2|50|0|0|0|10|0|0|0|1|0
RZ1|7|2|ST34-001|0|25|0|6|0|0|0|0|0
RZ1|CHK|7|2|50|0|0|0|10|0|0|0|1|0
RZ1|8|2|OP15-078|0|45|0|7|0|0|0|0|0
RZ1|CHK|8|2|50|0|0|0|10|0|0|0|1|0
RZ1|9|2|OP11-067|0|34|0|8|0|0|0|0|0
RZ1|CHK|9|2|50|0|0|0|10|0|0|0|1|0
RZ1|10|2|OP11-067|0|33|0|9|0|0|0|0|0
RZ1|CHK|10|2|50|0|0|0|10|0|0|0|1|0
RZ1|11|2|ST34-002|0|25|0|10|0|0|0|0|0
RZ1|CHK|11|2|50|0|0|0|10|0|0|0|1|0
RZ1|12|2|OP15-069|0|15|0|11|0|0|0|0|0
RZ1|CHK|12|2|50|0|0|0|10|0|0|0|1|0
RZ1|13|2|ST34-004|0|41|0|12|0|0|0|0|0
RZ1|CHK|13|2|50|0|0|0|10|0|0|0|1|0
RZ1|14|2|OP13-076|0|43|0|13|0|0|0|0|0
RZ1|CHK|14|2|50|0|0|0|10|0|0|0|1|0
RZ1|15|2|ST34-004|0|42|0|14|0|0|0|0|0
RZ1|CHK|15|2|50|0|0|0|10|0|0|0|1|0
RZ1|16|2|ST18-001|0|23|0|15|0|0|0|0|0
RZ1|CHK|16|2|50|0|0|0|10|0|0|0|1|0
RZ1|17|2|ST34-002|0|30|0|16|0|0|0|0|0
RZ1|CHK|17|2|50|0|0|0|10|0|0|0|1|0
RZ1|18|2|OP11-073|0|41|0|17|0|0|0|0|0
RZ1|CHK|18|2|50|0|0|0|10|0|0|0|1|0
RZ1|19|2|OP07-077|0|47|0|18|0|0|0|0|0
RZ1|CHK|19|2|50|0|0|0|10|0|0|0|1|0
RZ1|20|2|ST34-005|0|28|0|19|0|0|0|0|0
RZ1|CHK|20|2|50|0|0|0|10|0|0|0|1|0
RZ1|21|2|OP15-078|0|45|0|20|0|0|0|0|0
RZ1|CHK|21|2|50|0|0|0|10|0|0|0|1|0
RZ1|22|2|ST34-003|0|25|0|21|0|0|0|0|0
RZ1|CHK|22|2|50|0|0|0|10|0|0|0|1|0
RZ1|23|2|ST34-004|0|45|0|22|0|0|0|0|0
RZ1|CHK|23|2|50|0|0|0|10|0|0|0|1|0
RZ1|24|2|OP08-069|0|42|0|24|0|0|0|0|0
RZ1|CHK|24|2|50|0|0|0|10|0|0|0|1|0
RZ1|25|2|ST34-003|0|29|0|25|0|0|0|0|0
RZ1|CHK|25|2|50|0|0|0|10|0|0|0|1|0
RZ1|26|2|OP11-067|0|41|0|26|0|0|0|0|0
RZ1|CHK|26|2|50|0|0|0|10|0|0|0|1|0
RZ1|27|2|ST34-005|0|33|0|27|0|0|0|0|0
RZ1|CHK|27|2|50|0|0|0|10|0|0|0|1|0
RZ1|28|2|OP15-069|0|30|0|28|0|0|0|0|0
RZ1|CHK|28|2|50|0|0|0|10|0|0|0|1|0
RZ1|29|2|ST34-005|0|33|0|29|0|0|0|0|0
RZ1|CHK|29|2|50|0|0|0|10|0|0|0|1|0
RZ1|30|2|ST34-003|0|32|0|30|0|0|0|0|0
RZ1|CHK|30|2|50|0|0|0|10|0|0|0|1|0
RZ1|31|2|OP15-078|0|46|0|31|0|0|0|0|0
RZ1|CHK|31|2|50|0|0|0|10|0|0|0|1|0
RZ1|32|2|PRB02-010|0|41|0|32|0|0|0|0|0
RZ1|CHK|32|2|50|0|0|0|10|0|0|0|1|0
RZ1|33|2|OP11-070|0|34|0|33|0|0|0|0|0
RZ1|CHK|33|2|50|0|0|0|10|0|0|0|1|0
RZ1|34|2|ST34-004|0|46|0|34|0|0|0|0|0
RZ1|CHK|34|2|50|0|0|0|10|0|0|0|1|0
RZ1|35|2|ST34-002|0|39|0|36|0|0|0|0|0
RZ1|CHK|35|2|50|0|0|0|10|0|0|0|1|0
RZ1|36|2|ST34-001|0|41|0|38|0|0|0|0|0
RZ1|CHK|36|2|50|0|0|0|10|0|0|0|1|0
RZ1|37|2|OP07-077|0|47|0|39|0|0|0|0|0
RZ1|CHK|37|2|50|0|0|0|10|0|0|0|1|0
RZ1|38|2|OP07-077|0|48|0|41|0|0|0|0|0
RZ1|CHK|38|2|50|0|0|0|10|0|0|0|1|0
RZ1|39|2|OP08-069|0|48|0|42|0|0|0|0|0
RZ1|CHK|39|2|50|0|0|0|10|0|0|0|1|0
RZ1|40|2|ST34-001|0|44|0|43|0|0|0|0|0
RZ1|CHK|40|2|50|0|0|0|10|0|0|0|1|0
RZ1|41|2|PRB02-010|0|46|0|44|0|0|0|0|0
RZ1|CHK|41|2|50|0|0|0|10|0|0|0|1|0
RZ1|42|2|OP11-067|0|47|0|45|0|0|0|0|0
RZ1|CHK|42|2|50|0|0|0|10|0|0|0|1|0
RZ1|43|2|OP08-069|0|48|0|46|0|0|0|0|0
RZ1|CHK|43|2|50|0|0|0|10|0|0|0|1|0
RZ1|44|2|OP07-077|0|49|0|47|0|0|0|0|0
RZ1|CHK|44|2|50|0|0|0|10|0|0|0|1|0
RZ1|45|2|ST34-001|0|49|0|48|0|0|0|0|0
RZ1|CHK|45|2|50|0|0|0|10|0|0|0|1|0
[] Drew card from deck: Otama ["OP07-022">OP07-022]
RZ1|46|1|OP07-022|0|49|1|0|1|1|0|0|0
RZ1|CHK|46|1|49|1|0|0|10|0|0|0|1|0
[] Drew card from deck: Kin'emon ["ST32-001">ST32-001]
RZ1|47|1|ST32-001|0|48|1|1|1|1|0|0|0
RZ1|CHK|47|1|48|2|0|0|10|0|0|0|1|0
[] Drew card from deck: Shanks ["ST16-004">ST16-004]
RZ1|48|1|ST16-004|0|47|1|2|1|1|0|0|0
RZ1|CHK|48|1|47|3|0|0|10|0|0|0|1|0
[] Drew card from deck: Law & Bepo ["ST24-004">ST24-004]
RZ1|49|1|ST24-004|0|46|1|3|1|1|0|0|0
RZ1|CHK|49|1|46|4|0|0|10|0|0|0|1|0
[] Drew card from deck: Dracule Mihawk ["OP14-119">OP14-119]
RZ1|50|1|OP14-119|0|45|1|4|1|1|0|0|0
RZ1|CHK|50|1|45|5|0|0|10|0|0|0|1|0
[] Drew card from deck: Charlotte Cracker ["ST34-002">ST34-002]
RZ1|51|2|ST34-002|0|49|1|0|1|1|0|0|0
RZ1|CHK|51|2|49|1|0|0|10|0|0|0|1|0
[] Drew card from deck: Charlotte Katakuri ["ST34-001">ST34-001]
RZ1|52|2|ST34-001|0|48|1|1|1|1|0|0|0
RZ1|CHK|52|2|48|2|0|0|10|0|0|0|1|0
[] Drew card from deck: We're Going to Claim the One Piece!!! ["OP07-077">OP07-077]
RZ1|53|2|OP07-077|0|47|1|2|1|1|0|0|0
RZ1|CHK|53|2|47|3|0|0|10|0|0|0|1|0
[] Drew card from deck: Charlotte Linlin ["OP08-069">OP08-069]
RZ1|54|2|OP08-069|0|46|1|3|1|1|0|0|0
RZ1|CHK|54|2|46|4|0|0|10|0|0|0|1|0
[] Drew card from deck: Charlotte Katakuri ["OP11-067">OP11-067]
RZ1|55|2|OP11-067|0|45|1|4|1|1|0|0|0
RZ1|CHK|55|2|45|5|0|0|10|0|0|0|1|0
RZ1|56|1|OP07-022|1|0|0|45|0|0|0|0|0
RZ1|CHK|56|1|46|4|0|0|10|0|0|0|1|0
RZ1|57|1|ST32-001|1|0|0|46|0|0|0|0|0
RZ1|CHK|57|1|47|3|0|0|10|0|0|0|1|0
RZ1|58|1|ST16-004|1|0|0|47|0|0|0|0|0
RZ1|CHK|58|1|48|2|0|0|10|0|0|0|1|0
RZ1|59|1|ST24-004|1|0|0|48|0|0|0|0|0
RZ1|CHK|59|1|49|1|0|0|10|0|0|0|1|0
RZ1|60|1|OP14-119|1|0|0|49|0|0|0|0|0
RZ1|CHK|60|1|50|0|0|0|10|0|0|0|1|0
RZ1|61|1|ST24-004|0|19|0|0|0|0|0|0|0
RZ1|CHK|61|1|50|0|0|0|10|0|0|0|1|0
RZ1|62|1|OP12-037|0|40|0|1|0|0|0|0|0
RZ1|CHK|62|1|50|0|0|0|10|0|0|0|1|0
RZ1|63|1|OP13-031|0|23|0|2|0|0|0|0|0
RZ1|CHK|63|1|50|0|0|0|10|0|0|0|1|0
RZ1|64|1|ST32-005|0|38|0|3|0|0|0|0|0
RZ1|CHK|64|1|50|0|0|0|10|0|0|0|1|0
RZ1|65|1|OP07-022|0|45|0|4|0|0|0|0|0
RZ1|CHK|65|1|50|0|0|0|10|0|0|0|1|0
RZ1|66|1|ST32-002|0|27|0|5|0|0|0|0|0
RZ1|CHK|66|1|50|0|0|0|10|0|0|0|1|0
RZ1|67|1|OP07-022|0|10|0|6|0|0|0|0|0
RZ1|CHK|67|1|50|0|0|0|10|0|0|0|1|0
RZ1|68|1|OP14-023|0|21|0|7|0|0|0|0|0
RZ1|CHK|68|1|50|0|0|0|10|0|0|0|1|0
RZ1|69|1|ST32-002|0|10|0|8|0|0|0|0|0
RZ1|CHK|69|1|50|0|0|0|10|0|0|0|1|0
RZ1|70|1|OP14-119|0|41|0|9|0|0|0|0|0
RZ1|CHK|70|1|50|0|0|0|10|0|0|0|1|0
RZ1|71|1|OP10-030|0|21|0|10|0|0|0|0|0
RZ1|CHK|71|1|50|0|0|0|10|0|0|0|1|0
RZ1|72|1|OP13-031|0|44|0|11|0|0|0|0|0
RZ1|CHK|72|1|50|0|0|0|10|0|0|0|1|0
RZ1|73|1|OP14-033|0|42|0|12|0|0|0|0|0
RZ1|CHK|73|1|50|0|0|0|10|0|0|0|1|0
RZ1|74|1|ST32-005|0|37|0|13|0|0|0|0|0
RZ1|CHK|74|1|50|0|0|0|10|0|0|0|1|0
RZ1|75|1|OP01-055|0|37|0|14|0|0|0|0|0
RZ1|CHK|75|1|50|0|0|0|10|0|0|0|1|0
RZ1|76|1|OP06-038|0|31|0|15|0|0|0|0|0
RZ1|CHK|76|1|50|0|0|0|10|0|0|0|1|0
RZ1|77|1|ST32-003|0|27|0|16|0|0|0|0|0
RZ1|CHK|77|1|50|0|0|0|10|0|0|0|1|0
RZ1|78|1|OP14-023|0|23|0|17|0|0|0|0|0
RZ1|CHK|78|1|50|0|0|0|10|0|0|0|1|0
RZ1|79|1|OP14-033|0|26|0|18|0|0|0|0|0
RZ1|CHK|79|1|50|0|0|0|10|0|0|0|1|0
RZ1|80|1|OP14-033|0|31|0|19|0|0|0|0|0
RZ1|CHK|80|1|50|0|0|0|10|0|0|0|1|0
RZ1|81|1|ST32-001|0|46|0|20|0|0|0|0|0
RZ1|CHK|81|1|50|0|0|0|10|0|0|0|1|0
RZ1|82|1|ST32-003|0|26|0|22|0|0|0|0|0
RZ1|CHK|82|1|50|0|0|0|10|0|0|0|1|0
RZ1|83|1|OP12-034|0|44|0|23|0|0|0|0|0
RZ1|CHK|83|1|50|0|0|0|10|0|0|0|1|0
RZ1|84|1|OP12-037|0|40|0|24|0|0|0|0|0
RZ1|CHK|84|1|50|0|0|0|10|0|0|0|1|0
RZ1|85|1|OP01-055|0|37|0|25|0|0|0|0|0
RZ1|CHK|85|1|50|0|0|0|10|0|0|0|1|0
RZ1|86|1|ST32-005|0|36|0|26|0|0|0|0|0
RZ1|CHK|86|1|50|0|0|0|10|0|0|0|1|0
RZ1|87|1|ST32-003|0|42|0|27|0|0|0|0|0
RZ1|CHK|87|1|50|0|0|0|10|0|0|0|1|0
RZ1|88|1|ST32-002|0|45|0|28|0|0|0|0|0
RZ1|CHK|88|1|50|0|0|0|10|0|0|0|1|0
RZ1|89|1|OP14-119|0|49|0|29|0|0|0|0|0
RZ1|CHK|89|1|50|0|0|0|10|0|0|0|1|0
RZ1|90|1|ST32-001|0|37|0|30|0|0|0|0|0
RZ1|CHK|90|1|50|0|0|0|10|0|0|0|1|0
RZ1|91|1|OP06-038|0|41|0|31|0|0|0|0|0
RZ1|CHK|91|1|50|0|0|0|10|0|0|0|1|0
RZ1|92|1|ST32-001|0|36|0|32|0|0|0|0|0
RZ1|CHK|92|1|50|0|0|0|10|0|0|0|1|0
RZ1|93|1|OP07-022|0|41|0|33|0|0|0|0|0
RZ1|CHK|93|1|50|0|0|0|10|0|0|0|1|0
RZ1|94|1|OP01-055|0|36|0|34|0|0|0|0|0
RZ1|CHK|94|1|50|0|0|0|10|0|0|0|1|0
RZ1|95|1|ST24-004|0|49|0|35|0|0|0|0|0
RZ1|CHK|95|1|50|0|0|0|10|0|0|0|1|0
RZ1|96|1|OP12-034|0|46|0|37|0|0|0|0|0
RZ1|CHK|96|1|50|0|0|0|10|0|0|0|1|0
RZ1|97|1|OP01-055|0|48|0|38|0|0|0|0|0
RZ1|CHK|97|1|50|0|0|0|10|0|0|0|1|0
RZ1|98|1|ST32-002|0|46|0|39|0|0|0|0|0
RZ1|CHK|98|1|50|0|0|0|10|0|0|0|1|0
RZ1|99|1|OP14-023|0|46|0|40|0|0|0|0|0
RZ1|CHK|99|1|50|0|0|0|10|0|0|0|1|0
RZ1|100|1|OP12-034|0|45|0|41|0|0|0|0|0
RZ1|CHK|100|1|50|0|0|0|10|0|0|0|1|0
RZ1|101|1|ST16-004|0|49|0|42|0|0|0|0|0
RZ1|CHK|101|1|50|0|0|0|10|0|0|0|1|0
RZ1|102|1|OP14-039|0|44|0|43|0|0|0|0|0
RZ1|CHK|102|1|50|0|0|0|10|0|0|0|1|0
RZ1|103|1|OP14-033|0|48|0|44|0|0|0|0|0
RZ1|CHK|103|1|50|0|0|0|10|0|0|0|1|0
RZ1|104|1|ST24-004|0|47|0|46|0|0|0|0|0
RZ1|CHK|104|1|50|0|0|0|10|0|0|0|1|0
RZ1|105|1|ST32-003|0|48|0|47|0|0|0|0|0
RZ1|CHK|105|1|50|0|0|0|10|0|0|0|1|0
RZ1|106|1|OP12-034|0|49|0|48|0|0|0|0|0
RZ1|CHK|106|1|50|0|0|0|10|0|0|0|1|0
[] Drew card from deck: Otama ["OP07-022">OP07-022]
RZ1|107|1|OP07-022|0|49|1|0|1|1|0|0|0
RZ1|CHK|107|1|49|1|0|0|10|0|0|0|1|0
[] Drew card from deck: Perona ["OP12-034">OP12-034]
RZ1|108|1|OP12-034|0|48|1|1|1|1|0|0|0
RZ1|CHK|108|1|48|2|0|0|10|0|0|0|1|0
[] Drew card from deck: Dracule Mihawk ["ST32-003">ST32-003]
RZ1|109|1|ST32-003|0|47|1|2|1|1|0|0|0
RZ1|CHK|109|1|47|3|0|0|10|0|0|0|1|0
[] Drew card from deck: Law & Bepo ["ST24-004">ST24-004]
RZ1|110|1|ST24-004|0|46|1|3|1|1|0|0|0
RZ1|CHK|110|1|46|4|0|0|10|0|0|0|1|0
[] Drew card from deck: Demonic Aura Nine-Sword Style Asura Dead Man's Game ["OP12-037">OP12-037]
RZ1|111|1|OP12-037|0|45|1|4|1|1|0|0|0
RZ1|CHK|111|1|45|5|0|0|10|0|0|0|1|0
RZ1|112|1|OP14-033|0|44|3|0|1|0|0|0|0
RZ1|CHK|112|1|44|5|0|1|10|0|0|0|1|0
RZ1|113|1|OP14-039|0|43|3|1|1|0|0|0|0
RZ1|CHK|113|1|43|5|0|2|10|0|0|0|1|0
RZ1|114|1|ST16-004|0|42|3|2|1|0|0|0|0
RZ1|CHK|114|1|42|5|0|3|10|0|0|0|1|0
RZ1|115|1|OP12-034|0|41|3|3|1|0|0|0|0
RZ1|CHK|115|1|41|5|0|4|10|0|0|0|1|0
RZ1|116|1|OP14-023|0|40|3|4|1|0|0|0|0
RZ1|CHK|116|1|40|5|0|5|10|0|0|0|1|0
[] Hand after Mulligan: [OP07-022,OP12-034,ST32-003,ST24-004,OP12-037]
[You] Mulligan
RZ1|117|2|PRB02-010|0|44|3|0|0|1|0|0|0
RZ1|CHK|117|2|44|5|0|1|10|0|0|0|1|0
RZ1|118|2|ST34-001|0|43|3|1|0|1|0|0|0
RZ1|CHK|118|2|43|5|0|2|10|0|0|0|1|0
RZ1|119|2|OP08-069|0|42|3|2|0|1|0|0|0
RZ1|CHK|119|2|42|5|0|3|10|0|0|0|1|0
RZ1|120|2|OP07-077|0|41|3|3|0|1|0|0|0
RZ1|CHK|120|2|41|5|0|4|10|0|0|0|1|0
RZ1|121|2|ST34-005|0|40|3|4|0|1|0|0|0
RZ1|CHK|121|2|40|5|0|5|10|0|0|0|1|0
[] Hand: [OP07-022,OP12-034,ST32-003,ST24-004,OP12-037]
[] Board: []
[] Trash: []
[] Life: 5
[] Hand: [ST34-002,ST34-001,OP07-077,OP08-069,OP11-067]
[] Trash: []
[] Board: []
[] Life: 5
RZ1|122|1|Don|4|9|5|0|1|1|0|0|0
RZ1|CHK|122|1|40|5|0|5|9|1|0|0|1|0
[You] Draw 1 Don
RZ1|123|1|Don|5|0|5|0|1|1|1|0|0
RZ1|CHK|123|1|40|5|0|5|9|1|0|0|1|0
[You] Deploy Perona ["OP12-034">OP12-034]
RZ1|124|1|OP12-034|1|1|2|0|1|1|0|0|0
RZ1|CHK|124|1|40|4|1|5|9|1|0|0|1|0
RZ1|125|1|ST24-004|0|35|1|4|1|1|0|0|0
RZ1|CHK|125|1|39|5|1|5|9|1|0|0|1|0
[You] Perona ["OP12-034">OP12-034]: <b>Reveal and Draw Law & Bepo ["ST24-004">ST24-004]</b>
[You] Placing Cards on Bottom of Deck
RZ1|126|1|ST32-002|0|38|0|0|0|0|0|0|0
RZ1|CHK|126|1|39|5|1|5|9|1|0|0|1|0
RZ1|127|1|OP01-055|0|38|0|0|0|0|0|0|0
RZ1|CHK|127|1|39|5|1|5|9|1|0|0|1|0
RZ1|128|1|OP12-034|0|38|0|0|0|0|0|0|0
RZ1|CHK|128|1|39|5|1|5|9|1|0|0|1|0
RZ1|129|1|OP14-023|0|38|0|0|0|0|0|0|0
RZ1|CHK|129|1|39|5|1|5|9|1|0|0|1|0
[] Hand: [OP07-022,ST32-003,ST24-004,OP12-037,ST24-004]
[] Board: [OP12-034]
[] Trash: []
[] Life: 5
[] Hand: [ST34-002,ST34-001,OP07-077,OP08-069,OP11-067]
[] Trash: []
[] Board: []
[] Life: 5
[You] End Turn
[] Hand: [ST34-002,ST34-001,OP07-077,OP08-069,OP11-067]
[] Board: []
[] Trash: []
[] Life: 5
[] Hand: [OP07-022,ST32-003,ST24-004,OP12-037,ST24-004]
[] Trash: []
[] Board: [OP12-034]
[] Life: 5
[Opponent] Draw 1 Card
[] Drew card from deck: We're Going to Claim the One Piece!!! ["OP07-077">OP07-077]
RZ1|130|2|OP07-077|0|39|1|5|1|1|0|0|0
RZ1|CHK|130|2|39|6|0|5|10|0|0|0|1|0
RZ1|131|2|Don|4|9|5|0|1|1|0|0|0
RZ1|CHK|131|2|39|6|0|5|9|1|0|0|1|0
RZ1|132|2|Don|4|8|5|1|1|1|0|0|0
RZ1|CHK|132|2|39|6|0|5|8|2|0|0|1|0
[Opponent] Draw 2 Don
[Opponent] We're Going to Claim the One Piece!!! ["OP07-077">OP07-077]: Rest 1 Don
RZ1|133|2|Don|5|0|5|0|1|1|1|0|0
RZ1|CHK|133|2|39|6|0|5|8|2|0|0|1|0
RZ1|134|2|OP07-077|1|2|6|0|1|1|0|0|0
RZ1|CHK|134|2|39|5|0|5|8|2|1|0|1|0
[Opponent] <b>Picked no cards to Draw</b>
[Opponent] Placing Cards on Bottom of Deck
RZ1|135|2|ST34-001|0|38|0|0|0|0|0|0|0
RZ1|CHK|135|2|39|5|0|5|8|2|1|0|1|0
RZ1|136|2|ST18-001|0|38|0|0|0|0|0|0|0
RZ1|CHK|136|2|39|5|0|5|8|2|1|0|1|0
RZ1|137|2|ST34-002|0|38|0|0|0|0|0|0|0
RZ1|CHK|137|2|39|5|0|5|8|2|1|0|1|0
RZ1|138|2|OP11-070|0|38|0|0|0|0|0|0|0
RZ1|CHK|138|2|39|5|0|5|8|2|1|0|1|0
RZ1|139|2|ST34-004|0|38|0|0|0|0|0|0|0
RZ1|CHK|139|2|39|5|0|5|8|2|1|0|1|0
[Opponent] We're Going to Claim the One Piece!!! ["OP07-077">OP07-077]: Rest 1 Don
RZ1|140|2|Don|5|1|5|1|1|1|1|0|0
RZ1|CHK|140|2|39|5|0|5|8|2|1|0|1|0
RZ1|141|2|OP07-077|1|4|6|1|1|1|0|0|0
RZ1|CHK|141|2|39|4|0|5|8|2|2|0|1|0
RZ1|142|2|ST34-003|0|35|1|4|1|1|0|0|0
RZ1|CHK|142|2|38|5|0|5|8|2|2|0|1|0
[Opponent] We're Going to Claim the One Piece!!! ["OP07-077">OP07-077]: <b>Reveal and Draw Charlotte Brulee ["ST34-003">ST34-003]</b>
[Opponent] Placing Cards on Bottom of Deck
RZ1|143|2|OP11-070|0|37|0|0|0|0|0|0|0
RZ1|CHK|143|2|38|5|0|5|8|2|2|0|1|0
RZ1|144|2|PRB02-010|0|37|0|0|0|0|0|0|0
RZ1|CHK|144|2|38|5|0|5|8|2|2|0|1|0
RZ1|145|2|OP15-078|0|37|0|0|0|0|0|0|0
RZ1|CHK|145|2|38|5|0|5|8|2|2|0|1|0
RZ1|146|2|ST34-005|0|37|0|0|0|0|0|0|0
RZ1|CHK|146|2|38|5|0|5|8|2|2|0|1|0
[] Hand: [ST34-002,ST34-001,OP08-069,OP11-067,ST34-003]
[] Board: []
[] Trash: [OP07-077,OP07-077]
[] Life: 5
[] Hand: [OP07-022,ST32-003,ST24-004,OP12-037,ST24-004]
[] Trash: []
[] Board: [OP12-034]
[] Life: 5
[Opponent] End Turn
[] Hand: [OP07-022,ST32-003,ST24-004,OP12-037,ST24-004]
[] Board: [OP12-034]
[] Trash: []
[] Life: 5
[] Hand: [ST34-002,ST34-001,OP08-069,OP11-067,ST34-003]
[] Trash: [OP07-077,OP07-077]
[] Board: []
[] Life: 5
[You] Draw 1 Card
[] Drew card from deck: You Can Be My Samurai!!! ["OP01-055">OP01-055]
RZ1|147|1|OP01-055|0|38|1|5|1|1|0|0|0
RZ1|CHK|147|1|38|6|1|5|9|1|0|0|1|0
RZ1|148|1|Don|4|8|5|1|1|1|0|0|0
RZ1|CHK|148|1|38|6|1|5|8|2|0|0|1|0
RZ1|149|1|Don|4|7|5|2|1|1|0|0|0
RZ1|CHK|149|1|38|6|1|5|7|3|0|0|1|0
[You] Draw 2 Don
RZ1|150|1|Don|5|0|5|0|1|1|1|0|0
RZ1|CHK|150|1|38|6|1|5|7|3|0|0|1|0
[You] Deploy Otama ["OP07-022">OP07-022]
RZ1|151|1|OP07-022|1|0|2|1|1|1|0|0|0
RZ1|CHK|151|1|38|5|2|5|7|3|0|0|1|0
RZ1|152|1|ST32-001|0|34|1|5|1|1|0|0|0
RZ1|CHK|152|1|37|6|2|5|7|3|0|0|1|0
[You] Otama ["OP07-022">OP07-022]: <b>Reveal and Draw Kin'emon ["ST32-001">ST32-001]</b>
[You] Placing Cards on Bottom of Deck
RZ1|153|1|OP07-022|0|36|0|0|0|0|0|0|0
RZ1|CHK|153|1|37|6|2|5|7|3|0|0|1|0
RZ1|154|1|ST32-001|0|36|0|0|0|0|0|0|0
RZ1|CHK|154|1|37|6|2|5|7|3|0|0|1|0
RZ1|155|1|OP06-038|0|36|0|0|0|0|0|0|0
RZ1|CHK|155|1|37|6|2|5|7|3|0|0|1|0
RZ1|156|1|OP14-119|0|36|0|0|0|0|0|0|0
RZ1|CHK|156|1|37|6|2|5|7|3|0|0|1|0
RZ1|157|1|Don|5|1|5|1|1|1|1|0|0
RZ1|CHK|157|1|37|6|2|5|7|3|0|0|1|0
[You] Deploy Kin'emon ["ST32-001">ST32-001]
RZ1|158|1|ST32-001|1|5|2|2|1|1|0|0|0
RZ1|CHK|158|1|37|5|3|5|7|3|0|0|1|0
[You] Kin'emon ["ST32-001">ST32-001]: Rest Don ["Don">Don]
RZ1|159|1|Don|5|2|5|2|1|1|1|0|0
RZ1|CHK|159|1|37|5|3|5|7|3|0|0|1|0
[] Drew card from deck: Kouzuki Oden ["ST32-002">ST32-002]
RZ1|160|1|ST32-002|0|36|1|5|1|1|0|0|0
RZ1|CHK|160|1|36|6|3|5|7|3|0|0|1|0
[] Drew card from deck: Dracule Mihawk ["ST32-003">ST32-003]
RZ1|161|1|ST32-003|0|35|1|6|1|1|0|0|0
RZ1|CHK|161|1|35|7|3|5|7|3|0|0|1|0
[You] Kin'emon ["ST32-001">ST32-001]: Draw 2 Card
RZ1|162|1|OP01-055|1|4|6|0|1|1|0|0|0
RZ1|CHK|162|1|35|6|3|5|7|3|1|0|1|0
[You] Kin'emon ["ST32-001">ST32-001]: Trash You Can Be My Samurai!!! ["OP01-055">OP01-055]
[You] Dracule Mihawk ["OP14-020">OP14-020] attacking Charlotte Katakuri ["OP11-062">OP11-062]
RZ1|163|2|Don|5|0|4|8|1|1|0|0|0
RZ1|CHK|163|2|38|5|0|5|9|1|2|0|1|0
[Opponent] Charlotte Katakuri ["OP11-062">OP11-062]: Minus 1 Don
[Opponent] Charlotte Katakuri ["OP11-062">OP11-062]: <b>Looked at opponent's top deck</b>
[Opponent] Charlotte Katakuri ["OP11-062">OP11-062]: <b>Finished looking at opponent's top deck</b>
[Opponent] Charlotte Katakuri ["OP11-062">OP11-062]: Buff Charlotte Katakuri ["OP11-062">OP11-062] 1000 for the Combat
Dracule Mihawk ["OP14-020">OP14-020][5000] vs Charlotte Katakuri ["OP11-062">OP11-062][6000]
Attack Fails
[] Hand: [ST32-003,ST24-004,OP12-037,ST24-004,ST32-002,ST32-003]
[] Board: [OP12-034,OP07-022,ST32-001]
[] Trash: [OP01-055]
[] Life: 5
[] Hand: [ST34-002,ST34-001,OP08-069,OP11-067,ST34-003]
[] Trash: [OP07-077,OP07-077]
[] Board: []
[] Life: 5
[You] End Turn
[] Hand: [ST34-002,ST34-001,OP08-069,OP11-067,ST34-003]
[] Board: []
[] Trash: [OP07-077,OP07-077]
[] Life: 5
[] Hand: [ST32-003,ST24-004,OP12-037,ST24-004,ST32-002,ST32-003]
[] Trash: [OP01-055]
[] Board: [OP12-034,OP07-022,ST32-001]
[] Life: 5
[Opponent] Draw 1 Card
[] Drew card from deck: Nola ["OP15-069">OP15-069]
RZ1|164|2|OP15-069|0|37|1|5|1|1|0|0|0
RZ1|CHK|164|2|37|6|0|5|9|1|2|0|1|0
RZ1|165|2|Don|4|8|5|1|1|1|0|0|0
RZ1|CHK|165|2|37|6|0|5|8|2|2|0|1|0
RZ1|166|2|Don|4|7|5|2|1|1|0|0|0
RZ1|CHK|166|2|37|6|0|5|7|3|2|0|1|0
[Opponent] Draw 2 Don
RZ1|167|2|Don|5|0|5|0|1|1|1|0|0
RZ1|CHK|167|2|37|6|0|5|7|3|2|0|1|0
[Opponent] Deploy Charlotte Brulee ["ST34-003">ST34-003]
RZ1|168|2|ST34-003|1|4|2|0|1|1|0|0|0
RZ1|CHK|168|2|37|5|1|5|7|3|2|0|1|0
RZ1|169|2|ST34-003|0|34|1|5|1|1|0|0|0
RZ1|CHK|169|2|36|6|1|5|7|3|2|0|1|0
[Opponent] Charlotte Brulee ["ST34-003">ST34-003]: <b>Reveal and Draw Charlotte Brulee ["ST34-003">ST34-003]</b>
[Opponent] Placing Cards on Bottom of Deck
RZ1|170|2|ST34-005|0|35|0|0|0|0|0|0|0
RZ1|CHK|170|2|36|6|1|5|7|3|2|0|1|0
RZ1|171|2|OP11-067|0|35|0|0|0|0|0|0|0
RZ1|CHK|171|2|36|6|1|5|7|3|2|0|1|0
RZ1|172|2|Don|5|1|5|1|1|1|1|0|0
RZ1|CHK|172|2|36|6|1|5|7|3|2|0|1|0
[Opponent] Deploy Charlotte Brulee ["ST34-003">ST34-003]
RZ1|173|2|ST34-003|1|5|2|1|1|1|0|0|0
RZ1|CHK|173|2|36|5|2|5|7|3|2|0|1|0
RZ1|174|2|OP11-070|0|34|1|5|1|1|0|0|0
RZ1|CHK|174|2|35|6|2|5|7|3|2|0|1|0
[Opponent] Charlotte Brulee ["ST34-003">ST34-003]: <b>Reveal and Draw Charlotte Pudding ["OP11-070">OP11-070]</b>
[Opponent] Placing Cards on Bottom of Deck
RZ1|175|2|OP08-069|0|34|0|0|0|0|0|0|0
RZ1|CHK|175|2|35|6|2|5|7|3|2|0|1|0
RZ1|176|2|ST34-004|0|34|0|0|0|0|0|0|0
RZ1|CHK|176|2|35|6|2|5|7|3|2|0|1|0
RZ1|177|2|Don|5|2|5|2|1|1|1|0|0
RZ1|CHK|177|2|35|6|2|5|7|3|2|0|1|0
[Opponent] Deploy Charlotte Pudding ["OP11-070">OP11-070]
RZ1|178|2|OP11-070|1|5|2|2|1|1|0|0|0
RZ1|CHK|178|2|35|5|3|5|7|3|2|0|1|0
RZ1|179|2|ST34-005|0|32|1|5|1|1|0|0|0
RZ1|CHK|179|2|34|6|3|5|7|3|2|0|1|0
[Opponent] Charlotte Pudding ["OP11-070">OP11-070]: <b>Reveal and Draw Baron Tamago & Pekoms ["ST34-005">ST34-005]</b>
[Opponent] Placing Cards on Bottom of Deck
RZ1|180|2|ST34-003|0|33|0|0|0|0|0|0|0
RZ1|CHK|180|2|34|6|3|5|7|3|2|0|1|0
RZ1|181|2|OP15-078|0|33|0|0|0|0|0|0|0
RZ1|CHK|181|2|34|6|3|5|7|3|2|0|1|0
RZ1|182|2|OP07-077|0|33|0|0|0|0|0|0|0
RZ1|CHK|182|2|34|6|3|5|7|3|2|0|1|0
RZ1|183|2|OP11-073|0|33|0|0|0|0|0|0|0
RZ1|CHK|183|2|34|6|3|5|7|3|2|0|1|0
[Opponent] Charlotte Katakuri ["OP11-062">OP11-062] attacking Dracule Mihawk ["OP14-020">OP14-020]
Charlotte Katakuri ["OP11-062">OP11-062][5000] vs Dracule Mihawk ["OP14-020">OP14-020][5000]
Dracule Mihawk ["OP14-020">OP14-020] hit for 1 damage
RZ1|184|1|OP14-023|3|4|1|6|1|1|0|0|0
RZ1|CHK|184|1|35|7|3|4|7|3|1|0|1|0
[] Hand: [ST34-002,ST34-001,OP08-069,OP11-067,OP15-069,ST34-005]
[] Board: [ST34-003,ST34-003,OP11-070]
[] Trash: [OP07-077,OP07-077]
[] Life: 5
[] Hand: [ST32-003,ST24-004,OP12-037,ST24-004,ST32-002,ST32-003,OP14-023]
[] Trash: [OP01-055]
[] Board: [OP12-034,OP07-022,ST32-001]
[] Life: 4
[Opponent] End Turn
[] Hand: [ST32-003,ST24-004,OP12-037,ST24-004,ST32-002,ST32-003,OP14-023]
[] Board: [OP12-034,OP07-022,ST32-001]
[] Trash: [OP01-055]
[] Life: 4
[] Hand: [ST34-002,ST34-001,OP08-069,OP11-067,OP15-069,ST34-005]
[] Trash: [OP07-077,OP07-077]
[] Board: [ST34-003,ST34-003,OP11-070]
[] Life: 5
[You] Draw 1 Card
[] Drew card from deck: Roronoa Zoro ["ST32-005">ST32-005]
RZ1|185|1|ST32-005|0|34|1|7|1|1|0|0|0
RZ1|CHK|185|1|34|8|3|4|7|3|1|0|1|0
RZ1|186|1|Don|4|6|5|3|1|1|0|0|0
RZ1|CHK|186|1|34|8|3|4|6|4|1|0|1|0
RZ1|187|1|Don|4|5|5|4|1|1|0|0|0
RZ1|CHK|187|1|34|8|3|4|5|5|1|0|1|0
[You] Draw 2 Don
RZ1|188|1|Don|5|0|5|0|1|1|1|0|0
RZ1|CHK|188|1|34|8|3|4|5|5|1|0|1|0
RZ1|189|1|Don|5|1|5|1|1|1|1|0|0
RZ1|CHK|189|1|34|8|3|4|5|5|1|0|1|0
RZ1|190|1|Don|5|2|5|2|1|1|1|0|0
RZ1|CHK|190|1|34|8|3|4|5|5|1|0|1|0
RZ1|191|1|Don|5|3|5|3|1|1|1|0|0
RZ1|CHK|191|1|34|8|3|4|5|5|1|0|1|0
RZ1|192|1|Don|5|4|5|4|1|1|1|0|0
RZ1|CHK|192|1|34|8|3|4|5|5|1|0|1|0
[You] Deploy Kouzuki Oden ["ST32-002">ST32-002]
RZ1|193|1|ST32-002|1|4|2|3|1|1|0|0|0
RZ1|CHK|193|1|34|7|4|4|5|5|1|0|1|0
[] Drew card from deck: You Can Be My Samurai!!! ["OP01-055">OP01-055]
RZ1|194|1|OP01-055|0|33|1|7|1|1|0|0|0
RZ1|CHK|194|1|33|8|4|4|5|5|1|0|1|0
[You] Kouzuki Oden ["ST32-002">ST32-002]: Draw 1 Card
[You] Kouzuki Oden ["ST32-002">ST32-002]: Charlotte Pudding ["OP11-070">OP11-070] can't be rested until next turn ends
[You] Dracule Mihawk ["OP14-020">OP14-020]: Rest Kouzuki Oden ["ST32-002">ST32-002]
[You] Dracule Mihawk ["OP14-020">OP14-020]: Activate 1 Don
RZ1|195|1|Don|5|4|5|4|1|1|0|0|0
RZ1|CHK|195|1|33|8|4|4|5|5|1|0|1|0
[You] Dracule Mihawk ["OP14-020">OP14-020]: Activate 1 Don
RZ1|196|1|Don|5|3|5|3|1|1|0|0|0
RZ1|CHK|196|1|33|8|4|4|5|5|1|0|1|0
[You] Dracule Mihawk ["OP14-020">OP14-020]: Activate 1 Don
RZ1|197|1|Don|5|2|5|2|1|1|0|0|0
RZ1|CHK|197|1|33|8|4|4|5|5|1|0|1|0
[You] Dracule Mihawk ["OP14-020">OP14-020]: Can't play Cost 1 Or More Characters for the Turn!
[You] Attach 3 Don to Perona ["OP12-034">OP12-034] (3 Total)
RZ1|198|1|Don|5|4|9|0|1|1|0|0|0
RZ1|CHK|198|1|33|8|4|4|5|4|1|0|1|1
RZ1|199|1|Don|5|3|9|1|1|1|0|0|0
RZ1|CHK|199|1|33|8|4|4|5|3|1|0|1|2
RZ1|200|1|Don|5|2|9|2|1|1|0|0|0
RZ1|CHK|200|1|33|8|4|4|5|2|1|0|1|3
[You] Perona ["OP12-034">OP12-034] attacking Charlotte Katakuri ["OP11-062">OP11-062]
RZ1|201|2|Don|5|0|4|7|1|1|0|0|0
RZ1|CHK|201|2|34|6|3|5|8|2|2|0|1|0
[Opponent] Charlotte Katakuri ["OP11-062">OP11-062]: Minus 1 Don
[Opponent] Charlotte Katakuri ["OP11-062">OP11-062]: <b>Looked at opponent's top deck</b>
[Opponent] Charlotte Katakuri ["OP11-062">OP11-062]: <b>Finished looking at opponent's top deck</b>
[Opponent] Charlotte Katakuri ["OP11-062">OP11-062]: Buff Charlotte Katakuri ["OP11-062">OP11-062] 1000 for the Combat
Perona ["OP12-034">OP12-034][5000] vs Charlotte Katakuri ["OP11-062">OP11-062][6000]
Attack Fails
[You] Dracule Mihawk ["OP14-020">OP14-020] attacking Charlotte Katakuri ["OP11-062">OP11-062]
Dracule Mihawk ["OP14-020">OP14-020][5000] vs Charlotte Katakuri ["OP11-062">OP11-062][5000]
Charlotte Katakuri ["OP11-062">OP11-062] hit for 1 damage
RZ1|202|2|ST34-005|3|4|1|6|1|1|0|0|0
RZ1|CHK|202|2|34|7|3|4|8|2|2|0|1|0
[] Hand: [ST32-003,ST24-004,OP12-037,ST24-004,ST32-003,OP14-023,ST32-005,OP01-055]
[] Board: [OP12-034,OP07-022,ST32-001,ST32-002]
[] Trash: [OP01-055]
[] Life: 4
[] Hand: [ST34-002,ST34-001,OP08-069,OP11-067,OP15-069,ST34-005,ST34-005]
[] Trash: [OP07-077,OP07-077]
[] Board: [ST34-003,ST34-003,OP11-070]
[] Life: 4
[You] End Turn
[] Hand: [ST34-002,ST34-001,OP08-069,OP11-067,OP15-069,ST34-005,ST34-005]
[] Board: [ST34-003,ST34-003,OP11-070]
[] Trash: [OP07-077,OP07-077]
[] Life: 4
[] Hand: [ST32-003,ST24-004,OP12-037,ST24-004,ST32-003,OP14-023,ST32-005,OP01-055]
[] Trash: [OP01-055]
[] Board: [OP12-034,OP07-022,ST32-001,ST32-002]
[] Life: 4
[Opponent] Draw 1 Card
[] Drew card from deck: Charlotte Cracker ["ST34-002">ST34-002]
RZ1|203|2|ST34-002|0|33|1|7|1|1|0|0|0
RZ1|CHK|203|2|33|8|3|4|8|2|2|0|1|0
RZ1|204|2|Don|4|7|5|2|1|1|0|0|0
RZ1|CHK|204|2|33|8|3|4|7|3|2|0|1|0
RZ1|205|2|Don|4|6|5|3|1|1|0|0|0
RZ1|CHK|205|2|33|8|3|4|6|4|2|0|1|0
[Opponent] Draw 2 Don
RZ1|206|2|Don|5|0|5|0|1|1|1|0|0
RZ1|CHK|206|2|33|8|3|4|6|4|2|0|1|0
RZ1|207|2|Don|5|1|5|1|1|1|1|0|0
RZ1|CHK|207|2|33|8|3|4|6|4|2|0|1|0
RZ1|208|2|Don|5|2|5|2|1|1|1|0|0
RZ1|CHK|208|2|33|8|3|4|6|4|2|0|1|0
RZ1|209|2|Don|5|3|5|3|1|1|1|0|0
RZ1|CHK|209|2|33|8|3|4|6|4|2|0|1|0
[Opponent] Deploy Charlotte Cracker ["ST34-002">ST34-002]
RZ1|210|2|ST34-002|1|0|2|3|1|1|0|0|0
RZ1|CHK|210|2|33|7|4|4|6|4|2|0|1|0
Charlotte Cracker ["ST34-002">ST34-002]: Draw 1 Rested Don
RZ1|211|2|Don|4|5|5|0|1|1|1|0|0
RZ1|CHK|211|2|33|7|4|4|5|5|2|0|1|0
[Opponent] Charlotte Cracker ["ST34-002">ST34-002]: Destroy Perona ["OP12-034">OP12-034]
RZ1|212|1|Don|9|0|5|0|1|1|1|0|0
RZ1|CHK|212|1|33|8|4|4|5|3|1|0|1|2
RZ1|213|1|Don|9|0|5|0|1|1|1|0|0
RZ1|CHK|213|1|33|8|4|4|5|4|1|0|1|1
RZ1|214|1|Don|9|0|5|0|1|1|1|0|0
RZ1|CHK|214|1|33|8|4|4|5|5|1|0|1|0
RZ1|215|1|OP12-034|2|0|6|1|1|1|0|0|0
RZ1|CHK|215|1|33|8|3|4|5|5|2|0|1|0
[Opponent] Charlotte Katakuri ["OP11-062">OP11-062] attacking Dracule Mihawk ["OP14-020">OP14-020]
[You] Discard Roronoa Zoro ["ST32-005">ST32-005] for Counter 2000
RZ1|216|1|ST32-005|1|6|6|2|1|1|0|0|0
RZ1|CHK|216|1|33|7|3|4|5|5|3|0|1|0
Charlotte Katakuri ["OP11-062">OP11-062][5000] vs Dracule Mihawk ["OP14-020">OP14-020][7000]
Attack Fails
[] Hand: [ST34-001,OP08-069,OP11-067,OP15-069,ST34-005,ST34-005,ST34-002]
[] Board: [ST34-003,ST34-003,OP11-070,ST34-002]
[] Trash: [OP07-077,OP07-077]
[] Life: 4
[] Hand: [ST32-003,ST24-004,OP12-037,ST24-004,ST32-003,OP14-023,OP01-055]
[] Trash: [OP01-055,OP12-034,ST32-005]
[] Board: [OP07-022,ST32-001,ST32-002]
[] Life: 4
[Opponent] End Turn
[] Hand: [ST32-003,ST24-004,OP12-037,ST24-004,ST32-003,OP14-023,OP01-055]
[] Board: [OP07-022,ST32-001,ST32-002]
[] Trash: [OP01-055,OP12-034,ST32-005]
[] Life: 4
[] Hand: [ST34-001,OP08-069,OP11-067,OP15-069,ST34-005,ST34-005,ST34-002]
[] Trash: [OP07-077,OP07-077]
[] Board: [ST34-003,ST34-003,OP11-070,ST34-002]
[] Life: 4
[You] Draw 1 Card
[] Drew card from deck: Demonic Aura Nine-Sword Style Asura Dead Man's Game ["OP12-037">OP12-037]
RZ1|217|1|OP12-037|0|32|1|7|1|1|0|0|0
RZ1|CHK|217|1|32|8|3|4|5|5|3|0|1|0
RZ1|218|1|Don|4|4|5|5|1|1|0|0|0
RZ1|CHK|218|1|32|8|3|4|4|6|3|0|1|0
RZ1|219|1|Don|4|3|5|6|1|1|0|0|0
RZ1|CHK|219|1|32|8|3|4|3|7|3|0|1|0
[You] Draw 2 Don
[You] You Can Be My Samurai!!! ["OP01-055">OP01-055]: Rest Kin'emon ["ST32-001">ST32-001]
[You] You Can Be My Samurai!!! ["OP01-055">OP01-055]: Rest Otama ["OP07-022">OP07-022]
[You] You Can Be My Samurai!!! ["OP01-055">OP01-055]: Draw 2 Card
[] Drew card from deck: Perona ["OP12-034">OP12-034]
RZ1|220|1|OP12-034|0|31|1|8|1|1|0|0|0
RZ1|CHK|220|1|31|9|3|4|3|7|3|0|1|0
[] Drew card from deck: Dracule Mihawk ["ST32-003">ST32-003]
RZ1|221|1|ST32-003|0|30|1|9|1|1|0|0|0
RZ1|CHK|221|1|30|10|3|4|3|7|3|0|1|0
RZ1|222|1|Don|5|0|5|0|1|1|1|0|0
RZ1|CHK|222|1|30|10|3|4|3|7|3|0|1|0
RZ1|223|1|OP01-055|1|6|6|3|1|1|0|0|0
RZ1|CHK|223|1|30|9|3|4|3|7|4|0|1|0
RZ1|224|1|Don|5|1|5|1|1|1|1|0|0
RZ1|CHK|224|1|30|9|3|4|3|7|4|0|1|0
RZ1|225|1|Don|5|2|5|2|1|1|1|0|0
RZ1|CHK|225|1|30|9|3|4|3|7|4|0|1|0
RZ1|226|1|Don|5|3|5|3|1|1|1|0|0
RZ1|CHK|226|1|30|9|3|4|3|7|4|0|1|0
RZ1|227|1|Don|5|4|5|4|1|1|1|0|0
RZ1|CHK|227|1|30|9|3|4|3|7|4|0|1|0
RZ1|228|1|Don|5|5|5|5|1|1|1|0|0
RZ1|CHK|228|1|30|9|3|4|3|7|4|0|1|0
RZ1|229|1|Don|5|6|5|6|1|1|1|0|0
RZ1|CHK|229|1|30|9|3|4|3|7|4|0|1|0
[You] Deploy Dracule Mihawk ["ST32-003">ST32-003]
RZ1|230|1|ST32-003|1|4|2|3|1|1|0|0|0
RZ1|CHK|230|1|30|8|4|4|3|7|4|0|1|0
RZ1|231|1|OP12-034|1|6|2|4|1|1|0|0|0
RZ1|CHK|231|1|30|7|5|4|3|7|4|0|1|0
[You] Dracule Mihawk ["ST32-003">ST32-003]: Deploy Perona ["OP12-034">OP12-034]
RZ1|232|1|OP14-023|0|25|1|7|1|1|0|0|0
RZ1|CHK|232|1|29|8|5|4|3|7|4|0|1|0
[You] Perona ["OP12-034">OP12-034]: <b>Reveal and Draw Kikunojo ["OP14-023">OP14-023]</b>
[You] Placing Cards on Bottom of Deck
RZ1|233|1|ST32-001|0|28|0|0|0|0|0|0|0
RZ1|CHK|233|1|29|8|5|4|3|7|4|0|1|0
RZ1|234|1|ST32-001|0|28|0|0|0|0|0|0|0
RZ1|CHK|234|1|29|8|5|4|3|7|4|0|1|0
RZ1|235|1|OP14-033|0|28|0|0|0|0|0|0|0
RZ1|CHK|235|1|29|8|5|4|3|7|4|0|1|0
RZ1|236|1|OP14-033|0|28|0|0|0|0|0|0|0
RZ1|CHK|236|1|29|8|5|4|3|7|4|0|1|0
[You] Dracule Mihawk ["OP14-020">OP14-020]: Rest Dracule Mihawk ["ST32-003">ST32-003]
[You] Dracule Mihawk ["OP14-020">OP14-020]: Activate 1 Don
RZ1|237|1|Don|5|6|5|6|1|1|0|0|0
RZ1|CHK|237|1|29|8|5|4|3|7|4|0|1|0
[You] Dracule Mihawk ["OP14-020">OP14-020]: Activate 1 Don
RZ1|238|1|Don|5|5|5|5|1|1|0|0|0
RZ1|CHK|238|1|29|8|5|4|3|7|4|0|1|0
[You] Dracule Mihawk ["OP14-020">OP14-020]: Activate 1 Don
RZ1|239|1|Don|5|4|5|4|1|1|0|0|0
RZ1|CHK|239|1|29|8|5|4|3|7|4|0|1|0
[You] Dracule Mihawk ["OP14-020">OP14-020]: Can't play Cost 1 Or More Characters for the Turn!
[] Drew card from deck: Dracule Mihawk ["ST32-003">ST32-003]
RZ1|240|1|ST32-003|0|28|1|8|1|1|0|0|0
RZ1|CHK|240|1|28|9|5|4|3|7|4|0|1|0
[You] Dracule Mihawk ["ST32-003">ST32-003]: Draw 1 Card
RZ1|241|1|ST32-003|1|8|6|4|1|1|0|0|0
RZ1|CHK|241|1|28|8|5|4|3|7|5|0|1|0
[You] Dracule Mihawk ["ST32-003">ST32-003]: Trash Dracule Mihawk ["ST32-003">ST32-003]
[You] Attach 1 Don to Kouzuki Oden ["ST32-002">ST32-002] (1 Total)
RZ1|242|1|Don|5|6|9|200|1|1|0|0|0
RZ1|CHK|242|1|28|8|5|4|3|6|5|0|1|1
[You] Kouzuki Oden ["ST32-002">ST32-002] attacking Charlotte Katakuri ["OP11-062">OP11-062]
Kouzuki Oden ["ST32-002">ST32-002][7000] vs Charlotte Katakuri ["OP11-062">OP11-062][5000]
Charlotte Katakuri ["OP11-062">OP11-062] hit for 1 damage
RZ1|243|2|OP07-077|3|3|1|7|1|1|0|0|0
RZ1|CHK|243|2|33|8|4|3|5|5|2|0|1|0
[Opponent] We're Going to Claim the One Piece!!! ["OP07-077">OP07-077]: Activate Trigger
RZ1|244|2|OP07-077|1|7|6|2|1|1|0|0|0
RZ1|CHK|244|2|33|7|4|3|5|5|3|0|1|0
RZ1|245|2|ST34-004|0|31|1|7|1|1|0|0|0
RZ1|CHK|245|2|32|8|4|3|5|5|3|0|1|0
[Opponent] We're Going to Claim the One Piece!!! ["OP07-077">OP07-077]: <b>Reveal and Draw Charlotte Linlin ["ST34-004">ST34-004]</b>
[Opponent] Placing Cards on Bottom of Deck
RZ1|246|2|ST18-001|0|31|0|0|0|0|0|0|0
RZ1|CHK|246|2|32|8|4|3|5|5|3|0|1|0
RZ1|247|2|OP13-076|0|31|0|0|0|0|0|0|0
RZ1|CHK|247|2|32|8|4|3|5|5|3|0|1|0
RZ1|248|2|ST34-004|0|31|0|0|0|0|0|0|0
RZ1|CHK|248|2|32|8|4|3|5|5|3|0|1|0
RZ1|249|2|OP15-069|0|31|0|0|0|0|0|0|0
RZ1|CHK|249|2|32|8|4|3|5|5|3|0|1|0
[You] Attach 1 Don to Dracule Mihawk ["OP14-020">OP14-020] (1 Total)
RZ1|250|1|Don|5|5|9|9900|1|1|0|0|0
RZ1|CHK|250|1|28|8|5|4|3|5|5|0|1|2
[You] Attach 1 Don to Dracule Mihawk ["OP14-020">OP14-020] (2 Total)
RZ1|251|1|Don|5|4|9|9901|1|1|0|0|0
RZ1|CHK|251|1|28|8|5|4|3|4|5|0|1|3
[You] Dracule Mihawk ["OP14-020">OP14-020] attacking Charlotte Katakuri ["OP11-062">OP11-062]
Dracule Mihawk ["OP14-020">OP14-020][7000] vs Charlotte Katakuri ["OP11-062">OP11-062][5000]
Charlotte Katakuri ["OP11-062">OP11-062] hit for 1 damage
RZ1|252|2|OP08-069|3|2|1|8|1|1|0|0|0
RZ1|CHK|252|2|32|9|4|2|5|5|3|0|1|0
[] Hand: [ST32-003,ST24-004,OP12-037,ST24-004,OP14-023,OP12-037,ST32-003,OP14-023]
[] Board: [OP07-022,ST32-001,ST32-002,ST32-003,OP12-034]
[] Trash: [OP01-055,OP12-034,ST32-005,OP01-055,ST32-003]
[] Life: 4
[] Hand: [ST34-001,OP08-069,OP11-067,OP15-069,ST34-005,ST34-005,ST34-002,ST34-004,OP08-069]
[] Trash: [OP07-077,OP07-077,OP07-077]
[] Board: [ST34-003,ST34-003,OP11-070,ST34-002]
[] Life: 2
[You] End Turn
[] Hand: [ST34-001,OP08-069,OP11-067,OP15-069,ST34-005,ST34-005,ST34-002,ST34-004,OP08-069]
[] Board: [ST34-003,ST34-003,OP11-070,ST34-002]
[] Trash: [OP07-077,OP07-077,OP07-077]
[] Life: 2
[] Hand: [ST32-003,ST24-004,OP12-037,ST24-004,OP14-023,OP12-037,ST32-003,OP14-023]
[] Trash: [OP01-055,OP12-034,ST32-005,OP01-055,ST32-003]
[] Board: [OP07-022,ST32-001,ST32-002,ST32-003,OP12-034]
[] Life: 4
[Opponent] Draw 1 Card
[] Drew card from deck: Charlotte Cracker ["ST34-002">ST34-002]
RZ1|253|2|ST34-002|0|31|1|9|1|1|0|0|0
RZ1|CHK|253|2|31|10|4|2|5|5|3|0|1|0
RZ1|254|2|Don|4|4|5|5|1|1|0|0|0
RZ1|CHK|254|2|31|10|4|2|4|6|3|0|1|0
RZ1|255|2|Don|4|3|5|6|1|1|0|0|0
RZ1|CHK|255|2|31|10|4|2|3|7|3|0|1|0
[Opponent] Draw 2 Don
RZ1|256|2|Don|5|0|5|0|1|1|1|0|0
RZ1|CHK|256|2|31|10|4|2|3|7|3|0|1|0
RZ1|257|2|Don|5|1|5|1|1|1|1|0|0
RZ1|CHK|257|2|31|10|4|2|3|7|3|0|1|0
RZ1|258|2|Don|5|2|5|2|1|1|1|0|0
RZ1|CHK|258|2|31|10|4|2|3|7|3|0|1|0
RZ1|259|2|Don|5|3|5|3|1|1|1|0|0
RZ1|CHK|259|2|31|10|4|2|3|7|3|0|1|0
[Opponent] Deploy Charlotte Cracker ["ST34-002">ST34-002]
RZ1|260|2|ST34-002|1|6|2|4|1|1|0|0|0
RZ1|CHK|260|2|31|9|5|2|3|7|3|0|1|0
Charlotte Cracker ["ST34-002">ST34-002]: Draw 1 Rested Don
RZ1|261|2|Don|4|2|5|0|1|1|1|0|0
RZ1|CHK|261|2|31|9|5|2|2|8|3|0|1|0
[Opponent] Charlotte Cracker ["ST34-002">ST34-002]: Destroy Kin'emon ["ST32-001">ST32-001]
RZ1|262|1|ST32-001|2|1|6|5|1|1|0|0|0
RZ1|CHK|262|1|28|8|4|4|3|4|6|0|1|3
RZ1|263|2|Don|5|5|5|5|1|1|1|0|0
RZ1|CHK|263|2|31|9|5|2|2|8|3|0|1|0
RZ1|264|2|Don|5|6|5|6|1|1|1|0|0
RZ1|CHK|264|2|31|9|5|2|2|8|3|0|1|0
RZ1|265|2|Don|5|7|5|7|1|1|1|0|0
RZ1|CHK|265|2|31|9|5|2|2|8|3|0|1|0
[Opponent] Trash Charlotte Brulee ["ST34-003">ST34-003]
[Opponent] Deploy Baron Tamago & Pekoms ["ST34-005">ST34-005]
RZ1|266|2|ST34-003|2|0|6|3|1|1|0|0|0
RZ1|CHK|266|2|31|9|4|2|2|8|4|0|1|0
RZ1|267|2|ST34-005|1|4|2|4|1|1|0|0|0
RZ1|CHK|267|2|31|8|5|2|2|8|4|0|1|0
[Opponent] Charlotte Cracker ["ST34-002">ST34-002] attacking Dracule Mihawk ["OP14-020">OP14-020]
Charlotte Cracker ["ST34-002">ST34-002][5000] vs Dracule Mihawk ["OP14-020">OP14-020][5000]
Dracule Mihawk ["OP14-020">OP14-020] hit for 1 damage
RZ1|268|1|OP12-034|3|3|1|8|1|1|0|0|0
RZ1|CHK|268|1|28|9|4|3|3|4|6|0|1|3
[Opponent] Charlotte Katakuri ["OP11-062">OP11-062] attacking Dracule Mihawk ["OP14-020">OP14-020]
[You] Discard Perona ["OP12-034">OP12-034] for Counter 1000
RZ1|269|1|OP12-034|1|8|6|6|1|1|0|0|0
RZ1|CHK|269|1|28|8|4|3|3|4|7|0|1|3
Charlotte Katakuri ["OP11-062">OP11-062][5000] vs Dracule Mihawk ["OP14-020">OP14-020][6000]
Attack Fails
[Opponent] Charlotte Brulee ["ST34-003">ST34-003] attacking Otama ["OP07-022">OP07-022]
Charlotte Brulee ["ST34-003">ST34-003][2000] vs Otama ["OP07-022">OP07-022][0]
[You] Otama ["OP07-022">OP07-022] Destroyed
RZ1|270|1|OP07-022|2|0|6|7|1|1|0|0|0
RZ1|CHK|270|1|28|8|3|3|3|4|8|0|1|3
[] Hand: [ST34-001,OP08-069,OP11-067,OP15-069,ST34-005,ST34-004,OP08-069,ST34-002]
[] Board: [ST34-003,OP11-070,ST34-002,ST34-002,ST34-005]
[] Trash: [OP07-077,OP07-077,OP07-077,ST34-003]
[] Life: 2
[] Hand: [ST32-003,ST24-004,OP12-037,ST24-004,OP14-023,OP12-037,ST32-003,OP14-023]
[] Trash: [OP01-055,OP12-034,ST32-005,OP01-055,ST32-003,ST32-001,OP12-034,OP07-022]
[] Board: [ST32-002,ST32-003,OP12-034]
[] Life: 3
[Opponent] End Turn
[] Hand: [ST32-003,ST24-004,OP12-037,ST24-004,OP14-023,OP12-037,ST32-003,OP14-023]
[] Board: [ST32-002,ST32-003,OP12-034]
[] Trash: [OP01-055,OP12-034,ST32-005,OP01-055,ST32-003,ST32-001,OP12-034,OP07-022]
[] Life: 3
[] Hand: [ST34-001,OP08-069,OP11-067,OP15-069,ST34-005,ST34-004,OP08-069,ST34-002]
[] Trash: [OP07-077,OP07-077,OP07-077,ST34-003]
[] Board: [ST34-003,OP11-070,ST34-002,ST34-002,ST34-005]
[] Life: 2
RZ1|271|1|Don|9|9900|5|0|1|1|1|0|0
RZ1|CHK|271|1|28|8|3|3|3|5|8|0|1|2
RZ1|272|1|Don|9|9900|5|0|1|1|1|0|0
RZ1|CHK|272|1|28|8|3|3|3|6|8|0|1|1
RZ1|273|1|Don|9|0|5|0|1|1|1|0|0
RZ1|CHK|273|1|28|8|3|3|3|7|8|0|1|0
[You] Draw 1 Card
[] Drew card from deck: Billion-fold World Trichiliocosm ["OP06-038">OP06-038]
RZ1|274|1|OP06-038|0|27|1|8|1|1|0|0|0
RZ1|CHK|274|1|27|9|3|3|3|7|8|0|1|0
RZ1|275|1|Don|4|2|5|7|1|1|0|0|0
RZ1|CHK|275|1|27|9|3|3|2|8|8|0|1|0
RZ1|276|1|Don|4|1|5|8|1|1|0|0|0
RZ1|CHK|276|1|27|9|3|3|1|9|8|0|1|0
[You] Draw 2 Don
[You] Attach 1 Don to Kouzuki Oden ["ST32-002">ST32-002] (1 Total)
RZ1|277|1|Don|5|8|9|0|1|1|0|0|0
RZ1|CHK|277|1|27|9|3|3|1|8|8|0|1|1
[You] Attach 1 Don to Kouzuki Oden ["ST32-002">ST32-002] (2 Total)
RZ1|278|1|Don|5|7|9|1|1|1|0|0|0
RZ1|CHK|278|1|27|9|3|3|1|7|8|0|1|2
[You] Kouzuki Oden ["ST32-002">ST32-002] attacking Charlotte Katakuri ["OP11-062">OP11-062]
[Opponent] Discard Nola ["OP15-069">OP15-069] for Counter 2000
RZ1|279|2|OP15-069|1|3|6|4|1|1|0|0|0
RZ1|CHK|279|2|31|7|5|2|2|8|5|0|1|0
[Opponent] Discard Baron Tamago & Pekoms ["ST34-005">ST34-005] for Counter 2000
RZ1|280|2|ST34-005|1|3|6|5|1|1|0|0|0
RZ1|CHK|280|2|31|6|5|2|2|8|6|0|1|0
Kouzuki Oden ["ST32-002">ST32-002][8000] vs Charlotte Katakuri ["OP11-062">OP11-062][9000]
Attack Fails
[You] Attach 1 Don to Dracule Mihawk ["ST32-003">ST32-003] (1 Total)
RZ1|281|1|Don|5|6|9|100|1|1|0|0|0
RZ1|CHK|281|1|27|9|3|3|1|6|8|0|1|3
[You] Dracule Mihawk ["ST32-003">ST32-003] attacking Charlotte Katakuri ["OP11-062">OP11-062]
[] Drew card from deck: You Can Be My Samurai!!! ["OP01-055">OP01-055]
RZ1|282|1|OP01-055|0|26|1|9|1|1|0|0|0
RZ1|CHK|282|1|26|10|3|3|1|6|8|0|1|3
[You] Dracule Mihawk ["ST32-003">ST32-003]: Draw 1 Card
RZ1|283|1|OP01-055|1|9|6|8|1|1|0|0|0
RZ1|CHK|283|1|26|9|3|3|1|6|9|0|1|3
[You] Dracule Mihawk ["ST32-003">ST32-003]: Trash You Can Be My Samurai!!! ["OP01-055">OP01-055]
Dracule Mihawk ["ST32-003">ST32-003][8000] vs Charlotte Katakuri ["OP11-062">OP11-062][5000]
Charlotte Katakuri ["OP11-062">OP11-062] hit for 1 damage
RZ1|284|2|ST34-001|3|1|1|6|1|1|0|0|0
RZ1|CHK|284|2|31|7|5|1|2|8|6|0|1|0
[You] Attach 1 Don to Perona ["OP12-034">OP12-034] (1 Total)
RZ1|285|1|Don|5|5|9|200|1|1|0|0|0
RZ1|CHK|285|1|26|9|3|3|1|5|9|0|1|4
[You] Attach 1 Don to Perona ["OP12-034">OP12-034] (2 Total)
RZ1|286|1|Don|5|4|9|201|1|1|0|0|0
RZ1|CHK|286|1|26|9|3|3|1|4|9|0|1|5
[You] Attach 1 Don to Perona ["OP12-034">OP12-034] (3 Total)
RZ1|287|1|Don|5|3|9|202|1|1|0|0|0
RZ1|CHK|287|1|26|9|3|3|1|3|9|0|1|6
[You] Perona ["OP12-034">OP12-034] attacking Charlotte Katakuri ["OP11-062">OP11-062]
RZ1|288|2|Don|5|0|4|2|1|1|0|0|0
RZ1|CHK|288|2|31|7|5|1|3|7|6|0|1|0
[Opponent] Charlotte Katakuri ["OP11-062">OP11-062]: Minus 1 Don
[Opponent] Charlotte Katakuri ["OP11-062">OP11-062]: <b>Looked at opponent's top deck</b>
[Opponent] Charlotte Katakuri ["OP11-062">OP11-062]: <b>Finished looking at opponent's top deck</b>
[Opponent] Charlotte Katakuri ["OP11-062">OP11-062]: Buff Charlotte Katakuri ["OP11-062">OP11-062] 1000 for the Combat
Perona ["OP12-034">OP12-034][5000] vs Charlotte Katakuri ["OP11-062">OP11-062][6000]
Attack Fails
[You] Attach 2 Don to Dracule Mihawk ["OP14-020">OP14-020] (2 Total)
RZ1|289|1|Don|5|2|9|9900|1|1|0|0|0
RZ1|CHK|289|1|26|9|3|3|1|2|9|0|1|7
RZ1|290|1|Don|5|1|9|9901|1|1|0|0|0
RZ1|CHK|290|1|26|9|3|3|1|1|9|0|1|8
[You] Dracule Mihawk ["OP14-020">OP14-020] attacking Charlotte Cracker ["ST34-002">ST34-002]
Dracule Mihawk ["OP14-020">OP14-020][7000] vs Charlotte Cracker ["ST34-002">ST34-002][5000]
[Opponent] Charlotte Cracker ["ST34-002">ST34-002] Destroyed
RZ1|291|2|ST34-002|2|2|6|6|1|1|0|0|0
RZ1|CHK|291|2|31|7|4|1|3|7|7|0|1|0
[] Hand: [ST32-003,ST24-004,OP12-037,ST24-004,OP14-023,OP12-037,ST32-003,OP14-023,OP06-038]
[] Board: [ST32-002,ST32-003,OP12-034]
[] Trash: [OP01-055,OP12-034,ST32-005,OP01-055,ST32-003,ST32-001,OP12-034,OP07-022,OP01-055]
[] Life: 3
[] Hand: [ST34-001,OP08-069,OP11-067,ST34-004,OP08-069,ST34-002,ST34-001]
[] Trash: [OP07-077,OP07-077,OP07-077,ST34-003,OP15-069,ST34-005,ST34-002]
[] Board: [ST34-003,OP11-070,ST34-002,ST34-005]
[] Life: 1
[You] End Turn
[] Hand: [ST34-001,OP08-069,OP11-067,ST34-004,OP08-069,ST34-002,ST34-001]
[] Board: [ST34-003,OP11-070,ST34-002,ST34-005]
[] Trash: [OP07-077,OP07-077,OP07-077,ST34-003,OP15-069,ST34-005,ST34-002]
[] Life: 1
[] Hand: [ST32-003,ST24-004,OP12-037,ST24-004,OP14-023,OP12-037,ST32-003,OP14-023,OP06-038]
[] Trash: [OP01-055,OP12-034,ST32-005,OP01-055,ST32-003,ST32-001,OP12-034,OP07-022,OP01-055]
[] Board: [ST32-002,ST32-003,OP12-034]
[] Life: 3
[Opponent] Draw 1 Card
[] Drew card from deck: Charlotte Katakuri ["OP11-067">OP11-067]
RZ1|292|2|OP11-067|0|30|1|7|1|1|0|0|0
RZ1|CHK|292|2|30|8|4|1|3|7|7|0|1|0
RZ1|293|2|Don|4|2|5|7|1|1|0|0|0
RZ1|CHK|293|2|30|8|4|1|2|8|7|0|1|0
RZ1|294|2|Don|4|1|5|8|1|1|0|0|0
RZ1|CHK|294|2|30|8|4|1|1|9|7|0|1|0
[Opponent] Draw 2 Don
[Opponent] Charlotte Cracker ["ST34-002">ST34-002] attacking Dracule Mihawk ["OP14-020">OP14-020]
[You] Discard Kikunojo ["OP14-023">OP14-023] for Counter 2000
RZ1|295|1|OP14-023|1|7|6|9|1|1|0|0|0
RZ1|CHK|295|1|26|8|3|3|1|1|10|0|1|8
Charlotte Cracker ["ST34-002">ST34-002][5000] vs Dracule Mihawk ["OP14-020">OP14-020][7000]
Attack Fails
RZ1|296|2|Don|5|0|9|0|1|1|0|0|0
RZ1|CHK|296|2|30|8|4|1|1|8|7|0|1|1
RZ1|297|2|Don|5|0|9|1|1|1|0|0|0
RZ1|CHK|297|2|30|8|4|1|1|7|7|0|1|2
RZ1|298|2|Don|5|0|9|2|1|1|0|0|0
RZ1|CHK|298|2|30|8|4|1|1|6|7|0|1|3
[Opponent] Attach 3 Don to Charlotte Brulee ["ST34-003">ST34-003] (3 Total)
[Opponent] Charlotte Brulee ["ST34-003">ST34-003] attacking Dracule Mihawk ["OP14-020">OP14-020]
[You] Discard Kikunojo ["OP14-023">OP14-023] for Counter 2000
RZ1|299|1|OP14-023|1|4|6|10|1|1|0|0|0
RZ1|CHK|299|1|26|7|3|3|1|1|11|0|1|8
Charlotte Brulee ["ST34-003">ST34-003][5000] vs Dracule Mihawk ["OP14-020">OP14-020][7000]
Attack Fails
RZ1|300|2|Don|5|0|5|0|1|1|1|0|0
RZ1|CHK|300|2|30|8|4|1|1|6|7|0|1|3
RZ1|301|2|Don|5|1|5|1|1|1|1|0|0
RZ1|CHK|301|2|30|8|4|1|1|6|7|0|1|3
RZ1|302|2|Don|5|2|5|2|1|1|1|0|0
RZ1|CHK|302|2|30|8|4|1|1|6|7|0|1|3
RZ1|303|2|Don|5|3|5|3|1|1|1|0|0
RZ1|CHK|303|2|30|8|4|1|1|6|7|0|1|3
[Opponent] Deploy Charlotte Cracker ["ST34-002">ST34-002]
RZ1|304|2|ST34-002|1|5|2|4|1|1|0|0|0
RZ1|CHK|304|2|30|7|5|1|1|6|7|0|1|3
Charlotte Cracker ["ST34-002">ST34-002]: Draw 1 Rested Don
RZ1|305|2|Don|4|0|5|0|1|1|1|0|0
RZ1|CHK|305|2|30|7|5|1|0|7|7|0|1|3
[Opponent] Charlotte Cracker ["ST34-002">ST34-002]: Destroy Perona ["OP12-034">OP12-034]
RZ1|306|1|Don|9|200|5|0|1|1|1|0|0
RZ1|CHK|306|1|26|7|3|3|1|2|11|0|1|7
RZ1|307|1|Don|9|200|5|0|1|1|1|0|0
RZ1|CHK|307|1|26|7|3|3|1|3|11|0|1|6
RZ1|308|1|Don|9|200|5|0|1|1|1|0|0
RZ1|CHK|308|1|26|7|3|3|1|4|11|0|1|5
RZ1|309|1|OP12-034|2|2|6|11|1|1|0|0|0
RZ1|CHK|309|1|26|7|2|3|1|4|12|0|1|5
RZ1|310|2|Don|5|5|9|9900|1|1|0|0|0
RZ1|CHK|310|2|30|7|5|1|0|6|7|0|1|4
[Opponent] Attach 1 Don to Charlotte Katakuri ["OP11-062">OP11-062] (1 Total)
[Opponent] Charlotte Katakuri ["OP11-062">OP11-062] attacking Dracule Mihawk ["ST32-003">ST32-003]
RZ1|311|2|Don|9|0|4|0|1|1|0|0|0
RZ1|CHK|311|2|30|7|5|1|1|6|7|0|1|3
[Opponent] Charlotte Katakuri ["OP11-062">OP11-062]: Minus 1 Don
[Opponent] Charlotte Katakuri ["OP11-062">OP11-062]: <b>Looked at opponent's top deck</b>
[Opponent] Charlotte Katakuri ["OP11-062">OP11-062]: <b>Finished looking at opponent's top deck</b>
[Opponent] Charlotte Katakuri ["OP11-062">OP11-062]: Buff Charlotte Katakuri ["OP11-062">OP11-062] 1000 for the Combat
[You] Billion-fold World Trichiliocosm ["OP06-038">OP06-038]: Activate Counter
[You] Billion-fold World Trichiliocosm ["OP06-038">OP06-038]: Rest 1 Don
RZ1|312|1|Don|5|3|5|3|1|1|1|0|0
RZ1|CHK|312|1|26|7|2|3|1|4|12|0|1|5
RZ1|313|1|OP06-038|1|6|6|12|1|1|0|0|0
RZ1|CHK|313|1|26|6|2|3|1|4|13|0|1|5
[You] Billion-fold World Trichiliocosm ["OP06-038">OP06-038]: Buff Dracule Mihawk ["ST32-003">ST32-003] 2000 for the Combat
Charlotte Katakuri ["OP11-062">OP11-062][7000] vs Dracule Mihawk ["ST32-003">ST32-003][9000]
Attack Fails
RZ1|314|2|Don|5|5|9|300|1|1|0|0|0
RZ1|CHK|314|2|30|7|5|1|1|5|7|0|1|4
[Opponent] Attach 1 Don to Baron Tamago & Pekoms ["ST34-005">ST34-005] (1 Total)
[Opponent] Baron Tamago & Pekoms ["ST34-005">ST34-005] attacking Dracule Mihawk ["OP14-020">OP14-020]
RZ1|315|2|Don|9|0|4|1|1|1|0|0|0
RZ1|CHK|315|2|30|7|5|1|2|5|7|0|1|3
[Opponent] Baron Tamago & Pekoms ["ST34-005">ST34-005]: Minus 1 Don
Baron Tamago & Pekoms ["ST34-005">ST34-005][5000] vs Dracule Mihawk ["OP14-020">OP14-020][5000]
Dracule Mihawk ["OP14-020">OP14-020] hit for 1 damage
RZ1|316|1|ST16-004|3|2|1|6|1|1|0|0|0
RZ1|CHK|316|1|26|7|2|2|1|4|13|0|1|5
[] Hand: [ST34-001,OP08-069,OP11-067,ST34-004,OP08-069,ST34-001,OP11-067]
[] Board: [ST34-003,OP11-070,ST34-002,ST34-005,ST34-002]
[] Trash: [OP07-077,OP07-077,OP07-077,ST34-003,OP15-069,ST34-005,ST34-002]
[] Life: 1
[] Hand: [ST32-003,ST24-004,OP12-037,ST24-004,OP12-037,ST32-003,ST16-004]
[] Trash: [OP01-055,OP12-034,ST32-005,OP01-055,ST32-003,ST32-001,OP12-034,OP07-022,OP01-055,OP14-023,OP14-023,OP12-034,OP06-038]
[] Board: [ST32-002,ST32-003]
[] Life: 2
[Opponent] End Turn
[] Hand: [ST32-003,ST24-004,OP12-037,ST24-004,OP12-037,ST32-003,ST16-004]
[] Board: [ST32-002,ST32-003]
[] Trash: [OP01-055,OP12-034,ST32-005,OP01-055,ST32-003,ST32-001,OP12-034,OP07-022,OP01-055,OP14-023,OP14-023,OP12-034,OP06-038]
[] Life: 2
[] Hand: [ST34-001,OP08-069,OP11-067,ST34-004,OP08-069,ST34-001,OP11-067]
[] Trash: [OP07-077,OP07-077,OP07-077,ST34-003,OP15-069,ST34-005,ST34-002]
[] Board: [ST34-003,OP11-070,ST34-002,ST34-005,ST34-002]
[] Life: 1
RZ1|317|1|Don|9|9900|5|0|1|1|1|0|0
RZ1|CHK|317|1|26|7|2|2|1|5|13|0|1|4
RZ1|318|1|Don|9|9900|5|0|1|1|1|0|0
RZ1|CHK|318|1|26|7|2|2|1|6|13|0|1|3
RZ1|319|1|Don|9|0|5|0|1|1|1|0|0
RZ1|CHK|319|1|26|7|2|2|1|7|13|0|1|2
RZ1|320|1|Don|9|0|5|0|1|1|1|0|0
RZ1|CHK|320|1|26|7|2|2|1|8|13|0|1|1
RZ1|321|1|Don|9|100|5|0|1|1|1|0|0
RZ1|CHK|321|1|26|7|2|2|1|9|13|0|1|0
[You] Draw 1 Card
[] Drew card from deck: Roronoa Zoro ["ST32-005">ST32-005]
RZ1|322|1|ST32-005|0|25|1|7|1|1|0|0|0
RZ1|CHK|322|1|25|8|2|2|1|9|13|0|1|0
RZ1|323|1|Don|4|0|5|9|1|1|0|0|0
RZ1|CHK|323|1|25|8|2|2|0|10|13|0|1|0
[You] Draw 2 Don
RZ1|324|1|Don|5|0|5|0|1|1|1|0|0
RZ1|CHK|324|1|25|8|2|2|0|10|13|0|1|0
RZ1|325|1|Don|5|1|5|1|1|1|1|0|0
RZ1|CHK|325|1|25|8|2|2|0|10|13|0|1|0
RZ1|326|1|Don|5|2|5|2|1|1|1|0|0
RZ1|CHK|326|1|25|8|2|2|0|10|13|0|1|0
RZ1|327|1|Don|5|3|5|3|1|1|1|0|0
RZ1|CHK|327|1|25|8|2|2|0|10|13|0|1|0
RZ1|328|1|Don|5|4|5|4|1|1|1|0|0
RZ1|CHK|328|1|25|8|2|2|0|10|13|0|1|0
RZ1|329|1|Don|5|5|5|5|1|1|1|0|0
RZ1|CHK|329|1|25|8|2|2|0|10|13|0|1|0
RZ1|330|1|Don|5|6|5|6|1|1|1|0|0
RZ1|CHK|330|1|25|8|2|2|0|10|13|0|1|0
RZ1|331|1|Don|5|7|5|7|1|1|1|0|0
RZ1|CHK|331|1|25|8|2|2|0|10|13|0|1|0
RZ1|332|1|Don|5|8|5|8|1|1|1|0|0
RZ1|CHK|332|1|25|8|2|2|0|10|13|0|1|0
RZ1|333|1|Don|5|9|5|9|1|1|1|0|0
RZ1|CHK|333|1|25|8|2|2|0|10|13|0|1|0
[You] Deploy Law & Bepo ["ST24-004">ST24-004]
RZ1|334|1|ST24-004|1|1|2|2|1|1|0|0|0
RZ1|CHK|334|1|25|7|3|2|0|10|13|0|1|0
[You] Law & Bepo ["ST24-004">ST24-004]: Rest Charlotte Cracker ["ST34-002">ST34-002]
[You] Law & Bepo ["ST24-004">ST24-004]: Charlotte Cracker ["ST34-002">ST34-002] will not Activate during next Refresh
[You] Law & Bepo ["ST24-004">ST24-004]: Grant Dracule Mihawk ["OP14-020">OP14-020] 2000 until opponent's next turn end
[You] Dracule Mihawk ["OP14-020">OP14-020]: Rest Law & Bepo ["ST24-004">ST24-004]
[You] Dracule Mihawk ["OP14-020">OP14-020]: Activate 1 Don
RZ1|335|1|Don|5|9|5|9|1|1|0|0|0
RZ1|CHK|335|1|25|7|3|2|0|10|13|0|1|0
[You] Dracule Mihawk ["OP14-020">OP14-020]: Activate 1 Don
RZ1|336|1|Don|5|8|5|8|1|1|0|0|0
RZ1|CHK|336|1|25|7|3|2|0|10|13|0|1|0
[You] Dracule Mihawk ["OP14-020">OP14-020]: Activate 1 Don
RZ1|337|1|Don|5|7|5|7|1|1|0|0|0
RZ1|CHK|337|1|25|7|3|2|0|10|13|0|1|0
[You] Dracule Mihawk ["OP14-020">OP14-020]: Can't play Cost 1 Or More Characters for the Turn!
[You] Attach 1 Don to Kouzuki Oden ["ST32-002">ST32-002] (1 Total)
RZ1|338|1|Don|5|9|9|0|1|1|0|0|0
RZ1|CHK|338|1|25|7|3|2|0|9|13|0|1|1
[You] Kouzuki Oden ["ST32-002">ST32-002] attacking Charlotte Katakuri ["OP11-062">OP11-062]
Kouzuki Oden ["ST32-002">ST32-002][7000] vs Charlotte Katakuri ["OP11-062">OP11-062][5000]
Charlotte Katakuri ["OP11-062">OP11-062] hit for 1 damage
RZ1|339|2|PRB02-010|3|0|1|7|1|1|0|0|0
RZ1|CHK|339|2|30|8|5|0|2|5|7|0|1|3
[You] Dracule Mihawk ["ST32-003">ST32-003] attacking Charlotte Katakuri ["OP11-062">OP11-062]
[] Drew card from deck: Perona ["OP14-033">OP14-033]
RZ1|340|1|OP14-033|0|24|1|7|1|1|0|0|0
RZ1|CHK|340|1|24|8|3|2|0|9|13|0|1|1
[You] Dracule Mihawk ["ST32-003">ST32-003]: Draw 1 Card
RZ1|341|1|ST16-004|1|5|6|13|1|1|0|0|0
RZ1|CHK|341|1|24|7|3|2|0|9|14|0|1|1
[You] Dracule Mihawk ["ST32-003">ST32-003]: Trash Shanks ["ST16-004">ST16-004]
Dracule Mihawk ["ST32-003">ST32-003][7000] vs Charlotte Katakuri ["OP11-062">OP11-062][5000]
Charlotte Katakuri ["OP11-062">OP11-062] hit for 1 damage
[Opponent] <b>Downloaded the Combat Log!</b>
GameOver
