Version is 1.41b.51
[You] Leader is Dracule Mihawk ["OP14-020">OP14-020]
RZ1|HDR|1.41b|2|RZ1
RZ1|PLY|1||OP14-020
RZ1|PLY|2||
[Opponent] Leader is Charlotte Katakuri ["OP11-062">OP11-062]
RZ1|1|2|ST34-004|0|39|0|0|0|0|0|0|0
RZ1|CHK|1|2|50|0|0|0|10|0|0|0|1|0
RZ1|2|2|OP15-069|0|5|0|1|0|0|0|0|0
RZ1|CHK|2|2|50|0|0|0|10|0|0|0|1|0
RZ1|3|2|ST34-003|0|9|0|2|0|0|0|0|0
RZ1|CHK|3|2|50|0|0|0|10|0|0|0|1|0
RZ1|4|2|ST34-001|0|25|0|3|0|0|0|0|0
RZ1|CHK|4|2|50|0|0|0|10|0|0|0|1|0
RZ1|5|2|OP08-069|0|36|0|4|0|0|0|0|0
RZ1|CHK|5|2|50|0|0|0|10|0|0|0|1|0
RZ1|6|2|ST18-001|0|15|0|5|0|0|0|0|0
RZ1|CHK|6|2|50|0|0|0|10|0|0|0|1|0
RZ1|7|2|OP08-069|0|36|0|6|0|0|0|0|0
RZ1|CHK|7|2|50|0|0|0|10|0|0|0|1|0
RZ1|8|2|ST34-001|0|26|0|7|0|0|0|0|0
RZ1|CHK|8|2|50|0|0|0|10|0|0|0|1|0
RZ1|9|2|OP07-077|0|49|0|8|0|0|0|0|0
RZ1|CHK|9|2|50|0|0|0|10|0|0|0|1|0
RZ1|10|2|ST34-001|0|28|0|9|0|0|0|0|0
RZ1|CHK|10|2|50|0|0|0|10|0|0|0|1|0
RZ1|11|2|OP11-067|0|35|0|10|0|0|0|0|0
RZ1|CHK|11|2|50|0|0|0|10|0|0|0|1|0
RZ1|12|2|ST34-003|0|19|0|11|0|0|0|0|0
RZ1|CHK|12|2|50|0|0|0|10|0|0|0|1|0
RZ1|13|2|ST34-004|0|39|0|12|0|0|0|0|0
RZ1|CHK|13|2|50|0|0|0|10|0|0|0|1|0
RZ1|14|2|ST34-004|0|40|0|13|0|0|0|0|0
RZ1|CHK|14|2|50|0|0|0|10|0|0|0|1|0
RZ1|15|2|OP11-067|0|37|0|14|0|0|0|0|0
RZ1|CHK|15|2|50|0|0|0|10|0|0|0|1|0
RZ1|16|2|OP13-076|0|42|0|15|0|0|0|0|0
RZ1|CHK|16|2|50|0|0|0|10|0|0|0|1|0
RZ1|17|2|ST34-005|0|26|0|16|0|0|0|0|0
RZ1|CHK|17|2|50|0|0|0|10|0|0|0|1|0
RZ1|18|2|OP15-069|0|21|0|17|0|0|0|0|0
RZ1|CHK|18|2|50|0|0|0|10|0|0|0|1|0
RZ1|19|2|OP11-067|0|39|0|18|0|0|0|0|0
RZ1|CHK|19|2|50|0|0|0|10|0|0|0|1|0
RZ1|20|2|OP07-077|0|47|0|19|0|0|0|0|0
RZ1|CHK|20|2|50|0|0|0|10|0|0|0|1|0
RZ1|21|2|OP11-070|0|23|0|20|0|0|0|0|0
RZ1|CHK|21|2|50|0|0|0|10|0|0|0|1|0
RZ1|22|2|OP07-077|0|48|0|21|0|0|0|0|0
RZ1|CHK|22|2|50|0|0|0|10|0|0|0|1|0
RZ1|23|2|OP11-070|0|23|0|22|0|0|0|0|0
RZ1|CHK|23|2|50|0|0|0|10|0|0|0|1|0
RZ1|24|2|OP11-070|0|24|0|23|0|0|0|0|0
RZ1|CHK|24|2|50|0|0|0|10|0|0|0|1|0
RZ1|25|2|OP15-078|0|48|0|25|0|0|0|0|0
RZ1|CHK|25|2|50|0|0|0|10|0|0|0|1|0
RZ1|26|2|ST34-003|0|28|0|26|0|0|0|0|0
RZ1|CHK|26|2|50|0|0|0|10|0|0|0|1|0
RZ1|27|2|ST34-005|0|30|0|27|0|0|0|0|0
RZ1|CHK|27|2|50|0|0|0|10|0|0|0|1|0
RZ1|28|2|ST34-002|0|36|0|28|0|0|0|0|0
RZ1|CHK|28|2|50|0|0|0|10|0|0|0|1|0
RZ1|29|2|ST34-003|0|30|0|29|0|0|0|0|0
RZ1|CHK|29|2|50|0|0|0|10|0|0|0|1|0
RZ1|30|2|OP15-078|0|46|0|30|0|0|0|0|0
RZ1|CHK|30|2|50|0|0|0|10|0|0|0|1|0
RZ1|31|2|ST34-004|0|46|0|31|0|0|0|0|0
RZ1|CHK|31|2|50|0|0|0|10|0|0|0|1|0
RZ1|32|2|PRB02-010|0|42|0|32|0|0|0|0|0
RZ1|CHK|32|2|50|0|0|0|10|0|0|0|1|0
RZ1|33|2|OP15-078|0|47|0|33|0|0|0|0|0
RZ1|CHK|33|2|50|0|0|0|10|0|0|0|1|0
RZ1|34|2|OP11-073|0|47|0|34|0|0|0|0|0
RZ1|CHK|34|2|50|0|0|0|10|0|0|0|1|0
RZ1|35|2|ST34-002|0|40|0|35|0|0|0|0|0
RZ1|CHK|35|2|50|0|0|0|10|0|0|0|1|0
RZ1|36|2|OP08-069|0|47|0|36|0|0|0|0|0
RZ1|CHK|36|2|50|0|0|0|10|0|0|0|1|0
RZ1|37|2|OP07-077|0|49|0|37|0|0|0|0|0
RZ1|CHK|37|2|50|0|0|0|10|0|0|0|1|0
RZ1|38|2|PRB02-010|0|45|0|38|0|0|0|0|0
RZ1|CHK|38|2|50|0|0|0|10|0|0|0|1|0
RZ1|39|2|ST18-001|0|40|0|39|0|0|0|0|0
RZ1|CHK|39|2|50|0|0|0|10|0|0|0|1|0
RZ1|40|2|ST34-001|0|45|0|41|0|0|0|0|0
RZ1|CHK|40|2|50|0|0|0|10|0|0|0|1|0
RZ1|41|2|ST34-002|0|44|0|42|0|0|0|0|0
RZ1|CHK|41|2|50|0|0|0|10|0|0|0|1|0
RZ1|42|2|ST34-002|0|45|0|43|0|0|0|0|0
RZ1|CHK|42|2|50|0|0|0|10|0|0|0|1|0
RZ1|43|2|OP15-078|0|49|0|44|0|0|0|0|0
RZ1|CHK|43|2|50|0|0|0|10|0|0|0|1|0
RZ1|44|2|OP11-067|0|49|0|45|0|0|0|0|0
RZ1|CHK|44|2|50|0|0|0|10|0|0|0|1|0
RZ1|45|2|PRB02-010|0|49|0|47|0|0|0|0|0
RZ1|CHK|45|2|50|0|0|0|10|0|0|0|1|0
[] Drew card from deck: You Can Be My Samurai!!! ["OP01-055">OP01-055]
RZ1|46|1|OP01-055|0|49|1|0|1|1|0|0|0
RZ1|CHK|46|1|49|1|0|0|10|0|0|0|1|0
[] Drew card from deck: Perona ["OP14-033">OP14-033]
RZ1|47|1|OP14-033|0|48|1|1|1|1|0|0|0
RZ1|CHK|47|1|48|2|0|0|10|0|0|0|1|0
[] Drew card from deck: Otama ["OP07-022">OP07-022]
RZ1|48|1|OP07-022|0|47|1|2|1|1|0|0|0
RZ1|CHK|48|1|47|3|0|0|10|0|0|0|1|0
[] Drew card from deck: Kin'emon ["ST32-001">ST32-001]
RZ1|49|1|ST32-001|0|46|1|3|1|1|0|0|0
RZ1|CHK|49|1|46|4|0|0|10|0|0|0|1|0
[] Drew card from deck: Demonic Aura Nine-Sword Style Asura Dead Man's Game ["OP12-037">OP12-037]
RZ1|50|1|OP12-037|0|45|1|4|1|1|0|0|0
RZ1|CHK|50|1|45|5|0|0|10|0|0|0|1|0
[] Drew card from deck: Charlotte Pudding ["PRB02-010">PRB02-010]
RZ1|51|2|PRB02-010|0|49|1|0|1|1|0|0|0
RZ1|CHK|51|2|49|1|0|0|10|0|0|0|1|0
[] Drew card from deck: Baron Tamago & Pekoms ["ST34-005">ST34-005]
RZ1|52|2|ST34-005|0|48|1|1|1|1|0|0|0
RZ1|CHK|52|2|48|2|0|0|10|0|0|0|1|0
[] Drew card from deck: Charlotte Pudding ["PRB02-010">PRB02-010]
RZ1|53|2|PRB02-010|0|47|1|2|1|1|0|0|0
RZ1|CHK|53|2|47|3|0|0|10|0|0|0|1|0
[] Drew card from deck: Baron Tamago & Pekoms ["ST34-005">ST34-005]
RZ1|54|2|ST34-005|0|46|1|3|1|1|0|0|0
RZ1|CHK|54|2|46|4|0|0|10|0|0|0|1|0
[] Drew card from deck: Charlotte Katakuri ["OP11-067">OP11-067]
RZ1|55|2|OP11-067|0|45|1|4|1|1|0|0|0
RZ1|CHK|55|2|45|5|0|0|10|0|0|0|1|0
RZ1|56|1|ST24-004|0|44|3|0|1|0|0|0|0
RZ1|CHK|56|1|44|5|0|1|10|0|0|0|1|0
RZ1|57|1|ST32-005|0|43|3|1|1|0|0|0|0
RZ1|CHK|57|1|43|5|0|2|10|0|0|0|1|0
RZ1|58|1|OP12-034|0|42|3|2|1|0|0|0|0
RZ1|CHK|58|1|42|5|0|3|10|0|0|0|1|0
RZ1|59|1|OP01-055|0|41|3|3|1|0|0|0|0
RZ1|CHK|59|1|41|5|0|4|10|0|0|0|1|0
RZ1|60|1|OP12-037|0|40|3|4|1|0|0|0|0
RZ1|CHK|60|1|40|5|0|5|10|0|0|0|1|0
RZ1|61|2|OP15-078|0|44|3|0|0|1|0|0|0
RZ1|CHK|61|2|44|5|0|1|10|0|0|0|1|0
RZ1|62|2|ST34-002|0|43|3|1|0|1|0|0|0
RZ1|CHK|62|2|43|5|0|2|10|0|0|0|1|0
RZ1|63|2|ST34-002|0|42|3|2|0|1|0|0|0
RZ1|CHK|63|2|42|5|0|3|10|0|0|0|1|0
RZ1|64|2|ST34-001|0|41|3|3|0|1|0|0|0
RZ1|CHK|64|2|41|5|0|4|10|0|0|0|1|0
RZ1|65|2|OP15-069|0|40|3|4|0|1|0|0|0
RZ1|CHK|65|2|40|5|0|5|10|0|0|0|1|0
[] Hand: [OP01-055,OP14-033,OP07-022,ST32-001,OP12-037]
[] Board: []
[] Trash: []
[] Life: 5
[] Hand: [PRB02-010,ST34-005,PRB02-010,ST34-005,OP11-067]
[] Trash: []
[] Board: []
[] Life: 5
RZ1|66|1|Don|4|9|5|0|1|1|0|0|0
RZ1|CHK|66|1|40|5|0|5|9|1|0|0|1|0
[You] Draw 1 Don
RZ1|67|1|Don|5|0|5|0|1|1|1|0|0
RZ1|CHK|67|1|40|5|0|5|9|1|0|0|1|0
[You] Deploy Otama ["OP07-022">OP07-022]
RZ1|68|1|OP07-022|1|2|2|0|1|1|0|0|0
RZ1|CHK|68|1|40|4|1|5|9|1|0|0|1|0
RZ1|69|1|ST32-002|0|35|1|4|1|1|0|0|0
RZ1|CHK|69|1|39|5|1|5|9|1|0|0|1|0
[You] Otama ["OP07-022">OP07-022]: <b>Reveal and Draw Kouzuki Oden ["ST32-002">ST32-002]</b>
[You] Placing Cards on Bottom of Deck
RZ1|70|1|OP14-023|0|38|0|0|0|0|0|0|0
RZ1|CHK|70|1|39|5|1|5|9|1|0|0|1|0
RZ1|71|1|ST32-001|0|38|0|0|0|0|0|0|0
RZ1|CHK|71|1|39|5|1|5|9|1|0|0|1|0
RZ1|72|1|OP07-022|0|38|0|0|0|0|0|0|0
RZ1|CHK|72|1|39|5|1|5|9|1|0|0|1|0
RZ1|73|1|ST24-004|0|38|0|0|0|0|0|0|0
RZ1|CHK|73|1|39|5|1|5|9|1|0|0|1|0
[] Hand: [OP01-055,OP14-033,ST32-001,OP12-037,ST32-002]
[] Board: [OP07-022]
[] Trash: []
[] Life: 5
[] Hand: [PRB02-010,ST34-005,PRB02-010,ST34-005,OP11-067]
[] Trash: []
[] Board: []
[] Life: 5
[You] End Turn
[] Hand: [PRB02-010,ST34-005,PRB02-010,ST34-005,OP11-067]
[] Board: []
[] Trash: []
[] Life: 5
[] Hand: [OP01-055,OP14-033,ST32-001,OP12-037,ST32-002]
[] Trash: []
[] Board: [OP07-022]
[] Life: 5
[Opponent] Draw 1 Card
[] Drew card from deck: Usohachi ["ST18-001">ST18-001]
RZ1|74|2|ST18-001|0|39|1|5|1|1|0|0|0
RZ1|CHK|74|2|39|6|0|5|10|0|0|0|1|0
RZ1|75|2|Don|4|9|5|0|1|1|0|0|0
RZ1|CHK|75|2|39|6|0|5|9|1|0|0|1|0
RZ1|76|2|Don|4|8|5|1|1|1|0|0|0
RZ1|CHK|76|2|39|6|0|5|8|2|0|0|1|0
[Opponent] Draw 2 Don
[] Hand: [PRB02-010,ST34-005,PRB02-010,ST34-005,OP11-067,ST18-001]
[] Board: []
[] Trash: []
[] Life: 5
[] Hand: [OP01-055,OP14-033,ST32-001,OP12-037,ST32-002]
[] Trash: []
[] Board: [OP07-022]
[] Life: 5
[Opponent] End Turn
[] Hand: [OP01-055,OP14-033,ST32-001,OP12-037,ST32-002]
[] Board: [OP07-022]
[] Trash: []
[] Life: 5
[] Hand: [PRB02-010,ST34-005,PRB02-010,ST34-005,OP11-067,ST18-001]
[] Trash: []
[] Board: []
[] Life: 5
[You] Draw 1 Card
[] Drew card from deck: Dracule Mihawk ["OP14-119">OP14-119]
RZ1|77|1|OP14-119|0|38|1|5|1|1|0|0|0
RZ1|CHK|77|1|38|6|1|5|9|1|0|0|1|0
RZ1|78|1|Don|4|8|5|1|1|1|0|0|0
RZ1|CHK|78|1|38|6|1|5|8|2|0|0|1|0
RZ1|79|1|Don|4|7|5|2|1|1|0|0|0
RZ1|CHK|79|1|38|6|1|5|7|3|0|0|1|0
[You] Draw 2 Don
RZ1|80|1|Don|5|0|5|0|1|1|1|0|0
RZ1|CHK|80|1|38|6|1|5|7|3|0|0|1|0
[You] Deploy Kin'emon ["ST32-001">ST32-001]
RZ1|81|1|ST32-001|1|2|2|1|1|1|0|0|0
RZ1|CHK|81|1|38|5|2|5|7|3|0|0|1|0
[You] Kin'emon ["ST32-001">ST32-001]: Rest Don ["Don">Don]
RZ1|82|1|Don|5|1|5|1|1|1|1|0|0
RZ1|CHK|82|1|38|5|2|5|7|3|0|0|1|0
[] Drew card from deck: Kin'emon ["ST32-001">ST32-001]
RZ1|83|1|ST32-001|0|37|1|5|1|1|0|0|0
RZ1|CHK|83|1|37|6|2|5|7|3|0|0|1|0
[] Drew card from deck: Dracule Mihawk ["OP14-119">OP14-119]
RZ1|84|1|OP14-119|0|36|1|6|1|1|0|0|0
RZ1|CHK|84|1|36|7|2|5|7|3|0|0|1|0
[You] Kin'emon ["ST32-001">ST32-001]: Draw 2 Card
RZ1|85|1|ST32-001|1|5|6|0|1|1|0|0|0
RZ1|CHK|85|1|36|6|2|5|7|3|1|0|1|0
[You] Kin'emon ["ST32-001">ST32-001]: Trash Kin'emon ["ST32-001">ST32-001]
[You] Attach 1 Don to Dracule Mihawk ["OP14-020">OP14-020] (1 Total)
RZ1|86|1|Don|5|2|9|9900|1|1|0|0|0
RZ1|CHK|86|1|36|6|2|5|7|2|1|0|1|1
[You] Dracule Mihawk ["OP14-020">OP14-020] attacking Charlotte Katakuri ["OP11-062">OP11-062]
Dracule Mihawk ["OP14-020">OP14-020][6000] vs Charlotte Katakuri ["OP11-062">OP11-062][5000]
Charlotte Katakuri ["OP11-062">OP11-062] hit for 1 damage
RZ1|87|2|OP15-069|3|4|1|6|1|1|0|0|0
RZ1|CHK|87|2|39|7|0|4|8|2|0|0|1|0
[] Hand: [OP01-055,OP14-033,OP12-037,ST32-002,OP14-119,OP14-119]
[] Board: [OP07-022,ST32-001]
[] Trash: [ST32-001]
[] Life: 5
[] Hand: [PRB02-010,ST34-005,PRB02-010,ST34-005,OP11-067,ST18-001,OP15-069]
[] Trash: []
[] Board: []
[] Life: 4
[You] End Turn
[] Hand: [PRB02-010,ST34-005,PRB02-010,ST34-005,OP11-067,ST18-001,OP15-069]
[] Board: []
[] Trash: []
[] Life: 4
[] Hand: [OP01-055,OP14-033,OP12-037,ST32-002,OP14-119,OP14-119]
[] Trash: [ST32-001]
[] Board: [OP07-022,ST32-001]
[] Life: 5
[Opponent] Draw 1 Card
[] Drew card from deck: Charlotte Pudding ["PRB02-010">PRB02-010]
RZ1|88|2|PRB02-010|0|38|1|7|1|1|0|0|0
RZ1|CHK|88|2|38|8|0|4|8|2|0|0|1|0
RZ1|89|2|Don|4|7|5|2|1|1|0|0|0
RZ1|CHK|89|2|38|8|0|4|7|3|0|0|1|0
RZ1|90|2|Don|4|6|5|3|1|1|0|0|0
RZ1|CHK|90|2|38|8|0|4|6|4|0|0|1|0
[Opponent] Draw 2 Don
RZ1|91|2|Don|5|0|5|0|1|1|1|0|0
RZ1|CHK|91|2|38|8|0|4|6|4|0|0|1|0
RZ1|92|2|Don|5|1|5|1|1|1|1|0|0
RZ1|CHK|92|2|38|8|0|4|6|4|0|0|1|0
RZ1|93|2|Don|5|2|5|2|1|1|1|0|0
RZ1|CHK|93|2|38|8|0|4|6|4|0|0|1|0
[Opponent] Deploy Baron Tamago & Pekoms ["ST34-005">ST34-005]
RZ1|94|2|ST34-005|1|1|2|0|1|1|0|0|0
RZ1|CHK|94|2|38|7|1|4|6|4|0|0|1|0
RZ1|95|2|Don|5|3|5|3|1|1|1|0|0
RZ1|CHK|95|2|38|7|1|4|6|4|0|0|1|0
[Opponent] Deploy Nola ["OP15-069">OP15-069]
RZ1|96|2|OP15-069|1|5|2|1|1|1|0|0|0
RZ1|CHK|96|2|38|6|2|4|6|4|0|0|1|0
[Opponent] Charlotte Katakuri ["OP11-062">OP11-062] attacking Dracule Mihawk ["OP14-020">OP14-020]
Charlotte Katakuri ["OP11-062">OP11-062][5000] vs Dracule Mihawk ["OP14-020">OP14-020][5000]
Dracule Mihawk ["OP14-020">OP14-020] hit for 1 damage
RZ1|97|1|OP12-037|3|4|1|6|1|1|0|0|0
RZ1|CHK|97|1|36|7|2|4|7|2|1|0|1|1
[] Hand: [PRB02-010,PRB02-010,ST34-005,OP11-067,ST18-001,PRB02-010]
[] Board: [ST34-005,OP15-069]
[] Trash: []
[] Life: 4
[] Hand: [OP01-055,OP14-033,OP12-037,ST32-002,OP14-119,OP14-119,OP12-037]
[] Trash: [ST32-001]
[] Board: [OP07-022,ST32-001]
[] Life: 4
[Opponent] End Turn
[] Hand: [OP01-055,OP14-033,OP12-037,ST32-002,OP14-119,OP14-119,OP12-037]
[] Board: [OP07-022,ST32-001]
[] Trash: [ST32-001]
[] Life: 4
[] Hand: [PRB02-010,PRB02-010,ST34-005,OP11-067,ST18-001,PRB02-010]
[] Trash: []
[] Board: [ST34-005,OP15-069]
[] Life: 4
RZ1|98|1|Don|9|9900|5|0|1|1|1|0|0
RZ1|CHK|98|1|36|7|2|4|7|3|1|0|1|0
[You] Draw 1 Card
[] Drew card from deck: Shanks ["ST16-004">ST16-004]
RZ1|99|1|ST16-004|0|35|1|7|1|1|0|0|0
RZ1|CHK|99|1|35|8|2|4|7|3|1|0|1|0
RZ1|100|1|Don|4|6|5|3|1|1|0|0|0
RZ1|CHK|100|1|35|8|2|4|6|4|1|0|1|0
RZ1|101|1|Don|4|5|5|4|1|1|0|0|0
RZ1|CHK|101|1|35|8|2|4|5|5|1|0|1|0
[You] Draw 2 Don
RZ1|102|1|Don|5|0|5|0|1|1|1|0|0
RZ1|CHK|102|1|35|8|2|4|5|5|1|0|1|0
RZ1|103|1|Don|5|1|5|1|1|1|1|0|0
RZ1|CHK|103|1|35|8|2|4|5|5|1|0|1|0
RZ1|104|1|Don|5|2|5|2|1|1|1|0|0
RZ1|CHK|104|1|35|8|2|4|5|5|1|0|1|0
RZ1|105|1|Don|5|3|5|3|1|1|1|0|0
RZ1|CHK|105|1|35|8|2|4|5|5|1|0|1|0
RZ1|106|1|Don|5|4|5|4|1|1|1|0|0
RZ1|CHK|106|1|35|8|2|4|5|5|1|0|1|0
[You] Deploy Perona ["OP14-033">OP14-033]
RZ1|107|1|OP14-033|1|1|2|2|1|1|0|0|0
RZ1|CHK|107|1|35|7|3|4|5|5|1|0|1|0
[You] Perona ["OP14-033">OP14-033]: Baron Tamago & Pekoms ["ST34-005">ST34-005] can't be rested until next turn ends
[You] Perona ["OP14-033">OP14-033]: Nola ["OP15-069">OP15-069] can't be rested until next turn ends
[You] Dracule Mihawk ["OP14-020">OP14-020] attacking Charlotte Katakuri ["OP11-062">OP11-062]
RZ1|108|2|Don|5|0|4|6|1|1|0|0|0
RZ1|CHK|108|2|38|6|2|4|7|3|0|0|1|0
[Opponent] Charlotte Katakuri ["OP11-062">OP11-062]: Minus 1 Don
[Opponent] Charlotte Katakuri ["OP11-062">OP11-062]: <b>Looked at opponent's top deck</b>
[Opponent] Charlotte Katakuri ["OP11-062">OP11-062]: <b>Finished looking at opponent's top deck</b>
[Opponent] Charlotte Katakuri ["OP11-062">OP11-062]: Buff Charlotte Katakuri ["OP11-062">OP11-062] 1000 for the Combat
Dracule Mihawk ["OP14-020">OP14-020][5000] vs Charlotte Katakuri ["OP11-062">OP11-062][6000]
Attack Fails
[] Hand: [OP01-055,OP12-037,ST32-002,OP14-119,OP14-119,OP12-037,ST16-004]
[] Board: [OP07-022,ST32-001,OP14-033]
[] Trash: [ST32-001]
[] Life: 4
[] Hand: [PRB02-010,PRB02-010,ST34-005,OP11-067,ST18-001,PRB02-010]
[] Trash: []
[] Board: [ST34-005,OP15-069]
[] Life: 4
[You] End Turn
[] Hand: [PRB02-010,PRB02-010,ST34-005,OP11-067,ST18-001,PRB02-010]
[] Board: [ST34-005,OP15-069]
[] Trash: []
[] Life: 4
[] Hand: [OP01-055,OP12-037,ST32-002,OP14-119,OP14-119,OP12-037,ST16-004]
[] Trash: [ST32-001]
[] Board: [OP07-022,ST32-001,OP14-033]
[] Life: 4
[Opponent] Draw 1 Card
[] Drew card from deck: We're Going to Claim the One Piece!!! ["OP07-077">OP07-077]
RZ1|109|2|OP07-077|0|37|1|6|1|1|0|0|0
RZ1|CHK|109|2|37|7|2|4|7|3|0|0|1|0
RZ1|110|2|Don|4|6|5|3|1|1|0|0|0
RZ1|CHK|110|2|37|7|2|4|6|4|0|0|1|0
RZ1|111|2|Don|4|5|5|4|1|1|0|0|0
RZ1|CHK|111|2|37|7|2|4|5|5|0|0|1|0
[Opponent] Draw 2 Don
RZ1|112|2|Don|5|0|5|0|1|1|1|0|0
RZ1|CHK|112|2|37|7|2|4|5|5|0|0|1|0
RZ1|113|2|Don|5|1|5|1|1|1|1|0|0
RZ1|CHK|113|2|37|7|2|4|5|5|0|0|1|0
RZ1|114|2|Don|5|2|5|2|1|1|1|0|0
RZ1|CHK|114|2|37|7|2|4|5|5|0|0|1|0
[Opponent] Deploy Baron Tamago & Pekoms ["ST34-005">ST34-005]
RZ1|115|2|ST34-005|1|2|2|2|1|1|0|0|0
RZ1|CHK|115|2|37|6|3|4|5|5|0|0|1|0
[Opponent] We're Going to Claim the One Piece!!! ["OP07-077">OP07-077]: Rest 1 Don
RZ1|116|2|Don|5|3|5|3|1|1|1|0|0
RZ1|CHK|116|2|37|6|3|4|5|5|0|0|1|0
RZ1|117|2|OP07-077|1|5|6|0|1|1|0|0|0
RZ1|CHK|117|2|37|5|3|4|5|5|1|0|1|0
RZ1|118|2|ST34-002|0|35|1|5|1|1|0|0|0
RZ1|CHK|118|2|36|6|3|4|5|5|1|0|1|0
[Opponent] We're Going to Claim the One Piece!!! ["OP07-077">OP07-077]: <b>Reveal and Draw Charlotte Cracker ["ST34-002">ST34-002]</b>
[Opponent] Placing Cards on Bottom of Deck
RZ1|119|2|OP08-069|0|35|0|0|0|0|0|0|0
RZ1|CHK|119|2|36|6|3|4|5|5|1|0|1|0
RZ1|120|2|OP11-073|0|35|0|0|0|0|0|0|0
RZ1|CHK|120|2|36|6|3|4|5|5|1|0|1|0
RZ1|121|2|OP15-078|0|35|0|0|0|0|0|0|0
RZ1|CHK|121|2|36|6|3|4|5|5|1|0|1|0
RZ1|122|2|PRB02-010|0|35|0|0|0|0|0|0|0
RZ1|CHK|122|2|36|6|3|4|5|5|1|0|1|0
[Opponent] Charlotte Katakuri ["OP11-062">OP11-062] attacking Dracule Mihawk ["OP14-020">OP14-020]
Charlotte Katakuri ["OP11-062">OP11-062][5000] vs Dracule Mihawk ["OP14-020">OP14-020][5000]
Dracule Mihawk ["OP14-020">OP14-020] hit for 1 damage
RZ1|123|1|OP01-055|3|3|1|7|1|1|0|0|0
RZ1|CHK|123|1|35|8|3|3|5|5|1|0|1|0
[] Hand: [PRB02-010,PRB02-010,OP11-067,ST18-001,PRB02-010,ST34-002]
[] Board: [ST34-005,OP15-069,ST34-005]
[] Trash: [OP07-077]
[] Life: 4
[] Hand: [OP01-055,OP12-037,ST32-002,OP14-119,OP14-119,OP12-037,ST16-004,OP01-055]
[] Trash: [ST32-001]
[] Board: [OP07-022,ST32-001,OP14-033]
[] Life: 3
[Opponent] End Turn
[] Hand: [OP01-055,OP12-037,ST32-002,OP14-119,OP14-119,OP12-037,ST16-004,OP01-055]
[] Board: [OP07-022,ST32-001,OP14-033]
[] Trash: [ST32-001]
[] Life: 3
[] Hand: [PRB02-010,PRB02-010,OP11-067,ST18-001,PRB02-010,ST34-002]
[] Trash: [OP07-077]
[] Board: [ST34-005,OP15-069,ST34-005]
[] Life: 4
[You] Draw 1 Card
[] Drew card from deck: Roronoa Zoro ["ST32-005">ST32-005]
RZ1|124|1|ST32-005|0|34|1|8|1|1|0|0|0
RZ1|CHK|124|1|34|9|3|3|5|5|1|0|1|0
RZ1|125|1|Don|4|4|5|5|1|1|0|0|0
RZ1|CHK|125|1|34|9|3|3|4|6|1|0|1|0
RZ1|126|1|Don|4|3|5|6|1|1|0|0|0
RZ1|CHK|126|1|34|9|3|3|3|7|1|0|1|0
[You] Draw 2 Don
[You] You Can Be My Samurai!!! ["OP01-055">OP01-055]: Rest Otama ["OP07-022">OP07-022]
[You] You Can Be My Samurai!!! ["OP01-055">OP01-055]: Rest Kin'emon ["ST32-001">ST32-001]
[You] You Can Be My Samurai!!! ["OP01-055">OP01-055]: Draw 2 Card
[] Drew card from deck: Law & Bepo ["ST24-004">ST24-004]
RZ1|127|1|ST24-004|0|33|1|9|1|1|0|0|0
RZ1|CHK|127|1|33|10|3|3|3|7|1|0|1|0
[] Drew card from deck: Kikunojo ["OP14-023">OP14-023]
RZ1|128|1|OP14-023|0|32|1|10|1|1|0|0|0
RZ1|CHK|128|1|32|11|3|3|3|7|1|0|1|0
RZ1|129|1|Don|5|0|5|0|1|1|1|0|0
RZ1|CHK|129|1|32|11|3|3|3|7|1|0|1|0
RZ1|130|1|OP01-055|1|7|6|1|1|1|0|0|0
RZ1|CHK|130|1|32|10|3|3|3|7|2|0|1|0
RZ1|131|1|Don|5|1|5|1|1|1|1|0|0
RZ1|CHK|131|1|32|10|3|3|3|7|2|0|1|0
RZ1|132|1|Don|5|2|5|2|1|1|1|0|0
RZ1|CHK|132|1|32|10|3|3|3|7|2|0|1|0
RZ1|133|1|Don|5|3|5|3|1|1|1|0|0
RZ1|CHK|133|1|32|10|3|3|3|7|2|0|1|0
RZ1|134|1|Don|5|4|5|4|1|1|1|0|0
RZ1|CHK|134|1|32|10|3|3|3|7|2|0|1|0
RZ1|135|1|Don|5|5|5|5|1|1|1|0|0
RZ1|CHK|135|1|32|10|3|3|3|7|2|0|1|0
[You] Deploy Kouzuki Oden ["ST32-002">ST32-002]
RZ1|136|1|ST32-002|1|2|2|3|1|1|0|0|0
RZ1|CHK|136|1|32|9|4|3|3|7|2|0|1|0
[] Drew card from deck: Trafalgar Law ["OP13-031">OP13-031]
RZ1|137|1|OP13-031|0|31|1|9|1|1|0|0|0
RZ1|CHK|137|1|31|10|4|3|3|7|2|0|1|0
[You] Kouzuki Oden ["ST32-002">ST32-002]: Draw 1 Card
[You] Kouzuki Oden ["ST32-002">ST32-002]: Baron Tamago & Pekoms ["ST34-005">ST34-005] can't be rested until next turn ends
[You] Perona ["OP14-033">OP14-033] attacking Charlotte Katakuri ["OP11-062">OP11-062]
Perona ["OP14-033">OP14-033][6000] vs Charlotte Katakuri ["OP11-062">OP11-062][5000]
Charlotte Katakuri ["OP11-062">OP11-062] hit for 1 damage
RZ1|138|2|ST34-001|3|3|1|6|1|1|0|0|0
RZ1|CHK|138|2|36|7|3|3|5|5|1|0|1|0
[You] Dracule Mihawk ["OP14-020">OP14-020] attacking Charlotte Katakuri ["OP11-062">OP11-062]
RZ1|139|2|Don|5|0|4|5|1|1|0|0|0
RZ1|CHK|139|2|36|7|3|3|6|4|1|0|1|0
[Opponent] Charlotte Katakuri ["OP11-062">OP11-062]: Minus 1 Don
[Opponent] Charlotte Katakuri ["OP11-062">OP11-062]: <b>Looked at opponent's top deck</b>
[Opponent] Charlotte Katakuri ["OP11-062">OP11-062]: <b>Finished looking at opponent's top deck</b>
[Opponent] Charlotte Katakuri ["OP11-062">OP11-062]: Buff Charlotte Katakuri ["OP11-062">OP11-062] 1000 for the Combat
Dracule Mihawk ["OP14-020">OP14-020][5000] vs Charlotte Katakuri ["OP11-062">OP11-062][6000]
Attack Fails
[] Hand: [OP01-055,OP12-037,OP14-119,OP14-119,OP12-037,ST16-004,ST32-005,ST24-004,OP14-023,OP13-031]
[] Board: [OP07-022,ST32-001,OP14-033,ST32-002]
[] Trash: [ST32-001,OP01-055]
[] Life: 3
[] Hand: [PRB02-010,PRB02-010,OP11-067,ST18-001,PRB02-010,ST34-002,ST34-001]
[] Trash: [OP07-077]
[] Board: [ST34-005,OP15-069,ST34-005]
[] Life: 3
[You] End Turn
[] Hand: [PRB02-010,PRB02-010,OP11-067,ST18-001,PRB02-010,ST34-002,ST34-001]
[] Board: [ST34-005,OP15-069,ST34-005]
[] Trash: [OP07-077]
[] Life: 3
[] Hand: [OP01-055,OP12-037,OP14-119,OP14-119,OP12-037,ST16-004,ST32-005,ST24-004,OP14-023,OP13-031]
[] Trash: [ST32-001,OP01-055]
[] Board: [OP07-022,ST32-001,OP14-033,ST32-002]
[] Life: 3
[Opponent] Draw 1 Card
[] Drew card from deck: Charlotte Linlin ["ST34-004">ST34-004]
RZ1|140|2|ST34-004|0|35|1|7|1|1|0|0|0
RZ1|CHK|140|2|35|8|3|3|6|4|1|0|1|0
RZ1|141|2|Don|4|5|5|4|1|1|0|0|0
RZ1|CHK|141|2|35|8|3|3|5|5|1|0|1|0
RZ1|142|2|Don|4|4|5|5|1|1|0|0|0
RZ1|CHK|142|2|35|8|3|3|4|6|1|0|1|0
[Opponent] Draw 2 Don
RZ1|143|2|Don|5|0|5|0|1|1|1|0|0
RZ1|CHK|143|2|35|8|3|3|4|6|1|0|1|0
RZ1|144|2|Don|5|1|5|1|1|1|1|0|0
RZ1|CHK|144|2|35|8|3|3|4|6|1|0|1|0
RZ1|145|2|Don|5|2|5|2|1|1|1|0|0
RZ1|CHK|145|2|35|8|3|3|4|6|1|0|1|0
RZ1|146|2|Don|5|3|5|3|1|1|1|0|0
RZ1|CHK|146|2|35|8|3|3|4|6|1|0|1|0
RZ1|147|2|Don|5|4|5|4|1|1|1|0|0
RZ1|CHK|147|2|35|8|3|3|4|6|1|0|1|0
[Opponent] Deploy Charlotte Katakuri ["ST34-001">ST34-001]
RZ1|148|2|ST34-001|1|6|2|3|1|1|0|0|0
RZ1|CHK|148|2|35|7|4|3|4|6|1|0|1|0
[Opponent] Nola ["OP15-069">OP15-069] attacking Kin'emon ["ST32-001">ST32-001]
Nola ["OP15-069">OP15-069][2000] vs Kin'emon ["ST32-001">ST32-001][2000]
[You] Kin'emon ["ST32-001">ST32-001] Destroyed
RZ1|149|1|ST32-001|2|1|6|2|1|1|0|0|0
RZ1|CHK|149|1|31|10|3|3|3|7|3|0|1|0
[Opponent] Charlotte Katakuri ["OP11-062">OP11-062] attacking Dracule Mihawk ["OP14-020">OP14-020]
RZ1|150|2|Don|5|0|4|4|1|1|0|0|0
RZ1|CHK|150|2|35|7|4|3|5|5|1|0|1|0
[Opponent] Charlotte Katakuri ["OP11-062">OP11-062]: Minus 1 Don
[Opponent] Charlotte Katakuri ["OP11-062">OP11-062]: <b>Looked at opponent's top deck</b>
[Opponent] Charlotte Katakuri ["OP11-062">OP11-062]: <b>Finished looking at opponent's top deck</b>
[Opponent] Charlotte Katakuri ["OP11-062">OP11-062]: Buff Charlotte Katakuri ["OP11-062">OP11-062] 1000 for the Combat
Charlotte Katakuri ["ST34-001">ST34-001]: Draw 1 Rested Don
RZ1|151|2|Don|4|4|5|0|1|1|1|0|0
RZ1|CHK|151|2|35|7|4|3|4|6|1|0|1|0
Charlotte Katakuri ["ST34-001">ST34-001]: Draw 1 Rested Don
RZ1|152|2|Don|4|3|5|0|1|1|1|0|0
RZ1|CHK|152|2|35|7|4|3|3|7|1|0|1|0
[You] Discard Kikunojo ["OP14-023">OP14-023] for Counter 2000
RZ1|153|1|OP14-023|1|8|6|3|1|1|0|0|0
RZ1|CHK|153|1|31|9|3|3|3|7|4|0|1|0
Charlotte Katakuri ["OP11-062">OP11-062][6000] vs Dracule Mihawk ["OP14-020">OP14-020][7000]
Attack Fails
RZ1|154|2|Don|5|6|9|200|1|1|0|0|0
RZ1|CHK|154|2|35|7|4|3|3|6|1|0|1|1
[Opponent] Attach 1 Don to Baron Tamago & Pekoms ["ST34-005">ST34-005] (1 Total)
[Opponent] Baron Tamago & Pekoms ["ST34-005">ST34-005] attacking Dracule Mihawk ["OP14-020">OP14-020]
RZ1|155|2|Don|9|200|4|3|1|1|0|0|0
RZ1|CHK|155|2|35|7|4|3|4|6|1|0|1|0
[Opponent] Baron Tamago & Pekoms ["ST34-005">ST34-005]: Minus 1 Don
[Opponent] Baron Tamago & Pekoms ["ST34-005">ST34-005]: Destroy Otama ["OP07-022">OP07-022]
RZ1|156|1|OP07-022|2|0|6|4|1|1|0|0|0
RZ1|CHK|156|1|31|9|2|3|3|7|5|0|1|0
Baron Tamago & Pekoms ["ST34-005">ST34-005][4000] vs Dracule Mihawk ["OP14-020">OP14-020][5000]
Attack Fails
[] Hand: [PRB02-010,PRB02-010,OP11-067,ST18-001,PRB02-010,ST34-002,ST34-004]
[] Board: [ST34-005,OP15-069,ST34-005,ST34-001]
[] Trash: [OP07-077]
[] Life: 3
[] Hand: [OP01-055,OP12-037,OP14-119,OP14-119,OP12-037,ST16-004,ST32-005,ST24-004,OP13-031]
[] Trash: [ST32-001,OP01-055,ST32-001,OP14-023,OP07-022]
[] Board: [OP14-033,ST32-002]
[] Life: 3
[Opponent] End Turn
[] Hand: [OP01-055,OP12-037,OP14-119,OP14-119,OP12-037,ST16-004,ST32-005,ST24-004,OP13-031]
[] Board: [OP14-033,ST32-002]
[] Trash: [ST32-001,OP01-055,ST32-001,OP14-023,OP07-022]
[] Life: 3
[] Hand: [PRB02-010,PRB02-010,OP11-067,ST18-001,PRB02-010,ST34-002,ST34-004]
[] Trash: [OP07-077]
[] Board: [ST34-005,OP15-069,ST34-005,ST34-001]
[] Life: 3
[You] Draw 1 Card
[] Drew card from deck: Otama ["OP07-022">OP07-022]
RZ1|157|1|OP07-022|0|30|1|9|1|1|0|0|0
RZ1|CHK|157|1|30|10|2|3|3|7|5|0|1|0
RZ1|158|1|Don|4|2|5|7|1|1|0|0|0
RZ1|CHK|158|1|30|10|2|3|2|8|5|0|1|0
RZ1|159|1|Don|4|1|5|8|1|1|0|0|0
RZ1|CHK|159|1|30|10|2|3|1|9|5|0|1|0
[You] Draw 2 Don
RZ1|160|1|Don|5|0|5|0|1|1|1|0|0
RZ1|CHK|160|1|30|10|2|3|1|9|5|0|1|0
RZ1|161|1|Don|5|1|5|1|1|1|1|0|0
RZ1|CHK|161|1|30|10|2|3|1|9|5|0|1|0
RZ1|162|1|Don|5|2|5|2|1|1|1|0|0
RZ1|CHK|162|1|30|10|2|3|1|9|5|0|1|0
RZ1|163|1|Don|5|3|5|3|1|1|1|0|0
RZ1|CHK|163|1|30|10|2|3|1|9|5|0|1|0
RZ1|164|1|Don|5|4|5|4|1|1|1|0|0
RZ1|CHK|164|1|30|10|2|3|1|9|5|0|1|0
RZ1|165|1|Don|5|5|5|5|1|1|1|0|0
RZ1|CHK|165|1|30|10|2|3|1|9|5|0|1|0
RZ1|166|1|Don|5|6|5|6|1|1|1|0|0
RZ1|CHK|166|1|30|10|2|3|1|9|5|0|1|0
RZ1|167|1|Don|5|7|5|7|1|1|1|0|0
RZ1|CHK|167|1|30|10|2|3|1|9|5|0|1|0
RZ1|168|1|Don|5|8|5|8|1|1|1|0|0
RZ1|CHK|168|1|30|10|2|3|1|9|5|0|1|0
[You] Deploy Dracule Mihawk ["OP14-119">OP14-119]
RZ1|169|1|OP14-119|1|3|2|2|1|1|0|0|0
RZ1|CHK|169|1|30|9|3|3|1|9|5|0|1|0
[You] Dracule Mihawk ["OP14-020">OP14-020] attacking Nola ["OP15-069">OP15-069]
RZ1|170|2|Don|5|0|4|4|1|1|0|0|0
RZ1|CHK|170|2|35|7|4|3|5|5|1|0|1|0
[Opponent] Charlotte Katakuri ["OP11-062">OP11-062]: Minus 1 Don
[Opponent] Charlotte Katakuri ["OP11-062">OP11-062]: <b>Looked at opponent's top deck</b>
[Opponent] Charlotte Katakuri ["OP11-062">OP11-062]: <b>Finished looking at opponent's top deck</b>
[Opponent] Charlotte Katakuri ["OP11-062">OP11-062]: Buff Charlotte Katakuri ["OP11-062">OP11-062] 1000 for the Combat
Dracule Mihawk ["OP14-020">OP14-020][5000] vs Nola ["OP15-069">OP15-069][2000]
[Opponent] Nola ["OP15-069">OP15-069] Destroyed
RZ1|171|2|OP15-069|2|1|6|1|1|1|0|0|0
RZ1|CHK|171|2|35|7|3|3|5|5|2|0|1|0
[You] Kouzuki Oden ["ST32-002">ST32-002] attacking Baron Tamago & Pekoms ["ST34-005">ST34-005]
Kouzuki Oden ["ST32-002">ST32-002][6000] vs Baron Tamago & Pekoms ["ST34-005">ST34-005][4000]
[Opponent] Baron Tamago & Pekoms ["ST34-005">ST34-005] Destroyed
RZ1|172|2|ST34-005|2|1|6|2|1|1|0|0|0
RZ1|CHK|172|2|35|7|2|3|5|5|3|0|1|0
[You] Dracule Mihawk ["OP14-020">OP14-020]: Rest Dracule Mihawk ["OP14-119">OP14-119]
[You] Dracule Mihawk ["OP14-020">OP14-020]: Activate 1 Don
RZ1|173|1|Don|5|8|5|8|1|1|0|0|0
RZ1|CHK|173|1|30|9|3|3|1|9|5|0|1|0
[You] Dracule Mihawk ["OP14-020">OP14-020]: Activate 1 Don
RZ1|174|1|Don|5|7|5|7|1|1|0|0|0
RZ1|CHK|174|1|30|9|3|3|1|9|5|0|1|0
[You] Dracule Mihawk ["OP14-020">OP14-020]: Activate 1 Don
RZ1|175|1|Don|5|6|5|6|1|1|0|0|0
RZ1|CHK|175|1|30|9|3|3|1|9|5|0|1|0
[You] Dracule Mihawk ["OP14-020">OP14-020]: Can't play Cost 1 Or More Characters for the Turn!
[You] Dracule Mihawk ["OP14-119">OP14-119]: Charlotte Katakuri ["ST34-001">ST34-001] can't be rested until next turn ends
[You] Attach 1 Don to Perona ["OP14-033">OP14-033] (1 Total)
RZ1|176|1|Don|5|8|9|0|1|1|0|0|0
RZ1|CHK|176|1|30|9|3|3|1|8|5|0|1|1
[You] Attach 1 Don to Perona ["OP14-033">OP14-033] (2 Total)
RZ1|177|1|Don|5|7|9|1|1|1|0|0|0
RZ1|CHK|177|1|30|9|3|3|1|7|5|0|1|2
[You] Perona ["OP14-033">OP14-033] attacking Charlotte Katakuri ["OP11-062">OP11-062]
Perona ["OP14-033">OP14-033][8000] vs Charlotte Katakuri ["OP11-062">OP11-062][5000]
Charlotte Katakuri ["OP11-062">OP11-062] hit for 1 damage
RZ1|178|2|ST34-002|3|2|1|7|1|1|0|0|0
RZ1|CHK|178|2|35|8|2|2|5|5|3|0|1|0
[] Hand: [OP01-055,OP12-037,OP14-119,OP12-037,ST16-004,ST32-005,ST24-004,OP13-031,OP07-022]
[] Board: [OP14-033,ST32-002,OP14-119]
[] Trash: [ST32-001,OP01-055,ST32-001,OP14-023,OP07-022]
[] Life: 3
[] Hand: [PRB02-010,PRB02-010,OP11-067,ST18-001,PRB02-010,ST34-002,ST34-004,ST34-002]
[] Trash: [OP07-077,OP15-069,ST34-005]
[] Board: [ST34-005,ST34-001]
[] Life: 2
[You] End Turn
[] Hand: [PRB02-010,PRB02-010,OP11-067,ST18-001,PRB02-010,ST34-002,ST34-004,ST34-002]
[] Board: [ST34-005,ST34-001]
[] Trash: [OP07-077,OP15-069,ST34-005]
[] Life: 2
[] Hand: [OP01-055,OP12-037,OP14-119,OP12-037,ST16-004,ST32-005,ST24-004,OP13-031,OP07-022]
[] Trash: [ST32-001,OP01-055,ST32-001,OP14-023,OP07-022]
[] Board: [OP14-033,ST32-002,OP14-119]
[] Life: 3
[Opponent] Draw 1 Card
[] Drew card from deck: Mamaragan ["OP15-078">OP15-078]
RZ1|179|2|OP15-078|0|34|1|8|1|1|0|0|0
RZ1|CHK|179|2|34|9|2|2|5|5|3|0|1|0
RZ1|180|2|Don|4|4|5|5|1|1|0|0|0
RZ1|CHK|180|2|34|9|2|2|4|6|3|0|1|0
RZ1|181|2|Don|4|3|5|6|1|1|0|0|0
RZ1|CHK|181|2|34|9|2|2|3|7|3|0|1|0
[Opponent] Draw 2 Don
RZ1|182|2|Don|5|0|5|0|1|1|1|0|0
RZ1|CHK|182|2|34|9|2|2|3|7|3|0|1|0
RZ1|183|2|Don|5|1|5|1|1|1|1|0|0
RZ1|CHK|183|2|34|9|2|2|3|7|3|0|1|0
RZ1|184|2|Don|5|2|5|2|1|1|1|0|0
RZ1|CHK|184|2|34|9|2|2|3|7|3|0|1|0
RZ1|185|2|Don|5|3|5|3|1|1|1|0|0
RZ1|CHK|185|2|34|9|2|2|3|7|3|0|1|0
[Opponent] Deploy Charlotte Cracker ["ST34-002">ST34-002]
RZ1|186|2|ST34-002|1|5|2|2|1|1|0|0|0
RZ1|CHK|186|2|34|8|3|2|3|7|3|0|1|0
Charlotte Cracker ["ST34-002">ST34-002]: Draw 1 Rested Don
RZ1|187|2|Don|4|2|5|0|1|1|1|0|0
RZ1|CHK|187|2|34|8|3|2|2|8|3|0|1|0
[Opponent] Charlotte Katakuri ["OP11-062">OP11-062] attacking Kouzuki Oden ["ST32-002">ST32-002]
RZ1|188|2|Don|5|0|4|2|1|1|0|0|0
RZ1|CHK|188|2|34|8|3|2|3|7|3|0|1|0
[Opponent] Charlotte Katakuri ["OP11-062">OP11-062]: Minus 1 Don
[Opponent] Charlotte Katakuri ["OP11-062">OP11-062]: <b>Looked at opponent's top deck</b>
[Opponent] Charlotte Katakuri ["OP11-062">OP11-062]: <b>Finished looking at opponent's top deck</b>
[Opponent] Charlotte Katakuri ["OP11-062">OP11-062]: Buff Charlotte Katakuri ["OP11-062">OP11-062] 1000 for the Combat
RZ1|189|1|OP01-055|1|0|6|5|1|1|0|0|0
RZ1|CHK|189|1|30|8|3|3|1|7|6|0|1|2
[You] Dracule Mihawk ["OP14-119">OP14-119]: Trash You Can Be My Samurai!!! ["OP01-055">OP01-055]
[You] Dracule Mihawk ["OP14-119">OP14-119]: Buff Kouzuki Oden ["ST32-002">ST32-002] 2000 for the Combat
Charlotte Katakuri ["ST34-001">ST34-001]: Draw 1 Rested Don
RZ1|190|2|Don|4|2|5|0|1|1|1|0|0
RZ1|CHK|190|2|34|8|3|2|2|8|3|0|1|0
Charlotte Katakuri ["ST34-001">ST34-001]: Draw 1 Rested Don
RZ1|191|2|Don|4|1|5|0|1|1|1|0|0
RZ1|CHK|191|2|34|8|3|2|1|9|3|0|1|0
Charlotte Katakuri ["OP11-062">OP11-062][6000] vs Kouzuki Oden ["ST32-002">ST32-002][8000]
Attack Fails
RZ1|192|2|OP15-078|1|7|6|3|1|1|0|0|0
RZ1|CHK|192|2|34|7|3|2|1|9|4|0|1|0
RZ1|193|2|Don|5|0|4|1|1|1|0|0|0
RZ1|CHK|193|2|34|7|3|2|2|8|4|0|1|0
RZ1|194|2|Don|5|0|4|2|1|1|0|0|0
RZ1|CHK|194|2|34|7|3|2|3|7|4|0|1|0
[Opponent] Mamaragan ["OP15-078">OP15-078]: Minus 2 Don
[] Drew card from deck: Charlotte Brulee ["ST34-003">ST34-003]
RZ1|195|2|ST34-003|0|33|1|7|1|1|0|0|0
RZ1|CHK|195|2|33|8|3|2|3|7|4|0|1|0
[Opponent] Mamaragan ["OP15-078">OP15-078]: Draw 1 Card
RZ1|196|2|Don|5|4|5|4|1|1|1|0|0
RZ1|CHK|196|2|33|8|3|2|3|7|4|0|1|0
[Opponent] Deploy Charlotte Brulee ["ST34-003">ST34-003]
RZ1|197|2|ST34-003|1|7|2|3|1|1|0|0|0
RZ1|CHK|197|2|33|7|4|2|3|7|4|0|1|0
RZ1|198|2|ST34-002|0|32|1|7|1|1|0|0|0
RZ1|CHK|198|2|32|8|4|2|3|7|4|0|1|0
[Opponent] Charlotte Brulee ["ST34-003">ST34-003]: <b>Reveal and Draw Charlotte Cracker ["ST34-002">ST34-002]</b>
[Opponent] Placing Cards on Bottom of Deck
RZ1|199|2|ST34-005|0|31|0|0|0|0|0|0|0
RZ1|CHK|199|2|32|8|4|2|3|7|4|0|1|0
RZ1|200|2|ST34-003|0|31|0|0|0|0|0|0|0
RZ1|CHK|200|2|32|8|4|2|3|7|4|0|1|0
RZ1|201|2|Don|5|5|9|0|1|1|0|0|0
RZ1|CHK|201|2|32|8|4|2|3|6|4|0|1|1
RZ1|202|2|Don|5|5|9|1|1|1|0|0|0
RZ1|CHK|202|2|32|8|4|2|3|5|4|0|1|2
[Opponent] Attach 2 Don to Baron Tamago & Pekoms ["ST34-005">ST34-005] (2 Total)
[Opponent] Baron Tamago & Pekoms ["ST34-005">ST34-005] attacking Kouzuki Oden ["ST32-002">ST32-002]
RZ1|203|2|Don|9|0|4|3|1|1|0|0|0
RZ1|CHK|203|2|32|8|4|2|4|5|4|0|1|1
[Opponent] Baron Tamago & Pekoms ["ST34-005">ST34-005]: Minus 1 Don
[Opponent] Baron Tamago & Pekoms ["ST34-005">ST34-005]: Destroy Charlotte Brulee ["ST34-003">ST34-003]
RZ1|204|2|ST34-003|2|3|6|4|1|1|0|0|0
RZ1|CHK|204|2|32|8|3|2|4|5|5|0|1|1
Baron Tamago & Pekoms ["ST34-005">ST34-005][5000] vs Kouzuki Oden ["ST32-002">ST32-002][6000]
Attack Fails
[] Hand: [PRB02-010,PRB02-010,OP11-067,ST18-001,PRB02-010,ST34-004,ST34-002,ST34-002]
[] Board: [ST34-005,ST34-001,ST34-002]
[] Trash: [OP07-077,OP15-069,ST34-005,OP15-078,ST34-003]
[] Life: 2
[] Hand: [OP12-037,OP14-119,OP12-037,ST16-004,ST32-005,ST24-004,OP13-031,OP07-022]
[] Trash: [ST32-001,OP01-055,ST32-001,OP14-023,OP07-022,OP01-055]
[] Board: [OP14-033,ST32-002,OP14-119]
[] Life: 3
[Opponent] End Turn
[] Hand: [OP12-037,OP14-119,OP12-037,ST16-004,ST32-005,ST24-004,OP13-031,OP07-022]
[] Board: [OP14-033,ST32-002,OP14-119]
[] Trash: [ST32-001,OP01-055,ST32-001,OP14-023,OP07-022,OP01-055]
[] Life: 3
[] Hand: [PRB02-010,PRB02-010,OP11-067,ST18-001,PRB02-010,ST34-004,ST34-002,ST34-002]
[] Trash: [OP07-077,OP15-069,ST34-005,OP15-078,ST34-003]
[] Board: [ST34-005,ST34-001,ST34-002]
[] Life: 2
RZ1|205|1|Don|9|0|5|0|1|1|1|0|0
RZ1|CHK|205|1|30|8|3|3|1|8|6|0|1|1
RZ1|206|1|Don|9|0|5|0|1|1|1|0|0
RZ1|CHK|206|1|30|8|3|3|1|9|6|0|1|0
[You] Draw 1 Card
[] Drew card from deck: Demonic Aura Nine-Sword Style Asura Dead Man's Game ["OP12-037">OP12-037]
RZ1|207|1|OP12-037|0|29|1|8|1|1|0|0|0
RZ1|CHK|207|1|29|9|3|3|1|9|6|0|1|0
RZ1|208|1|Don|4|0|5|9|1|1|0|0|0
RZ1|CHK|208|1|29|9|3|3|0|10|6|0|1|0
[You] Draw 2 Don
[You] Dracule Mihawk ["OP14-119">OP14-119] attacking Charlotte Katakuri ["OP11-062">OP11-062]
[You] Dracule Mihawk ["OP14-119">OP14-119]: Charlotte Katakuri ["ST34-001">ST34-001] can't be rested until next turn ends
RZ1|209|2|Don|9|0|4|4|1|1|0|0|0
RZ1|CHK|209|2|32|8|3|2|5|5|5|0|1|0
[Opponent] Charlotte Katakuri ["OP11-062">OP11-062]: Minus 1 Don
[Opponent] Charlotte Katakuri ["OP11-062">OP11-062]: <b>Looked at opponent's top deck</b>
[Opponent] Charlotte Katakuri ["OP11-062">OP11-062]: <b>Finished looking at opponent's top deck</b>
[Opponent] Charlotte Katakuri ["OP11-062">OP11-062]: Buff Charlotte Katakuri ["OP11-062">OP11-062] 1000 for the Combat
Dracule Mihawk ["OP14-119">OP14-119][10000] vs Charlotte Katakuri ["OP11-062">OP11-062][6000]
Charlotte Katakuri ["OP11-062">OP11-062] hit for 1 damage
RZ1|210|2|ST34-002|3|1|1|8|1|1|0|0|0
RZ1|CHK|210|2|32|9|3|1|5|5|5|0|1|0
[You] Attach 1 Don to Kouzuki Oden ["ST32-002">ST32-002] (1 Total)
RZ1|211|1|Don|5|9|9|100|1|1|0|0|0
RZ1|CHK|211|1|29|9|3|3|0|9|6|0|1|1
[You] Attach 1 Don to Kouzuki Oden ["ST32-002">ST32-002] (2 Total)
RZ1|212|1|Don|5|8|9|101|1|1|0|0|0
RZ1|CHK|212|1|29|9|3|3|0|8|6|0|1|2
[You] Attach 1 Don to Kouzuki Oden ["ST32-002">ST32-002] (3 Total)
RZ1|213|1|Don|5|7|9|102|1|1|0|0|0
RZ1|CHK|213|1|29|9|3|3|0|7|6|0|1|3
[You] Kouzuki Oden ["ST32-002">ST32-002] attacking Charlotte Katakuri ["OP11-062">OP11-062]
Kouzuki Oden ["ST32-002">ST32-002][9000] vs Charlotte Katakuri ["OP11-062">OP11-062][5000]
Charlotte Katakuri ["OP11-062">OP11-062] hit for 1 damage
RZ1|214|2|OP15-078|3|0|1|9|1|1|0|0|0
RZ1|CHK|214|2|32|10|3|0|5|5|5|0|1|0
[You] Attach 1 Don to Perona ["OP14-033">OP14-033] (1 Total)
RZ1|215|1|Don|5|6|9|0|1|1|0|0|0
RZ1|CHK|215|1|29|9|3|3|0|6|6|0|1|4
[You] Attach 1 Don to Perona ["OP14-033">OP14-033] (2 Total)
RZ1|216|1|Don|5|5|9|1|1|1|0|0|0
RZ1|CHK|216|1|29|9|3|3|0|5|6|0|1|5
[You] Attach 1 Don to Perona ["OP14-033">OP14-033] (3 Total)
RZ1|217|1|Don|5|4|9|2|1|1|0|0|0
RZ1|CHK|217|1|29|9|3|3|0|4|6|0|1|6
[You] Attach 1 Don to Perona ["OP14-033">OP14-033] (4 Total)
RZ1|218|1|Don|5|3|9|3|1|1|0|0|0
RZ1|CHK|218|1|29|9|3|3|0|3|6|0|1|7
[You] Perona ["OP14-033">OP14-033] attacking Charlotte Katakuri ["OP11-062">OP11-062]
[Opponent] Discard Charlotte Pudding ["PRB02-010">PRB02-010] for Counter 1000
RZ1|219|2|PRB02-010|1|0|6|5|1|1|0|0|0
RZ1|CHK|219|2|32|9|3|0|5|5|6|0|1|0
[Opponent] Discard Charlotte Pudding ["PRB02-010">PRB02-010] for Counter 1000
RZ1|220|2|PRB02-010|1|0|6|6|1|1|0|0|0
RZ1|CHK|220|2|32|8|3|0|5|5|7|0|1|0
[Opponent] Discard Charlotte Pudding ["PRB02-010">PRB02-010] for Counter 1000
RZ1|221|2|PRB02-010|1|2|6|7|1|1|0|0|0
RZ1|CHK|221|2|32|7|3|0|5|5|8|0|1|0
[Opponent] Discard Charlotte Cracker ["ST34-002">ST34-002] for Counter 1000
RZ1|222|2|ST34-002|1|3|6|8|1|1|0|0|0
RZ1|CHK|222|2|32|6|3|0|5|5|9|0|1|0
[Opponent] Discard Charlotte Cracker ["ST34-002">ST34-002] for Counter 1000
RZ1|223|2|ST34-002|1|3|6|9|1|1|0|0|0
RZ1|CHK|223|2|32|5|3|0|5|5|10|0|1|0
[Opponent] Discard Charlotte Cracker ["ST34-002">ST34-002] for Counter 1000
RZ1|224|2|ST34-002|1|3|6|10|1|1|0|0|0
RZ1|CHK|224|2|32|4|3|0|5|5|11|0|1|0
Perona ["OP14-033">OP14-033][10000] vs Charlotte Katakuri ["OP11-062">OP11-062][11000]
Attack Fails
[You] Attach 1 Don to Dracule Mihawk ["OP14-020">OP14-020] (1 Total)
RZ1|225|1|Don|5|1|9|9900|1|1|0|0|0
RZ1|CHK|225|1|29|9|3|3|0|2|6|0|1|8
[You] Attach 1 Don to Dracule Mihawk ["OP14-020">OP14-020] (2 Total)
RZ1|226|1|Don|5|1|9|9901|1|1|0|0|0
RZ1|CHK|226|1|29|9|3|3|0|1|6|0|1|9
[You] Attach 1 Don to Dracule Mihawk ["OP14-020">OP14-020] (3 Total)
RZ1|227|1|Don|5|0|9|9902|1|1|0|0|0
RZ1|CHK|227|1|29|9|3|3|0|0|6|0|1|10
[You] Dracule Mihawk ["OP14-020">OP14-020] attacking Charlotte Katakuri ["OP11-062">OP11-062]
Dracule Mihawk ["OP14-020">OP14-020][8000] vs Charlotte Katakuri ["OP11-062">OP11-062][5000]
Charlotte Katakuri ["OP11-062">OP11-062] hit for 1 damage
[Opponent] <b>Downloaded the Combat Log!</b>
GameOver
