Version is 1.41b.20
[You] Leader is Eustass "Captain" Kid ["OP10-099">OP10-099]
RZ1|HDR|1.41b|2|RZ1
RZ1|PLY|1||OP10-099
RZ1|PLY|2||
[Opponent] Leader is Imu ["OP13-079">OP13-079]
RZ1|1|2|OP13-083|0|12|0|0|0|0|0|0|0
RZ1|CHK|1|2|50|0|0|0|10|0|0|0|1|0
RZ1|2|2|OP13-089|0|18|0|1|0|0|0|0|0
RZ1|CHK|2|2|50|0|0|0|10|0|0|0|1|0
RZ1|3|2|OP13-098|0|42|0|2|0|0|0|0|0
RZ1|CHK|3|2|50|0|0|0|10|0|0|0|1|0
RZ1|4|2|OP14-096|0|44|0|3|0|0|0|0|0
RZ1|CHK|4|2|50|0|0|0|10|0|0|0|1|0
RZ1|5|2|OP13-092|0|9|0|4|0|0|0|0|0
RZ1|CHK|5|2|50|0|0|0|10|0|0|0|1|0
RZ1|6|2|OP13-083|0|16|0|5|0|0|0|0|0
RZ1|CHK|6|2|50|0|0|0|10|0|0|0|1|0
RZ1|7|2|OP13-084|0|32|0|6|0|0|0|0|0
RZ1|CHK|7|2|50|0|0|0|10|0|0|0|1|0
RZ1|8|2|OP05-097|0|48|0|7|0|0|0|0|0
RZ1|CHK|8|2|50|0|0|0|10|0|0|0|1|0
RZ1|9|2|OP13-086|0|10|0|8|0|0|0|0|0
RZ1|CHK|9|2|50|0|0|0|10|0|0|0|1|0
RZ1|10|2|OP16-093|0|15|0|9|0|0|0|0|0
RZ1|CHK|10|2|50|0|0|0|10|0|0|0|1|0
RZ1|11|2|OP13-089|0|21|0|10|0|0|0|0|0
RZ1|CHK|11|2|50|0|0|0|10|0|0|0|1|0
RZ1|12|2|OP13-084|0|32|0|11|0|0|0|0|0
RZ1|CHK|12|2|50|0|0|0|10|0|0|0|1|0
RZ1|13|2|OP13-082|0|37|0|12|0|0|0|0|0
RZ1|CHK|13|2|50|0|0|0|10|0|0|0|1|0
RZ1|14|2|OP13-083|0|22|0|13|0|0|0|0|0
RZ1|CHK|14|2|50|0|0|0|10|0|0|0|1|0
RZ1|15|2|OP13-082|0|38|0|14|0|0|0|0|0
RZ1|CHK|15|2|50|0|0|0|10|0|0|0|1|0
RZ1|16|2|OP13-091|0|34|0|15|0|0|0|0|0
RZ1|CHK|16|2|50|0|0|0|10|0|0|0|1|0
RZ1|17|2|OP13-080|0|29|0|16|0|0|0|0|0
RZ1|CHK|17|2|50|0|0|0|10|0|0|0|1|0
RZ1|18|2|OP13-086|0|18|0|17|0|0|0|0|0
RZ1|CHK|18|2|50|0|0|0|10|0|0|0|1|0
RZ1|19|2|OP13-082|0|37|0|18|0|0|0|0|0
RZ1|CHK|19|2|50|0|0|0|10|0|0|0|1|0
RZ1|20|2|OP14-096|0|46|0|19|0|0|0|0|0
RZ1|CHK|20|2|50|0|0|0|10|0|0|0|1|0
RZ1|21|2|OP13-080|0|32|0|20|0|0|0|0|0
RZ1|CHK|21|2|50|0|0|0|10|0|0|0|1|0
RZ1|22|2|OP13-096|0|43|0|21|0|0|0|0|0
RZ1|CHK|22|2|50|0|0|0|10|0|0|0|1|0
RZ1|23|2|OP13-098|0|46|0|23|0|0|0|0|0
RZ1|CHK|23|2|50|0|0|0|10|0|0|0|1|0
RZ1|24|2|OP13-080|0|34|0|24|0|0|0|0|0
RZ1|CHK|24|2|50|0|0|0|10|0|0|0|1|0
RZ1|25|2|OP13-091|0|38|0|25|0|0|0|0|0
RZ1|CHK|25|2|50|0|0|0|10|0|0|0|1|0
RZ1|26|2|OP16-093|0|31|0|26|0|0|0|0|0
RZ1|CHK|26|2|50|0|0|0|10|0|0|0|1|0
RZ1|27|2|OP13-082|0|41|0|27|0|0|0|0|0
RZ1|CHK|27|2|50|0|0|0|10|0|0|0|1|0
RZ1|28|2|OP13-084|0|40|0|28|0|0|0|0|0
RZ1|CHK|28|2|50|0|0|0|10|0|0|0|1|0
RZ1|29|2|OP13-098|0|45|0|29|0|0|0|0|0
RZ1|CHK|29|2|50|0|0|0|10|0|0|0|1|0
RZ1|30|2|OP13-099|0|49|0|30|0|0|0|0|0
RZ1|CHK|30|2|50|0|0|0|10|0|0|0|1|0
RZ1|31|2|OP13-092|0|33|0|31|0|0|0|0|0
RZ1|CHK|31|2|50|0|0|0|10|0|0|0|1|0
RZ1|32|2|OP13-096|0|44|0|32|0|0|0|0|0
RZ1|CHK|32|2|50|0|0|0|10|0|0|0|1|0
RZ1|33|2|OP13-091|0|42|0|33|0|0|0|0|0
RZ1|CHK|33|2|50|0|0|0|10|0|0|0|1|0
RZ1|34|2|OP13-083|0|39|0|34|0|0|0|0|0
RZ1|CHK|34|2|50|0|0|0|10|0|0|0|1|0
RZ1|35|2|OP13-096|0|46|0|35|0|0|0|0|0
RZ1|CHK|35|2|50|0|0|0|10|0|0|0|1|0
RZ1|36|2|OP13-091|0|44|0|38|0|0|0|0|0
RZ1|CHK|36|2|50|0|0|0|10|0|0|0|1|0
RZ1|37|2|OP13-080|0|44|0|39|0|0|0|0|0
RZ1|CHK|37|2|50|0|0|0|10|0|0|0|1|0
RZ1|38|2|OP13-096|0|46|0|40|0|0|0|0|0
RZ1|CHK|38|2|50|0|0|0|10|0|0|0|1|0
RZ1|39|2|OP13-084|0|46|0|41|0|0|0|0|0
RZ1|CHK|39|2|50|0|0|0|10|0|0|0|1|0
RZ1|40|2|OP16-093|0|43|0|42|0|0|0|0|0
RZ1|CHK|40|2|50|0|0|0|10|0|0|0|1|0
RZ1|41|2|OP14-096|0|48|0|43|0|0|0|0|0
RZ1|CHK|41|2|50|0|0|0|10|0|0|0|1|0
RZ1|42|2|OP14-096|0|49|0|44|0|0|0|0|0
RZ1|CHK|42|2|50|0|0|0|10|0|0|0|1|0
RZ1|43|2|OP13-098|0|49|0|45|0|0|0|0|0
RZ1|CHK|43|2|50|0|0|0|10|0|0|0|1|0
RZ1|44|2|OP13-089|0|49|0|46|0|0|0|0|0
RZ1|CHK|44|2|50|0|0|0|10|0|0|0|1|0
RZ1|45|2|OP13-099|0|30|7|0|1|1|0|0|0
RZ1|CHK|45|2|49|0|0|0|10|0|0|1|1|0
[Opponent] Imu ["OP13-079">OP13-079]: Deploy The Empty Throne ["OP13-099">OP13-099]
RZ1|46|2|OP13-089|0|48|0|0|0|0|0|0|0
RZ1|CHK|46|2|49|0|0|0|10|0|0|1|1|0
RZ1|47|2|OP14-096|0|44|0|1|0|0|0|0|0
RZ1|CHK|47|2|49|0|0|0|10|0|0|1|1|0
RZ1|48|2|OP16-093|0|43|0|2|0|0|0|0|0
RZ1|CHK|48|2|49|0|0|0|10|0|0|1|1|0
RZ1|49|2|OP13-082|0|17|0|3|0|0|0|0|0
RZ1|CHK|49|2|49|0|0|0|10|0|0|1|1|0
RZ1|50|2|OP05-097|0|11|0|4|0|0|0|0|0
RZ1|CHK|50|2|49|0|0|0|10|0|0|1|1|0
RZ1|51|2|OP13-098|0|45|0|5|0|0|0|0|0
RZ1|CHK|51|2|49|0|0|0|10|0|0|1|1|0
RZ1|52|2|OP13-091|0|41|0|6|0|0|0|0|0
RZ1|CHK|52|2|49|0|0|0|10|0|0|1|1|0
RZ1|53|2|OP14-096|0|45|0|7|0|0|0|0|0
RZ1|CHK|53|2|49|0|0|0|10|0|0|1|1|0
RZ1|54|2|OP13-086|0|15|0|9|0|0|0|0|0
RZ1|CHK|54|2|49|0|0|0|10|0|0|1|1|0
RZ1|55|2|OP13-082|0|24|0|10|0|0|0|0|0
RZ1|CHK|55|2|49|0|0|0|10|0|0|1|1|0
RZ1|56|2|OP13-083|0|21|0|11|0|0|0|0|0
RZ1|CHK|56|2|49|0|0|0|10|0|0|1|1|0
RZ1|57|2|OP13-084|0|34|0|12|0|0|0|0|0
RZ1|CHK|57|2|49|0|0|0|10|0|0|1|1|0
RZ1|58|2|OP16-093|0|19|0|13|0|0|0|0|0
RZ1|CHK|58|2|49|0|0|0|10|0|0|1|1|0
RZ1|59|2|OP13-096|0|37|0|14|0|0|0|0|0
RZ1|CHK|59|2|49|0|0|0|10|0|0|1|1|0
RZ1|60|2|OP13-080|0|32|0|15|0|0|0|0|0
RZ1|CHK|60|2|49|0|0|0|10|0|0|1|1|0
RZ1|61|2|OP13-083|0|20|0|16|0|0|0|0|0
RZ1|CHK|61|2|49|0|0|0|10|0|0|1|1|0
RZ1|62|2|OP13-092|0|47|0|17|0|0|0|0|0
RZ1|CHK|62|2|49|0|0|0|10|0|0|1|1|0
RZ1|63|2|OP13-089|0|23|0|18|0|0|0|0|0
RZ1|CHK|63|2|49|0|0|0|10|0|0|1|1|0
RZ1|64|2|OP13-084|0|46|0|19|0|0|0|0|0
RZ1|CHK|64|2|49|0|0|0|10|0|0|1|1|0
RZ1|65|2|OP13-080|0|31|0|20|0|0|0|0|0
RZ1|CHK|65|2|49|0|0|0|10|0|0|1|1|0
RZ1|66|2|OP13-091|0|40|0|21|0|0|0|0|0
RZ1|CHK|66|2|49|0|0|0|10|0|0|1|1|0
RZ1|67|2|OP13-092|0|25|0|22|0|0|0|0|0
RZ1|CHK|67|2|49|0|0|0|10|0|0|1|1|0
RZ1|68|2|OP16-093|0|37|0|23|0|0|0|0|0
RZ1|CHK|68|2|49|0|0|0|10|0|0|1|1|0
RZ1|69|2|OP13-080|0|31|0|24|0|0|0|0|0
RZ1|CHK|69|2|49|0|0|0|10|0|0|1|1|0
RZ1|70|2|OP13-086|0|35|0|25|0|0|0|0|0
RZ1|CHK|70|2|49|0|0|0|10|0|0|1|1|0
RZ1|71|2|OP13-086|0|33|0|27|0|0|0|0|0
RZ1|CHK|71|2|49|0|0|0|10|0|0|1|1|0
RZ1|72|2|OP13-096|0|42|0|28|0|0|0|0|0
RZ1|CHK|72|2|49|0|0|0|10|0|0|1|1|0
RZ1|73|2|OP13-089|0|47|0|30|0|0|0|0|0
RZ1|CHK|73|2|49|0|0|0|10|0|0|1|1|0
RZ1|74|2|OP13-086|0|44|0|31|0|0|0|0|0
RZ1|CHK|74|2|49|0|0|0|10|0|0|1|1|0
RZ1|75|2|OP13-092|0|45|0|32|0|0|0|0|0
RZ1|CHK|75|2|49|0|0|0|10|0|0|1|1|0
RZ1|76|2|OP13-098|0|43|0|33|0|0|0|0|0
RZ1|CHK|76|2|49|0|0|0|10|0|0|1|1|0
RZ1|77|2|OP13-091|0|42|0|34|0|0|0|0|0
RZ1|CHK|77|2|49|0|0|0|10|0|0|1|1|0
RZ1|78|2|OP13-082|0|43|0|35|0|0|0|0|0
RZ1|CHK|78|2|49|0|0|0|10|0|0|1|1|0
RZ1|79|2|OP13-098|0|43|0|36|0|0|0|0|0
RZ1|CHK|79|2|49|0|0|0|10|0|0|1|1|0
RZ1|80|2|OP13-084|0|39|0|37|0|0|0|0|0
RZ1|CHK|80|2|49|0|0|0|10|0|0|1|1|0
RZ1|81|2|OP13-092|0|44|0|39|0|0|0|0|0
RZ1|CHK|81|2|49|0|0|0|10|0|0|1|1|0
RZ1|82|2|OP13-091|0|42|0|40|0|0|0|0|0
RZ1|CHK|82|2|49|0|0|0|10|0|0|1|1|0
RZ1|83|2|OP13-096|0|47|0|41|0|0|0|0|0
RZ1|CHK|83|2|49|0|0|0|10|0|0|1|1|0
RZ1|84|2|OP13-096|0|45|0|42|0|0|0|0|0
RZ1|CHK|84|2|49|0|0|0|10|0|0|1|1|0
RZ1|85|2|OP13-083|0|46|0|43|0|0|0|0|0
RZ1|CHK|85|2|49|0|0|0|10|0|0|1|1|0
RZ1|86|2|OP14-096|0|46|0|44|0|0|0|0|0
RZ1|CHK|86|2|49|0|0|0|10|0|0|1|1|0
RZ1|87|2|OP13-082|0|46|0|45|0|0|0|0|0
RZ1|CHK|87|2|49|0|0|0|10|0|0|1|1|0
RZ1|88|2|OP16-093|0|48|0|46|0|0|0|0|0
RZ1|CHK|88|2|49|0|0|0|10|0|0|1|1|0
RZ1|89|2|OP13-080|0|48|0|47|0|0|0|0|0
RZ1|CHK|89|2|49|0|0|0|10|0|0|1|1|0
[] Drew card from deck: Capone "Gang" Bege ["OP11-101">OP11-101]
RZ1|90|1|OP11-101|0|49|1|0|1|1|0|0|0
RZ1|CHK|90|1|49|1|0|0|10|0|0|0|1|0
[] Drew card from deck: Eustass "Captain" Kid ["OP10-112">OP10-112]
RZ1|91|1|OP10-112|0|48|1|1|1|1|0|0|0
RZ1|CHK|91|1|48|2|0|0|10|0|0|0|1|0
[] Drew card from deck: Trafalgar Law ["P-088">P-088]
RZ1|92|1|P-088|0|47|1|2|1|1|0|0|0
RZ1|CHK|92|1|47|3|0|0|10|0|0|0|1|0
[] Drew card from deck: Eustass "Captain" Kid ["ST36-005">ST36-005]
RZ1|93|1|ST36-005|0|46|1|3|1|1|0|0|0
RZ1|CHK|93|1|46|4|0|0|10|0|0|0|1|0
[] Drew card from deck: Trafalgar Law ["OP10-119">OP10-119]
RZ1|94|1|OP10-119|0|45|1|4|1|1|0|0|0
RZ1|CHK|94|1|45|5|0|0|10|0|0|0|1|0
[] Drew card from deck: St. Shepherd Ju Peter ["OP13-084">OP13-084]
RZ1|95|2|OP13-084|0|48|1|0|1|1|0|0|0
RZ1|CHK|95|2|48|1|0|0|10|0|0|1|1|0
[] Drew card from deck: St. Ethanbaron V. Nusjuro ["OP13-080">OP13-080]
RZ1|96|2|OP13-080|0|47|1|1|1|1|0|0|0
RZ1|CHK|96|2|47|2|0|0|10|0|0|1|1|0
[] Drew card from deck: Bartholomew Kuma ["OP16-093">OP16-093]
RZ1|97|2|OP16-093|0|46|1|2|1|1|0|0|0
RZ1|CHK|97|2|46|3|0|0|10|0|0|1|1|0
[] Drew card from deck: Five Elders ["OP13-082">OP13-082]
RZ1|98|2|OP13-082|0|45|1|3|1|1|0|0|0
RZ1|CHK|98|2|45|4|0|0|10|0|0|1|1|0
[] Drew card from deck: Ground Death ["OP14-096">OP14-096]
RZ1|99|2|OP14-096|0|44|1|4|1|1|0|0|0
RZ1|CHK|99|2|44|5|0|0|10|0|0|1|1|0
RZ1|100|1|OP11-101|1|0|0|45|0|0|0|0|0
RZ1|CHK|100|1|46|4|0|0|10|0|0|0|1|0
RZ1|101|1|OP10-112|1|0|0|46|0|0|0|0|0
RZ1|CHK|101|1|47|3|0|0|10|0|0|0|1|0
RZ1|102|1|P-088|1|0|0|47|0|0|0|0|0
RZ1|CHK|102|1|48|2|0|0|10|0|0|0|1|0
RZ1|103|1|ST36-005|1|0|0|48|0|0|0|0|0
RZ1|CHK|103|1|49|1|0|0|10|0|0|0|1|0
RZ1|104|1|OP10-119|1|0|0|49|0|0|0|0|0
RZ1|CHK|104|1|50|0|0|0|10|0|0|0|1|0
RZ1|105|1|OP12-117|0|15|0|0|0|0|0|0|0
RZ1|CHK|105|1|50|0|0|0|10|0|0|0|1|0
RZ1|106|1|OP10-112|0|16|0|1|0|0|0|0|0
RZ1|CHK|106|1|50|0|0|0|10|0|0|0|1|0
RZ1|107|1|OP10-112|0|46|0|2|0|0|0|0|0
RZ1|CHK|107|1|50|0|0|0|10|0|0|0|1|0
RZ1|108|1|ST36-004|0|20|0|3|0|0|0|0|0
RZ1|CHK|108|1|50|0|0|0|10|0|0|0|1|0
RZ1|109|1|OP10-109|0|11|0|4|0|0|0|0|0
RZ1|CHK|109|1|50|0|0|0|10|0|0|0|1|0
RZ1|110|1|OP10-112|0|32|0|5|0|0|0|0|0
RZ1|CHK|110|1|50|0|0|0|10|0|0|0|1|0
RZ1|111|1|ST36-005|0|16|0|6|0|0|0|0|0
RZ1|CHK|111|1|50|0|0|0|10|0|0|0|1|0
RZ1|112|1|P-088|0|47|0|7|0|0|0|0|0
RZ1|CHK|112|1|50|0|0|0|10|0|0|0|1|0
RZ1|113|1|OP10-111|0|30|0|8|0|0|0|0|0
RZ1|CHK|113|1|50|0|0|0|10|0|0|0|1|0
RZ1|114|1|EB04-059|0|24|0|9|0|0|0|0|0
RZ1|CHK|114|1|50|0|0|0|10|0|0|0|1|0
RZ1|115|1|OP10-112|0|44|0|10|0|0|0|0|0
RZ1|CHK|115|1|50|0|0|0|10|0|0|0|1|0
RZ1|116|1|OP11-101|0|29|0|11|0|0|0|0|0
RZ1|CHK|116|1|50|0|0|0|10|0|0|0|1|0
RZ1|117|1|OP11-101|0|47|0|12|0|0|0|0|0
RZ1|CHK|117|1|50|0|0|0|10|0|0|0|1|0
RZ1|118|1|OP15-105|0|18|0|13|0|0|0|0|0
RZ1|CHK|118|1|50|0|0|0|10|0|0|0|1|0
RZ1|119|1|ST36-005|0|45|0|14|0|0|0|0|0
RZ1|CHK|119|1|50|0|0|0|10|0|0|0|1|0
RZ1|120|1|ST36-002|0|31|0|15|0|0|0|0|0
RZ1|CHK|120|1|50|0|0|0|10|0|0|0|1|0
RZ1|121|1|ST36-003|0|47|0|16|0|0|0|0|0
RZ1|CHK|121|1|50|0|0|0|10|0|0|0|1|0
RZ1|122|1|OP10-111|0|35|0|17|0|0|0|0|0
RZ1|CHK|122|1|50|0|0|0|10|0|0|0|1|0
RZ1|123|1|ST36-003|0|43|0|18|0|0|0|0|0
RZ1|CHK|123|1|50|0|0|0|10|0|0|0|1|0
RZ1|124|1|OP10-116|0|37|0|19|0|0|0|0|0
RZ1|CHK|124|1|50|0|0|0|10|0|0|0|1|0
RZ1|125|1|OP10-109|0|34|0|20|0|0|0|0|0
RZ1|CHK|125|1|50|0|0|0|10|0|0|0|1|0
RZ1|126|1|OP10-114|0|42|0|21|0|0|0|0|0
RZ1|CHK|126|1|50|0|0|0|10|0|0|0|1|0
RZ1|127|1|OP10-111|0|35|0|22|0|0|0|0|0
RZ1|CHK|127|1|50|0|0|0|10|0|0|0|1|0
RZ1|128|1|ST36-005|0|26|0|23|0|0|0|0|0
RZ1|CHK|128|1|50|0|0|0|10|0|0|0|1|0
RZ1|129|1|ST36-002|0|31|0|24|0|0|0|0|0
RZ1|CHK|129|1|50|0|0|0|10|0|0|0|1|0
RZ1|130|1|OP10-114|0|26|0|25|0|0|0|0|0
RZ1|CHK|130|1|50|0|0|0|10|0|0|0|1|0
RZ1|131|1|OP10-109|0|44|0|26|0|0|0|0|0
RZ1|CHK|131|1|50|0|0|0|10|0|0|0|1|0
RZ1|132|1|OP10-119|0|30|0|27|0|0|0|0|0
RZ1|CHK|132|1|50|0|0|0|10|0|0|0|1|0
RZ1|133|1|OP11-101|0|42|0|28|0|0|0|0|0
RZ1|CHK|133|1|50|0|0|0|10|0|0|0|1|0
RZ1|134|1|P-088|0|32|0|29|0|0|0|0|0
RZ1|CHK|134|1|50|0|0|0|10|0|0|0|1|0
RZ1|135|1|ST36-005|0|48|0|30|0|0|0|0|0
RZ1|CHK|135|1|50|0|0|0|10|0|0|0|1|0
RZ1|136|1|ST36-002|0|32|0|31|0|0|0|0|0
RZ1|CHK|136|1|50|0|0|0|10|0|0|0|1|0
RZ1|137|1|OP10-114|0|44|0|32|0|0|0|0|0
RZ1|CHK|137|1|50|0|0|0|10|0|0|0|1|0
RZ1|138|1|OP10-119|0|35|0|33|0|0|0|0|0
RZ1|CHK|138|1|50|0|0|0|10|0|0|0|1|0
RZ1|139|1|OP13-116|0|41|0|34|0|0|0|0|0
RZ1|CHK|139|1|50|0|0|0|10|0|0|0|1|0
RZ1|140|1|OP15-105|0|37|0|35|0|0|0|0|0
RZ1|CHK|140|1|50|0|0|0|10|0|0|0|1|0
RZ1|141|1|ST36-001|0|42|0|36|0|0|0|0|0
RZ1|CHK|141|1|50|0|0|0|10|0|0|0|1|0
RZ1|142|1|OP10-119|0|39|0|37|0|0|0|0|0
RZ1|CHK|142|1|50|0|0|0|10|0|0|0|1|0
RZ1|143|1|P-088|0|39|0|38|0|0|0|0|0
RZ1|CHK|143|1|50|0|0|0|10|0|0|0|1|0
RZ1|144|1|OP12-117|0|47|0|40|0|0|0|0|0
RZ1|CHK|144|1|50|0|0|0|10|0|0|0|1|0
RZ1|145|1|OP10-119|0|49|0|41|0|0|0|0|0
RZ1|CHK|145|1|50|0|0|0|10|0|0|0|1|0
RZ1|146|1|ST36-004|0|47|0|42|0|0|0|0|0
RZ1|CHK|146|1|50|0|0|0|10|0|0|0|1|0
RZ1|147|1|ST36-001|0|45|0|43|0|0|0|0|0
RZ1|CHK|147|1|50|0|0|0|10|0|0|0|1|0
RZ1|148|1|ST36-004|0|48|0|44|0|0|0|0|0
RZ1|CHK|148|1|50|0|0|0|10|0|0|0|1|0
RZ1|149|1|OP13-116|0|49|0|46|0|0|0|0|0
RZ1|CHK|149|1|50|0|0|0|10|0|0|0|1|0
RZ1|150|1|P-088|0|48|0|47|0|0|0|0|0
RZ1|CHK|150|1|50|0|0|0|10|0|0|0|1|0
RZ1|151|1|OP10-111|0|49|0|48|0|0|0|0|0
RZ1|CHK|151|1|50|0|0|0|10|0|0|0|1|0
[] Drew card from deck: Basil Hawkins ["OP10-109">OP10-109]
RZ1|152|1|OP10-109|0|49|1|0|1|1|0|0|0
RZ1|CHK|152|1|49|1|0|0|10|0|0|0|1|0
[] Drew card from deck: Monkey D. Luffy ["OP10-111">OP10-111]
RZ1|153|1|OP10-111|0|48|1|1|1|1|0|0|0
RZ1|CHK|153|1|48|2|0|0|10|0|0|0|1|0
[] Drew card from deck: Trafalgar Law ["P-088">P-088]
RZ1|154|1|P-088|0|47|1|2|1|1|0|0|0
RZ1|CHK|154|1|47|3|0|0|10|0|0|0|1|0
[] Drew card from deck: The Pirate King Is Just The Freest Man on the Sea!!! ["OP13-116">OP13-116]
RZ1|155|1|OP13-116|0|46|1|3|1|1|0|0|0
RZ1|CHK|155|1|46|4|0|0|10|0|0|0|1|0
[] Drew card from deck: Slam Gibson ["OP12-117">OP12-117]
RZ1|156|1|OP12-117|0|45|1|4|1|1|0|0|0
RZ1|CHK|156|1|45|5|0|0|10|0|0|0|1|0
RZ1|157|1|ST36-004|0|44|3|0|1|0|0|0|0
RZ1|CHK|157|1|44|5|0|1|10|0|0|0|1|0
RZ1|158|1|ST36-001|0|43|3|1|1|0|0|0|0
RZ1|CHK|158|1|43|5|0|2|10|0|0|0|1|0
RZ1|159|1|ST36-004|0|42|3|2|1|0|0|0|0
RZ1|CHK|159|1|42|5|0|3|10|0|0|0|1|0
RZ1|160|1|OP10-119|0|41|3|3|1|0|0|0|0
RZ1|CHK|160|1|41|5|0|4|10|0|0|0|1|0
RZ1|161|1|OP12-117|0|40|3|4|1|0|0|0|0
RZ1|CHK|161|1|40|5|0|5|10|0|0|0|1|0
[] Hand after Mulligan: [OP10-109,OP10-111,P-088,OP13-116,OP12-117]
[You] Mulligan
RZ1|162|2|OP13-083|0|43|3|0|0|1|0|0|0
RZ1|CHK|162|2|43|5|0|1|10|0|0|1|1|0
RZ1|163|2|OP13-096|0|42|3|1|0|1|0|0|0
RZ1|CHK|163|2|42|5|0|2|10|0|0|1|1|0
RZ1|164|2|OP13-096|0|41|3|2|0|1|0|0|0
RZ1|CHK|164|2|41|5|0|3|10|0|0|1|1|0
RZ1|165|2|OP13-091|0|40|3|3|0|1|0|0|0
RZ1|CHK|165|2|40|5|0|4|10|0|0|1|1|0
[] Hand: [OP10-109,OP10-111,P-088,OP13-116,OP12-117]
[] Board: []
[] Trash: []
[] Life: 5
[] Hand: [OP13-084,OP13-080,OP16-093,OP13-082,OP14-096]
[] Trash: []
[] Board: []
[] Life: 4
RZ1|166|1|Don|4|9|5|0|1|1|0|0|0
RZ1|CHK|166|1|40|5|0|5|9|1|0|0|1|0
[You] Draw 1 Don
[You] The Pirate King Is Just The Freest Man on the Sea!!! ["OP13-116">OP13-116]: Rest 1 Don
RZ1|167|1|Don|5|0|5|0|1|1|1|0|0
RZ1|CHK|167|1|40|5|0|5|9|1|0|0|1|0
RZ1|168|1|OP13-116|1|3|6|0|1|1|0|0|0
RZ1|CHK|168|1|40|4|0|5|9|1|1|0|1|0
RZ1|169|1|OP10-119|0|37|1|4|1|1|0|0|0
RZ1|CHK|169|1|39|5|0|5|9|1|1|0|1|0
[You] The Pirate King Is Just The Freest Man on the Sea!!! ["OP13-116">OP13-116]: <b>Reveal and Draw Trafalgar Law ["OP10-119">OP10-119]</b>
[You] Placing Cards on Bottom of Deck
RZ1|170|1|ST36-002|0|38|0|0|0|0|0|0|0
RZ1|CHK|170|1|39|5|0|5|9|1|1|0|1|0
RZ1|171|1|P-088|0|38|0|0|0|0|0|0|0
RZ1|CHK|171|1|39|5|0|5|9|1|1|0|1|0
RZ1|172|1|ST36-001|0|38|0|0|0|0|0|0|0
RZ1|CHK|172|1|39|5|0|5|9|1|1|0|1|0
RZ1|173|1|OP15-105|0|38|0|0|0|0|0|0|0
RZ1|CHK|173|1|39|5|0|5|9|1|1|0|1|0
[] Hand: [OP10-109,OP10-111,P-088,OP12-117,OP10-119]
[] Board: []
[] Trash: [OP13-116]
[] Life: 5
[] Hand: [OP13-084,OP13-080,OP16-093,OP13-082,OP14-096]
[] Trash: []
[] Board: []
[] Life: 4
[You] End Turn
[] Hand: [OP13-084,OP13-080,OP16-093,OP13-082,OP14-096]
[] Board: []
[] Trash: []
[] Life: 4
[] Hand: [OP10-109,OP10-111,P-088,OP12-117,OP10-119]
[] Trash: [OP13-116]
[] Board: []
[] Life: 5
[Opponent] Draw 1 Card
[] Drew card from deck: St. Mjosgard ["OP13-092">OP13-092]
RZ1|174|2|OP13-092|0|39|1|5|1|1|0|0|0
RZ1|CHK|174|2|39|6|0|4|10|0|0|1|1|0
RZ1|175|2|Don|4|9|5|0|1|1|0|0|0
RZ1|CHK|175|2|39|6|0|4|9|1|0|1|1|0
RZ1|176|2|Don|4|8|5|1|1|1|0|0|0
RZ1|CHK|176|2|39|6|0|4|8|2|0|1|1|0
[Opponent] Draw 2 Don
RZ1|177|2|OP13-080|1|1|6|0|1|1|0|0|0
RZ1|CHK|177|2|39|5|0|4|8|2|1|1|1|0
[Opponent] Imu ["OP13-079">OP13-079]: Trash St. Ethanbaron V. Nusjuro ["OP13-080">OP13-080]
[] Drew card from deck: Ground Death ["OP14-096">OP14-096]
RZ1|178|2|OP14-096|0|38|1|5|1|1|0|0|0
RZ1|CHK|178|2|38|6|0|4|8|2|1|1|1|0
[Opponent] Imu ["OP13-079">OP13-079]: Draw 1 Card
[] Hand: [OP13-084,OP16-093,OP13-082,OP14-096,OP13-092,OP14-096]
[] Board: []
[] Trash: [OP13-080]
[] Life: 4
[] Hand: [OP10-109,OP10-111,P-088,OP12-117,OP10-119]
[] Trash: [OP13-116]
[] Board: []
[] Life: 5
[Opponent] End Turn
[] Hand: [OP10-109,OP10-111,P-088,OP12-117,OP10-119]
[] Board: []
[] Trash: [OP13-116]
[] Life: 5
[] Hand: [OP13-084,OP16-093,OP13-082,OP14-096,OP13-092,OP14-096]
[] Trash: [OP13-080]
[] Board: []
[] Life: 4
[You] Draw 1 Card
[] Drew card from deck: The Pirate King Is Just The Freest Man on the Sea!!! ["OP13-116">OP13-116]
RZ1|179|1|OP13-116|0|38|1|5|1|1|0|0|0
RZ1|CHK|179|1|38|6|0|5|9|1|1|0|1|0
RZ1|180|1|Don|4|8|5|1|1|1|0|0|0
RZ1|CHK|180|1|38|6|0|5|8|2|1|0|1|0
RZ1|181|1|Don|4|7|5|2|1|1|0|0|0
RZ1|CHK|181|1|38|6|0|5|7|3|1|0|1|0
[You] Draw 2 Don
[You] The Pirate King Is Just The Freest Man on the Sea!!! ["OP13-116">OP13-116]: Rest 1 Don
RZ1|182|1|Don|5|0|5|0|1|1|1|0|0
RZ1|CHK|182|1|38|6|0|5|7|3|1|0|1|0
RZ1|183|1|OP13-116|1|5|6|1|1|1|0|0|0
RZ1|CHK|183|1|38|5|0|5|7|3|2|0|1|0
RZ1|184|1|ST36-002|0|35|1|5|1|1|0|0|0
RZ1|CHK|184|1|37|6|0|5|7|3|2|0|1|0
[You] The Pirate King Is Just The Freest Man on the Sea!!! ["OP13-116">OP13-116]: <b>Reveal and Draw Killer ["ST36-002">ST36-002]</b>
[You] Placing Cards on Bottom of Deck
RZ1|185|1|OP10-119|0|36|0|0|0|0|0|0|0
RZ1|CHK|185|1|37|6|0|5|7|3|2|0|1|0
RZ1|186|1|OP10-114|0|36|0|0|0|0|0|0|0
RZ1|CHK|186|1|37|6|0|5|7|3|2|0|1|0
RZ1|187|1|ST36-005|0|36|0|0|0|0|0|0|0
RZ1|CHK|187|1|37|6|0|5|7|3|2|0|1|0
RZ1|188|1|P-088|0|36|0|0|0|0|0|0|0
RZ1|CHK|188|1|37|6|0|5|7|3|2|0|1|0
RZ1|189|1|Don|5|1|5|1|1|1|1|0|0
RZ1|CHK|189|1|37|6|0|5|7|3|2|0|1|0
[You] Deploy Monkey D. Luffy ["OP10-111">OP10-111]
RZ1|190|1|OP10-111|1|1|2|0|1|1|0|0|0
RZ1|CHK|190|1|37|5|1|5|7|3|2|0|1|0
RZ1|191|1|ST36-002|0|32|1|5|1|1|0|0|0
RZ1|CHK|191|1|36|6|1|5|7|3|2|0|1|0
[You] Monkey D. Luffy ["OP10-111">OP10-111]: <b>Reveal and Draw Killer ["ST36-002">ST36-002]</b>
[You] Placing Cards on Bottom of Deck
RZ1|192|1|OP11-101|0|35|0|0|0|0|0|0|0
RZ1|CHK|192|1|36|6|1|5|7|3|2|0|1|0
RZ1|193|1|OP10-119|0|35|0|0|0|0|0|0|0
RZ1|CHK|193|1|36|6|1|5|7|3|2|0|1|0
RZ1|194|1|OP10-109|0|35|0|0|0|0|0|0|0
RZ1|CHK|194|1|36|6|1|5|7|3|2|0|1|0
RZ1|195|1|OP10-114|0|35|0|0|0|0|0|0|0
RZ1|CHK|195|1|36|6|1|5|7|3|2|0|1|0
[You] Attach 1 Don to Eustass "Captain" Kid ["OP10-099">OP10-099] (1 Total)
RZ1|196|1|Don|5|2|9|9900|1|1|0|0|0
RZ1|CHK|196|1|36|6|1|5|7|2|2|0|1|1
[You] Eustass "Captain" Kid ["OP10-099">OP10-099] attacking Imu ["OP13-079">OP13-079]
Eustass "Captain" Kid ["OP10-099">OP10-099][6000] vs Imu ["OP13-079">OP13-079][5000]
Imu ["OP13-079">OP13-079] hit for 1 damage
RZ1|197|2|OP13-091|3|3|1|6|1|1|0|0|0
RZ1|CHK|197|2|38|7|0|3|8|2|1|1|1|0
[] Hand: [OP10-109,P-088,OP12-117,OP10-119,ST36-002,ST36-002]
[] Board: [OP10-111]
[] Trash: [OP13-116,OP13-116]
[] Life: 5
[] Hand: [OP13-084,OP16-093,OP13-082,OP14-096,OP13-092,OP14-096,OP13-091]
[] Trash: [OP13-080]
[] Board: []
[] Life: 3
[You] End Turn
[] Hand: [OP13-084,OP16-093,OP13-082,OP14-096,OP13-092,OP14-096,OP13-091]
[] Board: []
[] Trash: [OP13-080]
[] Life: 3
[] Hand: [OP10-109,P-088,OP12-117,OP10-119,ST36-002,ST36-002]
[] Trash: [OP13-116,OP13-116]
[] Board: [OP10-111]
[] Life: 5
[Opponent] Draw 1 Card
[] Drew card from deck: St. Shepherd Ju Peter ["OP13-084">OP13-084]
RZ1|198|2|OP13-084|0|37|1|7|1|1|0|0|0
RZ1|CHK|198|2|37|8|0|3|8|2|1|1|1|0
RZ1|199|2|Don|4|7|5|2|1|1|0|0|0
RZ1|CHK|199|2|37|8|0|3|7|3|1|1|1|0
RZ1|200|2|Don|4|6|5|3|1|1|0|0|0
RZ1|CHK|200|2|37|8|0|3|6|4|1|1|1|0
[Opponent] Draw 2 Don
RZ1|201|2|Don|5|0|5|0|1|1|1|0|0
RZ1|CHK|201|2|37|8|0|3|6|4|1|1|1|0
RZ1|202|2|Don|5|1|5|1|1|1|1|0|0
RZ1|CHK|202|2|37|8|0|3|6|4|1|1|1|0
RZ1|203|2|Don|5|2|5|2|1|1|1|0|0
RZ1|CHK|203|2|37|8|0|3|6|4|1|1|1|0
[Opponent] Deploy Bartholomew Kuma ["OP16-093">OP16-093]
RZ1|204|2|OP16-093|1|1|2|0|1|1|0|0|0
RZ1|CHK|204|2|37|7|1|3|6|4|1|1|1|0
[] Drew card from deck: ...Never Existed... ["OP13-098">OP13-098]
RZ1|205|2|OP13-098|0|36|1|7|1|1|0|0|0
RZ1|CHK|205|2|36|8|1|3|6|4|1|1|1|0
[] Drew card from deck: Five Elders ["OP13-082">OP13-082]
RZ1|206|2|OP13-082|0|35|1|8|1|1|0|0|0
RZ1|CHK|206|2|35|9|1|3|6|4|1|1|1|0
[Opponent] Bartholomew Kuma ["OP16-093">OP16-093]: Draw 2 Card
RZ1|207|2|OP13-091|1|5|6|1|1|1|0|0|0
RZ1|CHK|207|2|35|8|1|3|6|4|2|1|1|0
[Opponent] Bartholomew Kuma ["OP16-093">OP16-093]: Trash St. Marcus Mars ["OP13-091">OP13-091]
RZ1|208|2|OP13-092|1|3|6|2|1|1|0|0|0
RZ1|CHK|208|2|35|7|1|3|6|4|3|1|1|0
[Opponent] Bartholomew Kuma ["OP16-093">OP16-093]: Trash St. Mjosgard ["OP13-092">OP13-092]
[Opponent] Bartholomew Kuma ["OP16-093">OP16-093]: Attach 1 Rested Don to Imu ["OP13-079">OP13-079]
RZ1|209|2|Don|5|0|9|9900|1|1|1|0|0
RZ1|CHK|209|2|35|7|1|3|6|3|3|1|1|1
[Opponent] Imu ["OP13-079">OP13-079] attacking Eustass "Captain" Kid ["OP10-099">OP10-099]
[You] Discard Trafalgar Law ["P-088">P-088] for Counter 2000
RZ1|210|1|P-088|1|1|6|2|1|1|0|0|0
RZ1|CHK|210|1|36|5|1|5|7|2|3|0|1|1
Imu ["OP13-079">OP13-079][6000] vs Eustass "Captain" Kid ["OP10-099">OP10-099][7000]
Attack Fails
[] Hand: [OP13-084,OP13-082,OP14-096,OP14-096,OP13-084,OP13-098,OP13-082]
[] Board: [OP16-093]
[] Trash: [OP13-080,OP13-091,OP13-092]
[] Life: 3
[] Hand: [OP10-109,OP12-117,OP10-119,ST36-002,ST36-002]
[] Trash: [OP13-116,OP13-116,P-088]
[] Board: [OP10-111]
[] Life: 5
[Opponent] End Turn
[] Hand: [OP10-109,OP12-117,OP10-119,ST36-002,ST36-002]
[] Board: [OP10-111]
[] Trash: [OP13-116,OP13-116,P-088]
[] Life: 5
[] Hand: [OP13-084,OP13-082,OP14-096,OP14-096,OP13-084,OP13-098,OP13-082]
[] Trash: [OP13-080,OP13-091,OP13-092]
[] Board: [OP16-093]
[] Life: 3
RZ1|211|1|Don|9|9900|5|0|1|1|1|0|0
RZ1|CHK|211|1|36|5|1|5|7|3|3|0|1|0
[You] Draw 1 Card
[] Drew card from deck: Eustass "Captain" Kid ["ST36-005">ST36-005]
RZ1|212|1|ST36-005|0|35|1|5|1|1|0|0|0
RZ1|CHK|212|1|35|6|1|5|7|3|3|0|1|0
RZ1|213|1|Don|4|6|5|3|1|1|0|0|0
RZ1|CHK|213|1|35|6|1|5|6|4|3|0|1|0
RZ1|214|1|Don|4|5|5|4|1|1|0|0|0
RZ1|CHK|214|1|35|6|1|5|5|5|3|0|1|0
[You] Draw 2 Don
RZ1|215|1|Don|5|0|5|0|1|1|1|0|0
RZ1|CHK|215|1|35|6|1|5|5|5|3|0|1|0
RZ1|216|1|Don|5|1|5|1|1|1|1|0|0
RZ1|CHK|216|1|35|6|1|5|5|5|3|0|1|0
RZ1|217|1|Don|5|2|5|2|1|1|1|0|0
RZ1|CHK|217|1|35|6|1|5|5|5|3|0|1|0
RZ1|218|1|Don|5|3|5|3|1|1|1|0|0
RZ1|CHK|218|1|35|6|1|5|5|5|3|0|1|0
[You] Deploy Basil Hawkins ["OP10-109">OP10-109]
RZ1|219|1|OP10-109|1|0|2|1|1|1|0|0|0
RZ1|CHK|219|1|35|5|2|5|5|5|3|0|1|0
[You] Attach 1 Don to Eustass "Captain" Kid ["OP10-099">OP10-099] (1 Total)
RZ1|220|1|Don|5|4|9|9900|1|1|0|0|0
RZ1|CHK|220|1|35|5|2|5|5|4|3|0|1|1
[You] Eustass "Captain" Kid ["OP10-099">OP10-099] attacking Imu ["OP13-079">OP13-079]
Eustass "Captain" Kid ["OP10-099">OP10-099][6000] vs Imu ["OP13-079">OP13-079][5000]
Imu ["OP13-079">OP13-079] hit for 1 damage
RZ1|221|2|OP13-096|3|2|1|7|1|1|0|0|0
RZ1|CHK|221|2|35|8|1|2|6|3|3|1|1|1
[Opponent] The Five Elders... Are At Your Service ["OP13-096">OP13-096]: Activate Trigger
RZ1|222|2|OP13-096|1|7|6|3|1|1|0|0|0
RZ1|CHK|222|2|35|7|1|2|6|3|4|1|1|1
RZ1|223|2|OP13-091|0|34|1|7|1|1|0|0|0
RZ1|CHK|223|2|34|8|1|2|6|3|4|1|1|1
[Opponent] The Five Elders... Are At Your Service ["OP13-096">OP13-096]: <b>Reveal and Draw St. Marcus Mars ["OP13-091">OP13-091]</b>
[Opponent] The Five Elders... Are At Your Service ["OP13-096">OP13-096]: Trash 2 Remaining Cards
RZ1|224|2|OP13-098|0|33|6|4|1|1|0|0|0
RZ1|CHK|224|2|33|8|1|2|6|3|5|1|1|1
RZ1|225|2|OP13-092|0|32|6|5|1|1|0|0|0
RZ1|CHK|225|2|32|8|1|2|6|3|6|1|1|1
[You] Eustass "Captain" Kid ["OP10-099">OP10-099]: Flip 1 Life Face Up
RZ1|226|1|OP12-117|3|4|3|4|1|1|0|0|0
RZ1|CHK|226|1|35|5|2|5|5|4|3|0|1|1
[You] Eustass "Captain" Kid ["OP10-099">OP10-099]: Set Basil Hawkins ["OP10-109">OP10-109] to Active
[You] Eustass "Captain" Kid ["OP10-099">OP10-099]: Basil Hawkins ["OP10-109">OP10-109] Gains Blocker
[] Hand: [OP12-117,OP10-119,ST36-002,ST36-002,ST36-005]
[] Board: [OP10-111,OP10-109]
[] Trash: [OP13-116,OP13-116,P-088]
[] Life: 5
[] Hand: [OP13-084,OP13-082,OP14-096,OP14-096,OP13-084,OP13-098,OP13-082,OP13-091]
[] Trash: [OP13-080,OP13-091,OP13-092,OP13-096,OP13-098,OP13-092]
[] Board: [OP16-093]
[] Life: 2
[You] End Turn
[] Hand: [OP13-084,OP13-082,OP14-096,OP14-096,OP13-084,OP13-098,OP13-082,OP13-091]
[] Board: [OP16-093]
[] Trash: [OP13-080,OP13-091,OP13-092,OP13-096,OP13-098,OP13-092]
[] Life: 2
[] Hand: [OP12-117,OP10-119,ST36-002,ST36-002,ST36-005]
[] Trash: [OP13-116,OP13-116,P-088]
[] Board: [OP10-111,OP10-109]
[] Life: 5
RZ1|227|2|Don|9|9900|5|0|1|1|1|0|0
RZ1|CHK|227|2|32|8|1|2|6|4|6|1|1|0
[Opponent] Draw 1 Card
[] Drew card from deck: St. Shalria ["OP13-086">OP13-086]
RZ1|228|2|OP13-086|0|31|1|8|1|1|0|0|0
RZ1|CHK|228|2|31|9|1|2|6|4|6|1|1|0
RZ1|229|2|Don|4|5|5|4|1|1|0|0|0
RZ1|CHK|229|2|31|9|1|2|5|5|6|1|1|0
RZ1|230|2|Don|4|4|5|5|1|1|0|0|0
RZ1|CHK|230|2|31|9|1|2|4|6|6|1|1|0
[Opponent] Draw 2 Don
[Opponent] The Empty Throne ["OP13-099">OP13-099]: Rest 3 Don
RZ1|231|2|Don|5|0|5|0|1|1|1|0|0
RZ1|CHK|231|2|31|9|1|2|4|6|6|1|1|0
RZ1|232|2|Don|5|1|5|1|1|1|1|0|0
RZ1|CHK|232|2|31|9|1|2|4|6|6|1|1|0
RZ1|233|2|Don|5|2|5|2|1|1|1|0|0
RZ1|CHK|233|2|31|9|1|2|4|6|6|1|1|0
[Opponent] The Empty Throne ["OP13-099">OP13-099]: Rest The Empty Throne ["OP13-099">OP13-099]
RZ1|234|2|OP13-091|1|7|2|1|1|1|0|0|0
RZ1|CHK|234|2|31|8|2|2|4|6|6|1|1|0
[Opponent] The Empty Throne ["OP13-099">OP13-099]: Deploy St. Marcus Mars ["OP13-091">OP13-091]
RZ1|235|2|Don|5|3|5|3|1|1|1|0|0
RZ1|CHK|235|2|31|8|2|2|4|6|6|1|1|0
[Opponent] Deploy St. Shalria ["OP13-086">OP13-086]
RZ1|236|2|OP13-086|1|7|2|2|1|1|0|0|0
RZ1|CHK|236|2|31|7|3|2|4|6|6|1|1|0
RZ1|237|2|OP13-089|0|30|1|7|1|1|0|0|0
RZ1|CHK|237|2|30|8|3|2|4|6|6|1|1|0
[Opponent] St. Shalria ["OP13-086">OP13-086]: <b>Reveal and Draw St. Topman Warcury ["OP13-089">OP13-089]</b>
[Opponent] St. Shalria ["OP13-086">OP13-086]: Trash 2 Remaining Cards
RZ1|238|2|OP13-098|0|29|6|6|1|1|0|0|0
RZ1|CHK|238|2|29|8|3|2|4|6|7|1|1|0
RZ1|239|2|OP13-096|0|28|6|7|1|1|0|0|0
RZ1|CHK|239|2|28|8|3|2|4|6|8|1|1|0
RZ1|240|2|OP13-089|1|7|6|8|1|1|0|0|0
RZ1|CHK|240|2|28|7|3|2|4|6|9|1|1|0
[Opponent] St. Shalria ["OP13-086">OP13-086]: Trash St. Topman Warcury ["OP13-089">OP13-089]
[Opponent] Imu ["OP13-079">OP13-079] attacking Eustass "Captain" Kid ["OP10-099">OP10-099]
[You] Basil Hawkins ["OP10-109">OP10-109] Blocks
Imu ["OP13-079">OP13-079][5000] vs Basil Hawkins ["OP10-109">OP10-109][5000]
[You] Basil Hawkins ["OP10-109">OP10-109] Destroyed
RZ1|241|1|OP10-109|2|1|6|3|1|1|0|0|0
RZ1|CHK|241|1|35|5|1|5|5|4|4|0|1|1
[You] Basil Hawkins ["OP10-109">OP10-109]: Trash 1 Life
Trash The Five Elders... Are At Your Service ["OP13-096">OP13-096] from Life
RZ1|242|2|OP13-096|3|1|6|9|1|1|0|0|0
RZ1|CHK|242|2|28|7|3|1|4|6|10|1|1|0
RZ1|243|2|Don|5|4|9|0|1|1|0|0|0
RZ1|CHK|243|2|28|7|3|1|4|5|10|1|1|1
[Opponent] Attach 1 Don to Bartholomew Kuma ["OP16-093">OP16-093] (1 Total)
[Opponent] Bartholomew Kuma ["OP16-093">OP16-093] attacking Eustass "Captain" Kid ["OP10-099">OP10-099]
Bartholomew Kuma ["OP16-093">OP16-093][5000] vs Eustass "Captain" Kid ["OP10-099">OP10-099][5000]
Eustass "Captain" Kid ["OP10-099">OP10-099] hit for 1 damage
RZ1|244|1|OP12-117|3|4|1|5|1|1|0|0|0
RZ1|CHK|244|1|35|6|1|4|5|4|4|0|1|1
RZ1|245|2|OP13-086|2|2|6|10|1|1|0|0|0
RZ1|CHK|245|2|28|7|2|1|4|5|11|1|1|1
[Opponent] Imu ["OP13-079">OP13-079]: Trash St. Shalria ["OP13-086">OP13-086]
[] Drew card from deck: St. Shalria ["OP13-086">OP13-086]
RZ1|246|2|OP13-086|0|27|1|7|1|1|0|0|0
RZ1|CHK|246|2|27|8|2|1|4|5|11|1|1|1
[Opponent] Imu ["OP13-079">OP13-079]: Draw 1 Card
[] Hand: [OP13-084,OP13-082,OP14-096,OP14-096,OP13-084,OP13-098,OP13-082,OP13-086]
[] Board: [OP16-093,OP13-091]
[] Trash: [OP13-080,OP13-091,OP13-092,OP13-096,OP13-098,OP13-092,OP13-098,OP13-096,OP13-089,OP13-096,OP13-086]
[] Life: 1
[] Hand: [OP12-117,OP10-119,ST36-002,ST36-002,ST36-005,OP12-117]
[] Trash: [OP13-116,OP13-116,P-088,OP10-109]
[] Board: [OP10-111]
[] Life: 4
[Opponent] End Turn
[] Hand: [OP12-117,OP10-119,ST36-002,ST36-002,ST36-005,OP12-117]
[] Board: [OP10-111]
[] Trash: [OP13-116,OP13-116,P-088,OP10-109]
[] Life: 4
[] Hand: [OP13-084,OP13-082,OP14-096,OP14-096,OP13-084,OP13-098,OP13-082,OP13-086]
[] Trash: [OP13-080,OP13-091,OP13-092,OP13-096,OP13-098,OP13-092,OP13-098,OP13-096,OP13-089,OP13-096,OP13-086]
[] Board: [OP16-093,OP13-091]
[] Life: 1
RZ1|247|1|Don|9|9900|5|0|1|1|1|0|0
RZ1|CHK|247|1|35|6|1|4|5|5|4|0|1|0
[You] Draw 1 Card
[] Drew card from deck: Monkey D. Luffy ["OP10-111">OP10-111]
RZ1|248|1|OP10-111|0|34|1|6|1|1|0|0|0
RZ1|CHK|248|1|34|7|1|4|5|5|4|0|1|0
RZ1|249|1|Don|4|4|5|5|1|1|0|0|0
RZ1|CHK|249|1|34|7|1|4|4|6|4|0|1|0
RZ1|250|1|Don|4|3|5|6|1|1|0|0|0
RZ1|CHK|250|1|34|7|1|4|3|7|4|0|1|0
[You] Draw 2 Don
RZ1|251|1|Don|5|0|5|0|1|1|1|0|0
RZ1|CHK|251|1|34|7|1|4|3|7|4|0|1|0
RZ1|252|1|Don|5|1|5|1|1|1|1|0|0
RZ1|CHK|252|1|34|7|1|4|3|7|4|0|1|0
RZ1|253|1|Don|5|2|5|2|1|1|1|0|0
RZ1|CHK|253|1|34|7|1|4|3|7|4|0|1|0
RZ1|254|1|Don|5|3|5|3|1|1|1|0|0
RZ1|CHK|254|1|34|7|1|4|3|7|4|0|1|0
RZ1|255|1|Don|5|4|5|4|1|1|1|0|0
RZ1|CHK|255|1|34|7|1|4|3|7|4|0|1|0
RZ1|256|1|Don|5|5|5|5|1|1|1|0|0
RZ1|CHK|256|1|34|7|1|4|3|7|4|0|1|0
RZ1|257|1|Don|5|6|5|6|1|1|1|0|0
RZ1|CHK|257|1|34|7|1|4|3|7|4|0|1|0
[You] Deploy Trafalgar Law ["OP10-119">OP10-119]
RZ1|258|1|OP10-119|1|1|2|1|1|1|0|0|0
RZ1|CHK|258|1|34|6|2|4|3|7|4|0|1|0
[You] Trafalgar Law ["OP10-119">OP10-119] revealed: Killer ["ST36-002">ST36-002]
[You] Trafalgar Law ["OP10-119">OP10-119]: Added card to top of Life from Hand
RZ1|259|1|ST36-002|1|2|3|4|1|0|0|0|0
RZ1|CHK|259|1|34|5|2|5|3|7|4|0|1|0
[You] Trafalgar Law ["OP10-119">OP10-119]: Attach 1 Rested Don to Eustass "Captain" Kid ["OP10-099">OP10-099]
RZ1|260|1|Don|5|0|9|9900|1|1|1|0|0
RZ1|CHK|260|1|34|5|2|5|3|6|4|0|1|1
[You] Eustass "Captain" Kid ["OP10-099">OP10-099] attacking Imu ["OP13-079">OP13-079]
[Opponent] St. Marcus Mars ["OP13-091">OP13-091] Blocks
[Opponent] Ground Death ["OP14-096">OP14-096]: Activate Counter
[Opponent] Ground Death ["OP14-096">OP14-096]: Rest 1 Don
RZ1|261|2|Don|5|4|5|4|1|1|1|0|0
RZ1|CHK|261|2|27|8|2|1|4|5|11|1|1|1
RZ1|262|2|OP14-096|1|2|6|11|1|1|0|0|0
RZ1|CHK|262|2|27|7|2|1|4|5|12|1|1|1
[Opponent] Ground Death ["OP14-096">OP14-096]: Buff St. Marcus Mars ["OP13-091">OP13-091] 4000 for the Combat
Eustass "Captain" Kid ["OP10-099">OP10-099][6000] vs St. Marcus Mars ["OP13-091">OP13-091][9000]
Attack Fails
[You] Eustass "Captain" Kid ["OP10-099">OP10-099]: Flip 1 Life Face Up
RZ1|263|1|ST36-002|3|4|3|4|1|1|0|0|0
RZ1|CHK|263|1|34|5|2|5|3|6|4|0|1|1
[You] Eustass "Captain" Kid ["OP10-099">OP10-099]: Set Trafalgar Law ["OP10-119">OP10-119] to Active
[You] Eustass "Captain" Kid ["OP10-099">OP10-099]: Trafalgar Law ["OP10-119">OP10-119] Gains Blocker
[] Hand: [OP12-117,ST36-002,ST36-005,OP12-117,OP10-111]
[] Board: [OP10-111,OP10-119]
[] Trash: [OP13-116,OP13-116,P-088,OP10-109]
[] Life: 5
[] Hand: [OP13-084,OP13-082,OP14-096,OP13-084,OP13-098,OP13-082,OP13-086]
[] Trash: [OP13-080,OP13-091,OP13-092,OP13-096,OP13-098,OP13-092,OP13-098,OP13-096,OP13-089,OP13-096,OP13-086,OP14-096]
[] Board: [OP16-093,OP13-091]
[] Life: 1
[You] End Turn
[] Hand: [OP13-084,OP13-082,OP14-096,OP13-084,OP13-098,OP13-082,OP13-086]
[] Board: [OP16-093,OP13-091]
[] Trash: [OP13-080,OP13-091,OP13-092,OP13-096,OP13-098,OP13-092,OP13-098,OP13-096,OP13-089,OP13-096,OP13-086,OP14-096]
[] Life: 1
[] Hand: [OP12-117,ST36-002,ST36-005,OP12-117,OP10-111]
[] Trash: [OP13-116,OP13-116,P-088,OP10-109]
[] Board: [OP10-111,OP10-119]
[] Life: 5
RZ1|264|2|Don|9|0|5|0|1|1|1|0|0
RZ1|CHK|264|2|27|7|2|1|4|6|12|1|1|0
[Opponent] Draw 1 Card
[] Drew card from deck: St. Topman Warcury ["OP13-089">OP13-089]
RZ1|265|2|OP13-089|0|26|1|7|1|1|0|0|0
RZ1|CHK|265|2|26|8|2|1|4|6|12|1|1|0
RZ1|266|2|Don|4|3|5|6|1|1|0|0|0
RZ1|CHK|266|2|26|8|2|1|3|7|12|1|1|0
RZ1|267|2|Don|4|2|5|7|1|1|0|0|0
RZ1|CHK|267|2|26|8|2|1|2|8|12|1|1|0
[Opponent] Draw 2 Don
[Opponent] Imu ["OP13-079">OP13-079] attacking Eustass "Captain" Kid ["OP10-099">OP10-099]
[You] Trafalgar Law ["OP10-119">OP10-119] Blocks
Imu ["OP13-079">OP13-079][5000] vs Trafalgar Law ["OP10-119">OP10-119][9000]
Attack Fails
RZ1|268|2|Don|5|0|9|0|1|1|0|0|0
RZ1|CHK|268|2|26|8|2|1|2|7|12|1|1|1
[Opponent] Attach 1 Don to Bartholomew Kuma ["OP16-093">OP16-093] (1 Total)
[Opponent] Bartholomew Kuma ["OP16-093">OP16-093] attacking Eustass "Captain" Kid ["OP10-099">OP10-099]
Bartholomew Kuma ["OP16-093">OP16-093][5000] vs Eustass "Captain" Kid ["OP10-099">OP10-099][5000]
Eustass "Captain" Kid ["OP10-099">OP10-099] hit for 1 damage
RZ1|269|1|ST36-002|3|4|1|5|1|1|0|0|0
RZ1|CHK|269|1|34|6|2|4|3|6|4|0|1|1
[You] Killer ["ST36-002">ST36-002]: Activate Trigger
RZ1|270|1|ST36-002|1|5|6|4|1|1|0|0|0
RZ1|CHK|270|1|34|5|2|4|3|6|5|0|1|1
RZ1|271|1|ST36-002|6|4|2|2|1|1|0|0|0
RZ1|CHK|271|1|34|5|3|4|3|6|4|0|1|1
[You] Killer ["ST36-002">ST36-002]: Deploy Killer ["ST36-002">ST36-002]
[Opponent] The Empty Throne ["OP13-099">OP13-099]: Rest 3 Don
RZ1|272|2|Don|5|0|5|0|1|1|1|0|0
RZ1|CHK|272|2|26|8|2|1|2|7|12|1|1|1
RZ1|273|2|Don|5|1|5|1|1|1|1|0|0
RZ1|CHK|273|2|26|8|2|1|2|7|12|1|1|1
RZ1|274|2|Don|5|2|5|2|1|1|1|0|0
RZ1|CHK|274|2|26|8|2|1|2|7|12|1|1|1
[Opponent] The Empty Throne ["OP13-099">OP13-099]: Rest The Empty Throne ["OP13-099">OP13-099]
RZ1|275|2|OP13-089|1|7|2|2|1|1|0|0|0
RZ1|CHK|275|2|26|7|3|1|2|7|12|1|1|1
[Opponent] The Empty Throne ["OP13-099">OP13-099]: Deploy St. Topman Warcury ["OP13-089">OP13-089]
RZ1|276|2|Don|5|3|9|100|1|1|0|0|0
RZ1|CHK|276|2|26|7|3|1|2|6|12|1|1|2
[Opponent] Attach 1 Don to St. Marcus Mars ["OP13-091">OP13-091] (1 Total)
[Opponent] St. Marcus Mars ["OP13-091">OP13-091] attacking Eustass "Captain" Kid ["OP10-099">OP10-099]
St. Marcus Mars ["OP13-091">OP13-091][6000] vs Eustass "Captain" Kid ["OP10-099">OP10-099][5000]
Eustass "Captain" Kid ["OP10-099">OP10-099] hit for 1 damage
RZ1|277|1|OP10-119|3|3|1|5|1|1|0|0|0
RZ1|CHK|277|1|34|6|3|3|3|6|4|0|1|1
RZ1|278|2|Don|5|3|5|3|1|1|1|0|0
RZ1|CHK|278|2|26|7|3|1|2|6|12|1|1|2
[Opponent] Deploy St. Shalria ["OP13-086">OP13-086]
RZ1|279|2|OP13-086|1|6|2|3|1|1|0|0|0
RZ1|CHK|279|2|26|6|4|1|2|6|12|1|1|2
RZ1|280|2|OP13-080|0|24|1|6|1|1|0|0|0
RZ1|CHK|280|2|25|7|4|1|2|6|12|1|1|2
[Opponent] St. Shalria ["OP13-086">OP13-086]: <b>Reveal and Draw St. Ethanbaron V. Nusjuro ["OP13-080">OP13-080]</b>
[Opponent] St. Shalria ["OP13-086">OP13-086]: Trash 2 Remaining Cards
RZ1|281|2|OP13-086|0|24|6|12|1|1|0|0|0
RZ1|CHK|281|2|24|7|4|1|2|6|13|1|1|2
RZ1|282|2|OP16-093|0|23|6|13|1|1|0|0|0
RZ1|CHK|282|2|23|7|4|1|2|6|14|1|1|2
RZ1|283|2|OP13-084|1|0|6|14|1|1|0|0|0
RZ1|CHK|283|2|23|6|4|1|2|6|15|1|1|2
[Opponent] St. Shalria ["OP13-086">OP13-086]: Trash St. Shepherd Ju Peter ["OP13-084">OP13-084]
RZ1|284|2|OP13-086|2|3|6|15|1|1|0|0|0
RZ1|CHK|284|2|23|6|3|1|2|6|16|1|1|2
[Opponent] Imu ["OP13-079">OP13-079]: Trash St. Shalria ["OP13-086">OP13-086]
[] Drew card from deck: St. Mjosgard ["OP13-092">OP13-092]
RZ1|285|2|OP13-092|0|22|1|6|1|1|0|0|0
RZ1|CHK|285|2|22|7|3|1|2|6|16|1|1|2
[Opponent] Imu ["OP13-079">OP13-079]: Draw 1 Card
[] Hand: [OP13-082,OP14-096,OP13-084,OP13-098,OP13-082,OP13-080,OP13-092]
[] Board: [OP16-093,OP13-091,OP13-089]
[] Trash: [OP13-080,OP13-091,OP13-092,OP13-096,OP13-098,OP13-092,OP13-098,OP13-096,OP13-089,OP13-096,OP13-086,OP14-096,OP13-086,OP16-093,OP13-084,OP13-086]
[] Life: 1
[] Hand: [OP12-117,ST36-002,ST36-005,OP12-117,OP10-111,OP10-119]
[] Trash: [OP13-116,OP13-116,P-088,OP10-109]
[] Board: [OP10-111,OP10-119,ST36-002]
[] Life: 3
[Opponent] End Turn
[] Hand: [OP12-117,ST36-002,ST36-005,OP12-117,OP10-111,OP10-119]
[] Board: [OP10-111,OP10-119,ST36-002]
[] Trash: [OP13-116,OP13-116,P-088,OP10-109]
[] Life: 3
[] Hand: [OP13-082,OP14-096,OP13-084,OP13-098,OP13-082,OP13-080,OP13-092]
[] Trash: [OP13-080,OP13-091,OP13-092,OP13-096,OP13-098,OP13-092,OP13-098,OP13-096,OP13-089,OP13-096,OP13-086,OP14-096,OP13-086,OP16-093,OP13-084,OP13-086]
[] Board: [OP16-093,OP13-091,OP13-089]
[] Life: 1
RZ1|286|1|Don|9|9900|5|0|1|1|1|0|0
RZ1|CHK|286|1|34|6|3|3|3|7|4|0|1|0
[You] Draw 1 Card
[] Drew card from deck: X. Drake ["OP10-114">OP10-114]
RZ1|287|1|OP10-114|0|33|1|6|1|1|0|0|0
RZ1|CHK|287|1|33|7|3|3|3|7|4|0|1|0
RZ1|288|1|Don|4|2|5|7|1|1|0|0|0
RZ1|CHK|288|1|33|7|3|3|2|8|4|0|1|0
RZ1|289|1|Don|4|1|5|8|1|1|0|0|0
RZ1|CHK|289|1|33|7|3|3|1|9|4|0|1|0
[You] Draw 2 Don
RZ1|290|1|Don|5|0|5|0|1|1|1|0|0
RZ1|CHK|290|1|33|7|3|3|1|9|4|0|1|0
RZ1|291|1|Don|5|1|5|1|1|1|1|0|0
RZ1|CHK|291|1|33|7|3|3|1|9|4|0|1|0
RZ1|292|1|Don|5|2|5|2|1|1|1|0|0
RZ1|CHK|292|1|33|7|3|3|1|9|4|0|1|0
RZ1|293|1|Don|5|3|5|3|1|1|1|0|0
RZ1|CHK|293|1|33|7|3|3|1|9|4|0|1|0
RZ1|294|1|Don|5|4|5|4|1|1|1|0|0
RZ1|CHK|294|1|33|7|3|3|1|9|4|0|1|0
RZ1|295|1|Don|5|5|5|5|1|1|1|0|0
RZ1|CHK|295|1|33|7|3|3|1|9|4|0|1|0
RZ1|296|1|Don|5|6|5|6|1|1|1|0|0
RZ1|CHK|296|1|33|7|3|3|1|9|4|0|1|0
[You] Deploy Trafalgar Law ["OP10-119">OP10-119]
RZ1|297|1|OP10-119|1|5|2|3|1|1|0|0|0
RZ1|CHK|297|1|33|6|4|3|1|9|4|0|1|0
[You] Trafalgar Law ["OP10-119">OP10-119] revealed: Killer ["ST36-002">ST36-002]
[You] Trafalgar Law ["OP10-119">OP10-119]: Added card to top of Life from Hand
RZ1|298|1|ST36-002|1|1|3|3|1|0|0|0|0
RZ1|CHK|298|1|33|5|4|4|1|9|4|0|1|0
[You] Trafalgar Law ["OP10-119">OP10-119]: Attach 1 Rested Don to Eustass "Captain" Kid ["OP10-099">OP10-099]
RZ1|299|1|Don|5|0|9|9900|1|1|1|0|0
RZ1|CHK|299|1|33|5|4|4|1|8|4|0|1|1
[You] Attach 1 Don to Killer ["ST36-002">ST36-002] (1 Total)
RZ1|300|1|Don|5|7|9|200|1|1|0|0|0
RZ1|CHK|300|1|33|5|4|4|1|7|4|0|1|2
[You] Killer ["ST36-002">ST36-002] attacking Imu ["OP13-079">OP13-079]
[Opponent] St. Topman Warcury ["OP13-089">OP13-089] Blocks
[Opponent] Ground Death ["OP14-096">OP14-096]: Activate Counter
[Opponent] Ground Death ["OP14-096">OP14-096]: Rest 1 Don
RZ1|301|2|Don|5|4|5|4|1|1|1|0|0
RZ1|CHK|301|2|22|7|3|1|2|6|16|1|1|2
RZ1|302|2|OP14-096|1|1|6|16|1|1|0|0|0
RZ1|CHK|302|2|22|6|3|1|2|6|17|1|1|2
[Opponent] Ground Death ["OP14-096">OP14-096]: Buff St. Topman Warcury ["OP13-089">OP13-089] 4000 for the Combat
Killer ["ST36-002">ST36-002][7000] vs St. Topman Warcury ["OP13-089">OP13-089][9000]
Attack Fails
[You] Attach 1 Don to Eustass "Captain" Kid ["OP10-099">OP10-099] (2 Total)
RZ1|303|1|Don|5|6|9|9901|1|1|0|0|0
RZ1|CHK|303|1|33|5|4|4|1|6|4|0|1|3
[You] Eustass "Captain" Kid ["OP10-099">OP10-099] attacking Imu ["OP13-079">OP13-079]
[Opponent] Discard St. Mjosgard ["OP13-092">OP13-092] for Counter 2000
RZ1|304|2|OP13-092|1|5|6|17|1|1|0|0|0
RZ1|CHK|304|2|22|5|3|1|2|6|18|1|1|2
[Opponent] Discard St. Shepherd Ju Peter ["OP13-084">OP13-084] for Counter 2000
RZ1|305|2|OP13-084|1|1|6|18|1|1|0|0|0
RZ1|CHK|305|2|22|4|3|1|2|6|19|1|1|2
Eustass "Captain" Kid ["OP10-099">OP10-099][7000] vs Imu ["OP13-079">OP13-079][9000]
Attack Fails
[You] Trafalgar Law ["OP10-119">OP10-119] attacking Imu ["OP13-079">OP13-079]
Trafalgar Law ["OP10-119">OP10-119][9000] vs Imu ["OP13-079">OP13-079][5000]
Imu ["OP13-079">OP13-079] hit for 1 damage
RZ1|306|2|OP13-083|3|0|1|4|1|1|0|0|0
RZ1|CHK|306|2|22|5|3|0|2|6|19|1|1|2
[You] Eustass "Captain" Kid ["OP10-099">OP10-099]: Flip 1 Life Face Up
RZ1|307|1|ST36-002|3|3|3|3|1|1|0|0|0
RZ1|CHK|307|1|33|5|4|4|1|6|4|0|1|3
[You] Eustass "Captain" Kid ["OP10-099">OP10-099]: Set Trafalgar Law ["OP10-119">OP10-119] to Active
[You] Eustass "Captain" Kid ["OP10-099">OP10-099]: Trafalgar Law ["OP10-119">OP10-119] Gains Blocker
[] Hand: [OP12-117,ST36-005,OP12-117,OP10-111,OP10-114]
[] Board: [OP10-111,OP10-119,ST36-002,OP10-119]
[] Trash: [OP13-116,OP13-116,P-088,OP10-109]
[] Life: 4
[] Hand: [OP13-082,OP13-098,OP13-082,OP13-080,OP13-083]
[] Trash: [OP13-080,OP13-091,OP13-092,OP13-096,OP13-098,OP13-092,OP13-098,OP13-096,OP13-089,OP13-096,OP13-086,OP14-096,OP13-086,OP16-093,OP13-084,OP13-086,OP14-096,OP13-092,OP13-084]
[] Board: [OP16-093,OP13-091,OP13-089]
[] Life: 0
[You] End Turn
[] Hand: [OP13-082,OP13-098,OP13-082,OP13-080,OP13-083]
[] Board: [OP16-093,OP13-091,OP13-089]
[] Trash: [OP13-080,OP13-091,OP13-092,OP13-096,OP13-098,OP13-092,OP13-098,OP13-096,OP13-089,OP13-096,OP13-086,OP14-096,OP13-086,OP16-093,OP13-084,OP13-086,OP14-096,OP13-092,OP13-084]
[] Life: 0
[] Hand: [OP12-117,ST36-005,OP12-117,OP10-111,OP10-114]
[] Trash: [OP13-116,OP13-116,P-088,OP10-109]
[] Board: [OP10-111,OP10-119,ST36-002,OP10-119]
[] Life: 4
RZ1|308|2|Don|9|0|5|0|1|1|1|0|0
RZ1|CHK|308|2|22|5|3|0|2|7|19|1|1|1
RZ1|309|2|Don|9|100|5|0|1|1|1|0|0
RZ1|CHK|309|2|22|5|3|0|2|8|19|1|1|0
[Opponent] Draw 1 Card
[] Drew card from deck: St. Marcus Mars ["OP13-091">OP13-091]
RZ1|310|2|OP13-091|0|21|1|5|1|1|0|0|0
RZ1|CHK|310|2|21|6|3|0|2|8|19|1|1|0
RZ1|311|2|Don|4|1|5|8|1|1|0|0|0
RZ1|CHK|311|2|21|6|3|0|1|9|19|1|1|0
RZ1|312|2|Don|4|0|5|9|1|1|0|0|0
RZ1|CHK|312|2|21|6|3|0|0|10|19|1|1|0
[Opponent] Draw 2 Don
RZ1|313|2|Don|5|0|9|9900|1|1|0|0|0
RZ1|CHK|313|2|21|6|3|0|0|9|19|1|1|1
[Opponent] Attach 1 Don to Imu ["OP13-079">OP13-079] (1 Total)
[Opponent] Imu ["OP13-079">OP13-079] attacking Eustass "Captain" Kid ["OP10-099">OP10-099]
Imu ["OP13-079">OP13-079][7000] vs Eustass "Captain" Kid ["OP10-099">OP10-099][5000]
Eustass "Captain" Kid ["OP10-099">OP10-099] hit for 1 damage
RZ1|314|1|ST36-002|3|3|1|5|1|1|0|0|0
RZ1|CHK|314|1|33|6|4|3|1|6|4|0|1|3
[You] Killer ["ST36-002">ST36-002]: Activate Trigger
RZ1|315|1|ST36-002|1|5|6|4|1|1|0|0|0
RZ1|CHK|315|1|33|5|4|3|1|6|5|0|1|3
RZ1|316|1|ST36-002|6|4|2|4|1|1|0|0|0
RZ1|CHK|316|1|33|5|5|3|1|6|4|0|1|3
[You] Killer ["ST36-002">ST36-002]: Deploy Killer ["ST36-002">ST36-002]
RZ1|317|2|Don|5|0|9|0|1|1|0|0|0
RZ1|CHK|317|2|21|6|3|0|0|8|19|1|1|2
[Opponent] Attach 1 Don to Bartholomew Kuma ["OP16-093">OP16-093] (1 Total)
[Opponent] Bartholomew Kuma ["OP16-093">OP16-093] attacking Eustass "Captain" Kid ["OP10-099">OP10-099]
[You] Discard Monkey D. Luffy ["OP10-111">OP10-111] for Counter 1000
RZ1|318|1|OP10-111|1|3|6|4|1|1|0|0|0
RZ1|CHK|318|1|33|4|5|3|1|6|5|0|1|3
Bartholomew Kuma ["OP16-093">OP16-093][5000] vs Eustass "Captain" Kid ["OP10-099">OP10-099][6000]
Attack Fails
[Opponent] St. Marcus Mars ["OP13-091">OP13-091] attacking Eustass "Captain" Kid ["OP10-099">OP10-099]
[You] Discard X. Drake ["OP10-114">OP10-114] for Counter 2000
RZ1|319|1|OP10-114|1|3|6|5|1|1|0|0|0
RZ1|CHK|319|1|33|3|5|3|1|6|6|0|1|3
St. Marcus Mars ["OP13-091">OP13-091][5000] vs Eustass "Captain" Kid ["OP10-099">OP10-099][7000]
Attack Fails
[Opponent] The Empty Throne ["OP13-099">OP13-099]: Rest 3 Don
RZ1|320|2|Don|5|0|5|0|1|1|1|0|0
RZ1|CHK|320|2|21|6|3|0|0|8|19|1|1|2
RZ1|321|2|Don|5|1|5|1|1|1|1|0|0
RZ1|CHK|321|2|21|6|3|0|0|8|19|1|1|2
RZ1|322|2|Don|5|2|5|2|1|1|1|0|0
RZ1|CHK|322|2|21|6|3|0|0|8|19|1|1|2
[Opponent] The Empty Throne ["OP13-099">OP13-099]: Rest The Empty Throne ["OP13-099">OP13-099]
RZ1|323|2|OP13-080|1|3|2|3|1|1|0|0|0
RZ1|CHK|323|2|21|5|4|0|0|8|19|1|1|2
[Opponent] The Empty Throne ["OP13-099">OP13-099]: Deploy St. Ethanbaron V. Nusjuro ["OP13-080">OP13-080]
RZ1|324|2|Don|5|3|9|300|1|1|0|0|0
RZ1|CHK|324|2|21|5|4|0|0|7|19|1|1|3
RZ1|325|2|Don|5|3|9|301|1|1|0|0|0
RZ1|CHK|325|2|21|5|4|0|0|6|19|1|1|4
RZ1|326|2|Don|5|3|9|302|1|1|0|0|0
RZ1|CHK|326|2|21|5|4|0|0|5|19|1|1|5
[Opponent] Attach 3 Don to St. Ethanbaron V. Nusjuro ["OP13-080">OP13-080] (3 Total)
[Opponent] St. Ethanbaron V. Nusjuro ["OP13-080">OP13-080] attacking Eustass "Captain" Kid ["OP10-099">OP10-099]
[Opponent] St. Ethanbaron V. Nusjuro ["OP13-080">OP13-080]: Buff Trafalgar Law ["OP10-119">OP10-119] -2000
St. Ethanbaron V. Nusjuro ["OP13-080">OP13-080][8000] vs Eustass "Captain" Kid ["OP10-099">OP10-099][5000]
Eustass "Captain" Kid ["OP10-099">OP10-099] hit for 1 damage
RZ1|327|1|ST36-004|3|2|1|3|1|1|0|0|0
RZ1|CHK|327|1|33|4|5|2|1|6|6|0|1|3
[Opponent] St. Topman Warcury ["OP13-089">OP13-089] attacking Eustass "Captain" Kid ["OP10-099">OP10-099]
[You] Discard Bartolomeo ["ST36-004">ST36-004] for Counter 1000
RZ1|328|1|ST36-004|1|3|6|6|1|1|0|0|0
RZ1|CHK|328|1|33|3|5|2|1|6|7|0|1|3
St. Topman Warcury ["OP13-089">OP13-089][5000] vs Eustass "Captain" Kid ["OP10-099">OP10-099][6000]
Attack Fails
RZ1|329|2|OP13-083|1|3|6|19|1|1|0|0|0
RZ1|CHK|329|2|21|4|4|0|0|5|20|1|1|5
[Opponent] Imu ["OP13-079">OP13-079]: Trash St. Jaygarcia Saturn ["OP13-083">OP13-083]
[] Drew card from deck: St. Ethanbaron V. Nusjuro ["OP13-080">OP13-080]
RZ1|330|2|OP13-080|0|20|1|4|1|1|0|0|0
RZ1|CHK|330|2|20|5|4|0|0|5|20|1|1|5
[Opponent] Imu ["OP13-079">OP13-079]: Draw 1 Card
[] Hand: [OP13-082,OP13-098,OP13-082,OP13-091,OP13-080]
[] Board: [OP16-093,OP13-091,OP13-089,OP13-080]
[] Trash: [OP13-080,OP13-091,OP13-092,OP13-096,OP13-098,OP13-092,OP13-098,OP13-096,OP13-089,OP13-096,OP13-086,OP14-096,OP13-086,OP16-093,OP13-084,OP13-086,OP14-096,OP13-092,OP13-084,OP13-083]
[] Life: 0
[] Hand: [OP12-117,ST36-005,OP12-117]
[] Trash: [OP13-116,OP13-116,P-088,OP10-109,OP10-111,OP10-114,ST36-004]
[] Board: [OP10-111,OP10-119,ST36-002,OP10-119,ST36-002]
[] Life: 2
[Opponent] End Turn
[] Hand: [OP12-117,ST36-005,OP12-117]
[] Board: [OP10-111,OP10-119,ST36-002,OP10-119,ST36-002]
[] Trash: [OP13-116,OP13-116,P-088,OP10-109,OP10-111,OP10-114,ST36-004]
[] Life: 2
[] Hand: [OP13-082,OP13-098,OP13-082,OP13-091,OP13-080]
[] Trash: [OP13-080,OP13-091,OP13-092,OP13-096,OP13-098,OP13-092,OP13-098,OP13-096,OP13-089,OP13-096,OP13-086,OP14-096,OP13-086,OP16-093,OP13-084,OP13-086,OP14-096,OP13-092,OP13-084,OP13-083]
[] Board: [OP16-093,OP13-091,OP13-089,OP13-080]
[] Life: 0
RZ1|331|1|Don|9|9900|5|0|1|1|1|0|0
RZ1|CHK|331|1|33|3|5|2|1|7|7|0|1|2
RZ1|332|1|Don|9|9900|5|0|1|1|1|0|0
RZ1|CHK|332|1|33|3|5|2|1|8|7|0|1|1
RZ1|333|1|Don|9|200|5|0|1|1|1|0|0
RZ1|CHK|333|1|33|3|5|2|1|9|7|0|1|0
[You] Draw 1 Card
[] Drew card from deck: Basil Hawkins ["OP10-109">OP10-109]
RZ1|334|1|OP10-109|0|32|1|3|1|1|0|0|0
RZ1|CHK|334|1|32|4|5|2|1|9|7|0|1|0
RZ1|335|1|Don|4|0|5|9|1|1|0|0|0
RZ1|CHK|335|1|32|4|5|2|0|10|7|0|1|0
[You] Draw 2 Don
[You] Attach 1 Don to Killer ["ST36-002">ST36-002] (1 Total)
RZ1|336|1|Don|5|9|9|400|1|1|0|0|0
RZ1|CHK|336|1|32|4|5|2|0|9|7|0|1|1
[You] Killer ["ST36-002">ST36-002] attacking Imu ["OP13-079">OP13-079]
[Opponent] ...Never Existed... ["OP13-098">OP13-098]: Activate Counter
[Opponent] ...Never Existed... ["OP13-098">OP13-098]: Rest 1 Don
RZ1|337|2|Don|5|3|5|3|1|1|1|0|0
RZ1|CHK|337|2|20|5|4|0|0|5|20|1|1|5
RZ1|338|2|OP13-098|1|1|6|20|1|1|0|0|0
RZ1|CHK|338|2|20|4|4|0|0|5|21|1|1|5
[Opponent] ...Never Existed... ["OP13-098">OP13-098]: Buff Imu ["OP13-079">OP13-079] 4000 for the Combat
Killer ["ST36-002">ST36-002][7000] vs Imu ["OP13-079">OP13-079][9000]
Attack Fails
[You] Trafalgar Law ["OP10-119">OP10-119] attacking Imu ["OP13-079">OP13-079]
Trafalgar Law ["OP10-119">OP10-119][9000] vs Imu ["OP13-079">OP13-079][5000]
Imu ["OP13-079">OP13-079] hit for 1 damage
[Opponent] <b>Downloaded the Combat Log!</b>
GameOver
