Version is 1.41b.20
[You] Leader is Eustass "Captain" Kid ["OP10-099">OP10-099]
RZ1|HDR|1.41b|2|RZ1
RZ1|PLY|1||OP10-099
RZ1|PLY|2||
[Opponent] Leader is Krieg ["OP15-001">OP15-001]
RZ1|1|2|OP15-023|0|31|0|0|0|0|0|0|0
RZ1|CHK|1|2|50|0|0|0|10|0|0|0|1|0
RZ1|2|2|OP12-027|0|29|0|1|0|0|0|0|0
RZ1|CHK|2|2|50|0|0|0|10|0|0|0|1|0
RZ1|3|2|EB04-004|0|17|0|2|0|0|0|0|0
RZ1|CHK|3|2|50|0|0|0|10|0|0|0|1|0
RZ1|4|2|OP15-025|0|37|0|3|0|0|0|0|0
RZ1|CHK|4|2|50|0|0|0|10|0|0|0|1|0
RZ1|5|2|OP15-009|0|6|0|4|0|0|0|0|0
RZ1|CHK|5|2|50|0|0|0|10|0|0|0|1|0
RZ1|6|2|OP15-009|0|7|0|5|0|0|0|0|0
RZ1|CHK|6|2|50|0|0|0|10|0|0|0|1|0
RZ1|7|2|OP15-007|0|18|0|6|0|0|0|0|0
RZ1|CHK|7|2|50|0|0|0|10|0|0|0|1|0
RZ1|8|2|OP15-025|0|37|0|7|0|0|0|0|0
RZ1|CHK|8|2|50|0|0|0|10|0|0|0|1|0
RZ1|9|2|OP15-026|0|27|0|8|0|0|0|0|0
RZ1|CHK|9|2|50|0|0|0|10|0|0|0|1|0
RZ1|10|2|OP15-023|0|35|0|9|0|0|0|0|0
RZ1|CHK|10|2|50|0|0|0|10|0|0|0|1|0
RZ1|11|2|OP12-027|0|32|0|10|0|0|0|0|0
RZ1|CHK|11|2|50|0|0|0|10|0|0|0|1|0
RZ1|12|2|OP15-027|0|37|0|11|0|0|0|0|0
RZ1|CHK|12|2|50|0|0|0|10|0|0|0|1|0
RZ1|13|2|OP15-026|0|31|0|12|0|0|0|0|0
RZ1|CHK|13|2|50|0|0|0|10|0|0|0|1|0
RZ1|14|2|OP15-008|0|28|0|13|0|0|0|0|0
RZ1|CHK|14|2|50|0|0|0|10|0|0|0|1|0
RZ1|15|2|OP15-017|0|20|0|14|0|0|0|0|0
RZ1|CHK|15|2|50|0|0|0|10|0|0|0|1|0
RZ1|16|2|OP15-012|0|17|0|15|0|0|0|0|0
RZ1|CHK|16|2|50|0|0|0|10|0|0|0|1|0
RZ1|17|2|OP15-007|0|24|0|16|0|0|0|0|0
RZ1|CHK|17|2|50|0|0|0|10|0|0|0|1|0
RZ1|18|2|OP15-008|0|27|0|17|0|0|0|0|0
RZ1|CHK|18|2|50|0|0|0|10|0|0|0|1|0
RZ1|19|2|OP15-012|0|20|0|18|0|0|0|0|0
RZ1|CHK|19|2|50|0|0|0|10|0|0|0|1|0
RZ1|20|2|OP15-028|0|32|0|19|0|0|0|0|0
RZ1|CHK|20|2|50|0|0|0|10|0|0|0|1|0
RZ1|21|2|OP15-037|0|48|0|20|0|0|0|0|0
RZ1|CHK|21|2|50|0|0|0|10|0|0|0|1|0
RZ1|22|2|OP15-008|0|31|0|21|0|0|0|0|0
RZ1|CHK|22|2|50|0|0|0|10|0|0|0|1|0
RZ1|23|2|OP15-026|0|33|0|22|0|0|0|0|0
RZ1|CHK|23|2|50|0|0|0|10|0|0|0|1|0
RZ1|24|2|OP15-017|0|26|0|23|0|0|0|0|0
RZ1|CHK|24|2|50|0|0|0|10|0|0|0|1|0
RZ1|25|2|OP15-023|0|36|0|24|0|0|0|0|0
RZ1|CHK|25|2|50|0|0|0|10|0|0|0|1|0
RZ1|26|2|OP15-025|0|39|0|25|0|0|0|0|0
RZ1|CHK|26|2|50|0|0|0|10|0|0|0|1|0
RZ1|27|2|OP15-027|0|39|0|26|0|0|0|0|0
RZ1|CHK|27|2|50|0|0|0|10|0|0|0|1|0
RZ1|28|2|OP14-036|0|46|0|27|0|0|0|0|0
RZ1|CHK|28|2|50|0|0|0|10|0|0|0|1|0
RZ1|29|2|OP15-025|0|41|0|28|0|0|0|0|0
RZ1|CHK|29|2|50|0|0|0|10|0|0|0|1|0
RZ1|30|2|OP15-037|0|47|0|29|0|0|0|0|0
RZ1|CHK|30|2|50|0|0|0|10|0|0|0|1|0
RZ1|31|2|OP15-037|0|49|0|30|0|0|0|0|0
RZ1|CHK|31|2|50|0|0|0|10|0|0|0|1|0
RZ1|32|2|OP13-040|0|46|0|31|0|0|0|0|0
RZ1|CHK|32|2|50|0|0|0|10|0|0|0|1|0
RZ1|33|2|OP13-040|0|46|0|32|0|0|0|0|0
RZ1|CHK|33|2|50|0|0|0|10|0|0|0|1|0
RZ1|34|2|OP14-036|0|48|0|33|0|0|0|0|0
RZ1|CHK|34|2|50|0|0|0|10|0|0|0|1|0
RZ1|35|2|OP15-003|0|36|0|34|0|0|0|0|0
RZ1|CHK|35|2|50|0|0|0|10|0|0|0|1|0
RZ1|36|2|OP15-009|0|36|0|35|0|0|0|0|0
RZ1|CHK|36|2|50|0|0|0|10|0|0|0|1|0
RZ1|37|2|OP12-021|0|45|0|36|0|0|0|0|0
RZ1|CHK|37|2|50|0|0|0|10|0|0|0|1|0
RZ1|38|2|OP15-008|0|43|0|37|0|0|0|0|0
RZ1|CHK|38|2|50|0|0|0|10|0|0|0|1|0
RZ1|39|2|OP05-037|0|47|0|38|0|0|0|0|0
RZ1|CHK|39|2|50|0|0|0|10|0|0|0|1|0
RZ1|40|2|EB04-004|0|44|0|39|0|0|0|0|0
RZ1|CHK|40|2|50|0|0|0|10|0|0|0|1|0
RZ1|41|2|OP13-040|0|48|0|40|0|0|0|0|0
RZ1|CHK|41|2|50|0|0|0|10|0|0|0|1|0
RZ1|42|2|OP15-026|0|46|0|41|0|0|0|0|0
RZ1|CHK|42|2|50|0|0|0|10|0|0|0|1|0
RZ1|43|2|OP15-007|0|45|0|42|0|0|0|0|0
RZ1|CHK|43|2|50|0|0|0|10|0|0|0|1|0
RZ1|44|2|OP15-037|0|49|0|43|0|0|0|0|0
RZ1|CHK|44|2|50|0|0|0|10|0|0|0|1|0
RZ1|45|2|OP15-023|0|49|0|44|0|0|0|0|0
RZ1|CHK|45|2|50|0|0|0|10|0|0|0|1|0
RZ1|46|2|OP15-028|0|49|0|45|0|0|0|0|0
RZ1|CHK|46|2|50|0|0|0|10|0|0|0|1|0
RZ1|47|2|OP15-017|0|47|0|46|0|0|0|0|0
RZ1|CHK|47|2|50|0|0|0|10|0|0|0|1|0
[] Drew card from deck: Bartolomeo ["ST36-004">ST36-004]
RZ1|48|1|ST36-004|0|49|1|0|1|1|0|0|0
RZ1|CHK|48|1|49|1|0|0|10|0|0|0|1|0
[] Drew card from deck: Monkey D. Luffy ["OP10-111">OP10-111]
RZ1|49|1|OP10-111|0|48|1|1|1|1|0|0|0
RZ1|CHK|49|1|48|2|0|0|10|0|0|0|1|0
[] Drew card from deck: Capone "Gang" Bege ["OP11-101">OP11-101]
RZ1|50|1|OP11-101|0|47|1|2|1|1|0|0|0
RZ1|CHK|50|1|47|3|0|0|10|0|0|0|1|0
[] Drew card from deck: Eustass "Captain" Kid ["OP10-112">OP10-112]
RZ1|51|1|OP10-112|0|46|1|3|1|1|0|0|0
RZ1|CHK|51|1|46|4|0|0|10|0|0|0|1|0
[] Drew card from deck: Eustass "Captain" Kid ["OP10-112">OP10-112]
RZ1|52|1|OP10-112|0|45|1|4|1|1|0|0|0
RZ1|CHK|52|1|45|5|0|0|10|0|0|0|1|0
[] Drew card from deck: Gin ["OP15-007">OP15-007]
RZ1|53|2|OP15-007|0|49|1|0|1|1|0|0|0
RZ1|CHK|53|2|49|1|0|0|10|0|0|0|1|0
[] Drew card from deck: Morgan ["OP15-017">OP15-017]
RZ1|54|2|OP15-017|0|48|1|1|1|1|0|0|0
RZ1|CHK|54|2|48|2|0|0|10|0|0|0|1|0
[] Drew card from deck: Koby ["OP15-009">OP15-009]
RZ1|55|2|OP15-009|0|47|1|2|1|1|0|0|0
RZ1|CHK|55|2|47|3|0|0|10|0|0|0|1|0
[] Drew card from deck: Morgan ["OP15-017">OP15-017]
RZ1|56|2|OP15-017|0|46|1|3|1|1|0|0|0
RZ1|CHK|56|2|46|4|0|0|10|0|0|0|1|0
[] Drew card from deck: Meowban Brothers ["OP15-028">OP15-028]
RZ1|57|2|OP15-028|0|45|1|4|1|1|0|0|0
RZ1|CHK|57|2|45|5|0|0|10|0|0|0|1|0
RZ1|58|1|OP11-101|0|44|3|0|1|0|0|0|0
RZ1|CHK|58|1|44|5|0|1|10|0|0|0|1|0
RZ1|59|1|OP12-117|0|43|3|1|1|0|0|0|0
RZ1|CHK|59|1|43|5|0|2|10|0|0|0|1|0
RZ1|60|1|ST36-001|0|42|3|2|1|0|0|0|0
RZ1|CHK|60|1|42|5|0|3|10|0|0|0|1|0
RZ1|61|1|EB04-059|0|41|3|3|1|0|0|0|0
RZ1|CHK|61|1|41|5|0|4|10|0|0|0|1|0
RZ1|62|1|OP10-112|0|40|3|4|1|0|0|0|0
RZ1|CHK|62|1|40|5|0|5|10|0|0|0|1|0
RZ1|63|2|OP15-023|0|44|3|0|0|1|0|0|0
RZ1|CHK|63|2|44|5|0|1|10|0|0|0|1|0
RZ1|64|2|OP15-037|0|43|3|1|0|1|0|0|0
RZ1|CHK|64|2|43|5|0|2|10|0|0|0|1|0
RZ1|65|2|OP15-007|0|42|3|2|0|1|0|0|0
RZ1|CHK|65|2|42|5|0|3|10|0|0|0|1|0
RZ1|66|2|OP15-026|0|41|3|3|0|1|0|0|0
RZ1|CHK|66|2|41|5|0|4|10|0|0|0|1|0
[] Hand: [ST36-004,OP10-111,OP11-101,OP10-112,OP10-112]
[] Board: []
[] Trash: []
[] Life: 5
[] Hand: [OP15-007,OP15-017,OP15-009,OP15-017,OP15-028]
[] Trash: []
[] Board: []
[] Life: 4
RZ1|67|1|Don|4|9|5|0|1|1|0|0|0
RZ1|CHK|67|1|40|5|0|5|9|1|0|0|1|0
[You] Draw 1 Don
RZ1|68|1|Don|5|0|5|0|1|1|1|0|0
RZ1|CHK|68|1|40|5|0|5|9|1|0|0|1|0
[You] Deploy Monkey D. Luffy ["OP10-111">OP10-111]
RZ1|69|1|OP10-111|1|1|2|0|1|1|0|0|0
RZ1|CHK|69|1|40|4|1|5|9|1|0|0|1|0
RZ1|70|1|ST36-002|0|35|1|4|1|1|0|0|0
RZ1|CHK|70|1|39|5|1|5|9|1|0|0|1|0
[You] Monkey D. Luffy ["OP10-111">OP10-111]: <b>Reveal and Draw Killer ["ST36-002">ST36-002]</b>
[You] Placing Cards on Bottom of Deck
RZ1|71|1|OP10-109|0|38|0|0|0|0|0|0|0
RZ1|CHK|71|1|39|5|1|5|9|1|0|0|1|0
RZ1|72|1|OP10-119|0|38|0|0|0|0|0|0|0
RZ1|CHK|72|1|39|5|1|5|9|1|0|0|1|0
RZ1|73|1|OP12-117|0|38|0|0|0|0|0|0|0
RZ1|CHK|73|1|39|5|1|5|9|1|0|0|1|0
RZ1|74|1|ST36-002|0|38|0|0|0|0|0|0|0
RZ1|CHK|74|1|39|5|1|5|9|1|0|0|1|0
[] Hand: [ST36-004,OP11-101,OP10-112,OP10-112,ST36-002]
[] Board: [OP10-111]
[] Trash: []
[] Life: 5
[] Hand: [OP15-007,OP15-017,OP15-009,OP15-017,OP15-028]
[] Trash: []
[] Board: []
[] Life: 4
[You] End Turn
[] Hand: [OP15-007,OP15-017,OP15-009,OP15-017,OP15-028]
[] Board: []
[] Trash: []
[] Life: 4
[] Hand: [ST36-004,OP11-101,OP10-112,OP10-112,ST36-002]
[] Trash: []
[] Board: [OP10-111]
[] Life: 5
[Opponent] Draw 1 Card
[] Drew card from deck: I Know You're Strong... So I'll Go All Out ["OP13-040">OP13-040]
RZ1|75|2|OP13-040|0|40|1|5|1|1|0|0|0
RZ1|CHK|75|2|40|6|0|4|10|0|0|0|1|0
RZ1|76|2|Don|4|9|5|0|1|1|0|0|0
RZ1|CHK|76|2|40|6|0|4|9|1|0|0|1|0
RZ1|77|2|Don|4|8|5|1|1|1|0|0|0
RZ1|CHK|77|2|40|6|0|4|8|2|0|0|1|0
[Opponent] Draw 2 Don
[Opponent] I Know You're Strong... So I'll Go All Out ["OP13-040">OP13-040]: Rest 1 Don
RZ1|78|2|Don|5|0|5|0|1|1|1|0|0
RZ1|CHK|78|2|40|6|0|4|8|2|0|0|1|0
RZ1|79|2|OP13-040|1|5|6|0|1|1|0|0|0
RZ1|CHK|79|2|40|5|0|4|8|2|1|0|1|0
[] Hand: [OP15-007,OP15-017,OP15-009,OP15-017,OP15-028]
[] Board: []
[] Trash: [OP13-040]
[] Life: 4
[] Hand: [ST36-004,OP11-101,OP10-112,OP10-112,ST36-002]
[] Trash: []
[] Board: [OP10-111]
[] Life: 5
[Opponent] End Turn
[] Hand: [ST36-004,OP11-101,OP10-112,OP10-112,ST36-002]
[] Board: [OP10-111]
[] Trash: []
[] Life: 5
[] Hand: [OP15-007,OP15-017,OP15-009,OP15-017,OP15-028]
[] Trash: [OP13-040]
[] Board: []
[] Life: 4
[You] Draw 1 Card
[] Drew card from deck: Eustass "Captain" Kid ["ST36-005">ST36-005]
RZ1|80|1|ST36-005|0|38|1|5|1|1|0|0|0
RZ1|CHK|80|1|38|6|1|5|9|1|0|0|1|0
RZ1|81|1|Don|4|8|5|1|1|1|0|0|0
RZ1|CHK|81|1|38|6|1|5|8|2|0|0|1|0
RZ1|82|1|Don|4|7|5|2|1|1|0|0|0
RZ1|CHK|82|1|38|6|1|5|7|3|0|0|1|0
[You] Draw 2 Don
RZ1|83|1|Don|5|0|5|0|1|1|1|0|0
RZ1|CHK|83|1|38|6|1|5|7|3|0|0|1|0
[You] Deploy Bartolomeo ["ST36-004">ST36-004]
RZ1|84|1|ST36-004|1|0|2|1|1|1|0|0|0
RZ1|CHK|84|1|38|5|2|5|7|3|0|0|1|0
RZ1|85|1|OP11-101|1|0|6|0|1|1|0|0|0
RZ1|CHK|85|1|38|4|2|5|7|3|1|0|1|0
[You] Bartolomeo ["ST36-004">ST36-004]: Trash Capone "Gang" Bege ["OP11-101">OP11-101]
[] Drew card from deck: Capone "Gang" Bege ["OP11-101">OP11-101]
RZ1|86|1|OP11-101|0|37|1|4|1|1|0|0|0
RZ1|CHK|86|1|37|5|2|5|7|3|1|0|1|0
[] Drew card from deck: Trafalgar Law ["OP10-119">OP10-119]
RZ1|87|1|OP10-119|0|36|1|5|1|1|0|0|0
RZ1|CHK|87|1|36|6|2|5|7|3|1|0|1|0
[You] Bartolomeo ["ST36-004">ST36-004]: Draw 2 Card
[You] Attach 1 Don to Eustass "Captain" Kid ["OP10-099">OP10-099] (1 Total)
RZ1|88|1|Don|5|2|9|9900|1|1|0|0|0
RZ1|CHK|88|1|36|6|2|5|7|2|1|0|1|1
[You] Attach 1 Don to Eustass "Captain" Kid ["OP10-099">OP10-099] (2 Total)
RZ1|89|1|Don|5|1|9|9901|1|1|0|0|0
RZ1|CHK|89|1|36|6|2|5|7|1|1|0|1|2
[You] Eustass "Captain" Kid ["OP10-099">OP10-099] attacking Krieg ["OP15-001">OP15-001]
Eustass "Captain" Kid ["OP10-099">OP10-099][7000] vs Krieg ["OP15-001">OP15-001][5000]
Krieg ["OP15-001">OP15-001] hit for 1 damage
RZ1|90|2|OP15-026|3|3|1|5|1|1|0|0|0
RZ1|CHK|90|2|40|6|0|3|8|2|1|0|1|0
[] Hand: [OP10-112,OP10-112,ST36-002,ST36-005,OP11-101,OP10-119]
[] Board: [OP10-111,ST36-004]
[] Trash: [OP11-101]
[] Life: 5
[] Hand: [OP15-007,OP15-017,OP15-009,OP15-017,OP15-028,OP15-026]
[] Trash: [OP13-040]
[] Board: []
[] Life: 3
[You] End Turn
[] Hand: [OP15-007,OP15-017,OP15-009,OP15-017,OP15-028,OP15-026]
[] Board: []
[] Trash: [OP13-040]
[] Life: 3
[] Hand: [OP10-112,OP10-112,ST36-002,ST36-005,OP11-101,OP10-119]
[] Trash: [OP11-101]
[] Board: [OP10-111,ST36-004]
[] Life: 5
[Opponent] Draw 1 Card
[] Drew card from deck: Zeff ["EB04-004">EB04-004]
RZ1|91|2|EB04-004|0|39|1|6|1|1|0|0|0
RZ1|CHK|91|2|39|7|0|3|8|2|1|0|1|0
RZ1|92|2|Don|4|7|5|2|1|1|0|0|0
RZ1|CHK|92|2|39|7|0|3|7|3|1|0|1|0
RZ1|93|2|Don|4|6|5|3|1|1|0|0|0
RZ1|CHK|93|2|39|7|0|3|6|4|1|0|1|0
[Opponent] Draw 2 Don
RZ1|94|2|Don|5|0|5|0|1|1|1|0|0
RZ1|CHK|94|2|39|7|0|3|6|4|1|0|1|0
[Opponent] Deploy Jango ["OP15-026">OP15-026]
RZ1|95|2|OP15-026|1|5|2|0|1|1|0|0|0
RZ1|CHK|95|2|39|6|1|3|6|4|1|0|1|0
RZ1|96|2|OP12-021|0|36|1|6|1|1|0|0|0
RZ1|CHK|96|2|38|7|1|3|6|4|1|0|1|0
[Opponent] Jango ["OP15-026">OP15-026]: <b>Reveal and Draw Ipponmatsu ["OP12-021">OP12-021]</b>
[Opponent] Placing Cards on Bottom of Deck
RZ1|97|2|OP05-037|0|37|0|0|0|0|0|0|0
RZ1|CHK|97|2|38|7|1|3|6|4|1|0|1|0
RZ1|98|2|OP15-008|0|37|0|0|0|0|0|0|0
RZ1|CHK|98|2|38|7|1|3|6|4|1|0|1|0
RZ1|99|2|Don|5|1|5|1|1|1|1|0|0
RZ1|CHK|99|2|38|7|1|3|6|4|1|0|1|0
RZ1|100|2|Don|5|2|5|2|1|1|1|0|0
RZ1|CHK|100|2|38|7|1|3|6|4|1|0|1|0
RZ1|101|2|Don|5|3|5|3|1|1|1|0|0
RZ1|CHK|101|2|38|7|1|3|6|4|1|0|1|0
[Opponent] Deploy Ipponmatsu ["OP12-021">OP12-021]
RZ1|102|2|OP12-021|1|6|2|1|1|1|0|0|0
RZ1|CHK|102|2|38|6|2|3|6|4|1|0|1|0
[Opponent] Krieg ["OP15-001">OP15-001] attacking Eustass "Captain" Kid ["OP10-099">OP10-099]
Krieg ["OP15-001">OP15-001][5000] vs Eustass "Captain" Kid ["OP10-099">OP10-099][5000]
Eustass "Captain" Kid ["OP10-099">OP10-099] hit for 1 damage
RZ1|103|1|OP10-112|3|4|1|6|1|1|0|0|0
RZ1|CHK|103|1|36|7|2|4|7|1|1|0|1|2
[] Hand: [OP15-007,OP15-017,OP15-009,OP15-017,OP15-028,EB04-004]
[] Board: [OP15-026,OP12-021]
[] Trash: [OP13-040]
[] Life: 3
[] Hand: [OP10-112,OP10-112,ST36-002,ST36-005,OP11-101,OP10-119,OP10-112]
[] Trash: [OP11-101]
[] Board: [OP10-111,ST36-004]
[] Life: 4
[Opponent] End Turn
[] Hand: [OP10-112,OP10-112,ST36-002,ST36-005,OP11-101,OP10-119,OP10-112]
[] Board: [OP10-111,ST36-004]
[] Trash: [OP11-101]
[] Life: 4
[] Hand: [OP15-007,OP15-017,OP15-009,OP15-017,OP15-028,EB04-004]
[] Trash: [OP13-040]
[] Board: [OP15-026,OP12-021]
[] Life: 3
RZ1|104|1|Don|9|9900|5|0|1|1|1|0|0
RZ1|CHK|104|1|36|7|2|4|7|2|1|0|1|1
RZ1|105|1|Don|9|9900|5|0|1|1|1|0|0
RZ1|CHK|105|1|36|7|2|4|7|3|1|0|1|0
[You] Draw 1 Card
[] Drew card from deck: Slam Gibson ["OP12-117">OP12-117]
RZ1|106|1|OP12-117|0|35|1|7|1|1|0|0|0
RZ1|CHK|106|1|35|8|2|4|7|3|1|0|1|0
RZ1|107|1|Don|4|6|5|3|1|1|0|0|0
RZ1|CHK|107|1|35|8|2|4|6|4|1|0|1|0
RZ1|108|1|Don|4|5|5|4|1|1|0|0|0
RZ1|CHK|108|1|35|8|2|4|5|5|1|0|1|0
[You] Draw 2 Don
RZ1|109|1|Don|5|0|5|0|1|1|1|0|0
RZ1|CHK|109|1|35|8|2|4|5|5|1|0|1|0
RZ1|110|1|Don|5|1|5|1|1|1|1|0|0
RZ1|CHK|110|1|35|8|2|4|5|5|1|0|1|0
RZ1|111|1|Don|5|2|5|2|1|1|1|0|0
RZ1|CHK|111|1|35|8|2|4|5|5|1|0|1|0
RZ1|112|1|Don|5|3|5|3|1|1|1|0|0
RZ1|CHK|112|1|35|8|2|4|5|5|1|0|1|0
[You] Deploy Killer ["ST36-002">ST36-002]
RZ1|113|1|ST36-002|1|2|2|2|1|1|0|0|0
RZ1|CHK|113|1|35|7|3|4|5|5|1|0|1|0
[You] Killer ["ST36-002">ST36-002]: Add card to top of Life from Deck
RZ1|114|1|P-088|0|34|3|4|1|0|0|0|0
RZ1|CHK|114|1|34|7|3|5|5|5|1|0|1|0
[You] Attach 1 Don to Eustass "Captain" Kid ["OP10-099">OP10-099] (1 Total)
RZ1|115|1|Don|5|4|9|9900|1|1|0|0|0
RZ1|CHK|115|1|34|7|3|5|5|4|1|0|1|1
[You] Eustass "Captain" Kid ["OP10-099">OP10-099] attacking Krieg ["OP15-001">OP15-001]
[Opponent] Ipponmatsu ["OP12-021">OP12-021] Blocks
Eustass "Captain" Kid ["OP10-099">OP10-099][6000] vs Ipponmatsu ["OP12-021">OP12-021][0]
[Opponent] Ipponmatsu ["OP12-021">OP12-021] Destroyed
RZ1|116|2|OP12-021|2|1|6|1|1|1|0|0|0
RZ1|CHK|116|2|38|6|1|3|6|4|2|0|1|0
[You] Eustass "Captain" Kid ["OP10-099">OP10-099]: Flip 1 Life Face Up
RZ1|117|1|P-088|3|4|3|4|1|1|0|0|0
RZ1|CHK|117|1|34|7|3|5|5|4|1|0|1|1
[You] Eustass "Captain" Kid ["OP10-099">OP10-099]: Set Killer ["ST36-002">ST36-002] to Active
[You] Eustass "Captain" Kid ["OP10-099">OP10-099]: Killer ["ST36-002">ST36-002] Gains Blocker
[] Hand: [OP10-112,OP10-112,ST36-005,OP11-101,OP10-119,OP10-112,OP12-117]
[] Board: [OP10-111,ST36-004,ST36-002]
[] Trash: [OP11-101]
[] Life: 5
[] Hand: [OP15-007,OP15-017,OP15-009,OP15-017,OP15-028,EB04-004]
[] Trash: [OP13-040,OP12-021]
[] Board: [OP15-026]
[] Life: 3
[You] End Turn
[] Hand: [OP15-007,OP15-017,OP15-009,OP15-017,OP15-028,EB04-004]
[] Board: [OP15-026]
[] Trash: [OP13-040,OP12-021]
[] Life: 3
[] Hand: [OP10-112,OP10-112,ST36-005,OP11-101,OP10-119,OP10-112,OP12-117]
[] Trash: [OP11-101]
[] Board: [OP10-111,ST36-004,ST36-002]
[] Life: 5
[Opponent] Draw 1 Card
[] Drew card from deck: Koby ["OP15-009">OP15-009]
RZ1|118|2|OP15-009|0|37|1|6|1|1|0|0|0
RZ1|CHK|118|2|37|7|1|3|6|4|2|0|1|0
RZ1|119|2|Don|4|5|5|4|1|1|0|0|0
RZ1|CHK|119|2|37|7|1|3|5|5|2|0|1|0
RZ1|120|2|Don|4|4|5|5|1|1|0|0|0
RZ1|CHK|120|2|37|7|1|3|4|6|2|0|1|0
[Opponent] Draw 2 Don
RZ1|121|2|Don|5|0|5|0|1|1|1|0|0
RZ1|CHK|121|2|37|7|1|3|4|6|2|0|1|0
RZ1|122|2|Don|5|1|5|1|1|1|1|0|0
RZ1|CHK|122|2|37|7|1|3|4|6|2|0|1|0
RZ1|123|2|Don|5|2|5|2|1|1|1|0|0
RZ1|CHK|123|2|37|7|1|3|4|6|2|0|1|0
RZ1|124|2|Don|5|3|5|3|1|1|1|0|0
RZ1|CHK|124|2|37|7|1|3|4|6|2|0|1|0
RZ1|125|2|Don|5|4|5|4|1|1|1|0|0
RZ1|CHK|125|2|37|7|1|3|4|6|2|0|1|0
RZ1|126|2|Don|5|5|5|5|1|1|1|0|0
RZ1|CHK|126|2|37|7|1|3|4|6|2|0|1|0
[Opponent] Deploy Gin ["OP15-007">OP15-007]
RZ1|127|2|OP15-007|1|0|2|1|1|1|0|0|0
RZ1|CHK|127|2|37|6|2|3|4|6|2|0|1|0
RZ1|128|2|OP15-017|1|0|2|2|1|1|0|0|0
RZ1|CHK|128|2|37|5|3|3|4|6|2|0|1|0
[Opponent] Gin ["OP15-007">OP15-007]: Deploy Morgan ["OP15-017">OP15-017]
[Opponent] Krieg ["OP15-001">OP15-001] attacking Eustass "Captain" Kid ["OP10-099">OP10-099]
[You] Killer ["ST36-002">ST36-002] Blocks
Krieg ["OP15-001">OP15-001][5000] vs Killer ["ST36-002">ST36-002][6000]
Attack Fails
[Opponent] Morgan ["OP15-017">OP15-017]: Attach 1 Rested Don to Monkey D. Luffy ["OP10-111">OP10-111]
RZ1|129|1|Don|5|0|9|0|1|1|1|0|0
RZ1|CHK|129|1|34|7|3|5|5|3|1|0|1|2
[Opponent] Morgan ["OP15-017">OP15-017]: Attach 1 Rested Don to Jango ["OP15-026">OP15-026]
RZ1|130|2|Don|5|0|9|0|1|1|1|0|0
RZ1|CHK|130|2|37|5|3|3|4|5|2|0|1|1
[] Hand: [OP15-009,OP15-017,OP15-028,EB04-004,OP15-009]
[] Board: [OP15-026,OP15-007,OP15-017]
[] Trash: [OP13-040,OP12-021]
[] Life: 3
[] Hand: [OP10-112,OP10-112,ST36-005,OP11-101,OP10-119,OP10-112,OP12-117]
[] Trash: [OP11-101]
[] Board: [OP10-111,ST36-004,ST36-002]
[] Life: 5
[Opponent] End Turn
[] Hand: [OP10-112,OP10-112,ST36-005,OP11-101,OP10-119,OP10-112,OP12-117]
[] Board: [OP10-111,ST36-004,ST36-002]
[] Trash: [OP11-101]
[] Life: 5
[] Hand: [OP15-009,OP15-017,OP15-028,EB04-004,OP15-009]
[] Trash: [OP13-040,OP12-021]
[] Board: [OP15-026,OP15-007,OP15-017]
[] Life: 3
RZ1|131|1|Don|9|9900|5|0|1|1|1|0|0
RZ1|CHK|131|1|34|7|3|5|5|4|1|0|1|1
RZ1|132|1|Don|9|0|5|0|1|1|1|0|0
RZ1|CHK|132|1|34|7|3|5|5|5|1|0|1|0
[You] Draw 1 Card
[] Drew card from deck: Trafalgar Law ["OP10-119">OP10-119]
RZ1|133|1|OP10-119|0|33|1|7|1|1|0|0|0
RZ1|CHK|133|1|33|8|3|5|5|5|1|0|1|0
RZ1|134|1|Don|4|4|5|5|1|1|0|0|0
RZ1|CHK|134|1|33|8|3|5|4|6|1|0|1|0
RZ1|135|1|Don|4|3|5|6|1|1|0|0|0
RZ1|CHK|135|1|33|8|3|5|3|7|1|0|1|0
[You] Draw 2 Don
RZ1|136|1|Don|5|0|5|0|1|1|1|0|0
RZ1|CHK|136|1|33|8|3|5|3|7|1|0|1|0
RZ1|137|1|Don|5|1|5|1|1|1|1|0|0
RZ1|CHK|137|1|33|8|3|5|3|7|1|0|1|0
RZ1|138|1|Don|5|2|5|2|1|1|1|0|0
RZ1|CHK|138|1|33|8|3|5|3|7|1|0|1|0
RZ1|139|1|Don|5|3|5|3|1|1|1|0|0
RZ1|CHK|139|1|33|8|3|5|3|7|1|0|1|0
RZ1|140|1|Don|5|4|5|4|1|1|1|0|0
RZ1|CHK|140|1|33|8|3|5|3|7|1|0|1|0
RZ1|141|1|Don|5|5|5|5|1|1|1|0|0
RZ1|CHK|141|1|33|8|3|5|3|7|1|0|1|0
RZ1|142|1|Don|5|6|5|6|1|1|1|0|0
RZ1|CHK|142|1|33|8|3|5|3|7|1|0|1|0
[You] Deploy Trafalgar Law ["OP10-119">OP10-119]
RZ1|143|1|OP10-119|1|7|2|3|1|1|0|0|0
RZ1|CHK|143|1|33|7|4|5|3|7|1|0|1|0
[You] Trafalgar Law ["OP10-119">OP10-119] revealed: Eustass "Captain" Kid ["OP10-112">OP10-112]
[You] Trafalgar Law ["OP10-119">OP10-119]: Added card to top of Life from Hand
RZ1|144|1|OP10-112|1|1|3|5|1|0|0|0|0
RZ1|CHK|144|1|33|6|4|6|3|7|1|0|1|0
[You] Trafalgar Law ["OP10-119">OP10-119]: Attach 1 Rested Don to Eustass "Captain" Kid ["OP10-099">OP10-099]
RZ1|145|1|Don|5|0|9|9900|1|1|1|0|0
RZ1|CHK|145|1|33|6|4|6|3|6|1|0|1|1
[You] Killer ["ST36-002">ST36-002] attacking Krieg ["OP15-001">OP15-001]
[Opponent] Discard Koby ["OP15-009">OP15-009] for Counter 2000
RZ1|146|2|OP15-009|1|0|6|2|1|1|0|0|0
RZ1|CHK|146|2|37|4|3|3|4|5|3|0|1|1
Killer ["ST36-002">ST36-002][6000] vs Krieg ["OP15-001">OP15-001][7000]
Attack Fails
[You] Eustass "Captain" Kid ["OP10-099">OP10-099] attacking Krieg ["OP15-001">OP15-001]
[Opponent] Discard Koby ["OP15-009">OP15-009] for Counter 2000
RZ1|147|2|OP15-009|1|3|6|3|1|1|0|0|0
RZ1|CHK|147|2|37|3|3|3|4|5|4|0|1|1
Eustass "Captain" Kid ["OP10-099">OP10-099][6000] vs Krieg ["OP15-001">OP15-001][7000]
Attack Fails
[You] Eustass "Captain" Kid ["OP10-099">OP10-099]: Flip 1 Life Face Up
RZ1|148|1|OP10-112|3|5|3|5|1|1|0|0|0
RZ1|CHK|148|1|33|6|4|6|3|6|1|0|1|1
[You] Eustass "Captain" Kid ["OP10-099">OP10-099]: Set Killer ["ST36-002">ST36-002] to Active
[You] Eustass "Captain" Kid ["OP10-099">OP10-099]: Killer ["ST36-002">ST36-002] Gains Blocker
[] Hand: [OP10-112,ST36-005,OP11-101,OP10-119,OP10-112,OP12-117]
[] Board: [OP10-111,ST36-004,ST36-002,OP10-119]
[] Trash: [OP11-101]
[] Life: 6
[] Hand: [OP15-017,OP15-028,EB04-004]
[] Trash: [OP13-040,OP12-021,OP15-009,OP15-009]
[] Board: [OP15-026,OP15-007,OP15-017]
[] Life: 3
[You] End Turn
[] Hand: [OP15-017,OP15-028,EB04-004]
[] Board: [OP15-026,OP15-007,OP15-017]
[] Trash: [OP13-040,OP12-021,OP15-009,OP15-009]
[] Life: 3
[] Hand: [OP10-112,ST36-005,OP11-101,OP10-119,OP10-112,OP12-117]
[] Trash: [OP11-101]
[] Board: [OP10-111,ST36-004,ST36-002,OP10-119]
[] Life: 6
RZ1|149|2|Don|9|0|5|0|1|1|1|0|0
RZ1|CHK|149|2|37|3|3|3|4|6|4|0|1|0
[Opponent] Draw 1 Card
[] Drew card from deck: Alvida ["OP15-003">OP15-003]
RZ1|150|2|OP15-003|0|36|1|3|1|1|0|0|0
RZ1|CHK|150|2|36|4|3|3|4|6|4|0|1|0
RZ1|151|2|Don|4|3|5|6|1|1|0|0|0
RZ1|CHK|151|2|36|4|3|3|3|7|4|0|1|0
RZ1|152|2|Don|4|2|5|7|1|1|0|0|0
RZ1|CHK|152|2|36|4|3|3|2|8|4|0|1|0
[Opponent] Draw 2 Don
RZ1|153|2|Don|5|0|5|0|1|1|1|0|0
RZ1|CHK|153|2|36|4|3|3|2|8|4|0|1|0
RZ1|154|2|Don|5|1|5|1|1|1|1|0|0
RZ1|CHK|154|2|36|4|3|3|2|8|4|0|1|0
RZ1|155|2|Don|5|2|5|2|1|1|1|0|0
RZ1|CHK|155|2|36|4|3|3|2|8|4|0|1|0
RZ1|156|2|Don|5|3|5|3|1|1|1|0|0
RZ1|CHK|156|2|36|4|3|3|2|8|4|0|1|0
RZ1|157|2|Don|5|4|5|4|1|1|1|0|0
RZ1|CHK|157|2|36|4|3|3|2|8|4|0|1|0
RZ1|158|2|Don|5|5|5|5|1|1|1|0|0
RZ1|CHK|158|2|36|4|3|3|2|8|4|0|1|0
RZ1|159|2|Don|5|6|5|6|1|1|1|0|0
RZ1|CHK|159|2|36|4|3|3|2|8|4|0|1|0
[Opponent] Deploy Zeff ["EB04-004">EB04-004]
RZ1|160|2|EB04-004|1|2|2|3|1|1|0|0|0
RZ1|CHK|160|2|36|3|4|3|2|8|4|0|1|0
RZ1|161|2|Don|5|7|9|9900|1|1|0|0|0
RZ1|CHK|161|2|36|3|4|3|2|7|4|0|1|1
[Opponent] Attach 1 Don to Krieg ["OP15-001">OP15-001] (1 Total)
[Opponent] Krieg ["OP15-001">OP15-001] attacking Eustass "Captain" Kid ["OP10-099">OP10-099]
Krieg ["OP15-001">OP15-001][6000] vs Eustass "Captain" Kid ["OP10-099">OP10-099][5000]
Eustass "Captain" Kid ["OP10-099">OP10-099] hit for 1 damage
RZ1|162|1|OP10-112|3|5|1|6|1|1|0|0|0
RZ1|CHK|162|1|33|7|4|5|3|6|1|0|1|1
[Opponent] Morgan ["OP15-017">OP15-017]: Attach 1 Rested Don to Trafalgar Law ["OP10-119">OP10-119]
RZ1|163|1|Don|5|0|9|300|1|1|1|0|0
RZ1|CHK|163|1|33|7|4|5|3|5|1|0|1|2
[Opponent] Morgan ["OP15-017">OP15-017]: Attach 1 Rested Don to Jango ["OP15-026">OP15-026]
RZ1|164|2|Don|5|0|9|0|1|1|1|0|0
RZ1|CHK|164|2|36|3|4|3|2|6|4|0|1|2
[] Hand: [OP15-017,OP15-028,OP15-003]
[] Board: [OP15-026,OP15-007,OP15-017,EB04-004]
[] Trash: [OP13-040,OP12-021,OP15-009,OP15-009]
[] Life: 3
[] Hand: [OP10-112,ST36-005,OP11-101,OP10-119,OP10-112,OP12-117,OP10-112]
[] Trash: [OP11-101]
[] Board: [OP10-111,ST36-004,ST36-002,OP10-119]
[] Life: 5
[Opponent] End Turn
[] Hand: [OP10-112,ST36-005,OP11-101,OP10-119,OP10-112,OP12-117,OP10-112]
[] Board: [OP10-111,ST36-004,ST36-002,OP10-119]
[] Trash: [OP11-101]
[] Life: 5
[] Hand: [OP15-017,OP15-028,OP15-003]
[] Trash: [OP13-040,OP12-021,OP15-009,OP15-009]
[] Board: [OP15-026,OP15-007,OP15-017,EB04-004]
[] Life: 3
RZ1|165|1|Don|9|9900|5|0|1|1|1|0|0
RZ1|CHK|165|1|33|7|4|5|3|6|1|0|1|1
RZ1|166|1|Don|9|300|5|0|1|1|1|0|0
RZ1|CHK|166|1|33|7|4|5|3|7|1|0|1|0
[You] Draw 1 Card
[] Drew card from deck: Jewelry Bonney ["OP15-105">OP15-105]
RZ1|167|1|OP15-105|0|32|1|7|1|1|0|0|0
RZ1|CHK|167|1|32|8|4|5|3|7|1|0|1|0
RZ1|168|1|Don|4|2|5|7|1|1|0|0|0
RZ1|CHK|168|1|32|8|4|5|2|8|1|0|1|0
RZ1|169|1|Don|4|1|5|8|1|1|0|0|0
RZ1|CHK|169|1|32|8|4|5|1|9|1|0|1|0
[You] Draw 2 Don
RZ1|170|1|Don|5|0|5|0|1|1|1|0|0
RZ1|CHK|170|1|32|8|4|5|1|9|1|0|1|0
RZ1|171|1|Don|5|1|5|1|1|1|1|0|0
RZ1|CHK|171|1|32|8|4|5|1|9|1|0|1|0
RZ1|172|1|Don|5|2|5|2|1|1|1|0|0
RZ1|CHK|172|1|32|8|4|5|1|9|1|0|1|0
RZ1|173|1|Don|5|3|5|3|1|1|1|0|0
RZ1|CHK|173|1|32|8|4|5|1|9|1|0|1|0
RZ1|174|1|Don|5|4|5|4|1|1|1|0|0
RZ1|CHK|174|1|32|8|4|5|1|9|1|0|1|0
RZ1|175|1|Don|5|5|5|5|1|1|1|0|0
RZ1|CHK|175|1|32|8|4|5|1|9|1|0|1|0
RZ1|176|1|Don|5|6|5|6|1|1|1|0|0
RZ1|CHK|176|1|32|8|4|5|1|9|1|0|1|0
RZ1|177|1|Don|5|7|5|7|1|1|1|0|0
RZ1|CHK|177|1|32|8|4|5|1|9|1|0|1|0
[You] Deploy Eustass "Captain" Kid ["OP10-112">OP10-112]
RZ1|178|1|OP10-112|1|4|2|4|1|1|0|-2000|0
RZ1|CHK|178|1|32|7|5|5|1|9|1|0|1|0
[You] Eustass "Captain" Kid ["OP10-112">OP10-112]: Rest Eustass "Captain" Kid ["OP10-112">OP10-112]
[You] Eustass "Captain" Kid ["OP10-112">OP10-112]: Trash 1 Life
Trash Gin ["OP15-007">OP15-007] from Life
RZ1|179|2|OP15-007|3|2|6|4|1|1|0|0|0
RZ1|CHK|179|2|36|3|4|2|2|6|5|0|1|2
[You] Trafalgar Law ["OP10-119">OP10-119] attacking Krieg ["OP15-001">OP15-001]
[Opponent] Discard Morgan ["OP15-017">OP15-017] for Counter 1000
RZ1|180|2|OP15-017|1|0|6|5|1|1|0|0|0
RZ1|CHK|180|2|36|2|4|2|2|6|6|0|1|2
[Opponent] Discard Alvida ["OP15-003">OP15-003] for Counter 1000
RZ1|181|2|OP15-003|1|1|6|6|1|1|0|0|0
RZ1|CHK|181|2|36|1|4|2|2|6|7|0|1|2
[Opponent] Discard Meowban Brothers ["OP15-028">OP15-028] for Counter 2000
RZ1|182|2|OP15-028|1|0|6|7|1|1|0|0|0
RZ1|CHK|182|2|36|0|4|2|2|6|8|0|1|2
Trafalgar Law ["OP10-119">OP10-119][7000] vs Krieg ["OP15-001">OP15-001][9000]
Attack Fails
[You] Eustass "Captain" Kid ["OP10-099">OP10-099] attacking Krieg ["OP15-001">OP15-001]
Eustass "Captain" Kid ["OP10-099">OP10-099][5000] vs Krieg ["OP15-001">OP15-001][5000]
Krieg ["OP15-001">OP15-001] hit for 1 damage
RZ1|183|2|OP15-037|3|1|1|0|1|1|0|0|0
RZ1|CHK|183|2|36|1|4|1|2|6|8|0|1|2
[] Drew card from deck: Eustass "Captain" Kid ["ST36-005">ST36-005]
RZ1|184|1|ST36-005|0|31|1|7|1|1|0|0|0
RZ1|CHK|184|1|31|8|5|5|1|9|1|0|1|0
[You] Eustass "Captain" Kid ["OP10-112">OP10-112]: Draw 1 Card
RZ1|185|1|ST36-005|1|7|6|1|1|1|0|0|0
RZ1|CHK|185|1|31|7|5|5|1|9|2|0|1|0
[You] Eustass "Captain" Kid ["OP10-112">OP10-112]: Trash Eustass "Captain" Kid ["ST36-005">ST36-005]
[] Hand: [OP10-112,ST36-005,OP11-101,OP10-119,OP12-117,OP10-112,OP15-105]
[] Board: [OP10-111,ST36-004,ST36-002,OP10-119,OP10-112]
[] Trash: [OP11-101,ST36-005]
[] Life: 5
[] Hand: [OP15-037]
[] Trash: [OP13-040,OP12-021,OP15-009,OP15-009,OP15-007,OP15-017,OP15-003,OP15-028]
[] Board: [OP15-026,OP15-007,OP15-017,EB04-004]
[] Life: 1
[You] End Turn
[] Hand: [OP15-037]
[] Board: [OP15-026,OP15-007,OP15-017,EB04-004]
[] Trash: [OP13-040,OP12-021,OP15-009,OP15-009,OP15-007,OP15-017,OP15-003,OP15-028]
[] Life: 1
[] Hand: [OP10-112,ST36-005,OP11-101,OP10-119,OP12-117,OP10-112,OP15-105]
[] Trash: [OP11-101,ST36-005]
[] Board: [OP10-111,ST36-004,ST36-002,OP10-119,OP10-112]
[] Life: 5
RZ1|186|2|Don|9|9900|5|0|1|1|1|0|0
RZ1|CHK|186|2|36|1|4|1|2|7|8|0|1|1
RZ1|187|2|Don|9|0|5|0|1|1|1|0|0
RZ1|CHK|187|2|36|1|4|1|2|8|8|0|1|0
[Opponent] Draw 1 Card
[] Drew card from deck: Strive to Surpass Me, Roronoa Zoro! ["OP14-036">OP14-036]
RZ1|188|2|OP14-036|0|35|1|1|1|1|0|0|0
RZ1|CHK|188|2|35|2|4|1|2|8|8|0|1|0
RZ1|189|2|Don|4|1|5|8|1|1|0|0|0
RZ1|CHK|189|2|35|2|4|1|1|9|8|0|1|0
RZ1|190|2|Don|4|0|5|9|1|1|0|0|0
RZ1|CHK|190|2|35|2|4|1|0|10|8|0|1|0
[Opponent] Draw 2 Don
RZ1|191|2|Don|5|0|9|100|1|1|0|0|0
RZ1|CHK|191|2|35|2|4|1|0|9|8|0|1|1
RZ1|192|2|Don|5|0|9|101|1|1|0|0|0
RZ1|CHK|192|2|35|2|4|1|0|8|8|0|1|2
RZ1|193|2|Don|5|0|9|102|1|1|0|0|0
RZ1|CHK|193|2|35|2|4|1|0|7|8|0|1|3
RZ1|194|2|Don|5|0|9|103|1|1|0|0|0
RZ1|CHK|194|2|35|2|4|1|0|6|8|0|1|4
RZ1|195|2|Don|5|0|9|104|1|1|0|0|0
RZ1|CHK|195|2|35|2|4|1|0|5|8|0|1|5
RZ1|196|2|Don|5|0|9|105|1|1|0|0|0
RZ1|CHK|196|2|35|2|4|1|0|4|8|0|1|6
[Opponent] Attach 6 Don to Gin ["OP15-007">OP15-007] (6 Total)
[Opponent] Gin ["OP15-007">OP15-007] attacking Eustass "Captain" Kid ["OP10-099">OP10-099]
Gin ["OP15-007">OP15-007][13000] vs Eustass "Captain" Kid ["OP10-099">OP10-099][5000]
Eustass "Captain" Kid ["OP10-099">OP10-099] hit for 1 damage
RZ1|197|1|P-088|3|4|1|7|1|1|0|0|0
RZ1|CHK|197|1|31|8|5|4|1|9|2|0|1|0
[You] Trafalgar Law ["P-088">P-088]: Activate Trigger
RZ1|198|1|P-088|1|7|6|2|1|1|0|0|0
RZ1|CHK|198|1|31|7|5|4|1|9|3|0|1|0
RZ1|199|1|OP10-111|2|0|6|3|1|1|0|0|0
RZ1|CHK|199|1|31|7|4|4|1|9|4|0|1|0
[You] Trash Monkey D. Luffy ["OP10-111">OP10-111]
RZ1|200|1|P-088|6|2|2|4|1|1|0|0|0
RZ1|CHK|200|1|31|7|5|4|1|9|3|0|1|0
[You] Trafalgar Law ["P-088">P-088]: Deploy Trafalgar Law ["P-088">P-088]
RZ1|201|2|Don|5|0|9|200|1|1|0|0|0
RZ1|CHK|201|2|35|2|4|1|0|3|8|0|1|7
RZ1|202|2|Don|5|0|9|201|1|1|0|0|0
RZ1|CHK|202|2|35|2|4|1|0|2|8|0|1|8
[Opponent] Attach 2 Don to Morgan ["OP15-017">OP15-017] (2 Total)
[Opponent] Morgan ["OP15-017">OP15-017] attacking Eustass "Captain" Kid ["OP10-099">OP10-099]
[You] Slam Gibson ["OP12-117">OP12-117]: Activate Counter
[You] Slam Gibson ["OP12-117">OP12-117]: Rest 1 Don
RZ1|203|1|Don|5|8|5|8|1|1|1|0|0
RZ1|CHK|203|1|31|7|5|4|1|9|3|0|1|0
RZ1|204|1|OP12-117|1|4|6|3|1|1|0|0|0
RZ1|CHK|204|1|31|6|5|4|1|9|4|0|1|0
[You] Slam Gibson ["OP12-117">OP12-117]: Buff Eustass "Captain" Kid ["OP10-099">OP10-099] 3000 for the Combat
[You] Discard Capone "Gang" Bege ["OP11-101">OP11-101] for Counter 1000
RZ1|205|1|OP11-101|1|2|6|4|1|1|0|0|0
RZ1|CHK|205|1|31|5|5|4|1|9|5|0|1|0
Morgan ["OP15-017">OP15-017][8000] vs Eustass "Captain" Kid ["OP10-099">OP10-099][9000]
Attack Fails
RZ1|206|2|Don|5|0|9|300|1|1|0|0|0
RZ1|CHK|206|2|35|2|4|1|0|1|8|0|1|9
[Opponent] Attach 1 Don to Zeff ["EB04-004">EB04-004] (1 Total)
[Opponent] Zeff ["EB04-004">EB04-004] attacking Trafalgar Law ["OP10-119">OP10-119]
[Opponent] Zeff ["EB04-004">EB04-004]: Grant Krieg ["OP15-001">OP15-001] 2000 until opponent's next turn end
[You] Discard Jewelry Bonney ["OP15-105">OP15-105] for Counter 2000
RZ1|207|1|OP15-105|1|4|6|5|1|1|0|0|0
RZ1|CHK|207|1|31|4|5|4|1|9|6|0|1|0
Zeff ["EB04-004">EB04-004][9000] vs Trafalgar Law ["OP10-119">OP10-119][11000]
Attack Fails
[Opponent] Krieg ["OP15-001">OP15-001] attacking Eustass "Captain" Kid ["OP10-099">OP10-099]
Krieg ["OP15-001">OP15-001][7000] vs Eustass "Captain" Kid ["OP10-099">OP10-099][5000]
Eustass "Captain" Kid ["OP10-099">OP10-099] hit for 1 damage
RZ1|208|1|EB04-059|3|3|1|4|1|1|0|0|0
RZ1|CHK|208|1|31|5|5|3|1|9|6|0|1|0
[You] Black Rope Dragon Twister ["EB04-059">EB04-059]: Activate Trigger
RZ1|209|1|EB04-059|1|4|6|6|1|1|0|0|0
RZ1|CHK|209|1|31|4|5|3|1|9|7|0|1|0
[] Drew card from deck: Scratchmen Apoo ["ST36-003">ST36-003]
RZ1|210|1|ST36-003|0|30|1|4|1|1|0|0|0
RZ1|CHK|210|1|30|5|5|3|1|9|7|0|1|0
[] Drew card from deck: Trafalgar Law ["P-088">P-088]
RZ1|211|1|P-088|0|29|1|5|1|1|0|0|0
RZ1|CHK|211|1|29|6|5|3|1|9|7|0|1|0
[You] Black Rope Dragon Twister ["EB04-059">EB04-059]: Draw 2 Card
RZ1|212|1|OP10-112|1|3|6|7|1|1|0|0|0
RZ1|CHK|212|1|29|5|5|3|1|9|8|0|1|0
[You] Black Rope Dragon Twister ["EB04-059">EB04-059]: Trash Eustass "Captain" Kid ["OP10-112">OP10-112]
[] Hand: [OP15-037,OP14-036]
[] Board: [OP15-026,OP15-007,OP15-017,EB04-004]
[] Trash: [OP13-040,OP12-021,OP15-009,OP15-009,OP15-007,OP15-017,OP15-003,OP15-028]
[] Life: 1
[] Hand: [OP10-112,ST36-005,OP10-119,ST36-003,P-088]
[] Trash: [OP11-101,ST36-005,OP10-111,OP12-117,OP11-101,OP15-105,EB04-059,OP10-112]
[] Board: [ST36-004,ST36-002,OP10-119,OP10-112,P-088]
[] Life: 3
[Opponent] End Turn
[] Hand: [OP10-112,ST36-005,OP10-119,ST36-003,P-088]
[] Board: [ST36-004,ST36-002,OP10-119,OP10-112,P-088]
[] Trash: [OP11-101,ST36-005,OP10-111,OP12-117,OP11-101,OP15-105,EB04-059,OP10-112]
[] Life: 3
[] Hand: [OP15-037,OP14-036]
[] Trash: [OP13-040,OP12-021,OP15-009,OP15-009,OP15-007,OP15-017,OP15-003,OP15-028]
[] Board: [OP15-026,OP15-007,OP15-017,EB04-004]
[] Life: 1
[You] Draw 1 Card
[] Drew card from deck: Trafalgar Law ["OP10-119">OP10-119]
RZ1|213|1|OP10-119|0|28|1|5|1|1|0|0|0
RZ1|CHK|213|1|28|6|5|3|1|9|8|0|1|0
RZ1|214|1|Don|4|0|5|9|1|1|0|0|0
RZ1|CHK|214|1|28|6|5|3|0|10|8|0|1|0
[You] Draw 2 Don
RZ1|215|1|Don|5|0|5|0|1|1|1|0|0
RZ1|CHK|215|1|28|6|5|3|0|10|8|0|1|0
RZ1|216|1|Don|5|1|5|1|1|1|1|0|0
RZ1|CHK|216|1|28|6|5|3|0|10|8|0|1|0
RZ1|217|1|Don|5|2|5|2|1|1|1|0|0
RZ1|CHK|217|1|28|6|5|3|0|10|8|0|1|0
RZ1|218|1|Don|5|3|5|3|1|1|1|0|0
RZ1|CHK|218|1|28|6|5|3|0|10|8|0|1|0
RZ1|219|1|Don|5|4|5|4|1|1|1|0|0
RZ1|CHK|219|1|28|6|5|3|0|10|8|0|1|0
RZ1|220|1|Don|5|5|5|5|1|1|1|0|0
RZ1|CHK|220|1|28|6|5|3|0|10|8|0|1|0
RZ1|221|1|Don|5|6|5|6|1|1|1|0|0
RZ1|CHK|221|1|28|6|5|3|0|10|8|0|1|0
RZ1|222|1|Don|5|7|5|7|1|1|1|0|0
RZ1|CHK|222|1|28|6|5|3|0|10|8|0|1|0
[You] Trash Bartolomeo ["ST36-004">ST36-004]
[You] Deploy Eustass "Captain" Kid ["OP10-112">OP10-112]
RZ1|223|1|ST36-004|2|0|6|8|1|1|0|0|0
RZ1|CHK|223|1|28|6|4|3|0|10|9|0|1|0
RZ1|224|1|OP10-112|1|0|2|4|1|1|0|0|0
RZ1|CHK|224|1|28|5|5|3|0|10|9|0|1|0
[You] Eustass "Captain" Kid ["OP10-112">OP10-112]: Rest Eustass "Captain" Kid ["OP10-112">OP10-112]
[You] Eustass "Captain" Kid ["OP10-112">OP10-112]: Trash 1 Life
Trash Arlong ["OP15-023">OP15-023] from Life
RZ1|225|2|OP15-023|3|0|6|8|1|1|0|0|0
RZ1|CHK|225|2|35|2|4|0|0|1|9|0|1|9
[You] Attach 2 Don to Eustass "Captain" Kid ["OP10-112">OP10-112] (2 Total)
RZ1|226|1|Don|5|9|9|200|1|1|0|0|0
RZ1|CHK|226|1|28|5|5|3|0|9|9|0|1|1
RZ1|227|1|Don|5|8|9|201|1|1|0|0|0
RZ1|CHK|227|1|28|5|5|3|0|8|9|0|1|2
[You] Eustass "Captain" Kid ["OP10-112">OP10-112] attacking Krieg ["OP15-001">OP15-001]
Eustass "Captain" Kid ["OP10-112">OP10-112][11000] vs Krieg ["OP15-001">OP15-001][7000]
Krieg ["OP15-001">OP15-001] hit for 1 damage
[Opponent] <b>Downloaded the Combat Log!</b>
GameOver
