Version is 1.41b.20
[You] Leader is Eustass "Captain" Kid ["OP10-099">OP10-099]
RZ1|HDR|1.41b|2|RZ1
RZ1|PLY|1||OP10-099
RZ1|PLY|2||
[Opponent] Leader is Imu ["OP13-079">OP13-079]
RZ1|1|2|OP16-093|0|8|0|0|0|0|0|0|0
RZ1|CHK|1|2|50|0|0|0|10|0|0|0|1|0
RZ1|2|2|OP13-080|0|20|0|1|0|0|0|0|0
RZ1|CHK|2|2|50|0|0|0|10|0|0|0|1|0
RZ1|3|2|OP13-082|0|34|0|2|0|0|0|0|0
RZ1|CHK|3|2|50|0|0|0|10|0|0|0|1|0
RZ1|4|2|OP13-096|0|38|0|3|0|0|0|0|0
RZ1|CHK|4|2|50|0|0|0|10|0|0|0|1|0
RZ1|5|2|OP16-093|0|13|0|4|0|0|0|0|0
RZ1|CHK|5|2|50|0|0|0|10|0|0|0|1|0
RZ1|6|2|OP16-093|0|13|0|5|0|0|0|0|0
RZ1|CHK|6|2|50|0|0|0|10|0|0|0|1|0
RZ1|7|2|OP14-096|0|47|0|6|0|0|0|0|0
RZ1|CHK|7|2|50|0|0|0|10|0|0|0|1|0
RZ1|8|2|OP14-096|0|47|0|7|0|0|0|0|0
RZ1|CHK|8|2|50|0|0|0|10|0|0|0|1|0
RZ1|9|2|OP13-089|0|21|0|8|0|0|0|0|0
RZ1|CHK|9|2|50|0|0|0|10|0|0|0|1|0
RZ1|10|2|OP13-086|0|12|0|10|0|0|0|0|0
RZ1|CHK|10|2|50|0|0|0|10|0|0|0|1|0
RZ1|11|2|OP13-092|0|15|0|11|0|0|0|0|0
RZ1|CHK|11|2|50|0|0|0|10|0|0|0|1|0
RZ1|12|2|OP13-080|0|25|0|12|0|0|0|0|0
RZ1|CHK|12|2|50|0|0|0|10|0|0|0|1|0
RZ1|13|2|OP13-082|0|37|0|13|0|0|0|0|0
RZ1|CHK|13|2|50|0|0|0|10|0|0|0|1|0
RZ1|14|2|OP13-091|0|32|0|14|0|0|0|0|0
RZ1|CHK|14|2|50|0|0|0|10|0|0|0|1|0
RZ1|15|2|OP13-099|0|49|0|15|0|0|0|0|0
RZ1|CHK|15|2|50|0|0|0|10|0|0|0|1|0
RZ1|16|2|OP13-096|0|41|0|16|0|0|0|0|0
RZ1|CHK|16|2|50|0|0|0|10|0|0|0|1|0
RZ1|17|2|OP13-083|0|24|0|17|0|0|0|0|0
RZ1|CHK|17|2|50|0|0|0|10|0|0|0|1|0
RZ1|18|2|OP13-086|0|19|0|18|0|0|0|0|0
RZ1|CHK|18|2|50|0|0|0|10|0|0|0|1|0
RZ1|19|2|OP13-082|0|40|0|19|0|0|0|0|0
RZ1|CHK|19|2|50|0|0|0|10|0|0|0|1|0
RZ1|20|2|OP13-084|0|39|0|20|0|0|0|0|0
RZ1|CHK|20|2|50|0|0|0|10|0|0|0|1|0
RZ1|21|2|OP13-083|0|28|0|21|0|0|0|0|0
RZ1|CHK|21|2|50|0|0|0|10|0|0|0|1|0
RZ1|22|2|OP13-098|0|44|0|22|0|0|0|0|0
RZ1|CHK|22|2|50|0|0|0|10|0|0|0|1|0
RZ1|23|2|OP13-084|0|38|0|23|0|0|0|0|0
RZ1|CHK|23|2|50|0|0|0|10|0|0|0|1|0
RZ1|24|2|OP13-092|0|25|0|24|0|0|0|0|0
RZ1|CHK|24|2|50|0|0|0|10|0|0|0|1|0
RZ1|25|2|OP13-092|0|26|0|25|0|0|0|0|0
RZ1|CHK|25|2|50|0|0|0|10|0|0|0|1|0
RZ1|26|2|OP13-096|0|43|0|26|0|0|0|0|0
RZ1|CHK|26|2|50|0|0|0|10|0|0|0|1|0
RZ1|27|2|OP13-080|0|36|0|27|0|0|0|0|0
RZ1|CHK|27|2|50|0|0|0|10|0|0|0|1|0
RZ1|28|2|OP13-098|0|46|0|28|0|0|0|0|0
RZ1|CHK|28|2|50|0|0|0|10|0|0|0|1|0
RZ1|29|2|OP13-089|0|34|0|29|0|0|0|0|0
RZ1|CHK|29|2|50|0|0|0|10|0|0|0|1|0
RZ1|30|2|OP13-084|0|42|0|30|0|0|0|0|0
RZ1|CHK|30|2|50|0|0|0|10|0|0|0|1|0
RZ1|31|2|OP14-096|0|48|0|31|0|0|0|0|0
RZ1|CHK|31|2|50|0|0|0|10|0|0|0|1|0
RZ1|32|2|OP13-083|0|35|0|32|0|0|0|0|0
RZ1|CHK|32|2|50|0|0|0|10|0|0|0|1|0
RZ1|33|2|OP13-082|0|44|0|33|0|0|0|0|0
RZ1|CHK|33|2|50|0|0|0|10|0|0|0|1|0
RZ1|34|2|OP13-084|0|44|0|34|0|0|0|0|0
RZ1|CHK|34|2|50|0|0|0|10|0|0|0|1|0
RZ1|35|2|OP13-098|0|47|0|35|0|0|0|0|0
RZ1|CHK|35|2|50|0|0|0|10|0|0|0|1|0
RZ1|36|2|OP13-091|0|44|0|36|0|0|0|0|0
RZ1|CHK|36|2|50|0|0|0|10|0|0|0|1|0
RZ1|37|2|OP13-089|0|41|0|37|0|0|0|0|0
RZ1|CHK|37|2|50|0|0|0|10|0|0|0|1|0
RZ1|38|2|OP05-097|0|49|0|38|0|0|0|0|0
RZ1|CHK|38|2|50|0|0|0|10|0|0|0|1|0
RZ1|39|2|OP13-091|0|46|0|39|0|0|0|0|0
RZ1|CHK|39|2|50|0|0|0|10|0|0|0|1|0
RZ1|40|2|OP13-091|0|46|0|40|0|0|0|0|0
RZ1|CHK|40|2|50|0|0|0|10|0|0|0|1|0
RZ1|41|2|OP13-080|0|46|0|41|0|0|0|0|0
RZ1|CHK|41|2|50|0|0|0|10|0|0|0|1|0
RZ1|42|2|OP14-096|0|49|0|42|0|0|0|0|0
RZ1|CHK|42|2|50|0|0|0|10|0|0|0|1|0
RZ1|43|2|OP16-093|0|45|0|43|0|0|0|0|0
RZ1|CHK|43|2|50|0|0|0|10|0|0|0|1|0
RZ1|44|2|OP13-096|0|48|0|44|0|0|0|0|0
RZ1|CHK|44|2|50|0|0|0|10|0|0|0|1|0
RZ1|45|2|OP13-083|0|47|0|46|0|0|0|0|0
RZ1|CHK|45|2|50|0|0|0|10|0|0|0|1|0
RZ1|46|2|OP13-098|0|49|0|48|0|0|0|0|0
RZ1|CHK|46|2|50|0|0|0|10|0|0|0|1|0
RZ1|47|2|OP13-099|0|15|7|0|1|1|0|0|0
RZ1|CHK|47|2|49|0|0|0|10|0|0|1|1|0
[Opponent] Imu ["OP13-079">OP13-079]: Deploy The Empty Throne ["OP13-099">OP13-099]
RZ1|48|2|OP13-096|0|3|0|0|0|0|0|0|0
RZ1|CHK|48|2|49|0|0|0|10|0|0|1|1|0
RZ1|49|2|OP13-092|0|46|0|1|0|0|0|0|0
RZ1|CHK|49|2|49|0|0|0|10|0|0|1|1|0
RZ1|50|2|OP13-086|0|18|0|2|0|0|0|0|0
RZ1|CHK|50|2|49|0|0|0|10|0|0|1|1|0
RZ1|51|2|OP13-091|0|40|0|3|0|0|0|0|0
RZ1|CHK|51|2|49|0|0|0|10|0|0|1|1|0
RZ1|52|2|OP13-089|0|38|0|4|0|0|0|0|0
RZ1|CHK|52|2|49|0|0|0|10|0|0|1|1|0
RZ1|53|2|OP13-084|0|25|0|5|0|0|0|0|0
RZ1|CHK|53|2|49|0|0|0|10|0|0|1|1|0
RZ1|54|2|OP13-083|0|21|0|6|0|0|0|0|0
RZ1|CHK|54|2|49|0|0|0|10|0|0|1|1|0
RZ1|55|2|OP05-097|0|39|0|7|0|0|0|0|0
RZ1|CHK|55|2|49|0|0|0|10|0|0|1|1|0
RZ1|56|2|OP16-093|0|43|0|8|0|0|0|0|0
RZ1|CHK|56|2|49|0|0|0|10|0|0|1|1|0
RZ1|57|2|OP13-098|0|47|0|9|0|0|0|0|0
RZ1|CHK|57|2|49|0|0|0|10|0|0|1|1|0
RZ1|58|2|OP13-084|0|35|0|10|0|0|0|0|0
RZ1|CHK|58|2|49|0|0|0|10|0|0|1|1|0
RZ1|59|2|OP13-089|0|48|0|11|0|0|0|0|0
RZ1|CHK|59|2|49|0|0|0|10|0|0|1|1|0
RZ1|60|2|OP13-080|0|34|0|12|0|0|0|0|0
RZ1|CHK|60|2|49|0|0|0|10|0|0|1|1|0
RZ1|61|2|OP16-093|0|17|0|13|0|0|0|0|0
RZ1|CHK|61|2|49|0|0|0|10|0|0|1|1|0
RZ1|62|2|OP13-098|0|31|0|14|0|0|0|0|0
RZ1|CHK|62|2|49|0|0|0|10|0|0|1|1|0
RZ1|63|2|OP13-082|0|17|0|15|0|0|0|0|0
RZ1|CHK|63|2|49|0|0|0|10|0|0|1|1|0
RZ1|64|2|OP13-086|0|47|0|16|0|0|0|0|0
RZ1|CHK|64|2|49|0|0|0|10|0|0|1|1|0
RZ1|65|2|OP13-091|0|44|0|17|0|0|0|0|0
RZ1|CHK|65|2|49|0|0|0|10|0|0|1|1|0
RZ1|66|2|OP13-098|0|37|0|18|0|0|0|0|0
RZ1|CHK|66|2|49|0|0|0|10|0|0|1|1|0
RZ1|67|2|OP13-091|0|44|0|19|0|0|0|0|0
RZ1|CHK|67|2|49|0|0|0|10|0|0|1|1|0
RZ1|68|2|OP14-096|0|46|0|20|0|0|0|0|0
RZ1|CHK|68|2|49|0|0|0|10|0|0|1|1|0
RZ1|69|2|OP13-096|0|47|0|21|0|0|0|0|0
RZ1|CHK|69|2|49|0|0|0|10|0|0|1|1|0
RZ1|70|2|OP13-084|0|45|0|22|0|0|0|0|0
RZ1|CHK|70|2|49|0|0|0|10|0|0|1|1|0
RZ1|71|2|OP13-084|0|37|0|23|0|0|0|0|0
RZ1|CHK|71|2|49|0|0|0|10|0|0|1|1|0
RZ1|72|2|OP13-083|0|48|0|24|0|0|0|0|0
RZ1|CHK|72|2|49|0|0|0|10|0|0|1|1|0
RZ1|73|2|OP13-086|0|31|0|25|0|0|0|0|0
RZ1|CHK|73|2|49|0|0|0|10|0|0|1|1|0
RZ1|74|2|OP13-083|0|45|0|26|0|0|0|0|0
RZ1|CHK|74|2|49|0|0|0|10|0|0|1|1|0
RZ1|75|2|OP13-080|0|35|0|27|0|0|0|0|0
RZ1|CHK|75|2|49|0|0|0|10|0|0|1|1|0
RZ1|76|2|OP13-089|0|33|0|28|0|0|0|0|0
RZ1|CHK|76|2|49|0|0|0|10|0|0|1|1|0
RZ1|77|2|OP14-096|0|45|0|29|0|0|0|0|0
RZ1|CHK|77|2|49|0|0|0|10|0|0|1|1|0
RZ1|78|2|OP13-091|0|38|0|30|0|0|0|0|0
RZ1|CHK|78|2|49|0|0|0|10|0|0|1|1|0
RZ1|79|2|OP13-089|0|45|0|31|0|0|0|0|0
RZ1|CHK|79|2|49|0|0|0|10|0|0|1|1|0
RZ1|80|2|OP16-093|0|34|0|32|0|0|0|0|0
RZ1|CHK|80|2|49|0|0|0|10|0|0|1|1|0
RZ1|81|2|OP13-096|0|40|0|33|0|0|0|0|0
RZ1|CHK|81|2|49|0|0|0|10|0|0|1|1|0
RZ1|82|2|OP13-080|0|35|0|34|0|0|0|0|0
RZ1|CHK|82|2|49|0|0|0|10|0|0|1|1|0
RZ1|83|2|OP13-086|0|38|0|36|0|0|0|0|0
RZ1|CHK|83|2|49|0|0|0|10|0|0|1|1|0
RZ1|84|2|OP14-096|0|38|0|37|0|0|0|0|0
RZ1|CHK|84|2|49|0|0|0|10|0|0|1|1|0
RZ1|85|2|OP13-098|0|47|0|38|0|0|0|0|0
RZ1|CHK|85|2|49|0|0|0|10|0|0|1|1|0
RZ1|86|2|OP13-082|0|41|0|39|0|0|0|0|0
RZ1|CHK|86|2|49|0|0|0|10|0|0|1|1|0
RZ1|87|2|OP13-080|0|48|0|40|0|0|0|0|0
RZ1|CHK|87|2|49|0|0|0|10|0|0|1|1|0
RZ1|88|2|OP13-082|0|48|0|41|0|0|0|0|0
RZ1|CHK|88|2|49|0|0|0|10|0|0|1|1|0
RZ1|89|2|OP13-082|0|44|0|42|0|0|0|0|0
RZ1|CHK|89|2|49|0|0|0|10|0|0|1|1|0
RZ1|90|2|OP13-096|0|48|0|43|0|0|0|0|0
RZ1|CHK|90|2|49|0|0|0|10|0|0|1|1|0
RZ1|91|2|OP13-083|0|46|0|44|0|0|0|0|0
RZ1|CHK|91|2|49|0|0|0|10|0|0|1|1|0
RZ1|92|2|OP13-092|0|46|0|45|0|0|0|0|0
RZ1|CHK|92|2|49|0|0|0|10|0|0|1|1|0
RZ1|93|2|OP13-092|0|47|0|46|0|0|0|0|0
RZ1|CHK|93|2|49|0|0|0|10|0|0|1|1|0
RZ1|94|2|OP13-092|0|48|0|47|0|0|0|0|0
RZ1|CHK|94|2|49|0|0|0|10|0|0|1|1|0
[] Drew card from deck: The Pirate King Is Just The Freest Man on the Sea!!! ["OP13-116">OP13-116]
RZ1|95|1|OP13-116|0|49|1|0|1|1|0|0|0
RZ1|CHK|95|1|49|1|0|0|10|0|0|0|1|0
[] Drew card from deck: Bartolomeo ["ST36-004">ST36-004]
RZ1|96|1|ST36-004|0|48|1|1|1|1|0|0|0
RZ1|CHK|96|1|48|2|0|0|10|0|0|0|1|0
[] Drew card from deck: Killer ["ST36-002">ST36-002]
RZ1|97|1|ST36-002|0|47|1|2|1|1|0|0|0
RZ1|CHK|97|1|47|3|0|0|10|0|0|0|1|0
[] Drew card from deck: Basil Hawkins ["OP10-109">OP10-109]
RZ1|98|1|OP10-109|0|46|1|3|1|1|0|0|0
RZ1|CHK|98|1|46|4|0|0|10|0|0|0|1|0
[] Drew card from deck: Slam Gibson ["OP12-117">OP12-117]
RZ1|99|1|OP12-117|0|45|1|4|1|1|0|0|0
RZ1|CHK|99|1|45|5|0|0|10|0|0|0|1|0
[] Drew card from deck: Ground Death ["OP14-096">OP14-096]
RZ1|100|2|OP14-096|0|48|1|0|1|1|0|0|0
RZ1|CHK|100|2|48|1|0|0|10|0|0|1|1|0
[] Drew card from deck: St. Mjosgard ["OP13-092">OP13-092]
RZ1|101|2|OP13-092|0|47|1|1|1|1|0|0|0
RZ1|CHK|101|2|47|2|0|0|10|0|0|1|1|0
[] Drew card from deck: St. Mjosgard ["OP13-092">OP13-092]
RZ1|102|2|OP13-092|0|46|1|2|1|1|0|0|0
RZ1|CHK|102|2|46|3|0|0|10|0|0|1|1|0
[] Drew card from deck: St. Mjosgard ["OP13-092">OP13-092]
RZ1|103|2|OP13-092|0|45|1|3|1|1|0|0|0
RZ1|CHK|103|2|45|4|0|0|10|0|0|1|1|0
[] Drew card from deck: St. Jaygarcia Saturn ["OP13-083">OP13-083]
RZ1|104|2|OP13-083|0|44|1|4|1|1|0|0|0
RZ1|CHK|104|2|44|5|0|0|10|0|0|1|1|0
RZ1|105|1|ST36-002|0|44|3|0|1|0|0|0|0
RZ1|CHK|105|1|44|5|0|1|10|0|0|0|1|0
RZ1|106|1|OP11-101|0|43|3|1|1|0|0|0|0
RZ1|CHK|106|1|43|5|0|2|10|0|0|0|1|0
RZ1|107|1|OP13-116|0|42|3|2|1|0|0|0|0
RZ1|CHK|107|1|42|5|0|3|10|0|0|0|1|0
RZ1|108|1|ST36-005|0|41|3|3|1|0|0|0|0
RZ1|CHK|108|1|41|5|0|4|10|0|0|0|1|0
RZ1|109|1|OP10-109|0|40|3|4|1|0|0|0|0
RZ1|CHK|109|1|40|5|0|5|10|0|0|0|1|0
RZ1|110|2|OP13-096|0|43|3|0|0|1|0|0|0
RZ1|CHK|110|2|43|5|0|1|10|0|0|1|1|0
RZ1|111|2|OP13-082|0|42|3|1|0|1|0|0|0
RZ1|CHK|111|2|42|5|0|2|10|0|0|1|1|0
RZ1|112|2|OP13-082|0|41|3|2|0|1|0|0|0
RZ1|CHK|112|2|41|5|0|3|10|0|0|1|1|0
RZ1|113|2|OP13-080|0|40|3|3|0|1|0|0|0
RZ1|CHK|113|2|40|5|0|4|10|0|0|1|1|0
[] Hand: [OP13-116,ST36-004,ST36-002,OP10-109,OP12-117]
[] Board: []
[] Trash: []
[] Life: 5
[] Hand: [OP14-096,OP13-092,OP13-092,OP13-092,OP13-083]
[] Trash: []
[] Board: []
[] Life: 4
RZ1|114|1|Don|4|9|5|0|1|1|0|0|0
RZ1|CHK|114|1|40|5|0|5|9|1|0|0|1|0
[You] Draw 1 Don
[You] The Pirate King Is Just The Freest Man on the Sea!!! ["OP13-116">OP13-116]: Rest 1 Don
RZ1|115|1|Don|5|0|5|0|1|1|1|0|0
RZ1|CHK|115|1|40|5|0|5|9|1|0|0|1|0
RZ1|116|1|OP13-116|1|0|6|0|1|1|0|0|0
RZ1|CHK|116|1|40|4|0|5|9|1|1|0|1|0
RZ1|117|1|ST36-005|0|36|1|4|1|1|0|0|0
RZ1|CHK|117|1|39|5|0|5|9|1|1|0|1|0
[You] The Pirate King Is Just The Freest Man on the Sea!!! ["OP13-116">OP13-116]: <b>Reveal and Draw Eustass "Captain" Kid ["ST36-005">ST36-005]</b>
[You] Placing Cards on Bottom of Deck
RZ1|118|1|OP10-119|0|38|0|0|0|0|0|0|0
RZ1|CHK|118|1|39|5|0|5|9|1|1|0|1|0
RZ1|119|1|OP10-116|0|38|0|0|0|0|0|0|0
RZ1|CHK|119|1|39|5|0|5|9|1|1|0|1|0
RZ1|120|1|OP10-119|0|38|0|0|0|0|0|0|0
RZ1|CHK|120|1|39|5|0|5|9|1|1|0|1|0
RZ1|121|1|OP10-111|0|38|0|0|0|0|0|0|0
RZ1|CHK|121|1|39|5|0|5|9|1|1|0|1|0
[] Hand: [ST36-004,ST36-002,OP10-109,OP12-117,ST36-005]
[] Board: []
[] Trash: [OP13-116]
[] Life: 5
[] Hand: [OP14-096,OP13-092,OP13-092,OP13-092,OP13-083]
[] Trash: []
[] Board: []
[] Life: 4
[You] End Turn
[] Hand: [OP14-096,OP13-092,OP13-092,OP13-092,OP13-083]
[] Board: []
[] Trash: []
[] Life: 4
[] Hand: [ST36-004,ST36-002,OP10-109,OP12-117,ST36-005]
[] Trash: [OP13-116]
[] Board: []
[] Life: 5
[Opponent] Draw 1 Card
[] Drew card from deck: Five Elders ["OP13-082">OP13-082]
RZ1|122|2|OP13-082|0|39|1|5|1|1|0|0|0
RZ1|CHK|122|2|39|6|0|4|10|0|0|1|1|0
RZ1|123|2|Don|4|9|5|0|1|1|0|0|0
RZ1|CHK|123|2|39|6|0|4|9|1|0|1|1|0
RZ1|124|2|Don|4|8|5|1|1|1|0|0|0
RZ1|CHK|124|2|39|6|0|4|8|2|0|1|1|0
[Opponent] Draw 2 Don
RZ1|125|2|OP13-083|1|4|6|0|1|1|0|0|0
RZ1|CHK|125|2|39|5|0|4|8|2|1|1|1|0
[Opponent] Imu ["OP13-079">OP13-079]: Trash St. Jaygarcia Saturn ["OP13-083">OP13-083]
[] Drew card from deck: ...Never Existed... ["OP13-098">OP13-098]
RZ1|126|2|OP13-098|0|38|1|5|1|1|0|0|0
RZ1|CHK|126|2|38|6|0|4|8|2|1|1|1|0
[Opponent] Imu ["OP13-079">OP13-079]: Draw 1 Card
[] Hand: [OP14-096,OP13-092,OP13-092,OP13-092,OP13-082,OP13-098]
[] Board: []
[] Trash: [OP13-083]
[] Life: 4
[] Hand: [ST36-004,ST36-002,OP10-109,OP12-117,ST36-005]
[] Trash: [OP13-116]
[] Board: []
[] Life: 5
[Opponent] End Turn
[] Hand: [ST36-004,ST36-002,OP10-109,OP12-117,ST36-005]
[] Board: []
[] Trash: [OP13-116]
[] Life: 5
[] Hand: [OP14-096,OP13-092,OP13-092,OP13-092,OP13-082,OP13-098]
[] Trash: [OP13-083]
[] Board: []
[] Life: 4
[You] Draw 1 Card
[] Drew card from deck: Trafalgar Law ["OP10-119">OP10-119]
RZ1|127|1|OP10-119|0|38|1|5|1|1|0|0|0
RZ1|CHK|127|1|38|6|0|5|9|1|1|0|1|0
RZ1|128|1|Don|4|8|5|1|1|1|0|0|0
RZ1|CHK|128|1|38|6|0|5|8|2|1|0|1|0
RZ1|129|1|Don|4|7|5|2|1|1|0|0|0
RZ1|CHK|129|1|38|6|0|5|7|3|1|0|1|0
[You] Draw 2 Don
RZ1|130|1|Don|5|0|5|0|1|1|1|0|0
RZ1|CHK|130|1|38|6|0|5|7|3|1|0|1|0
[You] Deploy Bartolomeo ["ST36-004">ST36-004]
RZ1|131|1|ST36-004|1|0|2|0|1|1|0|0|0
RZ1|CHK|131|1|38|5|1|5|7|3|1|0|1|0
RZ1|132|1|OP12-117|1|2|6|1|1|1|0|0|0
RZ1|CHK|132|1|38|4|1|5|7|3|2|0|1|0
[You] Bartolomeo ["ST36-004">ST36-004]: Trash Slam Gibson ["OP12-117">OP12-117]
[] Drew card from deck: Eustass "Captain" Kid ["OP10-112">OP10-112]
RZ1|133|1|OP10-112|0|37|1|4|1|1|0|0|0
RZ1|CHK|133|1|37|5|1|5|7|3|2|0|1|0
[] Drew card from deck: Trafalgar Law ["P-088">P-088]
RZ1|134|1|P-088|0|36|1|5|1|1|0|0|0
RZ1|CHK|134|1|36|6|1|5|7|3|2|0|1|0
[You] Bartolomeo ["ST36-004">ST36-004]: Draw 2 Card
[You] Attach 1 Don to Eustass "Captain" Kid ["OP10-099">OP10-099] (1 Total)
RZ1|135|1|Don|5|2|9|9900|1|1|0|0|0
RZ1|CHK|135|1|36|6|1|5|7|2|2|0|1|1
[You] Attach 1 Don to Eustass "Captain" Kid ["OP10-099">OP10-099] (2 Total)
RZ1|136|1|Don|5|1|9|9901|1|1|0|0|0
RZ1|CHK|136|1|36|6|1|5|7|1|2|0|1|2
[You] Eustass "Captain" Kid ["OP10-099">OP10-099] attacking Imu ["OP13-079">OP13-079]
Eustass "Captain" Kid ["OP10-099">OP10-099][7000] vs Imu ["OP13-079">OP13-079][5000]
Imu ["OP13-079">OP13-079] hit for 1 damage
RZ1|137|2|OP13-080|3|3|1|6|1|1|0|0|0
RZ1|CHK|137|2|38|7|0|3|8|2|1|1|1|0
[You] Eustass "Captain" Kid ["OP10-099">OP10-099]: Flip 1 Life Face Up
RZ1|138|1|OP10-109|3|4|3|4|1|1|0|0|0
RZ1|CHK|138|1|36|6|1|5|7|1|2|0|1|2
[] Hand: [ST36-002,OP10-109,ST36-005,OP10-119,OP10-112,P-088]
[] Board: [ST36-004]
[] Trash: [OP13-116,OP12-117]
[] Life: 5
[] Hand: [OP14-096,OP13-092,OP13-092,OP13-092,OP13-082,OP13-098,OP13-080]
[] Trash: [OP13-083]
[] Board: []
[] Life: 3
[You] End Turn
[] Hand: [OP14-096,OP13-092,OP13-092,OP13-092,OP13-082,OP13-098,OP13-080]
[] Board: []
[] Trash: [OP13-083]
[] Life: 3
[] Hand: [ST36-002,OP10-109,ST36-005,OP10-119,OP10-112,P-088]
[] Trash: [OP13-116,OP12-117]
[] Board: [ST36-004]
[] Life: 5
[Opponent] Draw 1 Card
[] Drew card from deck: Ground Death ["OP14-096">OP14-096]
RZ1|139|2|OP14-096|0|37|1|7|1|1|0|0|0
RZ1|CHK|139|2|37|8|0|3|8|2|1|1|1|0
RZ1|140|2|Don|4|7|5|2|1|1|0|0|0
RZ1|CHK|140|2|37|8|0|3|7|3|1|1|1|0
RZ1|141|2|Don|4|6|5|3|1|1|0|0|0
RZ1|CHK|141|2|37|8|0|3|6|4|1|1|1|0
[Opponent] Draw 2 Don
RZ1|142|2|OP13-080|1|6|6|1|1|1|0|0|0
RZ1|CHK|142|2|37|7|0|3|6|4|2|1|1|0
[Opponent] Imu ["OP13-079">OP13-079]: Trash St. Ethanbaron V. Nusjuro ["OP13-080">OP13-080]
[] Drew card from deck: St. Shalria ["OP13-086">OP13-086]
RZ1|143|2|OP13-086|0|36|1|7|1|1|0|0|0
RZ1|CHK|143|2|36|8|0|3|6|4|2|1|1|0
[Opponent] Imu ["OP13-079">OP13-079]: Draw 1 Card
RZ1|144|2|Don|5|0|9|9900|1|1|0|0|0
RZ1|CHK|144|2|36|8|0|3|6|3|2|1|1|1
[Opponent] Attach 1 Don to Imu ["OP13-079">OP13-079] (1 Total)
[Opponent] Imu ["OP13-079">OP13-079] attacking Eustass "Captain" Kid ["OP10-099">OP10-099]
[You] Discard Trafalgar Law ["P-088">P-088] for Counter 2000
RZ1|145|1|P-088|1|5|6|2|1|1|0|0|0
RZ1|CHK|145|1|36|5|1|5|7|1|3|0|1|2
Imu ["OP13-079">OP13-079][6000] vs Eustass "Captain" Kid ["OP10-099">OP10-099][7000]
Attack Fails
RZ1|146|2|Don|5|0|5|0|1|1|1|0|0
RZ1|CHK|146|2|36|8|0|3|6|3|2|1|1|1
[Opponent] Deploy St. Shalria ["OP13-086">OP13-086]
RZ1|147|2|OP13-086|1|7|2|0|1|1|0|0|0
RZ1|CHK|147|2|36|7|1|3|6|3|2|1|1|1
RZ1|148|2|OP13-096|0|33|1|7|1|1|0|0|0
RZ1|CHK|148|2|35|8|1|3|6|3|2|1|1|1
[Opponent] St. Shalria ["OP13-086">OP13-086]: <b>Reveal and Draw The Five Elders... Are At Your Service ["OP13-096">OP13-096]</b>
[Opponent] St. Shalria ["OP13-086">OP13-086]: Trash 2 Remaining Cards
RZ1|149|2|OP16-093|0|34|6|2|1|1|0|0|0
RZ1|CHK|149|2|34|8|1|3|6|3|3|1|1|1
RZ1|150|2|OP13-080|0|33|6|3|1|1|0|0|0
RZ1|CHK|150|2|33|8|1|3|6|3|4|1|1|1
RZ1|151|2|OP13-092|1|1|6|4|1|1|0|0|0
RZ1|CHK|151|2|33|7|1|3|6|3|5|1|1|1
[Opponent] St. Shalria ["OP13-086">OP13-086]: Trash St. Mjosgard ["OP13-092">OP13-092]
[Opponent] The Five Elders... Are At Your Service ["OP13-096">OP13-096]: Rest 1 Don
RZ1|152|2|Don|5|1|5|1|1|1|1|0|0
RZ1|CHK|152|2|33|7|1|3|6|3|5|1|1|1
RZ1|153|2|OP13-096|1|6|6|5|1|1|0|0|0
RZ1|CHK|153|2|33|6|1|3|6|3|6|1|1|1
RZ1|154|2|OP13-089|0|31|1|6|1|1|0|0|0
RZ1|CHK|154|2|32|7|1|3|6|3|6|1|1|1
[Opponent] The Five Elders... Are At Your Service ["OP13-096">OP13-096]: <b>Reveal and Draw St. Topman Warcury ["OP13-089">OP13-089]</b>
[Opponent] The Five Elders... Are At Your Service ["OP13-096">OP13-096]: Trash 2 Remaining Cards
RZ1|155|2|OP16-093|0|31|6|6|1|1|0|0|0
RZ1|CHK|155|2|31|7|1|3|6|3|7|1|1|1
RZ1|156|2|OP13-091|0|30|6|7|1|1|0|0|0
RZ1|CHK|156|2|30|7|1|3|6|3|8|1|1|1
[] Hand: [OP14-096,OP13-092,OP13-092,OP13-082,OP13-098,OP14-096,OP13-089]
[] Board: [OP13-086]
[] Trash: [OP13-083,OP13-080,OP16-093,OP13-080,OP13-092,OP13-096,OP16-093,OP13-091]
[] Life: 3
[] Hand: [ST36-002,OP10-109,ST36-005,OP10-119,OP10-112]
[] Trash: [OP13-116,OP12-117,P-088]
[] Board: [ST36-004]
[] Life: 5
[Opponent] End Turn
[] Hand: [ST36-002,OP10-109,ST36-005,OP10-119,OP10-112]
[] Board: [ST36-004]
[] Trash: [OP13-116,OP12-117,P-088]
[] Life: 5
[] Hand: [OP14-096,OP13-092,OP13-092,OP13-082,OP13-098,OP14-096,OP13-089]
[] Trash: [OP13-083,OP13-080,OP16-093,OP13-080,OP13-092,OP13-096,OP16-093,OP13-091]
[] Board: [OP13-086]
[] Life: 3
RZ1|157|1|Don|9|9900|5|0|1|1|1|0|0
RZ1|CHK|157|1|36|5|1|5|7|2|3|0|1|1
RZ1|158|1|Don|9|9900|5|0|1|1|1|0|0
RZ1|CHK|158|1|36|5|1|5|7|3|3|0|1|0
[You] Draw 1 Card
[] Drew card from deck: Cavendish ["ST36-001">ST36-001]
RZ1|159|1|ST36-001|0|35|1|5|1|1|0|0|0
RZ1|CHK|159|1|35|6|1|5|7|3|3|0|1|0
RZ1|160|1|Don|4|6|5|3|1|1|0|0|0
RZ1|CHK|160|1|35|6|1|5|6|4|3|0|1|0
RZ1|161|1|Don|4|5|5|4|1|1|0|0|0
RZ1|CHK|161|1|35|6|1|5|5|5|3|0|1|0
[You] Draw 2 Don
RZ1|162|1|Don|5|0|5|0|1|1|1|0|0
RZ1|CHK|162|1|35|6|1|5|5|5|3|0|1|0
RZ1|163|1|Don|5|1|5|1|1|1|1|0|0
RZ1|CHK|163|1|35|6|1|5|5|5|3|0|1|0
RZ1|164|1|Don|5|2|5|2|1|1|1|0|0
RZ1|CHK|164|1|35|6|1|5|5|5|3|0|1|0
RZ1|165|1|Don|5|3|5|3|1|1|1|0|0
RZ1|CHK|165|1|35|6|1|5|5|5|3|0|1|0
[You] Deploy Basil Hawkins ["OP10-109">OP10-109]
RZ1|166|1|OP10-109|1|1|2|1|1|1|0|0|0
RZ1|CHK|166|1|35|5|2|5|5|5|3|0|1|0
[You] Eustass "Captain" Kid ["OP10-099">OP10-099] attacking Imu ["OP13-079">OP13-079]
[Opponent] Discard St. Mjosgard ["OP13-092">OP13-092] for Counter 2000
RZ1|167|2|OP13-092|1|1|6|8|1|1|0|0|0
RZ1|CHK|167|2|30|6|1|3|6|3|9|1|1|1
Eustass "Captain" Kid ["OP10-099">OP10-099][5000] vs Imu ["OP13-079">OP13-079][7000]
Attack Fails
[] Hand: [ST36-002,ST36-005,OP10-119,OP10-112,ST36-001]
[] Board: [ST36-004,OP10-109]
[] Trash: [OP13-116,OP12-117,P-088]
[] Life: 5
[] Hand: [OP14-096,OP13-092,OP13-082,OP13-098,OP14-096,OP13-089]
[] Trash: [OP13-083,OP13-080,OP16-093,OP13-080,OP13-092,OP13-096,OP16-093,OP13-091,OP13-092]
[] Board: [OP13-086]
[] Life: 3
[You] End Turn
[] Hand: [OP14-096,OP13-092,OP13-082,OP13-098,OP14-096,OP13-089]
[] Board: [OP13-086]
[] Trash: [OP13-083,OP13-080,OP16-093,OP13-080,OP13-092,OP13-096,OP16-093,OP13-091,OP13-092]
[] Life: 3
[] Hand: [ST36-002,ST36-005,OP10-119,OP10-112,ST36-001]
[] Trash: [OP13-116,OP12-117,P-088]
[] Board: [ST36-004,OP10-109]
[] Life: 5
RZ1|168|2|Don|9|9900|5|0|1|1|1|0|0
RZ1|CHK|168|2|30|6|1|3|6|4|9|1|1|0
[Opponent] Draw 1 Card
[] Drew card from deck: Ground Death ["OP14-096">OP14-096]
RZ1|169|2|OP14-096|0|29|1|6|1|1|0|0|0
RZ1|CHK|169|2|29|7|1|3|6|4|9|1|1|0
RZ1|170|2|Don|4|5|5|4|1|1|0|0|0
RZ1|CHK|170|2|29|7|1|3|5|5|9|1|1|0
RZ1|171|2|Don|4|4|5|5|1|1|0|0|0
RZ1|CHK|171|2|29|7|1|3|4|6|9|1|1|0
[Opponent] Draw 2 Don
RZ1|172|2|Don|5|0|5|0|1|1|1|0|0
RZ1|CHK|172|2|29|7|1|3|4|6|9|1|1|0
RZ1|173|2|Don|5|1|5|1|1|1|1|0|0
RZ1|CHK|173|2|29|7|1|3|4|6|9|1|1|0
RZ1|174|2|Don|5|2|5|2|1|1|1|0|0
RZ1|CHK|174|2|29|7|1|3|4|6|9|1|1|0
RZ1|175|2|Don|5|3|5|3|1|1|1|0|0
RZ1|CHK|175|2|29|7|1|3|4|6|9|1|1|0
[Opponent] Deploy St. Topman Warcury ["OP13-089">OP13-089]
RZ1|176|2|OP13-089|1|5|2|1|1|1|0|0|0
RZ1|CHK|176|2|29|6|2|3|4|6|9|1|1|0
[Opponent] Ground Death ["OP14-096">OP14-096]: Rest 1 Don
RZ1|177|2|Don|5|4|5|4|1|1|1|0|0
RZ1|CHK|177|2|29|6|2|3|4|6|9|1|1|0
RZ1|178|2|OP14-096|1|0|6|9|1|1|0|0|0
RZ1|CHK|178|2|29|5|2|3|4|6|10|1|1|0
[Opponent] Imu ["OP13-079">OP13-079] attacking Eustass "Captain" Kid ["OP10-099">OP10-099]
Imu ["OP13-079">OP13-079][5000] vs Eustass "Captain" Kid ["OP10-099">OP10-099][5000]
Eustass "Captain" Kid ["OP10-099">OP10-099] hit for 1 damage
RZ1|179|1|OP10-109|3|4|1|5|1|1|0|0|0
RZ1|CHK|179|1|35|6|2|4|5|5|3|0|1|0
[You] Basil Hawkins ["OP10-109">OP10-109]: Activate Trigger
[] Drew card from deck: Bartolomeo ["ST36-004">ST36-004]
RZ1|180|1|ST36-004|0|34|1|6|1|1|0|0|0
RZ1|CHK|180|1|34|7|2|4|5|5|3|0|1|0
[] Drew card from deck: Basil Hawkins ["OP10-109">OP10-109]
RZ1|181|1|OP10-109|0|33|1|7|1|1|0|0|0
RZ1|CHK|181|1|33|8|2|4|5|5|3|0|1|0
[You] Basil Hawkins ["OP10-109">OP10-109]: Draw 2 Card
RZ1|182|1|OP10-109|1|5|6|3|1|1|0|0|0
RZ1|CHK|182|1|33|7|2|4|5|5|4|0|1|0
RZ1|183|1|ST36-004|1|5|6|4|1|1|0|0|0
RZ1|CHK|183|1|33|6|2|4|5|5|5|0|1|0
[You] Basil Hawkins ["OP10-109">OP10-109]: Trash Bartolomeo ["ST36-004">ST36-004]
[] Hand: [OP13-092,OP13-082,OP13-098,OP14-096,OP14-096]
[] Board: [OP13-086,OP13-089]
[] Trash: [OP13-083,OP13-080,OP16-093,OP13-080,OP13-092,OP13-096,OP16-093,OP13-091,OP13-092,OP14-096]
[] Life: 3
[] Hand: [ST36-002,ST36-005,OP10-119,OP10-112,ST36-001,OP10-109]
[] Trash: [OP13-116,OP12-117,P-088,OP10-109,ST36-004]
[] Board: [ST36-004,OP10-109]
[] Life: 4
[Opponent] End Turn
[] Hand: [ST36-002,ST36-005,OP10-119,OP10-112,ST36-001,OP10-109]
[] Board: [ST36-004,OP10-109]
[] Trash: [OP13-116,OP12-117,P-088,OP10-109,ST36-004]
[] Life: 4
[] Hand: [OP13-092,OP13-082,OP13-098,OP14-096,OP14-096]
[] Trash: [OP13-083,OP13-080,OP16-093,OP13-080,OP13-092,OP13-096,OP16-093,OP13-091,OP13-092,OP14-096]
[] Board: [OP13-086,OP13-089]
[] Life: 3
[You] Draw 1 Card
[] Drew card from deck: Eustass "Captain" Kid ["OP10-112">OP10-112]
RZ1|184|1|OP10-112|0|32|1|6|1|1|0|0|0
RZ1|CHK|184|1|32|7|2|4|5|5|5|0|1|0
RZ1|185|1|Don|4|4|5|5|1|1|0|0|0
RZ1|CHK|185|1|32|7|2|4|4|6|5|0|1|0
RZ1|186|1|Don|4|3|5|6|1|1|0|0|0
RZ1|CHK|186|1|32|7|2|4|3|7|5|0|1|0
[You] Draw 2 Don
RZ1|187|1|Don|5|0|5|0|1|1|1|0|0
RZ1|CHK|187|1|32|7|2|4|3|7|5|0|1|0
RZ1|188|1|Don|5|1|5|1|1|1|1|0|0
RZ1|CHK|188|1|32|7|2|4|3|7|5|0|1|0
RZ1|189|1|Don|5|2|5|2|1|1|1|0|0
RZ1|CHK|189|1|32|7|2|4|3|7|5|0|1|0
RZ1|190|1|Don|5|3|5|3|1|1|1|0|0
RZ1|CHK|190|1|32|7|2|4|3|7|5|0|1|0
RZ1|191|1|Don|5|4|5|4|1|1|1|0|0
RZ1|CHK|191|1|32|7|2|4|3|7|5|0|1|0
RZ1|192|1|Don|5|5|5|5|1|1|1|0|0
RZ1|CHK|192|1|32|7|2|4|3|7|5|0|1|0
RZ1|193|1|Don|5|6|5|6|1|1|1|0|0
RZ1|CHK|193|1|32|7|2|4|3|7|5|0|1|0
[You] Deploy Trafalgar Law ["OP10-119">OP10-119]
RZ1|194|1|OP10-119|1|2|2|2|1|1|0|0|0
RZ1|CHK|194|1|32|6|3|4|3|7|5|0|1|0
[You] Trafalgar Law ["OP10-119">OP10-119] revealed: Killer ["ST36-002">ST36-002]
[You] Trafalgar Law ["OP10-119">OP10-119]: Added card to top of Life from Hand
RZ1|195|1|ST36-002|1|0|3|4|1|0|0|0|0
RZ1|CHK|195|1|32|5|3|5|3|7|5|0|1|0
[You] Trafalgar Law ["OP10-119">OP10-119]: Attach 1 Rested Don to Eustass "Captain" Kid ["OP10-099">OP10-099]
RZ1|196|1|Don|5|0|9|9900|1|1|1|0|0
RZ1|CHK|196|1|32|5|3|5|3|6|5|0|1|1
[You] Basil Hawkins ["OP10-109">OP10-109] attacking Imu ["OP13-079">OP13-079]
[Opponent] St. Topman Warcury ["OP13-089">OP13-089] Blocks
[Opponent] Discard St. Mjosgard ["OP13-092">OP13-092] for Counter 2000
RZ1|197|2|OP13-092|1|0|6|10|1|1|0|0|0
RZ1|CHK|197|2|29|4|2|3|4|6|11|1|1|0
Basil Hawkins ["OP10-109">OP10-109][5000] vs St. Topman Warcury ["OP13-089">OP13-089][7000]
Attack Fails
[You] Eustass "Captain" Kid ["OP10-099">OP10-099] attacking Imu ["OP13-079">OP13-079]
[Opponent] Ground Death ["OP14-096">OP14-096]: Activate Counter
[Opponent] Ground Death ["OP14-096">OP14-096]: Rest 1 Don
RZ1|198|2|Don|5|5|5|5|1|1|1|0|0
RZ1|CHK|198|2|29|4|2|3|4|6|11|1|1|0
RZ1|199|2|OP14-096|1|2|6|11|1|1|0|0|0
RZ1|CHK|199|2|29|3|2|3|4|6|12|1|1|0
[Opponent] Ground Death ["OP14-096">OP14-096]: Buff Imu ["OP13-079">OP13-079] 4000 for the Combat
Eustass "Captain" Kid ["OP10-099">OP10-099][6000] vs Imu ["OP13-079">OP13-079][9000]
Attack Fails
[You] Eustass "Captain" Kid ["OP10-099">OP10-099]: Flip 1 Life Face Up
RZ1|200|1|ST36-002|3|4|3|4|1|1|0|0|0
RZ1|CHK|200|1|32|5|3|5|3|6|5|0|1|1
[You] Eustass "Captain" Kid ["OP10-099">OP10-099]: Set Basil Hawkins ["OP10-109">OP10-109] to Active
[You] Eustass "Captain" Kid ["OP10-099">OP10-099]: Basil Hawkins ["OP10-109">OP10-109] Gains Blocker
[] Hand: [ST36-005,OP10-112,ST36-001,OP10-109,OP10-112]
[] Board: [ST36-004,OP10-109,OP10-119]
[] Trash: [OP13-116,OP12-117,P-088,OP10-109,ST36-004]
[] Life: 5
[] Hand: [OP13-082,OP13-098,OP14-096]
[] Trash: [OP13-083,OP13-080,OP16-093,OP13-080,OP13-092,OP13-096,OP16-093,OP13-091,OP13-092,OP14-096,OP13-092,OP14-096]
[] Board: [OP13-086,OP13-089]
[] Life: 3
[You] End Turn
[] Hand: [OP13-082,OP13-098,OP14-096]
[] Board: [OP13-086,OP13-089]
[] Trash: [OP13-083,OP13-080,OP16-093,OP13-080,OP13-092,OP13-096,OP16-093,OP13-091,OP13-092,OP14-096,OP13-092,OP14-096]
[] Life: 3
[] Hand: [ST36-005,OP10-112,ST36-001,OP10-109,OP10-112]
[] Trash: [OP13-116,OP12-117,P-088,OP10-109,ST36-004]
[] Board: [ST36-004,OP10-109,OP10-119]
[] Life: 5
[Opponent] Draw 1 Card
[] Drew card from deck: St. Topman Warcury ["OP13-089">OP13-089]
RZ1|201|2|OP13-089|0|28|1|3|1|1|0|0|0
RZ1|CHK|201|2|28|4|2|3|4|6|12|1|1|0
RZ1|202|2|Don|4|3|5|6|1|1|0|0|0
RZ1|CHK|202|2|28|4|2|3|3|7|12|1|1|0
RZ1|203|2|Don|4|2|5|7|1|1|0|0|0
RZ1|CHK|203|2|28|4|2|3|2|8|12|1|1|0
[Opponent] Draw 2 Don
RZ1|204|2|Don|5|0|9|100|1|1|0|0|0
RZ1|CHK|204|2|28|4|2|3|2|7|12|1|1|1
[Opponent] Attach 1 Don to St. Topman Warcury ["OP13-089">OP13-089] (1 Total)
[Opponent] St. Topman Warcury ["OP13-089">OP13-089] attacking Eustass "Captain" Kid ["OP10-099">OP10-099]
[You] Basil Hawkins ["OP10-109">OP10-109] Blocks
St. Topman Warcury ["OP13-089">OP13-089][6000] vs Basil Hawkins ["OP10-109">OP10-109][5000]
[You] Basil Hawkins ["OP10-109">OP10-109] Destroyed
RZ1|205|1|OP10-109|2|1|6|5|1|1|0|0|0
RZ1|CHK|205|1|32|5|2|5|3|6|6|0|1|1
[You] Basil Hawkins ["OP10-109">OP10-109]: Trash 1 Life
Trash Five Elders ["OP13-082">OP13-082] from Life
RZ1|206|2|OP13-082|3|2|6|12|1|1|0|0|0
RZ1|CHK|206|2|28|4|2|2|2|7|13|1|1|1
[Opponent] The Empty Throne ["OP13-099">OP13-099]: Rest 3 Don
RZ1|207|2|Don|5|0|5|0|1|1|1|0|0
RZ1|CHK|207|2|28|4|2|2|2|7|13|1|1|1
RZ1|208|2|Don|5|1|5|1|1|1|1|0|0
RZ1|CHK|208|2|28|4|2|2|2|7|13|1|1|1
RZ1|209|2|Don|5|2|5|2|1|1|1|0|0
RZ1|CHK|209|2|28|4|2|2|2|7|13|1|1|1
[Opponent] The Empty Throne ["OP13-099">OP13-099]: Rest The Empty Throne ["OP13-099">OP13-099]
RZ1|210|2|OP13-089|1|3|2|2|1|1|0|0|0
RZ1|CHK|210|2|28|3|3|2|2|7|13|1|1|1
[Opponent] The Empty Throne ["OP13-099">OP13-099]: Deploy St. Topman Warcury ["OP13-089">OP13-089]
RZ1|211|2|Don|5|3|9|9900|1|1|0|0|0
RZ1|CHK|211|2|28|3|3|2|2|6|13|1|1|2
[Opponent] Attach 1 Don to Imu ["OP13-079">OP13-079] (1 Total)
[Opponent] Imu ["OP13-079">OP13-079] attacking Eustass "Captain" Kid ["OP10-099">OP10-099]
Imu ["OP13-079">OP13-079][6000] vs Eustass "Captain" Kid ["OP10-099">OP10-099][5000]
Eustass "Captain" Kid ["OP10-099">OP10-099] hit for 1 damage
RZ1|212|1|ST36-002|3|4|1|5|1|1|0|0|0
RZ1|CHK|212|1|32|6|2|4|3|6|6|0|1|1
[You] Killer ["ST36-002">ST36-002]: Activate Trigger
RZ1|213|1|ST36-002|1|5|6|6|1|1|0|0|0
RZ1|CHK|213|1|32|5|2|4|3|6|7|0|1|1
RZ1|214|1|ST36-002|6|6|2|2|1|1|0|0|0
RZ1|CHK|214|1|32|5|3|4|3|6|6|0|1|1
[You] Killer ["ST36-002">ST36-002]: Deploy Killer ["ST36-002">ST36-002]
[] Hand: [OP13-082,OP13-098,OP14-096]
[] Board: [OP13-086,OP13-089,OP13-089]
[] Trash: [OP13-083,OP13-080,OP16-093,OP13-080,OP13-092,OP13-096,OP16-093,OP13-091,OP13-092,OP14-096,OP13-092,OP14-096,OP13-082]
[] Life: 2
[] Hand: [ST36-005,OP10-112,ST36-001,OP10-109,OP10-112]
[] Trash: [OP13-116,OP12-117,P-088,OP10-109,ST36-004,OP10-109]
[] Board: [ST36-004,OP10-119,ST36-002]
[] Life: 4
[Opponent] End Turn
[] Hand: [ST36-005,OP10-112,ST36-001,OP10-109,OP10-112]
[] Board: [ST36-004,OP10-119,ST36-002]
[] Trash: [OP13-116,OP12-117,P-088,OP10-109,ST36-004,OP10-109]
[] Life: 4
[] Hand: [OP13-082,OP13-098,OP14-096]
[] Trash: [OP13-083,OP13-080,OP16-093,OP13-080,OP13-092,OP13-096,OP16-093,OP13-091,OP13-092,OP14-096,OP13-092,OP14-096,OP13-082]
[] Board: [OP13-086,OP13-089,OP13-089]
[] Life: 2
RZ1|215|1|Don|9|9900|5|0|1|1|1|0|0
RZ1|CHK|215|1|32|5|3|4|3|7|6|0|1|0
[You] Draw 1 Card
[] Drew card from deck: Trafalgar Law ["P-088">P-088]
RZ1|216|1|P-088|0|31|1|5|1|1|0|0|0
RZ1|CHK|216|1|31|6|3|4|3|7|6|0|1|0
RZ1|217|1|Don|4|2|5|7|1|1|0|0|0
RZ1|CHK|217|1|31|6|3|4|2|8|6|0|1|0
RZ1|218|1|Don|4|1|5|8|1|1|0|0|0
RZ1|CHK|218|1|31|6|3|4|1|9|6|0|1|0
[You] Draw 2 Don
RZ1|219|1|Don|5|0|5|0|1|1|1|0|0
RZ1|CHK|219|1|31|6|3|4|1|9|6|0|1|0
RZ1|220|1|Don|5|1|5|1|1|1|1|0|0
RZ1|CHK|220|1|31|6|3|4|1|9|6|0|1|0
RZ1|221|1|Don|5|2|5|2|1|1|1|0|0
RZ1|CHK|221|1|31|6|3|4|1|9|6|0|1|0
RZ1|222|1|Don|5|3|5|3|1|1|1|0|0
RZ1|CHK|222|1|31|6|3|4|1|9|6|0|1|0
RZ1|223|1|Don|5|4|5|4|1|1|1|0|0
RZ1|CHK|223|1|31|6|3|4|1|9|6|0|1|0
RZ1|224|1|Don|5|5|5|5|1|1|1|0|0
RZ1|CHK|224|1|31|6|3|4|1|9|6|0|1|0
RZ1|225|1|Don|5|6|5|6|1|1|1|0|0
RZ1|CHK|225|1|31|6|3|4|1|9|6|0|1|0
RZ1|226|1|Don|5|7|5|7|1|1|1|0|0
RZ1|CHK|226|1|31|6|3|4|1|9|6|0|1|0
[You] Deploy Eustass "Captain" Kid ["OP10-112">OP10-112]
RZ1|227|1|OP10-112|1|1|2|3|1|1|0|0|0
RZ1|CHK|227|1|31|5|4|4|1|9|6|0|1|0
[You] Eustass "Captain" Kid ["OP10-112">OP10-112]: Rest Eustass "Captain" Kid ["OP10-112">OP10-112]
[You] Eustass "Captain" Kid ["OP10-112">OP10-112]: Trash 1 Life
Trash Five Elders ["OP13-082">OP13-082] from Life
RZ1|228|2|OP13-082|3|1|6|13|1|1|0|0|0
RZ1|CHK|228|2|28|3|3|1|2|6|14|1|1|2
[You] Killer ["ST36-002">ST36-002] attacking Imu ["OP13-079">OP13-079]
[Opponent] St. Topman Warcury ["OP13-089">OP13-089] Blocks
[Opponent] Ground Death ["OP14-096">OP14-096]: Activate Counter
[Opponent] Ground Death ["OP14-096">OP14-096]: Rest 1 Don
RZ1|229|2|Don|5|3|5|3|1|1|1|0|0
RZ1|CHK|229|2|28|3|3|1|2|6|14|1|1|2
RZ1|230|2|OP14-096|1|2|6|14|1|1|0|0|0
RZ1|CHK|230|2|28|2|3|1|2|6|15|1|1|2
[Opponent] Ground Death ["OP14-096">OP14-096]: Buff St. Topman Warcury ["OP13-089">OP13-089] 4000 for the Combat
Killer ["ST36-002">ST36-002][6000] vs St. Topman Warcury ["OP13-089">OP13-089][9000]
Attack Fails
[You] Trafalgar Law ["OP10-119">OP10-119] attacking Imu ["OP13-079">OP13-079]
Trafalgar Law ["OP10-119">OP10-119][9000] vs Imu ["OP13-079">OP13-079][5000]
Imu ["OP13-079">OP13-079] hit for 1 damage
RZ1|231|2|OP13-096|3|0|1|2|1|1|0|0|0
RZ1|CHK|231|2|28|3|3|0|2|6|15|1|1|2
[Opponent] The Five Elders... Are At Your Service ["OP13-096">OP13-096]: Activate Trigger
RZ1|232|2|OP13-096|1|2|6|15|1|1|0|0|0
RZ1|CHK|232|2|28|2|3|0|2|6|16|1|1|2
RZ1|233|2|OP13-083|0|26|1|2|1|1|0|0|0
RZ1|CHK|233|2|27|3|3|0|2|6|16|1|1|2
[Opponent] The Five Elders... Are At Your Service ["OP13-096">OP13-096]: <b>Reveal and Draw St. Jaygarcia Saturn ["OP13-083">OP13-083]</b>
[Opponent] The Five Elders... Are At Your Service ["OP13-096">OP13-096]: Trash 2 Remaining Cards
RZ1|234|2|OP13-080|0|26|6|16|1|1|0|0|0
RZ1|CHK|234|2|26|3|3|0|2|6|17|1|1|2
RZ1|235|2|OP13-086|0|25|6|17|1|1|0|0|0
RZ1|CHK|235|2|25|3|3|0|2|6|18|1|1|2
[You] Attach 1 Don to Eustass "Captain" Kid ["OP10-099">OP10-099] (1 Total)
RZ1|236|1|Don|5|8|9|9900|1|1|0|0|0
RZ1|CHK|236|1|31|5|4|4|1|8|6|0|1|1
[You] Eustass "Captain" Kid ["OP10-099">OP10-099] attacking Imu ["OP13-079">OP13-079]
[Opponent] ...Never Existed... ["OP13-098">OP13-098]: Activate Counter
[Opponent] ...Never Existed... ["OP13-098">OP13-098]: Rest 1 Don
RZ1|237|2|Don|5|4|5|4|1|1|1|0|0
RZ1|CHK|237|2|25|3|3|0|2|6|18|1|1|2
RZ1|238|2|OP13-098|1|1|6|18|1|1|0|0|0
RZ1|CHK|238|2|25|2|3|0|2|6|19|1|1|2
[Opponent] ...Never Existed... ["OP13-098">OP13-098]: Buff Imu ["OP13-079">OP13-079] 4000 for the Combat
Eustass "Captain" Kid ["OP10-099">OP10-099][6000] vs Imu ["OP13-079">OP13-079][9000]
Attack Fails
[] Drew card from deck: Eustass "Captain" Kid ["ST36-005">ST36-005]
RZ1|239|1|ST36-005|0|30|1|5|1|1|0|0|0
RZ1|CHK|239|1|30|6|4|4|1|8|6|0|1|1
[You] Eustass "Captain" Kid ["OP10-112">OP10-112]: Draw 1 Card
RZ1|240|1|ST36-005|1|5|6|6|1|1|0|0|0
RZ1|CHK|240|1|30|5|4|4|1|8|7|0|1|1
[You] Eustass "Captain" Kid ["OP10-112">OP10-112]: Trash Eustass "Captain" Kid ["ST36-005">ST36-005]
[You] Eustass "Captain" Kid ["OP10-099">OP10-099]: Flip 1 Life Face Up
RZ1|241|1|ST36-005|3|3|3|3|1|1|0|0|0
RZ1|CHK|241|1|30|5|4|4|1|8|7|0|1|1
[You] Eustass "Captain" Kid ["OP10-099">OP10-099]: Set Trafalgar Law ["OP10-119">OP10-119] to Active
[You] Eustass "Captain" Kid ["OP10-099">OP10-099]: Trafalgar Law ["OP10-119">OP10-119] Gains Blocker
[] Hand: [ST36-005,ST36-001,OP10-109,OP10-112,P-088]
[] Board: [ST36-004,OP10-119,ST36-002,OP10-112]
[] Trash: [OP13-116,OP12-117,P-088,OP10-109,ST36-004,OP10-109,ST36-005]
[] Life: 4
[] Hand: [OP13-082,OP13-083]
[] Trash: [OP13-083,OP13-080,OP16-093,OP13-080,OP13-092,OP13-096,OP16-093,OP13-091,OP13-092,OP14-096,OP13-092,OP14-096,OP13-082,OP13-082,OP14-096,OP13-096,OP13-080,OP13-086,OP13-098]
[] Board: [OP13-086,OP13-089,OP13-089]
[] Life: 0
[You] End Turn
[] Hand: [OP13-082,OP13-083]
[] Board: [OP13-086,OP13-089,OP13-089]
[] Trash: [OP13-083,OP13-080,OP16-093,OP13-080,OP13-092,OP13-096,OP16-093,OP13-091,OP13-092,OP14-096,OP13-092,OP14-096,OP13-082,OP13-082,OP14-096,OP13-096,OP13-080,OP13-086,OP13-098]
[] Life: 0
[] Hand: [ST36-005,ST36-001,OP10-109,OP10-112,P-088]
[] Trash: [OP13-116,OP12-117,P-088,OP10-109,ST36-004,OP10-109,ST36-005]
[] Board: [ST36-004,OP10-119,ST36-002,OP10-112]
[] Life: 4
RZ1|242|2|Don|9|9900|5|0|1|1|1|0|0
RZ1|CHK|242|2|25|2|3|0|2|7|19|1|1|1
RZ1|243|2|Don|9|100|5|0|1|1|1|0|0
RZ1|CHK|243|2|25|2|3|0|2|8|19|1|1|0
[Opponent] Draw 1 Card
[] Drew card from deck: St. Jaygarcia Saturn ["OP13-083">OP13-083]
RZ1|244|2|OP13-083|0|24|1|2|1|1|0|0|0
RZ1|CHK|244|2|24|3|3|0|2|8|19|1|1|0
RZ1|245|2|Don|4|1|5|8|1|1|0|0|0
RZ1|CHK|245|2|24|3|3|0|1|9|19|1|1|0
RZ1|246|2|Don|4|0|5|9|1|1|0|0|0
RZ1|CHK|246|2|24|3|3|0|0|10|19|1|1|0
[Opponent] Draw 2 Don
[Opponent] The Empty Throne ["OP13-099">OP13-099]: Rest 3 Don
RZ1|247|2|Don|5|0|5|0|1|1|1|0|0
RZ1|CHK|247|2|24|3|3|0|0|10|19|1|1|0
RZ1|248|2|Don|5|1|5|1|1|1|1|0|0
RZ1|CHK|248|2|24|3|3|0|0|10|19|1|1|0
RZ1|249|2|Don|5|2|5|2|1|1|1|0|0
RZ1|CHK|249|2|24|3|3|0|0|10|19|1|1|0
[Opponent] The Empty Throne ["OP13-099">OP13-099]: Rest The Empty Throne ["OP13-099">OP13-099]
RZ1|250|2|OP13-082|1|0|2|3|1|1|0|0|0
RZ1|CHK|250|2|24|2|4|0|0|10|19|1|1|0
[Opponent] The Empty Throne ["OP13-099">OP13-099]: Deploy Five Elders ["OP13-082">OP13-082]
RZ1|251|2|Don|5|3|9|9900|1|1|0|0|0
RZ1|CHK|251|2|24|2|4|0|0|9|19|1|1|1
RZ1|252|2|Don|5|3|9|9901|1|1|0|0|0
RZ1|CHK|252|2|24|2|4|0|0|8|19|1|1|2
RZ1|253|2|Don|5|3|9|9902|1|1|0|0|0
RZ1|CHK|253|2|24|2|4|0|0|7|19|1|1|3
[Opponent] Attach 3 Don to Imu ["OP13-079">OP13-079] (3 Total)
[Opponent] Imu ["OP13-079">OP13-079] attacking Eustass "Captain" Kid ["OP10-099">OP10-099]
[You] Trafalgar Law ["OP10-119">OP10-119] Blocks
[You] Discard Basil Hawkins ["OP10-109">OP10-109] for Counter 1000
RZ1|254|1|OP10-109|1|2|6|7|1|1|0|0|0
RZ1|CHK|254|1|30|4|4|4|1|8|8|0|1|1
Imu ["OP13-079">OP13-079][9000] vs Trafalgar Law ["OP10-119">OP10-119][10000]
Attack Fails
RZ1|255|2|Don|5|3|9|100|1|1|0|0|0
RZ1|CHK|255|2|24|2|4|0|0|6|19|1|1|4
RZ1|256|2|Don|5|3|9|101|1|1|0|0|0
RZ1|CHK|256|2|24|2|4|0|0|5|19|1|1|5
RZ1|257|2|Don|5|3|9|102|1|1|0|0|0
RZ1|CHK|257|2|24|2|4|0|0|4|19|1|1|6
RZ1|258|2|Don|5|3|9|103|1|1|0|0|0
RZ1|CHK|258|2|24|2|4|0|0|3|19|1|1|7
[Opponent] Attach 4 Don to St. Topman Warcury ["OP13-089">OP13-089] (4 Total)
[Opponent] St. Topman Warcury ["OP13-089">OP13-089] attacking Trafalgar Law ["OP10-119">OP10-119]
St. Topman Warcury ["OP13-089">OP13-089][9000] vs Trafalgar Law ["OP10-119">OP10-119][9000]
[You] Trafalgar Law ["OP10-119">OP10-119] Destroyed
RZ1|259|1|OP10-119|2|1|6|8|1|1|0|0|0
RZ1|CHK|259|1|30|4|3|4|1|8|9|0|1|1
[] Hand: [OP13-083,OP13-083]
[] Board: [OP13-086,OP13-089,OP13-089,OP13-082]
[] Trash: [OP13-083,OP13-080,OP16-093,OP13-080,OP13-092,OP13-096,OP16-093,OP13-091,OP13-092,OP14-096,OP13-092,OP14-096,OP13-082,OP13-082,OP14-096,OP13-096,OP13-080,OP13-086,OP13-098]
[] Life: 0
[] Hand: [ST36-005,ST36-001,OP10-112,P-088]
[] Trash: [OP13-116,OP12-117,P-088,OP10-109,ST36-004,OP10-109,ST36-005,OP10-109,OP10-119]
[] Board: [ST36-004,ST36-002,OP10-112]
[] Life: 4
[Opponent] End Turn
[] Hand: [ST36-005,ST36-001,OP10-112,P-088]
[] Board: [ST36-004,ST36-002,OP10-112]
[] Trash: [OP13-116,OP12-117,P-088,OP10-109,ST36-004,OP10-109,ST36-005,OP10-109,OP10-119]
[] Life: 4
[] Hand: [OP13-083,OP13-083]
[] Trash: [OP13-083,OP13-080,OP16-093,OP13-080,OP13-092,OP13-096,OP16-093,OP13-091,OP13-092,OP14-096,OP13-092,OP14-096,OP13-082,OP13-082,OP14-096,OP13-096,OP13-080,OP13-086,OP13-098]
[] Board: [OP13-086,OP13-089,OP13-089,OP13-082]
[] Life: 0
RZ1|260|1|Don|9|9900|5|0|1|1|1|0|0
RZ1|CHK|260|1|30|4|3|4|1|9|9|0|1|0
[You] Draw 1 Card
[] Drew card from deck: Trafalgar Law ["P-088">P-088]
RZ1|261|1|P-088|0|29|1|4|1|1|0|0|0
RZ1|CHK|261|1|29|5|3|4|1|9|9|0|1|0
RZ1|262|1|Don|4|0|5|9|1|1|0|0|0
RZ1|CHK|262|1|29|5|3|4|0|10|9|0|1|0
[You] Draw 2 Don
[You] Eustass "Captain" Kid ["OP10-099">OP10-099] attacking Imu ["OP13-079">OP13-079]
[Opponent] St. Topman Warcury ["OP13-089">OP13-089] Blocks
[Opponent] Discard St. Jaygarcia Saturn ["OP13-083">OP13-083] for Counter 1000
RZ1|263|2|OP13-083|1|0|6|19|1|1|0|0|0
RZ1|CHK|263|2|24|1|4|0|0|3|20|1|1|7
Eustass "Captain" Kid ["OP10-099">OP10-099][5000] vs St. Topman Warcury ["OP13-089">OP13-089][6000]
Attack Fails
[You] Killer ["ST36-002">ST36-002] attacking Imu ["OP13-079">OP13-079]
Killer ["ST36-002">ST36-002][6000] vs Imu ["OP13-079">OP13-079][5000]
Imu ["OP13-079">OP13-079] hit for 1 damage
[Opponent] <b>Downloaded the Combat Log!</b>
GameOver
