Waiting for a Connection with Room ID:R68J7K
Karlmalone​#2854 Has Connected
Version is 1.40a.60
[Karlmalone​#2854] Leader is Eustass "Captain" Kid ["OP10-099">OP10-099]
TaxiCab​#9855 Has Connected
Version is 1.40a.60
[TaxiCab​#9855] Leader is Sabo ["OP13-004">OP13-004]
[Karlmalone​#2854] Will select turn order
[Karlmalone​#2854] Chose to go First
[Karlmalone​#2854] Drew card from deck: Trafalgar Law ["EB03-062">EB03-062]
RZ1|7|1|EB03-062|0|49|1|0|1|1|0|0|0
[Karlmalone​#2854] Drew card from deck: Damned Punk: Electromagnetic Cannon ["OP10-116">OP10-116]
RZ1|8|1|OP10-116|0|48|1|1|1|1|0|0|0
[Karlmalone​#2854] Drew card from deck: Trafalgar Law ["P-088">P-088]
RZ1|9|1|P-088|0|47|1|2|1|1|0|0|0
[Karlmalone​#2854] Drew card from deck: Jewelry Bonney ["OP15-105">OP15-105]
RZ1|10|1|OP15-105|0|46|1|3|1|1|0|0|0
[Karlmalone​#2854] Drew card from deck: Eustass "Captain" Kid ["OP10-112">OP10-112]
RZ1|11|1|OP10-112|0|45|1|4|1|1|0|0|0
[Karlmalone​#2854] Hand before Mulligan: [EB03-062,OP10-116,P-088,OP15-105,OP10-112]
[TaxiCab​#9855] Drew card from deck: Emporio Ivankov ["OP05-004">OP05-004]
RZ1|12|2|OP05-004|0|49|1|0|0|1|0|0|0
[TaxiCab​#9855] Drew card from deck: Revolutionary Army General Headquarters ["OP05-021">OP05-021]
RZ1|13|2|OP05-021|0|48|1|1|0|1|0|0|0
[TaxiCab​#9855] Drew card from deck: Emporio Ivankov ["OP06-003">OP06-003]
RZ1|14|2|OP06-003|0|47|1|2|0|1|0|0|0
[TaxiCab​#9855] Drew card from deck: Karasu ["OP05-005">OP05-005]
RZ1|15|2|OP05-005|0|46|1|3|0|1|0|0|0
[TaxiCab​#9855] Drew card from deck: Emporio Ivankov ["OP05-004">OP05-004]
RZ1|16|2|OP05-004|0|45|1|4|0|1|0|0|0
RZ1|17|1|EB03-062|1|0|0|45|0|0|0|0|0
RZ1|18|1|OP10-116|1|0|0|46|0|0|0|0|0
RZ1|19|1|P-088|1|0|0|47|0|0|0|0|0
RZ1|20|1|OP15-105|1|0|0|48|0|0|0|0|0
RZ1|21|1|OP10-112|1|0|0|49|0|0|0|0|0
[Karlmalone​#2854] Drew card from deck: Capone "Gang" Bege ["OP11-101">OP11-101]
RZ1|22|1|OP11-101|0|49|1|0|1|1|0|0|0
[Karlmalone​#2854] Drew card from deck: X. Drake ["OP10-114">OP10-114]
RZ1|23|1|OP10-114|0|48|1|1|1|1|0|0|0
[Karlmalone​#2854] Drew card from deck: Jewelry Bonney ["OP15-105">OP15-105]
RZ1|24|1|OP15-105|0|47|1|2|1|1|0|0|0
[Karlmalone​#2854] Drew card from deck: The Pirate King Is Just The Freest Man on the Sea!!! ["OP13-116">OP13-116]
RZ1|25|1|OP13-116|0|46|1|3|1|1|0|0|0
[Karlmalone​#2854] Drew card from deck: Jewelry Bonney ["OP15-105">OP15-105]
RZ1|26|1|OP15-105|0|45|1|4|1|1|0|0|0
[Karlmalone​#2854] Hand after Mulligan: [OP11-101,OP10-114,OP15-105,OP13-116,OP15-105]
[Karlmalone​#2854] Mulligan
[Karlmalone​#2854] Hand: [OP11-101,OP10-114,OP15-105,OP13-116,OP15-105]
[Karlmalone​#2854] Board: []
[Karlmalone​#2854] Trash: []
[Karlmalone​#2854] Life: 5
[TaxiCab​#9855] Hand: [OP05-004,OP05-021,OP06-003,OP05-005,OP05-004]
[TaxiCab​#9855] Trash: []
[TaxiCab​#9855] Board: []
[TaxiCab​#9855] Life: 5
RZ1|27|1|Don|4|9|5|0|1|1|0|0|0
[Karlmalone​#2854] Draw 1 Don
[Karlmalone​#2854] The Pirate King Is Just The Freest Man on the Sea!!! ["OP13-116">OP13-116]: Rest 1 Don
RZ1|28|1|Don|5|0|5|0|1|1|1|0|0
RZ1|29|1|OP13-116|1|3|6|0|1|1|0|0|0
RZ1|30|1|P-088|0|37|1|4|1|1|0|0|0
[Karlmalone​#2854] The Pirate King Is Just The Freest Man on the Sea!!! ["OP13-116">OP13-116]: <b>Reveal and Draw Trafalgar Law ["P-088">P-088]</b>
[Karlmalone​#2854] Placing Cards on Bottom of Deck
[Karlmalone​#2854] Hand: [OP11-101,OP10-114,OP15-105,OP15-105,P-088]
[Karlmalone​#2854] Board: []
[Karlmalone​#2854] Trash: [OP13-116]
[Karlmalone​#2854] Life: 5
[TaxiCab​#9855] Hand: [OP05-004,OP05-021,OP06-003,OP05-005,OP05-004]
[TaxiCab​#9855] Trash: []
[TaxiCab​#9855] Board: []
[TaxiCab​#9855] Life: 5
[Karlmalone​#2854] End Turn
[TaxiCab​#9855] Draw 1 Card
[TaxiCab​#9855] Drew card from deck: Belo Betty ["OP05-015">OP05-015]
RZ1|31|2|OP05-015|0|39|1|5|0|1|0|0|0
RZ1|32|2|Don|4|9|5|0|1|1|0|0|0
RZ1|33|2|Don|4|8|5|1|1|1|0|0|0
[TaxiCab​#9855] Draw 2 Don
RZ1|34|2|Don|5|0|5|0|1|1|1|0|0
[TaxiCab​#9855] Deploy Belo Betty ["OP05-015">OP05-015]
RZ1|35|2|OP05-015|1|5|2|0|1|1|0|0|0
[TaxiCab​#9855] Belo Betty ["OP05-015">OP05-015]: <b>Reveal and Draw Sabo ["EB02-002">EB02-002]</b>
RZ1|36|2|EB02-002|0|37|1|5|0|1|0|0|0
RZ1|37|2|Don|5|1|5|1|1|1|1|0|0
[TaxiCab​#9855] Deploy Revolutionary Army General Headquarters ["OP05-021">OP05-021]
RZ1|38|2|OP05-004|1|3|6|0|1|1|0|0|0
[TaxiCab​#9855] Trash Emporio Ivankov ["OP05-004">OP05-004]
[TaxiCab​#9855] Revolutionary Army General Headquarters ["OP05-021">OP05-021]: <b>Reveal and Draw Koala ["EB03-042">EB03-042]</b>
RZ1|39|2|EB03-042|0|35|1|4|0|1|0|0|0
[TaxiCab​#9855] End Turn
[Karlmalone​#2854] Hand: [OP11-101,OP10-114,OP15-105,OP15-105,P-088]
[Karlmalone​#2854] Board: []
[Karlmalone​#2854] Trash: [OP13-116]
[Karlmalone​#2854] Life: 5
[TaxiCab​#9855] Hand: [OP05-004,OP06-003,OP05-005,EB02-002,EB03-042]
[TaxiCab​#9855] Trash: [OP05-004]
[TaxiCab​#9855] Board: [OP05-015]
[TaxiCab​#9855] Life: 5
[Karlmalone​#2854] Draw 1 Card
[Karlmalone​#2854] Drew card from deck: Slam Gibson ["OP12-117">OP12-117]
RZ1|40|1|OP12-117|0|38|1|5|1|1|0|0|0
RZ1|41|1|Don|4|8|5|1|1|1|0|0|0
RZ1|42|1|Don|4|7|5|2|1|1|0|0|0
[Karlmalone​#2854] Draw 2 Don
[Karlmalone​#2854] Eustass "Captain" Kid ["OP10-099">OP10-099] attacking Sabo ["OP13-004">OP13-004]
Eustass "Captain" Kid ["OP10-099">OP10-099][5000] vs Sabo ["OP13-004">OP13-004][4000]
Sabo ["OP13-004">OP13-004] hit for 1 damage
RZ1|43|1|Don|5|0|5|0|1|1|1|0|0
RZ1|44|1|Don|5|1|5|1|1|1|1|0|0
[Karlmalone​#2854] Deploy Capone "Gang" Bege ["OP11-101">OP11-101]
RZ1|45|1|OP11-101|1|0|2|0|1|1|0|0|0
RZ1|46|1|Don|5|2|5|2|1|1|1|0|0
[Karlmalone​#2854] Deploy Jewelry Bonney ["OP15-105">OP15-105]
RZ1|47|1|OP15-105|1|2|2|1|1|1|0|0|0
[Karlmalone​#2854] Hand: [OP10-114,OP15-105,P-088,OP12-117]
[Karlmalone​#2854] Board: [OP11-101,OP15-105]
[Karlmalone​#2854] Trash: [OP13-116]
[Karlmalone​#2854] Life: 5
[TaxiCab​#9855] Hand: [OP05-004,OP06-003,OP05-005,EB02-002,EB03-042,P-105]
[TaxiCab​#9855] Trash: [OP05-004]
[TaxiCab​#9855] Board: [OP05-015]
[TaxiCab​#9855] Life: 4
[Karlmalone​#2854] End Turn
[TaxiCab​#9855] Draw 1 Card
[TaxiCab​#9855] Drew card from deck: Koala ["P-069">P-069]
RZ1|48|2|P-069|0|36|1|6|0|1|0|0|0
RZ1|49|2|Don|4|7|5|2|1|1|0|0|0
RZ1|50|2|Don|4|6|5|3|1|1|0|0|0
[TaxiCab​#9855] Draw 2 Don
RZ1|51|2|Don|5|0|5|0|1|1|1|0|0
RZ1|52|2|Don|5|1|5|1|1|1|1|0|0
RZ1|53|2|Don|5|2|5|2|1|1|1|0|0
RZ1|54|2|Don|5|3|5|3|1|1|1|0|0
[TaxiCab​#9855] Deploy Sabo ["P-105">P-105]
RZ1|55|2|P-105|1|5|2|1|1|1|0|0|4
[TaxiCab​#9855] Sabo ["P-105">P-105]: Takes Bottom Life
[TaxiCab​#9855] Sabo ["P-105">P-105]: Attach 1 Rested Don to Sabo ["OP13-004">OP13-004]
RZ1|56|2|Don|5|0|9|9900|1|1|1|0|0
[TaxiCab​#9855] Sabo ["OP13-004">OP13-004] attacking Eustass "Captain" Kid ["OP10-099">OP10-099]
Sabo ["OP13-004">OP13-004][7000] vs Eustass "Captain" Kid ["OP10-099">OP10-099][5000]
Eustass "Captain" Kid ["OP10-099">OP10-099] hit for 1 damage
RZ1|57|2|P-069|1|5|6|1|1|1|0|0|0
[TaxiCab​#9855] Trash Koala ["P-069">P-069]
[TaxiCab​#9855] Revolutionary Army General Headquarters ["OP05-021">OP05-021]: <b>Reveal and Draw Karasu ["OP05-005">OP05-005]</b>
RZ1|58|2|OP05-005|0|33|1|6|0|1|0|0|0
[TaxiCab​#9855] End Turn
[Karlmalone​#2854] Hand: [OP10-114,OP15-105,P-088,OP12-117,OP11-101]
[Karlmalone​#2854] Board: [OP11-101,OP15-105]
[Karlmalone​#2854] Trash: [OP13-116]
[Karlmalone​#2854] Life: 4
[TaxiCab​#9855] Hand: [OP05-004,OP06-003,OP05-005,EB02-002,EB03-042,EB02-002,OP05-005]
[TaxiCab​#9855] Trash: [OP05-004,P-069]
[TaxiCab​#9855] Board: [OP05-015,P-105]
[TaxiCab​#9855] Life: 3
[Karlmalone​#2854] Draw 1 Card
[Karlmalone​#2854] Drew card from deck: Trafalgar Law ["EB03-062">EB03-062]
RZ1|59|1|EB03-062|0|37|1|5|1|1|0|0|0
RZ1|60|1|Don|4|6|5|3|1|1|0|0|0
RZ1|61|1|Don|4|5|5|4|1|1|0|0|0
[Karlmalone​#2854] Draw 2 Don
RZ1|62|1|Don|5|0|5|0|1|1|1|0|0
RZ1|63|1|Don|5|1|5|1|1|1|1|0|0
[Karlmalone​#2854] Deploy Capone "Gang" Bege ["OP11-101">OP11-101]
RZ1|64|1|OP11-101|1|4|2|2|1|1|0|0|0
[Karlmalone​#2854] Attach 1 Don to Eustass "Captain" Kid ["OP10-099">OP10-099] (1 Total)
RZ1|65|1|Don|5|4|9|9900|1|1|0|0|0
[Karlmalone​#2854] Attach 1 Don to Eustass "Captain" Kid ["OP10-099">OP10-099] (2 Total)
RZ1|66|1|Don|5|3|9|9901|1|1|0|0|0
[Karlmalone​#2854] Attach 1 Don to Eustass "Captain" Kid ["OP10-099">OP10-099] (3 Total)
RZ1|67|1|Don|5|2|9|9902|1|1|0|0|0
[Karlmalone​#2854] Eustass "Captain" Kid ["OP10-099">OP10-099] attacking Sabo ["OP13-004">OP13-004]
[TaxiCab​#9855] Sabo ["P-105">P-105] Blocks
[TaxiCab​#9855] Discard Sabo ["EB02-002">EB02-002] for Counter 2000
RZ1|68|2|EB02-002|1|3|6|2|1|1|0|0|0
Eustass "Captain" Kid ["OP10-099">OP10-099][8000] vs Sabo ["P-105">P-105][9000]
Attack Fails
[Karlmalone​#2854] Hand: [OP10-114,OP15-105,P-088,OP12-117,EB03-062]
[Karlmalone​#2854] Board: [OP11-101,OP15-105,OP11-101]
[Karlmalone​#2854] Trash: [OP13-116]
[Karlmalone​#2854] Life: 4
[TaxiCab​#9855] Hand: [OP05-004,OP06-003,OP05-005,EB03-042,EB02-002,OP05-005]
[TaxiCab​#9855] Trash: [OP05-004,P-069,EB02-002]
[TaxiCab​#9855] Board: [OP05-015,P-105]
[TaxiCab​#9855] Life: 3
[Karlmalone​#2854] End Turn
RZ1|69|2|Don|9|9900|5|0|1|1|1|0|0
[TaxiCab​#9855] Draw 1 Card
[TaxiCab​#9855] Drew card from deck: Sabo ["EB02-002">EB02-002]
RZ1|70|2|EB02-002|0|34|1|6|0|1|0|0|0
RZ1|71|2|Don|4|5|5|4|1|1|0|0|0
RZ1|72|2|Don|4|4|5|5|1|1|0|0|0
[TaxiCab​#9855] Draw 2 Don
[TaxiCab​#9855] Attach 1 Don to Sabo ["OP13-004">OP13-004] (1 Total)
RZ1|73|2|Don|5|5|9|9900|1|1|0|0|0
[TaxiCab​#9855] Sabo ["OP13-004">OP13-004] attacking Eustass "Captain" Kid ["OP10-099">OP10-099]
[Karlmalone​#2854] Capone "Gang" Bege ["OP11-101">OP11-101] Blocks
Sabo ["OP13-004">OP13-004][7000] vs Capone "Gang" Bege ["OP11-101">OP11-101][1000]
[Karlmalone​#2854] Capone "Gang" Bege ["OP11-101">OP11-101] Destroyed
RZ1|74|1|OP11-101|2|2|6|1|1|1|0|0|0
[TaxiCab​#9855] Sabo ["P-105">P-105] attacking Eustass "Captain" Kid ["OP10-099">OP10-099]
[Karlmalone​#2854] Discard Jewelry Bonney ["OP15-105">OP15-105] for Counter 2000
RZ1|75|1|OP15-105|1|1|6|2|1|1|0|0|0
[Karlmalone​#2854] Discard X. Drake ["OP10-114">OP10-114] for Counter 2000
RZ1|76|1|OP10-114|1|0|6|3|1|1|0|0|0
Sabo ["P-105">P-105][7000] vs Eustass "Captain" Kid ["OP10-099">OP10-099][9000]
Attack Fails
RZ1|77|2|Don|5|0|5|0|1|1|1|0|0
RZ1|78|2|Don|5|1|5|1|1|1|1|0|0
RZ1|79|2|Don|5|2|5|2|1|1|1|0|0
RZ1|80|2|Don|5|3|5|3|1|1|1|0|0
RZ1|81|2|Don|5|4|5|4|1|1|1|0|0
[TaxiCab​#9855] Deploy Emporio Ivankov ["OP06-003">OP06-003]
RZ1|82|2|OP06-003|1|1|2|2|1|1|0|1000|0
RZ1|83|2|EB03-042|0|32|2|3|1|1|0|1000|4
[TaxiCab​#9855] Emporio Ivankov ["OP06-003">OP06-003]: Deploy Koala ["EB03-042">EB03-042]
[TaxiCab​#9855] Placing Cards on Bottom of Deck
RZ1|84|2|EB03-042|1|2|6|3|1|1|0|0|0
[TaxiCab​#9855] Trash Koala ["EB03-042">EB03-042]
[TaxiCab​#9855] Revolutionary Army General Headquarters ["OP05-021">OP05-021]: <b>Reveal and Draw Sabo ["P-105">P-105]</b>
RZ1|85|2|P-105|0|32|1|5|0|1|0|0|0
[TaxiCab​#9855] End Turn
[Karlmalone​#2854] Hand: [P-088,OP12-117,EB03-062]
[Karlmalone​#2854] Board: [OP11-101,OP15-105]
[Karlmalone​#2854] Trash: [OP13-116,OP11-101,OP15-105,OP10-114]
[Karlmalone​#2854] Life: 4
[TaxiCab​#9855] Hand: [OP05-004,OP05-005,EB02-002,OP05-005,EB02-002,P-105]
[TaxiCab​#9855] Trash: [OP05-004,P-069,EB02-002,EB03-042]
[TaxiCab​#9855] Board: [OP05-015,P-105,OP06-003,EB03-042]
[TaxiCab​#9855] Life: 3
RZ1|86|1|Don|9|9900|5|0|1|1|1|0|0
RZ1|87|1|Don|9|9900|5|0|1|1|1|0|0
RZ1|88|1|Don|9|9900|5|0|1|1|1|0|0
[Karlmalone​#2854] Draw 1 Card
[Karlmalone​#2854] Drew card from deck: Jewelry Bonney ["OP15-105">OP15-105]
RZ1|89|1|OP15-105|0|36|1|3|1|1|0|0|0
RZ1|90|1|Don|4|4|5|5|1|1|0|0|0
RZ1|91|1|Don|4|3|5|6|1|1|0|0|0
[Karlmalone​#2854] Draw 2 Don
[Karlmalone​#2854] Slam Gibson ["OP12-117">OP12-117]: Rest 1 Don
RZ1|92|1|Don|5|0|5|0|1|1|1|0|0
RZ1|93|1|OP12-117|1|1|6|4|1|1|0|0|0
[Karlmalone​#2854] Slam Gibson ["OP12-117">OP12-117]: Rest 5 Don
RZ1|94|1|Don|5|1|5|1|1|1|1|0|0
RZ1|95|1|Don|5|2|5|2|1|1|1|0|0
RZ1|96|1|Don|5|3|5|3|1|1|1|0|0
RZ1|97|1|Don|5|4|5|4|1|1|1|0|0
RZ1|98|1|Don|5|5|5|5|1|1|1|0|0
[Karlmalone​#2854] Slam Gibson ["OP12-117">OP12-117]: Add Koala ["EB03-042">EB03-042] to bottom of Life
[Karlmalone​#2854] Attach 1 Don to Eustass "Captain" Kid ["OP10-099">OP10-099] (1 Total)
RZ1|99|1|Don|5|6|9|9900|1|1|0|0|0
[Karlmalone​#2854] Eustass "Captain" Kid ["OP10-099">OP10-099] attacking Sabo ["OP13-004">OP13-004]
Eustass "Captain" Kid ["OP10-099">OP10-099][6000] vs Sabo ["OP13-004">OP13-004][5000]
Sabo ["OP13-004">OP13-004] hit for 1 damage
[Karlmalone​#2854] Hand: [P-088,EB03-062,OP15-105]
[Karlmalone​#2854] Board: [OP11-101,OP15-105]
[Karlmalone​#2854] Trash: [OP13-116,OP11-101,OP15-105,OP10-114,OP12-117]
[Karlmalone​#2854] Life: 4
[TaxiCab​#9855] Hand: [OP05-004,OP05-005,EB02-002,OP05-005,EB02-002,P-105,OP07-015]
[TaxiCab​#9855] Trash: [OP05-004,P-069,EB02-002,EB03-042]
[TaxiCab​#9855] Board: [OP05-015,P-105,OP06-003]
[TaxiCab​#9855] Life: 3
[Karlmalone​#2854] End Turn
RZ1|100|2|Don|9|9900|5|0|1|1|1|0|0
[TaxiCab​#9855] Draw 1 Card
[TaxiCab​#9855] Drew card from deck: Revolutionary Army General Headquarters ["OP05-021">OP05-021]
RZ1|101|2|OP05-021|0|31|1|7|0|1|0|0|0
RZ1|102|2|Don|4|3|5|6|1|1|0|0|0
RZ1|103|2|Don|4|2|5|7|1|1|0|0|0
[TaxiCab​#9855] Draw 2 Don
RZ1|104|2|OP05-021|1|7|6|4|1|1|0|0|0
[TaxiCab​#9855] Trash Revolutionary Army General Headquarters ["OP05-021">OP05-021]
[TaxiCab​#9855] Revolutionary Army General Headquarters ["OP05-021">OP05-021]: <b>Reveal and Draw Morley ["OP12-093">OP12-093]</b>
RZ1|105|2|OP12-093|0|28|1|7|0|1|0|0|0
[TaxiCab​#9855] Attach 1 Don to Sabo ["OP13-004">OP13-004] (1 Total)
RZ1|106|2|Don|5|7|9|9900|1|1|0|0|0
RZ1|107|2|Don|5|0|5|0|1|1|1|0|0
RZ1|108|2|Don|5|1|5|1|1|1|1|0|0
RZ1|109|2|Don|5|2|5|2|1|1|1|0|0
RZ1|110|2|Don|5|3|5|3|1|1|1|0|0
[TaxiCab​#9855] Deploy Emporio Ivankov ["OP05-004">OP05-004]
RZ1|111|2|OP05-004|1|0|2|3|1|1|0|1000|0
[TaxiCab​#9855] Attach 1 Don to Emporio Ivankov ["OP05-004">OP05-004] (1 Total)
RZ1|112|2|Don|5|6|9|300|1|1|0|0|0
[TaxiCab​#9855] Emporio Ivankov ["OP05-004">OP05-004]: Deploy Sabo ["EB02-002">EB02-002]
RZ1|113|2|EB02-002|1|1|2|4|1|1|0|1000|0
[TaxiCab​#9855] Sabo ["EB02-002">EB02-002]: Rest Sabo ["EB02-002">EB02-002]
[TaxiCab​#9855] Sabo ["EB02-002">EB02-002]: Buff Belo Betty ["OP05-015">OP05-015] 2000
[TaxiCab​#9855] Belo Betty ["OP05-015">OP05-015] attacking Eustass "Captain" Kid ["OP10-099">OP10-099]
Belo Betty ["OP05-015">OP05-015][5000] vs Eustass "Captain" Kid ["OP10-099">OP10-099][5000]
Eustass "Captain" Kid ["OP10-099">OP10-099] hit for 1 damage
[Karlmalone​#2854] The Pirate King Is Just The Freest Man on the Sea!!! ["OP13-116">OP13-116]: Activate Trigger
RZ1|114|1|OP13-116|1|3|6|5|1|1|0|0|0
RZ1|115|1|OP10-111|0|34|1|3|1|1|0|0|0
[Karlmalone​#2854] The Pirate King Is Just The Freest Man on the Sea!!! ["OP13-116">OP13-116]: <b>Reveal and Draw Monkey D. Luffy ["OP10-111">OP10-111]</b>
[Karlmalone​#2854] Placing Cards on Bottom of Deck
[TaxiCab​#9855] Emporio Ivankov ["OP06-003">OP06-003] attacking Eustass "Captain" Kid ["OP10-099">OP10-099]
[Karlmalone​#2854] Discard Jewelry Bonney ["OP15-105">OP15-105] for Counter 2000
RZ1|116|1|OP15-105|1|2|6|6|1|1|0|0|0
[Karlmalone​#2854] Discard Trafalgar Law ["P-088">P-088] for Counter 2000
RZ1|117|1|P-088|1|0|6|7|1|1|0|0|0
Emporio Ivankov ["OP06-003">OP06-003][7000] vs Eustass "Captain" Kid ["OP10-099">OP10-099][9000]
Attack Fails
[TaxiCab​#9855] Sabo ["OP13-004">OP13-004] attacking Eustass "Captain" Kid ["OP10-099">OP10-099]
Sabo ["OP13-004">OP13-004][7000] vs Eustass "Captain" Kid ["OP10-099">OP10-099][5000]
Eustass "Captain" Kid ["OP10-099">OP10-099] hit for 1 damage
[TaxiCab​#9855] Attach 2 Don to Sabo ["P-105">P-105] (2 Total)
RZ1|118|2|Don|5|5|9|100|1|1|0|0|0
RZ1|119|2|Don|5|4|9|101|1|1|0|0|0
[TaxiCab​#9855] Sabo ["P-105">P-105] attacking Eustass "Captain" Kid ["OP10-099">OP10-099]
[Karlmalone​#2854] Capone "Gang" Bege ["OP11-101">OP11-101] Blocks
Sabo ["P-105">P-105][9000] vs Capone "Gang" Bege ["OP11-101">OP11-101][1000]
[Karlmalone​#2854] Capone "Gang" Bege ["OP11-101">OP11-101] Destroyed
RZ1|120|1|OP11-101|2|0|6|8|1|1|0|0|0
[TaxiCab​#9855] End Turn
[Karlmalone​#2854] Hand: [EB03-062,OP10-111,OP10-112]
[Karlmalone​#2854] Board: [OP15-105]
[Karlmalone​#2854] Trash: [OP13-116,OP11-101,OP15-105,OP10-114,OP12-117,OP13-116,OP15-105,P-088,OP11-101]
[Karlmalone​#2854] Life: 2
[TaxiCab​#9855] Hand: [OP05-005,OP05-005,EB02-002,P-105,OP07-015,OP12-093]
[TaxiCab​#9855] Trash: [OP05-004,P-069,EB02-002,EB03-042,OP05-021]
[TaxiCab​#9855] Board: [OP05-015,P-105,OP06-003,OP05-004,EB02-002]
[TaxiCab​#9855] Life: 3
RZ1|121|1|Don|9|9900|5|0|1|1|1|0|0
[Karlmalone​#2854] Draw 1 Card
[Karlmalone​#2854] Drew card from deck: Trafalgar Law ["P-088">P-088]
RZ1|122|1|P-088|0|34|1|3|1|1|0|0|0
RZ1|123|1|Don|4|2|5|7|1|1|0|0|0
RZ1|124|1|Don|4|1|5|8|1|1|0|0|0
[Karlmalone​#2854] Draw 2 Don
RZ1|125|1|Don|5|0|5|0|1|1|1|0|0
[Karlmalone​#2854] Deploy Monkey D. Luffy ["OP10-111">OP10-111]
RZ1|126|1|OP10-111|1|1|2|1|1|1|0|0|0
RZ1|127|1|OP10-119|0|29|1|3|1|1|0|0|0
[Karlmalone​#2854] Monkey D. Luffy ["OP10-111">OP10-111]: <b>Reveal and Draw Trafalgar Law ["OP10-119">OP10-119]</b>
[Karlmalone​#2854] Placing Cards on Bottom of Deck
[Karlmalone​#2854] Eustass "Captain" Kid ["OP10-099">OP10-099] attacking Belo Betty ["OP05-015">OP05-015]
RZ1|128|2|OP05-015|2|0|6|5|1|1|0|0|0
Eustass "Captain" Kid ["OP10-099">OP10-099][5000] vs Belo Betty ["OP05-015">OP05-015][3000]
[TaxiCab​#9855] Belo Betty ["OP05-015">OP05-015] Destroyed
RZ1|129|1|Don|5|1|5|1|1|1|1|0|0
RZ1|130|1|Don|5|2|5|2|1|1|1|0|0
RZ1|131|1|Don|5|3|5|3|1|1|1|0|0
RZ1|132|1|Don|5|4|5|4|1|1|1|0|0
RZ1|133|1|Don|5|5|5|5|1|1|1|0|0
RZ1|134|1|Don|5|6|5|6|1|1|1|0|0
RZ1|135|1|Don|5|7|5|7|1|1|1|0|0
RZ1|136|1|Don|5|8|5|8|1|1|1|0|0
[Karlmalone​#2854] Deploy Trafalgar Law ["EB03-062">EB03-062]
RZ1|137|1|EB03-062|1|0|2|2|1|1|0|0|0
[Karlmalone​#2854] Trafalgar Law ["EB03-062">EB03-062] attacking Sabo ["EB02-002">EB02-002]
RZ1|138|2|EB02-002|2|3|6|6|1|1|0|0|0
Trafalgar Law ["EB03-062">EB03-062][6000] vs Sabo ["EB02-002">EB02-002][6000]
[TaxiCab​#9855] Sabo ["EB02-002">EB02-002] Destroyed
RZ1|139|1|EB03-062|2|2|6|9|1|1|0|0|0
[Karlmalone​#2854] Trafalgar Law ["EB03-062">EB03-062]: Trash Trafalgar Law ["EB03-062">EB03-062]
RZ1|140|1|OP10-112|1|0|6|10|1|1|0|0|0
[Karlmalone​#2854] Trafalgar Law ["EB03-062">EB03-062]: Trash Eustass "Captain" Kid ["OP10-112">OP10-112]
[Karlmalone​#2854] Trafalgar Law ["EB03-062">EB03-062]: Add card to top of Life from Deck
RZ1|141|1|OP10-119|1|1|2|2|1|1|0|0|0
[Karlmalone​#2854] Trafalgar Law ["EB03-062">EB03-062]: Deploy Trafalgar Law ["OP10-119">OP10-119]
[Karlmalone​#2854] Trafalgar Law ["OP10-119">OP10-119] revealed: Trafalgar Law ["P-088">P-088]
[Karlmalone​#2854] Trafalgar Law ["OP10-119">OP10-119]: Added card to top of Life from Hand
[Karlmalone​#2854] Trafalgar Law ["OP10-119">OP10-119]: Attach 1 Rested Don to Eustass "Captain" Kid ["OP10-099">OP10-099]
RZ1|142|1|Don|5|0|9|9900|1|1|1|0|0
[Karlmalone​#2854] Eustass "Captain" Kid ["OP10-099">OP10-099]: Flip 1 Life Face Up
[Karlmalone​#2854] Eustass "Captain" Kid ["OP10-099">OP10-099]: Set Trafalgar Law ["OP10-119">OP10-119] to Active
[Karlmalone​#2854] Eustass "Captain" Kid ["OP10-099">OP10-099]: Trafalgar Law ["OP10-119">OP10-119] Gains Blocker
[Karlmalone​#2854] Hand: []
[Karlmalone​#2854] Board: [OP15-105,OP10-111,OP10-119]
[Karlmalone​#2854] Trash: [OP13-116,OP11-101,OP15-105,OP10-114,OP12-117,OP13-116,OP15-105,P-088,OP11-101,EB03-062,OP10-112]
[Karlmalone​#2854] Life: 4
[TaxiCab​#9855] Hand: [OP05-005,OP05-005,EB02-002,P-105,OP07-015,OP12-093]
[TaxiCab​#9855] Trash: [OP05-004,P-069,EB02-002,EB03-042,OP05-021,OP05-015,EB02-002]
[TaxiCab​#9855] Board: [P-105,OP06-003,OP05-004]
[TaxiCab​#9855] Life: 3
[Karlmalone​#2854] End Turn
RZ1|143|2|Don|9|9900|5|0|1|1|1|0|0
RZ1|144|2|Don|9|0|5|0|1|1|1|0|0
RZ1|145|2|Don|9|0|5|0|1|1|1|0|0
RZ1|146|2|Don|9|200|5|0|1|1|1|0|0
[TaxiCab​#9855] Draw 1 Card
[TaxiCab​#9855] Drew card from deck: Karasu ["OP05-005">OP05-005]
RZ1|147|2|OP05-005|0|29|1|6|0|1|0|0|0
RZ1|148|2|Don|4|1|5|8|1|1|0|0|0
RZ1|149|2|Don|4|0|5|9|1|1|0|0|0
[TaxiCab​#9855] Draw 2 Don
[TaxiCab​#9855] Attach 1 Don to Sabo ["OP13-004">OP13-004] (1 Total)
RZ1|150|2|Don|5|9|9|9900|1|1|0|0|0
[TaxiCab​#9855] Attach 1 Don to Emporio Ivankov ["OP05-004">OP05-004] (1 Total)
RZ1|151|2|Don|5|8|9|200|1|1|0|0|0
RZ1|152|2|Don|5|0|5|0|1|1|1|0|0
RZ1|153|2|Don|5|1|5|1|1|1|1|0|0
RZ1|154|2|Don|5|2|5|2|1|1|1|0|0
RZ1|155|2|Don|5|3|5|3|1|1|1|0|0
[TaxiCab​#9855] Deploy Karasu ["OP05-005">OP05-005]
RZ1|156|2|OP05-005|1|0|2|3|1|1|0|1000|0
[TaxiCab​#9855] Karasu ["OP05-005">OP05-005]: Give Trafalgar Law ["OP10-119">OP10-119] -1000
[TaxiCab​#9855] Emporio Ivankov ["OP05-004">OP05-004]: Deploy Karasu ["OP05-005">OP05-005]
RZ1|157|2|OP05-005|1|0|2|4|1|1|0|1000|0
[TaxiCab​#9855] Karasu ["OP05-005">OP05-005]: Give Trafalgar Law ["OP10-119">OP10-119] -1000
[TaxiCab​#9855] Emporio Ivankov ["OP05-004">OP05-004] attacking Eustass "Captain" Kid ["OP10-099">OP10-099]
Emporio Ivankov ["OP05-004">OP05-004][7000] vs Eustass "Captain" Kid ["OP10-099">OP10-099][5000]
Eustass "Captain" Kid ["OP10-099">OP10-099] hit for 1 damage
[TaxiCab​#9855] Emporio Ivankov ["OP06-003">OP06-003] attacking Eustass "Captain" Kid ["OP10-099">OP10-099]
Emporio Ivankov ["OP06-003">OP06-003][7000] vs Eustass "Captain" Kid ["OP10-099">OP10-099][5000]
Eustass "Captain" Kid ["OP10-099">OP10-099] hit for 1 damage
[TaxiCab​#9855] Sabo ["OP13-004">OP13-004] attacking Eustass "Captain" Kid ["OP10-099">OP10-099]
Sabo ["OP13-004">OP13-004][7000] vs Eustass "Captain" Kid ["OP10-099">OP10-099][5000]
Eustass "Captain" Kid ["OP10-099">OP10-099] hit for 1 damage
[TaxiCab​#9855] Sabo ["P-105">P-105] attacking Eustass "Captain" Kid ["OP10-099">OP10-099]
[Karlmalone​#2854] Trafalgar Law ["OP10-119">OP10-119] Blocks
[Karlmalone​#2854] Discard Monkey D. Luffy ["OP10-111">OP10-111] for Counter 1000
RZ1|158|1|OP10-111|1|1|6|11|1|1|0|0|0
Sabo ["P-105">P-105][7000] vs Trafalgar Law ["OP10-119">OP10-119][8000]
Attack Fails
RZ1|159|2|Don|5|4|5|4|1|1|1|0|0
RZ1|160|2|Don|5|5|5|5|1|1|1|0|0
RZ1|161|2|Don|5|6|5|6|1|1|1|0|0
RZ1|162|2|Don|5|7|5|7|1|1|1|0|0
[TaxiCab​#9855] Trash Emporio Ivankov ["OP05-004">OP05-004]
[TaxiCab​#9855] Deploy Sabo ["P-105">P-105]
RZ1|163|2|Don|9|200|5|0|1|1|1|0|0
RZ1|164|2|OP05-004|2|2|6|7|1|1|0|0|0
RZ1|165|2|P-105|1|1|2|4|1|1|0|1000|4
[TaxiCab​#9855] End Turn
[Karlmalone​#2854] Hand: [P-088,OP12-117]
[Karlmalone​#2854] Board: [OP15-105,OP10-111,OP10-119]
[Karlmalone​#2854] Trash: [OP13-116,OP11-101,OP15-105,OP10-114,OP12-117,OP13-116,OP15-105,P-088,OP11-101,EB03-062,OP10-112,OP10-111]
[Karlmalone​#2854] Life: 1
[TaxiCab​#9855] Hand: [EB02-002,OP07-015,OP12-093,OP05-005]
[TaxiCab​#9855] Trash: [OP05-004,P-069,EB02-002,EB03-042,OP05-021,OP05-015,EB02-002,OP05-004]
[TaxiCab​#9855] Board: [P-105,OP06-003,OP05-005,OP05-005,P-105]
[TaxiCab​#9855] Life: 3
RZ1|166|1|Don|9|9900|5|0|1|1|1|0|0
[Karlmalone​#2854] Draw 1 Card
[Karlmalone​#2854] Drew card from deck: Trafalgar Law ["OP10-119">OP10-119]
RZ1|167|1|OP10-119|0|31|1|2|1|1|0|0|0
RZ1|168|1|Don|4|0|5|9|1|1|0|0|0
[Karlmalone​#2854] Draw 2 Don
RZ1|169|1|Don|5|0|5|0|1|1|1|0|0
RZ1|170|1|Don|5|1|5|1|1|1|1|0|0
RZ1|171|1|Don|5|2|5|2|1|1|1|0|0
RZ1|172|1|Don|5|3|5|3|1|1|1|0|0
RZ1|173|1|Don|5|4|5|4|1|1|1|0|0
RZ1|174|1|Don|5|5|5|5|1|1|1|0|0
RZ1|175|1|Don|5|6|5|6|1|1|1|0|0
[Karlmalone​#2854] Deploy Trafalgar Law ["OP10-119">OP10-119]
RZ1|176|1|OP10-119|1|2|2|3|1|1|0|0|0
[Karlmalone​#2854] Trafalgar Law ["OP10-119">OP10-119] revealed: Trafalgar Law ["P-088">P-088]
[Karlmalone​#2854] Trafalgar Law ["OP10-119">OP10-119]: Added card to top of Life from Hand
[Karlmalone​#2854] Trafalgar Law ["OP10-119">OP10-119]: Attach 1 Rested Don to Eustass "Captain" Kid ["OP10-099">OP10-099]
RZ1|177|1|Don|5|0|9|9900|1|1|1|0|0
[Karlmalone​#2854] Attach 1 Don to Eustass "Captain" Kid ["OP10-099">OP10-099] (2 Total)
RZ1|178|1|Don|5|8|9|9901|1|1|0|0|0
[Karlmalone​#2854] Attach 1 Don to Eustass "Captain" Kid ["OP10-099">OP10-099] (3 Total)
RZ1|179|1|Don|5|7|9|9902|1|1|0|0|0
[Karlmalone​#2854] Eustass "Captain" Kid ["OP10-099">OP10-099] attacking Emporio Ivankov ["OP06-003">OP06-003]
[TaxiCab​#9855] Discard Morley ["OP12-093">OP12-093] for Counter 2000
RZ1|180|2|OP12-093|1|2|6|8|1|1|0|0|0
Eustass "Captain" Kid ["OP10-099">OP10-099][8000] vs Emporio Ivankov ["OP06-003">OP06-003][9000]
Attack Fails
[Karlmalone​#2854] Trafalgar Law ["OP10-119">OP10-119] attacking Emporio Ivankov ["OP06-003">OP06-003]
RZ1|181|2|OP06-003|2|1|6|9|1|1|0|0|0
Trafalgar Law ["OP10-119">OP10-119][9000] vs Emporio Ivankov ["OP06-003">OP06-003][7000]
[TaxiCab​#9855] Emporio Ivankov ["OP06-003">OP06-003] Destroyed
[Karlmalone​#2854] Eustass "Captain" Kid ["OP10-099">OP10-099]: Flip 1 Life Face Up
[Karlmalone​#2854] Eustass "Captain" Kid ["OP10-099">OP10-099]: Set Trafalgar Law ["OP10-119">OP10-119] to Active
[Karlmalone​#2854] Eustass "Captain" Kid ["OP10-099">OP10-099]: Trafalgar Law ["OP10-119">OP10-119] Gains Blocker
[Karlmalone​#2854] Hand: [OP12-117]
[Karlmalone​#2854] Board: [OP15-105,OP10-111,OP10-119,OP10-119]
[Karlmalone​#2854] Trash: [OP13-116,OP11-101,OP15-105,OP10-114,OP12-117,OP13-116,OP15-105,P-088,OP11-101,EB03-062,OP10-112,OP10-111]
[Karlmalone​#2854] Life: 2
[TaxiCab​#9855] Hand: [EB02-002,OP07-015,OP05-005]
[TaxiCab​#9855] Trash: [OP05-004,P-069,EB02-002,EB03-042,OP05-021,OP05-015,EB02-002,OP05-004,OP12-093,OP06-003]
[TaxiCab​#9855] Board: [P-105,OP05-005,OP05-005,P-105]
[TaxiCab​#9855] Life: 3
[Karlmalone​#2854] End Turn
RZ1|182|2|Don|9|9900|5|0|1|1|1|0|0
[TaxiCab​#9855] Draw 1 Card
[TaxiCab​#9855] Drew card from deck: Koala ["EB03-042">EB03-042]
RZ1|183|2|EB03-042|0|28|1|3|0|1|0|0|0
[TaxiCab​#9855] Attach 1 Don to Sabo ["OP13-004">OP13-004] (1 Total)
RZ1|184|2|Don|5|9|9|9900|1|1|0|0|0
RZ1|185|2|EB03-042|1|3|6|10|1|1|0|0|0
[TaxiCab​#9855] Trash Koala ["EB03-042">EB03-042]
[TaxiCab​#9855] Revolutionary Army General Headquarters ["OP05-021">OP05-021]: <b>Reveal and Draw Morley ["OP12-093">OP12-093]</b>
RZ1|186|2|OP12-093|0|27|1|3|0|1|0|0|0
[TaxiCab​#9855] Attach 1 Don to Karasu ["OP05-005">OP05-005] (1 Total)
RZ1|187|2|Don|5|8|9|200|1|1|0|0|0
[TaxiCab​#9855] Karasu ["OP05-005">OP05-005] attacking Eustass "Captain" Kid ["OP10-099">OP10-099]
[TaxiCab​#9855] Karasu ["OP05-005">OP05-005]: Give Eustass "Captain" Kid ["OP10-099">OP10-099] -1000
Karasu ["OP05-005">OP05-005][7000] vs Eustass "Captain" Kid ["OP10-099">OP10-099][4000]
Eustass "Captain" Kid ["OP10-099">OP10-099] hit for 1 damage
RZ1|188|2|Don|5|0|5|0|1|1|1|0|0
RZ1|189|2|Don|5|1|5|1|1|1|1|0|0
RZ1|190|2|Don|5|2|5|2|1|1|1|0|0
RZ1|191|2|Don|5|3|5|3|1|1|1|0|0
RZ1|192|2|Don|5|4|5|4|1|1|1|0|0
RZ1|193|2|Don|5|5|5|5|1|1|1|0|0
RZ1|194|2|Don|5|6|5|6|1|1|1|0|0
RZ1|195|2|Don|5|7|5|7|1|1|1|0|0
[TaxiCab​#9855] Deploy Monkey D. Dragon ["OP07-015">OP07-015]
RZ1|196|2|OP07-015|1|1|2|4|1|1|0|1000|0
[TaxiCab​#9855] Monkey D. Dragon ["OP07-015">OP07-015]: Attach 1 Rested Don to Karasu ["OP05-005">OP05-005]
RZ1|197|2|Don|5|0|9|100|1|1|1|0|0
[TaxiCab​#9855] Monkey D. Dragon ["OP07-015">OP07-015]: Attach 1 Rested Don to Karasu ["OP05-005">OP05-005]
RZ1|198|2|Don|5|0|9|101|1|1|1|0|0
[TaxiCab​#9855] Karasu ["OP05-005">OP05-005] attacking Eustass "Captain" Kid ["OP10-099">OP10-099]
[TaxiCab​#9855] Karasu ["OP05-005">OP05-005]: Give Eustass "Captain" Kid ["OP10-099">OP10-099] -1000
Karasu ["OP05-005">OP05-005][8000] vs Eustass "Captain" Kid ["OP10-099">OP10-099][3000]
Eustass "Captain" Kid ["OP10-099">OP10-099] hit for 1 damage
[TaxiCab​#9855] Sabo ["OP13-004">OP13-004] attacking Eustass "Captain" Kid ["OP10-099">OP10-099]
[Karlmalone​#2854] Trafalgar Law ["OP10-119">OP10-119] Blocks
Sabo ["OP13-004">OP13-004][7000] vs Trafalgar Law ["OP10-119">OP10-119][9000]
Attack Fails
[TaxiCab​#9855] Sabo ["P-105">P-105] attacking Eustass "Captain" Kid ["OP10-099">OP10-099]
[Karlmalone​#2854] Slam Gibson ["OP12-117">OP12-117]: Activate Counter
[Karlmalone​#2854] Slam Gibson ["OP12-117">OP12-117]: Rest 1 Don
RZ1|199|1|Don|5|6|5|6|1|1|1|0|0
RZ1|200|1|OP12-117|1|2|6|12|1|1|0|0|0
[Karlmalone​#2854] Slam Gibson ["OP12-117">OP12-117]: Buff Eustass "Captain" Kid ["OP10-099">OP10-099] 3000 for the Combat
[Karlmalone​#2854] Discard Trafalgar Law ["P-088">P-088] for Counter 2000
RZ1|201|1|P-088|1|1|6|13|1|1|0|0|0
Sabo ["P-105">P-105][7000] vs Eustass "Captain" Kid ["OP10-099">OP10-099][8000]
Attack Fails
[TaxiCab​#9855] Sabo ["P-105">P-105] attacking Eustass "Captain" Kid ["OP10-099">OP10-099]
Sabo ["P-105">P-105][7000] vs Eustass "Captain" Kid ["OP10-099">OP10-099][3000]
Eustass "Captain" Kid ["OP10-099">OP10-099] hit for 1 damage
[Karlmalone​#2854] <b>Downloaded the Combat Log!</b>
GameOver
