Waiting for a Connection with Room ID:DNHQRG
Karlmalone​#2854 Has Connected
Version is 1.41b
[Karlmalone​#2854] Leader is Eustass "Captain" Kid ["OP10-099">OP10-099]
Proxh​#4377 Has Connected
Version is 1.41b
[Proxh​#4377] Leader is Kuzan ["OP12-040">OP12-040]
[Proxh​#4377] Chose to go Second
RZ1|HDR|1.41b|2|RZ1
RZ1|PLY|1|Karlmalone​#2854|OP10-099
RZ1|PLY|2|Proxh​#4377|OP12-040
RZ1|1|2|ST33-003|0|5|0|0|0|0|0|0|0
RZ1|CHK|1|2|50|0|0|0|10|0|0|0|1|0
RZ1|2|2|OP12-044|0|36|0|1|0|0|0|0|0
RZ1|CHK|2|2|50|0|0|0|10|0|0|0|1|0
RZ1|3|2|ST33-004|0|29|0|2|0|0|0|0|0
RZ1|CHK|3|2|50|0|0|0|10|0|0|0|1|0
RZ1|4|2|OP12-047|0|11|0|3|0|0|0|0|0
RZ1|CHK|4|2|50|0|0|0|10|0|0|0|1|0
RZ1|5|2|EB04-022|0|23|0|4|0|0|0|0|0
RZ1|CHK|5|2|50|0|0|0|10|0|0|0|1|0
RZ1|6|2|ST33-005|0|35|0|5|0|0|0|0|0
RZ1|CHK|6|2|50|0|0|0|10|0|0|0|1|0
RZ1|7|2|OP12-057|0|45|0|6|0|0|0|0|0
RZ1|CHK|7|2|50|0|0|0|10|0|0|0|1|0
RZ1|8|2|OP06-050|0|10|0|7|0|0|0|0|0
RZ1|CHK|8|2|50|0|0|0|10|0|0|0|1|0
RZ1|9|2|EB04-026|0|20|0|8|0|0|0|0|0
RZ1|CHK|9|2|50|0|0|0|10|0|0|0|1|0
RZ1|10|2|OP12-043|0|29|0|9|0|0|0|0|0
RZ1|CHK|10|2|50|0|0|0|10|0|0|0|1|0
RZ1|11|2|OP06-044|0|24|0|10|0|0|0|0|0
RZ1|CHK|11|2|50|0|0|0|10|0|0|0|1|0
RZ1|12|2|OP12-057|0|44|0|11|0|0|0|0|0
RZ1|CHK|12|2|50|0|0|0|10|0|0|0|1|0
RZ1|13|2|ST33-003|0|16|0|12|0|0|0|0|0
RZ1|CHK|13|2|50|0|0|0|10|0|0|0|1|0
RZ1|14|2|EB04-022|0|29|0|13|0|0|0|0|0
RZ1|CHK|14|2|50|0|0|0|10|0|0|0|1|0
RZ1|15|2|ST33-005|0|37|0|14|0|0|0|0|0
RZ1|CHK|15|2|50|0|0|0|10|0|0|0|1|0
RZ1|16|2|ST33-004|0|34|0|15|0|0|0|0|0
RZ1|CHK|16|2|50|0|0|0|10|0|0|0|1|0
RZ1|17|2|ST33-002|0|29|0|16|0|0|0|0|0
RZ1|CHK|17|2|50|0|0|0|10|0|0|0|1|0
RZ1|18|2|ST33-005|0|36|0|17|0|0|0|0|0
RZ1|CHK|18|2|50|0|0|0|10|0|0|0|1|0
RZ1|19|2|OP12-047|0|23|0|18|0|0|0|0|0
RZ1|CHK|19|2|50|0|0|0|10|0|0|0|1|0
RZ1|20|2|OP12-057|0|44|0|19|0|0|0|0|0
RZ1|CHK|20|2|50|0|0|0|10|0|0|0|1|0
RZ1|21|2|OP06-050|0|21|0|20|0|0|0|0|0
RZ1|CHK|21|2|50|0|0|0|10|0|0|0|1|0
RZ1|22|2|OP12-051|0|28|0|21|0|0|0|0|0
RZ1|CHK|22|2|50|0|0|0|10|0|0|0|1|0
RZ1|23|2|OP12-056|0|43|0|22|0|0|0|0|0
RZ1|CHK|23|2|50|0|0|0|10|0|0|0|1|0
RZ1|24|2|OP12-051|0|29|0|23|0|0|0|0|0
RZ1|CHK|24|2|50|0|0|0|10|0|0|0|1|0
RZ1|25|2|ST33-003|0|27|0|24|0|0|0|0|0
RZ1|CHK|25|2|50|0|0|0|10|0|0|0|1|0
RZ1|26|2|OP12-056|0|44|0|25|0|0|0|0|0
RZ1|CHK|26|2|50|0|0|0|10|0|0|0|1|0
RZ1|27|2|ST33-004|0|39|0|26|0|0|0|0|0
RZ1|CHK|27|2|50|0|0|0|10|0|0|0|1|0
RZ1|28|2|EB04-028|0|47|0|27|0|0|0|0|0
RZ1|CHK|28|2|50|0|0|0|10|0|0|0|1|0
RZ1|29|2|ST33-002|0|36|0|28|0|0|0|0|0
RZ1|CHK|29|2|50|0|0|0|10|0|0|0|1|0
RZ1|30|2|EB04-026|0|35|0|29|0|0|0|0|0
RZ1|CHK|30|2|50|0|0|0|10|0|0|0|1|0
RZ1|31|2|OP06-050|0|31|0|30|0|0|0|0|0
RZ1|CHK|31|2|50|0|0|0|10|0|0|0|1|0
RZ1|32|2|EB04-028|0|47|0|31|0|0|0|0|0
RZ1|CHK|32|2|50|0|0|0|10|0|0|0|1|0
RZ1|33|2|OP12-043|0|40|0|33|0|0|0|0|0
RZ1|CHK|33|2|50|0|0|0|10|0|0|0|1|0
RZ1|34|2|OP12-047|0|35|0|34|0|0|0|0|0
RZ1|CHK|34|2|50|0|0|0|10|0|0|0|1|0
RZ1|35|2|OP06-043|0|45|0|35|0|0|0|0|0
RZ1|CHK|35|2|50|0|0|0|10|0|0|0|1|0
RZ1|36|2|OP12-044|0|44|0|36|0|0|0|0|0
RZ1|CHK|36|2|50|0|0|0|10|0|0|0|1|0
RZ1|37|2|OP12-051|0|39|0|37|0|0|0|0|0
RZ1|CHK|37|2|50|0|0|0|10|0|0|0|1|0
RZ1|38|2|OP12-044|0|45|0|38|0|0|0|0|0
RZ1|CHK|38|2|50|0|0|0|10|0|0|0|1|0
RZ1|39|2|OP06-058|0|48|0|40|0|0|0|0|0
RZ1|CHK|39|2|50|0|0|0|10|0|0|0|1|0
RZ1|40|2|OP12-043|0|44|0|41|0|0|0|0|0
RZ1|CHK|40|2|50|0|0|0|10|0|0|0|1|0
RZ1|41|2|OP12-057|0|48|0|42|0|0|0|0|0
RZ1|CHK|41|2|50|0|0|0|10|0|0|0|1|0
RZ1|42|2|OP06-043|0|48|0|43|0|0|0|0|0
RZ1|CHK|42|2|50|0|0|0|10|0|0|0|1|0
RZ1|43|2|ST33-005|0|48|0|44|0|0|0|0|0
RZ1|CHK|43|2|50|0|0|0|10|0|0|0|1|0
RZ1|44|2|OP06-058|0|49|0|45|0|0|0|0|0
RZ1|CHK|44|2|50|0|0|0|10|0|0|0|1|0
RZ1|45|2|EB04-022|0|48|0|47|0|0|0|0|0
RZ1|CHK|45|2|50|0|0|0|10|0|0|0|1|0
[Proxh​#4377] Drew card from deck: Borsalino ["ST33-004">ST33-004]
RZ1|46|2|ST33-004|0|49|1|0|0|1|0|0|0
RZ1|CHK|46|2|49|1|0|0|10|0|0|0|1|0
[Proxh​#4377] Drew card from deck: Gion ["OP06-044">OP06-044]
RZ1|47|2|OP06-044|0|48|1|1|0|1|0|0|0
RZ1|CHK|47|2|48|2|0|0|10|0|0|0|1|0
[Proxh​#4377] Drew card from deck: Issho ["EB04-022">EB04-022]
RZ1|48|2|EB04-022|0|47|1|2|0|1|0|0|0
RZ1|CHK|48|2|47|3|0|0|10|0|0|0|1|0
[Proxh​#4377] Drew card from deck: Sengoku ["OP12-047">OP12-047]
RZ1|49|2|OP12-047|0|46|1|3|0|1|0|0|0
RZ1|CHK|49|2|46|4|0|0|10|0|0|0|1|0
[Proxh​#4377] Drew card from deck: Gravity Blade Raging Tiger ["OP06-058">OP06-058]
RZ1|50|2|OP06-058|0|45|1|4|0|1|0|0|0
RZ1|CHK|50|2|45|5|0|0|10|0|0|0|1|0
RZ1|51|1|OP10-109|0|19|0|0|0|0|0|0|0
RZ1|CHK|51|1|50|0|0|0|10|0|0|0|1|0
RZ1|52|1|OP10-112|0|39|0|1|0|0|0|0|0
RZ1|CHK|52|1|50|0|0|0|10|0|0|0|1|0
RZ1|53|1|ST36-002|0|26|0|2|0|0|0|0|0
RZ1|CHK|53|1|50|0|0|0|10|0|0|0|1|0
RZ1|54|1|OP10-114|0|15|0|3|0|0|0|0|0
RZ1|CHK|54|1|50|0|0|0|10|0|0|0|1|0
RZ1|55|1|OP12-117|0|45|0|4|0|0|0|0|0
RZ1|CHK|55|1|50|0|0|0|10|0|0|0|1|0
RZ1|56|1|P-088|0|27|0|5|0|0|0|0|0
RZ1|CHK|56|1|50|0|0|0|10|0|0|0|1|0
RZ1|57|1|OP10-119|0|40|0|6|0|0|0|0|0
RZ1|CHK|57|1|50|0|0|0|10|0|0|0|1|0
RZ1|58|1|OP15-105|0|12|0|7|0|0|0|0|0
RZ1|CHK|58|1|50|0|0|0|10|0|0|0|1|0
RZ1|59|1|ST36-003|0|32|0|8|0|0|0|0|0
RZ1|CHK|59|1|50|0|0|0|10|0|0|0|1|0
RZ1|60|1|OP10-111|0|11|0|9|0|0|0|0|0
RZ1|CHK|60|1|50|0|0|0|10|0|0|0|1|0
RZ1|61|1|OP12-117|0|45|0|10|0|0|0|0|0
RZ1|CHK|61|1|50|0|0|0|10|0|0|0|1|0
RZ1|62|1|ST36-005|0|37|0|11|0|0|0|0|0
RZ1|CHK|62|1|50|0|0|0|10|0|0|0|1|0
RZ1|63|1|ST36-005|0|37|0|12|0|0|0|0|0
RZ1|CHK|63|1|50|0|0|0|10|0|0|0|1|0
RZ1|64|1|OP13-116|0|47|0|13|0|0|0|0|0
RZ1|CHK|64|1|50|0|0|0|10|0|0|0|1|0
RZ1|65|1|ST36-004|0|19|0|14|0|0|0|0|0
RZ1|CHK|65|1|50|0|0|0|10|0|0|0|1|0
RZ1|66|1|ST36-005|0|39|0|15|0|0|0|0|0
RZ1|CHK|66|1|50|0|0|0|10|0|0|0|1|0
RZ1|67|1|OP10-112|0|43|0|16|0|0|0|0|0
RZ1|CHK|67|1|50|0|0|0|10|0|0|0|1|0
RZ1|68|1|OP10-109|0|31|0|17|0|0|0|0|0
RZ1|CHK|68|1|50|0|0|0|10|0|0|0|1|0
RZ1|69|1|OP10-109|0|31|0|18|0|0|0|0|0
RZ1|CHK|69|1|50|0|0|0|10|0|0|0|1|0
RZ1|70|1|OP10-111|0|20|0|19|0|0|0|0|0
RZ1|CHK|70|1|50|0|0|0|10|0|0|0|1|0
RZ1|71|1|OP10-111|0|21|0|20|0|0|0|0|0
RZ1|CHK|71|1|50|0|0|0|10|0|0|0|1|0
RZ1|72|1|OP10-114|0|29|0|21|0|0|0|0|0
RZ1|CHK|72|1|50|0|0|0|10|0|0|0|1|0
RZ1|73|1|ST36-004|0|24|0|22|0|0|0|0|0
RZ1|CHK|73|1|50|0|0|0|10|0|0|0|1|0
RZ1|74|1|ST36-004|0|25|0|23|0|0|0|0|0
RZ1|CHK|74|1|50|0|0|0|10|0|0|0|1|0
RZ1|75|1|OP10-112|0|44|0|24|0|0|0|0|0
RZ1|CHK|75|1|50|0|0|0|10|0|0|0|1|0
RZ1|76|1|OP13-116|0|47|0|25|0|0|0|0|0
RZ1|CHK|76|1|50|0|0|0|10|0|0|0|1|0
RZ1|77|1|ST36-001|0|32|0|26|0|0|0|0|0
RZ1|CHK|77|1|50|0|0|0|10|0|0|0|1|0
RZ1|78|1|OP11-101|0|31|0|27|0|0|0|0|0
RZ1|CHK|78|1|50|0|0|0|10|0|0|0|1|0
RZ1|79|1|P-088|0|36|0|28|0|0|0|0|0
RZ1|CHK|79|1|50|0|0|0|10|0|0|0|1|0
RZ1|80|1|OP10-116|0|48|0|29|0|0|0|0|0
RZ1|CHK|80|1|50|0|0|0|10|0|0|0|1|0
RZ1|81|1|OP10-109|0|36|0|30|0|0|0|0|0
RZ1|CHK|81|1|50|0|0|0|10|0|0|0|1|0
RZ1|82|1|ST36-002|0|41|0|31|0|0|0|0|0
RZ1|CHK|82|1|50|0|0|0|10|0|0|0|1|0
RZ1|83|1|OP10-112|0|47|0|32|0|0|0|0|0
RZ1|CHK|83|1|50|0|0|0|10|0|0|0|1|0
RZ1|84|1|P-088|0|40|0|33|0|0|0|0|0
RZ1|CHK|84|1|50|0|0|0|10|0|0|0|1|0
RZ1|85|1|OP10-119|0|46|0|34|0|0|0|0|0
RZ1|CHK|85|1|50|0|0|0|10|0|0|0|1|0
RZ1|86|1|ST36-001|0|40|0|35|0|0|0|0|0
RZ1|CHK|86|1|50|0|0|0|10|0|0|0|1|0
RZ1|87|1|P-088|0|41|0|36|0|0|0|0|0
RZ1|CHK|87|1|50|0|0|0|10|0|0|0|1|0
RZ1|88|1|EB04-059|0|49|0|37|0|0|0|0|0
RZ1|CHK|88|1|50|0|0|0|10|0|0|0|1|0
RZ1|89|1|OP11-101|0|40|0|38|0|0|0|0|0
RZ1|CHK|89|1|50|0|0|0|10|0|0|0|1|0
RZ1|90|1|OP15-105|0|40|0|39|0|0|0|0|0
RZ1|CHK|90|1|50|0|0|0|10|0|0|0|1|0
RZ1|91|1|OP10-119|0|47|0|40|0|0|0|0|0
RZ1|CHK|91|1|50|0|0|0|10|0|0|0|1|0
RZ1|92|1|OP10-114|0|43|0|41|0|0|0|0|0
RZ1|CHK|92|1|50|0|0|0|10|0|0|0|1|0
RZ1|93|1|ST36-005|0|47|0|42|0|0|0|0|0
RZ1|CHK|93|1|50|0|0|0|10|0|0|0|1|0
RZ1|94|1|OP10-119|0|48|0|43|0|0|0|0|0
RZ1|CHK|94|1|50|0|0|0|10|0|0|0|1|0
RZ1|95|1|OP12-117|0|49|0|44|0|0|0|0|0
RZ1|CHK|95|1|50|0|0|0|10|0|0|0|1|0
RZ1|96|1|ST36-003|0|49|0|45|0|0|0|0|0
RZ1|CHK|96|1|50|0|0|0|10|0|0|0|1|0
RZ1|97|1|ST36-002|0|48|0|46|0|0|0|0|0
RZ1|CHK|97|1|50|0|0|0|10|0|0|0|1|0
RZ1|98|1|ST36-002|0|49|0|47|0|0|0|0|0
RZ1|CHK|98|1|50|0|0|0|10|0|0|0|1|0
RZ1|99|1|OP11-101|0|49|0|48|0|0|0|0|0
RZ1|CHK|99|1|50|0|0|0|10|0|0|0|1|0
[Karlmalone​#2854] Drew card from deck: Monkey D. Luffy ["OP10-111">OP10-111]
RZ1|100|1|OP10-111|0|49|1|0|1|1|0|0|0
RZ1|CHK|100|1|49|1|0|0|10|0|0|0|1|0
[Karlmalone​#2854] Drew card from deck: Capone "Gang" Bege ["OP11-101">OP11-101]
RZ1|101|1|OP11-101|0|48|1|1|1|1|0|0|0
RZ1|CHK|101|1|48|2|0|0|10|0|0|0|1|0
[Karlmalone​#2854] Drew card from deck: Killer ["ST36-002">ST36-002]
RZ1|102|1|ST36-002|0|47|1|2|1|1|0|0|0
RZ1|CHK|102|1|47|3|0|0|10|0|0|0|1|0
[Karlmalone​#2854] Drew card from deck: Killer ["ST36-002">ST36-002]
RZ1|103|1|ST36-002|0|46|1|3|1|1|0|0|0
RZ1|CHK|103|1|46|4|0|0|10|0|0|0|1|0
[Karlmalone​#2854] Drew card from deck: Scratchmen Apoo ["ST36-003">ST36-003]
RZ1|104|1|ST36-003|0|45|1|4|1|1|0|0|0
RZ1|CHK|104|1|45|5|0|0|10|0|0|0|1|0
[Karlmalone​#2854] Hand before Mulligan: [OP10-111,OP11-101,ST36-002,ST36-002,ST36-003]
RZ1|105|2|ST33-004|1|0|0|45|0|0|0|0|0
RZ1|CHK|105|2|46|4|0|0|10|0|0|0|1|0
RZ1|106|2|OP06-044|1|0|0|46|0|0|0|0|0
RZ1|CHK|106|2|47|3|0|0|10|0|0|0|1|0
RZ1|107|2|EB04-022|1|0|0|47|0|0|0|0|0
RZ1|CHK|107|2|48|2|0|0|10|0|0|0|1|0
RZ1|108|2|OP12-047|1|0|0|48|0|0|0|0|0
RZ1|CHK|108|2|49|1|0|0|10|0|0|0|1|0
RZ1|109|2|OP06-058|1|0|0|49|0|0|0|0|0
RZ1|CHK|109|2|50|0|0|0|10|0|0|0|1|0
RZ1|110|2|OP12-043|0|33|0|0|0|0|0|0|0
RZ1|CHK|110|2|50|0|0|0|10|0|0|0|1|0
RZ1|111|2|ST33-004|0|16|0|1|0|0|0|0|0
RZ1|CHK|111|2|50|0|0|0|10|0|0|0|1|0
RZ1|112|2|OP12-057|0|20|0|2|0|0|0|0|0
RZ1|CHK|112|2|50|0|0|0|10|0|0|0|1|0
RZ1|113|2|ST33-005|0|19|0|3|0|0|0|0|0
RZ1|CHK|113|2|50|0|0|0|10|0|0|0|1|0
RZ1|114|2|OP06-050|0|21|0|4|0|0|0|0|0
RZ1|CHK|114|2|50|0|0|0|10|0|0|0|1|0
RZ1|115|2|OP12-043|0|14|0|5|0|0|0|0|0
RZ1|CHK|115|2|50|0|0|0|10|0|0|0|1|0
RZ1|116|2|OP12-051|0|24|0|6|0|0|0|0|0
RZ1|CHK|116|2|50|0|0|0|10|0|0|0|1|0
RZ1|117|2|OP12-057|0|13|0|7|0|0|0|0|0
RZ1|CHK|117|2|50|0|0|0|10|0|0|0|1|0
RZ1|118|2|OP12-056|0|24|0|8|0|0|0|0|0
RZ1|CHK|118|2|50|0|0|0|10|0|0|0|1|0
RZ1|119|2|EB04-022|0|20|0|9|0|0|0|0|0
RZ1|CHK|119|2|50|0|0|0|10|0|0|0|1|0
RZ1|120|2|ST33-003|0|20|0|10|0|0|0|0|0
RZ1|CHK|120|2|50|0|0|0|10|0|0|0|1|0
RZ1|121|2|OP12-057|0|42|0|11|0|0|0|0|0
RZ1|CHK|121|2|50|0|0|0|10|0|0|0|1|0
RZ1|122|2|OP12-047|0|24|0|12|0|0|0|0|0
RZ1|CHK|122|2|50|0|0|0|10|0|0|0|1|0
RZ1|123|2|OP12-057|0|22|0|13|0|0|0|0|0
RZ1|CHK|123|2|50|0|0|0|10|0|0|0|1|0
RZ1|124|2|OP12-043|0|42|0|14|0|0|0|0|0
RZ1|CHK|124|2|50|0|0|0|10|0|0|0|1|0
RZ1|125|2|ST33-005|0|20|0|15|0|0|0|0|0
RZ1|CHK|125|2|50|0|0|0|10|0|0|0|1|0
RZ1|126|2|ST33-005|0|44|0|16|0|0|0|0|0
RZ1|CHK|126|2|50|0|0|0|10|0|0|0|1|0
RZ1|127|2|OP06-050|0|36|0|17|0|0|0|0|0
RZ1|CHK|127|2|50|0|0|0|10|0|0|0|1|0
RZ1|128|2|ST33-002|0|33|0|18|0|0|0|0|0
RZ1|CHK|128|2|50|0|0|0|10|0|0|0|1|0
RZ1|129|2|OP06-058|0|49|0|19|0|0|0|0|0
RZ1|CHK|129|2|50|0|0|0|10|0|0|0|1|0
RZ1|130|2|EB04-028|0|34|0|20|0|0|0|0|0
RZ1|CHK|130|2|50|0|0|0|10|0|0|0|1|0
RZ1|131|2|OP06-058|0|44|0|21|0|0|0|0|0
RZ1|CHK|131|2|50|0|0|0|10|0|0|0|1|0
RZ1|132|2|EB04-026|0|36|0|22|0|0|0|0|0
RZ1|CHK|132|2|50|0|0|0|10|0|0|0|1|0
RZ1|133|2|OP12-044|0|24|0|23|0|0|0|0|0
RZ1|CHK|133|2|50|0|0|0|10|0|0|0|1|0
RZ1|134|2|ST33-002|0|32|0|24|0|0|0|0|0
RZ1|CHK|134|2|50|0|0|0|10|0|0|0|1|0
RZ1|135|2|OP12-047|0|39|0|25|0|0|0|0|0
RZ1|CHK|135|2|50|0|0|0|10|0|0|0|1|0
RZ1|136|2|ST33-005|0|33|0|26|0|0|0|0|0
RZ1|CHK|136|2|50|0|0|0|10|0|0|0|1|0
RZ1|137|2|OP12-044|0|41|0|27|0|0|0|0|0
RZ1|CHK|137|2|50|0|0|0|10|0|0|0|1|0
RZ1|138|2|OP06-050|0|32|0|28|0|0|0|0|0
RZ1|CHK|138|2|50|0|0|0|10|0|0|0|1|0
RZ1|139|2|ST33-003|0|36|0|29|0|0|0|0|0
RZ1|CHK|139|2|50|0|0|0|10|0|0|0|1|0
RZ1|140|2|OP12-051|0|36|0|30|0|0|0|0|0
RZ1|CHK|140|2|50|0|0|0|10|0|0|0|1|0
RZ1|141|2|ST33-001|0|44|0|31|0|0|0|0|0
RZ1|CHK|141|2|50|0|0|0|10|0|0|0|1|0
RZ1|142|2|OP12-047|0|49|0|32|0|0|0|0|0
RZ1|CHK|142|2|50|0|0|0|10|0|0|0|1|0
RZ1|143|2|ST33-004|0|34|0|33|0|0|0|0|0
RZ1|CHK|143|2|50|0|0|0|10|0|0|0|1|0
RZ1|144|2|OP12-056|0|39|0|34|0|0|0|0|0
RZ1|CHK|144|2|50|0|0|0|10|0|0|0|1|0
RZ1|145|2|EB04-028|0|42|0|35|0|0|0|0|0
RZ1|CHK|145|2|50|0|0|0|10|0|0|0|1|0
RZ1|146|2|EB04-022|0|38|0|36|0|0|0|0|0
RZ1|CHK|146|2|50|0|0|0|10|0|0|0|1|0
RZ1|147|2|OP06-050|0|42|0|38|0|0|0|0|0
RZ1|CHK|147|2|50|0|0|0|10|0|0|0|1|0
RZ1|148|2|EB04-026|0|40|0|39|0|0|0|0|0
RZ1|CHK|148|2|50|0|0|0|10|0|0|0|1|0
RZ1|149|2|OP12-044|0|45|0|40|0|0|0|0|0
RZ1|CHK|149|2|50|0|0|0|10|0|0|0|1|0
RZ1|150|2|OP12-051|0|45|0|41|0|0|0|0|0
RZ1|CHK|150|2|50|0|0|0|10|0|0|0|1|0
RZ1|151|2|EB04-022|0|49|0|42|0|0|0|0|0
RZ1|CHK|151|2|50|0|0|0|10|0|0|0|1|0
RZ1|152|2|OP06-043|0|47|0|43|0|0|0|0|0
RZ1|CHK|152|2|50|0|0|0|10|0|0|0|1|0
RZ1|153|2|ST33-004|0|48|0|44|0|0|0|0|0
RZ1|CHK|153|2|50|0|0|0|10|0|0|0|1|0
RZ1|154|2|ST33-004|0|47|0|46|0|0|0|0|0
RZ1|CHK|154|2|50|0|0|0|10|0|0|0|1|0
RZ1|155|2|OP06-044|0|49|0|47|0|0|0|0|0
RZ1|CHK|155|2|50|0|0|0|10|0|0|0|1|0
[Proxh​#4377] Drew card from deck: Aramaki ["OP06-043">OP06-043]
RZ1|156|2|OP06-043|0|49|1|0|0|1|0|0|0
RZ1|CHK|156|2|49|1|0|0|10|0|0|0|1|0
[Proxh​#4377] Drew card from deck: Gion ["OP06-044">OP06-044]
RZ1|157|2|OP06-044|0|48|1|1|0|1|0|0|0
RZ1|CHK|157|2|48|2|0|0|10|0|0|0|1|0
[Proxh​#4377] Drew card from deck: Gion ["OP06-044">OP06-044]
RZ1|158|2|OP06-044|0|47|1|2|0|1|0|0|0
RZ1|CHK|158|2|47|3|0|0|10|0|0|0|1|0
[Proxh​#4377] Drew card from deck: Borsalino ["ST33-004">ST33-004]
RZ1|159|2|ST33-004|0|46|1|3|0|1|0|0|0
RZ1|CHK|159|2|46|4|0|0|10|0|0|0|1|0
[Proxh​#4377] Drew card from deck: Sengoku ["OP12-047">OP12-047]
RZ1|160|2|OP12-047|0|45|1|4|0|1|0|0|0
RZ1|CHK|160|2|45|5|0|0|10|0|0|0|1|0
RZ1|161|2|ST33-004|0|44|3|0|0|1|0|0|0
RZ1|CHK|161|2|44|5|0|1|10|0|0|0|1|0
RZ1|162|2|OP06-043|0|43|3|1|0|1|0|0|0
RZ1|CHK|162|2|43|5|0|2|10|0|0|0|1|0
RZ1|163|2|EB04-022|0|42|3|2|0|1|0|0|0
RZ1|CHK|163|2|42|5|0|3|10|0|0|0|1|0
RZ1|164|2|OP12-051|0|41|3|3|0|1|0|0|0
RZ1|CHK|164|2|41|5|0|4|10|0|0|0|1|0
RZ1|165|2|OP12-044|0|40|3|4|0|1|0|0|0
RZ1|CHK|165|2|40|5|0|5|10|0|0|0|1|0
[Proxh​#4377] Mulligan
RZ1|166|1|OP12-117|0|44|3|0|1|0|0|0|0
RZ1|CHK|166|1|44|5|0|1|10|0|0|0|1|0
RZ1|167|1|OP10-119|0|43|3|1|1|0|0|0|0
RZ1|CHK|167|1|43|5|0|2|10|0|0|0|1|0
RZ1|168|1|ST36-005|0|42|3|2|1|0|0|0|0
RZ1|CHK|168|1|42|5|0|3|10|0|0|0|1|0
RZ1|169|1|OP10-114|0|41|3|3|1|0|0|0|0
RZ1|CHK|169|1|41|5|0|4|10|0|0|0|1|0
RZ1|170|1|OP10-119|0|40|3|4|1|0|0|0|0
RZ1|CHK|170|1|40|5|0|5|10|0|0|0|1|0
[Karlmalone​#2854] Hand: [OP10-111,OP11-101,ST36-002,ST36-002,ST36-003]
[Karlmalone​#2854] Board: []
[Karlmalone​#2854] Trash: []
[Karlmalone​#2854] Life: 5
[Proxh​#4377] Hand: [OP06-043,OP06-044,OP06-044,ST33-004,OP12-047]
[Proxh​#4377] Trash: []
[Proxh​#4377] Board: []
[Proxh​#4377] Life: 5
RZ1|171|1|Don|4|9|5|0|1|1|0|0|0
RZ1|CHK|171|1|40|5|0|5|9|1|0|0|1|0
[Karlmalone​#2854] Draw 1 Don
RZ1|172|1|Don|5|0|5|0|1|1|1|0|0
RZ1|CHK|172|1|40|5|0|5|9|1|0|0|1|0
[Karlmalone​#2854] Deploy Monkey D. Luffy ["OP10-111">OP10-111]
RZ1|173|1|OP10-111|1|0|2|0|1|1|0|0|0
RZ1|CHK|173|1|40|4|1|5|9|1|0|0|1|0
RZ1|174|1|OP15-105|0|39|1|4|1|1|0|0|0
RZ1|CHK|174|1|39|5|1|5|9|1|0|0|1|0
[Karlmalone​#2854] Monkey D. Luffy ["OP10-111">OP10-111]: <b>Reveal and Draw Jewelry Bonney ["OP15-105">OP15-105]</b>
[Karlmalone​#2854] Placing Cards on Bottom of Deck
RZ1|175|1|OP11-101|0|38|0|0|0|0|0|0|0
RZ1|CHK|175|1|39|5|1|5|9|1|0|0|1|0
RZ1|176|1|EB04-059|0|38|0|0|0|0|0|0|0
RZ1|CHK|176|1|39|5|1|5|9|1|0|0|1|0
RZ1|177|1|P-088|0|38|0|0|0|0|0|0|0
RZ1|CHK|177|1|39|5|1|5|9|1|0|0|1|0
RZ1|178|1|ST36-001|0|38|0|0|0|0|0|0|0
RZ1|CHK|178|1|39|5|1|5|9|1|0|0|1|0
[Karlmalone​#2854] Hand: [OP11-101,ST36-002,ST36-002,ST36-003,OP15-105]
[Karlmalone​#2854] Board: [OP10-111]
[Karlmalone​#2854] Trash: []
[Karlmalone​#2854] Life: 5
[Proxh​#4377] Hand: [OP06-043,OP06-044,OP06-044,ST33-004,OP12-047]
[Proxh​#4377] Trash: []
[Proxh​#4377] Board: []
[Proxh​#4377] Life: 5
[Karlmalone​#2854] End Turn
[Proxh​#4377] Draw 1 Card
[Proxh​#4377] Drew card from deck: Bluegrass ["EB04-026">EB04-026]
RZ1|179|2|EB04-026|0|39|1|5|0|1|0|0|0
RZ1|CHK|179|2|39|6|0|5|10|0|0|0|1|0
RZ1|180|2|Don|4|9|5|0|1|1|0|0|0
RZ1|CHK|180|2|39|6|0|5|9|1|0|0|1|0
RZ1|181|2|Don|4|8|5|1|1|1|0|0|0
RZ1|CHK|181|2|39|6|0|5|8|2|0|0|1|0
[Proxh​#4377] Draw 2 Don
[Proxh​#4377] End Turn
[Karlmalone​#2854] Hand: [OP11-101,ST36-002,ST36-002,ST36-003,OP15-105]
[Karlmalone​#2854] Board: [OP10-111]
[Karlmalone​#2854] Trash: []
[Karlmalone​#2854] Life: 5
[Proxh​#4377] Hand: [OP06-043,OP06-044,OP06-044,ST33-004,OP12-047,EB04-026]
[Proxh​#4377] Trash: []
[Proxh​#4377] Board: []
[Proxh​#4377] Life: 5
[Karlmalone​#2854] Draw 1 Card
[Karlmalone​#2854] Drew card from deck: Trafalgar Law ["OP10-119">OP10-119]
RZ1|182|1|OP10-119|0|38|1|5|1|1|0|0|0
RZ1|CHK|182|1|38|6|1|5|9|1|0|0|1|0
RZ1|183|1|Don|4|8|5|1|1|1|0|0|0
RZ1|CHK|183|1|38|6|1|5|8|2|0|0|1|0
RZ1|184|1|Don|4|7|5|2|1|1|0|0|0
RZ1|CHK|184|1|38|6|1|5|7|3|0|0|1|0
[Karlmalone​#2854] Draw 2 Don
[Karlmalone​#2854] Eustass "Captain" Kid ["OP10-099">OP10-099] attacking Kuzan ["OP12-040">OP12-040]
RZ1|185|2|OP12-044|3|4|1|6|0|1|0|0|0
RZ1|CHK|185|2|39|7|0|4|8|2|0|0|1|0
Eustass "Captain" Kid ["OP10-099">OP10-099][5000] vs Kuzan ["OP12-040">OP12-040][5000]
Kuzan ["OP12-040">OP12-040] hit for 1 damage
RZ1|186|1|Don|5|0|5|0|1|1|1|0|0
RZ1|CHK|186|1|38|6|1|5|7|3|0|0|1|0
RZ1|187|1|Don|5|1|5|1|1|1|1|0|0
RZ1|CHK|187|1|38|6|1|5|7|3|0|0|1|0
[Karlmalone​#2854] Deploy Capone "Gang" Bege ["OP11-101">OP11-101]
RZ1|188|1|OP11-101|1|0|2|1|1|1|0|0|0
RZ1|CHK|188|1|38|5|2|5|7|3|0|0|1|0
RZ1|189|1|Don|5|2|5|2|1|1|1|0|0
RZ1|CHK|189|1|38|5|2|5|7|3|0|0|1|0
[Karlmalone​#2854] Deploy Jewelry Bonney ["OP15-105">OP15-105]
RZ1|190|1|OP15-105|1|3|2|2|1|1|0|0|0
RZ1|CHK|190|1|38|4|3|5|7|3|0|0|1|0
[Karlmalone​#2854] Hand: [ST36-002,ST36-002,ST36-003,OP10-119]
[Karlmalone​#2854] Board: [OP10-111,OP11-101,OP15-105]
[Karlmalone​#2854] Trash: []
[Karlmalone​#2854] Life: 5
[Proxh​#4377] Hand: [OP06-043,OP06-044,OP06-044,ST33-004,OP12-047,EB04-026,OP12-044]
[Proxh​#4377] Trash: []
[Proxh​#4377] Board: []
[Proxh​#4377] Life: 4
[Karlmalone​#2854] End Turn
[Proxh​#4377] Draw 1 Card
[Proxh​#4377] Drew card from deck: Tashigi ["OP06-050">OP06-050]
RZ1|191|2|OP06-050|0|38|1|7|0|1|0|0|0
RZ1|CHK|191|2|38|8|0|4|8|2|0|0|1|0
RZ1|192|2|Don|4|7|5|2|1|1|0|0|0
RZ1|CHK|192|2|38|8|0|4|7|3|0|0|1|0
RZ1|193|2|Don|4|6|5|3|1|1|0|0|0
RZ1|CHK|193|2|38|8|0|4|6|4|0|0|1|0
[Proxh​#4377] Draw 2 Don
[Proxh​#4377] Kuzan ["OP12-040">OP12-040] attacking Eustass "Captain" Kid ["OP10-099">OP10-099]
Kuzan ["OP12-040">OP12-040][5000] vs Eustass "Captain" Kid ["OP10-099">OP10-099][5000]
Eustass "Captain" Kid ["OP10-099">OP10-099] hit for 1 damage
RZ1|194|1|OP10-119|3|4|1|4|1|1|0|0|0
RZ1|CHK|194|1|38|5|3|4|7|3|0|0|1|0
RZ1|195|2|Don|5|0|5|0|1|1|1|0|0
RZ1|CHK|195|2|38|8|0|4|6|4|0|0|1|0
RZ1|196|2|Don|5|1|5|1|1|1|1|0|0
RZ1|CHK|196|2|38|8|0|4|6|4|0|0|1|0
RZ1|197|2|Don|5|2|5|2|1|1|1|0|0
RZ1|CHK|197|2|38|8|0|4|6|4|0|0|1|0
RZ1|198|2|Don|5|3|5|3|1|1|1|0|0
RZ1|CHK|198|2|38|8|0|4|6|4|0|0|1|0
[Proxh​#4377] Deploy Bluegrass ["EB04-026">EB04-026]
RZ1|199|2|EB04-026|1|5|2|0|1|1|0|0|0
RZ1|CHK|199|2|38|7|1|4|6|4|0|0|1|0
[Proxh​#4377] Bluegrass ["EB04-026">EB04-026]: Send Jewelry Bonney ["OP15-105">OP15-105] to Deck Bottom
[Karlmalone​#2854] Capone "Gang" Bege ["OP11-101">OP11-101]: Add Jewelry Bonney ["OP15-105">OP15-105] to top of Life
[Karlmalone​#2854] Capone "Gang" Bege ["OP11-101">OP11-101]: Prevent Effect To Jewelry Bonney ["OP15-105">OP15-105]
RZ1|200|1|OP15-105|2|2|3|4|1|1|0|0|0
RZ1|CHK|200|1|38|5|2|5|7|3|0|0|1|0
[Proxh​#4377] End Turn
[Karlmalone​#2854] Hand: [ST36-002,ST36-002,ST36-003,OP10-119,OP10-119]
[Karlmalone​#2854] Board: [OP10-111,OP11-101]
[Karlmalone​#2854] Trash: []
[Karlmalone​#2854] Life: 5
[Proxh​#4377] Hand: [OP06-043,OP06-044,OP06-044,ST33-004,OP12-047,OP12-044,OP06-050]
[Proxh​#4377] Trash: []
[Proxh​#4377] Board: [EB04-026]
[Proxh​#4377] Life: 4
[Karlmalone​#2854] Draw 1 Card
[Karlmalone​#2854] Drew card from deck: Trafalgar Law ["P-088">P-088]
RZ1|201|1|P-088|0|37|1|5|1|1|0|0|0
RZ1|CHK|201|1|37|6|2|5|7|3|0|0|1|0
RZ1|202|1|Don|4|6|5|3|1|1|0|0|0
RZ1|CHK|202|1|37|6|2|5|6|4|0|0|1|0
RZ1|203|1|Don|4|5|5|4|1|1|0|0|0
RZ1|CHK|203|1|37|6|2|5|5|5|0|0|1|0
[Karlmalone​#2854] Draw 2 Don
[Karlmalone​#2854] Attach 1 Don to Eustass "Captain" Kid ["OP10-099">OP10-099] (1 Total)
RZ1|204|1|Don|5|4|9|9900|1|1|0|0|0
RZ1|CHK|204|1|37|6|2|5|5|4|0|0|1|1
[Karlmalone​#2854] Eustass "Captain" Kid ["OP10-099">OP10-099] attacking Kuzan ["OP12-040">OP12-040]
[Proxh​#4377] Discard Gion ["OP06-044">OP06-044] for Counter 2000
RZ1|205|2|OP06-044|1|2|6|0|1|1|0|0|0
RZ1|CHK|205|2|38|6|1|4|6|4|1|0|1|0
Eustass "Captain" Kid ["OP10-099">OP10-099][6000] vs Kuzan ["OP12-040">OP12-040][7000]
Attack Fails
RZ1|206|1|Don|5|0|5|0|1|1|1|0|0
RZ1|CHK|206|1|37|6|2|5|5|4|0|0|1|1
RZ1|207|1|Don|5|1|5|1|1|1|1|0|0
RZ1|CHK|207|1|37|6|2|5|5|4|0|0|1|1
RZ1|208|1|Don|5|2|5|2|1|1|1|0|0
RZ1|CHK|208|1|37|6|2|5|5|4|0|0|1|1
RZ1|209|1|Don|5|3|5|3|1|1|1|0|0
RZ1|CHK|209|1|37|6|2|5|5|4|0|0|1|1
[Karlmalone​#2854] Deploy Killer ["ST36-002">ST36-002]
RZ1|210|1|ST36-002|1|1|2|2|1|1|0|0|0
RZ1|CHK|210|1|37|5|3|5|5|4|0|0|1|1
[Karlmalone​#2854] Killer ["ST36-002">ST36-002]: Add card to top of Life from Deck
RZ1|211|1|OP10-112|0|36|3|5|1|0|0|0|0
RZ1|CHK|211|1|36|5|3|6|5|4|0|0|1|1
[Karlmalone​#2854] Eustass "Captain" Kid ["OP10-099">OP10-099]: Flip 1 Life Face Up
RZ1|212|1|OP10-112|3|5|3|5|1|1|0|0|0
RZ1|CHK|212|1|36|5|3|6|5|4|0|0|1|1
[Karlmalone​#2854] Eustass "Captain" Kid ["OP10-099">OP10-099]: Set Killer ["ST36-002">ST36-002] to Active
[Karlmalone​#2854] Eustass "Captain" Kid ["OP10-099">OP10-099]: Killer ["ST36-002">ST36-002] Gains Blocker
[Karlmalone​#2854] Hand: [ST36-002,ST36-003,OP10-119,OP10-119,P-088]
[Karlmalone​#2854] Board: [OP10-111,OP11-101,ST36-002]
[Karlmalone​#2854] Trash: []
[Karlmalone​#2854] Life: 6
[Proxh​#4377] Hand: [OP06-043,OP06-044,ST33-004,OP12-047,OP12-044,OP06-050]
[Proxh​#4377] Trash: [OP06-044]
[Proxh​#4377] Board: [EB04-026]
[Proxh​#4377] Life: 4
[Karlmalone​#2854] End Turn
[Proxh​#4377] Draw 1 Card
[Proxh​#4377] Drew card from deck: Smoker ["ST33-003">ST33-003]
RZ1|213|2|ST33-003|0|37|1|6|0|1|0|0|0
RZ1|CHK|213|2|37|7|1|4|6|4|1|0|1|0
RZ1|214|2|Don|4|5|5|4|1|1|0|0|0
RZ1|CHK|214|2|37|7|1|4|5|5|1|0|1|0
RZ1|215|2|Don|4|4|5|5|1|1|0|0|0
RZ1|CHK|215|2|37|7|1|4|4|6|1|0|1|0
[Proxh​#4377] Draw 2 Don
[Proxh​#4377] Bluegrass ["EB04-026">EB04-026] attacking Eustass "Captain" Kid ["OP10-099">OP10-099]
[Proxh​#4377] Drew card from deck: Issho ["EB04-022">EB04-022]
RZ1|216|2|EB04-022|0|36|1|7|0|1|0|0|0
RZ1|CHK|216|2|36|8|1|4|4|6|1|0|1|0
[Proxh​#4377] Bluegrass ["EB04-026">EB04-026]: Draw 1 Card
RZ1|217|2|OP12-047|1|3|6|1|1|1|0|0|0
RZ1|CHK|217|2|36|7|1|4|4|6|2|0|1|0
[Proxh​#4377] Bluegrass ["EB04-026">EB04-026]: Trash Sengoku ["OP12-047">OP12-047]
[Proxh​#4377] Drew card from deck: Ice Time ["EB04-028">EB04-028]
RZ1|218|2|EB04-028|0|35|1|7|0|1|0|0|0
RZ1|CHK|218|2|35|8|1|4|4|6|2|0|1|0
[Proxh​#4377] Kuzan ["OP12-040">OP12-040]: Draw 1 Card
[Karlmalone​#2854] Discard Scratchmen Apoo ["ST36-003">ST36-003] for Counter 2000
RZ1|219|1|ST36-003|1|1|6|0|1|1|0|0|0
RZ1|CHK|219|1|36|4|3|6|5|4|1|0|1|1
Bluegrass ["EB04-026">EB04-026][6000] vs Eustass "Captain" Kid ["OP10-099">OP10-099][7000]
Attack Fails
RZ1|220|2|Don|5|0|5|0|1|1|1|0|0
RZ1|CHK|220|2|35|8|1|4|4|6|2|0|1|0
[Proxh​#4377] Deploy Tashigi ["OP06-050">OP06-050]
RZ1|221|2|OP06-050|1|4|2|1|1|1|0|0|0
RZ1|CHK|221|2|35|7|2|4|4|6|2|0|1|0
RZ1|222|2|OP12-056|0|34|1|7|0|1|0|0|0
RZ1|CHK|222|2|34|8|2|4|4|6|2|0|1|0
[Proxh​#4377] Tashigi ["OP06-050">OP06-050]: <b>Reveal and Draw Monkey D. Garp ["OP12-056">OP12-056]</b>
[Proxh​#4377] Placing Cards on Bottom of Deck
RZ1|223|2|ST33-004|0|33|0|0|0|0|0|0|0
RZ1|CHK|223|2|34|8|2|4|4|6|2|0|1|0
RZ1|224|2|OP12-047|0|33|0|0|0|0|0|0|0
RZ1|CHK|224|2|34|8|2|4|4|6|2|0|1|0
RZ1|225|2|ST33-001|0|33|0|0|0|0|0|0|0
RZ1|CHK|225|2|34|8|2|4|4|6|2|0|1|0
RZ1|226|2|OP12-051|0|33|0|0|0|0|0|0|0
RZ1|CHK|226|2|34|8|2|4|4|6|2|0|1|0
RZ1|227|2|Don|5|1|5|1|1|1|1|0|0
RZ1|CHK|227|2|34|8|2|4|4|6|2|0|1|0
RZ1|228|2|Don|5|2|5|2|1|1|1|0|0
RZ1|CHK|228|2|34|8|2|4|4|6|2|0|1|0
[Proxh​#4377] Deploy Smoker ["ST33-003">ST33-003]
RZ1|229|2|ST33-003|1|4|2|2|1|1|0|0|0
RZ1|CHK|229|2|34|7|3|4|4|6|2|0|1|0
RZ1|230|2|EB04-022|1|4|6|2|1|1|0|0|0
RZ1|CHK|230|2|34|6|3|4|4|6|3|0|1|0
[Proxh​#4377] Smoker ["ST33-003">ST33-003]: Trash Issho ["EB04-022">EB04-022]
[Proxh​#4377] Smoker ["ST33-003">ST33-003]: Send Capone "Gang" Bege ["OP11-101">OP11-101] to Deck Bottom
[Proxh​#4377] Smoker ["ST33-003">ST33-003]: Send Monkey D. Luffy ["OP10-111">OP10-111] to Deck Bottom
RZ1|231|1|OP11-101|2|1|0|0|0|0|0|0|0
RZ1|CHK|231|1|37|4|2|6|5|4|1|0|1|1
[Proxh​#4377] Drew card from deck: Smoker ["ST33-003">ST33-003]
RZ1|232|2|ST33-003|0|33|1|6|0|1|0|0|0
RZ1|CHK|232|2|33|7|3|4|4|6|3|0|1|0
[Proxh​#4377] Kuzan ["OP12-040">OP12-040]: Draw 1 Card
[Proxh​#4377] Attach 2 Don to Kuzan ["OP12-040">OP12-040] (2 Total)
RZ1|233|2|Don|5|5|9|9900|1|1|0|0|0
RZ1|CHK|233|2|33|7|3|4|4|5|3|0|1|1
RZ1|234|2|Don|5|4|9|9901|1|1|0|0|0
RZ1|CHK|234|2|33|7|3|4|4|4|3|0|1|2
[Proxh​#4377] Kuzan ["OP12-040">OP12-040] attacking Eustass "Captain" Kid ["OP10-099">OP10-099]
[Karlmalone​#2854] Killer ["ST36-002">ST36-002] Blocks
[Karlmalone​#2854] Discard Trafalgar Law ["P-088">P-088] for Counter 2000
RZ1|235|1|P-088|1|3|6|1|1|1|0|0|0
RZ1|CHK|235|1|37|3|2|6|5|4|2|0|1|1
Kuzan ["OP12-040">OP12-040][7000] vs Killer ["ST36-002">ST36-002][8000]
Attack Fails
[Proxh​#4377] End Turn
[Karlmalone​#2854] Hand: [ST36-002,OP10-119,OP10-119]
[Karlmalone​#2854] Board: [OP10-111,ST36-002]
[Karlmalone​#2854] Trash: [ST36-003,P-088]
[Karlmalone​#2854] Life: 6
[Proxh​#4377] Hand: [OP06-043,OP06-044,ST33-004,OP12-044,EB04-028,OP12-056,ST33-003]
[Proxh​#4377] Trash: [OP06-044,OP12-047,EB04-022]
[Proxh​#4377] Board: [EB04-026,OP06-050,ST33-003]
[Proxh​#4377] Life: 4
RZ1|236|1|Don|9|9900|5|0|1|1|1|0|0
RZ1|CHK|236|1|37|3|2|6|5|5|2|0|1|0
[Karlmalone​#2854] Draw 1 Card
[Karlmalone​#2854] Drew card from deck: Killer ["ST36-002">ST36-002]
RZ1|237|1|ST36-002|0|36|1|3|1|1|0|0|0
RZ1|CHK|237|1|36|4|2|6|5|5|2|0|1|0
RZ1|238|1|Don|4|4|5|5|1|1|0|0|0
RZ1|CHK|238|1|36|4|2|6|4|6|2|0|1|0
RZ1|239|1|Don|4|3|5|6|1|1|0|0|0
RZ1|CHK|239|1|36|4|2|6|3|7|2|0|1|0
[Karlmalone​#2854] Draw 2 Don
RZ1|240|1|Don|5|0|5|0|1|1|1|0|0
RZ1|CHK|240|1|36|4|2|6|3|7|2|0|1|0
RZ1|241|1|Don|5|1|5|1|1|1|1|0|0
RZ1|CHK|241|1|36|4|2|6|3|7|2|0|1|0
RZ1|242|1|Don|5|2|5|2|1|1|1|0|0
RZ1|CHK|242|1|36|4|2|6|3|7|2|0|1|0
RZ1|243|1|Don|5|3|5|3|1|1|1|0|0
RZ1|CHK|243|1|36|4|2|6|3|7|2|0|1|0
RZ1|244|1|Don|5|4|5|4|1|1|1|0|0
RZ1|CHK|244|1|36|4|2|6|3|7|2|0|1|0
RZ1|245|1|Don|5|5|5|5|1|1|1|0|0
RZ1|CHK|245|1|36|4|2|6|3|7|2|0|1|0
RZ1|246|1|Don|5|6|5|6|1|1|1|0|0
RZ1|CHK|246|1|36|4|2|6|3|7|2|0|1|0
[Karlmalone​#2854] Deploy Trafalgar Law ["OP10-119">OP10-119]
RZ1|247|1|OP10-119|1|2|2|2|1|1|0|0|0
RZ1|CHK|247|1|36|3|3|6|3|7|2|0|1|0
[Karlmalone​#2854] Trafalgar Law ["OP10-119">OP10-119] revealed: Killer ["ST36-002">ST36-002]
[Karlmalone​#2854] Trafalgar Law ["OP10-119">OP10-119]: Added card to top of Life from Hand
RZ1|248|1|ST36-002|1|2|3|6|1|0|0|0|0
RZ1|CHK|248|1|36|2|3|7|3|7|2|0|1|0
[Karlmalone​#2854] Trafalgar Law ["OP10-119">OP10-119]: Attach 1 Rested Don to Eustass "Captain" Kid ["OP10-099">OP10-099]
RZ1|249|1|Don|5|0|9|9900|1|1|1|0|0
RZ1|CHK|249|1|36|2|3|7|3|6|2|0|1|1
[Karlmalone​#2854] Killer ["ST36-002">ST36-002] attacking Kuzan ["OP12-040">OP12-040]
RZ1|250|2|OP12-051|3|3|1|7|0|1|0|0|0
RZ1|CHK|250|2|33|8|3|3|4|4|3|0|1|2
Killer ["ST36-002">ST36-002][6000] vs Kuzan ["OP12-040">OP12-040][5000]
Kuzan ["OP12-040">OP12-040] hit for 1 damage
[Karlmalone​#2854] Eustass "Captain" Kid ["OP10-099">OP10-099] attacking Bluegrass ["EB04-026">EB04-026]
[Proxh​#4377] Discard Hina ["OP12-051">OP12-051] for Counter 2000
RZ1|251|2|OP12-051|1|7|6|3|1|1|0|0|0
RZ1|CHK|251|2|33|7|3|3|4|4|4|0|1|2
Eustass "Captain" Kid ["OP10-099">OP10-099][6000] vs Bluegrass ["EB04-026">EB04-026][8000]
Attack Fails
[Karlmalone​#2854] Eustass "Captain" Kid ["OP10-099">OP10-099]: Flip 1 Life Face Up
RZ1|252|1|ST36-002|3|6|3|6|1|1|0|0|0
RZ1|CHK|252|1|36|2|3|7|3|6|2|0|1|1
[Karlmalone​#2854] Eustass "Captain" Kid ["OP10-099">OP10-099]: Set Killer ["ST36-002">ST36-002] to Active
[Karlmalone​#2854] Eustass "Captain" Kid ["OP10-099">OP10-099]: Killer ["ST36-002">ST36-002] Gains Blocker
[Karlmalone​#2854] Hand: [ST36-002,OP10-119]
[Karlmalone​#2854] Board: [OP10-111,ST36-002,OP10-119]
[Karlmalone​#2854] Trash: [ST36-003,P-088]
[Karlmalone​#2854] Life: 7
[Proxh​#4377] Hand: [OP06-043,OP06-044,ST33-004,OP12-044,EB04-028,OP12-056,ST33-003]
[Proxh​#4377] Trash: [OP06-044,OP12-047,EB04-022,OP12-051]
[Proxh​#4377] Board: [EB04-026,OP06-050,ST33-003]
[Proxh​#4377] Life: 3
[Karlmalone​#2854] End Turn
RZ1|253|2|Don|9|9900|5|0|1|1|1|0|0
RZ1|CHK|253|2|33|7|3|3|4|5|4|0|1|1
RZ1|254|2|Don|9|9900|5|0|1|1|1|0|0
RZ1|CHK|254|2|33|7|3|3|4|6|4|0|1|0
[Proxh​#4377] Draw 1 Card
[Proxh​#4377] Drew card from deck: Tashigi ["OP06-050">OP06-050]
RZ1|255|2|OP06-050|0|32|1|7|0|1|0|0|0
RZ1|CHK|255|2|32|8|3|3|4|6|4|0|1|0
RZ1|256|2|Don|4|3|5|6|1|1|0|0|0
RZ1|CHK|256|2|32|8|3|3|3|7|4|0|1|0
RZ1|257|2|Don|4|2|5|7|1|1|0|0|0
RZ1|CHK|257|2|32|8|3|3|2|8|4|0|1|0
[Proxh​#4377] Draw 2 Don
[Proxh​#4377] Bluegrass ["EB04-026">EB04-026] attacking Eustass "Captain" Kid ["OP10-099">OP10-099]
[Proxh​#4377] Drew card from deck: Sakazuki ["OP12-044">OP12-044]
RZ1|258|2|OP12-044|0|31|1|8|0|1|0|0|0
RZ1|CHK|258|2|31|9|3|3|2|8|4|0|1|0
[Proxh​#4377] Bluegrass ["EB04-026">EB04-026]: Draw 1 Card
RZ1|259|2|OP12-044|1|8|6|4|1|1|0|0|0
RZ1|CHK|259|2|31|8|3|3|2|8|5|0|1|0
[Proxh​#4377] Bluegrass ["EB04-026">EB04-026]: Trash Sakazuki ["OP12-044">OP12-044]
[Proxh​#4377] Drew card from deck: Monkey D. Garp ["ST33-005">ST33-005]
RZ1|260|2|ST33-005|0|30|1|8|0|1|0|0|0
RZ1|CHK|260|2|30|9|3|3|2|8|5|0|1|0
[Proxh​#4377] Kuzan ["OP12-040">OP12-040]: Draw 1 Card
Bluegrass ["EB04-026">EB04-026][6000] vs Eustass "Captain" Kid ["OP10-099">OP10-099][5000]
Eustass "Captain" Kid ["OP10-099">OP10-099] hit for 1 damage
RZ1|261|1|ST36-002|3|6|1|2|1|1|0|0|0
RZ1|CHK|261|1|36|3|3|6|3|6|2|0|1|1
[Karlmalone​#2854] Killer ["ST36-002">ST36-002]: Activate Trigger
RZ1|262|1|ST36-002|1|2|6|2|1|1|0|0|0
RZ1|CHK|262|1|36|2|3|6|3|6|3|0|1|1
RZ1|263|1|ST36-002|6|2|2|3|1|1|0|0|0
RZ1|CHK|263|1|36|2|4|6|3|6|2|0|1|1
[Karlmalone​#2854] Killer ["ST36-002">ST36-002]: Deploy Killer ["ST36-002">ST36-002]
[Proxh​#4377] Kuzan ["OP12-040">OP12-040] attacking Eustass "Captain" Kid ["OP10-099">OP10-099]
[Karlmalone​#2854] Killer ["ST36-002">ST36-002] Blocks
Kuzan ["OP12-040">OP12-040][5000] vs Killer ["ST36-002">ST36-002][6000]
Attack Fails
RZ1|264|2|Don|5|0|5|0|1|1|1|0|0
RZ1|CHK|264|2|30|9|3|3|2|8|5|0|1|0
RZ1|265|2|Don|5|1|5|1|1|1|1|0|0
RZ1|CHK|265|2|30|9|3|3|2|8|5|0|1|0
RZ1|266|2|Don|5|2|5|2|1|1|1|0|0
RZ1|CHK|266|2|30|9|3|3|2|8|5|0|1|0
RZ1|267|2|Don|5|3|5|3|1|1|1|0|0
RZ1|CHK|267|2|30|9|3|3|2|8|5|0|1|0
RZ1|268|2|Don|5|4|5|4|1|1|1|0|0
RZ1|CHK|268|2|30|9|3|3|2|8|5|0|1|0
RZ1|269|2|Don|5|5|5|5|1|1|1|0|0
RZ1|CHK|269|2|30|9|3|3|2|8|5|0|1|0
RZ1|270|2|Don|5|6|5|6|1|1|1|0|0
RZ1|CHK|270|2|30|9|3|3|2|8|5|0|1|0
RZ1|271|2|Don|5|7|5|7|1|1|1|0|0
RZ1|CHK|271|2|30|9|3|3|2|8|5|0|1|0
[Proxh​#4377] Deploy Monkey D. Garp ["OP12-056">OP12-056]
RZ1|272|2|OP12-056|1|5|2|3|1|1|0|0|0
RZ1|CHK|272|2|30|8|4|3|2|8|5|0|1|0
RZ1|273|2|ST33-005|1|7|6|5|1|1|0|0|0
RZ1|CHK|273|2|30|7|4|3|2|8|6|0|1|0
[Proxh​#4377] Monkey D. Garp ["OP12-056">OP12-056]: Trash Monkey D. Garp ["ST33-005">ST33-005]
RZ1|274|2|OP06-043|1|0|2|4|1|1|0|0|0
RZ1|CHK|274|2|30|6|5|3|2|8|6|0|1|0
[Proxh​#4377] Monkey D. Garp ["OP12-056">OP12-056]: Deploy Aramaki ["OP06-043">OP06-043]
[Proxh​#4377] Drew card from deck: Sengoku ["OP12-047">OP12-047]
RZ1|275|2|OP12-047|0|29|1|6|0|1|0|0|0
RZ1|CHK|275|2|29|7|5|3|2|8|6|0|1|0
[Proxh​#4377] Kuzan ["OP12-040">OP12-040]: Draw 1 Card
[Proxh​#4377] End Turn
[Karlmalone​#2854] Hand: [ST36-002,OP10-119]
[Karlmalone​#2854] Board: [OP10-111,ST36-002,OP10-119,ST36-002]
[Karlmalone​#2854] Trash: [ST36-003,P-088]
[Karlmalone​#2854] Life: 6
[Proxh​#4377] Hand: [OP06-044,ST33-004,OP12-044,EB04-028,ST33-003,OP06-050,OP12-047]
[Proxh​#4377] Trash: [OP06-044,OP12-047,EB04-022,OP12-051,OP12-044,ST33-005]
[Proxh​#4377] Board: [EB04-026,OP06-050,ST33-003,OP12-056,OP06-043]
[Proxh​#4377] Life: 3
RZ1|276|1|Don|9|9900|5|0|1|1|1|0|0
RZ1|CHK|276|1|36|2|4|6|3|7|2|0|1|0
[Karlmalone​#2854] Draw 1 Card
[Karlmalone​#2854] Drew card from deck: Basil Hawkins ["OP10-109">OP10-109]
RZ1|277|1|OP10-109|0|35|1|2|1|1|0|0|0
RZ1|CHK|277|1|35|3|4|6|3|7|2|0|1|0
RZ1|278|1|Don|4|2|5|7|1|1|0|0|0
RZ1|CHK|278|1|35|3|4|6|2|8|2|0|1|0
RZ1|279|1|Don|4|1|5|8|1|1|0|0|0
RZ1|CHK|279|1|35|3|4|6|1|9|2|0|1|0
[Karlmalone​#2854] Draw 2 Don
[Karlmalone​#2854] Killer ["ST36-002">ST36-002] attacking Kuzan ["OP12-040">OP12-040]
RZ1|280|2|EB04-022|3|2|1|7|0|1|0|0|0
RZ1|CHK|280|2|29|8|5|2|2|8|6|0|1|0
Killer ["ST36-002">ST36-002][6000] vs Kuzan ["OP12-040">OP12-040][5000]
Kuzan ["OP12-040">OP12-040] hit for 1 damage
[Karlmalone​#2854] Attach 1 Don to Killer ["ST36-002">ST36-002] (1 Total)
RZ1|281|1|Don|5|8|9|300|1|1|0|0|0
RZ1|CHK|281|1|35|3|4|6|1|8|2|0|1|1
[Karlmalone​#2854] Killer ["ST36-002">ST36-002] attacking Kuzan ["OP12-040">OP12-040]
[Proxh​#4377] Aramaki ["OP06-043">OP06-043] Blocks
Killer ["ST36-002">ST36-002][7000] vs Aramaki ["OP06-043">OP06-043][8000]
Attack Fails
[Karlmalone​#2854] Trafalgar Law ["OP10-119">OP10-119] attacking Kuzan ["OP12-040">OP12-040]
RZ1|282|2|OP06-043|3|1|1|8|0|1|0|0|0
RZ1|CHK|282|2|29|9|5|1|2|8|6|0|1|0
Trafalgar Law ["OP10-119">OP10-119][9000] vs Kuzan ["OP12-040">OP12-040][5000]
Kuzan ["OP12-040">OP12-040] hit for 1 damage
RZ1|283|1|Don|5|0|5|0|1|1|1|0|0
RZ1|CHK|283|1|35|3|4|6|1|8|2|0|1|1
RZ1|284|1|Don|5|1|5|1|1|1|1|0|0
RZ1|CHK|284|1|35|3|4|6|1|8|2|0|1|1
RZ1|285|1|Don|5|2|5|2|1|1|1|0|0
RZ1|CHK|285|1|35|3|4|6|1|8|2|0|1|1
RZ1|286|1|Don|5|3|5|3|1|1|1|0|0
RZ1|CHK|286|1|35|3|4|6|1|8|2|0|1|1
RZ1|287|1|Don|5|4|5|4|1|1|1|0|0
RZ1|CHK|287|1|35|3|4|6|1|8|2|0|1|1
RZ1|288|1|Don|5|5|5|5|1|1|1|0|0
RZ1|CHK|288|1|35|3|4|6|1|8|2|0|1|1
RZ1|289|1|Don|5|6|5|6|1|1|1|0|0
RZ1|CHK|289|1|35|3|4|6|1|8|2|0|1|1
[Karlmalone​#2854] Deploy Trafalgar Law ["OP10-119">OP10-119]
RZ1|290|1|OP10-119|1|1|2|4|1|1|0|0|0
RZ1|CHK|290|1|35|2|5|6|1|8|2|0|1|1
[Karlmalone​#2854] Trafalgar Law ["OP10-119">OP10-119] revealed: Killer ["ST36-002">ST36-002]
[Karlmalone​#2854] Trafalgar Law ["OP10-119">OP10-119]: Added card to top of Life from Hand
RZ1|291|1|ST36-002|1|0|3|6|1|0|0|0|0
RZ1|CHK|291|1|35|1|5|7|1|8|2|0|1|1
[Karlmalone​#2854] Trafalgar Law ["OP10-119">OP10-119]: Attach 1 Rested Don to Eustass "Captain" Kid ["OP10-099">OP10-099]
RZ1|292|1|Don|5|0|9|9900|1|1|1|0|0
RZ1|CHK|292|1|35|1|5|7|1|7|2|0|1|2
[Karlmalone​#2854] Attach 1 Don to Eustass "Captain" Kid ["OP10-099">OP10-099] (2 Total)
RZ1|293|1|Don|5|6|9|9901|1|1|0|0|0
RZ1|CHK|293|1|35|1|5|7|1|6|2|0|1|3
[Karlmalone​#2854] Eustass "Captain" Kid ["OP10-099">OP10-099] attacking Kuzan ["OP12-040">OP12-040]
[Proxh​#4377] Discard Sengoku ["OP12-047">OP12-047] for Counter 1000
RZ1|294|2|OP12-047|1|6|6|6|1|1|0|0|0
RZ1|CHK|294|2|29|8|5|1|2|8|7|0|1|0
[Proxh​#4377] Discard Smoker ["ST33-003">ST33-003] for Counter 2000
RZ1|295|2|ST33-003|1|4|6|7|1|1|0|0|0
RZ1|CHK|295|2|29|7|5|1|2|8|8|0|1|0
Eustass "Captain" Kid ["OP10-099">OP10-099][7000] vs Kuzan ["OP12-040">OP12-040][8000]
Attack Fails
[Karlmalone​#2854] Eustass "Captain" Kid ["OP10-099">OP10-099]: Flip 1 Life Face Up
RZ1|296|1|ST36-002|3|6|3|6|1|1|0|0|0
RZ1|CHK|296|1|35|1|5|7|1|6|2|0|1|3
[Karlmalone​#2854] Eustass "Captain" Kid ["OP10-099">OP10-099]: Set Trafalgar Law ["OP10-119">OP10-119] to Active
[Karlmalone​#2854] Eustass "Captain" Kid ["OP10-099">OP10-099]: Trafalgar Law ["OP10-119">OP10-119] Gains Blocker
[Karlmalone​#2854] Hand: [OP10-109]
[Karlmalone​#2854] Board: [OP10-111,ST36-002,OP10-119,ST36-002,OP10-119]
[Karlmalone​#2854] Trash: [ST36-003,P-088]
[Karlmalone​#2854] Life: 7
[Proxh​#4377] Hand: [OP06-044,ST33-004,OP12-044,EB04-028,OP06-050,EB04-022,OP06-043]
[Proxh​#4377] Trash: [OP06-044,OP12-047,EB04-022,OP12-051,OP12-044,ST33-005,OP12-047,ST33-003]
[Proxh​#4377] Board: [EB04-026,OP06-050,ST33-003,OP12-056,OP06-043]
[Proxh​#4377] Life: 1
[Karlmalone​#2854] End Turn
[Proxh​#4377] Draw 1 Card
[Proxh​#4377] Drew card from deck: Sakazuki ["ST33-002">ST33-002]
RZ1|297|2|ST33-002|0|28|1|7|0|1|0|0|0
RZ1|CHK|297|2|28|8|5|1|2|8|8|0|1|0
RZ1|298|2|Don|4|1|5|8|1|1|0|0|0
RZ1|CHK|298|2|28|8|5|1|1|9|8|0|1|0
RZ1|299|2|Don|4|0|5|9|1|1|0|0|0
RZ1|CHK|299|2|28|8|5|1|0|10|8|0|1|0
[Proxh​#4377] Draw 2 Don
RZ1|300|2|EB04-022|1|5|6|8|1|1|0|0|0
RZ1|CHK|300|2|28|7|5|1|0|10|9|0|1|0
[Proxh​#4377] Aramaki ["OP06-043">OP06-043]: Trash Issho ["EB04-022">EB04-022]
[Proxh​#4377] Aramaki ["OP06-043">OP06-043]: Send Monkey D. Luffy ["OP10-111">OP10-111] to Deck Bottom
RZ1|301|1|OP10-111|2|0|0|0|0|0|0|0|0
RZ1|CHK|301|1|36|1|4|7|1|6|2|0|1|3
[Proxh​#4377] Aramaki ["OP06-043">OP06-043]: Buff Aramaki ["OP06-043">OP06-043] 3000
[Proxh​#4377] Drew card from deck: Sakazuki ["OP12-044">OP12-044]
RZ1|302|2|OP12-044|0|27|1|7|0|1|0|0|0
RZ1|CHK|302|2|27|8|5|1|0|10|9|0|1|0
[Proxh​#4377] Kuzan ["OP12-040">OP12-040]: Draw 1 Card
[Proxh​#4377] Aramaki ["OP06-043">OP06-043] attacking Killer ["ST36-002">ST36-002]
Aramaki ["OP06-043">OP06-043][11000] vs Killer ["ST36-002">ST36-002][6000]
[Karlmalone​#2854] Killer ["ST36-002">ST36-002] Destroyed
RZ1|303|1|ST36-002|2|0|6|2|1|1|0|0|0
RZ1|CHK|303|1|36|1|3|7|1|6|3|0|1|3
[Proxh​#4377] Bluegrass ["EB04-026">EB04-026] attacking Killer ["ST36-002">ST36-002]
[Proxh​#4377] Drew card from deck: Bluegrass ["EB04-026">EB04-026]
RZ1|304|2|EB04-026|0|26|1|8|0|1|0|0|0
RZ1|CHK|304|2|26|9|5|1|0|10|9|0|1|0
[Proxh​#4377] Bluegrass ["EB04-026">EB04-026]: Draw 1 Card
RZ1|305|2|EB04-026|1|8|6|9|1|1|0|0|0
RZ1|CHK|305|2|26|8|5|1|0|10|10|0|1|0
[Proxh​#4377] Bluegrass ["EB04-026">EB04-026]: Trash Bluegrass ["EB04-026">EB04-026]
[Proxh​#4377] Drew card from deck: Gravity Blade Raging Tiger ["OP06-058">OP06-058]
RZ1|306|2|OP06-058|0|25|1|8|0|1|0|0|0
RZ1|CHK|306|2|25|9|5|1|0|10|10|0|1|0
[Proxh​#4377] Kuzan ["OP12-040">OP12-040]: Draw 1 Card
[Karlmalone​#2854] Trafalgar Law ["OP10-119">OP10-119] Blocks
Bluegrass ["EB04-026">EB04-026][6000] vs Trafalgar Law ["OP10-119">OP10-119][9000]
Attack Fails
[Proxh​#4377] Attach 1 Don to Kuzan ["OP12-040">OP12-040] (1 Total)
RZ1|307|2|Don|5|9|9|9900|1|1|0|0|0
RZ1|CHK|307|2|25|9|5|1|0|9|10|0|1|1
[Proxh​#4377] Kuzan ["OP12-040">OP12-040] attacking Killer ["ST36-002">ST36-002]
Kuzan ["OP12-040">OP12-040][6000] vs Killer ["ST36-002">ST36-002][6000]
[Karlmalone​#2854] Killer ["ST36-002">ST36-002] Destroyed
RZ1|308|1|Don|9|100|5|0|1|1|1|0|0
RZ1|CHK|308|1|36|1|3|7|1|7|3|0|1|2
RZ1|309|1|ST36-002|2|1|6|3|1|1|0|0|0
RZ1|CHK|309|1|36|1|2|7|1|7|4|0|1|2
[Proxh​#4377] Attach 1 Don to Monkey D. Garp ["OP12-056">OP12-056] (1 Total)
RZ1|310|2|Don|5|8|9|300|1|1|0|0|0
RZ1|CHK|310|2|25|9|5|1|0|8|10|0|1|2
[Proxh​#4377] Monkey D. Garp ["OP12-056">OP12-056] attacking Trafalgar Law ["OP10-119">OP10-119]
[Karlmalone​#2854] Discard Basil Hawkins ["OP10-109">OP10-109] for Counter 1000
RZ1|311|1|OP10-109|1|0|6|4|1|1|0|0|0
RZ1|CHK|311|1|36|0|2|7|1|7|5|0|1|2
Monkey D. Garp ["OP12-056">OP12-056][9000] vs Trafalgar Law ["OP10-119">OP10-119][10000]
Attack Fails
[Proxh​#4377] Ice Time ["EB04-028">EB04-028]: Rest 5 Don
RZ1|312|2|Don|5|0|5|0|1|1|1|0|0
RZ1|CHK|312|2|25|9|5|1|0|8|10|0|1|2
RZ1|313|2|Don|5|1|5|1|1|1|1|0|0
RZ1|CHK|313|2|25|9|5|1|0|8|10|0|1|2
RZ1|314|2|Don|5|2|5|2|1|1|1|0|0
RZ1|CHK|314|2|25|9|5|1|0|8|10|0|1|2
RZ1|315|2|Don|5|3|5|3|1|1|1|0|0
RZ1|CHK|315|2|25|9|5|1|0|8|10|0|1|2
RZ1|316|2|Don|5|4|5|4|1|1|1|0|0
RZ1|CHK|316|2|25|9|5|1|0|8|10|0|1|2
RZ1|317|2|EB04-028|1|3|6|10|1|1|0|0|0
RZ1|CHK|317|2|25|8|5|1|0|8|11|0|1|2
RZ1|318|2|OP12-044|1|6|6|11|1|1|0|0|0
RZ1|CHK|318|2|25|7|5|1|0|8|12|0|1|2
[Proxh​#4377] Ice Time ["EB04-028">EB04-028]: Trash Sakazuki ["OP12-044">OP12-044]
[Proxh​#4377] Ice Time ["EB04-028">EB04-028]: Trafalgar Law ["OP10-119">OP10-119] can't attack next turn
[Proxh​#4377] Ice Time ["EB04-028">EB04-028]: Trafalgar Law ["OP10-119">OP10-119] can't attack next turn
[Proxh​#4377] Drew card from deck: Ice Time ["EB04-028">EB04-028]
RZ1|319|2|EB04-028|0|24|1|7|0|1|0|0|0
RZ1|CHK|319|2|24|8|5|1|0|8|12|0|1|2
[Proxh​#4377] Kuzan ["OP12-040">OP12-040]: Draw 1 Card
RZ1|320|2|Don|5|5|5|5|1|1|1|0|0
RZ1|CHK|320|2|24|8|5|1|0|8|12|0|1|2
[Proxh​#4377] Trash Tashigi ["OP06-050">OP06-050]
[Proxh​#4377] Deploy Tashigi ["OP06-050">OP06-050]
RZ1|321|2|OP06-050|2|1|6|12|1|1|0|0|0
RZ1|CHK|321|2|24|8|4|1|0|8|13|0|1|2
RZ1|322|2|OP06-050|1|3|2|4|1|1|0|0|0
RZ1|CHK|322|2|24|7|5|1|0|8|13|0|1|2
RZ1|323|2|ST33-005|0|20|1|7|0|1|0|0|0
RZ1|CHK|323|2|23|8|5|1|0|8|13|0|1|2
[Proxh​#4377] Tashigi ["OP06-050">OP06-050]: <b>Reveal and Draw Monkey D. Garp ["ST33-005">ST33-005]</b>
[Proxh​#4377] Placing Cards on Bottom of Deck
RZ1|324|2|OP06-058|0|22|0|0|0|0|0|0|0
RZ1|CHK|324|2|23|8|5|1|0|8|13|0|1|2
RZ1|325|2|ST33-002|0|22|0|0|0|0|0|0|0
RZ1|CHK|325|2|23|8|5|1|0|8|13|0|1|2
RZ1|326|2|OP06-050|0|22|0|0|0|0|0|0|0
RZ1|CHK|326|2|23|8|5|1|0|8|13|0|1|2
RZ1|327|2|ST33-005|0|22|0|0|0|0|0|0|0
RZ1|CHK|327|2|23|8|5|1|0|8|13|0|1|2
[Proxh​#4377] End Turn
[Karlmalone​#2854] Hand: []
[Karlmalone​#2854] Board: [OP10-119,OP10-119]
[Karlmalone​#2854] Trash: [ST36-003,P-088,ST36-002,ST36-002,OP10-109]
[Karlmalone​#2854] Life: 7
[Proxh​#4377] Hand: [OP06-044,ST33-004,OP12-044,OP06-043,ST33-002,OP06-058,EB04-028,ST33-005]
[Proxh​#4377] Trash: [OP06-044,OP12-047,EB04-022,OP12-051,OP12-044,ST33-005,OP12-047,ST33-003,EB04-022,EB04-026,EB04-028,OP12-044,OP06-050]
[Proxh​#4377] Board: [EB04-026,ST33-003,OP12-056,OP06-043,OP06-050]
[Proxh​#4377] Life: 1
RZ1|328|1|Don|9|9900|5|0|1|1|1|0|0
RZ1|CHK|328|1|36|0|2|7|1|8|5|0|1|1
RZ1|329|1|Don|9|9900|5|0|1|1|1|0|0
RZ1|CHK|329|1|36|0|2|7|1|9|5|0|1|0
[Karlmalone​#2854] Draw 1 Card
[Karlmalone​#2854] Drew card from deck: Damned Punk: Electromagnetic Cannon ["OP10-116">OP10-116]
RZ1|330|1|OP10-116|0|35|1|0|1|1|0|0|0
RZ1|CHK|330|1|35|1|2|7|1|9|5|0|1|0
RZ1|331|1|Don|4|0|5|9|1|1|0|0|0
RZ1|CHK|331|1|35|1|2|7|0|10|5|0|1|0
[Karlmalone​#2854] Draw 2 Don
[Karlmalone​#2854] Attach 9 Don to Eustass "Captain" Kid ["OP10-099">OP10-099] (9 Total)
RZ1|332|1|Don|5|9|9|9900|1|1|0|0|0
RZ1|CHK|332|1|35|1|2|7|0|9|5|0|1|1
RZ1|333|1|Don|5|8|9|9901|1|1|0|0|0
RZ1|CHK|333|1|35|1|2|7|0|8|5|0|1|2
RZ1|334|1|Don|5|7|9|9902|1|1|0|0|0
RZ1|CHK|334|1|35|1|2|7|0|7|5|0|1|3
RZ1|335|1|Don|5|6|9|9903|1|1|0|0|0
RZ1|CHK|335|1|35|1|2|7|0|6|5|0|1|4
RZ1|336|1|Don|5|5|9|9904|1|1|0|0|0
RZ1|CHK|336|1|35|1|2|7|0|5|5|0|1|5
RZ1|337|1|Don|5|4|9|9905|1|1|0|0|0
RZ1|CHK|337|1|35|1|2|7|0|4|5|0|1|6
RZ1|338|1|Don|5|3|9|9906|1|1|0|0|0
RZ1|CHK|338|1|35|1|2|7|0|3|5|0|1|7
RZ1|339|1|Don|5|2|9|9907|1|1|0|0|0
RZ1|CHK|339|1|35|1|2|7|0|2|5|0|1|8
RZ1|340|1|Don|5|1|9|9908|1|1|0|0|0
RZ1|CHK|340|1|35|1|2|7|0|1|5|0|1|9
[Karlmalone​#2854] Eustass "Captain" Kid ["OP10-099">OP10-099] attacking Kuzan ["OP12-040">OP12-040]
RZ1|341|2|ST33-004|3|0|1|8|0|1|0|0|0
RZ1|CHK|341|2|23|9|5|0|0|8|13|0|1|2
Eustass "Captain" Kid ["OP10-099">OP10-099][14000] vs Kuzan ["OP12-040">OP12-040][5000]
Kuzan ["OP12-040">OP12-040] hit for 1 damage
[Karlmalone​#2854] Trafalgar Law ["OP10-119">OP10-119] is no longer blocked from attacking
[Karlmalone​#2854] Trafalgar Law ["OP10-119">OP10-119] is no longer blocked from attacking
[Karlmalone​#2854] Hand: [OP10-116]
[Karlmalone​#2854] Board: [OP10-119,OP10-119]
[Karlmalone​#2854] Trash: [ST36-003,P-088,ST36-002,ST36-002,OP10-109]
[Karlmalone​#2854] Life: 7
[Proxh​#4377] Hand: [OP06-044,ST33-004,OP12-044,OP06-043,ST33-002,OP06-058,EB04-028,ST33-005,ST33-004]
[Proxh​#4377] Trash: [OP06-044,OP12-047,EB04-022,OP12-051,OP12-044,ST33-005,OP12-047,ST33-003,EB04-022,EB04-026,EB04-028,OP12-044,OP06-050]
[Proxh​#4377] Board: [EB04-026,ST33-003,OP12-056,OP06-043,OP06-050]
[Proxh​#4377] Life: 0
[Karlmalone​#2854] End Turn
RZ1|342|2|Don|9|9900|5|0|1|1|1|0|0
RZ1|CHK|342|2|23|9|5|0|0|9|13|0|1|1
RZ1|343|2|Don|9|200|5|0|1|1|1|0|0
RZ1|CHK|343|2|23|9|5|0|0|10|13|0|1|0
[Proxh​#4377] Draw 1 Card
[Proxh​#4377] Drew card from deck: Kuzan ["OP12-043">OP12-043]
RZ1|344|2|OP12-043|0|22|1|9|0|1|0|0|0
RZ1|CHK|344|2|22|10|5|0|0|10|13|0|1|0
[Proxh​#4377] Bluegrass ["EB04-026">EB04-026] attacking Eustass "Captain" Kid ["OP10-099">OP10-099]
[Proxh​#4377] Drew card from deck: Ice Block: Pheasant Peck ["OP12-057">OP12-057]
RZ1|345|2|OP12-057|0|21|1|10|0|1|0|0|0
RZ1|CHK|345|2|21|11|5|0|0|10|13|0|1|0
[Proxh​#4377] Bluegrass ["EB04-026">EB04-026]: Draw 1 Card
RZ1|346|2|OP12-043|1|9|6|13|1|1|0|0|0
RZ1|CHK|346|2|21|10|5|0|0|10|14|0|1|0
[Proxh​#4377] Bluegrass ["EB04-026">EB04-026]: Trash Kuzan ["OP12-043">OP12-043]
[Proxh​#4377] Drew card from deck: Sengoku ["OP12-047">OP12-047]
RZ1|347|2|OP12-047|0|20|1|10|0|1|0|0|0
RZ1|CHK|347|2|20|11|5|0|0|10|14|0|1|0
[Proxh​#4377] Kuzan ["OP12-040">OP12-040]: Draw 1 Card
Bluegrass ["EB04-026">EB04-026][6000] vs Eustass "Captain" Kid ["OP10-099">OP10-099][5000]
Eustass "Captain" Kid ["OP10-099">OP10-099] hit for 1 damage
RZ1|348|1|ST36-002|3|6|1|1|1|1|0|0|0
RZ1|CHK|348|1|35|2|2|6|0|1|5|0|1|9
[Karlmalone​#2854] Killer ["ST36-002">ST36-002]: Activate Trigger
RZ1|349|1|ST36-002|1|1|6|5|1|1|0|0|0
RZ1|CHK|349|1|35|1|2|6|0|1|6|0|1|9
RZ1|350|1|ST36-002|6|5|2|2|1|1|0|0|0
RZ1|CHK|350|1|35|1|3|6|0|1|5|0|1|9
[Karlmalone​#2854] Killer ["ST36-002">ST36-002]: Deploy Killer ["ST36-002">ST36-002]
[Proxh​#4377] Monkey D. Garp ["OP12-056">OP12-056] attacking Eustass "Captain" Kid ["OP10-099">OP10-099]
Monkey D. Garp ["OP12-056">OP12-056][8000] vs Eustass "Captain" Kid ["OP10-099">OP10-099][5000]
Eustass "Captain" Kid ["OP10-099">OP10-099] hit for 1 damage
RZ1|351|1|OP10-112|3|5|1|1|1|1|0|0|0
RZ1|CHK|351|1|35|2|3|5|0|1|5|0|1|9
[Proxh​#4377] Ice Time ["EB04-028">EB04-028]: Rest 5 Don
RZ1|352|2|Don|5|0|5|0|1|1|1|0|0
RZ1|CHK|352|2|20|11|5|0|0|10|14|0|1|0
RZ1|353|2|Don|5|1|5|1|1|1|1|0|0
RZ1|CHK|353|2|20|11|5|0|0|10|14|0|1|0
RZ1|354|2|Don|5|2|5|2|1|1|1|0|0
RZ1|CHK|354|2|20|11|5|0|0|10|14|0|1|0
RZ1|355|2|Don|5|3|5|3|1|1|1|0|0
RZ1|CHK|355|2|20|11|5|0|0|10|14|0|1|0
RZ1|356|2|Don|5|4|5|4|1|1|1|0|0
RZ1|CHK|356|2|20|11|5|0|0|10|14|0|1|0
RZ1|357|2|EB04-028|1|6|6|14|1|1|0|0|0
RZ1|CHK|357|2|20|10|5|0|0|10|15|0|1|0
RZ1|358|2|OP12-047|1|9|6|15|1|1|0|0|0
RZ1|CHK|358|2|20|9|5|0|0|10|16|0|1|0
[Proxh​#4377] Ice Time ["EB04-028">EB04-028]: Trash Sengoku ["OP12-047">OP12-047]
[Proxh​#4377] Ice Time ["EB04-028">EB04-028]: Trafalgar Law ["OP10-119">OP10-119] can't attack next turn
[Proxh​#4377] Ice Time ["EB04-028">EB04-028]: Trafalgar Law ["OP10-119">OP10-119] can't attack next turn
[Proxh​#4377] Drew card from deck: Ice Block: Pheasant Peck ["OP12-057">OP12-057]
RZ1|359|2|OP12-057|0|19|1|9|0|1|0|0|0
RZ1|CHK|359|2|19|10|5|0|0|10|16|0|1|0
[Proxh​#4377] Kuzan ["OP12-040">OP12-040]: Draw 1 Card
[Proxh​#4377] Attach 1 Don to Kuzan ["OP12-040">OP12-040] (1 Total)
RZ1|360|2|Don|5|9|9|9900|1|1|0|0|0
RZ1|CHK|360|2|19|10|5|0|0|9|16|0|1|1
[Proxh​#4377] Kuzan ["OP12-040">OP12-040] attacking Eustass "Captain" Kid ["OP10-099">OP10-099]
Kuzan ["OP12-040">OP12-040][6000] vs Eustass "Captain" Kid ["OP10-099">OP10-099][5000]
Eustass "Captain" Kid ["OP10-099">OP10-099] hit for 1 damage
RZ1|361|1|OP15-105|3|4|1|2|1|1|0|0|0
RZ1|CHK|361|1|35|3|3|4|0|1|5|0|1|9
RZ1|362|2|Don|5|5|5|5|1|1|1|0|0
RZ1|CHK|362|2|19|10|5|0|0|9|16|0|1|1
RZ1|363|2|Don|5|6|5|6|1|1|1|0|0
RZ1|CHK|363|2|19|10|5|0|0|9|16|0|1|1
RZ1|364|2|Don|5|7|5|7|1|1|1|0|0
RZ1|CHK|364|2|19|10|5|0|0|9|16|0|1|1
[Proxh​#4377] Trash Tashigi ["OP06-050">OP06-050]
[Proxh​#4377] Deploy Borsalino ["ST33-004">ST33-004]
RZ1|365|2|OP06-050|2|4|6|16|1|1|0|0|0
RZ1|CHK|365|2|19|10|4|0|0|9|17|0|1|1
RZ1|366|2|ST33-004|1|7|2|4|1|1|0|0|0
RZ1|CHK|366|2|19|9|5|0|0|9|17|0|1|1
[Proxh​#4377] End Turn
[Karlmalone​#2854] Hand: [OP10-116,OP10-112,OP15-105]
[Karlmalone​#2854] Board: [OP10-119,OP10-119,ST36-002]
[Karlmalone​#2854] Trash: [ST36-003,P-088,ST36-002,ST36-002,OP10-109]
[Karlmalone​#2854] Life: 4
[Proxh​#4377] Hand: [OP06-044,ST33-004,OP12-044,OP06-043,ST33-002,OP06-058,ST33-005,OP12-057,OP12-057]
[Proxh​#4377] Trash: [OP06-044,OP12-047,EB04-022,OP12-051,OP12-044,ST33-005,OP12-047,ST33-003,EB04-022,EB04-026,EB04-028,OP12-044,OP06-050,OP12-043,EB04-028,OP12-047,OP06-050]
[Proxh​#4377] Board: [EB04-026,ST33-003,OP12-056,OP06-043,ST33-004]
[Proxh​#4377] Life: 0
RZ1|367|1|Don|9|9900|5|0|1|1|1|0|0
RZ1|CHK|367|1|35|3|3|4|0|2|5|0|1|8
RZ1|368|1|Don|9|9900|5|0|1|1|1|0|0
RZ1|CHK|368|1|35|3|3|4|0|3|5|0|1|7
RZ1|369|1|Don|9|9900|5|0|1|1|1|0|0
RZ1|CHK|369|1|35|3|3|4|0|4|5|0|1|6
RZ1|370|1|Don|9|9900|5|0|1|1|1|0|0
RZ1|CHK|370|1|35|3|3|4|0|5|5|0|1|5
RZ1|371|1|Don|9|9900|5|0|1|1|1|0|0
RZ1|CHK|371|1|35|3|3|4|0|6|5|0|1|4
RZ1|372|1|Don|9|9900|5|0|1|1|1|0|0
RZ1|CHK|372|1|35|3|3|4|0|7|5|0|1|3
RZ1|373|1|Don|9|9900|5|0|1|1|1|0|0
RZ1|CHK|373|1|35|3|3|4|0|8|5|0|1|2
RZ1|374|1|Don|9|9900|5|0|1|1|1|0|0
RZ1|CHK|374|1|35|3|3|4|0|9|5|0|1|1
RZ1|375|1|Don|9|9900|5|0|1|1|1|0|0
RZ1|CHK|375|1|35|3|3|4|0|10|5|0|1|0
[Karlmalone​#2854] Draw 1 Card
[Karlmalone​#2854] Drew card from deck: Trafalgar Law ["P-088">P-088]
RZ1|376|1|P-088|0|34|1|3|1|1|0|0|0
RZ1|CHK|376|1|34|4|3|4|0|10|5|0|1|0
RZ1|377|1|Don|5|0|5|0|1|1|1|0|0
RZ1|CHK|377|1|34|4|3|4|0|10|5|0|1|0
RZ1|378|1|Don|5|1|5|1|1|1|1|0|0
RZ1|CHK|378|1|34|4|3|4|0|10|5|0|1|0
RZ1|379|1|Don|5|2|5|2|1|1|1|0|0
RZ1|CHK|379|1|34|4|3|4|0|10|5|0|1|0
RZ1|380|1|Don|5|3|5|3|1|1|1|0|0
RZ1|CHK|380|1|34|4|3|4|0|10|5|0|1|0
RZ1|381|1|Don|5|4|5|4|1|1|1|0|0
RZ1|CHK|381|1|34|4|3|4|0|10|5|0|1|0
RZ1|382|1|Don|5|5|5|5|1|1|1|0|0
RZ1|CHK|382|1|34|4|3|4|0|10|5|0|1|0
RZ1|383|1|Don|5|6|5|6|1|1|1|0|0
RZ1|CHK|383|1|34|4|3|4|0|10|5|0|1|0
RZ1|384|1|Don|5|7|5|7|1|1|1|0|0
RZ1|CHK|384|1|34|4|3|4|0|10|5|0|1|0
[Karlmalone​#2854] Deploy Eustass "Captain" Kid ["OP10-112">OP10-112]
RZ1|385|1|OP10-112|1|1|2|3|1|1|0|0|0
RZ1|CHK|385|1|34|3|4|4|0|10|5|0|1|0
[Karlmalone​#2854] Eustass "Captain" Kid ["OP10-112">OP10-112]: Rest Eustass "Captain" Kid ["OP10-112">OP10-112]
[Karlmalone​#2854] Killer ["ST36-002">ST36-002] attacking Kuzan ["OP12-040">OP12-040]
[Proxh​#4377] Discard Gion ["OP06-044">OP06-044] for Counter 2000
RZ1|386|2|OP06-044|1|0|6|17|1|1|0|0|0
RZ1|CHK|386|2|19|8|5|0|0|9|18|0|1|1
Killer ["ST36-002">ST36-002][6000] vs Kuzan ["OP12-040">OP12-040][7000]
Attack Fails
[Karlmalone​#2854] Attach 1 Don to Eustass "Captain" Kid ["OP10-099">OP10-099] (1 Total)
RZ1|387|1|Don|5|9|9|9900|1|1|0|0|0
RZ1|CHK|387|1|34|3|4|4|0|9|5|0|1|1
[Karlmalone​#2854] Attach 1 Don to Eustass "Captain" Kid ["OP10-099">OP10-099] (2 Total)
RZ1|388|1|Don|5|8|9|9901|1|1|0|0|0
RZ1|CHK|388|1|34|3|4|4|0|8|5|0|1|2
[Karlmalone​#2854] Eustass "Captain" Kid ["OP10-099">OP10-099] attacking Kuzan ["OP12-040">OP12-040]
[Proxh​#4377] Ice Block: Pheasant Peck ["OP12-057">OP12-057]: Activate Counter
[Proxh​#4377] Ice Block: Pheasant Peck ["OP12-057">OP12-057]: Rest 1 Don
RZ1|389|2|Don|5|8|5|8|1|1|1|0|0
RZ1|CHK|389|2|19|8|5|0|0|9|18|0|1|1
RZ1|390|2|OP12-057|1|7|6|18|1|1|0|0|0
RZ1|CHK|390|2|19|7|5|0|0|9|19|0|1|1
[Proxh​#4377] Ice Block: Pheasant Peck ["OP12-057">OP12-057]: Buff Kuzan ["OP12-040">OP12-040] 4000 for the Combat
RZ1|391|2|OP06-058|1|4|6|19|1|1|0|0|0
RZ1|CHK|391|2|19|6|5|0|0|9|20|0|1|1
[Proxh​#4377] Ice Block: Pheasant Peck ["OP12-057">OP12-057]: Trash Gravity Blade Raging Tiger ["OP06-058">OP06-058]
[Proxh​#4377] Drew card from deck: Smoker ["ST33-003">ST33-003]
RZ1|392|2|ST33-003|0|18|1|6|0|1|0|0|0
RZ1|CHK|392|2|18|7|5|0|0|9|20|0|1|1
[Proxh​#4377] Kuzan ["OP12-040">OP12-040]: Draw 1 Card
Eustass "Captain" Kid ["OP10-099">OP10-099][7000] vs Kuzan ["OP12-040">OP12-040][9000]
Attack Fails
[Karlmalone​#2854] Drew card from deck: Capone "Gang" Bege ["OP11-101">OP11-101]
RZ1|393|1|OP11-101|0|33|1|3|1|1|0|0|0
RZ1|CHK|393|1|33|4|4|4|0|8|5|0|1|2
[Karlmalone​#2854] Eustass "Captain" Kid ["OP10-112">OP10-112]: Draw 1 Card
RZ1|394|1|OP10-116|1|0|6|5|1|1|0|0|0
RZ1|CHK|394|1|33|3|4|4|0|8|6|0|1|2
[Karlmalone​#2854] Eustass "Captain" Kid ["OP10-112">OP10-112]: Trash Damned Punk: Electromagnetic Cannon ["OP10-116">OP10-116]
[Karlmalone​#2854] Eustass "Captain" Kid ["OP10-099">OP10-099]: Flip 1 Life Face Up
RZ1|395|1|OP10-114|3|3|3|3|1|1|0|0|0
RZ1|CHK|395|1|33|3|4|4|0|8|6|0|1|2
[Karlmalone​#2854] Eustass "Captain" Kid ["OP10-099">OP10-099]: Set Eustass "Captain" Kid ["OP10-112">OP10-112] to Active
[Karlmalone​#2854] Eustass "Captain" Kid ["OP10-099">OP10-099]: Eustass "Captain" Kid ["OP10-112">OP10-112] Gains Blocker
[Karlmalone​#2854] Trafalgar Law ["OP10-119">OP10-119] is no longer blocked from attacking
[Karlmalone​#2854] Trafalgar Law ["OP10-119">OP10-119] is no longer blocked from attacking
[Karlmalone​#2854] Hand: [OP15-105,P-088,OP11-101]
[Karlmalone​#2854] Board: [OP10-119,OP10-119,ST36-002,OP10-112]
[Karlmalone​#2854] Trash: [ST36-003,P-088,ST36-002,ST36-002,OP10-109,OP10-116]
[Karlmalone​#2854] Life: 4
[Proxh​#4377] Hand: [ST33-004,OP12-044,OP06-043,ST33-002,ST33-005,OP12-057,ST33-003]
[Proxh​#4377] Trash: [OP06-044,OP12-047,EB04-022,OP12-051,OP12-044,ST33-005,OP12-047,ST33-003,EB04-022,EB04-026,EB04-028,OP12-044,OP06-050,OP12-043,EB04-028,OP12-047,OP06-050,OP06-044,OP12-057,OP06-058]
[Proxh​#4377] Board: [EB04-026,ST33-003,OP12-056,OP06-043,ST33-004]
[Proxh​#4377] Life: 0
[Karlmalone​#2854] End Turn
RZ1|396|2|Don|9|9900|5|0|1|1|1|0|0
RZ1|CHK|396|2|18|7|5|0|0|10|20|0|1|0
[Proxh​#4377] Draw 1 Card
[Proxh​#4377] Drew card from deck: Issho ["EB04-022">EB04-022]
RZ1|397|2|EB04-022|0|17|1|7|0|1|0|0|0
RZ1|CHK|397|2|17|8|5|0|0|10|20|0|1|0
[Proxh​#4377] Bluegrass ["EB04-026">EB04-026] attacking Eustass "Captain" Kid ["OP10-099">OP10-099]
[Proxh​#4377] Drew card from deck: Monkey D. Garp ["OP12-056">OP12-056]
RZ1|398|2|OP12-056|0|16|1|8|0|1|0|0|0
RZ1|CHK|398|2|16|9|5|0|0|10|20|0|1|0
[Proxh​#4377] Bluegrass ["EB04-026">EB04-026]: Draw 1 Card
RZ1|399|2|OP12-056|1|8|6|20|1|1|0|0|0
RZ1|CHK|399|2|16|8|5|0|0|10|21|0|1|0
[Proxh​#4377] Bluegrass ["EB04-026">EB04-026]: Trash Monkey D. Garp ["OP12-056">OP12-056]
[Proxh​#4377] Drew card from deck: Ice Block: Pheasant Peck ["OP12-057">OP12-057]
RZ1|400|2|OP12-057|0|15|1|8|0|1|0|0|0
RZ1|CHK|400|2|15|9|5|0|0|10|21|0|1|0
[Proxh​#4377] Kuzan ["OP12-040">OP12-040]: Draw 1 Card
[Karlmalone​#2854] Discard Trafalgar Law ["P-088">P-088] for Counter 2000
RZ1|401|1|P-088|1|1|6|6|1|1|0|0|0
RZ1|CHK|401|1|33|2|4|4|0|8|7|0|1|2
Bluegrass ["EB04-026">EB04-026][6000] vs Eustass "Captain" Kid ["OP10-099">OP10-099][7000]
Attack Fails
[Proxh​#4377] Attach 1 Don to Monkey D. Garp ["OP12-056">OP12-056] (1 Total)
RZ1|402|2|Don|5|9|9|200|1|1|0|0|0
RZ1|CHK|402|2|15|9|5|0|0|9|21|0|1|1
[Proxh​#4377] Monkey D. Garp ["OP12-056">OP12-056] attacking Killer ["ST36-002">ST36-002]
Monkey D. Garp ["OP12-056">OP12-056][9000] vs Killer ["ST36-002">ST36-002][6000]
[Karlmalone​#2854] Killer ["ST36-002">ST36-002] Destroyed
RZ1|403|1|ST36-002|2|2|6|7|1|1|0|0|0
RZ1|CHK|403|1|33|2|3|4|0|8|8|0|1|2
[Proxh​#4377] Kuzan ["OP12-040">OP12-040] attacking Eustass "Captain" Kid ["OP10-099">OP10-099]
Kuzan ["OP12-040">OP12-040][5000] vs Eustass "Captain" Kid ["OP10-099">OP10-099][5000]
Eustass "Captain" Kid ["OP10-099">OP10-099] hit for 1 damage
RZ1|404|1|OP10-114|3|3|1|2|1|1|0|0|0
RZ1|CHK|404|1|33|3|3|3|0|8|8|0|1|2
RZ1|405|2|EB04-022|1|7|6|21|1|1|0|0|0
RZ1|CHK|405|2|15|8|5|0|0|9|22|0|1|1
[Proxh​#4377] Aramaki ["OP06-043">OP06-043]: Trash Issho ["EB04-022">EB04-022]
[Proxh​#4377] Aramaki ["OP06-043">OP06-043]: Return Smoker ["ST33-003">ST33-003] to Deck Bottom
RZ1|406|2|ST33-003|2|1|0|0|0|0|0|0|0
RZ1|CHK|406|2|16|8|4|0|0|9|22|0|1|1
[Proxh​#4377] Aramaki ["OP06-043">OP06-043]: Buff Aramaki ["OP06-043">OP06-043] 3000
[Proxh​#4377] Drew card from deck: Hina ["OP12-051">OP12-051]
RZ1|407|2|OP12-051|0|15|1|8|0|1|0|0|0
RZ1|CHK|407|2|15|9|4|0|0|9|22|0|1|1
[Proxh​#4377] Kuzan ["OP12-040">OP12-040]: Draw 1 Card
RZ1|408|2|Don|5|0|5|0|1|1|1|0|0
RZ1|CHK|408|2|15|9|4|0|0|9|22|0|1|1
RZ1|409|2|Don|5|1|5|1|1|1|1|0|0
RZ1|CHK|409|2|15|9|4|0|0|9|22|0|1|1
RZ1|410|2|Don|5|2|5|2|1|1|1|0|0
RZ1|CHK|410|2|15|9|4|0|0|9|22|0|1|1
RZ1|411|2|Don|5|3|5|3|1|1|1|0|0
RZ1|CHK|411|2|15|9|4|0|0|9|22|0|1|1
RZ1|412|2|Don|5|4|5|4|1|1|1|0|0
RZ1|CHK|412|2|15|9|4|0|0|9|22|0|1|1
RZ1|413|2|Don|5|5|5|5|1|1|1|0|0
RZ1|CHK|413|2|15|9|4|0|0|9|22|0|1|1
RZ1|414|2|Don|5|6|5|6|1|1|1|0|0
RZ1|CHK|414|2|15|9|4|0|0|9|22|0|1|1
RZ1|415|2|Don|5|7|5|7|1|1|1|0|0
RZ1|CHK|415|2|15|9|4|0|0|9|22|0|1|1
[Proxh​#4377] Deploy Aramaki ["OP06-043">OP06-043]
RZ1|416|2|OP06-043|1|2|2|4|1|1|0|0|0
RZ1|CHK|416|2|15|8|5|0|0|9|22|0|1|1
[Proxh​#4377] End Turn
[Karlmalone​#2854] Hand: [OP15-105,OP11-101,OP10-114]
[Karlmalone​#2854] Board: [OP10-119,OP10-119,OP10-112]
[Karlmalone​#2854] Trash: [ST36-003,P-088,ST36-002,ST36-002,OP10-109,OP10-116,P-088,ST36-002]
[Karlmalone​#2854] Life: 3
[Proxh​#4377] Hand: [ST33-004,OP12-044,ST33-002,ST33-005,OP12-057,ST33-003,OP12-057,OP12-051]
[Proxh​#4377] Trash: [OP06-044,OP12-047,EB04-022,OP12-051,OP12-044,ST33-005,OP12-047,ST33-003,EB04-022,EB04-026,EB04-028,OP12-044,OP06-050,OP12-043,EB04-028,OP12-047,OP06-050,OP06-044,OP12-057,OP06-058,OP12-056,EB04-022]
[Proxh​#4377] Board: [EB04-026,OP12-056,OP06-043,ST33-004,OP06-043]
[Proxh​#4377] Life: 0
RZ1|417|1|Don|9|9900|5|0|1|1|1|0|0
RZ1|CHK|417|1|33|3|3|3|0|9|8|0|1|1
RZ1|418|1|Don|9|9900|5|0|1|1|1|0|0
RZ1|CHK|418|1|33|3|3|3|0|10|8|0|1|0
[Karlmalone​#2854] Draw 1 Card
[Karlmalone​#2854] Drew card from deck: Cavendish ["ST36-001">ST36-001]
RZ1|419|1|ST36-001|0|32|1|3|1|1|0|0|0
RZ1|CHK|419|1|32|4|3|3|0|10|8|0|1|0
[Karlmalone​#2854] Attach 1 Don to Eustass "Captain" Kid ["OP10-112">OP10-112] (1 Total)
RZ1|420|1|Don|5|9|9|200|1|1|0|0|0
RZ1|CHK|420|1|32|4|3|3|0|9|8|0|1|1
[Karlmalone​#2854] Attach 1 Don to Eustass "Captain" Kid ["OP10-112">OP10-112] (2 Total)
RZ1|421|1|Don|5|8|9|201|1|1|0|0|0
RZ1|CHK|421|1|32|4|3|3|0|8|8|0|1|2
[Karlmalone​#2854] Eustass "Captain" Kid ["OP10-112">OP10-112] attacking Kuzan ["OP12-040">OP12-040]
[Proxh​#4377] Ice Block: Pheasant Peck ["OP12-057">OP12-057]: Activate Counter
[Proxh​#4377] Ice Block: Pheasant Peck ["OP12-057">OP12-057]: Rest 1 Don
RZ1|422|2|Don|5|8|5|8|1|1|1|0|0
RZ1|CHK|422|2|15|8|5|0|0|9|22|0|1|1
RZ1|423|2|OP12-057|1|6|6|22|1|1|0|0|0
RZ1|CHK|423|2|15|7|5|0|0|9|23|0|1|1
[Proxh​#4377] Ice Block: Pheasant Peck ["OP12-057">OP12-057]: Buff Kuzan ["OP12-040">OP12-040] 4000 for the Combat
RZ1|424|2|ST33-005|1|3|6|23|1|1|0|0|0
RZ1|CHK|424|2|15|6|5|0|0|9|24|0|1|1
[Proxh​#4377] Ice Block: Pheasant Peck ["OP12-057">OP12-057]: Trash Monkey D. Garp ["ST33-005">ST33-005]
[Proxh​#4377] Drew card from deck: Kuzan ["OP12-043">OP12-043]
RZ1|425|2|OP12-043|0|14|1|6|0|1|0|0|0
RZ1|CHK|425|2|14|7|5|0|0|9|24|0|1|1
[Proxh​#4377] Kuzan ["OP12-040">OP12-040]: Draw 1 Card
[Proxh​#4377] Discard Hina ["OP12-051">OP12-051] for Counter 2000
RZ1|426|2|OP12-051|1|5|6|24|1|1|0|0|0
RZ1|CHK|426|2|14|6|5|0|0|9|25|0|1|1
[Proxh​#4377] Discard Sakazuki ["ST33-002">ST33-002] for Counter 1000
RZ1|427|2|ST33-002|1|2|6|25|1|1|0|0|0
RZ1|CHK|427|2|14|5|5|0|0|9|26|0|1|1
Eustass "Captain" Kid ["OP10-112">OP10-112][11000] vs Kuzan ["OP12-040">OP12-040][12000]
Attack Fails
[Karlmalone​#2854] Attach 1 Don to Trafalgar Law ["OP10-119">OP10-119] (1 Total)
RZ1|428|1|Don|5|7|9|100|1|1|0|0|0
RZ1|CHK|428|1|32|4|3|3|0|7|8|0|1|3
[Karlmalone​#2854] Attach 1 Don to Trafalgar Law ["OP10-119">OP10-119] (2 Total)
RZ1|429|1|Don|5|6|9|101|1|1|0|0|0
RZ1|CHK|429|1|32|4|3|3|0|6|8|0|1|4
[Karlmalone​#2854] Trafalgar Law ["OP10-119">OP10-119] attacking Kuzan ["OP12-040">OP12-040]
[Proxh​#4377] Borsalino ["ST33-004">ST33-004] Blocks
RZ1|430|2|ST33-004|2|3|6|26|1|1|0|0|0
RZ1|CHK|430|2|14|5|4|0|0|9|27|0|1|1
Trafalgar Law ["OP10-119">OP10-119][11000] vs Borsalino ["ST33-004">ST33-004][6000]
[Proxh​#4377] Borsalino ["ST33-004">ST33-004] Destroyed
[Karlmalone​#2854] Attach 1 Don to Trafalgar Law ["OP10-119">OP10-119] (1 Total)
RZ1|431|1|Don|5|5|9|0|1|1|0|0|0
RZ1|CHK|431|1|32|4|3|3|0|5|8|0|1|5
[Karlmalone​#2854] Attach 1 Don to Trafalgar Law ["OP10-119">OP10-119] (2 Total)
RZ1|432|1|Don|5|4|9|1|1|1|0|0|0
RZ1|CHK|432|1|32|4|3|3|0|4|8|0|1|6
[Karlmalone​#2854] Attach 2 Don to Trafalgar Law ["OP10-119">OP10-119] (4 Total)
RZ1|433|1|Don|5|3|9|2|1|1|0|0|0
RZ1|CHK|433|1|32|4|3|3|0|3|8|0|1|7
RZ1|434|1|Don|5|2|9|3|1|1|0|0|0
RZ1|CHK|434|1|32|4|3|3|0|2|8|0|1|8
[Karlmalone​#2854] Trafalgar Law ["OP10-119">OP10-119] attacking Kuzan ["OP12-040">OP12-040]
[Proxh​#4377] Aramaki ["OP06-043">OP06-043] Blocks
RZ1|435|2|OP06-043|2|3|6|27|1|1|0|0|0
RZ1|CHK|435|2|14|5|3|0|0|9|28|0|1|1
Trafalgar Law ["OP10-119">OP10-119][13000] vs Aramaki ["OP06-043">OP06-043][8000]
[Proxh​#4377] Aramaki ["OP06-043">OP06-043] Destroyed
RZ1|436|1|Don|5|0|5|0|1|1|1|0|0
RZ1|CHK|436|1|32|4|3|3|0|2|8|0|1|8
RZ1|437|1|Don|5|1|5|1|1|1|1|0|0
RZ1|CHK|437|1|32|4|3|3|0|2|8|0|1|8
[Karlmalone​#2854] Deploy Capone "Gang" Bege ["OP11-101">OP11-101]
RZ1|438|1|OP11-101|1|1|2|3|1|1|0|0|0
RZ1|CHK|438|1|32|3|4|3|0|2|8|0|1|8
[Karlmalone​#2854] Drew card from deck: The Pirate King Is Just The Freest Man on the Sea!!! ["OP13-116">OP13-116]
RZ1|439|1|OP13-116|0|31|1|3|1|1|0|0|0
RZ1|CHK|439|1|31|4|4|3|0|2|8|0|1|8
[Karlmalone​#2854] Eustass "Captain" Kid ["OP10-112">OP10-112]: Draw 1 Card
RZ1|440|1|OP13-116|1|3|6|8|1|1|0|0|0
RZ1|CHK|440|1|31|3|4|3|0|2|9|0|1|8
[Karlmalone​#2854] Eustass "Captain" Kid ["OP10-112">OP10-112]: Trash The Pirate King Is Just The Freest Man on the Sea!!! ["OP13-116">OP13-116]
[Karlmalone​#2854] Eustass "Captain" Kid ["OP10-099">OP10-099]: Flip 1 Life Face Up
RZ1|441|1|ST36-005|3|2|3|2|1|1|0|0|0
RZ1|CHK|441|1|31|3|4|3|0|2|9|0|1|8
[Karlmalone​#2854] Eustass "Captain" Kid ["OP10-099">OP10-099]: Set Eustass "Captain" Kid ["OP10-112">OP10-112] to Active
[Karlmalone​#2854] Eustass "Captain" Kid ["OP10-099">OP10-099]: Eustass "Captain" Kid ["OP10-112">OP10-112] Gains Blocker
[Karlmalone​#2854] Hand: [OP15-105,OP10-114,ST36-001]
[Karlmalone​#2854] Board: [OP10-119,OP10-119,OP10-112,OP11-101]
[Karlmalone​#2854] Trash: [ST36-003,P-088,ST36-002,ST36-002,OP10-109,OP10-116,P-088,ST36-002,OP13-116]
[Karlmalone​#2854] Life: 3
[Proxh​#4377] Hand: [ST33-004,OP12-044,OP12-057,ST33-003,OP12-043]
[Proxh​#4377] Trash: [OP06-044,OP12-047,EB04-022,OP12-051,OP12-044,ST33-005,OP12-047,ST33-003,EB04-022,EB04-026,EB04-028,OP12-044,OP06-050,OP12-043,EB04-028,OP12-047,OP06-050,OP06-044,OP12-057,OP06-058,OP12-056,EB04-022,OP12-057,ST33-005,OP12-051,ST33-002,ST33-004,OP06-043]
[Proxh​#4377] Board: [EB04-026,OP12-056,OP06-043]
[Proxh​#4377] Life: 0
[Karlmalone​#2854] End Turn
RZ1|442|2|Don|9|100|5|0|1|1|1|0|0
RZ1|CHK|442|2|14|5|3|0|0|10|28|0|1|0
[Proxh​#4377] Draw 1 Card
[Proxh​#4377] Drew card from deck: Tashigi ["OP06-050">OP06-050]
RZ1|443|2|OP06-050|0|13|1|5|0|1|0|0|0
RZ1|CHK|443|2|13|6|3|0|0|10|28|0|1|0
RZ1|444|2|Don|5|0|5|0|1|1|1|0|0
RZ1|CHK|444|2|13|6|3|0|0|10|28|0|1|0
[Proxh​#4377] Deploy Tashigi ["OP06-050">OP06-050]
RZ1|445|2|OP06-050|1|5|2|3|1|1|0|0|0
RZ1|CHK|445|2|13|5|4|0|0|10|28|0|1|0
RZ1|446|2|OP12-057|0|11|1|5|0|1|0|0|0
RZ1|CHK|446|2|12|6|4|0|0|10|28|0|1|0
[Proxh​#4377] Tashigi ["OP06-050">OP06-050]: <b>Reveal and Draw Ice Block: Pheasant Peck ["OP12-057">OP12-057]</b>
[Proxh​#4377] Placing Cards on Bottom of Deck
RZ1|447|2|ST33-005|0|11|0|0|0|0|0|0|0
RZ1|CHK|447|2|12|6|4|0|0|10|28|0|1|0
RZ1|448|2|ST33-004|0|11|0|0|0|0|0|0|0
RZ1|CHK|448|2|12|6|4|0|0|10|28|0|1|0
RZ1|449|2|OP12-043|0|11|0|0|0|0|0|0|0
RZ1|CHK|449|2|12|6|4|0|0|10|28|0|1|0
RZ1|450|2|ST33-004|0|11|0|0|0|0|0|0|0
RZ1|CHK|450|2|12|6|4|0|0|10|28|0|1|0
RZ1|451|2|OP12-043|1|4|6|28|1|1|0|0|0
RZ1|CHK|451|2|12|5|4|0|0|10|29|0|1|0
[Proxh​#4377] Aramaki ["OP06-043">OP06-043]: Trash Kuzan ["OP12-043">OP12-043]
[Proxh​#4377] Aramaki ["OP06-043">OP06-043]: Send Capone "Gang" Bege ["OP11-101">OP11-101] to Deck Bottom
RZ1|452|1|OP11-101|2|3|0|0|0|0|0|0|0
RZ1|CHK|452|1|32|3|3|3|0|2|9|0|1|8
[Proxh​#4377] Aramaki ["OP06-043">OP06-043]: Buff Aramaki ["OP06-043">OP06-043] 3000
[Proxh​#4377] Drew card from deck: Sengoku ["OP12-047">OP12-047]
RZ1|453|2|OP12-047|0|11|1|5|0|1|0|0|0
RZ1|CHK|453|2|11|6|4|0|0|10|29|0|1|0
[Proxh​#4377] Kuzan ["OP12-040">OP12-040]: Draw 1 Card
[Proxh​#4377] Attach 1 Don to Bluegrass ["EB04-026">EB04-026] (1 Total)
RZ1|454|2|Don|5|9|9|0|1|1|0|0|0
RZ1|CHK|454|2|11|6|4|0|0|9|29|0|1|1
[Proxh​#4377] Bluegrass ["EB04-026">EB04-026] attacking Eustass "Captain" Kid ["OP10-099">OP10-099]
[Proxh​#4377] Drew card from deck: Koby ["ST33-001">ST33-001]
RZ1|455|2|ST33-001|0|10|1|6|0|1|0|0|0
RZ1|CHK|455|2|10|7|4|0|0|9|29|0|1|1
[Proxh​#4377] Bluegrass ["EB04-026">EB04-026]: Draw 1 Card
RZ1|456|2|OP12-047|1|5|6|29|1|1|0|0|0
RZ1|CHK|456|2|10|6|4|0|0|9|30|0|1|1
[Proxh​#4377] Bluegrass ["EB04-026">EB04-026]: Trash Sengoku ["OP12-047">OP12-047]
[Proxh​#4377] Drew card from deck: Hina ["OP12-051">OP12-051]
RZ1|457|2|OP12-051|0|9|1|6|0|1|0|0|0
RZ1|CHK|457|2|9|7|4|0|0|9|30|0|1|1
[Proxh​#4377] Kuzan ["OP12-040">OP12-040]: Draw 1 Card
[Karlmalone​#2854] Discard Cavendish ["ST36-001">ST36-001] for Counter 2000
RZ1|458|1|ST36-001|1|2|6|9|1|1|0|0|0
RZ1|CHK|458|1|32|2|3|3|0|2|10|0|1|8
[Karlmalone​#2854] Discard X. Drake ["OP10-114">OP10-114] for Counter 2000
RZ1|459|1|OP10-114|1|1|6|10|1|1|0|0|0
RZ1|CHK|459|1|32|1|3|3|0|2|11|0|1|8
Bluegrass ["EB04-026">EB04-026][7000] vs Eustass "Captain" Kid ["OP10-099">OP10-099][9000]
Attack Fails
[Proxh​#4377] Aramaki ["OP06-043">OP06-043] attacking Trafalgar Law ["OP10-119">OP10-119]
Aramaki ["OP06-043">OP06-043][11000] vs Trafalgar Law ["OP10-119">OP10-119][9000]
[Karlmalone​#2854] Trafalgar Law ["OP10-119">OP10-119] Destroyed
RZ1|460|1|Don|9|100|5|0|1|1|1|0|0
RZ1|CHK|460|1|32|1|3|3|0|3|11|0|1|7
RZ1|461|1|Don|9|100|5|0|1|1|1|0|0
RZ1|CHK|461|1|32|1|3|3|0|4|11|0|1|6
RZ1|462|1|OP10-119|2|1|6|11|1|1|0|0|0
RZ1|CHK|462|1|32|1|2|3|0|4|12|0|1|6
[Proxh​#4377] Attach 1 Don to Monkey D. Garp ["OP12-056">OP12-056] (1 Total)
RZ1|463|2|Don|5|8|9|100|1|1|0|0|0
RZ1|CHK|463|2|9|7|4|0|0|8|30|0|1|2
[Proxh​#4377] Monkey D. Garp ["OP12-056">OP12-056] attacking Trafalgar Law ["OP10-119">OP10-119]
[Karlmalone​#2854] Discard Jewelry Bonney ["OP15-105">OP15-105] for Counter 2000
RZ1|464|1|OP15-105|1|0|6|12|1|1|0|0|0
RZ1|CHK|464|1|32|0|2|3|0|4|13|0|1|6
Monkey D. Garp ["OP12-056">OP12-056][9000] vs Trafalgar Law ["OP10-119">OP10-119][11000]
Attack Fails
RZ1|465|2|Don|5|1|5|1|1|1|1|0|0
RZ1|CHK|465|2|9|7|4|0|0|8|30|0|1|2
RZ1|466|2|Don|5|2|5|2|1|1|1|0|0
RZ1|CHK|466|2|9|7|4|0|0|8|30|0|1|2
[Proxh​#4377] Deploy Koby ["ST33-001">ST33-001]
RZ1|467|2|ST33-001|1|5|2|4|1|1|0|0|0
RZ1|CHK|467|2|9|6|5|0|0|8|30|0|1|2
RZ1|468|2|OP12-044|1|1|6|30|1|1|0|0|0
RZ1|CHK|468|2|9|5|5|0|0|8|31|0|1|2
[Proxh​#4377] Koby ["ST33-001">ST33-001]: Trash Sakazuki ["OP12-044">OP12-044]
[Proxh​#4377] Drew card from deck: Gravity Blade Raging Tiger ["OP06-058">OP06-058]
RZ1|469|2|OP06-058|0|8|1|5|0|1|0|0|0
RZ1|CHK|469|2|8|6|5|0|0|8|31|0|1|2
[Proxh​#4377] Koby ["ST33-001">ST33-001]: Draw 1 Card
[Proxh​#4377] Drew card from deck: Sakazuki ["ST33-002">ST33-002]
RZ1|470|2|ST33-002|0|7|1|6|0|1|0|0|0
RZ1|CHK|470|2|7|7|5|0|0|8|31|0|1|2
[Proxh​#4377] Kuzan ["OP12-040">OP12-040]: Draw 1 Card
RZ1|471|2|Don|5|3|5|3|1|1|1|0|0
RZ1|CHK|471|2|7|7|5|0|0|8|31|0|1|2
RZ1|472|2|Don|5|4|5|4|1|1|1|0|0
RZ1|CHK|472|2|7|7|5|0|0|8|31|0|1|2
RZ1|473|2|Don|5|5|5|5|1|1|1|0|0
RZ1|CHK|473|2|7|7|5|0|0|8|31|0|1|2
[Proxh​#4377] Trash Tashigi ["OP06-050">OP06-050]
[Proxh​#4377] Deploy Borsalino ["ST33-004">ST33-004]
RZ1|474|2|OP06-050|2|3|6|31|1|1|0|0|0
RZ1|CHK|474|2|7|7|4|0|0|8|32|0|1|2
RZ1|475|2|ST33-004|1|0|2|4|1|1|0|0|0
RZ1|CHK|475|2|7|6|5|0|0|8|32|0|1|2
[Proxh​#4377] End Turn
[Karlmalone​#2854] Hand: []
[Karlmalone​#2854] Board: [OP10-119,OP10-112]
[Karlmalone​#2854] Trash: [ST36-003,P-088,ST36-002,ST36-002,OP10-109,OP10-116,P-088,ST36-002,OP13-116,ST36-001,OP10-114,OP10-119,OP15-105]
[Karlmalone​#2854] Life: 3
[Proxh​#4377] Hand: [OP12-057,ST33-003,OP12-057,OP12-051,OP06-058,ST33-002]
[Proxh​#4377] Trash: [OP06-044,OP12-047,EB04-022,OP12-051,OP12-044,ST33-005,OP12-047,ST33-003,EB04-022,EB04-026,EB04-028,OP12-044,OP06-050,OP12-043,EB04-028,OP12-047,OP06-050,OP06-044,OP12-057,OP06-058,OP12-056,EB04-022,OP12-057,ST33-005,OP12-051,ST33-002,ST33-004,OP06-043,OP12-043,OP12-047,OP12-044,OP06-050]
[Proxh​#4377] Board: [EB04-026,OP12-056,OP06-043,ST33-001,ST33-004]
[Proxh​#4377] Life: 0
RZ1|476|1|Don|9|0|5|0|1|1|1|0|0
RZ1|CHK|476|1|32|0|2|3|0|5|13|0|1|5
RZ1|477|1|Don|9|0|5|0|1|1|1|0|0
RZ1|CHK|477|1|32|0|2|3|0|6|13|0|1|4
RZ1|478|1|Don|9|0|5|0|1|1|1|0|0
RZ1|CHK|478|1|32|0|2|3|0|7|13|0|1|3
RZ1|479|1|Don|9|0|5|0|1|1|1|0|0
RZ1|CHK|479|1|32|0|2|3|0|8|13|0|1|2
RZ1|480|1|Don|9|100|5|0|1|1|1|0|0
RZ1|CHK|480|1|32|0|2|3|0|9|13|0|1|1
RZ1|481|1|Don|9|100|5|0|1|1|1|0|0
RZ1|CHK|481|1|32|0|2|3|0|10|13|0|1|0
[Karlmalone​#2854] Draw 1 Card
[Karlmalone​#2854] Drew card from deck: Eustass "Captain" Kid ["OP10-112">OP10-112]
RZ1|482|1|OP10-112|0|31|1|0|1|1|0|0|0
RZ1|CHK|482|1|31|1|2|3|0|10|13|0|1|0
[Karlmalone​#2854] Attach 1 Don to Eustass "Captain" Kid ["OP10-099">OP10-099] (1 Total)
RZ1|483|1|Don|5|9|9|9900|1|1|0|0|0
RZ1|CHK|483|1|31|1|2|3|0|9|13|0|1|1
[Karlmalone​#2854] Attach 1 Don to Eustass "Captain" Kid ["OP10-099">OP10-099] (2 Total)
RZ1|484|1|Don|5|8|9|9901|1|1|0|0|0
RZ1|CHK|484|1|31|1|2|3|0|8|13|0|1|2
[Karlmalone​#2854] Attach 1 Don to Eustass "Captain" Kid ["OP10-099">OP10-099] (3 Total)
RZ1|485|1|Don|5|7|9|9902|1|1|0|0|0
RZ1|CHK|485|1|31|1|2|3|0|7|13|0|1|3
[Karlmalone​#2854] Attach 1 Don to Eustass "Captain" Kid ["OP10-099">OP10-099] (4 Total)
RZ1|486|1|Don|5|6|9|9903|1|1|0|0|0
RZ1|CHK|486|1|31|1|2|3|0|6|13|0|1|4
[Karlmalone​#2854] Attach 1 Don to Eustass "Captain" Kid ["OP10-099">OP10-099] (5 Total)
RZ1|487|1|Don|5|5|9|9904|1|1|0|0|0
RZ1|CHK|487|1|31|1|2|3|0|5|13|0|1|5
[Karlmalone​#2854] Eustass "Captain" Kid ["OP10-099">OP10-099] attacking Kuzan ["OP12-040">OP12-040]
[Proxh​#4377] Ice Block: Pheasant Peck ["OP12-057">OP12-057]: Activate Counter
[Proxh​#4377] Ice Block: Pheasant Peck ["OP12-057">OP12-057]: Rest 1 Don
RZ1|488|2|Don|5|6|5|6|1|1|1|0|0
RZ1|CHK|488|2|7|6|5|0|0|8|32|0|1|2
RZ1|489|2|OP12-057|1|0|6|32|1|1|0|0|0
RZ1|CHK|489|2|7|5|5|0|0|8|33|0|1|2
[Proxh​#4377] Ice Block: Pheasant Peck ["OP12-057">OP12-057]: Buff Kuzan ["OP12-040">OP12-040] 4000 for the Combat
RZ1|490|2|OP06-058|1|3|6|33|1|1|0|0|0
RZ1|CHK|490|2|7|4|5|0|0|8|34|0|1|2
[Proxh​#4377] Ice Block: Pheasant Peck ["OP12-057">OP12-057]: Trash Gravity Blade Raging Tiger ["OP06-058">OP06-058]
[Proxh​#4377] Drew card from deck: Tashigi ["OP06-050">OP06-050]
RZ1|491|2|OP06-050|0|6|1|4|0|1|0|0|0
RZ1|CHK|491|2|6|5|5|0|0|8|34|0|1|2
[Proxh​#4377] Kuzan ["OP12-040">OP12-040]: Draw 1 Card
[Proxh​#4377] Discard Hina ["OP12-051">OP12-051] for Counter 2000
RZ1|492|2|OP12-051|1|2|6|34|1|1|0|0|0
RZ1|CHK|492|2|6|4|5|0|0|8|35|0|1|2
Eustass "Captain" Kid ["OP10-099">OP10-099][10000] vs Kuzan ["OP12-040">OP12-040][11000]
Attack Fails
[Karlmalone​#2854] Attach 2 Don to Eustass "Captain" Kid ["OP10-112">OP10-112] (2 Total)
RZ1|493|1|Don|5|4|9|100|1|1|0|0|0
RZ1|CHK|493|1|31|1|2|3|0|4|13|0|1|6
RZ1|494|1|Don|5|3|9|101|1|1|0|0|0
RZ1|CHK|494|1|31|1|2|3|0|3|13|0|1|7
[Karlmalone​#2854] Eustass "Captain" Kid ["OP10-112">OP10-112] attacking Kuzan ["OP12-040">OP12-040]
[Proxh​#4377] Koby ["ST33-001">ST33-001] Blocks
RZ1|495|2|ST33-001|2|3|6|35|1|1|0|0|0
RZ1|CHK|495|2|6|4|4|0|0|8|36|0|1|2
Eustass "Captain" Kid ["OP10-112">OP10-112][11000] vs Koby ["ST33-001">ST33-001][1000]
[Proxh​#4377] Koby ["ST33-001">ST33-001] Destroyed
[Karlmalone​#2854] Attach 3 Don to Trafalgar Law ["OP10-119">OP10-119] (3 Total)
RZ1|496|1|Don|5|2|9|0|1|1|0|0|0
RZ1|CHK|496|1|31|1|2|3|0|2|13|0|1|8
RZ1|497|1|Don|5|1|9|1|1|1|0|0|0
RZ1|CHK|497|1|31|1|2|3|0|1|13|0|1|9
RZ1|498|1|Don|5|0|9|2|1|1|0|0|0
RZ1|CHK|498|1|31|1|2|3|0|0|13|0|1|10
[Karlmalone​#2854] Trafalgar Law ["OP10-119">OP10-119] attacking Kuzan ["OP12-040">OP12-040]
[Proxh​#4377] Borsalino ["ST33-004">ST33-004] Blocks
[Proxh​#4377] Ice Block: Pheasant Peck ["OP12-057">OP12-057]: Activate Counter
[Proxh​#4377] Ice Block: Pheasant Peck ["OP12-057">OP12-057]: Rest 1 Don
RZ1|499|2|Don|5|7|5|7|1|1|1|0|0
RZ1|CHK|499|2|6|4|4|0|0|8|36|0|1|2
RZ1|500|2|OP12-057|1|1|6|36|1|1|0|0|0
RZ1|CHK|500|2|6|3|4|0|0|8|37|0|1|2
[Proxh​#4377] Ice Block: Pheasant Peck ["OP12-057">OP12-057]: Buff Borsalino ["ST33-004">ST33-004] 4000 for the Combat
RZ1|501|2|OP06-050|1|2|6|37|1|1|0|0|0
RZ1|CHK|501|2|6|2|4|0|0|8|38|0|1|2
[Proxh​#4377] Ice Block: Pheasant Peck ["OP12-057">OP12-057]: Trash Tashigi ["OP06-050">OP06-050]
[Proxh​#4377] Drew card from deck: Monkey D. Garp ["ST33-005">ST33-005]
RZ1|502|2|ST33-005|0|5|1|2|0|1|0|0|0
RZ1|CHK|502|2|5|3|4|0|0|8|38|0|1|2
[Proxh​#4377] Kuzan ["OP12-040">OP12-040]: Draw 1 Card
[Proxh​#4377] Discard Smoker ["ST33-003">ST33-003] for Counter 2000
RZ1|503|2|ST33-003|1|0|6|38|1|1|0|0|0
RZ1|CHK|503|2|5|2|4|0|0|8|39|0|1|2
[Proxh​#4377] Discard Sakazuki ["ST33-002">ST33-002] for Counter 1000
RZ1|504|2|ST33-002|1|0|6|39|1|1|0|0|0
RZ1|CHK|504|2|5|1|4|0|0|8|40|0|1|2
Trafalgar Law ["OP10-119">OP10-119][12000] vs Borsalino ["ST33-004">ST33-004][13000]
Attack Fails
[Karlmalone​#2854] Drew card from deck: Bartolomeo ["ST36-004">ST36-004]
RZ1|505|1|ST36-004|0|30|1|1|1|1|0|0|0
RZ1|CHK|505|1|30|2|2|3|0|0|13|0|1|10
[Karlmalone​#2854] Eustass "Captain" Kid ["OP10-112">OP10-112]: Draw 1 Card
RZ1|506|1|OP10-112|1|0|6|13|1|1|0|0|0
RZ1|CHK|506|1|30|1|2|3|0|0|14|0|1|10
[Karlmalone​#2854] Eustass "Captain" Kid ["OP10-112">OP10-112]: Trash Eustass "Captain" Kid ["OP10-112">OP10-112]
[Karlmalone​#2854] Hand: [ST36-004]
[Karlmalone​#2854] Board: [OP10-119,OP10-112]
[Karlmalone​#2854] Trash: [ST36-003,P-088,ST36-002,ST36-002,OP10-109,OP10-116,P-088,ST36-002,OP13-116,ST36-001,OP10-114,OP10-119,OP15-105,OP10-112]
[Karlmalone​#2854] Life: 3
[Proxh​#4377] Hand: [ST33-005]
[Proxh​#4377] Trash: [OP06-044,OP12-047,EB04-022,OP12-051,OP12-044,ST33-005,OP12-047,ST33-003,EB04-022,EB04-026,EB04-028,OP12-044,OP06-050,OP12-043,EB04-028,OP12-047,OP06-050,OP06-044,OP12-057,OP06-058,OP12-056,EB04-022,OP12-057,ST33-005,OP12-051,ST33-002,ST33-004,OP06-043,OP12-043,OP12-047,OP12-044,OP06-050,OP12-057,OP06-058,OP12-051,ST33-001,OP12-057,OP06-050,ST33-003,ST33-002]
[Proxh​#4377] Board: [EB04-026,OP12-056,OP06-043,ST33-004]
[Proxh​#4377] Life: 0
[Karlmalone​#2854] End Turn
RZ1|507|2|Don|9|0|5|0|1|1|1|0|0
RZ1|CHK|507|2|5|1|4|0|0|9|40|0|1|1
RZ1|508|2|Don|9|100|5|0|1|1|1|0|0
RZ1|CHK|508|2|5|1|4|0|0|10|40|0|1|0
[Proxh​#4377] Draw 1 Card
[Proxh​#4377] Drew card from deck: Smoker ["ST33-003">ST33-003]
RZ1|509|2|ST33-003|0|4|1|1|0|1|0|0|0
RZ1|CHK|509|2|4|2|4|0|0|10|40|0|1|0
[Proxh​#4377] Bluegrass ["EB04-026">EB04-026] attacking Eustass "Captain" Kid ["OP10-099">OP10-099]
[Proxh​#4377] Drew card from deck: Monkey D. Garp ["ST33-005">ST33-005]
RZ1|510|2|ST33-005|0|3|1|2|0|1|0|0|0
RZ1|CHK|510|2|3|3|4|0|0|10|40|0|1|0
[Proxh​#4377] Bluegrass ["EB04-026">EB04-026]: Draw 1 Card
RZ1|511|2|ST33-005|1|2|6|40|1|1|0|0|0
RZ1|CHK|511|2|3|2|4|0|0|10|41|0|1|0
[Proxh​#4377] Bluegrass ["EB04-026">EB04-026]: Trash Monkey D. Garp ["ST33-005">ST33-005]
[Proxh​#4377] Drew card from deck: Borsalino ["ST33-004">ST33-004]
RZ1|512|2|ST33-004|0|2|1|2|0|1|0|0|0
RZ1|CHK|512|2|2|3|4|0|0|10|41|0|1|0
[Proxh​#4377] Kuzan ["OP12-040">OP12-040]: Draw 1 Card
Bluegrass ["EB04-026">EB04-026][6000] vs Eustass "Captain" Kid ["OP10-099">OP10-099][5000]
Eustass "Captain" Kid ["OP10-099">OP10-099] hit for 1 damage
RZ1|513|1|ST36-005|3|2|1|1|1|1|0|0|0
RZ1|CHK|513|1|30|2|2|2|0|0|14|0|1|10
[Proxh​#4377] Attach 2 Don to Kuzan ["OP12-040">OP12-040] (2 Total)
RZ1|514|2|Don|5|9|9|9900|1|1|0|0|0
RZ1|CHK|514|2|2|3|4|0|0|9|41|0|1|1
RZ1|515|2|Don|5|8|9|9901|1|1|0|0|0
RZ1|CHK|515|2|2|3|4|0|0|8|41|0|1|2
[Proxh​#4377] Kuzan ["OP12-040">OP12-040] attacking Eustass "Captain" Kid ["OP10-099">OP10-099]
Kuzan ["OP12-040">OP12-040][7000] vs Eustass "Captain" Kid ["OP10-099">OP10-099][5000]
Eustass "Captain" Kid ["OP10-099">OP10-099] hit for 1 damage
RZ1|516|1|OP10-119|3|1|1|2|1|1|0|0|0
RZ1|CHK|516|1|30|3|2|1|0|0|14|0|1|10
[Proxh​#4377] Attach 1 Don to Borsalino ["ST33-004">ST33-004] (1 Total)
RZ1|517|2|Don|5|7|9|300|1|1|0|0|0
RZ1|CHK|517|2|2|3|4|0|0|7|41|0|1|3
[Proxh​#4377] Borsalino ["ST33-004">ST33-004] attacking Eustass "Captain" Kid ["OP10-099">OP10-099]
Borsalino ["ST33-004">ST33-004][7000] vs Eustass "Captain" Kid ["OP10-099">OP10-099][5000]
Eustass "Captain" Kid ["OP10-099">OP10-099] hit for 1 damage
RZ1|518|1|OP12-117|3|0|1|3|1|1|0|0|0
RZ1|CHK|518|1|30|4|2|0|0|0|14|0|1|10
[Proxh​#4377] Attach 1 Don to Aramaki ["OP06-043">OP06-043] (1 Total)
RZ1|519|2|Don|5|6|9|200|1|1|0|0|0
RZ1|CHK|519|2|2|3|4|0|0|6|41|0|1|4
[Proxh​#4377] Aramaki ["OP06-043">OP06-043] attacking Eustass "Captain" Kid ["OP10-099">OP10-099]
Aramaki ["OP06-043">OP06-043][9000] vs Eustass "Captain" Kid ["OP10-099">OP10-099][5000]
Eustass "Captain" Kid ["OP10-099">OP10-099] hit for 1 damage
[Karlmalone​#2854] <b>Downloaded the Combat Log!</b>
GameOver
