Version is 1.41b.40
[You] Leader is Eustass "Captain" Kid ["OP10-099">OP10-099]
RZ1|HDR|1.41b|2|RZ1
RZ1|PLY|1||OP10-099
RZ1|PLY|2||
[Opponent] Leader is Charlotte Katakuri ["OP11-062">OP11-062]
RZ1|1|2|ST18-001|0|12|0|0|0|0|0|0|0
RZ1|CHK|1|2|50|0|0|0|10|0|0|0|1|0
RZ1|2|2|ST18-001|0|12|0|1|0|0|0|0|0
RZ1|CHK|2|2|50|0|0|0|10|0|0|0|1|0
RZ1|3|2|OP11-073|0|36|0|2|0|0|0|0|0
RZ1|CHK|3|2|50|0|0|0|10|0|0|0|1|0
RZ1|4|2|OP15-078|0|45|0|3|0|0|0|0|0
RZ1|CHK|4|2|50|0|0|0|10|0|0|0|1|0
RZ1|5|2|ST34-002|0|19|0|4|0|0|0|0|0
RZ1|CHK|5|2|50|0|0|0|10|0|0|0|1|0
RZ1|6|2|ST34-002|0|21|0|5|0|0|0|0|0
RZ1|CHK|6|2|50|0|0|0|10|0|0|0|1|0
RZ1|7|2|OP15-069|0|11|0|6|0|0|0|0|0
RZ1|CHK|7|2|50|0|0|0|10|0|0|0|1|0
RZ1|8|2|OP11-067|0|31|0|7|0|0|0|0|0
RZ1|CHK|8|2|50|0|0|0|10|0|0|0|1|0
RZ1|9|2|OP07-077|0|49|0|8|0|0|0|0|0
RZ1|CHK|9|2|50|0|0|0|10|0|0|0|1|0
RZ1|10|2|ST34-001|0|28|0|9|0|0|0|0|0
RZ1|CHK|10|2|50|0|0|0|10|0|0|0|1|0
RZ1|11|2|OP07-077|0|47|0|10|0|0|0|0|0
RZ1|CHK|11|2|50|0|0|0|10|0|0|0|1|0
RZ1|12|2|OP11-070|0|12|0|11|0|0|0|0|0
RZ1|CHK|12|2|50|0|0|0|10|0|0|0|1|0
RZ1|13|2|ST34-005|0|23|0|12|0|0|0|0|0
RZ1|CHK|13|2|50|0|0|0|10|0|0|0|1|0
RZ1|14|2|OP07-077|0|49|0|13|0|0|0|0|0
RZ1|CHK|14|2|50|0|0|0|10|0|0|0|1|0
RZ1|15|2|OP11-067|0|36|0|14|0|0|0|0|0
RZ1|CHK|15|2|50|0|0|0|10|0|0|0|1|0
RZ1|16|2|PRB02-010|0|34|0|15|0|0|0|0|0
RZ1|CHK|16|2|50|0|0|0|10|0|0|0|1|0
RZ1|17|2|ST34-004|0|43|0|16|0|0|0|0|0
RZ1|CHK|17|2|50|0|0|0|10|0|0|0|1|0
RZ1|18|2|ST34-001|0|31|0|17|0|0|0|0|0
RZ1|CHK|18|2|50|0|0|0|10|0|0|0|1|0
RZ1|19|2|ST34-001|0|32|0|18|0|0|0|0|0
RZ1|CHK|19|2|50|0|0|0|10|0|0|0|1|0
RZ1|20|2|OP08-069|0|39|0|19|0|0|0|0|0
RZ1|CHK|20|2|50|0|0|0|10|0|0|0|1|0
RZ1|21|2|ST34-002|0|32|0|20|0|0|0|0|0
RZ1|CHK|21|2|50|0|0|0|10|0|0|0|1|0
RZ1|22|2|PRB02-010|0|37|0|21|0|0|0|0|0
RZ1|CHK|22|2|50|0|0|0|10|0|0|0|1|0
RZ1|23|2|OP13-076|0|45|0|22|0|0|0|0|0
RZ1|CHK|23|2|50|0|0|0|10|0|0|0|1|0
RZ1|24|2|ST34-002|0|35|0|23|0|0|0|0|0
RZ1|CHK|24|2|50|0|0|0|10|0|0|0|1|0
RZ1|25|2|ST34-004|0|43|0|24|0|0|0|0|0
RZ1|CHK|25|2|50|0|0|0|10|0|0|0|1|0
RZ1|26|2|OP07-077|0|49|0|25|0|0|0|0|0
RZ1|CHK|26|2|50|0|0|0|10|0|0|0|1|0
RZ1|27|2|ST34-004|0|45|0|26|0|0|0|0|0
RZ1|CHK|27|2|50|0|0|0|10|0|0|0|1|0
RZ1|28|2|PRB02-010|0|40|0|27|0|0|0|0|0
RZ1|CHK|28|2|50|0|0|0|10|0|0|0|1|0
RZ1|29|2|ST34-003|0|33|0|28|0|0|0|0|0
RZ1|CHK|29|2|50|0|0|0|10|0|0|0|1|0
RZ1|30|2|OP15-078|0|47|0|29|0|0|0|0|0
RZ1|CHK|30|2|50|0|0|0|10|0|0|0|1|0
RZ1|31|2|OP15-078|0|49|0|30|0|0|0|0|0
RZ1|CHK|31|2|50|0|0|0|10|0|0|0|1|0
RZ1|32|2|ST34-004|0|48|0|31|0|0|0|0|0
RZ1|CHK|32|2|50|0|0|0|10|0|0|0|1|0
RZ1|33|2|ST34-005|0|42|0|33|0|0|0|0|0
RZ1|CHK|33|2|50|0|0|0|10|0|0|0|1|0
RZ1|34|2|ST34-005|0|41|0|34|0|0|0|0|0
RZ1|CHK|34|2|50|0|0|0|10|0|0|0|1|0
RZ1|35|2|OP15-078|0|49|0|35|0|0|0|0|0
RZ1|CHK|35|2|50|0|0|0|10|0|0|0|1|0
RZ1|36|2|OP08-069|0|49|0|36|0|0|0|0|0
RZ1|CHK|36|2|50|0|0|0|10|0|0|0|1|0
RZ1|37|2|OP15-069|0|39|0|37|0|0|0|0|0
RZ1|CHK|37|2|50|0|0|0|10|0|0|0|1|0
RZ1|38|2|OP15-069|0|40|0|38|0|0|0|0|0
RZ1|CHK|38|2|50|0|0|0|10|0|0|0|1|0
RZ1|39|2|ST34-003|0|42|0|39|0|0|0|0|0
RZ1|CHK|39|2|50|0|0|0|10|0|0|0|1|0
RZ1|40|2|ST34-001|0|45|0|40|0|0|0|0|0
RZ1|CHK|40|2|50|0|0|0|10|0|0|0|1|0
RZ1|41|2|OP11-070|0|42|0|41|0|0|0|0|0
RZ1|CHK|41|2|50|0|0|0|10|0|0|0|1|0
RZ1|42|2|PRB02-010|0|46|0|44|0|0|0|0|0
RZ1|CHK|42|2|50|0|0|0|10|0|0|0|1|0
RZ1|43|2|OP11-067|0|47|0|45|0|0|0|0|0
RZ1|CHK|43|2|50|0|0|0|10|0|0|0|1|0
RZ1|44|2|OP08-069|0|49|0|47|0|0|0|0|0
RZ1|CHK|44|2|50|0|0|0|10|0|0|0|1|0
RZ1|45|2|OP11-067|0|49|0|48|0|0|0|0|0
RZ1|CHK|45|2|50|0|0|0|10|0|0|0|1|0
[] Drew card from deck: Capone "Gang" Bege ["OP11-101">OP11-101]
RZ1|46|1|OP11-101|0|49|1|0|1|1|0|0|0
RZ1|CHK|46|1|49|1|0|0|10|0|0|0|1|0
[] Drew card from deck: Damned Punk: Electromagnetic Cannon ["OP10-116">OP10-116]
RZ1|47|1|OP10-116|0|48|1|1|1|1|0|0|0
RZ1|CHK|47|1|48|2|0|0|10|0|0|0|1|0
[] Drew card from deck: Eustass "Captain" Kid ["ST36-005">ST36-005]
RZ1|48|1|ST36-005|0|47|1|2|1|1|0|0|0
RZ1|CHK|48|1|47|3|0|0|10|0|0|0|1|0
[] Drew card from deck: Trafalgar Law ["OP10-119">OP10-119]
RZ1|49|1|OP10-119|0|46|1|3|1|1|0|0|0
RZ1|CHK|49|1|46|4|0|0|10|0|0|0|1|0
[] Drew card from deck: X. Drake ["OP10-114">OP10-114]
RZ1|50|1|OP10-114|0|45|1|4|1|1|0|0|0
RZ1|CHK|50|1|45|5|0|0|10|0|0|0|1|0
[] Drew card from deck: Baron Tamago & Pekoms ["ST34-005">ST34-005]
RZ1|51|2|ST34-005|0|49|1|0|1|1|0|0|0
RZ1|CHK|51|2|49|1|0|0|10|0|0|0|1|0
[] Drew card from deck: Charlotte Katakuri ["OP11-067">OP11-067]
RZ1|52|2|OP11-067|0|48|1|1|1|1|0|0|0
RZ1|CHK|52|2|48|2|0|0|10|0|0|0|1|0
[] Drew card from deck: Charlotte Linlin ["OP08-069">OP08-069]
RZ1|53|2|OP08-069|0|47|1|2|1|1|0|0|0
RZ1|CHK|53|2|47|3|0|0|10|0|0|0|1|0
[] Drew card from deck: Charlotte Brulee ["ST34-003">ST34-003]
RZ1|54|2|ST34-003|0|46|1|3|1|1|0|0|0
RZ1|CHK|54|2|46|4|0|0|10|0|0|0|1|0
[] Drew card from deck: Charlotte Katakuri ["OP11-067">OP11-067]
RZ1|55|2|OP11-067|0|45|1|4|1|1|0|0|0
RZ1|CHK|55|2|45|5|0|0|10|0|0|0|1|0
RZ1|56|1|OP11-101|1|0|0|45|0|0|0|0|0
RZ1|CHK|56|1|46|4|0|0|10|0|0|0|1|0
RZ1|57|1|OP10-116|1|0|0|46|0|0|0|0|0
RZ1|CHK|57|1|47|3|0|0|10|0|0|0|1|0
RZ1|58|1|ST36-005|1|0|0|47|0|0|0|0|0
RZ1|CHK|58|1|48|2|0|0|10|0|0|0|1|0
RZ1|59|1|OP10-119|1|0|0|48|0|0|0|0|0
RZ1|CHK|59|1|49|1|0|0|10|0|0|0|1|0
RZ1|60|1|OP10-114|1|0|0|49|0|0|0|0|0
RZ1|CHK|60|1|50|0|0|0|10|0|0|0|1|0
RZ1|61|1|OP10-109|0|4|0|0|0|0|0|0|0
RZ1|CHK|61|1|50|0|0|0|10|0|0|0|1|0
RZ1|62|1|ST36-004|0|14|0|1|0|0|0|0|0
RZ1|CHK|62|1|50|0|0|0|10|0|0|0|1|0
RZ1|63|1|OP10-119|0|3|0|2|0|0|0|0|0
RZ1|CHK|63|1|50|0|0|0|10|0|0|0|1|0
RZ1|64|1|OP13-116|0|29|0|3|0|0|0|0|0
RZ1|CHK|64|1|50|0|0|0|10|0|0|0|1|0
RZ1|65|1|EB04-059|0|7|0|4|0|0|0|0|0
RZ1|CHK|65|1|50|0|0|0|10|0|0|0|1|0
RZ1|66|1|ST36-002|0|15|0|5|0|0|0|0|0
RZ1|CHK|66|1|50|0|0|0|10|0|0|0|1|0
RZ1|67|1|OP12-117|0|18|0|6|0|0|0|0|0
RZ1|CHK|67|1|50|0|0|0|10|0|0|0|1|0
RZ1|68|1|ST36-001|0|31|0|7|0|0|0|0|0
RZ1|CHK|68|1|50|0|0|0|10|0|0|0|1|0
RZ1|69|1|OP11-101|0|27|0|8|0|0|0|0|0
RZ1|CHK|69|1|50|0|0|0|10|0|0|0|1|0
RZ1|70|1|OP12-117|0|11|0|9|0|0|0|0|0
RZ1|CHK|70|1|50|0|0|0|10|0|0|0|1|0
RZ1|71|1|ST36-002|0|31|0|10|0|0|0|0|0
RZ1|CHK|71|1|50|0|0|0|10|0|0|0|1|0
RZ1|72|1|ST36-002|0|39|0|11|0|0|0|0|0
RZ1|CHK|72|1|50|0|0|0|10|0|0|0|1|0
RZ1|73|1|ST36-003|0|28|0|12|0|0|0|0|0
RZ1|CHK|73|1|50|0|0|0|10|0|0|0|1|0
RZ1|74|1|OP10-119|0|48|0|13|0|0|0|0|0
RZ1|CHK|74|1|50|0|0|0|10|0|0|0|1|0
RZ1|75|1|ST36-002|0|41|0|14|0|0|0|0|0
RZ1|CHK|75|1|50|0|0|0|10|0|0|0|1|0
RZ1|76|1|OP11-101|0|29|0|16|0|0|0|0|0
RZ1|CHK|76|1|50|0|0|0|10|0|0|0|1|0
RZ1|77|1|OP15-105|0|32|0|17|0|0|0|0|0
RZ1|CHK|77|1|50|0|0|0|10|0|0|0|1|0
RZ1|78|1|ST36-004|0|37|0|18|0|0|0|0|0
RZ1|CHK|78|1|50|0|0|0|10|0|0|0|1|0
RZ1|79|1|OP10-112|0|43|0|19|0|0|0|0|0
RZ1|CHK|79|1|50|0|0|0|10|0|0|0|1|0
RZ1|80|1|OP10-112|0|43|0|20|0|0|0|0|0
RZ1|CHK|80|1|50|0|0|0|10|0|0|0|1|0
RZ1|81|1|P-088|0|44|0|21|0|0|0|0|0
RZ1|CHK|81|1|50|0|0|0|10|0|0|0|1|0
RZ1|82|1|OP13-116|0|32|0|22|0|0|0|0|0
RZ1|CHK|82|1|50|0|0|0|10|0|0|0|1|0
RZ1|83|1|P-088|0|30|0|23|0|0|0|0|0
RZ1|CHK|83|1|50|0|0|0|10|0|0|0|1|0
RZ1|84|1|OP10-119|0|28|0|24|0|0|0|0|0
RZ1|CHK|84|1|50|0|0|0|10|0|0|0|1|0
RZ1|85|1|OP10-111|0|38|0|25|0|0|0|0|0
RZ1|CHK|85|1|50|0|0|0|10|0|0|0|1|0
RZ1|86|1|ST36-001|0|34|0|26|0|0|0|0|0
RZ1|CHK|86|1|50|0|0|0|10|0|0|0|1|0
RZ1|87|1|OP10-109|0|42|0|27|0|0|0|0|0
RZ1|CHK|87|1|50|0|0|0|10|0|0|0|1|0
RZ1|88|1|OP10-109|0|34|0|28|0|0|0|0|0
RZ1|CHK|88|1|50|0|0|0|10|0|0|0|1|0
RZ1|89|1|ST36-005|0|45|0|29|0|0|0|0|0
RZ1|CHK|89|1|50|0|0|0|10|0|0|0|1|0
RZ1|90|1|OP11-101|0|46|0|30|0|0|0|0|0
RZ1|CHK|90|1|50|0|0|0|10|0|0|0|1|0
RZ1|91|1|OP10-111|0|45|0|31|0|0|0|0|0
RZ1|CHK|91|1|50|0|0|0|10|0|0|0|1|0
RZ1|92|1|OP10-112|0|39|0|32|0|0|0|0|0
RZ1|CHK|92|1|50|0|0|0|10|0|0|0|1|0
RZ1|93|1|OP10-119|0|37|0|33|0|0|0|0|0
RZ1|CHK|93|1|50|0|0|0|10|0|0|0|1|0
RZ1|94|1|ST36-005|0|44|0|34|0|0|0|0|0
RZ1|CHK|94|1|50|0|0|0|10|0|0|0|1|0
RZ1|95|1|OP10-114|0|49|0|35|0|0|0|0|0
RZ1|CHK|95|1|50|0|0|0|10|0|0|0|1|0
RZ1|96|1|ST36-004|0|42|0|37|0|0|0|0|0
RZ1|CHK|96|1|50|0|0|0|10|0|0|0|1|0
RZ1|97|1|OP10-111|0|42|0|38|0|0|0|0|0
RZ1|CHK|97|1|50|0|0|0|10|0|0|0|1|0
RZ1|98|1|ST36-005|0|44|0|39|0|0|0|0|0
RZ1|CHK|98|1|50|0|0|0|10|0|0|0|1|0
RZ1|99|1|OP10-109|0|45|0|40|0|0|0|0|0
RZ1|CHK|99|1|50|0|0|0|10|0|0|0|1|0
RZ1|100|1|OP10-114|0|42|0|41|0|0|0|0|0
RZ1|CHK|100|1|50|0|0|0|10|0|0|0|1|0
RZ1|101|1|P-088|0|45|0|42|0|0|0|0|0
RZ1|CHK|101|1|50|0|0|0|10|0|0|0|1|0
RZ1|102|1|ST36-005|0|49|0|44|0|0|0|0|0
RZ1|CHK|102|1|50|0|0|0|10|0|0|0|1|0
RZ1|103|1|OP10-116|0|49|0|45|0|0|0|0|0
RZ1|CHK|103|1|50|0|0|0|10|0|0|0|1|0
RZ1|104|1|P-088|0|49|0|48|0|0|0|0|0
RZ1|CHK|104|1|50|0|0|0|10|0|0|0|1|0
[] Drew card from deck: Jewelry Bonney ["OP15-105">OP15-105]
RZ1|105|1|OP15-105|0|49|1|0|1|1|0|0|0
RZ1|CHK|105|1|49|1|0|0|10|0|0|0|1|0
[] Drew card from deck: Trafalgar Law ["P-088">P-088]
RZ1|106|1|P-088|0|48|1|1|1|1|0|0|0
RZ1|CHK|106|1|48|2|0|0|10|0|0|0|1|0
[] Drew card from deck: Scratchmen Apoo ["ST36-003">ST36-003]
RZ1|107|1|ST36-003|0|47|1|2|1|1|0|0|0
RZ1|CHK|107|1|47|3|0|0|10|0|0|0|1|0
[] Drew card from deck: Eustass "Captain" Kid ["OP10-112">OP10-112]
RZ1|108|1|OP10-112|0|46|1|3|1|1|0|0|0
RZ1|CHK|108|1|46|4|0|0|10|0|0|0|1|0
[] Drew card from deck: Damned Punk: Electromagnetic Cannon ["OP10-116">OP10-116]
RZ1|109|1|OP10-116|0|45|1|4|1|1|0|0|0
RZ1|CHK|109|1|45|5|0|0|10|0|0|0|1|0
RZ1|110|1|ST36-005|0|44|3|0|1|0|0|0|0
RZ1|CHK|110|1|44|5|0|1|10|0|0|0|1|0
RZ1|111|1|OP10-111|0|43|3|1|1|0|0|0|0
RZ1|CHK|111|1|43|5|0|2|10|0|0|0|1|0
RZ1|112|1|P-088|0|42|3|2|1|0|0|0|0
RZ1|CHK|112|1|42|5|0|3|10|0|0|0|1|0
RZ1|113|1|OP10-114|0|41|3|3|1|0|0|0|0
RZ1|CHK|113|1|41|5|0|4|10|0|0|0|1|0
RZ1|114|1|OP10-109|0|40|3|4|1|0|0|0|0
RZ1|CHK|114|1|40|5|0|5|10|0|0|0|1|0
[] Hand after Mulligan: [OP15-105,P-088,ST36-003,OP10-112,OP10-116]
[You] Mulligan
RZ1|115|2|PRB02-010|0|44|3|0|0|1|0|0|0
RZ1|CHK|115|2|44|5|0|1|10|0|0|0|1|0
RZ1|116|2|ST34-003|0|43|3|1|0|1|0|0|0
RZ1|CHK|116|2|43|5|0|2|10|0|0|0|1|0
RZ1|117|2|OP11-070|0|42|3|2|0|1|0|0|0
RZ1|CHK|117|2|42|5|0|3|10|0|0|0|1|0
RZ1|118|2|OP11-070|0|41|3|3|0|1|0|0|0
RZ1|CHK|118|2|41|5|0|4|10|0|0|0|1|0
RZ1|119|2|ST34-001|0|40|3|4|0|1|0|0|0
RZ1|CHK|119|2|40|5|0|5|10|0|0|0|1|0
[] Hand: [OP15-105,P-088,ST36-003,OP10-112,OP10-116]
[] Board: []
[] Trash: []
[] Life: 5
[] Hand: [ST34-005,OP11-067,OP08-069,ST34-003,OP11-067]
[] Trash: []
[] Board: []
[] Life: 5
RZ1|120|1|Don|4|9|5|0|1|1|0|0|0
RZ1|CHK|120|1|40|5|0|5|9|1|0|0|1|0
[You] Draw 1 Don
RZ1|121|1|Don|5|0|5|0|1|1|1|0|0
RZ1|CHK|121|1|40|5|0|5|9|1|0|0|1|0
[You] Deploy Jewelry Bonney ["OP15-105">OP15-105]
RZ1|122|1|OP15-105|1|0|2|0|1|1|0|0|0
RZ1|CHK|122|1|40|4|1|5|9|1|0|0|1|0
[] Hand: [P-088,ST36-003,OP10-112,OP10-116]
[] Board: [OP15-105]
[] Trash: []
[] Life: 5
[] Hand: [ST34-005,OP11-067,OP08-069,ST34-003,OP11-067]
[] Trash: []
[] Board: []
[] Life: 5
[You] End Turn
[] Hand: [ST34-005,OP11-067,OP08-069,ST34-003,OP11-067]
[] Board: []
[] Trash: []
[] Life: 5
[] Hand: [P-088,ST36-003,OP10-112,OP10-116]
[] Trash: []
[] Board: [OP15-105]
[] Life: 5
[Opponent] Draw 1 Card
[] Drew card from deck: Charlotte Brulee ["ST34-003">ST34-003]
RZ1|123|2|ST34-003|0|39|1|5|1|1|0|0|0
RZ1|CHK|123|2|39|6|0|5|10|0|0|0|1|0
RZ1|124|2|Don|4|9|5|0|1|1|0|0|0
RZ1|CHK|124|2|39|6|0|5|9|1|0|0|1|0
RZ1|125|2|Don|4|8|5|1|1|1|0|0|0
RZ1|CHK|125|2|39|6|0|5|8|2|0|0|1|0
[Opponent] Draw 2 Don
RZ1|126|2|Don|5|0|5|0|1|1|1|0|0
RZ1|CHK|126|2|39|6|0|5|8|2|0|0|1|0
[Opponent] Deploy Charlotte Brulee ["ST34-003">ST34-003]
RZ1|127|2|ST34-003|1|3|2|0|1|1|0|0|0
RZ1|CHK|127|2|39|5|1|5|8|2|0|0|1|0
RZ1|128|2|OP08-069|0|36|1|5|1|1|0|0|0
RZ1|CHK|128|2|38|6|1|5|8|2|0|0|1|0
[Opponent] Charlotte Brulee ["ST34-003">ST34-003]: <b>Reveal and Draw Charlotte Linlin ["OP08-069">OP08-069]</b>
[Opponent] Placing Cards on Bottom of Deck
RZ1|129|2|OP15-069|0|37|0|0|0|0|0|0|0
RZ1|CHK|129|2|38|6|1|5|8|2|0|0|1|0
RZ1|130|2|OP15-069|0|37|0|0|0|0|0|0|0
RZ1|CHK|130|2|38|6|1|5|8|2|0|0|1|0
RZ1|131|2|Don|5|1|5|1|1|1|1|0|0
RZ1|CHK|131|2|38|6|1|5|8|2|0|0|1|0
[Opponent] Deploy Charlotte Brulee ["ST34-003">ST34-003]
RZ1|132|2|ST34-003|1|4|2|1|1|1|0|0|0
RZ1|CHK|132|2|38|5|2|5|8|2|0|0|1|0
RZ1|133|2|ST34-005|0|36|1|5|1|1|0|0|0
RZ1|CHK|133|2|37|6|2|5|8|2|0|0|1|0
[Opponent] Charlotte Brulee ["ST34-003">ST34-003]: <b>Reveal and Draw Baron Tamago & Pekoms ["ST34-005">ST34-005]</b>
[Opponent] Placing Cards on Bottom of Deck
RZ1|134|2|OP15-078|0|36|0|0|0|0|0|0|0
RZ1|CHK|134|2|37|6|2|5|8|2|0|0|1|0
RZ1|135|2|ST34-005|0|36|0|0|0|0|0|0|0
RZ1|CHK|135|2|37|6|2|5|8|2|0|0|1|0
[] Hand: [ST34-005,OP11-067,OP08-069,OP11-067,OP08-069,ST34-005]
[] Board: [ST34-003,ST34-003]
[] Trash: []
[] Life: 5
[] Hand: [P-088,ST36-003,OP10-112,OP10-116]
[] Trash: []
[] Board: [OP15-105]
[] Life: 5
[Opponent] End Turn
[] Hand: [P-088,ST36-003,OP10-112,OP10-116]
[] Board: [OP15-105]
[] Trash: []
[] Life: 5
[] Hand: [ST34-005,OP11-067,OP08-069,OP11-067,OP08-069,ST34-005]
[] Trash: []
[] Board: [ST34-003,ST34-003]
[] Life: 5
[You] Draw 1 Card
[] Drew card from deck: Eustass "Captain" Kid ["ST36-005">ST36-005]
RZ1|136|1|ST36-005|0|39|1|4|1|1|0|0|0
RZ1|CHK|136|1|39|5|1|5|9|1|0|0|1|0
RZ1|137|1|Don|4|8|5|1|1|1|0|0|0
RZ1|CHK|137|1|39|5|1|5|8|2|0|0|1|0
RZ1|138|1|Don|4|7|5|2|1|1|0|0|0
RZ1|CHK|138|1|39|5|1|5|7|3|0|0|1|0
[You] Draw 2 Don
[You] Attach 3 Don to Eustass "Captain" Kid ["OP10-099">OP10-099] (3 Total)
RZ1|139|1|Don|5|2|9|9900|1|1|0|0|0
RZ1|CHK|139|1|39|5|1|5|7|2|0|0|1|1
RZ1|140|1|Don|5|1|9|9901|1|1|0|0|0
RZ1|CHK|140|1|39|5|1|5|7|1|0|0|1|2
RZ1|141|1|Don|5|0|9|9902|1|1|0|0|0
RZ1|CHK|141|1|39|5|1|5|7|0|0|0|1|3
[You] Eustass "Captain" Kid ["OP10-099">OP10-099] attacking Charlotte Katakuri ["OP11-062">OP11-062]
Eustass "Captain" Kid ["OP10-099">OP10-099][8000] vs Charlotte Katakuri ["OP11-062">OP11-062][5000]
Charlotte Katakuri ["OP11-062">OP11-062] hit for 1 damage
RZ1|142|2|ST34-001|3|4|1|6|1|1|0|0|0
RZ1|CHK|142|2|37|7|2|4|8|2|0|0|1|0
[] Hand: [P-088,ST36-003,OP10-112,OP10-116,ST36-005]
[] Board: [OP15-105]
[] Trash: []
[] Life: 5
[] Hand: [ST34-005,OP11-067,OP08-069,OP11-067,OP08-069,ST34-005,ST34-001]
[] Trash: []
[] Board: [ST34-003,ST34-003]
[] Life: 4
[You] End Turn
[] Hand: [ST34-005,OP11-067,OP08-069,OP11-067,OP08-069,ST34-005,ST34-001]
[] Board: [ST34-003,ST34-003]
[] Trash: []
[] Life: 4
[] Hand: [P-088,ST36-003,OP10-112,OP10-116,ST36-005]
[] Trash: []
[] Board: [OP15-105]
[] Life: 5
[Opponent] Draw 1 Card
[] Drew card from deck: Charlotte Pudding ["OP11-070">OP11-070]
RZ1|143|2|OP11-070|0|36|1|7|1|1|0|0|0
RZ1|CHK|143|2|36|8|2|4|8|2|0|0|1|0
RZ1|144|2|Don|4|7|5|2|1|1|0|0|0
RZ1|CHK|144|2|36|8|2|4|7|3|0|0|1|0
RZ1|145|2|Don|4|6|5|3|1|1|0|0|0
RZ1|CHK|145|2|36|8|2|4|6|4|0|0|1|0
[Opponent] Draw 2 Don
RZ1|146|2|Don|5|0|5|0|1|1|1|0|0
RZ1|CHK|146|2|36|8|2|4|6|4|0|0|1|0
[Opponent] Deploy Charlotte Pudding ["OP11-070">OP11-070]
RZ1|147|2|OP11-070|1|7|2|2|1|1|0|0|0
RZ1|CHK|147|2|36|7|3|4|6|4|0|0|1|0
RZ1|148|2|ST34-004|0|35|1|7|1|1|0|0|0
RZ1|CHK|148|2|35|8|3|4|6|4|0|0|1|0
[Opponent] Charlotte Pudding ["OP11-070">OP11-070]: <b>Reveal and Draw Charlotte Linlin ["ST34-004">ST34-004]</b>
[Opponent] Placing Cards on Bottom of Deck
RZ1|149|2|OP15-078|0|34|0|0|0|0|0|0|0
RZ1|CHK|149|2|35|8|3|4|6|4|0|0|1|0
RZ1|150|2|OP15-078|0|34|0|0|0|0|0|0|0
RZ1|CHK|150|2|35|8|3|4|6|4|0|0|1|0
RZ1|151|2|ST34-003|0|34|0|0|0|0|0|0|0
RZ1|CHK|151|2|35|8|3|4|6|4|0|0|1|0
RZ1|152|2|PRB02-010|0|34|0|0|0|0|0|0|0
RZ1|CHK|152|2|35|8|3|4|6|4|0|0|1|0
RZ1|153|2|Don|5|1|5|1|1|1|1|0|0
RZ1|CHK|153|2|35|8|3|4|6|4|0|0|1|0
RZ1|154|2|Don|5|2|5|2|1|1|1|0|0
RZ1|CHK|154|2|35|8|3|4|6|4|0|0|1|0
RZ1|155|2|Don|5|3|5|3|1|1|1|0|0
RZ1|CHK|155|2|35|8|3|4|6|4|0|0|1|0
[Opponent] Deploy Baron Tamago & Pekoms ["ST34-005">ST34-005]
RZ1|156|2|ST34-005|1|0|2|3|1|1|0|0|0
RZ1|CHK|156|2|35|7|4|4|6|4|0|0|1|0
[Opponent] Charlotte Katakuri ["OP11-062">OP11-062] attacking Eustass "Captain" Kid ["OP10-099">OP10-099]
RZ1|157|2|Don|5|0|4|6|1|1|0|0|0
RZ1|CHK|157|2|35|7|4|4|7|3|0|0|1|0
[Opponent] Charlotte Katakuri ["OP11-062">OP11-062]: Minus 1 Don
[Opponent] Charlotte Katakuri ["OP11-062">OP11-062]: <b>Looked at opponent's top deck</b>
[Opponent] Charlotte Katakuri ["OP11-062">OP11-062]: <b>Finished looking at opponent's top deck</b>
[Opponent] Charlotte Katakuri ["OP11-062">OP11-062]: Buff Charlotte Katakuri ["OP11-062">OP11-062] 1000 for the Combat
[You] Discard Scratchmen Apoo ["ST36-003">ST36-003] for Counter 2000
RZ1|158|1|ST36-003|1|1|6|0|1|1|0|0|0
RZ1|CHK|158|1|39|4|1|5|7|0|1|0|1|3
Charlotte Katakuri ["OP11-062">OP11-062][6000] vs Eustass "Captain" Kid ["OP10-099">OP10-099][7000]
Attack Fails
[] Hand: [OP11-067,OP08-069,OP11-067,OP08-069,ST34-005,ST34-001,ST34-004]
[] Board: [ST34-003,ST34-003,OP11-070,ST34-005]
[] Trash: []
[] Life: 4
[] Hand: [P-088,OP10-112,OP10-116,ST36-005]
[] Trash: [ST36-003]
[] Board: [OP15-105]
[] Life: 5
[Opponent] End Turn
[] Hand: [P-088,OP10-112,OP10-116,ST36-005]
[] Board: [OP15-105]
[] Trash: [ST36-003]
[] Life: 5
[] Hand: [OP11-067,OP08-069,OP11-067,OP08-069,ST34-005,ST34-001,ST34-004]
[] Trash: []
[] Board: [ST34-003,ST34-003,OP11-070,ST34-005]
[] Life: 4
RZ1|159|1|Don|9|9900|5|0|1|1|1|0|0
RZ1|CHK|159|1|39|4|1|5|7|1|1|0|1|2
RZ1|160|1|Don|9|9900|5|0|1|1|1|0|0
RZ1|CHK|160|1|39|4|1|5|7|2|1|0|1|1
RZ1|161|1|Don|9|9900|5|0|1|1|1|0|0
RZ1|CHK|161|1|39|4|1|5|7|3|1|0|1|0
[You] Draw 1 Card
[] Drew card from deck: Monkey D. Luffy ["OP10-111">OP10-111]
RZ1|162|1|OP10-111|0|38|1|4|1|1|0|0|0
RZ1|CHK|162|1|38|5|1|5|7|3|1|0|1|0
RZ1|163|1|Don|4|6|5|3|1|1|0|0|0
RZ1|CHK|163|1|38|5|1|5|6|4|1|0|1|0
RZ1|164|1|Don|4|5|5|4|1|1|0|0|0
RZ1|CHK|164|1|38|5|1|5|5|5|1|0|1|0
[You] Draw 2 Don
RZ1|165|1|Don|5|0|5|0|1|1|1|0|0
RZ1|CHK|165|1|38|5|1|5|5|5|1|0|1|0
[You] Deploy Monkey D. Luffy ["OP10-111">OP10-111]
RZ1|166|1|OP10-111|1|4|2|1|1|1|0|0|0
RZ1|CHK|166|1|38|4|2|5|5|5|1|0|1|0
RZ1|167|1|OP10-119|0|33|1|4|1|1|0|0|0
RZ1|CHK|167|1|37|5|2|5|5|5|1|0|1|0
[You] Monkey D. Luffy ["OP10-111">OP10-111]: <b>Reveal and Draw Trafalgar Law ["OP10-119">OP10-119]</b>
[You] Placing Cards on Bottom of Deck
RZ1|168|1|ST36-004|0|36|0|0|0|0|0|0|0
RZ1|CHK|168|1|37|5|2|5|5|5|1|0|1|0
RZ1|169|1|OP12-117|0|36|0|0|0|0|0|0|0
RZ1|CHK|169|1|37|5|2|5|5|5|1|0|1|0
RZ1|170|1|OP10-114|0|36|0|0|0|0|0|0|0
RZ1|CHK|170|1|37|5|2|5|5|5|1|0|1|0
RZ1|171|1|ST36-005|0|36|0|0|0|0|0|0|0
RZ1|CHK|171|1|37|5|2|5|5|5|1|0|1|0
[You] Damned Punk: Electromagnetic Cannon ["OP10-116">OP10-116]: Rest 4 Don
RZ1|172|1|Don|5|1|5|1|1|1|1|0|0
RZ1|CHK|172|1|37|5|2|5|5|5|1|0|1|0
RZ1|173|1|Don|5|2|5|2|1|1|1|0|0
RZ1|CHK|173|1|37|5|2|5|5|5|1|0|1|0
RZ1|174|1|Don|5|3|5|3|1|1|1|0|0
RZ1|CHK|174|1|37|5|2|5|5|5|1|0|1|0
RZ1|175|1|Don|5|4|5|4|1|1|1|0|0
RZ1|CHK|175|1|37|5|2|5|5|5|1|0|1|0
RZ1|176|1|OP10-116|1|2|6|1|1|1|0|0|0
RZ1|CHK|176|1|37|4|2|5|5|5|2|0|1|0
[You] Damned Punk: Electromagnetic Cannon ["OP10-116">OP10-116]: <b>Looked at their own top Life</b>
[You] Damned Punk: Electromagnetic Cannon ["OP10-116">OP10-116]: <b>Left at the Top</b>
[You] Damned Punk: Electromagnetic Cannon ["OP10-116">OP10-116]: Destroy Baron Tamago & Pekoms ["ST34-005">ST34-005]
RZ1|177|2|ST34-005|2|3|6|0|1|1|0|0|0
RZ1|CHK|177|2|35|7|3|4|7|3|1|0|1|0
[You] Eustass "Captain" Kid ["OP10-099">OP10-099] attacking Charlotte Katakuri ["OP11-062">OP11-062]
RZ1|178|2|Don|5|0|4|7|1|1|0|0|0
RZ1|CHK|178|2|35|7|3|4|8|2|1|0|1|0
[Opponent] Charlotte Katakuri ["OP11-062">OP11-062]: Minus 1 Don
[Opponent] Charlotte Katakuri ["OP11-062">OP11-062]: <b>Looked at opponent's top deck</b>
[Opponent] Charlotte Katakuri ["OP11-062">OP11-062]: <b>Finished looking at opponent's top deck</b>
[Opponent] Charlotte Katakuri ["OP11-062">OP11-062]: Buff Charlotte Katakuri ["OP11-062">OP11-062] 1000 for the Combat
Eustass "Captain" Kid ["OP10-099">OP10-099][5000] vs Charlotte Katakuri ["OP11-062">OP11-062][6000]
Attack Fails
[] Hand: [P-088,OP10-112,ST36-005,OP10-119]
[] Board: [OP15-105,OP10-111]
[] Trash: [ST36-003,OP10-116]
[] Life: 5
[] Hand: [OP11-067,OP08-069,OP11-067,OP08-069,ST34-005,ST34-001,ST34-004]
[] Trash: [ST34-005]
[] Board: [ST34-003,ST34-003,OP11-070]
[] Life: 4
[You] End Turn
[] Hand: [OP11-067,OP08-069,OP11-067,OP08-069,ST34-005,ST34-001,ST34-004]
[] Board: [ST34-003,ST34-003,OP11-070]
[] Trash: [ST34-005]
[] Life: 4
[] Hand: [P-088,OP10-112,ST36-005,OP10-119]
[] Trash: [ST36-003,OP10-116]
[] Board: [OP15-105,OP10-111]
[] Life: 5
[Opponent] Draw 1 Card
[] Drew card from deck: Charlotte Linlin ["ST34-004">ST34-004]
RZ1|179|2|ST34-004|0|34|1|7|1|1|0|0|0
RZ1|CHK|179|2|34|8|3|4|8|2|1|0|1|0
RZ1|180|2|Don|4|7|5|2|1|1|0|0|0
RZ1|CHK|180|2|34|8|3|4|7|3|1|0|1|0
RZ1|181|2|Don|4|6|5|3|1|1|0|0|0
RZ1|CHK|181|2|34|8|3|4|6|4|1|0|1|0
[Opponent] Draw 2 Don
RZ1|182|2|Don|5|0|5|0|1|1|1|0|0
RZ1|CHK|182|2|34|8|3|4|6|4|1|0|1|0
RZ1|183|2|Don|5|1|5|1|1|1|1|0|0
RZ1|CHK|183|2|34|8|3|4|6|4|1|0|1|0
RZ1|184|2|Don|5|2|5|2|1|1|1|0|0
RZ1|CHK|184|2|34|8|3|4|6|4|1|0|1|0
[Opponent] Deploy Baron Tamago & Pekoms ["ST34-005">ST34-005]
RZ1|185|2|ST34-005|1|4|2|3|1|1|0|0|0
RZ1|CHK|185|2|34|7|4|4|6|4|1|0|1|0
RZ1|186|2|Don|5|0|4|6|1|1|0|0|0
RZ1|CHK|186|2|34|7|4|4|7|3|1|0|1|0
[Opponent] Charlotte Pudding ["OP11-070">OP11-070]: Minus 1 Don
[Opponent] Charlotte Pudding ["OP11-070">OP11-070]: Rest Charlotte Pudding ["OP11-070">OP11-070]
[Opponent] Charlotte Katakuri ["OP11-062">OP11-062] attacking Eustass "Captain" Kid ["OP10-099">OP10-099]
RZ1|187|2|Don|5|0|4|7|1|1|0|0|0
RZ1|CHK|187|2|34|7|4|4|8|2|1|0|1|0
[Opponent] Charlotte Katakuri ["OP11-062">OP11-062]: Minus 1 Don
[Opponent] Charlotte Katakuri ["OP11-062">OP11-062]: <b>Looked at opponent's top deck</b>
[Opponent] Charlotte Katakuri ["OP11-062">OP11-062]: <b>Finished looking at opponent's top deck</b>
[Opponent] Charlotte Katakuri ["OP11-062">OP11-062]: Buff Charlotte Katakuri ["OP11-062">OP11-062] 1000 for the Combat
Charlotte Katakuri ["OP11-062">OP11-062][6000] vs Eustass "Captain" Kid ["OP10-099">OP10-099][5000]
Eustass "Captain" Kid ["OP10-099">OP10-099] hit for 1 damage
RZ1|188|1|OP10-109|3|4|1|4|1|1|0|0|0
RZ1|CHK|188|1|37|5|2|4|5|5|2|0|1|0
[You] Basil Hawkins ["OP10-109">OP10-109]: Activate Trigger
[] Drew card from deck: Eustass "Captain" Kid ["OP10-112">OP10-112]
RZ1|189|1|OP10-112|0|36|1|5|1|1|0|0|0
RZ1|CHK|189|1|36|6|2|4|5|5|2|0|1|0
[] Drew card from deck: Monkey D. Luffy ["OP10-111">OP10-111]
RZ1|190|1|OP10-111|0|35|1|6|1|1|0|0|0
RZ1|CHK|190|1|35|7|2|4|5|5|2|0|1|0
[You] Basil Hawkins ["OP10-109">OP10-109]: Draw 2 Card
RZ1|191|1|OP10-109|1|4|6|2|1|1|0|0|0
RZ1|CHK|191|1|35|6|2|4|5|5|3|0|1|0
RZ1|192|1|OP10-111|1|5|6|3|1|1|0|0|0
RZ1|CHK|192|1|35|5|2|4|5|5|4|0|1|0
[You] Basil Hawkins ["OP10-109">OP10-109]: Trash Monkey D. Luffy ["OP10-111">OP10-111]
RZ1|193|2|Don|5|1|9|200|1|1|0|0|0
RZ1|CHK|193|2|34|7|4|4|8|1|1|0|1|1
[Opponent] Attach 1 Don to Charlotte Pudding ["OP11-070">OP11-070] (1 Total)
[] Hand: [OP11-067,OP08-069,OP11-067,OP08-069,ST34-001,ST34-004,ST34-004]
[] Board: [ST34-003,ST34-003,OP11-070,ST34-005]
[] Trash: [ST34-005]
[] Life: 4
[] Hand: [P-088,OP10-112,ST36-005,OP10-119,OP10-112]
[] Trash: [ST36-003,OP10-116,OP10-109,OP10-111]
[] Board: [OP15-105,OP10-111]
[] Life: 4
[Opponent] End Turn
[] Hand: [P-088,OP10-112,ST36-005,OP10-119,OP10-112]
[] Board: [OP15-105,OP10-111]
[] Trash: [ST36-003,OP10-116,OP10-109,OP10-111]
[] Life: 4
[] Hand: [OP11-067,OP08-069,OP11-067,OP08-069,ST34-001,ST34-004,ST34-004]
[] Trash: [ST34-005]
[] Board: [ST34-003,ST34-003,OP11-070,ST34-005]
[] Life: 4
[You] Draw 1 Card
[] Drew card from deck: Capone "Gang" Bege ["OP11-101">OP11-101]
RZ1|194|1|OP11-101|0|34|1|5|1|1|0|0|0
RZ1|CHK|194|1|34|6|2|4|5|5|4|0|1|0
RZ1|195|1|Don|4|4|5|5|1|1|0|0|0
RZ1|CHK|195|1|34|6|2|4|4|6|4|0|1|0
RZ1|196|1|Don|4|3|5|6|1|1|0|0|0
RZ1|CHK|196|1|34|6|2|4|3|7|4|0|1|0
[You] Draw 2 Don
RZ1|197|1|Don|5|0|5|0|1|1|1|0|0
RZ1|CHK|197|1|34|6|2|4|3|7|4|0|1|0
RZ1|198|1|Don|5|1|5|1|1|1|1|0|0
RZ1|CHK|198|1|34|6|2|4|3|7|4|0|1|0
RZ1|199|1|Don|5|2|5|2|1|1|1|0|0
RZ1|CHK|199|1|34|6|2|4|3|7|4|0|1|0
RZ1|200|1|Don|5|3|5|3|1|1|1|0|0
RZ1|CHK|200|1|34|6|2|4|3|7|4|0|1|0
RZ1|201|1|Don|5|4|5|4|1|1|1|0|0
RZ1|CHK|201|1|34|6|2|4|3|7|4|0|1|0
RZ1|202|1|Don|5|5|5|5|1|1|1|0|0
RZ1|CHK|202|1|34|6|2|4|3|7|4|0|1|0
RZ1|203|1|Don|5|6|5|6|1|1|1|0|0
RZ1|CHK|203|1|34|6|2|4|3|7|4|0|1|0
[You] Deploy Trafalgar Law ["OP10-119">OP10-119]
RZ1|204|1|OP10-119|1|3|2|2|1|1|0|0|0
RZ1|CHK|204|1|34|5|3|4|3|7|4|0|1|0
[You] Trafalgar Law ["OP10-119">OP10-119] revealed: Trafalgar Law ["P-088">P-088]
[You] Trafalgar Law ["OP10-119">OP10-119]: Added card to top of Life from Hand
RZ1|205|1|P-088|1|0|3|4|1|0|0|0|0
RZ1|CHK|205|1|34|4|3|5|3|7|4|0|1|0
[You] Trafalgar Law ["OP10-119">OP10-119]: Attach 1 Rested Don to Eustass "Captain" Kid ["OP10-099">OP10-099]
RZ1|206|1|Don|5|0|9|9900|1|1|1|0|0
RZ1|CHK|206|1|34|4|3|5|3|6|4|0|1|1
[You] Monkey D. Luffy ["OP10-111">OP10-111] attacking Charlotte Pudding ["OP11-070">OP11-070]
Monkey D. Luffy ["OP10-111">OP10-111][2000] vs Charlotte Pudding ["OP11-070">OP11-070][0]
[Opponent] Charlotte Pudding ["OP11-070">OP11-070] Destroyed
RZ1|207|2|Don|9|200|5|0|1|1|1|0|0
RZ1|CHK|207|2|34|7|4|4|8|2|1|0|1|0
RZ1|208|2|OP11-070|2|2|6|1|1|1|0|0|0
RZ1|CHK|208|2|34|7|3|4|8|2|2|0|1|0
[You] Eustass "Captain" Kid ["OP10-099">OP10-099] attacking Charlotte Katakuri ["OP11-062">OP11-062]
Eustass "Captain" Kid ["OP10-099">OP10-099][6000] vs Charlotte Katakuri ["OP11-062">OP11-062][5000]
Charlotte Katakuri ["OP11-062">OP11-062] hit for 1 damage
RZ1|209|2|OP11-070|3|3|1|7|1|1|0|0|0
RZ1|CHK|209|2|34|8|3|3|8|2|2|0|1|0
[You] Eustass "Captain" Kid ["OP10-099">OP10-099]: Flip 1 Life Face Up
RZ1|210|1|P-088|3|4|3|4|1|1|0|0|0
RZ1|CHK|210|1|34|4|3|5|3|6|4|0|1|1
[You] Eustass "Captain" Kid ["OP10-099">OP10-099]: Set Trafalgar Law ["OP10-119">OP10-119] to Active
[You] Eustass "Captain" Kid ["OP10-099">OP10-099]: Trafalgar Law ["OP10-119">OP10-119] Gains Blocker
[] Hand: [OP10-112,ST36-005,OP10-112,OP11-101]
[] Board: [OP15-105,OP10-111,OP10-119]
[] Trash: [ST36-003,OP10-116,OP10-109,OP10-111]
[] Life: 5
[] Hand: [OP11-067,OP08-069,OP11-067,OP08-069,ST34-001,ST34-004,ST34-004,OP11-070]
[] Trash: [ST34-005,OP11-070]
[] Board: [ST34-003,ST34-003,ST34-005]
[] Life: 3
[You] End Turn
[] Hand: [OP11-067,OP08-069,OP11-067,OP08-069,ST34-001,ST34-004,ST34-004,OP11-070]
[] Board: [ST34-003,ST34-003,ST34-005]
[] Trash: [ST34-005,OP11-070]
[] Life: 3
[] Hand: [OP10-112,ST36-005,OP10-112,OP11-101]
[] Trash: [ST36-003,OP10-116,OP10-109,OP10-111]
[] Board: [OP15-105,OP10-111,OP10-119]
[] Life: 5
[Opponent] Draw 1 Card
[] Drew card from deck: We're Going to Claim the One Piece!!! ["OP07-077">OP07-077]
RZ1|211|2|OP07-077|0|33|1|8|1|1|0|0|0
RZ1|CHK|211|2|33|9|3|3|8|2|2|0|1|0
RZ1|212|2|Don|4|7|5|2|1|1|0|0|0
RZ1|CHK|212|2|33|9|3|3|7|3|2|0|1|0
RZ1|213|2|Don|4|6|5|3|1|1|0|0|0
RZ1|CHK|213|2|33|9|3|3|6|4|2|0|1|0
[Opponent] Draw 2 Don
RZ1|214|2|Don|5|0|5|0|1|1|1|0|0
RZ1|CHK|214|2|33|9|3|3|6|4|2|0|1|0
[Opponent] Deploy Charlotte Pudding ["OP11-070">OP11-070]
RZ1|215|2|OP11-070|1|7|2|3|1|1|0|0|0
RZ1|CHK|215|2|33|8|4|3|6|4|2|0|1|0
[Opponent] <b>Picked no cards to Draw</b>
[Opponent] Placing Cards on Bottom of Deck
RZ1|216|2|ST34-004|0|32|0|0|0|0|0|0|0
RZ1|CHK|216|2|33|8|4|3|6|4|2|0|1|0
RZ1|217|2|ST34-002|0|32|0|0|0|0|0|0|0
RZ1|CHK|217|2|33|8|4|3|6|4|2|0|1|0
RZ1|218|2|OP13-076|0|32|0|0|0|0|0|0|0
RZ1|CHK|218|2|33|8|4|3|6|4|2|0|1|0
RZ1|219|2|PRB02-010|0|32|0|0|0|0|0|0|0
RZ1|CHK|219|2|33|8|4|3|6|4|2|0|1|0
RZ1|220|2|ST34-002|0|32|0|0|0|0|0|0|0
RZ1|CHK|220|2|33|8|4|3|6|4|2|0|1|0
[Opponent] We're Going to Claim the One Piece!!! ["OP07-077">OP07-077]: Rest 1 Don
RZ1|221|2|Don|5|1|5|1|1|1|1|0|0
RZ1|CHK|221|2|33|8|4|3|6|4|2|0|1|0
RZ1|222|2|OP07-077|1|7|6|2|1|1|0|0|0
RZ1|CHK|222|2|33|7|4|3|6|4|3|0|1|0
[Opponent] <b>Picked no cards to Draw</b>
[Opponent] Placing Cards on Bottom of Deck
RZ1|223|2|OP08-069|0|32|0|0|0|0|0|0|0
RZ1|CHK|223|2|33|7|4|3|6|4|3|0|1|0
RZ1|224|2|ST34-001|0|32|0|0|0|0|0|0|0
RZ1|CHK|224|2|33|7|4|3|6|4|3|0|1|0
RZ1|225|2|ST34-001|0|32|0|0|0|0|0|0|0
RZ1|CHK|225|2|33|7|4|3|6|4|3|0|1|0
RZ1|226|2|ST34-004|0|32|0|0|0|0|0|0|0
RZ1|CHK|226|2|33|7|4|3|6|4|3|0|1|0
RZ1|227|2|PRB02-010|0|32|0|0|0|0|0|0|0
RZ1|CHK|227|2|33|7|4|3|6|4|3|0|1|0
[Opponent] Charlotte Brulee ["ST34-003">ST34-003] attacking Monkey D. Luffy ["OP10-111">OP10-111]
Charlotte Brulee ["ST34-003">ST34-003][2000] vs Monkey D. Luffy ["OP10-111">OP10-111][2000]
[You] Monkey D. Luffy ["OP10-111">OP10-111] Destroyed
RZ1|228|1|OP10-111|2|1|6|4|1|1|0|0|0
RZ1|CHK|228|1|34|4|2|5|3|6|5|0|1|1
[Opponent] Charlotte Katakuri ["OP11-062">OP11-062] attacking Eustass "Captain" Kid ["OP10-099">OP10-099]
RZ1|229|2|Don|5|0|4|6|1|1|0|0|0
RZ1|CHK|229|2|33|7|4|3|7|3|3|0|1|0
[Opponent] Charlotte Katakuri ["OP11-062">OP11-062]: Minus 1 Don
[Opponent] Charlotte Katakuri ["OP11-062">OP11-062]: <b>Looked at opponent's top deck</b>
[Opponent] Charlotte Katakuri ["OP11-062">OP11-062]: <b>Finished looking at opponent's top deck</b>
[Opponent] Charlotte Katakuri ["OP11-062">OP11-062]: Buff Charlotte Katakuri ["OP11-062">OP11-062] 1000 for the Combat
[You] Trafalgar Law ["OP10-119">OP10-119] Blocks
Charlotte Katakuri ["OP11-062">OP11-062][6000] vs Trafalgar Law ["OP10-119">OP10-119][9000]
Attack Fails
RZ1|230|2|Don|5|1|9|200|1|1|0|0|0
RZ1|CHK|230|2|33|7|4|3|7|2|3|0|1|1
RZ1|231|2|Don|5|1|9|201|1|1|0|0|0
RZ1|CHK|231|2|33|7|4|3|7|1|3|0|1|2
[Opponent] Attach 2 Don to Baron Tamago & Pekoms ["ST34-005">ST34-005] (2 Total)
[Opponent] Baron Tamago & Pekoms ["ST34-005">ST34-005] attacking Trafalgar Law ["OP10-119">OP10-119]
RZ1|232|2|Don|5|0|4|7|1|1|0|0|0
RZ1|CHK|232|2|33|7|4|3|8|0|3|0|1|2
[Opponent] Baron Tamago & Pekoms ["ST34-005">ST34-005]: Minus 1 Don
[Opponent] Baron Tamago & Pekoms ["ST34-005">ST34-005]: Destroy Jewelry Bonney ["OP15-105">OP15-105]
[You] Jewelry Bonney ["OP15-105">OP15-105]: Takes Top Life
RZ1|233|1|P-088|3|4|1|4|1|1|0|0|0
RZ1|CHK|233|1|34|5|2|4|3|6|5|0|1|1
[You] Jewelry Bonney ["OP15-105">OP15-105]: Prevent Effect To Jewelry Bonney ["OP15-105">OP15-105]
Baron Tamago & Pekoms ["ST34-005">ST34-005][6000] vs Trafalgar Law ["OP10-119">OP10-119][9000]
Attack Fails
[] Hand: [OP11-067,OP08-069,OP11-067,OP08-069,ST34-001,ST34-004,ST34-004]
[] Board: [ST34-003,ST34-003,ST34-005,OP11-070]
[] Trash: [ST34-005,OP11-070,OP07-077]
[] Life: 3
[] Hand: [OP10-112,ST36-005,OP10-112,OP11-101,P-088]
[] Trash: [ST36-003,OP10-116,OP10-109,OP10-111,OP10-111]
[] Board: [OP15-105,OP10-119]
[] Life: 4
[Opponent] End Turn
[] Hand: [OP10-112,ST36-005,OP10-112,OP11-101,P-088]
[] Board: [OP15-105,OP10-119]
[] Trash: [ST36-003,OP10-116,OP10-109,OP10-111,OP10-111]
[] Life: 4
[] Hand: [OP11-067,OP08-069,OP11-067,OP08-069,ST34-001,ST34-004,ST34-004]
[] Trash: [ST34-005,OP11-070,OP07-077]
[] Board: [ST34-003,ST34-003,ST34-005,OP11-070]
[] Life: 3
RZ1|234|1|Don|9|9900|5|0|1|1|1|0|0
RZ1|CHK|234|1|34|5|2|4|3|7|5|0|1|0
[You] Draw 1 Card
[] Drew card from deck: Eustass "Captain" Kid ["ST36-005">ST36-005]
RZ1|235|1|ST36-005|0|33|1|5|1|1|0|0|0
RZ1|CHK|235|1|33|6|2|4|3|7|5|0|1|0
RZ1|236|1|Don|4|2|5|7|1|1|0|0|0
RZ1|CHK|236|1|33|6|2|4|2|8|5|0|1|0
RZ1|237|1|Don|4|1|5|8|1|1|0|0|0
RZ1|CHK|237|1|33|6|2|4|1|9|5|0|1|0
[You] Draw 2 Don
RZ1|238|1|Don|5|0|5|0|1|1|1|0|0
RZ1|CHK|238|1|33|6|2|4|1|9|5|0|1|0
RZ1|239|1|Don|5|1|5|1|1|1|1|0|0
RZ1|CHK|239|1|33|6|2|4|1|9|5|0|1|0
RZ1|240|1|Don|5|2|5|2|1|1|1|0|0
RZ1|CHK|240|1|33|6|2|4|1|9|5|0|1|0
RZ1|241|1|Don|5|3|5|3|1|1|1|0|0
RZ1|CHK|241|1|33|6|2|4|1|9|5|0|1|0
RZ1|242|1|Don|5|4|5|4|1|1|1|0|0
RZ1|CHK|242|1|33|6|2|4|1|9|5|0|1|0
RZ1|243|1|Don|5|5|5|5|1|1|1|0|0
RZ1|CHK|243|1|33|6|2|4|1|9|5|0|1|0
RZ1|244|1|Don|5|6|5|6|1|1|1|0|0
RZ1|CHK|244|1|33|6|2|4|1|9|5|0|1|0
RZ1|245|1|Don|5|7|5|7|1|1|1|0|0
RZ1|CHK|245|1|33|6|2|4|1|9|5|0|1|0
[You] Deploy Eustass "Captain" Kid ["OP10-112">OP10-112]
RZ1|246|1|OP10-112|1|2|2|2|1|1|0|0|0
RZ1|CHK|246|1|33|5|3|4|1|9|5|0|1|0
[You] Eustass "Captain" Kid ["OP10-112">OP10-112]: Rest Eustass "Captain" Kid ["OP10-112">OP10-112]
[You] Eustass "Captain" Kid ["OP10-112">OP10-112]: Trash 1 Life
Trash Charlotte Pudding ["OP11-070">OP11-070] from Life
RZ1|247|2|OP11-070|3|2|6|3|1|1|0|0|0
RZ1|CHK|247|2|33|7|4|2|8|0|4|0|1|2
[You] Jewelry Bonney ["OP15-105">OP15-105] attacking Charlotte Brulee ["ST34-003">ST34-003]
Jewelry Bonney ["OP15-105">OP15-105][2000] vs Charlotte Brulee ["ST34-003">ST34-003][2000]
[Opponent] Charlotte Brulee ["ST34-003">ST34-003] Destroyed
RZ1|248|2|ST34-003|2|0|6|4|1|1|0|0|0
RZ1|CHK|248|2|33|7|3|2|8|0|5|0|1|2
[You] Eustass "Captain" Kid ["OP10-099">OP10-099] attacking Baron Tamago & Pekoms ["ST34-005">ST34-005]
Eustass "Captain" Kid ["OP10-099">OP10-099][5000] vs Baron Tamago & Pekoms ["ST34-005">ST34-005][4000]
[Opponent] Baron Tamago & Pekoms ["ST34-005">ST34-005] Destroyed
RZ1|249|2|Don|9|100|5|0|1|1|1|0|0
RZ1|CHK|249|2|33|7|3|2|8|1|5|0|1|1
RZ1|250|2|Don|9|100|5|0|1|1|1|0|0
RZ1|CHK|250|2|33|7|3|2|8|2|5|0|1|0
RZ1|251|2|ST34-005|2|1|6|5|1|1|0|0|0
RZ1|CHK|251|2|33|7|2|2|8|2|6|0|1|0
[You] Trafalgar Law ["OP10-119">OP10-119] attacking Charlotte Katakuri ["OP11-062">OP11-062]
Trafalgar Law ["OP10-119">OP10-119][9000] vs Charlotte Katakuri ["OP11-062">OP11-062][5000]
Charlotte Katakuri ["OP11-062">OP11-062] hit for 1 damage
RZ1|252|2|ST34-003|3|1|1|7|1|1|0|0|0
RZ1|CHK|252|2|33|8|2|1|8|2|6|0|1|0
[] Drew card from deck: Basil Hawkins ["OP10-109">OP10-109]
RZ1|253|1|OP10-109|0|32|1|5|1|1|0|0|0
RZ1|CHK|253|1|32|6|3|4|1|9|5|0|1|0
[You] Eustass "Captain" Kid ["OP10-112">OP10-112]: Draw 1 Card
RZ1|254|1|ST36-005|1|4|6|5|1|1|0|0|0
RZ1|CHK|254|1|32|5|3|4|1|9|6|0|1|0
[You] Eustass "Captain" Kid ["OP10-112">OP10-112]: Trash Eustass "Captain" Kid ["ST36-005">ST36-005]
[You] Eustass "Captain" Kid ["OP10-099">OP10-099]: Flip 1 Life Face Up
RZ1|255|1|OP10-114|3|3|3|3|1|1|0|0|0
RZ1|CHK|255|1|32|5|3|4|1|9|6|0|1|0
[You] Eustass "Captain" Kid ["OP10-099">OP10-099]: Set Trafalgar Law ["OP10-119">OP10-119] to Active
[You] Eustass "Captain" Kid ["OP10-099">OP10-099]: Trafalgar Law ["OP10-119">OP10-119] Gains Blocker
[] Hand: [OP10-112,ST36-005,OP11-101,P-088,OP10-109]
[] Board: [OP15-105,OP10-119,OP10-112]
[] Trash: [ST36-003,OP10-116,OP10-109,OP10-111,OP10-111,ST36-005]
[] Life: 4
[] Hand: [OP11-067,OP08-069,OP11-067,OP08-069,ST34-001,ST34-004,ST34-004,ST34-003]
[] Trash: [ST34-005,OP11-070,OP07-077,OP11-070,ST34-003,ST34-005]
[] Board: [ST34-003,OP11-070]
[] Life: 1
[You] End Turn
[] Hand: [OP11-067,OP08-069,OP11-067,OP08-069,ST34-001,ST34-004,ST34-004,ST34-003]
[] Board: [ST34-003,OP11-070]
[] Trash: [ST34-005,OP11-070,OP07-077,OP11-070,ST34-003,ST34-005]
[] Life: 1
[] Hand: [OP10-112,ST36-005,OP11-101,P-088,OP10-109]
[] Trash: [ST36-003,OP10-116,OP10-109,OP10-111,OP10-111,ST36-005]
[] Board: [OP15-105,OP10-119,OP10-112]
[] Life: 4
[Opponent] Draw 1 Card
[] Drew card from deck: Charlotte Katakuri ["OP11-067">OP11-067]
RZ1|256|2|OP11-067|0|32|1|8|1|1|0|0|0
RZ1|CHK|256|2|32|9|2|1|8|2|6|0|1|0
RZ1|257|2|Don|4|7|5|2|1|1|0|0|0
RZ1|CHK|257|2|32|9|2|1|7|3|6|0|1|0
RZ1|258|2|Don|4|6|5|3|1|1|0|0|0
RZ1|CHK|258|2|32|9|2|1|6|4|6|0|1|0
[Opponent] Draw 2 Don
RZ1|259|2|Don|5|0|9|9900|1|1|0|0|0
RZ1|CHK|259|2|32|9|2|1|6|3|6|0|1|1
RZ1|260|2|Don|5|0|9|9901|1|1|0|0|0
RZ1|CHK|260|2|32|9|2|1|6|2|6|0|1|2
RZ1|261|2|Don|5|0|9|9902|1|1|0|0|0
RZ1|CHK|261|2|32|9|2|1|6|1|6|0|1|3
[Opponent] Attach 3 Don to Charlotte Katakuri ["OP11-062">OP11-062] (3 Total)
[Opponent] Charlotte Katakuri ["OP11-062">OP11-062] attacking Eustass "Captain" Kid ["OP10-112">OP10-112]
RZ1|262|2|Don|5|0|4|6|1|1|0|0|0
RZ1|CHK|262|2|32|9|2|1|7|0|6|0|1|3
[Opponent] Charlotte Katakuri ["OP11-062">OP11-062]: Minus 1 Don
[Opponent] Charlotte Katakuri ["OP11-062">OP11-062]: <b>Looked at opponent's top deck</b>
[Opponent] Charlotte Katakuri ["OP11-062">OP11-062]: <b>Finished looking at opponent's top deck</b>
[Opponent] Charlotte Katakuri ["OP11-062">OP11-062]: Buff Charlotte Katakuri ["OP11-062">OP11-062] 1000 for the Combat
[You] Discard Basil Hawkins ["OP10-109">OP10-109] for Counter 1000
RZ1|263|1|OP10-109|1|4|6|6|1|1|0|0|0
RZ1|CHK|263|1|32|4|3|4|1|9|7|0|1|0
Charlotte Katakuri ["OP11-062">OP11-062][9000] vs Eustass "Captain" Kid ["OP10-112">OP10-112][10000]
Attack Fails
[] Hand: [OP11-067,OP08-069,OP11-067,OP08-069,ST34-001,ST34-004,ST34-004,ST34-003,OP11-067]
[] Board: [ST34-003,OP11-070]
[] Trash: [ST34-005,OP11-070,OP07-077,OP11-070,ST34-003,ST34-005]
[] Life: 1
[] Hand: [OP10-112,ST36-005,OP11-101,P-088]
[] Trash: [ST36-003,OP10-116,OP10-109,OP10-111,OP10-111,ST36-005,OP10-109]
[] Board: [OP15-105,OP10-119,OP10-112]
[] Life: 4
[Opponent] End Turn
[] Hand: [OP10-112,ST36-005,OP11-101,P-088]
[] Board: [OP15-105,OP10-119,OP10-112]
[] Trash: [ST36-003,OP10-116,OP10-109,OP10-111,OP10-111,ST36-005,OP10-109]
[] Life: 4
[] Hand: [OP11-067,OP08-069,OP11-067,OP08-069,ST34-001,ST34-004,ST34-004,ST34-003,OP11-067]
[] Trash: [ST34-005,OP11-070,OP07-077,OP11-070,ST34-003,ST34-005]
[] Board: [ST34-003,OP11-070]
[] Life: 1
[You] Draw 1 Card
[] Drew card from deck: Basil Hawkins ["OP10-109">OP10-109]
RZ1|264|1|OP10-109|0|31|1|4|1|1|0|0|0
RZ1|CHK|264|1|31|5|3|4|1|9|7|0|1|0
RZ1|265|1|Don|4|0|5|9|1|1|0|0|0
RZ1|CHK|265|1|31|5|3|4|0|10|7|0|1|0
[You] Draw 2 Don
RZ1|266|1|Don|5|0|5|0|1|1|1|0|0
RZ1|CHK|266|1|31|5|3|4|0|10|7|0|1|0
RZ1|267|1|Don|5|1|5|1|1|1|1|0|0
RZ1|CHK|267|1|31|5|3|4|0|10|7|0|1|0
RZ1|268|1|Don|5|2|5|2|1|1|1|0|0
RZ1|CHK|268|1|31|5|3|4|0|10|7|0|1|0
RZ1|269|1|Don|5|3|5|3|1|1|1|0|0
RZ1|CHK|269|1|31|5|3|4|0|10|7|0|1|0
RZ1|270|1|Don|5|4|5|4|1|1|1|0|0
RZ1|CHK|270|1|31|5|3|4|0|10|7|0|1|0
RZ1|271|1|Don|5|5|5|5|1|1|1|0|0
RZ1|CHK|271|1|31|5|3|4|0|10|7|0|1|0
RZ1|272|1|Don|5|6|5|6|1|1|1|0|0
RZ1|CHK|272|1|31|5|3|4|0|10|7|0|1|0
RZ1|273|1|Don|5|7|5|7|1|1|1|0|0
RZ1|CHK|273|1|31|5|3|4|0|10|7|0|1|0
[You] Deploy Eustass "Captain" Kid ["OP10-112">OP10-112]
RZ1|274|1|OP10-112|1|0|2|3|1|1|0|0|0
RZ1|CHK|274|1|31|4|4|4|0|10|7|0|1|0
[You] Eustass "Captain" Kid ["OP10-112">OP10-112]: Rest Eustass "Captain" Kid ["OP10-112">OP10-112]
[You] Eustass "Captain" Kid ["OP10-112">OP10-112]: Trash 1 Life
Trash Charlotte Pudding ["PRB02-010">PRB02-010] from Life
RZ1|275|2|PRB02-010|3|0|6|6|1|1|0|0|0
RZ1|CHK|275|2|32|9|2|0|7|0|7|0|1|3
[You] Attach 2 Don to Eustass "Captain" Kid ["OP10-099">OP10-099] (2 Total)
RZ1|276|1|Don|5|9|9|9900|1|1|0|0|0
RZ1|CHK|276|1|31|4|4|4|0|9|7|0|1|1
RZ1|277|1|Don|5|8|9|9901|1|1|0|0|0
RZ1|CHK|277|1|31|4|4|4|0|8|7|0|1|2
[You] Eustass "Captain" Kid ["OP10-099">OP10-099] attacking Charlotte Katakuri ["OP11-062">OP11-062]
Eustass "Captain" Kid ["OP10-099">OP10-099][7000] vs Charlotte Katakuri ["OP11-062">OP11-062][5000]
Charlotte Katakuri ["OP11-062">OP11-062] hit for 1 damage
[Opponent] <b>Downloaded the Combat Log!</b>
GameOver
