Version is 1.41b.20
[You] Leader is Eustass "Captain" Kid ["OP10-099">OP10-099]
RZ1|HDR|1.41b|2|RZ1
RZ1|PLY|1||OP10-099
RZ1|PLY|2||
[Opponent] Leader is Imu ["OP13-079">OP13-079]
RZ1|1|2|OP13-086|0|3|0|1|0|0|0|0|0
RZ1|CHK|1|2|50|0|0|0|10|0|0|0|1|0
RZ1|2|2|OP05-097|0|48|0|2|0|0|0|0|0
RZ1|CHK|2|2|50|0|0|0|10|0|0|0|1|0
RZ1|3|2|OP13-082|0|33|0|3|0|0|0|0|0
RZ1|CHK|3|2|50|0|0|0|10|0|0|0|1|0
RZ1|4|2|OP13-096|0|40|0|4|0|0|0|0|0
RZ1|CHK|4|2|50|0|0|0|10|0|0|0|1|0
RZ1|5|2|OP14-096|0|45|0|5|0|0|0|0|0
RZ1|CHK|5|2|50|0|0|0|10|0|0|0|1|0
RZ1|6|2|OP13-080|0|24|0|6|0|0|0|0|0
RZ1|CHK|6|2|50|0|0|0|10|0|0|0|1|0
RZ1|7|2|OP13-096|0|39|0|7|0|0|0|0|0
RZ1|CHK|7|2|50|0|0|0|10|0|0|0|1|0
RZ1|8|2|OP13-098|0|43|0|8|0|0|0|0|0
RZ1|CHK|8|2|50|0|0|0|10|0|0|0|1|0
RZ1|9|2|OP13-089|0|26|0|9|0|0|0|0|0
RZ1|CHK|9|2|50|0|0|0|10|0|0|0|1|0
RZ1|10|2|OP13-080|0|28|0|10|0|0|0|0|0
RZ1|CHK|10|2|50|0|0|0|10|0|0|0|1|0
RZ1|11|2|OP13-083|0|22|0|11|0|0|0|0|0
RZ1|CHK|11|2|50|0|0|0|10|0|0|0|1|0
RZ1|12|2|OP13-091|0|33|0|12|0|0|0|0|0
RZ1|CHK|12|2|50|0|0|0|10|0|0|0|1|0
RZ1|13|2|OP13-083|0|25|0|13|0|0|0|0|0
RZ1|CHK|13|2|50|0|0|0|10|0|0|0|1|0
RZ1|14|2|OP13-091|0|32|0|14|0|0|0|0|0
RZ1|CHK|14|2|50|0|0|0|10|0|0|0|1|0
RZ1|15|2|OP13-089|0|29|0|15|0|0|0|0|0
RZ1|CHK|15|2|50|0|0|0|10|0|0|0|1|0
RZ1|16|2|OP13-082|0|40|0|16|0|0|0|0|0
RZ1|CHK|16|2|50|0|0|0|10|0|0|0|1|0
RZ1|17|2|OP13-096|0|41|0|17|0|0|0|0|0
RZ1|CHK|17|2|50|0|0|0|10|0|0|0|1|0
RZ1|18|2|OP13-089|0|31|0|18|0|0|0|0|0
RZ1|CHK|18|2|50|0|0|0|10|0|0|0|1|0
RZ1|19|2|OP13-089|0|31|0|19|0|0|0|0|0
RZ1|CHK|19|2|50|0|0|0|10|0|0|0|1|0
RZ1|20|2|OP14-096|0|46|0|20|0|0|0|0|0
RZ1|CHK|20|2|50|0|0|0|10|0|0|0|1|0
RZ1|21|2|OP13-084|0|37|0|21|0|0|0|0|0
RZ1|CHK|21|2|50|0|0|0|10|0|0|0|1|0
RZ1|22|2|OP13-083|0|33|0|22|0|0|0|0|0
RZ1|CHK|22|2|50|0|0|0|10|0|0|0|1|0
RZ1|23|2|OP13-092|0|25|0|23|0|0|0|0|0
RZ1|CHK|23|2|50|0|0|0|10|0|0|0|1|0
RZ1|24|2|OP13-084|0|38|0|24|0|0|0|0|0
RZ1|CHK|24|2|50|0|0|0|10|0|0|0|1|0
RZ1|25|2|OP16-093|0|33|0|25|0|0|0|0|0
RZ1|CHK|25|2|50|0|0|0|10|0|0|0|1|0
RZ1|26|2|OP13-091|0|38|0|26|0|0|0|0|0
RZ1|CHK|26|2|50|0|0|0|10|0|0|0|1|0
RZ1|27|2|OP13-096|0|43|0|27|0|0|0|0|0
RZ1|CHK|27|2|50|0|0|0|10|0|0|0|1|0
RZ1|28|2|OP13-086|0|29|0|28|0|0|0|0|0
RZ1|CHK|28|2|50|0|0|0|10|0|0|0|1|0
RZ1|29|2|OP13-092|0|31|0|30|0|0|0|0|0
RZ1|CHK|29|2|50|0|0|0|10|0|0|0|1|0
RZ1|30|2|OP14-096|0|47|0|31|0|0|0|0|0
RZ1|CHK|30|2|50|0|0|0|10|0|0|0|1|0
RZ1|31|2|OP13-080|0|39|0|32|0|0|0|0|0
RZ1|CHK|31|2|50|0|0|0|10|0|0|0|1|0
RZ1|32|2|OP13-098|0|45|0|33|0|0|0|0|0
RZ1|CHK|32|2|50|0|0|0|10|0|0|0|1|0
RZ1|33|2|OP13-084|0|43|0|34|0|0|0|0|0
RZ1|CHK|33|2|50|0|0|0|10|0|0|0|1|0
RZ1|34|2|OP13-080|0|41|0|35|0|0|0|0|0
RZ1|CHK|34|2|50|0|0|0|10|0|0|0|1|0
RZ1|35|2|OP14-096|0|48|0|36|0|0|0|0|0
RZ1|CHK|35|2|50|0|0|0|10|0|0|0|1|0
RZ1|36|2|OP13-082|0|46|0|37|0|0|0|0|0
RZ1|CHK|36|2|50|0|0|0|10|0|0|0|1|0
RZ1|37|2|OP16-093|0|42|0|38|0|0|0|0|0
RZ1|CHK|37|2|50|0|0|0|10|0|0|0|1|0
RZ1|38|2|OP13-084|0|45|0|39|0|0|0|0|0
RZ1|CHK|38|2|50|0|0|0|10|0|0|0|1|0
RZ1|39|2|OP13-091|0|45|0|41|0|0|0|0|0
RZ1|CHK|39|2|50|0|0|0|10|0|0|0|1|0
RZ1|40|2|OP16-093|0|43|0|42|0|0|0|0|0
RZ1|CHK|40|2|50|0|0|0|10|0|0|0|1|0
RZ1|41|2|OP13-098|0|47|0|43|0|0|0|0|0
RZ1|CHK|41|2|50|0|0|0|10|0|0|0|1|0
RZ1|42|2|OP13-098|0|48|0|44|0|0|0|0|0
RZ1|CHK|42|2|50|0|0|0|10|0|0|0|1|0
RZ1|43|2|OP13-082|0|48|0|45|0|0|0|0|0
RZ1|CHK|43|2|50|0|0|0|10|0|0|0|1|0
RZ1|44|2|OP13-099|0|49|0|47|0|0|0|0|0
RZ1|CHK|44|2|50|0|0|0|10|0|0|0|1|0
RZ1|45|2|OP13-099|0|47|7|0|1|1|0|0|0
RZ1|CHK|45|2|49|0|0|0|10|0|0|1|1|0
[Opponent] Imu ["OP13-079">OP13-079]: Deploy The Empty Throne ["OP13-099">OP13-099]
RZ1|46|2|OP13-098|0|33|0|0|0|0|0|0|0
RZ1|CHK|46|2|49|0|0|0|10|0|0|1|1|0
RZ1|47|2|OP16-093|0|26|0|1|0|0|0|0|0
RZ1|CHK|47|2|49|0|0|0|10|0|0|1|1|0
RZ1|48|2|OP16-093|0|38|0|2|0|0|0|0|0
RZ1|CHK|48|2|49|0|0|0|10|0|0|1|1|0
RZ1|49|2|OP13-086|0|31|0|3|0|0|0|0|0
RZ1|CHK|49|2|49|0|0|0|10|0|0|1|1|0
RZ1|50|2|OP13-092|0|32|0|4|0|0|0|0|0
RZ1|CHK|50|2|49|0|0|0|10|0|0|1|1|0
RZ1|51|2|OP14-096|0|10|0|5|0|0|0|0|0
RZ1|CHK|51|2|49|0|0|0|10|0|0|1|1|0
RZ1|52|2|OP13-098|0|13|0|6|0|0|0|0|0
RZ1|CHK|52|2|49|0|0|0|10|0|0|1|1|0
RZ1|53|2|OP13-084|0|29|0|7|0|0|0|0|0
RZ1|CHK|53|2|49|0|0|0|10|0|0|1|1|0
RZ1|54|2|OP13-086|0|32|0|8|0|0|0|0|0
RZ1|CHK|54|2|49|0|0|0|10|0|0|1|1|0
RZ1|55|2|OP13-083|0|20|0|9|0|0|0|0|0
RZ1|CHK|55|2|49|0|0|0|10|0|0|1|1|0
RZ1|56|2|OP13-083|0|19|0|10|0|0|0|0|0
RZ1|CHK|56|2|49|0|0|0|10|0|0|1|1|0
RZ1|57|2|OP14-096|0|27|0|11|0|0|0|0|0
RZ1|CHK|57|2|49|0|0|0|10|0|0|1|1|0
RZ1|58|2|OP13-096|0|18|0|12|0|0|0|0|0
RZ1|CHK|58|2|49|0|0|0|10|0|0|1|1|0
RZ1|59|2|OP13-091|0|22|0|13|0|0|0|0|0
RZ1|CHK|59|2|49|0|0|0|10|0|0|1|1|0
RZ1|60|2|OP14-096|0|37|0|14|0|0|0|0|0
RZ1|CHK|60|2|49|0|0|0|10|0|0|1|1|0
RZ1|61|2|OP13-086|0|16|0|15|0|0|0|0|0
RZ1|CHK|61|2|49|0|0|0|10|0|0|1|1|0
RZ1|62|2|OP13-092|0|40|0|16|0|0|0|0|0
RZ1|CHK|62|2|49|0|0|0|10|0|0|1|1|0
RZ1|63|2|OP13-080|0|38|0|17|0|0|0|0|0
RZ1|CHK|63|2|49|0|0|0|10|0|0|1|1|0
RZ1|64|2|OP13-096|0|21|0|18|0|0|0|0|0
RZ1|CHK|64|2|49|0|0|0|10|0|0|1|1|0
RZ1|65|2|OP13-089|0|29|0|19|0|0|0|0|0
RZ1|CHK|65|2|49|0|0|0|10|0|0|1|1|0
RZ1|66|2|OP13-084|0|38|0|20|0|0|0|0|0
RZ1|CHK|66|2|49|0|0|0|10|0|0|1|1|0
RZ1|67|2|OP13-096|0|36|0|21|0|0|0|0|0
RZ1|CHK|67|2|49|0|0|0|10|0|0|1|1|0
RZ1|68|2|OP13-089|0|32|0|22|0|0|0|0|0
RZ1|CHK|68|2|49|0|0|0|10|0|0|1|1|0
RZ1|69|2|OP13-089|0|27|0|23|0|0|0|0|0
RZ1|CHK|69|2|49|0|0|0|10|0|0|1|1|0
RZ1|70|2|OP13-080|0|28|0|24|0|0|0|0|0
RZ1|CHK|70|2|49|0|0|0|10|0|0|1|1|0
RZ1|71|2|OP13-082|0|45|0|25|0|0|0|0|0
RZ1|CHK|71|2|49|0|0|0|10|0|0|1|1|0
RZ1|72|2|OP13-083|0|35|0|26|0|0|0|0|0
RZ1|CHK|72|2|49|0|0|0|10|0|0|1|1|0
RZ1|73|2|OP13-091|0|37|0|27|0|0|0|0|0
RZ1|CHK|73|2|49|0|0|0|10|0|0|1|1|0
RZ1|74|2|OP13-080|0|31|0|28|0|0|0|0|0
RZ1|CHK|74|2|49|0|0|0|10|0|0|1|1|0
RZ1|75|2|OP05-097|0|30|0|29|0|0|0|0|0
RZ1|CHK|75|2|49|0|0|0|10|0|0|1|1|0
RZ1|76|2|OP13-082|0|34|0|30|0|0|0|0|0
RZ1|CHK|76|2|49|0|0|0|10|0|0|1|1|0
RZ1|77|2|OP13-098|0|44|0|31|0|0|0|0|0
RZ1|CHK|77|2|49|0|0|0|10|0|0|1|1|0
RZ1|78|2|OP13-089|0|35|0|32|0|0|0|0|0
RZ1|CHK|78|2|49|0|0|0|10|0|0|1|1|0
RZ1|79|2|OP13-082|0|34|0|33|0|0|0|0|0
RZ1|CHK|79|2|49|0|0|0|10|0|0|1|1|0
RZ1|80|2|OP14-096|0|39|0|34|0|0|0|0|0
RZ1|CHK|80|2|49|0|0|0|10|0|0|1|1|0
RZ1|81|2|OP13-084|0|42|0|38|0|0|0|0|0
RZ1|CHK|81|2|49|0|0|0|10|0|0|1|1|0
RZ1|82|2|OP13-082|0|42|0|39|0|0|0|0|0
RZ1|CHK|82|2|49|0|0|0|10|0|0|1|1|0
RZ1|83|2|OP16-093|0|44|0|40|0|0|0|0|0
RZ1|CHK|83|2|49|0|0|0|10|0|0|1|1|0
RZ1|84|2|OP13-092|0|42|0|41|0|0|0|0|0
RZ1|CHK|84|2|49|0|0|0|10|0|0|1|1|0
RZ1|85|2|OP13-091|0|44|0|42|0|0|0|0|0
RZ1|CHK|85|2|49|0|0|0|10|0|0|1|1|0
RZ1|86|2|OP13-083|0|48|0|43|0|0|0|0|0
RZ1|CHK|86|2|49|0|0|0|10|0|0|1|1|0
RZ1|87|2|OP13-098|0|46|0|44|0|0|0|0|0
RZ1|CHK|87|2|49|0|0|0|10|0|0|1|1|0
RZ1|88|2|OP13-080|0|46|0|45|0|0|0|0|0
RZ1|CHK|88|2|49|0|0|0|10|0|0|1|1|0
[] Drew card from deck: The Pirate King Is Just The Freest Man on the Sea!!! ["OP13-116">OP13-116]
RZ1|89|1|OP13-116|0|49|1|0|1|1|0|0|0
RZ1|CHK|89|1|49|1|0|0|10|0|0|0|1|0
[] Drew card from deck: Black Rope Dragon Twister ["EB04-059">EB04-059]
RZ1|90|1|EB04-059|0|48|1|1|1|1|0|0|0
RZ1|CHK|90|1|48|2|0|0|10|0|0|0|1|0
[] Drew card from deck: Trafalgar Law ["OP10-119">OP10-119]
RZ1|91|1|OP10-119|0|47|1|2|1|1|0|0|0
RZ1|CHK|91|1|47|3|0|0|10|0|0|0|1|0
[] Drew card from deck: Slam Gibson ["OP12-117">OP12-117]
RZ1|92|1|OP12-117|0|46|1|3|1|1|0|0|0
RZ1|CHK|92|1|46|4|0|0|10|0|0|0|1|0
[] Drew card from deck: Scratchmen Apoo ["ST36-003">ST36-003]
RZ1|93|1|ST36-003|0|45|1|4|1|1|0|0|0
RZ1|CHK|93|1|45|5|0|0|10|0|0|0|1|0
[] Drew card from deck: Bartholomew Kuma ["OP16-093">OP16-093]
RZ1|94|2|OP16-093|0|48|1|0|1|1|0|0|0
RZ1|CHK|94|2|48|1|0|0|10|0|0|1|1|0
[] Drew card from deck: St. Mjosgard ["OP13-092">OP13-092]
RZ1|95|2|OP13-092|0|47|1|1|1|1|0|0|0
RZ1|CHK|95|2|47|2|0|0|10|0|0|1|1|0
[] Drew card from deck: St. Shepherd Ju Peter ["OP13-084">OP13-084]
RZ1|96|2|OP13-084|0|46|1|2|1|1|0|0|0
RZ1|CHK|96|2|46|3|0|0|10|0|0|1|1|0
[] Drew card from deck: St. Ethanbaron V. Nusjuro ["OP13-080">OP13-080]
RZ1|97|2|OP13-080|0|45|1|3|1|1|0|0|0
RZ1|CHK|97|2|45|4|0|0|10|0|0|1|1|0
[] Drew card from deck: ...Never Existed... ["OP13-098">OP13-098]
RZ1|98|2|OP13-098|0|44|1|4|1|1|0|0|0
RZ1|CHK|98|2|44|5|0|0|10|0|0|1|1|0
RZ1|99|1|OP13-116|1|0|0|45|0|0|0|0|0
RZ1|CHK|99|1|46|4|0|0|10|0|0|0|1|0
RZ1|100|1|EB04-059|1|0|0|46|0|0|0|0|0
RZ1|CHK|100|1|47|3|0|0|10|0|0|0|1|0
RZ1|101|1|OP10-119|1|0|0|47|0|0|0|0|0
RZ1|CHK|101|1|48|2|0|0|10|0|0|0|1|0
RZ1|102|1|OP12-117|1|0|0|48|0|0|0|0|0
RZ1|CHK|102|1|49|1|0|0|10|0|0|0|1|0
RZ1|103|1|ST36-003|1|0|0|49|0|0|0|0|0
RZ1|CHK|103|1|50|0|0|0|10|0|0|0|1|0
RZ1|104|1|OP10-109|0|31|0|0|0|0|0|0|0
RZ1|CHK|104|1|50|0|0|0|10|0|0|0|1|0
RZ1|105|1|OP10-119|0|4|0|1|0|0|0|0|0
RZ1|CHK|105|1|50|0|0|0|10|0|0|0|1|0
RZ1|106|1|OP10-119|0|47|0|2|0|0|0|0|0
RZ1|CHK|106|1|50|0|0|0|10|0|0|0|1|0
RZ1|107|1|OP10-114|0|30|0|3|0|0|0|0|0
RZ1|CHK|107|1|50|0|0|0|10|0|0|0|1|0
RZ1|108|1|P-088|0|6|0|4|0|0|0|0|0
RZ1|CHK|108|1|50|0|0|0|10|0|0|0|1|0
RZ1|109|1|ST36-003|0|49|0|5|0|0|0|0|0
RZ1|CHK|109|1|50|0|0|0|10|0|0|0|1|0
RZ1|110|1|OP10-111|0|26|0|6|0|0|0|0|0
RZ1|CHK|110|1|50|0|0|0|10|0|0|0|1|0
RZ1|111|1|ST36-002|0|28|0|7|0|0|0|0|0
RZ1|CHK|111|1|50|0|0|0|10|0|0|0|1|0
RZ1|112|1|OP10-111|0|21|0|8|0|0|0|0|0
RZ1|CHK|112|1|50|0|0|0|10|0|0|0|1|0
RZ1|113|1|ST36-004|0|12|0|9|0|0|0|0|0
RZ1|CHK|113|1|50|0|0|0|10|0|0|0|1|0
RZ1|114|1|OP10-111|0|31|0|10|0|0|0|0|0
RZ1|CHK|114|1|50|0|0|0|10|0|0|0|1|0
RZ1|115|1|OP13-116|0|28|0|11|0|0|0|0|0
RZ1|CHK|115|1|50|0|0|0|10|0|0|0|1|0
RZ1|116|1|OP10-114|0|15|0|12|0|0|0|0|0
RZ1|CHK|116|1|50|0|0|0|10|0|0|0|1|0
RZ1|117|1|OP10-109|0|44|0|13|0|0|0|0|0
RZ1|CHK|117|1|50|0|0|0|10|0|0|0|1|0
RZ1|118|1|OP10-119|0|29|0|14|0|0|0|0|0
RZ1|CHK|118|1|50|0|0|0|10|0|0|0|1|0
RZ1|119|1|ST36-005|0|16|0|15|0|0|0|0|0
RZ1|CHK|119|1|50|0|0|0|10|0|0|0|1|0
RZ1|120|1|ST36-002|0|18|0|16|0|0|0|0|0
RZ1|CHK|120|1|50|0|0|0|10|0|0|0|1|0
RZ1|121|1|OP10-111|0|23|0|17|0|0|0|0|0
RZ1|CHK|121|1|50|0|0|0|10|0|0|0|1|0
RZ1|122|1|OP10-112|0|34|0|18|0|0|0|0|0
RZ1|CHK|122|1|50|0|0|0|10|0|0|0|1|0
RZ1|123|1|ST36-005|0|41|0|19|0|0|0|0|0
RZ1|CHK|123|1|50|0|0|0|10|0|0|0|1|0
RZ1|124|1|OP10-114|0|31|0|20|0|0|0|0|0
RZ1|CHK|124|1|50|0|0|0|10|0|0|0|1|0
RZ1|125|1|ST36-005|0|39|0|22|0|0|0|0|0
RZ1|CHK|125|1|50|0|0|0|10|0|0|0|1|0
RZ1|126|1|OP10-109|0|39|0|23|0|0|0|0|0
RZ1|CHK|126|1|50|0|0|0|10|0|0|0|1|0
RZ1|127|1|OP10-119|0|30|0|24|0|0|0|0|0
RZ1|CHK|127|1|50|0|0|0|10|0|0|0|1|0
RZ1|128|1|ST36-004|0|44|0|25|0|0|0|0|0
RZ1|CHK|128|1|50|0|0|0|10|0|0|0|1|0
RZ1|129|1|P-088|0|33|0|27|0|0|0|0|0
RZ1|CHK|129|1|50|0|0|0|10|0|0|0|1|0
RZ1|130|1|P-088|0|34|0|28|0|0|0|0|0
RZ1|CHK|130|1|50|0|0|0|10|0|0|0|1|0
RZ1|131|1|OP10-112|0|33|0|29|0|0|0|0|0
RZ1|CHK|131|1|50|0|0|0|10|0|0|0|1|0
RZ1|132|1|OP11-101|0|43|0|30|0|0|0|0|0
RZ1|CHK|132|1|50|0|0|0|10|0|0|0|1|0
RZ1|133|1|OP10-109|0|37|0|31|0|0|0|0|0
RZ1|CHK|133|1|50|0|0|0|10|0|0|0|1|0
RZ1|134|1|ST36-005|0|40|0|32|0|0|0|0|0
RZ1|CHK|134|1|50|0|0|0|10|0|0|0|1|0
RZ1|135|1|ST36-002|0|34|0|33|0|0|0|0|0
RZ1|CHK|135|1|50|0|0|0|10|0|0|0|1|0
RZ1|136|1|OP12-117|0|42|0|34|0|0|0|0|0
RZ1|CHK|136|1|50|0|0|0|10|0|0|0|1|0
RZ1|137|1|OP13-116|0|47|0|35|0|0|0|0|0
RZ1|CHK|137|1|50|0|0|0|10|0|0|0|1|0
RZ1|138|1|ST36-003|0|45|0|36|0|0|0|0|0
RZ1|CHK|138|1|50|0|0|0|10|0|0|0|1|0
RZ1|139|1|OP11-101|0|42|0|37|0|0|0|0|0
RZ1|CHK|139|1|50|0|0|0|10|0|0|0|1|0
RZ1|140|1|ST36-001|0|39|0|38|0|0|0|0|0
RZ1|CHK|140|1|50|0|0|0|10|0|0|0|1|0
RZ1|141|1|OP12-117|0|41|0|40|0|0|0|0|0
RZ1|CHK|141|1|50|0|0|0|10|0|0|0|1|0
RZ1|142|1|OP12-117|0|49|0|41|0|0|0|0|0
RZ1|CHK|142|1|50|0|0|0|10|0|0|0|1|0
RZ1|143|1|OP15-105|0|47|0|43|0|0|0|0|0
RZ1|CHK|143|1|50|0|0|0|10|0|0|0|1|0
RZ1|144|1|EB04-059|0|49|0|44|0|0|0|0|0
RZ1|CHK|144|1|50|0|0|0|10|0|0|0|1|0
RZ1|145|1|ST36-002|0|48|0|45|0|0|0|0|0
RZ1|CHK|145|1|50|0|0|0|10|0|0|0|1|0
RZ1|146|1|P-088|0|48|0|46|0|0|0|0|0
RZ1|CHK|146|1|50|0|0|0|10|0|0|0|1|0
RZ1|147|1|ST36-001|0|48|0|47|0|0|0|0|0
RZ1|CHK|147|1|50|0|0|0|10|0|0|0|1|0
RZ1|148|1|OP10-112|0|49|0|48|0|0|0|0|0
RZ1|CHK|148|1|50|0|0|0|10|0|0|0|1|0
[] Drew card from deck: Jewelry Bonney ["OP15-105">OP15-105]
RZ1|149|1|OP15-105|0|49|1|0|1|1|0|0|0
RZ1|CHK|149|1|49|1|0|0|10|0|0|0|1|0
[] Drew card from deck: Eustass "Captain" Kid ["OP10-112">OP10-112]
RZ1|150|1|OP10-112|0|48|1|1|1|1|0|0|0
RZ1|CHK|150|1|48|2|0|0|10|0|0|0|1|0
[] Drew card from deck: Cavendish ["ST36-001">ST36-001]
RZ1|151|1|ST36-001|0|47|1|2|1|1|0|0|0
RZ1|CHK|151|1|47|3|0|0|10|0|0|0|1|0
[] Drew card from deck: Trafalgar Law ["P-088">P-088]
RZ1|152|1|P-088|0|46|1|3|1|1|0|0|0
RZ1|CHK|152|1|46|4|0|0|10|0|0|0|1|0
[] Drew card from deck: Killer ["ST36-002">ST36-002]
RZ1|153|1|ST36-002|0|45|1|4|1|1|0|0|0
RZ1|CHK|153|1|45|5|0|0|10|0|0|0|1|0
RZ1|154|1|EB04-059|0|44|3|0|1|0|0|0|0
RZ1|CHK|154|1|44|5|0|1|10|0|0|0|1|0
RZ1|155|1|OP15-105|0|43|3|1|1|0|0|0|0
RZ1|CHK|155|1|43|5|0|2|10|0|0|0|1|0
RZ1|156|1|OP11-101|0|42|3|2|1|0|0|0|0
RZ1|CHK|156|1|42|5|0|3|10|0|0|0|1|0
RZ1|157|1|OP12-117|0|41|3|3|1|0|0|0|0
RZ1|CHK|157|1|41|5|0|4|10|0|0|0|1|0
RZ1|158|1|OP12-117|0|40|3|4|1|0|0|0|0
RZ1|CHK|158|1|40|5|0|5|10|0|0|0|1|0
[] Hand after Mulligan: [OP15-105,OP10-112,ST36-001,P-088,ST36-002]
[You] Mulligan
RZ1|159|2|OP13-083|0|43|3|0|0|1|0|0|0
RZ1|CHK|159|2|43|5|0|1|10|0|0|1|1|0
RZ1|160|2|OP13-091|0|42|3|1|0|1|0|0|0
RZ1|CHK|160|2|42|5|0|2|10|0|0|1|1|0
RZ1|161|2|OP13-092|0|41|3|2|0|1|0|0|0
RZ1|CHK|161|2|41|5|0|3|10|0|0|1|1|0
RZ1|162|2|OP16-093|0|40|3|3|0|1|0|0|0
RZ1|CHK|162|2|40|5|0|4|10|0|0|1|1|0
[] Hand: [OP15-105,OP10-112,ST36-001,P-088,ST36-002]
[] Board: []
[] Trash: []
[] Life: 5
[] Hand: [OP16-093,OP13-092,OP13-084,OP13-080,OP13-098]
[] Trash: []
[] Board: []
[] Life: 4
RZ1|163|1|Don|4|9|5|0|1|1|0|0|0
RZ1|CHK|163|1|40|5|0|5|9|1|0|0|1|0
[You] Draw 1 Don
[] Hand: [OP15-105,OP10-112,ST36-001,P-088,ST36-002]
[] Board: []
[] Trash: []
[] Life: 5
[] Hand: [OP16-093,OP13-092,OP13-084,OP13-080,OP13-098]
[] Trash: []
[] Board: []
[] Life: 4
[You] End Turn
[] Hand: [OP16-093,OP13-092,OP13-084,OP13-080,OP13-098]
[] Board: []
[] Trash: []
[] Life: 4
[] Hand: [OP15-105,OP10-112,ST36-001,P-088,ST36-002]
[] Trash: []
[] Board: []
[] Life: 5
[Opponent] Draw 1 Card
[] Drew card from deck: Five Elders ["OP13-082">OP13-082]
RZ1|164|2|OP13-082|0|39|1|5|1|1|0|0|0
RZ1|CHK|164|2|39|6|0|4|10|0|0|1|1|0
RZ1|165|2|Don|4|9|5|0|1|1|0|0|0
RZ1|CHK|165|2|39|6|0|4|9|1|0|1|1|0
RZ1|166|2|Don|4|8|5|1|1|1|0|0|0
RZ1|CHK|166|2|39|6|0|4|8|2|0|1|1|0
[Opponent] Draw 2 Don
RZ1|167|2|OP13-080|1|3|6|0|1|1|0|0|0
RZ1|CHK|167|2|39|5|0|4|8|2|1|1|1|0
[Opponent] Imu ["OP13-079">OP13-079]: Trash St. Ethanbaron V. Nusjuro ["OP13-080">OP13-080]
[] Drew card from deck: St. Shepherd Ju Peter ["OP13-084">OP13-084]
RZ1|168|2|OP13-084|0|38|1|5|1|1|0|0|0
RZ1|CHK|168|2|38|6|0|4|8|2|1|1|1|0
[Opponent] Imu ["OP13-079">OP13-079]: Draw 1 Card
[] Hand: [OP16-093,OP13-092,OP13-084,OP13-098,OP13-082,OP13-084]
[] Board: []
[] Trash: [OP13-080]
[] Life: 4
[] Hand: [OP15-105,OP10-112,ST36-001,P-088,ST36-002]
[] Trash: []
[] Board: []
[] Life: 5
[Opponent] End Turn
[] Hand: [OP15-105,OP10-112,ST36-001,P-088,ST36-002]
[] Board: []
[] Trash: []
[] Life: 5
[] Hand: [OP16-093,OP13-092,OP13-084,OP13-098,OP13-082,OP13-084]
[] Trash: [OP13-080]
[] Board: []
[] Life: 4
[You] Draw 1 Card
[] Drew card from deck: Damned Punk: Electromagnetic Cannon ["OP10-116">OP10-116]
RZ1|169|1|OP10-116|0|39|1|5|1|1|0|0|0
RZ1|CHK|169|1|39|6|0|5|9|1|0|0|1|0
RZ1|170|1|Don|4|8|5|1|1|1|0|0|0
RZ1|CHK|170|1|39|6|0|5|8|2|0|0|1|0
RZ1|171|1|Don|4|7|5|2|1|1|0|0|0
RZ1|CHK|171|1|39|6|0|5|7|3|0|0|1|0
[You] Draw 2 Don
[You] Eustass "Captain" Kid ["OP10-099">OP10-099] attacking Imu ["OP13-079">OP13-079]
Eustass "Captain" Kid ["OP10-099">OP10-099][5000] vs Imu ["OP13-079">OP13-079][5000]
Imu ["OP13-079">OP13-079] hit for 1 damage
RZ1|172|2|OP16-093|3|3|1|6|1|1|0|0|0
RZ1|CHK|172|2|38|7|0|3|8|2|1|1|1|0
RZ1|173|1|Don|5|0|5|0|1|1|1|0|0
RZ1|CHK|173|1|39|6|0|5|7|3|0|0|1|0
RZ1|174|1|Don|5|1|5|1|1|1|1|0|0
RZ1|CHK|174|1|39|6|0|5|7|3|0|0|1|0
RZ1|175|1|Don|5|2|5|2|1|1|1|0|0
RZ1|CHK|175|1|39|6|0|5|7|3|0|0|1|0
[You] Deploy Cavendish ["ST36-001">ST36-001]
RZ1|176|1|ST36-001|1|2|2|0|1|1|0|0|0
RZ1|CHK|176|1|39|5|1|5|7|3|0|0|1|0
[You] Eustass "Captain" Kid ["OP10-099">OP10-099]: Flip 1 Life Face Up
RZ1|177|1|OP12-117|3|4|3|4|1|1|0|0|0
RZ1|CHK|177|1|39|5|1|5|7|3|0|0|1|0
[You] Eustass "Captain" Kid ["OP10-099">OP10-099]: Set Cavendish ["ST36-001">ST36-001] to Active
[You] Eustass "Captain" Kid ["OP10-099">OP10-099]: Cavendish ["ST36-001">ST36-001] Gains Blocker
[] Hand: [OP15-105,OP10-112,P-088,ST36-002,OP10-116]
[] Board: [ST36-001]
[] Trash: []
[] Life: 5
[] Hand: [OP16-093,OP13-092,OP13-084,OP13-098,OP13-082,OP13-084,OP16-093]
[] Trash: [OP13-080]
[] Board: []
[] Life: 3
[You] End Turn
[] Hand: [OP16-093,OP13-092,OP13-084,OP13-098,OP13-082,OP13-084,OP16-093]
[] Board: []
[] Trash: [OP13-080]
[] Life: 3
[] Hand: [OP15-105,OP10-112,P-088,ST36-002,OP10-116]
[] Trash: []
[] Board: [ST36-001]
[] Life: 5
[Opponent] Draw 1 Card
[] Drew card from deck: The Five Elders... Are At Your Service ["OP13-096">OP13-096]
RZ1|178|2|OP13-096|0|37|1|7|1|1|0|0|0
RZ1|CHK|178|2|37|8|0|3|8|2|1|1|1|0
RZ1|179|2|Don|4|7|5|2|1|1|0|0|0
RZ1|CHK|179|2|37|8|0|3|7|3|1|1|1|0
RZ1|180|2|Don|4|6|5|3|1|1|0|0|0
RZ1|CHK|180|2|37|8|0|3|6|4|1|1|1|0
[Opponent] Draw 2 Don
RZ1|181|2|Don|5|0|5|0|1|1|1|0|0
RZ1|CHK|181|2|37|8|0|3|6|4|1|1|1|0
RZ1|182|2|Don|5|1|5|1|1|1|1|0|0
RZ1|CHK|182|2|37|8|0|3|6|4|1|1|1|0
RZ1|183|2|Don|5|2|5|2|1|1|1|0|0
RZ1|CHK|183|2|37|8|0|3|6|4|1|1|1|0
[Opponent] Deploy Bartholomew Kuma ["OP16-093">OP16-093]
RZ1|184|2|OP16-093|1|0|2|0|1|1|0|0|0
RZ1|CHK|184|2|37|7|1|3|6|4|1|1|1|0
[] Drew card from deck: St. Marcus Mars ["OP13-091">OP13-091]
RZ1|185|2|OP13-091|0|36|1|7|1|1|0|0|0
RZ1|CHK|185|2|36|8|1|3|6|4|1|1|1|0
[] Drew card from deck: St. Shalria ["OP13-086">OP13-086]
RZ1|186|2|OP13-086|0|35|1|8|1|1|0|0|0
RZ1|CHK|186|2|35|9|1|3|6|4|1|1|1|0
[Opponent] Bartholomew Kuma ["OP16-093">OP16-093]: Draw 2 Card
RZ1|187|2|OP13-091|1|7|6|1|1|1|0|0|0
RZ1|CHK|187|2|35|8|1|3|6|4|2|1|1|0
[Opponent] Bartholomew Kuma ["OP16-093">OP16-093]: Trash St. Marcus Mars ["OP13-091">OP13-091]
RZ1|188|2|OP13-092|1|0|6|2|1|1|0|0|0
RZ1|CHK|188|2|35|7|1|3|6|4|3|1|1|0
[Opponent] Bartholomew Kuma ["OP16-093">OP16-093]: Trash St. Mjosgard ["OP13-092">OP13-092]
[Opponent] Bartholomew Kuma ["OP16-093">OP16-093]: Attach 1 Rested Don to Imu ["OP13-079">OP13-079]
RZ1|189|2|Don|5|0|9|9900|1|1|1|0|0
RZ1|CHK|189|2|35|7|1|3|6|3|3|1|1|1
RZ1|190|2|Don|5|2|5|2|1|1|1|0|0
RZ1|CHK|190|2|35|7|1|3|6|3|3|1|1|1
[Opponent] Deploy St. Shalria ["OP13-086">OP13-086]
RZ1|191|2|OP13-086|1|6|2|1|1|1|0|0|0
RZ1|CHK|191|2|35|6|2|3|6|3|3|1|1|1
RZ1|192|2|OP13-082|0|33|1|6|1|1|0|0|0
RZ1|CHK|192|2|34|7|2|3|6|3|3|1|1|1
[Opponent] St. Shalria ["OP13-086">OP13-086]: <b>Reveal and Draw Five Elders ["OP13-082">OP13-082]</b>
[Opponent] St. Shalria ["OP13-086">OP13-086]: Trash 2 Remaining Cards
RZ1|193|2|OP14-096|0|33|6|3|1|1|0|0|0
RZ1|CHK|193|2|33|7|2|3|6|3|4|1|1|1
RZ1|194|2|OP13-089|0|32|6|4|1|1|0|0|0
RZ1|CHK|194|2|32|7|2|3|6|3|5|1|1|1
RZ1|195|2|OP13-084|1|0|6|5|1|1|0|0|0
RZ1|CHK|195|2|32|6|2|3|6|3|6|1|1|1
[Opponent] St. Shalria ["OP13-086">OP13-086]: Trash St. Shepherd Ju Peter ["OP13-084">OP13-084]
RZ1|196|2|OP13-086|2|1|6|6|1|1|0|0|0
RZ1|CHK|196|2|32|6|1|3|6|3|7|1|1|1
[Opponent] Imu ["OP13-079">OP13-079]: Trash St. Shalria ["OP13-086">OP13-086]
[] Drew card from deck: ...Never Existed... ["OP13-098">OP13-098]
RZ1|197|2|OP13-098|0|31|1|6|1|1|0|0|0
RZ1|CHK|197|2|31|7|1|3|6|3|7|1|1|1
[Opponent] Imu ["OP13-079">OP13-079]: Draw 1 Card
[Opponent] Imu ["OP13-079">OP13-079] attacking Eustass "Captain" Kid ["OP10-099">OP10-099]
[You] Cavendish ["ST36-001">ST36-001] Blocks
Imu ["OP13-079">OP13-079][6000] vs Cavendish ["ST36-001">ST36-001][3000]
[You] Cavendish ["ST36-001">ST36-001] Destroyed
RZ1|198|1|ST36-001|2|0|6|0|1|1|0|0|0
RZ1|CHK|198|1|39|5|0|5|7|3|1|0|1|0
RZ1|199|1|OP10-116|1|4|6|1|1|1|0|0|0
RZ1|CHK|199|1|39|4|0|5|7|3|2|0|1|0
[You] Cavendish ["ST36-001">ST36-001]: Trash Damned Punk: Electromagnetic Cannon ["OP10-116">OP10-116]
[You] Cavendish ["ST36-001">ST36-001]: Add card to top of Life from Deck
RZ1|200|1|ST36-001|0|38|3|5|1|0|0|0|0
RZ1|CHK|200|1|38|4|0|6|7|3|2|0|1|0
[] Hand: [OP13-098,OP13-082,OP13-084,OP16-093,OP13-096,OP13-082,OP13-098]
[] Board: [OP16-093]
[] Trash: [OP13-080,OP13-091,OP13-092,OP14-096,OP13-089,OP13-084,OP13-086]
[] Life: 3
[] Hand: [OP15-105,OP10-112,P-088,ST36-002]
[] Trash: [ST36-001,OP10-116]
[] Board: []
[] Life: 6
[Opponent] End Turn
[] Hand: [OP15-105,OP10-112,P-088,ST36-002]
[] Board: []
[] Trash: [ST36-001,OP10-116]
[] Life: 6
[] Hand: [OP13-098,OP13-082,OP13-084,OP16-093,OP13-096,OP13-082,OP13-098]
[] Trash: [OP13-080,OP13-091,OP13-092,OP14-096,OP13-089,OP13-084,OP13-086]
[] Board: [OP16-093]
[] Life: 3
[You] Draw 1 Card
[] Drew card from deck: Capone "Gang" Bege ["OP11-101">OP11-101]
RZ1|201|1|OP11-101|0|37|1|4|1|1|0|0|0
RZ1|CHK|201|1|37|5|0|6|7|3|2|0|1|0
RZ1|202|1|Don|4|6|5|3|1|1|0|0|0
RZ1|CHK|202|1|37|5|0|6|6|4|2|0|1|0
RZ1|203|1|Don|4|5|5|4|1|1|0|0|0
RZ1|CHK|203|1|37|5|0|6|5|5|2|0|1|0
[You] Draw 2 Don
RZ1|204|1|Don|5|0|5|0|1|1|1|0|0
RZ1|CHK|204|1|37|5|0|6|5|5|2|0|1|0
RZ1|205|1|Don|5|1|5|1|1|1|1|0|0
RZ1|CHK|205|1|37|5|0|6|5|5|2|0|1|0
RZ1|206|1|Don|5|2|5|2|1|1|1|0|0
RZ1|CHK|206|1|37|5|0|6|5|5|2|0|1|0
RZ1|207|1|Don|5|3|5|3|1|1|1|0|0
RZ1|CHK|207|1|37|5|0|6|5|5|2|0|1|0
[You] Deploy Killer ["ST36-002">ST36-002]
RZ1|208|1|ST36-002|1|3|2|0|1|1|0|0|0
RZ1|CHK|208|1|37|4|1|6|5|5|2|0|1|0
[You] Killer ["ST36-002">ST36-002]: Add card to top of Life from Deck
RZ1|209|1|ST36-003|0|36|3|6|1|0|0|0|0
RZ1|CHK|209|1|36|4|1|7|5|5|2|0|1|0
[You] Attach 1 Don to Eustass "Captain" Kid ["OP10-099">OP10-099] (1 Total)
RZ1|210|1|Don|5|4|9|9900|1|1|0|0|0
RZ1|CHK|210|1|36|4|1|7|5|4|2|0|1|1
[You] Eustass "Captain" Kid ["OP10-099">OP10-099] attacking Imu ["OP13-079">OP13-079]
Eustass "Captain" Kid ["OP10-099">OP10-099][6000] vs Imu ["OP13-079">OP13-079][5000]
Imu ["OP13-079">OP13-079] hit for 1 damage
RZ1|211|2|OP13-092|3|2|1|7|1|1|0|0|0
RZ1|CHK|211|2|31|8|1|2|6|3|7|1|1|1
[You] Eustass "Captain" Kid ["OP10-099">OP10-099]: Flip 1 Life Face Up
RZ1|212|1|ST36-003|3|6|3|6|1|1|0|0|0
RZ1|CHK|212|1|36|4|1|7|5|4|2|0|1|1
[You] Eustass "Captain" Kid ["OP10-099">OP10-099]: Set Killer ["ST36-002">ST36-002] to Active
[You] Eustass "Captain" Kid ["OP10-099">OP10-099]: Killer ["ST36-002">ST36-002] Gains Blocker
[] Hand: [OP15-105,OP10-112,P-088,OP11-101]
[] Board: [ST36-002]
[] Trash: [ST36-001,OP10-116]
[] Life: 7
[] Hand: [OP13-098,OP13-082,OP13-084,OP16-093,OP13-096,OP13-082,OP13-098,OP13-092]
[] Trash: [OP13-080,OP13-091,OP13-092,OP14-096,OP13-089,OP13-084,OP13-086]
[] Board: [OP16-093]
[] Life: 2
[You] End Turn
[] Hand: [OP13-098,OP13-082,OP13-084,OP16-093,OP13-096,OP13-082,OP13-098,OP13-092]
[] Board: [OP16-093]
[] Trash: [OP13-080,OP13-091,OP13-092,OP14-096,OP13-089,OP13-084,OP13-086]
[] Life: 2
[] Hand: [OP15-105,OP10-112,P-088,OP11-101]
[] Trash: [ST36-001,OP10-116]
[] Board: [ST36-002]
[] Life: 7
RZ1|213|2|Don|9|9900|5|0|1|1|1|0|0
RZ1|CHK|213|2|31|8|1|2|6|4|7|1|1|0
[Opponent] Draw 1 Card
[] Drew card from deck: Five Elders ["OP13-082">OP13-082]
RZ1|214|2|OP13-082|0|30|1|8|1|1|0|0|0
RZ1|CHK|214|2|30|9|1|2|6|4|7|1|1|0
RZ1|215|2|Don|4|5|5|4|1|1|0|0|0
RZ1|CHK|215|2|30|9|1|2|5|5|7|1|1|0
RZ1|216|2|Don|4|4|5|5|1|1|0|0|0
RZ1|CHK|216|2|30|9|1|2|4|6|7|1|1|0
[Opponent] Draw 2 Don
RZ1|217|2|Don|5|0|5|0|1|1|1|0|0
RZ1|CHK|217|2|30|9|1|2|4|6|7|1|1|0
RZ1|218|2|Don|5|1|5|1|1|1|1|0|0
RZ1|CHK|218|2|30|9|1|2|4|6|7|1|1|0
RZ1|219|2|Don|5|2|5|2|1|1|1|0|0
RZ1|CHK|219|2|30|9|1|2|4|6|7|1|1|0
[Opponent] Deploy Bartholomew Kuma ["OP16-093">OP16-093]
RZ1|220|2|OP16-093|1|3|2|1|1|1|0|0|0
RZ1|CHK|220|2|30|8|2|2|4|6|7|1|1|0
[] Drew card from deck: The Holy Land Mary Geoise ["OP05-097">OP05-097]
RZ1|221|2|OP05-097|0|29|1|8|1|1|0|0|0
RZ1|CHK|221|2|29|9|2|2|4|6|7|1|1|0
[] Drew card from deck: St. Ethanbaron V. Nusjuro ["OP13-080">OP13-080]
RZ1|222|2|OP13-080|0|28|1|9|1|1|0|0|0
RZ1|CHK|222|2|28|10|2|2|4|6|7|1|1|0
[Opponent] Bartholomew Kuma ["OP16-093">OP16-093]: Draw 2 Card
RZ1|223|2|OP13-080|1|9|6|7|1|1|0|0|0
RZ1|CHK|223|2|28|9|2|2|4|6|8|1|1|0
[Opponent] Bartholomew Kuma ["OP16-093">OP16-093]: Trash St. Ethanbaron V. Nusjuro ["OP13-080">OP13-080]
RZ1|224|2|OP05-097|1|8|6|8|1|1|0|0|0
RZ1|CHK|224|2|28|8|2|2|4|6|9|1|1|0
[Opponent] Bartholomew Kuma ["OP16-093">OP16-093]: Trash The Holy Land Mary Geoise ["OP05-097">OP05-097]
[Opponent] Bartholomew Kuma ["OP16-093">OP16-093]: Attach 1 Rested Don to Imu ["OP13-079">OP13-079]
RZ1|225|2|Don|5|0|9|9900|1|1|1|0|0
RZ1|CHK|225|2|28|8|2|2|4|5|9|1|1|1
[Opponent] The Five Elders... Are At Your Service ["OP13-096">OP13-096]: Rest 1 Don
RZ1|226|2|Don|5|2|5|2|1|1|1|0|0
RZ1|CHK|226|2|28|8|2|2|4|5|9|1|1|1
RZ1|227|2|OP13-096|1|3|6|9|1|1|0|0|0
RZ1|CHK|227|2|28|7|2|2|4|5|10|1|1|1
RZ1|228|2|OP13-082|0|25|1|7|1|1|0|0|0
RZ1|CHK|228|2|27|8|2|2|4|5|10|1|1|1
[Opponent] The Five Elders... Are At Your Service ["OP13-096">OP13-096]: <b>Reveal and Draw Five Elders ["OP13-082">OP13-082]</b>
[Opponent] The Five Elders... Are At Your Service ["OP13-096">OP13-096]: Trash 2 Remaining Cards
RZ1|229|2|OP13-091|0|26|6|10|1|1|0|0|0
RZ1|CHK|229|2|26|8|2|2|4|5|11|1|1|1
RZ1|230|2|OP13-083|0|25|6|11|1|1|0|0|0
RZ1|CHK|230|2|25|8|2|2|4|5|12|1|1|1
[Opponent] Imu ["OP13-079">OP13-079] attacking Eustass "Captain" Kid ["OP10-099">OP10-099]
[You] Discard Trafalgar Law ["P-088">P-088] for Counter 2000
RZ1|231|1|P-088|1|2|6|2|1|1|0|0|0
RZ1|CHK|231|1|36|3|1|7|5|4|3|0|1|1
Imu ["OP13-079">OP13-079][6000] vs Eustass "Captain" Kid ["OP10-099">OP10-099][7000]
Attack Fails
RZ1|232|2|Don|5|3|9|0|1|1|0|0|0
RZ1|CHK|232|2|25|8|2|2|4|4|12|1|1|2
[Opponent] Attach 1 Don to Bartholomew Kuma ["OP16-093">OP16-093] (1 Total)
[Opponent] Bartholomew Kuma ["OP16-093">OP16-093] attacking Eustass "Captain" Kid ["OP10-099">OP10-099]
[You] Killer ["ST36-002">ST36-002] Blocks
Bartholomew Kuma ["OP16-093">OP16-093][5000] vs Killer ["ST36-002">ST36-002][6000]
Attack Fails
[] Hand: [OP13-098,OP13-082,OP13-084,OP13-082,OP13-098,OP13-092,OP13-082,OP13-082]
[] Board: [OP16-093,OP16-093]
[] Trash: [OP13-080,OP13-091,OP13-092,OP14-096,OP13-089,OP13-084,OP13-086,OP13-080,OP05-097,OP13-096,OP13-091,OP13-083]
[] Life: 2
[] Hand: [OP15-105,OP10-112,OP11-101]
[] Trash: [ST36-001,OP10-116,P-088]
[] Board: [ST36-002]
[] Life: 7
[Opponent] End Turn
[] Hand: [OP15-105,OP10-112,OP11-101]
[] Board: [ST36-002]
[] Trash: [ST36-001,OP10-116,P-088]
[] Life: 7
[] Hand: [OP13-098,OP13-082,OP13-084,OP13-082,OP13-098,OP13-092,OP13-082,OP13-082]
[] Trash: [OP13-080,OP13-091,OP13-092,OP14-096,OP13-089,OP13-084,OP13-086,OP13-080,OP05-097,OP13-096,OP13-091,OP13-083]
[] Board: [OP16-093,OP16-093]
[] Life: 2
RZ1|233|1|Don|9|9900|5|0|1|1|1|0|0
RZ1|CHK|233|1|36|3|1|7|5|5|3|0|1|0
[You] Draw 1 Card
[] Drew card from deck: The Pirate King Is Just The Freest Man on the Sea!!! ["OP13-116">OP13-116]
RZ1|234|1|OP13-116|0|35|1|3|1|1|0|0|0
RZ1|CHK|234|1|35|4|1|7|5|5|3|0|1|0
RZ1|235|1|Don|4|4|5|5|1|1|0|0|0
RZ1|CHK|235|1|35|4|1|7|4|6|3|0|1|0
RZ1|236|1|Don|4|3|5|6|1|1|0|0|0
RZ1|CHK|236|1|35|4|1|7|3|7|3|0|1|0
[You] Draw 2 Don
[You] The Pirate King Is Just The Freest Man on the Sea!!! ["OP13-116">OP13-116]: Rest 1 Don
RZ1|237|1|Don|5|0|5|0|1|1|1|0|0
RZ1|CHK|237|1|35|4|1|7|3|7|3|0|1|0
RZ1|238|1|OP13-116|1|3|6|3|1|1|0|0|0
RZ1|CHK|238|1|35|3|1|7|3|7|4|0|1|0
RZ1|239|1|ST36-002|0|33|1|3|1|1|0|0|0
RZ1|CHK|239|1|34|4|1|7|3|7|4|0|1|0
[You] The Pirate King Is Just The Freest Man on the Sea!!! ["OP13-116">OP13-116]: <b>Reveal and Draw Killer ["ST36-002">ST36-002]</b>
[You] Placing Cards on Bottom of Deck
RZ1|240|1|OP12-117|0|33|0|0|0|0|0|0|0
RZ1|CHK|240|1|34|4|1|7|3|7|4|0|1|0
RZ1|241|1|ST36-005|0|33|0|0|0|0|0|0|0
RZ1|CHK|241|1|34|4|1|7|3|7|4|0|1|0
RZ1|242|1|OP10-109|0|33|0|0|0|0|0|0|0
RZ1|CHK|242|1|34|4|1|7|3|7|4|0|1|0
RZ1|243|1|OP11-101|0|33|0|0|0|0|0|0|0
RZ1|CHK|243|1|34|4|1|7|3|7|4|0|1|0
[You] Attach 1 Don to Eustass "Captain" Kid ["OP10-099">OP10-099] (1 Total)
RZ1|244|1|Don|5|6|9|9900|1|1|0|0|0
RZ1|CHK|244|1|34|4|1|7|3|6|4|0|1|1
[You] Eustass "Captain" Kid ["OP10-099">OP10-099] attacking Imu ["OP13-079">OP13-079]
[Opponent] Discard St. Mjosgard ["OP13-092">OP13-092] for Counter 2000
RZ1|245|2|OP13-092|1|5|6|12|1|1|0|0|0
RZ1|CHK|245|2|25|7|2|2|4|4|13|1|1|2
Eustass "Captain" Kid ["OP10-099">OP10-099][6000] vs Imu ["OP13-079">OP13-079][7000]
Attack Fails
[You] Attach 1 Don to Killer ["ST36-002">ST36-002] (1 Total)
RZ1|246|1|Don|5|5|9|0|1|1|0|0|0
RZ1|CHK|246|1|34|4|1|7|3|5|4|0|1|2
[You] Killer ["ST36-002">ST36-002] attacking Imu ["OP13-079">OP13-079]
[Opponent] ...Never Existed... ["OP13-098">OP13-098]: Activate Counter
[Opponent] ...Never Existed... ["OP13-098">OP13-098]: Rest 1 Don
RZ1|247|2|Don|5|3|5|3|1|1|1|0|0
RZ1|CHK|247|2|25|7|2|2|4|4|13|1|1|2
RZ1|248|2|OP13-098|1|0|6|13|1|1|0|0|0
RZ1|CHK|248|2|25|6|2|2|4|4|14|1|1|2
[Opponent] ...Never Existed... ["OP13-098">OP13-098]: Buff Imu ["OP13-079">OP13-079] 4000 for the Combat
Killer ["ST36-002">ST36-002][7000] vs Imu ["OP13-079">OP13-079][9000]
Attack Fails
RZ1|249|1|Don|5|1|5|1|1|1|1|0|0
RZ1|CHK|249|1|34|4|1|7|3|5|4|0|1|2
RZ1|250|1|Don|5|2|5|2|1|1|1|0|0
RZ1|CHK|250|1|34|4|1|7|3|5|4|0|1|2
RZ1|251|1|Don|5|3|5|3|1|1|1|0|0
RZ1|CHK|251|1|34|4|1|7|3|5|4|0|1|2
RZ1|252|1|Don|5|4|5|4|1|1|1|0|0
RZ1|CHK|252|1|34|4|1|7|3|5|4|0|1|2
[You] Deploy Killer ["ST36-002">ST36-002]
RZ1|253|1|ST36-002|1|3|2|1|1|1|0|0|0
RZ1|CHK|253|1|34|3|2|7|3|5|4|0|1|2
[You] Killer ["ST36-002">ST36-002]: Add card to top of Life from Deck
RZ1|254|1|OP10-112|0|33|3|7|1|0|0|0|0
RZ1|CHK|254|1|33|3|2|8|3|5|4|0|1|2
[You] Eustass "Captain" Kid ["OP10-099">OP10-099]: Flip 1 Life Face Up
RZ1|255|1|OP10-112|3|7|3|7|1|1|0|0|0
RZ1|CHK|255|1|33|3|2|8|3|5|4|0|1|2
[You] Eustass "Captain" Kid ["OP10-099">OP10-099]: Set Killer ["ST36-002">ST36-002] to Active
[You] Eustass "Captain" Kid ["OP10-099">OP10-099]: Killer ["ST36-002">ST36-002] Gains Blocker
[] Hand: [OP15-105,OP10-112,OP11-101]
[] Board: [ST36-002,ST36-002]
[] Trash: [ST36-001,OP10-116,P-088,OP13-116]
[] Life: 8
[] Hand: [OP13-082,OP13-084,OP13-082,OP13-098,OP13-082,OP13-082]
[] Trash: [OP13-080,OP13-091,OP13-092,OP14-096,OP13-089,OP13-084,OP13-086,OP13-080,OP05-097,OP13-096,OP13-091,OP13-083,OP13-092,OP13-098]
[] Board: [OP16-093,OP16-093]
[] Life: 2
[You] End Turn
[] Hand: [OP13-082,OP13-084,OP13-082,OP13-098,OP13-082,OP13-082]
[] Board: [OP16-093,OP16-093]
[] Trash: [OP13-080,OP13-091,OP13-092,OP14-096,OP13-089,OP13-084,OP13-086,OP13-080,OP05-097,OP13-096,OP13-091,OP13-083,OP13-092,OP13-098]
[] Life: 2
[] Hand: [OP15-105,OP10-112,OP11-101]
[] Trash: [ST36-001,OP10-116,P-088,OP13-116]
[] Board: [ST36-002,ST36-002]
[] Life: 8
RZ1|256|2|Don|9|9900|5|0|1|1|1|0|0
RZ1|CHK|256|2|25|6|2|2|4|5|14|1|1|1
RZ1|257|2|Don|9|0|5|0|1|1|1|0|0
RZ1|CHK|257|2|25|6|2|2|4|6|14|1|1|0
[Opponent] Draw 1 Card
[] Drew card from deck: St. Ethanbaron V. Nusjuro ["OP13-080">OP13-080]
RZ1|258|2|OP13-080|0|24|1|6|1|1|0|0|0
RZ1|CHK|258|2|24|7|2|2|4|6|14|1|1|0
RZ1|259|2|Don|4|3|5|6|1|1|0|0|0
RZ1|CHK|259|2|24|7|2|2|3|7|14|1|1|0
RZ1|260|2|Don|4|2|5|7|1|1|0|0|0
RZ1|CHK|260|2|24|7|2|2|2|8|14|1|1|0
[Opponent] Draw 2 Don
[Opponent] The Empty Throne ["OP13-099">OP13-099]: Rest 3 Don
RZ1|261|2|Don|5|0|5|0|1|1|1|0|0
RZ1|CHK|261|2|24|7|2|2|2|8|14|1|1|0
RZ1|262|2|Don|5|1|5|1|1|1|1|0|0
RZ1|CHK|262|2|24|7|2|2|2|8|14|1|1|0
RZ1|263|2|Don|5|2|5|2|1|1|1|0|0
RZ1|CHK|263|2|24|7|2|2|2|8|14|1|1|0
[Opponent] The Empty Throne ["OP13-099">OP13-099]: Rest The Empty Throne ["OP13-099">OP13-099]
RZ1|264|2|OP13-084|1|1|2|2|1|1|0|2000|0
RZ1|CHK|264|2|24|6|3|2|2|8|14|1|1|0
[Opponent] The Empty Throne ["OP13-099">OP13-099]: Deploy St. Shepherd Ju Peter ["OP13-084">OP13-084]
RZ1|265|2|OP13-080|1|5|6|14|1|1|0|0|0
RZ1|CHK|265|2|24|5|3|2|2|8|15|1|1|0
[Opponent] Imu ["OP13-079">OP13-079]: Trash St. Ethanbaron V. Nusjuro ["OP13-080">OP13-080]
[] Drew card from deck: St. Topman Warcury ["OP13-089">OP13-089]
RZ1|266|2|OP13-089|0|23|1|5|1|1|0|0|0
RZ1|CHK|266|2|23|6|3|2|2|8|15|1|1|0
[Opponent] Imu ["OP13-079">OP13-079]: Draw 1 Card
RZ1|267|2|Don|5|3|9|9900|1|1|0|0|0
RZ1|CHK|267|2|23|6|3|2|2|7|15|1|1|1
RZ1|268|2|Don|5|3|9|9901|1|1|0|0|0
RZ1|CHK|268|2|23|6|3|2|2|6|15|1|1|2
RZ1|269|2|Don|5|3|9|9902|1|1|0|0|0
RZ1|CHK|269|2|23|6|3|2|2|5|15|1|1|3
[Opponent] Attach 3 Don to Imu ["OP13-079">OP13-079] (3 Total)
[Opponent] Imu ["OP13-079">OP13-079] attacking Eustass "Captain" Kid ["OP10-099">OP10-099]
Imu ["OP13-079">OP13-079][8000] vs Eustass "Captain" Kid ["OP10-099">OP10-099][5000]
Eustass "Captain" Kid ["OP10-099">OP10-099] hit for 1 damage
RZ1|270|1|OP10-112|3|7|1|3|1|1|0|0|0
RZ1|CHK|270|1|33|4|2|7|3|5|4|0|1|2
RZ1|271|2|Don|5|3|9|0|1|1|0|0|0
RZ1|CHK|271|2|23|6|3|2|2|4|15|1|1|4
[Opponent] Attach 1 Don to Bartholomew Kuma ["OP16-093">OP16-093] (1 Total)
[Opponent] Bartholomew Kuma ["OP16-093">OP16-093] attacking Eustass "Captain" Kid ["OP10-099">OP10-099]
[You] Killer ["ST36-002">ST36-002] Blocks
Bartholomew Kuma ["OP16-093">OP16-093][5000] vs Killer ["ST36-002">ST36-002][6000]
Attack Fails
RZ1|272|2|Don|5|3|9|100|1|1|0|0|0
RZ1|CHK|272|2|23|6|3|2|2|3|15|1|1|5
[Opponent] Attach 1 Don to Bartholomew Kuma ["OP16-093">OP16-093] (1 Total)
[Opponent] Bartholomew Kuma ["OP16-093">OP16-093] attacking Eustass "Captain" Kid ["OP10-099">OP10-099]
[You] Discard Capone "Gang" Bege ["OP11-101">OP11-101] for Counter 1000
RZ1|273|1|OP11-101|1|2|6|4|1|1|0|0|0
RZ1|CHK|273|1|33|3|2|7|3|5|5|0|1|2
Bartholomew Kuma ["OP16-093">OP16-093][5000] vs Eustass "Captain" Kid ["OP10-099">OP10-099][6000]
Attack Fails
[] Hand: [OP13-082,OP13-082,OP13-098,OP13-082,OP13-082,OP13-089]
[] Board: [OP16-093,OP16-093,OP13-084]
[] Trash: [OP13-080,OP13-091,OP13-092,OP14-096,OP13-089,OP13-084,OP13-086,OP13-080,OP05-097,OP13-096,OP13-091,OP13-083,OP13-092,OP13-098,OP13-080]
[] Life: 2
[] Hand: [OP15-105,OP10-112,OP10-112]
[] Trash: [ST36-001,OP10-116,P-088,OP13-116,OP11-101]
[] Board: [ST36-002,ST36-002]
[] Life: 7
[Opponent] End Turn
[] Hand: [OP15-105,OP10-112,OP10-112]
[] Board: [ST36-002,ST36-002]
[] Trash: [ST36-001,OP10-116,P-088,OP13-116,OP11-101]
[] Life: 7
[] Hand: [OP13-082,OP13-082,OP13-098,OP13-082,OP13-082,OP13-089]
[] Trash: [OP13-080,OP13-091,OP13-092,OP14-096,OP13-089,OP13-084,OP13-086,OP13-080,OP05-097,OP13-096,OP13-091,OP13-083,OP13-092,OP13-098,OP13-080]
[] Board: [OP16-093,OP16-093,OP13-084]
[] Life: 2
RZ1|274|1|Don|9|9900|5|0|1|1|1|0|0
RZ1|CHK|274|1|33|3|2|7|3|6|5|0|1|1
RZ1|275|1|Don|9|0|5|0|1|1|1|0|0
RZ1|CHK|275|1|33|3|2|7|3|7|5|0|1|0
[You] Draw 1 Card
[] Drew card from deck: Trafalgar Law ["P-088">P-088]
RZ1|276|1|P-088|0|32|1|3|1|1|0|0|0
RZ1|CHK|276|1|32|4|2|7|3|7|5|0|1|0
RZ1|277|1|Don|4|2|5|7|1|1|0|0|0
RZ1|CHK|277|1|32|4|2|7|2|8|5|0|1|0
RZ1|278|1|Don|4|1|5|8|1|1|0|0|0
RZ1|CHK|278|1|32|4|2|7|1|9|5|0|1|0
[You] Draw 2 Don
RZ1|279|1|Don|5|0|5|0|1|1|1|0|0
RZ1|CHK|279|1|32|4|2|7|1|9|5|0|1|0
RZ1|280|1|Don|5|1|5|1|1|1|1|0|0
RZ1|CHK|280|1|32|4|2|7|1|9|5|0|1|0
RZ1|281|1|Don|5|2|5|2|1|1|1|0|0
RZ1|CHK|281|1|32|4|2|7|1|9|5|0|1|0
RZ1|282|1|Don|5|3|5|3|1|1|1|0|0
RZ1|CHK|282|1|32|4|2|7|1|9|5|0|1|0
RZ1|283|1|Don|5|4|5|4|1|1|1|0|0
RZ1|CHK|283|1|32|4|2|7|1|9|5|0|1|0
RZ1|284|1|Don|5|5|5|5|1|1|1|0|0
RZ1|CHK|284|1|32|4|2|7|1|9|5|0|1|0
RZ1|285|1|Don|5|6|5|6|1|1|1|0|0
RZ1|CHK|285|1|32|4|2|7|1|9|5|0|1|0
RZ1|286|1|Don|5|7|5|7|1|1|1|0|0
RZ1|CHK|286|1|32|4|2|7|1|9|5|0|1|0
[You] Deploy Eustass "Captain" Kid ["OP10-112">OP10-112]
RZ1|287|1|OP10-112|1|2|2|2|1|1|0|0|0
RZ1|CHK|287|1|32|3|3|7|1|9|5|0|1|0
[You] Eustass "Captain" Kid ["OP10-112">OP10-112]: Rest Eustass "Captain" Kid ["OP10-112">OP10-112]
[You] Eustass "Captain" Kid ["OP10-112">OP10-112]: Trash 1 Life
Trash St. Marcus Mars ["OP13-091">OP13-091] from Life
RZ1|288|2|OP13-091|3|1|6|15|1|1|0|0|0
RZ1|CHK|288|2|23|6|3|1|2|3|16|1|1|5
[You] Killer ["ST36-002">ST36-002] attacking Imu ["OP13-079">OP13-079]
Killer ["ST36-002">ST36-002][6000] vs Imu ["OP13-079">OP13-079][5000]
Imu ["OP13-079">OP13-079] hit for 1 damage
RZ1|289|2|OP13-083|3|0|1|6|1|1|0|0|0
RZ1|CHK|289|2|23|7|3|0|2|3|16|1|1|5
[You] Killer ["ST36-002">ST36-002] attacking Imu ["OP13-079">OP13-079]
[Opponent] Discard St. Jaygarcia Saturn ["OP13-083">OP13-083] for Counter 1000
RZ1|290|2|OP13-083|1|6|6|16|1|1|0|0|0
RZ1|CHK|290|2|23|6|3|0|2|3|17|1|1|5
[Opponent] Discard St. Topman Warcury ["OP13-089">OP13-089] for Counter 1000
RZ1|291|2|OP13-089|1|5|6|17|1|1|0|0|0
RZ1|CHK|291|2|23|5|3|0|2|3|18|1|1|5
Killer ["ST36-002">ST36-002][6000] vs Imu ["OP13-079">OP13-079][7000]
Attack Fails
[You] Attach 1 Don to Eustass "Captain" Kid ["OP10-099">OP10-099] (1 Total)
RZ1|292|1|Don|5|8|9|9900|1|1|0|0|0
RZ1|CHK|292|1|32|3|3|7|1|8|5|0|1|1
[You] Eustass "Captain" Kid ["OP10-099">OP10-099] attacking Imu ["OP13-079">OP13-079]
Eustass "Captain" Kid ["OP10-099">OP10-099][6000] vs Imu ["OP13-079">OP13-079][5000]
Imu ["OP13-079">OP13-079] hit for 1 damage
[Opponent] <b>Downloaded the Combat Log!</b>
GameOver
