Version is 1.41b.40
[You] Leader is Eustass "Captain" Kid ["OP10-099">OP10-099]
RZ1|HDR|1.41b|2|RZ1
RZ1|PLY|1||OP10-099
RZ1|PLY|2||
[Opponent] Leader is Charlotte Katakuri ["OP11-062">OP11-062]
RZ1|1|2|ST34-004|0|39|0|0|0|0|0|0|0
RZ1|CHK|1|2|50|0|0|0|10|0|0|0|1|0
RZ1|2|2|ST34-003|0|9|0|1|0|0|0|0|0
RZ1|CHK|2|2|50|0|0|0|10|0|0|0|1|0
RZ1|3|2|ST34-005|0|14|0|2|0|0|0|0|0
RZ1|CHK|3|2|50|0|0|0|10|0|0|0|1|0
RZ1|4|2|ST34-003|0|11|0|3|0|0|0|0|0
RZ1|CHK|4|2|50|0|0|0|10|0|0|0|1|0
RZ1|5|2|ST34-005|0|16|0|4|0|0|0|0|0
RZ1|CHK|5|2|50|0|0|0|10|0|0|0|1|0
RZ1|6|2|ST18-001|0|14|0|5|0|0|0|0|0
RZ1|CHK|6|2|50|0|0|0|10|0|0|0|1|0
RZ1|7|2|ST34-001|0|22|0|6|0|0|0|0|0
RZ1|CHK|7|2|50|0|0|0|10|0|0|0|1|0
RZ1|8|2|ST34-003|0|14|0|7|0|0|0|0|0
RZ1|CHK|8|2|50|0|0|0|10|0|0|0|1|0
RZ1|9|2|OP15-078|0|45|0|8|0|0|0|0|0
RZ1|CHK|9|2|50|0|0|0|10|0|0|0|1|0
RZ1|10|2|OP11-070|0|11|0|9|0|0|0|0|0
RZ1|CHK|10|2|50|0|0|0|10|0|0|0|1|0
RZ1|11|2|PRB02-010|0|27|0|10|0|0|0|0|0
RZ1|CHK|11|2|50|0|0|0|10|0|0|0|1|0
RZ1|12|2|ST34-001|0|25|0|11|0|0|0|0|0
RZ1|CHK|12|2|50|0|0|0|10|0|0|0|1|0
RZ1|13|2|ST34-002|0|22|0|12|0|0|0|0|0
RZ1|CHK|13|2|50|0|0|0|10|0|0|0|1|0
RZ1|14|2|PRB02-010|0|28|0|13|0|0|0|0|0
RZ1|CHK|14|2|50|0|0|0|10|0|0|0|1|0
RZ1|15|2|OP11-073|0|38|0|14|0|0|0|0|0
RZ1|CHK|15|2|50|0|0|0|10|0|0|0|1|0
RZ1|16|2|OP11-067|0|33|0|15|0|0|0|0|0
RZ1|CHK|16|2|50|0|0|0|10|0|0|0|1|0
RZ1|17|2|OP11-067|0|35|0|16|0|0|0|0|0
RZ1|CHK|17|2|50|0|0|0|10|0|0|0|1|0
RZ1|18|2|ST34-005|0|26|0|17|0|0|0|0|0
RZ1|CHK|18|2|50|0|0|0|10|0|0|0|1|0
RZ1|19|2|ST34-003|0|24|0|18|0|0|0|0|0
RZ1|CHK|19|2|50|0|0|0|10|0|0|0|1|0
RZ1|20|2|ST34-002|0|28|0|19|0|0|0|0|0
RZ1|CHK|20|2|50|0|0|0|10|0|0|0|1|0
RZ1|21|2|ST34-002|0|28|0|20|0|0|0|0|0
RZ1|CHK|21|2|50|0|0|0|10|0|0|0|1|0
RZ1|22|2|OP07-077|0|49|0|21|0|0|0|0|0
RZ1|CHK|22|2|50|0|0|0|10|0|0|0|1|0
RZ1|23|2|OP11-070|0|24|0|22|0|0|0|0|0
RZ1|CHK|23|2|50|0|0|0|10|0|0|0|1|0
RZ1|24|2|OP15-078|0|45|0|23|0|0|0|0|0
RZ1|CHK|24|2|50|0|0|0|10|0|0|0|1|0
RZ1|25|2|OP07-077|0|47|0|24|0|0|0|0|0
RZ1|CHK|25|2|50|0|0|0|10|0|0|0|1|0
RZ1|26|2|PRB02-010|0|36|0|25|0|0|0|0|0
RZ1|CHK|26|2|50|0|0|0|10|0|0|0|1|0
RZ1|27|2|OP15-078|0|47|0|26|0|0|0|0|0
RZ1|CHK|27|2|50|0|0|0|10|0|0|0|1|0
RZ1|28|2|PRB02-010|0|37|0|27|0|0|0|0|0
RZ1|CHK|28|2|50|0|0|0|10|0|0|0|1|0
RZ1|29|2|OP15-069|0|30|0|28|0|0|0|0|0
RZ1|CHK|29|2|50|0|0|0|10|0|0|0|1|0
RZ1|30|2|ST34-004|0|44|0|29|0|0|0|0|0
RZ1|CHK|30|2|50|0|0|0|10|0|0|0|1|0
RZ1|31|2|OP11-067|0|39|0|30|0|0|0|0|0
RZ1|CHK|31|2|50|0|0|0|10|0|0|0|1|0
RZ1|32|2|OP11-070|0|32|0|31|0|0|0|0|0
RZ1|CHK|32|2|50|0|0|0|10|0|0|0|1|0
RZ1|33|2|OP08-069|0|43|0|32|0|0|0|0|0
RZ1|CHK|33|2|50|0|0|0|10|0|0|0|1|0
RZ1|34|2|OP11-067|0|41|0|33|0|0|0|0|0
RZ1|CHK|34|2|50|0|0|0|10|0|0|0|1|0
RZ1|35|2|OP07-077|0|48|0|34|0|0|0|0|0
RZ1|CHK|35|2|50|0|0|0|10|0|0|0|1|0
RZ1|36|2|ST34-001|0|41|0|35|0|0|0|0|0
RZ1|CHK|36|2|50|0|0|0|10|0|0|0|1|0
RZ1|37|2|OP07-077|0|49|0|36|0|0|0|0|0
RZ1|CHK|37|2|50|0|0|0|10|0|0|0|1|0
RZ1|38|2|OP15-069|0|39|0|38|0|0|0|0|0
RZ1|CHK|38|2|50|0|0|0|10|0|0|0|1|0
RZ1|39|2|OP15-078|0|49|0|39|0|0|0|0|0
RZ1|CHK|39|2|50|0|0|0|10|0|0|0|1|0
RZ1|40|2|ST34-001|0|44|0|40|0|0|0|0|0
RZ1|CHK|40|2|50|0|0|0|10|0|0|0|1|0
RZ1|41|2|OP13-076|0|49|0|41|0|0|0|0|0
RZ1|CHK|41|2|50|0|0|0|10|0|0|0|1|0
RZ1|42|2|ST34-004|0|49|0|43|0|0|0|0|0
RZ1|CHK|42|2|50|0|0|0|10|0|0|0|1|0
RZ1|43|2|OP08-069|0|48|0|44|0|0|0|0|0
RZ1|CHK|43|2|50|0|0|0|10|0|0|0|1|0
RZ1|44|2|ST34-002|0|47|0|45|0|0|0|0|0
RZ1|CHK|44|2|50|0|0|0|10|0|0|0|1|0
RZ1|45|2|ST34-005|0|47|0|46|0|0|0|0|0
RZ1|CHK|45|2|50|0|0|0|10|0|0|0|1|0
RZ1|46|2|ST34-004|0|49|0|48|0|0|0|0|0
RZ1|CHK|46|2|50|0|0|0|10|0|0|0|1|0
[] Drew card from deck: Monkey D. Luffy ["OP10-111">OP10-111]
RZ1|47|1|OP10-111|0|49|1|0|1|1|0|0|0
RZ1|CHK|47|1|49|1|0|0|10|0|0|0|1|0
[] Drew card from deck: Scratchmen Apoo ["ST36-003">ST36-003]
RZ1|48|1|ST36-003|0|48|1|1|1|1|0|0|0
RZ1|CHK|48|1|48|2|0|0|10|0|0|0|1|0
[] Drew card from deck: Trafalgar Law ["OP10-119">OP10-119]
RZ1|49|1|OP10-119|0|47|1|2|1|1|0|0|0
RZ1|CHK|49|1|47|3|0|0|10|0|0|0|1|0
[] Drew card from deck: Trafalgar Law ["P-088">P-088]
RZ1|50|1|P-088|0|46|1|3|1|1|0|0|0
RZ1|CHK|50|1|46|4|0|0|10|0|0|0|1|0
[] Drew card from deck: Slam Gibson ["OP12-117">OP12-117]
RZ1|51|1|OP12-117|0|45|1|4|1|1|0|0|0
RZ1|CHK|51|1|45|5|0|0|10|0|0|0|1|0
[] Drew card from deck: Charlotte Linlin ["OP08-069">OP08-069]
RZ1|52|2|OP08-069|0|49|1|0|1|1|0|0|0
RZ1|CHK|52|2|49|1|0|0|10|0|0|0|1|0
[] Drew card from deck: Charlotte Linlin ["ST34-004">ST34-004]
RZ1|53|2|ST34-004|0|48|1|1|1|1|0|0|0
RZ1|CHK|53|2|48|2|0|0|10|0|0|0|1|0
[] Drew card from deck: Usohachi ["ST18-001">ST18-001]
RZ1|54|2|ST18-001|0|47|1|2|1|1|0|0|0
RZ1|CHK|54|2|47|3|0|0|10|0|0|0|1|0
[] Drew card from deck: Baron Tamago & Pekoms ["ST34-005">ST34-005]
RZ1|55|2|ST34-005|0|46|1|3|1|1|0|0|0
RZ1|CHK|55|2|46|4|0|0|10|0|0|0|1|0
[] Drew card from deck: Charlotte Cracker ["ST34-002">ST34-002]
RZ1|56|2|ST34-002|0|45|1|4|1|1|0|0|0
RZ1|CHK|56|2|45|5|0|0|10|0|0|0|1|0
RZ1|57|1|ST36-004|0|44|3|0|1|0|0|0|0
RZ1|CHK|57|1|44|5|0|1|10|0|0|0|1|0
RZ1|58|1|OP10-109|0|43|3|1|1|0|0|0|0
RZ1|CHK|58|1|43|5|0|2|10|0|0|0|1|0
RZ1|59|1|ST36-005|0|42|3|2|1|0|0|0|0
RZ1|CHK|59|1|42|5|0|3|10|0|0|0|1|0
RZ1|60|1|ST36-003|0|41|3|3|1|0|0|0|0
RZ1|CHK|60|1|41|5|0|4|10|0|0|0|1|0
RZ1|61|1|P-088|0|40|3|4|1|0|0|0|0
RZ1|CHK|61|1|40|5|0|5|10|0|0|0|1|0
RZ1|62|2|OP08-069|0|44|3|0|0|1|0|0|0
RZ1|CHK|62|2|44|5|0|1|10|0|0|0|1|0
RZ1|63|2|ST34-004|0|43|3|1|0|1|0|0|0
RZ1|CHK|63|2|43|5|0|2|10|0|0|0|1|0
RZ1|64|2|OP15-069|0|42|3|2|0|1|0|0|0
RZ1|CHK|64|2|42|5|0|3|10|0|0|0|1|0
RZ1|65|2|OP13-076|0|41|3|3|0|1|0|0|0
RZ1|CHK|65|2|41|5|0|4|10|0|0|0|1|0
RZ1|66|2|ST34-001|0|40|3|4|0|1|0|0|0
RZ1|CHK|66|2|40|5|0|5|10|0|0|0|1|0
[] Hand: [OP10-111,ST36-003,OP10-119,P-088,OP12-117]
[] Board: []
[] Trash: []
[] Life: 5
[] Hand: [OP08-069,ST34-004,ST18-001,ST34-005,ST34-002]
[] Trash: []
[] Board: []
[] Life: 5
RZ1|67|1|Don|4|9|5|0|1|1|0|0|0
RZ1|CHK|67|1|40|5|0|5|9|1|0|0|1|0
[You] Draw 1 Don
RZ1|68|1|Don|5|0|5|0|1|1|1|0|0
RZ1|CHK|68|1|40|5|0|5|9|1|0|0|1|0
[You] Deploy Monkey D. Luffy ["OP10-111">OP10-111]
RZ1|69|1|OP10-111|1|0|2|0|1|1|0|0|0
RZ1|CHK|69|1|40|4|1|5|9|1|0|0|1|0
RZ1|70|1|ST36-002|0|35|1|4|1|1|0|0|0
RZ1|CHK|70|1|39|5|1|5|9|1|0|0|1|0
[You] Monkey D. Luffy ["OP10-111">OP10-111]: <b>Reveal and Draw Killer ["ST36-002">ST36-002]</b>
[You] Placing Cards on Bottom of Deck
RZ1|71|1|OP10-114|0|38|0|0|0|0|0|0|0
RZ1|CHK|71|1|39|5|1|5|9|1|0|0|1|0
RZ1|72|1|ST36-004|0|38|0|0|0|0|0|0|0
RZ1|CHK|72|1|39|5|1|5|9|1|0|0|1|0
RZ1|73|1|ST36-005|0|38|0|0|0|0|0|0|0
RZ1|CHK|73|1|39|5|1|5|9|1|0|0|1|0
RZ1|74|1|OP15-105|0|38|0|0|0|0|0|0|0
RZ1|CHK|74|1|39|5|1|5|9|1|0|0|1|0
[] Hand: [ST36-003,OP10-119,P-088,OP12-117,ST36-002]
[] Board: [OP10-111]
[] Trash: []
[] Life: 5
[] Hand: [OP08-069,ST34-004,ST18-001,ST34-005,ST34-002]
[] Trash: []
[] Board: []
[] Life: 5
[You] End Turn
[] Hand: [OP08-069,ST34-004,ST18-001,ST34-005,ST34-002]
[] Board: []
[] Trash: []
[] Life: 5
[] Hand: [ST36-003,OP10-119,P-088,OP12-117,ST36-002]
[] Trash: []
[] Board: [OP10-111]
[] Life: 5
[Opponent] Draw 1 Card
[] Drew card from deck: Mamaragan ["OP15-078">OP15-078]
RZ1|75|2|OP15-078|0|39|1|5|1|1|0|0|0
RZ1|CHK|75|2|39|6|0|5|10|0|0|0|1|0
RZ1|76|2|Don|4|9|5|0|1|1|0|0|0
RZ1|CHK|76|2|39|6|0|5|9|1|0|0|1|0
RZ1|77|2|Don|4|8|5|1|1|1|0|0|0
RZ1|CHK|77|2|39|6|0|5|8|2|0|0|1|0
[Opponent] Draw 2 Don
RZ1|78|2|OP15-078|1|5|6|0|1|1|0|0|0
RZ1|CHK|78|2|39|5|0|5|8|2|1|0|1|0
RZ1|79|2|Don|5|0|4|8|1|1|0|0|0
RZ1|CHK|79|2|39|5|0|5|9|1|1|0|1|0
RZ1|80|2|Don|5|0|4|9|1|1|0|0|0
RZ1|CHK|80|2|39|5|0|5|10|0|1|0|1|0
[Opponent] Mamaragan ["OP15-078">OP15-078]: Minus 2 Don
[] Drew card from deck: Nola ["OP15-069">OP15-069]
RZ1|81|2|OP15-069|0|38|1|5|1|1|0|0|0
RZ1|CHK|81|2|38|6|0|5|10|0|1|0|1|0
[Opponent] Mamaragan ["OP15-078">OP15-078]: Draw 1 Card
[Opponent] Mamaragan ["OP15-078">OP15-078]: Rest Monkey D. Luffy ["OP10-111">OP10-111]
[] Hand: [OP08-069,ST34-004,ST18-001,ST34-005,ST34-002,OP15-069]
[] Board: []
[] Trash: [OP15-078]
[] Life: 5
[] Hand: [ST36-003,OP10-119,P-088,OP12-117,ST36-002]
[] Trash: []
[] Board: [OP10-111]
[] Life: 5
[Opponent] End Turn
[] Hand: [ST36-003,OP10-119,P-088,OP12-117,ST36-002]
[] Board: [OP10-111]
[] Trash: []
[] Life: 5
[] Hand: [OP08-069,ST34-004,ST18-001,ST34-005,ST34-002,OP15-069]
[] Trash: [OP15-078]
[] Board: []
[] Life: 5
[You] Draw 1 Card
[] Drew card from deck: Eustass "Captain" Kid ["OP10-112">OP10-112]
RZ1|82|1|OP10-112|0|38|1|5|1|1|0|0|0
RZ1|CHK|82|1|38|6|1|5|9|1|0|0|1|0
RZ1|83|1|Don|4|8|5|1|1|1|0|0|0
RZ1|CHK|83|1|38|6|1|5|8|2|0|0|1|0
RZ1|84|1|Don|4|7|5|2|1|1|0|0|0
RZ1|CHK|84|1|38|6|1|5|7|3|0|0|1|0
[You] Draw 2 Don
[You] Attach 3 Don to Monkey D. Luffy ["OP10-111">OP10-111] (3 Total)
RZ1|85|1|Don|5|2|9|0|1|1|0|0|0
RZ1|CHK|85|1|38|6|1|5|7|2|0|0|1|1
RZ1|86|1|Don|5|1|9|1|1|1|0|0|0
RZ1|CHK|86|1|38|6|1|5|7|1|0|0|1|2
RZ1|87|1|Don|5|0|9|2|1|1|0|0|0
RZ1|CHK|87|1|38|6|1|5|7|0|0|0|1|3
[You] Monkey D. Luffy ["OP10-111">OP10-111] attacking Charlotte Katakuri ["OP11-062">OP11-062]
Monkey D. Luffy ["OP10-111">OP10-111][5000] vs Charlotte Katakuri ["OP11-062">OP11-062][5000]
Charlotte Katakuri ["OP11-062">OP11-062] hit for 1 damage
RZ1|88|2|ST34-001|3|4|1|6|1|1|0|0|0
RZ1|CHK|88|2|38|7|0|4|10|0|1|0|1|0
[You] Eustass "Captain" Kid ["OP10-099">OP10-099] attacking Charlotte Katakuri ["OP11-062">OP11-062]
Eustass "Captain" Kid ["OP10-099">OP10-099][5000] vs Charlotte Katakuri ["OP11-062">OP11-062][5000]
Charlotte Katakuri ["OP11-062">OP11-062] hit for 1 damage
RZ1|89|2|OP13-076|3|3|1|7|1|1|0|0|0
RZ1|CHK|89|2|38|8|0|3|10|0|1|0|1|0
[] Hand: [ST36-003,OP10-119,P-088,OP12-117,ST36-002,OP10-112]
[] Board: [OP10-111]
[] Trash: []
[] Life: 5
[] Hand: [OP08-069,ST34-004,ST18-001,ST34-005,ST34-002,OP15-069,ST34-001,OP13-076]
[] Trash: [OP15-078]
[] Board: []
[] Life: 3
[You] End Turn
[] Hand: [OP08-069,ST34-004,ST18-001,ST34-005,ST34-002,OP15-069,ST34-001,OP13-076]
[] Board: []
[] Trash: [OP15-078]
[] Life: 3
[] Hand: [ST36-003,OP10-119,P-088,OP12-117,ST36-002,OP10-112]
[] Trash: []
[] Board: [OP10-111]
[] Life: 5
[Opponent] Draw 1 Card
[] Drew card from deck: Charlotte Pudding ["OP11-070">OP11-070]
RZ1|90|2|OP11-070|0|37|1|8|1|1|0|0|0
RZ1|CHK|90|2|37|9|0|3|10|0|1|0|1|0
RZ1|91|2|Don|4|9|5|0|1|1|0|0|0
RZ1|CHK|91|2|37|9|0|3|9|1|1|0|1|0
RZ1|92|2|Don|4|8|5|1|1|1|0|0|0
RZ1|CHK|92|2|37|9|0|3|8|2|1|0|1|0
[Opponent] Draw 2 Don
[Opponent] Charlotte Katakuri ["OP11-062">OP11-062] attacking Monkey D. Luffy ["OP10-111">OP10-111]
RZ1|93|2|Don|5|0|4|8|1|1|0|0|0
RZ1|CHK|93|2|37|9|0|3|9|1|1|0|1|0
[Opponent] Charlotte Katakuri ["OP11-062">OP11-062]: Minus 1 Don
[Opponent] Charlotte Katakuri ["OP11-062">OP11-062]: <b>Looked at opponent's top deck</b>
[Opponent] Charlotte Katakuri ["OP11-062">OP11-062]: <b>Finished looking at opponent's top deck</b>
[Opponent] Charlotte Katakuri ["OP11-062">OP11-062]: Buff Charlotte Katakuri ["OP11-062">OP11-062] 1000 for the Combat
Charlotte Katakuri ["OP11-062">OP11-062][6000] vs Monkey D. Luffy ["OP10-111">OP10-111][2000]
[You] Monkey D. Luffy ["OP10-111">OP10-111] Destroyed
RZ1|94|1|Don|9|0|5|0|1|1|1|0|0
RZ1|CHK|94|1|38|6|1|5|7|1|0|0|1|2
RZ1|95|1|Don|9|0|5|0|1|1|1|0|0
RZ1|CHK|95|1|38|6|1|5|7|2|0|0|1|1
RZ1|96|1|Don|9|0|5|0|1|1|1|0|0
RZ1|CHK|96|1|38|6|1|5|7|3|0|0|1|0
RZ1|97|1|OP10-111|2|0|6|0|1|1|0|0|0
RZ1|CHK|97|1|38|6|0|5|7|3|1|0|1|0
RZ1|98|2|Don|5|0|5|0|1|1|1|0|0
RZ1|CHK|98|2|37|9|0|3|9|1|1|0|1|0
[Opponent] Deploy Charlotte Pudding ["OP11-070">OP11-070]
RZ1|99|2|OP11-070|1|8|2|0|1|1|0|0|0
RZ1|CHK|99|2|37|8|1|3|9|1|1|0|1|0
RZ1|100|2|OP11-067|0|33|1|8|1|1|0|0|0
RZ1|CHK|100|2|36|9|1|3|9|1|1|0|1|0
[Opponent] Charlotte Pudding ["OP11-070">OP11-070]: <b>Reveal and Draw Charlotte Katakuri ["OP11-067">OP11-067]</b>
[Opponent] Placing Cards on Bottom of Deck
RZ1|101|2|OP07-077|0|35|0|0|0|0|0|0|0
RZ1|CHK|101|2|36|9|1|3|9|1|1|0|1|0
RZ1|102|2|ST34-001|0|35|0|0|0|0|0|0|0
RZ1|CHK|102|2|36|9|1|3|9|1|1|0|1|0
RZ1|103|2|OP07-077|0|35|0|0|0|0|0|0|0
RZ1|CHK|103|2|36|9|1|3|9|1|1|0|1|0
RZ1|104|2|OP08-069|0|35|0|0|0|0|0|0|0
RZ1|CHK|104|2|36|9|1|3|9|1|1|0|1|0
[] Hand: [OP08-069,ST34-004,ST18-001,ST34-005,ST34-002,OP15-069,ST34-001,OP13-076,OP11-067]
[] Board: [OP11-070]
[] Trash: [OP15-078]
[] Life: 3
[] Hand: [ST36-003,OP10-119,P-088,OP12-117,ST36-002,OP10-112]
[] Trash: [OP10-111]
[] Board: []
[] Life: 5
[Opponent] End Turn
[] Hand: [ST36-003,OP10-119,P-088,OP12-117,ST36-002,OP10-112]
[] Board: []
[] Trash: [OP10-111]
[] Life: 5
[] Hand: [OP08-069,ST34-004,ST18-001,ST34-005,ST34-002,OP15-069,ST34-001,OP13-076,OP11-067]
[] Trash: [OP15-078]
[] Board: [OP11-070]
[] Life: 3
[You] Draw 1 Card
[] Drew card from deck: Killer ["ST36-002">ST36-002]
RZ1|105|1|ST36-002|0|37|1|6|1|1|0|0|0
RZ1|CHK|105|1|37|7|0|5|7|3|1|0|1|0
RZ1|106|1|Don|4|6|5|3|1|1|0|0|0
RZ1|CHK|106|1|37|7|0|5|6|4|1|0|1|0
RZ1|107|1|Don|4|5|5|4|1|1|0|0|0
RZ1|CHK|107|1|37|7|0|5|5|5|1|0|1|0
[You] Draw 2 Don
RZ1|108|1|Don|5|0|5|0|1|1|1|0|0
RZ1|CHK|108|1|37|7|0|5|5|5|1|0|1|0
RZ1|109|1|Don|5|1|5|1|1|1|1|0|0
RZ1|CHK|109|1|37|7|0|5|5|5|1|0|1|0
RZ1|110|1|Don|5|2|5|2|1|1|1|0|0
RZ1|CHK|110|1|37|7|0|5|5|5|1|0|1|0
RZ1|111|1|Don|5|3|5|3|1|1|1|0|0
RZ1|CHK|111|1|37|7|0|5|5|5|1|0|1|0
[You] Deploy Killer ["ST36-002">ST36-002]
RZ1|112|1|ST36-002|1|6|2|0|1|1|0|0|0
RZ1|CHK|112|1|37|6|1|5|5|5|1|0|1|0
[You] Killer ["ST36-002">ST36-002]: Add card to top of Life from Deck
RZ1|113|1|P-088|0|36|3|5|1|0|0|0|0
RZ1|CHK|113|1|36|6|1|6|5|5|1|0|1|0
[You] Attach 1 Don to Eustass "Captain" Kid ["OP10-099">OP10-099] (1 Total)
RZ1|114|1|Don|5|4|9|9900|1|1|0|0|0
RZ1|CHK|114|1|36|6|1|6|5|4|1|0|1|1
[You] Eustass "Captain" Kid ["OP10-099">OP10-099] attacking Charlotte Katakuri ["OP11-062">OP11-062]
RZ1|115|2|Don|5|0|4|9|1|1|0|0|0
RZ1|CHK|115|2|36|9|1|3|10|0|1|0|1|0
[Opponent] Charlotte Katakuri ["OP11-062">OP11-062]: Minus 1 Don
[Opponent] Charlotte Katakuri ["OP11-062">OP11-062]: <b>Looked at opponent's top deck</b>
[Opponent] Charlotte Katakuri ["OP11-062">OP11-062]: <b>Finished looking at opponent's top deck</b>
[Opponent] Charlotte Katakuri ["OP11-062">OP11-062]: Buff Charlotte Katakuri ["OP11-062">OP11-062] 1000 for the Combat
[Opponent] Discard Nola ["OP15-069">OP15-069] for Counter 2000
RZ1|116|2|OP15-069|1|5|6|1|1|1|0|0|0
RZ1|CHK|116|2|36|8|1|3|10|0|2|0|1|0
Eustass "Captain" Kid ["OP10-099">OP10-099][6000] vs Charlotte Katakuri ["OP11-062">OP11-062][8000]
Attack Fails
[You] Eustass "Captain" Kid ["OP10-099">OP10-099]: Flip 1 Life Face Up
RZ1|117|1|P-088|3|5|3|5|1|1|0|0|0
RZ1|CHK|117|1|36|6|1|6|5|4|1|0|1|1
[You] Eustass "Captain" Kid ["OP10-099">OP10-099]: Set Killer ["ST36-002">ST36-002] to Active
[You] Eustass "Captain" Kid ["OP10-099">OP10-099]: Killer ["ST36-002">ST36-002] Gains Blocker
[] Hand: [ST36-003,OP10-119,P-088,OP12-117,ST36-002,OP10-112]
[] Board: [ST36-002]
[] Trash: [OP10-111]
[] Life: 6
[] Hand: [OP08-069,ST34-004,ST18-001,ST34-005,ST34-002,ST34-001,OP13-076,OP11-067]
[] Trash: [OP15-078,OP15-069]
[] Board: [OP11-070]
[] Life: 3
[You] End Turn
[] Hand: [OP08-069,ST34-004,ST18-001,ST34-005,ST34-002,ST34-001,OP13-076,OP11-067]
[] Board: [OP11-070]
[] Trash: [OP15-078,OP15-069]
[] Life: 3
[] Hand: [ST36-003,OP10-119,P-088,OP12-117,ST36-002,OP10-112]
[] Trash: [OP10-111]
[] Board: [ST36-002]
[] Life: 6
[Opponent] Draw 1 Card
[] Drew card from deck: Charlotte Pudding ["OP11-070">OP11-070]
RZ1|118|2|OP11-070|0|35|1|8|1|1|0|0|0
RZ1|CHK|118|2|35|9|1|3|10|0|2|0|1|0
RZ1|119|2|Don|4|9|5|0|1|1|0|0|0
RZ1|CHK|119|2|35|9|1|3|9|1|2|0|1|0
RZ1|120|2|Don|4|8|5|1|1|1|0|0|0
RZ1|CHK|120|2|35|9|1|3|8|2|2|0|1|0
[Opponent] Draw 2 Don
RZ1|121|2|Don|5|0|5|0|1|1|1|0|0
RZ1|CHK|121|2|35|9|1|3|8|2|2|0|1|0
[Opponent] Deploy Charlotte Pudding ["OP11-070">OP11-070]
RZ1|122|2|OP11-070|1|8|2|1|1|1|0|0|0
RZ1|CHK|122|2|35|8|2|3|8|2|2|0|1|0
RZ1|123|2|ST34-004|0|33|1|8|1|1|0|0|0
RZ1|CHK|123|2|34|9|2|3|8|2|2|0|1|0
[Opponent] Charlotte Pudding ["OP11-070">OP11-070]: <b>Reveal and Draw Charlotte Linlin ["ST34-004">ST34-004]</b>
[Opponent] Placing Cards on Bottom of Deck
RZ1|124|2|OP11-067|0|33|0|0|0|0|0|0|0
RZ1|CHK|124|2|34|9|2|3|8|2|2|0|1|0
RZ1|125|2|OP15-069|0|33|0|0|0|0|0|0|0
RZ1|CHK|125|2|34|9|2|3|8|2|2|0|1|0
RZ1|126|2|PRB02-010|0|33|0|0|0|0|0|0|0
RZ1|CHK|126|2|34|9|2|3|8|2|2|0|1|0
RZ1|127|2|OP15-078|0|33|0|0|0|0|0|0|0
RZ1|CHK|127|2|34|9|2|3|8|2|2|0|1|0
[Opponent] Charlotte Katakuri ["OP11-062">OP11-062] attacking Eustass "Captain" Kid ["OP10-099">OP10-099]
RZ1|128|2|Don|5|0|4|8|1|1|0|0|0
RZ1|CHK|128|2|34|9|2|3|9|1|2|0|1|0
[Opponent] Charlotte Katakuri ["OP11-062">OP11-062]: Minus 1 Don
[Opponent] Charlotte Katakuri ["OP11-062">OP11-062]: <b>Looked at opponent's top deck</b>
[Opponent] Charlotte Katakuri ["OP11-062">OP11-062]: <b>Finished looking at opponent's top deck</b>
[Opponent] Charlotte Katakuri ["OP11-062">OP11-062]: Buff Charlotte Katakuri ["OP11-062">OP11-062] 1000 for the Combat
[You] Discard Trafalgar Law ["P-088">P-088] for Counter 2000
RZ1|129|1|P-088|1|2|6|1|1|1|0|0|0
RZ1|CHK|129|1|36|5|1|6|5|4|2|0|1|1
Charlotte Katakuri ["OP11-062">OP11-062][6000] vs Eustass "Captain" Kid ["OP10-099">OP10-099][7000]
Attack Fails
RZ1|130|2|Don|5|0|9|0|1|1|0|0|0
RZ1|CHK|130|2|34|9|2|3|9|0|2|0|1|1
[Opponent] Attach 1 Don to Charlotte Pudding ["OP11-070">OP11-070] (1 Total)
RZ1|131|2|OP13-076|1|6|6|2|1|1|0|0|0
RZ1|CHK|131|2|34|8|2|3|9|0|3|0|1|1
[] Hand: [OP08-069,ST34-004,ST18-001,ST34-005,ST34-002,ST34-001,OP11-067,ST34-004]
[] Board: [OP11-070,OP11-070]
[] Trash: [OP15-078,OP15-069,OP13-076]
[] Life: 3
[] Hand: [ST36-003,OP10-119,OP12-117,ST36-002,OP10-112]
[] Trash: [OP10-111,P-088]
[] Board: [ST36-002]
[] Life: 6
[Opponent] End Turn
[] Hand: [ST36-003,OP10-119,OP12-117,ST36-002,OP10-112]
[] Board: [ST36-002]
[] Trash: [OP10-111,P-088]
[] Life: 6
[] Hand: [OP08-069,ST34-004,ST18-001,ST34-005,ST34-002,ST34-001,OP11-067,ST34-004]
[] Trash: [OP15-078,OP15-069,OP13-076]
[] Board: [OP11-070,OP11-070]
[] Life: 3
RZ1|132|1|Don|9|9900|5|0|1|1|1|0|0
RZ1|CHK|132|1|36|5|1|6|5|5|2|0|1|0
[You] Draw 1 Card
[] Drew card from deck: Trafalgar Law ["OP10-119">OP10-119]
RZ1|133|1|OP10-119|0|35|1|5|1|1|0|0|0
RZ1|CHK|133|1|35|6|1|6|5|5|2|0|1|0
RZ1|134|1|Don|4|4|5|5|1|1|0|0|0
RZ1|CHK|134|1|35|6|1|6|4|6|2|0|1|0
RZ1|135|1|Don|4|3|5|6|1|1|0|0|0
RZ1|CHK|135|1|35|6|1|6|3|7|2|0|1|0
[You] Draw 2 Don
RZ1|136|1|Don|5|0|5|0|1|1|1|0|0
RZ1|CHK|136|1|35|6|1|6|3|7|2|0|1|0
RZ1|137|1|Don|5|1|5|1|1|1|1|0|0
RZ1|CHK|137|1|35|6|1|6|3|7|2|0|1|0
RZ1|138|1|Don|5|2|5|2|1|1|1|0|0
RZ1|CHK|138|1|35|6|1|6|3|7|2|0|1|0
RZ1|139|1|Don|5|3|5|3|1|1|1|0|0
RZ1|CHK|139|1|35|6|1|6|3|7|2|0|1|0
RZ1|140|1|Don|5|4|5|4|1|1|1|0|0
RZ1|CHK|140|1|35|6|1|6|3|7|2|0|1|0
RZ1|141|1|Don|5|5|5|5|1|1|1|0|0
RZ1|CHK|141|1|35|6|1|6|3|7|2|0|1|0
RZ1|142|1|Don|5|6|5|6|1|1|1|0|0
RZ1|CHK|142|1|35|6|1|6|3|7|2|0|1|0
[You] Deploy Trafalgar Law ["OP10-119">OP10-119]
RZ1|143|1|OP10-119|1|5|2|1|1|1|0|0|0
RZ1|CHK|143|1|35|5|2|6|3|7|2|0|1|0
[You] Trafalgar Law ["OP10-119">OP10-119] revealed: Scratchmen Apoo ["ST36-003">ST36-003]
[You] Trafalgar Law ["OP10-119">OP10-119]: Added card to top of Life from Hand
RZ1|144|1|ST36-003|1|0|3|6|1|0|0|0|0
RZ1|CHK|144|1|35|4|2|7|3|7|2|0|1|0
[You] Trafalgar Law ["OP10-119">OP10-119]: Attach 1 Rested Don to Eustass "Captain" Kid ["OP10-099">OP10-099]
RZ1|145|1|Don|5|0|9|9900|1|1|1|0|0
RZ1|CHK|145|1|35|4|2|7|3|6|2|0|1|1
[You] Killer ["ST36-002">ST36-002] attacking Charlotte Katakuri ["OP11-062">OP11-062]
[Opponent] Discard Baron Tamago & Pekoms ["ST34-005">ST34-005] for Counter 2000
RZ1|146|2|ST34-005|1|3|6|3|1|1|0|0|0
RZ1|CHK|146|2|34|7|2|3|9|0|4|0|1|1
Killer ["ST36-002">ST36-002][6000] vs Charlotte Katakuri ["OP11-062">OP11-062][7000]
Attack Fails
[You] Eustass "Captain" Kid ["OP10-099">OP10-099] attacking Charlotte Katakuri ["OP11-062">OP11-062]
Eustass "Captain" Kid ["OP10-099">OP10-099][6000] vs Charlotte Katakuri ["OP11-062">OP11-062][5000]
Charlotte Katakuri ["OP11-062">OP11-062] hit for 1 damage
RZ1|147|2|OP15-069|3|2|1|7|1|1|0|0|0
RZ1|CHK|147|2|34|8|2|2|9|0|4|0|1|1
[You] Eustass "Captain" Kid ["OP10-099">OP10-099]: Flip 1 Life Face Up
RZ1|148|1|ST36-003|3|6|3|6|1|1|0|0|0
RZ1|CHK|148|1|35|4|2|7|3|6|2|0|1|1
[You] Eustass "Captain" Kid ["OP10-099">OP10-099]: Set Killer ["ST36-002">ST36-002] to Active
[You] Eustass "Captain" Kid ["OP10-099">OP10-099]: Killer ["ST36-002">ST36-002] Gains Blocker
[] Hand: [OP10-119,OP12-117,ST36-002,OP10-112]
[] Board: [ST36-002,OP10-119]
[] Trash: [OP10-111,P-088]
[] Life: 7
[] Hand: [OP08-069,ST34-004,ST18-001,ST34-002,ST34-001,OP11-067,ST34-004,OP15-069]
[] Trash: [OP15-078,OP15-069,OP13-076,ST34-005]
[] Board: [OP11-070,OP11-070]
[] Life: 2
[You] End Turn
[] Hand: [OP08-069,ST34-004,ST18-001,ST34-002,ST34-001,OP11-067,ST34-004,OP15-069]
[] Board: [OP11-070,OP11-070]
[] Trash: [OP15-078,OP15-069,OP13-076,ST34-005]
[] Life: 2
[] Hand: [OP10-119,OP12-117,ST36-002,OP10-112]
[] Trash: [OP10-111,P-088]
[] Board: [ST36-002,OP10-119]
[] Life: 7
RZ1|149|2|Don|9|0|5|0|1|1|1|0|0
RZ1|CHK|149|2|34|8|2|2|9|1|4|0|1|0
[Opponent] Draw 1 Card
[] Drew card from deck: Charlotte Pudding ["PRB02-010">PRB02-010]
RZ1|150|2|PRB02-010|0|33|1|8|1|1|0|0|0
RZ1|CHK|150|2|33|9|2|2|9|1|4|0|1|0
RZ1|151|2|Don|4|8|5|1|1|1|0|0|0
RZ1|CHK|151|2|33|9|2|2|8|2|4|0|1|0
RZ1|152|2|Don|4|7|5|2|1|1|0|0|0
RZ1|CHK|152|2|33|9|2|2|7|3|4|0|1|0
[Opponent] Draw 2 Don
[] Hand: [OP08-069,ST34-004,ST18-001,ST34-002,ST34-001,OP11-067,ST34-004,OP15-069,PRB02-010]
[] Board: [OP11-070,OP11-070]
[] Trash: [OP15-078,OP15-069,OP13-076,ST34-005]
[] Life: 2
[] Hand: [OP10-119,OP12-117,ST36-002,OP10-112]
[] Trash: [OP10-111,P-088]
[] Board: [ST36-002,OP10-119]
[] Life: 7
[Opponent] End Turn
[] Hand: [OP10-119,OP12-117,ST36-002,OP10-112]
[] Board: [ST36-002,OP10-119]
[] Trash: [OP10-111,P-088]
[] Life: 7
[] Hand: [OP08-069,ST34-004,ST18-001,ST34-002,ST34-001,OP11-067,ST34-004,OP15-069,PRB02-010]
[] Trash: [OP15-078,OP15-069,OP13-076,ST34-005]
[] Board: [OP11-070,OP11-070]
[] Life: 2
RZ1|153|1|Don|9|9900|5|0|1|1|1|0|0
RZ1|CHK|153|1|35|4|2|7|3|7|2|0|1|0
[You] Draw 1 Card
[] Drew card from deck: Basil Hawkins ["OP10-109">OP10-109]
RZ1|154|1|OP10-109|0|34|1|4|1|1|0|0|0
RZ1|CHK|154|1|34|5|2|7|3|7|2|0|1|0
RZ1|155|1|Don|4|2|5|7|1|1|0|0|0
RZ1|CHK|155|1|34|5|2|7|2|8|2|0|1|0
RZ1|156|1|Don|4|1|5|8|1|1|0|0|0
RZ1|CHK|156|1|34|5|2|7|1|9|2|0|1|0
[You] Draw 2 Don
RZ1|157|1|Don|5|0|5|0|1|1|1|0|0
RZ1|CHK|157|1|34|5|2|7|1|9|2|0|1|0
RZ1|158|1|Don|5|1|5|1|1|1|1|0|0
RZ1|CHK|158|1|34|5|2|7|1|9|2|0|1|0
RZ1|159|1|Don|5|2|5|2|1|1|1|0|0
RZ1|CHK|159|1|34|5|2|7|1|9|2|0|1|0
RZ1|160|1|Don|5|3|5|3|1|1|1|0|0
RZ1|CHK|160|1|34|5|2|7|1|9|2|0|1|0
RZ1|161|1|Don|5|4|5|4|1|1|1|0|0
RZ1|CHK|161|1|34|5|2|7|1|9|2|0|1|0
RZ1|162|1|Don|5|5|5|5|1|1|1|0|0
RZ1|CHK|162|1|34|5|2|7|1|9|2|0|1|0
RZ1|163|1|Don|5|6|5|6|1|1|1|0|0
RZ1|CHK|163|1|34|5|2|7|1|9|2|0|1|0
[You] Deploy Trafalgar Law ["OP10-119">OP10-119]
RZ1|164|1|OP10-119|1|0|2|2|1|1|0|0|0
RZ1|CHK|164|1|34|4|3|7|1|9|2|0|1|0
[You] Trafalgar Law ["OP10-119">OP10-119] revealed: Basil Hawkins ["OP10-109">OP10-109]
[You] Trafalgar Law ["OP10-119">OP10-119]: Added card to top of Life from Hand
RZ1|165|1|OP10-109|1|3|3|7|1|0|0|0|0
RZ1|CHK|165|1|34|3|3|8|1|9|2|0|1|0
[You] Trafalgar Law ["OP10-119">OP10-119]: Attach 1 Rested Don to Eustass "Captain" Kid ["OP10-099">OP10-099]
RZ1|166|1|Don|5|0|9|9900|1|1|1|0|0
RZ1|CHK|166|1|34|3|3|8|1|8|2|0|1|1
[You] Attach 1 Don to Killer ["ST36-002">ST36-002] (1 Total)
RZ1|167|1|Don|5|7|9|0|1|1|0|0|0
RZ1|CHK|167|1|34|3|3|8|1|7|2|0|1|2
[You] Killer ["ST36-002">ST36-002] attacking Charlotte Katakuri ["OP11-062">OP11-062]
RZ1|168|2|Don|5|0|4|7|1|1|0|0|0
RZ1|CHK|168|2|33|9|2|2|8|2|4|0|1|0
[Opponent] Charlotte Katakuri ["OP11-062">OP11-062]: Minus 1 Don
[Opponent] Charlotte Katakuri ["OP11-062">OP11-062]: <b>Looked at opponent's top deck</b>
[Opponent] Charlotte Katakuri ["OP11-062">OP11-062]: <b>Finished looking at opponent's top deck</b>
[Opponent] Charlotte Katakuri ["OP11-062">OP11-062]: Buff Charlotte Katakuri ["OP11-062">OP11-062] 1000 for the Combat
[Opponent] Discard Nola ["OP15-069">OP15-069] for Counter 2000
RZ1|169|2|OP15-069|1|7|6|4|1|1|0|0|0
RZ1|CHK|169|2|33|8|2|2|8|2|5|0|1|0
Killer ["ST36-002">ST36-002][7000] vs Charlotte Katakuri ["OP11-062">OP11-062][8000]
Attack Fails
[You] Attach 1 Don to Eustass "Captain" Kid ["OP10-099">OP10-099] (2 Total)
RZ1|170|1|Don|5|6|9|9901|1|1|0|0|0
RZ1|CHK|170|1|34|3|3|8|1|6|2|0|1|3
[You] Eustass "Captain" Kid ["OP10-099">OP10-099] attacking Charlotte Katakuri ["OP11-062">OP11-062]
Eustass "Captain" Kid ["OP10-099">OP10-099][7000] vs Charlotte Katakuri ["OP11-062">OP11-062][5000]
Charlotte Katakuri ["OP11-062">OP11-062] hit for 1 damage
RZ1|171|2|ST34-004|3|1|1|8|1|1|0|0|0
RZ1|CHK|171|2|33|9|2|1|8|2|5|0|1|0
[You] Trafalgar Law ["OP10-119">OP10-119] attacking Charlotte Katakuri ["OP11-062">OP11-062]
Trafalgar Law ["OP10-119">OP10-119][9000] vs Charlotte Katakuri ["OP11-062">OP11-062][5000]
Charlotte Katakuri ["OP11-062">OP11-062] hit for 1 damage
RZ1|172|2|OP08-069|3|0|1|9|1|1|0|0|0
RZ1|CHK|172|2|33|10|2|0|8|2|5|0|1|0
[You] Eustass "Captain" Kid ["OP10-099">OP10-099]: Flip 1 Life Face Up
RZ1|173|1|OP10-109|3|7|3|7|1|1|0|0|0
RZ1|CHK|173|1|34|3|3|8|1|6|2|0|1|3
[You] Eustass "Captain" Kid ["OP10-099">OP10-099]: Set Trafalgar Law ["OP10-119">OP10-119] to Active
[You] Eustass "Captain" Kid ["OP10-099">OP10-099]: Trafalgar Law ["OP10-119">OP10-119] Gains Blocker
[] Hand: [OP12-117,ST36-002,OP10-112]
[] Board: [ST36-002,OP10-119,OP10-119]
[] Trash: [OP10-111,P-088]
[] Life: 8
[] Hand: [OP08-069,ST34-004,ST18-001,ST34-002,ST34-001,OP11-067,ST34-004,PRB02-010,ST34-004,OP08-069]
[] Trash: [OP15-078,OP15-069,OP13-076,ST34-005,OP15-069]
[] Board: [OP11-070,OP11-070]
[] Life: 0
[You] End Turn
[] Hand: [OP08-069,ST34-004,ST18-001,ST34-002,ST34-001,OP11-067,ST34-004,PRB02-010,ST34-004,OP08-069]
[] Board: [OP11-070,OP11-070]
[] Trash: [OP15-078,OP15-069,OP13-076,ST34-005,OP15-069]
[] Life: 0
[] Hand: [OP12-117,ST36-002,OP10-112]
[] Trash: [OP10-111,P-088]
[] Board: [ST36-002,OP10-119,OP10-119]
[] Life: 8
[Opponent] Draw 1 Card
[] Drew card from deck: We're Going to Claim the One Piece!!! ["OP07-077">OP07-077]
RZ1|174|2|OP07-077|0|32|1|10|1|1|0|0|0
RZ1|CHK|174|2|32|11|2|0|8|2|5|0|1|0
RZ1|175|2|Don|4|7|5|2|1|1|0|0|0
RZ1|CHK|175|2|32|11|2|0|7|3|5|0|1|0
RZ1|176|2|Don|4|6|5|3|1|1|0|0|0
RZ1|CHK|176|2|32|11|2|0|6|4|5|0|1|0
[Opponent] Draw 2 Don
RZ1|177|2|Don|5|0|5|0|1|1|1|0|0
RZ1|CHK|177|2|32|11|2|0|6|4|5|0|1|0
RZ1|178|2|Don|5|1|5|1|1|1|1|0|0
RZ1|CHK|178|2|32|11|2|0|6|4|5|0|1|0
RZ1|179|2|Don|5|2|5|2|1|1|1|0|0
RZ1|CHK|179|2|32|11|2|0|6|4|5|0|1|0
RZ1|180|2|Don|5|3|5|3|1|1|1|0|0
RZ1|CHK|180|2|32|11|2|0|6|4|5|0|1|0
[Opponent] Deploy Charlotte Cracker ["ST34-002">ST34-002]
RZ1|181|2|ST34-002|1|3|2|2|1|1|0|0|0
RZ1|CHK|181|2|32|10|3|0|6|4|5|0|1|0
Charlotte Cracker ["ST34-002">ST34-002]: Draw 1 Rested Don
RZ1|182|2|Don|4|5|5|0|1|1|1|0|0
RZ1|CHK|182|2|32|10|3|0|5|5|5|0|1|0
[Opponent] Charlotte Katakuri ["OP11-062">OP11-062] attacking Killer ["ST36-002">ST36-002]
RZ1|183|2|Don|5|0|4|5|1|1|0|0|0
RZ1|CHK|183|2|32|10|3|0|6|4|5|0|1|0
[Opponent] Charlotte Katakuri ["OP11-062">OP11-062]: Minus 1 Don
[Opponent] Charlotte Katakuri ["OP11-062">OP11-062]: <b>Looked at opponent's top deck</b>
[Opponent] Charlotte Katakuri ["OP11-062">OP11-062]: <b>Finished looking at opponent's top deck</b>
[Opponent] Charlotte Katakuri ["OP11-062">OP11-062]: Buff Charlotte Katakuri ["OP11-062">OP11-062] 1000 for the Combat
[You] Trafalgar Law ["OP10-119">OP10-119] Blocks
Charlotte Katakuri ["OP11-062">OP11-062][6000] vs Trafalgar Law ["OP10-119">OP10-119][9000]
Attack Fails
RZ1|184|2|Don|5|0|4|6|1|1|0|0|0
RZ1|CHK|184|2|32|10|3|0|7|3|5|0|1|0
[Opponent] Charlotte Pudding ["OP11-070">OP11-070]: Minus 1 Don
[Opponent] Charlotte Pudding ["OP11-070">OP11-070]: Rest Charlotte Pudding ["OP11-070">OP11-070]
RZ1|185|2|Don|5|0|4|7|1|1|0|0|0
RZ1|CHK|185|2|32|10|3|0|8|2|5|0|1|0
[Opponent] Charlotte Pudding ["OP11-070">OP11-070]: Minus 1 Don
[Opponent] Charlotte Pudding ["OP11-070">OP11-070]: Rest Charlotte Pudding ["OP11-070">OP11-070]
[] Hand: [OP08-069,ST34-004,ST18-001,ST34-001,OP11-067,ST34-004,PRB02-010,ST34-004,OP08-069,OP07-077]
[] Board: [OP11-070,OP11-070,ST34-002]
[] Trash: [OP15-078,OP15-069,OP13-076,ST34-005,OP15-069]
[] Life: 0
[] Hand: [OP12-117,ST36-002,OP10-112]
[] Trash: [OP10-111,P-088]
[] Board: [ST36-002,OP10-119,OP10-119]
[] Life: 8
[Opponent] End Turn
[] Hand: [OP12-117,ST36-002,OP10-112]
[] Board: [ST36-002,OP10-119,OP10-119]
[] Trash: [OP10-111,P-088]
[] Life: 8
[] Hand: [OP08-069,ST34-004,ST18-001,ST34-001,OP11-067,ST34-004,PRB02-010,ST34-004,OP08-069,OP07-077]
[] Trash: [OP15-078,OP15-069,OP13-076,ST34-005,OP15-069]
[] Board: [OP11-070,OP11-070,ST34-002]
[] Life: 0
RZ1|186|1|Don|9|9900|5|0|1|1|1|0|0
RZ1|CHK|186|1|34|3|3|8|1|7|2|0|1|2
RZ1|187|1|Don|9|9900|5|0|1|1|1|0|0
RZ1|CHK|187|1|34|3|3|8|1|8|2|0|1|1
RZ1|188|1|Don|9|0|5|0|1|1|1|0|0
RZ1|CHK|188|1|34|3|3|8|1|9|2|0|1|0
[You] Draw 1 Card
[] Drew card from deck: Capone "Gang" Bege ["OP11-101">OP11-101]
RZ1|189|1|OP11-101|0|33|1|3|1|1|0|0|0
RZ1|CHK|189|1|33|4|3|8|1|9|2|0|1|0
RZ1|190|1|Don|4|0|5|9|1|1|0|0|0
RZ1|CHK|190|1|33|4|3|8|0|10|2|0|1|0
[You] Draw 2 Don
[You] Trafalgar Law ["OP10-119">OP10-119] attacking Charlotte Katakuri ["OP11-062">OP11-062]
RZ1|191|2|Don|5|0|4|8|1|1|0|0|0
RZ1|CHK|191|2|32|10|3|0|9|1|5|0|1|0
[Opponent] Charlotte Katakuri ["OP11-062">OP11-062]: Minus 1 Don
[Opponent] Charlotte Katakuri ["OP11-062">OP11-062]: <b>Looked at opponent's top deck</b>
[Opponent] Charlotte Katakuri ["OP11-062">OP11-062]: <b>Finished looking at opponent's top deck</b>
[Opponent] Charlotte Katakuri ["OP11-062">OP11-062]: Buff Charlotte Katakuri ["OP11-062">OP11-062] 1000 for the Combat
Trafalgar Law ["OP10-119">OP10-119][9000] vs Charlotte Katakuri ["OP11-062">OP11-062][6000]
Charlotte Katakuri ["OP11-062">OP11-062] hit for 1 damage
[Opponent] <b>Downloaded the Combat Log!</b>
GameOver
