Version is 1.41b.20
[You] Leader is Eustass "Captain" Kid ["OP10-099">OP10-099]
RZ1|HDR|1.41b|2|RZ1
RZ1|PLY|1||OP10-099
RZ1|PLY|2||
[Opponent] Leader is Imu ["OP13-079">OP13-079]
RZ1|1|2|OP13-096|0|37|0|0|0|0|0|0|0
RZ1|CHK|1|2|50|0|0|0|10|0|0|0|1|0
RZ1|2|2|OP13-084|0|30|0|1|0|0|0|0|0
RZ1|CHK|2|2|50|0|0|0|10|0|0|0|1|0
RZ1|3|2|OP13-089|0|19|0|2|0|0|0|0|0
RZ1|CHK|3|2|50|0|0|0|10|0|0|0|1|0
RZ1|4|2|OP13-092|0|8|0|3|0|0|0|0|0
RZ1|CHK|4|2|50|0|0|0|10|0|0|0|1|0
RZ1|5|2|OP13-098|0|42|0|4|0|0|0|0|0
RZ1|CHK|5|2|50|0|0|0|10|0|0|0|1|0
RZ1|6|2|OP13-096|0|38|0|5|0|0|0|0|0
RZ1|CHK|6|2|50|0|0|0|10|0|0|0|1|0
RZ1|7|2|OP13-091|0|28|0|6|0|0|0|0|0
RZ1|CHK|7|2|50|0|0|0|10|0|0|0|1|0
RZ1|8|2|OP16-093|0|17|0|7|0|0|0|0|0
RZ1|CHK|8|2|50|0|0|0|10|0|0|0|1|0
RZ1|9|2|OP13-092|0|12|0|8|0|0|0|0|0
RZ1|CHK|9|2|50|0|0|0|10|0|0|0|1|0
RZ1|10|2|OP13-092|0|13|0|9|0|0|0|0|0
RZ1|CHK|10|2|50|0|0|0|10|0|0|0|1|0
RZ1|11|2|OP13-089|0|24|0|10|0|0|0|0|0
RZ1|CHK|11|2|50|0|0|0|10|0|0|0|1|0
RZ1|12|2|OP13-082|0|38|0|11|0|0|0|0|0
RZ1|CHK|12|2|50|0|0|0|10|0|0|0|1|0
RZ1|13|2|OP14-096|0|46|0|12|0|0|0|0|0
RZ1|CHK|13|2|50|0|0|0|10|0|0|0|1|0
RZ1|14|2|OP13-096|0|40|0|13|0|0|0|0|0
RZ1|CHK|14|2|50|0|0|0|10|0|0|0|1|0
RZ1|15|2|OP13-082|0|38|0|14|0|0|0|0|0
RZ1|CHK|15|2|50|0|0|0|10|0|0|0|1|0
RZ1|16|2|OP13-083|0|25|0|15|0|0|0|0|0
RZ1|CHK|16|2|50|0|0|0|10|0|0|0|1|0
RZ1|17|2|OP13-083|0|25|0|16|0|0|0|0|0
RZ1|CHK|17|2|50|0|0|0|10|0|0|0|1|0
RZ1|18|2|OP16-093|0|22|0|17|0|0|0|0|0
RZ1|CHK|18|2|50|0|0|0|10|0|0|0|1|0
RZ1|19|2|OP13-098|0|43|0|18|0|0|0|0|0
RZ1|CHK|19|2|50|0|0|0|10|0|0|0|1|0
RZ1|20|2|OP13-084|0|37|0|19|0|0|0|0|0
RZ1|CHK|20|2|50|0|0|0|10|0|0|0|1|0
RZ1|21|2|OP13-091|0|36|0|20|0|0|0|0|0
RZ1|CHK|21|2|50|0|0|0|10|0|0|0|1|0
RZ1|22|2|OP13-086|0|22|0|21|0|0|0|0|0
RZ1|CHK|22|2|50|0|0|0|10|0|0|0|1|0
RZ1|23|2|OP13-080|0|35|0|22|0|0|0|0|0
RZ1|CHK|23|2|50|0|0|0|10|0|0|0|1|0
RZ1|24|2|OP13-082|0|40|0|23|0|0|0|0|0
RZ1|CHK|24|2|50|0|0|0|10|0|0|0|1|0
RZ1|25|2|OP14-096|0|47|0|24|0|0|0|0|0
RZ1|CHK|25|2|50|0|0|0|10|0|0|0|1|0
RZ1|26|2|OP13-089|0|34|0|25|0|0|0|0|0
RZ1|CHK|26|2|50|0|0|0|10|0|0|0|1|0
RZ1|27|2|OP16-093|0|31|0|26|0|0|0|0|0
RZ1|CHK|27|2|50|0|0|0|10|0|0|0|1|0
RZ1|28|2|OP13-099|0|49|0|27|0|0|0|0|0
RZ1|CHK|28|2|50|0|0|0|10|0|0|0|1|0
RZ1|29|2|OP13-098|0|46|0|28|0|0|0|0|0
RZ1|CHK|29|2|50|0|0|0|10|0|0|0|1|0
RZ1|30|2|OP13-084|0|43|0|29|0|0|0|0|0
RZ1|CHK|30|2|50|0|0|0|10|0|0|0|1|0
RZ1|31|2|OP13-086|0|31|0|30|0|0|0|0|0
RZ1|CHK|31|2|50|0|0|0|10|0|0|0|1|0
RZ1|32|2|OP13-084|0|43|0|31|0|0|0|0|0
RZ1|CHK|32|2|50|0|0|0|10|0|0|0|1|0
RZ1|33|2|OP13-098|0|46|0|32|0|0|0|0|0
RZ1|CHK|33|2|50|0|0|0|10|0|0|0|1|0
RZ1|34|2|OP13-086|0|34|0|33|0|0|0|0|0
RZ1|CHK|34|2|50|0|0|0|10|0|0|0|1|0
RZ1|35|2|OP13-083|0|37|0|34|0|0|0|0|0
RZ1|CHK|35|2|50|0|0|0|10|0|0|0|1|0
RZ1|36|2|OP13-080|0|42|0|35|0|0|0|0|0
RZ1|CHK|36|2|50|0|0|0|10|0|0|0|1|0
RZ1|37|2|OP16-093|0|38|0|36|0|0|0|0|0
RZ1|CHK|37|2|50|0|0|0|10|0|0|0|1|0
RZ1|38|2|OP13-092|0|38|0|37|0|0|0|0|0
RZ1|CHK|38|2|50|0|0|0|10|0|0|0|1|0
RZ1|39|2|OP13-096|0|46|0|39|0|0|0|0|0
RZ1|CHK|39|2|50|0|0|0|10|0|0|0|1|0
RZ1|40|2|OP05-097|0|49|0|40|0|0|0|0|0
RZ1|CHK|40|2|50|0|0|0|10|0|0|0|1|0
RZ1|41|2|OP14-096|0|49|0|41|0|0|0|0|0
RZ1|CHK|41|2|50|0|0|0|10|0|0|0|1|0
RZ1|42|2|OP13-089|0|43|0|42|0|0|0|0|0
RZ1|CHK|42|2|50|0|0|0|10|0|0|0|1|0
RZ1|43|2|OP13-080|0|44|0|43|0|0|0|0|0
RZ1|CHK|43|2|50|0|0|0|10|0|0|0|1|0
RZ1|44|2|OP13-091|0|47|0|44|0|0|0|0|0
RZ1|CHK|44|2|50|0|0|0|10|0|0|0|1|0
RZ1|45|2|OP14-096|0|49|0|45|0|0|0|0|0
RZ1|CHK|45|2|50|0|0|0|10|0|0|0|1|0
RZ1|46|2|OP13-082|0|49|0|46|0|0|0|0|0
RZ1|CHK|46|2|50|0|0|0|10|0|0|0|1|0
RZ1|47|2|OP13-080|0|48|0|47|0|0|0|0|0
RZ1|CHK|47|2|50|0|0|0|10|0|0|0|1|0
RZ1|48|2|OP13-091|0|49|0|48|0|0|0|0|0
RZ1|CHK|48|2|50|0|0|0|10|0|0|0|1|0
RZ1|49|2|OP13-099|0|27|7|0|1|1|0|0|0
RZ1|CHK|49|2|49|0|0|0|10|0|0|1|1|0
[Opponent] Imu ["OP13-079">OP13-079]: Deploy The Empty Throne ["OP13-099">OP13-099]
RZ1|50|2|OP05-097|0|39|0|0|0|0|0|0|0
RZ1|CHK|50|2|49|0|0|0|10|0|0|1|1|0
RZ1|51|2|OP13-080|0|42|0|1|0|0|0|0|0
RZ1|CHK|51|2|49|0|0|0|10|0|0|1|1|0
RZ1|52|2|OP13-082|0|45|0|2|0|0|0|0|0
RZ1|CHK|52|2|49|0|0|0|10|0|0|1|1|0
RZ1|53|2|OP13-086|0|40|0|4|0|0|0|0|0
RZ1|CHK|53|2|49|0|0|0|10|0|0|1|1|0
RZ1|54|2|OP13-098|0|31|0|5|0|0|0|0|0
RZ1|CHK|54|2|49|0|0|0|10|0|0|1|1|0
RZ1|55|2|OP13-082|0|19|0|6|0|0|0|0|0
RZ1|CHK|55|2|49|0|0|0|10|0|0|1|1|0
RZ1|56|2|OP13-082|0|17|0|8|0|0|0|0|0
RZ1|CHK|56|2|49|0|0|0|10|0|0|1|1|0
RZ1|57|2|OP13-080|0|27|0|9|0|0|0|0|0
RZ1|CHK|57|2|49|0|0|0|10|0|0|1|1|0
RZ1|58|2|OP13-092|0|11|0|10|0|0|0|0|0
RZ1|CHK|58|2|49|0|0|0|10|0|0|1|1|0
RZ1|59|2|OP13-098|0|35|0|11|0|0|0|0|0
RZ1|CHK|59|2|49|0|0|0|10|0|0|1|1|0
RZ1|60|2|OP16-093|0|39|0|12|0|0|0|0|0
RZ1|CHK|60|2|49|0|0|0|10|0|0|1|1|0
RZ1|61|2|OP16-093|0|17|0|13|0|0|0|0|0
RZ1|CHK|61|2|49|0|0|0|10|0|0|1|1|0
RZ1|62|2|OP13-083|0|48|0|14|0|0|0|0|0
RZ1|CHK|62|2|49|0|0|0|10|0|0|1|1|0
RZ1|63|2|OP13-091|0|18|0|15|0|0|0|0|0
RZ1|CHK|63|2|49|0|0|0|10|0|0|1|1|0
RZ1|64|2|OP13-089|0|21|0|16|0|0|0|0|0
RZ1|CHK|64|2|49|0|0|0|10|0|0|1|1|0
RZ1|65|2|OP13-083|0|39|0|17|0|0|0|0|0
RZ1|CHK|65|2|49|0|0|0|10|0|0|1|1|0
RZ1|66|2|OP13-084|0|36|0|18|0|0|0|0|0
RZ1|CHK|66|2|49|0|0|0|10|0|0|1|1|0
RZ1|67|2|OP13-098|0|20|0|19|0|0|0|0|0
RZ1|CHK|67|2|49|0|0|0|10|0|0|1|1|0
RZ1|68|2|OP16-093|0|28|0|20|0|0|0|0|0
RZ1|CHK|68|2|49|0|0|0|10|0|0|1|1|0
RZ1|69|2|OP13-080|0|47|0|21|0|0|0|0|0
RZ1|CHK|69|2|49|0|0|0|10|0|0|1|1|0
RZ1|70|2|OP13-092|0|25|0|22|0|0|0|0|0
RZ1|CHK|70|2|49|0|0|0|10|0|0|1|1|0
RZ1|71|2|OP13-096|0|43|0|23|0|0|0|0|0
RZ1|CHK|71|2|49|0|0|0|10|0|0|1|1|0
RZ1|72|2|OP13-091|0|46|0|25|0|0|0|0|0
RZ1|CHK|72|2|49|0|0|0|10|0|0|1|1|0
RZ1|73|2|OP13-083|0|30|0|27|0|0|0|0|0
RZ1|CHK|73|2|49|0|0|0|10|0|0|1|1|0
RZ1|74|2|OP13-082|0|36|0|28|0|0|0|0|0
RZ1|CHK|74|2|49|0|0|0|10|0|0|1|1|0
RZ1|75|2|OP13-098|0|33|0|29|0|0|0|0|0
RZ1|CHK|75|2|49|0|0|0|10|0|0|1|1|0
RZ1|76|2|OP13-092|0|44|0|30|0|0|0|0|0
RZ1|CHK|76|2|49|0|0|0|10|0|0|1|1|0
RZ1|77|2|OP14-096|0|47|0|31|0|0|0|0|0
RZ1|CHK|77|2|49|0|0|0|10|0|0|1|1|0
RZ1|78|2|OP13-084|0|43|0|32|0|0|0|0|0
RZ1|CHK|78|2|49|0|0|0|10|0|0|1|1|0
RZ1|79|2|OP13-086|0|44|0|33|0|0|0|0|0
RZ1|CHK|79|2|49|0|0|0|10|0|0|1|1|0
RZ1|80|2|OP13-086|0|40|0|34|0|0|0|0|0
RZ1|CHK|80|2|49|0|0|0|10|0|0|1|1|0
RZ1|81|2|OP13-091|0|40|0|35|0|0|0|0|0
RZ1|CHK|81|2|49|0|0|0|10|0|0|1|1|0
RZ1|82|2|OP14-096|0|41|0|36|0|0|0|0|0
RZ1|CHK|82|2|49|0|0|0|10|0|0|1|1|0
RZ1|83|2|OP13-084|0|41|0|38|0|0|0|0|0
RZ1|CHK|83|2|49|0|0|0|10|0|0|1|1|0
RZ1|84|2|OP13-083|0|41|0|39|0|0|0|0|0
RZ1|CHK|84|2|49|0|0|0|10|0|0|1|1|0
RZ1|85|2|OP14-096|0|46|0|41|0|0|0|0|0
RZ1|CHK|85|2|49|0|0|0|10|0|0|1|1|0
RZ1|86|2|OP13-089|0|47|0|42|0|0|0|0|0
RZ1|CHK|86|2|49|0|0|0|10|0|0|1|1|0
RZ1|87|2|OP16-093|0|45|0|43|0|0|0|0|0
RZ1|CHK|87|2|49|0|0|0|10|0|0|1|1|0
[] Drew card from deck: Eustass "Captain" Kid ["ST36-005">ST36-005]
RZ1|88|1|ST36-005|0|49|1|0|1|1|0|0|0
RZ1|CHK|88|1|49|1|0|0|10|0|0|0|1|0
[] Drew card from deck: Trafalgar Law ["OP10-119">OP10-119]
RZ1|89|1|OP10-119|0|48|1|1|1|1|0|0|0
RZ1|CHK|89|1|48|2|0|0|10|0|0|0|1|0
[] Drew card from deck: Capone "Gang" Bege ["OP11-101">OP11-101]
RZ1|90|1|OP11-101|0|47|1|2|1|1|0|0|0
RZ1|CHK|90|1|47|3|0|0|10|0|0|0|1|0
[] Drew card from deck: X. Drake ["OP10-114">OP10-114]
RZ1|91|1|OP10-114|0|46|1|3|1|1|0|0|0
RZ1|CHK|91|1|46|4|0|0|10|0|0|0|1|0
[] Drew card from deck: Slam Gibson ["OP12-117">OP12-117]
RZ1|92|1|OP12-117|0|45|1|4|1|1|0|0|0
RZ1|CHK|92|1|45|5|0|0|10|0|0|0|1|0
[] Drew card from deck: St. Marcus Mars ["OP13-091">OP13-091]
RZ1|93|2|OP13-091|0|48|1|0|1|1|0|0|0
RZ1|CHK|93|2|48|1|0|0|10|0|0|1|1|0
[] Drew card from deck: St. Ethanbaron V. Nusjuro ["OP13-080">OP13-080]
RZ1|94|2|OP13-080|0|47|1|1|1|1|0|0|0
RZ1|CHK|94|2|47|2|0|0|10|0|0|1|1|0
[] Drew card from deck: St. Shalria ["OP13-086">OP13-086]
RZ1|95|2|OP13-086|0|46|1|2|1|1|0|0|0
RZ1|CHK|95|2|46|3|0|0|10|0|0|1|1|0
[] Drew card from deck: St. Topman Warcury ["OP13-089">OP13-089]
RZ1|96|2|OP13-089|0|45|1|3|1|1|0|0|0
RZ1|CHK|96|2|45|4|0|0|10|0|0|1|1|0
[] Drew card from deck: The Five Elders... Are At Your Service ["OP13-096">OP13-096]
RZ1|97|2|OP13-096|0|44|1|4|1|1|0|0|0
RZ1|CHK|97|2|44|5|0|0|10|0|0|1|1|0
RZ1|98|1|ST36-001|0|44|3|0|1|0|0|0|0
RZ1|CHK|98|1|44|5|0|1|10|0|0|0|1|0
RZ1|99|1|OP10-119|0|43|3|1|1|0|0|0|0
RZ1|CHK|99|1|43|5|0|2|10|0|0|0|1|0
RZ1|100|1|OP10-114|0|42|3|2|1|0|0|0|0
RZ1|CHK|100|1|42|5|0|3|10|0|0|0|1|0
RZ1|101|1|ST36-004|0|41|3|3|1|0|0|0|0
RZ1|CHK|101|1|41|5|0|4|10|0|0|0|1|0
RZ1|102|1|OP10-119|0|40|3|4|1|0|0|0|0
RZ1|CHK|102|1|40|5|0|5|10|0|0|0|1|0
RZ1|103|2|OP16-093|0|43|3|0|0|1|0|0|0
RZ1|CHK|103|2|43|5|0|1|10|0|0|1|1|0
RZ1|104|2|OP13-089|0|42|3|1|0|1|0|0|0
RZ1|CHK|104|2|42|5|0|2|10|0|0|1|1|0
RZ1|105|2|OP14-096|0|41|3|2|0|1|0|0|0
RZ1|CHK|105|2|41|5|0|3|10|0|0|1|1|0
RZ1|106|2|OP14-096|0|40|3|3|0|1|0|0|0
RZ1|CHK|106|2|40|5|0|4|10|0|0|1|1|0
[] Hand: [ST36-005,OP10-119,OP11-101,OP10-114,OP12-117]
[] Board: []
[] Trash: []
[] Life: 5
[] Hand: [OP13-091,OP13-080,OP13-086,OP13-089,OP13-096]
[] Trash: []
[] Board: []
[] Life: 4
RZ1|107|1|Don|4|9|5|0|1|1|0|0|0
RZ1|CHK|107|1|40|5|0|5|9|1|0|0|1|0
[You] Draw 1 Don
[] Hand: [ST36-005,OP10-119,OP11-101,OP10-114,OP12-117]
[] Board: []
[] Trash: []
[] Life: 5
[] Hand: [OP13-091,OP13-080,OP13-086,OP13-089,OP13-096]
[] Trash: []
[] Board: []
[] Life: 4
[You] End Turn
[] Hand: [OP13-091,OP13-080,OP13-086,OP13-089,OP13-096]
[] Board: []
[] Trash: []
[] Life: 4
[] Hand: [ST36-005,OP10-119,OP11-101,OP10-114,OP12-117]
[] Trash: []
[] Board: []
[] Life: 5
[Opponent] Draw 1 Card
[] Drew card from deck: St. Jaygarcia Saturn ["OP13-083">OP13-083]
RZ1|108|2|OP13-083|0|39|1|5|1|1|0|0|0
RZ1|CHK|108|2|39|6|0|4|10|0|0|1|1|0
RZ1|109|2|Don|4|9|5|0|1|1|0|0|0
RZ1|CHK|109|2|39|6|0|4|9|1|0|1|1|0
RZ1|110|2|Don|4|8|5|1|1|1|0|0|0
RZ1|CHK|110|2|39|6|0|4|8|2|0|1|1|0
[Opponent] Draw 2 Don
RZ1|111|2|Don|5|0|5|0|1|1|1|0|0
RZ1|CHK|111|2|39|6|0|4|8|2|0|1|1|0
[Opponent] Deploy St. Shalria ["OP13-086">OP13-086]
RZ1|112|2|OP13-086|1|2|2|0|1|1|0|0|0
RZ1|CHK|112|2|39|5|1|4|8|2|0|1|1|0
RZ1|113|2|OP13-084|0|38|1|5|1|1|0|0|0
RZ1|CHK|113|2|38|6|1|4|8|2|0|1|1|0
[Opponent] St. Shalria ["OP13-086">OP13-086]: <b>Reveal and Draw St. Shepherd Ju Peter ["OP13-084">OP13-084]</b>
[Opponent] St. Shalria ["OP13-086">OP13-086]: Trash 2 Remaining Cards
RZ1|114|2|OP13-092|0|37|6|0|1|1|0|0|0
RZ1|CHK|114|2|37|6|1|4|8|2|1|1|1|0
RZ1|115|2|OP14-096|0|36|6|1|1|1|0|0|0
RZ1|CHK|115|2|36|6|1|4|8|2|2|1|1|0
RZ1|116|2|OP13-091|1|0|6|2|1|1|0|0|0
RZ1|CHK|116|2|36|5|1|4|8|2|3|1|1|0
[Opponent] St. Shalria ["OP13-086">OP13-086]: Trash St. Marcus Mars ["OP13-091">OP13-091]
RZ1|117|2|OP13-086|2|0|6|3|1|1|0|0|0
RZ1|CHK|117|2|36|5|0|4|8|2|4|1|1|0
[Opponent] Imu ["OP13-079">OP13-079]: Trash St. Shalria ["OP13-086">OP13-086]
[] Drew card from deck: St. Marcus Mars ["OP13-091">OP13-091]
RZ1|118|2|OP13-091|0|35|1|5|1|1|0|0|0
RZ1|CHK|118|2|35|6|0|4|8|2|4|1|1|0
[Opponent] Imu ["OP13-079">OP13-079]: Draw 1 Card
[Opponent] The Five Elders... Are At Your Service ["OP13-096">OP13-096]: Rest 1 Don
RZ1|119|2|Don|5|1|5|1|1|1|1|0|0
RZ1|CHK|119|2|35|6|0|4|8|2|4|1|1|0
RZ1|120|2|OP13-096|1|2|6|4|1|1|0|0|0
RZ1|CHK|120|2|35|5|0|4|8|2|5|1|1|0
RZ1|121|2|OP13-086|0|33|1|5|1|1|0|0|0
RZ1|CHK|121|2|34|6|0|4|8|2|5|1|1|0
[Opponent] The Five Elders... Are At Your Service ["OP13-096">OP13-096]: <b>Reveal and Draw St. Shalria ["OP13-086">OP13-086]</b>
[Opponent] The Five Elders... Are At Your Service ["OP13-096">OP13-096]: Trash 2 Remaining Cards
RZ1|122|2|OP13-086|0|33|6|5|1|1|0|0|0
RZ1|CHK|122|2|33|6|0|4|8|2|6|1|1|0
RZ1|123|2|OP13-084|0|32|6|6|1|1|0|0|0
RZ1|CHK|123|2|32|6|0|4|8|2|7|1|1|0
[] Hand: [OP13-080,OP13-089,OP13-083,OP13-084,OP13-091,OP13-086]
[] Board: []
[] Trash: [OP13-092,OP14-096,OP13-091,OP13-086,OP13-096,OP13-086,OP13-084]
[] Life: 4
[] Hand: [ST36-005,OP10-119,OP11-101,OP10-114,OP12-117]
[] Trash: []
[] Board: []
[] Life: 5
[Opponent] End Turn
[] Hand: [ST36-005,OP10-119,OP11-101,OP10-114,OP12-117]
[] Board: []
[] Trash: []
[] Life: 5
[] Hand: [OP13-080,OP13-089,OP13-083,OP13-084,OP13-091,OP13-086]
[] Trash: [OP13-092,OP14-096,OP13-091,OP13-086,OP13-096,OP13-086,OP13-084]
[] Board: []
[] Life: 4
[You] Draw 1 Card
[] Drew card from deck: Black Rope Dragon Twister ["EB04-059">EB04-059]
RZ1|124|1|EB04-059|0|39|1|5|1|1|0|0|0
RZ1|CHK|124|1|39|6|0|5|9|1|0|0|1|0
RZ1|125|1|Don|4|8|5|1|1|1|0|0|0
RZ1|CHK|125|1|39|6|0|5|8|2|0|0|1|0
RZ1|126|1|Don|4|7|5|2|1|1|0|0|0
RZ1|CHK|126|1|39|6|0|5|7|3|0|0|1|0
[You] Draw 2 Don
RZ1|127|1|Don|5|0|5|0|1|1|1|0|0
RZ1|CHK|127|1|39|6|0|5|7|3|0|0|1|0
RZ1|128|1|Don|5|1|5|1|1|1|1|0|0
RZ1|CHK|128|1|39|6|0|5|7|3|0|0|1|0
[You] Deploy Capone "Gang" Bege ["OP11-101">OP11-101]
RZ1|129|1|OP11-101|1|2|2|0|1|1|0|0|0
RZ1|CHK|129|1|39|5|1|5|7|3|0|0|1|0
[You] Eustass "Captain" Kid ["OP10-099">OP10-099] attacking Imu ["OP13-079">OP13-079]
[Opponent] Discard St. Ethanbaron V. Nusjuro ["OP13-080">OP13-080] for Counter 1000
RZ1|130|2|OP13-080|1|0|6|7|1|1|0|0|0
RZ1|CHK|130|2|32|5|0|4|8|2|8|1|1|0
Eustass "Captain" Kid ["OP10-099">OP10-099][5000] vs Imu ["OP13-079">OP13-079][6000]
Attack Fails
[] Hand: [ST36-005,OP10-119,OP10-114,OP12-117,EB04-059]
[] Board: [OP11-101]
[] Trash: []
[] Life: 5
[] Hand: [OP13-089,OP13-083,OP13-084,OP13-091,OP13-086]
[] Trash: [OP13-092,OP14-096,OP13-091,OP13-086,OP13-096,OP13-086,OP13-084,OP13-080]
[] Board: []
[] Life: 4
[You] End Turn
[] Hand: [OP13-089,OP13-083,OP13-084,OP13-091,OP13-086]
[] Board: []
[] Trash: [OP13-092,OP14-096,OP13-091,OP13-086,OP13-096,OP13-086,OP13-084,OP13-080]
[] Life: 4
[] Hand: [ST36-005,OP10-119,OP10-114,OP12-117,EB04-059]
[] Trash: []
[] Board: [OP11-101]
[] Life: 5
[Opponent] Draw 1 Card
[] Drew card from deck: Ground Death ["OP14-096">OP14-096]
RZ1|131|2|OP14-096|0|31|1|5|1|1|0|0|0
RZ1|CHK|131|2|31|6|0|4|8|2|8|1|1|0
RZ1|132|2|Don|4|7|5|2|1|1|0|0|0
RZ1|CHK|132|2|31|6|0|4|7|3|8|1|1|0
RZ1|133|2|Don|4|6|5|3|1|1|0|0|0
RZ1|CHK|133|2|31|6|0|4|6|4|8|1|1|0
[Opponent] Draw 2 Don
RZ1|134|2|Don|5|0|5|0|1|1|1|0|0
RZ1|CHK|134|2|31|6|0|4|6|4|8|1|1|0
[Opponent] Deploy St. Shalria ["OP13-086">OP13-086]
RZ1|135|2|OP13-086|1|4|2|0|1|1|0|0|0
RZ1|CHK|135|2|31|5|1|4|6|4|8|1|1|0
RZ1|136|2|OP13-082|0|28|1|5|1|1|0|0|0
RZ1|CHK|136|2|30|6|1|4|6|4|8|1|1|0
[Opponent] St. Shalria ["OP13-086">OP13-086]: <b>Reveal and Draw Five Elders ["OP13-082">OP13-082]</b>
[Opponent] St. Shalria ["OP13-086">OP13-086]: Trash 2 Remaining Cards
RZ1|137|2|OP13-092|0|29|6|8|1|1|0|0|0
RZ1|CHK|137|2|29|6|1|4|6|4|9|1|1|0
RZ1|138|2|OP13-098|0|28|6|9|1|1|0|0|0
RZ1|CHK|138|2|28|6|1|4|6|4|10|1|1|0
RZ1|139|2|OP13-091|1|3|6|10|1|1|0|0|0
RZ1|CHK|139|2|28|5|1|4|6|4|11|1|1|0
[Opponent] St. Shalria ["OP13-086">OP13-086]: Trash St. Marcus Mars ["OP13-091">OP13-091]
RZ1|140|2|OP13-086|2|0|6|11|1|1|0|0|0
RZ1|CHK|140|2|28|5|0|4|6|4|12|1|1|0
[Opponent] Imu ["OP13-079">OP13-079]: Trash St. Shalria ["OP13-086">OP13-086]
[] Drew card from deck: St. Jaygarcia Saturn ["OP13-083">OP13-083]
RZ1|141|2|OP13-083|0|27|1|5|1|1|0|0|0
RZ1|CHK|141|2|27|6|0|4|6|4|12|1|1|0
[Opponent] Imu ["OP13-079">OP13-079]: Draw 1 Card
[Opponent] Imu ["OP13-079">OP13-079] attacking Eustass "Captain" Kid ["OP10-099">OP10-099]
[You] Capone "Gang" Bege ["OP11-101">OP11-101] Blocks
Imu ["OP13-079">OP13-079][5000] vs Capone "Gang" Bege ["OP11-101">OP11-101][1000]
[You] Capone "Gang" Bege ["OP11-101">OP11-101] Destroyed
RZ1|142|1|OP11-101|2|0|6|0|1|1|0|0|0
RZ1|CHK|142|1|39|5|0|5|7|3|1|0|1|0
[Opponent] The Empty Throne ["OP13-099">OP13-099]: Rest 3 Don
RZ1|143|2|Don|5|1|5|1|1|1|1|0|0
RZ1|CHK|143|2|27|6|0|4|6|4|12|1|1|0
RZ1|144|2|Don|5|2|5|2|1|1|1|0|0
RZ1|CHK|144|2|27|6|0|4|6|4|12|1|1|0
RZ1|145|2|Don|5|3|5|3|1|1|1|0|0
RZ1|CHK|145|2|27|6|0|4|6|4|12|1|1|0
[Opponent] The Empty Throne ["OP13-099">OP13-099]: Rest The Empty Throne ["OP13-099">OP13-099]
RZ1|146|2|OP13-083|1|5|2|0|1|1|0|0|0
RZ1|CHK|146|2|27|5|1|4|6|4|12|1|1|0
[Opponent] The Empty Throne ["OP13-099">OP13-099]: Deploy St. Jaygarcia Saturn ["OP13-083">OP13-083]
RZ1|147|2|OP13-089|0|24|1|5|1|1|0|0|0
RZ1|CHK|147|2|26|6|1|4|6|4|12|1|1|0
[Opponent] St. Jaygarcia Saturn ["OP13-083">OP13-083]: <b>Reveal and Draw St. Topman Warcury ["OP13-089">OP13-089]</b>
[Opponent] Placing Cards on Bottom of Deck
RZ1|148|2|OP13-096|0|25|0|0|0|0|0|0|0
RZ1|CHK|148|2|26|6|1|4|6|4|12|1|1|0
RZ1|149|2|OP13-091|0|25|0|0|0|0|0|0|0
RZ1|CHK|149|2|26|6|1|4|6|4|12|1|1|0
RZ1|150|2|OP13-096|0|25|0|0|0|0|0|0|0
RZ1|CHK|150|2|26|6|1|4|6|4|12|1|1|0
RZ1|151|2|OP13-092|0|25|0|0|0|0|0|0|0
RZ1|CHK|151|2|26|6|1|4|6|4|12|1|1|0
[] Hand: [OP13-089,OP13-083,OP13-084,OP14-096,OP13-082,OP13-089]
[] Board: [OP13-083]
[] Trash: [OP13-092,OP14-096,OP13-091,OP13-086,OP13-096,OP13-086,OP13-084,OP13-080,OP13-092,OP13-098,OP13-091,OP13-086]
[] Life: 4
[] Hand: [ST36-005,OP10-119,OP10-114,OP12-117,EB04-059]
[] Trash: [OP11-101]
[] Board: []
[] Life: 5
[Opponent] End Turn
[] Hand: [ST36-005,OP10-119,OP10-114,OP12-117,EB04-059]
[] Board: []
[] Trash: [OP11-101]
[] Life: 5
[] Hand: [OP13-089,OP13-083,OP13-084,OP14-096,OP13-082,OP13-089]
[] Trash: [OP13-092,OP14-096,OP13-091,OP13-086,OP13-096,OP13-086,OP13-084,OP13-080,OP13-092,OP13-098,OP13-091,OP13-086]
[] Board: [OP13-083]
[] Life: 4
[You] Draw 1 Card
[] Drew card from deck: Eustass "Captain" Kid ["OP10-112">OP10-112]
RZ1|152|1|OP10-112|0|38|1|5|1|1|0|0|0
RZ1|CHK|152|1|38|6|0|5|7|3|1|0|1|0
RZ1|153|1|Don|4|6|5|3|1|1|0|0|0
RZ1|CHK|153|1|38|6|0|5|6|4|1|0|1|0
RZ1|154|1|Don|4|5|5|4|1|1|0|0|0
RZ1|CHK|154|1|38|6|0|5|5|5|1|0|1|0
[You] Draw 2 Don
[You] Eustass "Captain" Kid ["OP10-099">OP10-099] attacking Imu ["OP13-079">OP13-079]
[Opponent] Discard St. Topman Warcury ["OP13-089">OP13-089] for Counter 1000
RZ1|155|2|OP13-089|1|5|6|12|1|1|0|0|0
RZ1|CHK|155|2|26|5|1|4|6|4|13|1|1|0
Eustass "Captain" Kid ["OP10-099">OP10-099][5000] vs Imu ["OP13-079">OP13-079][6000]
Attack Fails
RZ1|156|1|Don|5|0|5|0|1|1|1|0|0
RZ1|CHK|156|1|38|6|0|5|5|5|1|0|1|0
RZ1|157|1|Don|5|1|5|1|1|1|1|0|0
RZ1|CHK|157|1|38|6|0|5|5|5|1|0|1|0
RZ1|158|1|Don|5|2|5|2|1|1|1|0|0
RZ1|CHK|158|1|38|6|0|5|5|5|1|0|1|0
[You] Deploy X. Drake ["OP10-114">OP10-114]
RZ1|159|1|OP10-114|1|2|2|0|1|1|0|0|0
RZ1|CHK|159|1|38|5|1|5|5|5|1|0|1|0
[You] X. Drake ["OP10-114">OP10-114]: Rest X. Drake ["OP10-114">OP10-114]
[You] Slam Gibson ["OP12-117">OP12-117]: Rest 1 Don
RZ1|160|1|Don|5|3|5|3|1|1|1|0|0
RZ1|CHK|160|1|38|5|1|5|5|5|1|0|1|0
RZ1|161|1|OP12-117|1|2|6|1|1|1|0|0|0
RZ1|CHK|161|1|38|4|1|5|5|5|2|0|1|0
[] Hand: [ST36-005,OP10-119,EB04-059,OP10-112]
[] Board: [OP10-114]
[] Trash: [OP11-101,OP12-117]
[] Life: 5
[] Hand: [OP13-089,OP13-083,OP13-084,OP14-096,OP13-082]
[] Trash: [OP13-092,OP14-096,OP13-091,OP13-086,OP13-096,OP13-086,OP13-084,OP13-080,OP13-092,OP13-098,OP13-091,OP13-086,OP13-089]
[] Board: [OP13-083]
[] Life: 4
[You] End Turn
[] Hand: [OP13-089,OP13-083,OP13-084,OP14-096,OP13-082]
[] Board: [OP13-083]
[] Trash: [OP13-092,OP14-096,OP13-091,OP13-086,OP13-096,OP13-086,OP13-084,OP13-080,OP13-092,OP13-098,OP13-091,OP13-086,OP13-089]
[] Life: 4
[] Hand: [ST36-005,OP10-119,EB04-059,OP10-112]
[] Trash: [OP11-101,OP12-117]
[] Board: [OP10-114]
[] Life: 5
[Opponent] Draw 1 Card
[] Drew card from deck: St. Ethanbaron V. Nusjuro ["OP13-080">OP13-080]
RZ1|162|2|OP13-080|0|25|1|5|1|1|0|0|0
RZ1|CHK|162|2|25|6|1|4|6|4|13|1|1|0
RZ1|163|2|Don|4|5|5|4|1|1|0|0|0
RZ1|CHK|163|2|25|6|1|4|5|5|13|1|1|0
RZ1|164|2|Don|4|4|5|5|1|1|0|0|0
RZ1|CHK|164|2|25|6|1|4|4|6|13|1|1|0
[Opponent] Draw 2 Don
[Opponent] The Empty Throne ["OP13-099">OP13-099]: Rest 3 Don
RZ1|165|2|Don|5|0|5|0|1|1|1|0|0
RZ1|CHK|165|2|25|6|1|4|4|6|13|1|1|0
RZ1|166|2|Don|5|1|5|1|1|1|1|0|0
RZ1|CHK|166|2|25|6|1|4|4|6|13|1|1|0
RZ1|167|2|Don|5|2|5|2|1|1|1|0|0
RZ1|CHK|167|2|25|6|1|4|4|6|13|1|1|0
[Opponent] The Empty Throne ["OP13-099">OP13-099]: Rest The Empty Throne ["OP13-099">OP13-099]
RZ1|168|2|OP13-080|1|5|2|1|1|1|0|0|0
RZ1|CHK|168|2|25|5|2|4|4|6|13|1|1|0
[Opponent] The Empty Throne ["OP13-099">OP13-099]: Deploy St. Ethanbaron V. Nusjuro ["OP13-080">OP13-080]
[Opponent] St. Ethanbaron V. Nusjuro ["OP13-080">OP13-080] attacking Eustass "Captain" Kid ["OP10-099">OP10-099]
[Opponent] St. Ethanbaron V. Nusjuro ["OP13-080">OP13-080]: Buff X. Drake ["OP10-114">OP10-114] -2000
St. Ethanbaron V. Nusjuro ["OP13-080">OP13-080][5000] vs Eustass "Captain" Kid ["OP10-099">OP10-099][5000]
Eustass "Captain" Kid ["OP10-099">OP10-099] hit for 1 damage
RZ1|169|1|OP10-119|3|4|1|4|1|1|0|0|0
RZ1|CHK|169|1|38|5|1|4|5|5|2|0|1|0
[Opponent] St. Jaygarcia Saturn ["OP13-083">OP13-083] attacking X. Drake ["OP10-114">OP10-114]
St. Jaygarcia Saturn ["OP13-083">OP13-083][5000] vs X. Drake ["OP10-114">OP10-114][1000]
[You] X. Drake ["OP10-114">OP10-114] Destroyed
RZ1|170|1|OP10-114|2|0|6|2|1|1|0|0|0
RZ1|CHK|170|1|38|5|0|4|5|5|3|0|1|0
[Opponent] Attach 1 Don to Imu ["OP13-079">OP13-079] (1 Total)
RZ1|171|2|Don|5|5|9|9900|1|1|0|0|0
RZ1|CHK|171|2|25|5|2|4|4|5|13|1|1|1
[Opponent] Attach 1 Don to Imu ["OP13-079">OP13-079] (2 Total)
RZ1|172|2|Don|5|4|9|9901|1|1|0|0|0
RZ1|CHK|172|2|25|5|2|4|4|4|13|1|1|2
[Opponent] Imu ["OP13-079">OP13-079] attacking Eustass "Captain" Kid ["OP10-099">OP10-099]
Imu ["OP13-079">OP13-079][7000] vs Eustass "Captain" Kid ["OP10-099">OP10-099][5000]
Eustass "Captain" Kid ["OP10-099">OP10-099] hit for 1 damage
RZ1|173|1|ST36-004|3|3|1|5|1|1|0|0|0
RZ1|CHK|173|1|38|6|0|3|5|5|3|0|1|0
[] Hand: [OP13-089,OP13-083,OP13-084,OP14-096,OP13-082]
[] Board: [OP13-083,OP13-080]
[] Trash: [OP13-092,OP14-096,OP13-091,OP13-086,OP13-096,OP13-086,OP13-084,OP13-080,OP13-092,OP13-098,OP13-091,OP13-086,OP13-089]
[] Life: 4
[] Hand: [ST36-005,OP10-119,EB04-059,OP10-112,OP10-119,ST36-004]
[] Trash: [OP11-101,OP12-117,OP10-114]
[] Board: []
[] Life: 3
[Opponent] End Turn
[] Hand: [ST36-005,OP10-119,EB04-059,OP10-112,OP10-119,ST36-004]
[] Board: []
[] Trash: [OP11-101,OP12-117,OP10-114]
[] Life: 3
[] Hand: [OP13-089,OP13-083,OP13-084,OP14-096,OP13-082]
[] Trash: [OP13-092,OP14-096,OP13-091,OP13-086,OP13-096,OP13-086,OP13-084,OP13-080,OP13-092,OP13-098,OP13-091,OP13-086,OP13-089]
[] Board: [OP13-083,OP13-080]
[] Life: 4
[You] Draw 1 Card
[] Drew card from deck: Eustass "Captain" Kid ["ST36-005">ST36-005]
RZ1|174|1|ST36-005|0|37|1|6|1|1|0|0|0
RZ1|CHK|174|1|37|7|0|3|5|5|3|0|1|0
RZ1|175|1|Don|4|4|5|5|1|1|0|0|0
RZ1|CHK|175|1|37|7|0|3|4|6|3|0|1|0
RZ1|176|1|Don|4|3|5|6|1|1|0|0|0
RZ1|CHK|176|1|37|7|0|3|3|7|3|0|1|0
[You] Draw 2 Don
RZ1|177|1|Don|5|0|9|9900|1|1|0|0|0
RZ1|CHK|177|1|37|7|0|3|3|6|3|0|1|1
[You] Attach 1 Don to Eustass "Captain" Kid ["OP10-099">OP10-099] (1 Total)
[You] Eustass "Captain" Kid ["OP10-099">OP10-099] attacking St. Ethanbaron V. Nusjuro ["OP13-080">OP13-080]
[Opponent] Discard St. Shepherd Ju Peter ["OP13-084">OP13-084] for Counter 2000
RZ1|178|2|OP13-084|1|2|6|13|1|1|0|0|0
RZ1|CHK|178|2|25|4|2|4|4|4|14|1|1|2
Eustass "Captain" Kid ["OP10-099">OP10-099][6000] vs St. Ethanbaron V. Nusjuro ["OP13-080">OP13-080][7000]
Attack Fails
[You] Black Rope Dragon Twister ["EB04-059">EB04-059]: Rest 6 Don
RZ1|179|1|Don|5|0|5|0|1|1|1|0|0
RZ1|CHK|179|1|37|7|0|3|3|6|3|0|1|1
RZ1|180|1|Don|5|1|5|1|1|1|1|0|0
RZ1|CHK|180|1|37|7|0|3|3|6|3|0|1|1
RZ1|181|1|Don|5|2|5|2|1|1|1|0|0
RZ1|CHK|181|1|37|7|0|3|3|6|3|0|1|1
RZ1|182|1|Don|5|3|5|3|1|1|1|0|0
RZ1|CHK|182|1|37|7|0|3|3|6|3|0|1|1
RZ1|183|1|Don|5|4|5|4|1|1|1|0|0
RZ1|CHK|183|1|37|7|0|3|3|6|3|0|1|1
RZ1|184|1|Don|5|5|5|5|1|1|1|0|0
RZ1|CHK|184|1|37|7|0|3|3|6|3|0|1|1
RZ1|185|1|EB04-059|1|2|6|3|1|1|0|0|0
RZ1|CHK|185|1|37|6|0|3|3|6|4|0|1|1
[] Hand: [ST36-005,OP10-119,OP10-112,OP10-119,ST36-004,ST36-005]
[] Board: []
[] Trash: [OP11-101,OP12-117,OP10-114,EB04-059]
[] Life: 3
[] Hand: [OP13-089,OP13-083,OP14-096,OP13-082]
[] Trash: [OP13-092,OP14-096,OP13-091,OP13-086,OP13-096,OP13-086,OP13-084,OP13-080,OP13-092,OP13-098,OP13-091,OP13-086,OP13-089,OP13-084]
[] Board: [OP13-083,OP13-080]
[] Life: 4
[You] End Turn
[] Hand: [OP13-089,OP13-083,OP14-096,OP13-082]
[] Board: [OP13-083,OP13-080]
[] Trash: [OP13-092,OP14-096,OP13-091,OP13-086,OP13-096,OP13-086,OP13-084,OP13-080,OP13-092,OP13-098,OP13-091,OP13-086,OP13-089,OP13-084]
[] Life: 4
[] Hand: [ST36-005,OP10-119,OP10-112,OP10-119,ST36-004,ST36-005]
[] Trash: [OP11-101,OP12-117,OP10-114,EB04-059]
[] Board: []
[] Life: 3
RZ1|186|2|Don|9|9900|5|0|1|1|1|0|0
RZ1|CHK|186|2|25|4|2|4|4|5|14|1|1|1
RZ1|187|2|Don|9|9900|5|0|1|1|1|0|0
RZ1|CHK|187|2|25|4|2|4|4|6|14|1|1|0
[Opponent] Draw 1 Card
[] Drew card from deck: Bartholomew Kuma ["OP16-093">OP16-093]
RZ1|188|2|OP16-093|0|24|1|4|1|1|0|0|0
RZ1|CHK|188|2|24|5|2|4|4|6|14|1|1|0
RZ1|189|2|Don|4|3|5|6|1|1|0|0|0
RZ1|CHK|189|2|24|5|2|4|3|7|14|1|1|0
RZ1|190|2|Don|4|2|5|7|1|1|0|0|0
RZ1|CHK|190|2|24|5|2|4|2|8|14|1|1|0
[Opponent] Draw 2 Don
[Opponent] The Empty Throne ["OP13-099">OP13-099]: Rest 3 Don
RZ1|191|2|Don|5|0|5|0|1|1|1|0|0
RZ1|CHK|191|2|24|5|2|4|2|8|14|1|1|0
RZ1|192|2|Don|5|1|5|1|1|1|1|0|0
RZ1|CHK|192|2|24|5|2|4|2|8|14|1|1|0
RZ1|193|2|Don|5|2|5|2|1|1|1|0|0
RZ1|CHK|193|2|24|5|2|4|2|8|14|1|1|0
[Opponent] The Empty Throne ["OP13-099">OP13-099]: Rest The Empty Throne ["OP13-099">OP13-099]
RZ1|194|2|OP13-083|1|1|2|2|1|1|0|0|0
RZ1|CHK|194|2|24|4|3|4|2|8|14|1|1|0
[Opponent] The Empty Throne ["OP13-099">OP13-099]: Deploy St. Jaygarcia Saturn ["OP13-083">OP13-083]
RZ1|195|2|OP13-098|0|23|1|4|1|1|0|0|0
RZ1|CHK|195|2|23|5|3|4|2|8|14|1|1|0
[Opponent] St. Jaygarcia Saturn ["OP13-083">OP13-083]: <b>Reveal and Draw ...Never Existed... ["OP13-098">OP13-098]</b>
[Opponent] Placing Cards on Bottom of Deck
RZ1|196|2|OP13-084|0|22|0|0|0|0|0|0|0
RZ1|CHK|196|2|23|5|3|4|2|8|14|1|1|0
RZ1|197|2|OP13-083|0|22|0|0|0|0|0|0|0
RZ1|CHK|197|2|23|5|3|4|2|8|14|1|1|0
RZ1|198|2|OP13-089|0|22|0|0|0|0|0|0|0
RZ1|CHK|198|2|23|5|3|4|2|8|14|1|1|0
RZ1|199|2|OP13-091|0|22|0|0|0|0|0|0|0
RZ1|CHK|199|2|23|5|3|4|2|8|14|1|1|0
[Opponent] St. Ethanbaron V. Nusjuro ["OP13-080">OP13-080] attacking Eustass "Captain" Kid ["OP10-099">OP10-099]
St. Ethanbaron V. Nusjuro ["OP13-080">OP13-080][5000] vs Eustass "Captain" Kid ["OP10-099">OP10-099][5000]
Eustass "Captain" Kid ["OP10-099">OP10-099] hit for 1 damage
RZ1|200|1|OP10-114|3|2|1|6|1|1|0|0|0
RZ1|CHK|200|1|37|7|0|2|3|6|4|0|1|1
[Opponent] St. Jaygarcia Saturn ["OP13-083">OP13-083] attacking Eustass "Captain" Kid ["OP10-099">OP10-099]
[You] Discard X. Drake ["OP10-114">OP10-114] for Counter 2000
RZ1|201|1|OP10-114|1|6|6|4|1|1|0|0|0
RZ1|CHK|201|1|37|6|0|2|3|6|5|0|1|1
St. Jaygarcia Saturn ["OP13-083">OP13-083][5000] vs Eustass "Captain" Kid ["OP10-099">OP10-099][7000]
Attack Fails
RZ1|202|2|Don|5|3|5|3|1|1|1|0|0
RZ1|CHK|202|2|23|5|3|4|2|8|14|1|1|0
RZ1|203|2|Don|5|4|5|4|1|1|1|0|0
RZ1|CHK|203|2|23|5|3|4|2|8|14|1|1|0
RZ1|204|2|Don|5|5|5|5|1|1|1|0|0
RZ1|CHK|204|2|23|5|3|4|2|8|14|1|1|0
RZ1|205|2|Don|5|6|5|6|1|1|1|0|0
RZ1|CHK|205|2|23|5|3|4|2|8|14|1|1|0
[Opponent] Deploy St. Topman Warcury ["OP13-089">OP13-089]
RZ1|206|2|OP13-089|1|0|2|3|1|1|0|0|0
RZ1|CHK|206|2|23|4|4|4|2|8|14|1|1|0
[Opponent] Imu ["OP13-079">OP13-079] attacking Eustass "Captain" Kid ["OP10-099">OP10-099]
Imu ["OP13-079">OP13-079][5000] vs Eustass "Captain" Kid ["OP10-099">OP10-099][5000]
Eustass "Captain" Kid ["OP10-099">OP10-099] hit for 1 damage
RZ1|207|1|OP10-119|3|1|1|6|1|1|0|0|0
RZ1|CHK|207|1|37|7|0|1|3|6|5|0|1|1
[] Hand: [OP14-096,OP13-082,OP16-093,OP13-098]
[] Board: [OP13-083,OP13-080,OP13-083,OP13-089]
[] Trash: [OP13-092,OP14-096,OP13-091,OP13-086,OP13-096,OP13-086,OP13-084,OP13-080,OP13-092,OP13-098,OP13-091,OP13-086,OP13-089,OP13-084]
[] Life: 4
[] Hand: [ST36-005,OP10-119,OP10-112,OP10-119,ST36-004,ST36-005,OP10-119]
[] Trash: [OP11-101,OP12-117,OP10-114,EB04-059,OP10-114]
[] Board: []
[] Life: 1
[Opponent] End Turn
[] Hand: [ST36-005,OP10-119,OP10-112,OP10-119,ST36-004,ST36-005,OP10-119]
[] Board: []
[] Trash: [OP11-101,OP12-117,OP10-114,EB04-059,OP10-114]
[] Life: 1
[] Hand: [OP14-096,OP13-082,OP16-093,OP13-098]
[] Trash: [OP13-092,OP14-096,OP13-091,OP13-086,OP13-096,OP13-086,OP13-084,OP13-080,OP13-092,OP13-098,OP13-091,OP13-086,OP13-089,OP13-084]
[] Board: [OP13-083,OP13-080,OP13-083,OP13-089]
[] Life: 4
RZ1|208|1|Don|9|9900|5|0|1|1|1|0|0
RZ1|CHK|208|1|37|7|0|1|3|7|5|0|1|0
[You] Draw 1 Card
[] Drew card from deck: Killer ["ST36-002">ST36-002]
RZ1|209|1|ST36-002|0|36|1|7|1|1|0|0|0
RZ1|CHK|209|1|36|8|0|1|3|7|5|0|1|0
RZ1|210|1|Don|4|2|5|7|1|1|0|0|0
RZ1|CHK|210|1|36|8|0|1|2|8|5|0|1|0
RZ1|211|1|Don|4|1|5|8|1|1|0|0|0
RZ1|CHK|211|1|36|8|0|1|1|9|5|0|1|0
[You] Draw 2 Don
RZ1|212|1|Don|5|0|9|9900|1|1|0|0|0
RZ1|CHK|212|1|36|8|0|1|1|8|5|0|1|1
RZ1|213|1|Don|5|0|9|9901|1|1|0|0|0
RZ1|CHK|213|1|36|8|0|1|1|7|5|0|1|2
[You] Attach 2 Don to Eustass "Captain" Kid ["OP10-099">OP10-099] (2 Total)
[You] Eustass "Captain" Kid ["OP10-099">OP10-099] attacking St. Ethanbaron V. Nusjuro ["OP13-080">OP13-080]
[Opponent] St. Topman Warcury ["OP13-089">OP13-089] Blocks
Eustass "Captain" Kid ["OP10-099">OP10-099][7000] vs St. Topman Warcury ["OP13-089">OP13-089][5000]
[Opponent] St. Topman Warcury ["OP13-089">OP13-089] Destroyed
RZ1|214|2|OP13-089|2|3|6|14|1|1|0|0|0
RZ1|CHK|214|2|23|4|3|4|2|8|15|1|1|0
[] Drew card from deck: St. Jaygarcia Saturn ["OP13-083">OP13-083]
RZ1|215|2|OP13-083|0|22|1|4|1|1|0|0|0
RZ1|CHK|215|2|22|5|3|4|2|8|15|1|1|0
[Opponent] St. Topman Warcury ["OP13-089">OP13-089]: Draw 1 Card
RZ1|216|1|Don|5|0|5|0|1|1|1|0|0
RZ1|CHK|216|1|36|8|0|1|1|7|5|0|1|2
RZ1|217|1|Don|5|1|5|1|1|1|1|0|0
RZ1|CHK|217|1|36|8|0|1|1|7|5|0|1|2
RZ1|218|1|Don|5|2|5|2|1|1|1|0|0
RZ1|CHK|218|1|36|8|0|1|1|7|5|0|1|2
RZ1|219|1|Don|5|3|5|3|1|1|1|0|0
RZ1|CHK|219|1|36|8|0|1|1|7|5|0|1|2
RZ1|220|1|Don|5|4|5|4|1|1|1|0|0
RZ1|CHK|220|1|36|8|0|1|1|7|5|0|1|2
RZ1|221|1|Don|5|5|5|5|1|1|1|0|0
RZ1|CHK|221|1|36|8|0|1|1|7|5|0|1|2
RZ1|222|1|Don|5|6|5|6|1|1|1|0|0
RZ1|CHK|222|1|36|8|0|1|1|7|5|0|1|2
[You] Deploy Trafalgar Law ["OP10-119">OP10-119]
RZ1|223|1|OP10-119|1|1|2|0|1|1|0|0|0
RZ1|CHK|223|1|36|7|1|1|1|7|5|0|1|2
[You] Trafalgar Law ["OP10-119">OP10-119] revealed: Eustass "Captain" Kid ["ST36-005">ST36-005]
[You] Trafalgar Law ["OP10-119">OP10-119]: Added card to top of Life from Hand
RZ1|224|1|ST36-005|1|0|3|1|1|0|0|0|0
RZ1|CHK|224|1|36|6|1|2|1|7|5|0|1|2
[You] Trafalgar Law ["OP10-119">OP10-119]: Attach 1 Rested Don to Eustass "Captain" Kid ["OP10-099">OP10-099]
RZ1|225|1|Don|5|0|9|9902|1|1|1|0|0
RZ1|CHK|225|1|36|6|1|2|1|6|5|0|1|3
[] Hand: [OP10-112,OP10-119,ST36-004,ST36-005,OP10-119,ST36-002]
[] Board: [OP10-119]
[] Trash: [OP11-101,OP12-117,OP10-114,EB04-059,OP10-114]
[] Life: 2
[] Hand: [OP14-096,OP13-082,OP16-093,OP13-098,OP13-083]
[] Trash: [OP13-092,OP14-096,OP13-091,OP13-086,OP13-096,OP13-086,OP13-084,OP13-080,OP13-092,OP13-098,OP13-091,OP13-086,OP13-089,OP13-084,OP13-089]
[] Board: [OP13-083,OP13-080,OP13-083]
[] Life: 4
[You] End Turn
[] Hand: [OP14-096,OP13-082,OP16-093,OP13-098,OP13-083]
[] Board: [OP13-083,OP13-080,OP13-083]
[] Trash: [OP13-092,OP14-096,OP13-091,OP13-086,OP13-096,OP13-086,OP13-084,OP13-080,OP13-092,OP13-098,OP13-091,OP13-086,OP13-089,OP13-084,OP13-089]
[] Life: 4
[] Hand: [OP10-112,OP10-119,ST36-004,ST36-005,OP10-119,ST36-002]
[] Trash: [OP11-101,OP12-117,OP10-114,EB04-059,OP10-114]
[] Board: [OP10-119]
[] Life: 2
[Opponent] Draw 1 Card
[] Drew card from deck: Bartholomew Kuma ["OP16-093">OP16-093]
RZ1|226|2|OP16-093|0|21|1|5|1|1|0|0|0
RZ1|CHK|226|2|21|6|3|4|2|8|15|1|1|0
RZ1|227|2|Don|4|1|5|8|1|1|0|0|0
RZ1|CHK|227|2|21|6|3|4|1|9|15|1|1|0
RZ1|228|2|Don|4|0|5|9|1|1|0|0|0
RZ1|CHK|228|2|21|6|3|4|0|10|15|1|1|0
[Opponent] Draw 2 Don
[Opponent] Attach 1 Don to St. Jaygarcia Saturn ["OP13-083">OP13-083] (1 Total)
RZ1|229|2|Don|5|9|9|0|1|1|0|0|0
RZ1|CHK|229|2|21|6|3|4|0|9|15|1|1|1
[Opponent] Attach 1 Don to St. Jaygarcia Saturn ["OP13-083">OP13-083] (2 Total)
RZ1|230|2|Don|5|8|9|1|1|1|0|0|0
RZ1|CHK|230|2|21|6|3|4|0|8|15|1|1|2
[Opponent] St. Jaygarcia Saturn ["OP13-083">OP13-083] attacking Eustass "Captain" Kid ["OP10-099">OP10-099]
St. Jaygarcia Saturn ["OP13-083">OP13-083][7000] vs Eustass "Captain" Kid ["OP10-099">OP10-099][5000]
Eustass "Captain" Kid ["OP10-099">OP10-099] hit for 1 damage
RZ1|231|1|ST36-005|3|1|1|6|1|1|0|0|0
RZ1|CHK|231|1|36|7|1|1|1|6|5|0|1|3
[Opponent] Attach 1 Don to St. Jaygarcia Saturn ["OP13-083">OP13-083] (1 Total)
RZ1|232|2|Don|5|7|9|200|1|1|0|0|0
RZ1|CHK|232|2|21|6|3|4|0|7|15|1|1|3
[Opponent] Attach 1 Don to St. Jaygarcia Saturn ["OP13-083">OP13-083] (2 Total)
RZ1|233|2|Don|5|6|9|201|1|1|0|0|0
RZ1|CHK|233|2|21|6|3|4|0|6|15|1|1|4
[Opponent] St. Jaygarcia Saturn ["OP13-083">OP13-083] attacking Eustass "Captain" Kid ["OP10-099">OP10-099]
St. Jaygarcia Saturn ["OP13-083">OP13-083][7000] vs Eustass "Captain" Kid ["OP10-099">OP10-099][5000]
Eustass "Captain" Kid ["OP10-099">OP10-099] hit for 1 damage
RZ1|234|1|ST36-001|3|0|1|7|1|1|0|0|0
RZ1|CHK|234|1|36|8|1|0|1|6|5|0|1|3
[Opponent] Attach 1 Don to St. Ethanbaron V. Nusjuro ["OP13-080">OP13-080] (1 Total)
RZ1|235|2|Don|5|5|9|100|1|1|0|0|0
RZ1|CHK|235|2|21|6|3|4|0|5|15|1|1|5
[Opponent] St. Ethanbaron V. Nusjuro ["OP13-080">OP13-080] attacking Eustass "Captain" Kid ["OP10-099">OP10-099]
[Opponent] St. Ethanbaron V. Nusjuro ["OP13-080">OP13-080]: Buff Trafalgar Law ["OP10-119">OP10-119] -2000
St. Ethanbaron V. Nusjuro ["OP13-080">OP13-080][6000] vs Eustass "Captain" Kid ["OP10-099">OP10-099][5000]
Eustass "Captain" Kid ["OP10-099">OP10-099] hit for 1 damage
[You] <b>Downloaded the Combat Log!</b>
GameOver
