Version is 1.41b
[You] Leader is Imu ["OP13-079">OP13-079]
RZ1|HDR|1.41b|2|RZ1
RZ1|PLY|1||OP13-079
RZ1|PLY|2||
[Opponent] Leader is Marshall D. Teach ["OP16-080">OP16-080]
RZ1|1|2|OP09-086|0|6|0|0|0|0|0|0|0
RZ1|CHK|1|2|50|0|0|0|10|0|0|0|1|0
RZ1|2|2|OP16-108|0|30|0|1|0|0|0|0|0
RZ1|CHK|2|2|50|0|0|0|10|0|0|0|1|0
RZ1|3|2|OP09-093|0|9|0|2|0|0|0|0|0
RZ1|CHK|3|2|50|0|0|0|10|0|0|0|1|0
RZ1|4|2|OP16-115|0|43|0|3|0|0|0|0|0
RZ1|CHK|4|2|50|0|0|0|10|0|0|0|1|0
RZ1|5|2|OP16-108|0|32|0|6|0|0|0|0|0
RZ1|CHK|5|2|50|0|0|0|10|0|0|0|1|0
RZ1|6|2|OP16-116|0|45|0|7|0|0|0|0|0
RZ1|CHK|6|2|50|0|0|0|10|0|0|0|1|0
RZ1|7|2|OP06-115|0|44|0|8|0|0|0|0|0
RZ1|CHK|7|2|50|0|0|0|10|0|0|0|1|0
RZ1|8|2|OP16-110|0|25|0|9|0|0|0|0|0
RZ1|CHK|8|2|50|0|0|0|10|0|0|0|1|0
RZ1|9|2|OP16-110|0|23|0|10|0|0|0|0|0
RZ1|CHK|9|2|50|0|0|0|10|0|0|0|1|0
RZ1|10|2|OP16-119|0|36|0|11|0|0|0|0|0
RZ1|CHK|10|2|50|0|0|0|10|0|0|0|1|0
RZ1|11|2|OP09-093|0|18|0|12|0|0|0|0|0
RZ1|CHK|11|2|50|0|0|0|10|0|0|0|1|0
RZ1|12|2|OP16-108|0|35|0|13|0|0|0|0|0
RZ1|CHK|12|2|50|0|0|0|10|0|0|0|1|0
RZ1|13|2|OP09-099|0|48|0|14|0|0|0|0|0
RZ1|CHK|13|2|50|0|0|0|10|0|0|0|1|0
RZ1|14|2|OP16-109|0|26|0|15|0|0|0|0|0
RZ1|CHK|14|2|50|0|0|0|10|0|0|0|1|0
RZ1|15|2|OP16-115|0|46|0|16|0|0|0|0|0
RZ1|CHK|15|2|50|0|0|0|10|0|0|0|1|0
RZ1|16|2|OP16-104|0|34|0|17|0|0|0|0|0
RZ1|CHK|16|2|50|0|0|0|10|0|0|0|1|0
RZ1|17|2|OP09-099|0|49|0|18|0|0|0|0|0
RZ1|CHK|17|2|50|0|0|0|10|0|0|0|1|0
RZ1|18|2|OP09-096|0|43|0|19|0|0|0|0|0
RZ1|CHK|18|2|50|0|0|0|10|0|0|0|1|0
RZ1|19|2|OP16-119|0|41|0|20|0|0|0|0|0
RZ1|CHK|19|2|50|0|0|0|10|0|0|0|1|0
RZ1|20|2|OP09-086|0|23|0|21|0|0|0|0|0
RZ1|CHK|20|2|50|0|0|0|10|0|0|0|1|0
RZ1|21|2|OP09-099|0|49|0|22|0|0|0|0|0
RZ1|CHK|21|2|50|0|0|0|10|0|0|0|1|0
RZ1|22|2|OP12-112|0|35|0|23|0|0|0|0|0
RZ1|CHK|22|2|50|0|0|0|10|0|0|0|1|0
RZ1|23|2|OP06-115|0|48|0|24|0|0|0|0|0
RZ1|CHK|23|2|50|0|0|0|10|0|0|0|1|0
RZ1|24|2|OP12-112|0|37|0|27|0|0|0|0|0
RZ1|CHK|24|2|50|0|0|0|10|0|0|0|1|0
RZ1|25|2|OP09-093|0|31|0|28|0|0|0|0|0
RZ1|CHK|25|2|50|0|0|0|10|0|0|0|1|0
RZ1|26|2|OP16-109|0|35|0|29|0|0|0|0|0
RZ1|CHK|26|2|50|0|0|0|10|0|0|0|1|0
RZ1|27|2|OP09-093|0|32|0|30|0|0|0|0|0
RZ1|CHK|27|2|50|0|0|0|10|0|0|0|1|0
RZ1|28|2|OP16-119|0|44|0|31|0|0|0|0|0
RZ1|CHK|28|2|50|0|0|0|10|0|0|0|1|0
RZ1|29|2|OP12-119|0|43|0|32|0|0|0|0|0
RZ1|CHK|29|2|50|0|0|0|10|0|0|0|1|0
RZ1|30|2|OP16-104|0|40|0|33|0|0|0|0|0
RZ1|CHK|30|2|50|0|0|0|10|0|0|0|1|0
RZ1|31|2|OP09-096|0|46|0|34|0|0|0|0|0
RZ1|CHK|31|2|50|0|0|0|10|0|0|0|1|0
RZ1|32|2|OP16-110|0|41|0|35|0|0|0|0|0
RZ1|CHK|32|2|50|0|0|0|10|0|0|0|1|0
RZ1|33|2|OP16-109|0|39|0|36|0|0|0|0|0
RZ1|CHK|33|2|50|0|0|0|10|0|0|0|1|0
RZ1|34|2|OP09-096|0|48|0|37|0|0|0|0|0
RZ1|CHK|34|2|50|0|0|0|10|0|0|0|1|0
RZ1|35|2|OP09-096|0|48|0|38|0|0|0|0|0
RZ1|CHK|35|2|50|0|0|0|10|0|0|0|1|0
RZ1|36|2|OP16-104|0|44|0|39|0|0|0|0|0
RZ1|CHK|36|2|50|0|0|0|10|0|0|0|1|0
RZ1|37|2|OP16-102|0|42|0|40|0|0|0|0|0
RZ1|CHK|37|2|50|0|0|0|10|0|0|0|1|0
RZ1|38|2|OP16-104|0|45|0|41|0|0|0|0|0
RZ1|CHK|38|2|50|0|0|0|10|0|0|0|1|0
RZ1|39|2|OP16-109|0|44|0|42|0|0|0|0|0
RZ1|CHK|39|2|50|0|0|0|10|0|0|0|1|0
RZ1|40|2|OP12-119|0|46|0|43|0|0|0|0|0
RZ1|CHK|40|2|50|0|0|0|10|0|0|0|1|0
RZ1|41|2|OP16-119|0|48|0|45|0|0|0|0|0
RZ1|CHK|41|2|50|0|0|0|10|0|0|0|1|0
RZ1|42|2|OP16-108|0|48|0|47|0|0|0|0|0
RZ1|CHK|42|2|50|0|0|0|10|0|0|0|1|0
RZ1|43|2|OP16-116|0|49|0|48|0|0|0|0|0
RZ1|CHK|43|2|50|0|0|0|10|0|0|0|1|0
RZ1|44|1|OP13-099|0|32|7|0|1|1|0|0|0
RZ1|CHK|44|1|49|0|0|0|10|0|0|1|1|0
[You] Imu ["OP13-079">OP13-079]: Deploy The Empty Throne ["OP13-099">OP13-099]
RZ1|45|1|OP13-091|0|32|0|0|0|0|0|0|0
RZ1|CHK|45|1|49|0|0|0|10|0|0|1|1|0
RZ1|46|1|OP13-096|0|43|0|1|0|0|0|0|0
RZ1|CHK|46|1|49|0|0|0|10|0|0|1|1|0
RZ1|47|1|OP13-086|0|40|0|2|0|0|0|0|0
RZ1|CHK|47|1|49|0|0|0|10|0|0|1|1|0
RZ1|48|1|OP13-098|0|38|0|3|0|0|0|0|0
RZ1|CHK|48|1|49|0|0|0|10|0|0|1|1|0
RZ1|49|1|OP13-083|0|24|0|4|0|0|0|0|0
RZ1|CHK|49|1|49|0|0|0|10|0|0|1|1|0
RZ1|50|1|OP13-091|0|48|0|5|0|0|0|0|0
RZ1|CHK|50|1|49|0|0|0|10|0|0|1|1|0
RZ1|51|1|OP13-092|0|39|0|6|0|0|0|0|0
RZ1|CHK|51|1|49|0|0|0|10|0|0|1|1|0
RZ1|52|1|OP13-096|0|24|0|8|0|0|0|0|0
RZ1|CHK|52|1|49|0|0|0|10|0|0|1|1|0
RZ1|53|1|OP13-083|0|33|0|9|0|0|0|0|0
RZ1|CHK|53|1|49|0|0|0|10|0|0|1|1|0
RZ1|54|1|OP13-086|0|45|0|11|0|0|0|0|0
RZ1|CHK|54|1|49|0|0|0|10|0|0|1|1|0
RZ1|55|1|OP13-083|0|29|0|12|0|0|0|0|0
RZ1|CHK|55|1|49|0|0|0|10|0|0|1|1|0
RZ1|56|1|OP16-093|0|40|0|13|0|0|0|0|0
RZ1|CHK|56|1|49|0|0|0|10|0|0|1|1|0
RZ1|57|1|OP13-082|0|23|0|14|0|0|0|0|0
RZ1|CHK|57|1|49|0|0|0|10|0|0|1|1|0
RZ1|58|1|OP14-096|0|29|0|16|0|0|0|0|0
RZ1|CHK|58|1|49|0|0|0|10|0|0|1|1|0
RZ1|59|1|OP13-080|0|20|0|17|0|0|0|0|0
RZ1|CHK|59|1|49|0|0|0|10|0|0|1|1|0
RZ1|60|1|OP13-084|0|41|0|18|0|0|0|0|0
RZ1|CHK|60|1|49|0|0|0|10|0|0|1|1|0
RZ1|61|1|OP13-082|0|37|0|19|0|0|0|0|0
RZ1|CHK|61|1|49|0|0|0|10|0|0|1|1|0
RZ1|62|1|OP13-080|0|42|0|20|0|0|0|0|0
RZ1|CHK|62|1|49|0|0|0|10|0|0|1|1|0
RZ1|63|1|OP16-093|0|39|0|21|0|0|0|0|0
RZ1|CHK|63|1|49|0|0|0|10|0|0|1|1|0
RZ1|64|1|OP14-096|0|24|0|22|0|0|0|0|0
RZ1|CHK|64|1|49|0|0|0|10|0|0|1|1|0
RZ1|65|1|OP14-096|0|27|0|23|0|0|0|0|0
RZ1|CHK|65|1|49|0|0|0|10|0|0|1|1|0
RZ1|66|1|OP14-096|0|42|0|24|0|0|0|0|0
RZ1|CHK|66|1|49|0|0|0|10|0|0|1|1|0
RZ1|67|1|OP13-084|0|26|0|25|0|0|0|0|0
RZ1|CHK|67|1|49|0|0|0|10|0|0|1|1|0
RZ1|68|1|OP13-089|0|29|0|26|0|0|0|0|0
RZ1|CHK|68|1|49|0|0|0|10|0|0|1|1|0
RZ1|69|1|OP13-080|0|36|0|27|0|0|0|0|0
RZ1|CHK|69|1|49|0|0|0|10|0|0|1|1|0
RZ1|70|1|OP13-091|0|46|0|28|0|0|0|0|0
RZ1|CHK|70|1|49|0|0|0|10|0|0|1|1|0
RZ1|71|1|OP13-080|0|47|0|29|0|0|0|0|0
RZ1|CHK|71|1|49|0|0|0|10|0|0|1|1|0
RZ1|72|1|OP16-093|0|42|0|30|0|0|0|0|0
RZ1|CHK|72|1|49|0|0|0|10|0|0|1|1|0
RZ1|73|1|OP13-098|0|38|0|31|0|0|0|0|0
RZ1|CHK|73|1|49|0|0|0|10|0|0|1|1|0
RZ1|74|1|OP13-084|0|37|0|32|0|0|0|0|0
RZ1|CHK|74|1|49|0|0|0|10|0|0|1|1|0
RZ1|75|1|OP13-096|0|38|0|33|0|0|0|0|0
RZ1|CHK|75|1|49|0|0|0|10|0|0|1|1|0
RZ1|76|1|OP13-092|0|45|0|34|0|0|0|0|0
RZ1|CHK|76|1|49|0|0|0|10|0|0|1|1|0
RZ1|77|1|OP13-082|0|37|0|35|0|0|0|0|0
RZ1|CHK|77|1|49|0|0|0|10|0|0|1|1|0
RZ1|78|1|OP13-086|0|46|0|36|0|0|0|0|0
RZ1|CHK|78|1|49|0|0|0|10|0|0|1|1|0
RZ1|79|1|OP13-098|0|47|0|37|0|0|0|0|0
RZ1|CHK|79|1|49|0|0|0|10|0|0|1|1|0
RZ1|80|1|OP13-091|0|42|0|38|0|0|0|0|0
RZ1|CHK|80|1|49|0|0|0|10|0|0|1|1|0
RZ1|81|1|OP13-098|0|47|0|39|0|0|0|0|0
RZ1|CHK|81|1|49|0|0|0|10|0|0|1|1|0
RZ1|82|1|OP13-084|0|47|0|40|0|0|0|0|0
RZ1|CHK|82|1|49|0|0|0|10|0|0|1|1|0
RZ1|83|1|OP05-097|0|44|0|41|0|0|0|0|0
RZ1|CHK|83|1|49|0|0|0|10|0|0|1|1|0
RZ1|84|1|OP13-089|0|46|0|42|0|0|0|0|0
RZ1|CHK|84|1|49|0|0|0|10|0|0|1|1|0
RZ1|85|1|OP13-083|0|48|0|43|0|0|0|0|0
RZ1|CHK|85|1|49|0|0|0|10|0|0|1|1|0
RZ1|86|1|OP13-092|0|46|0|44|0|0|0|0|0
RZ1|CHK|86|1|49|0|0|0|10|0|0|1|1|0
RZ1|87|1|OP13-082|0|47|0|45|0|0|0|0|0
RZ1|CHK|87|1|49|0|0|0|10|0|0|1|1|0
RZ1|88|1|OP13-089|0|48|0|46|0|0|0|0|0
RZ1|CHK|88|1|49|0|0|0|10|0|0|1|1|0
RZ1|89|1|OP13-089|0|48|0|47|0|0|0|0|0
RZ1|CHK|89|1|49|0|0|0|10|0|0|1|1|0
[] Drew card from deck: St. Shalria ["OP13-086">OP13-086]
RZ1|90|1|OP13-086|0|48|1|0|1|1|0|0|0
RZ1|CHK|90|1|48|1|0|0|10|0|0|1|1|0
[] Drew card from deck: St. Topman Warcury ["OP13-089">OP13-089]
RZ1|91|1|OP13-089|0|47|1|1|1|1|0|0|0
RZ1|CHK|91|1|47|2|0|0|10|0|0|1|1|0
[] Drew card from deck: St. Topman Warcury ["OP13-089">OP13-089]
RZ1|92|1|OP13-089|0|46|1|2|1|1|0|0|0
RZ1|CHK|92|1|46|3|0|0|10|0|0|1|1|0
[] Drew card from deck: Five Elders ["OP13-082">OP13-082]
RZ1|93|1|OP13-082|0|45|1|3|1|1|0|0|0
RZ1|CHK|93|1|45|4|0|0|10|0|0|1|1|0
[] Drew card from deck: St. Mjosgard ["OP13-092">OP13-092]
RZ1|94|1|OP13-092|0|44|1|4|1|1|0|0|0
RZ1|CHK|94|1|44|5|0|0|10|0|0|1|1|0
[] Drew card from deck: Vasco Shot ["OP16-110">OP16-110]
RZ1|95|2|OP16-110|0|49|1|0|1|1|0|0|0
RZ1|CHK|95|2|49|1|0|0|10|0|0|0|1|0
[] Drew card from deck: ZEHAHAHAHA ["OP16-116">OP16-116]
RZ1|96|2|OP16-116|0|48|1|1|1|1|0|0|0
RZ1|CHK|96|2|48|2|0|0|10|0|0|0|1|0
[] Drew card from deck: Shiryu ["OP16-108">OP16-108]
RZ1|97|2|OP16-108|0|47|1|2|1|1|0|0|0
RZ1|CHK|97|2|47|3|0|0|10|0|0|0|1|0
[] Drew card from deck: Jesus Burgess ["OP09-086">OP09-086]
RZ1|98|2|OP09-086|0|46|1|3|1|1|0|0|0
RZ1|CHK|98|2|46|4|0|0|10|0|0|0|1|0
[] Drew card from deck: Marshall D. Teach ["OP16-119">OP16-119]
RZ1|99|2|OP16-119|0|45|1|4|1|1|0|0|0
RZ1|CHK|99|2|45|5|0|0|10|0|0|0|1|0
RZ1|100|1|OP13-083|0|43|3|0|1|0|0|0|0
RZ1|CHK|100|1|43|5|0|1|10|0|0|1|1|0
RZ1|101|1|OP13-089|0|42|3|1|1|0|0|0|0
RZ1|CHK|101|1|42|5|0|2|10|0|0|1|1|0
RZ1|102|1|OP05-097|0|41|3|2|1|0|0|0|0
RZ1|CHK|102|1|41|5|0|3|10|0|0|1|1|0
RZ1|103|1|OP13-084|0|40|3|3|1|0|0|0|0
RZ1|CHK|103|1|40|5|0|4|10|0|0|1|1|0
RZ1|104|2|OP09-086|0|44|3|0|0|1|0|0|0
RZ1|CHK|104|2|44|5|0|1|10|0|0|0|1|0
RZ1|105|2|OP12-119|0|43|3|1|0|1|0|0|0
RZ1|CHK|105|2|43|5|0|2|10|0|0|0|1|0
RZ1|106|2|OP16-109|0|42|3|2|0|1|0|0|0
RZ1|CHK|106|2|42|5|0|3|10|0|0|0|1|0
RZ1|107|2|OP16-104|0|41|3|3|0|1|0|0|0
RZ1|CHK|107|2|41|5|0|4|10|0|0|0|1|0
[] Hand: [OP13-086,OP13-089,OP13-089,OP13-082,OP13-092]
[] Board: []
[] Trash: []
[] Life: 4
[] Hand: [OP16-110,OP16-116,OP16-108,OP09-086,OP16-119]
[] Trash: []
[] Board: []
[] Life: 4
RZ1|108|1|Don|4|9|5|0|1|1|0|0|0
RZ1|CHK|108|1|40|5|0|4|9|1|0|1|1|0
[You] Draw 1 Don
RZ1|109|1|Don|5|0|5|0|1|1|1|0|0
RZ1|CHK|109|1|40|5|0|4|9|1|0|1|1|0
[You] Deploy St. Shalria ["OP13-086">OP13-086]
RZ1|110|1|OP13-086|1|0|2|0|1|1|0|0|0
RZ1|CHK|110|1|40|4|1|4|9|1|0|1|1|0
RZ1|111|1|OP13-091|0|38|1|4|1|1|0|0|0
RZ1|CHK|111|1|39|5|1|4|9|1|0|1|1|0
[You] St. Shalria ["OP13-086">OP13-086]: <b>Reveal and Draw St. Marcus Mars ["OP13-091">OP13-091]</b>
[You] St. Shalria ["OP13-086">OP13-086]: Trash 2 Remaining Cards
RZ1|112|1|OP13-098|0|38|6|0|1|1|0|0|0
RZ1|CHK|112|1|38|5|1|4|9|1|1|1|1|0
RZ1|113|1|OP13-098|0|37|6|1|1|1|0|0|0
RZ1|CHK|113|1|37|5|1|4|9|1|2|1|1|0
RZ1|114|1|OP13-091|1|4|6|2|1|1|0|0|0
RZ1|CHK|114|1|37|4|1|4|9|1|3|1|1|0
[You] St. Shalria ["OP13-086">OP13-086]: Trash St. Marcus Mars ["OP13-091">OP13-091]
RZ1|115|1|OP13-089|1|0|6|3|1|1|0|0|0
RZ1|CHK|115|1|37|3|1|4|9|1|4|1|1|0
[You] Imu ["OP13-079">OP13-079]: Trash St. Topman Warcury ["OP13-089">OP13-089]
[] Drew card from deck: St. Shalria ["OP13-086">OP13-086]
RZ1|116|1|OP13-086|0|36|1|3|1|1|0|0|0
RZ1|CHK|116|1|36|4|1|4|9|1|4|1|1|0
[You] Imu ["OP13-079">OP13-079]: Draw 1 Card
[] Hand: [OP13-089,OP13-082,OP13-092,OP13-086]
[] Board: [OP13-086]
[] Trash: [OP13-098,OP13-098,OP13-091,OP13-089]
[] Life: 4
[] Hand: [OP16-110,OP16-116,OP16-108,OP09-086,OP16-119]
[] Trash: []
[] Board: []
[] Life: 4
[You] End Turn
[] Hand: [OP16-110,OP16-116,OP16-108,OP09-086,OP16-119]
[] Board: []
[] Trash: []
[] Life: 4
[] Hand: [OP13-089,OP13-082,OP13-092,OP13-086]
[] Trash: [OP13-098,OP13-098,OP13-091,OP13-089]
[] Board: [OP13-086]
[] Life: 4
[Opponent] Draw 1 Card
[] Drew card from deck: Avalo Pizarro ["OP16-102">OP16-102]
RZ1|117|2|OP16-102|0|40|1|5|1|1|0|0|0
RZ1|CHK|117|2|40|6|0|4|10|0|0|0|1|0
RZ1|118|2|Don|4|9|5|0|1|1|0|0|0
RZ1|CHK|118|2|40|6|0|4|9|1|0|0|1|0
RZ1|119|2|Don|4|8|5|1|1|1|0|0|0
RZ1|CHK|119|2|40|6|0|4|8|2|0|0|1|0
[Opponent] Draw 2 Don
RZ1|120|2|Don|5|0|5|0|1|1|1|0|0
RZ1|CHK|120|2|40|6|0|4|8|2|0|0|1|0
[Opponent] Deploy Vasco Shot ["OP16-110">OP16-110]
RZ1|121|2|OP16-110|1|0|2|0|1|1|0|0|0
RZ1|CHK|121|2|40|5|1|4|8|2|0|0|1|0
[] Hand: [OP16-116,OP16-108,OP09-086,OP16-119,OP16-102]
[] Board: [OP16-110]
[] Trash: []
[] Life: 4
[] Hand: [OP13-089,OP13-082,OP13-092,OP13-086]
[] Trash: [OP13-098,OP13-098,OP13-091,OP13-089]
[] Board: [OP13-086]
[] Life: 4
[Opponent] End Turn
[] Hand: [OP13-089,OP13-082,OP13-092,OP13-086]
[] Board: [OP13-086]
[] Trash: [OP13-098,OP13-098,OP13-091,OP13-089]
[] Life: 4
[] Hand: [OP16-116,OP16-108,OP09-086,OP16-119,OP16-102]
[] Trash: []
[] Board: [OP16-110]
[] Life: 4
[You] Draw 1 Card
[] Drew card from deck: Five Elders ["OP13-082">OP13-082]
RZ1|122|1|OP13-082|0|35|1|4|1|1|0|0|0
RZ1|CHK|122|1|35|5|1|4|9|1|4|1|1|0
RZ1|123|1|Don|4|8|5|1|1|1|0|0|0
RZ1|CHK|123|1|35|5|1|4|8|2|4|1|1|0
RZ1|124|1|Don|4|7|5|2|1|1|0|0|0
RZ1|CHK|124|1|35|5|1|4|7|3|4|1|1|0
[You] Draw 2 Don
RZ1|125|1|Don|5|0|5|0|1|1|1|0|0
RZ1|CHK|125|1|35|5|1|4|7|3|4|1|1|0
[You] Deploy St. Shalria ["OP13-086">OP13-086]
RZ1|126|1|OP13-086|1|3|2|1|1|1|0|0|0
RZ1|CHK|126|1|35|4|2|4|7|3|4|1|1|0
RZ1|127|1|OP13-084|0|32|1|4|1|1|0|0|0
RZ1|CHK|127|1|34|5|2|4|7|3|4|1|1|0
[You] St. Shalria ["OP13-086">OP13-086]: <b>Reveal and Draw St. Shepherd Ju Peter ["OP13-084">OP13-084]</b>
[You] St. Shalria ["OP13-086">OP13-086]: Trash 2 Remaining Cards
RZ1|128|1|OP13-092|0|33|6|4|1|1|0|0|0
RZ1|CHK|128|1|33|5|2|4|7|3|5|1|1|0
RZ1|129|1|OP13-096|0|32|6|5|1|1|0|0|0
RZ1|CHK|129|1|32|5|2|4|7|3|6|1|1|0
RZ1|130|1|OP13-089|1|0|6|6|1|1|0|0|0
RZ1|CHK|130|1|32|4|2|4|7|3|7|1|1|0
[You] St. Shalria ["OP13-086">OP13-086]: Trash St. Topman Warcury ["OP13-089">OP13-089]
RZ1|131|1|Don|5|1|9|9900|1|1|0|0|0
RZ1|CHK|131|1|32|4|2|4|7|2|7|1|1|1
RZ1|132|1|Don|5|1|9|9901|1|1|0|0|0
RZ1|CHK|132|1|32|4|2|4|7|1|7|1|1|2
[You] Imu ["OP13-079">OP13-079] attacking Marshall D. Teach ["OP16-080">OP16-080]
Imu ["OP13-079">OP13-079][7000] vs Marshall D. Teach ["OP16-080">OP16-080][5000]
Marshall D. Teach ["OP16-080">OP16-080] hit for 1 damage
RZ1|133|2|OP16-104|3|3|1|5|1|1|0|0|0
RZ1|CHK|133|2|40|6|1|3|8|2|0|0|1|0
[] Hand: [OP13-082,OP13-092,OP13-082,OP13-084]
[] Board: [OP13-086,OP13-086]
[] Trash: [OP13-098,OP13-098,OP13-091,OP13-089,OP13-092,OP13-096,OP13-089]
[] Life: 4
[] Hand: [OP16-116,OP16-108,OP09-086,OP16-119,OP16-102,OP16-104]
[] Trash: []
[] Board: [OP16-110]
[] Life: 3
[You] End Turn
[] Hand: [OP16-116,OP16-108,OP09-086,OP16-119,OP16-102,OP16-104]
[] Board: [OP16-110]
[] Trash: []
[] Life: 3
[] Hand: [OP13-082,OP13-092,OP13-082,OP13-084]
[] Trash: [OP13-098,OP13-098,OP13-091,OP13-089,OP13-092,OP13-096,OP13-089]
[] Board: [OP13-086,OP13-086]
[] Life: 4
[Opponent] Draw 1 Card
[] Drew card from deck: Catarina Devon ["OP16-104">OP16-104]
RZ1|134|2|OP16-104|0|39|1|6|1|1|0|0|0
RZ1|CHK|134|2|39|7|1|3|8|2|0|0|1|0
RZ1|135|2|Don|4|7|5|2|1|1|0|0|0
RZ1|CHK|135|2|39|7|1|3|7|3|0|0|1|0
RZ1|136|2|Don|4|6|5|3|1|1|0|0|0
RZ1|CHK|136|2|39|7|1|3|6|4|0|0|1|0
[Opponent] Draw 2 Don
[Opponent] Marshall D. Teach ["OP16-080">OP16-080] attacking Imu ["OP13-079">OP13-079]
[You] Discard St. Mjosgard ["OP13-092">OP13-092] for Counter 2000
RZ1|137|1|OP13-092|1|1|6|7|1|1|0|0|0
RZ1|CHK|137|1|32|3|2|4|7|1|8|1|1|2
Marshall D. Teach ["OP16-080">OP16-080][5000] vs Imu ["OP13-079">OP13-079][7000]
Attack Fails
RZ1|138|2|Don|5|0|5|0|1|1|1|0|0
RZ1|CHK|138|2|39|7|1|3|6|4|0|0|1|0
RZ1|139|2|Don|5|1|5|1|1|1|1|0|0
RZ1|CHK|139|2|39|7|1|3|6|4|0|0|1|0
RZ1|140|2|Don|5|2|5|2|1|1|1|0|0
RZ1|CHK|140|2|39|7|1|3|6|4|0|0|1|0
RZ1|141|2|Don|5|3|5|3|1|1|1|0|0
RZ1|CHK|141|2|39|7|1|3|6|4|0|0|1|0
[Opponent] Deploy Jesus Burgess ["OP09-086">OP09-086]
RZ1|142|2|OP09-086|1|2|2|1|1|1|0|0|0
RZ1|CHK|142|2|39|6|2|3|6|4|0|0|1|0
[] Hand: [OP16-116,OP16-108,OP16-119,OP16-102,OP16-104,OP16-104]
[] Board: [OP16-110,OP09-086]
[] Trash: []
[] Life: 3
[] Hand: [OP13-082,OP13-082,OP13-084]
[] Trash: [OP13-098,OP13-098,OP13-091,OP13-089,OP13-092,OP13-096,OP13-089,OP13-092]
[] Board: [OP13-086,OP13-086]
[] Life: 4
[Opponent] End Turn
[] Hand: [OP13-082,OP13-082,OP13-084]
[] Board: [OP13-086,OP13-086]
[] Trash: [OP13-098,OP13-098,OP13-091,OP13-089,OP13-092,OP13-096,OP13-089,OP13-092]
[] Life: 4
[] Hand: [OP16-116,OP16-108,OP16-119,OP16-102,OP16-104,OP16-104]
[] Trash: []
[] Board: [OP16-110,OP09-086]
[] Life: 3
RZ1|143|1|Don|9|9900|5|0|1|1|1|0|0
RZ1|CHK|143|1|32|3|2|4|7|2|8|1|1|1
RZ1|144|1|Don|9|9900|5|0|1|1|1|0|0
RZ1|CHK|144|1|32|3|2|4|7|3|8|1|1|0
[You] Draw 1 Card
[] Drew card from deck: ...Never Existed... ["OP13-098">OP13-098]
RZ1|145|1|OP13-098|0|31|1|3|1|1|0|0|0
RZ1|CHK|145|1|31|4|2|4|7|3|8|1|1|0
RZ1|146|1|Don|4|6|5|3|1|1|0|0|0
RZ1|CHK|146|1|31|4|2|4|6|4|8|1|1|0
RZ1|147|1|Don|4|5|5|4|1|1|0|0|0
RZ1|CHK|147|1|31|4|2|4|5|5|8|1|1|0
[You] Draw 2 Don
[You] The Empty Throne ["OP13-099">OP13-099]: Rest 3 Don
RZ1|148|1|Don|5|0|5|0|1|1|1|0|0
RZ1|CHK|148|1|31|4|2|4|5|5|8|1|1|0
RZ1|149|1|Don|5|1|5|1|1|1|1|0|0
RZ1|CHK|149|1|31|4|2|4|5|5|8|1|1|0
RZ1|150|1|Don|5|2|5|2|1|1|1|0|0
RZ1|CHK|150|1|31|4|2|4|5|5|8|1|1|0
[You] The Empty Throne ["OP13-099">OP13-099]: Rest The Empty Throne ["OP13-099">OP13-099]
RZ1|151|1|Don|5|3|9|9900|1|1|0|0|0
RZ1|CHK|151|1|31|4|2|4|5|4|8|1|1|1
[You] Imu ["OP13-079">OP13-079] attacking Marshall D. Teach ["OP16-080">OP16-080]
[Opponent] Discard Catarina Devon ["OP16-104">OP16-104] for Counter 2000
RZ1|152|2|OP16-104|1|5|6|0|1|1|0|0|0
RZ1|CHK|152|2|39|5|2|3|6|4|1|0|1|0
Imu ["OP13-079">OP13-079][6000] vs Marshall D. Teach ["OP16-080">OP16-080][7000]
Attack Fails
[You] ...Never Existed... ["OP13-098">OP13-098]: Rest 1 Don
RZ1|153|1|Don|5|3|5|3|1|1|1|0|0
RZ1|CHK|153|1|31|4|2|4|5|4|8|1|1|1
RZ1|154|1|OP13-098|1|3|6|8|1|1|0|0|0
RZ1|CHK|154|1|31|3|2|4|5|4|9|1|1|1
[] Hand: [OP13-082,OP13-082,OP13-084]
[] Board: [OP13-086,OP13-086]
[] Trash: [OP13-098,OP13-098,OP13-091,OP13-089,OP13-092,OP13-096,OP13-089,OP13-092,OP13-098]
[] Life: 4
[] Hand: [OP16-116,OP16-108,OP16-119,OP16-102,OP16-104]
[] Trash: [OP16-104]
[] Board: [OP16-110,OP09-086]
[] Life: 3
[You] End Turn
[] Hand: [OP16-116,OP16-108,OP16-119,OP16-102,OP16-104]
[] Board: [OP16-110,OP09-086]
[] Trash: [OP16-104]
[] Life: 3
[] Hand: [OP13-082,OP13-082,OP13-084]
[] Trash: [OP13-098,OP13-098,OP13-091,OP13-089,OP13-092,OP13-096,OP13-089,OP13-092,OP13-098]
[] Board: [OP13-086,OP13-086]
[] Life: 4
[Opponent] Draw 1 Card
[] Drew card from deck: This is MY AGE!!!! ["OP09-096">OP09-096]
RZ1|155|2|OP09-096|0|38|1|5|1|1|0|0|0
RZ1|CHK|155|2|38|6|2|3|6|4|1|0|1|0
RZ1|156|2|Don|4|5|5|4|1|1|0|0|0
RZ1|CHK|156|2|38|6|2|3|5|5|1|0|1|0
RZ1|157|2|Don|4|4|5|5|1|1|0|0|0
RZ1|CHK|157|2|38|6|2|3|4|6|1|0|1|0
[Opponent] Draw 2 Don
RZ1|158|2|Don|5|0|5|0|1|1|1|0|0
RZ1|CHK|158|2|38|6|2|3|4|6|1|0|1|0
RZ1|159|2|Don|5|1|5|1|1|1|1|0|0
RZ1|CHK|159|2|38|6|2|3|4|6|1|0|1|0
RZ1|160|2|Don|5|2|5|2|1|1|1|0|0
RZ1|CHK|160|2|38|6|2|3|4|6|1|0|1|0
RZ1|161|2|Don|5|3|5|3|1|1|1|0|0
RZ1|CHK|161|2|38|6|2|3|4|6|1|0|1|0
RZ1|162|2|Don|5|4|5|4|1|1|1|0|0
RZ1|CHK|162|2|38|6|2|3|4|6|1|0|1|0
RZ1|163|2|Don|5|5|5|5|1|1|1|0|0
RZ1|CHK|163|2|38|6|2|3|4|6|1|0|1|0
[Opponent] Deploy Shiryu ["OP16-108">OP16-108]
RZ1|164|2|OP16-108|1|1|2|2|1|1|0|0|0
RZ1|CHK|164|2|38|5|3|3|4|6|1|0|1|0
RZ1|165|2|OP16-104|1|3|6|1|1|1|0|0|0
RZ1|CHK|165|2|38|4|3|3|4|6|2|0|1|0
[Opponent] Shiryu ["OP16-108">OP16-108]: Trash Catarina Devon ["OP16-104">OP16-104]
[Opponent] Shiryu ["OP16-108">OP16-108]: Add Catarina Devon ["OP16-104">OP16-104] to top of Life
RZ1|166|2|OP16-104|6|1|3|3|1|1|0|0|0
RZ1|CHK|166|2|38|4|3|4|4|6|1|0|1|0
[Opponent] Marshall D. Teach ["OP16-080">OP16-080] attacking Imu ["OP13-079">OP13-079]
[You] Discard St. Shepherd Ju Peter ["OP13-084">OP13-084] for Counter 2000
RZ1|167|1|OP13-084|1|2|6|9|1|1|0|0|0
RZ1|CHK|167|1|31|2|2|4|5|4|10|1|1|1
Marshall D. Teach ["OP16-080">OP16-080][5000] vs Imu ["OP13-079">OP13-079][7000]
Attack Fails
[Opponent] Jesus Burgess ["OP09-086">OP09-086] attacking Imu ["OP13-079">OP13-079]
Jesus Burgess ["OP09-086">OP09-086][5000] vs Imu ["OP13-079">OP13-079][5000]
Imu ["OP13-079">OP13-079] hit for 1 damage
RZ1|168|1|OP13-084|3|3|1|2|1|1|0|0|0
RZ1|CHK|168|1|31|3|2|3|5|4|10|1|1|1
[] Hand: [OP16-116,OP16-119,OP16-102,OP09-096]
[] Board: [OP16-110,OP09-086,OP16-108]
[] Trash: [OP16-104]
[] Life: 4
[] Hand: [OP13-082,OP13-082,OP13-084]
[] Trash: [OP13-098,OP13-098,OP13-091,OP13-089,OP13-092,OP13-096,OP13-089,OP13-092,OP13-098,OP13-084]
[] Board: [OP13-086,OP13-086]
[] Life: 3
[Opponent] End Turn
[] Hand: [OP13-082,OP13-082,OP13-084]
[] Board: [OP13-086,OP13-086]
[] Trash: [OP13-098,OP13-098,OP13-091,OP13-089,OP13-092,OP13-096,OP13-089,OP13-092,OP13-098,OP13-084]
[] Life: 3
[] Hand: [OP16-116,OP16-119,OP16-102,OP09-096]
[] Trash: [OP16-104]
[] Board: [OP16-110,OP09-086,OP16-108]
[] Life: 4
RZ1|169|1|Don|9|9900|5|0|1|1|1|0|0
RZ1|CHK|169|1|31|3|2|3|5|5|10|1|1|0
[You] Draw 1 Card
[] Drew card from deck: Bartholomew Kuma ["OP16-093">OP16-093]
RZ1|170|1|OP16-093|0|30|1|3|1|1|0|0|0
RZ1|CHK|170|1|30|4|2|3|5|5|10|1|1|0
RZ1|171|1|Don|4|4|5|5|1|1|0|0|0
RZ1|CHK|171|1|30|4|2|3|4|6|10|1|1|0
RZ1|172|1|Don|4|3|5|6|1|1|0|0|0
RZ1|CHK|172|1|30|4|2|3|3|7|10|1|1|0
[You] Draw 2 Don
[You] The Empty Throne ["OP13-099">OP13-099]: Rest 3 Don
RZ1|173|1|Don|5|0|5|0|1|1|1|0|0
RZ1|CHK|173|1|30|4|2|3|3|7|10|1|1|0
RZ1|174|1|Don|5|1|5|1|1|1|1|0|0
RZ1|CHK|174|1|30|4|2|3|3|7|10|1|1|0
RZ1|175|1|Don|5|2|5|2|1|1|1|0|0
RZ1|CHK|175|1|30|4|2|3|3|7|10|1|1|0
[You] The Empty Throne ["OP13-099">OP13-099]: Rest The Empty Throne ["OP13-099">OP13-099]
RZ1|176|1|OP13-084|1|2|2|2|1|1|0|2000|0
RZ1|CHK|176|1|30|3|3|3|3|7|10|1|1|0
[You] The Empty Throne ["OP13-099">OP13-099]: Deploy St. Shepherd Ju Peter ["OP13-084">OP13-084]
RZ1|177|1|Don|5|3|5|3|1|1|1|0|0
RZ1|CHK|177|1|30|3|3|3|3|7|10|1|1|0
RZ1|178|1|Don|5|4|5|4|1|1|1|0|0
RZ1|CHK|178|1|30|3|3|3|3|7|10|1|1|0
RZ1|179|1|Don|5|5|5|5|1|1|1|0|0
RZ1|CHK|179|1|30|3|3|3|3|7|10|1|1|0
[You] Deploy Bartholomew Kuma ["OP16-093">OP16-093]
RZ1|180|1|OP16-093|1|2|2|3|1|1|0|0|0
RZ1|CHK|180|1|30|2|4|3|3|7|10|1|1|0
[] Drew card from deck: St. Ethanbaron V. Nusjuro ["OP13-080">OP13-080]
RZ1|181|1|OP13-080|0|29|1|2|1|1|0|0|0
RZ1|CHK|181|1|29|3|4|3|3|7|10|1|1|0
[] Drew card from deck: St. Marcus Mars ["OP13-091">OP13-091]
RZ1|182|1|OP13-091|0|28|1|3|1|1|0|0|0
RZ1|CHK|182|1|28|4|4|3|3|7|10|1|1|0
[You] Bartholomew Kuma ["OP16-093">OP16-093]: Draw 2 Card
RZ1|183|1|OP13-080|1|2|6|10|1|1|0|0|0
RZ1|CHK|183|1|28|3|4|3|3|7|11|1|1|0
[You] Bartholomew Kuma ["OP16-093">OP16-093]: Trash St. Ethanbaron V. Nusjuro ["OP13-080">OP13-080]
RZ1|184|1|OP13-091|1|2|6|11|1|1|0|0|0
RZ1|CHK|184|1|28|2|4|3|3|7|12|1|1|0
[You] Bartholomew Kuma ["OP16-093">OP16-093]: Trash St. Marcus Mars ["OP13-091">OP13-091]
[You] Bartholomew Kuma ["OP16-093">OP16-093]: Attach 1 Rested Don to St. Shalria ["OP13-086">OP13-086]
RZ1|185|1|Don|5|0|9|0|1|1|1|0|0
RZ1|CHK|185|1|28|2|4|3|3|6|12|1|1|1
[You] Imu ["OP13-079">OP13-079] attacking Jesus Burgess ["OP09-086">OP09-086]
[Opponent] Discard Avalo Pizarro ["OP16-102">OP16-102] for Counter 2000
RZ1|186|2|OP16-102|1|2|6|1|1|1|0|0|0
RZ1|CHK|186|2|38|3|3|4|4|6|2|0|1|0
Imu ["OP13-079">OP13-079][5000] vs Jesus Burgess ["OP09-086">OP09-086][7000]
Attack Fails
[] Hand: [OP13-082,OP13-082]
[] Board: [OP13-086,OP13-086,OP13-084,OP16-093]
[] Trash: [OP13-098,OP13-098,OP13-091,OP13-089,OP13-092,OP13-096,OP13-089,OP13-092,OP13-098,OP13-084,OP13-080,OP13-091]
[] Life: 3
[] Hand: [OP16-116,OP16-119,OP09-096]
[] Trash: [OP16-104,OP16-102]
[] Board: [OP16-110,OP09-086,OP16-108]
[] Life: 4
[You] End Turn
[] Hand: [OP16-116,OP16-119,OP09-096]
[] Board: [OP16-110,OP09-086,OP16-108]
[] Trash: [OP16-104,OP16-102]
[] Life: 4
[] Hand: [OP13-082,OP13-082]
[] Trash: [OP13-098,OP13-098,OP13-091,OP13-089,OP13-092,OP13-096,OP13-089,OP13-092,OP13-098,OP13-084,OP13-080,OP13-091]
[] Board: [OP13-086,OP13-086,OP13-084,OP16-093]
[] Life: 3
[Opponent] Draw 1 Card
[] Drew card from deck: This is MY AGE!!!! ["OP09-096">OP09-096]
RZ1|187|2|OP09-096|0|37|1|3|1|1|0|0|0
RZ1|CHK|187|2|37|4|3|4|4|6|2|0|1|0
RZ1|188|2|Don|4|3|5|6|1|1|0|0|0
RZ1|CHK|188|2|37|4|3|4|3|7|2|0|1|0
RZ1|189|2|Don|4|2|5|7|1|1|0|0|0
RZ1|CHK|189|2|37|4|3|4|2|8|2|0|1|0
[Opponent] Draw 2 Don
[Opponent] Jesus Burgess ["OP09-086">OP09-086] attacking Imu ["OP13-079">OP13-079]
Jesus Burgess ["OP09-086">OP09-086][5000] vs Imu ["OP13-079">OP13-079][5000]
Imu ["OP13-079">OP13-079] hit for 1 damage
RZ1|190|1|OP05-097|3|2|1|2|1|1|0|0|0
RZ1|CHK|190|1|28|3|4|2|3|6|12|1|1|1
[Opponent] Marshall D. Teach ["OP16-080">OP16-080] attacking Imu ["OP13-079">OP13-079]
Marshall D. Teach ["OP16-080">OP16-080][5000] vs Imu ["OP13-079">OP13-079][5000]
Imu ["OP13-079">OP13-079] hit for 1 damage
RZ1|191|1|OP13-089|3|1|1|3|1|1|0|0|0
RZ1|CHK|191|1|28|4|4|1|3|6|12|1|1|1
[Opponent] Shiryu ["OP16-108">OP16-108] attacking Imu ["OP13-079">OP13-079]
Shiryu ["OP16-108">OP16-108][8000] vs Imu ["OP13-079">OP13-079][5000]
Imu ["OP13-079">OP13-079] hit for 1 damage
RZ1|192|1|OP13-083|3|0|1|4|1|1|0|0|0
RZ1|CHK|192|1|28|5|4|0|3|6|12|1|1|1
[Opponent] Attach 8 Don to Vasco Shot ["OP16-110">OP16-110] (8 Total)
RZ1|193|2|Don|5|7|9|0|1|1|0|0|0
RZ1|CHK|193|2|37|4|3|4|2|7|2|0|1|1
RZ1|194|2|Don|5|6|9|1|1|1|0|0|0
RZ1|CHK|194|2|37|4|3|4|2|6|2|0|1|2
RZ1|195|2|Don|5|5|9|2|1|1|0|0|0
RZ1|CHK|195|2|37|4|3|4|2|5|2|0|1|3
RZ1|196|2|Don|5|4|9|3|1|1|0|0|0
RZ1|CHK|196|2|37|4|3|4|2|4|2|0|1|4
RZ1|197|2|Don|5|3|9|4|1|1|0|0|0
RZ1|CHK|197|2|37|4|3|4|2|3|2|0|1|5
RZ1|198|2|Don|5|2|9|5|1|1|0|0|0
RZ1|CHK|198|2|37|4|3|4|2|2|2|0|1|6
RZ1|199|2|Don|5|1|9|6|1|1|0|0|0
RZ1|CHK|199|2|37|4|3|4|2|1|2|0|1|7
RZ1|200|2|Don|5|0|9|7|1|1|0|0|0
RZ1|CHK|200|2|37|4|3|4|2|0|2|0|1|8
[Opponent] Vasco Shot ["OP16-110">OP16-110] attacking Imu ["OP13-079">OP13-079]
Vasco Shot ["OP16-110">OP16-110][10000] vs Imu ["OP13-079">OP13-079][5000]
Imu ["OP13-079">OP13-079] hit for 1 damage
[You] <b>Downloaded the Combat Log!</b>
GameOver
