Version is 1.41b.18
[You] Leader is Imu ["OP13-079">OP13-079]
RZ1|HDR|1.41b|2|RZ1
RZ1|PLY|1||OP13-079
RZ1|PLY|2||
[Opponent] Leader is Eustass "Captain" Kid ["OP10-099">OP10-099]
RZ1|1|2|OP10-114|0|13|0|0|0|0|0|0|0
RZ1|CHK|1|2|50|0|0|0|10|0|0|0|1|0
RZ1|2|2|ST36-005|0|34|0|1|0|0|0|0|0
RZ1|CHK|2|2|50|0|0|0|10|0|0|0|1|0
RZ1|3|2|OP11-101|0|11|0|2|0|0|0|0|0
RZ1|CHK|3|2|50|0|0|0|10|0|0|0|1|0
RZ1|4|2|OP11-101|0|12|0|3|0|0|0|0|0
RZ1|CHK|4|2|50|0|0|0|10|0|0|0|1|0
RZ1|5|2|OP10-119|0|38|0|4|0|0|0|0|0
RZ1|CHK|5|2|50|0|0|0|10|0|0|0|1|0
RZ1|6|2|OP10-109|0|22|0|5|0|0|0|0|0
RZ1|CHK|6|2|50|0|0|0|10|0|0|0|1|0
RZ1|7|2|OP10-109|0|22|0|6|0|0|0|0|0
RZ1|CHK|7|2|50|0|0|0|10|0|0|0|1|0
RZ1|8|2|OP12-117|0|43|0|7|0|0|0|0|0
RZ1|CHK|8|2|50|0|0|0|10|0|0|0|1|0
RZ1|9|2|ST36-001|0|21|0|9|0|0|0|0|0
RZ1|CHK|9|2|50|0|0|0|10|0|0|0|1|0
RZ1|10|2|OP10-119|0|38|0|10|0|0|0|0|0
RZ1|CHK|10|2|50|0|0|0|10|0|0|0|1|0
RZ1|11|2|OP15-105|0|15|0|11|0|0|0|0|0
RZ1|CHK|11|2|50|0|0|0|10|0|0|0|1|0
RZ1|12|2|ST36-004|0|17|0|13|0|0|0|0|0
RZ1|CHK|12|2|50|0|0|0|10|0|0|0|1|0
RZ1|13|2|ST36-002|0|29|0|14|0|0|0|0|0
RZ1|CHK|13|2|50|0|0|0|10|0|0|0|1|0
RZ1|14|2|ST36-005|0|36|0|15|0|0|0|0|0
RZ1|CHK|14|2|50|0|0|0|10|0|0|0|1|0
RZ1|15|2|ST36-005|0|37|0|16|0|0|0|0|0
RZ1|CHK|15|2|50|0|0|0|10|0|0|0|1|0
RZ1|16|2|OP10-109|0|26|0|17|0|0|0|0|0
RZ1|CHK|16|2|50|0|0|0|10|0|0|0|1|0
RZ1|17|2|ST36-003|0|36|0|18|0|0|0|0|0
RZ1|CHK|17|2|50|0|0|0|10|0|0|0|1|0
RZ1|18|2|P-088|0|30|0|19|0|0|0|0|0
RZ1|CHK|18|2|50|0|0|0|10|0|0|0|1|0
RZ1|19|2|ST36-003|0|36|0|20|0|0|0|0|0
RZ1|CHK|19|2|50|0|0|0|10|0|0|0|1|0
RZ1|20|2|P-088|0|33|0|21|0|0|0|0|0
RZ1|CHK|20|2|50|0|0|0|10|0|0|0|1|0
RZ1|21|2|ST36-004|0|25|0|22|0|0|0|0|0
RZ1|CHK|21|2|50|0|0|0|10|0|0|0|1|0
RZ1|22|2|OP15-105|0|25|0|23|0|0|0|0|0
RZ1|CHK|22|2|50|0|0|0|10|0|0|0|1|0
RZ1|23|2|ST36-005|0|37|0|24|0|0|0|0|0
RZ1|CHK|23|2|50|0|0|0|10|0|0|0|1|0
RZ1|24|2|OP10-116|0|48|0|25|0|0|0|0|0
RZ1|CHK|24|2|50|0|0|0|10|0|0|0|1|0
RZ1|25|2|EB04-059|0|49|0|26|0|0|0|0|0
RZ1|CHK|25|2|50|0|0|0|10|0|0|0|1|0
RZ1|26|2|OP12-117|0|47|0|27|0|0|0|0|0
RZ1|CHK|26|2|50|0|0|0|10|0|0|0|1|0
RZ1|27|2|OP10-112|0|45|0|28|0|0|0|0|0
RZ1|CHK|27|2|50|0|0|0|10|0|0|0|1|0
RZ1|28|2|P-088|0|38|0|29|0|0|0|0|0
RZ1|CHK|28|2|50|0|0|0|10|0|0|0|1|0
RZ1|29|2|OP10-109|0|37|0|30|0|0|0|0|0
RZ1|CHK|29|2|50|0|0|0|10|0|0|0|1|0
RZ1|30|2|OP10-119|0|43|0|31|0|0|0|0|0
RZ1|CHK|30|2|50|0|0|0|10|0|0|0|1|0
RZ1|31|2|OP11-101|0|35|0|32|0|0|0|0|0
RZ1|CHK|31|2|50|0|0|0|10|0|0|0|1|0
RZ1|32|2|OP13-116|0|49|0|33|0|0|0|0|0
RZ1|CHK|32|2|50|0|0|0|10|0|0|0|1|0
RZ1|33|2|OP13-116|0|49|0|34|0|0|0|0|0
RZ1|CHK|33|2|50|0|0|0|10|0|0|0|1|0
RZ1|34|2|OP10-112|0|47|0|35|0|0|0|0|0
RZ1|CHK|34|2|50|0|0|0|10|0|0|0|1|0
RZ1|35|2|ST36-002|0|45|0|36|0|0|0|0|0
RZ1|CHK|35|2|50|0|0|0|10|0|0|0|1|0
RZ1|36|2|OP12-117|0|49|0|37|0|0|0|0|0
RZ1|CHK|36|2|50|0|0|0|10|0|0|0|1|0
RZ1|37|2|ST36-001|0|43|0|38|0|0|0|0|0
RZ1|CHK|37|2|50|0|0|0|10|0|0|0|1|0
RZ1|38|2|ST36-002|0|45|0|39|0|0|0|0|0
RZ1|CHK|38|2|50|0|0|0|10|0|0|0|1|0
RZ1|39|2|OP10-114|0|43|0|40|0|0|0|0|0
RZ1|CHK|39|2|50|0|0|0|10|0|0|0|1|0
RZ1|40|2|OP10-111|0|42|0|41|0|0|0|0|0
RZ1|CHK|40|2|50|0|0|0|10|0|0|0|1|0
RZ1|41|2|OP10-112|0|49|0|42|0|0|0|0|0
RZ1|CHK|41|2|50|0|0|0|10|0|0|0|1|0
RZ1|42|2|ST36-004|0|44|0|43|0|0|0|0|0
RZ1|CHK|42|2|50|0|0|0|10|0|0|0|1|0
RZ1|43|2|P-088|0|46|0|44|0|0|0|0|0
RZ1|CHK|43|2|50|0|0|0|10|0|0|0|1|0
RZ1|44|2|OP10-112|0|49|0|45|0|0|0|0|0
RZ1|CHK|44|2|50|0|0|0|10|0|0|0|1|0
RZ1|45|2|ST36-002|0|48|0|46|0|0|0|0|0
RZ1|CHK|45|2|50|0|0|0|10|0|0|0|1|0
RZ1|46|2|OP10-114|0|48|0|47|0|0|0|0|0
RZ1|CHK|46|2|50|0|0|0|10|0|0|0|1|0
RZ1|47|1|OP13-099|0|24|7|0|1|1|0|0|0
RZ1|CHK|47|1|49|0|0|0|10|0|0|1|1|0
[You] Imu ["OP13-079">OP13-079]: Deploy The Empty Throne ["OP13-099">OP13-099]
RZ1|48|1|OP16-093|0|35|0|0|0|0|0|0|0
RZ1|CHK|48|1|49|0|0|0|10|0|0|1|1|0
RZ1|49|1|OP13-083|0|3|0|1|0|0|0|0|0
RZ1|CHK|49|1|49|0|0|0|10|0|0|1|1|0
RZ1|50|1|OP13-091|0|26|0|3|0|0|0|0|0
RZ1|CHK|50|1|49|0|0|0|10|0|0|1|1|0
RZ1|51|1|OP16-093|0|23|0|4|0|0|0|0|0
RZ1|CHK|51|1|49|0|0|0|10|0|0|1|1|0
RZ1|52|1|OP13-082|0|12|0|5|0|0|0|0|0
RZ1|CHK|52|1|49|0|0|0|10|0|0|1|1|0
RZ1|53|1|OP13-080|0|39|0|6|0|0|0|0|0
RZ1|CHK|53|1|49|0|0|0|10|0|0|1|1|0
RZ1|54|1|OP13-084|0|44|0|7|0|0|0|0|0
RZ1|CHK|54|1|49|0|0|0|10|0|0|1|1|0
RZ1|55|1|OP13-089|0|41|0|8|0|0|0|0|0
RZ1|CHK|55|1|49|0|0|0|10|0|0|1|1|0
RZ1|56|1|OP13-091|0|22|0|9|0|0|0|0|0
RZ1|CHK|56|1|49|0|0|0|10|0|0|1|1|0
RZ1|57|1|OP13-096|0|33|0|10|0|0|0|0|0
RZ1|CHK|57|1|49|0|0|0|10|0|0|1|1|0
RZ1|58|1|OP13-089|0|22|0|11|0|0|0|0|0
RZ1|CHK|58|1|49|0|0|0|10|0|0|1|1|0
RZ1|59|1|OP13-089|0|35|0|12|0|0|0|0|0
RZ1|CHK|59|1|49|0|0|0|10|0|0|1|1|0
RZ1|60|1|OP13-092|0|17|0|13|0|0|0|0|0
RZ1|CHK|60|1|49|0|0|0|10|0|0|1|1|0
RZ1|61|1|OP13-098|0|18|0|14|0|0|0|0|0
RZ1|CHK|61|1|49|0|0|0|10|0|0|1|1|0
RZ1|62|1|OP14-096|0|29|0|15|0|0|0|0|0
RZ1|CHK|62|1|49|0|0|0|10|0|0|1|1|0
RZ1|63|1|OP13-080|0|26|0|16|0|0|0|0|0
RZ1|CHK|63|1|49|0|0|0|10|0|0|1|1|0
RZ1|64|1|OP13-092|0|19|0|17|0|0|0|0|0
RZ1|CHK|64|1|49|0|0|0|10|0|0|1|1|0
RZ1|65|1|OP13-084|0|25|0|18|0|0|0|0|0
RZ1|CHK|65|1|49|0|0|0|10|0|0|1|1|0
RZ1|66|1|OP14-096|0|24|0|19|0|0|0|0|0
RZ1|CHK|66|1|49|0|0|0|10|0|0|1|1|0
RZ1|67|1|OP16-093|0|46|0|20|0|0|0|0|0
RZ1|CHK|67|1|49|0|0|0|10|0|0|1|1|0
RZ1|68|1|OP13-082|0|45|0|21|0|0|0|0|0
RZ1|CHK|68|1|49|0|0|0|10|0|0|1|1|0
RZ1|69|1|OP13-096|0|44|0|22|0|0|0|0|0
RZ1|CHK|69|1|49|0|0|0|10|0|0|1|1|0
RZ1|70|1|OP13-083|0|32|0|23|0|0|0|0|0
RZ1|CHK|70|1|49|0|0|0|10|0|0|1|1|0
RZ1|71|1|OP13-084|0|36|0|24|0|0|0|0|0
RZ1|CHK|71|1|49|0|0|0|10|0|0|1|1|0
RZ1|72|1|OP14-096|0|33|0|25|0|0|0|0|0
RZ1|CHK|72|1|49|0|0|0|10|0|0|1|1|0
RZ1|73|1|OP13-098|0|34|0|27|0|0|0|0|0
RZ1|CHK|73|1|49|0|0|0|10|0|0|1|1|0
RZ1|74|1|OP13-091|0|45|0|28|0|0|0|0|0
RZ1|CHK|74|1|49|0|0|0|10|0|0|1|1|0
RZ1|75|1|OP13-096|0|39|0|29|0|0|0|0|0
RZ1|CHK|75|1|49|0|0|0|10|0|0|1|1|0
RZ1|76|1|OP13-089|0|32|0|30|0|0|0|0|0
RZ1|CHK|76|1|49|0|0|0|10|0|0|1|1|0
RZ1|77|1|OP16-093|0|45|0|31|0|0|0|0|0
RZ1|CHK|77|1|49|0|0|0|10|0|0|1|1|0
RZ1|78|1|OP13-096|0|35|0|32|0|0|0|0|0
RZ1|CHK|78|1|49|0|0|0|10|0|0|1|1|0
RZ1|79|1|OP13-086|0|46|0|33|0|0|0|0|0
RZ1|CHK|79|1|49|0|0|0|10|0|0|1|1|0
RZ1|80|1|OP05-097|0|36|0|34|0|0|0|0|0
RZ1|CHK|80|1|49|0|0|0|10|0|0|1|1|0
RZ1|81|1|OP13-080|0|44|0|35|0|0|0|0|0
RZ1|CHK|81|1|49|0|0|0|10|0|0|1|1|0
RZ1|82|1|OP13-083|0|42|0|36|0|0|0|0|0
RZ1|CHK|82|1|49|0|0|0|10|0|0|1|1|0
RZ1|83|1|OP13-092|0|45|0|37|0|0|0|0|0
RZ1|CHK|83|1|49|0|0|0|10|0|0|1|1|0
RZ1|84|1|OP13-092|0|42|0|38|0|0|0|0|0
RZ1|CHK|84|1|49|0|0|0|10|0|0|1|1|0
RZ1|85|1|OP13-098|0|42|0|39|0|0|0|0|0
RZ1|CHK|85|1|49|0|0|0|10|0|0|1|1|0
RZ1|86|1|OP13-086|0|48|0|41|0|0|0|0|0
RZ1|CHK|86|1|49|0|0|0|10|0|0|1|1|0
RZ1|87|1|OP13-086|0|47|0|43|0|0|0|0|0
RZ1|CHK|87|1|49|0|0|0|10|0|0|1|1|0
RZ1|88|1|OP13-080|0|45|0|44|0|0|0|0|0
RZ1|CHK|88|1|49|0|0|0|10|0|0|1|1|0
RZ1|89|1|OP13-086|0|46|0|45|0|0|0|0|0
RZ1|CHK|89|1|49|0|0|0|10|0|0|1|1|0
[] Drew card from deck: Five Elders ["OP13-082">OP13-082]
RZ1|90|1|OP13-082|0|48|1|0|1|1|0|0|0
RZ1|CHK|90|1|48|1|0|0|10|0|0|1|1|0
[] Drew card from deck: St. Marcus Mars ["OP13-091">OP13-091]
RZ1|91|1|OP13-091|0|47|1|1|1|1|0|0|0
RZ1|CHK|91|1|47|2|0|0|10|0|0|1|1|0
[] Drew card from deck: Ground Death ["OP14-096">OP14-096]
RZ1|92|1|OP14-096|0|46|1|2|1|1|0|0|0
RZ1|CHK|92|1|46|3|0|0|10|0|0|1|1|0
[] Drew card from deck: St. Shalria ["OP13-086">OP13-086]
RZ1|93|1|OP13-086|0|45|1|3|1|1|0|0|0
RZ1|CHK|93|1|45|4|0|0|10|0|0|1|1|0
[] Drew card from deck: St. Ethanbaron V. Nusjuro ["OP13-080">OP13-080]
RZ1|94|1|OP13-080|0|44|1|4|1|1|0|0|0
RZ1|CHK|94|1|44|5|0|0|10|0|0|1|1|0
[] Drew card from deck: Trafalgar Law ["OP10-119">OP10-119]
RZ1|95|2|OP10-119|0|49|1|0|1|1|0|0|0
RZ1|CHK|95|2|49|1|0|0|10|0|0|0|1|0
[] Drew card from deck: Monkey D. Luffy ["OP10-111">OP10-111]
RZ1|96|2|OP10-111|0|48|1|1|1|1|0|0|0
RZ1|CHK|96|2|48|2|0|0|10|0|0|0|1|0
[] Drew card from deck: X. Drake ["OP10-114">OP10-114]
RZ1|97|2|OP10-114|0|47|1|2|1|1|0|0|0
RZ1|CHK|97|2|47|3|0|0|10|0|0|0|1|0
[] Drew card from deck: Killer ["ST36-002">ST36-002]
RZ1|98|2|ST36-002|0|46|1|3|1|1|0|0|0
RZ1|CHK|98|2|46|4|0|0|10|0|0|0|1|0
[] Drew card from deck: Eustass "Captain" Kid ["OP10-112">OP10-112]
RZ1|99|2|OP10-112|0|45|1|4|1|1|0|0|0
RZ1|CHK|99|2|45|5|0|0|10|0|0|0|1|0
RZ1|100|1|OP13-086|0|43|3|0|1|0|0|0|0
RZ1|CHK|100|1|43|5|0|1|10|0|0|1|1|0
RZ1|101|1|OP13-083|0|42|3|1|1|0|0|0|0
RZ1|CHK|101|1|42|5|0|2|10|0|0|1|1|0
RZ1|102|1|OP13-086|0|41|3|2|1|0|0|0|0
RZ1|CHK|102|1|41|5|0|3|10|0|0|1|1|0
RZ1|103|1|OP13-084|0|40|3|3|1|0|0|0|0
RZ1|CHK|103|1|40|5|0|4|10|0|0|1|1|0
RZ1|104|2|P-088|0|44|3|0|0|1|0|0|0
RZ1|CHK|104|2|44|5|0|1|10|0|0|0|1|0
RZ1|105|2|ST36-004|0|43|3|1|0|1|0|0|0
RZ1|CHK|105|2|43|5|0|2|10|0|0|0|1|0
RZ1|106|2|OP10-112|0|42|3|2|0|1|0|0|0
RZ1|CHK|106|2|42|5|0|3|10|0|0|0|1|0
RZ1|107|2|OP10-111|0|41|3|3|0|1|0|0|0
RZ1|CHK|107|2|41|5|0|4|10|0|0|0|1|0
RZ1|108|2|OP10-114|0|40|3|4|0|1|0|0|0
RZ1|CHK|108|2|40|5|0|5|10|0|0|0|1|0
[] Hand: [OP13-082,OP13-091,OP14-096,OP13-086,OP13-080]
[] Board: []
[] Trash: []
[] Life: 4
[] Hand: [OP10-119,OP10-111,OP10-114,ST36-002,OP10-112]
[] Trash: []
[] Board: []
[] Life: 5
RZ1|109|1|Don|4|9|5|0|1|1|0|0|0
RZ1|CHK|109|1|40|5|0|4|9|1|0|1|1|0
[You] Draw 1 Don
RZ1|110|1|Don|5|0|5|0|1|1|1|0|0
RZ1|CHK|110|1|40|5|0|4|9|1|0|1|1|0
[You] Deploy St. Shalria ["OP13-086">OP13-086]
RZ1|111|1|OP13-086|1|3|2|0|1|1|0|0|0
RZ1|CHK|111|1|40|4|1|4|9|1|0|1|1|0
RZ1|112|1|OP13-098|0|39|1|4|1|1|0|0|0
RZ1|CHK|112|1|39|5|1|4|9|1|0|1|1|0
[You] St. Shalria ["OP13-086">OP13-086]: <b>Reveal and Draw ...Never Existed... ["OP13-098">OP13-098]</b>
[You] St. Shalria ["OP13-086">OP13-086]: Trash 2 Remaining Cards
RZ1|113|1|OP13-092|0|38|6|0|1|1|0|0|0
RZ1|CHK|113|1|38|5|1|4|9|1|1|1|1|0
RZ1|114|1|OP13-092|0|37|6|1|1|1|0|0|0
RZ1|CHK|114|1|37|5|1|4|9|1|2|1|1|0
RZ1|115|1|OP13-080|1|3|6|2|1|1|0|0|0
RZ1|CHK|115|1|37|4|1|4|9|1|3|1|1|0
[You] St. Shalria ["OP13-086">OP13-086]: Trash St. Ethanbaron V. Nusjuro ["OP13-080">OP13-080]
RZ1|116|1|OP13-091|1|1|6|3|1|1|0|0|0
RZ1|CHK|116|1|37|3|1|4|9|1|4|1|1|0
[You] Imu ["OP13-079">OP13-079]: Trash St. Marcus Mars ["OP13-091">OP13-091]
[] Drew card from deck: St. Jaygarcia Saturn ["OP13-083">OP13-083]
RZ1|117|1|OP13-083|0|36|1|3|1|1|0|0|0
RZ1|CHK|117|1|36|4|1|4|9|1|4|1|1|0
[You] Imu ["OP13-079">OP13-079]: Draw 1 Card
[] Hand: [OP13-082,OP14-096,OP13-098,OP13-083]
[] Board: [OP13-086]
[] Trash: [OP13-092,OP13-092,OP13-080,OP13-091]
[] Life: 4
[] Hand: [OP10-119,OP10-111,OP10-114,ST36-002,OP10-112]
[] Trash: []
[] Board: []
[] Life: 5
[You] End Turn
[] Hand: [OP10-119,OP10-111,OP10-114,ST36-002,OP10-112]
[] Board: []
[] Trash: []
[] Life: 5
[] Hand: [OP13-082,OP14-096,OP13-098,OP13-083]
[] Trash: [OP13-092,OP13-092,OP13-080,OP13-091]
[] Board: [OP13-086]
[] Life: 4
[Opponent] Draw 1 Card
[] Drew card from deck: Killer ["ST36-002">ST36-002]
RZ1|118|2|ST36-002|0|39|1|5|1|1|0|0|0
RZ1|CHK|118|2|39|6|0|5|10|0|0|0|1|0
RZ1|119|2|Don|4|9|5|0|1|1|0|0|0
RZ1|CHK|119|2|39|6|0|5|9|1|0|0|1|0
RZ1|120|2|Don|4|8|5|1|1|1|0|0|0
RZ1|CHK|120|2|39|6|0|5|8|2|0|0|1|0
[Opponent] Draw 2 Don
RZ1|121|2|Don|5|0|5|0|1|1|1|0|0
RZ1|CHK|121|2|39|6|0|5|8|2|0|0|1|0
[Opponent] Deploy Monkey D. Luffy ["OP10-111">OP10-111]
RZ1|122|2|OP10-111|1|1|2|0|1|1|0|0|0
RZ1|CHK|122|2|39|5|1|5|8|2|0|0|1|0
RZ1|123|2|ST36-002|0|36|1|5|1|1|0|0|0
RZ1|CHK|123|2|38|6|1|5|8|2|0|0|1|0
[Opponent] Monkey D. Luffy ["OP10-111">OP10-111]: <b>Reveal and Draw Killer ["ST36-002">ST36-002]</b>
[Opponent] Placing Cards on Bottom of Deck
RZ1|124|2|ST36-001|0|37|0|0|0|0|0|0|0
RZ1|CHK|124|2|38|6|1|5|8|2|0|0|1|0
RZ1|125|2|OP12-117|0|37|0|0|0|0|0|0|0
RZ1|CHK|125|2|38|6|1|5|8|2|0|0|1|0
RZ1|126|2|OP10-112|0|37|0|0|0|0|0|0|0
RZ1|CHK|126|2|38|6|1|5|8|2|0|0|1|0
RZ1|127|2|OP13-116|0|37|0|0|0|0|0|0|0
RZ1|CHK|127|2|38|6|1|5|8|2|0|0|1|0
[] Hand: [OP10-119,OP10-114,ST36-002,OP10-112,ST36-002,ST36-002]
[] Board: [OP10-111]
[] Trash: []
[] Life: 5
[] Hand: [OP13-082,OP14-096,OP13-098,OP13-083]
[] Trash: [OP13-092,OP13-092,OP13-080,OP13-091]
[] Board: [OP13-086]
[] Life: 4
[Opponent] End Turn
[] Hand: [OP13-082,OP14-096,OP13-098,OP13-083]
[] Board: [OP13-086]
[] Trash: [OP13-092,OP13-092,OP13-080,OP13-091]
[] Life: 4
[] Hand: [OP10-119,OP10-114,ST36-002,OP10-112,ST36-002,ST36-002]
[] Trash: []
[] Board: [OP10-111]
[] Life: 5
[You] Draw 1 Card
[] Drew card from deck: St. Ethanbaron V. Nusjuro ["OP13-080">OP13-080]
RZ1|128|1|OP13-080|0|35|1|4|1|1|0|0|0
RZ1|CHK|128|1|35|5|1|4|9|1|4|1|1|0
RZ1|129|1|Don|4|8|5|1|1|1|0|0|0
RZ1|CHK|129|1|35|5|1|4|8|2|4|1|1|0
RZ1|130|1|Don|4|7|5|2|1|1|0|0|0
RZ1|CHK|130|1|35|5|1|4|7|3|4|1|1|0
[You] Draw 2 Don
RZ1|131|1|Don|5|0|9|9900|1|1|0|0|0
RZ1|CHK|131|1|35|5|1|4|7|2|4|1|1|1
RZ1|132|1|Don|5|0|9|9901|1|1|0|0|0
RZ1|CHK|132|1|35|5|1|4|7|1|4|1|1|2
[You] Attach 2 Don to Imu ["OP13-079">OP13-079] (2 Total)
[You] Imu ["OP13-079">OP13-079] attacking Eustass "Captain" Kid ["OP10-099">OP10-099]
Imu ["OP13-079">OP13-079][7000] vs Eustass "Captain" Kid ["OP10-099">OP10-099][5000]
Eustass "Captain" Kid ["OP10-099">OP10-099] hit for 1 damage
RZ1|133|2|OP10-114|3|4|1|6|1|1|0|0|0
RZ1|CHK|133|2|38|7|1|4|8|2|0|0|1|0
[You] ...Never Existed... ["OP13-098">OP13-098]: Rest 1 Don
RZ1|134|1|Don|5|0|5|0|1|1|1|0|0
RZ1|CHK|134|1|35|5|1|4|7|1|4|1|1|2
RZ1|135|1|OP13-098|1|2|6|4|1|1|0|0|0
RZ1|CHK|135|1|35|4|1|4|7|1|5|1|1|2
[] Hand: [OP13-082,OP14-096,OP13-083,OP13-080]
[] Board: [OP13-086]
[] Trash: [OP13-092,OP13-092,OP13-080,OP13-091,OP13-098]
[] Life: 4
[] Hand: [OP10-119,OP10-114,ST36-002,OP10-112,ST36-002,ST36-002,OP10-114]
[] Trash: []
[] Board: [OP10-111]
[] Life: 4
[You] End Turn
[] Hand: [OP10-119,OP10-114,ST36-002,OP10-112,ST36-002,ST36-002,OP10-114]
[] Board: [OP10-111]
[] Trash: []
[] Life: 4
[] Hand: [OP13-082,OP14-096,OP13-083,OP13-080]
[] Trash: [OP13-092,OP13-092,OP13-080,OP13-091,OP13-098]
[] Board: [OP13-086]
[] Life: 4
[Opponent] Draw 1 Card
[] Drew card from deck: The Pirate King Is Just The Freest Man on the Sea!!! ["OP13-116">OP13-116]
RZ1|136|2|OP13-116|0|37|1|7|1|1|0|0|0
RZ1|CHK|136|2|37|8|1|4|8|2|0|0|1|0
RZ1|137|2|Don|4|7|5|2|1|1|0|0|0
RZ1|CHK|137|2|37|8|1|4|7|3|0|0|1|0
RZ1|138|2|Don|4|6|5|3|1|1|0|0|0
RZ1|CHK|138|2|37|8|1|4|6|4|0|0|1|0
[Opponent] Draw 2 Don
RZ1|139|2|Don|5|0|5|0|1|1|1|0|0
RZ1|CHK|139|2|37|8|1|4|6|4|0|0|1|0
RZ1|140|2|Don|5|1|5|1|1|1|1|0|0
RZ1|CHK|140|2|37|8|1|4|6|4|0|0|1|0
RZ1|141|2|Don|5|2|5|2|1|1|1|0|0
RZ1|CHK|141|2|37|8|1|4|6|4|0|0|1|0
RZ1|142|2|Don|5|3|5|3|1|1|1|0|0
RZ1|CHK|142|2|37|8|1|4|6|4|0|0|1|0
[Opponent] Deploy Killer ["ST36-002">ST36-002]
RZ1|143|2|ST36-002|1|5|2|1|1|1|0|0|0
RZ1|CHK|143|2|37|7|2|4|6|4|0|0|1|0
[Opponent] Killer ["ST36-002">ST36-002]: Add card to top of Life from Deck
RZ1|144|2|OP11-101|0|36|3|4|0|1|0|0|0
RZ1|CHK|144|2|36|7|2|5|6|4|0|0|1|0
[Opponent] Eustass "Captain" Kid ["OP10-099">OP10-099] attacking Imu ["OP13-079">OP13-079]
Eustass "Captain" Kid ["OP10-099">OP10-099][5000] vs Imu ["OP13-079">OP13-079][5000]
Imu ["OP13-079">OP13-079] hit for 1 damage
RZ1|145|1|OP13-084|3|3|1|4|1|1|0|0|0
RZ1|CHK|145|1|35|5|1|3|7|1|5|1|1|2
[Opponent] Eustass "Captain" Kid ["OP10-099">OP10-099]: Flip 1 Life Face Up
RZ1|146|2|OP11-101|3|4|3|4|1|1|0|0|0
RZ1|CHK|146|2|36|7|2|5|6|4|0|0|1|0
[Opponent] Eustass "Captain" Kid ["OP10-099">OP10-099]: Set Killer ["ST36-002">ST36-002] to Active
[Opponent] Eustass "Captain" Kid ["OP10-099">OP10-099]: Killer ["ST36-002">ST36-002] Gains Blocker
[] Hand: [OP10-119,OP10-114,ST36-002,OP10-112,ST36-002,OP10-114,OP13-116]
[] Board: [OP10-111,ST36-002]
[] Trash: []
[] Life: 5
[] Hand: [OP13-082,OP14-096,OP13-083,OP13-080,OP13-084]
[] Trash: [OP13-092,OP13-092,OP13-080,OP13-091,OP13-098]
[] Board: [OP13-086]
[] Life: 3
[Opponent] End Turn
[] Hand: [OP13-082,OP14-096,OP13-083,OP13-080,OP13-084]
[] Board: [OP13-086]
[] Trash: [OP13-092,OP13-092,OP13-080,OP13-091,OP13-098]
[] Life: 3
[] Hand: [OP10-119,OP10-114,ST36-002,OP10-112,ST36-002,OP10-114,OP13-116]
[] Trash: []
[] Board: [OP10-111,ST36-002]
[] Life: 5
RZ1|147|1|Don|9|9900|5|0|1|1|1|0|0
RZ1|CHK|147|1|35|5|1|3|7|2|5|1|1|1
RZ1|148|1|Don|9|9900|5|0|1|1|1|0|0
RZ1|CHK|148|1|35|5|1|3|7|3|5|1|1|0
[You] Draw 1 Card
[] Drew card from deck: The Holy Land Mary Geoise ["OP05-097">OP05-097]
RZ1|149|1|OP05-097|0|34|1|5|1|1|0|0|0
RZ1|CHK|149|1|34|6|1|3|7|3|5|1|1|0
RZ1|150|1|Don|4|6|5|3|1|1|0|0|0
RZ1|CHK|150|1|34|6|1|3|6|4|5|1|1|0
RZ1|151|1|Don|4|5|5|4|1|1|0|0|0
RZ1|CHK|151|1|34|6|1|3|5|5|5|1|1|0
[You] Draw 2 Don
[You] The Empty Throne ["OP13-099">OP13-099]: Rest 3 Don
RZ1|152|1|Don|5|0|5|0|1|1|1|0|0
RZ1|CHK|152|1|34|6|1|3|5|5|5|1|1|0
RZ1|153|1|Don|5|1|5|1|1|1|1|0|0
RZ1|CHK|153|1|34|6|1|3|5|5|5|1|1|0
RZ1|154|1|Don|5|2|5|2|1|1|1|0|0
RZ1|CHK|154|1|34|6|1|3|5|5|5|1|1|0
[You] The Empty Throne ["OP13-099">OP13-099]: Rest The Empty Throne ["OP13-099">OP13-099]
RZ1|155|1|OP13-083|1|2|2|1|1|1|0|0|0
RZ1|CHK|155|1|34|5|2|3|5|5|5|1|1|0
[You] The Empty Throne ["OP13-099">OP13-099]: Deploy St. Jaygarcia Saturn ["OP13-083">OP13-083]
RZ1|156|1|OP13-089|0|30|1|5|1|1|0|0|0
RZ1|CHK|156|1|33|6|2|3|5|5|5|1|1|0
[You] St. Jaygarcia Saturn ["OP13-083">OP13-083]: <b>Reveal and Draw St. Topman Warcury ["OP13-089">OP13-089]</b>
[You] Placing Cards on Bottom of Deck
RZ1|157|1|OP13-086|0|32|0|0|0|0|0|0|0
RZ1|CHK|157|1|33|6|2|3|5|5|5|1|1|0
RZ1|158|1|OP13-096|0|32|0|0|0|0|0|0|0
RZ1|CHK|158|1|33|6|2|3|5|5|5|1|1|0
RZ1|159|1|OP16-093|0|32|0|0|0|0|0|0|0
RZ1|CHK|159|1|33|6|2|3|5|5|5|1|1|0
RZ1|160|1|OP13-096|0|32|0|0|0|0|0|0|0
RZ1|CHK|160|1|33|6|2|3|5|5|5|1|1|0
RZ1|161|1|Don|5|3|9|9900|1|1|0|0|0
RZ1|CHK|161|1|33|6|2|3|5|4|5|1|1|1
RZ1|162|1|Don|5|3|9|9901|1|1|0|0|0
RZ1|CHK|162|1|33|6|2|3|5|3|5|1|1|2
[You] Attach 2 Don to Imu ["OP13-079">OP13-079] (2 Total)
[You] Imu ["OP13-079">OP13-079] attacking Eustass "Captain" Kid ["OP10-099">OP10-099]
[Opponent] Killer ["ST36-002">ST36-002] Blocks
[Opponent] Discard X. Drake ["OP10-114">OP10-114] for Counter 2000
RZ1|163|2|OP10-114|1|5|6|0|1|1|0|0|0
RZ1|CHK|163|2|36|6|2|5|6|4|1|0|1|0
Imu ["OP13-079">OP13-079][7000] vs Killer ["ST36-002">ST36-002][8000]
Attack Fails
[] Hand: [OP13-082,OP14-096,OP13-080,OP13-084,OP05-097,OP13-089]
[] Board: [OP13-086,OP13-083]
[] Trash: [OP13-092,OP13-092,OP13-080,OP13-091,OP13-098]
[] Life: 3
[] Hand: [OP10-119,OP10-114,ST36-002,OP10-112,ST36-002,OP13-116]
[] Trash: [OP10-114]
[] Board: [OP10-111,ST36-002]
[] Life: 5
[You] End Turn
[] Hand: [OP10-119,OP10-114,ST36-002,OP10-112,ST36-002,OP13-116]
[] Board: [OP10-111,ST36-002]
[] Trash: [OP10-114]
[] Life: 5
[] Hand: [OP13-082,OP14-096,OP13-080,OP13-084,OP05-097,OP13-089]
[] Trash: [OP13-092,OP13-092,OP13-080,OP13-091,OP13-098]
[] Board: [OP13-086,OP13-083]
[] Life: 3
[Opponent] Draw 1 Card
[] Drew card from deck: Trafalgar Law ["OP10-119">OP10-119]
RZ1|164|2|OP10-119|0|35|1|6|1|1|0|0|0
RZ1|CHK|164|2|35|7|2|5|6|4|1|0|1|0
RZ1|165|2|Don|4|5|5|4|1|1|0|0|0
RZ1|CHK|165|2|35|7|2|5|5|5|1|0|1|0
RZ1|166|2|Don|4|4|5|5|1|1|0|0|0
RZ1|CHK|166|2|35|7|2|5|4|6|1|0|1|0
[Opponent] Draw 2 Don
RZ1|167|2|Don|5|0|5|0|1|1|1|0|0
RZ1|CHK|167|2|35|7|2|5|4|6|1|0|1|0
RZ1|168|2|Don|5|1|5|1|1|1|1|0|0
RZ1|CHK|168|2|35|7|2|5|4|6|1|0|1|0
RZ1|169|2|Don|5|2|5|2|1|1|1|0|0
RZ1|CHK|169|2|35|7|2|5|4|6|1|0|1|0
RZ1|170|2|Don|5|3|5|3|1|1|1|0|0
RZ1|CHK|170|2|35|7|2|5|4|6|1|0|1|0
[Opponent] Deploy Killer ["ST36-002">ST36-002]
RZ1|171|2|ST36-002|1|4|2|2|1|1|0|0|0
RZ1|CHK|171|2|35|6|3|5|4|6|1|0|1|0
[Opponent] Killer ["ST36-002">ST36-002]: Add card to top of Life from Deck
RZ1|172|2|OP10-109|0|34|3|5|0|1|0|0|0
RZ1|CHK|172|2|34|6|3|6|4|6|1|0|1|0
[Opponent] Killer ["ST36-002">ST36-002] attacking Imu ["OP13-079">OP13-079]
Killer ["ST36-002">ST36-002][6000] vs Imu ["OP13-079">OP13-079][5000]
Imu ["OP13-079">OP13-079] hit for 1 damage
RZ1|173|1|OP13-086|3|2|1|6|1|1|0|0|0
RZ1|CHK|173|1|33|7|2|2|5|3|5|1|1|2
[Opponent] Attach 1 Don to Eustass "Captain" Kid ["OP10-099">OP10-099] (1 Total)
RZ1|174|2|Don|5|5|9|9900|1|1|0|0|0
RZ1|CHK|174|2|34|6|3|6|4|5|1|0|1|1
[Opponent] Eustass "Captain" Kid ["OP10-099">OP10-099] attacking Imu ["OP13-079">OP13-079]
[You] Discard St. Ethanbaron V. Nusjuro ["OP13-080">OP13-080] for Counter 1000
RZ1|175|1|OP13-080|1|2|6|5|1|1|0|0|0
RZ1|CHK|175|1|33|6|2|2|5|3|6|1|1|2
[You] Discard St. Topman Warcury ["OP13-089">OP13-089] for Counter 1000
RZ1|176|1|OP13-089|1|4|6|6|1|1|0|0|0
RZ1|CHK|176|1|33|5|2|2|5|3|7|1|1|2
Eustass "Captain" Kid ["OP10-099">OP10-099][6000] vs Imu ["OP13-079">OP13-079][7000]
Attack Fails
[Opponent] The Pirate King Is Just The Freest Man on the Sea!!! ["OP13-116">OP13-116]: Rest 1 Don
RZ1|177|2|Don|5|4|5|4|1|1|1|0|0
RZ1|CHK|177|2|34|6|3|6|4|5|1|0|1|1
RZ1|178|2|OP13-116|1|4|6|1|1|1|0|0|0
RZ1|CHK|178|2|34|5|3|6|4|5|2|0|1|1
RZ1|179|2|OP10-112|0|32|1|5|1|1|0|0|0
RZ1|CHK|179|2|33|6|3|6|4|5|2|0|1|1
[Opponent] The Pirate King Is Just The Freest Man on the Sea!!! ["OP13-116">OP13-116]: <b>Reveal and Draw Eustass "Captain" Kid ["OP10-112">OP10-112]</b>
[Opponent] Placing Cards on Bottom of Deck
RZ1|180|2|P-088|0|32|0|0|0|0|0|0|0
RZ1|CHK|180|2|33|6|3|6|4|5|2|0|1|1
RZ1|181|2|OP12-117|0|32|0|0|0|0|0|0|0
RZ1|CHK|181|2|33|6|3|6|4|5|2|0|1|1
RZ1|182|2|EB04-059|0|32|0|0|0|0|0|0|0
RZ1|CHK|182|2|33|6|3|6|4|5|2|0|1|1
RZ1|183|2|OP10-116|0|32|0|0|0|0|0|0|0
RZ1|CHK|183|2|33|6|3|6|4|5|2|0|1|1
[Opponent] Eustass "Captain" Kid ["OP10-099">OP10-099]: Flip 1 Life Face Up
RZ1|184|2|OP10-109|3|5|3|5|1|1|0|0|0
RZ1|CHK|184|2|33|6|3|6|4|5|2|0|1|1
[Opponent] Eustass "Captain" Kid ["OP10-099">OP10-099]: Set Killer ["ST36-002">ST36-002] to Active
[Opponent] Eustass "Captain" Kid ["OP10-099">OP10-099]: Killer ["ST36-002">ST36-002] Gains Blocker
[] Hand: [OP10-119,OP10-114,ST36-002,OP10-112,OP10-119,OP10-112]
[] Board: [OP10-111,ST36-002,ST36-002]
[] Trash: [OP10-114,OP13-116]
[] Life: 6
[] Hand: [OP13-082,OP14-096,OP13-084,OP05-097,OP13-086]
[] Trash: [OP13-092,OP13-092,OP13-080,OP13-091,OP13-098,OP13-080,OP13-089]
[] Board: [OP13-086,OP13-083]
[] Life: 2
[Opponent] End Turn
[] Hand: [OP13-082,OP14-096,OP13-084,OP05-097,OP13-086]
[] Board: [OP13-086,OP13-083]
[] Trash: [OP13-092,OP13-092,OP13-080,OP13-091,OP13-098,OP13-080,OP13-089]
[] Life: 2
[] Hand: [OP10-119,OP10-114,ST36-002,OP10-112,OP10-119,OP10-112]
[] Trash: [OP10-114,OP13-116]
[] Board: [OP10-111,ST36-002,ST36-002]
[] Life: 6
RZ1|185|1|Don|9|9900|5|0|1|1|1|0|0
RZ1|CHK|185|1|33|5|2|2|5|4|7|1|1|1
RZ1|186|1|Don|9|9900|5|0|1|1|1|0|0
RZ1|CHK|186|1|33|5|2|2|5|5|7|1|1|0
[You] Draw 1 Card
[] Drew card from deck: St. Marcus Mars ["OP13-091">OP13-091]
RZ1|187|1|OP13-091|0|32|1|5|1|1|0|0|0
RZ1|CHK|187|1|32|6|2|2|5|5|7|1|1|0
RZ1|188|1|Don|4|4|5|5|1|1|0|0|0
RZ1|CHK|188|1|32|6|2|2|4|6|7|1|1|0
RZ1|189|1|Don|4|3|5|6|1|1|0|0|0
RZ1|CHK|189|1|32|6|2|2|3|7|7|1|1|0
[You] Draw 2 Don
[You] The Empty Throne ["OP13-099">OP13-099]: Rest 3 Don
RZ1|190|1|Don|5|0|5|0|1|1|1|0|0
RZ1|CHK|190|1|32|6|2|2|3|7|7|1|1|0
RZ1|191|1|Don|5|1|5|1|1|1|1|0|0
RZ1|CHK|191|1|32|6|2|2|3|7|7|1|1|0
RZ1|192|1|Don|5|2|5|2|1|1|1|0|0
RZ1|CHK|192|1|32|6|2|2|3|7|7|1|1|0
[You] The Empty Throne ["OP13-099">OP13-099]: Rest The Empty Throne ["OP13-099">OP13-099]
RZ1|193|1|OP13-091|1|5|2|2|1|1|0|0|0
RZ1|CHK|193|1|32|5|3|2|3|7|7|1|1|0
[You] The Empty Throne ["OP13-099">OP13-099]: Deploy St. Marcus Mars ["OP13-091">OP13-091]
RZ1|194|1|Don|5|3|5|3|1|1|1|0|0
RZ1|CHK|194|1|32|5|3|2|3|7|7|1|1|0
[You] Deploy St. Shalria ["OP13-086">OP13-086]
RZ1|195|1|OP13-086|1|4|2|3|1|1|0|0|0
RZ1|CHK|195|1|32|4|4|2|3|7|7|1|1|0
RZ1|196|1|OP13-082|0|30|1|4|1|1|0|0|0
RZ1|CHK|196|1|31|5|4|2|3|7|7|1|1|0
[You] St. Shalria ["OP13-086">OP13-086]: <b>Reveal and Draw Five Elders ["OP13-082">OP13-082]</b>
[You] St. Shalria ["OP13-086">OP13-086]: Trash 2 Remaining Cards
RZ1|197|1|OP13-098|0|30|6|7|1|1|0|0|0
RZ1|CHK|197|1|30|5|4|2|3|7|8|1|1|0
RZ1|198|1|OP14-096|0|29|6|8|1|1|0|0|0
RZ1|CHK|198|1|29|5|4|2|3|7|9|1|1|0
RZ1|199|1|OP05-097|1|3|6|9|1|1|0|0|0
RZ1|CHK|199|1|29|4|4|2|3|7|10|1|1|0
[You] St. Shalria ["OP13-086">OP13-086]: Trash The Holy Land Mary Geoise ["OP05-097">OP05-097]
RZ1|200|1|Don|5|4|9|100|1|1|0|0|0
RZ1|CHK|200|1|29|4|4|2|3|6|10|1|1|1
[You] Attach 1 Don to St. Jaygarcia Saturn ["OP13-083">OP13-083] (1 Total)
[You] St. Jaygarcia Saturn ["OP13-083">OP13-083] attacking Eustass "Captain" Kid ["OP10-099">OP10-099]
[Opponent] Discard X. Drake ["OP10-114">OP10-114] for Counter 2000
RZ1|201|2|OP10-114|1|1|6|2|1|1|0|0|0
RZ1|CHK|201|2|33|5|3|6|4|5|3|0|1|1
St. Jaygarcia Saturn ["OP13-083">OP13-083][6000] vs Eustass "Captain" Kid ["OP10-099">OP10-099][7000]
Attack Fails
[You] Imu ["OP13-079">OP13-079] attacking Eustass "Captain" Kid ["OP10-099">OP10-099]
[Opponent] Killer ["ST36-002">ST36-002] Blocks
Imu ["OP13-079">OP13-079][5000] vs Killer ["ST36-002">ST36-002][6000]
Attack Fails
[] Hand: [OP13-082,OP14-096,OP13-084,OP13-082]
[] Board: [OP13-086,OP13-083,OP13-091,OP13-086]
[] Trash: [OP13-092,OP13-092,OP13-080,OP13-091,OP13-098,OP13-080,OP13-089,OP13-098,OP14-096,OP05-097]
[] Life: 2
[] Hand: [OP10-119,ST36-002,OP10-112,OP10-119,OP10-112]
[] Trash: [OP10-114,OP13-116,OP10-114]
[] Board: [OP10-111,ST36-002,ST36-002]
[] Life: 6
[You] End Turn
[] Hand: [OP10-119,ST36-002,OP10-112,OP10-119,OP10-112]
[] Board: [OP10-111,ST36-002,ST36-002]
[] Trash: [OP10-114,OP13-116,OP10-114]
[] Life: 6
[] Hand: [OP13-082,OP14-096,OP13-084,OP13-082]
[] Trash: [OP13-092,OP13-092,OP13-080,OP13-091,OP13-098,OP13-080,OP13-089,OP13-098,OP14-096,OP05-097]
[] Board: [OP13-086,OP13-083,OP13-091,OP13-086]
[] Life: 2
RZ1|202|2|Don|9|9900|5|0|1|1|1|0|0
RZ1|CHK|202|2|33|5|3|6|4|6|3|0|1|0
[Opponent] Draw 1 Card
[] Drew card from deck: Eustass "Captain" Kid ["ST36-005">ST36-005]
RZ1|203|2|ST36-005|0|32|1|5|1|1|0|0|0
RZ1|CHK|203|2|32|6|3|6|4|6|3|0|1|0
RZ1|204|2|Don|4|3|5|6|1|1|0|0|0
RZ1|CHK|204|2|32|6|3|6|3|7|3|0|1|0
RZ1|205|2|Don|4|2|5|7|1|1|0|0|0
RZ1|CHK|205|2|32|6|3|6|2|8|3|0|1|0
[Opponent] Draw 2 Don
RZ1|206|2|Don|5|0|5|0|1|1|1|0|0
RZ1|CHK|206|2|32|6|3|6|2|8|3|0|1|0
RZ1|207|2|Don|5|1|5|1|1|1|1|0|0
RZ1|CHK|207|2|32|6|3|6|2|8|3|0|1|0
RZ1|208|2|Don|5|2|5|2|1|1|1|0|0
RZ1|CHK|208|2|32|6|3|6|2|8|3|0|1|0
RZ1|209|2|Don|5|3|5|3|1|1|1|0|0
RZ1|CHK|209|2|32|6|3|6|2|8|3|0|1|0
[Opponent] Deploy Killer ["ST36-002">ST36-002]
RZ1|210|2|ST36-002|1|1|2|3|1|1|0|0|0
RZ1|CHK|210|2|32|5|4|6|2|8|3|0|1|0
[Opponent] Killer ["ST36-002">ST36-002]: Add card to top of Life from Deck
RZ1|211|2|OP15-105|0|31|3|6|0|1|0|0|0
RZ1|CHK|211|2|31|5|4|7|2|8|3|0|1|0
[Opponent] Attach 3 Don to Monkey D. Luffy ["OP10-111">OP10-111] (3 Total)
RZ1|212|2|Don|5|7|9|0|1|1|0|0|0
RZ1|CHK|212|2|31|5|4|7|2|7|3|0|1|1
RZ1|213|2|Don|5|6|9|1|1|1|0|0|0
RZ1|CHK|213|2|31|5|4|7|2|6|3|0|1|2
RZ1|214|2|Don|5|5|9|2|1|1|0|0|0
RZ1|CHK|214|2|31|5|4|7|2|5|3|0|1|3
[Opponent] Monkey D. Luffy ["OP10-111">OP10-111] attacking Imu ["OP13-079">OP13-079]
[You] St. Marcus Mars ["OP13-091">OP13-091] Blocks
[You] Ground Death ["OP14-096">OP14-096]: Activate Counter
[You] Ground Death ["OP14-096">OP14-096]: Rest 1 Don
RZ1|215|1|Don|5|4|5|4|1|1|1|0|0
RZ1|CHK|215|1|29|4|4|2|3|6|10|1|1|1
RZ1|216|1|OP14-096|1|1|6|10|1|1|0|0|0
RZ1|CHK|216|1|29|3|4|2|3|6|11|1|1|1
[You] Ground Death ["OP14-096">OP14-096]: Buff St. Marcus Mars ["OP13-091">OP13-091] 4000 for the Combat
Monkey D. Luffy ["OP10-111">OP10-111][5000] vs St. Marcus Mars ["OP13-091">OP13-091][9000]
Attack Fails
[Opponent] Killer ["ST36-002">ST36-002] attacking Imu ["OP13-079">OP13-079]
[You] Discard St. Shepherd Ju Peter ["OP13-084">OP13-084] for Counter 2000
RZ1|217|1|OP13-084|1|1|6|11|1|1|0|0|0
RZ1|CHK|217|1|29|2|4|2|3|6|12|1|1|1
Killer ["ST36-002">ST36-002][6000] vs Imu ["OP13-079">OP13-079][7000]
Attack Fails
[Opponent] Attach 1 Don to Killer ["ST36-002">ST36-002] (1 Total)
RZ1|218|2|Don|5|4|9|200|1|1|0|0|0
RZ1|CHK|218|2|31|5|4|7|2|4|3|0|1|4
[Opponent] Eustass "Captain" Kid ["OP10-099">OP10-099] attacking Imu ["OP13-079">OP13-079]
Eustass "Captain" Kid ["OP10-099">OP10-099][5000] vs Imu ["OP13-079">OP13-079][5000]
Imu ["OP13-079">OP13-079] hit for 1 damage
RZ1|219|1|OP13-083|3|1|1|2|1|1|0|0|0
RZ1|CHK|219|1|29|3|4|1|3|6|12|1|1|1
[Opponent] Killer ["ST36-002">ST36-002] attacking Imu ["OP13-079">OP13-079]
Killer ["ST36-002">ST36-002][7000] vs Imu ["OP13-079">OP13-079][5000]
Imu ["OP13-079">OP13-079] hit for 1 damage
RZ1|220|1|OP13-086|3|0|1|3|1|1|0|0|0
RZ1|CHK|220|1|29|4|4|0|3|6|12|1|1|1
[Opponent] Eustass "Captain" Kid ["OP10-099">OP10-099]: Flip 1 Life Face Up
RZ1|221|2|OP15-105|3|6|3|6|1|1|0|0|0
RZ1|CHK|221|2|31|5|4|7|2|4|3|0|1|4
[Opponent] Eustass "Captain" Kid ["OP10-099">OP10-099]: Set Killer ["ST36-002">ST36-002] to Active
[Opponent] Eustass "Captain" Kid ["OP10-099">OP10-099]: Killer ["ST36-002">ST36-002] Gains Blocker
[] Hand: [OP10-119,OP10-112,OP10-119,OP10-112,ST36-005]
[] Board: [OP10-111,ST36-002,ST36-002,ST36-002]
[] Trash: [OP10-114,OP13-116,OP10-114]
[] Life: 7
[] Hand: [OP13-082,OP13-082,OP13-083,OP13-086]
[] Trash: [OP13-092,OP13-092,OP13-080,OP13-091,OP13-098,OP13-080,OP13-089,OP13-098,OP14-096,OP05-097,OP14-096,OP13-084]
[] Board: [OP13-086,OP13-083,OP13-091,OP13-086]
[] Life: 0
[Opponent] End Turn
[] Hand: [OP13-082,OP13-082,OP13-083,OP13-086]
[] Board: [OP13-086,OP13-083,OP13-091,OP13-086]
[] Trash: [OP13-092,OP13-092,OP13-080,OP13-091,OP13-098,OP13-080,OP13-089,OP13-098,OP14-096,OP05-097,OP14-096,OP13-084]
[] Life: 0
[] Hand: [OP10-119,OP10-112,OP10-119,OP10-112,ST36-005]
[] Trash: [OP10-114,OP13-116,OP10-114]
[] Board: [OP10-111,ST36-002,ST36-002,ST36-002]
[] Life: 7
RZ1|222|1|Don|9|100|5|0|1|1|1|0|0
RZ1|CHK|222|1|29|4|4|0|3|7|12|1|1|0
[You] Draw 1 Card
[] Drew card from deck: St. Shepherd Ju Peter ["OP13-084">OP13-084]
RZ1|223|1|OP13-084|0|28|1|4|1|1|0|0|0
RZ1|CHK|223|1|28|5|4|0|3|7|12|1|1|0
RZ1|224|1|Don|4|2|5|7|1|1|0|0|0
RZ1|CHK|224|1|28|5|4|0|2|8|12|1|1|0
RZ1|225|1|Don|4|1|5|8|1|1|0|0|0
RZ1|CHK|225|1|28|5|4|0|1|9|12|1|1|0
[You] Draw 2 Don
[You] The Empty Throne ["OP13-099">OP13-099]: Rest 3 Don
RZ1|226|1|Don|5|0|5|0|1|1|1|0|0
RZ1|CHK|226|1|28|5|4|0|1|9|12|1|1|0
RZ1|227|1|Don|5|1|5|1|1|1|1|0|0
RZ1|CHK|227|1|28|5|4|0|1|9|12|1|1|0
RZ1|228|1|Don|5|2|5|2|1|1|1|0|0
RZ1|CHK|228|1|28|5|4|0|1|9|12|1|1|0
[You] The Empty Throne ["OP13-099">OP13-099]: Rest The Empty Throne ["OP13-099">OP13-099]
RZ1|229|1|OP13-084|1|4|2|4|1|1|0|2000|0
RZ1|CHK|229|1|28|4|5|0|1|9|12|1|1|0
[You] The Empty Throne ["OP13-099">OP13-099]: Deploy St. Shepherd Ju Peter ["OP13-084">OP13-084]
RZ1|230|1|Don|5|3|5|3|1|1|1|0|0
RZ1|CHK|230|1|28|4|5|0|1|9|12|1|1|0
RZ1|231|1|Don|5|4|5|4|1|1|1|0|0
RZ1|CHK|231|1|28|4|5|0|1|9|12|1|1|0
RZ1|232|1|Don|5|5|5|5|1|1|1|0|0
RZ1|CHK|232|1|28|4|5|0|1|9|12|1|1|0
RZ1|233|1|Don|5|6|5|6|1|1|1|0|0
RZ1|CHK|233|1|28|4|5|0|1|9|12|1|1|0
[You] Trash St. Shalria ["OP13-086">OP13-086]
[You] Deploy St. Jaygarcia Saturn ["OP13-083">OP13-083]
RZ1|234|1|OP13-086|2|0|6|12|1|1|0|0|0
RZ1|CHK|234|1|28|4|4|0|1|9|13|1|1|0
RZ1|235|1|OP13-083|1|2|2|4|1|1|0|2000|0
RZ1|CHK|235|1|28|3|5|0|1|9|13|1|1|0
[You] <b>Picked no cards to Draw</b>
[You] Placing Cards on Bottom of Deck
RZ1|236|1|OP13-083|0|27|0|0|0|0|0|0|0
RZ1|CHK|236|1|28|3|5|0|1|9|13|1|1|0
RZ1|237|1|OP13-096|0|27|0|0|0|0|0|0|0
RZ1|CHK|237|1|28|3|5|0|1|9|13|1|1|0
RZ1|238|1|OP13-082|0|27|0|0|0|0|0|0|0
RZ1|CHK|238|1|28|3|5|0|1|9|13|1|1|0
RZ1|239|1|OP16-093|0|27|0|0|0|0|0|0|0
RZ1|CHK|239|1|28|3|5|0|1|9|13|1|1|0
RZ1|240|1|OP14-096|0|27|0|0|0|0|0|0|0
RZ1|CHK|240|1|28|3|5|0|1|9|13|1|1|0
[You] St. Jaygarcia Saturn ["OP13-083">OP13-083] attacking Monkey D. Luffy ["OP10-111">OP10-111]
St. Jaygarcia Saturn ["OP13-083">OP13-083][7000] vs Monkey D. Luffy ["OP10-111">OP10-111][2000]
[Opponent] Monkey D. Luffy ["OP10-111">OP10-111] Destroyed
RZ1|241|2|Don|9|0|5|0|1|1|1|0|0
RZ1|CHK|241|2|31|5|4|7|2|5|3|0|1|3
RZ1|242|2|Don|9|0|5|0|1|1|1|0|0
RZ1|CHK|242|2|31|5|4|7|2|6|3|0|1|2
RZ1|243|2|Don|9|0|5|0|1|1|1|0|0
RZ1|CHK|243|2|31|5|4|7|2|7|3|0|1|1
RZ1|244|2|OP10-111|2|0|6|3|1|1|0|0|0
RZ1|CHK|244|2|31|5|3|7|2|7|4|0|1|1
[You] Imu ["OP13-079">OP13-079] attacking Eustass "Captain" Kid ["OP10-099">OP10-099]
[Opponent] Killer ["ST36-002">ST36-002] Blocks
Imu ["OP13-079">OP13-079][5000] vs Killer ["ST36-002">ST36-002][6000]
Attack Fails
[You] St. Marcus Mars ["OP13-091">OP13-091] attacking Eustass "Captain" Kid ["OP10-099">OP10-099]
St. Marcus Mars ["OP13-091">OP13-091][7000] vs Eustass "Captain" Kid ["OP10-099">OP10-099][5000]
Eustass "Captain" Kid ["OP10-099">OP10-099] hit for 1 damage
RZ1|245|2|OP15-105|3|6|1|5|1|1|0|0|0
RZ1|CHK|245|2|31|6|3|6|2|7|4|0|1|1
[] Hand: [OP13-082,OP13-082,OP13-086]
[] Board: [OP13-083,OP13-091,OP13-086,OP13-084,OP13-083]
[] Trash: [OP13-092,OP13-092,OP13-080,OP13-091,OP13-098,OP13-080,OP13-089,OP13-098,OP14-096,OP05-097,OP14-096,OP13-084,OP13-086]
[] Life: 0
[] Hand: [OP10-119,OP10-112,OP10-119,OP10-112,ST36-005,OP15-105]
[] Trash: [OP10-114,OP13-116,OP10-114,OP10-111]
[] Board: [ST36-002,ST36-002,ST36-002]
[] Life: 6
[You] End Turn
[] Hand: [OP10-119,OP10-112,OP10-119,OP10-112,ST36-005,OP15-105]
[] Board: [ST36-002,ST36-002,ST36-002]
[] Trash: [OP10-114,OP13-116,OP10-114,OP10-111]
[] Life: 6
[] Hand: [OP13-082,OP13-082,OP13-086]
[] Trash: [OP13-092,OP13-092,OP13-080,OP13-091,OP13-098,OP13-080,OP13-089,OP13-098,OP14-096,OP05-097,OP14-096,OP13-084,OP13-086]
[] Board: [OP13-083,OP13-091,OP13-086,OP13-084,OP13-083]
[] Life: 0
RZ1|246|2|Don|9|100|5|0|1|1|1|0|0
RZ1|CHK|246|2|31|6|3|6|2|8|4|0|1|0
[Opponent] Draw 1 Card
[] Drew card from deck: Bartolomeo ["ST36-004">ST36-004]
RZ1|247|2|ST36-004|0|30|1|6|1|1|0|0|0
RZ1|CHK|247|2|30|7|3|6|2|8|4|0|1|0
RZ1|248|2|Don|4|1|5|8|1|1|0|0|0
RZ1|CHK|248|2|30|7|3|6|1|9|4|0|1|0
RZ1|249|2|Don|4|0|5|9|1|1|0|0|0
RZ1|CHK|249|2|30|7|3|6|0|10|4|0|1|0
[Opponent] Draw 2 Don
[Opponent] Attach 10 Don to Killer ["ST36-002">ST36-002] (10 Total)
RZ1|250|2|Don|5|0|9|200|1|1|0|0|0
RZ1|CHK|250|2|30|7|3|6|0|9|4|0|1|1
RZ1|251|2|Don|5|0|9|201|1|1|0|0|0
RZ1|CHK|251|2|30|7|3|6|0|8|4|0|1|2
RZ1|252|2|Don|5|0|9|202|1|1|0|0|0
RZ1|CHK|252|2|30|7|3|6|0|7|4|0|1|3
RZ1|253|2|Don|5|0|9|203|1|1|0|0|0
RZ1|CHK|253|2|30|7|3|6|0|6|4|0|1|4
RZ1|254|2|Don|5|0|9|204|1|1|0|0|0
RZ1|CHK|254|2|30|7|3|6|0|5|4|0|1|5
RZ1|255|2|Don|5|0|9|205|1|1|0|0|0
RZ1|CHK|255|2|30|7|3|6|0|4|4|0|1|6
RZ1|256|2|Don|5|0|9|206|1|1|0|0|0
RZ1|CHK|256|2|30|7|3|6|0|3|4|0|1|7
RZ1|257|2|Don|5|0|9|207|1|1|0|0|0
RZ1|CHK|257|2|30|7|3|6|0|2|4|0|1|8
RZ1|258|2|Don|5|0|9|208|1|1|0|0|0
RZ1|CHK|258|2|30|7|3|6|0|1|4|0|1|9
RZ1|259|2|Don|5|0|9|209|1|1|0|0|0
RZ1|CHK|259|2|30|7|3|6|0|0|4|0|1|10
[Opponent] Killer ["ST36-002">ST36-002] attacking Imu ["OP13-079">OP13-079]
Killer ["ST36-002">ST36-002][16000] vs Imu ["OP13-079">OP13-079][5000]
Imu ["OP13-079">OP13-079] hit for 1 damage
[You] <b>Downloaded the Combat Log!</b>
GameOver
