Version is 1.41b.18
[You] Leader is Imu ["OP13-079">OP13-079]
RZ1|HDR|1.41b|2|RZ1
RZ1|PLY|1||OP13-079
RZ1|PLY|2||
[Opponent] Leader is Jinbe ["OP11-021">OP11-021]
RZ1|1|2|OP06-032|0|8|0|0|0|0|0|0|0
RZ1|CHK|1|2|50|0|0|0|10|0|0|0|1|0
RZ1|2|2|OP13-040|0|45|0|1|0|0|0|0|0
RZ1|CHK|2|2|50|0|0|0|10|0|0|0|1|0
RZ1|3|2|EB04-020|0|41|0|2|0|0|0|0|0
RZ1|CHK|3|2|50|0|0|0|10|0|0|0|1|0
RZ1|4|2|OP06-025|0|5|0|3|0|0|0|0|0
RZ1|CHK|4|2|50|0|0|0|10|0|0|0|1|0
RZ1|5|2|EB04-018|0|17|0|5|0|0|0|0|0
RZ1|CHK|5|2|50|0|0|0|10|0|0|0|1|0
RZ1|6|2|OP15-035|0|9|0|6|0|0|0|0|0
RZ1|CHK|6|2|50|0|0|0|10|0|0|0|1|0
RZ1|7|2|OP11-031|0|30|0|7|0|0|0|0|0
RZ1|CHK|7|2|50|0|0|0|10|0|0|0|1|0
RZ1|8|2|ST24-004|0|41|0|8|0|0|0|0|0
RZ1|CHK|8|2|50|0|0|0|10|0|0|0|1|0
RZ1|9|2|OP11-028|0|23|0|9|0|0|0|0|0
RZ1|CHK|9|2|50|0|0|0|10|0|0|0|1|0
RZ1|10|2|OP15-032|0|35|0|10|0|0|0|0|0
RZ1|CHK|10|2|50|0|0|0|10|0|0|0|1|0
RZ1|11|2|OP11-029|0|21|0|11|0|0|0|0|0
RZ1|CHK|11|2|50|0|0|0|10|0|0|0|1|0
RZ1|12|2|OP08-036|0|47|0|12|0|0|0|0|0
RZ1|CHK|12|2|50|0|0|0|10|0|0|0|1|0
RZ1|13|2|OP11-030|0|14|0|13|0|0|0|0|0
RZ1|CHK|13|2|50|0|0|0|10|0|0|0|1|0
RZ1|14|2|OP11-031|0|34|0|14|0|0|0|0|0
RZ1|CHK|14|2|50|0|0|0|10|0|0|0|1|0
RZ1|15|2|OP11-028|0|27|0|15|0|0|0|0|0
RZ1|CHK|15|2|50|0|0|0|10|0|0|0|1|0
RZ1|16|2|EB04-015|0|38|0|16|0|0|0|0|0
RZ1|CHK|16|2|50|0|0|0|10|0|0|0|1|0
RZ1|17|2|OP11-029|0|25|0|17|0|0|0|0|0
RZ1|CHK|17|2|50|0|0|0|10|0|0|0|1|0
RZ1|18|2|OP13-040|0|46|0|18|0|0|0|0|0
RZ1|CHK|18|2|50|0|0|0|10|0|0|0|1|0
RZ1|19|2|OP06-035|0|42|0|19|0|0|0|0|0
RZ1|CHK|19|2|50|0|0|0|10|0|0|0|1|0
RZ1|20|2|OP06-035|0|42|0|20|0|0|0|0|0
RZ1|CHK|20|2|50|0|0|0|10|0|0|0|1|0
RZ1|21|2|ST24-004|0|43|0|21|0|0|0|0|0
RZ1|CHK|21|2|50|0|0|0|10|0|0|0|1|0
RZ1|22|2|EB04-018|0|32|0|22|0|0|0|0|0
RZ1|CHK|22|2|50|0|0|0|10|0|0|0|1|0
RZ1|23|2|OP15-032|0|42|0|23|0|0|0|0|0
RZ1|CHK|23|2|50|0|0|0|10|0|0|0|1|0
RZ1|24|2|P-063|0|38|0|25|0|0|0|0|0
RZ1|CHK|24|2|50|0|0|0|10|0|0|0|1|0
RZ1|25|2|P-063|0|40|0|26|0|0|0|0|0
RZ1|CHK|25|2|50|0|0|0|10|0|0|0|1|0
RZ1|26|2|OP06-032|0|30|0|27|0|0|0|0|0
RZ1|CHK|26|2|50|0|0|0|10|0|0|0|1|0
RZ1|27|2|EB04-020|0|44|0|28|0|0|0|0|0
RZ1|CHK|27|2|50|0|0|0|10|0|0|0|1|0
RZ1|28|2|OP06-033|0|32|0|29|0|0|0|0|0
RZ1|CHK|28|2|50|0|0|0|10|0|0|0|1|0
RZ1|29|2|OP15-035|0|32|0|30|0|0|0|0|0
RZ1|CHK|29|2|50|0|0|0|10|0|0|0|1|0
RZ1|30|2|OP06-033|0|33|0|31|0|0|0|0|0
RZ1|CHK|30|2|50|0|0|0|10|0|0|0|1|0
RZ1|31|2|EB04-020|0|45|0|32|0|0|0|0|0
RZ1|CHK|31|2|50|0|0|0|10|0|0|0|1|0
RZ1|32|2|OP15-023|0|41|0|33|0|0|0|0|0
RZ1|CHK|32|2|50|0|0|0|10|0|0|0|1|0
RZ1|33|2|OP06-033|0|36|0|34|0|0|0|0|0
RZ1|CHK|33|2|50|0|0|0|10|0|0|0|1|0
RZ1|34|2|OP06-041|0|49|0|35|0|0|0|0|0
RZ1|CHK|34|2|50|0|0|0|10|0|0|0|1|0
RZ1|35|2|OP11-028|0|40|0|36|0|0|0|0|0
RZ1|CHK|35|2|50|0|0|0|10|0|0|0|1|0
RZ1|36|2|OP15-023|0|42|0|37|0|0|0|0|0
RZ1|CHK|36|2|50|0|0|0|10|0|0|0|1|0
RZ1|37|2|OP15-023|0|42|0|38|0|0|0|0|0
RZ1|CHK|37|2|50|0|0|0|10|0|0|0|1|0
RZ1|38|2|OP06-041|0|49|0|39|0|0|0|0|0
RZ1|CHK|38|2|50|0|0|0|10|0|0|0|1|0
RZ1|39|2|OP11-031|0|45|0|40|0|0|0|0|0
RZ1|CHK|39|2|50|0|0|0|10|0|0|0|1|0
RZ1|40|2|P-063|0|45|0|41|0|0|0|0|0
RZ1|CHK|40|2|50|0|0|0|10|0|0|0|1|0
RZ1|41|2|EB04-015|0|47|0|42|0|0|0|0|0
RZ1|CHK|41|2|50|0|0|0|10|0|0|0|1|0
RZ1|42|2|EB04-018|0|46|0|43|0|0|0|0|0
RZ1|CHK|42|2|50|0|0|0|10|0|0|0|1|0
RZ1|43|2|OP11-031|0|47|0|45|0|0|0|0|0
RZ1|CHK|43|2|50|0|0|0|10|0|0|0|1|0
RZ1|44|2|EB04-018|0|47|0|46|0|0|0|0|0
RZ1|CHK|44|2|50|0|0|0|10|0|0|0|1|0
RZ1|45|1|OP13-099|0|44|7|0|1|1|0|0|0
RZ1|CHK|45|1|49|0|0|0|10|0|0|1|1|0
[You] Imu ["OP13-079">OP13-079]: Deploy The Empty Throne ["OP13-099">OP13-099]
RZ1|46|1|OP13-096|0|32|0|0|0|0|0|0|0
RZ1|CHK|46|1|49|0|0|0|10|0|0|1|1|0
RZ1|47|1|OP13-086|0|35|0|1|0|0|0|0|0
RZ1|CHK|47|1|49|0|0|0|10|0|0|1|1|0
RZ1|48|1|OP13-091|0|25|0|2|0|0|0|0|0
RZ1|CHK|48|1|49|0|0|0|10|0|0|1|1|0
RZ1|49|1|OP16-093|0|35|0|3|0|0|0|0|0
RZ1|CHK|49|1|49|0|0|0|10|0|0|1|1|0
RZ1|50|1|OP13-083|0|42|0|4|0|0|0|0|0
RZ1|CHK|50|1|49|0|0|0|10|0|0|1|1|0
RZ1|51|1|OP13-082|0|7|0|5|0|0|0|0|0
RZ1|CHK|51|1|49|0|0|0|10|0|0|1|1|0
RZ1|52|1|OP13-089|0|15|0|6|0|0|0|0|0
RZ1|CHK|52|1|49|0|0|0|10|0|0|1|1|0
RZ1|53|1|OP13-080|0|38|0|7|0|0|0|0|0
RZ1|CHK|53|1|49|0|0|0|10|0|0|1|1|0
RZ1|54|1|OP13-083|0|41|0|8|0|0|0|0|0
RZ1|CHK|54|1|49|0|0|0|10|0|0|1|1|0
RZ1|55|1|OP13-092|0|18|0|9|0|0|0|0|0
RZ1|CHK|55|1|49|0|0|0|10|0|0|1|1|0
RZ1|56|1|OP13-086|0|22|0|10|0|0|0|0|0
RZ1|CHK|56|1|49|0|0|0|10|0|0|1|1|0
RZ1|57|1|OP13-098|0|39|0|11|0|0|0|0|0
RZ1|CHK|57|1|49|0|0|0|10|0|0|1|1|0
RZ1|58|1|OP14-096|0|16|0|12|0|0|0|0|0
RZ1|CHK|58|1|49|0|0|0|10|0|0|1|1|0
RZ1|59|1|OP13-098|0|35|0|13|0|0|0|0|0
RZ1|CHK|59|1|49|0|0|0|10|0|0|1|1|0
RZ1|60|1|OP13-082|0|42|0|14|0|0|0|0|0
RZ1|CHK|60|1|49|0|0|0|10|0|0|1|1|0
RZ1|61|1|OP13-096|0|22|0|15|0|0|0|0|0
RZ1|CHK|61|1|49|0|0|0|10|0|0|1|1|0
RZ1|62|1|OP13-089|0|46|0|16|0|0|0|0|0
RZ1|CHK|62|1|49|0|0|0|10|0|0|1|1|0
RZ1|63|1|OP13-089|0|33|0|17|0|0|0|0|0
RZ1|CHK|63|1|49|0|0|0|10|0|0|1|1|0
RZ1|64|1|OP13-080|0|39|0|18|0|0|0|0|0
RZ1|CHK|64|1|49|0|0|0|10|0|0|1|1|0
RZ1|65|1|OP13-080|0|40|0|19|0|0|0|0|0
RZ1|CHK|65|1|49|0|0|0|10|0|0|1|1|0
RZ1|66|1|OP13-084|0|40|0|20|0|0|0|0|0
RZ1|CHK|66|1|49|0|0|0|10|0|0|1|1|0
RZ1|67|1|OP13-080|0|26|0|21|0|0|0|0|0
RZ1|CHK|67|1|49|0|0|0|10|0|0|1|1|0
RZ1|68|1|OP13-091|0|41|0|22|0|0|0|0|0
RZ1|CHK|68|1|49|0|0|0|10|0|0|1|1|0
RZ1|69|1|OP13-091|0|29|0|23|0|0|0|0|0
RZ1|CHK|69|1|49|0|0|0|10|0|0|1|1|0
RZ1|70|1|OP13-089|0|28|0|24|0|0|0|0|0
RZ1|CHK|70|1|49|0|0|0|10|0|0|1|1|0
RZ1|71|1|OP13-092|0|34|0|25|0|0|0|0|0
RZ1|CHK|71|1|49|0|0|0|10|0|0|1|1|0
RZ1|72|1|OP13-096|0|45|0|26|0|0|0|0|0
RZ1|CHK|72|1|49|0|0|0|10|0|0|1|1|0
RZ1|73|1|OP13-084|0|41|0|27|0|0|0|0|0
RZ1|CHK|73|1|49|0|0|0|10|0|0|1|1|0
RZ1|74|1|OP13-083|0|31|0|28|0|0|0|0|0
RZ1|CHK|74|1|49|0|0|0|10|0|0|1|1|0
RZ1|75|1|OP13-082|0|45|0|29|0|0|0|0|0
RZ1|CHK|75|1|49|0|0|0|10|0|0|1|1|0
RZ1|76|1|OP16-093|0|35|0|30|0|0|0|0|0
RZ1|CHK|76|1|49|0|0|0|10|0|0|1|1|0
RZ1|77|1|OP13-082|0|37|0|31|0|0|0|0|0
RZ1|CHK|77|1|49|0|0|0|10|0|0|1|1|0
RZ1|78|1|OP13-091|0|34|0|32|0|0|0|0|0
RZ1|CHK|78|1|49|0|0|0|10|0|0|1|1|0
RZ1|79|1|OP13-084|0|42|0|33|0|0|0|0|0
RZ1|CHK|79|1|49|0|0|0|10|0|0|1|1|0
RZ1|80|1|OP14-096|0|36|0|34|0|0|0|0|0
RZ1|CHK|80|1|49|0|0|0|10|0|0|1|1|0
RZ1|81|1|OP13-092|0|47|0|35|0|0|0|0|0
RZ1|CHK|81|1|49|0|0|0|10|0|0|1|1|0
RZ1|82|1|OP14-096|0|37|0|36|0|0|0|0|0
RZ1|CHK|82|1|49|0|0|0|10|0|0|1|1|0
RZ1|83|1|OP13-084|0|45|0|37|0|0|0|0|0
RZ1|CHK|83|1|49|0|0|0|10|0|0|1|1|0
RZ1|84|1|OP05-097|0|39|0|38|0|0|0|0|0
RZ1|CHK|84|1|49|0|0|0|10|0|0|1|1|0
RZ1|85|1|OP13-083|0|42|0|39|0|0|0|0|0
RZ1|CHK|85|1|49|0|0|0|10|0|0|1|1|0
RZ1|86|1|OP13-098|0|46|0|40|0|0|0|0|0
RZ1|CHK|86|1|49|0|0|0|10|0|0|1|1|0
RZ1|87|1|OP16-093|0|44|0|43|0|0|0|0|0
RZ1|CHK|87|1|49|0|0|0|10|0|0|1|1|0
RZ1|88|1|OP13-086|0|47|0|46|0|0|0|0|0
RZ1|CHK|88|1|49|0|0|0|10|0|0|1|1|0
[] Drew card from deck: Ground Death ["OP14-096">OP14-096]
RZ1|89|1|OP14-096|0|48|1|0|1|1|0|0|0
RZ1|CHK|89|1|48|1|0|0|10|0|0|1|1|0
[] Drew card from deck: St. Shalria ["OP13-086">OP13-086]
RZ1|90|1|OP13-086|0|47|1|1|1|1|0|0|0
RZ1|CHK|90|1|47|2|0|0|10|0|0|1|1|0
[] Drew card from deck: St. Shalria ["OP13-086">OP13-086]
RZ1|91|1|OP13-086|0|46|1|2|1|1|0|0|0
RZ1|CHK|91|1|46|3|0|0|10|0|0|1|1|0
[] Drew card from deck: ...Never Existed... ["OP13-098">OP13-098]
RZ1|92|1|OP13-098|0|45|1|3|1|1|0|0|0
RZ1|CHK|92|1|45|4|0|0|10|0|0|1|1|0
[] Drew card from deck: Bartholomew Kuma ["OP16-093">OP16-093]
RZ1|93|1|OP16-093|0|44|1|4|1|1|0|0|0
RZ1|CHK|93|1|44|5|0|0|10|0|0|1|1|0
[] Drew card from deck: Electrical Luna ["OP08-036">OP08-036]
RZ1|94|2|OP08-036|0|49|1|0|1|1|0|0|0
RZ1|CHK|94|2|49|1|0|0|10|0|0|0|1|0
[] Drew card from deck: Shark Brick Fist ["EB04-020">EB04-020]
RZ1|95|2|EB04-020|0|48|1|1|1|1|0|0|0
RZ1|CHK|95|2|48|2|0|0|10|0|0|0|1|0
[] Drew card from deck: Laboon ["OP15-035">OP15-035]
RZ1|96|2|OP15-035|0|47|1|2|1|1|0|0|0
RZ1|CHK|96|2|47|3|0|0|10|0|0|0|1|0
[] Drew card from deck: Megalo ["EB04-018">EB04-018]
RZ1|97|2|EB04-018|0|46|1|3|1|1|0|0|0
RZ1|CHK|97|2|46|4|0|0|10|0|0|0|1|0
[] Drew card from deck: Jinbe ["OP11-031">OP11-031]
RZ1|98|2|OP11-031|0|45|1|4|1|1|0|0|0
RZ1|CHK|98|2|45|5|0|0|10|0|0|0|1|0
RZ1|99|1|OP16-093|0|43|3|0|1|0|0|0|0
RZ1|CHK|99|1|43|5|0|1|10|0|0|1|1|0
RZ1|100|1|OP13-096|0|42|3|1|1|0|0|0|0
RZ1|CHK|100|1|42|5|0|2|10|0|0|1|1|0
RZ1|101|1|OP13-092|0|41|3|2|1|0|0|0|0
RZ1|CHK|101|1|41|5|0|3|10|0|0|1|1|0
RZ1|102|1|OP13-098|0|40|3|3|1|0|0|0|0
RZ1|CHK|102|1|40|5|0|4|10|0|0|1|1|0
RZ1|103|2|OP08-036|1|0|0|45|0|0|0|0|0
RZ1|CHK|103|2|46|4|0|0|10|0|0|0|1|0
RZ1|104|2|EB04-020|1|0|0|46|0|0|0|0|0
RZ1|CHK|104|2|47|3|0|0|10|0|0|0|1|0
RZ1|105|2|OP15-035|1|0|0|47|0|0|0|0|0
RZ1|CHK|105|2|48|2|0|0|10|0|0|0|1|0
RZ1|106|2|EB04-018|1|0|0|48|0|0|0|0|0
RZ1|CHK|106|2|49|1|0|0|10|0|0|0|1|0
RZ1|107|2|OP11-031|1|0|0|49|0|0|0|0|0
RZ1|CHK|107|2|50|0|0|0|10|0|0|0|1|0
RZ1|108|2|OP15-023|0|33|0|0|0|0|0|0|0
RZ1|CHK|108|2|50|0|0|0|10|0|0|0|1|0
RZ1|109|2|OP06-041|0|39|0|1|0|0|0|0|0
RZ1|CHK|109|2|50|0|0|0|10|0|0|0|1|0
RZ1|110|2|OP11-029|0|19|0|2|0|0|0|0|0
RZ1|CHK|110|2|50|0|0|0|10|0|0|0|1|0
RZ1|111|2|OP06-025|0|6|0|3|0|0|0|0|0
RZ1|CHK|111|2|50|0|0|0|10|0|0|0|1|0
RZ1|112|2|OP06-033|0|31|0|4|0|0|0|0|0
RZ1|CHK|112|2|50|0|0|0|10|0|0|0|1|0
RZ1|113|2|OP06-041|0|36|0|5|0|0|0|0|0
RZ1|CHK|113|2|50|0|0|0|10|0|0|0|1|0
RZ1|114|2|EB04-020|0|46|0|6|0|0|0|0|0
RZ1|CHK|114|2|50|0|0|0|10|0|0|0|1|0
RZ1|115|2|EB04-018|0|11|0|7|0|0|0|0|0
RZ1|CHK|115|2|50|0|0|0|10|0|0|0|1|0
RZ1|116|2|OP11-029|0|17|0|9|0|0|0|0|0
RZ1|CHK|116|2|50|0|0|0|10|0|0|0|1|0
RZ1|117|2|OP06-035|0|24|0|10|0|0|0|0|0
RZ1|CHK|117|2|50|0|0|0|10|0|0|0|1|0
RZ1|118|2|EB04-018|0|48|0|11|0|0|0|0|0
RZ1|CHK|118|2|50|0|0|0|10|0|0|0|1|0
RZ1|119|2|OP15-023|0|41|0|12|0|0|0|0|0
RZ1|CHK|119|2|50|0|0|0|10|0|0|0|1|0
RZ1|120|2|OP15-035|0|16|0|13|0|0|0|0|0
RZ1|CHK|120|2|50|0|0|0|10|0|0|0|1|0
RZ1|121|2|OP06-032|0|34|0|14|0|0|0|0|0
RZ1|CHK|121|2|50|0|0|0|10|0|0|0|1|0
RZ1|122|2|EB04-015|0|26|0|15|0|0|0|0|0
RZ1|CHK|122|2|50|0|0|0|10|0|0|0|1|0
RZ1|123|2|OP06-025|0|32|0|16|0|0|0|0|0
RZ1|CHK|123|2|50|0|0|0|10|0|0|0|1|0
RZ1|124|2|OP11-028|0|22|0|17|0|0|0|0|0
RZ1|CHK|124|2|50|0|0|0|10|0|0|0|1|0
RZ1|125|2|OP06-033|0|39|0|18|0|0|0|0|0
RZ1|CHK|125|2|50|0|0|0|10|0|0|0|1|0
RZ1|126|2|OP11-031|0|49|0|19|0|0|0|0|0
RZ1|CHK|126|2|50|0|0|0|10|0|0|0|1|0
RZ1|127|2|EB04-018|0|46|0|20|0|0|0|0|0
RZ1|CHK|127|2|50|0|0|0|10|0|0|0|1|0
RZ1|128|2|OP15-035|0|49|0|21|0|0|0|0|0
RZ1|CHK|128|2|50|0|0|0|10|0|0|0|1|0
RZ1|129|2|OP15-032|0|27|0|22|0|0|0|0|0
RZ1|CHK|129|2|50|0|0|0|10|0|0|0|1|0
RZ1|130|2|EB04-020|0|24|0|23|0|0|0|0|0
RZ1|CHK|130|2|50|0|0|0|10|0|0|0|1|0
RZ1|131|2|OP15-035|0|40|0|24|0|0|0|0|0
RZ1|CHK|131|2|50|0|0|0|10|0|0|0|1|0
RZ1|132|2|OP11-028|0|32|0|25|0|0|0|0|0
RZ1|CHK|132|2|50|0|0|0|10|0|0|0|1|0
RZ1|133|2|OP15-023|0|44|0|26|0|0|0|0|0
RZ1|CHK|133|2|50|0|0|0|10|0|0|0|1|0
RZ1|134|2|OP06-033|0|42|0|27|0|0|0|0|0
RZ1|CHK|134|2|50|0|0|0|10|0|0|0|1|0
RZ1|135|2|OP11-031|0|34|0|28|0|0|0|0|0
RZ1|CHK|135|2|50|0|0|0|10|0|0|0|1|0
RZ1|136|2|OP11-031|0|31|0|29|0|0|0|0|0
RZ1|CHK|136|2|50|0|0|0|10|0|0|0|1|0
RZ1|137|2|OP11-028|0|44|0|30|0|0|0|0|0
RZ1|CHK|137|2|50|0|0|0|10|0|0|0|1|0
RZ1|138|2|EB04-015|0|47|0|31|0|0|0|0|0
RZ1|CHK|138|2|50|0|0|0|10|0|0|0|1|0
RZ1|139|2|OP08-036|0|49|0|32|0|0|0|0|0
RZ1|CHK|139|2|50|0|0|0|10|0|0|0|1|0
RZ1|140|2|OP11-030|0|49|0|33|0|0|0|0|0
RZ1|CHK|140|2|50|0|0|0|10|0|0|0|1|0
RZ1|141|2|OP15-032|0|43|0|34|0|0|0|0|0
RZ1|CHK|141|2|50|0|0|0|10|0|0|0|1|0
RZ1|142|2|EB04-020|0|47|0|35|0|0|0|0|0
RZ1|CHK|142|2|50|0|0|0|10|0|0|0|1|0
RZ1|143|2|ST24-004|0|43|0|36|0|0|0|0|0
RZ1|CHK|143|2|50|0|0|0|10|0|0|0|1|0
RZ1|144|2|ST24-004|0|39|0|37|0|0|0|0|0
RZ1|CHK|144|2|50|0|0|0|10|0|0|0|1|0
RZ1|145|2|OP06-035|0|43|0|38|0|0|0|0|0
RZ1|CHK|145|2|50|0|0|0|10|0|0|0|1|0
RZ1|146|2|OP06-025|0|40|0|39|0|0|0|0|0
RZ1|CHK|146|2|50|0|0|0|10|0|0|0|1|0
RZ1|147|2|OP11-030|0|42|0|40|0|0|0|0|0
RZ1|CHK|147|2|50|0|0|0|10|0|0|0|1|0
RZ1|148|2|OP13-040|0|43|0|41|0|0|0|0|0
RZ1|CHK|148|2|50|0|0|0|10|0|0|0|1|0
RZ1|149|2|P-063|0|46|0|42|0|0|0|0|0
RZ1|CHK|149|2|50|0|0|0|10|0|0|0|1|0
RZ1|150|2|EB04-018|0|45|0|43|0|0|0|0|0
RZ1|CHK|150|2|50|0|0|0|10|0|0|0|1|0
RZ1|151|2|EB04-020|0|47|0|45|0|0|0|0|0
RZ1|CHK|151|2|50|0|0|0|10|0|0|0|1|0
RZ1|152|2|P-063|0|49|0|46|0|0|0|0|0
RZ1|CHK|152|2|50|0|0|0|10|0|0|0|1|0
RZ1|153|2|OP11-031|0|49|0|48|0|0|0|0|0
RZ1|CHK|153|2|50|0|0|0|10|0|0|0|1|0
[] Drew card from deck: Jinbe ["P-063">P-063]
RZ1|154|2|P-063|0|49|1|0|1|1|0|0|0
RZ1|CHK|154|2|49|1|0|0|10|0|0|0|1|0
[] Drew card from deck: Jinbe ["OP11-031">OP11-031]
RZ1|155|2|OP11-031|0|48|1|1|1|1|0|0|0
RZ1|CHK|155|2|48|2|0|0|10|0|0|0|1|0
[] Drew card from deck: Electrical Luna ["OP08-036">OP08-036]
RZ1|156|2|OP08-036|0|47|1|2|1|1|0|0|0
RZ1|CHK|156|2|47|3|0|0|10|0|0|0|1|0
[] Drew card from deck: Jinbe ["P-063">P-063]
RZ1|157|2|P-063|0|46|1|3|1|1|0|0|0
RZ1|CHK|157|2|46|4|0|0|10|0|0|0|1|0
[] Drew card from deck: Shark Brick Fist ["EB04-020">EB04-020]
RZ1|158|2|EB04-020|0|45|1|4|1|1|0|0|0
RZ1|CHK|158|2|45|5|0|0|10|0|0|0|1|0
RZ1|159|2|OP13-040|0|44|3|0|0|1|0|0|0
RZ1|CHK|159|2|44|5|0|1|10|0|0|0|1|0
RZ1|160|2|EB04-018|0|43|3|1|0|1|0|0|0
RZ1|CHK|160|2|43|5|0|2|10|0|0|0|1|0
RZ1|161|2|P-063|0|42|3|2|0|1|0|0|0
RZ1|CHK|161|2|42|5|0|3|10|0|0|0|1|0
RZ1|162|2|OP13-040|0|41|3|3|0|1|0|0|0
RZ1|CHK|162|2|41|5|0|4|10|0|0|0|1|0
RZ1|163|2|OP11-030|0|40|3|4|0|1|0|0|0
RZ1|CHK|163|2|40|5|0|5|10|0|0|0|1|0
[] Hand after Mulligan: [P-063,OP11-031,OP08-036,P-063,EB04-020]
[Opponent] Mulligan
[] Hand: [OP14-096,OP13-086,OP13-086,OP13-098,OP16-093]
[] Board: []
[] Trash: []
[] Life: 4
[] Hand: [P-063,OP11-031,OP08-036,P-063,EB04-020]
[] Trash: []
[] Board: []
[] Life: 5
RZ1|164|1|Don|4|9|5|0|1|1|0|0|0
RZ1|CHK|164|1|40|5|0|4|9|1|0|1|1|0
[You] Draw 1 Don
RZ1|165|1|Don|5|0|5|0|1|1|1|0|0
RZ1|CHK|165|1|40|5|0|4|9|1|0|1|1|0
[You] Deploy St. Shalria ["OP13-086">OP13-086]
RZ1|166|1|OP13-086|1|1|2|0|1|1|0|0|0
RZ1|CHK|166|1|40|4|1|4|9|1|0|1|1|0
RZ1|167|1|OP13-084|0|37|1|4|1|1|0|0|0
RZ1|CHK|167|1|39|5|1|4|9|1|0|1|1|0
[You] St. Shalria ["OP13-086">OP13-086]: <b>Reveal and Draw St. Shepherd Ju Peter ["OP13-084">OP13-084]</b>
[You] St. Shalria ["OP13-086">OP13-086]: Trash 2 Remaining Cards
RZ1|168|1|OP13-083|0|38|6|0|1|1|0|0|0
RZ1|CHK|168|1|38|5|1|4|9|1|1|1|1|0
RZ1|169|1|OP05-097|0|37|6|1|1|1|0|0|0
RZ1|CHK|169|1|37|5|1|4|9|1|2|1|1|0
RZ1|170|1|OP14-096|1|0|6|2|1|1|0|0|0
RZ1|CHK|170|1|37|4|1|4|9|1|3|1|1|0
[You] St. Shalria ["OP13-086">OP13-086]: Trash Ground Death ["OP14-096">OP14-096]
RZ1|171|1|OP13-086|2|0|6|3|1|1|0|0|0
RZ1|CHK|171|1|37|4|0|4|9|1|4|1|1|0
[You] Imu ["OP13-079">OP13-079]: Trash St. Shalria ["OP13-086">OP13-086]
[] Drew card from deck: Ground Death ["OP14-096">OP14-096]
RZ1|172|1|OP14-096|0|36|1|4|1|1|0|0|0
RZ1|CHK|172|1|36|5|0|4|9|1|4|1|1|0
[You] Imu ["OP13-079">OP13-079]: Draw 1 Card
[] Hand: [OP13-086,OP13-098,OP16-093,OP13-084,OP14-096]
[] Board: []
[] Trash: [OP13-083,OP05-097,OP14-096,OP13-086]
[] Life: 4
[] Hand: [P-063,OP11-031,OP08-036,P-063,EB04-020]
[] Trash: []
[] Board: []
[] Life: 5
[You] End Turn
[] Hand: [P-063,OP11-031,OP08-036,P-063,EB04-020]
[] Board: []
[] Trash: []
[] Life: 5
[] Hand: [OP13-086,OP13-098,OP16-093,OP13-084,OP14-096]
[] Trash: [OP13-083,OP05-097,OP14-096,OP13-086]
[] Board: []
[] Life: 4
[Opponent] Draw 1 Card
[] Drew card from deck: Camie ["OP06-025">OP06-025]
RZ1|173|2|OP06-025|0|39|1|5|1|1|0|0|0
RZ1|CHK|173|2|39|6|0|5|10|0|0|0|1|0
RZ1|174|2|Don|4|9|5|0|1|1|0|0|0
RZ1|CHK|174|2|39|6|0|5|9|1|0|0|1|0
RZ1|175|2|Don|4|8|5|1|1|1|0|0|0
RZ1|CHK|175|2|39|6|0|5|8|2|0|0|1|0
[Opponent] Draw 2 Don
RZ1|176|2|Don|5|0|5|0|1|1|1|0|0
RZ1|CHK|176|2|39|6|0|5|8|2|0|0|1|0
[Opponent] Deploy Camie ["OP06-025">OP06-025]
RZ1|177|2|OP06-025|1|5|2|0|1|1|0|0|0
RZ1|CHK|177|2|39|5|1|5|8|2|0|0|1|0
RZ1|178|2|OP06-035|0|38|1|5|1|1|0|0|0
RZ1|CHK|178|2|38|6|1|5|8|2|0|0|1|0
[Opponent] Camie ["OP06-025">OP06-025]: <b>Reveal and Draw Hody Jones ["OP06-035">OP06-035]</b>
[Opponent] Placing Cards on Bottom of Deck
RZ1|179|2|ST24-004|0|37|0|0|0|0|0|0|0
RZ1|CHK|179|2|38|6|1|5|8|2|0|0|1|0
RZ1|180|2|ST24-004|0|37|0|0|0|0|0|0|0
RZ1|CHK|180|2|38|6|1|5|8|2|0|0|1|0
RZ1|181|2|EB04-020|0|37|0|0|0|0|0|0|0
RZ1|CHK|181|2|38|6|1|5|8|2|0|0|1|0
[Opponent] Jinbe ["OP11-021">OP11-021]: Activate 1 Don
RZ1|182|2|Don|5|0|5|0|1|1|0|0|0
RZ1|CHK|182|2|38|6|1|5|8|2|0|0|1|0
[] Hand: [P-063,OP11-031,OP08-036,P-063,EB04-020,OP06-035]
[] Board: [OP06-025]
[] Trash: []
[] Life: 5
[] Hand: [OP13-086,OP13-098,OP16-093,OP13-084,OP14-096]
[] Trash: [OP13-083,OP05-097,OP14-096,OP13-086]
[] Board: []
[] Life: 4
[Opponent] End Turn
[] Hand: [OP13-086,OP13-098,OP16-093,OP13-084,OP14-096]
[] Board: []
[] Trash: [OP13-083,OP05-097,OP14-096,OP13-086]
[] Life: 4
[] Hand: [P-063,OP11-031,OP08-036,P-063,EB04-020,OP06-035]
[] Trash: []
[] Board: [OP06-025]
[] Life: 5
[You] Draw 1 Card
[] Drew card from deck: St. Mjosgard ["OP13-092">OP13-092]
RZ1|183|1|OP13-092|0|35|1|5|1|1|0|0|0
RZ1|CHK|183|1|35|6|0|4|9|1|4|1|1|0
RZ1|184|1|Don|4|8|5|1|1|1|0|0|0
RZ1|CHK|184|1|35|6|0|4|8|2|4|1|1|0
RZ1|185|1|Don|4|7|5|2|1|1|0|0|0
RZ1|CHK|185|1|35|6|0|4|7|3|4|1|1|0
[You] Draw 2 Don
RZ1|186|1|Don|5|0|5|0|1|1|1|0|0
RZ1|CHK|186|1|35|6|0|4|7|3|4|1|1|0
RZ1|187|1|Don|5|1|5|1|1|1|1|0|0
RZ1|CHK|187|1|35|6|0|4|7|3|4|1|1|0
RZ1|188|1|Don|5|2|5|2|1|1|1|0|0
RZ1|CHK|188|1|35|6|0|4|7|3|4|1|1|0
[You] Deploy Bartholomew Kuma ["OP16-093">OP16-093]
RZ1|189|1|OP16-093|1|2|2|0|1|1|0|0|0
RZ1|CHK|189|1|35|5|1|4|7|3|4|1|1|0
[] Drew card from deck: Ground Death ["OP14-096">OP14-096]
RZ1|190|1|OP14-096|0|34|1|5|1|1|0|0|0
RZ1|CHK|190|1|34|6|1|4|7|3|4|1|1|0
[] Drew card from deck: St. Shepherd Ju Peter ["OP13-084">OP13-084]
RZ1|191|1|OP13-084|0|33|1|6|1|1|0|0|0
RZ1|CHK|191|1|33|7|1|4|7|3|4|1|1|0
[You] Bartholomew Kuma ["OP16-093">OP16-093]: Draw 2 Card
RZ1|192|1|OP13-092|1|4|6|4|1|1|0|0|0
RZ1|CHK|192|1|33|6|1|4|7|3|5|1|1|0
[You] Bartholomew Kuma ["OP16-093">OP16-093]: Trash St. Mjosgard ["OP13-092">OP13-092]
RZ1|193|1|OP14-096|1|3|6|5|1|1|0|0|0
RZ1|CHK|193|1|33|5|1|4|7|3|6|1|1|0
[You] Bartholomew Kuma ["OP16-093">OP16-093]: Trash Ground Death ["OP14-096">OP14-096]
[You] Bartholomew Kuma ["OP16-093">OP16-093]: Attach 1 Rested Don to Imu ["OP13-079">OP13-079]
RZ1|194|1|Don|5|0|9|9900|1|1|1|0|0
RZ1|CHK|194|1|33|5|1|4|7|2|6|1|1|1
[You] Imu ["OP13-079">OP13-079] attacking Jinbe ["OP11-021">OP11-021]
[Opponent] Shark Brick Fist ["EB04-020">EB04-020]: Activate Counter
[Opponent] Shark Brick Fist ["EB04-020">EB04-020]: Rest 1 Don
RZ1|195|2|Don|5|0|5|0|1|1|1|0|0
RZ1|CHK|195|2|38|6|1|5|8|2|0|0|1|0
RZ1|196|2|EB04-020|1|4|6|0|1|1|0|0|0
RZ1|CHK|196|2|38|5|1|5|8|2|1|0|1|0
[Opponent] Shark Brick Fist ["EB04-020">EB04-020]: Buff Jinbe ["OP11-021">OP11-021] 3000 for the Combat
Imu ["OP13-079">OP13-079][6000] vs Jinbe ["OP11-021">OP11-021][8000]
Attack Fails
[] Hand: [OP13-086,OP13-098,OP13-084,OP14-096,OP13-084]
[] Board: [OP16-093]
[] Trash: [OP13-083,OP05-097,OP14-096,OP13-086,OP13-092,OP14-096]
[] Life: 4
[] Hand: [P-063,OP11-031,OP08-036,P-063,OP06-035]
[] Trash: [EB04-020]
[] Board: [OP06-025]
[] Life: 5
[You] End Turn
[] Hand: [P-063,OP11-031,OP08-036,P-063,OP06-035]
[] Board: [OP06-025]
[] Trash: [EB04-020]
[] Life: 5
[] Hand: [OP13-086,OP13-098,OP13-084,OP14-096,OP13-084]
[] Trash: [OP13-083,OP05-097,OP14-096,OP13-086,OP13-092,OP14-096]
[] Board: [OP16-093]
[] Life: 4
[Opponent] Draw 1 Card
[] Drew card from deck: Brook ["OP15-032">OP15-032]
RZ1|197|2|OP15-032|0|37|1|5|1|1|0|0|0
RZ1|CHK|197|2|37|6|1|5|8|2|1|0|1|0
RZ1|198|2|Don|4|7|5|2|1|1|0|0|0
RZ1|CHK|198|2|37|6|1|5|7|3|1|0|1|0
RZ1|199|2|Don|4|6|5|3|1|1|0|0|0
RZ1|CHK|199|2|37|6|1|5|6|4|1|0|1|0
[Opponent] Draw 2 Don
[Opponent] Attach 3 Don to Camie ["OP06-025">OP06-025] (3 Total)
RZ1|200|2|Don|5|3|9|0|1|1|0|0|0
RZ1|CHK|200|2|37|6|1|5|6|3|1|0|1|1
RZ1|201|2|Don|5|2|9|1|1|1|0|0|0
RZ1|CHK|201|2|37|6|1|5|6|2|1|0|1|2
RZ1|202|2|Don|5|1|9|2|1|1|0|0|0
RZ1|CHK|202|2|37|6|1|5|6|1|1|0|1|3
[Opponent] Camie ["OP06-025">OP06-025] attacking Imu ["OP13-079">OP13-079]
Camie ["OP06-025">OP06-025][5000] vs Imu ["OP13-079">OP13-079][5000]
Imu ["OP13-079">OP13-079] hit for 1 damage
RZ1|203|1|OP13-098|3|3|1|5|1|1|0|0|0
RZ1|CHK|203|1|33|6|1|3|7|2|6|1|1|1
[Opponent] Attach 1 Don to Jinbe ["OP11-021">OP11-021] (1 Total)
RZ1|204|2|Don|5|0|9|9900|1|1|0|0|0
RZ1|CHK|204|2|37|6|1|5|6|0|1|0|1|4
[Opponent] Jinbe ["OP11-021">OP11-021] attacking Imu ["OP13-079">OP13-079]
Jinbe ["OP11-021">OP11-021][6000] vs Imu ["OP13-079">OP13-079][5000]
Imu ["OP13-079">OP13-079] hit for 1 damage
RZ1|205|1|OP13-092|3|2|1|6|1|1|0|0|0
RZ1|CHK|205|1|33|7|1|2|7|2|6|1|1|1
[Opponent] Jinbe ["OP11-021">OP11-021]: Set Camie ["OP06-025">OP06-025] to Active
[] Hand: [P-063,OP11-031,OP08-036,P-063,OP06-035,OP15-032]
[] Board: [OP06-025]
[] Trash: [EB04-020]
[] Life: 5
[] Hand: [OP13-086,OP13-098,OP13-084,OP14-096,OP13-084,OP13-098,OP13-092]
[] Trash: [OP13-083,OP05-097,OP14-096,OP13-086,OP13-092,OP14-096]
[] Board: [OP16-093]
[] Life: 2
[Opponent] End Turn
[] Hand: [OP13-086,OP13-098,OP13-084,OP14-096,OP13-084,OP13-098,OP13-092]
[] Board: [OP16-093]
[] Trash: [OP13-083,OP05-097,OP14-096,OP13-086,OP13-092,OP14-096]
[] Life: 2
[] Hand: [P-063,OP11-031,OP08-036,P-063,OP06-035,OP15-032]
[] Trash: [EB04-020]
[] Board: [OP06-025]
[] Life: 5
RZ1|206|1|Don|9|9900|5|0|1|1|1|0|0
RZ1|CHK|206|1|33|7|1|2|7|3|6|1|1|0
[You] Draw 1 Card
[] Drew card from deck: St. Marcus Mars ["OP13-091">OP13-091]
RZ1|207|1|OP13-091|0|32|1|7|1|1|0|0|0
RZ1|CHK|207|1|32|8|1|2|7|3|6|1|1|0
RZ1|208|1|Don|4|6|5|3|1|1|0|0|0
RZ1|CHK|208|1|32|8|1|2|6|4|6|1|1|0
RZ1|209|1|Don|4|5|5|4|1|1|0|0|0
RZ1|CHK|209|1|32|8|1|2|5|5|6|1|1|0
[You] Draw 2 Don
RZ1|210|1|Don|5|0|5|0|1|1|1|0|0
RZ1|CHK|210|1|32|8|1|2|5|5|6|1|1|0
[You] Deploy St. Shalria ["OP13-086">OP13-086]
RZ1|211|1|OP13-086|1|0|2|1|1|1|0|0|0
RZ1|CHK|211|1|32|7|2|2|5|5|6|1|1|0
RZ1|212|1|OP13-082|0|31|1|7|1|1|0|0|0
RZ1|CHK|212|1|31|8|2|2|5|5|6|1|1|0
[You] St. Shalria ["OP13-086">OP13-086]: <b>Reveal and Draw Five Elders ["OP13-082">OP13-082]</b>
[You] St. Shalria ["OP13-086">OP13-086]: Trash 2 Remaining Cards
RZ1|213|1|OP16-093|0|30|6|6|1|1|0|0|0
RZ1|CHK|213|1|30|8|2|2|5|5|7|1|1|0
RZ1|214|1|OP13-082|0|29|6|7|1|1|0|0|0
RZ1|CHK|214|1|29|8|2|2|5|5|8|1|1|0
RZ1|215|1|OP13-091|1|6|6|8|1|1|0|0|0
RZ1|CHK|215|1|29|7|2|2|5|5|9|1|1|0
[You] St. Shalria ["OP13-086">OP13-086]: Trash St. Marcus Mars ["OP13-091">OP13-091]
[You] Imu ["OP13-079">OP13-079] attacking Jinbe ["OP11-021">OP11-021]
Imu ["OP13-079">OP13-079][5000] vs Jinbe ["OP11-021">OP11-021][5000]
Jinbe ["OP11-021">OP11-021] hit for 1 damage
RZ1|216|2|OP11-030|3|4|1|6|1|1|0|0|0
RZ1|CHK|216|2|37|7|1|4|6|0|1|0|1|4
RZ1|217|1|Don|5|1|9|0|1|1|0|0|0
RZ1|CHK|217|1|29|7|2|2|5|4|9|1|1|1
[You] Attach 1 Don to Bartholomew Kuma ["OP16-093">OP16-093] (1 Total)
[You] Bartholomew Kuma ["OP16-093">OP16-093] attacking Jinbe ["OP11-021">OP11-021]
[Opponent] Discard Shirahoshi ["OP11-030">OP11-030] for Counter 1000
RZ1|218|2|OP11-030|1|6|6|1|1|1|0|0|0
RZ1|CHK|218|2|37|6|1|4|6|0|2|0|1|4
Bartholomew Kuma ["OP16-093">OP16-093][5000] vs Jinbe ["OP11-021">OP11-021][6000]
Attack Fails
RZ1|219|1|OP13-086|2|1|6|9|1|1|0|0|0
RZ1|CHK|219|1|29|7|1|2|5|4|10|1|1|1
[You] Imu ["OP13-079">OP13-079]: Trash St. Shalria ["OP13-086">OP13-086]
[] Drew card from deck: St. Jaygarcia Saturn ["OP13-083">OP13-083]
RZ1|220|1|OP13-083|0|28|1|7|1|1|0|0|0
RZ1|CHK|220|1|28|8|1|2|5|4|10|1|1|1
[You] Imu ["OP13-079">OP13-079]: Draw 1 Card
[You] The Empty Throne ["OP13-099">OP13-099]: Rest 3 Don
RZ1|221|1|Don|5|1|5|1|1|1|1|0|0
RZ1|CHK|221|1|28|8|1|2|5|4|10|1|1|1
RZ1|222|1|Don|5|2|5|2|1|1|1|0|0
RZ1|CHK|222|1|28|8|1|2|5|4|10|1|1|1
RZ1|223|1|Don|5|3|5|3|1|1|1|0|0
RZ1|CHK|223|1|28|8|1|2|5|4|10|1|1|1
[You] The Empty Throne ["OP13-099">OP13-099]: Rest The Empty Throne ["OP13-099">OP13-099]
RZ1|224|1|OP13-083|1|7|2|1|1|1|0|0|0
RZ1|CHK|224|1|28|7|2|2|5|4|10|1|1|1
[You] The Empty Throne ["OP13-099">OP13-099]: Deploy St. Jaygarcia Saturn ["OP13-083">OP13-083]
RZ1|225|1|OP13-084|0|27|1|7|1|1|0|0|0
RZ1|CHK|225|1|27|8|2|2|5|4|10|1|1|1
[You] St. Jaygarcia Saturn ["OP13-083">OP13-083]: <b>Reveal and Draw St. Shepherd Ju Peter ["OP13-084">OP13-084]</b>
[You] Placing Cards on Bottom of Deck
RZ1|226|1|OP13-096|0|26|0|0|0|0|0|0|0
RZ1|CHK|226|1|27|8|2|2|5|4|10|1|1|1
RZ1|227|1|OP13-092|0|26|0|0|0|0|0|0|0
RZ1|CHK|227|1|27|8|2|2|5|4|10|1|1|1
RZ1|228|1|OP13-089|0|26|0|0|0|0|0|0|0
RZ1|CHK|228|1|27|8|2|2|5|4|10|1|1|1
RZ1|229|1|OP13-091|0|26|0|0|0|0|0|0|0
RZ1|CHK|229|1|27|8|2|2|5|4|10|1|1|1
[] Hand: [OP13-098,OP13-084,OP14-096,OP13-084,OP13-098,OP13-092,OP13-082,OP13-084]
[] Board: [OP16-093,OP13-083]
[] Trash: [OP13-083,OP05-097,OP14-096,OP13-086,OP13-092,OP14-096,OP16-093,OP13-082,OP13-091,OP13-086]
[] Life: 2
[] Hand: [P-063,OP11-031,OP08-036,P-063,OP06-035,OP15-032]
[] Trash: [EB04-020,OP11-030]
[] Board: [OP06-025]
[] Life: 4
[You] End Turn
[] Hand: [P-063,OP11-031,OP08-036,P-063,OP06-035,OP15-032]
[] Board: [OP06-025]
[] Trash: [EB04-020,OP11-030]
[] Life: 4
[] Hand: [OP13-098,OP13-084,OP14-096,OP13-084,OP13-098,OP13-092,OP13-082,OP13-084]
[] Trash: [OP13-083,OP05-097,OP14-096,OP13-086,OP13-092,OP14-096,OP16-093,OP13-082,OP13-091,OP13-086]
[] Board: [OP16-093,OP13-083]
[] Life: 2
RZ1|230|2|Don|9|9900|5|0|1|1|1|0|0
RZ1|CHK|230|2|37|6|1|4|6|1|2|0|1|3
RZ1|231|2|Don|9|0|5|0|1|1|1|0|0
RZ1|CHK|231|2|37|6|1|4|6|2|2|0|1|2
RZ1|232|2|Don|9|0|5|0|1|1|1|0|0
RZ1|CHK|232|2|37|6|1|4|6|3|2|0|1|1
RZ1|233|2|Don|9|0|5|0|1|1|1|0|0
RZ1|CHK|233|2|37|6|1|4|6|4|2|0|1|0
[Opponent] Draw 1 Card
[] Drew card from deck: Shirahoshi ["OP11-030">OP11-030]
RZ1|234|2|OP11-030|0|36|1|6|1|1|0|0|0
RZ1|CHK|234|2|36|7|1|4|6|4|2|0|1|0
RZ1|235|2|Don|4|5|5|4|1|1|0|0|0
RZ1|CHK|235|2|36|7|1|4|5|5|2|0|1|0
RZ1|236|2|Don|4|4|5|5|1|1|0|0|0
RZ1|CHK|236|2|36|7|1|4|4|6|2|0|1|0
[Opponent] Draw 2 Don
RZ1|237|2|Don|5|0|5|0|1|1|1|0|0
RZ1|CHK|237|2|36|7|1|4|4|6|2|0|1|0
RZ1|238|2|Don|5|1|5|1|1|1|1|0|0
RZ1|CHK|238|2|36|7|1|4|4|6|2|0|1|0
RZ1|239|2|Don|5|2|5|2|1|1|1|0|0
RZ1|CHK|239|2|36|7|1|4|4|6|2|0|1|0
RZ1|240|2|Don|5|3|5|3|1|1|1|0|0
RZ1|CHK|240|2|36|7|1|4|4|6|2|0|1|0
RZ1|241|2|Don|5|4|5|4|1|1|1|0|0
RZ1|CHK|241|2|36|7|1|4|4|6|2|0|1|0
RZ1|242|2|Don|5|5|5|5|1|1|1|0|0
RZ1|CHK|242|2|36|7|1|4|4|6|2|0|1|0
[Opponent] Deploy Jinbe ["OP11-031">OP11-031]
RZ1|243|2|OP11-031|1|1|2|1|1|1|0|0|0
RZ1|CHK|243|2|36|6|2|4|4|6|2|0|1|0
[Opponent] Jinbe ["OP11-031">OP11-031]: Rest St. Jaygarcia Saturn ["OP13-083">OP13-083]
[Opponent] Jinbe ["OP11-021">OP11-021] attacking Imu ["OP13-079">OP13-079]
[You] Discard St. Mjosgard ["OP13-092">OP13-092] for Counter 2000
RZ1|244|1|OP13-092|1|5|6|10|1|1|0|0|0
RZ1|CHK|244|1|27|7|2|2|5|4|11|1|1|1
Jinbe ["OP11-021">OP11-021][5000] vs Imu ["OP13-079">OP13-079][7000]
Attack Fails
[Opponent] Jinbe ["OP11-021">OP11-021]: Activate 1 Don
RZ1|245|2|Don|5|5|5|5|1|1|0|0|0
RZ1|CHK|245|2|36|6|2|4|4|6|2|0|1|0
[] Hand: [P-063,OP08-036,P-063,OP06-035,OP15-032,OP11-030]
[] Board: [OP06-025,OP11-031]
[] Trash: [EB04-020,OP11-030]
[] Life: 4
[] Hand: [OP13-098,OP13-084,OP14-096,OP13-084,OP13-098,OP13-082,OP13-084]
[] Trash: [OP13-083,OP05-097,OP14-096,OP13-086,OP13-092,OP14-096,OP16-093,OP13-082,OP13-091,OP13-086,OP13-092]
[] Board: [OP16-093,OP13-083]
[] Life: 2
[Opponent] End Turn
[] Hand: [OP13-098,OP13-084,OP14-096,OP13-084,OP13-098,OP13-082,OP13-084]
[] Board: [OP16-093,OP13-083]
[] Trash: [OP13-083,OP05-097,OP14-096,OP13-086,OP13-092,OP14-096,OP16-093,OP13-082,OP13-091,OP13-086,OP13-092]
[] Life: 2
[] Hand: [P-063,OP08-036,P-063,OP06-035,OP15-032,OP11-030]
[] Trash: [EB04-020,OP11-030]
[] Board: [OP06-025,OP11-031]
[] Life: 4
RZ1|246|1|Don|9|0|5|0|1|1|1|0|0
RZ1|CHK|246|1|27|7|2|2|5|5|11|1|1|0
[You] Draw 1 Card
[] Drew card from deck: St. Marcus Mars ["OP13-091">OP13-091]
RZ1|247|1|OP13-091|0|26|1|7|1|1|0|0|0
RZ1|CHK|247|1|26|8|2|2|5|5|11|1|1|0
RZ1|248|1|Don|4|4|5|5|1|1|0|0|0
RZ1|CHK|248|1|26|8|2|2|4|6|11|1|1|0
RZ1|249|1|Don|4|3|5|6|1|1|0|0|0
RZ1|CHK|249|1|26|8|2|2|3|7|11|1|1|0
[You] Draw 2 Don
[You] The Empty Throne ["OP13-099">OP13-099]: Rest 3 Don
RZ1|250|1|Don|5|0|5|0|1|1|1|0|0
RZ1|CHK|250|1|26|8|2|2|3|7|11|1|1|0
RZ1|251|1|Don|5|1|5|1|1|1|1|0|0
RZ1|CHK|251|1|26|8|2|2|3|7|11|1|1|0
RZ1|252|1|Don|5|2|5|2|1|1|1|0|0
RZ1|CHK|252|1|26|8|2|2|3|7|11|1|1|0
[You] The Empty Throne ["OP13-099">OP13-099]: Rest The Empty Throne ["OP13-099">OP13-099]
RZ1|253|1|OP13-091|1|7|2|2|1|1|0|0|0
RZ1|CHK|253|1|26|7|3|2|3|7|11|1|1|0
[You] The Empty Throne ["OP13-099">OP13-099]: Deploy St. Marcus Mars ["OP13-091">OP13-091]
RZ1|254|1|OP13-083|2|1|6|11|1|1|0|0|0
RZ1|CHK|254|1|26|7|2|2|3|7|12|1|1|0
[You] Imu ["OP13-079">OP13-079]: Trash St. Jaygarcia Saturn ["OP13-083">OP13-083]
[] Drew card from deck: St. Ethanbaron V. Nusjuro ["OP13-080">OP13-080]
RZ1|255|1|OP13-080|0|25|1|7|1|1|0|0|0
RZ1|CHK|255|1|25|8|2|2|3|7|12|1|1|0
[You] Imu ["OP13-079">OP13-079]: Draw 1 Card
[You] Ground Death ["OP14-096">OP14-096]: Rest 1 Don
RZ1|256|1|Don|5|3|5|3|1|1|1|0|0
RZ1|CHK|256|1|25|8|2|2|3|7|12|1|1|0
RZ1|257|1|OP14-096|1|2|6|12|1|1|0|0|0
RZ1|CHK|257|1|25|7|2|2|3|7|13|1|1|0
[You] Ground Death ["OP14-096">OP14-096]: Rest 2 Don
RZ1|258|1|Don|5|4|5|4|1|1|1|0|0
RZ1|CHK|258|1|25|7|2|2|3|7|13|1|1|0
RZ1|259|1|Don|5|5|5|5|1|1|1|0|0
RZ1|CHK|259|1|25|7|2|2|3|7|13|1|1|0
[You] Ground Death ["OP14-096">OP14-096]: Nullify effects of Camie ["OP06-025">OP06-025]
[You] Imu ["OP13-079">OP13-079] attacking Jinbe ["OP11-021">OP11-021]
[Opponent] Discard Shirahoshi ["OP11-030">OP11-030] for Counter 1000
RZ1|260|2|OP11-030|1|5|6|2|1|1|0|0|0
RZ1|CHK|260|2|36|5|2|4|4|6|3|0|1|0
Imu ["OP13-079">OP13-079][5000] vs Jinbe ["OP11-021">OP11-021][6000]
Attack Fails
[You] Camie ["OP06-025">OP06-025] no longer nullified
[] Hand: [OP13-098,OP13-084,OP13-084,OP13-098,OP13-082,OP13-084,OP13-080]
[] Board: [OP16-093,OP13-091]
[] Trash: [OP13-083,OP05-097,OP14-096,OP13-086,OP13-092,OP14-096,OP16-093,OP13-082,OP13-091,OP13-086,OP13-092,OP13-083,OP14-096]
[] Life: 2
[] Hand: [P-063,OP08-036,P-063,OP06-035,OP15-032]
[] Trash: [EB04-020,OP11-030,OP11-030]
[] Board: [OP06-025,OP11-031]
[] Life: 4
[You] End Turn
[] Hand: [P-063,OP08-036,P-063,OP06-035,OP15-032]
[] Board: [OP06-025,OP11-031]
[] Trash: [EB04-020,OP11-030,OP11-030]
[] Life: 4
[] Hand: [OP13-098,OP13-084,OP13-084,OP13-098,OP13-082,OP13-084,OP13-080]
[] Trash: [OP13-083,OP05-097,OP14-096,OP13-086,OP13-092,OP14-096,OP16-093,OP13-082,OP13-091,OP13-086,OP13-092,OP13-083,OP14-096]
[] Board: [OP16-093,OP13-091]
[] Life: 2
[Opponent] Draw 1 Card
[] Drew card from deck: Electrical Luna ["OP08-036">OP08-036]
RZ1|261|2|OP08-036|0|35|1|5|1|1|0|0|0
RZ1|CHK|261|2|35|6|2|4|4|6|3|0|1|0
RZ1|262|2|Don|4|3|5|6|1|1|0|0|0
RZ1|CHK|262|2|35|6|2|4|3|7|3|0|1|0
RZ1|263|2|Don|4|2|5|7|1|1|0|0|0
RZ1|CHK|263|2|35|6|2|4|2|8|3|0|1|0
[Opponent] Draw 2 Don
RZ1|264|2|Don|5|0|5|0|1|1|1|0|0
RZ1|CHK|264|2|35|6|2|4|2|8|3|0|1|0
RZ1|265|2|Don|5|1|5|1|1|1|1|0|0
RZ1|CHK|265|2|35|6|2|4|2|8|3|0|1|0
RZ1|266|2|Don|5|2|5|2|1|1|1|0|0
RZ1|CHK|266|2|35|6|2|4|2|8|3|0|1|0
RZ1|267|2|Don|5|3|5|3|1|1|1|0|0
RZ1|CHK|267|2|35|6|2|4|2|8|3|0|1|0
RZ1|268|2|Don|5|4|5|4|1|1|1|0|0
RZ1|CHK|268|2|35|6|2|4|2|8|3|0|1|0
RZ1|269|2|Don|5|5|5|5|1|1|1|0|0
RZ1|CHK|269|2|35|6|2|4|2|8|3|0|1|0
RZ1|270|2|Don|5|6|5|6|1|1|1|0|0
RZ1|CHK|270|2|35|6|2|4|2|8|3|0|1|0
[Opponent] Deploy Hody Jones ["OP06-035">OP06-035]
RZ1|271|2|OP06-035|1|3|2|2|1|1|0|0|0
RZ1|CHK|271|2|35|5|3|4|2|8|3|0|1|0
[Opponent] Hody Jones ["OP06-035">OP06-035]: Rest St. Marcus Mars ["OP13-091">OP13-091]
[Opponent] Hody Jones ["OP06-035">OP06-035] Rest 1 Opponent Don
RZ1|272|1|Don|5|6|5|6|1|1|1|0|0
RZ1|CHK|272|1|25|7|2|2|3|7|13|1|1|0
[Opponent] Hody Jones ["OP06-035">OP06-035]: Takes Top Life
RZ1|273|2|OP13-040|3|3|1|5|1|1|0|0|0
RZ1|CHK|273|2|35|6|3|3|2|8|3|0|1|0
[Opponent] Jinbe ["OP11-031">OP11-031] attacking Imu ["OP13-079">OP13-079]
[You] Discard St. Ethanbaron V. Nusjuro ["OP13-080">OP13-080] for Counter 1000
RZ1|274|1|OP13-080|1|6|6|13|1|1|0|0|0
RZ1|CHK|274|1|25|6|2|2|3|7|14|1|1|0
[You] Discard St. Shepherd Ju Peter ["OP13-084">OP13-084] for Counter 2000
RZ1|275|1|OP13-084|1|1|6|14|1|1|0|0|0
RZ1|CHK|275|1|25|5|2|2|3|7|15|1|1|0
[You] Discard St. Shepherd Ju Peter ["OP13-084">OP13-084] for Counter 2000
RZ1|276|1|OP13-084|1|1|6|15|1|1|0|0|0
RZ1|CHK|276|1|25|4|2|2|3|7|16|1|1|0
Jinbe ["OP11-031">OP11-031][8000] vs Imu ["OP13-079">OP13-079][10000]
Attack Fails
[Opponent] Attach 1 Don to Jinbe ["OP11-021">OP11-021] (1 Total)
RZ1|277|2|Don|5|7|9|9900|1|1|0|0|0
RZ1|CHK|277|2|35|6|3|3|2|7|3|0|1|1
[Opponent] Jinbe ["OP11-021">OP11-021] attacking Imu ["OP13-079">OP13-079]
[You] Discard St. Shepherd Ju Peter ["OP13-084">OP13-084] for Counter 2000
RZ1|278|1|OP13-084|1|3|6|16|1|1|0|0|0
RZ1|CHK|278|1|25|3|2|2|3|7|17|1|1|0
Jinbe ["OP11-021">OP11-021][6000] vs Imu ["OP13-079">OP13-079][7000]
Attack Fails
[Opponent] Hody Jones ["OP06-035">OP06-035] attacking Imu ["OP13-079">OP13-079]
Hody Jones ["OP06-035">OP06-035][8000] vs Imu ["OP13-079">OP13-079][5000]
Imu ["OP13-079">OP13-079] hit for 1 damage
RZ1|279|1|OP13-096|3|1|1|3|1|1|0|0|0
RZ1|CHK|279|1|25|4|2|1|3|7|17|1|1|0
[You] The Five Elders... Are At Your Service ["OP13-096">OP13-096]: Activate Trigger
RZ1|280|1|OP13-096|1|3|6|17|1|1|0|0|0
RZ1|CHK|280|1|25|3|2|1|3|7|18|1|1|0
RZ1|281|1|OP13-084|0|24|1|3|1|1|0|0|0
RZ1|CHK|281|1|24|4|2|1|3|7|18|1|1|0
[You] The Five Elders... Are At Your Service ["OP13-096">OP13-096]: <b>Reveal and Draw St. Shepherd Ju Peter ["OP13-084">OP13-084]</b>
[You] The Five Elders... Are At Your Service ["OP13-096">OP13-096]: Trash 2 Remaining Cards
RZ1|282|1|OP13-080|0|23|6|18|1|1|0|0|0
RZ1|CHK|282|1|23|4|2|1|3|7|19|1|1|0
RZ1|283|1|OP13-080|0|22|6|19|1|1|0|0|0
RZ1|CHK|283|1|22|4|2|1|3|7|20|1|1|0
[Opponent] Jinbe ["OP11-021">OP11-021]: Set Jinbe ["OP11-031">OP11-031] to Active
[Opponent] Jinbe ["OP11-021">OP11-021]: Activate 1 Don
RZ1|284|2|Don|5|6|5|6|1|1|0|0|0
RZ1|CHK|284|2|35|6|3|3|2|7|3|0|1|1
[] Hand: [P-063,OP08-036,P-063,OP15-032,OP08-036,OP13-040]
[] Board: [OP06-025,OP11-031,OP06-035]
[] Trash: [EB04-020,OP11-030,OP11-030]
[] Life: 3
[] Hand: [OP13-098,OP13-098,OP13-082,OP13-084]
[] Trash: [OP13-083,OP05-097,OP14-096,OP13-086,OP13-092,OP14-096,OP16-093,OP13-082,OP13-091,OP13-086,OP13-092,OP13-083,OP14-096,OP13-080,OP13-084,OP13-084,OP13-084,OP13-096,OP13-080,OP13-080]
[] Board: [OP16-093,OP13-091]
[] Life: 1
[Opponent] End Turn
[] Hand: [OP13-098,OP13-098,OP13-082,OP13-084]
[] Board: [OP16-093,OP13-091]
[] Trash: [OP13-083,OP05-097,OP14-096,OP13-086,OP13-092,OP14-096,OP16-093,OP13-082,OP13-091,OP13-086,OP13-092,OP13-083,OP14-096,OP13-080,OP13-084,OP13-084,OP13-084,OP13-096,OP13-080,OP13-080]
[] Life: 1
[] Hand: [P-063,OP08-036,P-063,OP15-032,OP08-036,OP13-040]
[] Trash: [EB04-020,OP11-030,OP11-030]
[] Board: [OP06-025,OP11-031,OP06-035]
[] Life: 3
[You] Draw 1 Card
[] Drew card from deck: St. Topman Warcury ["OP13-089">OP13-089]
RZ1|285|1|OP13-089|0|21|1|4|1|1|0|0|0
RZ1|CHK|285|1|21|5|2|1|3|7|20|1|1|0
RZ1|286|1|Don|4|2|5|7|1|1|0|0|0
RZ1|CHK|286|1|21|5|2|1|2|8|20|1|1|0
RZ1|287|1|Don|4|1|5|8|1|1|0|0|0
RZ1|CHK|287|1|21|5|2|1|1|9|20|1|1|0
[You] Draw 2 Don
RZ1|288|1|Don|5|0|9|9900|1|1|0|0|0
RZ1|CHK|288|1|21|5|2|1|1|8|20|1|1|1
RZ1|289|1|Don|5|0|9|9901|1|1|0|0|0
RZ1|CHK|289|1|21|5|2|1|1|7|20|1|1|2
RZ1|290|1|Don|5|0|9|9902|1|1|0|0|0
RZ1|CHK|290|1|21|5|2|1|1|6|20|1|1|3
[You] Attach 3 Don to Imu ["OP13-079">OP13-079] (3 Total)
[You] Imu ["OP13-079">OP13-079] attacking Hody Jones ["OP06-035">OP06-035]
[Opponent] Discard Jinbe ["P-063">P-063] for Counter 2000
RZ1|291|2|P-063|1|0|6|3|1|1|0|0|0
RZ1|CHK|291|2|35|5|3|3|2|7|4|0|1|1
Imu ["OP13-079">OP13-079][9000] vs Hody Jones ["OP06-035">OP06-035][10000]
Attack Fails
RZ1|292|1|Don|5|0|9|0|1|1|0|0|0
RZ1|CHK|292|1|21|5|2|1|1|5|20|1|1|4
RZ1|293|1|Don|5|0|9|1|1|1|0|0|0
RZ1|CHK|293|1|21|5|2|1|1|4|20|1|1|5
RZ1|294|1|Don|5|0|9|2|1|1|0|0|0
RZ1|CHK|294|1|21|5|2|1|1|3|20|1|1|6
RZ1|295|1|Don|5|0|9|3|1|1|0|0|0
RZ1|CHK|295|1|21|5|2|1|1|2|20|1|1|7
[You] Attach 4 Don to Bartholomew Kuma ["OP16-093">OP16-093] (4 Total)
[You] Bartholomew Kuma ["OP16-093">OP16-093] attacking Hody Jones ["OP06-035">OP06-035]
[Opponent] Discard Brook ["OP15-032">OP15-032] for Counter 1000
RZ1|296|2|OP15-032|1|2|6|4|1|1|0|0|0
RZ1|CHK|296|2|35|4|3|3|2|7|5|0|1|1
Bartholomew Kuma ["OP16-093">OP16-093][8000] vs Hody Jones ["OP06-035">OP06-035][9000]
Attack Fails
RZ1|297|1|OP13-084|1|3|6|20|1|1|0|0|0
RZ1|CHK|297|1|21|4|2|1|1|2|21|1|1|7
[You] Imu ["OP13-079">OP13-079]: Trash St. Shepherd Ju Peter ["OP13-084">OP13-084]
[] Drew card from deck: St. Topman Warcury ["OP13-089">OP13-089]
RZ1|298|1|OP13-089|0|20|1|4|1|1|0|0|0
RZ1|CHK|298|1|20|5|2|1|1|2|21|1|1|7
[You] Imu ["OP13-079">OP13-079]: Draw 1 Card
[] Hand: [OP13-098,OP13-098,OP13-082,OP13-089,OP13-089]
[] Board: [OP16-093,OP13-091]
[] Trash: [OP13-083,OP05-097,OP14-096,OP13-086,OP13-092,OP14-096,OP16-093,OP13-082,OP13-091,OP13-086,OP13-092,OP13-083,OP14-096,OP13-080,OP13-084,OP13-084,OP13-084,OP13-096,OP13-080,OP13-080,OP13-084]
[] Life: 1
[] Hand: [OP08-036,P-063,OP08-036,OP13-040]
[] Trash: [EB04-020,OP11-030,OP11-030,P-063,OP15-032]
[] Board: [OP06-025,OP11-031,OP06-035]
[] Life: 3
[You] End Turn
[] Hand: [OP08-036,P-063,OP08-036,OP13-040]
[] Board: [OP06-025,OP11-031,OP06-035]
[] Trash: [EB04-020,OP11-030,OP11-030,P-063,OP15-032]
[] Life: 3
[] Hand: [OP13-098,OP13-098,OP13-082,OP13-089,OP13-089]
[] Trash: [OP13-083,OP05-097,OP14-096,OP13-086,OP13-092,OP14-096,OP16-093,OP13-082,OP13-091,OP13-086,OP13-092,OP13-083,OP14-096,OP13-080,OP13-084,OP13-084,OP13-084,OP13-096,OP13-080,OP13-080,OP13-084]
[] Board: [OP16-093,OP13-091]
[] Life: 1
RZ1|299|2|Don|9|9900|5|0|1|1|1|0|0
RZ1|CHK|299|2|35|4|3|3|2|8|5|0|1|0
[Opponent] Draw 1 Card
[] Drew card from deck: Jinbe ["EB04-015">EB04-015]
RZ1|300|2|EB04-015|0|34|1|4|1|1|0|0|0
RZ1|CHK|300|2|34|5|3|3|2|8|5|0|1|0
RZ1|301|2|Don|4|1|5|8|1|1|0|0|0
RZ1|CHK|301|2|34|5|3|3|1|9|5|0|1|0
RZ1|302|2|Don|4|0|5|9|1|1|0|0|0
RZ1|CHK|302|2|34|5|3|3|0|10|5|0|1|0
[Opponent] Draw 2 Don
[Opponent] I Know You're Strong... So I'll Go All Out ["OP13-040">OP13-040]: Rest 1 Don
RZ1|303|2|Don|5|0|5|0|1|1|1|0|0
RZ1|CHK|303|2|34|5|3|3|0|10|5|0|1|0
RZ1|304|2|OP13-040|1|3|6|5|1|1|0|0|0
RZ1|CHK|304|2|34|4|3|3|0|10|6|0|1|0
[Opponent] I Know You're Strong... So I'll Go All Out ["OP13-040">OP13-040]: Rest 2 Don
RZ1|305|2|Don|5|1|5|1|1|1|1|0|0
RZ1|CHK|305|2|34|4|3|3|0|10|6|0|1|0
RZ1|306|2|Don|5|2|5|2|1|1|1|0|0
RZ1|CHK|306|2|34|4|3|3|0|10|6|0|1|0
[Opponent] I Know You're Strong... So I'll Go All Out ["OP13-040">OP13-040]: Bartholomew Kuma ["OP16-093">OP16-093] will not Activate during next Refresh
[Opponent] Attach 3 Don to Camie ["OP06-025">OP06-025] (3 Total)
RZ1|307|2|Don|5|3|9|0|1|1|0|0|0
RZ1|CHK|307|2|34|4|3|3|0|9|6|0|1|1
RZ1|308|2|Don|5|3|9|1|1|1|0|0|0
RZ1|CHK|308|2|34|4|3|3|0|8|6|0|1|2
RZ1|309|2|Don|5|3|9|2|1|1|0|0|0
RZ1|CHK|309|2|34|4|3|3|0|7|6|0|1|3
[Opponent] Camie ["OP06-025">OP06-025] attacking Imu ["OP13-079">OP13-079]
[You] St. Marcus Mars ["OP13-091">OP13-091] Blocks
[You] ...Never Existed... ["OP13-098">OP13-098]: Activate Counter
[You] ...Never Existed... ["OP13-098">OP13-098]: Rest 1 Don
RZ1|310|1|Don|5|0|5|0|1|1|1|0|0
RZ1|CHK|310|1|20|5|2|1|1|2|21|1|1|7
RZ1|311|1|OP13-098|1|0|6|21|1|1|0|0|0
RZ1|CHK|311|1|20|4|2|1|1|2|22|1|1|7
[You] ...Never Existed... ["OP13-098">OP13-098]: Buff St. Marcus Mars ["OP13-091">OP13-091] 4000 for the Combat
Camie ["OP06-025">OP06-025][5000] vs St. Marcus Mars ["OP13-091">OP13-091][9000]
Attack Fails
[Opponent] Jinbe ["OP11-031">OP11-031] attacking Imu ["OP13-079">OP13-079]
[You] ...Never Existed... ["OP13-098">OP13-098]: Activate Counter
[You] ...Never Existed... ["OP13-098">OP13-098]: Rest 1 Don
RZ1|312|1|Don|5|1|5|1|1|1|1|0|0
RZ1|CHK|312|1|20|4|2|1|1|2|22|1|1|7
RZ1|313|1|OP13-098|1|0|6|22|1|1|0|0|0
RZ1|CHK|313|1|20|3|2|1|1|2|23|1|1|7
[You] ...Never Existed... ["OP13-098">OP13-098]: Buff Imu ["OP13-079">OP13-079] 4000 for the Combat
Jinbe ["OP11-031">OP11-031][8000] vs Imu ["OP13-079">OP13-079][9000]
Attack Fails
[Opponent] Attach 2 Don to Jinbe ["OP11-021">OP11-021] (2 Total)
RZ1|314|2|Don|5|6|9|9900|1|1|0|0|0
RZ1|CHK|314|2|34|4|3|3|0|6|6|0|1|4
RZ1|315|2|Don|5|5|9|9901|1|1|0|0|0
RZ1|CHK|315|2|34|4|3|3|0|5|6|0|1|5
[Opponent] Jinbe ["OP11-021">OP11-021] attacking Imu ["OP13-079">OP13-079]
Jinbe ["OP11-021">OP11-021][7000] vs Imu ["OP13-079">OP13-079][5000]
Imu ["OP13-079">OP13-079] hit for 1 damage
RZ1|316|1|OP16-093|3|0|1|3|1|1|0|0|0
RZ1|CHK|316|1|20|4|2|0|1|2|23|1|1|7
[Opponent] Attach 1 Don to Hody Jones ["OP06-035">OP06-035] (1 Total)
RZ1|317|2|Don|5|4|9|200|1|1|0|0|0
RZ1|CHK|317|2|34|4|3|3|0|4|6|0|1|6
[Opponent] Attach 1 Don to Hody Jones ["OP06-035">OP06-035] (2 Total)
RZ1|318|2|Don|5|3|9|201|1|1|0|0|0
RZ1|CHK|318|2|34|4|3|3|0|3|6|0|1|7
[Opponent] Hody Jones ["OP06-035">OP06-035] attacking Imu ["OP13-079">OP13-079]
Hody Jones ["OP06-035">OP06-035][10000] vs Imu ["OP13-079">OP13-079][5000]
Imu ["OP13-079">OP13-079] hit for 1 damage
[You] <b>Downloaded the Combat Log!</b>
GameOver
