Version is 1.41b.12
[You] Leader is Imu ["OP13-079">OP13-079]
RZ1|HDR|1.41b|2|RZ1
RZ1|PLY|1||OP13-079
RZ1|PLY|2||
[Opponent] Leader is Krieg ["OP15-001">OP15-001]
RZ1|1|2|OP15-026|0|21|0|0|0|0|0|0|0
RZ1|CHK|1|2|50|0|0|0|10|0|0|0|1|0
RZ1|2|2|OP15-027|0|34|0|1|0|0|0|0|0
RZ1|CHK|2|2|50|0|0|0|10|0|0|0|1|0
RZ1|3|2|OP12-021|0|30|0|2|0|0|0|0|0
RZ1|CHK|3|2|50|0|0|0|10|0|0|0|1|0
RZ1|4|2|OP15-026|0|24|0|3|0|0|0|0|0
RZ1|CHK|4|2|50|0|0|0|10|0|0|0|1|0
RZ1|5|2|OP12-027|0|29|0|4|0|0|0|0|0
RZ1|CHK|5|2|50|0|0|0|10|0|0|0|1|0
RZ1|6|2|OP12-027|0|30|0|5|0|0|0|0|0
RZ1|CHK|6|2|50|0|0|0|10|0|0|0|1|0
RZ1|7|2|OP15-008|0|25|0|6|0|0|0|0|0
RZ1|CHK|7|2|50|0|0|0|10|0|0|0|1|0
RZ1|8|2|OP15-003|0|13|0|7|0|0|0|0|0
RZ1|CHK|8|2|50|0|0|0|10|0|0|0|1|0
RZ1|9|2|OP15-008|0|25|0|8|0|0|0|0|0
RZ1|CHK|9|2|50|0|0|0|10|0|0|0|1|0
RZ1|10|2|OP15-023|0|33|0|9|0|0|0|0|0
RZ1|CHK|10|2|50|0|0|0|10|0|0|0|1|0
RZ1|11|2|OP15-017|0|17|0|10|0|0|0|0|0
RZ1|CHK|11|2|50|0|0|0|10|0|0|0|1|0
RZ1|12|2|OP15-023|0|34|0|11|0|0|0|0|0
RZ1|CHK|12|2|50|0|0|0|10|0|0|0|1|0
RZ1|13|2|OP15-008|0|27|0|12|0|0|0|0|0
RZ1|CHK|13|2|50|0|0|0|10|0|0|0|1|0
RZ1|14|2|OP14-036|0|44|0|13|0|0|0|0|0
RZ1|CHK|14|2|50|0|0|0|10|0|0|0|1|0
RZ1|15|2|OP15-025|0|37|0|14|0|0|0|0|0
RZ1|CHK|15|2|50|0|0|0|10|0|0|0|1|0
RZ1|16|2|OP15-037|0|47|0|15|0|0|0|0|0
RZ1|CHK|16|2|50|0|0|0|10|0|0|0|1|0
RZ1|17|2|OP15-037|0|49|0|16|0|0|0|0|0
RZ1|CHK|17|2|50|0|0|0|10|0|0|0|1|0
RZ1|18|2|OP15-008|0|32|0|17|0|0|0|0|0
RZ1|CHK|18|2|50|0|0|0|10|0|0|0|1|0
RZ1|19|2|EB04-004|0|31|0|18|0|0|0|0|0
RZ1|CHK|19|2|50|0|0|0|10|0|0|0|1|0
RZ1|20|2|OP15-026|0|33|0|19|0|0|0|0|0
RZ1|CHK|20|2|50|0|0|0|10|0|0|0|1|0
RZ1|21|2|EB04-004|0|33|0|20|0|0|0|0|0
RZ1|CHK|21|2|50|0|0|0|10|0|0|0|1|0
RZ1|22|2|OP15-012|0|26|0|21|0|0|0|0|0
RZ1|CHK|22|2|50|0|0|0|10|0|0|0|1|0
RZ1|23|2|OP13-040|0|46|0|22|0|0|0|0|0
RZ1|CHK|23|2|50|0|0|0|10|0|0|0|1|0
RZ1|24|2|OP15-028|0|37|0|23|0|0|0|0|0
RZ1|CHK|24|2|50|0|0|0|10|0|0|0|1|0
RZ1|25|2|OP15-007|0|35|0|24|0|0|0|0|0
RZ1|CHK|25|2|50|0|0|0|10|0|0|0|1|0
RZ1|26|2|OP15-028|0|37|0|25|0|0|0|0|0
RZ1|CHK|26|2|50|0|0|0|10|0|0|0|1|0
RZ1|27|2|OP15-017|0|33|0|26|0|0|0|0|0
RZ1|CHK|27|2|50|0|0|0|10|0|0|0|1|0
RZ1|28|2|OP15-025|0|43|0|28|0|0|0|0|0
RZ1|CHK|28|2|50|0|0|0|10|0|0|0|1|0
RZ1|29|2|OP15-007|0|36|0|29|0|0|0|0|0
RZ1|CHK|29|2|50|0|0|0|10|0|0|0|1|0
RZ1|30|2|OP15-017|0|35|0|30|0|0|0|0|0
RZ1|CHK|30|2|50|0|0|0|10|0|0|0|1|0
RZ1|31|2|OP15-023|0|40|0|31|0|0|0|0|0
RZ1|CHK|31|2|50|0|0|0|10|0|0|0|1|0
RZ1|32|2|OP15-017|0|36|0|32|0|0|0|0|0
RZ1|CHK|32|2|50|0|0|0|10|0|0|0|1|0
RZ1|33|2|OP15-025|0|43|0|33|0|0|0|0|0
RZ1|CHK|33|2|50|0|0|0|10|0|0|0|1|0
RZ1|34|2|OP15-009|0|35|0|34|0|0|0|0|0
RZ1|CHK|34|2|50|0|0|0|10|0|0|0|1|0
RZ1|35|2|OP13-040|0|45|0|35|0|0|0|0|0
RZ1|CHK|35|2|50|0|0|0|10|0|0|0|1|0
RZ1|36|2|OP15-023|0|42|0|36|0|0|0|0|0
RZ1|CHK|36|2|50|0|0|0|10|0|0|0|1|0
RZ1|37|2|OP15-009|0|38|0|37|0|0|0|0|0
RZ1|CHK|37|2|50|0|0|0|10|0|0|0|1|0
RZ1|38|2|OP15-026|0|42|0|38|0|0|0|0|0
RZ1|CHK|38|2|50|0|0|0|10|0|0|0|1|0
RZ1|39|2|OP15-025|0|44|0|39|0|0|0|0|0
RZ1|CHK|39|2|50|0|0|0|10|0|0|0|1|0
RZ1|40|2|OP15-027|0|44|0|41|0|0|0|0|0
RZ1|CHK|40|2|50|0|0|0|10|0|0|0|1|0
RZ1|41|2|OP14-036|0|47|0|42|0|0|0|0|0
RZ1|CHK|41|2|50|0|0|0|10|0|0|0|1|0
RZ1|42|2|OP15-037|0|48|0|43|0|0|0|0|0
RZ1|CHK|42|2|50|0|0|0|10|0|0|0|1|0
RZ1|43|2|OP05-037|0|47|0|44|0|0|0|0|0
RZ1|CHK|43|2|50|0|0|0|10|0|0|0|1|0
RZ1|44|2|OP15-007|0|46|0|45|0|0|0|0|0
RZ1|CHK|44|2|50|0|0|0|10|0|0|0|1|0
RZ1|45|2|OP15-007|0|47|0|46|0|0|0|0|0
RZ1|CHK|45|2|50|0|0|0|10|0|0|0|1|0
RZ1|46|2|OP15-037|0|49|0|48|0|0|0|0|0
RZ1|CHK|46|2|50|0|0|0|10|0|0|0|1|0
RZ1|47|1|OP13-099|0|36|7|0|1|1|0|0|0
RZ1|CHK|47|1|49|0|0|0|10|0|0|1|1|0
[You] Imu ["OP13-079">OP13-079]: Deploy The Empty Throne ["OP13-099">OP13-099]
RZ1|48|1|OP13-089|0|2|0|0|0|0|0|0|0
RZ1|CHK|48|1|49|0|0|0|10|0|0|1|1|0
RZ1|49|1|OP13-084|0|12|0|1|0|0|0|0|0
RZ1|CHK|49|1|49|0|0|0|10|0|0|1|1|0
RZ1|50|1|OP13-096|0|24|0|2|0|0|0|0|0
RZ1|CHK|50|1|49|0|0|0|10|0|0|1|1|0
RZ1|51|1|OP13-091|0|35|0|3|0|0|0|0|0
RZ1|CHK|51|1|49|0|0|0|10|0|0|1|1|0
RZ1|52|1|OP13-098|0|28|0|4|0|0|0|0|0
RZ1|CHK|52|1|49|0|0|0|10|0|0|1|1|0
RZ1|53|1|OP13-080|0|26|0|5|0|0|0|0|0
RZ1|CHK|53|1|49|0|0|0|10|0|0|1|1|0
RZ1|54|1|OP13-091|0|23|0|6|0|0|0|0|0
RZ1|CHK|54|1|49|0|0|0|10|0|0|1|1|0
RZ1|55|1|OP13-091|0|36|0|7|0|0|0|0|0
RZ1|CHK|55|1|49|0|0|0|10|0|0|1|1|0
RZ1|56|1|OP13-089|0|18|0|8|0|0|0|0|0
RZ1|CHK|56|1|49|0|0|0|10|0|0|1|1|0
RZ1|57|1|OP13-086|0|36|0|9|0|0|0|0|0
RZ1|CHK|57|1|49|0|0|0|10|0|0|1|1|0
RZ1|58|1|OP14-096|0|45|0|10|0|0|0|0|0
RZ1|CHK|58|1|49|0|0|0|10|0|0|1|1|0
RZ1|59|1|OP13-092|0|17|0|11|0|0|0|0|0
RZ1|CHK|59|1|49|0|0|0|10|0|0|1|1|0
RZ1|60|1|OP13-086|0|22|0|12|0|0|0|0|0
RZ1|CHK|60|1|49|0|0|0|10|0|0|1|1|0
RZ1|61|1|OP13-082|0|43|0|13|0|0|0|0|0
RZ1|CHK|61|1|49|0|0|0|10|0|0|1|1|0
RZ1|62|1|OP13-098|0|15|0|14|0|0|0|0|0
RZ1|CHK|62|1|49|0|0|0|10|0|0|1|1|0
RZ1|63|1|OP16-093|0|30|0|15|0|0|0|0|0
RZ1|CHK|63|1|49|0|0|0|10|0|0|1|1|0
RZ1|64|1|OP13-084|0|26|0|16|0|0|0|0|0
RZ1|CHK|64|1|49|0|0|0|10|0|0|1|1|0
RZ1|65|1|OP13-092|0|20|0|17|0|0|0|0|0
RZ1|CHK|65|1|49|0|0|0|10|0|0|1|1|0
RZ1|66|1|OP16-093|0|21|0|18|0|0|0|0|0
RZ1|CHK|66|1|49|0|0|0|10|0|0|1|1|0
RZ1|67|1|OP13-082|0|36|0|19|0|0|0|0|0
RZ1|CHK|67|1|49|0|0|0|10|0|0|1|1|0
RZ1|68|1|OP13-092|0|30|0|20|0|0|0|0|0
RZ1|CHK|68|1|49|0|0|0|10|0|0|1|1|0
RZ1|69|1|OP14-096|0|45|0|21|0|0|0|0|0
RZ1|CHK|69|1|49|0|0|0|10|0|0|1|1|0
RZ1|70|1|OP13-080|0|40|0|22|0|0|0|0|0
RZ1|CHK|70|1|49|0|0|0|10|0|0|1|1|0
RZ1|71|1|OP13-084|0|44|0|23|0|0|0|0|0
RZ1|CHK|71|1|49|0|0|0|10|0|0|1|1|0
RZ1|72|1|OP13-098|0|45|0|24|0|0|0|0|0
RZ1|CHK|72|1|49|0|0|0|10|0|0|1|1|0
RZ1|73|1|OP13-086|0|27|0|25|0|0|0|0|0
RZ1|CHK|73|1|49|0|0|0|10|0|0|1|1|0
RZ1|74|1|OP13-091|0|41|0|26|0|0|0|0|0
RZ1|CHK|74|1|49|0|0|0|10|0|0|1|1|0
RZ1|75|1|OP13-098|0|47|0|27|0|0|0|0|0
RZ1|CHK|75|1|49|0|0|0|10|0|0|1|1|0
RZ1|76|1|OP13-082|0|42|0|28|0|0|0|0|0
RZ1|CHK|76|1|49|0|0|0|10|0|0|1|1|0
RZ1|77|1|OP13-096|0|46|0|29|0|0|0|0|0
RZ1|CHK|77|1|49|0|0|0|10|0|0|1|1|0
RZ1|78|1|OP14-096|0|47|0|30|0|0|0|0|0
RZ1|CHK|78|1|49|0|0|0|10|0|0|1|1|0
RZ1|79|1|OP13-083|0|38|0|31|0|0|0|0|0
RZ1|CHK|79|1|49|0|0|0|10|0|0|1|1|0
RZ1|80|1|OP16-093|0|36|0|32|0|0|0|0|0
RZ1|CHK|80|1|49|0|0|0|10|0|0|1|1|0
RZ1|81|1|OP16-093|0|48|0|34|0|0|0|0|0
RZ1|CHK|81|1|49|0|0|0|10|0|0|1|1|0
RZ1|82|1|OP13-084|0|46|0|35|0|0|0|0|0
RZ1|CHK|82|1|49|0|0|0|10|0|0|1|1|0
RZ1|83|1|OP13-083|0|38|0|36|0|0|0|0|0
RZ1|CHK|83|1|49|0|0|0|10|0|0|1|1|0
RZ1|84|1|OP13-080|0|48|0|37|0|0|0|0|0
RZ1|CHK|84|1|49|0|0|0|10|0|0|1|1|0
RZ1|85|1|OP13-089|0|48|0|38|0|0|0|0|0
RZ1|CHK|85|1|49|0|0|0|10|0|0|1|1|0
RZ1|86|1|OP13-096|0|48|0|39|0|0|0|0|0
RZ1|CHK|86|1|49|0|0|0|10|0|0|1|1|0
RZ1|87|1|OP13-096|0|42|0|40|0|0|0|0|0
RZ1|CHK|87|1|49|0|0|0|10|0|0|1|1|0
RZ1|88|1|OP05-097|0|43|0|41|0|0|0|0|0
RZ1|CHK|88|1|49|0|0|0|10|0|0|1|1|0
RZ1|89|1|OP13-080|0|47|0|42|0|0|0|0|0
RZ1|CHK|89|1|49|0|0|0|10|0|0|1|1|0
RZ1|90|1|OP13-086|0|45|0|44|0|0|0|0|0
RZ1|CHK|90|1|49|0|0|0|10|0|0|1|1|0
RZ1|91|1|OP13-083|0|48|0|45|0|0|0|0|0
RZ1|CHK|91|1|49|0|0|0|10|0|0|1|1|0
[] Drew card from deck: Ground Death ["OP14-096">OP14-096]
RZ1|92|1|OP14-096|0|48|1|0|1|1|0|0|0
RZ1|CHK|92|1|48|1|0|0|10|0|0|1|1|0
[] Drew card from deck: St. Jaygarcia Saturn ["OP13-083">OP13-083]
RZ1|93|1|OP13-083|0|47|1|1|1|1|0|0|0
RZ1|CHK|93|1|47|2|0|0|10|0|0|1|1|0
[] Drew card from deck: Five Elders ["OP13-082">OP13-082]
RZ1|94|1|OP13-082|0|46|1|2|1|1|0|0|0
RZ1|CHK|94|1|46|3|0|0|10|0|0|1|1|0
[] Drew card from deck: St. Jaygarcia Saturn ["OP13-083">OP13-083]
RZ1|95|1|OP13-083|0|45|1|3|1|1|0|0|0
RZ1|CHK|95|1|45|4|0|0|10|0|0|1|1|0
[] Drew card from deck: St. Shalria ["OP13-086">OP13-086]
RZ1|96|1|OP13-086|0|44|1|4|1|1|0|0|0
RZ1|CHK|96|1|44|5|0|0|10|0|0|1|1|0
[] Drew card from deck: I Know You're Strong... So I'll Go All Out ["OP13-040">OP13-040]
RZ1|97|2|OP13-040|0|49|1|0|1|1|0|0|0
RZ1|CHK|97|2|49|1|0|0|10|0|0|0|1|0
[] Drew card from deck: The Outcome Will Tell Us Who's Strong and Who's Weak ["OP15-037">OP15-037]
RZ1|98|2|OP15-037|0|48|1|1|1|1|0|0|0
RZ1|CHK|98|2|48|2|0|0|10|0|0|0|1|0
[] Drew card from deck: Buggy ["OP15-012">OP15-012]
RZ1|99|2|OP15-012|0|47|1|2|1|1|0|0|0
RZ1|CHK|99|2|47|3|0|0|10|0|0|0|1|0
[] Drew card from deck: Gin ["OP15-007">OP15-007]
RZ1|100|2|OP15-007|0|46|1|3|1|1|0|0|0
RZ1|CHK|100|2|46|4|0|0|10|0|0|0|1|0
[] Drew card from deck: Gin ["OP15-007">OP15-007]
RZ1|101|2|OP15-007|0|45|1|4|1|1|0|0|0
RZ1|CHK|101|2|45|5|0|0|10|0|0|0|1|0
RZ1|102|1|OP13-089|0|43|3|0|1|0|0|0|0
RZ1|CHK|102|1|43|5|0|1|10|0|0|1|1|0
RZ1|103|1|OP13-080|0|42|3|1|1|0|0|0|0
RZ1|CHK|103|1|42|5|0|2|10|0|0|1|1|0
RZ1|104|1|OP05-097|0|41|3|2|1|0|0|0|0
RZ1|CHK|104|1|41|5|0|3|10|0|0|1|1|0
RZ1|105|1|OP13-096|0|40|3|3|1|0|0|0|0
RZ1|CHK|105|1|40|5|0|4|10|0|0|1|1|0
RZ1|106|2|OP05-037|0|44|3|0|0|1|0|0|0
RZ1|CHK|106|2|44|5|0|1|10|0|0|0|1|0
RZ1|107|2|OP15-037|0|43|3|1|0|1|0|0|0
RZ1|CHK|107|2|43|5|0|2|10|0|0|0|1|0
RZ1|108|2|OP14-036|0|42|3|2|0|1|0|0|0
RZ1|CHK|108|2|42|5|0|3|10|0|0|0|1|0
RZ1|109|2|OP15-027|0|41|3|3|0|1|0|0|0
RZ1|CHK|109|2|41|5|0|4|10|0|0|0|1|0
[] Hand: [OP14-096,OP13-083,OP13-082,OP13-083,OP13-086]
[] Board: []
[] Trash: []
[] Life: 4
[] Hand: [OP13-040,OP15-037,OP15-012,OP15-007,OP15-007]
[] Trash: []
[] Board: []
[] Life: 4
RZ1|110|1|Don|4|9|5|0|1|1|0|0|0
RZ1|CHK|110|1|40|5|0|4|9|1|0|1|1|0
[You] Draw 1 Don
RZ1|111|1|Don|5|0|5|0|1|1|1|0|0
RZ1|CHK|111|1|40|5|0|4|9|1|0|1|1|0
[You] Deploy St. Shalria ["OP13-086">OP13-086]
RZ1|112|1|OP13-086|1|4|2|0|1|1|0|0|0
RZ1|CHK|112|1|40|4|1|4|9|1|0|1|1|0
RZ1|113|1|OP13-096|0|39|1|4|1|1|0|0|0
RZ1|CHK|113|1|39|5|1|4|9|1|0|1|1|0
[You] St. Shalria ["OP13-086">OP13-086]: <b>Reveal and Draw The Five Elders... Are At Your Service ["OP13-096">OP13-096]</b>
[You] St. Shalria ["OP13-086">OP13-086]: Trash 2 Remaining Cards
RZ1|114|1|OP13-089|0|38|6|0|1|1|0|0|0
RZ1|CHK|114|1|38|5|1|4|9|1|1|1|1|0
RZ1|115|1|OP13-080|0|37|6|1|1|1|0|0|0
RZ1|CHK|115|1|37|5|1|4|9|1|2|1|1|0
RZ1|116|1|OP13-083|1|1|6|2|1|1|0|0|0
RZ1|CHK|116|1|37|4|1|4|9|1|3|1|1|0
[You] St. Shalria ["OP13-086">OP13-086]: Trash St. Jaygarcia Saturn ["OP13-083">OP13-083]
RZ1|117|1|OP13-083|1|2|6|3|1|1|0|0|0
RZ1|CHK|117|1|37|3|1|4|9|1|4|1|1|0
[You] Imu ["OP13-079">OP13-079]: Trash St. Jaygarcia Saturn ["OP13-083">OP13-083]
[] Drew card from deck: St. Jaygarcia Saturn ["OP13-083">OP13-083]
RZ1|118|1|OP13-083|0|36|1|3|1|1|0|0|0
RZ1|CHK|118|1|36|4|1|4|9|1|4|1|1|0
[You] Imu ["OP13-079">OP13-079]: Draw 1 Card
[] Hand: [OP14-096,OP13-082,OP13-096,OP13-083]
[] Board: [OP13-086]
[] Trash: [OP13-089,OP13-080,OP13-083,OP13-083]
[] Life: 4
[] Hand: [OP13-040,OP15-037,OP15-012,OP15-007,OP15-007]
[] Trash: []
[] Board: []
[] Life: 4
[You] End Turn
[] Hand: [OP13-040,OP15-037,OP15-012,OP15-007,OP15-007]
[] Board: []
[] Trash: []
[] Life: 4
[] Hand: [OP14-096,OP13-082,OP13-096,OP13-083]
[] Trash: [OP13-089,OP13-080,OP13-083,OP13-083]
[] Board: [OP13-086]
[] Life: 4
[Opponent] Draw 1 Card
[] Drew card from deck: Koby ["OP15-009">OP15-009]
RZ1|119|2|OP15-009|0|40|1|5|1|1|0|0|0
RZ1|CHK|119|2|40|6|0|4|10|0|0|0|1|0
RZ1|120|2|Don|4|9|5|0|1|1|0|0|0
RZ1|CHK|120|2|40|6|0|4|9|1|0|0|1|0
RZ1|121|2|Don|4|8|5|1|1|1|0|0|0
RZ1|CHK|121|2|40|6|0|4|8|2|0|0|1|0
[Opponent] Draw 2 Don
[Opponent] The Outcome Will Tell Us Who's Strong and Who's Weak ["OP15-037">OP15-037]: Rest 1 Don
RZ1|122|2|Don|5|0|5|0|1|1|1|0|0
RZ1|CHK|122|2|40|6|0|4|8|2|0|0|1|0
RZ1|123|2|OP15-037|1|1|6|0|1|1|0|0|0
RZ1|CHK|123|2|40|5|0|4|8|2|1|0|1|0
RZ1|124|2|OP15-023|0|36|1|5|1|1|0|0|0
RZ1|CHK|124|2|39|6|0|4|8|2|1|0|1|0
[Opponent] The Outcome Will Tell Us Who's Strong and Who's Weak ["OP15-037">OP15-037]: <b>Reveal and Draw Arlong ["OP15-023">OP15-023]</b>
[Opponent] Placing Cards on Bottom of Deck
RZ1|125|2|OP15-025|0|38|0|0|0|0|0|0|0
RZ1|CHK|125|2|39|6|0|4|8|2|1|0|1|0
RZ1|126|2|OP15-026|0|38|0|0|0|0|0|0|0
RZ1|CHK|126|2|39|6|0|4|8|2|1|0|1|0
RZ1|127|2|OP15-009|0|38|0|0|0|0|0|0|0
RZ1|CHK|127|2|39|6|0|4|8|2|1|0|1|0
RZ1|128|2|OP13-040|0|38|0|0|0|0|0|0|0
RZ1|CHK|128|2|39|6|0|4|8|2|1|0|1|0
RZ1|129|2|Don|5|1|5|1|1|1|1|0|0
RZ1|CHK|129|2|39|6|0|4|8|2|1|0|1|0
[Opponent] Deploy Koby ["OP15-009">OP15-009]
RZ1|130|2|OP15-009|1|4|2|0|1|1|0|0|0
RZ1|CHK|130|2|39|5|1|4|8|2|1|0|1|0
[] Hand: [OP13-040,OP15-012,OP15-007,OP15-007,OP15-023]
[] Board: [OP15-009]
[] Trash: [OP15-037]
[] Life: 4
[] Hand: [OP14-096,OP13-082,OP13-096,OP13-083]
[] Trash: [OP13-089,OP13-080,OP13-083,OP13-083]
[] Board: [OP13-086]
[] Life: 4
[Opponent] End Turn
[] Hand: [OP14-096,OP13-082,OP13-096,OP13-083]
[] Board: [OP13-086]
[] Trash: [OP13-089,OP13-080,OP13-083,OP13-083]
[] Life: 4
[] Hand: [OP13-040,OP15-012,OP15-007,OP15-007,OP15-023]
[] Trash: [OP15-037]
[] Board: [OP15-009]
[] Life: 4
[You] Draw 1 Card
[] Drew card from deck: St. Shepherd Ju Peter ["OP13-084">OP13-084]
RZ1|131|1|OP13-084|0|35|1|4|1|1|0|0|0
RZ1|CHK|131|1|35|5|1|4|9|1|4|1|1|0
RZ1|132|1|Don|4|8|5|1|1|1|0|0|0
RZ1|CHK|132|1|35|5|1|4|8|2|4|1|1|0
RZ1|133|1|Don|4|7|5|2|1|1|0|0|0
RZ1|CHK|133|1|35|5|1|4|7|3|4|1|1|0
[You] Draw 2 Don
[You] The Empty Throne ["OP13-099">OP13-099]: Rest 3 Don
RZ1|134|1|Don|5|0|5|0|1|1|1|0|0
RZ1|CHK|134|1|35|5|1|4|7|3|4|1|1|0
RZ1|135|1|Don|5|1|5|1|1|1|1|0|0
RZ1|CHK|135|1|35|5|1|4|7|3|4|1|1|0
RZ1|136|1|Don|5|2|5|2|1|1|1|0|0
RZ1|CHK|136|1|35|5|1|4|7|3|4|1|1|0
[You] The Empty Throne ["OP13-099">OP13-099]: Rest The Empty Throne ["OP13-099">OP13-099]
RZ1|137|1|OP13-083|1|3|6|4|1|1|0|0|0
RZ1|CHK|137|1|35|4|1|4|7|3|5|1|1|0
[You] Imu ["OP13-079">OP13-079]: Trash St. Jaygarcia Saturn ["OP13-083">OP13-083]
[] Drew card from deck: Bartholomew Kuma ["OP16-093">OP16-093]
RZ1|138|1|OP16-093|0|34|1|4|1|1|0|0|0
RZ1|CHK|138|1|34|5|1|4|7|3|5|1|1|0
[You] Imu ["OP13-079">OP13-079]: Draw 1 Card
[You] Imu ["OP13-079">OP13-079] attacking Krieg ["OP15-001">OP15-001]
[Opponent] Discard Gin ["OP15-007">OP15-007] for Counter 1000
RZ1|139|2|OP15-007|1|3|6|1|1|1|0|0|0
RZ1|CHK|139|2|39|4|1|4|8|2|2|0|1|0
Imu ["OP13-079">OP13-079][5000] vs Krieg ["OP15-001">OP15-001][6000]
Attack Fails
[] Hand: [OP14-096,OP13-082,OP13-096,OP13-084,OP16-093]
[] Board: [OP13-086]
[] Trash: [OP13-089,OP13-080,OP13-083,OP13-083,OP13-083]
[] Life: 4
[] Hand: [OP13-040,OP15-012,OP15-007,OP15-023]
[] Trash: [OP15-037,OP15-007]
[] Board: [OP15-009]
[] Life: 4
[You] End Turn
[] Hand: [OP13-040,OP15-012,OP15-007,OP15-023]
[] Board: [OP15-009]
[] Trash: [OP15-037,OP15-007]
[] Life: 4
[] Hand: [OP14-096,OP13-082,OP13-096,OP13-084,OP16-093]
[] Trash: [OP13-089,OP13-080,OP13-083,OP13-083,OP13-083]
[] Board: [OP13-086]
[] Life: 4
[Opponent] Draw 1 Card
[] Drew card from deck: Koby ["OP15-009">OP15-009]
RZ1|140|2|OP15-009|0|38|1|4|1|1|0|0|0
RZ1|CHK|140|2|38|5|1|4|8|2|2|0|1|0
RZ1|141|2|Don|4|7|5|2|1|1|0|0|0
RZ1|CHK|141|2|38|5|1|4|7|3|2|0|1|0
RZ1|142|2|Don|4|6|5|3|1|1|0|0|0
RZ1|CHK|142|2|38|5|1|4|6|4|2|0|1|0
[Opponent] Draw 2 Don
[Opponent] Krieg ["OP15-001">OP15-001] attacking Imu ["OP13-079">OP13-079]
Krieg ["OP15-001">OP15-001][5000] vs Imu ["OP13-079">OP13-079][5000]
Imu ["OP13-079">OP13-079] hit for 1 damage
RZ1|143|1|OP13-096|3|3|1|5|1|1|0|0|0
RZ1|CHK|143|1|34|6|1|3|7|3|5|1|1|0
[You] The Five Elders... Are At Your Service ["OP13-096">OP13-096]: Activate Trigger
RZ1|144|1|OP13-096|1|5|6|5|1|1|0|0|0
RZ1|CHK|144|1|34|5|1|3|7|3|6|1|1|0
RZ1|145|1|OP13-083|0|31|1|5|1|1|0|0|0
RZ1|CHK|145|1|33|6|1|3|7|3|6|1|1|0
[You] The Five Elders... Are At Your Service ["OP13-096">OP13-096]: <b>Reveal and Draw St. Jaygarcia Saturn ["OP13-083">OP13-083]</b>
[You] The Five Elders... Are At Your Service ["OP13-096">OP13-096]: Trash 2 Remaining Cards
RZ1|146|1|OP13-092|0|32|6|6|1|1|0|0|0
RZ1|CHK|146|1|32|6|1|3|7|3|7|1|1|0
RZ1|147|1|OP16-093|0|31|6|7|1|1|0|0|0
RZ1|CHK|147|1|31|6|1|3|7|3|8|1|1|0
RZ1|148|2|Don|5|0|5|0|1|1|1|0|0
RZ1|CHK|148|2|38|5|1|4|6|4|2|0|1|0
RZ1|149|2|Don|5|1|5|1|1|1|1|0|0
RZ1|CHK|149|2|38|5|1|4|6|4|2|0|1|0
RZ1|150|2|Don|5|2|5|2|1|1|1|0|0
RZ1|CHK|150|2|38|5|1|4|6|4|2|0|1|0
RZ1|151|2|Don|5|3|5|3|1|1|1|0|0
RZ1|CHK|151|2|38|5|1|4|6|4|2|0|1|0
[Opponent] Deploy Arlong ["OP15-023">OP15-023]
RZ1|152|2|OP15-023|1|3|2|1|1|1|0|0|0
RZ1|CHK|152|2|38|4|2|4|6|4|2|0|1|0
[Opponent] Arlong ["OP15-023">OP15-023]: Attach 1 Rested Don to St. Shalria ["OP13-086">OP13-086]
RZ1|153|1|Don|5|0|9|0|1|1|1|0|0
RZ1|CHK|153|1|31|6|1|3|7|2|8|1|1|1
[Opponent] Arlong ["OP15-023">OP15-023]: Attach 1 Rested Don to Krieg ["OP15-001">OP15-001]
RZ1|154|2|Don|5|0|9|9900|1|1|1|0|0
RZ1|CHK|154|2|38|4|2|4|6|3|2|0|1|1
[] Hand: [OP13-040,OP15-012,OP15-007,OP15-009]
[] Board: [OP15-009,OP15-023]
[] Trash: [OP15-037,OP15-007]
[] Life: 4
[] Hand: [OP14-096,OP13-082,OP13-096,OP13-084,OP16-093,OP13-083]
[] Trash: [OP13-089,OP13-080,OP13-083,OP13-083,OP13-083,OP13-096,OP13-092,OP16-093]
[] Board: [OP13-086]
[] Life: 3
[Opponent] End Turn
[] Hand: [OP14-096,OP13-082,OP13-096,OP13-084,OP16-093,OP13-083]
[] Board: [OP13-086]
[] Trash: [OP13-089,OP13-080,OP13-083,OP13-083,OP13-083,OP13-096,OP13-092,OP16-093]
[] Life: 3
[] Hand: [OP13-040,OP15-012,OP15-007,OP15-009]
[] Trash: [OP15-037,OP15-007]
[] Board: [OP15-009,OP15-023]
[] Life: 4
RZ1|155|1|Don|9|0|5|0|1|1|1|0|0
RZ1|CHK|155|1|31|6|1|3|7|3|8|1|1|0
[You] Draw 1 Card
[] Drew card from deck: Ground Death ["OP14-096">OP14-096]
RZ1|156|1|OP14-096|0|30|1|6|1|1|0|0|0
RZ1|CHK|156|1|30|7|1|3|7|3|8|1|1|0
RZ1|157|1|Don|4|6|5|3|1|1|0|0|0
RZ1|CHK|157|1|30|7|1|3|6|4|8|1|1|0
RZ1|158|1|Don|4|5|5|4|1|1|0|0|0
RZ1|CHK|158|1|30|7|1|3|5|5|8|1|1|0
[You] Draw 2 Don
[You] The Empty Throne ["OP13-099">OP13-099]: Rest 3 Don
RZ1|159|1|Don|5|0|5|0|1|1|1|0|0
RZ1|CHK|159|1|30|7|1|3|5|5|8|1|1|0
RZ1|160|1|Don|5|1|5|1|1|1|1|0|0
RZ1|CHK|160|1|30|7|1|3|5|5|8|1|1|0
RZ1|161|1|Don|5|2|5|2|1|1|1|0|0
RZ1|CHK|161|1|30|7|1|3|5|5|8|1|1|0
[You] The Empty Throne ["OP13-099">OP13-099]: Rest The Empty Throne ["OP13-099">OP13-099]
RZ1|162|1|OP13-083|1|5|2|1|1|1|0|-2000|0
RZ1|CHK|162|1|30|6|2|3|5|5|8|1|1|0
[You] The Empty Throne ["OP13-099">OP13-099]: Deploy St. Jaygarcia Saturn ["OP13-083">OP13-083]
RZ1|163|1|OP13-091|0|26|1|6|1|1|0|0|0
RZ1|CHK|163|1|29|7|2|3|5|5|8|1|1|0
[You] St. Jaygarcia Saturn ["OP13-083">OP13-083]: <b>Reveal and Draw St. Marcus Mars ["OP13-091">OP13-091]</b>
[You] Placing Cards on Bottom of Deck
RZ1|164|1|OP13-096|0|28|0|0|0|0|0|0|0
RZ1|CHK|164|1|29|7|2|3|5|5|8|1|1|0
RZ1|165|1|OP13-082|0|28|0|0|0|0|0|0|0
RZ1|CHK|165|1|29|7|2|3|5|5|8|1|1|0
RZ1|166|1|OP13-098|0|28|0|0|0|0|0|0|0
RZ1|CHK|166|1|29|7|2|3|5|5|8|1|1|0
RZ1|167|1|OP13-086|0|28|0|0|0|0|0|0|0
RZ1|CHK|167|1|29|7|2|3|5|5|8|1|1|0
RZ1|168|1|OP13-091|1|6|6|8|1|1|0|0|0
RZ1|CHK|168|1|29|6|2|3|5|5|9|1|1|0
[You] Imu ["OP13-079">OP13-079]: Trash St. Marcus Mars ["OP13-091">OP13-091]
[] Drew card from deck: ...Never Existed... ["OP13-098">OP13-098]
RZ1|169|1|OP13-098|0|28|1|6|1|1|0|0|0
RZ1|CHK|169|1|28|7|2|3|5|5|9|1|1|0
[You] Imu ["OP13-079">OP13-079]: Draw 1 Card
[You] The Five Elders... Are At Your Service ["OP13-096">OP13-096]: Rest 1 Don
RZ1|170|1|Don|5|3|5|3|1|1|1|0|0
RZ1|CHK|170|1|28|7|2|3|5|5|9|1|1|0
RZ1|171|1|OP13-096|1|2|6|9|1|1|0|0|0
RZ1|CHK|171|1|28|6|2|3|5|5|10|1|1|0
RZ1|172|1|OP13-084|0|27|1|6|1|1|0|0|0
RZ1|CHK|172|1|27|7|2|3|5|5|10|1|1|0
[You] The Five Elders... Are At Your Service ["OP13-096">OP13-096]: <b>Reveal and Draw St. Shepherd Ju Peter ["OP13-084">OP13-084]</b>
[You] The Five Elders... Are At Your Service ["OP13-096">OP13-096]: Trash 2 Remaining Cards
RZ1|173|1|OP13-080|0|26|6|10|1|1|0|0|0
RZ1|CHK|173|1|26|7|2|3|5|5|11|1|1|0
RZ1|174|1|OP14-096|0|25|6|11|1|1|0|0|0
RZ1|CHK|174|1|25|7|2|3|5|5|12|1|1|0
[You] Ground Death ["OP14-096">OP14-096]: Rest 1 Don
RZ1|175|1|Don|5|4|5|4|1|1|1|0|0
RZ1|CHK|175|1|25|7|2|3|5|5|12|1|1|0
RZ1|176|1|OP14-096|1|0|6|12|1|1|0|0|0
RZ1|CHK|176|1|25|6|2|3|5|5|13|1|1|0
[You] Imu ["OP13-079">OP13-079] attacking Krieg ["OP15-001">OP15-001]
Imu ["OP13-079">OP13-079][5000] vs Krieg ["OP15-001">OP15-001][5000]
Krieg ["OP15-001">OP15-001] hit for 1 damage
RZ1|177|2|OP15-027|3|3|1|4|1|1|0|0|0
RZ1|CHK|177|2|38|5|2|3|6|3|2|0|1|1
[] Hand: [OP13-082,OP13-084,OP16-093,OP14-096,OP13-098,OP13-084]
[] Board: [OP13-086,OP13-083]
[] Trash: [OP13-089,OP13-080,OP13-083,OP13-083,OP13-083,OP13-096,OP13-092,OP16-093,OP13-091,OP13-096,OP13-080,OP14-096,OP14-096]
[] Life: 3
[] Hand: [OP13-040,OP15-012,OP15-007,OP15-009,OP15-027]
[] Trash: [OP15-037,OP15-007]
[] Board: [OP15-009,OP15-023]
[] Life: 3
[You] End Turn
[] Hand: [OP13-040,OP15-012,OP15-007,OP15-009,OP15-027]
[] Board: [OP15-009,OP15-023]
[] Trash: [OP15-037,OP15-007]
[] Life: 3
[] Hand: [OP13-082,OP13-084,OP16-093,OP14-096,OP13-098,OP13-084]
[] Trash: [OP13-089,OP13-080,OP13-083,OP13-083,OP13-083,OP13-096,OP13-092,OP16-093,OP13-091,OP13-096,OP13-080,OP14-096,OP14-096]
[] Board: [OP13-086,OP13-083]
[] Life: 3
RZ1|178|2|Don|9|9900|5|0|1|1|1|0|0
RZ1|CHK|178|2|38|5|2|3|6|4|2|0|1|0
[Opponent] Draw 1 Card
[] Drew card from deck: Kuro ["OP15-025">OP15-025]
RZ1|179|2|OP15-025|0|37|1|5|1|1|0|0|0
RZ1|CHK|179|2|37|6|2|3|6|4|2|0|1|0
RZ1|180|2|Don|4|5|5|4|1|1|0|0|0
RZ1|CHK|180|2|37|6|2|3|5|5|2|0|1|0
RZ1|181|2|Don|4|4|5|5|1|1|0|0|0
RZ1|CHK|181|2|37|6|2|3|4|6|2|0|1|0
[Opponent] Draw 2 Don
RZ1|182|2|Don|5|0|5|0|1|1|1|0|0
RZ1|CHK|182|2|37|6|2|3|4|6|2|0|1|0
RZ1|183|2|Don|5|1|5|1|1|1|1|0|0
RZ1|CHK|183|2|37|6|2|3|4|6|2|0|1|0
RZ1|184|2|Don|5|2|5|2|1|1|1|0|0
RZ1|CHK|184|2|37|6|2|3|4|6|2|0|1|0
RZ1|185|2|Don|5|3|5|3|1|1|1|0|0
RZ1|CHK|185|2|37|6|2|3|4|6|2|0|1|0
RZ1|186|2|Don|5|4|5|4|1|1|1|0|0
RZ1|CHK|186|2|37|6|2|3|4|6|2|0|1|0
RZ1|187|2|Don|5|5|5|5|1|1|1|0|0
RZ1|CHK|187|2|37|6|2|3|4|6|2|0|1|0
[Opponent] Deploy Gin ["OP15-007">OP15-007]
RZ1|188|2|OP15-007|1|2|2|2|1|1|0|0|0
RZ1|CHK|188|2|37|5|3|3|4|6|2|0|1|0
RZ1|189|2|OP15-012|1|1|2|3|1|1|0|0|0
RZ1|CHK|189|2|37|4|4|3|4|6|2|0|1|0
[Opponent] Gin ["OP15-007">OP15-007]: Deploy Buggy ["OP15-012">OP15-012]
[Opponent] Arlong ["OP15-023">OP15-023]: Attach 1 Rested Don to St. Jaygarcia Saturn ["OP13-083">OP13-083]
RZ1|190|1|Don|5|0|9|100|1|1|1|0|0
RZ1|CHK|190|1|25|6|2|3|5|4|13|1|1|1
[Opponent] Arlong ["OP15-023">OP15-023]: Attach 1 Rested Don to Krieg ["OP15-001">OP15-001]
RZ1|191|2|Don|5|0|9|9900|1|1|1|0|0
RZ1|CHK|191|2|37|4|4|3|4|5|2|0|1|1
[Opponent] Krieg ["OP15-001">OP15-001] attacking Imu ["OP13-079">OP13-079]
Krieg ["OP15-001">OP15-001][6000] vs Imu ["OP13-079">OP13-079][5000]
Imu ["OP13-079">OP13-079] hit for 1 damage
RZ1|192|1|OP05-097|3|2|1|6|1|1|0|0|0
RZ1|CHK|192|1|25|7|2|2|5|4|13|1|1|1
[] Hand: [OP13-040,OP15-009,OP15-027,OP15-025]
[] Board: [OP15-009,OP15-023,OP15-007,OP15-012]
[] Trash: [OP15-037,OP15-007]
[] Life: 3
[] Hand: [OP13-082,OP13-084,OP16-093,OP14-096,OP13-098,OP13-084,OP05-097]
[] Trash: [OP13-089,OP13-080,OP13-083,OP13-083,OP13-083,OP13-096,OP13-092,OP16-093,OP13-091,OP13-096,OP13-080,OP14-096,OP14-096]
[] Board: [OP13-086,OP13-083]
[] Life: 2
[Opponent] End Turn
[] Hand: [OP13-082,OP13-084,OP16-093,OP14-096,OP13-098,OP13-084,OP05-097]
[] Board: [OP13-086,OP13-083]
[] Trash: [OP13-089,OP13-080,OP13-083,OP13-083,OP13-083,OP13-096,OP13-092,OP16-093,OP13-091,OP13-096,OP13-080,OP14-096,OP14-096]
[] Life: 2
[] Hand: [OP13-040,OP15-009,OP15-027,OP15-025]
[] Trash: [OP15-037,OP15-007]
[] Board: [OP15-009,OP15-023,OP15-007,OP15-012]
[] Life: 3
RZ1|193|1|Don|9|100|5|0|1|1|1|0|0
RZ1|CHK|193|1|25|7|2|2|5|5|13|1|1|0
[You] Draw 1 Card
[] Drew card from deck: St. Mjosgard ["OP13-092">OP13-092]
RZ1|194|1|OP13-092|0|24|1|7|1|1|0|0|0
RZ1|CHK|194|1|24|8|2|2|5|5|13|1|1|0
RZ1|195|1|Don|4|4|5|5|1|1|0|0|0
RZ1|CHK|195|1|24|8|2|2|4|6|13|1|1|0
RZ1|196|1|Don|4|3|5|6|1|1|0|0|0
RZ1|CHK|196|1|24|8|2|2|3|7|13|1|1|0
[You] Draw 2 Don
[You] The Empty Throne ["OP13-099">OP13-099]: Rest 3 Don
RZ1|197|1|Don|5|0|5|0|1|1|1|0|0
RZ1|CHK|197|1|24|8|2|2|3|7|13|1|1|0
RZ1|198|1|Don|5|1|5|1|1|1|1|0|0
RZ1|CHK|198|1|24|8|2|2|3|7|13|1|1|0
RZ1|199|1|Don|5|2|5|2|1|1|1|0|0
RZ1|CHK|199|1|24|8|2|2|3|7|13|1|1|0
[You] The Empty Throne ["OP13-099">OP13-099]: Rest The Empty Throne ["OP13-099">OP13-099]
RZ1|200|1|OP13-084|1|1|2|2|1|1|0|0|0
RZ1|CHK|200|1|24|7|3|2|3|7|13|1|1|0
[You] The Empty Throne ["OP13-099">OP13-099]: Deploy St. Shepherd Ju Peter ["OP13-084">OP13-084]
RZ1|201|1|OP13-084|1|4|6|13|1|1|0|0|0
RZ1|CHK|201|1|24|6|3|2|3|7|14|1|1|0
[You] Imu ["OP13-079">OP13-079]: Trash St. Shepherd Ju Peter ["OP13-084">OP13-084]
[] Drew card from deck: Five Elders ["OP13-082">OP13-082]
RZ1|202|1|OP13-082|0|23|1|6|1|1|0|0|0
RZ1|CHK|202|1|23|7|3|2|3|7|14|1|1|0
[You] Imu ["OP13-079">OP13-079]: Draw 1 Card
[You] Ground Death ["OP14-096">OP14-096]: Rest 1 Don
RZ1|203|1|Don|5|3|5|3|1|1|1|0|0
RZ1|CHK|203|1|23|7|3|2|3|7|14|1|1|0
RZ1|204|1|OP14-096|1|2|6|14|1|1|0|0|0
RZ1|CHK|204|1|23|6|3|2|3|7|15|1|1|0
RZ1|205|1|Don|5|4|5|4|1|1|1|0|0
RZ1|CHK|205|1|23|6|3|2|3|7|15|1|1|0
RZ1|206|1|OP13-099|7|0|6|15|1|1|0|0|0
RZ1|CHK|206|1|23|6|3|2|3|7|16|0|1|0
[You] Deploy The Holy Land Mary Geoise ["OP05-097">OP05-097]
RZ1|207|1|OP05-097|1|3|7|0|1|1|0|0|0
RZ1|CHK|207|1|23|5|3|2|3|7|16|1|1|0
[You] Imu ["OP13-079">OP13-079] attacking Krieg ["OP15-001">OP15-001]
[Opponent] Discard Koby ["OP15-009">OP15-009] for Counter 2000
RZ1|208|2|OP15-009|1|1|6|2|1|1|0|0|0
RZ1|CHK|208|2|37|3|4|3|4|5|3|0|1|1
Imu ["OP13-079">OP13-079][5000] vs Krieg ["OP15-001">OP15-001][7000]
Attack Fails
[You] St. Jaygarcia Saturn ["OP13-083">OP13-083] attacking Krieg ["OP15-001">OP15-001]
St. Jaygarcia Saturn ["OP13-083">OP13-083][5000] vs Krieg ["OP15-001">OP15-001][5000]
Krieg ["OP15-001">OP15-001] hit for 1 damage
RZ1|209|2|OP14-036|3|2|1|3|1|1|0|0|0
RZ1|CHK|209|2|37|4|4|2|4|5|3|0|1|1
[] Hand: [OP13-082,OP16-093,OP13-098,OP13-092,OP13-082]
[] Board: [OP13-086,OP13-083,OP13-084]
[] Trash: [OP13-089,OP13-080,OP13-083,OP13-083,OP13-083,OP13-096,OP13-092,OP16-093,OP13-091,OP13-096,OP13-080,OP14-096,OP14-096,OP13-084,OP14-096,OP13-099]
[] Life: 2
[] Hand: [OP13-040,OP15-027,OP15-025,OP14-036]
[] Trash: [OP15-037,OP15-007,OP15-009]
[] Board: [OP15-009,OP15-023,OP15-007,OP15-012]
[] Life: 2
[You] End Turn
[] Hand: [OP13-040,OP15-027,OP15-025,OP14-036]
[] Board: [OP15-009,OP15-023,OP15-007,OP15-012]
[] Trash: [OP15-037,OP15-007,OP15-009]
[] Life: 2
[] Hand: [OP13-082,OP16-093,OP13-098,OP13-092,OP13-082]
[] Trash: [OP13-089,OP13-080,OP13-083,OP13-083,OP13-083,OP13-096,OP13-092,OP16-093,OP13-091,OP13-096,OP13-080,OP14-096,OP14-096,OP13-084,OP14-096,OP13-099]
[] Board: [OP13-086,OP13-083,OP13-084]
[] Life: 2
RZ1|210|2|Don|9|9900|5|0|1|1|1|0|0
RZ1|CHK|210|2|37|4|4|2|4|6|3|0|1|0
[Opponent] Draw 1 Card
[] Drew card from deck: Morgan ["OP15-017">OP15-017]
RZ1|211|2|OP15-017|0|36|1|4|1|1|0|0|0
RZ1|CHK|211|2|36|5|4|2|4|6|3|0|1|0
RZ1|212|2|Don|4|3|5|6|1|1|0|0|0
RZ1|CHK|212|2|36|5|4|2|3|7|3|0|1|0
RZ1|213|2|Don|4|2|5|7|1|1|0|0|0
RZ1|CHK|213|2|36|5|4|2|2|8|3|0|1|0
[Opponent] Draw 2 Don
RZ1|214|2|Don|5|0|5|0|1|1|1|0|0
RZ1|CHK|214|2|36|5|4|2|2|8|3|0|1|0
RZ1|215|2|Don|5|1|5|1|1|1|1|0|0
RZ1|CHK|215|2|36|5|4|2|2|8|3|0|1|0
RZ1|216|2|Don|5|2|5|2|1|1|1|0|0
RZ1|CHK|216|2|36|5|4|2|2|8|3|0|1|0
RZ1|217|2|Don|5|3|5|3|1|1|1|0|0
RZ1|CHK|217|2|36|5|4|2|2|8|3|0|1|0
RZ1|218|2|Don|5|4|5|4|1|1|1|0|0
RZ1|CHK|218|2|36|5|4|2|2|8|3|0|1|0
RZ1|219|2|Don|5|5|5|5|1|1|1|0|0
RZ1|CHK|219|2|36|5|4|2|2|8|3|0|1|0
RZ1|220|2|Don|5|6|5|6|1|1|1|0|0
RZ1|CHK|220|2|36|5|4|2|2|8|3|0|1|0
[Opponent] Deploy Kuro ["OP15-025">OP15-025]
RZ1|221|2|OP15-025|1|2|2|4|1|1|0|0|0
RZ1|CHK|221|2|36|4|5|2|2|8|3|0|1|0
[Opponent] Attach 1 Don to St. Jaygarcia Saturn ["OP13-083">OP13-083] (1 Total)
RZ1|222|1|Don|5|5|9|100|1|1|0|0|0
RZ1|CHK|222|1|23|5|3|2|3|6|16|1|1|1
[Opponent] Attach 1 Don to St. Jaygarcia Saturn ["OP13-083">OP13-083] (2 Total)
RZ1|223|1|Don|5|5|9|101|1|1|0|0|0
RZ1|CHK|223|1|23|5|3|2|3|5|16|1|1|2
[Opponent] Arlong ["OP15-023">OP15-023]: Attach 1 Rested Don to St. Jaygarcia Saturn ["OP13-083">OP13-083]
RZ1|224|1|Don|5|0|9|102|1|1|1|0|0
RZ1|CHK|224|1|23|5|3|2|3|4|16|1|1|3
[Opponent] Arlong ["OP15-023">OP15-023]: Attach 1 Rested Don to Krieg ["OP15-001">OP15-001]
RZ1|225|2|Don|5|0|9|9900|1|1|1|0|0
RZ1|CHK|225|2|36|4|5|2|2|7|3|0|1|1
[Opponent] Attach 1 Don to Buggy ["OP15-012">OP15-012] (1 Total)
RZ1|226|2|Don|5|6|9|300|1|1|0|0|0
RZ1|CHK|226|2|36|4|5|2|2|6|3|0|1|2
[Opponent] Buggy ["OP15-012">OP15-012] attacking Imu ["OP13-079">OP13-079]
[Opponent] Buggy ["OP15-012">OP15-012]: Attach 1 Rested Don to Krieg ["OP15-001">OP15-001]
RZ1|227|2|Don|5|0|9|9901|1|1|1|0|0
RZ1|CHK|227|2|36|4|5|2|2|5|3|0|1|3
[You] Discard St. Mjosgard ["OP13-092">OP13-092] for Counter 2000
RZ1|228|1|OP13-092|1|3|6|16|1|1|0|0|0
RZ1|CHK|228|1|23|4|3|2|3|4|17|1|1|3
Buggy ["OP15-012">OP15-012][5000] vs Imu ["OP13-079">OP13-079][7000]
Attack Fails
[Opponent] Arlong ["OP15-023">OP15-023] attacking Imu ["OP13-079">OP13-079]
[You] Discard Bartholomew Kuma ["OP16-093">OP16-093] for Counter 1000
RZ1|229|1|OP16-093|1|1|6|17|1|1|0|0|0
RZ1|CHK|229|1|23|3|3|2|3|4|18|1|1|3
Arlong ["OP15-023">OP15-023][5000] vs Imu ["OP13-079">OP13-079][6000]
Attack Fails
[Opponent] Krieg ["OP15-001">OP15-001] attacking Imu ["OP13-079">OP13-079]
Krieg ["OP15-001">OP15-001][7000] vs Imu ["OP13-079">OP13-079][5000]
Imu ["OP13-079">OP13-079] hit for 1 damage
RZ1|230|1|OP13-080|3|1|1|3|1|1|0|0|0
RZ1|CHK|230|1|23|4|3|1|3|4|18|1|1|3
[Opponent] Gin ["OP15-007">OP15-007] attacking Imu ["OP13-079">OP13-079]
Gin ["OP15-007">OP15-007][7000] vs Imu ["OP13-079">OP13-079][5000]
Imu ["OP13-079">OP13-079] hit for 1 damage
RZ1|231|1|OP13-089|3|0|1|4|1|1|0|0|0
RZ1|CHK|231|1|23|5|3|0|3|4|18|1|1|3
[Opponent] Kuro ["OP15-025">OP15-025]: St. Jaygarcia Saturn ["OP13-083">OP13-083] will not Activate during next Refresh
[] Hand: [OP13-040,OP15-027,OP14-036,OP15-017]
[] Board: [OP15-009,OP15-023,OP15-007,OP15-012,OP15-025]
[] Trash: [OP15-037,OP15-007,OP15-009]
[] Life: 2
[] Hand: [OP13-082,OP13-098,OP13-082,OP13-080,OP13-089]
[] Trash: [OP13-089,OP13-080,OP13-083,OP13-083,OP13-083,OP13-096,OP13-092,OP16-093,OP13-091,OP13-096,OP13-080,OP14-096,OP14-096,OP13-084,OP14-096,OP13-099,OP13-092,OP16-093]
[] Board: [OP13-086,OP13-083,OP13-084]
[] Life: 0
[Opponent] End Turn
[] Hand: [OP13-082,OP13-098,OP13-082,OP13-080,OP13-089]
[] Board: [OP13-086,OP13-083,OP13-084]
[] Trash: [OP13-089,OP13-080,OP13-083,OP13-083,OP13-083,OP13-096,OP13-092,OP16-093,OP13-091,OP13-096,OP13-080,OP14-096,OP14-096,OP13-084,OP14-096,OP13-099,OP13-092,OP16-093]
[] Life: 0
[] Hand: [OP13-040,OP15-027,OP14-036,OP15-017]
[] Trash: [OP15-037,OP15-007,OP15-009]
[] Board: [OP15-009,OP15-023,OP15-007,OP15-012,OP15-025]
[] Life: 2
RZ1|232|1|Don|9|100|5|0|1|1|1|0|0
RZ1|CHK|232|1|23|5|3|0|3|5|18|1|1|2
RZ1|233|1|Don|9|100|5|0|1|1|1|0|0
RZ1|CHK|233|1|23|5|3|0|3|6|18|1|1|1
RZ1|234|1|Don|9|100|5|0|1|1|1|0|0
RZ1|CHK|234|1|23|5|3|0|3|7|18|1|1|0
[You] Draw 1 Card
[] Drew card from deck: Bartholomew Kuma ["OP16-093">OP16-093]
RZ1|235|1|OP16-093|0|22|1|5|1|1|0|0|0
RZ1|CHK|235|1|22|6|3|0|3|7|18|1|1|0
RZ1|236|1|Don|4|2|5|7|1|1|0|0|0
RZ1|CHK|236|1|22|6|3|0|2|8|18|1|1|0
RZ1|237|1|Don|4|1|5|8|1|1|0|0|0
RZ1|CHK|237|1|22|6|3|0|1|9|18|1|1|0
[You] Draw 2 Don
RZ1|238|1|Don|5|0|5|0|1|1|1|0|0
RZ1|CHK|238|1|22|6|3|0|1|9|18|1|1|0
RZ1|239|1|Don|5|1|5|1|1|1|1|0|0
RZ1|CHK|239|1|22|6|3|0|1|9|18|1|1|0
RZ1|240|1|Don|5|2|5|2|1|1|1|0|0
RZ1|CHK|240|1|22|6|3|0|1|9|18|1|1|0
RZ1|241|1|Don|5|3|5|3|1|1|1|0|0
RZ1|CHK|241|1|22|6|3|0|1|9|18|1|1|0
RZ1|242|1|Don|5|4|5|4|1|1|1|0|0
RZ1|CHK|242|1|22|6|3|0|1|9|18|1|1|0
RZ1|243|1|Don|5|5|5|5|1|1|1|0|0
RZ1|CHK|243|1|22|6|3|0|1|9|18|1|1|0
RZ1|244|1|Don|5|6|5|6|1|1|1|0|0
RZ1|CHK|244|1|22|6|3|0|1|9|18|1|1|0
RZ1|245|1|Don|5|7|5|7|1|1|1|0|0
RZ1|CHK|245|1|22|6|3|0|1|9|18|1|1|0
RZ1|246|1|Don|5|8|5|8|1|1|1|0|0
RZ1|CHK|246|1|22|6|3|0|1|9|18|1|1|0
[You] Deploy Five Elders ["OP13-082">OP13-082]
RZ1|247|1|OP13-082|1|0|2|3|1|1|0|-7000|0
RZ1|CHK|247|1|22|5|4|0|1|9|18|1|1|0
[You] St. Shepherd Ju Peter ["OP13-084">OP13-084] attacking Arlong ["OP15-023">OP15-023]
[Opponent] Discard Morgan ["OP15-017">OP15-017] for Counter 1000
RZ1|248|2|OP15-017|1|3|6|3|1|1|0|0|0
RZ1|CHK|248|2|36|3|5|2|2|5|4|0|1|3
St. Shepherd Ju Peter ["OP13-084">OP13-084][5000] vs Arlong ["OP15-023">OP15-023][6000]
Attack Fails
[You] Imu ["OP13-079">OP13-079] attacking Arlong ["OP15-023">OP15-023]
[Opponent] Kuro ["OP15-025">OP15-025] Blocks
Imu ["OP13-079">OP13-079][5000] vs Kuro ["OP15-025">OP15-025][7000]
Attack Fails
RZ1|249|1|OP13-080|1|2|6|18|1|1|0|0|0
RZ1|CHK|249|1|22|4|4|0|1|9|19|1|1|0
[You] Imu ["OP13-079">OP13-079]: Trash St. Ethanbaron V. Nusjuro ["OP13-080">OP13-080]
[] Drew card from deck: St. Mjosgard ["OP13-092">OP13-092]
RZ1|250|1|OP13-092|0|21|1|4|1|1|0|0|0
RZ1|CHK|250|1|21|5|4|0|1|9|19|1|1|0
[You] Imu ["OP13-079">OP13-079]: Draw 1 Card
[] Hand: [OP13-098,OP13-082,OP13-089,OP16-093,OP13-092]
[] Board: [OP13-086,OP13-083,OP13-084,OP13-082]
[] Trash: [OP13-089,OP13-080,OP13-083,OP13-083,OP13-083,OP13-096,OP13-092,OP16-093,OP13-091,OP13-096,OP13-080,OP14-096,OP14-096,OP13-084,OP14-096,OP13-099,OP13-092,OP16-093,OP13-080]
[] Life: 0
[] Hand: [OP13-040,OP15-027,OP14-036]
[] Trash: [OP15-037,OP15-007,OP15-009,OP15-017]
[] Board: [OP15-009,OP15-023,OP15-007,OP15-012,OP15-025]
[] Life: 2
[You] End Turn
[] Hand: [OP13-040,OP15-027,OP14-036]
[] Board: [OP15-009,OP15-023,OP15-007,OP15-012,OP15-025]
[] Trash: [OP15-037,OP15-007,OP15-009,OP15-017]
[] Life: 2
[] Hand: [OP13-098,OP13-082,OP13-089,OP16-093,OP13-092]
[] Trash: [OP13-089,OP13-080,OP13-083,OP13-083,OP13-083,OP13-096,OP13-092,OP16-093,OP13-091,OP13-096,OP13-080,OP14-096,OP14-096,OP13-084,OP14-096,OP13-099,OP13-092,OP16-093,OP13-080]
[] Board: [OP13-086,OP13-083,OP13-084,OP13-082]
[] Life: 0
RZ1|251|2|Don|9|9900|5|0|1|1|1|0|0
RZ1|CHK|251|2|36|3|5|2|2|6|4|0|1|2
RZ1|252|2|Don|9|9900|5|0|1|1|1|0|0
RZ1|CHK|252|2|36|3|5|2|2|7|4|0|1|1
RZ1|253|2|Don|9|300|5|0|1|1|1|0|0
RZ1|CHK|253|2|36|3|5|2|2|8|4|0|1|0
[Opponent] Draw 1 Card
[] Drew card from deck: Arlong ["OP15-023">OP15-023]
RZ1|254|2|OP15-023|0|35|1|3|1|1|0|0|0
RZ1|CHK|254|2|35|4|5|2|2|8|4|0|1|0
RZ1|255|2|Don|4|1|5|8|1|1|0|0|0
RZ1|CHK|255|2|35|4|5|2|1|9|4|0|1|0
RZ1|256|2|Don|4|0|5|9|1|1|0|0|0
RZ1|CHK|256|2|35|4|5|2|0|10|4|0|1|0
[Opponent] Draw 2 Don
[Opponent] Arlong ["OP15-023">OP15-023] attacking Imu ["OP13-079">OP13-079]
[You] Discard St. Mjosgard ["OP13-092">OP13-092] for Counter 2000
RZ1|257|1|OP13-092|1|4|6|19|1|1|0|0|0
RZ1|CHK|257|1|21|4|4|0|1|9|20|1|1|0
Arlong ["OP15-023">OP15-023][5000] vs Imu ["OP13-079">OP13-079][7000]
Attack Fails
[Opponent] Attach 1 Don to Buggy ["OP15-012">OP15-012] (1 Total)
RZ1|258|2|Don|5|9|9|300|1|1|0|0|0
RZ1|CHK|258|2|35|4|5|2|0|9|4|0|1|1
[Opponent] Buggy ["OP15-012">OP15-012] attacking Imu ["OP13-079">OP13-079]
[You] Discard St. Topman Warcury ["OP13-089">OP13-089] for Counter 1000
RZ1|259|1|OP13-089|1|2|6|20|1|1|0|0|0
RZ1|CHK|259|1|21|3|4|0|1|9|21|1|1|0
Buggy ["OP15-012">OP15-012][5000] vs Imu ["OP13-079">OP13-079][6000]
Attack Fails
[Opponent] Krieg ["OP15-001">OP15-001] attacking Imu ["OP13-079">OP13-079]
[You] Discard Bartholomew Kuma ["OP16-093">OP16-093] for Counter 1000
RZ1|260|1|OP16-093|1|2|6|21|1|1|0|0|0
RZ1|CHK|260|1|21|2|4|0|1|9|22|1|1|0
Krieg ["OP15-001">OP15-001][5000] vs Imu ["OP13-079">OP13-079][6000]
Attack Fails
[Opponent] Attach 2 Don to Kuro ["OP15-025">OP15-025] (2 Total)
RZ1|261|2|Don|5|0|9|400|1|1|0|0|0
RZ1|CHK|261|2|35|4|5|2|0|8|4|0|1|2
RZ1|262|2|Don|5|0|9|401|1|1|0|0|0
RZ1|CHK|262|2|35|4|5|2|0|7|4|0|1|3
[Opponent] Attach 7 Don to Kuro ["OP15-025">OP15-025] (9 Total)
RZ1|263|2|Don|5|0|9|402|1|1|0|0|0
RZ1|CHK|263|2|35|4|5|2|0|6|4|0|1|4
RZ1|264|2|Don|5|0|9|403|1|1|0|0|0
RZ1|CHK|264|2|35|4|5|2|0|5|4|0|1|5
RZ1|265|2|Don|5|0|9|404|1|1|0|0|0
RZ1|CHK|265|2|35|4|5|2|0|4|4|0|1|6
RZ1|266|2|Don|5|0|9|405|1|1|0|0|0
RZ1|CHK|266|2|35|4|5|2|0|3|4|0|1|7
RZ1|267|2|Don|5|0|9|406|1|1|0|0|0
RZ1|CHK|267|2|35|4|5|2|0|2|4|0|1|8
RZ1|268|2|Don|5|0|9|407|1|1|0|0|0
RZ1|CHK|268|2|35|4|5|2|0|1|4|0|1|9
RZ1|269|2|Don|5|0|9|408|1|1|0|0|0
RZ1|CHK|269|2|35|4|5|2|0|0|4|0|1|10
[Opponent] Kuro ["OP15-025">OP15-025] attacking Imu ["OP13-079">OP13-079]
Kuro ["OP15-025">OP15-025][16000] vs Imu ["OP13-079">OP13-079][5000]
Imu ["OP13-079">OP13-079] hit for 1 damage
[You] <b>Downloaded the Combat Log!</b>
RZ1|HDR|1.41b|2|RZ1
RZ1|PLY|1||OP13-079
RZ1|PLY|2||OP15-001
RZ1|1|2|Don|9|300|5|0|1|1|1|0|0
RZ1|CHK|1|2|35|4|5|2|0|1|4|0|1|9
RZ1|2|2|Don|9|400|5|0|1|1|1|0|0
RZ1|CHK|2|2|35|4|5|2|0|2|4|0|1|8
RZ1|3|2|Don|9|400|5|0|1|1|1|0|0
RZ1|CHK|3|2|35|4|5|2|0|3|4|0|1|7
RZ1|4|2|Don|9|400|5|0|1|1|1|0|0
RZ1|CHK|4|2|35|4|5|2|0|4|4|0|1|6
RZ1|5|2|Don|9|400|5|0|1|1|1|0|0
RZ1|CHK|5|2|35|4|5|2|0|5|4|0|1|5
RZ1|6|2|Don|9|400|5|0|1|1|1|0|0
RZ1|CHK|6|2|35|4|5|2|0|6|4|0|1|4
RZ1|7|2|Don|9|400|5|0|1|1|1|0|0
RZ1|CHK|7|2|35|4|5|2|0|7|4|0|1|3
RZ1|8|2|Don|9|400|5|0|1|1|1|0|0
RZ1|CHK|8|2|35|4|5|2|0|8|4|0|1|2
RZ1|9|2|Don|9|400|5|0|1|1|1|0|0
RZ1|CHK|9|2|35|4|5|2|0|9|4|0|1|1
RZ1|10|2|Don|9|400|5|0|1|1|1|0|0
RZ1|CHK|10|2|35|4|5|2|0|10|4|0|1|0
Version is 1.41b.12
[You] Leader is Imu ["OP13-079">OP13-079]
[Opponent] Leader is Krieg ["OP15-001">OP15-001]
RZ1|11|2|OP15-028|0|26|0|0|0|0|0|0|0
RZ1|CHK|11|2|50|0|0|0|10|0|0|0|1|0
RZ1|12|2|OP15-037|0|46|0|1|0|0|0|0|0
RZ1|CHK|12|2|50|0|0|0|10|0|0|0|1|0
RZ1|13|2|OP15-023|0|34|0|2|0|0|0|0|0
RZ1|CHK|13|2|50|0|0|0|10|0|0|0|1|0
RZ1|14|2|OP15-037|0|47|0|3|0|0|0|0|0
RZ1|CHK|14|2|50|0|0|0|10|0|0|0|1|0
RZ1|15|2|OP15-026|0|25|0|4|0|0|0|0|0
RZ1|CHK|15|2|50|0|0|0|10|0|0|0|1|0
RZ1|16|2|OP15-025|0|41|0|5|0|0|0|0|0
RZ1|CHK|16|2|50|0|0|0|10|0|0|0|1|0
RZ1|17|2|OP14-036|0|47|0|6|0|0|0|0|0
RZ1|CHK|17|2|50|0|0|0|10|0|0|0|1|0
RZ1|18|2|OP13-040|0|44|0|7|0|0|0|0|0
RZ1|CHK|18|2|50|0|0|0|10|0|0|0|1|0
RZ1|19|2|OP15-037|0|48|0|8|0|0|0|0|0
RZ1|CHK|19|2|50|0|0|0|10|0|0|0|1|0
RZ1|20|2|OP15-008|0|26|0|9|0|0|0|0|0
RZ1|CHK|20|2|50|0|0|0|10|0|0|0|1|0
RZ1|21|2|OP15-028|0|33|0|10|0|0|0|0|0
RZ1|CHK|21|2|50|0|0|0|10|0|0|0|1|0
RZ1|22|2|OP15-008|0|30|0|11|0|0|0|0|0
RZ1|CHK|22|2|50|0|0|0|10|0|0|0|1|0
RZ1|23|2|OP15-017|0|20|0|12|0|0|0|0|0
RZ1|CHK|23|2|50|0|0|0|10|0|0|0|1|0
RZ1|24|2|OP15-017|0|20|0|13|0|0|0|0|0
RZ1|CHK|24|2|50|0|0|0|10|0|0|0|1|0
RZ1|25|2|EB04-004|0|28|0|14|0|0|0|0|0
RZ1|CHK|25|2|50|0|0|0|10|0|0|0|1|0
RZ1|26|2|OP15-027|0|40|0|15|0|0|0|0|0
RZ1|CHK|26|2|50|0|0|0|10|0|0|0|1|0
RZ1|27|2|OP15-026|0|34|0|16|0|0|0|0|0
RZ1|CHK|27|2|50|0|0|0|10|0|0|0|1|0
RZ1|28|2|OP15-017|0|25|0|17|0|0|0|0|0
RZ1|CHK|28|2|50|0|0|0|10|0|0|0|1|0
RZ1|29|2|OP05-037|0|45|0|18|0|0|0|0|0
RZ1|CHK|29|2|50|0|0|0|10|0|0|0|1|0
RZ1|30|2|OP15-008|0|32|0|19|0|0|0|0|0
RZ1|CHK|30|2|50|0|0|0|10|0|0|0|1|0
RZ1|31|2|OP15-017|0|27|0|20|0|0|0|0|0
RZ1|CHK|31|2|50|0|0|0|10|0|0|0|1|0
RZ1|32|2|OP15-009|0|24|0|21|0|0|0|0|0
RZ1|CHK|32|2|50|0|0|0|10|0|0|0|1|0
RZ1|33|2|OP15-023|0|41|0|22|0|0|0|0|0
RZ1|CHK|33|2|50|0|0|0|10|0|0|0|1|0
RZ1|34|2|OP15-023|0|41|0|23|0|0|0|0|0
RZ1|CHK|34|2|50|0|0|0|10|0|0|0|1|0
RZ1|35|2|OP15-007|0|33|0|24|0|0|0|0|0
RZ1|CHK|35|2|50|0|0|0|10|0|0|0|1|0
RZ1|36|2|OP12-027|0|38|0|25|0|0|0|0|0
RZ1|CHK|36|2|50|0|0|0|10|0|0|0|1|0
RZ1|37|2|OP15-003|0|31|0|26|0|0|0|0|0
RZ1|CHK|37|2|50|0|0|0|10|0|0|0|1|0
RZ1|38|2|EB04-004|0|35|0|27|0|0|0|0|0
RZ1|CHK|38|2|50|0|0|0|10|0|0|0|1|0
RZ1|39|2|OP15-025|0|44|0|28|0|0|0|0|0
RZ1|CHK|39|2|50|0|0|0|10|0|0|0|1|0
RZ1|40|2|OP12-021|0|41|0|29|0|0|0|0|0
RZ1|CHK|40|2|50|0|0|0|10|0|0|0|1|0
RZ1|41|2|OP15-009|0|31|0|30|0|0|0|0|0
RZ1|CHK|41|2|50|0|0|0|10|0|0|0|1|0
RZ1|42|2|OP15-026|0|40|0|31|0|0|0|0|0
RZ1|CHK|42|2|50|0|0|0|10|0|0|0|1|0
RZ1|43|2|OP15-025|0|45|0|32|0|0|0|0|0
RZ1|CHK|43|2|50|0|0|0|10|0|0|0|1|0
RZ1|44|2|OP15-027|0|44|0|33|0|0|0|0|0
RZ1|CHK|44|2|50|0|0|0|10|0|0|0|1|0
RZ1|45|2|OP15-037|0|49|0|34|0|0|0|0|0
RZ1|CHK|45|2|50|0|0|0|10|0|0|0|1|0
RZ1|46|2|OP15-009|0|36|0|35|0|0|0|0|0
RZ1|CHK|46|2|50|0|0|0|10|0|0|0|1|0
RZ1|47|2|OP15-007|0|40|0|36|0|0|0|0|0
RZ1|CHK|47|2|50|0|0|0|10|0|0|0|1|0
RZ1|48|2|OP13-040|0|48|0|37|0|0|0|0|0
RZ1|CHK|48|2|50|0|0|0|10|0|0|0|1|0
RZ1|49|2|OP15-012|0|40|0|38|0|0|0|0|0
RZ1|CHK|49|2|50|0|0|0|10|0|0|0|1|0
RZ1|50|2|OP15-026|0|44|0|39|0|0|0|0|0
RZ1|CHK|50|2|50|0|0|0|10|0|0|0|1|0
RZ1|51|2|OP13-040|0|48|0|40|0|0|0|0|0
RZ1|CHK|51|2|50|0|0|0|10|0|0|0|1|0
RZ1|52|2|OP15-012|0|42|0|41|0|0|0|0|0
RZ1|CHK|52|2|50|0|0|0|10|0|0|0|1|0
RZ1|53|2|OP14-036|0|49|0|42|0|0|0|0|0
RZ1|CHK|53|2|50|0|0|0|10|0|0|0|1|0
RZ1|54|2|OP15-023|0|48|0|44|0|0|0|0|0
RZ1|CHK|54|2|50|0|0|0|10|0|0|0|1|0
RZ1|55|2|OP15-008|0|47|0|46|0|0|0|0|0
RZ1|CHK|55|2|50|0|0|0|10|0|0|0|1|0
RZ1|56|1|OP13-099|0|19|7|0|1|1|0|0|0
RZ1|CHK|56|1|49|0|0|0|10|0|0|1|1|0
[You] Imu ["OP13-079">OP13-079]: Deploy The Empty Throne ["OP13-099">OP13-099]
RZ1|57|1|OP13-091|0|43|0|0|0|0|0|0|0
RZ1|CHK|57|1|49|0|0|0|10|0|0|1|1|0
RZ1|58|1|OP13-080|0|39|0|1|0|0|0|0|0
RZ1|CHK|58|1|49|0|0|0|10|0|0|1|1|0
RZ1|59|1|OP13-092|0|38|0|2|0|0|0|0|0
RZ1|CHK|59|1|49|0|0|0|10|0|0|1|1|0
RZ1|60|1|OP16-093|0|25|0|3|0|0|0|0|0
RZ1|CHK|60|1|49|0|0|0|10|0|0|1|1|0
RZ1|61|1|OP05-097|0|34|0|4|0|0|0|0|0
RZ1|CHK|61|1|49|0|0|0|10|0|0|1|1|0
RZ1|62|1|OP13-089|0|38|0|5|0|0|0|0|0
RZ1|CHK|62|1|49|0|0|0|10|0|0|1|1|0
RZ1|63|1|OP14-096|0|27|0|6|0|0|0|0|0
RZ1|CHK|63|1|49|0|0|0|10|0|0|1|1|0
RZ1|64|1|OP14-096|0|38|0|7|0|0|0|0|0
RZ1|CHK|64|1|49|0|0|0|10|0|0|1|1|0
RZ1|65|1|OP13-086|0|40|0|8|0|0|0|0|0
RZ1|CHK|65|1|49|0|0|0|10|0|0|1|1|0
RZ1|66|1|OP14-096|0|19|0|9|0|0|0|0|0
RZ1|CHK|66|1|49|0|0|0|10|0|0|1|1|0
RZ1|67|1|OP13-084|0|42|0|10|0|0|0|0|0
RZ1|CHK|67|1|49|0|0|0|10|0|0|1|1|0
RZ1|68|1|OP13-089|0|48|0|11|0|0|0|0|0
RZ1|CHK|68|1|49|0|0|0|10|0|0|1|1|0
RZ1|69|1|OP13-092|0|40|0|12|0|0|0|0|0
RZ1|CHK|69|1|49|0|0|0|10|0|0|1|1|0
RZ1|70|1|OP14-096|0|38|0|13|0|0|0|0|0
RZ1|CHK|70|1|49|0|0|0|10|0|0|1|1|0
RZ1|71|1|OP16-093|0|29|0|14|0|0|0|0|0
RZ1|CHK|71|1|49|0|0|0|10|0|0|1|1|0
RZ1|72|1|OP13-086|0|40|0|15|0|0|0|0|0
RZ1|CHK|72|1|49|0|0|0|10|0|0|1|1|0
RZ1|73|1|OP13-082|0|20|0|16|0|0|0|0|0
RZ1|CHK|73|1|49|0|0|0|10|0|0|1|1|0
RZ1|74|1|OP13-089|0|45|0|17|0|0|0|0|0
RZ1|CHK|74|1|49|0|0|0|10|0|0|1|1|0
RZ1|75|1|OP13-091|0|47|0|18|0|0|0|0|0
RZ1|CHK|75|1|49|0|0|0|10|0|0|1|1|0
RZ1|76|1|OP13-098|0|31|0|19|0|0|0|0|0
RZ1|CHK|76|1|49|0|0|0|10|0|0|1|1|0
RZ1|77|1|OP16-093|0|32|0|20|0|0|0|0|0
RZ1|CHK|77|1|49|0|0|0|10|0|0|1|1|0
RZ1|78|1|OP13-084|0|34|0|21|0|0|0|0|0
RZ1|CHK|78|1|49|0|0|0|10|0|0|1|1|0
RZ1|79|1|OP13-082|0|38|0|22|0|0|0|0|0
RZ1|CHK|79|1|49|0|0|0|10|0|0|1|1|0
RZ1|80|1|OP13-096|0|40|0|23|0|0|0|0|0
RZ1|CHK|80|1|49|0|0|0|10|0|0|1|1|0
RZ1|81|1|OP13-082|0|38|0|24|0|0|0|0|0
RZ1|CHK|81|1|49|0|0|0|10|0|0|1|1|0
RZ1|82|1|OP13-092|0|30|0|25|0|0|0|0|0
RZ1|CHK|82|1|49|0|0|0|10|0|0|1|1|0
RZ1|83|1|OP13-091|0|48|0|26|0|0|0|0|0
RZ1|CHK|83|1|49|0|0|0|10|0|0|1|1|0
RZ1|84|1|OP13-080|0|33|0|28|0|0|0|0|0
RZ1|CHK|84|1|49|0|0|0|10|0|0|1|1|0
RZ1|85|1|OP13-091|0|47|0|29|0|0|0|0|0
RZ1|CHK|85|1|49|0|0|0|10|0|0|1|1|0
RZ1|86|1|OP13-080|0|39|0|30|0|0|0|0|0
RZ1|CHK|86|1|49|0|0|0|10|0|0|1|1|0
RZ1|87|1|OP13-083|0|36|0|32|0|0|0|0|0
RZ1|CHK|87|1|49|0|0|0|10|0|0|1|1|0
RZ1|88|1|OP13-098|0|42|0|33|0|0|0|0|0
RZ1|CHK|88|1|49|0|0|0|10|0|0|1|1|0
RZ1|89|1|OP13-083|0|40|0|34|0|0|0|0|0
RZ1|CHK|89|1|49|0|0|0|10|0|0|1|1|0
RZ1|90|1|OP16-093|0|46|0|35|0|0|0|0|0
RZ1|CHK|90|1|49|0|0|0|10|0|0|1|1|0
RZ1|91|1|OP13-083|0|42|0|36|0|0|0|0|0
RZ1|CHK|91|1|49|0|0|0|10|0|0|1|1|0
RZ1|92|1|OP13-082|0|41|0|37|0|0|0|0|0
RZ1|CHK|92|1|49|0|0|0|10|0|0|1|1|0
RZ1|93|1|OP13-096|0|45|0|38|0|0|0|0|0
RZ1|CHK|93|1|49|0|0|0|10|0|0|1|1|0
RZ1|94|1|OP13-098|0|45|0|39|0|0|0|0|0
RZ1|CHK|94|1|49|0|0|0|10|0|0|1|1|0
RZ1|95|1|OP13-084|0|46|0|40|0|0|0|0|0
RZ1|CHK|95|1|49|0|0|0|10|0|0|1|1|0
RZ1|96|1|OP13-083|0|45|0|41|0|0|0|0|0
RZ1|CHK|96|1|49|0|0|0|10|0|0|1|1|0
RZ1|97|1|OP13-084|0|46|0|42|0|0|0|0|0
RZ1|CHK|97|1|49|0|0|0|10|0|0|1|1|0
RZ1|98|1|OP13-086|0|48|0|43|0|0|0|0|0
RZ1|CHK|98|1|49|0|0|0|10|0|0|1|1|0
RZ1|99|1|OP13-080|0|46|0|44|0|0|0|0|0
RZ1|CHK|99|1|49|0|0|0|10|0|0|1|1|0
RZ1|100|1|OP13-096|0|48|0|45|0|0|0|0|0
RZ1|CHK|100|1|49|0|0|0|10|0|0|1|1|0
RZ1|101|1|OP13-098|0|48|0|47|0|0|0|0|0
RZ1|CHK|101|1|49|0|0|0|10|0|0|1|1|0
[] Drew card from deck: The Five Elders... Are At Your Service ["OP13-096">OP13-096]
RZ1|102|1|OP13-096|0|48|1|0|1|1|0|0|0
RZ1|CHK|102|1|48|1|0|0|10|0|0|1|1|0
[] Drew card from deck: ...Never Existed... ["OP13-098">OP13-098]
RZ1|103|1|OP13-098|0|47|1|1|1|1|0|0|0
RZ1|CHK|103|1|47|2|0|0|10|0|0|1|1|0
[] Drew card from deck: St. Shalria ["OP13-086">OP13-086]
RZ1|104|1|OP13-086|0|46|1|2|1|1|0|0|0
RZ1|CHK|104|1|46|3|0|0|10|0|0|1|1|0
[] Drew card from deck: The Five Elders... Are At Your Service ["OP13-096">OP13-096]
RZ1|105|1|OP13-096|0|45|1|3|1|1|0|0|0
RZ1|CHK|105|1|45|4|0|0|10|0|0|1|1|0
[] Drew card from deck: St. Ethanbaron V. Nusjuro ["OP13-080">OP13-080]
RZ1|106|1|OP13-080|0|44|1|4|1|1|0|0|0
RZ1|CHK|106|1|44|5|0|0|10|0|0|1|1|0
[] Drew card from deck: Kuro ["OP15-025">OP15-025]
RZ1|107|2|OP15-025|0|49|1|0|1|1|0|0|0
RZ1|CHK|107|2|49|1|0|0|10|0|0|0|1|0
[] Drew card from deck: Koushirou ["OP12-027">OP12-027]
RZ1|108|2|OP12-027|0|48|1|1|1|1|0|0|0
RZ1|CHK|108|2|48|2|0|0|10|0|0|0|1|0
[] Drew card from deck: Gin ["OP15-007">OP15-007]
RZ1|109|2|OP15-007|0|47|1|2|1|1|0|0|0
RZ1|CHK|109|2|47|3|0|0|10|0|0|0|1|0
[] Drew card from deck: Krieg ["OP15-008">OP15-008]
RZ1|110|2|OP15-008|0|46|1|3|1|1|0|0|0
RZ1|CHK|110|2|46|4|0|0|10|0|0|0|1|0
[] Drew card from deck: Gin ["OP15-007">OP15-007]
RZ1|111|2|OP15-007|0|45|1|4|1|1|0|0|0
RZ1|CHK|111|2|45|5|0|0|10|0|0|0|1|0
RZ1|112|1|OP13-086|0|43|3|0|1|0|0|0|0
RZ1|CHK|112|1|43|5|0|1|10|0|0|1|1|0
RZ1|113|1|OP13-084|0|42|3|1|1|0|0|0|0
RZ1|CHK|113|1|42|5|0|2|10|0|0|1|1|0
RZ1|114|1|OP13-083|0|41|3|2|1|0|0|0|0
RZ1|CHK|114|1|41|5|0|3|10|0|0|1|1|0
RZ1|115|1|OP13-084|0|40|3|3|1|0|0|0|0
RZ1|CHK|115|1|40|5|0|4|10|0|0|1|1|0
RZ1|116|2|OP15-025|1|0|0|45|0|0|0|0|0
RZ1|CHK|116|2|46|4|0|0|10|0|0|0|1|0
RZ1|117|2|OP12-027|1|0|0|46|0|0|0|0|0
RZ1|CHK|117|2|47|3|0|0|10|0|0|0|1|0
RZ1|118|2|OP15-007|1|0|0|47|0|0|0|0|0
RZ1|CHK|118|2|48|2|0|0|10|0|0|0|1|0
RZ1|119|2|OP15-008|1|0|0|48|0|0|0|0|0
RZ1|CHK|119|2|49|1|0|0|10|0|0|0|1|0
RZ1|120|2|OP15-007|1|0|0|49|0|0|0|0|0
RZ1|CHK|120|2|50|0|0|0|10|0|0|0|1|0
RZ1|121|2|OP15-008|0|19|0|0|0|0|0|0|0
RZ1|CHK|121|2|50|0|0|0|10|0|0|0|1|0
RZ1|122|2|OP15-017|0|13|0|1|0|0|0|0|0
RZ1|CHK|122|2|50|0|0|0|10|0|0|0|1|0
RZ1|123|2|OP15-037|0|5|0|2|0|0|0|0|0
RZ1|CHK|123|2|50|0|0|0|10|0|0|0|1|0
RZ1|124|2|OP05-037|0|19|0|3|0|0|0|0|0
RZ1|CHK|124|2|50|0|0|0|10|0|0|0|1|0
RZ1|125|2|OP13-040|0|40|0|4|0|0|0|0|0
RZ1|CHK|125|2|50|0|0|0|10|0|0|0|1|0
RZ1|126|2|OP15-017|0|21|0|5|0|0|0|0|0
RZ1|CHK|126|2|50|0|0|0|10|0|0|0|1|0
RZ1|127|2|OP15-023|0|24|0|6|0|0|0|0|0
RZ1|CHK|127|2|50|0|0|0|10|0|0|0|1|0
RZ1|128|2|OP14-036|0|42|0|7|0|0|0|0|0
RZ1|CHK|128|2|50|0|0|0|10|0|0|0|1|0
RZ1|129|2|OP15-012|0|40|0|8|0|0|0|0|0
RZ1|CHK|129|2|50|0|0|0|10|0|0|0|1|0
RZ1|130|2|OP13-040|0|15|0|9|0|0|0|0|0
RZ1|CHK|130|2|50|0|0|0|10|0|0|0|1|0
RZ1|131|2|OP15-012|0|42|0|10|0|0|0|0|0
RZ1|CHK|131|2|50|0|0|0|10|0|0|0|1|0
RZ1|132|2|EB04-004|0|31|0|11|0|0|0|0|0
RZ1|CHK|132|2|50|0|0|0|10|0|0|0|1|0
RZ1|133|2|OP15-026|0|15|0|12|0|0|0|0|0
RZ1|CHK|133|2|50|0|0|0|10|0|0|0|1|0
RZ1|134|2|OP15-023|0|44|0|13|0|0|0|0|0
RZ1|CHK|134|2|50|0|0|0|10|0|0|0|1|0
RZ1|135|2|OP15-003|0|32|0|14|0|0|0|0|0
RZ1|CHK|135|2|50|0|0|0|10|0|0|0|1|0
RZ1|136|2|OP15-027|0|38|0|15|0|0|0|0|0
RZ1|CHK|136|2|50|0|0|0|10|0|0|0|1|0
RZ1|137|2|OP15-007|0|41|0|16|0|0|0|0|0
RZ1|CHK|137|2|50|0|0|0|10|0|0|0|1|0
RZ1|138|2|OP15-009|0|44|0|17|0|0|0|0|0
RZ1|CHK|138|2|50|0|0|0|10|0|0|0|1|0
RZ1|139|2|OP15-025|0|21|0|18|0|0|0|0|0
RZ1|CHK|139|2|50|0|0|0|10|0|0|0|1|0
RZ1|140|2|OP12-027|0|35|0|19|0|0|0|0|0
RZ1|CHK|140|2|50|0|0|0|10|0|0|0|1|0
RZ1|141|2|OP15-008|0|27|0|20|0|0|0|0|0
RZ1|CHK|141|2|50|0|0|0|10|0|0|0|1|0
RZ1|142|2|OP15-025|0|40|0|21|0|0|0|0|0
RZ1|CHK|142|2|50|0|0|0|10|0|0|0|1|0
RZ1|143|2|OP14-036|0|25|0|22|0|0|0|0|0
RZ1|CHK|143|2|50|0|0|0|10|0|0|0|1|0
RZ1|144|2|OP15-008|0|48|0|23|0|0|0|0|0
RZ1|CHK|144|2|50|0|0|0|10|0|0|0|1|0
RZ1|145|2|OP15-026|0|45|0|24|0|0|0|0|0
RZ1|CHK|145|2|50|0|0|0|10|0|0|0|1|0
RZ1|146|2|OP15-008|0|29|0|25|0|0|0|0|0
RZ1|CHK|146|2|50|0|0|0|10|0|0|0|1|0
RZ1|147|2|OP15-026|0|34|0|26|0|0|0|0|0
RZ1|CHK|147|2|50|0|0|0|10|0|0|0|1|0
RZ1|148|2|OP15-037|0|30|0|27|0|0|0|0|0
RZ1|CHK|148|2|50|0|0|0|10|0|0|0|1|0
RZ1|149|2|OP15-025|0|46|0|28|0|0|0|0|0
RZ1|CHK|149|2|50|0|0|0|10|0|0|0|1|0
RZ1|150|2|OP15-025|0|40|0|29|0|0|0|0|0
RZ1|CHK|150|2|50|0|0|0|10|0|0|0|1|0
RZ1|151|2|OP15-037|0|31|0|30|0|0|0|0|0
RZ1|CHK|151|2|50|0|0|0|10|0|0|0|1|0
RZ1|152|2|OP15-023|0|32|0|31|0|0|0|0|0
RZ1|CHK|152|2|50|0|0|0|10|0|0|0|1|0
RZ1|153|2|OP13-040|0|46|0|32|0|0|0|0|0
RZ1|CHK|153|2|50|0|0|0|10|0|0|0|1|0
RZ1|154|2|OP12-021|0|42|0|33|0|0|0|0|0
RZ1|CHK|154|2|50|0|0|0|10|0|0|0|1|0
RZ1|155|2|OP15-017|0|39|0|34|0|0|0|0|0
RZ1|CHK|155|2|50|0|0|0|10|0|0|0|1|0
RZ1|156|2|OP15-028|0|36|0|35|0|0|0|0|0
RZ1|CHK|156|2|50|0|0|0|10|0|0|0|1|0
RZ1|157|2|EB04-004|0|38|0|36|0|0|0|0|0
RZ1|CHK|157|2|50|0|0|0|10|0|0|0|1|0
RZ1|158|2|OP15-026|0|44|0|37|0|0|0|0|0
RZ1|CHK|158|2|50|0|0|0|10|0|0|0|1|0
RZ1|159|2|OP15-009|0|41|0|38|0|0|0|0|0
RZ1|CHK|159|2|50|0|0|0|10|0|0|0|1|0
RZ1|160|2|OP15-023|0|42|0|39|0|0|0|0|0
RZ1|CHK|160|2|50|0|0|0|10|0|0|0|1|0
RZ1|161|2|OP12-027|0|47|0|40|0|0|0|0|0
RZ1|CHK|161|2|50|0|0|0|10|0|0|0|1|0
RZ1|162|2|OP15-027|0|43|0|41|0|0|0|0|0
RZ1|CHK|162|2|50|0|0|0|10|0|0|0|1|0
RZ1|163|2|OP15-007|0|44|0|42|0|0|0|0|0
RZ1|CHK|163|2|50|0|0|0|10|0|0|0|1|0
RZ1|164|2|OP15-007|0|49|0|43|0|0|0|0|0
RZ1|CHK|164|2|50|0|0|0|10|0|0|0|1|0
RZ1|165|2|OP15-009|0|48|0|44|0|0|0|0|0
RZ1|CHK|165|2|50|0|0|0|10|0|0|0|1|0
RZ1|166|2|OP15-007|0|49|0|47|0|0|0|0|0
RZ1|CHK|166|2|50|0|0|0|10|0|0|0|1|0
[] Drew card from deck: The Outcome Will Tell Us Who's Strong and Who's Weak ["OP15-037">OP15-037]
RZ1|167|2|OP15-037|0|49|1|0|1|1|0|0|0
RZ1|CHK|167|2|49|1|0|0|10|0|0|0|1|0
[] Drew card from deck: Koby ["OP15-009">OP15-009]
RZ1|168|2|OP15-009|0|48|1|1|1|1|0|0|0
RZ1|CHK|168|2|48|2|0|0|10|0|0|0|1|0
[] Drew card from deck: Gin ["OP15-007">OP15-007]
RZ1|169|2|OP15-007|0|47|1|2|1|1|0|0|0
RZ1|CHK|169|2|47|3|0|0|10|0|0|0|1|0
[] Drew card from deck: Morgan ["OP15-017">OP15-017]
RZ1|170|2|OP15-017|0|46|1|3|1|1|0|0|0
RZ1|CHK|170|2|46|4|0|0|10|0|0|0|1|0
[] Drew card from deck: Meowban Brothers ["OP15-028">OP15-028]
RZ1|171|2|OP15-028|0|45|1|4|1|1|0|0|0
RZ1|CHK|171|2|45|5|0|0|10|0|0|0|1|0
RZ1|172|2|OP15-009|0|44|3|0|0|1|0|0|0
RZ1|CHK|172|2|44|5|0|1|10|0|0|0|1|0
RZ1|173|2|OP15-007|0|43|3|1|0|1|0|0|0
RZ1|CHK|173|2|43|5|0|2|10|0|0|0|1|0
RZ1|174|2|OP15-007|0|42|3|2|0|1|0|0|0
RZ1|CHK|174|2|42|5|0|3|10|0|0|0|1|0
RZ1|175|2|OP15-027|0|41|3|3|0|1|0|0|0
RZ1|CHK|175|2|41|5|0|4|10|0|0|0|1|0
[] Hand after Mulligan: [OP15-037,OP15-009,OP15-007,OP15-017,OP15-028]
[Opponent] Mulligan
[] Hand: [OP13-096,OP13-098,OP13-086,OP13-096,OP13-080]
[] Board: []
[] Trash: []
[] Life: 4
[] Hand: [OP15-037,OP15-009,OP15-007,OP15-017,OP15-028]
[] Trash: []
[] Board: []
[] Life: 4
RZ1|176|1|Don|4|9|5|0|1|1|0|0|0
RZ1|CHK|176|1|40|5|0|4|9|1|0|1|1|0
[You] Draw 1 Don
RZ1|177|1|Don|5|0|5|0|1|1|1|0|0
RZ1|CHK|177|1|40|5|0|4|9|1|0|1|1|0
[You] Deploy St. Shalria ["OP13-086">OP13-086]
RZ1|178|1|OP13-086|1|2|2|0|1|1|0|0|0
RZ1|CHK|178|1|40|4|1|4|9|1|0|1|1|0
RZ1|179|1|OP13-082|0|37|1|4|1|1|0|0|0
RZ1|CHK|179|1|39|5|1|4|9|1|0|1|1|0
[You] St. Shalria ["OP13-086">OP13-086]: <b>Reveal and Draw Five Elders ["OP13-082">OP13-082]</b>
[You] St. Shalria ["OP13-086">OP13-086]: Trash 2 Remaining Cards
RZ1|180|1|OP13-098|0|38|6|0|1|1|0|0|0
RZ1|CHK|180|1|38|5|1|4|9|1|1|1|1|0
RZ1|181|1|OP13-096|0|37|6|1|1|1|0|0|0
RZ1|CHK|181|1|37|5|1|4|9|1|2|1|1|0
RZ1|182|1|OP13-080|1|3|6|2|1|1|0|0|0
RZ1|CHK|182|1|37|4|1|4|9|1|3|1|1|0
[You] St. Shalria ["OP13-086">OP13-086]: Trash St. Ethanbaron V. Nusjuro ["OP13-080">OP13-080]
RZ1|183|1|OP13-098|1|1|6|3|1|1|0|0|0
RZ1|CHK|183|1|37|3|1|4|9|1|4|1|1|0
[You] Imu ["OP13-079">OP13-079]: Trash ...Never Existed... ["OP13-098">OP13-098]
[] Drew card from deck: St. Jaygarcia Saturn ["OP13-083">OP13-083]
RZ1|184|1|OP13-083|0|36|1|3|1|1|0|0|0
RZ1|CHK|184|1|36|4|1|4|9|1|4|1|1|0
[You] Imu ["OP13-079">OP13-079]: Draw 1 Card
[] Hand: [OP13-096,OP13-096,OP13-082,OP13-083]
[] Board: [OP13-086]
[] Trash: [OP13-098,OP13-096,OP13-080,OP13-098]
[] Life: 4
[] Hand: [OP15-037,OP15-009,OP15-007,OP15-017,OP15-028]
[] Trash: []
[] Board: []
[] Life: 4
[You] End Turn
[] Hand: [OP15-037,OP15-009,OP15-007,OP15-017,OP15-028]
[] Board: []
[] Trash: []
[] Life: 4
[] Hand: [OP13-096,OP13-096,OP13-082,OP13-083]
[] Trash: [OP13-098,OP13-096,OP13-080,OP13-098]
[] Board: [OP13-086]
[] Life: 4
[Opponent] Draw 1 Card
[] Drew card from deck: Koushirou ["OP12-027">OP12-027]
RZ1|185|2|OP12-027|0|40|1|5|1|1|0|0|0
RZ1|CHK|185|2|40|6|0|4|10|0|0|0|1|0
RZ1|186|2|Don|4|9|5|0|1|1|0|0|0
RZ1|CHK|186|2|40|6|0|4|9|1|0|0|1|0
RZ1|187|2|Don|4|8|5|1|1|1|0|0|0
RZ1|CHK|187|2|40|6|0|4|8|2|0|0|1|0
[Opponent] Draw 2 Don
[Opponent] The Outcome Will Tell Us Who's Strong and Who's Weak ["OP15-037">OP15-037]: Rest 1 Don
RZ1|188|2|Don|5|0|5|0|1|1|1|0|0
RZ1|CHK|188|2|40|6|0|4|8|2|0|0|1|0
RZ1|189|2|OP15-037|1|0|6|0|1|1|0|0|0
RZ1|CHK|189|2|40|5|0|4|8|2|1|0|1|0
RZ1|190|2|OP15-026|0|37|1|5|1|1|0|0|0
RZ1|CHK|190|2|39|6|0|4|8|2|1|0|1|0
[Opponent] The Outcome Will Tell Us Who's Strong and Who's Weak ["OP15-037">OP15-037]: <b>Reveal and Draw Jango ["OP15-026">OP15-026]</b>
[Opponent] Placing Cards on Bottom of Deck
RZ1|191|2|OP15-023|0|38|0|0|0|0|0|0|0
RZ1|CHK|191|2|39|6|0|4|8|2|1|0|1|0
RZ1|192|2|OP15-009|0|38|0|0|0|0|0|0|0
RZ1|CHK|192|2|39|6|0|4|8|2|1|0|1|0
RZ1|193|2|EB04-004|0|38|0|0|0|0|0|0|0
RZ1|CHK|193|2|39|6|0|4|8|2|1|0|1|0
RZ1|194|2|OP15-028|0|38|0|0|0|0|0|0|0
RZ1|CHK|194|2|39|6|0|4|8|2|1|0|1|0
RZ1|195|2|Don|5|1|5|1|1|1|1|0|0
RZ1|CHK|195|2|39|6|0|4|8|2|1|0|1|0
[Opponent] Deploy Jango ["OP15-026">OP15-026]
RZ1|196|2|OP15-026|1|5|2|0|1|1|0|0|0
RZ1|CHK|196|2|39|5|1|4|8|2|1|0|1|0
RZ1|197|2|OP15-017|0|38|1|5|1|1|0|0|0
RZ1|CHK|197|2|38|6|1|4|8|2|1|0|1|0
[Opponent] Jango ["OP15-026">OP15-026]: <b>Reveal and Draw Morgan ["OP15-017">OP15-017]</b>
[Opponent] Placing Cards on Bottom of Deck
RZ1|198|2|OP12-021|0|37|0|0|0|0|0|0|0
RZ1|CHK|198|2|38|6|1|4|8|2|1|0|1|0
RZ1|199|2|OP13-040|0|37|0|0|0|0|0|0|0
RZ1|CHK|199|2|38|6|1|4|8|2|1|0|1|0
[] Hand: [OP15-009,OP15-007,OP15-017,OP15-028,OP12-027,OP15-017]
[] Board: [OP15-026]
[] Trash: [OP15-037]
[] Life: 4
[] Hand: [OP13-096,OP13-096,OP13-082,OP13-083]
[] Trash: [OP13-098,OP13-096,OP13-080,OP13-098]
[] Board: [OP13-086]
[] Life: 4
[Opponent] End Turn
[] Hand: [OP13-096,OP13-096,OP13-082,OP13-083]
[] Board: [OP13-086]
[] Trash: [OP13-098,OP13-096,OP13-080,OP13-098]
[] Life: 4
[] Hand: [OP15-009,OP15-007,OP15-017,OP15-028,OP12-027,OP15-017]
[] Trash: [OP15-037]
[] Board: [OP15-026]
[] Life: 4
[You] Draw 1 Card
[] Drew card from deck: Bartholomew Kuma ["OP16-093">OP16-093]
RZ1|200|1|OP16-093|0|35|1|4|1|1|0|0|0
RZ1|CHK|200|1|35|5|1|4|9|1|4|1|1|0
RZ1|201|1|Don|4|8|5|1|1|1|0|0|0
RZ1|CHK|201|1|35|5|1|4|8|2|4|1|1|0
RZ1|202|1|Don|4|7|5|2|1|1|0|0|0
RZ1|CHK|202|1|35|5|1|4|7|3|4|1|1|0
[You] Draw 2 Don
RZ1|203|1|Don|5|0|5|0|1|1|1|0|0
RZ1|CHK|203|1|35|5|1|4|7|3|4|1|1|0
RZ1|204|1|Don|5|1|5|1|1|1|1|0|0
RZ1|CHK|204|1|35|5|1|4|7|3|4|1|1|0
RZ1|205|1|Don|5|2|5|2|1|1|1|0|0
RZ1|CHK|205|1|35|5|1|4|7|3|4|1|1|0
[You] Deploy Bartholomew Kuma ["OP16-093">OP16-093]
RZ1|206|1|OP16-093|1|4|2|1|1|1|0|0|0
RZ1|CHK|206|1|35|4|2|4|7|3|4|1|1|0
[] Drew card from deck: St. Jaygarcia Saturn ["OP13-083">OP13-083]
RZ1|207|1|OP13-083|0|34|1|4|1|1|0|0|0
RZ1|CHK|207|1|34|5|2|4|7|3|4|1|1|0
[] Drew card from deck: ...Never Existed... ["OP13-098">OP13-098]
RZ1|208|1|OP13-098|0|33|1|5|1|1|0|0|0
RZ1|CHK|208|1|33|6|2|4|7|3|4|1|1|0
[You] Bartholomew Kuma ["OP16-093">OP16-093]: Draw 2 Card
RZ1|209|1|OP13-083|1|3|6|4|1|1|0|0|0
RZ1|CHK|209|1|33|5|2|4|7|3|5|1|1|0
[You] Bartholomew Kuma ["OP16-093">OP16-093]: Trash St. Jaygarcia Saturn ["OP13-083">OP13-083]
RZ1|210|1|OP13-083|1|3|6|5|1|1|0|0|0
RZ1|CHK|210|1|33|4|2|4|7|3|6|1|1|0
[You] Bartholomew Kuma ["OP16-093">OP16-093]: Trash St. Jaygarcia Saturn ["OP13-083">OP13-083]
[You] Bartholomew Kuma ["OP16-093">OP16-093]: Attach 1 Rested Don to Imu ["OP13-079">OP13-079]
RZ1|211|1|Don|5|0|9|9900|1|1|1|0|0
RZ1|CHK|211|1|33|4|2|4|7|2|6|1|1|1
RZ1|212|1|OP13-096|1|0|6|6|1|1|0|0|0
RZ1|CHK|212|1|33|3|2|4|7|2|7|1|1|1
[You] Imu ["OP13-079">OP13-079]: Trash The Five Elders... Are At Your Service ["OP13-096">OP13-096]
[] Drew card from deck: St. Jaygarcia Saturn ["OP13-083">OP13-083]
RZ1|213|1|OP13-083|0|32|1|3|1|1|0|0|0
RZ1|CHK|213|1|32|4|2|4|7|2|7|1|1|1
[You] Imu ["OP13-079">OP13-079]: Draw 1 Card
[You] Imu ["OP13-079">OP13-079] attacking Krieg ["OP15-001">OP15-001]
[Opponent] Discard Meowban Brothers ["OP15-028">OP15-028] for Counter 2000
RZ1|214|2|OP15-028|1|3|6|1|1|1|0|0|0
RZ1|CHK|214|2|38|5|1|4|8|2|2|0|1|0
Imu ["OP13-079">OP13-079][6000] vs Krieg ["OP15-001">OP15-001][7000]
Attack Fails
[] Hand: [OP13-096,OP13-082,OP13-098,OP13-083]
[] Board: [OP13-086,OP16-093]
[] Trash: [OP13-098,OP13-096,OP13-080,OP13-098,OP13-083,OP13-083,OP13-096]
[] Life: 4
[] Hand: [OP15-009,OP15-007,OP15-017,OP12-027,OP15-017]
[] Trash: [OP15-037,OP15-028]
[] Board: [OP15-026]
[] Life: 4
[You] End Turn
[] Hand: [OP15-009,OP15-007,OP15-017,OP12-027,OP15-017]
[] Board: [OP15-026]
[] Trash: [OP15-037,OP15-028]
[] Life: 4
[] Hand: [OP13-096,OP13-082,OP13-098,OP13-083]
[] Trash: [OP13-098,OP13-096,OP13-080,OP13-098,OP13-083,OP13-083,OP13-096]
[] Board: [OP13-086,OP16-093]
[] Life: 4
[Opponent] Draw 1 Card
[] Drew card from deck: Arlong ["OP15-023">OP15-023]
RZ1|215|2|OP15-023|0|37|1|5|1|1|0|0|0
RZ1|CHK|215|2|37|6|1|4|8|2|2|0|1|0
RZ1|216|2|Don|4|7|5|2|1|1|0|0|0
RZ1|CHK|216|2|37|6|1|4|7|3|2|0|1|0
RZ1|217|2|Don|4|6|5|3|1|1|0|0|0
RZ1|CHK|217|2|37|6|1|4|6|4|2|0|1|0
[Opponent] Draw 2 Don
RZ1|218|2|Don|5|0|5|0|1|1|1|0|0
RZ1|CHK|218|2|37|6|1|4|6|4|2|0|1|0
RZ1|219|2|Don|5|1|5|1|1|1|1|0|0
RZ1|CHK|219|2|37|6|1|4|6|4|2|0|1|0
RZ1|220|2|Don|5|2|5|2|1|1|1|0|0
RZ1|CHK|220|2|37|6|1|4|6|4|2|0|1|0
RZ1|221|2|Don|5|3|5|3|1|1|1|0|0
RZ1|CHK|221|2|37|6|1|4|6|4|2|0|1|0
[Opponent] Deploy Arlong ["OP15-023">OP15-023]
RZ1|222|2|OP15-023|1|5|2|1|1|1|0|0|0
RZ1|CHK|222|2|37|5|2|4|6|4|2|0|1|0
[Opponent] Arlong ["OP15-023">OP15-023]: Attach 1 Rested Don to Bartholomew Kuma ["OP16-093">OP16-093]
RZ1|223|1|Don|5|0|9|100|1|1|1|0|0
RZ1|CHK|223|1|32|4|2|4|7|1|7|1|1|2
[Opponent] Arlong ["OP15-023">OP15-023]: Attach 1 Rested Don to Krieg ["OP15-001">OP15-001]
RZ1|224|2|Don|5|0|9|9900|1|1|1|0|0
RZ1|CHK|224|2|37|5|2|4|6|3|2|0|1|1
[Opponent] Krieg ["OP15-001">OP15-001] attacking Imu ["OP13-079">OP13-079]
Krieg ["OP15-001">OP15-001][6000] vs Imu ["OP13-079">OP13-079][5000]
Imu ["OP13-079">OP13-079] hit for 1 damage
RZ1|225|1|OP13-084|3|3|1|4|1|1|0|0|0
RZ1|CHK|225|1|32|5|2|3|7|1|7|1|1|2
[] Hand: [OP15-009,OP15-007,OP15-017,OP12-027,OP15-017]
[] Board: [OP15-026,OP15-023]
[] Trash: [OP15-037,OP15-028]
[] Life: 4
[] Hand: [OP13-096,OP13-082,OP13-098,OP13-083,OP13-084]
[] Trash: [OP13-098,OP13-096,OP13-080,OP13-098,OP13-083,OP13-083,OP13-096]
[] Board: [OP13-086,OP16-093]
[] Life: 3
[Opponent] End Turn
[] Hand: [OP13-096,OP13-082,OP13-098,OP13-083,OP13-084]
[] Board: [OP13-086,OP16-093]
[] Trash: [OP13-098,OP13-096,OP13-080,OP13-098,OP13-083,OP13-083,OP13-096]
[] Life: 3
[] Hand: [OP15-009,OP15-007,OP15-017,OP12-027,OP15-017]
[] Trash: [OP15-037,OP15-028]
[] Board: [OP15-026,OP15-023]
[] Life: 4
RZ1|226|1|Don|9|9900|5|0|1|1|1|0|0
RZ1|CHK|226|1|32|5|2|3|7|2|7|1|1|1
RZ1|227|1|Don|9|100|5|0|1|1|1|0|0
RZ1|CHK|227|1|32|5|2|3|7|3|7|1|1|0
[You] Draw 1 Card
[] Drew card from deck: St. Topman Warcury ["OP13-089">OP13-089]
RZ1|228|1|OP13-089|0|31|1|5|1|1|0|0|0
RZ1|CHK|228|1|31|6|2|3|7|3|7|1|1|0
RZ1|229|1|Don|4|6|5|3|1|1|0|0|0
RZ1|CHK|229|1|31|6|2|3|6|4|7|1|1|0
RZ1|230|1|Don|4|5|5|4|1|1|0|0|0
RZ1|CHK|230|1|31|6|2|3|5|5|7|1|1|0
[You] Draw 2 Don
[You] The Empty Throne ["OP13-099">OP13-099]: Rest 3 Don
RZ1|231|1|Don|5|0|5|0|1|1|1|0|0
RZ1|CHK|231|1|31|6|2|3|5|5|7|1|1|0
RZ1|232|1|Don|5|1|5|1|1|1|1|0|0
RZ1|CHK|232|1|31|6|2|3|5|5|7|1|1|0
RZ1|233|1|Don|5|2|5|2|1|1|1|0|0
RZ1|CHK|233|1|31|6|2|3|5|5|7|1|1|0
[You] The Empty Throne ["OP13-099">OP13-099]: Rest The Empty Throne ["OP13-099">OP13-099]
RZ1|234|1|OP13-083|1|3|2|2|1|1|0|-2000|0
RZ1|CHK|234|1|31|5|3|3|5|5|7|1|1|0
[You] The Empty Throne ["OP13-099">OP13-099]: Deploy St. Jaygarcia Saturn ["OP13-083">OP13-083]
RZ1|235|1|OP13-091|0|29|1|5|1|1|0|0|0
RZ1|CHK|235|1|30|6|3|3|5|5|7|1|1|0
[You] St. Jaygarcia Saturn ["OP13-083">OP13-083]: <b>Reveal and Draw St. Marcus Mars ["OP13-091">OP13-091]</b>
[You] Placing Cards on Bottom of Deck
RZ1|236|1|OP13-080|0|29|0|0|0|0|0|0|0
RZ1|CHK|236|1|30|6|3|3|5|5|7|1|1|0
RZ1|237|1|OP13-080|0|29|0|0|0|0|0|0|0
RZ1|CHK|237|1|30|6|3|3|5|5|7|1|1|0
RZ1|238|1|OP13-092|0|29|0|0|0|0|0|0|0
RZ1|CHK|238|1|30|6|3|3|5|5|7|1|1|0
RZ1|239|1|OP13-091|0|29|0|0|0|0|0|0|0
RZ1|CHK|239|1|30|6|3|3|5|5|7|1|1|0
RZ1|240|1|OP13-091|1|5|6|7|1|1|0|0|0
RZ1|CHK|240|1|30|5|3|3|5|5|8|1|1|0
[You] Imu ["OP13-079">OP13-079]: Trash St. Marcus Mars ["OP13-091">OP13-091]
[] Drew card from deck: St. Mjosgard ["OP13-092">OP13-092]
RZ1|241|1|OP13-092|0|29|1|5|1|1|0|0|0
RZ1|CHK|241|1|29|6|3|3|5|5|8|1|1|0
[You] Imu ["OP13-079">OP13-079]: Draw 1 Card
[You] The Five Elders... Are At Your Service ["OP13-096">OP13-096]: Rest 1 Don
RZ1|242|1|Don|5|3|5|3|1|1|1|0|0
RZ1|CHK|242|1|29|6|3|3|5|5|8|1|1|0
RZ1|243|1|OP13-096|1|0|6|8|1|1|0|0|0
RZ1|CHK|243|1|29|5|3|3|5|5|9|1|1|0
RZ1|244|1|OP13-082|0|28|1|5|1|1|0|0|0
RZ1|CHK|244|1|28|6|3|3|5|5|9|1|1|0
[You] The Five Elders... Are At Your Service ["OP13-096">OP13-096]: <b>Reveal and Draw Five Elders ["OP13-082">OP13-082]</b>
[You] The Five Elders... Are At Your Service ["OP13-096">OP13-096]: Trash 2 Remaining Cards
RZ1|245|1|OP13-096|0|27|6|9|1|1|0|0|0
RZ1|CHK|245|1|27|6|3|3|5|5|10|1|1|0
RZ1|246|1|OP13-082|0|26|6|10|1|1|0|0|0
RZ1|CHK|246|1|26|6|3|3|5|5|11|1|1|0
RZ1|247|1|Don|5|4|9|9900|1|1|0|0|0
RZ1|CHK|247|1|26|6|3|3|5|4|11|1|1|1
[You] Imu ["OP13-079">OP13-079] attacking Krieg ["OP15-001">OP15-001]
[Opponent] Discard Koby ["OP15-009">OP15-009] for Counter 2000
RZ1|248|2|OP15-009|1|0|6|2|1|1|0|0|0
RZ1|CHK|248|2|37|4|2|4|6|3|3|0|1|1
Imu ["OP13-079">OP13-079][6000] vs Krieg ["OP15-001">OP15-001][7000]
Attack Fails
[] Hand: [OP13-082,OP13-098,OP13-084,OP13-089,OP13-092,OP13-082]
[] Board: [OP13-086,OP16-093,OP13-083]
[] Trash: [OP13-098,OP13-096,OP13-080,OP13-098,OP13-083,OP13-083,OP13-096,OP13-091,OP13-096,OP13-096,OP13-082]
[] Life: 3
[] Hand: [OP15-007,OP15-017,OP12-027,OP15-017]
[] Trash: [OP15-037,OP15-028,OP15-009]
[] Board: [OP15-026,OP15-023]
[] Life: 4
[You] End Turn
[] Hand: [OP15-007,OP15-017,OP12-027,OP15-017]
[] Board: [OP15-026,OP15-023]
[] Trash: [OP15-037,OP15-028,OP15-009]
[] Life: 4
[] Hand: [OP13-082,OP13-098,OP13-084,OP13-089,OP13-092,OP13-082]
[] Trash: [OP13-098,OP13-096,OP13-080,OP13-098,OP13-083,OP13-083,OP13-096,OP13-091,OP13-096,OP13-096,OP13-082]
[] Board: [OP13-086,OP16-093,OP13-083]
[] Life: 3
RZ1|249|2|Don|9|9900|5|0|1|1|1|0|0
RZ1|CHK|249|2|37|4|2|4|6|4|3|0|1|0
[Opponent] Draw 1 Card
[] Drew card from deck: The Outcome Will Tell Us Who's Strong and Who's Weak ["OP15-037">OP15-037]
RZ1|250|2|OP15-037|0|36|1|4|1|1|0|0|0
RZ1|CHK|250|2|36|5|2|4|6|4|3|0|1|0
RZ1|251|2|Don|4|5|5|4|1|1|0|0|0
RZ1|CHK|251|2|36|5|2|4|5|5|3|0|1|0
RZ1|252|2|Don|4|4|5|5|1|1|0|0|0
RZ1|CHK|252|2|36|5|2|4|4|6|3|0|1|0
[Opponent] Draw 2 Don
RZ1|253|2|Don|5|0|5|0|1|1|1|0|0
RZ1|CHK|253|2|36|5|2|4|4|6|3|0|1|0
RZ1|254|2|Don|5|1|5|1|1|1|1|0|0
RZ1|CHK|254|2|36|5|2|4|4|6|3|0|1|0
RZ1|255|2|Don|5|2|5|2|1|1|1|0|0
RZ1|CHK|255|2|36|5|2|4|4|6|3|0|1|0
RZ1|256|2|Don|5|3|5|3|1|1|1|0|0
RZ1|CHK|256|2|36|5|2|4|4|6|3|0|1|0
RZ1|257|2|Don|5|4|5|4|1|1|1|0|0
RZ1|CHK|257|2|36|5|2|4|4|6|3|0|1|0
RZ1|258|2|Don|5|5|5|5|1|1|1|0|0
RZ1|CHK|258|2|36|5|2|4|4|6|3|0|1|0
[Opponent] Deploy Gin ["OP15-007">OP15-007]
RZ1|259|2|OP15-007|1|0|2|2|1|1|0|0|0
RZ1|CHK|259|2|36|4|3|4|4|6|3|0|1|0
RZ1|260|2|OP15-017|1|2|2|3|1|1|0|0|0
RZ1|CHK|260|2|36|3|4|4|4|6|3|0|1|0
[Opponent] Gin ["OP15-007">OP15-007]: Deploy Morgan ["OP15-017">OP15-017]
[Opponent] Arlong ["OP15-023">OP15-023]: Attach 1 Rested Don to Bartholomew Kuma ["OP16-093">OP16-093]
RZ1|261|1|Don|5|0|9|100|1|1|1|0|0
RZ1|CHK|261|1|26|6|3|3|5|3|11|1|1|2
[Opponent] Arlong ["OP15-023">OP15-023]: Attach 1 Rested Don to Krieg ["OP15-001">OP15-001]
RZ1|262|2|Don|5|0|9|9900|1|1|1|0|0
RZ1|CHK|262|2|36|3|4|4|4|5|3|0|1|1
[Opponent] Morgan ["OP15-017">OP15-017]: Attach 1 Rested Don to Bartholomew Kuma ["OP16-093">OP16-093]
RZ1|263|1|Don|5|0|9|101|1|1|1|0|0
RZ1|CHK|263|1|26|6|3|3|5|2|11|1|1|3
[Opponent] Morgan ["OP15-017">OP15-017]: Attach 1 Rested Don to Krieg ["OP15-001">OP15-001]
RZ1|264|2|Don|5|0|9|9901|1|1|1|0|0
RZ1|CHK|264|2|36|3|4|4|4|4|3|0|1|2
[Opponent] Krieg ["OP15-001">OP15-001]: Rest Bartholomew Kuma ["OP16-093">OP16-093]
[Opponent] Krieg ["OP15-001">OP15-001] attacking Imu ["OP13-079">OP13-079]
Krieg ["OP15-001">OP15-001][7000] vs Imu ["OP13-079">OP13-079][5000]
Imu ["OP13-079">OP13-079] hit for 1 damage
RZ1|265|1|OP13-083|3|2|1|6|1|1|0|0|0
RZ1|CHK|265|1|26|7|3|2|5|2|11|1|1|3
[] Hand: [OP15-017,OP12-027,OP15-037]
[] Board: [OP15-026,OP15-023,OP15-007,OP15-017]
[] Trash: [OP15-037,OP15-028,OP15-009]
[] Life: 4
[] Hand: [OP13-082,OP13-098,OP13-084,OP13-089,OP13-092,OP13-082,OP13-083]
[] Trash: [OP13-098,OP13-096,OP13-080,OP13-098,OP13-083,OP13-083,OP13-096,OP13-091,OP13-096,OP13-096,OP13-082]
[] Board: [OP13-086,OP16-093,OP13-083]
[] Life: 2
[Opponent] End Turn
[] Hand: [OP13-082,OP13-098,OP13-084,OP13-089,OP13-092,OP13-082,OP13-083]
[] Board: [OP13-086,OP16-093,OP13-083]
[] Trash: [OP13-098,OP13-096,OP13-080,OP13-098,OP13-083,OP13-083,OP13-096,OP13-091,OP13-096,OP13-096,OP13-082]
[] Life: 2
[] Hand: [OP15-017,OP12-027,OP15-037]
[] Trash: [OP15-037,OP15-028,OP15-009]
[] Board: [OP15-026,OP15-023,OP15-007,OP15-017]
[] Life: 4
RZ1|266|1|Don|9|9900|5|0|1|1|1|0|0
RZ1|CHK|266|1|26|7|3|2|5|3|11|1|1|2
RZ1|267|1|Don|9|100|5|0|1|1|1|0|0
RZ1|CHK|267|1|26|7|3|2|5|4|11|1|1|1
RZ1|268|1|Don|9|100|5|0|1|1|1|0|0
RZ1|CHK|268|1|26|7|3|2|5|5|11|1|1|0
[You] Draw 1 Card
[] Drew card from deck: St. Shepherd Ju Peter ["OP13-084">OP13-084]
RZ1|269|1|OP13-084|0|25|1|7|1|1|0|0|0
RZ1|CHK|269|1|25|8|3|2|5|5|11|1|1|0
RZ1|270|1|Don|4|4|5|5|1|1|0|0|0
RZ1|CHK|270|1|25|8|3|2|4|6|11|1|1|0
RZ1|271|1|Don|4|3|5|6|1|1|0|0|0
RZ1|CHK|271|1|25|8|3|2|3|7|11|1|1|0
[You] Draw 2 Don
[You] The Empty Throne ["OP13-099">OP13-099]: Rest 3 Don
RZ1|272|1|Don|5|0|5|0|1|1|1|0|0
RZ1|CHK|272|1|25|8|3|2|3|7|11|1|1|0
RZ1|273|1|Don|5|1|5|1|1|1|1|0|0
RZ1|CHK|273|1|25|8|3|2|3|7|11|1|1|0
RZ1|274|1|Don|5|2|5|2|1|1|1|0|0
RZ1|CHK|274|1|25|8|3|2|3|7|11|1|1|0
[You] The Empty Throne ["OP13-099">OP13-099]: Rest The Empty Throne ["OP13-099">OP13-099]
RZ1|275|1|OP13-083|1|6|2|3|1|1|0|-2000|0
RZ1|CHK|275|1|25|7|4|2|3|7|11|1|1|0
[You] The Empty Throne ["OP13-099">OP13-099]: Deploy St. Jaygarcia Saturn ["OP13-083">OP13-083]
[You] <b>Picked no cards to Draw</b>
[You] Placing Cards on Bottom of Deck
RZ1|276|1|OP16-093|0|24|0|0|0|0|0|0|0
RZ1|CHK|276|1|25|7|4|2|3|7|11|1|1|0
RZ1|277|1|OP13-098|0|24|0|0|0|0|0|0|0
RZ1|CHK|277|1|25|7|4|2|3|7|11|1|1|0
RZ1|278|1|OP13-091|0|24|0|0|0|0|0|0|0
RZ1|CHK|278|1|25|7|4|2|3|7|11|1|1|0
RZ1|279|1|OP13-089|0|24|0|0|0|0|0|0|0
RZ1|CHK|279|1|25|7|4|2|3|7|11|1|1|0
RZ1|280|1|OP13-082|0|24|0|0|0|0|0|0|0
RZ1|CHK|280|1|25|7|4|2|3|7|11|1|1|0
RZ1|281|1|OP13-089|1|3|6|11|1|1|0|0|0
RZ1|CHK|281|1|25|6|4|2|3|7|12|1|1|0
[You] Imu ["OP13-079">OP13-079]: Trash St. Topman Warcury ["OP13-089">OP13-089]
[] Drew card from deck: St. Shalria ["OP13-086">OP13-086]
RZ1|282|1|OP13-086|0|24|1|6|1|1|0|0|0
RZ1|CHK|282|1|24|7|4|2|3|7|12|1|1|0
[You] Imu ["OP13-079">OP13-079]: Draw 1 Card
RZ1|283|1|Don|5|3|5|3|1|1|1|0|0
RZ1|CHK|283|1|24|7|4|2|3|7|12|1|1|0
[You] Deploy St. Shalria ["OP13-086">OP13-086]
RZ1|284|1|OP13-086|1|6|2|4|1|1|0|-2000|0
RZ1|CHK|284|1|24|6|5|2|3|7|12|1|1|0
[You] <b>Picked no cards to Draw</b>
[You] St. Shalria ["OP13-086">OP13-086]: Trash 3 Remaining Cards
RZ1|285|1|OP16-093|0|23|6|12|1|1|0|0|0
RZ1|CHK|285|1|23|6|5|2|3|7|13|1|1|0
RZ1|286|1|OP14-096|0|22|6|13|1|1|0|0|0
RZ1|CHK|286|1|22|6|5|2|3|7|14|1|1|0
RZ1|287|1|OP13-092|0|21|6|14|1|1|0|0|0
RZ1|CHK|287|1|21|6|5|2|3|7|15|1|1|0
RZ1|288|1|OP13-084|1|2|6|15|1|1|0|0|0
RZ1|CHK|288|1|21|5|5|2|3|7|16|1|1|0
[You] St. Shalria ["OP13-086">OP13-086]: Trash St. Shepherd Ju Peter ["OP13-084">OP13-084]
[You] Imu ["OP13-079">OP13-079] attacking Krieg ["OP15-001">OP15-001]
[Opponent] Morgan ["OP15-017">OP15-017] Blocks
Imu ["OP13-079">OP13-079][5000] vs Morgan ["OP15-017">OP15-017][6000]
Attack Fails
RZ1|289|1|Don|5|4|9|200|1|1|0|0|0
RZ1|CHK|289|1|21|5|5|2|3|6|16|1|1|1
RZ1|290|1|Don|5|4|9|201|1|1|0|0|0
RZ1|CHK|290|1|21|5|5|2|3|5|16|1|1|2
RZ1|291|1|Don|5|4|9|202|1|1|0|0|0
RZ1|CHK|291|1|21|5|5|2|3|4|16|1|1|3
[You] St. Jaygarcia Saturn ["OP13-083">OP13-083] attacking Morgan ["OP15-017">OP15-017]
[Opponent] Discard Koushirou ["OP12-027">OP12-027] for Counter 1000
RZ1|292|2|OP12-027|1|1|6|3|1|1|0|0|0
RZ1|CHK|292|2|36|2|4|4|4|4|4|0|1|2
St. Jaygarcia Saturn ["OP13-083">OP13-083][6000] vs Morgan ["OP15-017">OP15-017][7000]
Attack Fails
[] Hand: [OP13-082,OP13-098,OP13-092,OP13-082,OP13-084]
[] Board: [OP13-086,OP16-093,OP13-083,OP13-083,OP13-086]
[] Trash: [OP13-098,OP13-096,OP13-080,OP13-098,OP13-083,OP13-083,OP13-096,OP13-091,OP13-096,OP13-096,OP13-082,OP13-089,OP16-093,OP14-096,OP13-092,OP13-084]
[] Life: 2
[] Hand: [OP15-017,OP15-037]
[] Trash: [OP15-037,OP15-028,OP15-009,OP12-027]
[] Board: [OP15-026,OP15-023,OP15-007,OP15-017]
[] Life: 4
[You] End Turn
[] Hand: [OP15-017,OP15-037]
[] Board: [OP15-026,OP15-023,OP15-007,OP15-017]
[] Trash: [OP15-037,OP15-028,OP15-009,OP12-027]
[] Life: 4
[] Hand: [OP13-082,OP13-098,OP13-092,OP13-082,OP13-084]
[] Trash: [OP13-098,OP13-096,OP13-080,OP13-098,OP13-083,OP13-083,OP13-096,OP13-091,OP13-096,OP13-096,OP13-082,OP13-089,OP16-093,OP14-096,OP13-092,OP13-084]
[] Board: [OP13-086,OP16-093,OP13-083,OP13-083,OP13-086]
[] Life: 2
RZ1|293|2|Don|9|9900|5|0|1|1|1|0|0
RZ1|CHK|293|2|36|2|4|4|4|5|4|0|1|1
RZ1|294|2|Don|9|9900|5|0|1|1|1|0|0
RZ1|CHK|294|2|36|2|4|4|4|6|4|0|1|0
[Opponent] Draw 1 Card
[] Drew card from deck: Kuro ["OP15-025">OP15-025]
RZ1|295|2|OP15-025|0|35|1|2|1|1|0|0|0
RZ1|CHK|295|2|35|3|4|4|4|6|4|0|1|0
RZ1|296|2|Don|4|3|5|6|1|1|0|0|0
RZ1|CHK|296|2|35|3|4|4|3|7|4|0|1|0
RZ1|297|2|Don|4|2|5|7|1|1|0|0|0
RZ1|CHK|297|2|35|3|4|4|2|8|4|0|1|0
[Opponent] Draw 2 Don
[Opponent] The Outcome Will Tell Us Who's Strong and Who's Weak ["OP15-037">OP15-037]: Rest 1 Don
RZ1|298|2|Don|5|0|5|0|1|1|1|0|0
RZ1|CHK|298|2|35|3|4|4|2|8|4|0|1|0
RZ1|299|2|OP15-037|1|1|6|4|1|1|0|0|0
RZ1|CHK|299|2|35|2|4|4|2|8|5|0|1|0
RZ1|300|2|OP15-008|0|31|1|2|1|1|0|0|0
RZ1|CHK|300|2|34|3|4|4|2|8|5|0|1|0
[Opponent] The Outcome Will Tell Us Who's Strong and Who's Weak ["OP15-037">OP15-037]: <b>Reveal and Draw Krieg ["OP15-008">OP15-008]</b>
[Opponent] Placing Cards on Bottom of Deck
RZ1|301|2|OP15-025|0|33|0|0|0|0|0|0|0
RZ1|CHK|301|2|34|3|4|4|2|8|5|0|1|0
RZ1|302|2|OP15-037|0|33|0|0|0|0|0|0|0
RZ1|CHK|302|2|34|3|4|4|2|8|5|0|1|0
RZ1|303|2|OP15-026|0|33|0|0|0|0|0|0|0
RZ1|CHK|303|2|34|3|4|4|2|8|5|0|1|0
RZ1|304|2|OP15-026|0|33|0|0|0|0|0|0|0
RZ1|CHK|304|2|34|3|4|4|2|8|5|0|1|0
[Opponent] Attach 3 Don to Jango ["OP15-026">OP15-026] (3 Total)
RZ1|305|2|Don|5|7|9|0|1|1|0|0|0
RZ1|CHK|305|2|34|3|4|4|2|7|5|0|1|1
RZ1|306|2|Don|5|6|9|1|1|1|0|0|0
RZ1|CHK|306|2|34|3|4|4|2|6|5|0|1|2
RZ1|307|2|Don|5|5|9|2|1|1|0|0|0
RZ1|CHK|307|2|34|3|4|4|2|5|5|0|1|3
[Opponent] Jango ["OP15-026">OP15-026] attacking Imu ["OP13-079">OP13-079]
[You] Discard St. Mjosgard ["OP13-092">OP13-092] for Counter 2000
RZ1|308|1|OP13-092|1|2|6|16|1|1|0|0|0
RZ1|CHK|308|1|21|4|5|2|3|4|17|1|1|3
Jango ["OP15-026">OP15-026][5000] vs Imu ["OP13-079">OP13-079][7000]
Attack Fails
[Opponent] Arlong ["OP15-023">OP15-023]: Attach 1 Rested Don to St. Jaygarcia Saturn ["OP13-083">OP13-083]
RZ1|309|1|Don|5|0|9|300|1|1|1|0|0
RZ1|CHK|309|1|21|4|5|2|3|3|17|1|1|4
[Opponent] Arlong ["OP15-023">OP15-023]: Attach 1 Rested Don to Krieg ["OP15-001">OP15-001]
RZ1|310|2|Don|5|0|9|9900|1|1|1|0|0
RZ1|CHK|310|2|34|3|4|4|2|4|5|0|1|4
[Opponent] Attach 1 Don to Arlong ["OP15-023">OP15-023] (1 Total)
RZ1|311|2|Don|5|3|9|100|1|1|0|0|0
RZ1|CHK|311|2|34|3|4|4|2|3|5|0|1|5
[Opponent] Attach 1 Don to Arlong ["OP15-023">OP15-023] (2 Total)
RZ1|312|2|Don|5|2|9|101|1|1|0|0|0
RZ1|CHK|312|2|34|3|4|4|2|2|5|0|1|6
[Opponent] Arlong ["OP15-023">OP15-023] attacking Imu ["OP13-079">OP13-079]
Arlong ["OP15-023">OP15-023][7000] vs Imu ["OP13-079">OP13-079][5000]
Imu ["OP13-079">OP13-079] hit for 1 damage
RZ1|313|1|OP13-084|3|1|1|4|1|1|0|0|0
RZ1|CHK|313|1|21|5|5|1|3|3|17|1|1|4
[Opponent] Morgan ["OP15-017">OP15-017] attacking Imu ["OP13-079">OP13-079]
[You] Discard St. Shepherd Ju Peter ["OP13-084">OP13-084] for Counter 2000
RZ1|314|1|OP13-084|1|3|6|17|1|1|0|0|0
RZ1|CHK|314|1|21|4|5|1|3|3|18|1|1|4
Morgan ["OP15-017">OP15-017][6000] vs Imu ["OP13-079">OP13-079][7000]
Attack Fails
[Opponent] Gin ["OP15-007">OP15-007] attacking Imu ["OP13-079">OP13-079]
Gin ["OP15-007">OP15-007][7000] vs Imu ["OP13-079">OP13-079][5000]
Imu ["OP13-079">OP13-079] hit for 1 damage
RZ1|315|1|OP13-086|3|0|1|4|1|1|0|0|0
RZ1|CHK|315|1|21|5|5|0|3|3|18|1|1|4
[Opponent] Attach 2 Don to Krieg ["OP15-001">OP15-001] (3 Total)
RZ1|316|2|Don|5|1|9|9901|1|1|0|0|0
RZ1|CHK|316|2|34|3|4|4|2|1|5|0|1|7
RZ1|317|2|Don|5|0|9|9902|1|1|0|0|0
RZ1|CHK|317|2|34|3|4|4|2|0|5|0|1|8
[Opponent] Krieg ["OP15-001">OP15-001] attacking Imu ["OP13-079">OP13-079]
Krieg ["OP15-001">OP15-001][8000] vs Imu ["OP13-079">OP13-079][5000]
Imu ["OP13-079">OP13-079] hit for 1 damage
[You] <b>Downloaded the Combat Log!</b>
GameOver
