Version is 1.41b
[You] Leader is Imu ["OP13-079">OP13-079]
RZ1|HDR|1.41b|2|RZ1
RZ1|PLY|1||OP13-079
RZ1|PLY|2||
[Opponent] Leader is Marshall D. Teach ["OP16-080">OP16-080]
RZ1|1|2|OP16-107|0|30|0|0|0|0|0|0|0
RZ1|CHK|1|2|50|0|0|0|10|0|0|0|1|0
RZ1|2|2|OP16-108|0|42|0|1|0|0|0|0|0
RZ1|CHK|2|2|50|0|0|0|10|0|0|0|1|0
RZ1|3|2|OP16-107|0|32|0|2|0|0|0|0|0
RZ1|CHK|3|2|50|0|0|0|10|0|0|0|1|0
RZ1|4|2|OP16-108|0|42|0|3|0|0|0|0|0
RZ1|CHK|4|2|50|0|0|0|10|0|0|0|1|0
RZ1|5|2|OP16-106|0|38|0|4|0|0|0|0|0
RZ1|CHK|5|2|50|0|0|0|10|0|0|0|1|0
RZ1|6|2|OP16-110|0|29|0|5|0|0|0|0|0
RZ1|CHK|6|2|50|0|0|0|10|0|0|0|1|0
RZ1|7|2|OP16-104|0|38|0|6|0|0|0|0|0
RZ1|CHK|7|2|50|0|0|0|10|0|0|0|1|0
RZ1|8|2|OP16-109|0|29|0|7|0|0|0|0|0
RZ1|CHK|8|2|50|0|0|0|10|0|0|0|1|0
RZ1|9|2|OP09-096|0|44|0|8|0|0|0|0|0
RZ1|CHK|9|2|50|0|0|0|10|0|0|0|1|0
RZ1|10|2|OP16-109|0|29|0|9|0|0|0|0|0
RZ1|CHK|10|2|50|0|0|0|10|0|0|0|1|0
RZ1|11|2|OP09-099|0|48|0|10|0|0|0|0|0
RZ1|CHK|11|2|50|0|0|0|10|0|0|0|1|0
RZ1|12|2|OP16-108|0|44|0|11|0|0|0|0|0
RZ1|CHK|12|2|50|0|0|0|10|0|0|0|1|0
RZ1|13|2|OP16-102|0|24|0|12|0|0|0|0|0
RZ1|CHK|13|2|50|0|0|0|10|0|0|0|1|0
RZ1|14|2|OP16-110|0|35|0|13|0|0|0|0|0
RZ1|CHK|14|2|50|0|0|0|10|0|0|0|1|0
RZ1|15|2|OP16-103|0|31|0|14|0|0|0|0|0
RZ1|CHK|15|2|50|0|0|0|10|0|0|0|1|0
RZ1|16|2|OP16-103|0|32|0|15|0|0|0|0|0
RZ1|CHK|16|2|50|0|0|0|10|0|0|0|1|0
RZ1|17|2|OP16-106|0|42|0|16|0|0|0|0|0
RZ1|CHK|17|2|50|0|0|0|10|0|0|0|1|0
RZ1|18|2|OP09-093|0|26|0|17|0|0|0|0|0
RZ1|CHK|18|2|50|0|0|0|10|0|0|0|1|0
RZ1|19|2|OP16-104|0|41|0|18|0|0|0|0|0
RZ1|CHK|19|2|50|0|0|0|10|0|0|0|1|0
RZ1|20|2|OP16-102|0|30|0|19|0|0|0|0|0
RZ1|CHK|20|2|50|0|0|0|10|0|0|0|1|0
RZ1|21|2|OP16-102|0|32|0|21|0|0|0|0|0
RZ1|CHK|21|2|50|0|0|0|10|0|0|0|1|0
RZ1|22|2|OP16-109|0|35|0|22|0|0|0|0|0
RZ1|CHK|22|2|50|0|0|0|10|0|0|0|1|0
RZ1|23|2|OP09-084|0|29|0|23|0|0|0|0|0
RZ1|CHK|23|2|50|0|0|0|10|0|0|0|1|0
RZ1|24|2|OP09-095|0|26|0|24|0|0|0|0|0
RZ1|CHK|24|2|50|0|0|0|10|0|0|0|1|0
RZ1|25|2|OP16-103|0|35|0|25|0|0|0|0|0
RZ1|CHK|25|2|50|0|0|0|10|0|0|0|1|0
RZ1|26|2|OP16-104|0|41|0|26|0|0|0|0|0
RZ1|CHK|26|2|50|0|0|0|10|0|0|0|1|0
RZ1|27|2|OP09-096|0|46|0|27|0|0|0|0|0
RZ1|CHK|27|2|50|0|0|0|10|0|0|0|1|0
RZ1|28|2|OP16-103|0|37|0|28|0|0|0|0|0
RZ1|CHK|28|2|50|0|0|0|10|0|0|0|1|0
RZ1|29|2|OP09-098|0|47|0|29|0|0|0|0|0
RZ1|CHK|29|2|50|0|0|0|10|0|0|0|1|0
RZ1|30|2|OP09-099|0|49|0|31|0|0|0|0|0
RZ1|CHK|30|2|50|0|0|0|10|0|0|0|1|0
RZ1|31|2|OP16-104|0|45|0|32|0|0|0|0|0
RZ1|CHK|31|2|50|0|0|0|10|0|0|0|1|0
RZ1|32|2|OP09-093|0|38|0|33|0|0|0|0|0
RZ1|CHK|32|2|50|0|0|0|10|0|0|0|1|0
RZ1|33|2|OP16-110|0|42|0|34|0|0|0|0|0
RZ1|CHK|33|2|50|0|0|0|10|0|0|0|1|0
RZ1|34|2|OP09-093|0|39|0|36|0|0|0|0|0
RZ1|CHK|34|2|50|0|0|0|10|0|0|0|1|0
RZ1|35|2|OP16-107|0|44|0|37|0|0|0|0|0
RZ1|CHK|35|2|50|0|0|0|10|0|0|0|1|0
RZ1|36|2|P-100|0|41|0|38|0|0|0|0|0
RZ1|CHK|36|2|50|0|0|0|10|0|0|0|1|0
RZ1|37|2|OP09-084|0|41|0|39|0|0|0|0|0
RZ1|CHK|37|2|50|0|0|0|10|0|0|0|1|0
RZ1|38|2|OP10-098|0|49|0|41|0|0|0|0|0
RZ1|CHK|38|2|50|0|0|0|10|0|0|0|1|0
RZ1|39|2|OP16-106|0|47|0|42|0|0|0|0|0
RZ1|CHK|39|2|50|0|0|0|10|0|0|0|1|0
RZ1|40|2|OP16-106|0|48|0|43|0|0|0|0|0
RZ1|CHK|40|2|50|0|0|0|10|0|0|0|1|0
RZ1|41|2|OP16-107|0|48|0|44|0|0|0|0|0
RZ1|CHK|41|2|50|0|0|0|10|0|0|0|1|0
RZ1|42|2|OP16-110|0|48|0|45|0|0|0|0|0
RZ1|CHK|42|2|50|0|0|0|10|0|0|0|1|0
RZ1|43|2|OP16-109|0|48|0|46|0|0|0|0|0
RZ1|CHK|43|2|50|0|0|0|10|0|0|0|1|0
RZ1|44|2|OP16-102|0|48|0|47|0|0|0|0|0
RZ1|CHK|44|2|50|0|0|0|10|0|0|0|1|0
RZ1|45|2|OP16-108|0|49|0|48|0|0|0|0|0
RZ1|CHK|45|2|50|0|0|0|10|0|0|0|1|0
RZ1|46|1|OP05-097|0|4|7|0|1|1|0|0|0
RZ1|CHK|46|1|49|0|0|0|10|0|0|1|1|0
[You] Imu ["OP13-079">OP13-079]: Deploy The Holy Land Mary Geoise ["OP05-097">OP05-097]
RZ1|47|1|OP13-098|0|9|0|0|0|0|0|0|0
RZ1|CHK|47|1|49|0|0|0|10|0|0|1|1|0
RZ1|48|1|OP13-089|0|47|0|1|0|0|0|0|0
RZ1|CHK|48|1|49|0|0|0|10|0|0|1|1|0
RZ1|49|1|OP13-098|0|20|0|2|0|0|0|0|0
RZ1|CHK|49|1|49|0|0|0|10|0|0|1|1|0
RZ1|50|1|OP13-084|0|48|0|3|0|0|0|0|0
RZ1|CHK|50|1|49|0|0|0|10|0|0|1|1|0
RZ1|51|1|OP13-091|0|25|0|4|0|0|0|0|0
RZ1|CHK|51|1|49|0|0|0|10|0|0|1|1|0
RZ1|52|1|OP13-082|0|45|0|5|0|0|0|0|0
RZ1|CHK|52|1|49|0|0|0|10|0|0|1|1|0
RZ1|53|1|OP13-089|0|35|0|6|0|0|0|0|0
RZ1|CHK|53|1|49|0|0|0|10|0|0|1|1|0
RZ1|54|1|OP13-092|0|8|0|7|0|0|0|0|0
RZ1|CHK|54|1|49|0|0|0|10|0|0|1|1|0
RZ1|55|1|OP13-080|0|9|0|8|0|0|0|0|0
RZ1|CHK|55|1|49|0|0|0|10|0|0|1|1|0
RZ1|56|1|OP13-092|0|19|0|10|0|0|0|0|0
RZ1|CHK|56|1|49|0|0|0|10|0|0|1|1|0
RZ1|57|1|OP14-096|0|22|0|11|0|0|0|0|0
RZ1|CHK|57|1|49|0|0|0|10|0|0|1|1|0
RZ1|58|1|OP13-086|0|44|0|12|0|0|0|0|0
RZ1|CHK|58|1|49|0|0|0|10|0|0|1|1|0
RZ1|59|1|OP13-091|0|17|0|13|0|0|0|0|0
RZ1|CHK|59|1|49|0|0|0|10|0|0|1|1|0
RZ1|60|1|OP13-080|0|37|0|14|0|0|0|0|0
RZ1|CHK|60|1|49|0|0|0|10|0|0|1|1|0
RZ1|61|1|OP13-082|0|33|0|15|0|0|0|0|0
RZ1|CHK|61|1|49|0|0|0|10|0|0|1|1|0
RZ1|62|1|OP13-086|0|26|0|16|0|0|0|0|0
RZ1|CHK|62|1|49|0|0|0|10|0|0|1|1|0
RZ1|63|1|OP13-092|0|23|0|17|0|0|0|0|0
RZ1|CHK|63|1|49|0|0|0|10|0|0|1|1|0
RZ1|64|1|OP13-084|0|30|0|18|0|0|0|0|0
RZ1|CHK|64|1|49|0|0|0|10|0|0|1|1|0
RZ1|65|1|OP13-098|0|40|0|19|0|0|0|0|0
RZ1|CHK|65|1|49|0|0|0|10|0|0|1|1|0
RZ1|66|1|OP13-096|0|44|0|20|0|0|0|0|0
RZ1|CHK|66|1|49|0|0|0|10|0|0|1|1|0
RZ1|67|1|OP13-092|0|23|0|21|0|0|0|0|0
RZ1|CHK|67|1|49|0|0|0|10|0|0|1|1|0
RZ1|68|1|OP14-096|0|47|0|22|0|0|0|0|0
RZ1|CHK|68|1|49|0|0|0|10|0|0|1|1|0
RZ1|69|1|OP13-082|0|39|0|23|0|0|0|0|0
RZ1|CHK|69|1|49|0|0|0|10|0|0|1|1|0
RZ1|70|1|OP13-086|0|45|0|24|0|0|0|0|0
RZ1|CHK|70|1|49|0|0|0|10|0|0|1|1|0
RZ1|71|1|OP13-080|0|34|0|25|0|0|0|0|0
RZ1|CHK|71|1|49|0|0|0|10|0|0|1|1|0
RZ1|72|1|OP13-086|0|37|0|26|0|0|0|0|0
RZ1|CHK|72|1|49|0|0|0|10|0|0|1|1|0
RZ1|73|1|OP13-089|0|30|0|27|0|0|0|0|0
RZ1|CHK|73|1|49|0|0|0|10|0|0|1|1|0
RZ1|74|1|OP13-096|0|41|0|29|0|0|0|0|0
RZ1|CHK|74|1|49|0|0|0|10|0|0|1|1|0
RZ1|75|1|OP13-089|0|34|0|30|0|0|0|0|0
RZ1|CHK|75|1|49|0|0|0|10|0|0|1|1|0
RZ1|76|1|OP13-096|0|38|0|31|0|0|0|0|0
RZ1|CHK|76|1|49|0|0|0|10|0|0|1|1|0
RZ1|77|1|OP13-091|0|42|0|32|0|0|0|0|0
RZ1|CHK|77|1|49|0|0|0|10|0|0|1|1|0
RZ1|78|1|OP13-083|0|36|0|33|0|0|0|0|0
RZ1|CHK|78|1|49|0|0|0|10|0|0|1|1|0
RZ1|79|1|OP13-098|0|36|0|34|0|0|0|0|0
RZ1|CHK|79|1|49|0|0|0|10|0|0|1|1|0
RZ1|80|1|OP14-096|0|37|0|35|0|0|0|0|0
RZ1|CHK|80|1|49|0|0|0|10|0|0|1|1|0
RZ1|81|1|OP13-083|0|48|0|36|0|0|0|0|0
RZ1|CHK|81|1|49|0|0|0|10|0|0|1|1|0
RZ1|82|1|OP13-082|0|45|0|37|0|0|0|0|0
RZ1|CHK|82|1|49|0|0|0|10|0|0|1|1|0
RZ1|83|1|OP16-093|0|47|0|38|0|0|0|0|0
RZ1|CHK|83|1|49|0|0|0|10|0|0|1|1|0
RZ1|84|1|OP13-099|0|43|0|39|0|0|0|0|0
RZ1|CHK|84|1|49|0|0|0|10|0|0|1|1|0
RZ1|85|1|OP13-096|0|43|0|40|0|0|0|0|0
RZ1|CHK|85|1|49|0|0|0|10|0|0|1|1|0
RZ1|86|1|OP14-096|0|44|0|41|0|0|0|0|0
RZ1|CHK|86|1|49|0|0|0|10|0|0|1|1|0
RZ1|87|1|OP13-083|0|44|0|43|0|0|0|0|0
RZ1|CHK|87|1|49|0|0|0|10|0|0|1|1|0
[] Drew card from deck: St. Shepherd Ju Peter ["OP13-084">OP13-084]
RZ1|88|1|OP13-084|0|48|1|0|1|1|0|0|0
RZ1|CHK|88|1|48|1|0|0|10|0|0|1|1|0
[] Drew card from deck: Bartholomew Kuma ["OP16-093">OP16-093]
RZ1|89|1|OP16-093|0|47|1|1|1|1|0|0|0
RZ1|CHK|89|1|47|2|0|0|10|0|0|1|1|0
[] Drew card from deck: Bartholomew Kuma ["OP16-093">OP16-093]
RZ1|90|1|OP16-093|0|46|1|2|1|1|0|0|0
RZ1|CHK|90|1|46|3|0|0|10|0|0|1|1|0
[] Drew card from deck: St. Marcus Mars ["OP13-091">OP13-091]
RZ1|91|1|OP13-091|0|45|1|3|1|1|0|0|0
RZ1|CHK|91|1|45|4|0|0|10|0|0|1|1|0
[] Drew card from deck: St. Shepherd Ju Peter ["OP13-084">OP13-084]
RZ1|92|1|OP13-084|0|44|1|4|1|1|0|0|0
RZ1|CHK|92|1|44|5|0|0|10|0|0|1|1|0
[] Drew card from deck: Shiryu ["PRB02-015">PRB02-015]
RZ1|93|2|PRB02-015|0|49|1|0|1|1|0|0|0
RZ1|CHK|93|2|49|1|0|0|10|0|0|0|1|0
[] Drew card from deck: Shiryu ["OP16-108">OP16-108]
RZ1|94|2|OP16-108|0|48|1|1|1|1|0|0|0
RZ1|CHK|94|2|48|2|0|0|10|0|0|0|1|0
[] Drew card from deck: Avalo Pizarro ["OP16-102">OP16-102]
RZ1|95|2|OP16-102|0|47|1|2|1|1|0|0|0
RZ1|CHK|95|2|47|3|0|0|10|0|0|0|1|0
[] Drew card from deck: Doc Q ["OP16-109">OP16-109]
RZ1|96|2|OP16-109|0|46|1|3|1|1|0|0|0
RZ1|CHK|96|2|46|4|0|0|10|0|0|0|1|0
[] Drew card from deck: Vasco Shot ["OP16-110">OP16-110]
RZ1|97|2|OP16-110|0|45|1|4|1|1|0|0|0
RZ1|CHK|97|2|45|5|0|0|10|0|0|0|1|0
RZ1|98|1|OP13-083|0|43|3|0|1|0|0|0|0
RZ1|CHK|98|1|43|5|0|1|10|0|0|1|1|0
RZ1|99|1|OP13-080|0|42|3|1|1|0|0|0|0
RZ1|CHK|99|1|42|5|0|2|10|0|0|1|1|0
RZ1|100|1|OP14-096|0|41|3|2|1|0|0|0|0
RZ1|CHK|100|1|41|5|0|3|10|0|0|1|1|0
RZ1|101|1|OP13-096|0|40|3|3|1|0|0|0|0
RZ1|CHK|101|1|40|5|0|4|10|0|0|1|1|0
RZ1|102|2|OP16-107|0|44|3|0|0|1|0|0|0
RZ1|CHK|102|2|44|5|0|1|10|0|0|0|1|0
RZ1|103|2|OP16-106|0|43|3|1|0|1|0|0|0
RZ1|CHK|103|2|43|5|0|2|10|0|0|0|1|0
RZ1|104|2|OP16-106|0|42|3|2|0|1|0|0|0
RZ1|CHK|104|2|42|5|0|3|10|0|0|0|1|0
RZ1|105|2|OP10-098|0|41|3|3|0|1|0|0|0
RZ1|CHK|105|2|41|5|0|4|10|0|0|0|1|0
[] Hand: [OP13-084,OP16-093,OP16-093,OP13-091,OP13-084]
[] Board: []
[] Trash: []
[] Life: 4
[] Hand: [PRB02-015,OP16-108,OP16-102,OP16-109,OP16-110]
[] Trash: []
[] Board: []
[] Life: 4
RZ1|106|1|Don|4|9|5|0|1|1|0|0|0
RZ1|CHK|106|1|40|5|0|4|9|1|0|1|1|0
[You] Draw 1 Don
RZ1|107|1|OP13-091|1|3|6|0|1|1|0|0|0
RZ1|CHK|107|1|40|4|0|4|9|1|1|1|1|0
[You] Imu ["OP13-079">OP13-079]: Trash St. Marcus Mars ["OP13-091">OP13-091]
[] Drew card from deck: The Empty Throne ["OP13-099">OP13-099]
RZ1|108|1|OP13-099|0|39|1|4|1|1|0|0|0
RZ1|CHK|108|1|39|5|0|4|9|1|1|1|1|0
[You] Imu ["OP13-079">OP13-079]: Draw 1 Card
[] Hand: [OP13-084,OP16-093,OP16-093,OP13-084,OP13-099]
[] Board: []
[] Trash: [OP13-091]
[] Life: 4
[] Hand: [PRB02-015,OP16-108,OP16-102,OP16-109,OP16-110]
[] Trash: []
[] Board: []
[] Life: 4
[You] End Turn
[] Hand: [PRB02-015,OP16-108,OP16-102,OP16-109,OP16-110]
[] Board: []
[] Trash: []
[] Life: 4
[] Hand: [OP13-084,OP16-093,OP16-093,OP13-084,OP13-099]
[] Trash: [OP13-091]
[] Board: []
[] Life: 4
[Opponent] Draw 1 Card
[] Drew card from deck: Shiryu ["PRB02-015">PRB02-015]
RZ1|109|2|PRB02-015|0|40|1|5|1|1|0|0|0
RZ1|CHK|109|2|40|6|0|4|10|0|0|0|1|0
RZ1|110|2|Don|4|9|5|0|1|1|0|0|0
RZ1|CHK|110|2|40|6|0|4|9|1|0|0|1|0
RZ1|111|2|Don|4|8|5|1|1|1|0|0|0
RZ1|CHK|111|2|40|6|0|4|8|2|0|0|1|0
[Opponent] Draw 2 Don
RZ1|112|2|Don|5|0|5|0|1|1|1|0|0
RZ1|CHK|112|2|40|6|0|4|8|2|0|0|1|0
[Opponent] Deploy Vasco Shot ["OP16-110">OP16-110]
RZ1|113|2|OP16-110|1|4|2|0|1|1|0|0|0
RZ1|CHK|113|2|40|5|1|4|8|2|0|0|1|0
[] Hand: [PRB02-015,OP16-108,OP16-102,OP16-109,PRB02-015]
[] Board: [OP16-110]
[] Trash: []
[] Life: 4
[] Hand: [OP13-084,OP16-093,OP16-093,OP13-084,OP13-099]
[] Trash: [OP13-091]
[] Board: []
[] Life: 4
[Opponent] End Turn
[] Hand: [OP13-084,OP16-093,OP16-093,OP13-084,OP13-099]
[] Board: []
[] Trash: [OP13-091]
[] Life: 4
[] Hand: [PRB02-015,OP16-108,OP16-102,OP16-109,PRB02-015]
[] Trash: []
[] Board: [OP16-110]
[] Life: 4
[You] Draw 1 Card
[] Drew card from deck: Bartholomew Kuma ["OP16-093">OP16-093]
RZ1|114|1|OP16-093|0|38|1|5|1|1|0|0|0
RZ1|CHK|114|1|38|6|0|4|9|1|1|1|1|0
RZ1|115|1|Don|4|8|5|1|1|1|0|0|0
RZ1|CHK|115|1|38|6|0|4|8|2|1|1|1|0
RZ1|116|1|Don|4|7|5|2|1|1|0|0|0
RZ1|CHK|116|1|38|6|0|4|7|3|1|1|1|0
[You] Draw 2 Don
RZ1|117|1|Don|5|0|5|0|1|1|1|0|0
RZ1|CHK|117|1|38|6|0|4|7|3|1|1|1|0
RZ1|118|1|Don|5|1|5|1|1|1|1|0|0
RZ1|CHK|118|1|38|6|0|4|7|3|1|1|1|0
RZ1|119|1|Don|5|2|5|2|1|1|1|0|0
RZ1|CHK|119|1|38|6|0|4|7|3|1|1|1|0
[You] Deploy Bartholomew Kuma ["OP16-093">OP16-093]
RZ1|120|1|OP16-093|1|1|2|0|1|1|0|0|0
RZ1|CHK|120|1|38|5|1|4|7|3|1|1|1|0
[] Drew card from deck: Five Elders ["OP13-082">OP13-082]
RZ1|121|1|OP13-082|0|37|1|5|1|1|0|0|0
RZ1|CHK|121|1|37|6|1|4|7|3|1|1|1|0
[] Drew card from deck: St. Jaygarcia Saturn ["OP13-083">OP13-083]
RZ1|122|1|OP13-083|0|36|1|6|1|1|0|0|0
RZ1|CHK|122|1|36|7|1|4|7|3|1|1|1|0
[You] Bartholomew Kuma ["OP16-093">OP16-093]: Draw 2 Card
RZ1|123|1|OP13-099|1|3|6|1|1|1|0|0|0
RZ1|CHK|123|1|36|6|1|4|7|3|2|1|1|0
[You] Bartholomew Kuma ["OP16-093">OP16-093]: Trash The Empty Throne ["OP13-099">OP13-099]
RZ1|124|1|OP13-082|1|4|6|2|1|1|0|0|0
RZ1|CHK|124|1|36|5|1|4|7|3|3|1|1|0
[You] Bartholomew Kuma ["OP16-093">OP16-093]: Trash Five Elders ["OP13-082">OP13-082]
[You] Bartholomew Kuma ["OP16-093">OP16-093]: Attach 1 Rested Don to Bartholomew Kuma ["OP16-093">OP16-093]
RZ1|125|1|Don|5|0|9|0|1|1|1|0|0
RZ1|CHK|125|1|36|5|1|4|7|2|3|1|1|1
[] Hand: [OP13-084,OP16-093,OP13-084,OP16-093,OP13-083]
[] Board: [OP16-093]
[] Trash: [OP13-091,OP13-099,OP13-082]
[] Life: 4
[] Hand: [PRB02-015,OP16-108,OP16-102,OP16-109,PRB02-015]
[] Trash: []
[] Board: [OP16-110]
[] Life: 4
[You] End Turn
[] Hand: [PRB02-015,OP16-108,OP16-102,OP16-109,PRB02-015]
[] Board: [OP16-110]
[] Trash: []
[] Life: 4
[] Hand: [OP13-084,OP16-093,OP13-084,OP16-093,OP13-083]
[] Trash: [OP13-091,OP13-099,OP13-082]
[] Board: [OP16-093]
[] Life: 4
[Opponent] Draw 1 Card
[] Drew card from deck: Catarina Devon ["OP09-084">OP09-084]
RZ1|126|2|OP09-084|0|39|1|5|1|1|0|0|0
RZ1|CHK|126|2|39|6|1|4|8|2|0|0|1|0
RZ1|127|2|Don|4|7|5|2|1|1|0|0|0
RZ1|CHK|127|2|39|6|1|4|7|3|0|0|1|0
RZ1|128|2|Don|4|6|5|3|1|1|0|0|0
RZ1|CHK|128|2|39|6|1|4|6|4|0|0|1|0
[Opponent] Draw 2 Don
[Opponent] Marshall D. Teach ["OP16-080">OP16-080] attacking Imu ["OP13-079">OP13-079]
[You] Discard Bartholomew Kuma ["OP16-093">OP16-093] for Counter 1000
RZ1|129|1|OP16-093|1|1|6|3|1|1|0|0|0
RZ1|CHK|129|1|36|4|1|4|7|2|4|1|1|1
Marshall D. Teach ["OP16-080">OP16-080][5000] vs Imu ["OP13-079">OP13-079][6000]
Attack Fails
RZ1|130|2|Don|5|0|5|0|1|1|1|0|0
RZ1|CHK|130|2|39|6|1|4|6|4|0|0|1|0
RZ1|131|2|Don|5|1|5|1|1|1|1|0|0
RZ1|CHK|131|2|39|6|1|4|6|4|0|0|1|0
RZ1|132|2|Don|5|2|5|2|1|1|1|0|0
RZ1|CHK|132|2|39|6|1|4|6|4|0|0|1|0
RZ1|133|2|Don|5|3|5|3|1|1|1|0|0
RZ1|CHK|133|2|39|6|1|4|6|4|0|0|1|0
[Opponent] Deploy Shiryu ["PRB02-015">PRB02-015]
RZ1|134|2|PRB02-015|1|4|2|1|1|1|0|0|4
RZ1|CHK|134|2|39|5|2|4|6|4|0|0|1|0
[] Hand: [PRB02-015,OP16-108,OP16-102,OP16-109,OP09-084]
[] Board: [OP16-110,PRB02-015]
[] Trash: []
[] Life: 4
[] Hand: [OP13-084,OP13-084,OP16-093,OP13-083]
[] Trash: [OP13-091,OP13-099,OP13-082,OP16-093]
[] Board: [OP16-093]
[] Life: 4
[Opponent] End Turn
[] Hand: [OP13-084,OP13-084,OP16-093,OP13-083]
[] Board: [OP16-093]
[] Trash: [OP13-091,OP13-099,OP13-082,OP16-093]
[] Life: 4
[] Hand: [PRB02-015,OP16-108,OP16-102,OP16-109,OP09-084]
[] Trash: []
[] Board: [OP16-110,PRB02-015]
[] Life: 4
RZ1|135|1|Don|9|0|5|0|1|1|1|0|0
RZ1|CHK|135|1|36|4|1|4|7|3|4|1|1|0
[You] Draw 1 Card
[] Drew card from deck: Ground Death ["OP14-096">OP14-096]
RZ1|136|1|OP14-096|0|35|1|4|1|1|0|0|0
RZ1|CHK|136|1|35|5|1|4|7|3|4|1|1|0
RZ1|137|1|Don|4|6|5|3|1|1|0|0|0
RZ1|CHK|137|1|35|5|1|4|6|4|4|1|1|0
RZ1|138|1|Don|4|5|5|4|1|1|0|0|0
RZ1|CHK|138|1|35|5|1|4|5|5|4|1|1|0
[You] Draw 2 Don
RZ1|139|1|Don|5|0|5|0|1|1|1|0|0
RZ1|CHK|139|1|35|5|1|4|5|5|4|1|1|0
RZ1|140|1|Don|5|1|5|1|1|1|1|0|0
RZ1|CHK|140|1|35|5|1|4|5|5|4|1|1|0
RZ1|141|1|Don|5|2|5|2|1|1|1|0|0
RZ1|CHK|141|1|35|5|1|4|5|5|4|1|1|0
[You] Deploy Bartholomew Kuma ["OP16-093">OP16-093]
RZ1|142|1|OP16-093|1|2|2|1|1|1|0|0|0
RZ1|CHK|142|1|35|4|2|4|5|5|4|1|1|0
[] Drew card from deck: ...Never Existed... ["OP13-098">OP13-098]
RZ1|143|1|OP13-098|0|34|1|4|1|1|0|0|0
RZ1|CHK|143|1|34|5|2|4|5|5|4|1|1|0
[] Drew card from deck: St. Jaygarcia Saturn ["OP13-083">OP13-083]
RZ1|144|1|OP13-083|0|33|1|5|1|1|0|0|0
RZ1|CHK|144|1|33|6|2|4|5|5|4|1|1|0
[You] Bartholomew Kuma ["OP16-093">OP16-093]: Draw 2 Card
RZ1|145|1|OP14-096|1|3|6|4|1|1|0|0|0
RZ1|CHK|145|1|33|5|2|4|5|5|5|1|1|0
[You] Bartholomew Kuma ["OP16-093">OP16-093]: Trash Ground Death ["OP14-096">OP14-096]
RZ1|146|1|OP13-084|1|0|6|5|1|1|0|0|0
RZ1|CHK|146|1|33|4|2|4|5|5|6|1|1|0
[You] Bartholomew Kuma ["OP16-093">OP16-093]: Trash St. Shepherd Ju Peter ["OP13-084">OP13-084]
[You] Bartholomew Kuma ["OP16-093">OP16-093]: Attach 1 Rested Don to Bartholomew Kuma ["OP16-093">OP16-093]
RZ1|147|1|Don|5|0|9|0|1|1|1|0|0
RZ1|CHK|147|1|33|4|2|4|5|4|6|1|1|1
[] Hand: [OP13-084,OP13-083,OP13-098,OP13-083]
[] Board: [OP16-093,OP16-093]
[] Trash: [OP13-091,OP13-099,OP13-082,OP16-093,OP14-096,OP13-084]
[] Life: 4
[] Hand: [PRB02-015,OP16-108,OP16-102,OP16-109,OP09-084]
[] Trash: []
[] Board: [OP16-110,PRB02-015]
[] Life: 4
[You] End Turn
[] Hand: [PRB02-015,OP16-108,OP16-102,OP16-109,OP09-084]
[] Board: [OP16-110,PRB02-015]
[] Trash: []
[] Life: 4
[] Hand: [OP13-084,OP13-083,OP13-098,OP13-083]
[] Trash: [OP13-091,OP13-099,OP13-082,OP16-093,OP14-096,OP13-084]
[] Board: [OP16-093,OP16-093]
[] Life: 4
[Opponent] Draw 1 Card
[] Drew card from deck: Marshall D. Teach ["P-100">P-100]
RZ1|148|2|P-100|0|38|1|5|1|1|0|0|0
RZ1|CHK|148|2|38|6|2|4|6|4|0|0|1|0
RZ1|149|2|Don|4|5|5|4|1|1|0|0|0
RZ1|CHK|149|2|38|6|2|4|5|5|0|0|1|0
RZ1|150|2|Don|4|4|5|5|1|1|0|0|0
RZ1|CHK|150|2|38|6|2|4|4|6|0|0|1|0
[Opponent] Draw 2 Don
[Opponent] Attach 1 Don to Marshall D. Teach ["OP16-080">OP16-080] (1 Total)
RZ1|151|2|Don|5|5|9|9900|1|1|0|0|0
RZ1|CHK|151|2|38|6|2|4|4|5|0|0|1|1
[Opponent] Marshall D. Teach ["OP16-080">OP16-080] attacking Imu ["OP13-079">OP13-079]
Marshall D. Teach ["OP16-080">OP16-080][6000] vs Imu ["OP13-079">OP13-079][5000]
Imu ["OP13-079">OP13-079] hit for 1 damage
RZ1|152|1|OP13-096|3|3|1|4|1|1|0|0|0
RZ1|CHK|152|1|33|5|2|3|5|4|6|1|1|1
RZ1|153|2|Don|5|0|5|0|1|1|1|0|0
RZ1|CHK|153|2|38|6|2|4|4|5|0|0|1|1
RZ1|154|2|Don|5|1|5|1|1|1|1|0|0
RZ1|CHK|154|2|38|6|2|4|4|5|0|0|1|1
RZ1|155|2|Don|5|2|5|2|1|1|1|0|0
RZ1|CHK|155|2|38|6|2|4|4|5|0|0|1|1
RZ1|156|2|Don|5|3|5|3|1|1|1|0|0
RZ1|CHK|156|2|38|6|2|4|4|5|0|0|1|1
RZ1|157|2|Don|5|4|5|4|1|1|1|0|0
RZ1|CHK|157|2|38|6|2|4|4|5|0|0|1|1
[Opponent] Deploy Catarina Devon ["OP09-084">OP09-084]
RZ1|158|2|OP09-084|1|4|2|2|1|1|0|0|0
RZ1|CHK|158|2|38|5|3|4|4|5|0|0|1|1
[] Hand: [PRB02-015,OP16-108,OP16-102,OP16-109,P-100]
[] Board: [OP16-110,PRB02-015,OP09-084]
[] Trash: []
[] Life: 4
[] Hand: [OP13-084,OP13-083,OP13-098,OP13-083,OP13-096]
[] Trash: [OP13-091,OP13-099,OP13-082,OP16-093,OP14-096,OP13-084]
[] Board: [OP16-093,OP16-093]
[] Life: 3
[Opponent] End Turn
[] Hand: [OP13-084,OP13-083,OP13-098,OP13-083,OP13-096]
[] Board: [OP16-093,OP16-093]
[] Trash: [OP13-091,OP13-099,OP13-082,OP16-093,OP14-096,OP13-084]
[] Life: 3
[] Hand: [PRB02-015,OP16-108,OP16-102,OP16-109,P-100]
[] Trash: []
[] Board: [OP16-110,PRB02-015,OP09-084]
[] Life: 4
RZ1|159|1|Don|9|0|5|0|1|1|1|0|0
RZ1|CHK|159|1|33|5|2|3|5|5|6|1|1|0
[You] Draw 1 Card
[] Drew card from deck: St. Marcus Mars ["OP13-091">OP13-091]
RZ1|160|1|OP13-091|0|32|1|5|1|1|0|0|0
RZ1|CHK|160|1|32|6|2|3|5|5|6|1|1|0
RZ1|161|1|Don|4|4|5|5|1|1|0|0|0
RZ1|CHK|161|1|32|6|2|3|4|6|6|1|1|0
RZ1|162|1|Don|4|3|5|6|1|1|0|0|0
RZ1|CHK|162|1|32|6|2|3|3|7|6|1|1|0
[You] Draw 2 Don
RZ1|163|1|Don|5|0|5|0|1|1|1|0|0
RZ1|CHK|163|1|32|6|2|3|3|7|6|1|1|0
RZ1|164|1|Don|5|1|5|1|1|1|1|0|0
RZ1|CHK|164|1|32|6|2|3|3|7|6|1|1|0
RZ1|165|1|Don|5|2|5|2|1|1|1|0|0
RZ1|CHK|165|1|32|6|2|3|3|7|6|1|1|0
RZ1|166|1|Don|5|3|5|3|1|1|1|0|0
RZ1|CHK|166|1|32|6|2|3|3|7|6|1|1|0
RZ1|167|1|Don|5|4|5|4|1|1|1|0|0
RZ1|CHK|167|1|32|6|2|3|3|7|6|1|1|0
[You] Deploy St. Marcus Mars ["OP13-091">OP13-091]
RZ1|168|1|OP13-091|1|5|2|2|1|1|0|0|0
RZ1|CHK|168|1|32|5|3|3|3|7|6|1|1|0
[You] The Five Elders... Are At Your Service ["OP13-096">OP13-096]: Rest 1 Don
RZ1|169|1|Don|5|5|5|5|1|1|1|0|0
RZ1|CHK|169|1|32|5|3|3|3|7|6|1|1|0
RZ1|170|1|OP13-096|1|4|6|6|1|1|0|0|0
RZ1|CHK|170|1|32|4|3|3|3|7|7|1|1|0
RZ1|171|1|OP13-089|0|30|1|4|1|1|0|0|0
RZ1|CHK|171|1|31|5|3|3|3|7|7|1|1|0
[You] The Five Elders... Are At Your Service ["OP13-096">OP13-096]: <b>Reveal and Draw St. Topman Warcury ["OP13-089">OP13-089]</b>
[You] The Five Elders... Are At Your Service ["OP13-096">OP13-096]: Trash 2 Remaining Cards
RZ1|172|1|OP13-096|0|30|6|7|1|1|0|0|0
RZ1|CHK|172|1|30|5|3|3|3|7|8|1|1|0
RZ1|173|1|OP13-096|0|29|6|8|1|1|0|0|0
RZ1|CHK|173|1|29|5|3|3|3|7|9|1|1|0
[] Hand: [OP13-084,OP13-083,OP13-098,OP13-083,OP13-089]
[] Board: [OP16-093,OP16-093,OP13-091]
[] Trash: [OP13-091,OP13-099,OP13-082,OP16-093,OP14-096,OP13-084,OP13-096,OP13-096,OP13-096]
[] Life: 3
[] Hand: [PRB02-015,OP16-108,OP16-102,OP16-109,P-100]
[] Trash: []
[] Board: [OP16-110,PRB02-015,OP09-084]
[] Life: 4
[You] End Turn
[] Hand: [PRB02-015,OP16-108,OP16-102,OP16-109,P-100]
[] Board: [OP16-110,PRB02-015,OP09-084]
[] Trash: []
[] Life: 4
[] Hand: [OP13-084,OP13-083,OP13-098,OP13-083,OP13-089]
[] Trash: [OP13-091,OP13-099,OP13-082,OP16-093,OP14-096,OP13-084,OP13-096,OP13-096,OP13-096]
[] Board: [OP16-093,OP16-093,OP13-091]
[] Life: 3
RZ1|174|2|Don|9|9900|5|0|1|1|1|0|0
RZ1|CHK|174|2|38|5|3|4|4|6|0|0|1|0
[Opponent] Draw 1 Card
[] Drew card from deck: Jesus Burgess ["OP16-107">OP16-107]
RZ1|175|2|OP16-107|0|37|1|5|1|1|0|0|0
RZ1|CHK|175|2|37|6|3|4|4|6|0|0|1|0
RZ1|176|2|Don|4|3|5|6|1|1|0|0|0
RZ1|CHK|176|2|37|6|3|4|3|7|0|0|1|0
RZ1|177|2|Don|4|2|5|7|1|1|0|0|0
RZ1|CHK|177|2|37|6|3|4|2|8|0|0|1|0
[Opponent] Draw 2 Don
RZ1|178|2|Don|5|0|5|0|1|1|1|0|0
RZ1|CHK|178|2|37|6|3|4|2|8|0|0|1|0
RZ1|179|2|Don|5|1|5|1|1|1|1|0|0
RZ1|CHK|179|2|37|6|3|4|2|8|0|0|1|0
RZ1|180|2|Don|5|2|5|2|1|1|1|0|0
RZ1|CHK|180|2|37|6|3|4|2|8|0|0|1|0
[Opponent] Deploy Jesus Burgess ["OP16-107">OP16-107]
RZ1|181|2|OP16-107|1|5|2|3|1|1|0|0|0
RZ1|CHK|181|2|37|5|4|4|2|8|0|0|1|0
[Opponent] Attach 2 Don to Marshall D. Teach ["OP16-080">OP16-080] (2 Total)
RZ1|182|2|Don|5|3|9|9900|1|1|0|0|0
RZ1|CHK|182|2|37|5|4|4|2|7|0|0|1|1
RZ1|183|2|Don|5|3|9|9901|1|1|0|0|0
RZ1|CHK|183|2|37|5|4|4|2|6|0|0|1|2
[Opponent] Marshall D. Teach ["OP16-080">OP16-080] attacking Imu ["OP13-079">OP13-079]
[You] St. Marcus Mars ["OP13-091">OP13-091] Blocks
Marshall D. Teach ["OP16-080">OP16-080][7000] vs St. Marcus Mars ["OP13-091">OP13-091][5000]
[You] St. Marcus Mars ["OP13-091">OP13-091] Destroyed
RZ1|184|1|OP13-091|2|2|6|9|1|1|0|0|0
RZ1|CHK|184|1|29|5|2|3|3|7|10|1|1|0
[Opponent] Catarina Devon ["OP09-084">OP09-084] Gains Double Attack
[Opponent] Attach 3 Don to Catarina Devon ["OP09-084">OP09-084] (3 Total)
RZ1|185|2|Don|5|5|9|200|1|1|0|0|0
RZ1|CHK|185|2|37|5|4|4|2|5|0|0|1|3
RZ1|186|2|Don|5|4|9|201|1|1|0|0|0
RZ1|CHK|186|2|37|5|4|4|2|4|0|0|1|4
RZ1|187|2|Don|5|3|9|202|1|1|0|0|0
RZ1|CHK|187|2|37|5|4|4|2|3|0|0|1|5
[Opponent] Catarina Devon ["OP09-084">OP09-084] attacking Imu ["OP13-079">OP13-079]
Catarina Devon ["OP09-084">OP09-084][9000] vs Imu ["OP13-079">OP13-079][5000]
Imu ["OP13-079">OP13-079] hit for 2 damage
RZ1|188|1|OP14-096|3|2|1|5|1|1|0|0|0
RZ1|CHK|188|1|29|6|2|2|3|7|10|1|1|0
RZ1|189|1|OP13-080|3|1|1|6|1|1|0|0|0
RZ1|CHK|189|1|29|7|2|1|3|7|10|1|1|0
[] Hand: [PRB02-015,OP16-108,OP16-102,OP16-109,P-100]
[] Board: [OP16-110,PRB02-015,OP09-084,OP16-107]
[] Trash: []
[] Life: 4
[] Hand: [OP13-084,OP13-083,OP13-098,OP13-083,OP13-089,OP14-096,OP13-080]
[] Trash: [OP13-091,OP13-099,OP13-082,OP16-093,OP14-096,OP13-084,OP13-096,OP13-096,OP13-096,OP13-091]
[] Board: [OP16-093,OP16-093]
[] Life: 1
[Opponent] End Turn
[] Hand: [OP13-084,OP13-083,OP13-098,OP13-083,OP13-089,OP14-096,OP13-080]
[] Board: [OP16-093,OP16-093]
[] Trash: [OP13-091,OP13-099,OP13-082,OP16-093,OP14-096,OP13-084,OP13-096,OP13-096,OP13-096,OP13-091]
[] Life: 1
[] Hand: [PRB02-015,OP16-108,OP16-102,OP16-109,P-100]
[] Trash: []
[] Board: [OP16-110,PRB02-015,OP09-084,OP16-107]
[] Life: 4
[You] Draw 1 Card
[] Drew card from deck: Bartholomew Kuma ["OP16-093">OP16-093]
RZ1|190|1|OP16-093|0|28|1|7|1|1|0|0|0
RZ1|CHK|190|1|28|8|2|1|3|7|10|1|1|0
RZ1|191|1|Don|4|2|5|7|1|1|0|0|0
RZ1|CHK|191|1|28|8|2|1|2|8|10|1|1|0
RZ1|192|1|Don|4|1|5|8|1|1|0|0|0
RZ1|CHK|192|1|28|8|2|1|1|9|10|1|1|0
[You] Draw 2 Don
RZ1|193|1|Don|5|0|9|9900|1|1|0|0|0
RZ1|CHK|193|1|28|8|2|1|1|8|10|1|1|1
[You] Imu ["OP13-079">OP13-079] attacking Catarina Devon ["OP09-084">OP09-084]
RZ1|194|2|OP16-109|1|3|6|0|1|1|0|0|0
RZ1|CHK|194|2|37|4|4|4|2|3|1|0|1|5
[Opponent] Marshall D. Teach ["OP16-080">OP16-080]: Trash Doc Q ["OP16-109">OP16-109]
[Opponent] Marshall D. Teach ["OP16-080">OP16-080]: Target of Attack changed to Vasco Shot ["OP16-110">OP16-110]
Imu ["OP13-079">OP13-079][6000] vs Vasco Shot ["OP16-110">OP16-110][2000]
[Opponent] Vasco Shot ["OP16-110">OP16-110] Destroyed
RZ1|195|2|OP16-110|2|0|6|1|1|1|0|0|0
RZ1|CHK|195|2|37|4|3|4|2|3|2|0|1|5
[] Drew card from deck: Marshall D. Teach ["OP09-093">OP09-093]
RZ1|196|2|OP09-093|0|36|1|4|1|1|0|0|0
RZ1|CHK|196|2|36|5|3|4|2|3|2|0|1|5
[Opponent] Vasco Shot ["OP16-110">OP16-110]: Draw 1 Card
[Opponent] Vasco Shot ["OP16-110">OP16-110]: Rest Bartholomew Kuma ["OP16-093">OP16-093]
RZ1|197|1|Don|5|0|9|100|1|1|0|0|0
RZ1|CHK|197|1|28|8|2|1|1|7|10|1|1|2
RZ1|198|1|Don|5|0|9|101|1|1|0|0|0
RZ1|CHK|198|1|28|8|2|1|1|6|10|1|1|3
[You] Bartholomew Kuma ["OP16-093">OP16-093] attacking Catarina Devon ["OP09-084">OP09-084]
[Opponent] Shiryu ["PRB02-015">PRB02-015] Blocks
Bartholomew Kuma ["OP16-093">OP16-093][6000] vs Shiryu ["PRB02-015">PRB02-015][5000]
[Opponent] Shiryu ["PRB02-015">PRB02-015] Destroyed
RZ1|199|2|PRB02-015|2|0|6|2|1|1|0|0|0
RZ1|CHK|199|2|36|5|2|4|2|3|3|0|1|5
[Opponent] Shiryu ["PRB02-015">PRB02-015]: Destroy Bartholomew Kuma ["OP16-093">OP16-093]
RZ1|200|1|OP16-093|2|0|6|10|1|1|0|0|0
RZ1|CHK|200|1|28|8|1|1|1|6|11|1|1|3
RZ1|201|1|Don|5|0|5|0|1|1|1|0|0
RZ1|CHK|201|1|28|8|1|1|1|6|11|1|1|3
RZ1|202|1|Don|5|1|5|1|1|1|1|0|0
RZ1|CHK|202|1|28|8|1|1|1|6|11|1|1|3
RZ1|203|1|Don|5|2|5|2|1|1|1|0|0
RZ1|CHK|203|1|28|8|1|1|1|6|11|1|1|3
[You] Deploy St. Topman Warcury ["OP13-089">OP13-089]
RZ1|204|1|OP13-089|1|4|2|1|1|1|0|0|0
RZ1|CHK|204|1|28|7|2|1|1|6|11|1|1|3
[You] Ground Death ["OP14-096">OP14-096]: Rest 1 Don
RZ1|205|1|Don|5|3|5|3|1|1|1|0|0
RZ1|CHK|205|1|28|7|2|1|1|6|11|1|1|3
RZ1|206|1|OP14-096|1|4|6|11|1|1|0|0|0
RZ1|CHK|206|1|28|6|2|1|1|6|12|1|1|3
[] Hand: [OP13-084,OP13-083,OP13-098,OP13-083,OP13-080,OP16-093]
[] Board: [OP16-093,OP13-089]
[] Trash: [OP13-091,OP13-099,OP13-082,OP16-093,OP14-096,OP13-084,OP13-096,OP13-096,OP13-096,OP13-091,OP16-093,OP14-096]
[] Life: 1
[] Hand: [PRB02-015,OP16-108,OP16-102,P-100,OP09-093]
[] Trash: [OP16-109,OP16-110,PRB02-015]
[] Board: [OP09-084,OP16-107]
[] Life: 4
[You] End Turn
[] Hand: [PRB02-015,OP16-108,OP16-102,P-100,OP09-093]
[] Board: [OP09-084,OP16-107]
[] Trash: [OP16-109,OP16-110,PRB02-015]
[] Life: 4
[] Hand: [OP13-084,OP13-083,OP13-098,OP13-083,OP13-080,OP16-093]
[] Trash: [OP13-091,OP13-099,OP13-082,OP16-093,OP14-096,OP13-084,OP13-096,OP13-096,OP13-096,OP13-091,OP16-093,OP14-096]
[] Board: [OP16-093,OP13-089]
[] Life: 1
RZ1|207|2|Don|9|9900|5|0|1|1|1|0|0
RZ1|CHK|207|2|36|5|2|4|2|4|3|0|1|4
RZ1|208|2|Don|9|9900|5|0|1|1|1|0|0
RZ1|CHK|208|2|36|5|2|4|2|5|3|0|1|3
RZ1|209|2|Don|9|0|5|0|1|1|1|0|0
RZ1|CHK|209|2|36|5|2|4|2|6|3|0|1|2
RZ1|210|2|Don|9|0|5|0|1|1|1|0|0
RZ1|CHK|210|2|36|5|2|4|2|7|3|0|1|1
RZ1|211|2|Don|9|0|5|0|1|1|1|0|0
RZ1|CHK|211|2|36|5|2|4|2|8|3|0|1|0
[Opponent] Draw 1 Card
[] Drew card from deck: Laffitte ["OP09-095">OP09-095]
RZ1|212|2|OP09-095|0|35|1|5|1|1|0|0|0
RZ1|CHK|212|2|35|6|2|4|2|8|3|0|1|0
RZ1|213|2|Don|4|1|5|8|1|1|0|0|0
RZ1|CHK|213|2|35|6|2|4|1|9|3|0|1|0
RZ1|214|2|Don|4|0|5|9|1|1|0|0|0
RZ1|CHK|214|2|35|6|2|4|0|10|3|0|1|0
[Opponent] Draw 2 Don
RZ1|215|2|Don|5|0|5|0|1|1|1|0|0
RZ1|CHK|215|2|35|6|2|4|0|10|3|0|1|0
RZ1|216|2|Don|5|1|5|1|1|1|1|0|0
RZ1|CHK|216|2|35|6|2|4|0|10|3|0|1|0
RZ1|217|2|Don|5|2|5|2|1|1|1|0|0
RZ1|CHK|217|2|35|6|2|4|0|10|3|0|1|0
RZ1|218|2|Don|5|3|5|3|1|1|1|0|0
RZ1|CHK|218|2|35|6|2|4|0|10|3|0|1|0
RZ1|219|2|Don|5|4|5|4|1|1|1|0|0
RZ1|CHK|219|2|35|6|2|4|0|10|3|0|1|0
RZ1|220|2|Don|5|5|5|5|1|1|1|0|0
RZ1|CHK|220|2|35|6|2|4|0|10|3|0|1|0
RZ1|221|2|Don|5|6|5|6|1|1|1|0|0
RZ1|CHK|221|2|35|6|2|4|0|10|3|0|1|0
RZ1|222|2|Don|5|7|5|7|1|1|1|0|0
RZ1|CHK|222|2|35|6|2|4|0|10|3|0|1|0
RZ1|223|2|Don|5|8|5|8|1|1|1|0|0
RZ1|CHK|223|2|35|6|2|4|0|10|3|0|1|0
RZ1|224|2|Don|5|9|5|9|1|1|1|0|0
RZ1|CHK|224|2|35|6|2|4|0|10|3|0|1|0
[Opponent] Deploy Marshall D. Teach ["OP09-093">OP09-093]
RZ1|225|2|OP09-093|1|4|2|2|1|1|0|0|0
RZ1|CHK|225|2|35|5|3|4|0|10|3|0|1|0
[Opponent] Marshall D. Teach ["OP09-093">OP09-093]: Nullify effects of Imu ["OP13-079">OP13-079]
[Opponent] Marshall D. Teach ["OP09-093">OP09-093]: St. Topman Warcury ["OP13-089">OP13-089] can't attack next turn
[Opponent] Marshall D. Teach ["OP09-093">OP09-093]: Nullify effects of St. Topman Warcury ["OP13-089">OP13-089] until next turn end!
[Opponent] Jesus Burgess ["OP16-107">OP16-107] attacking Imu ["OP13-079">OP13-079]
[You] Discard St. Jaygarcia Saturn ["OP13-083">OP13-083] for Counter 1000
RZ1|226|1|OP13-083|1|1|6|12|1|1|0|0|0
RZ1|CHK|226|1|28|5|2|1|1|6|13|1|1|3
Jesus Burgess ["OP16-107">OP16-107][5000] vs Imu ["OP13-079">OP13-079][6000]
Attack Fails
[Opponent] Catarina Devon ["OP09-084">OP09-084]: Give Catarina Devon ["OP09-084">OP09-084] Banish
[Opponent] Catarina Devon ["OP09-084">OP09-084] attacking Imu ["OP13-079">OP13-079]
[You] Discard St. Jaygarcia Saturn ["OP13-083">OP13-083] for Counter 1000
RZ1|227|1|OP13-083|1|2|6|13|1|1|0|0|0
RZ1|CHK|227|1|28|4|2|1|1|6|14|1|1|3
[You] Discard Bartholomew Kuma ["OP16-093">OP16-093] for Counter 1000
RZ1|228|1|OP16-093|1|3|6|14|1|1|0|0|0
RZ1|CHK|228|1|28|3|2|1|1|6|15|1|1|3
Catarina Devon ["OP09-084">OP09-084][6000] vs Imu ["OP13-079">OP13-079][7000]
Attack Fails
[Opponent] Marshall D. Teach ["OP16-080">OP16-080] attacking Imu ["OP13-079">OP13-079]
[You] Discard St. Ethanbaron V. Nusjuro ["OP13-080">OP13-080] for Counter 1000
RZ1|229|1|OP13-080|1|2|6|15|1|1|0|0|0
RZ1|CHK|229|1|28|2|2|1|1|6|16|1|1|3
Marshall D. Teach ["OP16-080">OP16-080][5000] vs Imu ["OP13-079">OP13-079][6000]
Attack Fails
[Opponent] Imu ["OP13-079">OP13-079] no longer nullified
[] Hand: [PRB02-015,OP16-108,OP16-102,P-100,OP09-095]
[] Board: [OP09-084,OP16-107,OP09-093]
[] Trash: [OP16-109,OP16-110,PRB02-015]
[] Life: 4
[] Hand: [OP13-084,OP13-098]
[] Trash: [OP13-091,OP13-099,OP13-082,OP16-093,OP14-096,OP13-084,OP13-096,OP13-096,OP13-096,OP13-091,OP16-093,OP14-096,OP13-083,OP13-083,OP16-093,OP13-080]
[] Board: [OP16-093,OP13-089]
[] Life: 1
[Opponent] End Turn
[] Hand: [OP13-084,OP13-098]
[] Board: [OP16-093,OP13-089]
[] Trash: [OP13-091,OP13-099,OP13-082,OP16-093,OP14-096,OP13-084,OP13-096,OP13-096,OP13-096,OP13-091,OP16-093,OP14-096,OP13-083,OP13-083,OP16-093,OP13-080]
[] Life: 1
[] Hand: [PRB02-015,OP16-108,OP16-102,P-100,OP09-095]
[] Trash: [OP16-109,OP16-110,PRB02-015]
[] Board: [OP09-084,OP16-107,OP09-093]
[] Life: 4
RZ1|230|1|Don|9|9900|5|0|1|1|1|0|0
RZ1|CHK|230|1|28|2|2|1|1|7|16|1|1|2
RZ1|231|1|Don|9|0|5|0|1|1|1|0|0
RZ1|CHK|231|1|28|2|2|1|1|8|16|1|1|1
RZ1|232|1|Don|9|0|5|0|1|1|1|0|0
RZ1|CHK|232|1|28|2|2|1|1|9|16|1|1|0
[You] Draw 1 Card
[] Drew card from deck: St. Topman Warcury ["OP13-089">OP13-089]
RZ1|233|1|OP13-089|0|27|1|2|1|1|0|0|0
RZ1|CHK|233|1|27|3|2|1|1|9|16|1|1|0
RZ1|234|1|Don|4|0|5|9|1|1|0|0|0
RZ1|CHK|234|1|27|3|2|1|0|10|16|1|1|0
[You] Draw 2 Don
RZ1|235|1|Don|5|0|9|9900|1|1|0|0|0
RZ1|CHK|235|1|27|3|2|1|0|9|16|1|1|1
[You] Imu ["OP13-079">OP13-079] attacking Catarina Devon ["OP09-084">OP09-084]
RZ1|236|2|OP16-102|1|2|6|3|1|1|0|0|0
RZ1|CHK|236|2|35|4|3|4|0|10|4|0|1|0
[Opponent] Marshall D. Teach ["OP16-080">OP16-080]: Trash Avalo Pizarro ["OP16-102">OP16-102]
[Opponent] Marshall D. Teach ["OP16-080">OP16-080]: Target of Attack changed to Jesus Burgess ["OP16-107">OP16-107]
Imu ["OP13-079">OP13-079][6000] vs Jesus Burgess ["OP16-107">OP16-107][5000]
[Opponent] Jesus Burgess ["OP16-107">OP16-107] Destroyed
RZ1|237|2|OP16-107|2|1|6|4|1|1|0|0|0
RZ1|CHK|237|2|35|4|2|4|0|10|5|0|1|0
[Opponent] Jesus Burgess ["OP16-107">OP16-107]: Send 1 Life to Hand
RZ1|238|1|OP13-083|3|0|1|3|1|1|0|0|0
RZ1|CHK|238|1|27|4|2|0|0|9|16|1|1|1
RZ1|239|1|Don|5|0|9|0|1|1|0|0|0
RZ1|CHK|239|1|27|4|2|0|0|8|16|1|1|2
RZ1|240|1|Don|5|0|9|1|1|1|0|0|0
RZ1|CHK|240|1|27|4|2|0|0|7|16|1|1|3
[You] Bartholomew Kuma ["OP16-093">OP16-093] attacking Catarina Devon ["OP09-084">OP09-084]
[Opponent] Discard Laffitte ["OP09-095">OP09-095] for Counter 1000
RZ1|241|2|OP09-095|1|3|6|5|1|1|0|0|0
RZ1|CHK|241|2|35|3|2|4|0|10|6|0|1|0
Bartholomew Kuma ["OP16-093">OP16-093][6000] vs Catarina Devon ["OP09-084">OP09-084][7000]
Attack Fails
RZ1|242|1|Don|5|0|9|100|1|1|0|0|0
RZ1|CHK|242|1|27|4|2|0|0|6|16|1|1|4
[You] St. Topman Warcury ["OP13-089">OP13-089] attacking Catarina Devon ["OP09-084">OP09-084]
[Opponent] Marshall D. Teach ["OP09-093">OP09-093] Blocks
St. Topman Warcury ["OP13-089">OP13-089][6000] vs Marshall D. Teach ["OP09-093">OP09-093][12000]
Attack Fails
RZ1|243|1|Don|5|0|5|0|1|1|1|0|0
RZ1|CHK|243|1|27|4|2|0|0|6|16|1|1|4
RZ1|244|1|Don|5|1|5|1|1|1|1|0|0
RZ1|CHK|244|1|27|4|2|0|0|6|16|1|1|4
RZ1|245|1|Don|5|2|5|2|1|1|1|0|0
RZ1|CHK|245|1|27|4|2|0|0|6|16|1|1|4
[You] Deploy St. Topman Warcury ["OP13-089">OP13-089]
RZ1|246|1|OP13-089|1|2|2|2|1|1|0|0|0
RZ1|CHK|246|1|27|3|3|0|0|6|16|1|1|4
[You] St. Topman Warcury ["OP13-089">OP13-089] is no longer blocked from attacking
[You] St. Topman Warcury ["OP13-089">OP13-089] no longer nullified
[] Hand: [OP13-084,OP13-098,OP13-083]
[] Board: [OP16-093,OP13-089,OP13-089]
[] Trash: [OP13-091,OP13-099,OP13-082,OP16-093,OP14-096,OP13-084,OP13-096,OP13-096,OP13-096,OP13-091,OP16-093,OP14-096,OP13-083,OP13-083,OP16-093,OP13-080]
[] Life: 0
[] Hand: [PRB02-015,OP16-108,P-100]
[] Trash: [OP16-109,OP16-110,PRB02-015,OP16-102,OP16-107,OP09-095]
[] Board: [OP09-084,OP09-093]
[] Life: 4
[You] End Turn
[] Hand: [PRB02-015,OP16-108,P-100]
[] Board: [OP09-084,OP09-093]
[] Trash: [OP16-109,OP16-110,PRB02-015,OP16-102,OP16-107,OP09-095]
[] Life: 4
[] Hand: [OP13-084,OP13-098,OP13-083]
[] Trash: [OP13-091,OP13-099,OP13-082,OP16-093,OP14-096,OP13-084,OP13-096,OP13-096,OP13-096,OP13-091,OP16-093,OP14-096,OP13-083,OP13-083,OP16-093,OP13-080]
[] Board: [OP16-093,OP13-089,OP13-089]
[] Life: 0
[Opponent] Draw 1 Card
[] Drew card from deck: Vasco Shot ["OP16-110">OP16-110]
RZ1|247|2|OP16-110|0|34|1|3|1|1|0|0|0
RZ1|CHK|247|2|34|4|2|4|0|10|6|0|1|0
[Opponent] Attach 1 Don to Marshall D. Teach ["OP16-080">OP16-080] (1 Total)
RZ1|248|2|Don|5|9|9|9900|1|1|0|0|0
RZ1|CHK|248|2|34|4|2|4|0|9|6|0|1|1
[Opponent] Attach 1 Don to Marshall D. Teach ["OP16-080">OP16-080] (2 Total)
RZ1|249|2|Don|5|8|9|9901|1|1|0|0|0
RZ1|CHK|249|2|34|4|2|4|0|8|6|0|1|2
[Opponent] Marshall D. Teach ["OP16-080">OP16-080] attacking Imu ["OP13-079">OP13-079]
[You] St. Topman Warcury ["OP13-089">OP13-089] Blocks
[You] Discard St. Jaygarcia Saturn ["OP13-083">OP13-083] for Counter 1000
RZ1|250|1|OP13-083|1|2|6|16|1|1|0|0|0
RZ1|CHK|250|1|27|2|3|0|0|6|17|1|1|4
[You] Discard St. Shepherd Ju Peter ["OP13-084">OP13-084] for Counter 2000
RZ1|251|1|OP13-084|1|0|6|17|1|1|0|0|0
RZ1|CHK|251|1|27|1|3|0|0|6|18|1|1|4
Marshall D. Teach ["OP16-080">OP16-080][7000] vs St. Topman Warcury ["OP13-089">OP13-089][8000]
Attack Fails
[Opponent] Attach 1 Don to Catarina Devon ["OP09-084">OP09-084] (1 Total)
RZ1|252|2|Don|5|7|9|0|1|1|0|0|0
RZ1|CHK|252|2|34|4|2|4|0|7|6|0|1|3
[Opponent] Attach 1 Don to Catarina Devon ["OP09-084">OP09-084] (2 Total)
RZ1|253|2|Don|5|6|9|1|1|1|0|0|0
RZ1|CHK|253|2|34|4|2|4|0|6|6|0|1|4
[Opponent] Attach 1 Don to Catarina Devon ["OP09-084">OP09-084] (3 Total)
RZ1|254|2|Don|5|5|9|2|1|1|0|0|0
RZ1|CHK|254|2|34|4|2|4|0|5|6|0|1|5
[Opponent] Catarina Devon ["OP09-084">OP09-084] attacking Imu ["OP13-079">OP13-079]
Catarina Devon ["OP09-084">OP09-084][9000] vs Imu ["OP13-079">OP13-079][5000]
Imu ["OP13-079">OP13-079] hit for 1 damage
[You] <b>Downloaded the Combat Log!</b>
GameOver
