Version is 1.41b.20
[You] Leader is Imu ["OP13-079">OP13-079]
[Opponent] Leader is Eustass "Captain" Kid ["OP10-099">OP10-099]
RZ1|9|2|OP10-114|0|13|0|0|0|0|0|0|0
RZ1|CHK|9|2|50|0|0|0|10|0|0|0|1|0
RZ1|10|2|ST36-004|0|7|0|1|0|0|0|0|0
RZ1|CHK|10|2|50|0|0|0|10|0|0|0|1|0
RZ1|11|2|OP10-119|0|37|0|2|0|0|0|0|0
RZ1|CHK|11|2|50|0|0|0|10|0|0|0|1|0
RZ1|12|2|ST36-004|0|10|0|3|0|0|0|0|0
RZ1|CHK|12|2|50|0|0|0|10|0|0|0|1|0
RZ1|13|2|OP10-109|0|20|0|4|0|0|0|0|0
RZ1|CHK|13|2|50|0|0|0|10|0|0|0|1|0
RZ1|14|2|P-088|0|22|0|5|0|0|0|0|0
RZ1|CHK|14|2|50|0|0|0|10|0|0|0|1|0
RZ1|15|2|P-088|0|25|0|6|0|0|0|0|0
RZ1|CHK|15|2|50|0|0|0|10|0|0|0|1|0
RZ1|16|2|OP10-112|0|39|0|7|0|0|0|0|0
RZ1|CHK|16|2|50|0|0|0|10|0|0|0|1|0
RZ1|17|2|OP11-101|0|15|0|8|0|0|0|0|0
RZ1|CHK|17|2|50|0|0|0|10|0|0|0|1|0
RZ1|18|2|ST36-005|0|35|0|9|0|0|0|0|0
RZ1|CHK|18|2|50|0|0|0|10|0|0|0|1|0
RZ1|19|2|ST36-002|0|29|0|10|0|0|0|0|0
RZ1|CHK|19|2|50|0|0|0|10|0|0|0|1|0
RZ1|20|2|OP13-116|0|46|0|11|0|0|0|0|0
RZ1|CHK|20|2|50|0|0|0|10|0|0|0|1|0
RZ1|21|2|OP12-117|0|44|0|12|0|0|0|0|0
RZ1|CHK|21|2|50|0|0|0|10|0|0|0|1|0
RZ1|22|2|OP10-112|0|42|0|13|0|0|0|0|0
RZ1|CHK|22|2|50|0|0|0|10|0|0|0|1|0
RZ1|23|2|ST36-002|0|33|0|14|0|0|0|0|0
RZ1|CHK|23|2|50|0|0|0|10|0|0|0|1|0
RZ1|24|2|OP10-119|0|40|0|15|0|0|0|0|0
RZ1|CHK|24|2|50|0|0|0|10|0|0|0|1|0
RZ1|25|2|EB04-059|0|49|0|16|0|0|0|0|0
RZ1|CHK|25|2|50|0|0|0|10|0|0|0|1|0
RZ1|26|2|P-088|0|33|0|17|0|0|0|0|0
RZ1|CHK|26|2|50|0|0|0|10|0|0|0|1|0
RZ1|27|2|OP11-101|0|26|0|18|0|0|0|0|0
RZ1|CHK|27|2|50|0|0|0|10|0|0|0|1|0
RZ1|28|2|P-088|0|34|0|19|0|0|0|0|0
RZ1|CHK|28|2|50|0|0|0|10|0|0|0|1|0
RZ1|29|2|OP11-101|0|27|0|20|0|0|0|0|0
RZ1|CHK|29|2|50|0|0|0|10|0|0|0|1|0
RZ1|30|2|OP10-111|0|23|0|21|0|0|0|0|0
RZ1|CHK|30|2|50|0|0|0|10|0|0|0|1|0
RZ1|31|2|OP10-109|0|33|0|22|0|0|0|0|0
RZ1|CHK|31|2|50|0|0|0|10|0|0|0|1|0
RZ1|32|2|OP10-112|0|45|0|23|0|0|0|0|0
RZ1|CHK|32|2|50|0|0|0|10|0|0|0|1|0
RZ1|33|2|OP10-119|0|43|0|24|0|0|0|0|0
RZ1|CHK|33|2|50|0|0|0|10|0|0|0|1|0
RZ1|34|2|ST36-001|0|34|0|25|0|0|0|0|0
RZ1|CHK|34|2|50|0|0|0|10|0|0|0|1|0
RZ1|35|2|OP13-116|0|48|0|26|0|0|0|0|0
RZ1|CHK|35|2|50|0|0|0|10|0|0|0|1|0
RZ1|36|2|OP10-109|0|36|0|27|0|0|0|0|0
RZ1|CHK|36|2|50|0|0|0|10|0|0|0|1|0
RZ1|37|2|ST36-003|0|40|0|28|0|0|0|0|0
RZ1|CHK|37|2|50|0|0|0|10|0|0|0|1|0
RZ1|38|2|OP10-114|0|36|0|29|0|0|0|0|0
RZ1|CHK|38|2|50|0|0|0|10|0|0|0|1|0
RZ1|39|2|ST36-005|0|44|0|30|0|0|0|0|0
RZ1|CHK|39|2|50|0|0|0|10|0|0|0|1|0
RZ1|40|2|ST36-005|0|43|0|31|0|0|0|0|0
RZ1|CHK|40|2|50|0|0|0|10|0|0|0|1|0
RZ1|41|2|ST36-005|0|44|0|32|0|0|0|0|0
RZ1|CHK|41|2|50|0|0|0|10|0|0|0|1|0
RZ1|42|2|OP10-116|0|49|0|33|0|0|0|0|0
RZ1|CHK|42|2|50|0|0|0|10|0|0|0|1|0
RZ1|43|2|OP10-114|0|40|0|34|0|0|0|0|0
RZ1|CHK|43|2|50|0|0|0|10|0|0|0|1|0
RZ1|44|2|OP10-111|0|37|0|35|0|0|0|0|0
RZ1|CHK|44|2|50|0|0|0|10|0|0|0|1|0
RZ1|45|2|OP12-117|0|48|0|37|0|0|0|0|0
RZ1|CHK|45|2|50|0|0|0|10|0|0|0|1|0
RZ1|46|2|OP10-119|0|47|0|38|0|0|0|0|0
RZ1|CHK|46|2|50|0|0|0|10|0|0|0|1|0
RZ1|47|2|ST36-003|0|47|0|39|0|0|0|0|0
RZ1|CHK|47|2|50|0|0|0|10|0|0|0|1|0
RZ1|48|2|OP15-105|0|41|0|40|0|0|0|0|0
RZ1|CHK|48|2|50|0|0|0|10|0|0|0|1|0
RZ1|49|2|ST36-002|0|46|0|41|0|0|0|0|0
RZ1|CHK|49|2|50|0|0|0|10|0|0|0|1|0
RZ1|50|2|OP10-112|0|48|0|42|0|0|0|0|0
RZ1|CHK|50|2|50|0|0|0|10|0|0|0|1|0
RZ1|51|2|OP12-117|0|49|0|43|0|0|0|0|0
RZ1|CHK|51|2|50|0|0|0|10|0|0|0|1|0
RZ1|52|2|ST36-002|0|49|0|44|0|0|0|0|0
RZ1|CHK|52|2|50|0|0|0|10|0|0|0|1|0
RZ1|53|2|ST36-004|0|47|0|46|0|0|0|0|0
RZ1|CHK|53|2|50|0|0|0|10|0|0|0|1|0
RZ1|54|2|OP10-109|0|49|0|48|0|0|0|0|0
RZ1|CHK|54|2|50|0|0|0|10|0|0|0|1|0
RZ1|55|1|OP13-099|0|20|7|0|1|1|0|0|0
RZ1|CHK|55|1|49|0|0|0|10|0|0|1|1|0
[You] Imu ["OP13-079">OP13-079]: Deploy The Empty Throne ["OP13-099">OP13-099]
RZ1|56|1|OP13-091|0|22|0|0|0|0|0|0|0
RZ1|CHK|56|1|49|0|0|0|10|0|0|1|1|0
RZ1|57|1|OP13-092|0|14|0|1|0|0|0|0|0
RZ1|CHK|57|1|49|0|0|0|10|0|0|1|1|0
RZ1|58|1|OP13-082|0|30|0|2|0|0|0|0|0
RZ1|CHK|58|1|49|0|0|0|10|0|0|1|1|0
RZ1|59|1|OP13-098|0|36|0|3|0|0|0|0|0
RZ1|CHK|59|1|49|0|0|0|10|0|0|1|1|0
RZ1|60|1|OP14-096|0|39|0|4|0|0|0|0|0
RZ1|CHK|60|1|49|0|0|0|10|0|0|1|1|0
RZ1|61|1|OP13-089|0|44|0|5|0|0|0|0|0
RZ1|CHK|61|1|49|0|0|0|10|0|0|1|1|0
RZ1|62|1|OP13-098|0|15|0|6|0|0|0|0|0
RZ1|CHK|62|1|49|0|0|0|10|0|0|1|1|0
RZ1|63|1|OP05-097|0|19|0|7|0|0|0|0|0
RZ1|CHK|63|1|49|0|0|0|10|0|0|1|1|0
RZ1|64|1|OP13-086|0|46|0|8|0|0|0|0|0
RZ1|CHK|64|1|49|0|0|0|10|0|0|1|1|0
RZ1|65|1|OP13-086|0|23|0|9|0|0|0|0|0
RZ1|CHK|65|1|49|0|0|0|10|0|0|1|1|0
RZ1|66|1|OP13-083|0|12|0|10|0|0|0|0|0
RZ1|CHK|66|1|49|0|0|0|10|0|0|1|1|0
RZ1|67|1|OP13-082|0|40|0|11|0|0|0|0|0
RZ1|CHK|67|1|49|0|0|0|10|0|0|1|1|0
RZ1|68|1|OP13-089|0|13|0|12|0|0|0|0|0
RZ1|CHK|68|1|49|0|0|0|10|0|0|1|1|0
RZ1|69|1|OP13-086|0|25|0|13|0|0|0|0|0
RZ1|CHK|69|1|49|0|0|0|10|0|0|1|1|0
RZ1|70|1|OP13-082|0|42|0|14|0|0|0|0|0
RZ1|CHK|70|1|49|0|0|0|10|0|0|1|1|0
RZ1|71|1|OP13-083|0|41|0|15|0|0|0|0|0
RZ1|CHK|71|1|49|0|0|0|10|0|0|1|1|0
RZ1|72|1|OP13-089|0|42|0|16|0|0|0|0|0
RZ1|CHK|72|1|49|0|0|0|10|0|0|1|1|0
RZ1|73|1|OP14-096|0|46|0|17|0|0|0|0|0
RZ1|CHK|73|1|49|0|0|0|10|0|0|1|1|0
RZ1|74|1|OP13-092|0|38|0|18|0|0|0|0|0
RZ1|CHK|74|1|49|0|0|0|10|0|0|1|1|0
RZ1|75|1|OP13-096|0|39|0|19|0|0|0|0|0
RZ1|CHK|75|1|49|0|0|0|10|0|0|1|1|0
RZ1|76|1|OP13-083|0|33|0|20|0|0|0|0|0
RZ1|CHK|76|1|49|0|0|0|10|0|0|1|1|0
RZ1|77|1|OP13-092|0|30|0|21|0|0|0|0|0
RZ1|CHK|77|1|49|0|0|0|10|0|0|1|1|0
RZ1|78|1|OP13-091|0|29|0|22|0|0|0|0|0
RZ1|CHK|78|1|49|0|0|0|10|0|0|1|1|0
RZ1|79|1|OP13-091|0|45|0|23|0|0|0|0|0
RZ1|CHK|79|1|49|0|0|0|10|0|0|1|1|0
RZ1|80|1|OP13-092|0|34|0|24|0|0|0|0|0
RZ1|CHK|80|1|49|0|0|0|10|0|0|1|1|0
RZ1|81|1|OP13-080|0|47|0|25|0|0|0|0|0
RZ1|CHK|81|1|49|0|0|0|10|0|0|1|1|0
RZ1|82|1|OP13-096|0|31|0|26|0|0|0|0|0
RZ1|CHK|82|1|49|0|0|0|10|0|0|1|1|0
RZ1|83|1|OP13-089|0|37|0|28|0|0|0|0|0
RZ1|CHK|83|1|49|0|0|0|10|0|0|1|1|0
RZ1|84|1|OP16-093|0|48|0|29|0|0|0|0|0
RZ1|CHK|84|1|49|0|0|0|10|0|0|1|1|0
RZ1|85|1|OP13-098|0|31|0|30|0|0|0|0|0
RZ1|CHK|85|1|49|0|0|0|10|0|0|1|1|0
RZ1|86|1|OP13-084|0|46|0|31|0|0|0|0|0
RZ1|CHK|86|1|49|0|0|0|10|0|0|1|1|0
RZ1|87|1|OP13-083|0|47|0|33|0|0|0|0|0
RZ1|CHK|87|1|49|0|0|0|10|0|0|1|1|0
RZ1|88|1|OP16-093|0|36|0|34|0|0|0|0|0
RZ1|CHK|88|1|49|0|0|0|10|0|0|1|1|0
RZ1|89|1|OP13-080|0|43|0|35|0|0|0|0|0
RZ1|CHK|89|1|49|0|0|0|10|0|0|1|1|0
RZ1|90|1|OP13-084|0|46|0|36|0|0|0|0|0
RZ1|CHK|90|1|49|0|0|0|10|0|0|1|1|0
RZ1|91|1|OP14-096|0|43|0|37|0|0|0|0|0
RZ1|CHK|91|1|49|0|0|0|10|0|0|1|1|0
RZ1|92|1|OP13-096|0|43|0|38|0|0|0|0|0
RZ1|CHK|92|1|49|0|0|0|10|0|0|1|1|0
RZ1|93|1|OP13-084|0|48|0|39|0|0|0|0|0
RZ1|CHK|93|1|49|0|0|0|10|0|0|1|1|0
RZ1|94|1|OP13-080|0|43|0|40|0|0|0|0|0
RZ1|CHK|94|1|49|0|0|0|10|0|0|1|1|0
RZ1|95|1|OP13-086|0|45|0|41|0|0|0|0|0
RZ1|CHK|95|1|49|0|0|0|10|0|0|1|1|0
RZ1|96|1|OP13-096|0|43|0|42|0|0|0|0|0
RZ1|CHK|96|1|49|0|0|0|10|0|0|1|1|0
RZ1|97|1|OP13-080|0|47|0|43|0|0|0|0|0
RZ1|CHK|97|1|49|0|0|0|10|0|0|1|1|0
RZ1|98|1|OP13-084|0|48|0|44|0|0|0|0|0
RZ1|CHK|98|1|49|0|0|0|10|0|0|1|1|0
RZ1|99|1|OP16-093|0|48|0|46|0|0|0|0|0
RZ1|CHK|99|1|49|0|0|0|10|0|0|1|1|0
[] Drew card from deck: Ground Death ["OP14-096">OP14-096]
RZ1|100|1|OP14-096|0|48|1|0|1|1|0|0|0
RZ1|CHK|100|1|48|1|0|0|10|0|0|1|1|0
[] Drew card from deck: Five Elders ["OP13-082">OP13-082]
RZ1|101|1|OP13-082|0|47|1|1|1|1|0|0|0
RZ1|CHK|101|1|47|2|0|0|10|0|0|1|1|0
[] Drew card from deck: Bartholomew Kuma ["OP16-093">OP16-093]
RZ1|102|1|OP16-093|0|46|1|2|1|1|0|0|0
RZ1|CHK|102|1|46|3|0|0|10|0|0|1|1|0
[] Drew card from deck: Bartholomew Kuma ["OP16-093">OP16-093]
RZ1|103|1|OP16-093|0|45|1|3|1|1|0|0|0
RZ1|CHK|103|1|45|4|0|0|10|0|0|1|1|0
[] Drew card from deck: St. Shepherd Ju Peter ["OP13-084">OP13-084]
RZ1|104|1|OP13-084|0|44|1|4|1|1|0|0|0
RZ1|CHK|104|1|44|5|0|0|10|0|0|1|1|0
[] Drew card from deck: Cavendish ["ST36-001">ST36-001]
RZ1|105|2|ST36-001|0|49|1|0|1|1|0|0|0
RZ1|CHK|105|2|49|1|0|0|10|0|0|0|1|0
[] Drew card from deck: Basil Hawkins ["OP10-109">OP10-109]
RZ1|106|2|OP10-109|0|48|1|1|1|1|0|0|0
RZ1|CHK|106|2|48|2|0|0|10|0|0|0|1|0
[] Drew card from deck: Jewelry Bonney ["OP15-105">OP15-105]
RZ1|107|2|OP15-105|0|47|1|2|1|1|0|0|0
RZ1|CHK|107|2|47|3|0|0|10|0|0|0|1|0
[] Drew card from deck: Bartolomeo ["ST36-004">ST36-004]
RZ1|108|2|ST36-004|0|46|1|3|1|1|0|0|0
RZ1|CHK|108|2|46|4|0|0|10|0|0|0|1|0
[] Drew card from deck: Monkey D. Luffy ["OP10-111">OP10-111]
RZ1|109|2|OP10-111|0|45|1|4|1|1|0|0|0
RZ1|CHK|109|2|45|5|0|0|10|0|0|0|1|0
RZ1|110|1|OP14-096|1|0|0|44|0|0|0|0|0
RZ1|CHK|110|1|45|4|0|0|10|0|0|1|1|0
RZ1|111|1|OP13-082|1|0|0|45|0|0|0|0|0
RZ1|CHK|111|1|46|3|0|0|10|0|0|1|1|0
RZ1|112|1|OP16-093|1|0|0|46|0|0|0|0|0
RZ1|CHK|112|1|47|2|0|0|10|0|0|1|1|0
RZ1|113|1|OP16-093|1|0|0|47|0|0|0|0|0
RZ1|CHK|113|1|48|1|0|0|10|0|0|1|1|0
RZ1|114|1|OP13-084|1|0|0|48|0|0|0|0|0
RZ1|CHK|114|1|49|0|0|0|10|0|0|1|1|0
RZ1|115|1|OP13-091|0|22|0|0|0|0|0|0|0
RZ1|CHK|115|1|49|0|0|0|10|0|0|1|1|0
RZ1|116|1|OP13-091|0|27|0|1|0|0|0|0|0
RZ1|CHK|116|1|49|0|0|0|10|0|0|1|1|0
RZ1|117|1|OP13-084|0|39|0|2|0|0|0|0|0
RZ1|CHK|117|1|49|0|0|0|10|0|0|1|1|0
RZ1|118|1|OP13-086|0|16|0|3|0|0|0|0|0
RZ1|CHK|118|1|49|0|0|0|10|0|0|1|1|0
RZ1|119|1|OP13-092|0|21|0|4|0|0|0|0|0
RZ1|CHK|119|1|49|0|0|0|10|0|0|1|1|0
RZ1|120|1|OP13-096|0|28|0|5|0|0|0|0|0
RZ1|CHK|120|1|49|0|0|0|10|0|0|1|1|0
RZ1|121|1|OP13-082|0|8|0|6|0|0|0|0|0
RZ1|CHK|121|1|49|0|0|0|10|0|0|1|1|0
RZ1|122|1|OP16-093|0|30|0|7|0|0|0|0|0
RZ1|CHK|122|1|49|0|0|0|10|0|0|1|1|0
RZ1|123|1|OP13-096|0|24|0|8|0|0|0|0|0
RZ1|CHK|123|1|49|0|0|0|10|0|0|1|1|0
RZ1|124|1|OP13-080|0|36|0|9|0|0|0|0|0
RZ1|CHK|124|1|49|0|0|0|10|0|0|1|1|0
RZ1|125|1|OP13-086|0|41|0|10|0|0|0|0|0
RZ1|CHK|125|1|49|0|0|0|10|0|0|1|1|0
RZ1|126|1|OP13-096|0|40|0|11|0|0|0|0|0
RZ1|CHK|126|1|49|0|0|0|10|0|0|1|1|0
RZ1|127|1|OP13-083|0|37|0|12|0|0|0|0|0
RZ1|CHK|127|1|49|0|0|0|10|0|0|1|1|0
RZ1|128|1|OP16-093|0|47|0|13|0|0|0|0|0
RZ1|CHK|128|1|49|0|0|0|10|0|0|1|1|0
RZ1|129|1|OP13-098|0|36|0|14|0|0|0|0|0
RZ1|CHK|129|1|49|0|0|0|10|0|0|1|1|0
RZ1|130|1|OP13-086|0|23|0|15|0|0|0|0|0
RZ1|CHK|130|1|49|0|0|0|10|0|0|1|1|0
RZ1|131|1|OP16-093|0|47|0|16|0|0|0|0|0
RZ1|CHK|131|1|49|0|0|0|10|0|0|1|1|0
RZ1|132|1|OP13-086|0|24|0|17|0|0|0|0|0
RZ1|CHK|132|1|49|0|0|0|10|0|0|1|1|0
RZ1|133|1|OP14-096|0|31|0|18|0|0|0|0|0
RZ1|CHK|133|1|49|0|0|0|10|0|0|1|1|0
RZ1|134|1|OP16-093|0|40|0|19|0|0|0|0|0
RZ1|CHK|134|1|49|0|0|0|10|0|0|1|1|0
RZ1|135|1|OP13-083|0|33|0|20|0|0|0|0|0
RZ1|CHK|135|1|49|0|0|0|10|0|0|1|1|0
RZ1|136|1|OP13-083|0|32|0|21|0|0|0|0|0
RZ1|CHK|136|1|49|0|0|0|10|0|0|1|1|0
RZ1|137|1|OP13-092|0|34|0|22|0|0|0|0|0
RZ1|CHK|137|1|49|0|0|0|10|0|0|1|1|0
RZ1|138|1|OP13-084|0|39|0|23|0|0|0|0|0
RZ1|CHK|138|1|49|0|0|0|10|0|0|1|1|0
RZ1|139|1|OP14-096|0|27|0|24|0|0|0|0|0
RZ1|CHK|139|1|49|0|0|0|10|0|0|1|1|0
RZ1|140|1|OP05-097|0|30|0|25|0|0|0|0|0
RZ1|CHK|140|1|49|0|0|0|10|0|0|1|1|0
RZ1|141|1|OP13-091|0|36|0|26|0|0|0|0|0
RZ1|CHK|141|1|49|0|0|0|10|0|0|1|1|0
RZ1|142|1|OP13-092|0|37|0|27|0|0|0|0|0
RZ1|CHK|142|1|49|0|0|0|10|0|0|1|1|0
RZ1|143|1|OP13-089|0|39|0|28|0|0|0|0|0
RZ1|CHK|143|1|49|0|0|0|10|0|0|1|1|0
RZ1|144|1|OP13-082|0|47|0|29|0|0|0|0|0
RZ1|CHK|144|1|49|0|0|0|10|0|0|1|1|0
RZ1|145|1|OP13-096|0|45|0|30|0|0|0|0|0
RZ1|CHK|145|1|49|0|0|0|10|0|0|1|1|0
RZ1|146|1|OP13-082|0|39|0|31|0|0|0|0|0
RZ1|CHK|146|1|49|0|0|0|10|0|0|1|1|0
RZ1|147|1|OP13-098|0|34|0|32|0|0|0|0|0
RZ1|CHK|147|1|49|0|0|0|10|0|0|1|1|0
RZ1|148|1|OP13-082|0|38|0|33|0|0|0|0|0
RZ1|CHK|148|1|49|0|0|0|10|0|0|1|1|0
RZ1|149|1|OP13-098|0|37|0|34|0|0|0|0|0
RZ1|CHK|149|1|49|0|0|0|10|0|0|1|1|0
RZ1|150|1|OP13-084|0|43|0|35|0|0|0|0|0
RZ1|CHK|150|1|49|0|0|0|10|0|0|1|1|0
RZ1|151|1|OP13-080|0|46|0|36|0|0|0|0|0
RZ1|CHK|151|1|49|0|0|0|10|0|0|1|1|0
RZ1|152|1|OP13-080|0|46|0|37|0|0|0|0|0
RZ1|CHK|152|1|49|0|0|0|10|0|0|1|1|0
RZ1|153|1|OP13-092|0|39|0|38|0|0|0|0|0
RZ1|CHK|153|1|49|0|0|0|10|0|0|1|1|0
RZ1|154|1|OP14-096|0|47|0|40|0|0|0|0|0
RZ1|CHK|154|1|49|0|0|0|10|0|0|1|1|0
RZ1|155|1|OP13-084|0|48|0|41|0|0|0|0|0
RZ1|CHK|155|1|49|0|0|0|10|0|0|1|1|0
RZ1|156|1|OP13-080|0|46|0|42|0|0|0|0|0
RZ1|CHK|156|1|49|0|0|0|10|0|0|1|1|0
RZ1|157|1|OP13-089|0|46|0|44|0|0|0|0|0
RZ1|CHK|157|1|49|0|0|0|10|0|0|1|1|0
RZ1|158|1|OP13-089|0|46|0|45|0|0|0|0|0
RZ1|CHK|158|1|49|0|0|0|10|0|0|1|1|0
[] Drew card from deck: Ground Death ["OP14-096">OP14-096]
RZ1|159|1|OP14-096|0|48|1|0|1|1|0|0|0
RZ1|CHK|159|1|48|1|0|0|10|0|0|1|1|0
[] Drew card from deck: ...Never Existed... ["OP13-098">OP13-098]
RZ1|160|1|OP13-098|0|47|1|1|1|1|0|0|0
RZ1|CHK|160|1|47|2|0|0|10|0|0|1|1|0
[] Drew card from deck: St. Jaygarcia Saturn ["OP13-083">OP13-083]
RZ1|161|1|OP13-083|0|46|1|2|1|1|0|0|0
RZ1|CHK|161|1|46|3|0|0|10|0|0|1|1|0
[] Drew card from deck: St. Topman Warcury ["OP13-089">OP13-089]
RZ1|162|1|OP13-089|0|45|1|3|1|1|0|0|0
RZ1|CHK|162|1|45|4|0|0|10|0|0|1|1|0
[] Drew card from deck: St. Topman Warcury ["OP13-089">OP13-089]
RZ1|163|1|OP13-089|0|44|1|4|1|1|0|0|0
RZ1|CHK|163|1|44|5|0|0|10|0|0|1|1|0
RZ1|164|1|OP13-089|0|43|3|0|1|0|0|0|0
RZ1|CHK|164|1|43|5|0|1|10|0|0|1|1|0
RZ1|165|1|OP13-080|0|42|3|1|1|0|0|0|0
RZ1|CHK|165|1|42|5|0|2|10|0|0|1|1|0
RZ1|166|1|OP13-084|0|41|3|2|1|0|0|0|0
RZ1|CHK|166|1|41|5|0|3|10|0|0|1|1|0
RZ1|167|1|OP14-096|0|40|3|3|1|0|0|0|0
RZ1|CHK|167|1|40|5|0|4|10|0|0|1|1|0
[] Hand after Mulligan: [OP14-096,OP13-098,OP13-083,OP13-089,OP13-089]
[You] Mulligan
RZ1|168|2|ST36-002|0|44|3|0|0|1|0|0|0
RZ1|CHK|168|2|44|5|0|1|10|0|0|0|1|0
RZ1|169|2|OP12-117|0|43|3|1|0|1|0|0|0
RZ1|CHK|169|2|43|5|0|2|10|0|0|0|1|0
RZ1|170|2|OP10-112|0|42|3|2|0|1|0|0|0
RZ1|CHK|170|2|42|5|0|3|10|0|0|0|1|0
RZ1|171|2|ST36-002|0|41|3|3|0|1|0|0|0
RZ1|CHK|171|2|41|5|0|4|10|0|0|0|1|0
RZ1|172|2|OP15-105|0|40|3|4|0|1|0|0|0
RZ1|CHK|172|2|40|5|0|5|10|0|0|0|1|0
[] Hand: [OP14-096,OP13-098,OP13-083,OP13-089,OP13-089]
[] Board: []
[] Trash: []
[] Life: 4
[] Hand: [ST36-001,OP10-109,OP15-105,ST36-004,OP10-111]
[] Trash: []
[] Board: []
[] Life: 5
RZ1|173|1|Don|4|9|5|0|1|1|0|0|0
RZ1|CHK|173|1|40|5|0|4|9|1|0|1|1|0
[You] Draw 1 Don
RZ1|174|1|OP13-089|1|4|6|0|1|1|0|0|0
RZ1|CHK|174|1|40|4|0|4|9|1|1|1|1|0
[You] Imu ["OP13-079">OP13-079]: Trash St. Topman Warcury ["OP13-089">OP13-089]
[] Drew card from deck: St. Marcus Mars ["OP13-091">OP13-091]
RZ1|175|1|OP13-091|0|39|1|4|1|1|0|0|0
RZ1|CHK|175|1|39|5|0|4|9|1|1|1|1|0
[You] Imu ["OP13-079">OP13-079]: Draw 1 Card
[] Hand: [OP14-096,OP13-098,OP13-083,OP13-089,OP13-091]
[] Board: []
[] Trash: [OP13-089]
[] Life: 4
[] Hand: [ST36-001,OP10-109,OP15-105,ST36-004,OP10-111]
[] Trash: []
[] Board: []
[] Life: 5
[You] End Turn
[] Hand: [ST36-001,OP10-109,OP15-105,ST36-004,OP10-111]
[] Board: []
[] Trash: []
[] Life: 5
[] Hand: [OP14-096,OP13-098,OP13-083,OP13-089,OP13-091]
[] Trash: [OP13-089]
[] Board: []
[] Life: 4
[Opponent] Draw 1 Card
[] Drew card from deck: Scratchmen Apoo ["ST36-003">ST36-003]
RZ1|176|2|ST36-003|0|39|1|5|1|1|0|0|0
RZ1|CHK|176|2|39|6|0|5|10|0|0|0|1|0
RZ1|177|2|Don|4|9|5|0|1|1|0|0|0
RZ1|CHK|177|2|39|6|0|5|9|1|0|0|1|0
RZ1|178|2|Don|4|8|5|1|1|1|0|0|0
RZ1|CHK|178|2|39|6|0|5|8|2|0|0|1|0
[Opponent] Draw 2 Don
RZ1|179|2|Don|5|0|5|0|1|1|1|0|0
RZ1|CHK|179|2|39|6|0|5|8|2|0|0|1|0
[Opponent] Deploy Monkey D. Luffy ["OP10-111">OP10-111]
RZ1|180|2|OP10-111|1|4|2|0|1|1|0|0|0
RZ1|CHK|180|2|39|5|1|5|8|2|0|0|1|0
RZ1|181|2|OP10-119|0|38|1|5|1|1|0|0|0
RZ1|CHK|181|2|38|6|1|5|8|2|0|0|1|0
[Opponent] Monkey D. Luffy ["OP10-111">OP10-111]: <b>Reveal and Draw Trafalgar Law ["OP10-119">OP10-119]</b>
[Opponent] Placing Cards on Bottom of Deck
RZ1|182|2|OP12-117|0|37|0|0|0|0|0|0|0
RZ1|CHK|182|2|38|6|1|5|8|2|0|0|1|0
RZ1|183|2|OP10-111|0|37|0|0|0|0|0|0|0
RZ1|CHK|183|2|38|6|1|5|8|2|0|0|1|0
RZ1|184|2|OP10-111|0|37|0|0|0|0|0|0|0
RZ1|CHK|184|2|38|6|1|5|8|2|0|0|1|0
RZ1|185|2|OP10-114|0|37|0|0|0|0|0|0|0
RZ1|CHK|185|2|38|6|1|5|8|2|0|0|1|0
RZ1|186|2|Don|5|1|5|1|1|1|1|0|0
RZ1|CHK|186|2|38|6|1|5|8|2|0|0|1|0
[Opponent] Deploy Jewelry Bonney ["OP15-105">OP15-105]
RZ1|187|2|OP15-105|1|2|2|1|1|1|0|0|0
RZ1|CHK|187|2|38|5|2|5|8|2|0|0|1|0
[] Hand: [ST36-001,OP10-109,ST36-004,ST36-003,OP10-119]
[] Board: [OP10-111,OP15-105]
[] Trash: []
[] Life: 5
[] Hand: [OP14-096,OP13-098,OP13-083,OP13-089,OP13-091]
[] Trash: [OP13-089]
[] Board: []
[] Life: 4
[Opponent] End Turn
[] Hand: [OP14-096,OP13-098,OP13-083,OP13-089,OP13-091]
[] Board: []
[] Trash: [OP13-089]
[] Life: 4
[] Hand: [ST36-001,OP10-109,ST36-004,ST36-003,OP10-119]
[] Trash: []
[] Board: [OP10-111,OP15-105]
[] Life: 5
[You] Draw 1 Card
[] Drew card from deck: St. Mjosgard ["OP13-092">OP13-092]
RZ1|188|1|OP13-092|0|38|1|5|1|1|0|0|0
RZ1|CHK|188|1|38|6|0|4|9|1|1|1|1|0
RZ1|189|1|Don|4|8|5|1|1|1|0|0|0
RZ1|CHK|189|1|38|6|0|4|8|2|1|1|1|0
RZ1|190|1|Don|4|7|5|2|1|1|0|0|0
RZ1|CHK|190|1|38|6|0|4|7|3|1|1|1|0
[You] Draw 2 Don
RZ1|191|1|OP13-091|1|4|6|1|1|1|0|0|0
RZ1|CHK|191|1|38|5|0|4|7|3|2|1|1|0
[You] Imu ["OP13-079">OP13-079]: Trash St. Marcus Mars ["OP13-091">OP13-091]
[] Drew card from deck: St. Ethanbaron V. Nusjuro ["OP13-080">OP13-080]
RZ1|192|1|OP13-080|0|37|1|5|1|1|0|0|0
RZ1|CHK|192|1|37|6|0|4|7|3|2|1|1|0
[You] Imu ["OP13-079">OP13-079]: Draw 1 Card
[You] Attach 3 Don to Imu ["OP13-079">OP13-079] (3 Total)
RZ1|193|1|Don|5|2|9|9900|1|1|0|0|0
RZ1|CHK|193|1|37|6|0|4|7|2|2|1|1|1
RZ1|194|1|Don|5|1|9|9901|1|1|0|0|0
RZ1|CHK|194|1|37|6|0|4|7|1|2|1|1|2
RZ1|195|1|Don|5|0|9|9902|1|1|0|0|0
RZ1|CHK|195|1|37|6|0|4|7|0|2|1|1|3
[You] Imu ["OP13-079">OP13-079] attacking Eustass "Captain" Kid ["OP10-099">OP10-099]
Imu ["OP13-079">OP13-079][8000] vs Eustass "Captain" Kid ["OP10-099">OP10-099][5000]
Eustass "Captain" Kid ["OP10-099">OP10-099] hit for 1 damage
RZ1|196|2|OP15-105|3|4|1|5|1|1|0|0|0
RZ1|CHK|196|2|38|6|2|4|8|2|0|0|1|0
[] Hand: [OP14-096,OP13-098,OP13-083,OP13-089,OP13-092,OP13-080]
[] Board: []
[] Trash: [OP13-089,OP13-091]
[] Life: 4
[] Hand: [ST36-001,OP10-109,ST36-004,ST36-003,OP10-119,OP15-105]
[] Trash: []
[] Board: [OP10-111,OP15-105]
[] Life: 4
[You] End Turn
[] Hand: [ST36-001,OP10-109,ST36-004,ST36-003,OP10-119,OP15-105]
[] Board: [OP10-111,OP15-105]
[] Trash: []
[] Life: 4
[] Hand: [OP14-096,OP13-098,OP13-083,OP13-089,OP13-092,OP13-080]
[] Trash: [OP13-089,OP13-091]
[] Board: []
[] Life: 4
[Opponent] Draw 1 Card
[] Drew card from deck: Damned Punk: Electromagnetic Cannon ["OP10-116">OP10-116]
RZ1|197|2|OP10-116|0|37|1|6|1|1|0|0|0
RZ1|CHK|197|2|37|7|2|4|8|2|0|0|1|0
RZ1|198|2|Don|4|7|5|2|1|1|0|0|0
RZ1|CHK|198|2|37|7|2|4|7|3|0|0|1|0
RZ1|199|2|Don|4|6|5|3|1|1|0|0|0
RZ1|CHK|199|2|37|7|2|4|6|4|0|0|1|0
[Opponent] Draw 2 Don
[Opponent] Damned Punk: Electromagnetic Cannon ["OP10-116">OP10-116]: Rest 4 Don
RZ1|200|2|Don|5|0|5|0|1|1|1|0|0
RZ1|CHK|200|2|37|7|2|4|6|4|0|0|1|0
RZ1|201|2|Don|5|1|5|1|1|1|1|0|0
RZ1|CHK|201|2|37|7|2|4|6|4|0|0|1|0
RZ1|202|2|Don|5|2|5|2|1|1|1|0|0
RZ1|CHK|202|2|37|7|2|4|6|4|0|0|1|0
RZ1|203|2|Don|5|3|5|3|1|1|1|0|0
RZ1|CHK|203|2|37|7|2|4|6|4|0|0|1|0
RZ1|204|2|OP10-116|1|6|6|0|1|1|0|0|0
RZ1|CHK|204|2|37|6|2|4|6|4|1|0|1|0
[Opponent] Damned Punk: Electromagnetic Cannon ["OP10-116">OP10-116]: <b>Looked at opponent's top Life</b>
[Opponent] Damned Punk: Electromagnetic Cannon ["OP10-116">OP10-116]: <b>Left at the Top</b>
[Opponent] Eustass "Captain" Kid ["OP10-099">OP10-099] attacking Imu ["OP13-079">OP13-079]
Eustass "Captain" Kid ["OP10-099">OP10-099][5000] vs Imu ["OP13-079">OP13-079][5000]
Imu ["OP13-079">OP13-079] hit for 1 damage
RZ1|205|1|OP14-096|3|3|1|6|1|1|0|0|0
RZ1|CHK|205|1|37|7|0|3|7|0|2|1|1|3
[] Hand: [ST36-001,OP10-109,ST36-004,ST36-003,OP10-119,OP15-105]
[] Board: [OP10-111,OP15-105]
[] Trash: [OP10-116]
[] Life: 4
[] Hand: [OP14-096,OP13-098,OP13-083,OP13-089,OP13-092,OP13-080,OP14-096]
[] Trash: [OP13-089,OP13-091]
[] Board: []
[] Life: 3
[Opponent] End Turn
[] Hand: [OP14-096,OP13-098,OP13-083,OP13-089,OP13-092,OP13-080,OP14-096]
[] Board: []
[] Trash: [OP13-089,OP13-091]
[] Life: 3
[] Hand: [ST36-001,OP10-109,ST36-004,ST36-003,OP10-119,OP15-105]
[] Trash: [OP10-116]
[] Board: [OP10-111,OP15-105]
[] Life: 4
RZ1|206|1|Don|9|9900|5|0|1|1|1|0|0
RZ1|CHK|206|1|37|7|0|3|7|1|2|1|1|2
RZ1|207|1|Don|9|9900|5|0|1|1|1|0|0
RZ1|CHK|207|1|37|7|0|3|7|2|2|1|1|1
RZ1|208|1|Don|9|9900|5|0|1|1|1|0|0
RZ1|CHK|208|1|37|7|0|3|7|3|2|1|1|0
[You] Draw 1 Card
[] Drew card from deck: St. Ethanbaron V. Nusjuro ["OP13-080">OP13-080]
RZ1|209|1|OP13-080|0|36|1|7|1|1|0|0|0
RZ1|CHK|209|1|36|8|0|3|7|3|2|1|1|0
RZ1|210|1|Don|4|6|5|3|1|1|0|0|0
RZ1|CHK|210|1|36|8|0|3|6|4|2|1|1|0
RZ1|211|1|Don|4|5|5|4|1|1|0|0|0
RZ1|CHK|211|1|36|8|0|3|5|5|2|1|1|0
[You] Draw 2 Don
[You] The Empty Throne ["OP13-099">OP13-099]: Rest 3 Don
RZ1|212|1|Don|5|0|5|0|1|1|1|0|0
RZ1|CHK|212|1|36|8|0|3|5|5|2|1|1|0
RZ1|213|1|Don|5|1|5|1|1|1|1|0|0
RZ1|CHK|213|1|36|8|0|3|5|5|2|1|1|0
RZ1|214|1|Don|5|2|5|2|1|1|1|0|0
RZ1|CHK|214|1|36|8|0|3|5|5|2|1|1|0
[You] The Empty Throne ["OP13-099">OP13-099]: Rest The Empty Throne ["OP13-099">OP13-099]
RZ1|215|1|OP13-083|1|2|2|0|1|1|0|0|0
RZ1|CHK|215|1|36|7|1|3|5|5|2|1|1|0
[You] The Empty Throne ["OP13-099">OP13-099]: Deploy St. Jaygarcia Saturn ["OP13-083">OP13-083]
RZ1|216|1|OP13-082|0|33|1|7|1|1|0|0|0
RZ1|CHK|216|1|35|8|1|3|5|5|2|1|1|0
[You] St. Jaygarcia Saturn ["OP13-083">OP13-083]: <b>Reveal and Draw Five Elders ["OP13-082">OP13-082]</b>
[You] Placing Cards on Bottom of Deck
RZ1|217|1|OP13-084|0|34|0|0|0|0|0|0|0
RZ1|CHK|217|1|35|8|1|3|5|5|2|1|1|0
RZ1|218|1|OP13-098|0|34|0|0|0|0|0|0|0
RZ1|CHK|218|1|35|8|1|3|5|5|2|1|1|0
RZ1|219|1|OP13-098|0|34|0|0|0|0|0|0|0
RZ1|CHK|219|1|35|8|1|3|5|5|2|1|1|0
RZ1|220|1|OP13-082|0|34|0|0|0|0|0|0|0
RZ1|CHK|220|1|35|8|1|3|5|5|2|1|1|0
[You] Attach 1 Don to Imu ["OP13-079">OP13-079] (1 Total)
RZ1|221|1|Don|5|4|9|9900|1|1|0|0|0
RZ1|CHK|221|1|35|8|1|3|5|4|2|1|1|1
[You] Imu ["OP13-079">OP13-079] attacking Eustass "Captain" Kid ["OP10-099">OP10-099]
[Opponent] Discard Jewelry Bonney ["OP15-105">OP15-105] for Counter 2000
RZ1|222|2|OP15-105|1|5|6|1|1|1|0|0|0
RZ1|CHK|222|2|37|5|2|4|6|4|2|0|1|0
Imu ["OP13-079">OP13-079][6000] vs Eustass "Captain" Kid ["OP10-099">OP10-099][7000]
Attack Fails
[] Hand: [OP14-096,OP13-098,OP13-089,OP13-092,OP13-080,OP14-096,OP13-080,OP13-082]
[] Board: [OP13-083]
[] Trash: [OP13-089,OP13-091]
[] Life: 3
[] Hand: [ST36-001,OP10-109,ST36-004,ST36-003,OP10-119]
[] Trash: [OP10-116,OP15-105]
[] Board: [OP10-111,OP15-105]
[] Life: 4
[You] End Turn
[] Hand: [ST36-001,OP10-109,ST36-004,ST36-003,OP10-119]
[] Board: [OP10-111,OP15-105]
[] Trash: [OP10-116,OP15-105]
[] Life: 4
[] Hand: [OP14-096,OP13-098,OP13-089,OP13-092,OP13-080,OP14-096,OP13-080,OP13-082]
[] Trash: [OP13-089,OP13-091]
[] Board: [OP13-083]
[] Life: 3
[Opponent] Draw 1 Card
[] Drew card from deck: Eustass "Captain" Kid ["ST36-005">ST36-005]
RZ1|223|2|ST36-005|0|36|1|5|1|1|0|0|0
RZ1|CHK|223|2|36|6|2|4|6|4|2|0|1|0
RZ1|224|2|Don|4|5|5|4|1|1|0|0|0
RZ1|CHK|224|2|36|6|2|4|5|5|2|0|1|0
RZ1|225|2|Don|4|4|5|5|1|1|0|0|0
RZ1|CHK|225|2|36|6|2|4|4|6|2|0|1|0
[Opponent] Draw 2 Don
RZ1|226|2|Don|5|0|9|0|1|1|0|0|0
RZ1|CHK|226|2|36|6|2|4|4|5|2|0|1|1
RZ1|227|2|Don|5|0|9|1|1|1|0|0|0
RZ1|CHK|227|2|36|6|2|4|4|4|2|0|1|2
RZ1|228|2|Don|5|0|9|2|1|1|0|0|0
RZ1|CHK|228|2|36|6|2|4|4|3|2|0|1|3
[Opponent] Attach 3 Don to Monkey D. Luffy ["OP10-111">OP10-111] (3 Total)
[Opponent] Monkey D. Luffy ["OP10-111">OP10-111] attacking Imu ["OP13-079">OP13-079]
[You] Discard St. Ethanbaron V. Nusjuro ["OP13-080">OP13-080] for Counter 1000
RZ1|229|1|OP13-080|1|6|6|2|1|1|0|0|0
RZ1|CHK|229|1|35|7|1|3|5|4|3|1|1|1
Monkey D. Luffy ["OP10-111">OP10-111][5000] vs Imu ["OP13-079">OP13-079][6000]
Attack Fails
RZ1|230|2|Don|5|0|9|100|1|1|0|0|0
RZ1|CHK|230|2|36|6|2|4|4|2|2|0|1|4
RZ1|231|2|Don|5|0|9|101|1|1|0|0|0
RZ1|CHK|231|2|36|6|2|4|4|1|2|0|1|5
RZ1|232|2|Don|5|0|9|102|1|1|0|0|0
RZ1|CHK|232|2|36|6|2|4|4|0|2|0|1|6
[Opponent] Attach 3 Don to Jewelry Bonney ["OP15-105">OP15-105] (3 Total)
[Opponent] Jewelry Bonney ["OP15-105">OP15-105] attacking Imu ["OP13-079">OP13-079]
Jewelry Bonney ["OP15-105">OP15-105][5000] vs Imu ["OP13-079">OP13-079][5000]
Imu ["OP13-079">OP13-079] hit for 1 damage
RZ1|233|1|OP13-084|3|2|1|7|1|1|0|0|0
RZ1|CHK|233|1|35|8|1|2|5|4|3|1|1|1
[Opponent] Eustass "Captain" Kid ["OP10-099">OP10-099] attacking Imu ["OP13-079">OP13-079]
[You] Discard St. Shepherd Ju Peter ["OP13-084">OP13-084] for Counter 2000
RZ1|234|1|OP13-084|1|7|6|3|1|1|0|0|0
RZ1|CHK|234|1|35|7|1|2|5|4|4|1|1|1
Eustass "Captain" Kid ["OP10-099">OP10-099][5000] vs Imu ["OP13-079">OP13-079][7000]
Attack Fails
[] Hand: [ST36-001,OP10-109,ST36-004,ST36-003,OP10-119,ST36-005]
[] Board: [OP10-111,OP15-105]
[] Trash: [OP10-116,OP15-105]
[] Life: 4
[] Hand: [OP14-096,OP13-098,OP13-089,OP13-092,OP13-080,OP14-096,OP13-082]
[] Trash: [OP13-089,OP13-091,OP13-080,OP13-084]
[] Board: [OP13-083]
[] Life: 2
[Opponent] End Turn
[] Hand: [OP14-096,OP13-098,OP13-089,OP13-092,OP13-080,OP14-096,OP13-082]
[] Board: [OP13-083]
[] Trash: [OP13-089,OP13-091,OP13-080,OP13-084]
[] Life: 2
[] Hand: [ST36-001,OP10-109,ST36-004,ST36-003,OP10-119,ST36-005]
[] Trash: [OP10-116,OP15-105]
[] Board: [OP10-111,OP15-105]
[] Life: 4
RZ1|235|1|Don|9|9900|5|0|1|1|1|0|0
RZ1|CHK|235|1|35|7|1|2|5|5|4|1|1|0
[You] Draw 1 Card
[] Drew card from deck: The Five Elders... Are At Your Service ["OP13-096">OP13-096]
RZ1|236|1|OP13-096|0|34|1|7|1|1|0|0|0
RZ1|CHK|236|1|34|8|1|2|5|5|4|1|1|0
RZ1|237|1|Don|4|4|5|5|1|1|0|0|0
RZ1|CHK|237|1|34|8|1|2|4|6|4|1|1|0
RZ1|238|1|Don|4|3|5|6|1|1|0|0|0
RZ1|CHK|238|1|34|8|1|2|3|7|4|1|1|0
[You] Draw 2 Don
[You] Imu ["OP13-079">OP13-079] attacking Jewelry Bonney ["OP15-105">OP15-105]
Imu ["OP13-079">OP13-079][5000] vs Jewelry Bonney ["OP15-105">OP15-105][2000]
[Opponent] Jewelry Bonney ["OP15-105">OP15-105] Destroyed
RZ1|239|2|Don|9|100|5|0|1|1|1|0|0
RZ1|CHK|239|2|36|6|2|4|4|1|2|0|1|5
RZ1|240|2|Don|9|100|5|0|1|1|1|0|0
RZ1|CHK|240|2|36|6|2|4|4|2|2|0|1|4
RZ1|241|2|Don|9|100|5|0|1|1|1|0|0
RZ1|CHK|241|2|36|6|2|4|4|3|2|0|1|3
RZ1|242|2|OP15-105|2|1|6|2|1|1|0|0|0
RZ1|CHK|242|2|36|6|1|4|4|3|3|0|1|3
[You] St. Jaygarcia Saturn ["OP13-083">OP13-083] attacking Monkey D. Luffy ["OP10-111">OP10-111]
St. Jaygarcia Saturn ["OP13-083">OP13-083][5000] vs Monkey D. Luffy ["OP10-111">OP10-111][2000]
[Opponent] Monkey D. Luffy ["OP10-111">OP10-111] Destroyed
RZ1|243|2|Don|9|0|5|0|1|1|1|0|0
RZ1|CHK|243|2|36|6|1|4|4|4|3|0|1|2
RZ1|244|2|Don|9|0|5|0|1|1|1|0|0
RZ1|CHK|244|2|36|6|1|4|4|5|3|0|1|1
RZ1|245|2|Don|9|0|5|0|1|1|1|0|0
RZ1|CHK|245|2|36|6|1|4|4|6|3|0|1|0
RZ1|246|2|OP10-111|2|0|6|3|1|1|0|0|0
RZ1|CHK|246|2|36|6|0|4|4|6|4|0|1|0
[You] The Empty Throne ["OP13-099">OP13-099]: Rest 3 Don
RZ1|247|1|Don|5|0|5|0|1|1|1|0|0
RZ1|CHK|247|1|34|8|1|2|3|7|4|1|1|0
RZ1|248|1|Don|5|1|5|1|1|1|1|0|0
RZ1|CHK|248|1|34|8|1|2|3|7|4|1|1|0
RZ1|249|1|Don|5|2|5|2|1|1|1|0|0
RZ1|CHK|249|1|34|8|1|2|3|7|4|1|1|0
[You] The Empty Throne ["OP13-099">OP13-099]: Rest The Empty Throne ["OP13-099">OP13-099]
RZ1|250|1|OP13-080|1|4|2|1|1|1|0|0|0
RZ1|CHK|250|1|34|7|2|2|3|7|4|1|1|0
[You] The Empty Throne ["OP13-099">OP13-099]: Deploy St. Ethanbaron V. Nusjuro ["OP13-080">OP13-080]
RZ1|251|1|Don|5|3|5|3|1|1|1|0|0
RZ1|CHK|251|1|34|7|2|2|3|7|4|1|1|0
RZ1|252|1|Don|5|4|5|4|1|1|1|0|0
RZ1|CHK|252|1|34|7|2|2|3|7|4|1|1|0
RZ1|253|1|Don|5|5|5|5|1|1|1|0|0
RZ1|CHK|253|1|34|7|2|2|3|7|4|1|1|0
RZ1|254|1|Don|5|6|5|6|1|1|1|0|0
RZ1|CHK|254|1|34|7|2|2|3|7|4|1|1|0
[You] Deploy St. Topman Warcury ["OP13-089">OP13-089]
RZ1|255|1|OP13-089|1|2|2|2|1|1|0|0|0
RZ1|CHK|255|1|34|6|3|2|3|7|4|1|1|0
RZ1|256|1|OP14-096|1|3|6|4|1|1|0|0|0
RZ1|CHK|256|1|34|5|3|2|3|7|5|1|1|0
[You] Imu ["OP13-079">OP13-079]: Trash Ground Death ["OP14-096">OP14-096]
[] Drew card from deck: Five Elders ["OP13-082">OP13-082]
RZ1|257|1|OP13-082|0|33|1|5|1|1|0|0|0
RZ1|CHK|257|1|33|6|3|2|3|7|5|1|1|0
[You] Imu ["OP13-079">OP13-079]: Draw 1 Card
[] Hand: [OP14-096,OP13-098,OP13-092,OP13-082,OP13-096,OP13-082]
[] Board: [OP13-083,OP13-080,OP13-089]
[] Trash: [OP13-089,OP13-091,OP13-080,OP13-084,OP14-096]
[] Life: 2
[] Hand: [ST36-001,OP10-109,ST36-004,ST36-003,OP10-119,ST36-005]
[] Trash: [OP10-116,OP15-105,OP15-105,OP10-111]
[] Board: []
[] Life: 4
[You] End Turn
[] Hand: [ST36-001,OP10-109,ST36-004,ST36-003,OP10-119,ST36-005]
[] Board: []
[] Trash: [OP10-116,OP15-105,OP15-105,OP10-111]
[] Life: 4
[] Hand: [OP14-096,OP13-098,OP13-092,OP13-082,OP13-096,OP13-082]
[] Trash: [OP13-089,OP13-091,OP13-080,OP13-084,OP14-096]
[] Board: [OP13-083,OP13-080,OP13-089]
[] Life: 2
[Opponent] Draw 1 Card
[] Drew card from deck: Eustass "Captain" Kid ["ST36-005">ST36-005]
RZ1|258|2|ST36-005|0|35|1|6|1|1|0|0|0
RZ1|CHK|258|2|35|7|0|4|4|6|4|0|1|0
RZ1|259|2|Don|4|3|5|6|1|1|0|0|0
RZ1|CHK|259|2|35|7|0|4|3|7|4|0|1|0
RZ1|260|2|Don|4|2|5|7|1|1|0|0|0
RZ1|CHK|260|2|35|7|0|4|2|8|4|0|1|0
[Opponent] Draw 2 Don
RZ1|261|2|Don|5|0|9|9900|1|1|0|0|0
RZ1|CHK|261|2|35|7|0|4|2|7|4|0|1|1
[Opponent] Attach 1 Don to Eustass "Captain" Kid ["OP10-099">OP10-099] (1 Total)
[Opponent] Eustass "Captain" Kid ["OP10-099">OP10-099] attacking St. Jaygarcia Saturn ["OP13-083">OP13-083]
Eustass "Captain" Kid ["OP10-099">OP10-099][6000] vs St. Jaygarcia Saturn ["OP13-083">OP13-083][5000]
[You] St. Jaygarcia Saturn ["OP13-083">OP13-083] Destroyed
RZ1|262|1|OP13-083|2|0|6|5|1|1|0|0|0
RZ1|CHK|262|1|33|6|2|2|3|7|6|1|1|0
RZ1|263|2|Don|5|0|5|0|1|1|1|0|0
RZ1|CHK|263|2|35|7|0|4|2|7|4|0|1|1
RZ1|264|2|Don|5|1|5|1|1|1|1|0|0
RZ1|CHK|264|2|35|7|0|4|2|7|4|0|1|1
RZ1|265|2|Don|5|2|5|2|1|1|1|0|0
RZ1|CHK|265|2|35|7|0|4|2|7|4|0|1|1
RZ1|266|2|Don|5|3|5|3|1|1|1|0|0
RZ1|CHK|266|2|35|7|0|4|2|7|4|0|1|1
RZ1|267|2|Don|5|4|5|4|1|1|1|0|0
RZ1|CHK|267|2|35|7|0|4|2|7|4|0|1|1
RZ1|268|2|Don|5|5|5|5|1|1|1|0|0
RZ1|CHK|268|2|35|7|0|4|2|7|4|0|1|1
RZ1|269|2|Don|5|6|5|6|1|1|1|0|0
RZ1|CHK|269|2|35|7|0|4|2|7|4|0|1|1
[Opponent] Deploy Trafalgar Law ["OP10-119">OP10-119]
RZ1|270|2|OP10-119|1|4|2|0|1|1|0|0|0
RZ1|CHK|270|2|35|6|1|4|2|7|4|0|1|1
[Opponent] Trafalgar Law ["OP10-119">OP10-119] revealed: Cavendish ["ST36-001">ST36-001]
[Opponent] Trafalgar Law ["OP10-119">OP10-119]: Added card to top of Life from Hand
RZ1|271|2|ST36-001|1|0|3|4|0|1|0|0|0
RZ1|CHK|271|2|35|5|1|5|2|7|4|0|1|1
[Opponent] Trafalgar Law ["OP10-119">OP10-119]: Attach 1 Rested Don to Eustass "Captain" Kid ["OP10-099">OP10-099]
RZ1|272|2|Don|5|0|9|9901|1|1|1|0|0
RZ1|CHK|272|2|35|5|1|5|2|6|4|0|1|2
[] Hand: [OP10-109,ST36-004,ST36-003,ST36-005,ST36-005]
[] Board: [OP10-119]
[] Trash: [OP10-116,OP15-105,OP15-105,OP10-111]
[] Life: 5
[] Hand: [OP14-096,OP13-098,OP13-092,OP13-082,OP13-096,OP13-082]
[] Trash: [OP13-089,OP13-091,OP13-080,OP13-084,OP14-096,OP13-083]
[] Board: [OP13-080,OP13-089]
[] Life: 2
[Opponent] End Turn
[] Hand: [OP14-096,OP13-098,OP13-092,OP13-082,OP13-096,OP13-082]
[] Board: [OP13-080,OP13-089]
[] Trash: [OP13-089,OP13-091,OP13-080,OP13-084,OP14-096,OP13-083]
[] Life: 2
[] Hand: [OP10-109,ST36-004,ST36-003,ST36-005,ST36-005]
[] Trash: [OP10-116,OP15-105,OP15-105,OP10-111]
[] Board: [OP10-119]
[] Life: 5
[You] Draw 1 Card
[] Drew card from deck: St. Topman Warcury ["OP13-089">OP13-089]
RZ1|273|1|OP13-089|0|32|1|6|1|1|0|0|0
RZ1|CHK|273|1|32|7|2|2|3|7|6|1|1|0
RZ1|274|1|Don|4|2|5|7|1|1|0|0|0
RZ1|CHK|274|1|32|7|2|2|2|8|6|1|1|0
RZ1|275|1|Don|4|1|5|8|1|1|0|0|0
RZ1|CHK|275|1|32|7|2|2|1|9|6|1|1|0
[You] Draw 2 Don
[You] The Five Elders... Are At Your Service ["OP13-096">OP13-096]: Rest 1 Don
RZ1|276|1|Don|5|0|5|0|1|1|1|0|0
RZ1|CHK|276|1|32|7|2|2|1|9|6|1|1|0
RZ1|277|1|OP13-096|1|4|6|6|1|1|0|0|0
RZ1|CHK|277|1|32|6|2|2|1|9|7|1|1|0
RZ1|278|1|OP13-092|0|31|1|6|1|1|0|0|0
RZ1|CHK|278|1|31|7|2|2|1|9|7|1|1|0
[You] The Five Elders... Are At Your Service ["OP13-096">OP13-096]: <b>Reveal and Draw St. Mjosgard ["OP13-092">OP13-092]</b>
[You] The Five Elders... Are At Your Service ["OP13-096">OP13-096]: Trash 2 Remaining Cards
RZ1|279|1|OP13-091|0|30|6|7|1|1|0|0|0
RZ1|CHK|279|1|30|7|2|2|1|9|8|1|1|0
RZ1|280|1|OP05-097|0|29|6|8|1|1|0|0|0
RZ1|CHK|280|1|29|7|2|2|1|9|9|1|1|0
[You] The Empty Throne ["OP13-099">OP13-099]: Rest 3 Don
RZ1|281|1|Don|5|1|5|1|1|1|1|0|0
RZ1|CHK|281|1|29|7|2|2|1|9|9|1|1|0
RZ1|282|1|Don|5|2|5|2|1|1|1|0|0
RZ1|CHK|282|1|29|7|2|2|1|9|9|1|1|0
RZ1|283|1|Don|5|3|5|3|1|1|1|0|0
RZ1|CHK|283|1|29|7|2|2|1|9|9|1|1|0
[You] The Empty Throne ["OP13-099">OP13-099]: Rest The Empty Throne ["OP13-099">OP13-099]
RZ1|284|1|OP13-089|1|5|2|2|1|1|0|0|0
RZ1|CHK|284|1|29|6|3|2|1|9|9|1|1|0
[You] The Empty Throne ["OP13-099">OP13-099]: Deploy St. Topman Warcury ["OP13-089">OP13-089]
[You] Attach 1 Don to St. Ethanbaron V. Nusjuro ["OP13-080">OP13-080] (1 Total)
RZ1|285|1|Don|5|8|9|0|1|1|0|0|0
RZ1|CHK|285|1|29|6|3|2|1|8|9|1|1|1
[You] Attach 1 Don to St. Ethanbaron V. Nusjuro ["OP13-080">OP13-080] (2 Total)
RZ1|286|1|Don|5|7|9|1|1|1|0|0|0
RZ1|CHK|286|1|29|6|3|2|1|7|9|1|1|2
[You] St. Ethanbaron V. Nusjuro ["OP13-080">OP13-080] attacking Eustass "Captain" Kid ["OP10-099">OP10-099]
St. Ethanbaron V. Nusjuro ["OP13-080">OP13-080][7000] vs Eustass "Captain" Kid ["OP10-099">OP10-099][5000]
Eustass "Captain" Kid ["OP10-099">OP10-099] hit for 1 damage
RZ1|287|2|ST36-001|3|4|1|5|1|1|0|0|0
RZ1|CHK|287|2|35|6|1|4|2|6|4|0|1|2
[You] Attach 1 Don to Imu ["OP13-079">OP13-079] (1 Total)
RZ1|288|1|Don|5|6|9|9900|1|1|0|0|0
RZ1|CHK|288|1|29|6|3|2|1|6|9|1|1|3
[You] Attach 1 Don to Imu ["OP13-079">OP13-079] (2 Total)
RZ1|289|1|Don|5|5|9|9901|1|1|0|0|0
RZ1|CHK|289|1|29|6|3|2|1|5|9|1|1|4
[You] Imu ["OP13-079">OP13-079] attacking Eustass "Captain" Kid ["OP10-099">OP10-099]
Imu ["OP13-079">OP13-079][7000] vs Eustass "Captain" Kid ["OP10-099">OP10-099][5000]
Eustass "Captain" Kid ["OP10-099">OP10-099] hit for 1 damage
RZ1|290|2|ST36-002|3|3|1|6|1|1|0|0|0
RZ1|CHK|290|2|35|7|1|3|2|6|4|0|1|2
[] Hand: [OP14-096,OP13-098,OP13-092,OP13-082,OP13-082,OP13-092]
[] Board: [OP13-080,OP13-089,OP13-089]
[] Trash: [OP13-089,OP13-091,OP13-080,OP13-084,OP14-096,OP13-083,OP13-096,OP13-091,OP05-097]
[] Life: 2
[] Hand: [OP10-109,ST36-004,ST36-003,ST36-005,ST36-005,ST36-001,ST36-002]
[] Trash: [OP10-116,OP15-105,OP15-105,OP10-111]
[] Board: [OP10-119]
[] Life: 3
[You] End Turn
[] Hand: [OP10-109,ST36-004,ST36-003,ST36-005,ST36-005,ST36-001,ST36-002]
[] Board: [OP10-119]
[] Trash: [OP10-116,OP15-105,OP15-105,OP10-111]
[] Life: 3
[] Hand: [OP14-096,OP13-098,OP13-092,OP13-082,OP13-082,OP13-092]
[] Trash: [OP13-089,OP13-091,OP13-080,OP13-084,OP14-096,OP13-083,OP13-096,OP13-091,OP05-097]
[] Board: [OP13-080,OP13-089,OP13-089]
[] Life: 2
RZ1|291|2|Don|9|9900|5|0|1|1|1|0|0
RZ1|CHK|291|2|35|7|1|3|2|7|4|0|1|1
RZ1|292|2|Don|9|9900|5|0|1|1|1|0|0
RZ1|CHK|292|2|35|7|1|3|2|8|4|0|1|0
[Opponent] Draw 1 Card
[] Drew card from deck: Eustass "Captain" Kid ["ST36-005">ST36-005]
RZ1|293|2|ST36-005|0|34|1|7|1|1|0|0|0
RZ1|CHK|293|2|34|8|1|3|2|8|4|0|1|0
RZ1|294|2|Don|4|1|5|8|1|1|0|0|0
RZ1|CHK|294|2|34|8|1|3|1|9|4|0|1|0
RZ1|295|2|Don|4|0|5|9|1|1|0|0|0
RZ1|CHK|295|2|34|8|1|3|0|10|4|0|1|0
[Opponent] Draw 2 Don
RZ1|296|2|Don|5|0|9|9900|1|1|0|0|0
RZ1|CHK|296|2|34|8|1|3|0|9|4|0|1|1
RZ1|297|2|Don|5|0|9|9901|1|1|0|0|0
RZ1|CHK|297|2|34|8|1|3|0|8|4|0|1|2
RZ1|298|2|Don|5|0|9|9902|1|1|0|0|0
RZ1|CHK|298|2|34|8|1|3|0|7|4|0|1|3
RZ1|299|2|Don|5|0|9|9903|1|1|0|0|0
RZ1|CHK|299|2|34|8|1|3|0|6|4|0|1|4
RZ1|300|2|Don|5|0|9|9904|1|1|0|0|0
RZ1|CHK|300|2|34|8|1|3|0|5|4|0|1|5
RZ1|301|2|Don|5|0|9|9905|1|1|0|0|0
RZ1|CHK|301|2|34|8|1|3|0|4|4|0|1|6
RZ1|302|2|Don|5|0|9|9906|1|1|0|0|0
RZ1|CHK|302|2|34|8|1|3|0|3|4|0|1|7
RZ1|303|2|Don|5|0|9|9907|1|1|0|0|0
RZ1|CHK|303|2|34|8|1|3|0|2|4|0|1|8
[Opponent] Attach 8 Don to Eustass "Captain" Kid ["OP10-099">OP10-099] (8 Total)
[Opponent] Eustass "Captain" Kid ["OP10-099">OP10-099] attacking St. Ethanbaron V. Nusjuro ["OP13-080">OP13-080]
[You] St. Topman Warcury ["OP13-089">OP13-089] Blocks
Eustass "Captain" Kid ["OP10-099">OP10-099][13000] vs St. Topman Warcury ["OP13-089">OP13-089][5000]
[You] St. Topman Warcury ["OP13-089">OP13-089] Destroyed
RZ1|304|1|OP13-089|2|1|6|9|1|1|0|0|0
RZ1|CHK|304|1|29|6|2|2|1|5|10|1|1|4
[] Drew card from deck: Ground Death ["OP14-096">OP14-096]
RZ1|305|1|OP14-096|0|28|1|6|1|1|0|0|0
RZ1|CHK|305|1|28|7|2|2|1|5|10|1|1|4
[You] St. Topman Warcury ["OP13-089">OP13-089]: Draw 1 Card
RZ1|306|2|Don|5|0|9|0|1|1|0|0|0
RZ1|CHK|306|2|34|8|1|3|0|1|4|0|1|9
RZ1|307|2|Don|5|0|9|1|1|1|0|0|0
RZ1|CHK|307|2|34|8|1|3|0|0|4|0|1|10
[Opponent] Attach 2 Don to Trafalgar Law ["OP10-119">OP10-119] (2 Total)
[Opponent] Trafalgar Law ["OP10-119">OP10-119] attacking St. Ethanbaron V. Nusjuro ["OP13-080">OP13-080]
[You] St. Topman Warcury ["OP13-089">OP13-089] Blocks
Trafalgar Law ["OP10-119">OP10-119][11000] vs St. Topman Warcury ["OP13-089">OP13-089][5000]
[You] St. Topman Warcury ["OP13-089">OP13-089] Destroyed
RZ1|308|1|OP13-089|2|1|6|10|1|1|0|0|0
RZ1|CHK|308|1|28|7|1|2|1|5|11|1|1|4
[] Drew card from deck: St. Shepherd Ju Peter ["OP13-084">OP13-084]
RZ1|309|1|OP13-084|0|27|1|7|1|1|0|0|0
RZ1|CHK|309|1|27|8|1|2|1|5|11|1|1|4
[You] St. Topman Warcury ["OP13-089">OP13-089]: Draw 1 Card
[] Hand: [OP10-109,ST36-004,ST36-003,ST36-005,ST36-005,ST36-001,ST36-002,ST36-005]
[] Board: [OP10-119]
[] Trash: [OP10-116,OP15-105,OP15-105,OP10-111]
[] Life: 3
[] Hand: [OP14-096,OP13-098,OP13-092,OP13-082,OP13-082,OP13-092,OP14-096,OP13-084]
[] Trash: [OP13-089,OP13-091,OP13-080,OP13-084,OP14-096,OP13-083,OP13-096,OP13-091,OP05-097,OP13-089,OP13-089]
[] Board: [OP13-080]
[] Life: 2
[Opponent] End Turn
[] Hand: [OP14-096,OP13-098,OP13-092,OP13-082,OP13-082,OP13-092,OP14-096,OP13-084]
[] Board: [OP13-080]
[] Trash: [OP13-089,OP13-091,OP13-080,OP13-084,OP14-096,OP13-083,OP13-096,OP13-091,OP05-097,OP13-089,OP13-089]
[] Life: 2
[] Hand: [OP10-109,ST36-004,ST36-003,ST36-005,ST36-005,ST36-001,ST36-002,ST36-005]
[] Trash: [OP10-116,OP15-105,OP15-105,OP10-111]
[] Board: [OP10-119]
[] Life: 3
RZ1|310|1|Don|9|9900|5|0|1|1|1|0|0
RZ1|CHK|310|1|27|8|1|2|1|6|11|1|1|3
RZ1|311|1|Don|9|9900|5|0|1|1|1|0|0
RZ1|CHK|311|1|27|8|1|2|1|7|11|1|1|2
RZ1|312|1|Don|9|0|5|0|1|1|1|0|0
RZ1|CHK|312|1|27|8|1|2|1|8|11|1|1|1
RZ1|313|1|Don|9|0|5|0|1|1|1|0|0
RZ1|CHK|313|1|27|8|1|2|1|9|11|1|1|0
[You] Draw 1 Card
[] Drew card from deck: St. Mjosgard ["OP13-092">OP13-092]
RZ1|314|1|OP13-092|0|26|1|8|1|1|0|0|0
RZ1|CHK|314|1|26|9|1|2|1|9|11|1|1|0
RZ1|315|1|Don|4|0|5|9|1|1|0|0|0
RZ1|CHK|315|1|26|9|1|2|0|10|11|1|1|0
[You] Draw 2 Don
RZ1|316|1|OP13-084|1|7|6|11|1|1|0|0|0
RZ1|CHK|316|1|26|8|1|2|0|10|12|1|1|0
[You] Imu ["OP13-079">OP13-079]: Trash St. Shepherd Ju Peter ["OP13-084">OP13-084]
[] Drew card from deck: St. Jaygarcia Saturn ["OP13-083">OP13-083]
RZ1|317|1|OP13-083|0|25|1|8|1|1|0|0|0
RZ1|CHK|317|1|25|9|1|2|0|10|12|1|1|0
[You] Imu ["OP13-079">OP13-079]: Draw 1 Card
RZ1|318|1|Don|5|0|5|0|1|1|1|0|0
RZ1|CHK|318|1|25|9|1|2|0|10|12|1|1|0
RZ1|319|1|Don|5|1|5|1|1|1|1|0|0
RZ1|CHK|319|1|25|9|1|2|0|10|12|1|1|0
RZ1|320|1|Don|5|2|5|2|1|1|1|0|0
RZ1|CHK|320|1|25|9|1|2|0|10|12|1|1|0
RZ1|321|1|Don|5|3|5|3|1|1|1|0|0
RZ1|CHK|321|1|25|9|1|2|0|10|12|1|1|0
[You] Deploy St. Jaygarcia Saturn ["OP13-083">OP13-083]
RZ1|322|1|OP13-083|1|8|2|1|1|1|0|0|0
RZ1|CHK|322|1|25|8|2|2|0|10|12|1|1|0
RZ1|323|1|OP13-083|0|24|1|8|1|1|0|0|0
RZ1|CHK|323|1|24|9|2|2|0|10|12|1|1|0
[You] St. Jaygarcia Saturn ["OP13-083">OP13-083]: <b>Reveal and Draw St. Jaygarcia Saturn ["OP13-083">OP13-083]</b>
[You] Placing Cards on Bottom of Deck
RZ1|324|1|OP16-093|0|23|0|0|0|0|0|0|0
RZ1|CHK|324|1|24|9|2|2|0|10|12|1|1|0
RZ1|325|1|OP14-096|0|23|0|0|0|0|0|0|0
RZ1|CHK|325|1|24|9|2|2|0|10|12|1|1|0
RZ1|326|1|OP13-086|0|23|0|0|0|0|0|0|0
RZ1|CHK|326|1|24|9|2|2|0|10|12|1|1|0
RZ1|327|1|OP16-093|0|23|0|0|0|0|0|0|0
RZ1|CHK|327|1|24|9|2|2|0|10|12|1|1|0
[You] Attach 1 Don to St. Ethanbaron V. Nusjuro ["OP13-080">OP13-080] (1 Total)
RZ1|328|1|Don|5|9|9|0|1|1|0|0|0
RZ1|CHK|328|1|24|9|2|2|0|9|12|1|1|1
[You] St. Ethanbaron V. Nusjuro ["OP13-080">OP13-080] attacking Eustass "Captain" Kid ["OP10-099">OP10-099]
[You] St. Ethanbaron V. Nusjuro ["OP13-080">OP13-080]: Buff Trafalgar Law ["OP10-119">OP10-119] -2000
St. Ethanbaron V. Nusjuro ["OP13-080">OP13-080][6000] vs Eustass "Captain" Kid ["OP10-099">OP10-099][5000]
Eustass "Captain" Kid ["OP10-099">OP10-099] hit for 1 damage
RZ1|329|2|OP10-112|3|2|1|8|1|1|0|0|0
RZ1|CHK|329|2|34|9|1|2|0|0|4|0|1|10
[You] The Empty Throne ["OP13-099">OP13-099]: Rest 3 Don
RZ1|330|1|Don|5|4|5|4|1|1|1|0|0
RZ1|CHK|330|1|24|9|2|2|0|9|12|1|1|1
RZ1|331|1|Don|5|5|5|5|1|1|1|0|0
RZ1|CHK|331|1|24|9|2|2|0|9|12|1|1|1
RZ1|332|1|Don|5|6|5|6|1|1|1|0|0
RZ1|CHK|332|1|24|9|2|2|0|9|12|1|1|1
[You] The Empty Throne ["OP13-099">OP13-099]: Rest The Empty Throne ["OP13-099">OP13-099]
RZ1|333|1|OP13-082|1|3|2|2|1|1|0|0|0
RZ1|CHK|333|1|24|8|3|2|0|9|12|1|1|1
[You] The Empty Throne ["OP13-099">OP13-099]: Deploy Five Elders ["OP13-082">OP13-082]
[You] Five Elders ["OP13-082">OP13-082]: Rest 1 Don
RZ1|334|1|Don|5|7|5|7|1|1|1|0|0
RZ1|CHK|334|1|24|8|3|2|0|9|12|1|1|1
RZ1|335|1|OP14-096|1|5|6|12|1|1|0|0|0
RZ1|CHK|335|1|24|7|3|2|0|9|13|1|1|1
[You] Five Elders ["OP13-082">OP13-082]: Trash Ground Death ["OP14-096">OP14-096]
RZ1|336|1|Don|9|0|5|0|1|1|1|0|0
RZ1|CHK|336|1|24|7|3|2|0|10|13|1|1|0
RZ1|337|1|OP13-080|2|0|6|13|1|1|0|0|0
RZ1|CHK|337|1|24|7|2|2|0|10|14|1|1|0
[You] Five Elders ["OP13-082">OP13-082]: Trash St. Ethanbaron V. Nusjuro ["OP13-080">OP13-080]
RZ1|338|1|OP13-083|2|0|6|14|1|1|0|0|0
RZ1|CHK|338|1|24|7|1|2|0|10|15|1|1|0
[You] Five Elders ["OP13-082">OP13-082]: Trash St. Jaygarcia Saturn ["OP13-083">OP13-083]
RZ1|339|1|OP13-082|2|0|6|15|1|1|0|0|0
RZ1|CHK|339|1|24|7|0|2|0|10|16|1|1|0
[You] Five Elders ["OP13-082">OP13-082]: Trash Five Elders ["OP13-082">OP13-082]
[You] Five Elders ["OP13-082">OP13-082]: Deployed St. Ethanbaron V. Nusjuro ["OP13-080">OP13-080] from Trash
RZ1|340|1|OP13-080|6|13|2|0|1|1|0|0|0
RZ1|CHK|340|1|24|7|1|2|0|10|15|1|1|0
[You] Five Elders ["OP13-082">OP13-082]: Deployed St. Shepherd Ju Peter ["OP13-084">OP13-084] from Trash
RZ1|341|1|OP13-084|6|11|2|1|1|1|0|2000|0
RZ1|CHK|341|1|24|7|2|2|0|10|14|1|1|0
[You] Five Elders ["OP13-082">OP13-082]: Deployed St. Topman Warcury ["OP13-089">OP13-089] from Trash
RZ1|342|1|OP13-089|6|10|2|2|1|1|0|2000|0
RZ1|CHK|342|1|24|7|3|2|0|10|13|1|1|0
[You] Five Elders ["OP13-082">OP13-082]: Deployed St. Marcus Mars ["OP13-091">OP13-091] from Trash
RZ1|343|1|OP13-091|6|7|2|3|1|1|0|2000|0
RZ1|CHK|343|1|24|7|4|2|0|10|12|1|1|0
[You] Five Elders ["OP13-082">OP13-082]: Deployed St. Jaygarcia Saturn ["OP13-083">OP13-083] from Trash
RZ1|344|1|OP13-083|6|5|2|4|1|1|0|2000|0
RZ1|CHK|344|1|24|7|5|2|0|10|11|1|1|0
RZ1|345|1|OP13-098|0|22|1|7|1|1|0|0|0
RZ1|CHK|345|1|23|8|5|2|0|10|11|1|1|0
[You] St. Jaygarcia Saturn ["OP13-083">OP13-083]: <b>Reveal and Draw ...Never Existed... ["OP13-098">OP13-098]</b>
[You] Placing Cards on Bottom of Deck
RZ1|346|1|OP13-086|0|22|0|0|0|0|0|0|0
RZ1|CHK|346|1|23|8|5|2|0|10|11|1|1|0
RZ1|347|1|OP16-093|0|22|0|0|0|0|0|0|0
RZ1|CHK|347|1|23|8|5|2|0|10|11|1|1|0
RZ1|348|1|OP13-083|0|22|0|0|0|0|0|0|0
RZ1|CHK|348|1|23|8|5|2|0|10|11|1|1|0
RZ1|349|1|OP13-096|0|22|0|0|0|0|0|0|0
RZ1|CHK|349|1|23|8|5|2|0|10|11|1|1|0
[You] Attach 1 Don to Imu ["OP13-079">OP13-079] (1 Total)
RZ1|350|1|Don|5|9|9|9900|1|1|0|0|0
RZ1|CHK|350|1|23|8|5|2|0|9|11|1|1|1
[You] Imu ["OP13-079">OP13-079] attacking Eustass "Captain" Kid ["OP10-099">OP10-099]
Imu ["OP13-079">OP13-079][6000] vs Eustass "Captain" Kid ["OP10-099">OP10-099][5000]
Eustass "Captain" Kid ["OP10-099">OP10-099] hit for 1 damage
RZ1|351|2|OP12-117|3|1|1|9|1|1|0|0|0
RZ1|CHK|351|2|34|10|1|1|0|0|4|0|1|10
[You] St. Ethanbaron V. Nusjuro ["OP13-080">OP13-080] attacking Trafalgar Law ["OP10-119">OP10-119]
[You] St. Ethanbaron V. Nusjuro ["OP13-080">OP13-080]: Buff Trafalgar Law ["OP10-119">OP10-119] -2000
St. Ethanbaron V. Nusjuro ["OP13-080">OP13-080][7000] vs Trafalgar Law ["OP10-119">OP10-119][5000]
[Opponent] Trafalgar Law ["OP10-119">OP10-119] Destroyed
RZ1|352|2|Don|9|0|5|0|1|1|1|0|0
RZ1|CHK|352|2|34|10|1|1|0|1|4|0|1|9
RZ1|353|2|Don|9|0|5|0|1|1|1|0|0
RZ1|CHK|353|2|34|10|1|1|0|2|4|0|1|8
RZ1|354|2|OP10-119|2|0|6|4|1|1|0|0|0
RZ1|CHK|354|2|34|10|0|1|0|2|5|0|1|8
[] Hand: [OP14-096,OP13-098,OP13-092,OP13-082,OP13-092,OP13-092,OP13-083,OP13-098]
[] Board: [OP13-080,OP13-084,OP13-089,OP13-091,OP13-083]
[] Trash: [OP13-089,OP13-091,OP13-080,OP13-084,OP14-096,OP13-096,OP05-097,OP13-089,OP14-096,OP13-083,OP13-082]
[] Life: 2
[] Hand: [OP10-109,ST36-004,ST36-003,ST36-005,ST36-005,ST36-001,ST36-002,ST36-005,OP10-112,OP12-117]
[] Trash: [OP10-116,OP15-105,OP15-105,OP10-111,OP10-119]
[] Board: []
[] Life: 1
[You] End Turn
[] Hand: [OP10-109,ST36-004,ST36-003,ST36-005,ST36-005,ST36-001,ST36-002,ST36-005,OP10-112,OP12-117]
[] Board: []
[] Trash: [OP10-116,OP15-105,OP15-105,OP10-111,OP10-119]
[] Life: 1
[] Hand: [OP14-096,OP13-098,OP13-092,OP13-082,OP13-092,OP13-092,OP13-083,OP13-098]
[] Trash: [OP13-089,OP13-091,OP13-080,OP13-084,OP14-096,OP13-096,OP05-097,OP13-089,OP14-096,OP13-083,OP13-082]
[] Board: [OP13-080,OP13-084,OP13-089,OP13-091,OP13-083]
[] Life: 2
RZ1|355|2|Don|9|9900|5|0|1|1|1|0|0
RZ1|CHK|355|2|34|10|0|1|0|3|5|0|1|7
RZ1|356|2|Don|9|9900|5|0|1|1|1|0|0
RZ1|CHK|356|2|34|10|0|1|0|4|5|0|1|6
RZ1|357|2|Don|9|9900|5|0|1|1|1|0|0
RZ1|CHK|357|2|34|10|0|1|0|5|5|0|1|5
RZ1|358|2|Don|9|9900|5|0|1|1|1|0|0
RZ1|CHK|358|2|34|10|0|1|0|6|5|0|1|4
RZ1|359|2|Don|9|9900|5|0|1|1|1|0|0
RZ1|CHK|359|2|34|10|0|1|0|7|5|0|1|3
RZ1|360|2|Don|9|9900|5|0|1|1|1|0|0
RZ1|CHK|360|2|34|10|0|1|0|8|5|0|1|2
RZ1|361|2|Don|9|9900|5|0|1|1|1|0|0
RZ1|CHK|361|2|34|10|0|1|0|9|5|0|1|1
RZ1|362|2|Don|9|9900|5|0|1|1|1|0|0
RZ1|CHK|362|2|34|10|0|1|0|10|5|0|1|0
[Opponent] Draw 1 Card
[] Drew card from deck: X. Drake ["OP10-114">OP10-114]
RZ1|363|2|OP10-114|0|33|1|10|1|1|0|0|0
RZ1|CHK|363|2|33|11|0|1|0|10|5|0|1|0
RZ1|364|2|Don|5|0|5|0|1|1|1|0|0
RZ1|CHK|364|2|33|11|0|1|0|10|5|0|1|0
RZ1|365|2|Don|5|1|5|1|1|1|1|0|0
RZ1|CHK|365|2|33|11|0|1|0|10|5|0|1|0
RZ1|366|2|Don|5|2|5|2|1|1|1|0|0
RZ1|CHK|366|2|33|11|0|1|0|10|5|0|1|0
[Opponent] Deploy X. Drake ["OP10-114">OP10-114]
RZ1|367|2|OP10-114|1|10|2|0|1|1|0|0|0
RZ1|CHK|367|2|33|10|1|1|0|10|5|0|1|0
[Opponent] Eustass "Captain" Kid ["OP10-099">OP10-099] attacking St. Ethanbaron V. Nusjuro ["OP13-080">OP13-080]
[You] St. Topman Warcury ["OP13-089">OP13-089] Blocks
Eustass "Captain" Kid ["OP10-099">OP10-099][5000] vs St. Topman Warcury ["OP13-089">OP13-089][5000]
[You] St. Topman Warcury ["OP13-089">OP13-089] Destroyed
RZ1|368|1|OP13-089|2|2|6|11|1|1|0|0|0
RZ1|CHK|368|1|23|8|4|2|0|9|12|1|1|1
[] Drew card from deck: St. Shalria ["OP13-086">OP13-086]
RZ1|369|1|OP13-086|0|22|1|8|1|1|0|0|0
RZ1|CHK|369|1|22|9|4|2|0|9|12|1|1|1
[You] St. Topman Warcury ["OP13-089">OP13-089]: Draw 1 Card
RZ1|370|2|Don|5|3|5|3|1|1|1|0|0
RZ1|CHK|370|2|33|10|1|1|0|10|5|0|1|0
RZ1|371|2|Don|5|4|5|4|1|1|1|0|0
RZ1|CHK|371|2|33|10|1|1|0|10|5|0|1|0
RZ1|372|2|Don|5|5|5|5|1|1|1|0|0
RZ1|CHK|372|2|33|10|1|1|0|10|5|0|1|0
RZ1|373|2|Don|5|6|5|6|1|1|1|0|0
RZ1|CHK|373|2|33|10|1|1|0|10|5|0|1|0
[Opponent] Deploy Basil Hawkins ["OP10-109">OP10-109]
RZ1|374|2|OP10-109|1|0|2|1|1|1|0|0|0
RZ1|CHK|374|2|33|9|2|1|0|10|5|0|1|0
[Opponent] X. Drake ["OP10-114">OP10-114]: Rest X. Drake ["OP10-114">OP10-114]
[Opponent] X. Drake ["OP10-114">OP10-114]: Rest St. Jaygarcia Saturn ["OP13-083">OP13-083]
[] Hand: [ST36-004,ST36-003,ST36-005,ST36-005,ST36-001,ST36-002,ST36-005,OP10-112,OP12-117]
[] Board: [OP10-114,OP10-109]
[] Trash: [OP10-116,OP15-105,OP15-105,OP10-111,OP10-119]
[] Life: 1
[] Hand: [OP14-096,OP13-098,OP13-092,OP13-082,OP13-092,OP13-092,OP13-083,OP13-098,OP13-086]
[] Trash: [OP13-089,OP13-091,OP13-080,OP13-084,OP14-096,OP13-096,OP05-097,OP13-089,OP14-096,OP13-083,OP13-082,OP13-089]
[] Board: [OP13-080,OP13-084,OP13-091,OP13-083]
[] Life: 2
[Opponent] End Turn
[] Hand: [OP14-096,OP13-098,OP13-092,OP13-082,OP13-092,OP13-092,OP13-083,OP13-098,OP13-086]
[] Board: [OP13-080,OP13-084,OP13-091,OP13-083]
[] Trash: [OP13-089,OP13-091,OP13-080,OP13-084,OP14-096,OP13-096,OP05-097,OP13-089,OP14-096,OP13-083,OP13-082,OP13-089]
[] Life: 2
[] Hand: [ST36-004,ST36-003,ST36-005,ST36-005,ST36-001,ST36-002,ST36-005,OP10-112,OP12-117]
[] Trash: [OP10-116,OP15-105,OP15-105,OP10-111,OP10-119]
[] Board: [OP10-114,OP10-109]
[] Life: 1
RZ1|375|1|Don|9|9900|5|0|1|1|1|0|0
RZ1|CHK|375|1|22|9|4|2|0|10|12|1|1|0
[You] Draw 1 Card
[] Drew card from deck: St. Ethanbaron V. Nusjuro ["OP13-080">OP13-080]
RZ1|376|1|OP13-080|0|21|1|9|1|1|0|0|0
RZ1|CHK|376|1|21|10|4|2|0|10|12|1|1|0
[You] Attach 1 Don to St. Jaygarcia Saturn ["OP13-083">OP13-083] (1 Total)
RZ1|377|1|Don|5|9|9|300|1|1|0|0|0
RZ1|CHK|377|1|21|10|4|2|0|9|12|1|1|1
[You] St. Jaygarcia Saturn ["OP13-083">OP13-083] attacking Eustass "Captain" Kid ["OP10-099">OP10-099]
St. Jaygarcia Saturn ["OP13-083">OP13-083][8000] vs Eustass "Captain" Kid ["OP10-099">OP10-099][5000]
Eustass "Captain" Kid ["OP10-099">OP10-099] hit for 1 damage
RZ1|378|2|ST36-002|3|0|1|9|1|1|0|0|0
RZ1|CHK|378|2|33|10|2|0|0|10|5|0|1|0
[You] Attach 1 Don to St. Marcus Mars ["OP13-091">OP13-091] (1 Total)
RZ1|379|1|Don|5|8|9|200|1|1|0|0|0
RZ1|CHK|379|1|21|10|4|2|0|8|12|1|1|2
[You] St. Marcus Mars ["OP13-091">OP13-091] attacking Eustass "Captain" Kid ["OP10-099">OP10-099]
St. Marcus Mars ["OP13-091">OP13-091][8000] vs Eustass "Captain" Kid ["OP10-099">OP10-099][5000]
Eustass "Captain" Kid ["OP10-099">OP10-099] hit for 1 damage
[Opponent] <b>Downloaded the Combat Log!</b>
GameOver