Waiting for a Connection with Room ID:FRLT79
Karlmalone​#2854 Has Connected
Version is 1.40a.60
[Karlmalone​#2854] Leader is Imu ["OP13-079">OP13-079]
Sebs​#6211 Has Connected
Version is 1.40a.60
[Sebs​#6211] Leader is Monkey D. Luffy ["OP11-040">OP11-040]
[Sebs​#6211] Chose to go Second
[Sebs​#6211] Drew card from deck: Boa Hancock ["OP07-051">OP07-051]
RZ1|6|2|OP07-051|0|49|1|0|0|1|0|0|0
[Sebs​#6211] Drew card from deck: Sanji ["OP06-119">OP06-119]
RZ1|7|2|OP06-119|0|48|1|1|0|1|0|0|0
[Sebs​#6211] Drew card from deck: Usohachi ["ST18-001">ST18-001]
RZ1|8|2|ST18-001|0|47|1|2|0|1|0|0|0
[Sebs​#6211] Drew card from deck: Usohachi ["ST18-001">ST18-001]
RZ1|9|2|ST18-001|0|46|1|3|0|1|0|0|0
[Sebs​#6211] Drew card from deck: Zorojuro ["OP05-067">OP05-067]
RZ1|10|2|OP05-067|0|45|1|4|0|1|0|0|0
[Karlmalone​#2854] Imu ["OP13-079">OP13-079]: Deploy The Empty Throne ["OP13-099">OP13-099]
[Karlmalone​#2854] Drew card from deck: Bartholomew Kuma ["OP16-093">OP16-093]
RZ1|11|1|OP16-093|0|48|1|0|1|1|0|0|0
[Karlmalone​#2854] Drew card from deck: St. Shepherd Ju Peter ["OP13-084">OP13-084]
RZ1|12|1|OP13-084|0|47|1|1|1|1|0|0|0
[Karlmalone​#2854] Drew card from deck: St. Shepherd Ju Peter ["OP13-084">OP13-084]
RZ1|13|1|OP13-084|0|46|1|2|1|1|0|0|0
[Karlmalone​#2854] Drew card from deck: Five Elders ["OP13-082">OP13-082]
RZ1|14|1|OP13-082|0|45|1|3|1|1|0|0|0
[Karlmalone​#2854] Drew card from deck: Bartholomew Kuma ["OP16-093">OP16-093]
RZ1|15|1|OP16-093|0|44|1|4|1|1|0|0|0
[Karlmalone​#2854] Hand before Mulligan: [OP16-093,OP13-084,OP13-084,OP13-082,OP16-093]
RZ1|16|2|OP07-051|1|0|0|45|0|0|0|0|0
RZ1|17|2|OP06-119|1|0|0|46|0|0|0|0|0
RZ1|18|2|ST18-001|1|0|0|47|0|0|0|0|0
RZ1|19|2|ST18-001|1|0|0|48|0|0|0|0|0
RZ1|20|2|OP05-067|1|0|0|49|0|0|0|0|0
[Sebs​#6211] Drew card from deck: Nami ["OP11-054">OP11-054]
RZ1|21|2|OP11-054|0|49|1|0|0|1|0|0|0
[Sebs​#6211] Drew card from deck: Nami ["OP11-054">OP11-054]
RZ1|22|2|OP11-054|0|48|1|1|0|1|0|0|0
[Sebs​#6211] Drew card from deck: Sanji ["OP06-119">OP06-119]
RZ1|23|2|OP06-119|0|47|1|2|0|1|0|0|0
[Sebs​#6211] Drew card from deck: Gum Gum Giant ["OP09-078">OP09-078]
RZ1|24|2|OP09-078|0|46|1|3|0|1|0|0|0
[Sebs​#6211] Drew card from deck: Nami ["OP11-054">OP11-054]
RZ1|25|2|OP11-054|0|45|1|4|0|1|0|0|0
[Sebs​#6211] Mulligan
RZ1|26|1|OP16-093|1|0|0|44|0|0|0|0|0
RZ1|27|1|OP13-084|1|0|0|45|0|0|0|0|0
RZ1|28|1|OP13-084|1|0|0|46|0|0|0|0|0
RZ1|29|1|OP13-082|1|0|0|47|0|0|0|0|0
RZ1|30|1|OP16-093|1|0|0|48|0|0|0|0|0
[Karlmalone​#2854] Drew card from deck: Bartholomew Kuma ["OP16-093">OP16-093]
RZ1|31|1|OP16-093|0|48|1|0|1|1|0|0|0
[Karlmalone​#2854] Drew card from deck: Ground Death ["OP14-096">OP14-096]
RZ1|32|1|OP14-096|0|47|1|1|1|1|0|0|0
[Karlmalone​#2854] Drew card from deck: Five Elders ["OP13-082">OP13-082]
RZ1|33|1|OP13-082|0|46|1|2|1|1|0|0|0
[Karlmalone​#2854] Drew card from deck: The Five Elders... Are At Your Service ["OP13-096">OP13-096]
RZ1|34|1|OP13-096|0|45|1|3|1|1|0|0|0
[Karlmalone​#2854] Drew card from deck: St. Ethanbaron V. Nusjuro ["OP13-080">OP13-080]
RZ1|35|1|OP13-080|0|44|1|4|1|1|0|0|0
[Karlmalone​#2854] Hand after Mulligan: [OP16-093,OP14-096,OP13-082,OP13-096,OP13-080]
[Karlmalone​#2854] Mulligan
[Karlmalone​#2854] Hand: [OP16-093,OP14-096,OP13-082,OP13-096,OP13-080]
[Karlmalone​#2854] Board: []
[Karlmalone​#2854] Trash: []
[Karlmalone​#2854] Life: 4
[Sebs​#6211] Hand: [OP11-054,OP11-054,OP06-119,OP09-078,OP11-054]
[Sebs​#6211] Trash: []
[Sebs​#6211] Board: []
[Sebs​#6211] Life: 3
RZ1|36|1|Don|4|9|5|0|1|1|0|0|0
[Karlmalone​#2854] Draw 1 Don
[Karlmalone​#2854] The Five Elders... Are At Your Service ["OP13-096">OP13-096]: Rest 1 Don
RZ1|37|1|Don|5|0|5|0|1|1|1|0|0
RZ1|38|1|OP13-096|1|3|6|0|1|1|0|0|0
RZ1|39|1|OP13-092|0|37|1|4|1|1|0|0|0
[Karlmalone​#2854] The Five Elders... Are At Your Service ["OP13-096">OP13-096]: <b>Reveal and Draw St. Mjosgard ["OP13-092">OP13-092]</b>
[Karlmalone​#2854] The Five Elders... Are At Your Service ["OP13-096">OP13-096]: Trash 2 Remaining Cards
[Karlmalone​#2854] Hand: [OP16-093,OP14-096,OP13-082,OP13-080,OP13-092]
[Karlmalone​#2854] Board: []
[Karlmalone​#2854] Trash: [OP13-096,OP13-091,OP13-091]
[Karlmalone​#2854] Life: 4
[Sebs​#6211] Hand: [OP11-054,OP11-054,OP06-119,OP09-078,OP11-054]
[Sebs​#6211] Trash: []
[Sebs​#6211] Board: []
[Sebs​#6211] Life: 3
[Karlmalone​#2854] End Turn
[Sebs​#6211] Draw 1 Card
[Sebs​#6211] Drew card from deck: Boa Hancock ["OP07-051">OP07-051]
RZ1|40|2|OP07-051|0|41|1|5|0|1|0|0|0
RZ1|41|2|Don|4|9|5|0|1|1|0|0|0
RZ1|42|2|Don|4|8|5|1|1|1|0|0|0
[Sebs​#6211] Draw 2 Don
[Sebs​#6211] End Turn
[Karlmalone​#2854] Hand: [OP16-093,OP14-096,OP13-082,OP13-080,OP13-092]
[Karlmalone​#2854] Board: []
[Karlmalone​#2854] Trash: [OP13-096,OP13-091,OP13-091]
[Karlmalone​#2854] Life: 4
[Sebs​#6211] Hand: [OP11-054,OP11-054,OP06-119,OP09-078,OP11-054,OP07-051]
[Sebs​#6211] Trash: []
[Sebs​#6211] Board: []
[Sebs​#6211] Life: 3
[Karlmalone​#2854] Draw 1 Card
[Karlmalone​#2854] Drew card from deck: St. Jaygarcia Saturn ["OP13-083">OP13-083]
RZ1|43|1|OP13-083|0|36|1|5|1|1|0|0|0
RZ1|44|1|Don|4|8|5|1|1|1|0|0|0
RZ1|45|1|Don|4|7|5|2|1|1|0|0|0
[Karlmalone​#2854] Draw 2 Don
RZ1|46|1|Don|5|0|5|0|1|1|1|0|0
RZ1|47|1|Don|5|1|5|1|1|1|1|0|0
RZ1|48|1|Don|5|2|5|2|1|1|1|0|0
[Karlmalone​#2854] Deploy Bartholomew Kuma ["OP16-093">OP16-093]
RZ1|49|1|OP16-093|1|0|2|0|1|1|0|0|0
[Karlmalone​#2854] Drew card from deck: ...Never Existed... ["OP13-098">OP13-098]
RZ1|50|1|OP13-098|0|35|1|5|1|1|0|0|0
[Karlmalone​#2854] Drew card from deck: St. Mjosgard ["OP13-092">OP13-092]
RZ1|51|1|OP13-092|0|34|1|6|1|1|0|0|0
[Karlmalone​#2854] Bartholomew Kuma ["OP16-093">OP16-093]: Draw 2 Card
RZ1|52|1|OP13-092|1|6|6|3|1|1|0|0|0
[Karlmalone​#2854] Bartholomew Kuma ["OP16-093">OP16-093]: Trash St. Mjosgard ["OP13-092">OP13-092]
RZ1|53|1|OP14-096|1|0|6|4|1|1|0|0|0
[Karlmalone​#2854] Bartholomew Kuma ["OP16-093">OP16-093]: Trash Ground Death ["OP14-096">OP14-096]
[Karlmalone​#2854] Bartholomew Kuma ["OP16-093">OP16-093]: Attach 1 Rested Don to Imu ["OP13-079">OP13-079]
RZ1|54|1|Don|5|0|9|9900|1|1|1|0|0
[Karlmalone​#2854] Imu ["OP13-079">OP13-079] attacking Monkey D. Luffy ["OP11-040">OP11-040]
Imu ["OP13-079">OP13-079][6000] vs Monkey D. Luffy ["OP11-040">OP11-040][6000]
Monkey D. Luffy ["OP11-040">OP11-040] hit for 1 damage
[Karlmalone​#2854] Hand: [OP13-082,OP13-080,OP13-092,OP13-083,OP13-098]
[Karlmalone​#2854] Board: [OP16-093]
[Karlmalone​#2854] Trash: [OP13-096,OP13-091,OP13-091,OP13-092,OP14-096]
[Karlmalone​#2854] Life: 4
[Sebs​#6211] Hand: [OP11-054,OP11-054,OP06-119,OP09-078,OP11-054,OP07-051,OP06-119]
[Sebs​#6211] Trash: []
[Sebs​#6211] Board: []
[Sebs​#6211] Life: 2
[Karlmalone​#2854] End Turn
[Sebs​#6211] Draw 1 Card
[Sebs​#6211] Drew card from deck: Charlotte Linlin ["EB03-034">EB03-034]
RZ1|55|2|EB03-034|0|40|1|7|0|1|0|0|0
RZ1|56|2|Don|4|7|5|2|1|1|0|0|0
RZ1|57|2|Don|4|6|5|3|1|1|0|0|0
[Sebs​#6211] Draw 2 Don
[Sebs​#6211] Attach 2 Don to Monkey D. Luffy ["OP11-040">OP11-040] (2 Total)
RZ1|58|2|Don|5|2|9|9900|1|1|0|0|0
RZ1|59|2|Don|5|2|9|9901|1|1|0|0|0
[Sebs​#6211] Monkey D. Luffy ["OP11-040">OP11-040] attacking Imu ["OP13-079">OP13-079]
Monkey D. Luffy ["OP11-040">OP11-040][8000] vs Imu ["OP13-079">OP13-079][5000]
Imu ["OP13-079">OP13-079] hit for 1 damage
[Sebs​#6211] End Turn
[Karlmalone​#2854] Hand: [OP13-082,OP13-080,OP13-092,OP13-083,OP13-098,OP14-096]
[Karlmalone​#2854] Board: [OP16-093]
[Karlmalone​#2854] Trash: [OP13-096,OP13-091,OP13-091,OP13-092,OP14-096]
[Karlmalone​#2854] Life: 3
[Sebs​#6211] Hand: [OP11-054,OP11-054,OP06-119,OP09-078,OP11-054,OP07-051,OP06-119,EB03-034]
[Sebs​#6211] Trash: []
[Sebs​#6211] Board: []
[Sebs​#6211] Life: 2
RZ1|60|1|Don|9|9900|5|0|1|1|1|0|0
[Karlmalone​#2854] Draw 1 Card
[Karlmalone​#2854] Drew card from deck: St. Ethanbaron V. Nusjuro ["OP13-080">OP13-080]
RZ1|61|1|OP13-080|0|33|1|6|1|1|0|0|0
RZ1|62|1|Don|4|6|5|3|1|1|0|0|0
RZ1|63|1|Don|4|5|5|4|1|1|0|0|0
[Karlmalone​#2854] Draw 2 Don
[Karlmalone​#2854] The Empty Throne ["OP13-099">OP13-099]: Rest 3 Don
RZ1|64|1|Don|5|0|5|0|1|1|1|0|0
RZ1|65|1|Don|5|1|5|1|1|1|1|0|0
RZ1|66|1|Don|5|2|5|2|1|1|1|0|0
[Karlmalone​#2854] The Empty Throne ["OP13-099">OP13-099]: Rest The Empty Throne ["OP13-099">OP13-099]
RZ1|67|1|OP13-083|1|3|2|1|1|1|0|0|0
[Karlmalone​#2854] The Empty Throne ["OP13-099">OP13-099]: Deploy St. Jaygarcia Saturn ["OP13-083">OP13-083]
RZ1|68|1|OP13-084|0|30|1|6|1|1|0|0|0
[Karlmalone​#2854] St. Jaygarcia Saturn ["OP13-083">OP13-083]: <b>Reveal and Draw St. Shepherd Ju Peter ["OP13-084">OP13-084]</b>
[Karlmalone​#2854] Placing Cards on Bottom of Deck
[Karlmalone​#2854] Attach 1 Don to Bartholomew Kuma ["OP16-093">OP16-093] (1 Total)
RZ1|69|1|Don|5|4|9|0|1|1|0|0|0
[Karlmalone​#2854] Attach 1 Don to Bartholomew Kuma ["OP16-093">OP16-093] (2 Total)
RZ1|70|1|Don|5|3|9|1|1|1|0|0|0
[Karlmalone​#2854] Bartholomew Kuma ["OP16-093">OP16-093] attacking Monkey D. Luffy ["OP11-040">OP11-040]
[Sebs​#6211] Discard Nami ["OP11-054">OP11-054] for Counter 1000
RZ1|71|2|OP11-054|1|4|6|0|1|1|0|0|0
Bartholomew Kuma ["OP16-093">OP16-093][6000] vs Monkey D. Luffy ["OP11-040">OP11-040][7000]
Attack Fails
[Karlmalone​#2854] Hand: [OP13-082,OP13-080,OP13-092,OP13-098,OP14-096,OP13-080,OP13-084]
[Karlmalone​#2854] Board: [OP16-093,OP13-083]
[Karlmalone​#2854] Trash: [OP13-096,OP13-091,OP13-091,OP13-092,OP14-096]
[Karlmalone​#2854] Life: 3
[Sebs​#6211] Hand: [OP11-054,OP11-054,OP06-119,OP09-078,OP07-051,OP06-119,EB03-034]
[Sebs​#6211] Trash: [OP11-054]
[Sebs​#6211] Board: []
[Sebs​#6211] Life: 2
[Karlmalone​#2854] End Turn
RZ1|72|2|Don|9|9900|5|0|1|1|1|0|0
RZ1|73|2|Don|9|9900|5|0|1|1|1|0|0
[Sebs​#6211] Draw 1 Card
[Sebs​#6211] Drew card from deck: Mamaragan ["OP15-078">OP15-078]
RZ1|74|2|OP15-078|0|39|1|7|0|1|0|0|0
RZ1|75|2|Don|4|5|5|4|1|1|0|0|0
RZ1|76|2|Don|4|4|5|5|1|1|0|0|0
[Sebs​#6211] Draw 2 Don
RZ1|77|2|Don|5|0|5|0|1|1|1|0|0
RZ1|78|2|Don|5|1|5|1|1|1|1|0|0
RZ1|79|2|Don|5|2|5|2|1|1|1|0|0
RZ1|80|2|Don|5|3|5|3|1|1|1|0|0
RZ1|81|2|Don|5|4|5|4|1|1|1|0|0
RZ1|82|2|Don|5|5|5|5|1|1|1|0|0
[Sebs​#6211] Deploy Boa Hancock ["OP07-051">OP07-051]
RZ1|83|2|OP07-051|1|4|2|0|1|1|0|0|0
[Sebs​#6211] Boa Hancock ["OP07-051">OP07-051]: St. Jaygarcia Saturn ["OP13-083">OP13-083] can't attack next turn
[Sebs​#6211] Monkey D. Luffy ["OP11-040">OP11-040] attacking Imu ["OP13-079">OP13-079]
[Karlmalone​#2854] Discard St. Shepherd Ju Peter ["OP13-084">OP13-084] for Counter 2000
RZ1|84|1|OP13-084|1|6|6|5|1|1|0|0|0
Monkey D. Luffy ["OP11-040">OP11-040][6000] vs Imu ["OP13-079">OP13-079][7000]
Attack Fails
[Sebs​#6211] End Turn
[Karlmalone​#2854] Hand: [OP13-082,OP13-080,OP13-092,OP13-098,OP14-096,OP13-080]
[Karlmalone​#2854] Board: [OP16-093,OP13-083]
[Karlmalone​#2854] Trash: [OP13-096,OP13-091,OP13-091,OP13-092,OP14-096,OP13-084]
[Karlmalone​#2854] Life: 3
[Sebs​#6211] Hand: [OP11-054,OP11-054,OP06-119,OP09-078,OP06-119,EB03-034,OP15-078]
[Sebs​#6211] Trash: [OP11-054]
[Sebs​#6211] Board: [OP07-051]
[Sebs​#6211] Life: 2
RZ1|85|1|Don|9|0|5|0|1|1|1|0|0
RZ1|86|1|Don|9|0|5|0|1|1|1|0|0
[Karlmalone​#2854] Draw 1 Card
[Karlmalone​#2854] Drew card from deck: ...Never Existed... ["OP13-098">OP13-098]
RZ1|87|1|OP13-098|0|31|1|6|1|1|0|0|0
RZ1|88|1|Don|4|4|5|5|1|1|0|0|0
RZ1|89|1|Don|4|3|5|6|1|1|0|0|0
[Karlmalone​#2854] Draw 2 Don
[Karlmalone​#2854] The Empty Throne ["OP13-099">OP13-099]: Rest 3 Don
RZ1|90|1|Don|5|0|5|0|1|1|1|0|0
RZ1|91|1|Don|5|1|5|1|1|1|1|0|0
RZ1|92|1|Don|5|2|5|2|1|1|1|0|0
[Karlmalone​#2854] The Empty Throne ["OP13-099">OP13-099]: Rest The Empty Throne ["OP13-099">OP13-099]
RZ1|93|1|OP13-080|1|1|2|2|1|1|0|0|0
[Karlmalone​#2854] The Empty Throne ["OP13-099">OP13-099]: Deploy St. Ethanbaron V. Nusjuro ["OP13-080">OP13-080]
RZ1|94|1|OP14-096|1|3|6|6|1|1|0|0|0
[Karlmalone​#2854] Imu ["OP13-079">OP13-079]: Trash Ground Death ["OP14-096">OP14-096]
[Karlmalone​#2854] Drew card from deck: St. Ethanbaron V. Nusjuro ["OP13-080">OP13-080]
RZ1|95|1|OP13-080|0|30|1|5|1|1|0|0|0
[Karlmalone​#2854] Imu ["OP13-079">OP13-079]: Draw 1 Card
[Karlmalone​#2854] Attach 2 Don to Bartholomew Kuma ["OP16-093">OP16-093] (2 Total)
RZ1|96|1|Don|5|6|9|0|1|1|0|0|0
RZ1|97|1|Don|5|5|9|1|1|1|0|0|0
[Karlmalone​#2854] Bartholomew Kuma ["OP16-093">OP16-093] attacking Monkey D. Luffy ["OP11-040">OP11-040]
[Sebs​#6211] Mamaragan ["OP15-078">OP15-078]: Activate Counter
RZ1|98|2|OP15-078|1|6|6|1|1|1|0|0|0
[Sebs​#6211] Mamaragan ["OP15-078">OP15-078]: Buff Monkey D. Luffy ["OP11-040">OP11-040] 1000 for the Combat
[Sebs​#6211] Drew card from deck: Gol D. Roger ["P-107">P-107]
RZ1|99|2|P-107|0|38|1|6|0|1|0|0|0
[Sebs​#6211] Mamaragan ["OP15-078">OP15-078]: Draw 1 Card
Bartholomew Kuma ["OP16-093">OP16-093][6000] vs Monkey D. Luffy ["OP11-040">OP11-040][7000]
Attack Fails
[Karlmalone​#2854] Attach 1 Don to Imu ["OP13-079">OP13-079] (1 Total)
RZ1|100|1|Don|5|4|9|9900|1|1|0|0|0
[Karlmalone​#2854] Imu ["OP13-079">OP13-079] attacking Monkey D. Luffy ["OP11-040">OP11-040]
[Sebs​#6211] Discard Nami ["OP11-054">OP11-054] for Counter 1000
RZ1|101|2|OP11-054|1|1|6|2|1|1|0|0|0
Imu ["OP13-079">OP13-079][6000] vs Monkey D. Luffy ["OP11-040">OP11-040][7000]
Attack Fails
[Karlmalone​#2854] Attach 1 Don to St. Ethanbaron V. Nusjuro ["OP13-080">OP13-080] (1 Total)
RZ1|102|1|Don|5|3|9|200|1|1|0|0|0
[Karlmalone​#2854] St. Ethanbaron V. Nusjuro ["OP13-080">OP13-080] attacking Monkey D. Luffy ["OP11-040">OP11-040]
[Sebs​#6211] Discard Nami ["OP11-054">OP11-054] for Counter 1000
RZ1|103|2|OP11-054|1|0|6|3|1|1|0|0|0
St. Ethanbaron V. Nusjuro ["OP13-080">OP13-080][6000] vs Monkey D. Luffy ["OP11-040">OP11-040][7000]
Attack Fails
[Karlmalone​#2854] St. Jaygarcia Saturn ["OP13-083">OP13-083] is no longer blocked from attacking
[Karlmalone​#2854] Hand: [OP13-082,OP13-092,OP13-098,OP13-080,OP13-098,OP13-080]
[Karlmalone​#2854] Board: [OP16-093,OP13-083,OP13-080]
[Karlmalone​#2854] Trash: [OP13-096,OP13-091,OP13-091,OP13-092,OP14-096,OP13-084,OP14-096]
[Karlmalone​#2854] Life: 3
[Sebs​#6211] Hand: [OP06-119,OP09-078,OP06-119,EB03-034,P-107]
[Sebs​#6211] Trash: [OP11-054,OP15-078,OP11-054,OP11-054]
[Sebs​#6211] Board: [OP07-051]
[Sebs​#6211] Life: 2
[Karlmalone​#2854] End Turn
[Sebs​#6211] Draw 1 Card
[Sebs​#6211] Drew card from deck: Mr. 3 (Galdino) ["OP16-056">OP16-056]
RZ1|104|2|OP16-056|0|37|1|5|0|1|0|0|0
RZ1|105|2|Don|4|3|5|6|1|1|0|0|0
RZ1|106|2|Don|4|2|5|7|1|1|0|0|0
[Sebs​#6211] Draw 2 Don
[Sebs​#6211] Boa Hancock ["OP07-051">OP07-051] attacking Imu ["OP13-079">OP13-079]
Boa Hancock ["OP07-051">OP07-051][8000] vs Imu ["OP13-079">OP13-079][5000]
Imu ["OP13-079">OP13-079] hit for 1 damage
[Sebs​#6211] Attach 3 Don to Monkey D. Luffy ["OP11-040">OP11-040] (3 Total)
RZ1|107|2|Don|5|7|9|9900|1|1|0|0|0
RZ1|108|2|Don|5|6|9|9901|1|1|0|0|0
RZ1|109|2|Don|5|5|9|9902|1|1|0|0|0
[Sebs​#6211] Monkey D. Luffy ["OP11-040">OP11-040] attacking St. Ethanbaron V. Nusjuro ["OP13-080">OP13-080]
Monkey D. Luffy ["OP11-040">OP11-040][9000] vs St. Ethanbaron V. Nusjuro ["OP13-080">OP13-080][5000]
[Karlmalone​#2854] St. Ethanbaron V. Nusjuro ["OP13-080">OP13-080] Destroyed
RZ1|110|1|Don|9|200|5|0|1|1|1|0|0
RZ1|111|1|OP13-080|2|2|6|7|1|1|0|0|0
RZ1|112|2|Don|5|0|5|0|1|1|1|0|0
RZ1|113|2|Don|5|1|5|1|1|1|1|0|0
RZ1|114|2|Don|5|2|5|2|1|1|1|0|0
RZ1|115|2|Don|5|3|5|3|1|1|1|0|0
[Sebs​#6211] Deploy Mr. 3 (Galdino) ["OP16-056">OP16-056]
RZ1|116|2|OP16-056|1|5|2|1|1|1|0|0|0
RZ1|117|2|OP16-056|2|1|6|4|1|1|0|0|0
[Sebs​#6211] Mr. 3 (Galdino) ["OP16-056">OP16-056]: Trash Mr. 3 (Galdino) ["OP16-056">OP16-056]
[Sebs​#6211] Drew card from deck: Nami ["OP11-054">OP11-054]
RZ1|118|2|OP11-054|0|36|1|5|0|1|0|0|0
[Sebs​#6211] Drew card from deck: Usohachi ["ST18-001">ST18-001]
RZ1|119|2|ST18-001|0|35|1|6|0|1|0|0|0
[Sebs​#6211] Mr. 3 (Galdino) ["OP16-056">OP16-056]: Draw 2 Card
[Sebs​#6211] Mr. 3 (Galdino) ["OP16-056">OP16-056]: St. Jaygarcia Saturn ["OP13-083">OP13-083] can't attack next turn
[Sebs​#6211] End Turn
[Karlmalone​#2854] Hand: [OP13-082,OP13-092,OP13-098,OP13-080,OP13-098,OP13-080,OP13-086]
[Karlmalone​#2854] Board: [OP16-093,OP13-083]
[Karlmalone​#2854] Trash: [OP13-096,OP13-091,OP13-091,OP13-092,OP14-096,OP13-084,OP14-096,OP13-080]
[Karlmalone​#2854] Life: 2
[Sebs​#6211] Hand: [OP06-119,OP09-078,OP06-119,EB03-034,P-107,OP11-054,ST18-001]
[Sebs​#6211] Trash: [OP11-054,OP15-078,OP11-054,OP11-054,OP16-056]
[Sebs​#6211] Board: [OP07-051]
[Sebs​#6211] Life: 2
RZ1|120|1|Don|9|9900|5|0|1|1|1|0|0
RZ1|121|1|Don|9|0|5|0|1|1|1|0|0
RZ1|122|1|Don|9|0|5|0|1|1|1|0|0
[Karlmalone​#2854] Draw 1 Card
[Karlmalone​#2854] Drew card from deck: St. Topman Warcury ["OP13-089">OP13-089]
RZ1|123|1|OP13-089|0|29|1|7|1|1|0|0|0
RZ1|124|1|Don|4|2|5|7|1|1|0|0|0
RZ1|125|1|Don|4|1|5|8|1|1|0|0|0
[Karlmalone​#2854] Draw 2 Don
RZ1|126|1|Don|5|0|5|0|1|1|1|0|0
[Karlmalone​#2854] Deploy St. Shalria ["OP13-086">OP13-086]
RZ1|127|1|OP13-086|1|6|2|2|1|1|0|0|0
RZ1|128|1|OP13-082|0|28|1|7|1|1|0|0|0
[Karlmalone​#2854] St. Shalria ["OP13-086">OP13-086]: <b>Reveal and Draw Five Elders ["OP13-082">OP13-082]</b>
[Karlmalone​#2854] St. Shalria ["OP13-086">OP13-086]: Trash 2 Remaining Cards
RZ1|129|1|OP13-080|1|5|6|10|1|1|0|0|0
[Karlmalone​#2854] St. Shalria ["OP13-086">OP13-086]: Trash St. Ethanbaron V. Nusjuro ["OP13-080">OP13-080]
[Karlmalone​#2854] The Empty Throne ["OP13-099">OP13-099]: Rest 3 Don
RZ1|130|1|Don|5|1|5|1|1|1|1|0|0
RZ1|131|1|Don|5|2|5|2|1|1|1|0|0
RZ1|132|1|Don|5|3|5|3|1|1|1|0|0
[Karlmalone​#2854] The Empty Throne ["OP13-099">OP13-099]: Rest The Empty Throne ["OP13-099">OP13-099]
RZ1|133|1|OP13-089|1|5|2|3|1|1|0|0|0
[Karlmalone​#2854] The Empty Throne ["OP13-099">OP13-099]: Deploy St. Topman Warcury ["OP13-089">OP13-089]
[Karlmalone​#2854] Attach 3 Don to Imu ["OP13-079">OP13-079] (3 Total)
RZ1|134|1|Don|5|8|9|9900|1|1|0|0|0
RZ1|135|1|Don|5|7|9|9901|1|1|0|0|0
RZ1|136|1|Don|5|6|9|9902|1|1|0|0|0
[Karlmalone​#2854] Imu ["OP13-079">OP13-079] attacking Monkey D. Luffy ["OP11-040">OP11-040]
[Sebs​#6211] Discard Usohachi ["ST18-001">ST18-001] for Counter 2000
RZ1|137|2|ST18-001|1|6|6|5|1|1|0|0|0
[Sebs​#6211] Discard Charlotte Linlin ["EB03-034">EB03-034] for Counter 1000
RZ1|138|2|EB03-034|1|3|6|6|1|1|0|0|0
Imu ["OP13-079">OP13-079][8000] vs Monkey D. Luffy ["OP11-040">OP11-040][9000]
Attack Fails
[Karlmalone​#2854] St. Jaygarcia Saturn ["OP13-083">OP13-083] is no longer blocked from attacking
[Karlmalone​#2854] Hand: [OP13-082,OP13-092,OP13-098,OP13-080,OP13-098,OP13-082]
[Karlmalone​#2854] Board: [OP16-093,OP13-083,OP13-086,OP13-089]
[Karlmalone​#2854] Trash: [OP13-096,OP13-091,OP13-091,OP13-092,OP14-096,OP13-084,OP14-096,OP13-080,OP13-089,OP14-096,OP13-080]
[Karlmalone​#2854] Life: 2
[Sebs​#6211] Hand: [OP06-119,OP09-078,OP06-119,P-107,OP11-054]
[Sebs​#6211] Trash: [OP11-054,OP15-078,OP11-054,OP11-054,OP16-056,ST18-001,EB03-034]
[Sebs​#6211] Board: [OP07-051]
[Sebs​#6211] Life: 2
[Karlmalone​#2854] End Turn
RZ1|139|2|Don|9|9900|5|0|1|1|1|0|0
RZ1|140|2|Don|9|9900|5|0|1|1|1|0|0
RZ1|141|2|Don|9|9900|5|0|1|1|1|0|0
RZ1|142|2|OP06-119|0|30|1|5|0|1|0|0|0
[Sebs​#6211] Monkey D. Luffy ["OP11-040">OP11-040]: <b>Reveal and Draw Sanji ["OP06-119">OP06-119]</b>
[Sebs​#6211] Placing Cards on Top of Deck
[Sebs​#6211] Draw 1 Card
[Sebs​#6211] Drew card from deck: Mr. 3 (Galdino) ["OP16-056">OP16-056]
RZ1|143|2|OP16-056|0|33|1|6|0|1|0|0|0
RZ1|144|2|Don|4|1|5|8|1|1|0|0|0
RZ1|145|2|Don|4|0|5|9|1|1|0|0|0
[Sebs​#6211] Draw 2 Don
[Sebs​#6211] Boa Hancock ["OP07-051">OP07-051] attacking Imu ["OP13-079">OP13-079]
[Karlmalone​#2854] St. Topman Warcury ["OP13-089">OP13-089] Blocks
Boa Hancock ["OP07-051">OP07-051][8000] vs St. Topman Warcury ["OP13-089">OP13-089][5000]
[Karlmalone​#2854] St. Topman Warcury ["OP13-089">OP13-089] Destroyed
RZ1|146|1|OP13-089|2|3|6|11|1|1|0|0|0
[Karlmalone​#2854] Drew card from deck: Bartholomew Kuma ["OP16-093">OP16-093]
RZ1|147|1|OP16-093|0|25|1|6|1|1|0|0|0
[Karlmalone​#2854] St. Topman Warcury ["OP13-089">OP13-089]: Draw 1 Card
[Sebs​#6211] Monkey D. Luffy ["OP11-040">OP11-040] attacking Imu ["OP13-079">OP13-079]
[Karlmalone​#2854] Discard St. Mjosgard ["OP13-092">OP13-092] for Counter 2000
RZ1|148|1|OP13-092|1|1|6|12|1|1|0|0|0
Monkey D. Luffy ["OP11-040">OP11-040][6000] vs Imu ["OP13-079">OP13-079][7000]
Attack Fails
RZ1|149|2|Don|5|0|5|0|1|1|1|0|0
RZ1|150|2|Don|5|1|5|1|1|1|1|0|0
RZ1|151|2|Don|5|2|5|2|1|1|1|0|0
RZ1|152|2|Don|5|3|5|3|1|1|1|0|0
RZ1|153|2|Don|5|4|5|4|1|1|1|0|0
RZ1|154|2|Don|5|5|5|5|1|1|1|0|0
RZ1|155|2|Don|5|6|5|6|1|1|1|0|0
RZ1|156|2|Don|5|7|5|7|1|1|1|0|0
RZ1|157|2|Don|5|8|5|8|1|1|1|0|0
[Sebs​#6211] Deploy Sanji ["OP06-119">OP06-119]
RZ1|158|2|OP06-119|1|5|2|1|1|1|0|0|0
[Sebs​#6211] Sanji ["OP06-119">OP06-119] revealed: Charlotte Linlin ["EB03-034">EB03-034]
RZ1|159|2|EB03-034|0|32|2|2|1|1|0|0|0
[Sebs​#6211] Sanji ["OP06-119">OP06-119]: Deploy Charlotte Linlin ["EB03-034">EB03-034]
[Sebs​#6211] Drew card from deck: It's To Die For...! ["OP08-076">OP08-076]
RZ1|160|2|OP08-076|0|31|1|6|0|1|0|0|0
[Sebs​#6211] Charlotte Linlin ["EB03-034">EB03-034]: Draw 1 Card
[Sebs​#6211] Sent a Card to Deck Top
[Sebs​#6211] End Turn
[Karlmalone​#2854] Hand: [OP13-082,OP13-098,OP13-080,OP13-098,OP13-082,OP16-093]
[Karlmalone​#2854] Board: [OP16-093,OP13-083,OP13-086]
[Karlmalone​#2854] Trash: [OP13-096,OP13-091,OP13-091,OP13-092,OP14-096,OP13-084,OP14-096,OP13-080,OP13-089,OP14-096,OP13-080,OP13-089,OP13-092]
[Karlmalone​#2854] Life: 2
[Sebs​#6211] Hand: [OP06-119,OP09-078,OP06-119,OP11-054,OP16-056,OP08-076]
[Sebs​#6211] Trash: [OP11-054,OP15-078,OP11-054,OP11-054,OP16-056,ST18-001,EB03-034]
[Sebs​#6211] Board: [OP07-051,OP06-119,EB03-034]
[Sebs​#6211] Life: 2
RZ1|161|1|Don|9|9900|5|0|1|1|1|0|0
RZ1|162|1|Don|9|9900|5|0|1|1|1|0|0
RZ1|163|1|Don|9|9900|5|0|1|1|1|0|0
[Karlmalone​#2854] Draw 1 Card
[Karlmalone​#2854] Drew card from deck: Five Elders ["OP13-082">OP13-082]
RZ1|164|1|OP13-082|0|24|1|6|1|1|0|0|0
RZ1|165|1|Don|4|0|5|9|1|1|0|0|0
[Karlmalone​#2854] Draw 2 Don
RZ1|166|1|OP13-086|2|2|6|13|1|1|0|0|0
[Karlmalone​#2854] Imu ["OP13-079">OP13-079]: Trash St. Shalria ["OP13-086">OP13-086]
[Karlmalone​#2854] Drew card from deck: St. Shepherd Ju Peter ["OP13-084">OP13-084]
RZ1|167|1|OP13-084|0|23|1|7|1|1|0|0|0
[Karlmalone​#2854] Imu ["OP13-079">OP13-079]: Draw 1 Card
[Karlmalone​#2854] Attach 1 Don to Bartholomew Kuma ["OP16-093">OP16-093] (1 Total)
RZ1|168|1|Don|5|9|9|0|1|1|0|0|0
[Karlmalone​#2854] Attach 1 Don to Bartholomew Kuma ["OP16-093">OP16-093] (2 Total)
RZ1|169|1|Don|5|8|9|1|1|1|0|0|0
[Karlmalone​#2854] Bartholomew Kuma ["OP16-093">OP16-093] attacking Monkey D. Luffy ["OP11-040">OP11-040]
[Sebs​#6211] Discard Mr. 3 (Galdino) ["OP16-056">OP16-056] for Counter 1000
RZ1|170|2|OP16-056|1|4|6|7|1|1|0|0|0
Bartholomew Kuma ["OP16-093">OP16-093][6000] vs Monkey D. Luffy ["OP11-040">OP11-040][7000]
Attack Fails
[Karlmalone​#2854] Attach 1 Don to St. Jaygarcia Saturn ["OP13-083">OP13-083] (1 Total)
RZ1|171|1|Don|5|7|9|100|1|1|0|0|0
[Karlmalone​#2854] St. Jaygarcia Saturn ["OP13-083">OP13-083] attacking Monkey D. Luffy ["OP11-040">OP11-040]
[Sebs​#6211] Discard Nami ["OP11-054">OP11-054] for Counter 1000
RZ1|172|2|OP11-054|1|3|6|8|1|1|0|0|0
St. Jaygarcia Saturn ["OP13-083">OP13-083][6000] vs Monkey D. Luffy ["OP11-040">OP11-040][7000]
Attack Fails
[Karlmalone​#2854] The Empty Throne ["OP13-099">OP13-099]: Rest 3 Don
RZ1|173|1|Don|5|0|5|0|1|1|1|0|0
RZ1|174|1|Don|5|1|5|1|1|1|1|0|0
RZ1|175|1|Don|5|2|5|2|1|1|1|0|0
[Karlmalone​#2854] The Empty Throne ["OP13-099">OP13-099]: Rest The Empty Throne ["OP13-099">OP13-099]
RZ1|176|1|OP13-082|1|6|2|2|1|1|0|0|0
[Karlmalone​#2854] The Empty Throne ["OP13-099">OP13-099]: Deploy Five Elders ["OP13-082">OP13-082]
[Karlmalone​#2854] Five Elders ["OP13-082">OP13-082]: Rest 1 Don
RZ1|177|1|Don|5|3|5|3|1|1|1|0|0
RZ1|178|1|OP16-093|1|5|6|14|1|1|0|0|0
[Karlmalone​#2854] Five Elders ["OP13-082">OP13-082]: Trash Bartholomew Kuma ["OP16-093">OP16-093]
RZ1|179|1|Don|9|0|5|0|1|1|1|0|0
RZ1|180|1|Don|9|0|5|0|1|1|1|0|0
RZ1|181|1|OP16-093|2|0|6|15|1|1|0|0|0
[Karlmalone​#2854] Five Elders ["OP13-082">OP13-082]: Trash Bartholomew Kuma ["OP16-093">OP16-093]
RZ1|182|1|Don|9|0|5|0|1|1|1|0|0
RZ1|183|1|OP13-083|2|0|6|16|1|1|0|0|0
[Karlmalone​#2854] Five Elders ["OP13-082">OP13-082]: Trash St. Jaygarcia Saturn ["OP13-083">OP13-083]
RZ1|184|1|OP13-082|2|0|6|17|1|1|0|0|0
[Karlmalone​#2854] Five Elders ["OP13-082">OP13-082]: Trash Five Elders ["OP13-082">OP13-082]
[Karlmalone​#2854] Five Elders ["OP13-082">OP13-082]: Deployed St. Marcus Mars ["OP13-091">OP13-091] from Trash
RZ1|185|1|OP13-091|6|1|2|0|1|1|0|0|0
[Karlmalone​#2854] Five Elders ["OP13-082">OP13-082]: Deployed St. Shepherd Ju Peter ["OP13-084">OP13-084] from Trash
RZ1|186|1|OP13-084|6|4|2|1|1|1|0|2000|0
[Karlmalone​#2854] Five Elders ["OP13-082">OP13-082]: Deployed St. Ethanbaron V. Nusjuro ["OP13-080">OP13-080] from Trash
RZ1|187|1|OP13-080|6|5|2|2|1|1|0|2000|0
[Karlmalone​#2854] Five Elders ["OP13-082">OP13-082]: Deployed St. Topman Warcury ["OP13-089">OP13-089] from Trash
RZ1|188|1|OP13-089|6|5|2|3|1|1|0|2000|0
[Karlmalone​#2854] Five Elders ["OP13-082">OP13-082]: Deployed St. Jaygarcia Saturn ["OP13-083">OP13-083] from Trash
RZ1|189|1|OP13-083|6|12|2|4|1|1|0|2000|0
RZ1|190|1|OP13-082|0|21|1|6|1|1|0|0|0
[Karlmalone​#2854] St. Jaygarcia Saturn ["OP13-083">OP13-083]: <b>Reveal and Draw Five Elders ["OP13-082">OP13-082]</b>
[Karlmalone​#2854] Placing Cards on Bottom of Deck
[Karlmalone​#2854] Attach 1 Don to St. Ethanbaron V. Nusjuro ["OP13-080">OP13-080] (1 Total)
RZ1|191|1|Don|5|9|9|200|1|1|0|0|0
[Karlmalone​#2854] Attach 1 Don to St. Ethanbaron V. Nusjuro ["OP13-080">OP13-080] (2 Total)
RZ1|192|1|Don|5|8|9|201|1|1|0|0|0
[Karlmalone​#2854] Attach 1 Don to St. Ethanbaron V. Nusjuro ["OP13-080">OP13-080] (3 Total)
RZ1|193|1|Don|5|7|9|202|1|1|0|0|0
[Karlmalone​#2854] St. Ethanbaron V. Nusjuro ["OP13-080">OP13-080] attacking Boa Hancock ["OP07-051">OP07-051]
[Karlmalone​#2854] St. Ethanbaron V. Nusjuro ["OP13-080">OP13-080]: Buff Boa Hancock ["OP07-051">OP07-051] -2000
RZ1|194|2|OP07-051|2|0|6|9|1|1|0|0|0
St. Ethanbaron V. Nusjuro ["OP13-080">OP13-080][10000] vs Boa Hancock ["OP07-051">OP07-051][6000]
[Sebs​#6211] Boa Hancock ["OP07-051">OP07-051] Destroyed
[Karlmalone​#2854] Hand: [OP13-082,OP13-098,OP13-080,OP13-098,OP13-082,OP13-084,OP13-082]
[Karlmalone​#2854] Board: [OP13-091,OP13-084,OP13-080,OP13-089,OP13-083]
[Karlmalone​#2854] Trash: [OP13-096,OP13-091,OP13-092,OP14-096,OP14-096,OP14-096,OP13-080,OP13-089,OP13-092,OP13-086,OP16-093,OP16-093,OP13-082]
[Karlmalone​#2854] Life: 2
[Sebs​#6211] Hand: [OP06-119,OP09-078,OP06-119,OP08-076]
[Sebs​#6211] Trash: [OP11-054,OP15-078,OP11-054,OP11-054,OP16-056,ST18-001,EB03-034,OP16-056,OP11-054,OP07-051]
[Sebs​#6211] Board: [OP06-119,EB03-034]
[Sebs​#6211] Life: 2
[Karlmalone​#2854] End Turn
RZ1|195|2|OP07-064|0|27|1|4|0|1|0|0|0
[Sebs​#6211] Monkey D. Luffy ["OP11-040">OP11-040]: <b>Reveal and Draw Sanji ["OP07-064">OP07-064]</b>
[Sebs​#6211] Placing Cards on Top of Deck
[Sebs​#6211] Draw 1 Card
[Sebs​#6211] Drew card from deck: Zorojuro ["OP05-067">OP05-067]
RZ1|196|2|OP05-067|0|30|1|5|0|1|0|0|0
RZ1|197|2|Don|5|0|5|0|1|1|1|0|0
RZ1|198|2|Don|5|1|5|1|1|1|1|0|0
RZ1|199|2|Don|5|2|5|2|1|1|1|0|0
RZ1|200|2|Don|5|3|5|3|1|1|1|0|0
RZ1|201|2|Don|5|4|5|4|1|1|1|0|0
RZ1|202|2|Don|5|5|5|5|1|1|1|0|0
RZ1|203|2|Don|5|6|5|6|1|1|1|0|0
RZ1|204|2|Don|5|7|5|7|1|1|1|0|0
RZ1|205|2|Don|5|8|5|8|1|1|1|0|0
[Sebs​#6211] Deploy Sanji ["OP06-119">OP06-119]
RZ1|206|2|OP06-119|1|2|2|2|1|1|0|0|0
[Sebs​#6211] Sanji ["OP06-119">OP06-119] revealed: Gol D. Roger ["P-107">P-107]
RZ1|207|2|P-107|0|29|2|3|1|1|0|0|0
[Sebs​#6211] Sanji ["OP06-119">OP06-119]: Deploy Gol D. Roger ["P-107">P-107]
[Sebs​#6211] Gol D. Roger ["P-107">P-107]: Grant Monkey D. Luffy ["OP11-040">OP11-040] 2000 until opponent's next turn end
[Sebs​#6211] Charlotte Linlin ["EB03-034">EB03-034] attacking Imu ["OP13-079">OP13-079]
[Karlmalone​#2854] St. Topman Warcury ["OP13-089">OP13-089] Blocks
Charlotte Linlin ["EB03-034">EB03-034][7000] vs St. Topman Warcury ["OP13-089">OP13-089][5000]
[Karlmalone​#2854] St. Topman Warcury ["OP13-089">OP13-089] Destroyed
RZ1|208|1|OP13-089|2|3|6|13|1|1|0|0|0
[Karlmalone​#2854] Drew card from deck: St. Jaygarcia Saturn ["OP13-083">OP13-083]
RZ1|209|1|OP13-083|0|21|1|7|1|1|0|0|0
[Karlmalone​#2854] St. Topman Warcury ["OP13-089">OP13-089]: Draw 1 Card
[Sebs​#6211] Monkey D. Luffy ["OP11-040">OP11-040] attacking St. Ethanbaron V. Nusjuro ["OP13-080">OP13-080]
Monkey D. Luffy ["OP11-040">OP11-040][8000] vs St. Ethanbaron V. Nusjuro ["OP13-080">OP13-080][5000]
[Karlmalone​#2854] St. Ethanbaron V. Nusjuro ["OP13-080">OP13-080] Destroyed
RZ1|210|1|Don|9|200|5|0|1|1|1|0|0
RZ1|211|1|Don|9|200|5|0|1|1|1|0|0
RZ1|212|1|Don|9|200|5|0|1|1|1|0|0
RZ1|213|1|OP13-080|2|2|6|14|1|1|0|0|0
[Sebs​#6211] Sanji ["OP06-119">OP06-119] attacking Imu ["OP13-079">OP13-079]
Sanji ["OP06-119">OP06-119][9000] vs Imu ["OP13-079">OP13-079][5000]
Imu ["OP13-079">OP13-079] hit for 1 damage
[Sebs​#6211] End Turn
[Karlmalone​#2854] Hand: [OP13-082,OP13-098,OP13-080,OP13-098,OP13-082,OP13-084,OP13-082,OP13-083,OP13-089]
[Karlmalone​#2854] Board: [OP13-091,OP13-084,OP13-083]
[Karlmalone​#2854] Trash: [OP13-096,OP13-091,OP13-092,OP14-096,OP14-096,OP14-096,OP13-080,OP13-089,OP13-092,OP13-086,OP16-093,OP16-093,OP13-082,OP13-089,OP13-080]
[Karlmalone​#2854] Life: 1
[Sebs​#6211] Hand: [OP06-119,OP09-078,OP08-076,OP07-064,OP05-067]
[Sebs​#6211] Trash: [OP11-054,OP15-078,OP11-054,OP11-054,OP16-056,ST18-001,EB03-034,OP16-056,OP11-054,OP07-051]
[Sebs​#6211] Board: [OP06-119,EB03-034,OP06-119,P-107]
[Sebs​#6211] Life: 2
[Karlmalone​#2854] Draw 1 Card
[Karlmalone​#2854] Drew card from deck: The Five Elders... Are At Your Service ["OP13-096">OP13-096]
RZ1|214|1|OP13-096|0|20|1|9|1|1|0|0|0
[Karlmalone​#2854] The Five Elders... Are At Your Service ["OP13-096">OP13-096]: Rest 1 Don
RZ1|215|1|Don|5|0|5|0|1|1|1|0|0
RZ1|216|1|OP13-096|1|9|6|15|1|1|0|0|0
RZ1|217|1|OP13-084|0|18|1|9|1|1|0|0|0
[Karlmalone​#2854] The Five Elders... Are At Your Service ["OP13-096">OP13-096]: <b>Reveal and Draw St. Shepherd Ju Peter ["OP13-084">OP13-084]</b>
[Karlmalone​#2854] The Five Elders... Are At Your Service ["OP13-096">OP13-096]: Trash 2 Remaining Cards
[Karlmalone​#2854] Attach 1 Don to St. Marcus Mars ["OP13-091">OP13-091] (1 Total)
RZ1|218|1|Don|5|9|9|0|1|1|0|0|0
[Karlmalone​#2854] St. Marcus Mars ["OP13-091">OP13-091] attacking Charlotte Linlin ["EB03-034">EB03-034]
RZ1|219|2|EB03-034|2|1|6|10|1|1|0|0|0
St. Marcus Mars ["OP13-091">OP13-091][8000] vs Charlotte Linlin ["EB03-034">EB03-034][7000]
[Sebs​#6211] Charlotte Linlin ["EB03-034">EB03-034] Destroyed
RZ1|220|2|Don|5|6|4|0|1|1|0|0|0
[Sebs​#6211] Charlotte Linlin ["EB03-034">EB03-034]: Minus 1 Don
[Sebs​#6211] Charlotte Linlin ["EB03-034">EB03-034]: Add card to top of Life from Deck
[Karlmalone​#2854] St. Jaygarcia Saturn ["OP13-083">OP13-083] attacking Monkey D. Luffy ["OP11-040">OP11-040]
St. Jaygarcia Saturn ["OP13-083">OP13-083][7000] vs Monkey D. Luffy ["OP11-040">OP11-040][8000]
Attack Fails
[Karlmalone​#2854] Attach 1 Don to St. Shepherd Ju Peter ["OP13-084">OP13-084] (1 Total)
RZ1|221|1|Don|5|8|9|100|1|1|0|0|0
[Karlmalone​#2854] St. Shepherd Ju Peter ["OP13-084">OP13-084] attacking Monkey D. Luffy ["OP11-040">OP11-040]
[Sebs​#6211] Discard Zorojuro ["OP05-067">OP05-067] for Counter 1000
RZ1|222|2|OP05-067|1|4|6|11|1|1|0|0|0
St. Shepherd Ju Peter ["OP13-084">OP13-084][8000] vs Monkey D. Luffy ["OP11-040">OP11-040][9000]
Attack Fails
RZ1|223|1|OP13-083|2|2|6|18|1|1|0|0|0
[Karlmalone​#2854] Imu ["OP13-079">OP13-079]: Trash St. Jaygarcia Saturn ["OP13-083">OP13-083]
[Karlmalone​#2854] Drew card from deck: St. Shalria ["OP13-086">OP13-086]
RZ1|224|1|OP13-086|0|16|1|10|1|1|0|0|0
[Karlmalone​#2854] Imu ["OP13-079">OP13-079]: Draw 1 Card
[Karlmalone​#2854] The Empty Throne ["OP13-099">OP13-099]: Rest 3 Don
RZ1|225|1|Don|5|1|5|1|1|1|1|0|0
RZ1|226|1|Don|5|2|5|2|1|1|1|0|0
RZ1|227|1|Don|5|3|5|3|1|1|1|0|0
[Karlmalone​#2854] The Empty Throne ["OP13-099">OP13-099]: Rest The Empty Throne ["OP13-099">OP13-099]
RZ1|228|1|OP13-082|1|6|2|2|1|1|0|-5000|0
[Karlmalone​#2854] The Empty Throne ["OP13-099">OP13-099]: Deploy Five Elders ["OP13-082">OP13-082]
[Karlmalone​#2854] Five Elders ["OP13-082">OP13-082]: Rest 1 Don
RZ1|229|1|Don|5|4|5|4|1|1|1|0|0
RZ1|230|1|OP13-086|1|9|6|19|1|1|0|0|0
[Karlmalone​#2854] Five Elders ["OP13-082">OP13-082]: Trash St. Shalria ["OP13-086">OP13-086]
RZ1|231|1|Don|9|0|5|0|1|1|1|0|0
RZ1|232|1|OP13-091|2|0|6|20|1|1|0|0|0
[Karlmalone​#2854] Five Elders ["OP13-082">OP13-082]: Trash St. Marcus Mars ["OP13-091">OP13-091]
RZ1|233|1|Don|9|0|5|0|1|1|1|0|0
RZ1|234|1|OP13-084|2|0|6|21|1|1|0|0|0
[Karlmalone​#2854] Five Elders ["OP13-082">OP13-082]: Trash St. Shepherd Ju Peter ["OP13-084">OP13-084]
RZ1|235|1|OP13-082|2|0|6|22|1|1|0|0|0
[Karlmalone​#2854] Five Elders ["OP13-082">OP13-082]: Trash Five Elders ["OP13-082">OP13-082]
[Karlmalone​#2854] Five Elders ["OP13-082">OP13-082]: Deployed St. Marcus Mars ["OP13-091">OP13-091] from Trash
RZ1|236|1|OP13-091|6|1|2|0|1|1|0|0|0
[Karlmalone​#2854] Five Elders ["OP13-082">OP13-082]: Deployed St. Ethanbaron V. Nusjuro ["OP13-080">OP13-080] from Trash
RZ1|237|1|OP13-080|6|5|2|1|1|1|0|0|0
[Karlmalone​#2854] Five Elders ["OP13-082">OP13-082]: Deployed St. Topman Warcury ["OP13-089">OP13-089] from Trash
RZ1|238|1|OP13-089|6|5|2|2|1|1|0|0|0
[Karlmalone​#2854] Five Elders ["OP13-082">OP13-082]: Deployed St. Jaygarcia Saturn ["OP13-083">OP13-083] from Trash
RZ1|239|1|OP13-083|6|15|2|3|1|1|0|0|0
[Karlmalone​#2854] Five Elders ["OP13-082">OP13-082]: Deployed St. Shepherd Ju Peter ["OP13-084">OP13-084] from Trash
RZ1|240|1|OP13-084|6|17|2|4|1|1|0|2000|0
RZ1|241|1|OP13-083|0|13|1|9|1|1|0|0|0
[Karlmalone​#2854] St. Jaygarcia Saturn ["OP13-083">OP13-083]: <b>Reveal and Draw St. Jaygarcia Saturn ["OP13-083">OP13-083]</b>
[Karlmalone​#2854] Placing Cards on Bottom of Deck
[Karlmalone​#2854] Attach 1 Don to St. Ethanbaron V. Nusjuro ["OP13-080">OP13-080] (1 Total)
RZ1|242|1|Don|5|9|9|100|1|1|0|0|0
[Karlmalone​#2854] Attach 1 Don to St. Ethanbaron V. Nusjuro ["OP13-080">OP13-080] (2 Total)
RZ1|243|1|Don|5|8|9|101|1|1|0|0|0
[Karlmalone​#2854] St. Ethanbaron V. Nusjuro ["OP13-080">OP13-080] attacking Sanji ["OP06-119">OP06-119]
[Karlmalone​#2854] St. Ethanbaron V. Nusjuro ["OP13-080">OP13-080]: Buff Sanji ["OP06-119">OP06-119] -2000
RZ1|244|2|OP06-119|2|0|6|12|1|1|0|0|0
St. Ethanbaron V. Nusjuro ["OP13-080">OP13-080][9000] vs Sanji ["OP06-119">OP06-119][7000]
[Sebs​#6211] Sanji ["OP06-119">OP06-119] Destroyed
[Karlmalone​#2854] Hand: [OP13-082,OP13-098,OP13-080,OP13-098,OP13-082,OP13-084,OP13-083,OP13-089,OP13-084,OP13-083]
[Karlmalone​#2854] Board: [OP13-091,OP13-080,OP13-089,OP13-083,OP13-084]
[Karlmalone​#2854] Trash: [OP13-096,OP13-092,OP14-096,OP14-096,OP14-096,OP13-092,OP13-086,OP16-093,OP16-093,OP13-082,OP13-089,OP13-080,OP13-096,OP14-096,OP13-092,OP13-086,OP13-091,OP13-082]
[Karlmalone​#2854] Life: 1
[Sebs​#6211] Hand: [OP06-119,OP09-078,OP08-076,OP07-064]
[Sebs​#6211] Trash: [OP11-054,OP15-078,OP11-054,OP11-054,OP16-056,ST18-001,EB03-034,OP16-056,OP11-054,OP07-051,EB03-034,OP05-067,OP06-119]
[Sebs​#6211] Board: [OP06-119,P-107]
[Sebs​#6211] Life: 3
[Karlmalone​#2854] End Turn
RZ1|245|2|OP07-064|0|23|1|4|0|1|0|0|0
[Sebs​#6211] Monkey D. Luffy ["OP11-040">OP11-040]: <b>Reveal and Draw Sanji ["OP07-064">OP07-064]</b>
[Sebs​#6211] Placing Cards on Top of Deck
[Sebs​#6211] Draw 1 Card
[Sebs​#6211] Drew card from deck: Usohachi ["ST18-001">ST18-001]
RZ1|246|2|ST18-001|0|26|1|5|0|1|0|0|0
RZ1|247|2|Don|4|0|5|9|1|1|0|0|0
[Sebs​#6211] Draw 2 Don
RZ1|248|2|Don|5|0|5|0|1|1|1|0|0
RZ1|249|2|Don|5|1|5|1|1|1|1|0|0
RZ1|250|2|Don|5|2|5|2|1|1|1|0|0
RZ1|251|2|Don|5|3|5|3|1|1|1|0|0
RZ1|252|2|Don|5|4|5|4|1|1|1|0|0
RZ1|253|2|Don|5|5|5|5|1|1|1|0|0
RZ1|254|2|Don|5|6|5|6|1|1|1|0|0
RZ1|255|2|Don|5|7|5|7|1|1|1|0|0
RZ1|256|2|Don|5|8|5|8|1|1|1|0|0
[Sebs​#6211] Deploy Sanji ["OP06-119">OP06-119]
RZ1|257|2|OP06-119|1|0|2|2|1|1|0|0|0
[Sebs​#6211] Sanji ["OP06-119">OP06-119] revealed: Gol D. Roger ["P-107">P-107]
RZ1|258|2|P-107|0|25|2|3|1|1|0|0|0
[Sebs​#6211] Sanji ["OP06-119">OP06-119]: Deploy Gol D. Roger ["P-107">P-107]
[Sebs​#6211] Gol D. Roger ["P-107">P-107]: Grant Monkey D. Luffy ["OP11-040">OP11-040] 2000 until opponent's next turn end
[Sebs​#6211] Monkey D. Luffy ["OP11-040">OP11-040] attacking Imu ["OP13-079">OP13-079]
[Karlmalone​#2854] St. Topman Warcury ["OP13-089">OP13-089] Blocks
Monkey D. Luffy ["OP11-040">OP11-040][8000] vs St. Topman Warcury ["OP13-089">OP13-089][5000]
[Karlmalone​#2854] St. Topman Warcury ["OP13-089">OP13-089] Destroyed
RZ1|259|1|OP13-089|2|2|6|18|1|1|0|0|0
[Karlmalone​#2854] Drew card from deck: St. Marcus Mars ["OP13-091">OP13-091]
RZ1|260|1|OP13-091|0|14|1|10|1|1|0|0|0
[Karlmalone​#2854] St. Topman Warcury ["OP13-089">OP13-089]: Draw 1 Card
[Sebs​#6211] Sanji ["OP06-119">OP06-119] attacking Imu ["OP13-079">OP13-079]
[Karlmalone​#2854] ...Never Existed... ["OP13-098">OP13-098]: Activate Counter
[Karlmalone​#2854] ...Never Existed... ["OP13-098">OP13-098]: Rest 1 Don
RZ1|261|1|Don|5|7|5|7|1|1|1|0|0
RZ1|262|1|OP13-098|1|3|6|19|1|1|0|0|0
[Karlmalone​#2854] ...Never Existed... ["OP13-098">OP13-098]: Buff Imu ["OP13-079">OP13-079] 4000 for the Combat
[Karlmalone​#2854] Discard St. Jaygarcia Saturn ["OP13-083">OP13-083] for Counter 1000
RZ1|263|1|OP13-083|1|8|6|20|1|1|0|0|0
Sanji ["OP06-119">OP06-119][9000] vs Imu ["OP13-079">OP13-079][10000]
Attack Fails
[Sebs​#6211] Gol D. Roger ["P-107">P-107] attacking Imu ["OP13-079">OP13-079]
Gol D. Roger ["P-107">P-107][10000] vs Imu ["OP13-079">OP13-079][5000]
Imu ["OP13-079">OP13-079] hit for 1 damage
[Sebs​#6211] End Turn
[Karlmalone​#2854] Hand: [OP13-082,OP13-098,OP13-080,OP13-082,OP13-084,OP13-083,OP13-089,OP13-084,OP13-091,OP13-084]
[Karlmalone​#2854] Board: [OP13-091,OP13-080,OP13-083,OP13-084]
[Karlmalone​#2854] Trash: [OP13-096,OP13-092,OP14-096,OP14-096,OP14-096,OP13-092,OP13-086,OP16-093,OP16-093,OP13-082,OP13-089,OP13-080,OP13-096,OP14-096,OP13-092,OP13-086,OP13-091,OP13-082,OP13-089,OP13-098,OP13-083]
[Karlmalone​#2854] Life: 0
[Sebs​#6211] Hand: [OP09-078,OP08-076,OP07-064,OP07-064,ST18-001]
[Sebs​#6211] Trash: [OP11-054,OP15-078,OP11-054,OP11-054,OP16-056,ST18-001,EB03-034,OP16-056,OP11-054,OP07-051,EB03-034,OP05-067,OP06-119]
[Sebs​#6211] Board: [OP06-119,P-107,OP06-119,P-107]
[Sebs​#6211] Life: 3
RZ1|264|1|Don|9|100|5|0|1|1|1|0|0
RZ1|265|1|Don|9|100|5|0|1|1|1|0|0
[Karlmalone​#2854] Draw 1 Card
[Karlmalone​#2854] Drew card from deck: St. Topman Warcury ["OP13-089">OP13-089]
RZ1|266|1|OP13-089|0|13|1|10|1|1|0|0|0
[Karlmalone​#2854] Attach 1 Don to St. Marcus Mars ["OP13-091">OP13-091] (1 Total)
RZ1|267|1|Don|5|9|9|0|1|1|0|0|0
[Karlmalone​#2854] St. Marcus Mars ["OP13-091">OP13-091] attacking Monkey D. Luffy ["OP11-040">OP11-040]
St. Marcus Mars ["OP13-091">OP13-091][8000] vs Monkey D. Luffy ["OP11-040">OP11-040][8000]
Monkey D. Luffy ["OP11-040">OP11-040] hit for 1 damage
[Karlmalone​#2854] Attach 1 Don to St. Ethanbaron V. Nusjuro ["OP13-080">OP13-080] (1 Total)
RZ1|268|1|Don|5|8|9|100|1|1|0|0|0
[Karlmalone​#2854] St. Ethanbaron V. Nusjuro ["OP13-080">OP13-080] attacking Monkey D. Luffy ["OP11-040">OP11-040]
[Karlmalone​#2854] St. Ethanbaron V. Nusjuro ["OP13-080">OP13-080]: Buff Sanji ["OP06-119">OP06-119] -2000
[Sebs​#6211] Discard Zorojuro ["OP05-067">OP05-067] for Counter 1000
RZ1|269|2|OP05-067|1|5|6|13|1|1|0|0|0
St. Ethanbaron V. Nusjuro ["OP13-080">OP13-080][8000] vs Monkey D. Luffy ["OP11-040">OP11-040][9000]
Attack Fails
[Karlmalone​#2854] Attach 1 Don to St. Jaygarcia Saturn ["OP13-083">OP13-083] (1 Total)
RZ1|270|1|Don|5|7|9|200|1|1|0|0|0
[Karlmalone​#2854] St. Jaygarcia Saturn ["OP13-083">OP13-083] attacking Monkey D. Luffy ["OP11-040">OP11-040]
St. Jaygarcia Saturn ["OP13-083">OP13-083][8000] vs Monkey D. Luffy ["OP11-040">OP11-040][8000]
Monkey D. Luffy ["OP11-040">OP11-040] hit for 1 damage
[Karlmalone​#2854] Attach 1 Don to St. Shepherd Ju Peter ["OP13-084">OP13-084] (1 Total)
RZ1|271|1|Don|5|6|9|300|1|1|0|0|0
[Karlmalone​#2854] St. Shepherd Ju Peter ["OP13-084">OP13-084] attacking Sanji ["OP06-119">OP06-119]
[Sebs​#6211] Discard Sanji ["OP07-064">OP07-064] for Counter 2000
RZ1|272|2|OP07-064|1|3|6|14|1|1|0|0|0
St. Shepherd Ju Peter ["OP13-084">OP13-084][8000] vs Sanji ["OP06-119">OP06-119][9000]
Attack Fails
[Karlmalone​#2854] The Empty Throne ["OP13-099">OP13-099]: Rest 3 Don
RZ1|273|1|Don|5|0|5|0|1|1|1|0|0
RZ1|274|1|Don|5|1|5|1|1|1|1|0|0
RZ1|275|1|Don|5|2|5|2|1|1|1|0|0
[Karlmalone​#2854] The Empty Throne ["OP13-099">OP13-099]: Rest The Empty Throne ["OP13-099">OP13-099]
RZ1|276|1|OP13-082|1|3|2|4|1|1|0|-5000|0
[Karlmalone​#2854] The Empty Throne ["OP13-099">OP13-099]: Deploy Five Elders ["OP13-082">OP13-082]
RZ1|277|1|Don|9|200|5|0|1|1|1|0|0
RZ1|278|1|OP13-083|2|2|6|21|1|1|0|0|0
[Karlmalone​#2854] Imu ["OP13-079">OP13-079]: Trash St. Jaygarcia Saturn ["OP13-083">OP13-083]
[Karlmalone​#2854] Drew card from deck: St. Jaygarcia Saturn ["OP13-083">OP13-083]
RZ1|279|1|OP13-083|0|12|1|10|1|1|0|0|0
[Karlmalone​#2854] Imu ["OP13-079">OP13-079]: Draw 1 Card
[Karlmalone​#2854] Five Elders ["OP13-082">OP13-082]: Rest 1 Don
RZ1|280|1|Don|5|4|5|4|1|1|1|0|0
RZ1|281|1|OP13-083|1|4|6|22|1|1|0|0|0
[Karlmalone​#2854] Five Elders ["OP13-082">OP13-082]: Trash St. Jaygarcia Saturn ["OP13-083">OP13-083]
RZ1|282|1|Don|9|0|5|0|1|1|1|0|0
RZ1|283|1|OP13-091|2|0|6|23|1|1|0|0|0
[Karlmalone​#2854] Five Elders ["OP13-082">OP13-082]: Trash St. Marcus Mars ["OP13-091">OP13-091]
RZ1|284|1|Don|9|0|5|0|1|1|1|0|0
RZ1|285|1|OP13-080|2|0|6|24|1|1|0|0|0
[Karlmalone​#2854] Five Elders ["OP13-082">OP13-082]: Trash St. Ethanbaron V. Nusjuro ["OP13-080">OP13-080]
RZ1|286|1|Don|9|0|5|0|1|1|1|0|0
RZ1|287|1|OP13-084|2|0|6|25|1|1|0|0|0
[Karlmalone​#2854] Five Elders ["OP13-082">OP13-082]: Trash St. Shepherd Ju Peter ["OP13-084">OP13-084]
RZ1|288|1|OP13-082|2|0|6|26|1|1|0|0|0
[Karlmalone​#2854] Five Elders ["OP13-082">OP13-082]: Trash Five Elders ["OP13-082">OP13-082]
[Karlmalone​#2854] Five Elders ["OP13-082">OP13-082]: Deployed St. Topman Warcury ["OP13-089">OP13-089] from Trash
RZ1|289|1|OP13-089|6|10|2|0|1|1|0|0|0
[Karlmalone​#2854] Five Elders ["OP13-082">OP13-082]: Deployed St. Ethanbaron V. Nusjuro ["OP13-080">OP13-080] from Trash
RZ1|290|1|OP13-080|6|10|2|1|1|1|0|0|0
[Karlmalone​#2854] Five Elders ["OP13-082">OP13-082]: Deployed St. Marcus Mars ["OP13-091">OP13-091] from Trash
RZ1|291|1|OP13-091|6|14|2|2|1|1|0|0|0
[Karlmalone​#2854] Five Elders ["OP13-082">OP13-082]: Deployed St. Jaygarcia Saturn ["OP13-083">OP13-083] from Trash
RZ1|292|1|OP13-083|6|17|2|3|1|1|0|0|0
[Karlmalone​#2854] Five Elders ["OP13-082">OP13-082]: Deployed St. Shepherd Ju Peter ["OP13-084">OP13-084] from Trash
RZ1|293|1|OP13-084|6|21|2|4|1|1|0|2000|0
RZ1|294|1|OP13-098|0|10|1|10|1|1|0|0|0
[Karlmalone​#2854] St. Jaygarcia Saturn ["OP13-083">OP13-083]: <b>Reveal and Draw ...Never Existed... ["OP13-098">OP13-098]</b>
[Karlmalone​#2854] Placing Cards on Bottom of Deck
[Karlmalone​#2854] St. Ethanbaron V. Nusjuro ["OP13-080">OP13-080] attacking Sanji ["OP06-119">OP06-119]
[Karlmalone​#2854] St. Ethanbaron V. Nusjuro ["OP13-080">OP13-080]: Buff Sanji ["OP06-119">OP06-119] -2000
[Sebs​#6211] Gum Gum Giant ["OP09-078">OP09-078]: Activate Counter
[Sebs​#6211] Gum Gum Giant ["OP09-078">OP09-078]: Rest 1 Don
RZ1|295|2|Don|5|9|5|9|1|1|1|0|0
RZ1|296|2|OP09-078|1|0|6|15|1|1|0|0|0
RZ1|297|2|Don|5|9|4|0|1|1|0|0|0
RZ1|298|2|Don|5|8|4|1|1|1|0|0|0
[Sebs​#6211] Gum Gum Giant ["OP09-078">OP09-078]: Minus 2 Don
RZ1|299|2|OP08-076|1|0|6|16|1|1|0|0|0
[Sebs​#6211] Gum Gum Giant ["OP09-078">OP09-078]: Trash It's To Die For...! ["OP08-076">OP08-076]
[Sebs​#6211] Gum Gum Giant ["OP09-078">OP09-078]: Buff Sanji ["OP06-119">OP06-119] 4000 for the Combat
[Sebs​#6211] Drew card from deck: Gum Gum Giant ["OP09-078">OP09-078]
RZ1|300|2|OP09-078|0|24|1|3|0|1|0|0|0
[Sebs​#6211] Drew card from deck: It's To Die For...! ["OP08-076">OP08-076]
RZ1|301|2|OP08-076|0|23|1|4|0|1|0|0|0
[Sebs​#6211] Gum Gum Giant ["OP09-078">OP09-078]: Draw 2 Card
St. Ethanbaron V. Nusjuro ["OP13-080">OP13-080][7000] vs Sanji ["OP06-119">OP06-119][9000]
Attack Fails
[Karlmalone​#2854] Imu ["OP13-079">OP13-079] attacking Sanji ["OP06-119">OP06-119]
[Sebs​#6211] Discard Sanji ["OP07-064">OP07-064] for Counter 2000
RZ1|302|2|OP07-064|1|0|6|17|1|1|0|0|0
Imu ["OP13-079">OP13-079][6000] vs Sanji ["OP06-119">OP06-119][7000]
Attack Fails
[Karlmalone​#2854] Hand: [OP13-082,OP13-098,OP13-080,OP13-084,OP13-089,OP13-084,OP13-091,OP13-084,OP13-089,OP13-083,OP13-098]
[Karlmalone​#2854] Board: [OP13-089,OP13-080,OP13-091,OP13-083,OP13-084]
[Karlmalone​#2854] Trash: [OP13-096,OP13-092,OP14-096,OP14-096,OP14-096,OP13-092,OP13-086,OP16-093,OP16-093,OP13-082,OP13-096,OP14-096,OP13-092,OP13-086,OP13-082,OP13-089,OP13-098,OP13-083,OP13-083,OP13-091,OP13-080,OP13-082]
[Karlmalone​#2854] Life: 0
[Sebs​#6211] Hand: [ST18-001,OP05-067,OP09-078,OP08-076]
[Sebs​#6211] Trash: [OP11-054,OP15-078,OP11-054,OP11-054,OP16-056,ST18-001,EB03-034,OP16-056,OP11-054,OP07-051,EB03-034,OP05-067,OP06-119,OP05-067,OP07-064,OP09-078,OP08-076,OP07-064]
[Sebs​#6211] Board: [OP06-119,P-107,OP06-119,P-107]
[Sebs​#6211] Life: 1
[Karlmalone​#2854] End Turn
RZ1|303|2|OP11-080|0|19|1|4|0|1|0|0|0
[Sebs​#6211] Monkey D. Luffy ["OP11-040">OP11-040]: <b>Reveal and Draw Gear 2 ["OP11-080">OP11-080]</b>
[Sebs​#6211] Placing Cards on Bottom of Deck
[Sebs​#6211] Draw 1 Card
[Sebs​#6211] Drew card from deck: Usohachi ["ST18-001">ST18-001]
RZ1|304|2|ST18-001|0|21|1|5|0|1|0|0|0
RZ1|305|2|Don|4|1|5|8|1|1|0|0|0
RZ1|306|2|Don|4|0|5|9|1|1|0|0|0
[Sebs​#6211] Draw 2 Don
[Sebs​#6211] Sanji ["OP06-119">OP06-119] attacking Imu ["OP13-079">OP13-079]
[Karlmalone​#2854] Discard St. Shepherd Ju Peter ["OP13-084">OP13-084] for Counter 2000
RZ1|307|1|OP13-084|1|7|6|22|1|1|0|0|0
[Karlmalone​#2854] Discard St. Shepherd Ju Peter ["OP13-084">OP13-084] for Counter 2000
RZ1|308|1|OP13-084|1|5|6|23|1|1|0|0|0
[Karlmalone​#2854] Discard St. Marcus Mars ["OP13-091">OP13-091] for Counter 1000
RZ1|309|1|OP13-091|1|5|6|24|1|1|0|0|0
Sanji ["OP06-119">OP06-119][9000] vs Imu ["OP13-079">OP13-079][10000]
Attack Fails
[Sebs​#6211] Sanji ["OP06-119">OP06-119] attacking Imu ["OP13-079">OP13-079]
[Karlmalone​#2854] St. Topman Warcury ["OP13-089">OP13-089] Blocks
Sanji ["OP06-119">OP06-119][9000] vs St. Topman Warcury ["OP13-089">OP13-089][5000]
[Karlmalone​#2854] St. Topman Warcury ["OP13-089">OP13-089] Destroyed
RZ1|310|1|OP13-089|2|0|6|25|1|1|0|0|0
[Karlmalone​#2854] Drew card from deck: ...Never Existed... ["OP13-098">OP13-098]
RZ1|311|1|OP13-098|0|10|1|8|1|1|0|0|0
[Karlmalone​#2854] St. Topman Warcury ["OP13-089">OP13-089]: Draw 1 Card
[Sebs​#6211] Attach 1 Don to Gol D. Roger ["P-107">P-107] (1 Total)
RZ1|312|2|Don|5|9|9|100|1|1|0|0|0
[Sebs​#6211] Gol D. Roger ["P-107">P-107] attacking Imu ["OP13-079">OP13-079]
[Karlmalone​#2854] ...Never Existed... ["OP13-098">OP13-098]: Activate Counter
[Karlmalone​#2854] ...Never Existed... ["OP13-098">OP13-098]: Rest 1 Don
RZ1|313|1|Don|5|8|5|8|1|1|1|0|0
RZ1|314|1|OP13-098|1|8|6|26|1|1|0|0|0
[Karlmalone​#2854] ...Never Existed... ["OP13-098">OP13-098]: Buff Imu ["OP13-079">OP13-079] 4000 for the Combat
[Karlmalone​#2854] Discard St. Shepherd Ju Peter ["OP13-084">OP13-084] for Counter 2000
RZ1|315|1|OP13-084|1|3|6|27|1|1|0|0|0
[Karlmalone​#2854] Discard St. Ethanbaron V. Nusjuro ["OP13-080">OP13-080] for Counter 1000
RZ1|316|1|OP13-080|1|2|6|28|1|1|0|0|0
Gol D. Roger ["P-107">P-107][11000] vs Imu ["OP13-079">OP13-079][12000]
Attack Fails
[Sebs​#6211] Attach 2 Don to Gol D. Roger ["P-107">P-107] (2 Total)
RZ1|317|2|Don|5|8|9|300|1|1|0|0|0
RZ1|318|2|Don|5|7|9|301|1|1|0|0|0
[Sebs​#6211] Gol D. Roger ["P-107">P-107] attacking Imu ["OP13-079">OP13-079]
[Karlmalone​#2854] St. Marcus Mars ["OP13-091">OP13-091] Blocks
Gol D. Roger ["P-107">P-107][12000] vs St. Marcus Mars ["OP13-091">OP13-091][5000]
[Karlmalone​#2854] St. Marcus Mars ["OP13-091">OP13-091] Destroyed
RZ1|319|1|OP13-091|2|1|6|29|1|1|0|0|0
[Sebs​#6211] Attach 4 Don to Monkey D. Luffy ["OP11-040">OP11-040] (4 Total)
RZ1|320|2|Don|5|6|9|9900|1|1|0|0|0
RZ1|321|2|Don|5|5|9|9901|1|1|0|0|0
RZ1|322|2|Don|5|4|9|9902|1|1|0|0|0
RZ1|323|2|Don|5|3|9|9903|1|1|0|0|0
[Sebs​#6211] Monkey D. Luffy ["OP11-040">OP11-040] attacking St. Ethanbaron V. Nusjuro ["OP13-080">OP13-080]
[Karlmalone​#2854] ...Never Existed... ["OP13-098">OP13-098]: Activate Counter
[Karlmalone​#2854] ...Never Existed... ["OP13-098">OP13-098]: Rest 1 Don
RZ1|324|1|Don|5|9|5|9|1|1|1|0|0
RZ1|325|1|OP13-098|1|5|6|30|1|1|0|0|0
[Karlmalone​#2854] ...Never Existed... ["OP13-098">OP13-098]: Buff St. Ethanbaron V. Nusjuro ["OP13-080">OP13-080] 4000 for the Combat
[Karlmalone​#2854] Discard St. Jaygarcia Saturn ["OP13-083">OP13-083] for Counter 1000
RZ1|326|1|OP13-083|1|4|6|31|1|1|0|0|0
[Karlmalone​#2854] Discard St. Topman Warcury ["OP13-089">OP13-089] for Counter 1000
RZ1|327|1|OP13-089|1|3|6|32|1|1|0|0|0
Monkey D. Luffy ["OP11-040">OP11-040][10000] vs St. Ethanbaron V. Nusjuro ["OP13-080">OP13-080][11000]
Attack Fails
[Sebs​#6211] End Turn
[Karlmalone​#2854] Hand: [OP13-082,OP13-098,OP13-089]
[Karlmalone​#2854] Board: [OP13-080,OP13-083,OP13-084]
[Karlmalone​#2854] Trash: [OP13-096,OP13-092,OP14-096,OP14-096,OP14-096,OP13-092,OP13-086,OP16-093,OP16-093,OP13-082,OP13-096,OP14-096,OP13-092,OP13-086,OP13-082,OP13-089,OP13-098,OP13-083,OP13-083,OP13-091,OP13-080,OP13-082,OP13-084,OP13-084,OP13-091,OP13-089,OP13-098,OP13-084,OP13-080,OP13-091,OP13-098,OP13-083,OP13-089]
[Karlmalone​#2854] Life: 0
[Sebs​#6211] Hand: [ST18-001,OP05-067,OP09-078,OP08-076,OP11-080,ST18-001]
[Sebs​#6211] Trash: [OP11-054,OP15-078,OP11-054,OP11-054,OP16-056,ST18-001,EB03-034,OP16-056,OP11-054,OP07-051,EB03-034,OP05-067,OP06-119,OP05-067,OP07-064,OP09-078,OP08-076,OP07-064]
[Sebs​#6211] Board: [OP06-119,P-107,OP06-119,P-107]
[Sebs​#6211] Life: 1
[Karlmalone​#2854] Draw 1 Card
[Karlmalone​#2854] Drew card from deck: St. Mjosgard ["OP13-092">OP13-092]
RZ1|328|1|OP13-092|0|9|1|3|1|1|0|0|0
[Karlmalone​#2854] Attach 1 Don to St. Ethanbaron V. Nusjuro ["OP13-080">OP13-080] (1 Total)
RZ1|329|1|Don|5|9|9|0|1|1|0|0|0
[Karlmalone​#2854] St. Ethanbaron V. Nusjuro ["OP13-080">OP13-080] attacking Monkey D. Luffy ["OP11-040">OP11-040]
[Karlmalone​#2854] St. Ethanbaron V. Nusjuro ["OP13-080">OP13-080]: Buff Sanji ["OP06-119">OP06-119] -2000
[Sebs​#6211] Gear 2 ["OP11-080">OP11-080]: Activate Counter
[Sebs​#6211] Gear 2 ["OP11-080">OP11-080]: Rest 1 Don
RZ1|330|2|Don|5|0|5|0|1|1|1|0|0
RZ1|331|2|OP11-080|1|4|6|18|1|1|0|0|0
[Sebs​#6211] Gear 2 ["OP11-080">OP11-080]: Buff Monkey D. Luffy ["OP11-040">OP11-040] 3000 for the Combat
St. Ethanbaron V. Nusjuro ["OP13-080">OP13-080][8000] vs Monkey D. Luffy ["OP11-040">OP11-040][9000]
Attack Fails
[Karlmalone​#2854] Attach 1 Don to St. Jaygarcia Saturn ["OP13-083">OP13-083] (1 Total)
RZ1|332|1|Don|5|8|9|100|1|1|0|0|0
[Karlmalone​#2854] St. Jaygarcia Saturn ["OP13-083">OP13-083] attacking Monkey D. Luffy ["OP11-040">OP11-040]
[Sebs​#6211] Discard Usohachi ["ST18-001">ST18-001] for Counter 2000
RZ1|333|2|ST18-001|1|4|6|19|1|1|0|0|0
[Sebs​#6211] Discard Zorojuro ["OP05-067">OP05-067] for Counter 1000
RZ1|334|2|OP05-067|1|1|6|20|1|1|0|0|0
St. Jaygarcia Saturn ["OP13-083">OP13-083][8000] vs Monkey D. Luffy ["OP11-040">OP11-040][9000]
Attack Fails
[Karlmalone​#2854] Attach 1 Don to St. Shepherd Ju Peter ["OP13-084">OP13-084] (1 Total)
RZ1|335|1|Don|5|7|9|200|1|1|0|0|0
[Karlmalone​#2854] St. Shepherd Ju Peter ["OP13-084">OP13-084] attacking Monkey D. Luffy ["OP11-040">OP11-040]
[Sebs​#6211] Gum Gum Giant ["OP09-078">OP09-078]: Activate Counter
[Sebs​#6211] Gum Gum Giant ["OP09-078">OP09-078]: Rest 1 Don
RZ1|336|2|Don|5|1|5|1|1|1|1|0|0
RZ1|337|2|OP09-078|1|1|6|21|1|1|0|0|0
RZ1|338|2|Don|5|0|4|0|1|1|0|0|0
RZ1|339|2|Don|5|0|4|1|1|1|0|0|0
[Sebs​#6211] Gum Gum Giant ["OP09-078">OP09-078]: Minus 2 Don
RZ1|340|2|OP08-076|1|1|6|22|1|1|0|0|0
[Sebs​#6211] Gum Gum Giant ["OP09-078">OP09-078]: Trash It's To Die For...! ["OP08-076">OP08-076]
[Sebs​#6211] Gum Gum Giant ["OP09-078">OP09-078]: Buff Monkey D. Luffy ["OP11-040">OP11-040] 4000 for the Combat
[Sebs​#6211] Drew card from deck: It's To Die For...! ["OP08-076">OP08-076]
RZ1|341|2|OP08-076|0|20|1|1|0|1|0|0|0
[Sebs​#6211] Drew card from deck: Zorojuro ["OP05-067">OP05-067]
RZ1|342|2|OP05-067|0|19|1|2|0|1|0|0|0
[Sebs​#6211] Gum Gum Giant ["OP09-078">OP09-078]: Draw 2 Card
St. Shepherd Ju Peter ["OP13-084">OP13-084][8000] vs Monkey D. Luffy ["OP11-040">OP11-040][10000]
Attack Fails
RZ1|343|1|Don|9|100|5|0|1|1|1|0|0
RZ1|344|1|OP13-083|2|1|6|33|1|1|0|0|0
[Karlmalone​#2854] Imu ["OP13-079">OP13-079]: Trash St. Jaygarcia Saturn ["OP13-083">OP13-083]
[Karlmalone​#2854] Drew card from deck: The Five Elders... Are At Your Service ["OP13-096">OP13-096]
RZ1|345|1|OP13-096|0|8|1|4|1|1|0|0|0
[Karlmalone​#2854] Imu ["OP13-079">OP13-079]: Draw 1 Card
[Karlmalone​#2854] The Empty Throne ["OP13-099">OP13-099]: Rest 3 Don
RZ1|346|1|Don|5|1|5|1|1|1|1|0|0
RZ1|347|1|Don|5|2|5|2|1|1|1|0|0
RZ1|348|1|Don|5|3|5|3|1|1|1|0|0
[Karlmalone​#2854] The Empty Throne ["OP13-099">OP13-099]: Rest The Empty Throne ["OP13-099">OP13-099]
RZ1|349|1|OP13-082|1|0|2|2|1|1|0|-5000|0
[Karlmalone​#2854] The Empty Throne ["OP13-099">OP13-099]: Deploy Five Elders ["OP13-082">OP13-082]
[Karlmalone​#2854] Five Elders ["OP13-082">OP13-082]: Rest 1 Don
RZ1|350|1|Don|5|4|5|4|1|1|1|0|0
RZ1|351|1|OP13-096|1|3|6|34|1|1|0|0|0
[Karlmalone​#2854] Five Elders ["OP13-082">OP13-082]: Trash The Five Elders... Are At Your Service ["OP13-096">OP13-096]
RZ1|352|1|Don|9|0|5|0|1|1|1|0|0
RZ1|353|1|OP13-080|2|0|6|35|1|1|0|0|0
[Karlmalone​#2854] Five Elders ["OP13-082">OP13-082]: Trash St. Ethanbaron V. Nusjuro ["OP13-080">OP13-080]
RZ1|354|1|Don|9|0|5|0|1|1|1|0|0
RZ1|355|1|OP13-084|2|0|6|36|1|1|0|0|0
[Karlmalone​#2854] Five Elders ["OP13-082">OP13-082]: Trash St. Shepherd Ju Peter ["OP13-084">OP13-084]
RZ1|356|1|OP13-082|2|0|6|37|1|1|0|0|0
[Karlmalone​#2854] Five Elders ["OP13-082">OP13-082]: Trash Five Elders ["OP13-082">OP13-082]
[Karlmalone​#2854] Five Elders ["OP13-082">OP13-082]: Deployed St. Shepherd Ju Peter ["OP13-084">OP13-084] from Trash
RZ1|357|1|OP13-084|6|27|2|0|1|1|0|2000|0
[Karlmalone​#2854] Five Elders ["OP13-082">OP13-082]: Deployed St. Ethanbaron V. Nusjuro ["OP13-080">OP13-080] from Trash
RZ1|358|1|OP13-080|6|27|2|1|1|1|0|2000|0
[Karlmalone​#2854] Five Elders ["OP13-082">OP13-082]: Deployed St. Marcus Mars ["OP13-091">OP13-091] from Trash
RZ1|359|1|OP13-091|6|27|2|2|1|1|0|2000|0
[Karlmalone​#2854] Five Elders ["OP13-082">OP13-082]: Deployed St. Jaygarcia Saturn ["OP13-083">OP13-083] from Trash
RZ1|360|1|OP13-083|6|28|2|3|1|1|0|2000|0
[Karlmalone​#2854] Five Elders ["OP13-082">OP13-082]: Deployed St. Topman Warcury ["OP13-089">OP13-089] from Trash
RZ1|361|1|OP13-089|6|28|2|4|1|1|0|2000|0
[Karlmalone​#2854] <b>Picked no cards to Draw</b>
[Karlmalone​#2854] Placing Cards on Bottom of Deck
[Karlmalone​#2854] Imu ["OP13-079">OP13-079] attacking Monkey D. Luffy ["OP11-040">OP11-040]
[Sebs​#6211] Discard Zorojuro ["OP05-067">OP05-067] for Counter 1000
RZ1|362|2|OP05-067|1|2|6|23|1|1|0|0|0
Imu ["OP13-079">OP13-079][6000] vs Monkey D. Luffy ["OP11-040">OP11-040][7000]
Attack Fails
[Karlmalone​#2854] Attach 1 Don to St. Ethanbaron V. Nusjuro ["OP13-080">OP13-080] (1 Total)
RZ1|363|1|Don|5|9|9|100|1|1|0|0|0
[Karlmalone​#2854] St. Ethanbaron V. Nusjuro ["OP13-080">OP13-080] attacking Sanji ["OP06-119">OP06-119]
[Karlmalone​#2854] St. Ethanbaron V. Nusjuro ["OP13-080">OP13-080]: Buff Sanji ["OP06-119">OP06-119] -2000
RZ1|364|2|OP06-119|2|2|6|24|1|1|0|0|0
St. Ethanbaron V. Nusjuro ["OP13-080">OP13-080][8000] vs Sanji ["OP06-119">OP06-119][5000]
[Sebs​#6211] Sanji ["OP06-119">OP06-119] Destroyed
[Karlmalone​#2854] Hand: [OP13-098,OP13-089,OP13-092]
[Karlmalone​#2854] Board: [OP13-084,OP13-080,OP13-091,OP13-083,OP13-089]
[Karlmalone​#2854] Trash: [OP13-096,OP13-092,OP14-096,OP14-096,OP14-096,OP13-092,OP13-086,OP16-093,OP16-093,OP13-082,OP13-096,OP14-096,OP13-092,OP13-086,OP13-082,OP13-089,OP13-098,OP13-083,OP13-083,OP13-091,OP13-080,OP13-082,OP13-084,OP13-084,OP13-091,OP13-089,OP13-098,OP13-098,OP13-083,OP13-096,OP13-080,OP13-084,OP13-082]
[Karlmalone​#2854] Life: 0
[Sebs​#6211] Hand: [ST18-001,OP08-076]
[Sebs​#6211] Trash: [OP11-054,OP15-078,OP11-054,OP11-054,OP16-056,ST18-001,EB03-034,OP16-056,OP11-054,OP07-051,EB03-034,OP05-067,OP06-119,OP05-067,OP07-064,OP09-078,OP08-076,OP07-064,OP11-080,ST18-001,OP05-067,OP09-078,OP08-076,OP05-067,OP06-119]
[Sebs​#6211] Board: [OP06-119,P-107,P-107]
[Sebs​#6211] Life: 1
[Karlmalone​#2854] End Turn
RZ1|365|2|Don|9|9900|5|0|1|1|1|0|0
RZ1|366|2|Don|9|9900|5|0|1|1|1|0|0
RZ1|367|2|Don|9|9900|5|0|1|1|1|0|0
RZ1|368|2|Don|9|9900|5|0|1|1|1|0|0
RZ1|369|2|Don|9|100|5|0|1|1|1|0|0
RZ1|370|2|Don|9|200|5|0|1|1|1|0|0
RZ1|371|2|Don|9|200|5|0|1|1|1|0|0
RZ1|372|2|OP07-064|0|14|1|2|0|1|0|0|0
[Sebs​#6211] Monkey D. Luffy ["OP11-040">OP11-040]: <b>Reveal and Draw Sanji ["OP07-064">OP07-064]</b>
[Sebs​#6211] Placing Cards on Top of Deck
[Sebs​#6211] Draw 1 Card
[Sebs​#6211] Drew card from deck: Mamaragan ["OP15-078">OP15-078]
RZ1|373|2|OP15-078|0|17|1|3|0|1|0|0|0
RZ1|374|2|Don|4|1|5|8|1|1|0|0|0
RZ1|375|2|Don|4|0|5|9|1|1|0|0|0
[Sebs​#6211] Draw 2 Don
RZ1|376|2|Don|5|0|5|0|1|1|1|0|0
RZ1|377|2|Don|5|1|5|1|1|1|1|0|0
RZ1|378|2|Don|5|2|5|2|1|1|1|0|0
[Sebs​#6211] Deploy Usohachi ["ST18-001">ST18-001]
RZ1|379|2|ST18-001|1|0|2|3|1|1|0|0|0
[Sebs​#6211] Usohachi ["ST18-001">ST18-001]: Rest St. Topman Warcury ["OP13-089">OP13-089]
RZ1|380|2|OP15-078|1|2|6|25|1|1|0|0|0
RZ1|381|2|Don|5|1|4|0|1|1|0|0|0
RZ1|382|2|Don|5|0|4|1|1|1|0|0|0
[Sebs​#6211] Mamaragan ["OP15-078">OP15-078]: Minus 2 Don
[Sebs​#6211] Drew card from deck: Gol D. Roger ["P-107">P-107]
RZ1|383|2|P-107|0|16|1|2|0|1|0|0|0
[Sebs​#6211] Mamaragan ["OP15-078">OP15-078]: Draw 1 Card
[Sebs​#6211] Mamaragan ["OP15-078">OP15-078]: Rest St. Marcus Mars ["OP13-091">OP13-091]
[Sebs​#6211] Gol D. Roger ["P-107">P-107] attacking Imu ["OP13-079">OP13-079]
[Karlmalone​#2854] ...Never Existed... ["OP13-098">OP13-098]: Activate Counter
[Karlmalone​#2854] ...Never Existed... ["OP13-098">OP13-098]: Rest 1 Don
RZ1|384|1|Don|5|7|5|7|1|1|1|0|0
RZ1|385|1|OP13-098|1|0|6|33|1|1|0|0|0
[Karlmalone​#2854] ...Never Existed... ["OP13-098">OP13-098]: Buff Imu ["OP13-079">OP13-079] 4000 for the Combat
[Karlmalone​#2854] Discard St. Mjosgard ["OP13-092">OP13-092] for Counter 2000
RZ1|386|1|OP13-092|1|1|6|34|1|1|0|0|0
Gol D. Roger ["P-107">P-107][10000] vs Imu ["OP13-079">OP13-079][11000]
Attack Fails
[Sebs​#6211] Gol D. Roger ["P-107">P-107] attacking Imu ["OP13-079">OP13-079]
Gol D. Roger ["P-107">P-107][10000] vs Imu ["OP13-079">OP13-079][5000]
Imu ["OP13-079">OP13-079] hit for 1 damage
[Karlmalone​#2854] <b>Downloaded the Combat Log!</b>
GameOver
