Version is 1.41b.18
[You] Leader is Imu ["OP13-079">OP13-079]
RZ1|HDR|1.41b|2|RZ1
RZ1|PLY|1||OP13-079
RZ1|PLY|2||
[Opponent] Leader is Jewelry Bonney ["OP07-019">OP07-019]
RZ1|1|2|OP07-026|0|23|0|0|0|0|0|0|0
RZ1|CHK|1|2|40|0|0|0|10|0|0|0|1|0
RZ1|2|2|OP07-026|0|24|0|1|0|0|0|0|0
RZ1|CHK|2|2|40|0|0|0|10|0|0|0|1|0
RZ1|3|2|OP04-119|0|10|0|2|0|0|0|0|0
RZ1|CHK|3|2|40|0|0|0|10|0|0|0|1|0
RZ1|4|2|OP07-026|0|24|0|3|0|0|0|0|0
RZ1|CHK|4|2|40|0|0|0|10|0|0|0|1|0
RZ1|5|2|ST02-007|0|31|0|4|0|0|0|0|0
RZ1|CHK|5|2|40|0|0|0|10|0|0|0|1|0
RZ1|6|2|ST02-007|0|30|0|5|0|0|0|0|0
RZ1|CHK|6|2|40|0|0|0|10|0|0|0|1|0
RZ1|7|2|OP07-029|0|28|0|6|0|0|0|0|0
RZ1|CHK|7|2|40|0|0|0|10|0|0|0|1|0
RZ1|8|2|ST16-004|0|35|0|7|0|0|0|0|0
RZ1|CHK|8|2|40|0|0|0|10|0|0|0|1|0
RZ1|9|2|OP06-035|0|23|0|8|0|0|0|0|0
RZ1|CHK|9|2|40|0|0|0|10|0|0|0|1|0
RZ1|10|2|OP07-029|0|29|0|9|0|0|0|0|0
RZ1|CHK|10|2|40|0|0|0|10|0|0|0|1|0
RZ1|11|2|OP05-034|0|22|0|10|0|0|0|0|0
RZ1|CHK|11|2|40|0|0|0|10|0|0|0|1|0
RZ1|12|2|EB01-015|0|14|0|11|0|0|0|0|0
RZ1|CHK|12|2|40|0|0|0|10|0|0|0|1|0
RZ1|13|2|OP05-030|0|19|0|12|0|0|0|0|0
RZ1|CHK|13|2|40|0|0|0|10|0|0|0|1|0
RZ1|14|2|OP05-030|0|20|0|13|0|0|0|0|0
RZ1|CHK|14|2|40|0|0|0|10|0|0|0|1|0
RZ1|15|2|OP07-021|0|26|0|14|0|0|0|0|0
RZ1|CHK|15|2|40|0|0|0|10|0|0|0|1|0
RZ1|16|2|OP06-035|0|26|0|15|0|0|0|0|0
RZ1|CHK|16|2|40|0|0|0|10|0|0|0|1|0
RZ1|17|2|OP07-021|0|29|0|16|0|0|0|0|0
RZ1|CHK|17|2|40|0|0|0|10|0|0|0|1|0
RZ1|18|2|OP05-037|0|39|0|17|0|0|0|0|0
RZ1|CHK|18|2|40|0|0|0|10|0|0|0|1|0
RZ1|19|2|OP07-029|0|31|0|18|0|0|0|0|0
RZ1|CHK|19|2|40|0|0|0|10|0|0|0|1|0
RZ1|20|2|OP07-021|0|31|0|19|0|0|0|0|0
RZ1|CHK|20|2|40|0|0|0|10|0|0|0|1|0
RZ1|21|2|ST02-007|0|32|0|20|0|0|0|0|0
RZ1|CHK|21|2|40|0|0|0|10|0|0|0|1|0
RZ1|22|2|OP05-030|0|28|0|22|0|0|0|0|0
RZ1|CHK|22|2|40|0|0|0|10|0|0|0|1|0
RZ1|23|2|OP07-021|0|32|0|23|0|0|0|0|0
RZ1|CHK|23|2|40|0|0|0|10|0|0|0|1|0
RZ1|24|2|EB01-015|0|26|0|24|0|0|0|0|0
RZ1|CHK|24|2|40|0|0|0|10|0|0|0|1|0
RZ1|25|2|ST16-004|0|36|0|25|0|0|0|0|0
RZ1|CHK|25|2|40|0|0|0|10|0|0|0|1|0
RZ1|26|2|OP01-058|0|38|0|26|0|0|0|0|0
RZ1|CHK|26|2|40|0|0|0|10|0|0|0|1|0
RZ1|27|2|ST02-007|0|35|0|27|0|0|0|0|0
RZ1|CHK|27|2|40|0|0|0|10|0|0|0|1|0
RZ1|28|2|OP05-037|0|39|0|28|0|0|0|0|0
RZ1|CHK|28|2|40|0|0|0|10|0|0|0|1|0
RZ1|29|2|OP05-034|0|35|0|29|0|0|0|0|0
RZ1|CHK|29|2|40|0|0|0|10|0|0|0|1|0
RZ1|30|2|EB01-015|0|32|0|30|0|0|0|0|0
RZ1|CHK|30|2|40|0|0|0|10|0|0|0|1|0
RZ1|31|2|OP04-031|0|34|0|31|0|0|0|0|0
RZ1|CHK|31|2|40|0|0|0|10|0|0|0|1|0
RZ1|32|2|OP01-051|0|34|0|32|0|0|0|0|0
RZ1|CHK|32|2|40|0|0|0|10|0|0|0|1|0
RZ1|33|2|OP01-058|0|39|0|33|0|0|0|0|0
RZ1|CHK|33|2|40|0|0|0|10|0|0|0|1|0
RZ1|34|2|ST02-013|0|38|0|34|0|0|0|0|0
RZ1|CHK|34|2|40|0|0|0|10|0|0|0|1|0
RZ1|35|2|EB01-015|0|36|0|35|0|0|0|0|0
RZ1|CHK|35|2|40|0|0|0|10|0|0|0|1|0
RZ1|36|2|OP06-035|0|38|0|36|0|0|0|0|0
RZ1|CHK|36|2|40|0|0|0|10|0|0|0|1|0
RZ1|37|2|ST02-013|0|39|0|37|0|0|0|0|0
RZ1|CHK|37|2|40|0|0|0|10|0|0|0|1|0
RZ1|38|1|OP13-099|0|2|7|0|1|1|0|0|0
RZ1|CHK|38|1|49|0|0|0|10|0|0|1|1|0
[You] Imu ["OP13-079">OP13-079]: Deploy The Empty Throne ["OP13-099">OP13-099]
RZ1|39|1|OP13-082|0|3|0|0|0|0|0|0|0
RZ1|CHK|39|1|49|0|0|0|10|0|0|1|1|0
RZ1|40|1|OP13-086|0|27|0|1|0|0|0|0|0
RZ1|CHK|40|1|49|0|0|0|10|0|0|1|1|0
RZ1|41|1|OP13-092|0|29|0|2|0|0|0|0|0
RZ1|CHK|41|1|49|0|0|0|10|0|0|1|1|0
RZ1|42|1|OP13-096|0|27|0|3|0|0|0|0|0
RZ1|CHK|42|1|49|0|0|0|10|0|0|1|1|0
RZ1|43|1|OP13-098|0|43|0|4|0|0|0|0|0
RZ1|CHK|43|1|49|0|0|0|10|0|0|1|1|0
RZ1|44|1|OP13-086|0|32|0|5|0|0|0|0|0
RZ1|CHK|44|1|49|0|0|0|10|0|0|1|1|0
RZ1|45|1|OP13-084|0|25|0|6|0|0|0|0|0
RZ1|CHK|45|1|49|0|0|0|10|0|0|1|1|0
RZ1|46|1|OP13-082|0|20|0|7|0|0|0|0|0
RZ1|CHK|46|1|49|0|0|0|10|0|0|1|1|0
RZ1|47|1|OP13-091|0|39|0|8|0|0|0|0|0
RZ1|CHK|47|1|49|0|0|0|10|0|0|1|1|0
RZ1|48|1|OP13-084|0|30|0|9|0|0|0|0|0
RZ1|CHK|48|1|49|0|0|0|10|0|0|1|1|0
RZ1|49|1|OP16-093|0|47|0|10|0|0|0|0|0
RZ1|CHK|49|1|49|0|0|0|10|0|0|1|1|0
RZ1|50|1|OP13-086|0|13|0|11|0|0|0|0|0
RZ1|CHK|50|1|49|0|0|0|10|0|0|1|1|0
RZ1|51|1|OP13-083|0|22|0|12|0|0|0|0|0
RZ1|CHK|51|1|49|0|0|0|10|0|0|1|1|0
RZ1|52|1|OP16-093|0|22|0|13|0|0|0|0|0
RZ1|CHK|52|1|49|0|0|0|10|0|0|1|1|0
RZ1|53|1|OP16-093|0|23|0|14|0|0|0|0|0
RZ1|CHK|53|1|49|0|0|0|10|0|0|1|1|0
RZ1|54|1|OP14-096|0|28|0|15|0|0|0|0|0
RZ1|CHK|54|1|49|0|0|0|10|0|0|1|1|0
RZ1|55|1|OP13-092|0|25|0|16|0|0|0|0|0
RZ1|CHK|55|1|49|0|0|0|10|0|0|1|1|0
RZ1|56|1|OP13-083|0|38|0|17|0|0|0|0|0
RZ1|CHK|56|1|49|0|0|0|10|0|0|1|1|0
RZ1|57|1|OP13-080|0|42|0|18|0|0|0|0|0
RZ1|CHK|57|1|49|0|0|0|10|0|0|1|1|0
RZ1|58|1|OP13-086|0|29|0|19|0|0|0|0|0
RZ1|CHK|58|1|49|0|0|0|10|0|0|1|1|0
RZ1|59|1|OP13-084|0|23|0|20|0|0|0|0|0
RZ1|CHK|59|1|49|0|0|0|10|0|0|1|1|0
RZ1|60|1|OP13-089|0|35|0|21|0|0|0|0|0
RZ1|CHK|60|1|49|0|0|0|10|0|0|1|1|0
RZ1|61|1|OP13-082|0|24|0|22|0|0|0|0|0
RZ1|CHK|61|1|49|0|0|0|10|0|0|1|1|0
RZ1|62|1|OP13-089|0|43|0|23|0|0|0|0|0
RZ1|CHK|62|1|49|0|0|0|10|0|0|1|1|0
RZ1|63|1|OP13-080|0|31|0|24|0|0|0|0|0
RZ1|CHK|63|1|49|0|0|0|10|0|0|1|1|0
RZ1|64|1|OP13-089|0|26|0|25|0|0|0|0|0
RZ1|CHK|64|1|49|0|0|0|10|0|0|1|1|0
RZ1|65|1|OP13-091|0|44|0|26|0|0|0|0|0
RZ1|CHK|65|1|49|0|0|0|10|0|0|1|1|0
RZ1|66|1|OP13-084|0|39|0|27|0|0|0|0|0
RZ1|CHK|66|1|49|0|0|0|10|0|0|1|1|0
RZ1|67|1|OP13-092|0|40|0|28|0|0|0|0|0
RZ1|CHK|67|1|49|0|0|0|10|0|0|1|1|0
RZ1|68|1|OP13-083|0|45|0|29|0|0|0|0|0
RZ1|CHK|68|1|49|0|0|0|10|0|0|1|1|0
RZ1|69|1|OP13-096|0|45|0|30|0|0|0|0|0
RZ1|CHK|69|1|49|0|0|0|10|0|0|1|1|0
RZ1|70|1|OP13-096|0|44|0|31|0|0|0|0|0
RZ1|CHK|70|1|49|0|0|0|10|0|0|1|1|0
RZ1|71|1|OP13-098|0|45|0|32|0|0|0|0|0
RZ1|CHK|71|1|49|0|0|0|10|0|0|1|1|0
RZ1|72|1|OP13-083|0|38|0|33|0|0|0|0|0
RZ1|CHK|72|1|49|0|0|0|10|0|0|1|1|0
RZ1|73|1|OP14-096|0|39|0|34|0|0|0|0|0
RZ1|CHK|73|1|49|0|0|0|10|0|0|1|1|0
RZ1|74|1|OP14-096|0|41|0|35|0|0|0|0|0
RZ1|CHK|74|1|49|0|0|0|10|0|0|1|1|0
RZ1|75|1|OP13-089|0|38|0|36|0|0|0|0|0
RZ1|CHK|75|1|49|0|0|0|10|0|0|1|1|0
RZ1|76|1|OP13-091|0|39|0|37|0|0|0|0|0
RZ1|CHK|76|1|49|0|0|0|10|0|0|1|1|0
RZ1|77|1|OP16-093|0|45|0|38|0|0|0|0|0
RZ1|CHK|77|1|49|0|0|0|10|0|0|1|1|0
RZ1|78|1|OP13-091|0|47|0|40|0|0|0|0|0
RZ1|CHK|78|1|49|0|0|0|10|0|0|1|1|0
RZ1|79|1|OP13-098|0|43|0|41|0|0|0|0|0
RZ1|CHK|79|1|49|0|0|0|10|0|0|1|1|0
RZ1|80|1|OP13-098|0|44|0|42|0|0|0|0|0
RZ1|CHK|80|1|49|0|0|0|10|0|0|1|1|0
RZ1|81|1|OP13-092|0|48|0|46|0|0|0|0|0
RZ1|CHK|81|1|49|0|0|0|10|0|0|1|1|0
RZ1|82|1|OP13-080|0|48|0|47|0|0|0|0|0
RZ1|CHK|82|1|49|0|0|0|10|0|0|1|1|0
[] Drew card from deck: The Five Elders... Are At Your Service ["OP13-096">OP13-096]
RZ1|83|1|OP13-096|0|48|1|0|1|1|0|0|0
RZ1|CHK|83|1|48|1|0|0|10|0|0|1|1|0
[] Drew card from deck: St. Ethanbaron V. Nusjuro ["OP13-080">OP13-080]
RZ1|84|1|OP13-080|0|47|1|1|1|1|0|0|0
RZ1|CHK|84|1|47|2|0|0|10|0|0|1|1|0
[] Drew card from deck: St. Mjosgard ["OP13-092">OP13-092]
RZ1|85|1|OP13-092|0|46|1|2|1|1|0|0|0
RZ1|CHK|85|1|46|3|0|0|10|0|0|1|1|0
[] Drew card from deck: Ground Death ["OP14-096">OP14-096]
RZ1|86|1|OP14-096|0|45|1|3|1|1|0|0|0
RZ1|CHK|86|1|45|4|0|0|10|0|0|1|1|0
[] Drew card from deck: St. Ethanbaron V. Nusjuro ["OP13-080">OP13-080]
RZ1|87|1|OP13-080|0|44|1|4|1|1|0|0|0
RZ1|CHK|87|1|44|5|0|0|10|0|0|1|1|0
[] Drew card from deck: Donquixote Rosinante ["OP05-030">OP05-030]
RZ1|88|2|OP05-030|0|39|1|0|1|1|0|0|0
RZ1|CHK|88|2|39|1|0|0|10|0|0|0|1|0
[] Drew card from deck: Cavendish ["EB01-012">EB01-012]
RZ1|89|2|EB01-012|0|38|1|1|1|1|0|0|0
RZ1|CHK|89|2|38|2|0|0|10|0|0|0|1|0
[] Drew card from deck: Eustass "Captain" Kid ["ST02-013">ST02-013]
RZ1|90|2|ST02-013|0|37|1|2|1|1|0|0|0
RZ1|CHK|90|2|37|3|0|0|10|0|0|0|1|0
[] Drew card from deck: Hody Jones ["OP06-035">OP06-035]
RZ1|91|2|OP06-035|0|36|1|3|1|1|0|0|0
RZ1|CHK|91|2|36|4|0|0|10|0|0|0|1|0
[] Drew card from deck: Scratchmen Apoo ["EB01-015">EB01-015]
RZ1|92|2|EB01-015|0|35|1|4|1|1|0|0|0
RZ1|CHK|92|2|35|5|0|0|10|0|0|0|1|0
RZ1|93|1|OP13-082|0|43|3|0|1|0|0|0|0
RZ1|CHK|93|1|43|5|0|1|10|0|0|1|1|0
RZ1|94|1|OP13-098|0|42|3|1|1|0|0|0|0
RZ1|CHK|94|1|42|5|0|2|10|0|0|1|1|0
RZ1|95|1|OP13-098|0|41|3|2|1|0|0|0|0
RZ1|CHK|95|1|41|5|0|3|10|0|0|1|1|0
RZ1|96|1|OP13-091|0|40|3|3|1|0|0|0|0
RZ1|CHK|96|1|40|5|0|4|10|0|0|1|1|0
RZ1|97|2|OP05-030|1|0|0|35|0|0|0|0|0
RZ1|CHK|97|2|36|4|0|0|10|0|0|0|1|0
RZ1|98|2|EB01-012|1|0|0|36|0|0|0|0|0
RZ1|CHK|98|2|37|3|0|0|10|0|0|0|1|0
RZ1|99|2|ST02-013|1|0|0|37|0|0|0|0|0
RZ1|CHK|99|2|38|2|0|0|10|0|0|0|1|0
RZ1|100|2|OP06-035|1|0|0|38|0|0|0|0|0
RZ1|CHK|100|2|39|1|0|0|10|0|0|0|1|0
RZ1|101|2|EB01-015|1|0|0|39|0|0|0|0|0
RZ1|CHK|101|2|40|0|0|0|10|0|0|0|1|0
RZ1|102|2|OP07-029|0|9|0|0|0|0|0|0|0
RZ1|CHK|102|2|40|0|0|0|10|0|0|0|1|0
RZ1|103|2|ST02-007|0|20|0|1|0|0|0|0|0
RZ1|CHK|103|2|40|0|0|0|10|0|0|0|1|0
RZ1|104|2|EB01-012|0|36|0|2|0|0|0|0|0
RZ1|CHK|104|2|40|0|0|0|10|0|0|0|1|0
RZ1|105|2|OP01-058|0|34|0|3|0|0|0|0|0
RZ1|CHK|105|2|40|0|0|0|10|0|0|0|1|0
RZ1|106|2|OP06-035|0|18|0|4|0|0|0|0|0
RZ1|CHK|106|2|40|0|0|0|10|0|0|0|1|0
RZ1|107|2|EB01-015|0|39|0|5|0|0|0|0|0
RZ1|CHK|107|2|40|0|0|0|10|0|0|0|1|0
RZ1|108|2|EB01-015|0|16|0|6|0|0|0|0|0
RZ1|CHK|108|2|40|0|0|0|10|0|0|0|1|0
RZ1|109|2|EB01-015|0|33|0|7|0|0|0|0|0
RZ1|CHK|109|2|40|0|0|0|10|0|0|0|1|0
RZ1|110|2|OP05-037|0|22|0|8|0|0|0|0|0
RZ1|CHK|110|2|40|0|0|0|10|0|0|0|1|0
RZ1|111|2|OP06-035|0|17|0|9|0|0|0|0|0
RZ1|CHK|111|2|40|0|0|0|10|0|0|0|1|0
RZ1|112|2|OP04-031|0|34|0|10|0|0|0|0|0
RZ1|CHK|112|2|40|0|0|0|10|0|0|0|1|0
RZ1|113|2|ST16-004|0|18|0|11|0|0|0|0|0
RZ1|CHK|113|2|40|0|0|0|10|0|0|0|1|0
RZ1|114|2|OP05-030|0|37|0|12|0|0|0|0|0
RZ1|CHK|114|2|40|0|0|0|10|0|0|0|1|0
RZ1|115|2|OP07-029|0|25|0|13|0|0|0|0|0
RZ1|CHK|115|2|40|0|0|0|10|0|0|0|1|0
RZ1|116|2|OP01-051|0|36|0|14|0|0|0|0|0
RZ1|CHK|116|2|40|0|0|0|10|0|0|0|1|0
RZ1|117|2|OP05-030|0|29|0|15|0|0|0|0|0
RZ1|CHK|117|2|40|0|0|0|10|0|0|0|1|0
RZ1|118|2|OP06-035|0|39|0|16|0|0|0|0|0
RZ1|CHK|118|2|40|0|0|0|10|0|0|0|1|0
RZ1|119|2|OP05-034|0|24|0|17|0|0|0|0|0
RZ1|CHK|119|2|40|0|0|0|10|0|0|0|1|0
RZ1|120|2|OP07-021|0|29|0|18|0|0|0|0|0
RZ1|CHK|120|2|40|0|0|0|10|0|0|0|1|0
RZ1|121|2|OP07-026|0|20|0|19|0|0|0|0|0
RZ1|CHK|121|2|40|0|0|0|10|0|0|0|1|0
RZ1|122|2|ST02-007|0|23|0|20|0|0|0|0|0
RZ1|CHK|122|2|40|0|0|0|10|0|0|0|1|0
RZ1|123|2|ST02-007|0|35|0|21|0|0|0|0|0
RZ1|CHK|123|2|40|0|0|0|10|0|0|0|1|0
RZ1|124|2|OP05-037|0|36|0|22|0|0|0|0|0
RZ1|CHK|124|2|40|0|0|0|10|0|0|0|1|0
RZ1|125|2|ST02-013|0|39|0|25|0|0|0|0|0
RZ1|CHK|125|2|40|0|0|0|10|0|0|0|1|0
RZ1|126|2|OP05-030|0|30|0|26|0|0|0|0|0
RZ1|CHK|126|2|40|0|0|0|10|0|0|0|1|0
RZ1|127|2|ST02-013|0|39|0|27|0|0|0|0|0
RZ1|CHK|127|2|40|0|0|0|10|0|0|0|1|0
RZ1|128|2|OP07-029|0|30|0|28|0|0|0|0|0
RZ1|CHK|128|2|40|0|0|0|10|0|0|0|1|0
RZ1|129|2|ST16-004|0|37|0|29|0|0|0|0|0
RZ1|CHK|129|2|40|0|0|0|10|0|0|0|1|0
RZ1|130|2|OP05-030|0|32|0|31|0|0|0|0|0
RZ1|CHK|130|2|40|0|0|0|10|0|0|0|1|0
RZ1|131|2|OP05-034|0|39|0|32|0|0|0|0|0
RZ1|CHK|131|2|40|0|0|0|10|0|0|0|1|0
RZ1|132|2|EB01-012|0|36|0|34|0|0|0|0|0
RZ1|CHK|132|2|40|0|0|0|10|0|0|0|1|0
RZ1|133|2|OP01-058|0|39|0|35|0|0|0|0|0
RZ1|CHK|133|2|40|0|0|0|10|0|0|0|1|0
RZ1|134|2|EB01-015|0|39|0|36|0|0|0|0|0
RZ1|CHK|134|2|40|0|0|0|10|0|0|0|1|0
RZ1|135|2|OP07-021|0|39|0|38|0|0|0|0|0
RZ1|CHK|135|2|40|0|0|0|10|0|0|0|1|0
[] Drew card from deck: Uroge ["OP07-021">OP07-021]
RZ1|136|2|OP07-021|0|39|1|0|1|1|0|0|0
RZ1|CHK|136|2|39|1|0|0|10|0|0|0|1|0
[] Drew card from deck: Uroge ["OP07-021">OP07-021]
RZ1|137|2|OP07-021|0|38|1|1|1|1|0|0|0
RZ1|CHK|137|2|38|2|0|0|10|0|0|0|1|0
[] Drew card from deck: Uroge ["OP07-021">OP07-021]
RZ1|138|2|OP07-021|0|37|1|2|1|1|0|0|0
RZ1|CHK|138|2|37|3|0|0|10|0|0|0|1|0
[] Drew card from deck: Scratchmen Apoo ["EB01-015">EB01-015]
RZ1|139|2|EB01-015|0|36|1|3|1|1|0|0|0
RZ1|CHK|139|2|36|4|0|0|10|0|0|0|1|0
[] Drew card from deck: Punk Gibson ["OP01-058">OP01-058]
RZ1|140|2|OP01-058|0|35|1|4|1|1|0|0|0
RZ1|CHK|140|2|35|5|0|0|10|0|0|0|1|0
RZ1|141|2|EB01-012|0|34|3|0|0|1|0|0|0
RZ1|CHK|141|2|34|5|0|1|10|0|0|0|1|0
RZ1|142|2|ST02-007|0|33|3|1|0|1|0|0|0
RZ1|CHK|142|2|33|5|0|2|10|0|0|0|1|0
RZ1|143|2|OP05-034|0|32|3|2|0|1|0|0|0
RZ1|CHK|143|2|32|5|0|3|10|0|0|0|1|0
RZ1|144|2|OP05-030|0|31|3|3|0|1|0|0|0
RZ1|CHK|144|2|31|5|0|4|10|0|0|0|1|0
RZ1|145|2|OP07-026|0|30|3|4|0|1|0|0|0
RZ1|CHK|145|2|30|5|0|5|10|0|0|0|1|0
[] Hand after Mulligan: [OP07-021,OP07-021,OP07-021,EB01-015,OP01-058]
[Opponent] Mulligan
[] Hand: [OP13-096,OP13-080,OP13-092,OP14-096,OP13-080]
[] Board: []
[] Trash: []
[] Life: 4
[] Hand: [OP07-021,OP07-021,OP07-021,EB01-015,OP01-058]
[] Trash: []
[] Board: []
[] Life: 5
RZ1|146|1|Don|4|9|5|0|1|1|0|0|0
RZ1|CHK|146|1|40|5|0|4|9|1|0|1|1|0
[You] Draw 1 Don
[You] The Five Elders... Are At Your Service ["OP13-096">OP13-096]: Rest 1 Don
RZ1|147|1|Don|5|0|5|0|1|1|1|0|0
RZ1|CHK|147|1|40|5|0|4|9|1|0|1|1|0
RZ1|148|1|OP13-096|1|0|6|0|1|1|0|0|0
RZ1|CHK|148|1|40|4|0|4|9|1|1|1|1|0
RZ1|149|1|OP13-091|0|37|1|4|1|1|0|0|0
RZ1|CHK|149|1|39|5|0|4|9|1|1|1|1|0
[You] The Five Elders... Are At Your Service ["OP13-096">OP13-096]: <b>Reveal and Draw St. Marcus Mars ["OP13-091">OP13-091]</b>
[You] The Five Elders... Are At Your Service ["OP13-096">OP13-096]: Trash 2 Remaining Cards
RZ1|150|1|OP05-097|0|38|6|1|1|1|0|0|0
RZ1|CHK|150|1|38|5|0|4|9|1|2|1|1|0
RZ1|151|1|OP16-093|0|37|6|2|1|1|0|0|0
RZ1|CHK|151|1|37|5|0|4|9|1|3|1|1|0
RZ1|152|1|OP13-080|1|0|6|3|1|1|0|0|0
RZ1|CHK|152|1|37|4|0|4|9|1|4|1|1|0
[You] Imu ["OP13-079">OP13-079]: Trash St. Ethanbaron V. Nusjuro ["OP13-080">OP13-080]
[] Drew card from deck: St. Topman Warcury ["OP13-089">OP13-089]
RZ1|153|1|OP13-089|0|36|1|4|1|1|0|0|0
RZ1|CHK|153|1|36|5|0|4|9|1|4|1|1|0
[You] Imu ["OP13-079">OP13-079]: Draw 1 Card
[] Hand: [OP13-092,OP14-096,OP13-080,OP13-091,OP13-089]
[] Board: []
[] Trash: [OP13-096,OP05-097,OP16-093,OP13-080]
[] Life: 4
[] Hand: [OP07-021,OP07-021,OP07-021,EB01-015,OP01-058]
[] Trash: []
[] Board: []
[] Life: 5
[You] End Turn
[] Hand: [OP07-021,OP07-021,OP07-021,EB01-015,OP01-058]
[] Board: []
[] Trash: []
[] Life: 5
[] Hand: [OP13-092,OP14-096,OP13-080,OP13-091,OP13-089]
[] Trash: [OP13-096,OP05-097,OP16-093,OP13-080]
[] Board: []
[] Life: 4
[Opponent] Draw 1 Card
[] Drew card from deck: Shanks ["ST16-004">ST16-004]
RZ1|154|2|ST16-004|0|29|1|5|1|1|0|0|0
RZ1|CHK|154|2|29|6|0|5|10|0|0|0|1|0
RZ1|155|2|Don|4|9|5|0|1|1|0|0|0
RZ1|CHK|155|2|29|6|0|5|9|1|0|0|1|0
RZ1|156|2|Don|4|8|5|1|1|1|0|0|0
RZ1|CHK|156|2|29|6|0|5|8|2|0|0|1|0
[Opponent] Draw 2 Don
[] Hand: [OP07-021,OP07-021,OP07-021,EB01-015,OP01-058,ST16-004]
[] Board: []
[] Trash: []
[] Life: 5
[] Hand: [OP13-092,OP14-096,OP13-080,OP13-091,OP13-089]
[] Trash: [OP13-096,OP05-097,OP16-093,OP13-080]
[] Board: []
[] Life: 4
[Opponent] End Turn
[] Hand: [OP13-092,OP14-096,OP13-080,OP13-091,OP13-089]
[] Board: []
[] Trash: [OP13-096,OP05-097,OP16-093,OP13-080]
[] Life: 4
[] Hand: [OP07-021,OP07-021,OP07-021,EB01-015,OP01-058,ST16-004]
[] Trash: []
[] Board: []
[] Life: 5
[You] Draw 1 Card
[] Drew card from deck: Ground Death ["OP14-096">OP14-096]
RZ1|157|1|OP14-096|0|35|1|5|1|1|0|0|0
RZ1|CHK|157|1|35|6|0|4|9|1|4|1|1|0
RZ1|158|1|Don|4|8|5|1|1|1|0|0|0
RZ1|CHK|158|1|35|6|0|4|8|2|4|1|1|0
RZ1|159|1|Don|4|7|5|2|1|1|0|0|0
RZ1|CHK|159|1|35|6|0|4|7|3|4|1|1|0
[You] Draw 2 Don
RZ1|160|1|OP13-080|1|2|6|4|1|1|0|0|0
RZ1|CHK|160|1|35|5|0|4|7|3|5|1|1|0
[You] Imu ["OP13-079">OP13-079]: Trash St. Ethanbaron V. Nusjuro ["OP13-080">OP13-080]
[] Drew card from deck: Ground Death ["OP14-096">OP14-096]
RZ1|161|1|OP14-096|0|34|1|5|1|1|0|0|0
RZ1|CHK|161|1|34|6|0|4|7|3|5|1|1|0
[You] Imu ["OP13-079">OP13-079]: Draw 1 Card
RZ1|162|1|Don|5|0|9|9900|1|1|0|0|0
RZ1|CHK|162|1|34|6|0|4|7|2|5|1|1|1
RZ1|163|1|Don|5|0|9|9901|1|1|0|0|0
RZ1|CHK|163|1|34|6|0|4|7|1|5|1|1|2
RZ1|164|1|Don|5|0|9|9902|1|1|0|0|0
RZ1|CHK|164|1|34|6|0|4|7|0|5|1|1|3
[You] Attach 3 Don to Imu ["OP13-079">OP13-079] (3 Total)
[You] Imu ["OP13-079">OP13-079] attacking Jewelry Bonney ["OP07-019">OP07-019]
Imu ["OP13-079">OP13-079][8000] vs Jewelry Bonney ["OP07-019">OP07-019][5000]
Jewelry Bonney ["OP07-019">OP07-019] hit for 1 damage
RZ1|165|2|OP07-026|3|4|1|6|1|1|0|0|0
RZ1|CHK|165|2|29|7|0|4|8|2|0|0|1|0
[] Hand: [OP13-092,OP14-096,OP13-091,OP13-089,OP14-096,OP14-096]
[] Board: []
[] Trash: [OP13-096,OP05-097,OP16-093,OP13-080,OP13-080]
[] Life: 4
[] Hand: [OP07-021,OP07-021,OP07-021,EB01-015,OP01-058,ST16-004,OP07-026]
[] Trash: []
[] Board: []
[] Life: 4
[You] End Turn
[] Hand: [OP07-021,OP07-021,OP07-021,EB01-015,OP01-058,ST16-004,OP07-026]
[] Board: []
[] Trash: []
[] Life: 4
[] Hand: [OP13-092,OP14-096,OP13-091,OP13-089,OP14-096,OP14-096]
[] Trash: [OP13-096,OP05-097,OP16-093,OP13-080,OP13-080]
[] Board: []
[] Life: 4
[Opponent] Draw 1 Card
[] Drew card from deck: Basil Hawkins ["OP07-029">OP07-029]
RZ1|166|2|OP07-029|0|28|1|7|1|1|0|0|0
RZ1|CHK|166|2|28|8|0|4|8|2|0|0|1|0
RZ1|167|2|Don|4|7|5|2|1|1|0|0|0
RZ1|CHK|167|2|28|8|0|4|7|3|0|0|1|0
RZ1|168|2|Don|4|6|5|3|1|1|0|0|0
RZ1|CHK|168|2|28|8|0|4|6|4|0|0|1|0
[Opponent] Draw 2 Don
[Opponent] Jewelry Bonney ["OP07-019">OP07-019] attacking Imu ["OP13-079">OP13-079]
Jewelry Bonney ["OP07-019">OP07-019][5000] vs Imu ["OP13-079">OP13-079][5000]
Imu ["OP13-079">OP13-079] hit for 1 damage
RZ1|169|1|OP13-091|3|3|1|6|1|1|0|0|0
RZ1|CHK|169|1|34|7|0|3|7|0|5|1|1|3
RZ1|170|2|Don|5|0|5|0|1|1|1|0|0
RZ1|CHK|170|2|28|8|0|4|6|4|0|0|1|0
RZ1|171|2|Don|5|1|5|1|1|1|1|0|0
RZ1|CHK|171|2|28|8|0|4|6|4|0|0|1|0
RZ1|172|2|Don|5|2|5|2|1|1|1|0|0
RZ1|CHK|172|2|28|8|0|4|6|4|0|0|1|0
RZ1|173|2|Don|5|3|5|3|1|1|1|0|0
RZ1|CHK|173|2|28|8|0|4|6|4|0|0|1|0
[Opponent] Deploy Uroge ["OP07-021">OP07-021]
RZ1|174|2|OP07-021|1|2|2|0|1|1|0|0|0
RZ1|CHK|174|2|28|7|1|4|6|4|0|0|1|0
[Opponent] Uroge ["OP07-021">OP07-021]: Activate 1 Don
RZ1|175|2|Don|5|3|5|3|1|1|0|0|0
RZ1|CHK|175|2|28|7|1|4|6|4|0|0|1|0
[] Hand: [OP07-021,OP07-021,EB01-015,OP01-058,ST16-004,OP07-026,OP07-029]
[] Board: [OP07-021]
[] Trash: []
[] Life: 4
[] Hand: [OP13-092,OP14-096,OP13-091,OP13-089,OP14-096,OP14-096,OP13-091]
[] Trash: [OP13-096,OP05-097,OP16-093,OP13-080,OP13-080]
[] Board: []
[] Life: 3
[Opponent] End Turn
[] Hand: [OP13-092,OP14-096,OP13-091,OP13-089,OP14-096,OP14-096,OP13-091]
[] Board: []
[] Trash: [OP13-096,OP05-097,OP16-093,OP13-080,OP13-080]
[] Life: 3
[] Hand: [OP07-021,OP07-021,EB01-015,OP01-058,ST16-004,OP07-026,OP07-029]
[] Trash: []
[] Board: [OP07-021]
[] Life: 4
RZ1|176|1|Don|9|9900|5|0|1|1|1|0|0
RZ1|CHK|176|1|34|7|0|3|7|1|5|1|1|2
RZ1|177|1|Don|9|9900|5|0|1|1|1|0|0
RZ1|CHK|177|1|34|7|0|3|7|2|5|1|1|1
RZ1|178|1|Don|9|9900|5|0|1|1|1|0|0
RZ1|CHK|178|1|34|7|0|3|7|3|5|1|1|0
[You] Draw 1 Card
[] Drew card from deck: St. Jaygarcia Saturn ["OP13-083">OP13-083]
RZ1|179|1|OP13-083|0|33|1|7|1|1|0|0|0
RZ1|CHK|179|1|33|8|0|3|7|3|5|1|1|0
RZ1|180|1|Don|4|6|5|3|1|1|0|0|0
RZ1|CHK|180|1|33|8|0|3|6|4|5|1|1|0
RZ1|181|1|Don|4|5|5|4|1|1|0|0|0
RZ1|CHK|181|1|33|8|0|3|5|5|5|1|1|0
[You] Draw 2 Don
[You] The Empty Throne ["OP13-099">OP13-099]: Rest 3 Don
RZ1|182|1|Don|5|0|5|0|1|1|1|0|0
RZ1|CHK|182|1|33|8|0|3|5|5|5|1|1|0
RZ1|183|1|Don|5|1|5|1|1|1|1|0|0
RZ1|CHK|183|1|33|8|0|3|5|5|5|1|1|0
RZ1|184|1|Don|5|2|5|2|1|1|1|0|0
RZ1|CHK|184|1|33|8|0|3|5|5|5|1|1|0
[You] The Empty Throne ["OP13-099">OP13-099]: Rest The Empty Throne ["OP13-099">OP13-099]
RZ1|185|1|OP13-083|1|7|2|0|1|1|0|0|0
RZ1|CHK|185|1|33|7|1|3|5|5|5|1|1|0
[You] The Empty Throne ["OP13-099">OP13-099]: Deploy St. Jaygarcia Saturn ["OP13-083">OP13-083]
RZ1|186|1|OP13-098|0|32|1|7|1|1|0|0|0
RZ1|CHK|186|1|32|8|1|3|5|5|5|1|1|0
[You] St. Jaygarcia Saturn ["OP13-083">OP13-083]: <b>Reveal and Draw ...Never Existed... ["OP13-098">OP13-098]</b>
[You] Placing Cards on Bottom of Deck
RZ1|187|1|OP13-096|0|31|0|0|0|0|0|0|0
RZ1|CHK|187|1|32|8|1|3|5|5|5|1|1|0
RZ1|188|1|OP13-096|0|31|0|0|0|0|0|0|0
RZ1|CHK|188|1|32|8|1|3|5|5|5|1|1|0
RZ1|189|1|OP13-083|0|31|0|0|0|0|0|0|0
RZ1|CHK|189|1|32|8|1|3|5|5|5|1|1|0
RZ1|190|1|OP13-092|0|31|0|0|0|0|0|0|0
RZ1|CHK|190|1|32|8|1|3|5|5|5|1|1|0
RZ1|191|1|OP13-089|1|3|6|5|1|1|0|0|0
RZ1|CHK|191|1|32|7|1|3|5|5|6|1|1|0
[You] Imu ["OP13-079">OP13-079]: Trash St. Topman Warcury ["OP13-089">OP13-089]
[] Drew card from deck: St. Shepherd Ju Peter ["OP13-084">OP13-084]
RZ1|192|1|OP13-084|0|31|1|7|1|1|0|0|0
RZ1|CHK|192|1|31|8|1|3|5|5|6|1|1|0
[You] Imu ["OP13-079">OP13-079]: Draw 1 Card
[You] Ground Death ["OP14-096">OP14-096]: Rest 1 Don
RZ1|193|1|Don|5|3|5|3|1|1|1|0|0
RZ1|CHK|193|1|31|8|1|3|5|5|6|1|1|0
RZ1|194|1|OP14-096|1|1|6|6|1|1|0|0|0
RZ1|CHK|194|1|31|7|1|3|5|5|7|1|1|0
[You] Ground Death ["OP14-096">OP14-096]: Rest 1 Don
RZ1|195|1|Don|5|4|5|4|1|1|1|0|0
RZ1|CHK|195|1|31|7|1|3|5|5|7|1|1|0
RZ1|196|1|OP14-096|1|2|6|7|1|1|0|0|0
RZ1|CHK|196|1|31|6|1|3|5|5|8|1|1|0
[You] Imu ["OP13-079">OP13-079] attacking Jewelry Bonney ["OP07-019">OP07-019]
[Opponent] Jewelry Bonney ["OP07-019">OP07-019]: Rest 1 Don
RZ1|197|2|Don|5|3|5|3|1|1|1|0|0
RZ1|CHK|197|2|28|7|1|4|6|4|0|0|1|0
[Opponent] Jewelry Bonney ["OP07-019">OP07-019]: Rest St. Jaygarcia Saturn ["OP13-083">OP13-083]
[Opponent] Discard Uroge ["OP07-021">OP07-021] for Counter 1000
RZ1|198|2|OP07-021|1|1|6|0|1|1|0|0|0
RZ1|CHK|198|2|28|6|1|4|6|4|1|0|1|0
Imu ["OP13-079">OP13-079][5000] vs Jewelry Bonney ["OP07-019">OP07-019][6000]
Attack Fails
[] Hand: [OP13-092,OP13-091,OP14-096,OP13-091,OP13-098,OP13-084]
[] Board: [OP13-083]
[] Trash: [OP13-096,OP05-097,OP16-093,OP13-080,OP13-080,OP13-089,OP14-096,OP14-096]
[] Life: 3
[] Hand: [OP07-021,EB01-015,OP01-058,ST16-004,OP07-026,OP07-029]
[] Trash: [OP07-021]
[] Board: [OP07-021]
[] Life: 4
[You] End Turn
[] Hand: [OP07-021,EB01-015,OP01-058,ST16-004,OP07-026,OP07-029]
[] Board: [OP07-021]
[] Trash: [OP07-021]
[] Life: 4
[] Hand: [OP13-092,OP13-091,OP14-096,OP13-091,OP13-098,OP13-084]
[] Trash: [OP13-096,OP05-097,OP16-093,OP13-080,OP13-080,OP13-089,OP14-096,OP14-096]
[] Board: [OP13-083]
[] Life: 3
[Opponent] Draw 1 Card
[] Drew card from deck: Eustass "Captain" Kid ["ST02-013">ST02-013]
RZ1|199|2|ST02-013|0|27|1|6|1|1|0|0|0
RZ1|CHK|199|2|27|7|1|4|6|4|1|0|1|0
RZ1|200|2|Don|4|5|5|4|1|1|0|0|0
RZ1|CHK|200|2|27|7|1|4|5|5|1|0|1|0
RZ1|201|2|Don|4|4|5|5|1|1|0|0|0
RZ1|CHK|201|2|27|7|1|4|4|6|1|0|1|0
[Opponent] Draw 2 Don
RZ1|202|2|Don|5|0|5|0|1|1|1|0|0
RZ1|CHK|202|2|27|7|1|4|4|6|1|0|1|0
RZ1|203|2|Don|5|1|5|1|1|1|1|0|0
RZ1|CHK|203|2|27|7|1|4|4|6|1|0|1|0
RZ1|204|2|Don|5|2|5|2|1|1|1|0|0
RZ1|CHK|204|2|27|7|1|4|4|6|1|0|1|0
RZ1|205|2|Don|5|3|5|3|1|1|1|0|0
RZ1|CHK|205|2|27|7|1|4|4|6|1|0|1|0
RZ1|206|2|Don|5|4|5|4|1|1|1|0|0
RZ1|CHK|206|2|27|7|1|4|4|6|1|0|1|0
[Opponent] Deploy Jewelry Bonney ["OP07-026">OP07-026]
RZ1|207|2|OP07-026|1|4|2|1|1|1|0|0|0
RZ1|CHK|207|2|27|6|2|4|4|6|1|0|1|0
[Opponent] Jewelry Bonney ["OP07-026">OP07-026]: St. Jaygarcia Saturn ["OP13-083">OP13-083] will not Activate during next Refresh
[Opponent] Attach 1 Don to Jewelry Bonney ["OP07-019">OP07-019] (1 Total)
RZ1|208|2|Don|5|5|9|9900|1|1|0|0|0
RZ1|CHK|208|2|27|6|2|4|4|5|1|0|1|1
[Opponent] Jewelry Bonney ["OP07-019">OP07-019] attacking Imu ["OP13-079">OP13-079]
[You] Discard St. Mjosgard ["OP13-092">OP13-092] for Counter 2000
RZ1|209|1|OP13-092|1|0|6|8|1|1|0|0|0
RZ1|CHK|209|1|31|5|1|3|5|5|9|1|1|0
Jewelry Bonney ["OP07-019">OP07-019][6000] vs Imu ["OP13-079">OP13-079][7000]
Attack Fails
[Opponent] Uroge ["OP07-021">OP07-021]: Activate 1 Don
RZ1|210|2|Don|5|4|5|4|1|1|0|0|0
RZ1|CHK|210|2|27|6|2|4|4|5|1|0|1|1
[] Hand: [OP07-021,EB01-015,OP01-058,ST16-004,OP07-029,ST02-013]
[] Board: [OP07-021,OP07-026]
[] Trash: [OP07-021]
[] Life: 4
[] Hand: [OP13-091,OP14-096,OP13-091,OP13-098,OP13-084]
[] Trash: [OP13-096,OP05-097,OP16-093,OP13-080,OP13-080,OP13-089,OP14-096,OP14-096,OP13-092]
[] Board: [OP13-083]
[] Life: 3
[Opponent] End Turn
[] Hand: [OP13-091,OP14-096,OP13-091,OP13-098,OP13-084]
[] Board: [OP13-083]
[] Trash: [OP13-096,OP05-097,OP16-093,OP13-080,OP13-080,OP13-089,OP14-096,OP14-096,OP13-092]
[] Life: 3
[] Hand: [OP07-021,EB01-015,OP01-058,ST16-004,OP07-029,ST02-013]
[] Trash: [OP07-021]
[] Board: [OP07-021,OP07-026]
[] Life: 4
[You] Draw 1 Card
[] Drew card from deck: St. Marcus Mars ["OP13-091">OP13-091]
RZ1|211|1|OP13-091|0|30|1|5|1|1|0|0|0
RZ1|CHK|211|1|30|6|1|3|5|5|9|1|1|0
RZ1|212|1|Don|4|4|5|5|1|1|0|0|0
RZ1|CHK|212|1|30|6|1|3|4|6|9|1|1|0
RZ1|213|1|Don|4|3|5|6|1|1|0|0|0
RZ1|CHK|213|1|30|6|1|3|3|7|9|1|1|0
[You] Draw 2 Don
RZ1|214|1|Don|5|0|5|0|1|1|1|0|0
RZ1|CHK|214|1|30|6|1|3|3|7|9|1|1|0
RZ1|215|1|Don|5|1|5|1|1|1|1|0|0
RZ1|CHK|215|1|30|6|1|3|3|7|9|1|1|0
RZ1|216|1|Don|5|2|5|2|1|1|1|0|0
RZ1|CHK|216|1|30|6|1|3|3|7|9|1|1|0
RZ1|217|1|Don|5|3|5|3|1|1|1|0|0
RZ1|CHK|217|1|30|6|1|3|3|7|9|1|1|0
RZ1|218|1|Don|5|4|5|4|1|1|1|0|0
RZ1|CHK|218|1|30|6|1|3|3|7|9|1|1|0
RZ1|219|1|Don|5|5|5|5|1|1|1|0|0
RZ1|CHK|219|1|30|6|1|3|3|7|9|1|1|0
[You] Deploy St. Marcus Mars ["OP13-091">OP13-091]
RZ1|220|1|OP13-091|1|0|2|1|1|1|0|0|0
RZ1|CHK|220|1|30|5|2|3|3|7|9|1|1|0
RZ1|221|1|OP13-083|2|0|6|9|1|1|0|0|0
RZ1|CHK|221|1|30|5|1|3|3|7|10|1|1|0
[You] Imu ["OP13-079">OP13-079]: Trash St. Jaygarcia Saturn ["OP13-083">OP13-083]
[] Drew card from deck: St. Topman Warcury ["OP13-089">OP13-089]
RZ1|222|1|OP13-089|0|29|1|5|1|1|0|0|0
RZ1|CHK|222|1|29|6|1|3|3|7|10|1|1|0
[You] Imu ["OP13-079">OP13-079]: Draw 1 Card
[You] Ground Death ["OP14-096">OP14-096]: Rest 1 Don
RZ1|223|1|Don|5|6|5|6|1|1|1|0|0
RZ1|CHK|223|1|29|6|1|3|3|7|10|1|1|0
RZ1|224|1|OP14-096|1|0|6|10|1|1|0|0|0
RZ1|CHK|224|1|29|5|1|3|3|7|11|1|1|0
[You] Imu ["OP13-079">OP13-079] attacking Jewelry Bonney ["OP07-019">OP07-019]
[Opponent] Jewelry Bonney ["OP07-019">OP07-019]: Rest 1 Don
RZ1|225|2|Don|5|4|5|4|1|1|1|0|0
RZ1|CHK|225|2|27|6|2|4|4|5|1|0|1|1
[Opponent] Jewelry Bonney ["OP07-019">OP07-019]: Rest St. Marcus Mars ["OP13-091">OP13-091]
[Opponent] Discard Uroge ["OP07-021">OP07-021] for Counter 1000
RZ1|226|2|OP07-021|1|0|6|1|1|1|0|0|0
RZ1|CHK|226|2|27|5|2|4|4|5|2|0|1|1
Imu ["OP13-079">OP13-079][5000] vs Jewelry Bonney ["OP07-019">OP07-019][6000]
Attack Fails
[] Hand: [OP13-091,OP13-098,OP13-084,OP13-091,OP13-089]
[] Board: [OP13-091]
[] Trash: [OP13-096,OP05-097,OP16-093,OP13-080,OP13-080,OP13-089,OP14-096,OP14-096,OP13-092,OP13-083,OP14-096]
[] Life: 3
[] Hand: [EB01-015,OP01-058,ST16-004,OP07-029,ST02-013]
[] Trash: [OP07-021,OP07-021]
[] Board: [OP07-021,OP07-026]
[] Life: 4
[You] End Turn
[] Hand: [EB01-015,OP01-058,ST16-004,OP07-029,ST02-013]
[] Board: [OP07-021,OP07-026]
[] Trash: [OP07-021,OP07-021]
[] Life: 4
[] Hand: [OP13-091,OP13-098,OP13-084,OP13-091,OP13-089]
[] Trash: [OP13-096,OP05-097,OP16-093,OP13-080,OP13-080,OP13-089,OP14-096,OP14-096,OP13-092,OP13-083,OP14-096]
[] Board: [OP13-091]
[] Life: 3
RZ1|227|2|Don|9|9900|5|0|1|1|1|0|0
RZ1|CHK|227|2|27|5|2|4|4|6|2|0|1|0
[Opponent] Draw 1 Card
[] Drew card from deck: Donquixote Rosinante ["OP05-030">OP05-030]
RZ1|228|2|OP05-030|0|26|1|5|1|1|0|0|0
RZ1|CHK|228|2|26|6|2|4|4|6|2|0|1|0
RZ1|229|2|Don|4|3|5|6|1|1|0|0|0
RZ1|CHK|229|2|26|6|2|4|3|7|2|0|1|0
RZ1|230|2|Don|4|2|5|7|1|1|0|0|0
RZ1|CHK|230|2|26|6|2|4|2|8|2|0|1|0
[Opponent] Draw 2 Don
RZ1|231|2|Don|5|0|5|0|1|1|1|0|0
RZ1|CHK|231|2|26|6|2|4|2|8|2|0|1|0
RZ1|232|2|Don|5|1|5|1|1|1|1|0|0
RZ1|CHK|232|2|26|6|2|4|2|8|2|0|1|0
RZ1|233|2|Don|5|2|5|2|1|1|1|0|0
RZ1|CHK|233|2|26|6|2|4|2|8|2|0|1|0
RZ1|234|2|Don|5|3|5|3|1|1|1|0|0
RZ1|CHK|234|2|26|6|2|4|2|8|2|0|1|0
RZ1|235|2|Don|5|4|5|4|1|1|1|0|0
RZ1|CHK|235|2|26|6|2|4|2|8|2|0|1|0
RZ1|236|2|Don|5|5|5|5|1|1|1|0|0
RZ1|CHK|236|2|26|6|2|4|2|8|2|0|1|0
RZ1|237|2|Don|5|6|5|6|1|1|1|0|0
RZ1|CHK|237|2|26|6|2|4|2|8|2|0|1|0
[Opponent] Deploy Eustass "Captain" Kid ["ST02-013">ST02-013]
RZ1|238|2|ST02-013|1|4|2|2|1|1|0|0|0
RZ1|CHK|238|2|26|5|3|4|2|8|2|0|1|0
[Opponent] Jewelry Bonney ["OP07-026">OP07-026] attacking Imu ["OP13-079">OP13-079]
[You] Discard St. Shepherd Ju Peter ["OP13-084">OP13-084] for Counter 2000
RZ1|239|1|OP13-084|1|2|6|11|1|1|0|0|0
RZ1|CHK|239|1|29|4|1|3|3|7|12|1|1|0
Jewelry Bonney ["OP07-026">OP07-026][6000] vs Imu ["OP13-079">OP13-079][7000]
Attack Fails
[Opponent] Attach 1 Don to Jewelry Bonney ["OP07-019">OP07-019] (1 Total)
RZ1|240|2|Don|5|7|9|9900|1|1|0|0|0
RZ1|CHK|240|2|26|5|3|4|2|7|2|0|1|1
[Opponent] Jewelry Bonney ["OP07-019">OP07-019] attacking Imu ["OP13-079">OP13-079]
Jewelry Bonney ["OP07-019">OP07-019][6000] vs Imu ["OP13-079">OP13-079][5000]
Imu ["OP13-079">OP13-079] hit for 1 damage
RZ1|241|1|OP13-098|3|2|1|4|1|1|0|0|0
RZ1|CHK|241|1|29|5|1|2|3|7|12|1|1|0
[Opponent] Uroge ["OP07-021">OP07-021]: Activate 1 Don
RZ1|242|2|Don|5|6|5|6|1|1|0|0|0
RZ1|CHK|242|2|26|5|3|4|2|7|2|0|1|1
[] Hand: [EB01-015,OP01-058,ST16-004,OP07-029,OP05-030]
[] Board: [OP07-021,OP07-026,ST02-013]
[] Trash: [OP07-021,OP07-021]
[] Life: 4
[] Hand: [OP13-091,OP13-098,OP13-091,OP13-089,OP13-098]
[] Trash: [OP13-096,OP05-097,OP16-093,OP13-080,OP13-080,OP13-089,OP14-096,OP14-096,OP13-092,OP13-083,OP14-096,OP13-084]
[] Board: [OP13-091]
[] Life: 2
[Opponent] End Turn
[] Hand: [OP13-091,OP13-098,OP13-091,OP13-089,OP13-098]
[] Board: [OP13-091]
[] Trash: [OP13-096,OP05-097,OP16-093,OP13-080,OP13-080,OP13-089,OP14-096,OP14-096,OP13-092,OP13-083,OP14-096,OP13-084]
[] Life: 2
[] Hand: [EB01-015,OP01-058,ST16-004,OP07-029,OP05-030]
[] Trash: [OP07-021,OP07-021]
[] Board: [OP07-021,OP07-026,ST02-013]
[] Life: 4
[You] Draw 1 Card
[] Drew card from deck: St. Ethanbaron V. Nusjuro ["OP13-080">OP13-080]
RZ1|243|1|OP13-080|0|28|1|5|1|1|0|0|0
RZ1|CHK|243|1|28|6|1|2|3|7|12|1|1|0
RZ1|244|1|Don|4|2|5|7|1|1|0|0|0
RZ1|CHK|244|1|28|6|1|2|2|8|12|1|1|0
RZ1|245|1|Don|4|1|5|8|1|1|0|0|0
RZ1|CHK|245|1|28|6|1|2|1|9|12|1|1|0
[You] Draw 2 Don
RZ1|246|1|Don|5|0|9|9900|1|1|0|0|0
RZ1|CHK|246|1|28|6|1|2|1|8|12|1|1|1
[You] Attach 1 Don to Imu ["OP13-079">OP13-079] (1 Total)
[You] Imu ["OP13-079">OP13-079] attacking Jewelry Bonney ["OP07-026">OP07-026]
[Opponent] Jewelry Bonney ["OP07-019">OP07-019]: Rest 1 Don
RZ1|247|2|Don|5|6|5|6|1|1|1|0|0
RZ1|CHK|247|2|26|5|3|4|2|7|2|0|1|1
[Opponent] Jewelry Bonney ["OP07-019">OP07-019]: Rest St. Marcus Mars ["OP13-091">OP13-091]
[Opponent] Discard Donquixote Rosinante ["OP05-030">OP05-030] for Counter 1000
RZ1|248|2|OP05-030|1|4|6|2|1|1|0|0|0
RZ1|CHK|248|2|26|4|3|4|2|7|3|0|1|1
Imu ["OP13-079">OP13-079][6000] vs Jewelry Bonney ["OP07-026">OP07-026][7000]
Attack Fails
RZ1|249|1|Don|5|0|5|0|1|1|1|0|0
RZ1|CHK|249|1|28|6|1|2|1|8|12|1|1|1
RZ1|250|1|Don|5|1|5|1|1|1|1|0|0
RZ1|CHK|250|1|28|6|1|2|1|8|12|1|1|1
RZ1|251|1|Don|5|2|5|2|1|1|1|0|0
RZ1|CHK|251|1|28|6|1|2|1|8|12|1|1|1
RZ1|252|1|Don|5|3|5|3|1|1|1|0|0
RZ1|CHK|252|1|28|6|1|2|1|8|12|1|1|1
RZ1|253|1|Don|5|4|5|4|1|1|1|0|0
RZ1|CHK|253|1|28|6|1|2|1|8|12|1|1|1
RZ1|254|1|Don|5|5|5|5|1|1|1|0|0
RZ1|CHK|254|1|28|6|1|2|1|8|12|1|1|1
[You] Deploy St. Marcus Mars ["OP13-091">OP13-091]
RZ1|255|1|OP13-091|1|0|2|1|1|1|0|0|0
RZ1|CHK|255|1|28|5|2|2|1|8|12|1|1|1
RZ1|256|1|OP13-080|1|4|6|12|1|1|0|0|0
RZ1|CHK|256|1|28|4|2|2|1|8|13|1|1|1
[You] Imu ["OP13-079">OP13-079]: Trash St. Ethanbaron V. Nusjuro ["OP13-080">OP13-080]
[] Drew card from deck: St. Topman Warcury ["OP13-089">OP13-089]
RZ1|257|1|OP13-089|0|27|1|4|1|1|0|0|0
RZ1|CHK|257|1|27|5|2|2|1|8|13|1|1|1
[You] Imu ["OP13-079">OP13-079]: Draw 1 Card
[] Hand: [OP13-098,OP13-091,OP13-089,OP13-098,OP13-089]
[] Board: [OP13-091,OP13-091]
[] Trash: [OP13-096,OP05-097,OP16-093,OP13-080,OP13-080,OP13-089,OP14-096,OP14-096,OP13-092,OP13-083,OP14-096,OP13-084,OP13-080]
[] Life: 2
[] Hand: [EB01-015,OP01-058,ST16-004,OP07-029]
[] Trash: [OP07-021,OP07-021,OP05-030]
[] Board: [OP07-021,OP07-026,ST02-013]
[] Life: 4
[You] End Turn
[] Hand: [EB01-015,OP01-058,ST16-004,OP07-029]
[] Board: [OP07-021,OP07-026,ST02-013]
[] Trash: [OP07-021,OP07-021,OP05-030]
[] Life: 4
[] Hand: [OP13-098,OP13-091,OP13-089,OP13-098,OP13-089]
[] Trash: [OP13-096,OP05-097,OP16-093,OP13-080,OP13-080,OP13-089,OP14-096,OP14-096,OP13-092,OP13-083,OP14-096,OP13-084,OP13-080]
[] Board: [OP13-091,OP13-091]
[] Life: 2
RZ1|258|2|Don|9|9900|5|0|1|1|1|0|0
RZ1|CHK|258|2|26|4|3|4|2|8|3|0|1|0
[Opponent] Draw 1 Card
[] Drew card from deck: Eustass "Captain" Kid ["ST02-013">ST02-013]
RZ1|259|2|ST02-013|0|25|1|4|1|1|0|0|0
RZ1|CHK|259|2|25|5|3|4|2|8|3|0|1|0
RZ1|260|2|Don|4|1|5|8|1|1|0|0|0
RZ1|CHK|260|2|25|5|3|4|1|9|3|0|1|0
RZ1|261|2|Don|4|0|5|9|1|1|0|0|0
RZ1|CHK|261|2|25|5|3|4|0|10|3|0|1|0
[Opponent] Draw 2 Don
RZ1|262|2|Don|5|0|5|0|1|1|1|0|0
RZ1|CHK|262|2|25|5|3|4|0|10|3|0|1|0
RZ1|263|2|Don|5|1|5|1|1|1|1|0|0
RZ1|CHK|263|2|25|5|3|4|0|10|3|0|1|0
RZ1|264|2|Don|5|2|5|2|1|1|1|0|0
RZ1|CHK|264|2|25|5|3|4|0|10|3|0|1|0
RZ1|265|2|Don|5|3|5|3|1|1|1|0|0
RZ1|CHK|265|2|25|5|3|4|0|10|3|0|1|0
RZ1|266|2|Don|5|4|5|4|1|1|1|0|0
RZ1|CHK|266|2|25|5|3|4|0|10|3|0|1|0
RZ1|267|2|Don|5|5|5|5|1|1|1|0|0
RZ1|CHK|267|2|25|5|3|4|0|10|3|0|1|0
RZ1|268|2|Don|5|6|5|6|1|1|1|0|0
RZ1|CHK|268|2|25|5|3|4|0|10|3|0|1|0
RZ1|269|2|Don|5|7|5|7|1|1|1|0|0
RZ1|CHK|269|2|25|5|3|4|0|10|3|0|1|0
RZ1|270|2|Don|5|8|5|8|1|1|1|0|0
RZ1|CHK|270|2|25|5|3|4|0|10|3|0|1|0
[Opponent] Deploy Shanks ["ST16-004">ST16-004]
RZ1|271|2|ST16-004|1|2|2|3|1|1|0|0|0
RZ1|CHK|271|2|25|4|4|4|0|10|3|0|1|0
[Opponent] Jewelry Bonney ["OP07-026">OP07-026] attacking Imu ["OP13-079">OP13-079]
[You] St. Marcus Mars ["OP13-091">OP13-091] Blocks
Jewelry Bonney ["OP07-026">OP07-026][6000] vs St. Marcus Mars ["OP13-091">OP13-091][5000]
[You] St. Marcus Mars ["OP13-091">OP13-091] Destroyed
RZ1|272|1|OP13-091|2|1|6|13|1|1|0|0|0
RZ1|CHK|272|1|27|5|1|2|1|8|14|1|1|1
[Opponent] Eustass "Captain" Kid ["ST02-013">ST02-013] attacking Imu ["OP13-079">OP13-079]
[You] ...Never Existed... ["OP13-098">OP13-098]: Activate Counter
[You] ...Never Existed... ["OP13-098">OP13-098]: Rest 1 Don
RZ1|273|1|Don|5|6|5|6|1|1|1|0|0
RZ1|CHK|273|1|27|5|1|2|1|8|14|1|1|1
RZ1|274|1|OP13-098|1|0|6|14|1|1|0|0|0
RZ1|CHK|274|1|27|4|1|2|1|8|15|1|1|1
[You] ...Never Existed... ["OP13-098">OP13-098]: Buff Imu ["OP13-079">OP13-079] 4000 for the Combat
Eustass "Captain" Kid ["ST02-013">ST02-013][7000] vs Imu ["OP13-079">OP13-079][9000]
Attack Fails
[Opponent] Jewelry Bonney ["OP07-019">OP07-019] attacking Imu ["OP13-079">OP13-079]
[You] ...Never Existed... ["OP13-098">OP13-098]: Activate Counter
[You] ...Never Existed... ["OP13-098">OP13-098]: Rest 1 Don
RZ1|275|1|Don|5|7|5|7|1|1|1|0|0
RZ1|CHK|275|1|27|4|1|2|1|8|15|1|1|1
RZ1|276|1|OP13-098|1|2|6|15|1|1|0|0|0
RZ1|CHK|276|1|27|3|1|2|1|8|16|1|1|1
[You] ...Never Existed... ["OP13-098">OP13-098]: Buff Imu ["OP13-079">OP13-079] 4000 for the Combat
Jewelry Bonney ["OP07-019">OP07-019][5000] vs Imu ["OP13-079">OP13-079][9000]
Attack Fails
[Opponent] Uroge ["OP07-021">OP07-021]: Activate 1 Don
RZ1|277|2|Don|5|8|5|8|1|1|0|0|0
RZ1|CHK|277|2|25|4|4|4|0|10|3|0|1|0
[] Hand: [EB01-015,OP01-058,OP07-029,ST02-013]
[] Board: [OP07-021,OP07-026,ST02-013,ST16-004]
[] Trash: [OP07-021,OP07-021,OP05-030]
[] Life: 4
[] Hand: [OP13-091,OP13-089,OP13-089]
[] Trash: [OP13-096,OP05-097,OP16-093,OP13-080,OP13-080,OP13-089,OP14-096,OP14-096,OP13-092,OP13-083,OP14-096,OP13-084,OP13-080,OP13-091,OP13-098,OP13-098]
[] Board: [OP13-091]
[] Life: 2
[Opponent] End Turn
[] Hand: [OP13-091,OP13-089,OP13-089]
[] Board: [OP13-091]
[] Trash: [OP13-096,OP05-097,OP16-093,OP13-080,OP13-080,OP13-089,OP14-096,OP14-096,OP13-092,OP13-083,OP14-096,OP13-084,OP13-080,OP13-091,OP13-098,OP13-098]
[] Life: 2
[] Hand: [EB01-015,OP01-058,OP07-029,ST02-013]
[] Trash: [OP07-021,OP07-021,OP05-030]
[] Board: [OP07-021,OP07-026,ST02-013,ST16-004]
[] Life: 4
RZ1|278|1|Don|9|9900|5|0|1|1|1|0|0
RZ1|CHK|278|1|27|3|1|2|1|9|16|1|1|0
[You] Draw 1 Card
[] Drew card from deck: Five Elders ["OP13-082">OP13-082]
RZ1|279|1|OP13-082|0|26|1|3|1|1|0|0|0
RZ1|CHK|279|1|26|4|1|2|1|9|16|1|1|0
RZ1|280|1|Don|4|0|5|9|1|1|0|0|0
RZ1|CHK|280|1|26|4|1|2|0|10|16|1|1|0
[You] Draw 2 Don
RZ1|281|1|Don|5|0|5|0|1|1|1|0|0
RZ1|CHK|281|1|26|4|1|2|0|10|16|1|1|0
RZ1|282|1|Don|5|1|5|1|1|1|1|0|0
RZ1|CHK|282|1|26|4|1|2|0|10|16|1|1|0
RZ1|283|1|Don|5|2|5|2|1|1|1|0|0
RZ1|CHK|283|1|26|4|1|2|0|10|16|1|1|0
RZ1|284|1|Don|5|3|5|3|1|1|1|0|0
RZ1|CHK|284|1|26|4|1|2|0|10|16|1|1|0
RZ1|285|1|Don|5|4|5|4|1|1|1|0|0
RZ1|CHK|285|1|26|4|1|2|0|10|16|1|1|0
RZ1|286|1|Don|5|5|5|5|1|1|1|0|0
RZ1|CHK|286|1|26|4|1|2|0|10|16|1|1|0
RZ1|287|1|Don|5|6|5|6|1|1|1|0|0
RZ1|CHK|287|1|26|4|1|2|0|10|16|1|1|0
RZ1|288|1|Don|5|7|5|7|1|1|1|0|0
RZ1|CHK|288|1|26|4|1|2|0|10|16|1|1|0
RZ1|289|1|Don|5|8|5|8|1|1|1|0|0
RZ1|CHK|289|1|26|4|1|2|0|10|16|1|1|0
RZ1|290|1|Don|5|9|5|9|1|1|1|0|0
RZ1|CHK|290|1|26|4|1|2|0|10|16|1|1|0
[You] Deploy Five Elders ["OP13-082">OP13-082]
RZ1|291|1|OP13-082|1|3|2|1|1|1|0|0|0
RZ1|CHK|291|1|26|3|2|2|0|10|16|1|1|0
RZ1|292|1|OP13-089|1|1|6|16|1|1|0|0|0
RZ1|CHK|292|1|26|2|2|2|0|10|17|1|1|0
[You] Imu ["OP13-079">OP13-079]: Trash St. Topman Warcury ["OP13-089">OP13-089]
[] Drew card from deck: St. Topman Warcury ["OP13-089">OP13-089]
RZ1|293|1|OP13-089|0|25|1|2|1|1|0|0|0
RZ1|CHK|293|1|25|3|2|2|0|10|17|1|1|0
[You] Imu ["OP13-079">OP13-079]: Draw 1 Card
[You] Imu ["OP13-079">OP13-079] attacking Jewelry Bonney ["OP07-019">OP07-019]
Imu ["OP13-079">OP13-079][5000] vs Jewelry Bonney ["OP07-019">OP07-019][5000]
Jewelry Bonney ["OP07-019">OP07-019] hit for 1 damage
RZ1|294|2|OP05-030|3|3|1|4|1|1|0|0|0
RZ1|CHK|294|2|25|5|4|3|0|10|3|0|1|0
[] Hand: [OP13-091,OP13-089,OP13-089]
[] Board: [OP13-091,OP13-082]
[] Trash: [OP13-096,OP05-097,OP16-093,OP13-080,OP13-080,OP13-089,OP14-096,OP14-096,OP13-092,OP13-083,OP14-096,OP13-084,OP13-080,OP13-091,OP13-098,OP13-098,OP13-089]
[] Life: 2
[] Hand: [EB01-015,OP01-058,OP07-029,ST02-013,OP05-030]
[] Trash: [OP07-021,OP07-021,OP05-030]
[] Board: [OP07-021,OP07-026,ST02-013,ST16-004]
[] Life: 3
[You] End Turn
[] Hand: [EB01-015,OP01-058,OP07-029,ST02-013,OP05-030]
[] Board: [OP07-021,OP07-026,ST02-013,ST16-004]
[] Trash: [OP07-021,OP07-021,OP05-030]
[] Life: 3
[] Hand: [OP13-091,OP13-089,OP13-089]
[] Trash: [OP13-096,OP05-097,OP16-093,OP13-080,OP13-080,OP13-089,OP14-096,OP14-096,OP13-092,OP13-083,OP14-096,OP13-084,OP13-080,OP13-091,OP13-098,OP13-098,OP13-089]
[] Board: [OP13-091,OP13-082]
[] Life: 2
[Opponent] Draw 1 Card
[] Drew card from deck: Donquixote Rosinante ["OP04-119">OP04-119]
RZ1|295|2|OP04-119|0|24|1|5|1|1|0|0|0
RZ1|CHK|295|2|24|6|4|3|0|10|3|0|1|0
[Opponent] Eustass "Captain" Kid ["ST02-013">ST02-013] attacking Imu ["OP13-079">OP13-079]
[You] St. Marcus Mars ["OP13-091">OP13-091] Blocks
Eustass "Captain" Kid ["ST02-013">ST02-013][7000] vs St. Marcus Mars ["OP13-091">OP13-091][5000]
[You] St. Marcus Mars ["OP13-091">OP13-091] Destroyed
RZ1|296|1|OP13-091|2|0|6|17|1|1|0|0|0
RZ1|CHK|296|1|25|3|1|2|0|10|18|1|1|0
[Opponent] Attach 1 Don to Jewelry Bonney ["OP07-026">OP07-026] (1 Total)
RZ1|297|2|Don|5|9|9|100|1|1|0|0|0
RZ1|CHK|297|2|24|6|4|3|0|9|3|0|1|1
[Opponent] Attach 1 Don to Jewelry Bonney ["OP07-026">OP07-026] (2 Total)
RZ1|298|2|Don|5|8|9|101|1|1|0|0|0
RZ1|CHK|298|2|24|6|4|3|0|8|3|0|1|2
[Opponent] Jewelry Bonney ["OP07-026">OP07-026] attacking Imu ["OP13-079">OP13-079]
Jewelry Bonney ["OP07-026">OP07-026][8000] vs Imu ["OP13-079">OP13-079][5000]
Imu ["OP13-079">OP13-079] hit for 1 damage
RZ1|299|1|OP13-098|3|1|1|3|1|1|0|0|0
RZ1|CHK|299|1|25|4|1|1|0|10|18|1|1|0
[Opponent] Attach 1 Don to Jewelry Bonney ["OP07-019">OP07-019] (1 Total)
RZ1|300|2|Don|5|7|9|9900|1|1|0|0|0
RZ1|CHK|300|2|24|6|4|3|0|7|3|0|1|3
[Opponent] Attach 1 Don to Jewelry Bonney ["OP07-019">OP07-019] (2 Total)
RZ1|301|2|Don|5|6|9|9901|1|1|0|0|0
RZ1|CHK|301|2|24|6|4|3|0|6|3|0|1|4
[Opponent] Attach 1 Don to Jewelry Bonney ["OP07-019">OP07-019] (3 Total)
RZ1|302|2|Don|5|5|9|9902|1|1|0|0|0
RZ1|CHK|302|2|24|6|4|3|0|5|3|0|1|5
[Opponent] Attach 1 Don to Jewelry Bonney ["OP07-019">OP07-019] (4 Total)
RZ1|303|2|Don|5|4|9|9903|1|1|0|0|0
RZ1|CHK|303|2|24|6|4|3|0|4|3|0|1|6
[Opponent] Jewelry Bonney ["OP07-019">OP07-019] attacking Imu ["OP13-079">OP13-079]
Jewelry Bonney ["OP07-019">OP07-019][9000] vs Imu ["OP13-079">OP13-079][5000]
Imu ["OP13-079">OP13-079] hit for 1 damage
RZ1|304|1|OP13-082|3|0|1|4|1|1|0|0|0
RZ1|CHK|304|1|25|5|1|0|0|10|18|1|1|0
[Opponent] Attach 4 Don to Shanks ["ST16-004">ST16-004] (4 Total)
RZ1|305|2|Don|5|0|9|300|1|1|0|0|0
RZ1|CHK|305|2|24|6|4|3|0|3|3|0|1|7
RZ1|306|2|Don|5|0|9|301|1|1|0|0|0
RZ1|CHK|306|2|24|6|4|3|0|2|3|0|1|8
RZ1|307|2|Don|5|0|9|302|1|1|0|0|0
RZ1|CHK|307|2|24|6|4|3|0|1|3|0|1|9
RZ1|308|2|Don|5|0|9|303|1|1|0|0|0
RZ1|CHK|308|2|24|6|4|3|0|0|3|0|1|10
[Opponent] Shanks ["ST16-004">ST16-004] attacking Imu ["OP13-079">OP13-079]
Shanks ["ST16-004">ST16-004][15000] vs Imu ["OP13-079">OP13-079][5000]
Imu ["OP13-079">OP13-079] hit for 1 damage
[You] <b>Downloaded the Combat Log!</b>
GameOver
