Version is 1.41b
[You] Leader is Imu ["OP13-079">OP13-079]
RZ1|HDR|1.41b|2|RZ1
RZ1|PLY|1||OP13-079
RZ1|PLY|2||
[Opponent] Leader is Marshall D. Teach ["OP16-080">OP16-080]
RZ1|1|2|OP16-109|0|15|0|0|0|0|0|0|0
RZ1|CHK|1|2|50|0|0|0|10|0|0|0|1|0
RZ1|2|2|OP16-115|0|44|0|2|0|0|0|0|0
RZ1|CHK|2|2|50|0|0|0|10|0|0|0|1|0
RZ1|3|2|OP16-115|0|44|0|3|0|0|0|0|0
RZ1|CHK|3|2|50|0|0|0|10|0|0|0|1|0
RZ1|4|2|OP16-119|0|36|0|4|0|0|0|0|0
RZ1|CHK|4|2|50|0|0|0|10|0|0|0|1|0
RZ1|5|2|OP16-119|0|36|0|5|0|0|0|0|0
RZ1|CHK|5|2|50|0|0|0|10|0|0|0|1|0
RZ1|6|2|OP16-102|0|17|0|6|0|0|0|0|0
RZ1|CHK|6|2|50|0|0|0|10|0|0|0|1|0
RZ1|7|2|OP16-119|0|38|0|7|0|0|0|0|0
RZ1|CHK|7|2|50|0|0|0|10|0|0|0|1|0
RZ1|8|2|OP16-104|0|31|0|8|0|0|0|0|0
RZ1|CHK|8|2|50|0|0|0|10|0|0|0|1|0
RZ1|9|2|OP16-109|0|20|0|9|0|0|0|0|0
RZ1|CHK|9|2|50|0|0|0|10|0|0|0|1|0
RZ1|10|2|OP16-116|0|46|0|10|0|0|0|0|0
RZ1|CHK|10|2|50|0|0|0|10|0|0|0|1|0
RZ1|11|2|OP09-095|0|12|0|11|0|0|0|0|0
RZ1|CHK|11|2|50|0|0|0|10|0|0|0|1|0
RZ1|12|2|OP09-086|0|15|0|12|0|0|0|0|0
RZ1|CHK|12|2|50|0|0|0|10|0|0|0|1|0
RZ1|13|2|OP09-093|0|18|0|13|0|0|0|0|0
RZ1|CHK|13|2|50|0|0|0|10|0|0|0|1|0
RZ1|14|2|OP16-108|0|38|0|14|0|0|0|0|0
RZ1|CHK|14|2|50|0|0|0|10|0|0|0|1|0
RZ1|15|2|OP16-104|0|31|0|15|0|0|0|0|0
RZ1|CHK|15|2|50|0|0|0|10|0|0|0|1|0
RZ1|16|2|OP09-096|0|43|0|16|0|0|0|0|0
RZ1|CHK|16|2|50|0|0|0|10|0|0|0|1|0
RZ1|17|2|OP09-093|0|24|0|17|0|0|0|0|0
RZ1|CHK|17|2|50|0|0|0|10|0|0|0|1|0
RZ1|18|2|OP09-093|0|23|0|18|0|0|0|0|0
RZ1|CHK|18|2|50|0|0|0|10|0|0|0|1|0
RZ1|19|2|OP09-099|0|47|0|19|0|0|0|0|0
RZ1|CHK|19|2|50|0|0|0|10|0|0|0|1|0
RZ1|20|2|OP06-115|0|46|0|20|0|0|0|0|0
RZ1|CHK|20|2|50|0|0|0|10|0|0|0|1|0
RZ1|21|2|OP16-110|0|32|0|21|0|0|0|0|0
RZ1|CHK|21|2|50|0|0|0|10|0|0|0|1|0
RZ1|22|2|OP16-110|0|31|0|22|0|0|0|0|0
RZ1|CHK|22|2|50|0|0|0|10|0|0|0|1|0
RZ1|23|2|OP16-104|0|35|0|23|0|0|0|0|0
RZ1|CHK|23|2|50|0|0|0|10|0|0|0|1|0
RZ1|24|2|OP12-112|0|34|0|24|0|0|0|0|0
RZ1|CHK|24|2|50|0|0|0|10|0|0|0|1|0
RZ1|25|2|OP16-110|0|34|0|25|0|0|0|0|0
RZ1|CHK|25|2|50|0|0|0|10|0|0|0|1|0
RZ1|26|2|OP16-104|0|36|0|26|0|0|0|0|0
RZ1|CHK|26|2|50|0|0|0|10|0|0|0|1|0
RZ1|27|2|OP09-099|0|48|0|27|0|0|0|0|0
RZ1|CHK|27|2|50|0|0|0|10|0|0|0|1|0
RZ1|28|2|OP12-112|0|37|0|28|0|0|0|0|0
RZ1|CHK|28|2|50|0|0|0|10|0|0|0|1|0
RZ1|29|2|OP12-119|0|38|0|29|0|0|0|0|0
RZ1|CHK|29|2|50|0|0|0|10|0|0|0|1|0
RZ1|30|2|OP16-109|0|36|0|30|0|0|0|0|0
RZ1|CHK|30|2|50|0|0|0|10|0|0|0|1|0
RZ1|31|2|OP09-086|0|34|0|31|0|0|0|0|0
RZ1|CHK|31|2|50|0|0|0|10|0|0|0|1|0
RZ1|32|2|OP09-086|0|34|0|32|0|0|0|0|0
RZ1|CHK|32|2|50|0|0|0|10|0|0|0|1|0
RZ1|33|2|OP16-108|0|40|0|33|0|0|0|0|0
RZ1|CHK|33|2|50|0|0|0|10|0|0|0|1|0
RZ1|34|2|OP09-096|0|45|0|34|0|0|0|0|0
RZ1|CHK|34|2|50|0|0|0|10|0|0|0|1|0
RZ1|35|2|OP09-099|0|49|0|35|0|0|0|0|0
RZ1|CHK|35|2|50|0|0|0|10|0|0|0|1|0
RZ1|36|2|OP12-119|0|42|0|36|0|0|0|0|0
RZ1|CHK|36|2|50|0|0|0|10|0|0|0|1|0
RZ1|37|2|OP16-108|0|44|0|37|0|0|0|0|0
RZ1|CHK|37|2|50|0|0|0|10|0|0|0|1|0
RZ1|38|2|OP09-086|0|40|0|38|0|0|0|0|0
RZ1|CHK|38|2|50|0|0|0|10|0|0|0|1|0
RZ1|39|2|OP16-108|0|44|0|39|0|0|0|0|0
RZ1|CHK|39|2|50|0|0|0|10|0|0|0|1|0
RZ1|40|2|OP16-109|0|43|0|40|0|0|0|0|0
RZ1|CHK|40|2|50|0|0|0|10|0|0|0|1|0
RZ1|41|2|OP16-110|0|44|0|41|0|0|0|0|0
RZ1|CHK|41|2|50|0|0|0|10|0|0|0|1|0
RZ1|42|2|OP06-115|0|48|0|42|0|0|0|0|0
RZ1|CHK|42|2|50|0|0|0|10|0|0|0|1|0
RZ1|43|2|OP09-096|0|47|0|44|0|0|0|0|0
RZ1|CHK|43|2|50|0|0|0|10|0|0|0|1|0
RZ1|44|2|OP16-116|0|49|0|48|0|0|0|0|0
RZ1|CHK|44|2|50|0|0|0|10|0|0|0|1|0
RZ1|45|1|OP13-099|0|29|7|0|1|1|0|0|0
RZ1|CHK|45|1|49|0|0|0|10|0|0|1|1|0
[You] Imu ["OP13-079">OP13-079]: Deploy The Empty Throne ["OP13-099">OP13-099]
RZ1|46|1|OP13-080|0|29|0|0|0|0|0|0|0
RZ1|CHK|46|1|49|0|0|0|10|0|0|1|1|0
RZ1|47|1|OP16-093|0|14|0|1|0|0|0|0|0
RZ1|CHK|47|1|49|0|0|0|10|0|0|1|1|0
RZ1|48|1|OP13-092|0|41|0|2|0|0|0|0|0
RZ1|CHK|48|1|49|0|0|0|10|0|0|1|1|0
RZ1|49|1|OP13-098|0|18|0|3|0|0|0|0|0
RZ1|CHK|49|1|49|0|0|0|10|0|0|1|1|0
RZ1|50|1|OP13-091|0|29|0|4|0|0|0|0|0
RZ1|CHK|50|1|49|0|0|0|10|0|0|1|1|0
RZ1|51|1|OP13-082|0|17|0|5|0|0|0|0|0
RZ1|CHK|51|1|49|0|0|0|10|0|0|1|1|0
RZ1|52|1|OP13-083|0|30|0|6|0|0|0|0|0
RZ1|CHK|52|1|49|0|0|0|10|0|0|1|1|0
RZ1|53|1|OP13-083|0|14|0|7|0|0|0|0|0
RZ1|CHK|53|1|49|0|0|0|10|0|0|1|1|0
RZ1|54|1|OP13-082|0|40|0|8|0|0|0|0|0
RZ1|CHK|54|1|49|0|0|0|10|0|0|1|1|0
RZ1|55|1|OP13-091|0|18|0|9|0|0|0|0|0
RZ1|CHK|55|1|49|0|0|0|10|0|0|1|1|0
RZ1|56|1|OP13-096|0|26|0|10|0|0|0|0|0
RZ1|CHK|56|1|49|0|0|0|10|0|0|1|1|0
RZ1|57|1|OP13-091|0|23|0|11|0|0|0|0|0
RZ1|CHK|57|1|49|0|0|0|10|0|0|1|1|0
RZ1|58|1|OP13-092|0|23|0|12|0|0|0|0|0
RZ1|CHK|58|1|49|0|0|0|10|0|0|1|1|0
RZ1|59|1|OP13-084|0|27|0|13|0|0|0|0|0
RZ1|CHK|59|1|49|0|0|0|10|0|0|1|1|0
RZ1|60|1|OP13-082|0|22|0|14|0|0|0|0|0
RZ1|CHK|60|1|49|0|0|0|10|0|0|1|1|0
RZ1|61|1|OP13-089|0|18|0|15|0|0|0|0|0
RZ1|CHK|61|1|49|0|0|0|10|0|0|1|1|0
RZ1|62|1|OP16-093|0|33|0|16|0|0|0|0|0
RZ1|CHK|62|1|49|0|0|0|10|0|0|1|1|0
RZ1|63|1|OP13-089|0|19|0|17|0|0|0|0|0
RZ1|CHK|63|1|49|0|0|0|10|0|0|1|1|0
RZ1|64|1|OP13-096|0|28|0|18|0|0|0|0|0
RZ1|CHK|64|1|49|0|0|0|10|0|0|1|1|0
RZ1|65|1|OP13-084|0|47|0|19|0|0|0|0|0
RZ1|CHK|65|1|49|0|0|0|10|0|0|1|1|0
RZ1|66|1|OP13-086|0|41|0|20|0|0|0|0|0
RZ1|CHK|66|1|49|0|0|0|10|0|0|1|1|0
RZ1|67|1|OP13-080|0|33|0|21|0|0|0|0|0
RZ1|CHK|67|1|49|0|0|0|10|0|0|1|1|0
RZ1|68|1|OP13-092|0|31|0|23|0|0|0|0|0
RZ1|CHK|68|1|49|0|0|0|10|0|0|1|1|0
RZ1|69|1|OP13-096|0|47|0|24|0|0|0|0|0
RZ1|CHK|69|1|49|0|0|0|10|0|0|1|1|0
RZ1|70|1|OP16-093|0|35|0|25|0|0|0|0|0
RZ1|CHK|70|1|49|0|0|0|10|0|0|1|1|0
RZ1|71|1|OP13-098|0|45|0|26|0|0|0|0|0
RZ1|CHK|71|1|49|0|0|0|10|0|0|1|1|0
RZ1|72|1|OP13-084|0|43|0|27|0|0|0|0|0
RZ1|CHK|72|1|49|0|0|0|10|0|0|1|1|0
RZ1|73|1|OP13-092|0|40|0|28|0|0|0|0|0
RZ1|CHK|73|1|49|0|0|0|10|0|0|1|1|0
RZ1|74|1|OP13-098|0|48|0|29|0|0|0|0|0
RZ1|CHK|74|1|49|0|0|0|10|0|0|1|1|0
RZ1|75|1|OP13-080|0|34|0|30|0|0|0|0|0
RZ1|CHK|75|1|49|0|0|0|10|0|0|1|1|0
RZ1|76|1|OP14-096|0|38|0|31|0|0|0|0|0
RZ1|CHK|76|1|49|0|0|0|10|0|0|1|1|0
RZ1|77|1|OP13-089|0|42|0|32|0|0|0|0|0
RZ1|CHK|77|1|49|0|0|0|10|0|0|1|1|0
RZ1|78|1|OP13-089|0|43|0|33|0|0|0|0|0
RZ1|CHK|78|1|49|0|0|0|10|0|0|1|1|0
RZ1|79|1|OP05-097|0|45|0|34|0|0|0|0|0
RZ1|CHK|79|1|49|0|0|0|10|0|0|1|1|0
RZ1|80|1|OP13-080|0|46|0|35|0|0|0|0|0
RZ1|CHK|80|1|49|0|0|0|10|0|0|1|1|0
RZ1|81|1|OP13-084|0|42|0|36|0|0|0|0|0
RZ1|CHK|81|1|49|0|0|0|10|0|0|1|1|0
RZ1|82|1|OP13-091|0|40|0|37|0|0|0|0|0
RZ1|CHK|82|1|49|0|0|0|10|0|0|1|1|0
RZ1|83|1|OP13-086|0|44|0|39|0|0|0|0|0
RZ1|CHK|83|1|49|0|0|0|10|0|0|1|1|0
RZ1|84|1|OP13-086|0|45|0|40|0|0|0|0|0
RZ1|CHK|84|1|49|0|0|0|10|0|0|1|1|0
RZ1|85|1|OP14-096|0|47|0|41|0|0|0|0|0
RZ1|CHK|85|1|49|0|0|0|10|0|0|1|1|0
RZ1|86|1|OP13-083|0|44|0|42|0|0|0|0|0
RZ1|CHK|86|1|49|0|0|0|10|0|0|1|1|0
RZ1|87|1|OP13-096|0|45|0|44|0|0|0|0|0
RZ1|CHK|87|1|49|0|0|0|10|0|0|1|1|0
[] Drew card from deck: St. Shalria ["OP13-086">OP13-086]
RZ1|88|1|OP13-086|0|48|1|0|1|1|0|0|0
RZ1|CHK|88|1|48|1|0|0|10|0|0|1|1|0
[] Drew card from deck: Ground Death ["OP14-096">OP14-096]
RZ1|89|1|OP14-096|0|47|1|1|1|1|0|0|0
RZ1|CHK|89|1|47|2|0|0|10|0|0|1|1|0
[] Drew card from deck: Ground Death ["OP14-096">OP14-096]
RZ1|90|1|OP14-096|0|46|1|2|1|1|0|0|0
RZ1|CHK|90|1|46|3|0|0|10|0|0|1|1|0
[] Drew card from deck: St. Jaygarcia Saturn ["OP13-083">OP13-083]
RZ1|91|1|OP13-083|0|45|1|3|1|1|0|0|0
RZ1|CHK|91|1|45|4|0|0|10|0|0|1|1|0
[] Drew card from deck: The Five Elders... Are At Your Service ["OP13-096">OP13-096]
RZ1|92|1|OP13-096|0|44|1|4|1|1|0|0|0
RZ1|CHK|92|1|44|5|0|0|10|0|0|1|1|0
[] Drew card from deck: This is MY AGE!!!! ["OP09-096">OP09-096]
RZ1|93|2|OP09-096|0|49|1|0|1|1|0|0|0
RZ1|CHK|93|2|49|1|0|0|10|0|0|0|1|0
[] Drew card from deck: ZEHAHAHAHA ["OP16-116">OP16-116]
RZ1|94|2|OP16-116|0|48|1|1|1|1|0|0|0
RZ1|CHK|94|2|48|2|0|0|10|0|0|0|1|0
[] Drew card from deck: Marshall D. Teach ["OP16-119">OP16-119]
RZ1|95|2|OP16-119|0|47|1|2|1|1|0|0|0
RZ1|CHK|95|2|47|3|0|0|10|0|0|0|1|0
[] Drew card from deck: Marshall D. Teach ["OP09-093">OP09-093]
RZ1|96|2|OP09-093|0|46|1|3|1|1|0|0|0
RZ1|CHK|96|2|46|4|0|0|10|0|0|0|1|0
[] Drew card from deck: Laffitte ["OP09-095">OP09-095]
RZ1|97|2|OP09-095|0|45|1|4|1|1|0|0|0
RZ1|CHK|97|2|45|5|0|0|10|0|0|0|1|0
RZ1|98|1|OP16-093|0|43|3|0|1|0|0|0|0
RZ1|CHK|98|1|43|5|0|1|10|0|0|1|1|0
RZ1|99|1|OP13-083|0|42|3|1|1|0|0|0|0
RZ1|CHK|99|1|42|5|0|2|10|0|0|1|1|0
RZ1|100|1|OP14-096|0|41|3|2|1|0|0|0|0
RZ1|CHK|100|1|41|5|0|3|10|0|0|1|1|0
RZ1|101|1|OP13-086|0|40|3|3|1|0|0|0|0
RZ1|CHK|101|1|40|5|0|4|10|0|0|1|1|0
RZ1|102|2|OP09-096|0|44|3|0|0|1|0|0|0
RZ1|CHK|102|2|44|5|0|1|10|0|0|0|1|0
RZ1|103|2|OP09-095|0|43|3|1|0|1|0|0|0
RZ1|CHK|103|2|43|5|0|2|10|0|0|0|1|0
RZ1|104|2|OP06-115|0|42|3|2|0|1|0|0|0
RZ1|CHK|104|2|42|5|0|3|10|0|0|0|1|0
RZ1|105|2|OP16-110|0|41|3|3|0|1|0|0|0
RZ1|CHK|105|2|41|5|0|4|10|0|0|0|1|0
[] Hand: [OP13-086,OP14-096,OP14-096,OP13-083,OP13-096]
[] Board: []
[] Trash: []
[] Life: 4
[] Hand: [OP09-096,OP16-116,OP16-119,OP09-093,OP09-095]
[] Trash: []
[] Board: []
[] Life: 4
RZ1|106|1|Don|4|9|5|0|1|1|0|0|0
RZ1|CHK|106|1|40|5|0|4|9|1|0|1|1|0
[You] Draw 1 Don
RZ1|107|1|Don|5|0|5|0|1|1|1|0|0
RZ1|CHK|107|1|40|5|0|4|9|1|0|1|1|0
[You] Deploy St. Shalria ["OP13-086">OP13-086]
RZ1|108|1|OP13-086|1|0|2|0|1|1|0|0|0
RZ1|CHK|108|1|40|4|1|4|9|1|0|1|1|0
RZ1|109|1|OP13-091|0|37|1|4|1|1|0|0|0
RZ1|CHK|109|1|39|5|1|4|9|1|0|1|1|0
[You] St. Shalria ["OP13-086">OP13-086]: <b>Reveal and Draw St. Marcus Mars ["OP13-091">OP13-091]</b>
[You] St. Shalria ["OP13-086">OP13-086]: Trash 2 Remaining Cards
RZ1|110|1|OP13-086|0|38|6|0|1|1|0|0|0
RZ1|CHK|110|1|38|5|1|4|9|1|1|1|1|0
RZ1|111|1|OP13-098|0|37|6|1|1|1|0|0|0
RZ1|CHK|111|1|37|5|1|4|9|1|2|1|1|0
RZ1|112|1|OP14-096|1|0|6|2|1|1|0|0|0
RZ1|CHK|112|1|37|4|1|4|9|1|3|1|1|0
[You] St. Shalria ["OP13-086">OP13-086]: Trash Ground Death ["OP14-096">OP14-096]
RZ1|113|1|OP14-096|1|0|6|3|1|1|0|0|0
RZ1|CHK|113|1|37|3|1|4|9|1|4|1|1|0
[You] Imu ["OP13-079">OP13-079]: Trash Ground Death ["OP14-096">OP14-096]
[] Drew card from deck: St. Shepherd Ju Peter ["OP13-084">OP13-084]
RZ1|114|1|OP13-084|0|36|1|3|1|1|0|0|0
RZ1|CHK|114|1|36|4|1|4|9|1|4|1|1|0
[You] Imu ["OP13-079">OP13-079]: Draw 1 Card
[] Hand: [OP13-083,OP13-096,OP13-091,OP13-084]
[] Board: [OP13-086]
[] Trash: [OP13-086,OP13-098,OP14-096,OP14-096]
[] Life: 4
[] Hand: [OP09-096,OP16-116,OP16-119,OP09-093,OP09-095]
[] Trash: []
[] Board: []
[] Life: 4
[You] End Turn
[] Hand: [OP09-096,OP16-116,OP16-119,OP09-093,OP09-095]
[] Board: []
[] Trash: []
[] Life: 4
[] Hand: [OP13-083,OP13-096,OP13-091,OP13-084]
[] Trash: [OP13-086,OP13-098,OP14-096,OP14-096]
[] Board: [OP13-086]
[] Life: 4
[Opponent] Draw 1 Card
[] Drew card from deck: Doc Q ["OP16-109">OP16-109]
RZ1|115|2|OP16-109|0|40|1|5|1|1|0|0|0
RZ1|CHK|115|2|40|6|0|4|10|0|0|0|1|0
RZ1|116|2|Don|4|9|5|0|1|1|0|0|0
RZ1|CHK|116|2|40|6|0|4|9|1|0|0|1|0
RZ1|117|2|Don|4|8|5|1|1|1|0|0|0
RZ1|CHK|117|2|40|6|0|4|8|2|0|0|1|0
[Opponent] Draw 2 Don
RZ1|118|2|Don|5|0|5|0|1|1|1|0|0
RZ1|CHK|118|2|40|6|0|4|8|2|0|0|1|0
[Opponent] Deploy Laffitte ["OP09-095">OP09-095]
RZ1|119|2|OP09-095|1|4|2|0|1|1|0|0|0
RZ1|CHK|119|2|40|5|1|4|8|2|0|0|1|0
[Opponent] Laffitte ["OP09-095">OP09-095]: Rest 1 Don
RZ1|120|2|Don|5|1|5|1|1|1|1|0|0
RZ1|CHK|120|2|40|5|1|4|8|2|0|0|1|0
[Opponent] Laffitte ["OP09-095">OP09-095]: Rest Laffitte ["OP09-095">OP09-095]
RZ1|121|2|OP16-108|0|37|1|5|1|1|0|0|0
RZ1|CHK|121|2|39|6|1|4|8|2|0|0|1|0
[Opponent] Laffitte ["OP09-095">OP09-095]: <b>Reveal and Draw Shiryu ["OP16-108">OP16-108]</b>
[Opponent] Placing Cards on Bottom of Deck
RZ1|122|2|OP16-108|0|38|0|0|0|0|0|0|0
RZ1|CHK|122|2|39|6|1|4|8|2|0|0|1|0
RZ1|123|2|OP09-086|0|38|0|0|0|0|0|0|0
RZ1|CHK|123|2|39|6|1|4|8|2|0|0|1|0
RZ1|124|2|OP12-119|0|38|0|0|0|0|0|0|0
RZ1|CHK|124|2|39|6|1|4|8|2|0|0|1|0
RZ1|125|2|OP09-099|0|38|0|0|0|0|0|0|0
RZ1|CHK|125|2|39|6|1|4|8|2|0|0|1|0
[] Hand: [OP09-096,OP16-116,OP16-119,OP09-093,OP16-109,OP16-108]
[] Board: [OP09-095]
[] Trash: []
[] Life: 4
[] Hand: [OP13-083,OP13-096,OP13-091,OP13-084]
[] Trash: [OP13-086,OP13-098,OP14-096,OP14-096]
[] Board: [OP13-086]
[] Life: 4
[Opponent] End Turn
[] Hand: [OP13-083,OP13-096,OP13-091,OP13-084]
[] Board: [OP13-086]
[] Trash: [OP13-086,OP13-098,OP14-096,OP14-096]
[] Life: 4
[] Hand: [OP09-096,OP16-116,OP16-119,OP09-093,OP16-109,OP16-108]
[] Trash: []
[] Board: [OP09-095]
[] Life: 4
[You] Draw 1 Card
[] Drew card from deck: St. Ethanbaron V. Nusjuro ["OP13-080">OP13-080]
RZ1|126|1|OP13-080|0|35|1|4|1|1|0|0|0
RZ1|CHK|126|1|35|5|1|4|9|1|4|1|1|0
RZ1|127|1|Don|4|8|5|1|1|1|0|0|0
RZ1|CHK|127|1|35|5|1|4|8|2|4|1|1|0
RZ1|128|1|Don|4|7|5|2|1|1|0|0|0
RZ1|CHK|128|1|35|5|1|4|7|3|4|1|1|0
[You] Draw 2 Don
[You] The Empty Throne ["OP13-099">OP13-099]: Rest 3 Don
RZ1|129|1|Don|5|0|5|0|1|1|1|0|0
RZ1|CHK|129|1|35|5|1|4|7|3|4|1|1|0
RZ1|130|1|Don|5|1|5|1|1|1|1|0|0
RZ1|CHK|130|1|35|5|1|4|7|3|4|1|1|0
RZ1|131|1|Don|5|2|5|2|1|1|1|0|0
RZ1|CHK|131|1|35|5|1|4|7|3|4|1|1|0
[You] The Empty Throne ["OP13-099">OP13-099]: Rest The Empty Throne ["OP13-099">OP13-099]
[You] Imu ["OP13-079">OP13-079] attacking Laffitte ["OP09-095">OP09-095]
Imu ["OP13-079">OP13-079][5000] vs Laffitte ["OP09-095">OP09-095][1000]
[Opponent] Laffitte ["OP09-095">OP09-095] Destroyed
RZ1|132|2|OP09-095|2|0|6|0|1|1|0|0|0
RZ1|CHK|132|2|39|6|0|4|8|2|1|0|1|0
[] Hand: [OP13-083,OP13-096,OP13-091,OP13-084,OP13-080]
[] Board: [OP13-086]
[] Trash: [OP13-086,OP13-098,OP14-096,OP14-096]
[] Life: 4
[] Hand: [OP09-096,OP16-116,OP16-119,OP09-093,OP16-109,OP16-108]
[] Trash: [OP09-095]
[] Board: []
[] Life: 4
[You] End Turn
[] Hand: [OP09-096,OP16-116,OP16-119,OP09-093,OP16-109,OP16-108]
[] Board: []
[] Trash: [OP09-095]
[] Life: 4
[] Hand: [OP13-083,OP13-096,OP13-091,OP13-084,OP13-080]
[] Trash: [OP13-086,OP13-098,OP14-096,OP14-096]
[] Board: [OP13-086]
[] Life: 4
[Opponent] Draw 1 Card
[] Drew card from deck: This is MY AGE!!!! ["OP09-096">OP09-096]
RZ1|133|2|OP09-096|0|38|1|6|1|1|0|0|0
RZ1|CHK|133|2|38|7|0|4|8|2|1|0|1|0
RZ1|134|2|Don|4|7|5|2|1|1|0|0|0
RZ1|CHK|134|2|38|7|0|4|7|3|1|0|1|0
RZ1|135|2|Don|4|6|5|3|1|1|0|0|0
RZ1|CHK|135|2|38|7|0|4|6|4|1|0|1|0
[Opponent] Draw 2 Don
[Opponent] This is MY AGE!!!! ["OP09-096">OP09-096]: Rest 1 Don
RZ1|136|2|Don|5|0|5|0|1|1|1|0|0
RZ1|CHK|136|2|38|7|0|4|6|4|1|0|1|0
RZ1|137|2|OP09-096|1|6|6|1|1|1|0|0|0
RZ1|CHK|137|2|38|6|0|4|6|4|2|0|1|0
RZ1|138|2|OP09-086|0|36|1|6|1|1|0|0|0
RZ1|CHK|138|2|37|7|0|4|6|4|2|0|1|0
[Opponent] This is MY AGE!!!! ["OP09-096">OP09-096]: <b>Reveal and Draw Jesus Burgess ["OP09-086">OP09-086]</b>
[Opponent] This is MY AGE!!!! ["OP09-096">OP09-096]: Trash 2 Remaining Cards
RZ1|139|2|OP16-108|0|36|6|2|1|1|0|0|0
RZ1|CHK|139|2|36|7|0|4|6|4|3|0|1|0
RZ1|140|2|OP09-086|0|35|6|3|1|1|0|0|0
RZ1|CHK|140|2|35|7|0|4|6|4|4|0|1|0
[Opponent] This is MY AGE!!!! ["OP09-096">OP09-096]: Rest 1 Don
RZ1|141|2|Don|5|1|5|1|1|1|1|0|0
RZ1|CHK|141|2|35|7|0|4|6|4|4|0|1|0
RZ1|142|2|OP09-096|1|0|6|4|1|1|0|0|0
RZ1|CHK|142|2|35|6|0|4|6|4|5|0|1|0
RZ1|143|2|OP16-109|0|34|1|6|1|1|0|0|0
RZ1|CHK|143|2|34|7|0|4|6|4|5|0|1|0
[Opponent] This is MY AGE!!!! ["OP09-096">OP09-096]: <b>Reveal and Draw Doc Q ["OP16-109">OP16-109]</b>
[Opponent] This is MY AGE!!!! ["OP09-096">OP09-096]: Trash 2 Remaining Cards
RZ1|144|2|OP12-119|0|33|6|5|1|1|0|0|0
RZ1|CHK|144|2|33|7|0|4|6|4|6|0|1|0
RZ1|145|2|OP12-112|0|32|6|6|1|1|0|0|0
RZ1|CHK|145|2|32|7|0|4|6|4|7|0|1|0
RZ1|146|2|Don|5|2|5|2|1|1|1|0|0
RZ1|CHK|146|2|32|7|0|4|6|4|7|0|1|0
[Opponent] Deploy Doc Q ["OP16-109">OP16-109]
RZ1|147|2|OP16-109|1|6|2|0|1|1|0|0|0
RZ1|CHK|147|2|32|6|1|4|6|4|7|0|1|0
[Opponent] Attach 1 Don to Marshall D. Teach ["OP16-080">OP16-080] (1 Total)
RZ1|148|2|Don|5|3|9|9900|1|1|0|0|0
RZ1|CHK|148|2|32|6|1|4|6|3|7|0|1|1
[Opponent] Marshall D. Teach ["OP16-080">OP16-080] attacking Imu ["OP13-079">OP13-079]
Marshall D. Teach ["OP16-080">OP16-080][6000] vs Imu ["OP13-079">OP13-079][5000]
Imu ["OP13-079">OP13-079] hit for 1 damage
RZ1|149|1|OP13-086|3|3|1|5|1|1|0|0|0
RZ1|CHK|149|1|35|6|1|3|7|3|4|1|1|0
[] Hand: [OP16-116,OP16-119,OP09-093,OP16-109,OP16-108,OP09-086]
[] Board: [OP16-109]
[] Trash: [OP09-095,OP09-096,OP16-108,OP09-086,OP09-096,OP12-119,OP12-112]
[] Life: 4
[] Hand: [OP13-083,OP13-096,OP13-091,OP13-084,OP13-080,OP13-086]
[] Trash: [OP13-086,OP13-098,OP14-096,OP14-096]
[] Board: [OP13-086]
[] Life: 3
[Opponent] End Turn
[] Hand: [OP13-083,OP13-096,OP13-091,OP13-084,OP13-080,OP13-086]
[] Board: [OP13-086]
[] Trash: [OP13-086,OP13-098,OP14-096,OP14-096]
[] Life: 3
[] Hand: [OP16-116,OP16-119,OP09-093,OP16-109,OP16-108,OP09-086]
[] Trash: [OP09-095,OP09-096,OP16-108,OP09-086,OP09-096,OP12-119,OP12-112]
[] Board: [OP16-109]
[] Life: 4
[You] Draw 1 Card
[] Drew card from deck: The Holy Land Mary Geoise ["OP05-097">OP05-097]
RZ1|150|1|OP05-097|0|34|1|6|1|1|0|0|0
RZ1|CHK|150|1|34|7|1|3|7|3|4|1|1|0
RZ1|151|1|Don|4|6|5|3|1|1|0|0|0
RZ1|CHK|151|1|34|7|1|3|6|4|4|1|1|0
RZ1|152|1|Don|4|5|5|4|1|1|0|0|0
RZ1|CHK|152|1|34|7|1|3|5|5|4|1|1|0
[You] Draw 2 Don
RZ1|153|1|Don|5|0|5|0|1|1|1|0|0
RZ1|CHK|153|1|34|7|1|3|5|5|4|1|1|0
RZ1|154|1|Don|5|1|5|1|1|1|1|0|0
RZ1|CHK|154|1|34|7|1|3|5|5|4|1|1|0
RZ1|155|1|Don|5|2|5|2|1|1|1|0|0
RZ1|CHK|155|1|34|7|1|3|5|5|4|1|1|0
RZ1|156|1|Don|5|3|5|3|1|1|1|0|0
RZ1|CHK|156|1|34|7|1|3|5|5|4|1|1|0
[You] Deploy St. Jaygarcia Saturn ["OP13-083">OP13-083]
RZ1|157|1|OP13-083|1|0|2|1|1|1|0|0|0
RZ1|CHK|157|1|34|6|2|3|5|5|4|1|1|0
RZ1|158|1|OP13-089|0|33|1|6|1|1|0|0|0
RZ1|CHK|158|1|33|7|2|3|5|5|4|1|1|0
[You] St. Jaygarcia Saturn ["OP13-083">OP13-083]: <b>Reveal and Draw St. Topman Warcury ["OP13-089">OP13-089]</b>
[You] Placing Cards on Bottom of Deck
RZ1|159|1|OP13-089|0|32|0|0|0|0|0|0|0
RZ1|CHK|159|1|33|7|2|3|5|5|4|1|1|0
RZ1|160|1|OP14-096|0|32|0|0|0|0|0|0|0
RZ1|CHK|160|1|33|7|2|3|5|5|4|1|1|0
RZ1|161|1|OP13-080|0|32|0|0|0|0|0|0|0
RZ1|CHK|161|1|33|7|2|3|5|5|4|1|1|0
RZ1|162|1|OP13-098|0|32|0|0|0|0|0|0|0
RZ1|CHK|162|1|33|7|2|3|5|5|4|1|1|0
RZ1|163|1|Don|5|4|5|4|1|1|1|0|0
RZ1|CHK|163|1|33|7|2|3|5|5|4|1|1|0
[You] Deploy St. Shalria ["OP13-086">OP13-086]
RZ1|164|1|OP13-086|1|4|2|2|1|1|0|0|0
RZ1|CHK|164|1|33|6|3|3|5|5|4|1|1|0
RZ1|165|1|OP13-084|0|31|1|6|1|1|0|0|0
RZ1|CHK|165|1|32|7|3|3|5|5|4|1|1|0
[You] St. Shalria ["OP13-086">OP13-086]: <b>Reveal and Draw St. Shepherd Ju Peter ["OP13-084">OP13-084]</b>
[You] St. Shalria ["OP13-086">OP13-086]: Trash 2 Remaining Cards
RZ1|166|1|OP13-092|0|31|6|4|1|1|0|0|0
RZ1|CHK|166|1|31|7|3|3|5|5|5|1|1|0
RZ1|167|1|OP13-098|0|30|6|5|1|1|0|0|0
RZ1|CHK|167|1|30|7|3|3|5|5|6|1|1|0
RZ1|168|1|OP05-097|1|4|6|6|1|1|0|0|0
RZ1|CHK|168|1|30|6|3|3|5|5|7|1|1|0
[You] St. Shalria ["OP13-086">OP13-086]: Trash The Holy Land Mary Geoise ["OP05-097">OP05-097]
RZ1|169|1|OP13-080|1|3|6|7|1|1|0|0|0
RZ1|CHK|169|1|30|5|3|3|5|5|8|1|1|0
[You] Imu ["OP13-079">OP13-079]: Trash St. Ethanbaron V. Nusjuro ["OP13-080">OP13-080]
[] Drew card from deck: Bartholomew Kuma ["OP16-093">OP16-093]
RZ1|170|1|OP16-093|0|29|1|5|1|1|0|0|0
RZ1|CHK|170|1|29|6|3|3|5|5|8|1|1|0
[You] Imu ["OP13-079">OP13-079]: Draw 1 Card
[You] Imu ["OP13-079">OP13-079] attacking Marshall D. Teach ["OP16-080">OP16-080]
RZ1|171|2|OP16-109|1|3|6|7|1|1|0|0|0
RZ1|CHK|171|2|32|5|1|4|6|3|8|0|1|1
[Opponent] Marshall D. Teach ["OP16-080">OP16-080]: Trash Doc Q ["OP16-109">OP16-109]
[Opponent] Marshall D. Teach ["OP16-080">OP16-080]: Target of Attack changed to Doc Q ["OP16-109">OP16-109]
Imu ["OP13-079">OP13-079][5000] vs Doc Q ["OP16-109">OP16-109][0]
[Opponent] Doc Q ["OP16-109">OP16-109] Destroyed
RZ1|172|2|OP16-109|2|0|6|8|1|1|0|0|0
RZ1|CHK|172|2|32|5|0|4|6|3|9|0|1|1
[] Drew card from deck: Fullalead ["OP09-099">OP09-099]
RZ1|173|2|OP09-099|0|31|1|5|1|1|0|0|0
RZ1|CHK|173|2|31|6|0|4|6|3|9|0|1|1
[Opponent] Doc Q ["OP16-109">OP16-109]: Draw 1 Card
[Opponent] Doc Q ["OP16-109">OP16-109]: Destroy St. Shalria ["OP13-086">OP13-086]
[Opponent] Doc Q ["OP16-109">OP16-109]: Destroy St. Shalria ["OP13-086">OP13-086]
RZ1|174|1|OP13-086|2|0|6|8|1|1|0|0|0
RZ1|CHK|174|1|29|6|2|3|5|5|9|1|1|0
RZ1|175|1|OP13-086|2|1|6|9|1|1|0|0|0
RZ1|CHK|175|1|29|6|1|3|5|5|10|1|1|0
[] Hand: [OP13-096,OP13-091,OP13-084,OP13-089,OP13-084,OP16-093]
[] Board: [OP13-083]
[] Trash: [OP13-086,OP13-098,OP14-096,OP14-096,OP13-092,OP13-098,OP05-097,OP13-080,OP13-086,OP13-086]
[] Life: 3
[] Hand: [OP16-116,OP16-119,OP09-093,OP16-108,OP09-086,OP09-099]
[] Trash: [OP09-095,OP09-096,OP16-108,OP09-086,OP09-096,OP12-119,OP12-112,OP16-109,OP16-109]
[] Board: []
[] Life: 4
[You] End Turn
[] Hand: [OP16-116,OP16-119,OP09-093,OP16-108,OP09-086,OP09-099]
[] Board: []
[] Trash: [OP09-095,OP09-096,OP16-108,OP09-086,OP09-096,OP12-119,OP12-112,OP16-109,OP16-109]
[] Life: 4
[] Hand: [OP13-096,OP13-091,OP13-084,OP13-089,OP13-084,OP16-093]
[] Trash: [OP13-086,OP13-098,OP14-096,OP14-096,OP13-092,OP13-098,OP05-097,OP13-080,OP13-086,OP13-086]
[] Board: [OP13-083]
[] Life: 3
RZ1|176|2|Don|9|9900|5|0|1|1|1|0|0
RZ1|CHK|176|2|31|6|0|4|6|4|9|0|1|0
[Opponent] Draw 1 Card
[] Drew card from deck: Catarina Devon ["OP16-104">OP16-104]
RZ1|177|2|OP16-104|0|30|1|6|1|1|0|0|0
RZ1|CHK|177|2|30|7|0|4|6|4|9|0|1|0
RZ1|178|2|Don|4|5|5|4|1|1|0|0|0
RZ1|CHK|178|2|30|7|0|4|5|5|9|0|1|0
RZ1|179|2|Don|4|4|5|5|1|1|0|0|0
RZ1|CHK|179|2|30|7|0|4|4|6|9|0|1|0
[Opponent] Draw 2 Don
RZ1|180|2|Don|5|0|5|0|1|1|1|0|0
RZ1|CHK|180|2|30|7|0|4|4|6|9|0|1|0
RZ1|181|2|Don|5|1|5|1|1|1|1|0|0
RZ1|CHK|181|2|30|7|0|4|4|6|9|0|1|0
RZ1|182|2|Don|5|2|5|2|1|1|1|0|0
RZ1|CHK|182|2|30|7|0|4|4|6|9|0|1|0
RZ1|183|2|Don|5|3|5|3|1|1|1|0|0
RZ1|CHK|183|2|30|7|0|4|4|6|9|0|1|0
RZ1|184|2|Don|5|4|5|4|1|1|1|0|0
RZ1|CHK|184|2|30|7|0|4|4|6|9|0|1|0
RZ1|185|2|Don|5|5|5|5|1|1|1|0|0
RZ1|CHK|185|2|30|7|0|4|4|6|9|0|1|0
[Opponent] Deploy Shiryu ["OP16-108">OP16-108]
RZ1|186|2|OP16-108|1|3|2|0|1|1|0|0|0
RZ1|CHK|186|2|30|6|1|4|4|6|9|0|1|0
RZ1|187|2|OP09-099|1|4|6|9|1|1|0|0|0
RZ1|CHK|187|2|30|5|1|4|4|6|10|0|1|0
[Opponent] Shiryu ["OP16-108">OP16-108]: Trash Fullalead ["OP09-099">OP09-099]
[Opponent] Shiryu ["OP16-108">OP16-108]: Add Shiryu ["OP16-108">OP16-108] to top of Life
RZ1|188|2|OP16-108|6|2|3|4|1|1|0|0|0
RZ1|CHK|188|2|30|5|1|5|4|6|9|0|1|0
[Opponent] Marshall D. Teach ["OP16-080">OP16-080] attacking Imu ["OP13-079">OP13-079]
[You] Discard Bartholomew Kuma ["OP16-093">OP16-093] for Counter 1000
RZ1|189|1|OP16-093|1|5|6|10|1|1|0|0|0
RZ1|CHK|189|1|29|5|1|3|5|5|11|1|1|0
Marshall D. Teach ["OP16-080">OP16-080][5000] vs Imu ["OP13-079">OP13-079][6000]
Attack Fails
[] Hand: [OP16-116,OP16-119,OP09-093,OP09-086,OP16-104]
[] Board: [OP16-108]
[] Trash: [OP09-095,OP09-096,OP09-086,OP09-096,OP12-119,OP12-112,OP16-109,OP16-109,OP09-099]
[] Life: 5
[] Hand: [OP13-096,OP13-091,OP13-084,OP13-089,OP13-084]
[] Trash: [OP13-086,OP13-098,OP14-096,OP14-096,OP13-092,OP13-098,OP05-097,OP13-080,OP13-086,OP13-086,OP16-093]
[] Board: [OP13-083]
[] Life: 3
[Opponent] End Turn
[] Hand: [OP13-096,OP13-091,OP13-084,OP13-089,OP13-084]
[] Board: [OP13-083]
[] Trash: [OP13-086,OP13-098,OP14-096,OP14-096,OP13-092,OP13-098,OP05-097,OP13-080,OP13-086,OP13-086,OP16-093]
[] Life: 3
[] Hand: [OP16-116,OP16-119,OP09-093,OP09-086,OP16-104]
[] Trash: [OP09-095,OP09-096,OP09-086,OP09-096,OP12-119,OP12-112,OP16-109,OP16-109,OP09-099]
[] Board: [OP16-108]
[] Life: 5
[You] Draw 1 Card
[] Drew card from deck: The Five Elders... Are At Your Service ["OP13-096">OP13-096]
RZ1|190|1|OP13-096|0|28|1|5|1|1|0|0|0
RZ1|CHK|190|1|28|6|1|3|5|5|11|1|1|0
RZ1|191|1|Don|4|4|5|5|1|1|0|0|0
RZ1|CHK|191|1|28|6|1|3|4|6|11|1|1|0
RZ1|192|1|Don|4|3|5|6|1|1|0|0|0
RZ1|CHK|192|1|28|6|1|3|3|7|11|1|1|0
[You] Draw 2 Don
RZ1|193|1|Don|5|0|5|0|1|1|1|0|0
RZ1|CHK|193|1|28|6|1|3|3|7|11|1|1|0
RZ1|194|1|Don|5|1|5|1|1|1|1|0|0
RZ1|CHK|194|1|28|6|1|3|3|7|11|1|1|0
RZ1|195|1|Don|5|2|5|2|1|1|1|0|0
RZ1|CHK|195|1|28|6|1|3|3|7|11|1|1|0
RZ1|196|1|Don|5|3|5|3|1|1|1|0|0
RZ1|CHK|196|1|28|6|1|3|3|7|11|1|1|0
RZ1|197|1|Don|5|4|5|4|1|1|1|0|0
RZ1|CHK|197|1|28|6|1|3|3|7|11|1|1|0
RZ1|198|1|Don|5|5|5|5|1|1|1|0|0
RZ1|CHK|198|1|28|6|1|3|3|7|11|1|1|0
[You] Deploy St. Marcus Mars ["OP13-091">OP13-091]
RZ1|199|1|OP13-091|1|1|2|1|1|1|0|0|0
RZ1|CHK|199|1|28|5|2|3|3|7|11|1|1|0
[You] The Five Elders... Are At Your Service ["OP13-096">OP13-096]: Rest 1 Don
RZ1|200|1|Don|5|6|5|6|1|1|1|0|0
RZ1|CHK|200|1|28|5|2|3|3|7|11|1|1|0
RZ1|201|1|OP13-096|1|0|6|11|1|1|0|0|0
RZ1|CHK|201|1|28|4|2|3|3|7|12|1|1|0
RZ1|202|1|OP13-080|0|25|1|4|1|1|0|0|0
RZ1|CHK|202|1|27|5|2|3|3|7|12|1|1|0
[You] The Five Elders... Are At Your Service ["OP13-096">OP13-096]: <b>Reveal and Draw St. Ethanbaron V. Nusjuro ["OP13-080">OP13-080]</b>
[You] The Five Elders... Are At Your Service ["OP13-096">OP13-096]: Trash 2 Remaining Cards
RZ1|203|1|OP13-092|0|26|6|12|1|1|0|0|0
RZ1|CHK|203|1|26|5|2|3|3|7|13|1|1|0
RZ1|204|1|OP13-082|0|25|6|13|1|1|0|0|0
RZ1|CHK|204|1|25|5|2|3|3|7|14|1|1|0
RZ1|205|1|OP13-080|1|4|6|14|1|1|0|0|0
RZ1|CHK|205|1|25|4|2|3|3|7|15|1|1|0
[You] Imu ["OP13-079">OP13-079]: Trash St. Ethanbaron V. Nusjuro ["OP13-080">OP13-080]
[] Drew card from deck: St. Shalria ["OP13-086">OP13-086]
RZ1|206|1|OP13-086|0|24|1|4|1|1|0|0|0
RZ1|CHK|206|1|24|5|2|3|3|7|15|1|1|0
[You] Imu ["OP13-079">OP13-079]: Draw 1 Card
[You] Imu ["OP13-079">OP13-079] attacking Marshall D. Teach ["OP16-080">OP16-080]
Imu ["OP13-079">OP13-079][5000] vs Marshall D. Teach ["OP16-080">OP16-080][5000]
Marshall D. Teach ["OP16-080">OP16-080] hit for 1 damage
RZ1|207|2|OP16-108|3|4|1|5|1|1|0|0|0
RZ1|CHK|207|2|30|6|1|4|4|6|9|0|1|0
[Opponent] Shiryu ["OP16-108">OP16-108]: Activate Trigger
RZ1|208|2|OP16-108|1|5|6|9|1|1|0|0|0
RZ1|CHK|208|2|30|5|1|4|4|6|10|0|1|0
[] Drew card from deck: Vasco Shot ["OP16-110">OP16-110]
RZ1|209|2|OP16-110|0|29|1|5|1|1|0|0|0
RZ1|CHK|209|2|29|6|1|4|4|6|10|0|1|0
[] Drew card from deck: Baby 5 ["OP12-112">OP12-112]
RZ1|210|2|OP12-112|0|28|1|6|1|1|0|0|0
RZ1|CHK|210|2|28|7|1|4|4|6|10|0|1|0
[Opponent] Shiryu ["OP16-108">OP16-108]: Draw 2 Card
[] Hand: [OP13-084,OP13-089,OP13-084,OP13-096,OP13-086]
[] Board: [OP13-083,OP13-091]
[] Trash: [OP13-086,OP13-098,OP14-096,OP14-096,OP13-092,OP13-098,OP05-097,OP13-080,OP13-086,OP13-086,OP16-093,OP13-096,OP13-092,OP13-082,OP13-080]
[] Life: 3
[] Hand: [OP16-116,OP16-119,OP09-093,OP09-086,OP16-104,OP16-110,OP12-112]
[] Trash: [OP09-095,OP09-096,OP09-086,OP09-096,OP12-119,OP12-112,OP16-109,OP16-109,OP09-099,OP16-108]
[] Board: [OP16-108]
[] Life: 4
[You] End Turn
[] Hand: [OP16-116,OP16-119,OP09-093,OP09-086,OP16-104,OP16-110,OP12-112]
[] Board: [OP16-108]
[] Trash: [OP09-095,OP09-096,OP09-086,OP09-096,OP12-119,OP12-112,OP16-109,OP16-109,OP09-099,OP16-108]
[] Life: 4
[] Hand: [OP13-084,OP13-089,OP13-084,OP13-096,OP13-086]
[] Trash: [OP13-086,OP13-098,OP14-096,OP14-096,OP13-092,OP13-098,OP05-097,OP13-080,OP13-086,OP13-086,OP16-093,OP13-096,OP13-092,OP13-082,OP13-080]
[] Board: [OP13-083,OP13-091]
[] Life: 3
[Opponent] Draw 1 Card
[] Drew card from deck: Catarina Devon ["OP16-104">OP16-104]
RZ1|211|2|OP16-104|0|27|1|7|1|1|0|0|0
RZ1|CHK|211|2|27|8|1|4|4|6|10|0|1|0
RZ1|212|2|Don|4|3|5|6|1|1|0|0|0
RZ1|CHK|212|2|27|8|1|4|3|7|10|0|1|0
RZ1|213|2|Don|4|2|5|7|1|1|0|0|0
RZ1|CHK|213|2|27|8|1|4|2|8|10|0|1|0
[Opponent] Draw 2 Don
RZ1|214|2|Don|5|0|5|0|1|1|1|0|0
RZ1|CHK|214|2|27|8|1|4|2|8|10|0|1|0
RZ1|215|2|Don|5|1|5|1|1|1|1|0|0
RZ1|CHK|215|2|27|8|1|4|2|8|10|0|1|0
RZ1|216|2|Don|5|2|5|2|1|1|1|0|0
RZ1|CHK|216|2|27|8|1|4|2|8|10|0|1|0
RZ1|217|2|Don|5|3|5|3|1|1|1|0|0
RZ1|CHK|217|2|27|8|1|4|2|8|10|0|1|0
[Opponent] Deploy Jesus Burgess ["OP09-086">OP09-086]
RZ1|218|2|OP09-086|1|3|2|1|1|1|0|2000|0
RZ1|CHK|218|2|27|7|2|4|2|8|10|0|1|0
RZ1|219|2|Don|5|4|5|4|1|1|1|0|0
RZ1|CHK|219|2|27|7|2|4|2|8|10|0|1|0
[Opponent] Deploy Vasco Shot ["OP16-110">OP16-110]
RZ1|220|2|OP16-110|1|4|2|2|1|1|0|0|0
RZ1|CHK|220|2|27|6|3|4|2|8|10|0|1|0
[Opponent] Shiryu ["OP16-108">OP16-108] attacking Imu ["OP13-079">OP13-079]
[You] St. Marcus Mars ["OP13-091">OP13-091] Blocks
Shiryu ["OP16-108">OP16-108][8000] vs St. Marcus Mars ["OP13-091">OP13-091][5000]
[You] St. Marcus Mars ["OP13-091">OP13-091] Destroyed
RZ1|221|1|OP13-091|2|1|6|15|1|1|0|0|0
RZ1|CHK|221|1|24|5|1|3|3|7|16|1|1|0
[Opponent] Attach 1 Don to Marshall D. Teach ["OP16-080">OP16-080] (1 Total)
RZ1|222|2|Don|5|7|9|9900|1|1|0|0|0
RZ1|CHK|222|2|27|6|3|4|2|7|10|0|1|1
[Opponent] Attach 1 Don to Marshall D. Teach ["OP16-080">OP16-080] (2 Total)
RZ1|223|2|Don|5|6|9|9901|1|1|0|0|0
RZ1|CHK|223|2|27|6|3|4|2|6|10|0|1|2
[Opponent] Attach 1 Don to Marshall D. Teach ["OP16-080">OP16-080] (3 Total)
RZ1|224|2|Don|5|5|9|9902|1|1|0|0|0
RZ1|CHK|224|2|27|6|3|4|2|5|10|0|1|3
[Opponent] Marshall D. Teach ["OP16-080">OP16-080] attacking Imu ["OP13-079">OP13-079]
Marshall D. Teach ["OP16-080">OP16-080][8000] vs Imu ["OP13-079">OP13-079][5000]
Imu ["OP13-079">OP13-079] hit for 1 damage
RZ1|225|1|OP14-096|3|2|1|5|1|1|0|0|0
RZ1|CHK|225|1|24|6|1|2|3|7|16|1|1|0
[] Hand: [OP16-116,OP16-119,OP09-093,OP16-104,OP12-112,OP16-104]
[] Board: [OP16-108,OP09-086,OP16-110]
[] Trash: [OP09-095,OP09-096,OP09-086,OP09-096,OP12-119,OP12-112,OP16-109,OP16-109,OP09-099,OP16-108]
[] Life: 4
[] Hand: [OP13-084,OP13-089,OP13-084,OP13-096,OP13-086,OP14-096]
[] Trash: [OP13-086,OP13-098,OP14-096,OP14-096,OP13-092,OP13-098,OP05-097,OP13-080,OP13-086,OP13-086,OP16-093,OP13-096,OP13-092,OP13-082,OP13-080,OP13-091]
[] Board: [OP13-083]
[] Life: 2
[Opponent] End Turn
[] Hand: [OP13-084,OP13-089,OP13-084,OP13-096,OP13-086,OP14-096]
[] Board: [OP13-083]
[] Trash: [OP13-086,OP13-098,OP14-096,OP14-096,OP13-092,OP13-098,OP05-097,OP13-080,OP13-086,OP13-086,OP16-093,OP13-096,OP13-092,OP13-082,OP13-080,OP13-091]
[] Life: 2
[] Hand: [OP16-116,OP16-119,OP09-093,OP16-104,OP12-112,OP16-104]
[] Trash: [OP09-095,OP09-096,OP09-086,OP09-096,OP12-119,OP12-112,OP16-109,OP16-109,OP09-099,OP16-108]
[] Board: [OP16-108,OP09-086,OP16-110]
[] Life: 4
[You] Draw 1 Card
[] Drew card from deck: St. Shepherd Ju Peter ["OP13-084">OP13-084]
RZ1|226|1|OP13-084|0|23|1|6|1|1|0|0|0
RZ1|CHK|226|1|23|7|1|2|3|7|16|1|1|0
RZ1|227|1|Don|4|2|5|7|1|1|0|0|0
RZ1|CHK|227|1|23|7|1|2|2|8|16|1|1|0
RZ1|228|1|Don|4|1|5|8|1|1|0|0|0
RZ1|CHK|228|1|23|7|1|2|1|9|16|1|1|0
[You] Draw 2 Don
RZ1|229|1|Don|5|0|9|0|1|1|0|0|0
RZ1|CHK|229|1|23|7|1|2|1|8|16|1|1|1
RZ1|230|1|Don|5|0|9|1|1|1|0|0|0
RZ1|CHK|230|1|23|7|1|2|1|7|16|1|1|2
RZ1|231|1|Don|5|0|9|2|1|1|0|0|0
RZ1|CHK|231|1|23|7|1|2|1|6|16|1|1|3
[You] St. Jaygarcia Saturn ["OP13-083">OP13-083] attacking Shiryu ["OP16-108">OP16-108]
[Opponent] Discard Catarina Devon ["OP16-104">OP16-104] for Counter 2000
RZ1|232|2|OP16-104|1|5|6|10|1|1|0|0|0
RZ1|CHK|232|2|27|5|3|4|2|5|11|0|1|3
St. Jaygarcia Saturn ["OP13-083">OP13-083][8000] vs Shiryu ["OP16-108">OP16-108][10000]
Attack Fails
RZ1|233|1|Don|5|0|9|9900|1|1|0|0|0
RZ1|CHK|233|1|23|7|1|2|1|5|16|1|1|4
RZ1|234|1|Don|5|0|9|9901|1|1|0|0|0
RZ1|CHK|234|1|23|7|1|2|1|4|16|1|1|5
RZ1|235|1|Don|5|0|9|9902|1|1|0|0|0
RZ1|CHK|235|1|23|7|1|2|1|3|16|1|1|6
[You] Imu ["OP13-079">OP13-079] attacking Shiryu ["OP16-108">OP16-108]
[Opponent] Discard Catarina Devon ["OP16-104">OP16-104] for Counter 2000
RZ1|236|2|OP16-104|1|3|6|11|1|1|0|0|0
RZ1|CHK|236|2|27|4|3|4|2|5|12|0|1|3
Imu ["OP13-079">OP13-079][8000] vs Shiryu ["OP16-108">OP16-108][10000]
Attack Fails
RZ1|237|1|Don|5|0|5|0|1|1|1|0|0
RZ1|CHK|237|1|23|7|1|2|1|3|16|1|1|6
[You] Deploy St. Shalria ["OP13-086">OP13-086]
RZ1|238|1|OP13-086|1|4|2|1|1|1|0|0|0
RZ1|CHK|238|1|23|6|2|2|1|3|16|1|1|6
RZ1|239|1|OP13-089|0|21|1|6|1|1|0|0|0
RZ1|CHK|239|1|22|7|2|2|1|3|16|1|1|6
[You] St. Shalria ["OP13-086">OP13-086]: <b>Reveal and Draw St. Topman Warcury ["OP13-089">OP13-089]</b>
[You] St. Shalria ["OP13-086">OP13-086]: Trash 2 Remaining Cards
RZ1|240|1|OP13-096|0|21|6|16|1|1|0|0|0
RZ1|CHK|240|1|21|7|2|2|1|3|17|1|1|6
RZ1|241|1|OP16-093|0|20|6|17|1|1|0|0|0
RZ1|CHK|241|1|20|7|2|2|1|3|18|1|1|6
RZ1|242|1|OP14-096|1|4|6|18|1|1|0|0|0
RZ1|CHK|242|1|20|6|2|2|1|3|19|1|1|6
[You] St. Shalria ["OP13-086">OP13-086]: Trash Ground Death ["OP14-096">OP14-096]
[] Hand: [OP13-084,OP13-089,OP13-084,OP13-096,OP13-084,OP13-089]
[] Board: [OP13-083,OP13-086]
[] Trash: [OP13-086,OP13-098,OP14-096,OP14-096,OP13-092,OP13-098,OP05-097,OP13-080,OP13-086,OP13-086,OP16-093,OP13-096,OP13-092,OP13-082,OP13-080,OP13-091,OP13-096,OP16-093,OP14-096]
[] Life: 2
[] Hand: [OP16-116,OP16-119,OP09-093,OP12-112]
[] Trash: [OP09-095,OP09-096,OP09-086,OP09-096,OP12-119,OP12-112,OP16-109,OP16-109,OP09-099,OP16-108,OP16-104,OP16-104]
[] Board: [OP16-108,OP09-086,OP16-110]
[] Life: 4
[You] End Turn
[] Hand: [OP16-116,OP16-119,OP09-093,OP12-112]
[] Board: [OP16-108,OP09-086,OP16-110]
[] Trash: [OP09-095,OP09-096,OP09-086,OP09-096,OP12-119,OP12-112,OP16-109,OP16-109,OP09-099,OP16-108,OP16-104,OP16-104]
[] Life: 4
[] Hand: [OP13-084,OP13-089,OP13-084,OP13-096,OP13-084,OP13-089]
[] Trash: [OP13-086,OP13-098,OP14-096,OP14-096,OP13-092,OP13-098,OP05-097,OP13-080,OP13-086,OP13-086,OP16-093,OP13-096,OP13-092,OP13-082,OP13-080,OP13-091,OP13-096,OP16-093,OP14-096]
[] Board: [OP13-083,OP13-086]
[] Life: 2
RZ1|243|2|Don|9|9900|5|0|1|1|1|0|0
RZ1|CHK|243|2|27|4|3|4|2|6|12|0|1|2
RZ1|244|2|Don|9|9900|5|0|1|1|1|0|0
RZ1|CHK|244|2|27|4|3|4|2|7|12|0|1|1
RZ1|245|2|Don|9|9900|5|0|1|1|1|0|0
RZ1|CHK|245|2|27|4|3|4|2|8|12|0|1|0
[Opponent] Draw 1 Card
[] Drew card from deck: Vasco Shot ["OP16-110">OP16-110]
RZ1|246|2|OP16-110|0|26|1|4|1|1|0|0|0
RZ1|CHK|246|2|26|5|3|4|2|8|12|0|1|0
RZ1|247|2|Don|4|1|5|8|1|1|0|0|0
RZ1|CHK|247|2|26|5|3|4|1|9|12|0|1|0
RZ1|248|2|Don|4|0|5|9|1|1|0|0|0
RZ1|CHK|248|2|26|5|3|4|0|10|12|0|1|0
[Opponent] Draw 2 Don
[Opponent] ZEHAHAHAHA ["OP16-116">OP16-116]: Rest 8 Don
RZ1|249|2|Don|5|0|5|0|1|1|1|0|0
RZ1|CHK|249|2|26|5|3|4|0|10|12|0|1|0
RZ1|250|2|Don|5|1|5|1|1|1|1|0|0
RZ1|CHK|250|2|26|5|3|4|0|10|12|0|1|0
RZ1|251|2|Don|5|2|5|2|1|1|1|0|0
RZ1|CHK|251|2|26|5|3|4|0|10|12|0|1|0
RZ1|252|2|Don|5|3|5|3|1|1|1|0|0
RZ1|CHK|252|2|26|5|3|4|0|10|12|0|1|0
RZ1|253|2|Don|5|4|5|4|1|1|1|0|0
RZ1|CHK|253|2|26|5|3|4|0|10|12|0|1|0
RZ1|254|2|Don|5|5|5|5|1|1|1|0|0
RZ1|CHK|254|2|26|5|3|4|0|10|12|0|1|0
RZ1|255|2|Don|5|6|5|6|1|1|1|0|0
RZ1|CHK|255|2|26|5|3|4|0|10|12|0|1|0
RZ1|256|2|Don|5|7|5|7|1|1|1|0|0
RZ1|CHK|256|2|26|5|3|4|0|10|12|0|1|0
RZ1|257|2|OP16-116|1|0|6|12|1|1|0|0|0
RZ1|CHK|257|2|26|4|3|4|0|10|13|0|1|0
RZ1|258|2|OP09-093|1|1|2|3|1|1|0|0|0
RZ1|CHK|258|2|26|3|4|4|0|10|13|0|1|0
[Opponent] ZEHAHAHAHA ["OP16-116">OP16-116]: Deploy Marshall D. Teach ["OP09-093">OP09-093]
[Opponent] ZEHAHAHAHA ["OP16-116">OP16-116]: Send 1 Life to Hand
RZ1|259|1|OP13-083|3|1|1|6|1|1|0|0|0
RZ1|CHK|259|1|20|7|2|1|1|3|19|1|1|6
[Opponent] Marshall D. Teach ["OP09-093">OP09-093]: Nullify effects of Imu ["OP13-079">OP13-079]
[Opponent] Marshall D. Teach ["OP09-093">OP09-093]: St. Jaygarcia Saturn ["OP13-083">OP13-083] can't attack next turn
[Opponent] Marshall D. Teach ["OP09-093">OP09-093]: Nullify effects of St. Jaygarcia Saturn ["OP13-083">OP13-083] until next turn end!
[Opponent] Shiryu ["OP16-108">OP16-108] attacking Imu ["OP13-079">OP13-079]
[You] Discard St. Jaygarcia Saturn ["OP13-083">OP13-083] for Counter 1000
RZ1|260|1|OP13-083|1|6|6|19|1|1|0|0|0
RZ1|CHK|260|1|20|6|2|1|1|3|20|1|1|6
[You] Discard St. Topman Warcury ["OP13-089">OP13-089] for Counter 1000
RZ1|261|1|OP13-089|1|1|6|20|1|1|0|0|0
RZ1|CHK|261|1|20|5|2|1|1|3|21|1|1|6
[You] Discard St. Topman Warcury ["OP13-089">OP13-089] for Counter 1000
RZ1|262|1|OP13-089|1|4|6|21|1|1|0|0|0
RZ1|CHK|262|1|20|4|2|1|1|3|22|1|1|6
[You] Discard St. Shepherd Ju Peter ["OP13-084">OP13-084] for Counter 2000
RZ1|263|1|OP13-084|1|0|6|22|1|1|0|0|0
RZ1|CHK|263|1|20|3|2|1|1|3|23|1|1|6
Shiryu ["OP16-108">OP16-108][8000] vs Imu ["OP13-079">OP13-079][10000]
Attack Fails
[Opponent] Jesus Burgess ["OP09-086">OP09-086] attacking Imu ["OP13-079">OP13-079]
[You] Discard St. Shepherd Ju Peter ["OP13-084">OP13-084] for Counter 2000
RZ1|264|1|OP13-084|1|0|6|23|1|1|0|0|0
RZ1|CHK|264|1|20|2|2|1|1|3|24|1|1|6
[You] Discard St. Shepherd Ju Peter ["OP13-084">OP13-084] for Counter 2000
RZ1|265|1|OP13-084|1|1|6|24|1|1|0|0|0
RZ1|CHK|265|1|20|1|2|1|1|3|25|1|1|6
Jesus Burgess ["OP09-086">OP09-086][8000] vs Imu ["OP13-079">OP13-079][9000]
Attack Fails
[Opponent] Attach 1 Don to Marshall D. Teach ["OP16-080">OP16-080] (1 Total)
RZ1|266|2|Don|5|9|9|9900|1|1|0|0|0
RZ1|CHK|266|2|26|3|4|4|0|9|13|0|1|1
[Opponent] Attach 1 Don to Marshall D. Teach ["OP16-080">OP16-080] (2 Total)
RZ1|267|2|Don|5|8|9|9901|1|1|0|0|0
RZ1|CHK|267|2|26|3|4|4|0|8|13|0|1|2
[Opponent] Marshall D. Teach ["OP16-080">OP16-080] attacking Imu ["OP13-079">OP13-079]
Marshall D. Teach ["OP16-080">OP16-080][7000] vs Imu ["OP13-079">OP13-079][5000]
Imu ["OP13-079">OP13-079] hit for 1 damage
RZ1|268|1|OP16-093|3|0|1|1|1|1|0|0|0
RZ1|CHK|268|1|20|2|2|0|1|3|25|1|1|6
[Opponent] Imu ["OP13-079">OP13-079] no longer nullified
[] Hand: [OP16-119,OP12-112,OP16-110]
[] Board: [OP16-108,OP09-086,OP16-110,OP09-093]
[] Trash: [OP09-095,OP09-096,OP09-086,OP09-096,OP12-119,OP12-112,OP16-109,OP16-109,OP09-099,OP16-108,OP16-104,OP16-104,OP16-116]
[] Life: 4
[] Hand: [OP13-096,OP16-093]
[] Trash: [OP13-086,OP13-098,OP14-096,OP14-096,OP13-092,OP13-098,OP05-097,OP13-080,OP13-086,OP13-086,OP16-093,OP13-096,OP13-092,OP13-082,OP13-080,OP13-091,OP13-096,OP16-093,OP14-096,OP13-083,OP13-089,OP13-089,OP13-084,OP13-084,OP13-084]
[] Board: [OP13-083,OP13-086]
[] Life: 0
[Opponent] End Turn
[] Hand: [OP13-096,OP16-093]
[] Board: [OP13-083,OP13-086]
[] Trash: [OP13-086,OP13-098,OP14-096,OP14-096,OP13-092,OP13-098,OP05-097,OP13-080,OP13-086,OP13-086,OP16-093,OP13-096,OP13-092,OP13-082,OP13-080,OP13-091,OP13-096,OP16-093,OP14-096,OP13-083,OP13-089,OP13-089,OP13-084,OP13-084,OP13-084]
[] Life: 0
[] Hand: [OP16-119,OP12-112,OP16-110]
[] Trash: [OP09-095,OP09-096,OP09-086,OP09-096,OP12-119,OP12-112,OP16-109,OP16-109,OP09-099,OP16-108,OP16-104,OP16-104,OP16-116]
[] Board: [OP16-108,OP09-086,OP16-110,OP09-093]
[] Life: 4
RZ1|269|1|Don|9|9900|5|0|1|1|1|0|0
RZ1|CHK|269|1|20|2|2|0|1|4|25|1|1|5
RZ1|270|1|Don|9|9900|5|0|1|1|1|0|0
RZ1|CHK|270|1|20|2|2|0|1|5|25|1|1|4
RZ1|271|1|Don|9|9900|5|0|1|1|1|0|0
RZ1|CHK|271|1|20|2|2|0|1|6|25|1|1|3
RZ1|272|1|Don|9|0|5|0|1|1|1|0|0
RZ1|CHK|272|1|20|2|2|0|1|7|25|1|1|2
RZ1|273|1|Don|9|0|5|0|1|1|1|0|0
RZ1|CHK|273|1|20|2|2|0|1|8|25|1|1|1
RZ1|274|1|Don|9|0|5|0|1|1|1|0|0
RZ1|CHK|274|1|20|2|2|0|1|9|25|1|1|0
[You] Draw 1 Card
[] Drew card from deck: St. Topman Warcury ["OP13-089">OP13-089]
RZ1|275|1|OP13-089|0|19|1|2|1|1|0|0|0
RZ1|CHK|275|1|19|3|2|0|1|9|25|1|1|0
RZ1|276|1|Don|4|0|5|9|1|1|0|0|0
RZ1|CHK|276|1|19|3|2|0|0|10|25|1|1|0
[You] Draw 2 Don
RZ1|277|1|Don|5|0|5|0|1|1|1|0|0
RZ1|CHK|277|1|19|3|2|0|0|10|25|1|1|0
RZ1|278|1|Don|5|1|5|1|1|1|1|0|0
RZ1|CHK|278|1|19|3|2|0|0|10|25|1|1|0
RZ1|279|1|Don|5|2|5|2|1|1|1|0|0
RZ1|CHK|279|1|19|3|2|0|0|10|25|1|1|0
RZ1|280|1|Don|5|3|5|3|1|1|1|0|0
RZ1|CHK|280|1|19|3|2|0|0|10|25|1|1|0
[You] Deploy St. Topman Warcury ["OP13-089">OP13-089]
RZ1|281|1|OP13-089|1|2|2|2|1|1|0|0|0
RZ1|CHK|281|1|19|2|3|0|0|10|25|1|1|0
RZ1|282|1|Don|5|4|5|4|1|1|1|0|0
RZ1|CHK|282|1|19|2|3|0|0|10|25|1|1|0
RZ1|283|1|Don|5|5|5|5|1|1|1|0|0
RZ1|CHK|283|1|19|2|3|0|0|10|25|1|1|0
RZ1|284|1|Don|5|6|5|6|1|1|1|0|0
RZ1|CHK|284|1|19|2|3|0|0|10|25|1|1|0
[You] Deploy Bartholomew Kuma ["OP16-093">OP16-093]
RZ1|285|1|OP16-093|1|1|2|3|1|1|0|0|0
RZ1|CHK|285|1|19|1|4|0|0|10|25|1|1|0
[] Drew card from deck: Five Elders ["OP13-082">OP13-082]
RZ1|286|1|OP13-082|0|18|1|1|1|1|0|0|0
RZ1|CHK|286|1|18|2|4|0|0|10|25|1|1|0
[] Drew card from deck: St. Shepherd Ju Peter ["OP13-084">OP13-084]
RZ1|287|1|OP13-084|0|17|1|2|1|1|0|0|0
RZ1|CHK|287|1|17|3|4|0|0|10|25|1|1|0
[You] Bartholomew Kuma ["OP16-093">OP16-093]: Draw 2 Card
RZ1|288|1|OP13-082|1|1|6|25|1|1|0|0|0
RZ1|CHK|288|1|17|2|4|0|0|10|26|1|1|0
[You] Bartholomew Kuma ["OP16-093">OP16-093]: Trash Five Elders ["OP13-082">OP13-082]
RZ1|289|1|OP13-096|1|0|6|26|1|1|0|0|0
RZ1|CHK|289|1|17|1|4|0|0|10|27|1|1|0
[You] Bartholomew Kuma ["OP16-093">OP16-093]: Trash The Five Elders... Are At Your Service ["OP13-096">OP13-096]
[You] Bartholomew Kuma ["OP16-093">OP16-093]: Attach 1 Rested Don to St. Jaygarcia Saturn ["OP13-083">OP13-083]
RZ1|290|1|Don|5|0|9|0|1|1|1|0|0
RZ1|CHK|290|1|17|1|4|0|0|9|27|1|1|1
RZ1|291|1|Don|5|6|9|9900|1|1|0|0|0
RZ1|CHK|291|1|17|1|4|0|0|8|27|1|1|2
RZ1|292|1|Don|5|6|9|9901|1|1|0|0|0
RZ1|CHK|292|1|17|1|4|0|0|7|27|1|1|3
RZ1|293|1|Don|5|6|9|9902|1|1|0|0|0
RZ1|CHK|293|1|17|1|4|0|0|6|27|1|1|4
[You] Imu ["OP13-079">OP13-079] attacking Shiryu ["OP16-108">OP16-108]
[Opponent] Discard Baby 5 ["OP12-112">OP12-112] for Counter 2000
RZ1|294|2|OP12-112|1|1|6|13|1|1|0|0|0
RZ1|CHK|294|2|26|2|4|4|0|8|14|0|1|2
Imu ["OP13-079">OP13-079][9000] vs Shiryu ["OP16-108">OP16-108][10000]
Attack Fails
[You] St. Jaygarcia Saturn ["OP13-083">OP13-083] is no longer blocked from attacking
[You] St. Jaygarcia Saturn ["OP13-083">OP13-083] no longer nullified
[] Hand: [OP13-084]
[] Board: [OP13-083,OP13-086,OP13-089,OP16-093]
[] Trash: [OP13-086,OP13-098,OP14-096,OP14-096,OP13-092,OP13-098,OP05-097,OP13-080,OP13-086,OP13-086,OP16-093,OP13-096,OP13-092,OP13-082,OP13-080,OP13-091,OP13-096,OP16-093,OP14-096,OP13-083,OP13-089,OP13-089,OP13-084,OP13-084,OP13-084,OP13-082,OP13-096]
[] Life: 0
[] Hand: [OP16-119,OP16-110]
[] Trash: [OP09-095,OP09-096,OP09-086,OP09-096,OP12-119,OP12-112,OP16-109,OP16-109,OP09-099,OP16-108,OP16-104,OP16-104,OP16-116,OP12-112]
[] Board: [OP16-108,OP09-086,OP16-110,OP09-093]
[] Life: 4
[You] End Turn
[] Hand: [OP16-119,OP16-110]
[] Board: [OP16-108,OP09-086,OP16-110,OP09-093]
[] Trash: [OP09-095,OP09-096,OP09-086,OP09-096,OP12-119,OP12-112,OP16-109,OP16-109,OP09-099,OP16-108,OP16-104,OP16-104,OP16-116,OP12-112]
[] Life: 4
[] Hand: [OP13-084]
[] Trash: [OP13-086,OP13-098,OP14-096,OP14-096,OP13-092,OP13-098,OP05-097,OP13-080,OP13-086,OP13-086,OP16-093,OP13-096,OP13-092,OP13-082,OP13-080,OP13-091,OP13-096,OP16-093,OP14-096,OP13-083,OP13-089,OP13-089,OP13-084,OP13-084,OP13-084,OP13-082,OP13-096]
[] Board: [OP13-083,OP13-086,OP13-089,OP16-093]
[] Life: 0
RZ1|295|2|Don|9|9900|5|0|1|1|1|0|0
RZ1|CHK|295|2|26|2|4|4|0|9|14|0|1|1
RZ1|296|2|Don|9|9900|5|0|1|1|1|0|0
RZ1|CHK|296|2|26|2|4|4|0|10|14|0|1|0
[Opponent] Draw 1 Card
[] Drew card from deck: Vasco Shot ["OP16-110">OP16-110]
RZ1|297|2|OP16-110|0|25|1|2|1|1|0|0|0
RZ1|CHK|297|2|25|3|4|4|0|10|14|0|1|0
[Opponent] Marshall D. Teach ["OP16-080">OP16-080] attacking Imu ["OP13-079">OP13-079]
[You] St. Topman Warcury ["OP13-089">OP13-089] Blocks
[You] Discard St. Shepherd Ju Peter ["OP13-084">OP13-084] for Counter 2000
RZ1|298|1|OP13-084|1|0|6|27|1|1|0|0|0
RZ1|CHK|298|1|17|0|4|0|0|6|28|1|1|4
Marshall D. Teach ["OP16-080">OP16-080][5000] vs St. Topman Warcury ["OP13-089">OP13-089][7000]
Attack Fails
[Opponent] Attach 1 Don to Vasco Shot ["OP16-110">OP16-110] (1 Total)
RZ1|299|2|Don|5|9|9|200|1|1|0|0|0
RZ1|CHK|299|2|25|3|4|4|0|9|14|0|1|1
[Opponent] Attach 1 Don to Vasco Shot ["OP16-110">OP16-110] (2 Total)
RZ1|300|2|Don|5|8|9|201|1|1|0|0|0
RZ1|CHK|300|2|25|3|4|4|0|8|14|0|1|2
[Opponent] Attach 1 Don to Vasco Shot ["OP16-110">OP16-110] (3 Total)
RZ1|301|2|Don|5|7|9|202|1|1|0|0|0
RZ1|CHK|301|2|25|3|4|4|0|7|14|0|1|3
[Opponent] Vasco Shot ["OP16-110">OP16-110] attacking Imu ["OP13-079">OP13-079]
Vasco Shot ["OP16-110">OP16-110][5000] vs Imu ["OP13-079">OP13-079][5000]
Imu ["OP13-079">OP13-079] hit for 1 damage
[You] <b>Downloaded the Combat Log!</b>
GameOver
