Version is 1.41b.18
[You] Leader is Imu ["OP13-079">OP13-079]
RZ1|HDR|1.41b|2|RZ1
RZ1|PLY|1||OP13-079
RZ1|PLY|2||
[Opponent] Leader is Eustass "Captain" Kid ["OP10-099">OP10-099]
RZ1|1|2|OP10-114|0|13|0|0|0|0|0|0|0
RZ1|CHK|1|2|50|0|0|0|10|0|0|0|1|0
RZ1|2|2|OP10-119|0|37|0|1|0|0|0|0|0
RZ1|CHK|2|2|50|0|0|0|10|0|0|0|1|0
RZ1|3|2|OP11-101|0|13|0|2|0|0|0|0|0
RZ1|CHK|3|2|50|0|0|0|10|0|0|0|1|0
RZ1|4|2|OP10-114|0|15|0|3|0|0|0|0|0
RZ1|CHK|4|2|50|0|0|0|10|0|0|0|1|0
RZ1|5|2|ST36-002|0|29|0|4|0|0|0|0|0
RZ1|CHK|5|2|50|0|0|0|10|0|0|0|1|0
RZ1|6|2|OP12-117|0|43|0|5|0|0|0|0|0
RZ1|CHK|6|2|50|0|0|0|10|0|0|0|1|0
RZ1|7|2|OP15-105|0|11|0|6|0|0|0|0|0
RZ1|CHK|7|2|50|0|0|0|10|0|0|0|1|0
RZ1|8|2|ST36-005|0|35|0|7|0|0|0|0|0
RZ1|CHK|8|2|50|0|0|0|10|0|0|0|1|0
RZ1|9|2|OP10-109|0|21|0|8|0|0|0|0|0
RZ1|CHK|9|2|50|0|0|0|10|0|0|0|1|0
RZ1|10|2|ST36-005|0|34|0|9|0|0|0|0|0
RZ1|CHK|10|2|50|0|0|0|10|0|0|0|1|0
RZ1|11|2|OP13-116|0|46|0|10|0|0|0|0|0
RZ1|CHK|11|2|50|0|0|0|10|0|0|0|1|0
RZ1|12|2|ST36-004|0|17|0|11|0|0|0|0|0
RZ1|CHK|12|2|50|0|0|0|10|0|0|0|1|0
RZ1|13|2|OP10-111|0|13|0|12|0|0|0|0|0
RZ1|CHK|13|2|50|0|0|0|10|0|0|0|1|0
RZ1|14|2|OP10-119|0|40|0|13|0|0|0|0|0
RZ1|CHK|14|2|50|0|0|0|10|0|0|0|1|0
RZ1|15|2|OP10-109|0|25|0|14|0|0|0|0|0
RZ1|CHK|15|2|50|0|0|0|10|0|0|0|1|0
RZ1|16|2|ST36-003|0|36|0|15|0|0|0|0|0
RZ1|CHK|16|2|50|0|0|0|10|0|0|0|1|0
RZ1|17|2|ST36-002|0|34|0|16|0|0|0|0|0
RZ1|CHK|17|2|50|0|0|0|10|0|0|0|1|0
RZ1|18|2|P-088|0|30|0|17|0|0|0|0|0
RZ1|CHK|18|2|50|0|0|0|10|0|0|0|1|0
RZ1|19|2|ST36-002|0|35|0|18|0|0|0|0|0
RZ1|CHK|19|2|50|0|0|0|10|0|0|0|1|0
RZ1|20|2|OP10-112|0|41|0|19|0|0|0|0|0
RZ1|CHK|20|2|50|0|0|0|10|0|0|0|1|0
RZ1|21|2|OP10-111|0|22|0|20|0|0|0|0|0
RZ1|CHK|21|2|50|0|0|0|10|0|0|0|1|0
RZ1|22|2|OP12-117|0|46|0|21|0|0|0|0|0
RZ1|CHK|22|2|50|0|0|0|10|0|0|0|1|0
RZ1|23|2|ST36-004|0|26|0|22|0|0|0|0|0
RZ1|CHK|23|2|50|0|0|0|10|0|0|0|1|0
RZ1|24|2|ST36-004|0|26|0|23|0|0|0|0|0
RZ1|CHK|24|2|50|0|0|0|10|0|0|0|1|0
RZ1|25|2|P-088|0|35|0|24|0|0|0|0|0
RZ1|CHK|25|2|50|0|0|0|10|0|0|0|1|0
RZ1|26|2|P-088|0|36|0|25|0|0|0|0|0
RZ1|CHK|26|2|50|0|0|0|10|0|0|0|1|0
RZ1|27|2|OP10-109|0|34|0|26|0|0|0|0|0
RZ1|CHK|27|2|50|0|0|0|10|0|0|0|1|0
RZ1|28|2|OP10-111|0|28|0|27|0|0|0|0|0
RZ1|CHK|28|2|50|0|0|0|10|0|0|0|1|0
RZ1|29|2|ST36-003|0|38|0|29|0|0|0|0|0
RZ1|CHK|29|2|50|0|0|0|10|0|0|0|1|0
RZ1|30|2|OP10-119|0|42|0|30|0|0|0|0|0
RZ1|CHK|30|2|50|0|0|0|10|0|0|0|1|0
RZ1|31|2|OP10-112|0|44|0|31|0|0|0|0|0
RZ1|CHK|31|2|50|0|0|0|10|0|0|0|1|0
RZ1|32|2|EB04-059|0|49|0|32|0|0|0|0|0
RZ1|CHK|32|2|50|0|0|0|10|0|0|0|1|0
RZ1|33|2|OP12-117|0|47|0|33|0|0|0|0|0
RZ1|CHK|33|2|50|0|0|0|10|0|0|0|1|0
RZ1|34|2|ST36-005|0|44|0|34|0|0|0|0|0
RZ1|CHK|34|2|50|0|0|0|10|0|0|0|1|0
RZ1|35|2|ST36-002|0|43|0|36|0|0|0|0|0
RZ1|CHK|35|2|50|0|0|0|10|0|0|0|1|0
RZ1|36|2|OP10-114|0|39|0|38|0|0|0|0|0
RZ1|CHK|36|2|50|0|0|0|10|0|0|0|1|0
RZ1|37|2|OP10-112|0|47|0|39|0|0|0|0|0
RZ1|CHK|37|2|50|0|0|0|10|0|0|0|1|0
RZ1|38|2|ST36-005|0|45|0|40|0|0|0|0|0
RZ1|CHK|38|2|50|0|0|0|10|0|0|0|1|0
RZ1|39|2|OP13-116|0|48|0|41|0|0|0|0|0
RZ1|CHK|39|2|50|0|0|0|10|0|0|0|1|0
RZ1|40|2|ST36-001|0|44|0|43|0|0|0|0|0
RZ1|CHK|40|2|50|0|0|0|10|0|0|0|1|0
RZ1|41|2|OP10-109|0|45|0|44|0|0|0|0|0
RZ1|CHK|41|2|50|0|0|0|10|0|0|0|1|0
RZ1|42|2|OP10-112|0|48|0|45|0|0|0|0|0
RZ1|CHK|42|2|50|0|0|0|10|0|0|0|1|0
RZ1|43|2|OP10-116|0|49|0|46|0|0|0|0|0
RZ1|CHK|43|2|50|0|0|0|10|0|0|0|1|0
RZ1|44|2|P-088|0|48|0|47|0|0|0|0|0
RZ1|CHK|44|2|50|0|0|0|10|0|0|0|1|0
RZ1|45|2|OP10-119|0|49|0|48|0|0|0|0|0
RZ1|CHK|45|2|50|0|0|0|10|0|0|0|1|0
RZ1|46|1|OP13-099|0|0|7|0|1|1|0|0|0
RZ1|CHK|46|1|49|0|0|0|10|0|0|1|1|0
[You] Imu ["OP13-079">OP13-079]: Deploy The Empty Throne ["OP13-099">OP13-099]
RZ1|47|1|OP14-096|0|28|0|0|0|0|0|0|0
RZ1|CHK|47|1|49|0|0|0|10|0|0|1|1|0
RZ1|48|1|OP13-098|0|43|0|1|0|0|0|0|0
RZ1|CHK|48|1|49|0|0|0|10|0|0|1|1|0
RZ1|49|1|OP13-083|0|30|0|2|0|0|0|0|0
RZ1|CHK|49|1|49|0|0|0|10|0|0|1|1|0
RZ1|50|1|OP13-091|0|17|0|3|0|0|0|0|0
RZ1|CHK|50|1|49|0|0|0|10|0|0|1|1|0
RZ1|51|1|OP13-083|0|25|0|4|0|0|0|0|0
RZ1|CHK|51|1|49|0|0|0|10|0|0|1|1|0
RZ1|52|1|OP16-093|0|46|0|5|0|0|0|0|0
RZ1|CHK|52|1|49|0|0|0|10|0|0|1|1|0
RZ1|53|1|OP13-084|0|13|0|6|0|0|0|0|0
RZ1|CHK|53|1|49|0|0|0|10|0|0|1|1|0
RZ1|54|1|OP13-083|0|39|0|7|0|0|0|0|0
RZ1|CHK|54|1|49|0|0|0|10|0|0|1|1|0
RZ1|55|1|OP13-082|0|19|0|9|0|0|0|0|0
RZ1|CHK|55|1|49|0|0|0|10|0|0|1|1|0
RZ1|56|1|OP13-086|0|27|0|10|0|0|0|0|0
RZ1|CHK|56|1|49|0|0|0|10|0|0|1|1|0
RZ1|57|1|OP13-092|0|43|0|11|0|0|0|0|0
RZ1|CHK|57|1|49|0|0|0|10|0|0|1|1|0
RZ1|58|1|OP13-091|0|36|0|12|0|0|0|0|0
RZ1|CHK|58|1|49|0|0|0|10|0|0|1|1|0
RZ1|59|1|OP13-086|0|40|0|13|0|0|0|0|0
RZ1|CHK|59|1|49|0|0|0|10|0|0|1|1|0
RZ1|60|1|OP13-089|0|42|0|14|0|0|0|0|0
RZ1|CHK|60|1|49|0|0|0|10|0|0|1|1|0
RZ1|61|1|OP13-091|0|37|0|15|0|0|0|0|0
RZ1|CHK|61|1|49|0|0|0|10|0|0|1|1|0
RZ1|62|1|OP13-092|0|26|0|16|0|0|0|0|0
RZ1|CHK|62|1|49|0|0|0|10|0|0|1|1|0
RZ1|63|1|OP13-082|0|40|0|17|0|0|0|0|0
RZ1|CHK|63|1|49|0|0|0|10|0|0|1|1|0
RZ1|64|1|OP13-096|0|31|0|18|0|0|0|0|0
RZ1|CHK|64|1|49|0|0|0|10|0|0|1|1|0
RZ1|65|1|OP13-096|0|31|0|19|0|0|0|0|0
RZ1|CHK|65|1|49|0|0|0|10|0|0|1|1|0
RZ1|66|1|OP13-089|0|48|0|20|0|0|0|0|0
RZ1|CHK|66|1|49|0|0|0|10|0|0|1|1|0
RZ1|67|1|OP14-096|0|36|0|21|0|0|0|0|0
RZ1|CHK|67|1|49|0|0|0|10|0|0|1|1|0
RZ1|68|1|OP13-092|0|32|0|22|0|0|0|0|0
RZ1|CHK|68|1|49|0|0|0|10|0|0|1|1|0
RZ1|69|1|OP13-084|0|44|0|23|0|0|0|0|0
RZ1|CHK|69|1|49|0|0|0|10|0|0|1|1|0
RZ1|70|1|OP13-098|0|45|0|24|0|0|0|0|0
RZ1|CHK|70|1|49|0|0|0|10|0|0|1|1|0
RZ1|71|1|OP13-091|0|40|0|25|0|0|0|0|0
RZ1|CHK|71|1|49|0|0|0|10|0|0|1|1|0
RZ1|72|1|OP13-084|0|47|0|26|0|0|0|0|0
RZ1|CHK|72|1|49|0|0|0|10|0|0|1|1|0
RZ1|73|1|OP13-096|0|29|0|27|0|0|0|0|0
RZ1|CHK|73|1|49|0|0|0|10|0|0|1|1|0
RZ1|74|1|OP16-093|0|46|0|28|0|0|0|0|0
RZ1|CHK|74|1|49|0|0|0|10|0|0|1|1|0
RZ1|75|1|OP13-080|0|37|0|29|0|0|0|0|0
RZ1|CHK|75|1|49|0|0|0|10|0|0|1|1|0
RZ1|76|1|OP13-080|0|42|0|30|0|0|0|0|0
RZ1|CHK|76|1|49|0|0|0|10|0|0|1|1|0
RZ1|77|1|OP13-084|0|42|0|31|0|0|0|0|0
RZ1|CHK|77|1|49|0|0|0|10|0|0|1|1|0
RZ1|78|1|OP13-098|0|46|0|32|0|0|0|0|0
RZ1|CHK|78|1|49|0|0|0|10|0|0|1|1|0
RZ1|79|1|OP13-092|0|47|0|33|0|0|0|0|0
RZ1|CHK|79|1|49|0|0|0|10|0|0|1|1|0
RZ1|80|1|OP14-096|0|35|0|34|0|0|0|0|0
RZ1|CHK|80|1|49|0|0|0|10|0|0|1|1|0
RZ1|81|1|OP05-097|0|37|0|35|0|0|0|0|0
RZ1|CHK|81|1|49|0|0|0|10|0|0|1|1|0
RZ1|82|1|OP13-082|0|44|0|37|0|0|0|0|0
RZ1|CHK|82|1|49|0|0|0|10|0|0|1|1|0
RZ1|83|1|OP13-089|0|41|0|38|0|0|0|0|0
RZ1|CHK|83|1|49|0|0|0|10|0|0|1|1|0
RZ1|84|1|OP16-093|0|41|0|39|0|0|0|0|0
RZ1|CHK|84|1|49|0|0|0|10|0|0|1|1|0
RZ1|85|1|OP13-080|0|42|0|40|0|0|0|0|0
RZ1|CHK|85|1|49|0|0|0|10|0|0|1|1|0
RZ1|86|1|OP14-096|0|46|0|41|0|0|0|0|0
RZ1|CHK|86|1|49|0|0|0|10|0|0|1|1|0
RZ1|87|1|OP13-082|0|47|0|42|0|0|0|0|0
RZ1|CHK|87|1|49|0|0|0|10|0|0|1|1|0
RZ1|88|1|OP13-089|0|46|0|43|0|0|0|0|0
RZ1|CHK|88|1|49|0|0|0|10|0|0|1|1|0
RZ1|89|1|OP13-086|0|48|0|45|0|0|0|0|0
RZ1|CHK|89|1|49|0|0|0|10|0|0|1|1|0
RZ1|90|1|OP13-086|0|48|0|46|0|0|0|0|0
RZ1|CHK|90|1|49|0|0|0|10|0|0|1|1|0
[] Drew card from deck: ...Never Existed... ["OP13-098">OP13-098]
RZ1|91|1|OP13-098|0|48|1|0|1|1|0|0|0
RZ1|CHK|91|1|48|1|0|0|10|0|0|1|1|0
[] Drew card from deck: The Five Elders... Are At Your Service ["OP13-096">OP13-096]
RZ1|92|1|OP13-096|0|47|1|1|1|1|0|0|0
RZ1|CHK|92|1|47|2|0|0|10|0|0|1|1|0
[] Drew card from deck: St. Shalria ["OP13-086">OP13-086]
RZ1|93|1|OP13-086|0|46|1|2|1|1|0|0|0
RZ1|CHK|93|1|46|3|0|0|10|0|0|1|1|0
[] Drew card from deck: St. Shalria ["OP13-086">OP13-086]
RZ1|94|1|OP13-086|0|45|1|3|1|1|0|0|0
RZ1|CHK|94|1|45|4|0|0|10|0|0|1|1|0
[] Drew card from deck: Bartholomew Kuma ["OP16-093">OP16-093]
RZ1|95|1|OP16-093|0|44|1|4|1|1|0|0|0
RZ1|CHK|95|1|44|5|0|0|10|0|0|1|1|0
[] Drew card from deck: Cavendish ["ST36-001">ST36-001]
RZ1|96|2|ST36-001|0|49|1|0|1|1|0|0|0
RZ1|CHK|96|2|49|1|0|0|10|0|0|0|1|0
[] Drew card from deck: Trafalgar Law ["OP10-119">OP10-119]
RZ1|97|2|OP10-119|0|48|1|1|1|1|0|0|0
RZ1|CHK|97|2|48|2|0|0|10|0|0|0|1|0
[] Drew card from deck: Trafalgar Law ["P-088">P-088]
RZ1|98|2|P-088|0|47|1|2|1|1|0|0|0
RZ1|CHK|98|2|47|3|0|0|10|0|0|0|1|0
[] Drew card from deck: Damned Punk: Electromagnetic Cannon ["OP10-116">OP10-116]
RZ1|99|2|OP10-116|0|46|1|3|1|1|0|0|0
RZ1|CHK|99|2|46|4|0|0|10|0|0|0|1|0
[] Drew card from deck: Eustass "Captain" Kid ["OP10-112">OP10-112]
RZ1|100|2|OP10-112|0|45|1|4|1|1|0|0|0
RZ1|CHK|100|2|45|5|0|0|10|0|0|0|1|0
RZ1|101|1|OP13-089|0|43|3|0|1|0|0|0|0
RZ1|CHK|101|1|43|5|0|1|10|0|0|1|1|0
RZ1|102|1|OP13-082|0|42|3|1|1|0|0|0|0
RZ1|CHK|102|1|42|5|0|2|10|0|0|1|1|0
RZ1|103|1|OP14-096|0|41|3|2|1|0|0|0|0
RZ1|CHK|103|1|41|5|0|3|10|0|0|1|1|0
RZ1|104|1|OP13-080|0|40|3|3|1|0|0|0|0
RZ1|CHK|104|1|40|5|0|4|10|0|0|1|1|0
RZ1|105|2|ST36-001|1|0|0|45|0|0|0|0|0
RZ1|CHK|105|2|46|4|0|0|10|0|0|0|1|0
RZ1|106|2|OP10-119|1|0|0|46|0|0|0|0|0
RZ1|CHK|106|2|47|3|0|0|10|0|0|0|1|0
RZ1|107|2|P-088|1|0|0|47|0|0|0|0|0
RZ1|CHK|107|2|48|2|0|0|10|0|0|0|1|0
RZ1|108|2|OP10-116|1|0|0|48|0|0|0|0|0
RZ1|CHK|108|2|49|1|0|0|10|0|0|0|1|0
RZ1|109|2|OP10-112|1|0|0|49|0|0|0|0|0
RZ1|CHK|109|2|50|0|0|0|10|0|0|0|1|0
RZ1|110|2|OP10-109|0|14|0|0|0|0|0|0|0
RZ1|CHK|110|2|50|0|0|0|10|0|0|0|1|0
RZ1|111|2|OP10-114|0|38|0|1|0|0|0|0|0
RZ1|CHK|111|2|50|0|0|0|10|0|0|0|1|0
RZ1|112|2|OP10-109|0|27|0|2|0|0|0|0|0
RZ1|CHK|112|2|50|0|0|0|10|0|0|0|1|0
RZ1|113|2|OP10-112|0|39|0|3|0|0|0|0|0
RZ1|CHK|113|2|50|0|0|0|10|0|0|0|1|0
RZ1|114|2|OP10-112|0|33|0|4|0|0|0|0|0
RZ1|CHK|114|2|50|0|0|0|10|0|0|0|1|0
RZ1|115|2|ST36-001|0|45|0|5|0|0|0|0|0
RZ1|CHK|115|2|50|0|0|0|10|0|0|0|1|0
RZ1|116|2|ST36-002|0|23|0|6|0|0|0|0|0
RZ1|CHK|116|2|50|0|0|0|10|0|0|0|1|0
RZ1|117|2|ST36-005|0|41|0|7|0|0|0|0|0
RZ1|CHK|117|2|50|0|0|0|10|0|0|0|1|0
RZ1|118|2|ST36-001|0|44|0|8|0|0|0|0|0
RZ1|CHK|118|2|50|0|0|0|10|0|0|0|1|0
RZ1|119|2|OP10-111|0|33|0|9|0|0|0|0|0
RZ1|CHK|119|2|50|0|0|0|10|0|0|0|1|0
RZ1|120|2|OP12-117|0|38|0|10|0|0|0|0|0
RZ1|CHK|120|2|50|0|0|0|10|0|0|0|1|0
RZ1|121|2|OP10-116|0|48|0|11|0|0|0|0|0
RZ1|CHK|121|2|50|0|0|0|10|0|0|0|1|0
RZ1|122|2|ST36-003|0|26|0|12|0|0|0|0|0
RZ1|CHK|122|2|50|0|0|0|10|0|0|0|1|0
RZ1|123|2|OP12-117|0|31|0|13|0|0|0|0|0
RZ1|CHK|123|2|50|0|0|0|10|0|0|0|1|0
RZ1|124|2|OP10-119|0|27|0|14|0|0|0|0|0
RZ1|CHK|124|2|50|0|0|0|10|0|0|0|1|0
RZ1|125|2|OP10-119|0|38|0|15|0|0|0|0|0
RZ1|CHK|125|2|50|0|0|0|10|0|0|0|1|0
RZ1|126|2|OP11-101|0|45|0|16|0|0|0|0|0
RZ1|CHK|126|2|50|0|0|0|10|0|0|0|1|0
RZ1|127|2|OP10-114|0|20|0|17|0|0|0|0|0
RZ1|CHK|127|2|50|0|0|0|10|0|0|0|1|0
RZ1|128|2|ST36-004|0|28|0|18|0|0|0|0|0
RZ1|CHK|128|2|50|0|0|0|10|0|0|0|1|0
RZ1|129|2|OP10-119|0|20|0|19|0|0|0|0|0
RZ1|CHK|129|2|50|0|0|0|10|0|0|0|1|0
RZ1|130|2|EB04-059|0|40|0|20|0|0|0|0|0
RZ1|CHK|130|2|50|0|0|0|10|0|0|0|1|0
RZ1|131|2|OP10-111|0|39|0|21|0|0|0|0|0
RZ1|CHK|131|2|50|0|0|0|10|0|0|0|1|0
RZ1|132|2|OP10-112|0|49|0|23|0|0|0|0|0
RZ1|CHK|132|2|50|0|0|0|10|0|0|0|1|0
RZ1|133|2|P-088|0|40|0|24|0|0|0|0|0
RZ1|CHK|133|2|50|0|0|0|10|0|0|0|1|0
RZ1|134|2|ST36-002|0|34|0|25|0|0|0|0|0
RZ1|CHK|134|2|50|0|0|0|10|0|0|0|1|0
RZ1|135|2|OP10-119|0|48|0|26|0|0|0|0|0
RZ1|CHK|135|2|50|0|0|0|10|0|0|0|1|0
RZ1|136|2|OP10-112|0|37|0|27|0|0|0|0|0
RZ1|CHK|136|2|50|0|0|0|10|0|0|0|1|0
RZ1|137|2|ST36-002|0|45|0|28|0|0|0|0|0
RZ1|CHK|137|2|50|0|0|0|10|0|0|0|1|0
RZ1|138|2|ST36-003|0|43|0|29|0|0|0|0|0
RZ1|CHK|138|2|50|0|0|0|10|0|0|0|1|0
RZ1|139|2|P-088|0|49|0|30|0|0|0|0|0
RZ1|CHK|139|2|50|0|0|0|10|0|0|0|1|0
RZ1|140|2|OP13-116|0|48|0|31|0|0|0|0|0
RZ1|CHK|140|2|50|0|0|0|10|0|0|0|1|0
RZ1|141|2|ST36-002|0|33|0|32|0|0|0|0|0
RZ1|CHK|141|2|50|0|0|0|10|0|0|0|1|0
RZ1|142|2|OP12-117|0|34|0|33|0|0|0|0|0
RZ1|CHK|142|2|50|0|0|0|10|0|0|0|1|0
RZ1|143|2|OP10-111|0|42|0|34|0|0|0|0|0
RZ1|CHK|143|2|50|0|0|0|10|0|0|0|1|0
RZ1|144|2|ST36-005|0|39|0|35|0|0|0|0|0
RZ1|CHK|144|2|50|0|0|0|10|0|0|0|1|0
RZ1|145|2|OP13-116|0|40|0|36|0|0|0|0|0
RZ1|CHK|145|2|50|0|0|0|10|0|0|0|1|0
RZ1|146|2|OP10-109|0|49|0|37|0|0|0|0|0
RZ1|CHK|146|2|50|0|0|0|10|0|0|0|1|0
RZ1|147|2|P-088|0|43|0|39|0|0|0|0|0
RZ1|CHK|147|2|50|0|0|0|10|0|0|0|1|0
RZ1|148|2|ST36-004|0|45|0|40|0|0|0|0|0
RZ1|CHK|148|2|50|0|0|0|10|0|0|0|1|0
RZ1|149|2|ST36-004|0|45|0|41|0|0|0|0|0
RZ1|CHK|149|2|50|0|0|0|10|0|0|0|1|0
RZ1|150|2|OP10-111|0|45|0|42|0|0|0|0|0
RZ1|CHK|150|2|50|0|0|0|10|0|0|0|1|0
RZ1|151|2|OP11-101|0|49|0|44|0|0|0|0|0
RZ1|CHK|151|2|50|0|0|0|10|0|0|0|1|0
RZ1|152|2|OP15-105|0|49|0|45|0|0|0|0|0
RZ1|CHK|152|2|50|0|0|0|10|0|0|0|1|0
RZ1|153|2|OP10-109|0|47|0|46|0|0|0|0|0
RZ1|CHK|153|2|50|0|0|0|10|0|0|0|1|0
RZ1|154|2|P-088|0|48|0|47|0|0|0|0|0
RZ1|CHK|154|2|50|0|0|0|10|0|0|0|1|0
RZ1|155|2|ST36-005|0|49|0|48|0|0|0|0|0
RZ1|CHK|155|2|50|0|0|0|10|0|0|0|1|0
[] Drew card from deck: Eustass "Captain" Kid ["ST36-005">ST36-005]
RZ1|156|2|ST36-005|0|49|1|0|1|1|0|0|0
RZ1|CHK|156|2|49|1|0|0|10|0|0|0|1|0
[] Drew card from deck: Eustass "Captain" Kid ["ST36-005">ST36-005]
RZ1|157|2|ST36-005|0|48|1|1|1|1|0|0|0
RZ1|CHK|157|2|48|2|0|0|10|0|0|0|1|0
[] Drew card from deck: Trafalgar Law ["P-088">P-088]
RZ1|158|2|P-088|0|47|1|2|1|1|0|0|0
RZ1|CHK|158|2|47|3|0|0|10|0|0|0|1|0
[] Drew card from deck: Basil Hawkins ["OP10-109">OP10-109]
RZ1|159|2|OP10-109|0|46|1|3|1|1|0|0|0
RZ1|CHK|159|2|46|4|0|0|10|0|0|0|1|0
[] Drew card from deck: Jewelry Bonney ["OP15-105">OP15-105]
RZ1|160|2|OP15-105|0|45|1|4|1|1|0|0|0
RZ1|CHK|160|2|45|5|0|0|10|0|0|0|1|0
RZ1|161|2|OP11-101|0|44|3|0|0|1|0|0|0
RZ1|CHK|161|2|44|5|0|1|10|0|0|0|1|0
RZ1|162|2|OP15-105|0|43|3|1|0|1|0|0|0
RZ1|CHK|162|2|43|5|0|2|10|0|0|0|1|0
RZ1|163|2|OP10-111|0|42|3|2|0|1|0|0|0
RZ1|CHK|163|2|42|5|0|3|10|0|0|0|1|0
RZ1|164|2|ST36-004|0|41|3|3|0|1|0|0|0
RZ1|CHK|164|2|41|5|0|4|10|0|0|0|1|0
RZ1|165|2|ST36-004|0|40|3|4|0|1|0|0|0
RZ1|CHK|165|2|40|5|0|5|10|0|0|0|1|0
[] Hand after Mulligan: [ST36-005,ST36-005,P-088,OP10-109,OP15-105]
[Opponent] Mulligan
[] Hand: [OP13-098,OP13-096,OP13-086,OP13-086,OP16-093]
[] Board: []
[] Trash: []
[] Life: 4
[] Hand: [ST36-005,ST36-005,P-088,OP10-109,OP15-105]
[] Trash: []
[] Board: []
[] Life: 5
RZ1|166|1|Don|4|9|5|0|1|1|0|0|0
RZ1|CHK|166|1|40|5|0|4|9|1|0|1|1|0
[You] Draw 1 Don
RZ1|167|1|Don|5|0|5|0|1|1|1|0|0
RZ1|CHK|167|1|40|5|0|4|9|1|0|1|1|0
[You] Deploy St. Shalria ["OP13-086">OP13-086]
RZ1|168|1|OP13-086|1|2|2|0|1|1|0|0|0
RZ1|CHK|168|1|40|4|1|4|9|1|0|1|1|0
RZ1|169|1|OP13-082|0|37|1|4|1|1|0|0|0
RZ1|CHK|169|1|39|5|1|4|9|1|0|1|1|0
[You] St. Shalria ["OP13-086">OP13-086]: <b>Reveal and Draw Five Elders ["OP13-082">OP13-082]</b>
[You] St. Shalria ["OP13-086">OP13-086]: Trash 2 Remaining Cards
RZ1|170|1|OP16-093|0|38|6|0|1|1|0|0|0
RZ1|CHK|170|1|38|5|1|4|9|1|1|1|1|0
RZ1|171|1|OP13-089|0|37|6|1|1|1|0|0|0
RZ1|CHK|171|1|37|5|1|4|9|1|2|1|1|0
RZ1|172|1|OP16-093|1|3|6|2|1|1|0|0|0
RZ1|CHK|172|1|37|4|1|4|9|1|3|1|1|0
[You] St. Shalria ["OP13-086">OP13-086]: Trash Bartholomew Kuma ["OP16-093">OP16-093]
RZ1|173|1|OP13-086|2|0|6|3|1|1|0|0|0
RZ1|CHK|173|1|37|4|0|4|9|1|4|1|1|0
[You] Imu ["OP13-079">OP13-079]: Trash St. Shalria ["OP13-086">OP13-086]
[] Drew card from deck: St. Jaygarcia Saturn ["OP13-083">OP13-083]
RZ1|174|1|OP13-083|0|36|1|4|1|1|0|0|0
RZ1|CHK|174|1|36|5|0|4|9|1|4|1|1|0
[You] Imu ["OP13-079">OP13-079]: Draw 1 Card
[] Hand: [OP13-098,OP13-096,OP13-086,OP13-082,OP13-083]
[] Board: []
[] Trash: [OP16-093,OP13-089,OP16-093,OP13-086]
[] Life: 4
[] Hand: [ST36-005,ST36-005,P-088,OP10-109,OP15-105]
[] Trash: []
[] Board: []
[] Life: 5
[You] End Turn
[] Hand: [ST36-005,ST36-005,P-088,OP10-109,OP15-105]
[] Board: []
[] Trash: []
[] Life: 5
[] Hand: [OP13-098,OP13-096,OP13-086,OP13-082,OP13-083]
[] Trash: [OP16-093,OP13-089,OP16-093,OP13-086]
[] Board: []
[] Life: 4
[Opponent] Draw 1 Card
[] Drew card from deck: Trafalgar Law ["P-088">P-088]
RZ1|175|2|P-088|0|39|1|5|1|1|0|0|0
RZ1|CHK|175|2|39|6|0|5|10|0|0|0|1|0
RZ1|176|2|Don|4|9|5|0|1|1|0|0|0
RZ1|CHK|176|2|39|6|0|5|9|1|0|0|1|0
RZ1|177|2|Don|4|8|5|1|1|1|0|0|0
RZ1|CHK|177|2|39|6|0|5|8|2|0|0|1|0
[Opponent] Draw 2 Don
RZ1|178|2|Don|5|0|5|0|1|1|1|0|0
RZ1|CHK|178|2|39|6|0|5|8|2|0|0|1|0
[Opponent] Deploy Jewelry Bonney ["OP15-105">OP15-105]
RZ1|179|2|OP15-105|1|4|2|0|1|1|0|0|0
RZ1|CHK|179|2|39|5|1|5|8|2|0|0|1|0
[] Hand: [ST36-005,ST36-005,P-088,OP10-109,P-088]
[] Board: [OP15-105]
[] Trash: []
[] Life: 5
[] Hand: [OP13-098,OP13-096,OP13-086,OP13-082,OP13-083]
[] Trash: [OP16-093,OP13-089,OP16-093,OP13-086]
[] Board: []
[] Life: 4
[Opponent] End Turn
[] Hand: [OP13-098,OP13-096,OP13-086,OP13-082,OP13-083]
[] Board: []
[] Trash: [OP16-093,OP13-089,OP16-093,OP13-086]
[] Life: 4
[] Hand: [ST36-005,ST36-005,P-088,OP10-109,P-088]
[] Trash: []
[] Board: [OP15-105]
[] Life: 5
[You] Draw 1 Card
[] Drew card from deck: The Holy Land Mary Geoise ["OP05-097">OP05-097]
RZ1|180|1|OP05-097|0|35|1|5|1|1|0|0|0
RZ1|CHK|180|1|35|6|0|4|9|1|4|1|1|0
RZ1|181|1|Don|4|8|5|1|1|1|0|0|0
RZ1|CHK|181|1|35|6|0|4|8|2|4|1|1|0
RZ1|182|1|Don|4|7|5|2|1|1|0|0|0
RZ1|CHK|182|1|35|6|0|4|7|3|4|1|1|0
[You] Draw 2 Don
RZ1|183|1|Don|5|0|5|0|1|1|1|0|0
RZ1|CHK|183|1|35|6|0|4|7|3|4|1|1|0
[You] Deploy St. Shalria ["OP13-086">OP13-086]
RZ1|184|1|OP13-086|1|2|2|0|1|1|0|0|0
RZ1|CHK|184|1|35|5|1|4|7|3|4|1|1|0
RZ1|185|1|OP13-098|0|32|1|5|1|1|0|0|0
RZ1|CHK|185|1|34|6|1|4|7|3|4|1|1|0
[You] St. Shalria ["OP13-086">OP13-086]: <b>Reveal and Draw ...Never Existed... ["OP13-098">OP13-098]</b>
[You] St. Shalria ["OP13-086">OP13-086]: Trash 2 Remaining Cards
RZ1|186|1|OP14-096|0|33|6|4|1|1|0|0|0
RZ1|CHK|186|1|33|6|1|4|7|3|5|1|1|0
RZ1|187|1|OP13-092|0|32|6|5|1|1|0|0|0
RZ1|CHK|187|1|32|6|1|4|7|3|6|1|1|0
RZ1|188|1|OP13-083|1|3|6|6|1|1|0|0|0
RZ1|CHK|188|1|32|5|1|4|7|3|7|1|1|0
[You] St. Shalria ["OP13-086">OP13-086]: Trash St. Jaygarcia Saturn ["OP13-083">OP13-083]
[You] The Five Elders... Are At Your Service ["OP13-096">OP13-096]: Rest 1 Don
RZ1|189|1|Don|5|1|5|1|1|1|1|0|0
RZ1|CHK|189|1|32|5|1|4|7|3|7|1|1|0
RZ1|190|1|OP13-096|1|1|6|7|1|1|0|0|0
RZ1|CHK|190|1|32|4|1|4|7|3|8|1|1|0
RZ1|191|1|OP13-084|0|31|1|4|1|1|0|0|0
RZ1|CHK|191|1|31|5|1|4|7|3|8|1|1|0
[You] The Five Elders... Are At Your Service ["OP13-096">OP13-096]: <b>Reveal and Draw St. Shepherd Ju Peter ["OP13-084">OP13-084]</b>
[You] The Five Elders... Are At Your Service ["OP13-096">OP13-096]: Trash 2 Remaining Cards
RZ1|192|1|OP13-080|0|30|6|8|1|1|0|0|0
RZ1|CHK|192|1|30|5|1|4|7|3|9|1|1|0
RZ1|193|1|OP13-080|0|29|6|9|1|1|0|0|0
RZ1|CHK|193|1|29|5|1|4|7|3|10|1|1|0
RZ1|194|1|Don|5|2|9|9900|1|1|0|0|0
RZ1|CHK|194|1|29|5|1|4|7|2|10|1|1|1
[You] Attach 1 Don to Imu ["OP13-079">OP13-079] (1 Total)
[You] Imu ["OP13-079">OP13-079] attacking Eustass "Captain" Kid ["OP10-099">OP10-099]
[Opponent] Discard Trafalgar Law ["P-088">P-088] for Counter 2000
RZ1|195|2|P-088|1|4|6|0|1|1|0|0|0
RZ1|CHK|195|2|39|4|1|5|8|2|1|0|1|0
Imu ["OP13-079">OP13-079][6000] vs Eustass "Captain" Kid ["OP10-099">OP10-099][7000]
Attack Fails
RZ1|196|1|OP05-097|1|2|6|10|1|1|0|0|0
RZ1|CHK|196|1|29|4|1|4|7|2|11|1|1|1
[You] Imu ["OP13-079">OP13-079]: Trash The Holy Land Mary Geoise ["OP05-097">OP05-097]
[] Drew card from deck: Bartholomew Kuma ["OP16-093">OP16-093]
RZ1|197|1|OP16-093|0|28|1|4|1|1|0|0|0
RZ1|CHK|197|1|28|5|1|4|7|2|11|1|1|1
[You] Imu ["OP13-079">OP13-079]: Draw 1 Card
[] Hand: [OP13-098,OP13-082,OP13-098,OP13-084,OP16-093]
[] Board: [OP13-086]
[] Trash: [OP16-093,OP13-089,OP16-093,OP13-086,OP14-096,OP13-092,OP13-083,OP13-096,OP13-080,OP13-080,OP05-097]
[] Life: 4
[] Hand: [ST36-005,ST36-005,P-088,OP10-109]
[] Trash: [P-088]
[] Board: [OP15-105]
[] Life: 5
[You] End Turn
[] Hand: [ST36-005,ST36-005,P-088,OP10-109]
[] Board: [OP15-105]
[] Trash: [P-088]
[] Life: 5
[] Hand: [OP13-098,OP13-082,OP13-098,OP13-084,OP16-093]
[] Trash: [OP16-093,OP13-089,OP16-093,OP13-086,OP14-096,OP13-092,OP13-083,OP13-096,OP13-080,OP13-080,OP05-097]
[] Board: [OP13-086]
[] Life: 4
[Opponent] Draw 1 Card
[] Drew card from deck: Capone "Gang" Bege ["OP11-101">OP11-101]
RZ1|198|2|OP11-101|0|38|1|4|1|1|0|0|0
RZ1|CHK|198|2|38|5|1|5|8|2|1|0|1|0
RZ1|199|2|Don|4|7|5|2|1|1|0|0|0
RZ1|CHK|199|2|38|5|1|5|7|3|1|0|1|0
RZ1|200|2|Don|4|6|5|3|1|1|0|0|0
RZ1|CHK|200|2|38|5|1|5|6|4|1|0|1|0
[Opponent] Draw 2 Don
[Opponent] Eustass "Captain" Kid ["OP10-099">OP10-099] attacking Imu ["OP13-079">OP13-079]
Eustass "Captain" Kid ["OP10-099">OP10-099][5000] vs Imu ["OP13-079">OP13-079][5000]
Imu ["OP13-079">OP13-079] hit for 1 damage
RZ1|201|1|OP13-080|3|3|1|5|1|1|0|0|0
RZ1|CHK|201|1|28|6|1|3|7|2|11|1|1|1
RZ1|202|2|Don|5|0|5|0|1|1|1|0|0
RZ1|CHK|202|2|38|5|1|5|6|4|1|0|1|0
RZ1|203|2|Don|5|1|5|1|1|1|1|0|0
RZ1|CHK|203|2|38|5|1|5|6|4|1|0|1|0
RZ1|204|2|Don|5|2|5|2|1|1|1|0|0
RZ1|CHK|204|2|38|5|1|5|6|4|1|0|1|0
RZ1|205|2|Don|5|3|5|3|1|1|1|0|0
RZ1|CHK|205|2|38|5|1|5|6|4|1|0|1|0
[Opponent] Deploy Basil Hawkins ["OP10-109">OP10-109]
RZ1|206|2|OP10-109|1|3|2|1|1|1|0|0|0
RZ1|CHK|206|2|38|4|2|5|6|4|1|0|1|0
[Opponent] Eustass "Captain" Kid ["OP10-099">OP10-099]: Flip 1 Life Face Up
RZ1|207|2|ST36-004|3|4|3|4|1|1|0|0|0
RZ1|CHK|207|2|38|4|2|5|6|4|1|0|1|0
[Opponent] Eustass "Captain" Kid ["OP10-099">OP10-099]: Set Basil Hawkins ["OP10-109">OP10-109] to Active
[Opponent] Eustass "Captain" Kid ["OP10-099">OP10-099]: Basil Hawkins ["OP10-109">OP10-109] Gains Blocker
[] Hand: [ST36-005,ST36-005,P-088,OP11-101]
[] Board: [OP15-105,OP10-109]
[] Trash: [P-088]
[] Life: 5
[] Hand: [OP13-098,OP13-082,OP13-098,OP13-084,OP16-093,OP13-080]
[] Trash: [OP16-093,OP13-089,OP16-093,OP13-086,OP14-096,OP13-092,OP13-083,OP13-096,OP13-080,OP13-080,OP05-097]
[] Board: [OP13-086]
[] Life: 3
[Opponent] End Turn
[] Hand: [OP13-098,OP13-082,OP13-098,OP13-084,OP16-093,OP13-080]
[] Board: [OP13-086]
[] Trash: [OP16-093,OP13-089,OP16-093,OP13-086,OP14-096,OP13-092,OP13-083,OP13-096,OP13-080,OP13-080,OP05-097]
[] Life: 3
[] Hand: [ST36-005,ST36-005,P-088,OP11-101]
[] Trash: [P-088]
[] Board: [OP15-105,OP10-109]
[] Life: 5
RZ1|208|1|Don|9|9900|5|0|1|1|1|0|0
RZ1|CHK|208|1|28|6|1|3|7|3|11|1|1|0
[You] Draw 1 Card
[] Drew card from deck: The Five Elders... Are At Your Service ["OP13-096">OP13-096]
RZ1|209|1|OP13-096|0|27|1|6|1|1|0|0|0
RZ1|CHK|209|1|27|7|1|3|7|3|11|1|1|0
RZ1|210|1|Don|4|6|5|3|1|1|0|0|0
RZ1|CHK|210|1|27|7|1|3|6|4|11|1|1|0
RZ1|211|1|Don|4|5|5|4|1|1|0|0|0
RZ1|CHK|211|1|27|7|1|3|5|5|11|1|1|0
[You] Draw 2 Don
RZ1|212|1|Don|5|0|5|0|1|1|1|0|0
RZ1|CHK|212|1|27|7|1|3|5|5|11|1|1|0
RZ1|213|1|Don|5|1|5|1|1|1|1|0|0
RZ1|CHK|213|1|27|7|1|3|5|5|11|1|1|0
RZ1|214|1|Don|5|2|5|2|1|1|1|0|0
RZ1|CHK|214|1|27|7|1|3|5|5|11|1|1|0
[You] Deploy Bartholomew Kuma ["OP16-093">OP16-093]
RZ1|215|1|OP16-093|1|4|2|1|1|1|0|0|0
RZ1|CHK|215|1|27|6|2|3|5|5|11|1|1|0
[] Drew card from deck: St. Shepherd Ju Peter ["OP13-084">OP13-084]
RZ1|216|1|OP13-084|0|26|1|6|1|1|0|0|0
RZ1|CHK|216|1|26|7|2|3|5|5|11|1|1|0
[] Drew card from deck: St. Marcus Mars ["OP13-091">OP13-091]
RZ1|217|1|OP13-091|0|25|1|7|1|1|0|0|0
RZ1|CHK|217|1|25|8|2|3|5|5|11|1|1|0
[You] Bartholomew Kuma ["OP16-093">OP16-093]: Draw 2 Card
RZ1|218|1|OP13-080|1|4|6|11|1|1|0|0|0
RZ1|CHK|218|1|25|7|2|3|5|5|12|1|1|0
[You] Bartholomew Kuma ["OP16-093">OP16-093]: Trash St. Ethanbaron V. Nusjuro ["OP13-080">OP13-080]
RZ1|219|1|OP13-084|1|3|6|12|1|1|0|0|0
RZ1|CHK|219|1|25|6|2|3|5|5|13|1|1|0
[You] Bartholomew Kuma ["OP16-093">OP16-093]: Trash St. Shepherd Ju Peter ["OP13-084">OP13-084]
[You] Bartholomew Kuma ["OP16-093">OP16-093]: Attach 1 Rested Don to Imu ["OP13-079">OP13-079]
RZ1|220|1|Don|5|0|9|9900|1|1|1|0|0
RZ1|CHK|220|1|25|6|2|3|5|4|13|1|1|1
[You] The Five Elders... Are At Your Service ["OP13-096">OP13-096]: Rest 1 Don
RZ1|221|1|Don|5|2|5|2|1|1|1|0|0
RZ1|CHK|221|1|25|6|2|3|5|4|13|1|1|1
RZ1|222|1|OP13-096|1|3|6|13|1|1|0|0|0
RZ1|CHK|222|1|25|5|2|3|5|4|14|1|1|1
RZ1|223|1|OP13-084|0|23|1|5|1|1|0|0|0
RZ1|CHK|223|1|24|6|2|3|5|4|14|1|1|1
[You] The Five Elders... Are At Your Service ["OP13-096">OP13-096]: <b>Reveal and Draw St. Shepherd Ju Peter ["OP13-084">OP13-084]</b>
[You] The Five Elders... Are At Your Service ["OP13-096">OP13-096]: Trash 2 Remaining Cards
RZ1|224|1|OP13-098|0|23|6|14|1|1|0|0|0
RZ1|CHK|224|1|23|6|2|3|5|4|15|1|1|1
RZ1|225|1|OP13-092|0|22|6|15|1|1|0|0|0
RZ1|CHK|225|1|22|6|2|3|5|4|16|1|1|1
RZ1|226|1|Don|5|3|9|9901|1|1|0|0|0
RZ1|CHK|226|1|22|6|2|3|5|3|16|1|1|2
[You] Attach 1 Don to Imu ["OP13-079">OP13-079] (2 Total)
[You] Imu ["OP13-079">OP13-079] attacking Eustass "Captain" Kid ["OP10-099">OP10-099]
[Opponent] Basil Hawkins ["OP10-109">OP10-109] Blocks
Imu ["OP13-079">OP13-079][7000] vs Basil Hawkins ["OP10-109">OP10-109][5000]
[Opponent] Basil Hawkins ["OP10-109">OP10-109] Destroyed
RZ1|227|2|OP10-109|2|1|6|1|1|1|0|0|0
RZ1|CHK|227|2|38|4|1|5|6|4|2|0|1|0
[Opponent] Basil Hawkins ["OP10-109">OP10-109]: Trash 1 Life
[Opponent] Trash Ground Death ["OP14-096">OP14-096] from Life
RZ1|228|1|OP14-096|3|2|6|16|1|1|0|0|0
RZ1|CHK|228|1|22|6|2|2|5|3|17|1|1|2
[] Hand: [OP13-098,OP13-082,OP13-098,OP13-084,OP13-091,OP13-084]
[] Board: [OP13-086,OP16-093]
[] Trash: [OP16-093,OP13-089,OP16-093,OP13-086,OP14-096,OP13-092,OP13-083,OP13-096,OP13-080,OP13-080,OP05-097,OP13-080,OP13-084,OP13-096,OP13-098,OP13-092,OP14-096]
[] Life: 2
[] Hand: [ST36-005,ST36-005,P-088,OP11-101]
[] Trash: [P-088,OP10-109]
[] Board: [OP15-105]
[] Life: 5
[You] End Turn
[] Hand: [ST36-005,ST36-005,P-088,OP11-101]
[] Board: [OP15-105]
[] Trash: [P-088,OP10-109]
[] Life: 5
[] Hand: [OP13-098,OP13-082,OP13-098,OP13-084,OP13-091,OP13-084]
[] Trash: [OP16-093,OP13-089,OP16-093,OP13-086,OP14-096,OP13-092,OP13-083,OP13-096,OP13-080,OP13-080,OP05-097,OP13-080,OP13-084,OP13-096,OP13-098,OP13-092,OP14-096]
[] Board: [OP13-086,OP16-093]
[] Life: 2
[Opponent] Draw 1 Card
[] Drew card from deck: Basil Hawkins ["OP10-109">OP10-109]
RZ1|229|2|OP10-109|0|37|1|4|1|1|0|0|0
RZ1|CHK|229|2|37|5|1|5|6|4|2|0|1|0
RZ1|230|2|Don|4|5|5|4|1|1|0|0|0
RZ1|CHK|230|2|37|5|1|5|5|5|2|0|1|0
RZ1|231|2|Don|4|4|5|5|1|1|0|0|0
RZ1|CHK|231|2|37|5|1|5|4|6|2|0|1|0
[Opponent] Draw 2 Don
RZ1|232|2|Don|5|0|5|0|1|1|1|0|0
RZ1|CHK|232|2|37|5|1|5|4|6|2|0|1|0
RZ1|233|2|Don|5|1|5|1|1|1|1|0|0
RZ1|CHK|233|2|37|5|1|5|4|6|2|0|1|0
RZ1|234|2|Don|5|2|5|2|1|1|1|0|0
RZ1|CHK|234|2|37|5|1|5|4|6|2|0|1|0
RZ1|235|2|Don|5|3|5|3|1|1|1|0|0
RZ1|CHK|235|2|37|5|1|5|4|6|2|0|1|0
RZ1|236|2|Don|5|4|5|4|1|1|1|0|0
RZ1|CHK|236|2|37|5|1|5|4|6|2|0|1|0
RZ1|237|2|Don|5|5|5|5|1|1|1|0|0
RZ1|CHK|237|2|37|5|1|5|4|6|2|0|1|0
[Opponent] Deploy Eustass "Captain" Kid ["ST36-005">ST36-005]
RZ1|238|2|ST36-005|1|1|2|1|1|1|0|0|0
RZ1|CHK|238|2|37|4|2|5|4|6|2|0|1|0
[Opponent] Eustass "Captain" Kid ["ST36-005">ST36-005]: Flip 1 Bottom Life Face Up
RZ1|239|2|OP11-101|3|0|3|0|1|1|0|0|0
RZ1|CHK|239|2|37|4|2|5|4|6|2|0|1|0
[Opponent] Eustass "Captain" Kid ["ST36-005">ST36-005]: Attach 1 Rested Don to Eustass "Captain" Kid ["OP10-099">OP10-099]
RZ1|240|2|Don|5|0|9|9900|1|1|1|0|0
RZ1|CHK|240|2|37|4|2|5|4|5|2|0|1|1
[Opponent] Eustass "Captain" Kid ["OP10-099">OP10-099] attacking Imu ["OP13-079">OP13-079]
[You] Discard St. Shepherd Ju Peter ["OP13-084">OP13-084] for Counter 2000
RZ1|241|1|OP13-084|1|3|6|17|1|1|0|0|0
RZ1|CHK|241|1|22|5|2|2|5|3|18|1|1|2
Eustass "Captain" Kid ["OP10-099">OP10-099][6000] vs Imu ["OP13-079">OP13-079][7000]
Attack Fails
[] Hand: [ST36-005,P-088,OP11-101,OP10-109]
[] Board: [OP15-105,ST36-005]
[] Trash: [P-088,OP10-109]
[] Life: 5
[] Hand: [OP13-098,OP13-082,OP13-098,OP13-091,OP13-084]
[] Trash: [OP16-093,OP13-089,OP16-093,OP13-086,OP14-096,OP13-092,OP13-083,OP13-096,OP13-080,OP13-080,OP05-097,OP13-080,OP13-084,OP13-096,OP13-098,OP13-092,OP14-096,OP13-084]
[] Board: [OP13-086,OP16-093]
[] Life: 2
[Opponent] End Turn
[] Hand: [OP13-098,OP13-082,OP13-098,OP13-091,OP13-084]
[] Board: [OP13-086,OP16-093]
[] Trash: [OP16-093,OP13-089,OP16-093,OP13-086,OP14-096,OP13-092,OP13-083,OP13-096,OP13-080,OP13-080,OP05-097,OP13-080,OP13-084,OP13-096,OP13-098,OP13-092,OP14-096,OP13-084]
[] Life: 2
[] Hand: [ST36-005,P-088,OP11-101,OP10-109]
[] Trash: [P-088,OP10-109]
[] Board: [OP15-105,ST36-005]
[] Life: 5
RZ1|242|1|Don|9|9900|5|0|1|1|1|0|0
RZ1|CHK|242|1|22|5|2|2|5|4|18|1|1|1
RZ1|243|1|Don|9|9900|5|0|1|1|1|0|0
RZ1|CHK|243|1|22|5|2|2|5|5|18|1|1|0
[You] Draw 1 Card
[] Drew card from deck: Ground Death ["OP14-096">OP14-096]
RZ1|244|1|OP14-096|0|21|1|5|1|1|0|0|0
RZ1|CHK|244|1|21|6|2|2|5|5|18|1|1|0
RZ1|245|1|Don|4|4|5|5|1|1|0|0|0
RZ1|CHK|245|1|21|6|2|2|4|6|18|1|1|0
RZ1|246|1|Don|4|3|5|6|1|1|0|0|0
RZ1|CHK|246|1|21|6|2|2|3|7|18|1|1|0
[You] Draw 2 Don
[You] The Empty Throne ["OP13-099">OP13-099]: Rest 3 Don
RZ1|247|1|Don|5|0|5|0|1|1|1|0|0
RZ1|CHK|247|1|21|6|2|2|3|7|18|1|1|0
RZ1|248|1|Don|5|1|5|1|1|1|1|0|0
RZ1|CHK|248|1|21|6|2|2|3|7|18|1|1|0
RZ1|249|1|Don|5|2|5|2|1|1|1|0|0
RZ1|CHK|249|1|21|6|2|2|3|7|18|1|1|0
[You] The Empty Throne ["OP13-099">OP13-099]: Rest The Empty Throne ["OP13-099">OP13-099]
RZ1|250|1|OP13-091|1|3|2|2|1|1|0|0|0
RZ1|CHK|250|1|21|5|3|2|3|7|18|1|1|0
[You] The Empty Throne ["OP13-099">OP13-099]: Deploy St. Marcus Mars ["OP13-091">OP13-091]
RZ1|251|1|Don|5|3|9|9900|1|1|0|0|0
RZ1|CHK|251|1|21|5|3|2|3|6|18|1|1|1
[You] Attach 1 Don to Imu ["OP13-079">OP13-079] (1 Total)
[You] Imu ["OP13-079">OP13-079] attacking Eustass "Captain" Kid ["OP10-099">OP10-099]
[Opponent] Eustass "Captain" Kid ["ST36-005">ST36-005]: Flip Life Bartolomeo ["ST36-004">ST36-004] Face Down
RZ1|252|2|ST36-004|3|4|3|4|0|1|0|0|0
RZ1|CHK|252|2|37|4|2|5|4|5|2|0|1|1
[Opponent] Eustass "Captain" Kid ["ST36-005">ST36-005]: Target of Attack changed to Eustass "Captain" Kid ["OP10-099">OP10-099]
Imu ["OP13-079">OP13-079][6000] vs Eustass "Captain" Kid ["OP10-099">OP10-099][5000]
Eustass "Captain" Kid ["OP10-099">OP10-099] hit for 1 damage
RZ1|253|2|ST36-004|3|4|1|4|1|1|0|0|0
RZ1|CHK|253|2|37|5|2|4|4|5|2|0|1|1
RZ1|254|1|Don|5|3|9|100|1|1|0|0|0
RZ1|CHK|254|1|21|5|3|2|3|5|18|1|1|2
[You] Attach 1 Don to Bartholomew Kuma ["OP16-093">OP16-093] (1 Total)
[You] Bartholomew Kuma ["OP16-093">OP16-093] attacking Eustass "Captain" Kid ["OP10-099">OP10-099]
[Opponent] Discard Bartolomeo ["ST36-004">ST36-004] for Counter 1000
RZ1|255|2|ST36-004|1|4|6|2|1|1|0|0|0
RZ1|CHK|255|2|37|4|2|4|4|5|3|0|1|1
Bartholomew Kuma ["OP16-093">OP16-093][5000] vs Eustass "Captain" Kid ["OP10-099">OP10-099][6000]
Attack Fails
[] Hand: [OP13-098,OP13-082,OP13-098,OP13-084,OP14-096]
[] Board: [OP13-086,OP16-093,OP13-091]
[] Trash: [OP16-093,OP13-089,OP16-093,OP13-086,OP14-096,OP13-092,OP13-083,OP13-096,OP13-080,OP13-080,OP05-097,OP13-080,OP13-084,OP13-096,OP13-098,OP13-092,OP14-096,OP13-084]
[] Life: 2
[] Hand: [ST36-005,P-088,OP11-101,OP10-109]
[] Trash: [P-088,OP10-109,ST36-004]
[] Board: [OP15-105,ST36-005]
[] Life: 4
[You] End Turn
[] Hand: [ST36-005,P-088,OP11-101,OP10-109]
[] Board: [OP15-105,ST36-005]
[] Trash: [P-088,OP10-109,ST36-004]
[] Life: 4
[] Hand: [OP13-098,OP13-082,OP13-098,OP13-084,OP14-096]
[] Trash: [OP16-093,OP13-089,OP16-093,OP13-086,OP14-096,OP13-092,OP13-083,OP13-096,OP13-080,OP13-080,OP05-097,OP13-080,OP13-084,OP13-096,OP13-098,OP13-092,OP14-096,OP13-084]
[] Board: [OP13-086,OP16-093,OP13-091]
[] Life: 2
RZ1|256|2|Don|9|9900|5|0|1|1|1|0|0
RZ1|CHK|256|2|37|4|2|4|4|6|3|0|1|0
[Opponent] Draw 1 Card
[] Drew card from deck: The Pirate King Is Just The Freest Man on the Sea!!! ["OP13-116">OP13-116]
RZ1|257|2|OP13-116|0|36|1|4|1|1|0|0|0
RZ1|CHK|257|2|36|5|2|4|4|6|3|0|1|0
RZ1|258|2|Don|4|3|5|6|1|1|0|0|0
RZ1|CHK|258|2|36|5|2|4|3|7|3|0|1|0
RZ1|259|2|Don|4|2|5|7|1|1|0|0|0
RZ1|CHK|259|2|36|5|2|4|2|8|3|0|1|0
[Opponent] Draw 2 Don
[Opponent] The Pirate King Is Just The Freest Man on the Sea!!! ["OP13-116">OP13-116]: Rest 1 Don
RZ1|260|2|Don|5|0|5|0|1|1|1|0|0
RZ1|CHK|260|2|36|5|2|4|2|8|3|0|1|0
RZ1|261|2|OP13-116|1|4|6|3|1|1|0|0|0
RZ1|CHK|261|2|36|4|2|4|2|8|4|0|1|0
RZ1|262|2|ST36-002|0|32|1|4|1|1|0|0|0
RZ1|CHK|262|2|35|5|2|4|2|8|4|0|1|0
[Opponent] The Pirate King Is Just The Freest Man on the Sea!!! ["OP13-116">OP13-116]: <b>Reveal and Draw Killer ["ST36-002">ST36-002]</b>
[Opponent] Placing Cards on Bottom of Deck
RZ1|263|2|ST36-005|0|34|0|0|0|0|0|0|0
RZ1|CHK|263|2|35|5|2|4|2|8|4|0|1|0
RZ1|264|2|OP10-111|0|34|0|0|0|0|0|0|0
RZ1|CHK|264|2|35|5|2|4|2|8|4|0|1|0
RZ1|265|2|OP12-117|0|34|0|0|0|0|0|0|0
RZ1|CHK|265|2|35|5|2|4|2|8|4|0|1|0
RZ1|266|2|OP13-116|0|34|0|0|0|0|0|0|0
RZ1|CHK|266|2|35|5|2|4|2|8|4|0|1|0
RZ1|267|2|Don|5|1|5|1|1|1|1|0|0
RZ1|CHK|267|2|35|5|2|4|2|8|4|0|1|0
RZ1|268|2|Don|5|2|5|2|1|1|1|0|0
RZ1|CHK|268|2|35|5|2|4|2|8|4|0|1|0
RZ1|269|2|Don|5|3|5|3|1|1|1|0|0
RZ1|CHK|269|2|35|5|2|4|2|8|4|0|1|0
RZ1|270|2|Don|5|4|5|4|1|1|1|0|0
RZ1|CHK|270|2|35|5|2|4|2|8|4|0|1|0
[Opponent] Deploy Basil Hawkins ["OP10-109">OP10-109]
RZ1|271|2|OP10-109|1|3|2|2|1|1|0|0|0
RZ1|CHK|271|2|35|4|3|4|2|8|4|0|1|0
[Opponent] Eustass "Captain" Kid ["ST36-005">ST36-005]: Flip 1 Life Face Up
RZ1|272|2|ST36-004|3|3|3|3|1|1|0|0|0
RZ1|CHK|272|2|35|4|3|4|2|8|4|0|1|0
[Opponent] Eustass "Captain" Kid ["ST36-005">ST36-005]: Attach 1 Rested Don to Eustass "Captain" Kid ["OP10-099">OP10-099]
RZ1|273|2|Don|5|0|9|9900|1|1|1|0|0
RZ1|CHK|273|2|35|4|3|4|2|7|4|0|1|1
[Opponent] Eustass "Captain" Kid ["ST36-005">ST36-005] attacking Imu ["OP13-079">OP13-079]
[You] St. Marcus Mars ["OP13-091">OP13-091] Blocks
[You] Ground Death ["OP14-096">OP14-096]: Activate Counter
[You] Ground Death ["OP14-096">OP14-096]: Rest 1 Don
RZ1|274|1|Don|5|3|5|3|1|1|1|0|0
RZ1|CHK|274|1|21|5|3|2|3|5|18|1|1|2
RZ1|275|1|OP14-096|1|4|6|18|1|1|0|0|0
RZ1|CHK|275|1|21|4|3|2|3|5|19|1|1|2
[You] Ground Death ["OP14-096">OP14-096]: Buff St. Marcus Mars ["OP13-091">OP13-091] 4000 for the Combat
Eustass "Captain" Kid ["ST36-005">ST36-005][7000] vs St. Marcus Mars ["OP13-091">OP13-091][9000]
Attack Fails
[Opponent] Attach 1 Don to Eustass "Captain" Kid ["OP10-099">OP10-099] (2 Total)
RZ1|276|2|Don|5|6|9|9901|1|1|0|0|0
RZ1|CHK|276|2|35|4|3|4|2|6|4|0|1|2
[Opponent] Attach 1 Don to Eustass "Captain" Kid ["OP10-099">OP10-099] (3 Total)
RZ1|277|2|Don|5|5|9|9902|1|1|0|0|0
RZ1|CHK|277|2|35|4|3|4|2|5|4|0|1|3
[Opponent] Eustass "Captain" Kid ["OP10-099">OP10-099] attacking Imu ["OP13-079">OP13-079]
[You] ...Never Existed... ["OP13-098">OP13-098]: Activate Counter
[You] ...Never Existed... ["OP13-098">OP13-098]: Rest 1 Don
RZ1|278|1|Don|5|4|5|4|1|1|1|0|0
RZ1|CHK|278|1|21|4|3|2|3|5|19|1|1|2
RZ1|279|1|OP13-098|1|0|6|19|1|1|0|0|0
RZ1|CHK|279|1|21|3|3|2|3|5|20|1|1|2
[You] ...Never Existed... ["OP13-098">OP13-098]: Buff Imu ["OP13-079">OP13-079] 4000 for the Combat
Eustass "Captain" Kid ["OP10-099">OP10-099][8000] vs Imu ["OP13-079">OP13-079][9000]
Attack Fails
[] Hand: [ST36-005,P-088,OP11-101,ST36-002]
[] Board: [OP15-105,ST36-005,OP10-109]
[] Trash: [P-088,OP10-109,ST36-004,OP13-116]
[] Life: 4
[] Hand: [OP13-082,OP13-098,OP13-084]
[] Trash: [OP16-093,OP13-089,OP16-093,OP13-086,OP14-096,OP13-092,OP13-083,OP13-096,OP13-080,OP13-080,OP05-097,OP13-080,OP13-084,OP13-096,OP13-098,OP13-092,OP14-096,OP13-084,OP14-096,OP13-098]
[] Board: [OP13-086,OP16-093,OP13-091]
[] Life: 2
[Opponent] End Turn
[] Hand: [OP13-082,OP13-098,OP13-084]
[] Board: [OP13-086,OP16-093,OP13-091]
[] Trash: [OP16-093,OP13-089,OP16-093,OP13-086,OP14-096,OP13-092,OP13-083,OP13-096,OP13-080,OP13-080,OP05-097,OP13-080,OP13-084,OP13-096,OP13-098,OP13-092,OP14-096,OP13-084,OP14-096,OP13-098]
[] Life: 2
[] Hand: [ST36-005,P-088,OP11-101,ST36-002]
[] Trash: [P-088,OP10-109,ST36-004,OP13-116]
[] Board: [OP15-105,ST36-005,OP10-109]
[] Life: 4
RZ1|280|1|Don|9|9900|5|0|1|1|1|0|0
RZ1|CHK|280|1|21|3|3|2|3|6|20|1|1|1
RZ1|281|1|Don|9|100|5|0|1|1|1|0|0
RZ1|CHK|281|1|21|3|3|2|3|7|20|1|1|0
[You] Draw 1 Card
[] Drew card from deck: St. Topman Warcury ["OP13-089">OP13-089]
RZ1|282|1|OP13-089|0|20|1|3|1|1|0|0|0
RZ1|CHK|282|1|20|4|3|2|3|7|20|1|1|0
RZ1|283|1|Don|4|2|5|7|1|1|0|0|0
RZ1|CHK|283|1|20|4|3|2|2|8|20|1|1|0
RZ1|284|1|Don|4|1|5|8|1|1|0|0|0
RZ1|CHK|284|1|20|4|3|2|1|9|20|1|1|0
[You] Draw 2 Don
RZ1|285|1|Don|5|0|9|9900|1|1|0|0|0
RZ1|CHK|285|1|20|4|3|2|1|8|20|1|1|1
RZ1|286|1|Don|5|0|9|9901|1|1|0|0|0
RZ1|CHK|286|1|20|4|3|2|1|7|20|1|1|2
RZ1|287|1|Don|5|0|9|9902|1|1|0|0|0
RZ1|CHK|287|1|20|4|3|2|1|6|20|1|1|3
[You] Attach 3 Don to Imu ["OP13-079">OP13-079] (3 Total)
[You] Imu ["OP13-079">OP13-079] attacking Eustass "Captain" Kid ["OP10-099">OP10-099]
[Opponent] Eustass "Captain" Kid ["ST36-005">ST36-005]: Flip Life Bartolomeo ["ST36-004">ST36-004] Face Down
RZ1|288|2|ST36-004|3|3|3|3|0|1|0|0|0
RZ1|CHK|288|2|35|4|3|4|2|5|4|0|1|3
[Opponent] Eustass "Captain" Kid ["ST36-005">ST36-005]: Target of Attack changed to Eustass "Captain" Kid ["ST36-005">ST36-005]
[Opponent] Discard Trafalgar Law ["P-088">P-088] for Counter 2000
RZ1|289|2|P-088|1|1|6|4|1|1|0|0|0
RZ1|CHK|289|2|35|3|3|4|2|5|5|0|1|3
[Opponent] Discard Capone "Gang" Bege ["OP11-101">OP11-101] for Counter 1000
RZ1|290|2|OP11-101|1|1|6|5|1|1|0|0|0
RZ1|CHK|290|2|35|2|3|4|2|5|6|0|1|3
Imu ["OP13-079">OP13-079][9000] vs Eustass "Captain" Kid ["ST36-005">ST36-005][10000]
Attack Fails
[You] The Empty Throne ["OP13-099">OP13-099]: Rest 3 Don
RZ1|291|1|Don|5|0|5|0|1|1|1|0|0
RZ1|CHK|291|1|20|4|3|2|1|6|20|1|1|3
RZ1|292|1|Don|5|1|5|1|1|1|1|0|0
RZ1|CHK|292|1|20|4|3|2|1|6|20|1|1|3
RZ1|293|1|Don|5|2|5|2|1|1|1|0|0
RZ1|CHK|293|1|20|4|3|2|1|6|20|1|1|3
[You] The Empty Throne ["OP13-099">OP13-099]: Rest The Empty Throne ["OP13-099">OP13-099]
RZ1|294|1|OP13-089|1|3|2|3|1|1|0|0|0
RZ1|CHK|294|1|20|3|4|2|1|6|20|1|1|3
[You] The Empty Throne ["OP13-099">OP13-099]: Deploy St. Topman Warcury ["OP13-089">OP13-089]
RZ1|295|1|Don|5|3|9|100|1|1|0|0|0
RZ1|CHK|295|1|20|3|4|2|1|5|20|1|1|4
[You] Attach 1 Don to Bartholomew Kuma ["OP16-093">OP16-093] (1 Total)
[You] Bartholomew Kuma ["OP16-093">OP16-093] attacking Eustass "Captain" Kid ["OP10-099">OP10-099]
Bartholomew Kuma ["OP16-093">OP16-093][5000] vs Eustass "Captain" Kid ["OP10-099">OP10-099][5000]
Eustass "Captain" Kid ["OP10-099">OP10-099] hit for 1 damage
RZ1|296|2|ST36-004|3|3|1|2|1|1|0|0|0
RZ1|CHK|296|2|35|3|3|3|2|5|6|0|1|3
[You] St. Marcus Mars ["OP13-091">OP13-091] attacking Eustass "Captain" Kid ["OP10-099">OP10-099]
[Opponent] Discard Bartolomeo ["ST36-004">ST36-004] for Counter 1000
RZ1|297|2|ST36-004|1|2|6|6|1|1|0|0|0
RZ1|CHK|297|2|35|2|3|3|2|5|7|0|1|3
St. Marcus Mars ["OP13-091">OP13-091][5000] vs Eustass "Captain" Kid ["OP10-099">OP10-099][6000]
Attack Fails
[] Hand: [OP13-082,OP13-098,OP13-084]
[] Board: [OP13-086,OP16-093,OP13-091,OP13-089]
[] Trash: [OP16-093,OP13-089,OP16-093,OP13-086,OP14-096,OP13-092,OP13-083,OP13-096,OP13-080,OP13-080,OP05-097,OP13-080,OP13-084,OP13-096,OP13-098,OP13-092,OP14-096,OP13-084,OP14-096,OP13-098]
[] Life: 2
[] Hand: [ST36-005,ST36-002]
[] Trash: [P-088,OP10-109,ST36-004,OP13-116,P-088,OP11-101,ST36-004]
[] Board: [OP15-105,ST36-005,OP10-109]
[] Life: 3
[You] End Turn
[] Hand: [ST36-005,ST36-002]
[] Board: [OP15-105,ST36-005,OP10-109]
[] Trash: [P-088,OP10-109,ST36-004,OP13-116,P-088,OP11-101,ST36-004]
[] Life: 3
[] Hand: [OP13-082,OP13-098,OP13-084]
[] Trash: [OP16-093,OP13-089,OP16-093,OP13-086,OP14-096,OP13-092,OP13-083,OP13-096,OP13-080,OP13-080,OP05-097,OP13-080,OP13-084,OP13-096,OP13-098,OP13-092,OP14-096,OP13-084,OP14-096,OP13-098]
[] Board: [OP13-086,OP16-093,OP13-091,OP13-089]
[] Life: 2
RZ1|298|2|Don|9|9900|5|0|1|1|1|0|0
RZ1|CHK|298|2|35|2|3|3|2|6|7|0|1|2
RZ1|299|2|Don|9|9900|5|0|1|1|1|0|0
RZ1|CHK|299|2|35|2|3|3|2|7|7|0|1|1
RZ1|300|2|Don|9|9900|5|0|1|1|1|0|0
RZ1|CHK|300|2|35|2|3|3|2|8|7|0|1|0
[Opponent] Draw 1 Card
[] Drew card from deck: Trafalgar Law ["P-088">P-088]
RZ1|301|2|P-088|0|34|1|2|1|1|0|0|0
RZ1|CHK|301|2|34|3|3|3|2|8|7|0|1|0
RZ1|302|2|Don|4|1|5|8|1|1|0|0|0
RZ1|CHK|302|2|34|3|3|3|1|9|7|0|1|0
RZ1|303|2|Don|4|0|5|9|1|1|0|0|0
RZ1|CHK|303|2|34|3|3|3|0|10|7|0|1|0
[Opponent] Draw 2 Don
RZ1|304|2|Don|5|0|5|0|1|1|1|0|0
RZ1|CHK|304|2|34|3|3|3|0|10|7|0|1|0
RZ1|305|2|Don|5|1|5|1|1|1|1|0|0
RZ1|CHK|305|2|34|3|3|3|0|10|7|0|1|0
RZ1|306|2|Don|5|2|5|2|1|1|1|0|0
RZ1|CHK|306|2|34|3|3|3|0|10|7|0|1|0
RZ1|307|2|Don|5|3|5|3|1|1|1|0|0
RZ1|CHK|307|2|34|3|3|3|0|10|7|0|1|0
[Opponent] Deploy Killer ["ST36-002">ST36-002]
RZ1|308|2|ST36-002|1|1|2|3|1|1|0|0|0
RZ1|CHK|308|2|34|2|4|3|0|10|7|0|1|0
[Opponent] Killer ["ST36-002">ST36-002]: Add card to top of Life from Deck
RZ1|309|2|ST36-003|0|33|3|3|0|1|0|0|0
RZ1|CHK|309|2|33|2|4|4|0|10|7|0|1|0
[Opponent] Attach 3 Don to Jewelry Bonney ["OP15-105">OP15-105] (3 Total)
RZ1|310|2|Don|5|4|9|0|1|1|0|0|0
RZ1|CHK|310|2|33|2|4|4|0|9|7|0|1|1
RZ1|311|2|Don|5|4|9|1|1|1|0|0|0
RZ1|CHK|311|2|33|2|4|4|0|8|7|0|1|2
RZ1|312|2|Don|5|4|9|2|1|1|0|0|0
RZ1|CHK|312|2|33|2|4|4|0|7|7|0|1|3
[Opponent] Jewelry Bonney ["OP15-105">OP15-105] attacking Imu ["OP13-079">OP13-079]
[You] St. Topman Warcury ["OP13-089">OP13-089] Blocks
[You] Discard St. Shepherd Ju Peter ["OP13-084">OP13-084] for Counter 2000
RZ1|313|1|OP13-084|1|2|6|20|1|1|0|0|0
RZ1|CHK|313|1|20|2|4|2|1|5|21|1|1|4
Jewelry Bonney ["OP15-105">OP15-105][5000] vs St. Topman Warcury ["OP13-089">OP13-089][7000]
Attack Fails
[Opponent] Attach 1 Don to Basil Hawkins ["OP10-109">OP10-109] (1 Total)
RZ1|314|2|Don|5|6|9|200|1|1|0|0|0
RZ1|CHK|314|2|33|2|4|4|0|6|7|0|1|4
[Opponent] Basil Hawkins ["OP10-109">OP10-109] attacking Imu ["OP13-079">OP13-079]
[You] ...Never Existed... ["OP13-098">OP13-098]: Activate Counter
[You] ...Never Existed... ["OP13-098">OP13-098]: Rest 1 Don
RZ1|315|1|Don|5|3|5|3|1|1|1|0|0
RZ1|CHK|315|1|20|2|4|2|1|5|21|1|1|4
RZ1|316|1|OP13-098|1|1|6|21|1|1|0|0|0
RZ1|CHK|316|1|20|1|4|2|1|5|22|1|1|4
[You] ...Never Existed... ["OP13-098">OP13-098]: Buff St. Shalria ["OP13-086">OP13-086] 4000 for the Combat
Basil Hawkins ["OP10-109">OP10-109][6000] vs Imu ["OP13-079">OP13-079][5000]
Imu ["OP13-079">OP13-079] hit for 1 damage
RZ1|317|1|OP13-082|3|1|1|1|1|1|0|0|0
RZ1|CHK|317|1|20|2|4|1|1|5|22|1|1|4
[Opponent] Eustass "Captain" Kid ["ST36-005">ST36-005]: Flip 1 Life Face Up
RZ1|318|2|ST36-003|3|3|3|3|1|1|0|0|0
RZ1|CHK|318|2|33|2|4|4|0|6|7|0|1|4
[Opponent] Eustass "Captain" Kid ["ST36-005">ST36-005]: Attach 1 Rested Don to Eustass "Captain" Kid ["OP10-099">OP10-099]
RZ1|319|2|Don|5|0|9|9900|1|1|1|0|0
RZ1|CHK|319|2|33|2|4|4|0|5|7|0|1|5
[Opponent] Attach 1 Don to Eustass "Captain" Kid ["OP10-099">OP10-099] (2 Total)
RZ1|320|2|Don|5|4|9|9901|1|1|0|0|0
RZ1|CHK|320|2|33|2|4|4|0|4|7|0|1|6
[Opponent] Eustass "Captain" Kid ["OP10-099">OP10-099] attacking Imu ["OP13-079">OP13-079]
Eustass "Captain" Kid ["OP10-099">OP10-099][7000] vs Imu ["OP13-079">OP13-079][5000]
Imu ["OP13-079">OP13-079] hit for 1 damage
RZ1|321|1|OP13-089|3|0|1|2|1|1|0|0|0
RZ1|CHK|321|1|20|3|4|0|1|5|22|1|1|4
[Opponent] Attach 1 Don to Eustass "Captain" Kid ["ST36-005">ST36-005] (1 Total)
RZ1|322|2|Don|5|3|9|100|1|1|0|0|0
RZ1|CHK|322|2|33|2|4|4|0|3|7|0|1|7
[Opponent] Eustass "Captain" Kid ["ST36-005">ST36-005] attacking Imu ["OP13-079">OP13-079]
Eustass "Captain" Kid ["ST36-005">ST36-005][8000] vs Imu ["OP13-079">OP13-079][5000]
Imu ["OP13-079">OP13-079] hit for 1 damage
[You] <b>Downloaded the Combat Log!</b>
GameOver
