Version is 1.41b.18
[You] Leader is Imu ["OP13-079">OP13-079]
RZ1|HDR|1.41b|2|RZ1
RZ1|PLY|1||OP13-079
RZ1|PLY|2||
[Opponent] Leader is Donquixote Doflamingo ["OP04-019">OP04-019]
RZ1|1|2|OP10-065|0|14|0|0|0|0|0|0|0
RZ1|CHK|1|2|50|0|0|0|10|0|0|0|1|0
RZ1|2|2|OP04-024|0|3|0|1|0|0|0|0|0
RZ1|CHK|2|2|50|0|0|0|10|0|0|0|1|0
RZ1|3|2|OP10-071|0|26|0|2|0|0|0|0|0
RZ1|CHK|3|2|50|0|0|0|10|0|0|0|1|0
RZ1|4|2|OP04-029|0|8|0|3|0|0|0|0|0
RZ1|CHK|4|2|50|0|0|0|10|0|0|0|1|0
RZ1|5|2|OP04-024|0|7|0|4|0|0|0|0|0
RZ1|CHK|5|2|50|0|0|0|10|0|0|0|1|0
RZ1|6|2|OP14-069|0|30|0|5|0|0|0|0|0
RZ1|CHK|6|2|50|0|0|0|10|0|0|0|1|0
RZ1|7|2|OP05-034|0|7|0|6|0|0|0|0|0
RZ1|CHK|7|2|50|0|0|0|10|0|0|0|1|0
RZ1|8|2|OP04-029|0|11|0|7|0|0|0|0|0
RZ1|CHK|8|2|50|0|0|0|10|0|0|0|1|0
RZ1|9|2|OP05-040|0|49|0|8|0|0|0|0|0
RZ1|CHK|9|2|50|0|0|0|10|0|0|0|1|0
RZ1|10|2|OP04-031|0|14|0|9|0|0|0|0|0
RZ1|CHK|10|2|50|0|0|0|10|0|0|0|1|0
RZ1|11|2|OP04-037|0|44|0|10|0|0|0|0|0
RZ1|CHK|11|2|50|0|0|0|10|0|0|0|1|0
RZ1|12|2|OP14-061|0|28|0|11|0|0|0|0|0
RZ1|CHK|12|2|50|0|0|0|10|0|0|0|1|0
RZ1|13|2|OP04-035|0|44|0|12|0|0|0|0|0
RZ1|CHK|13|2|50|0|0|0|10|0|0|0|1|0
RZ1|14|2|OP04-035|0|42|0|13|0|0|0|0|0
RZ1|CHK|14|2|50|0|0|0|10|0|0|0|1|0
RZ1|15|2|OP05-038|0|47|0|14|0|0|0|0|0
RZ1|CHK|15|2|50|0|0|0|10|0|0|0|1|0
RZ1|16|2|OP10-072|0|28|0|15|0|0|0|0|0
RZ1|CHK|16|2|50|0|0|0|10|0|0|0|1|0
RZ1|17|2|OP10-065|0|23|0|16|0|0|0|0|0
RZ1|CHK|17|2|50|0|0|0|10|0|0|0|1|0
RZ1|18|2|OP14-069|0|35|0|17|0|0|0|0|0
RZ1|CHK|18|2|50|0|0|0|10|0|0|0|1|0
RZ1|19|2|OP10-062|0|26|0|18|0|0|0|0|0
RZ1|CHK|19|2|50|0|0|0|10|0|0|0|1|0
RZ1|20|2|OP04-031|0|25|0|19|0|0|0|0|0
RZ1|CHK|20|2|50|0|0|0|10|0|0|0|1|0
RZ1|21|2|OP14-078|0|49|0|20|0|0|0|0|0
RZ1|CHK|21|2|50|0|0|0|10|0|0|0|1|0
RZ1|22|2|OP04-024|0|23|0|21|0|0|0|0|0
RZ1|CHK|22|2|50|0|0|0|10|0|0|0|1|0
RZ1|23|2|EB01-019|0|44|0|22|0|0|0|0|0
RZ1|CHK|23|2|50|0|0|0|10|0|0|0|1|0
RZ1|24|2|OP04-024|0|24|0|23|0|0|0|0|0
RZ1|CHK|24|2|50|0|0|0|10|0|0|0|1|0
RZ1|25|2|OP04-029|0|26|0|24|0|0|0|0|0
RZ1|CHK|25|2|50|0|0|0|10|0|0|0|1|0
RZ1|26|2|OP12-037|0|40|0|25|0|0|0|0|0
RZ1|CHK|26|2|50|0|0|0|10|0|0|0|1|0
RZ1|27|2|EB01-019|0|44|0|26|0|0|0|0|0
RZ1|CHK|27|2|50|0|0|0|10|0|0|0|1|0
RZ1|28|2|OP05-037|0|40|0|27|0|0|0|0|0
RZ1|CHK|28|2|50|0|0|0|10|0|0|0|1|0
RZ1|29|2|OP10-062|0|31|0|28|0|0|0|0|0
RZ1|CHK|29|2|50|0|0|0|10|0|0|0|1|0
RZ1|30|2|EB01-019|0|44|0|29|0|0|0|0|0
RZ1|CHK|30|2|50|0|0|0|10|0|0|0|1|0
RZ1|31|2|OP04-035|0|46|0|30|0|0|0|0|0
RZ1|CHK|31|2|50|0|0|0|10|0|0|0|1|0
RZ1|32|2|OP10-062|0|34|0|31|0|0|0|0|0
RZ1|CHK|32|2|50|0|0|0|10|0|0|0|1|0
RZ1|33|2|OP14-061|0|39|0|32|0|0|0|0|0
RZ1|CHK|33|2|50|0|0|0|10|0|0|0|1|0
RZ1|34|2|OP14-078|0|49|0|33|0|0|0|0|0
RZ1|CHK|34|2|50|0|0|0|10|0|0|0|1|0
RZ1|35|2|OP10-072|0|38|0|34|0|0|0|0|0
RZ1|CHK|35|2|50|0|0|0|10|0|0|0|1|0
RZ1|36|2|OP04-031|0|37|0|35|0|0|0|0|0
RZ1|CHK|36|2|50|0|0|0|10|0|0|0|1|0
RZ1|37|2|OP10-071|0|41|0|37|0|0|0|0|0
RZ1|CHK|37|2|50|0|0|0|10|0|0|0|1|0
RZ1|38|2|OP04-037|0|48|0|39|0|0|0|0|0
RZ1|CHK|38|2|50|0|0|0|10|0|0|0|1|0
RZ1|39|2|OP14-069|0|44|0|40|0|0|0|0|0
RZ1|CHK|39|2|50|0|0|0|10|0|0|0|1|0
RZ1|40|2|OP04-035|0|48|0|41|0|0|0|0|0
RZ1|CHK|40|2|50|0|0|0|10|0|0|0|1|0
RZ1|41|2|OP14-061|0|44|0|42|0|0|0|0|0
RZ1|CHK|41|2|50|0|0|0|10|0|0|0|1|0
RZ1|42|2|OP05-037|0|46|0|44|0|0|0|0|0
RZ1|CHK|42|2|50|0|0|0|10|0|0|0|1|0
RZ1|43|2|EB01-019|0|48|0|46|0|0|0|0|0
RZ1|CHK|43|2|50|0|0|0|10|0|0|0|1|0
RZ1|44|2|OP04-037|0|49|0|48|0|0|0|0|0
RZ1|CHK|44|2|50|0|0|0|10|0|0|0|1|0
RZ1|45|1|OP13-099|0|10|7|0|1|1|0|0|0
RZ1|CHK|45|1|49|0|0|0|10|0|0|1|1|0
[You] Imu ["OP13-079">OP13-079]: Deploy The Empty Throne ["OP13-099">OP13-099]
RZ1|46|1|OP13-098|0|13|0|0|0|0|0|0|0
RZ1|CHK|46|1|49|0|0|0|10|0|0|1|1|0
RZ1|47|1|OP13-096|0|28|0|1|0|0|0|0|0
RZ1|CHK|47|1|49|0|0|0|10|0|0|1|1|0
RZ1|48|1|OP13-089|0|11|0|2|0|0|0|0|0
RZ1|CHK|48|1|49|0|0|0|10|0|0|1|1|0
RZ1|49|1|OP13-091|0|42|0|3|0|0|0|0|0
RZ1|CHK|49|1|49|0|0|0|10|0|0|1|1|0
RZ1|50|1|OP13-083|0|10|0|4|0|0|0|0|0
RZ1|CHK|50|1|49|0|0|0|10|0|0|1|1|0
RZ1|51|1|OP13-098|0|37|0|5|0|0|0|0|0
RZ1|CHK|51|1|49|0|0|0|10|0|0|1|1|0
RZ1|52|1|OP16-093|0|39|0|6|0|0|0|0|0
RZ1|CHK|52|1|49|0|0|0|10|0|0|1|1|0
RZ1|53|1|OP16-093|0|23|0|7|0|0|0|0|0
RZ1|CHK|53|1|49|0|0|0|10|0|0|1|1|0
RZ1|54|1|OP14-096|0|32|0|8|0|0|0|0|0
RZ1|CHK|54|1|49|0|0|0|10|0|0|1|1|0
RZ1|55|1|OP13-082|0|41|0|9|0|0|0|0|0
RZ1|CHK|55|1|49|0|0|0|10|0|0|1|1|0
RZ1|56|1|OP14-096|0|15|0|10|0|0|0|0|0
RZ1|CHK|56|1|49|0|0|0|10|0|0|1|1|0
RZ1|57|1|OP13-096|0|46|0|11|0|0|0|0|0
RZ1|CHK|57|1|49|0|0|0|10|0|0|1|1|0
RZ1|58|1|OP13-092|0|28|0|12|0|0|0|0|0
RZ1|CHK|58|1|49|0|0|0|10|0|0|1|1|0
RZ1|59|1|OP16-093|0|35|0|13|0|0|0|0|0
RZ1|CHK|59|1|49|0|0|0|10|0|0|1|1|0
RZ1|60|1|OP13-080|0|21|0|14|0|0|0|0|0
RZ1|CHK|60|1|49|0|0|0|10|0|0|1|1|0
RZ1|61|1|OP13-091|0|19|0|15|0|0|0|0|0
RZ1|CHK|61|1|49|0|0|0|10|0|0|1|1|0
RZ1|62|1|OP13-084|0|28|0|16|0|0|0|0|0
RZ1|CHK|62|1|49|0|0|0|10|0|0|1|1|0
RZ1|63|1|OP16-093|0|36|0|17|0|0|0|0|0
RZ1|CHK|63|1|49|0|0|0|10|0|0|1|1|0
RZ1|64|1|OP13-084|0|24|0|18|0|0|0|0|0
RZ1|CHK|64|1|49|0|0|0|10|0|0|1|1|0
RZ1|65|1|OP13-082|0|35|0|19|0|0|0|0|0
RZ1|CHK|65|1|49|0|0|0|10|0|0|1|1|0
RZ1|66|1|OP13-086|0|38|0|20|0|0|0|0|0
RZ1|CHK|66|1|49|0|0|0|10|0|0|1|1|0
RZ1|67|1|OP13-089|0|25|0|21|0|0|0|0|0
RZ1|CHK|67|1|49|0|0|0|10|0|0|1|1|0
RZ1|68|1|OP13-080|0|43|0|22|0|0|0|0|0
RZ1|CHK|68|1|49|0|0|0|10|0|0|1|1|0
RZ1|69|1|OP13-092|0|29|0|23|0|0|0|0|0
RZ1|CHK|69|1|49|0|0|0|10|0|0|1|1|0
RZ1|70|1|OP05-097|0|44|0|25|0|0|0|0|0
RZ1|CHK|70|1|49|0|0|0|10|0|0|1|1|0
RZ1|71|1|OP13-084|0|37|0|26|0|0|0|0|0
RZ1|CHK|71|1|49|0|0|0|10|0|0|1|1|0
RZ1|72|1|OP13-080|0|28|0|27|0|0|0|0|0
RZ1|CHK|72|1|49|0|0|0|10|0|0|1|1|0
RZ1|73|1|OP14-096|0|39|0|28|0|0|0|0|0
RZ1|CHK|73|1|49|0|0|0|10|0|0|1|1|0
RZ1|74|1|OP13-092|0|44|0|29|0|0|0|0|0
RZ1|CHK|74|1|49|0|0|0|10|0|0|1|1|0
RZ1|75|1|OP13-080|0|34|0|31|0|0|0|0|0
RZ1|CHK|75|1|49|0|0|0|10|0|0|1|1|0
RZ1|76|1|OP13-096|0|38|0|32|0|0|0|0|0
RZ1|CHK|76|1|49|0|0|0|10|0|0|1|1|0
RZ1|77|1|OP13-098|0|40|0|33|0|0|0|0|0
RZ1|CHK|77|1|49|0|0|0|10|0|0|1|1|0
RZ1|78|1|OP13-082|0|47|0|34|0|0|0|0|0
RZ1|CHK|78|1|49|0|0|0|10|0|0|1|1|0
RZ1|79|1|OP13-091|0|40|0|35|0|0|0|0|0
RZ1|CHK|79|1|49|0|0|0|10|0|0|1|1|0
RZ1|80|1|OP13-086|0|45|0|36|0|0|0|0|0
RZ1|CHK|80|1|49|0|0|0|10|0|0|1|1|0
RZ1|81|1|OP13-091|0|45|0|37|0|0|0|0|0
RZ1|CHK|81|1|49|0|0|0|10|0|0|1|1|0
RZ1|82|1|OP13-089|0|41|0|38|0|0|0|0|0
RZ1|CHK|82|1|49|0|0|0|10|0|0|1|1|0
RZ1|83|1|OP13-089|0|45|0|39|0|0|0|0|0
RZ1|CHK|83|1|49|0|0|0|10|0|0|1|1|0
RZ1|84|1|OP13-096|0|46|0|40|0|0|0|0|0
RZ1|CHK|84|1|49|0|0|0|10|0|0|1|1|0
RZ1|85|1|OP13-098|0|48|0|41|0|0|0|0|0
RZ1|CHK|85|1|49|0|0|0|10|0|0|1|1|0
RZ1|86|1|OP13-083|0|43|0|42|0|0|0|0|0
RZ1|CHK|86|1|49|0|0|0|10|0|0|1|1|0
RZ1|87|1|OP13-086|0|48|0|44|0|0|0|0|0
RZ1|CHK|87|1|49|0|0|0|10|0|0|1|1|0
RZ1|88|1|OP13-083|0|47|0|45|0|0|0|0|0
RZ1|CHK|88|1|49|0|0|0|10|0|0|1|1|0
[] Drew card from deck: St. Jaygarcia Saturn ["OP13-083">OP13-083]
RZ1|89|1|OP13-083|0|48|1|0|1|1|0|0|0
RZ1|CHK|89|1|48|1|0|0|10|0|0|1|1|0
[] Drew card from deck: St. Mjosgard ["OP13-092">OP13-092]
RZ1|90|1|OP13-092|0|47|1|1|1|1|0|0|0
RZ1|CHK|90|1|47|2|0|0|10|0|0|1|1|0
[] Drew card from deck: Ground Death ["OP14-096">OP14-096]
RZ1|91|1|OP14-096|0|46|1|2|1|1|0|0|0
RZ1|CHK|91|1|46|3|0|0|10|0|0|1|1|0
[] Drew card from deck: St. Jaygarcia Saturn ["OP13-083">OP13-083]
RZ1|92|1|OP13-083|0|45|1|3|1|1|0|0|0
RZ1|CHK|92|1|45|4|0|0|10|0|0|1|1|0
[] Drew card from deck: St. Shalria ["OP13-086">OP13-086]
RZ1|93|1|OP13-086|0|44|1|4|1|1|0|0|0
RZ1|CHK|93|1|44|5|0|0|10|0|0|1|1|0
[] Drew card from deck: Demonic Aura Nine-Sword Style Asura Dead Man's Game ["OP12-037">OP12-037]
RZ1|94|2|OP12-037|0|49|1|0|1|1|0|0|0
RZ1|CHK|94|2|49|1|0|0|10|0|0|0|1|0
[] Drew card from deck: Flap Thread ["OP04-037">OP04-037]
RZ1|95|2|OP04-037|0|48|1|1|1|1|0|0|0
RZ1|CHK|95|2|48|2|0|0|10|0|0|0|1|0
[] Drew card from deck: Donquixote Doflamingo ["OP10-071">OP10-071]
RZ1|96|2|OP10-071|0|47|1|2|1|1|0|0|0
RZ1|CHK|96|2|47|3|0|0|10|0|0|0|1|0
[] Drew card from deck: Off White ["EB01-019">EB01-019]
RZ1|97|2|EB01-019|0|46|1|3|1|1|0|0|0
RZ1|CHK|97|2|46|4|0|0|10|0|0|0|1|0
[] Drew card from deck: Donquixote Rosinante ["OP10-072">OP10-072]
RZ1|98|2|OP10-072|0|45|1|4|1|1|0|0|0
RZ1|CHK|98|2|45|5|0|0|10|0|0|0|1|0
RZ1|99|1|OP13-086|0|43|3|0|1|0|0|0|0
RZ1|CHK|99|1|43|5|0|1|10|0|0|1|1|0
RZ1|100|1|OP13-083|0|42|3|1|1|0|0|0|0
RZ1|CHK|100|1|42|5|0|2|10|0|0|1|1|0
RZ1|101|1|OP13-098|0|41|3|2|1|0|0|0|0
RZ1|CHK|101|1|41|5|0|3|10|0|0|1|1|0
RZ1|102|1|OP13-096|0|40|3|3|1|0|0|0|0
RZ1|CHK|102|1|40|5|0|4|10|0|0|1|1|0
RZ1|103|2|OP05-037|0|44|3|0|0|1|0|0|0
RZ1|CHK|103|2|44|5|0|1|10|0|0|0|1|0
RZ1|104|2|OP10-072|0|43|3|1|0|1|0|0|0
RZ1|CHK|104|2|43|5|0|2|10|0|0|0|1|0
RZ1|105|2|OP14-061|0|42|3|2|0|1|0|0|0
RZ1|CHK|105|2|42|5|0|3|10|0|0|0|1|0
RZ1|106|2|OP04-035|0|41|3|3|0|1|0|0|0
RZ1|CHK|106|2|41|5|0|4|10|0|0|0|1|0
[] Hand: [OP13-083,OP13-092,OP14-096,OP13-083,OP13-086]
[] Board: []
[] Trash: []
[] Life: 4
[] Hand: [OP12-037,OP04-037,OP10-071,EB01-019,OP10-072]
[] Trash: []
[] Board: []
[] Life: 4
RZ1|107|1|Don|4|9|5|0|1|1|0|0|0
RZ1|CHK|107|1|40|5|0|4|9|1|0|1|1|0
[You] Draw 1 Don
RZ1|108|1|Don|5|0|5|0|1|1|1|0|0
RZ1|CHK|108|1|40|5|0|4|9|1|0|1|1|0
[You] Deploy St. Shalria ["OP13-086">OP13-086]
RZ1|109|1|OP13-086|1|4|2|0|1|1|0|0|0
RZ1|CHK|109|1|40|4|1|4|9|1|0|1|1|0
RZ1|110|1|OP13-089|0|39|1|4|1|1|0|0|0
RZ1|CHK|110|1|39|5|1|4|9|1|0|1|1|0
[You] St. Shalria ["OP13-086">OP13-086]: <b>Reveal and Draw St. Topman Warcury ["OP13-089">OP13-089]</b>
[You] St. Shalria ["OP13-086">OP13-086]: Trash 2 Remaining Cards
RZ1|111|1|OP13-089|0|38|6|0|1|1|0|0|0
RZ1|CHK|111|1|38|5|1|4|9|1|1|1|1|0
RZ1|112|1|OP13-091|0|37|6|1|1|1|0|0|0
RZ1|CHK|112|1|37|5|1|4|9|1|2|1|1|0
RZ1|113|1|OP13-092|1|1|6|2|1|1|0|0|0
RZ1|CHK|113|1|37|4|1|4|9|1|3|1|1|0
[You] St. Shalria ["OP13-086">OP13-086]: Trash St. Mjosgard ["OP13-092">OP13-092]
RZ1|114|1|OP13-089|1|3|6|3|1|1|0|0|0
RZ1|CHK|114|1|37|3|1|4|9|1|4|1|1|0
[You] Imu ["OP13-079">OP13-079]: Trash St. Topman Warcury ["OP13-089">OP13-089]
[] Drew card from deck: St. Shalria ["OP13-086">OP13-086]
RZ1|115|1|OP13-086|0|36|1|3|1|1|0|0|0
RZ1|CHK|115|1|36|4|1|4|9|1|4|1|1|0
[You] Imu ["OP13-079">OP13-079]: Draw 1 Card
[] Hand: [OP13-083,OP14-096,OP13-083,OP13-086]
[] Board: [OP13-086]
[] Trash: [OP13-089,OP13-091,OP13-092,OP13-089]
[] Life: 4
[] Hand: [OP12-037,OP04-037,OP10-071,EB01-019,OP10-072]
[] Trash: []
[] Board: []
[] Life: 4
[You] End Turn
[] Hand: [OP12-037,OP04-037,OP10-071,EB01-019,OP10-072]
[] Board: []
[] Trash: []
[] Life: 4
[] Hand: [OP13-083,OP14-096,OP13-083,OP13-086]
[] Trash: [OP13-089,OP13-091,OP13-092,OP13-089]
[] Board: [OP13-086]
[] Life: 4
[Opponent] Draw 1 Card
[] Drew card from deck: Donquixote Doflamingo ["OP14-069">OP14-069]
RZ1|116|2|OP14-069|0|40|1|5|1|1|0|0|0
RZ1|CHK|116|2|40|6|0|4|10|0|0|0|1|0
RZ1|117|2|Don|4|9|5|0|1|1|0|0|0
RZ1|CHK|117|2|40|6|0|4|9|1|0|0|1|0
RZ1|118|2|Don|4|8|5|1|1|1|0|0|0
RZ1|CHK|118|2|40|6|0|4|8|2|0|0|1|0
[Opponent] Draw 2 Don
[] Hand: [OP12-037,OP04-037,OP10-071,EB01-019,OP10-072,OP14-069]
[] Board: []
[] Trash: []
[] Life: 4
[] Hand: [OP13-083,OP14-096,OP13-083,OP13-086]
[] Trash: [OP13-089,OP13-091,OP13-092,OP13-089]
[] Board: [OP13-086]
[] Life: 4
[Opponent] End Turn
[] Hand: [OP13-083,OP14-096,OP13-083,OP13-086]
[] Board: [OP13-086]
[] Trash: [OP13-089,OP13-091,OP13-092,OP13-089]
[] Life: 4
[] Hand: [OP12-037,OP04-037,OP10-071,EB01-019,OP10-072,OP14-069]
[] Trash: []
[] Board: []
[] Life: 4
[You] Draw 1 Card
[] Drew card from deck: St. Marcus Mars ["OP13-091">OP13-091]
RZ1|119|1|OP13-091|0|35|1|4|1|1|0|0|0
RZ1|CHK|119|1|35|5|1|4|9|1|4|1|1|0
RZ1|120|1|Don|4|8|5|1|1|1|0|0|0
RZ1|CHK|120|1|35|5|1|4|8|2|4|1|1|0
RZ1|121|1|Don|4|7|5|2|1|1|0|0|0
RZ1|CHK|121|1|35|5|1|4|7|3|4|1|1|0
[You] Draw 2 Don
RZ1|122|1|Don|5|0|5|0|1|1|1|0|0
RZ1|CHK|122|1|35|5|1|4|7|3|4|1|1|0
[You] Deploy St. Shalria ["OP13-086">OP13-086]
RZ1|123|1|OP13-086|1|3|2|1|1|1|0|0|0
RZ1|CHK|123|1|35|4|2|4|7|3|4|1|1|0
RZ1|124|1|OP13-082|0|34|1|4|1|1|0|0|0
RZ1|CHK|124|1|34|5|2|4|7|3|4|1|1|0
[You] St. Shalria ["OP13-086">OP13-086]: <b>Reveal and Draw Five Elders ["OP13-082">OP13-082]</b>
[You] St. Shalria ["OP13-086">OP13-086]: Trash 2 Remaining Cards
RZ1|125|1|OP13-098|0|33|6|4|1|1|0|0|0
RZ1|CHK|125|1|33|5|2|4|7|3|5|1|1|0
RZ1|126|1|OP13-096|0|32|6|5|1|1|0|0|0
RZ1|CHK|126|1|32|5|2|4|7|3|6|1|1|0
RZ1|127|1|OP13-091|1|3|6|6|1|1|0|0|0
RZ1|CHK|127|1|32|4|2|4|7|3|7|1|1|0
[You] St. Shalria ["OP13-086">OP13-086]: Trash St. Marcus Mars ["OP13-091">OP13-091]
RZ1|128|1|Don|5|1|9|9900|1|1|0|0|0
RZ1|CHK|128|1|32|4|2|4|7|2|7|1|1|1
RZ1|129|1|Don|5|1|9|9901|1|1|0|0|0
RZ1|CHK|129|1|32|4|2|4|7|1|7|1|1|2
[You] Attach 2 Don to Imu ["OP13-079">OP13-079] (2 Total)
[You] Imu ["OP13-079">OP13-079] attacking Donquixote Doflamingo ["OP04-019">OP04-019]
[Opponent] Off White ["EB01-019">EB01-019]: Activate Counter
[Opponent] Off White ["EB01-019">EB01-019]: Rest 2 Don
RZ1|130|2|Don|5|0|5|0|1|1|1|0|0
RZ1|CHK|130|2|40|6|0|4|8|2|0|0|1|0
RZ1|131|2|Don|5|1|5|1|1|1|1|0|0
RZ1|CHK|131|2|40|6|0|4|8|2|0|0|1|0
RZ1|132|2|EB01-019|1|3|6|0|1|1|0|0|0
RZ1|CHK|132|2|40|5|0|4|8|2|1|0|1|0
[Opponent] Off White ["EB01-019">EB01-019]: Buff Donquixote Doflamingo ["OP04-019">OP04-019] 4000 for the Combat
RZ1|133|2|OP04-029|0|38|1|5|1|1|0|0|0
RZ1|CHK|133|2|39|6|0|4|8|2|1|0|1|0
[Opponent] Off White ["EB01-019">EB01-019]: <b>Reveal and Draw Dellinger ["OP04-029">OP04-029]</b>
[Opponent] Placing Cards on Bottom of Deck
RZ1|134|2|OP04-037|0|38|0|0|0|0|0|0|0
RZ1|CHK|134|2|39|6|0|4|8|2|1|0|1|0
RZ1|135|2|OP10-071|0|38|0|0|0|0|0|0|0
RZ1|CHK|135|2|39|6|0|4|8|2|1|0|1|0
Imu ["OP13-079">OP13-079][7000] vs Donquixote Doflamingo ["OP04-019">OP04-019][9000]
Attack Fails
RZ1|136|1|OP13-086|2|0|6|7|1|1|0|0|0
RZ1|CHK|136|1|32|4|1|4|7|1|8|1|1|2
[You] Imu ["OP13-079">OP13-079]: Trash St. Shalria ["OP13-086">OP13-086]
[] Drew card from deck: St. Ethanbaron V. Nusjuro ["OP13-080">OP13-080]
RZ1|137|1|OP13-080|0|31|1|4|1|1|0|0|0
RZ1|CHK|137|1|31|5|1|4|7|1|8|1|1|2
[You] Imu ["OP13-079">OP13-079]: Draw 1 Card
[] Hand: [OP13-083,OP14-096,OP13-083,OP13-082,OP13-080]
[] Board: [OP13-086]
[] Trash: [OP13-089,OP13-091,OP13-092,OP13-089,OP13-098,OP13-096,OP13-091,OP13-086]
[] Life: 4
[] Hand: [OP12-037,OP04-037,OP10-071,OP10-072,OP14-069,OP04-029]
[] Trash: [EB01-019]
[] Board: []
[] Life: 4
[You] End Turn
[] Hand: [OP12-037,OP04-037,OP10-071,OP10-072,OP14-069,OP04-029]
[] Board: []
[] Trash: [EB01-019]
[] Life: 4
[] Hand: [OP13-083,OP14-096,OP13-083,OP13-082,OP13-080]
[] Trash: [OP13-089,OP13-091,OP13-092,OP13-089,OP13-098,OP13-096,OP13-091,OP13-086]
[] Board: [OP13-086]
[] Life: 4
[Opponent] Draw 1 Card
[] Drew card from deck: Baby 5 ["OP05-034">OP05-034]
RZ1|138|2|OP05-034|0|38|1|6|1|1|0|0|0
RZ1|CHK|138|2|38|7|0|4|8|2|1|0|1|0
RZ1|139|2|Don|4|7|5|2|1|1|0|0|0
RZ1|CHK|139|2|38|7|0|4|7|3|1|0|1|0
RZ1|140|2|Don|4|6|5|3|1|1|0|0|0
RZ1|CHK|140|2|38|7|0|4|6|4|1|0|1|0
[Opponent] Draw 2 Don
RZ1|141|2|Don|5|0|5|0|1|1|1|0|0
RZ1|CHK|141|2|38|7|0|4|6|4|1|0|1|0
[Opponent] Deploy Baby 5 ["OP05-034">OP05-034]
RZ1|142|2|OP05-034|1|6|2|0|1|1|0|0|0
RZ1|CHK|142|2|38|6|1|4|6|4|1|0|1|0
RZ1|143|2|Don|5|1|5|1|1|1|1|0|0
RZ1|CHK|143|2|38|6|1|4|6|4|1|0|1|0
RZ1|144|2|Don|5|2|5|2|1|1|1|0|0
RZ1|CHK|144|2|38|6|1|4|6|4|1|0|1|0
RZ1|145|2|Don|5|3|5|3|1|1|1|0|0
RZ1|CHK|145|2|38|6|1|4|6|4|1|0|1|0
[Opponent] Deploy Dellinger ["OP04-029">OP04-029]
RZ1|146|2|OP04-029|1|5|2|1|1|1|0|0|0
RZ1|CHK|146|2|38|5|2|4|6|4|1|0|1|0
[Opponent] Donquixote Doflamingo ["OP04-019">OP04-019] attacking Imu ["OP13-079">OP13-079]
Donquixote Doflamingo ["OP04-019">OP04-019][5000] vs Imu ["OP13-079">OP13-079][5000]
Imu ["OP13-079">OP13-079] hit for 1 damage
RZ1|147|1|OP13-096|3|3|1|5|1|1|0|0|0
RZ1|CHK|147|1|31|6|1|3|7|1|8|1|1|2
[You] The Five Elders... Are At Your Service ["OP13-096">OP13-096]: Activate Trigger
RZ1|148|1|OP13-096|1|5|6|8|1|1|0|0|0
RZ1|CHK|148|1|31|5|1|3|7|1|9|1|1|2
RZ1|149|1|OP13-084|0|30|1|5|1|1|0|0|0
RZ1|CHK|149|1|30|6|1|3|7|1|9|1|1|2
[You] The Five Elders... Are At Your Service ["OP13-096">OP13-096]: <b>Reveal and Draw St. Shepherd Ju Peter ["OP13-084">OP13-084]</b>
[You] The Five Elders... Are At Your Service ["OP13-096">OP13-096]: Trash 2 Remaining Cards
RZ1|150|1|OP13-092|0|29|6|9|1|1|0|0|0
RZ1|CHK|150|1|29|6|1|3|7|1|10|1|1|2
RZ1|151|1|OP14-096|0|28|6|10|1|1|0|0|0
RZ1|CHK|151|1|28|6|1|3|7|1|11|1|1|2
[Opponent] Donquixote Doflamingo ["OP04-019">OP04-019]: Activate 2 Don
RZ1|152|2|Don|5|3|5|3|1|1|0|0|0
RZ1|CHK|152|2|38|5|2|4|6|4|1|0|1|0
RZ1|153|2|Don|5|2|5|2|1|1|0|0|0
RZ1|CHK|153|2|38|5|2|4|6|4|1|0|1|0
[Opponent] Dellinger ["OP04-029">OP04-029]: Activate 1 Don
RZ1|154|2|Don|5|1|5|1|1|1|0|0|0
RZ1|CHK|154|2|38|5|2|4|6|4|1|0|1|0
[] Hand: [OP12-037,OP04-037,OP10-071,OP10-072,OP14-069]
[] Board: [OP05-034,OP04-029]
[] Trash: [EB01-019]
[] Life: 4
[] Hand: [OP13-083,OP14-096,OP13-083,OP13-082,OP13-080,OP13-084]
[] Trash: [OP13-089,OP13-091,OP13-092,OP13-089,OP13-098,OP13-096,OP13-091,OP13-086,OP13-096,OP13-092,OP14-096]
[] Board: [OP13-086]
[] Life: 3
[Opponent] End Turn
[] Hand: [OP13-083,OP14-096,OP13-083,OP13-082,OP13-080,OP13-084]
[] Board: [OP13-086]
[] Trash: [OP13-089,OP13-091,OP13-092,OP13-089,OP13-098,OP13-096,OP13-091,OP13-086,OP13-096,OP13-092,OP14-096]
[] Life: 3
[] Hand: [OP12-037,OP04-037,OP10-071,OP10-072,OP14-069]
[] Trash: [EB01-019]
[] Board: [OP05-034,OP04-029]
[] Life: 4
RZ1|155|1|Don|9|9900|5|0|1|1|1|0|0
RZ1|CHK|155|1|28|6|1|3|7|2|11|1|1|1
RZ1|156|1|Don|9|9900|5|0|1|1|1|0|0
RZ1|CHK|156|1|28|6|1|3|7|3|11|1|1|0
[You] Draw 1 Card
[] Drew card from deck: St. Ethanbaron V. Nusjuro ["OP13-080">OP13-080]
RZ1|157|1|OP13-080|0|27|1|6|1|1|0|0|0
RZ1|CHK|157|1|27|7|1|3|7|3|11|1|1|0
RZ1|158|1|Don|4|6|5|3|1|1|0|0|0
RZ1|CHK|158|1|27|7|1|3|6|4|11|1|1|0
RZ1|159|1|Don|4|5|5|4|1|1|0|0|0
RZ1|CHK|159|1|27|7|1|3|5|5|11|1|1|0
[You] Draw 2 Don
[You] The Empty Throne ["OP13-099">OP13-099]: Rest 3 Don
RZ1|160|1|Don|5|0|5|0|1|1|1|0|0
RZ1|CHK|160|1|27|7|1|3|5|5|11|1|1|0
RZ1|161|1|Don|5|1|5|1|1|1|1|0|0
RZ1|CHK|161|1|27|7|1|3|5|5|11|1|1|0
RZ1|162|1|Don|5|2|5|2|1|1|1|0|0
RZ1|CHK|162|1|27|7|1|3|5|5|11|1|1|0
[You] The Empty Throne ["OP13-099">OP13-099]: Rest The Empty Throne ["OP13-099">OP13-099]
RZ1|163|1|OP13-083|1|0|2|1|1|1|0|0|0
RZ1|CHK|163|1|27|6|2|3|5|5|11|1|1|0
[You] The Empty Throne ["OP13-099">OP13-099]: Deploy St. Jaygarcia Saturn ["OP13-083">OP13-083]
RZ1|164|1|OP13-084|0|26|1|6|1|1|0|0|0
RZ1|CHK|164|1|26|7|2|3|5|5|11|1|1|0
[You] St. Jaygarcia Saturn ["OP13-083">OP13-083]: <b>Reveal and Draw St. Shepherd Ju Peter ["OP13-084">OP13-084]</b>
[You] Placing Cards on Bottom of Deck
RZ1|165|1|OP05-097|0|25|0|0|0|0|0|0|0
RZ1|CHK|165|1|26|7|2|3|5|5|11|1|1|0
RZ1|166|1|OP13-082|0|25|0|0|0|0|0|0|0
RZ1|CHK|166|1|26|7|2|3|5|5|11|1|1|0
RZ1|167|1|OP13-092|0|25|0|0|0|0|0|0|0
RZ1|CHK|167|1|26|7|2|3|5|5|11|1|1|0
RZ1|168|1|OP13-080|0|25|0|0|0|0|0|0|0
RZ1|CHK|168|1|26|7|2|3|5|5|11|1|1|0
RZ1|169|1|Don|5|3|9|9900|1|1|0|0|0
RZ1|CHK|169|1|26|7|2|3|5|4|11|1|1|1
[You] Attach 1 Don to Imu ["OP13-079">OP13-079] (1 Total)
[You] Imu ["OP13-079">OP13-079] attacking Donquixote Doflamingo ["OP04-019">OP04-019]
RZ1|170|2|Don|5|1|5|1|1|1|1|0|0
RZ1|CHK|170|2|38|5|2|4|6|4|1|0|1|0
RZ1|171|2|Don|5|2|5|2|1|1|1|0|0
RZ1|CHK|171|2|38|5|2|4|6|4|1|0|1|0
RZ1|172|2|OP04-037|1|1|6|1|1|1|0|0|0
RZ1|CHK|172|2|38|4|2|4|6|4|2|0|1|0
[Opponent] Flap Thread ["OP04-037">OP04-037]: Buff Donquixote Doflamingo ["OP04-019">OP04-019] 2000
Imu ["OP13-079">OP13-079][6000] vs Donquixote Doflamingo ["OP04-019">OP04-019][7000]
Attack Fails
RZ1|173|1|OP13-086|2|0|6|11|1|1|0|0|0
RZ1|CHK|173|1|26|7|1|3|5|4|12|1|1|1
[You] Imu ["OP13-079">OP13-079]: Trash St. Shalria ["OP13-086">OP13-086]
[] Drew card from deck: St. Topman Warcury ["OP13-089">OP13-089]
RZ1|174|1|OP13-089|0|25|1|7|1|1|0|0|0
RZ1|CHK|174|1|25|8|1|3|5|4|12|1|1|1
[You] Imu ["OP13-079">OP13-079]: Draw 1 Card
[You] Ground Death ["OP14-096">OP14-096]: Rest 1 Don
RZ1|175|1|Don|5|3|5|3|1|1|1|0|0
RZ1|CHK|175|1|25|8|1|3|5|4|12|1|1|1
RZ1|176|1|OP14-096|1|0|6|12|1|1|0|0|0
RZ1|CHK|176|1|25|7|1|3|5|4|13|1|1|1
[] Hand: [OP13-083,OP13-082,OP13-080,OP13-084,OP13-080,OP13-084,OP13-089]
[] Board: [OP13-083]
[] Trash: [OP13-089,OP13-091,OP13-092,OP13-089,OP13-098,OP13-096,OP13-091,OP13-086,OP13-096,OP13-092,OP14-096,OP13-086,OP14-096]
[] Life: 3
[] Hand: [OP12-037,OP10-071,OP10-072,OP14-069]
[] Trash: [EB01-019,OP04-037]
[] Board: [OP05-034,OP04-029]
[] Life: 4
[You] End Turn
[] Hand: [OP12-037,OP10-071,OP10-072,OP14-069]
[] Board: [OP05-034,OP04-029]
[] Trash: [EB01-019,OP04-037]
[] Life: 4
[] Hand: [OP13-083,OP13-082,OP13-080,OP13-084,OP13-080,OP13-084,OP13-089]
[] Trash: [OP13-089,OP13-091,OP13-092,OP13-089,OP13-098,OP13-096,OP13-091,OP13-086,OP13-096,OP13-092,OP14-096,OP13-086,OP14-096]
[] Board: [OP13-083]
[] Life: 3
[Opponent] Draw 1 Card
[] Drew card from deck: Donquixote Doflamingo ["OP04-031">OP04-031]
RZ1|177|2|OP04-031|0|37|1|4|1|1|0|0|0
RZ1|CHK|177|2|37|5|2|4|6|4|2|0|1|0
RZ1|178|2|Don|4|5|5|4|1|1|0|0|0
RZ1|CHK|178|2|37|5|2|4|5|5|2|0|1|0
RZ1|179|2|Don|4|4|5|5|1|1|0|0|0
RZ1|CHK|179|2|37|5|2|4|4|6|2|0|1|0
[Opponent] Draw 2 Don
RZ1|180|2|Don|5|0|5|0|1|1|1|0|0
RZ1|CHK|180|2|37|5|2|4|4|6|2|0|1|0
RZ1|181|2|Don|5|1|5|1|1|1|1|0|0
RZ1|CHK|181|2|37|5|2|4|4|6|2|0|1|0
RZ1|182|2|Don|5|2|5|2|1|1|1|0|0
RZ1|CHK|182|2|37|5|2|4|4|6|2|0|1|0
RZ1|183|2|Don|5|3|5|3|1|1|1|0|0
RZ1|CHK|183|2|37|5|2|4|4|6|2|0|1|0
RZ1|184|2|Don|5|4|5|4|1|1|1|0|0
RZ1|CHK|184|2|37|5|2|4|4|6|2|0|1|0
[Opponent] Deploy Donquixote Rosinante ["OP10-072">OP10-072]
RZ1|185|2|OP10-072|1|2|2|2|1|1|0|0|0
RZ1|CHK|185|2|37|4|3|4|4|6|2|0|1|0
RZ1|186|2|OP12-037|1|0|6|2|1|1|0|0|0
RZ1|CHK|186|2|37|3|3|4|4|6|3|0|1|0
[Opponent] Donquixote Rosinante ["OP10-072">OP10-072]: Trash Demonic Aura Nine-Sword Style Asura Dead Man's Game ["OP12-037">OP12-037]
[] Drew card from deck: Donquixote Rosinante ["OP10-072">OP10-072]
RZ1|187|2|OP10-072|0|36|1|3|1|1|0|0|0
RZ1|CHK|187|2|36|4|3|4|4|6|3|0|1|0
[] Drew card from deck: Bullet String ["OP14-078">OP14-078]
RZ1|188|2|OP14-078|0|35|1|4|1|1|0|0|0
RZ1|CHK|188|2|35|5|3|4|4|6|3|0|1|0
[Opponent] Donquixote Rosinante ["OP10-072">OP10-072]: Draw 2 Card
[Opponent] Baby 5 ["OP05-034">OP05-034]: <b>Reveal and Draw Vergo ["OP14-061">OP14-061]</b>
RZ1|189|2|OP14-061|0|34|1|5|1|1|0|0|0
RZ1|CHK|189|2|34|6|3|4|4|6|3|0|1|0
RZ1|190|2|OP10-062|0|33|0|0|0|0|0|0|0
RZ1|CHK|190|2|34|6|3|4|4|6|3|0|1|0
RZ1|191|2|OP04-035|0|33|0|0|0|0|0|0|0
RZ1|CHK|191|2|34|6|3|4|4|6|3|0|1|0
RZ1|192|2|EB01-019|0|33|0|0|0|0|0|0|0
RZ1|CHK|192|2|34|6|3|4|4|6|3|0|1|0
RZ1|193|2|OP10-062|0|33|0|0|0|0|0|0|0
RZ1|CHK|193|2|34|6|3|4|4|6|3|0|1|0
RZ1|194|2|Don|5|5|5|5|1|1|1|0|0
RZ1|CHK|194|2|34|6|3|4|4|6|3|0|1|0
[Opponent] Donquixote Doflamingo ["OP04-019">OP04-019] attacking Imu ["OP13-079">OP13-079]
[You] Discard St. Ethanbaron V. Nusjuro ["OP13-080">OP13-080] for Counter 1000
RZ1|195|1|OP13-080|1|2|6|13|1|1|0|0|0
RZ1|CHK|195|1|25|6|1|3|5|4|14|1|1|1
Donquixote Doflamingo ["OP04-019">OP04-019][5000] vs Imu ["OP13-079">OP13-079][6000]
Attack Fails
[Opponent] Donquixote Doflamingo ["OP04-019">OP04-019]: Activate 2 Don
RZ1|196|2|Don|5|5|5|5|1|1|0|0|0
RZ1|CHK|196|2|34|6|3|4|4|6|3|0|1|0
RZ1|197|2|Don|5|4|5|4|1|1|0|0|0
RZ1|CHK|197|2|34|6|3|4|4|6|3|0|1|0
[Opponent] Dellinger ["OP04-029">OP04-029]: Activate 1 Don
RZ1|198|2|Don|5|3|5|3|1|1|0|0|0
RZ1|CHK|198|2|34|6|3|4|4|6|3|0|1|0
[] Hand: [OP10-071,OP14-069,OP04-031,OP10-072,OP14-078,OP14-061]
[] Board: [OP05-034,OP04-029,OP10-072]
[] Trash: [EB01-019,OP04-037,OP12-037]
[] Life: 4
[] Hand: [OP13-083,OP13-082,OP13-084,OP13-080,OP13-084,OP13-089]
[] Trash: [OP13-089,OP13-091,OP13-092,OP13-089,OP13-098,OP13-096,OP13-091,OP13-086,OP13-096,OP13-092,OP14-096,OP13-086,OP14-096,OP13-080]
[] Board: [OP13-083]
[] Life: 3
[Opponent] End Turn
[] Hand: [OP13-083,OP13-082,OP13-084,OP13-080,OP13-084,OP13-089]
[] Board: [OP13-083]
[] Trash: [OP13-089,OP13-091,OP13-092,OP13-089,OP13-098,OP13-096,OP13-091,OP13-086,OP13-096,OP13-092,OP14-096,OP13-086,OP14-096,OP13-080]
[] Life: 3
[] Hand: [OP10-071,OP14-069,OP04-031,OP10-072,OP14-078,OP14-061]
[] Trash: [EB01-019,OP04-037,OP12-037]
[] Board: [OP05-034,OP04-029,OP10-072]
[] Life: 4
RZ1|199|1|Don|9|9900|5|0|1|1|1|0|0
RZ1|CHK|199|1|25|6|1|3|5|5|14|1|1|0
[You] Draw 1 Card
[] Drew card from deck: St. Shalria ["OP13-086">OP13-086]
RZ1|200|1|OP13-086|0|24|1|6|1|1|0|0|0
RZ1|CHK|200|1|24|7|1|3|5|5|14|1|1|0
RZ1|201|1|Don|4|4|5|5|1|1|0|0|0
RZ1|CHK|201|1|24|7|1|3|4|6|14|1|1|0
RZ1|202|1|Don|4|3|5|6|1|1|0|0|0
RZ1|CHK|202|1|24|7|1|3|3|7|14|1|1|0
[You] Draw 2 Don
[You] The Empty Throne ["OP13-099">OP13-099]: Rest 3 Don
RZ1|203|1|Don|5|0|5|0|1|1|1|0|0
RZ1|CHK|203|1|24|7|1|3|3|7|14|1|1|0
RZ1|204|1|Don|5|1|5|1|1|1|1|0|0
RZ1|CHK|204|1|24|7|1|3|3|7|14|1|1|0
RZ1|205|1|Don|5|2|5|2|1|1|1|0|0
RZ1|CHK|205|1|24|7|1|3|3|7|14|1|1|0
[You] The Empty Throne ["OP13-099">OP13-099]: Rest The Empty Throne ["OP13-099">OP13-099]
RZ1|206|1|OP13-089|1|5|2|1|1|1|0|0|0
RZ1|CHK|206|1|24|6|2|3|3|7|14|1|1|0
[You] The Empty Throne ["OP13-099">OP13-099]: Deploy St. Topman Warcury ["OP13-089">OP13-089]
[You] St. Jaygarcia Saturn ["OP13-083">OP13-083] attacking Baby 5 ["OP05-034">OP05-034]
St. Jaygarcia Saturn ["OP13-083">OP13-083][5000] vs Baby 5 ["OP05-034">OP05-034][1000]
[Opponent] Baby 5 ["OP05-034">OP05-034] Destroyed
RZ1|207|2|OP05-034|2|0|6|3|1|1|0|0|0
RZ1|CHK|207|2|34|6|2|4|4|6|4|0|1|0
RZ1|208|1|Don|5|3|5|3|1|1|1|0|0
RZ1|CHK|208|1|24|6|2|3|3|7|14|1|1|0
RZ1|209|1|Don|5|4|5|4|1|1|1|0|0
RZ1|CHK|209|1|24|6|2|3|3|7|14|1|1|0
RZ1|210|1|Don|5|5|5|5|1|1|1|0|0
RZ1|CHK|210|1|24|6|2|3|3|7|14|1|1|0
RZ1|211|1|Don|5|6|5|6|1|1|1|0|0
RZ1|CHK|211|1|24|6|2|3|3|7|14|1|1|0
[You] Deploy St. Jaygarcia Saturn ["OP13-083">OP13-083]
RZ1|212|1|OP13-083|1|0|2|2|1|1|0|0|0
RZ1|CHK|212|1|24|5|3|3|3|7|14|1|1|0
RZ1|213|1|OP13-084|0|22|1|5|1|1|0|0|0
RZ1|CHK|213|1|23|6|3|3|3|7|14|1|1|0
[You] St. Jaygarcia Saturn ["OP13-083">OP13-083]: <b>Reveal and Draw St. Shepherd Ju Peter ["OP13-084">OP13-084]</b>
[You] Placing Cards on Bottom of Deck
RZ1|214|1|OP13-082|0|22|0|0|0|0|0|0|0
RZ1|CHK|214|1|23|6|3|3|3|7|14|1|1|0
RZ1|215|1|OP16-093|0|22|0|0|0|0|0|0|0
RZ1|CHK|215|1|23|6|3|3|3|7|14|1|1|0
RZ1|216|1|OP13-084|0|22|0|0|0|0|0|0|0
RZ1|CHK|216|1|23|6|3|3|3|7|14|1|1|0
RZ1|217|1|OP13-091|0|22|0|0|0|0|0|0|0
RZ1|CHK|217|1|23|6|3|3|3|7|14|1|1|0
RZ1|218|1|OP13-080|1|2|6|14|1|1|0|0|0
RZ1|CHK|218|1|23|5|3|3|3|7|15|1|1|0
[You] Imu ["OP13-079">OP13-079]: Trash St. Ethanbaron V. Nusjuro ["OP13-080">OP13-080]
[] Drew card from deck: St. Ethanbaron V. Nusjuro ["OP13-080">OP13-080]
RZ1|219|1|OP13-080|0|22|1|5|1|1|0|0|0
RZ1|CHK|219|1|22|6|3|3|3|7|15|1|1|0
[You] Imu ["OP13-079">OP13-079]: Draw 1 Card
[You] Imu ["OP13-079">OP13-079] attacking Donquixote Doflamingo ["OP04-019">OP04-019]
Imu ["OP13-079">OP13-079][5000] vs Donquixote Doflamingo ["OP04-019">OP04-019][5000]
Donquixote Doflamingo ["OP04-019">OP04-019] hit for 1 damage
RZ1|220|2|OP04-035|3|3|1|6|1|1|0|0|0
RZ1|CHK|220|2|34|7|2|3|4|6|4|0|1|0
[] Hand: [OP13-082,OP13-084,OP13-084,OP13-086,OP13-084,OP13-080]
[] Board: [OP13-083,OP13-089,OP13-083]
[] Trash: [OP13-089,OP13-091,OP13-092,OP13-089,OP13-098,OP13-096,OP13-091,OP13-086,OP13-096,OP13-092,OP14-096,OP13-086,OP14-096,OP13-080,OP13-080]
[] Life: 3
[] Hand: [OP10-071,OP14-069,OP04-031,OP10-072,OP14-078,OP14-061,OP04-035]
[] Trash: [EB01-019,OP04-037,OP12-037,OP05-034]
[] Board: [OP04-029,OP10-072]
[] Life: 3
[You] End Turn
[] Hand: [OP10-071,OP14-069,OP04-031,OP10-072,OP14-078,OP14-061,OP04-035]
[] Board: [OP04-029,OP10-072]
[] Trash: [EB01-019,OP04-037,OP12-037,OP05-034]
[] Life: 3
[] Hand: [OP13-082,OP13-084,OP13-084,OP13-086,OP13-084,OP13-080]
[] Trash: [OP13-089,OP13-091,OP13-092,OP13-089,OP13-098,OP13-096,OP13-091,OP13-086,OP13-096,OP13-092,OP14-096,OP13-086,OP14-096,OP13-080,OP13-080]
[] Board: [OP13-083,OP13-089,OP13-083]
[] Life: 3
[Opponent] Draw 1 Card
[] Drew card from deck: Whoever Wins This War Becomes Justice!! ["OP05-037">OP05-037]
RZ1|221|2|OP05-037|0|33|1|7|1|1|0|0|0
RZ1|CHK|221|2|33|8|2|3|4|6|4|0|1|0
RZ1|222|2|Don|4|3|5|6|1|1|0|0|0
RZ1|CHK|222|2|33|8|2|3|3|7|4|0|1|0
RZ1|223|2|Don|4|2|5|7|1|1|0|0|0
RZ1|CHK|223|2|33|8|2|3|2|8|4|0|1|0
[Opponent] Draw 2 Don
RZ1|224|2|Don|5|0|5|0|1|1|1|0|0
RZ1|CHK|224|2|33|8|2|3|2|8|4|0|1|0
RZ1|225|2|Don|5|1|5|1|1|1|1|0|0
RZ1|CHK|225|2|33|8|2|3|2|8|4|0|1|0
RZ1|226|2|Don|5|2|5|2|1|1|1|0|0
RZ1|CHK|226|2|33|8|2|3|2|8|4|0|1|0
RZ1|227|2|Don|5|3|5|3|1|1|1|0|0
RZ1|CHK|227|2|33|8|2|3|2|8|4|0|1|0
RZ1|228|2|Don|5|4|5|4|1|1|1|0|0
RZ1|CHK|228|2|33|8|2|3|2|8|4|0|1|0
RZ1|229|2|Don|5|5|5|5|1|1|1|0|0
RZ1|CHK|229|2|33|8|2|3|2|8|4|0|1|0
RZ1|230|2|Don|5|6|5|6|1|1|1|0|0
RZ1|CHK|230|2|33|8|2|3|2|8|4|0|1|0
RZ1|231|2|Don|5|7|5|7|1|1|1|0|0
RZ1|CHK|231|2|33|8|2|3|2|8|4|0|1|0
[Opponent] Deploy Donquixote Doflamingo ["OP10-071">OP10-071]
RZ1|232|2|OP10-071|1|0|2|2|1|1|0|0|0
RZ1|CHK|232|2|33|7|3|3|2|8|4|0|1|0
RZ1|233|2|Don|5|4|4|2|1|1|0|0|0
RZ1|CHK|233|2|33|7|3|3|3|7|4|0|1|0
[Opponent] Donquixote Doflamingo ["OP10-071">OP10-071]: Minus 1 Don
RZ1|234|2|OP10-072|1|2|2|3|1|1|0|0|0
RZ1|CHK|234|2|33|6|4|3|3|7|4|0|1|0
[Opponent] Donquixote Doflamingo ["OP10-071">OP10-071]: Deploy Donquixote Rosinante ["OP10-072">OP10-072]
RZ1|235|2|OP05-037|1|5|6|4|1|1|0|0|0
RZ1|CHK|235|2|33|5|4|3|3|7|5|0|1|0
[Opponent] Donquixote Rosinante ["OP10-072">OP10-072]: Trash Whoever Wins This War Becomes Justice!! ["OP05-037">OP05-037]
[] Drew card from deck: Off White ["EB01-019">EB01-019]
RZ1|236|2|EB01-019|0|32|1|5|1|1|0|0|0
RZ1|CHK|236|2|32|6|4|3|3|7|5|0|1|0
[] Drew card from deck: Demonic Aura Nine-Sword Style Asura Dead Man's Game ["OP12-037">OP12-037]
RZ1|237|2|OP12-037|0|31|1|6|1|1|0|0|0
RZ1|CHK|237|2|31|7|4|3|3|7|5|0|1|0
[Opponent] Donquixote Rosinante ["OP10-072">OP10-072]: Draw 2 Card
[Opponent] Donquixote Rosinante ["OP10-072">OP10-072] attacking St. Jaygarcia Saturn ["OP13-083">OP13-083]
[You] St. Topman Warcury ["OP13-089">OP13-089] Blocks
[You] Discard St. Shepherd Ju Peter ["OP13-084">OP13-084] for Counter 2000
RZ1|238|1|OP13-084|1|1|6|15|1|1|0|0|0
RZ1|CHK|238|1|22|5|3|3|3|7|16|1|1|0
Donquixote Rosinante ["OP10-072">OP10-072][6000] vs St. Topman Warcury ["OP13-089">OP13-089][7000]
Attack Fails
[Opponent] Donquixote Doflamingo ["OP04-019">OP04-019] attacking St. Jaygarcia Saturn ["OP13-083">OP13-083]
[You] Discard St. Shalria ["OP13-086">OP13-086] for Counter 1000
RZ1|239|1|OP13-086|1|2|6|16|1|1|0|0|0
RZ1|CHK|239|1|22|4|3|3|3|7|17|1|1|0
Donquixote Doflamingo ["OP04-019">OP04-019][5000] vs St. Jaygarcia Saturn ["OP13-083">OP13-083][6000]
Attack Fails
[Opponent] Donquixote Doflamingo ["OP04-019">OP04-019]: Activate 2 Don
RZ1|240|2|Don|5|6|5|6|1|1|0|0|0
RZ1|CHK|240|2|31|7|4|3|3|7|5|0|1|0
RZ1|241|2|Don|5|5|5|5|1|1|0|0|0
RZ1|CHK|241|2|31|7|4|3|3|7|5|0|1|0
[Opponent] Dellinger ["OP04-029">OP04-029]: Activate 1 Don
RZ1|242|2|Don|5|4|5|4|1|1|0|0|0
RZ1|CHK|242|2|31|7|4|3|3|7|5|0|1|0
[Opponent] Donquixote Rosinante ["OP10-072">OP10-072]: Activate 1 Don
RZ1|243|2|Don|5|3|5|3|1|1|0|0|0
RZ1|CHK|243|2|31|7|4|3|3|7|5|0|1|0
[Opponent] Donquixote Rosinante ["OP10-072">OP10-072]: Activate 1 Don
RZ1|244|2|Don|5|2|5|2|1|1|0|0|0
RZ1|CHK|244|2|31|7|4|3|3|7|5|0|1|0
[Opponent] Donquixote Rosinante ["OP10-072">OP10-072]: Activate 1 Don
RZ1|245|2|Don|5|1|5|1|1|1|0|0|0
RZ1|CHK|245|2|31|7|4|3|3|7|5|0|1|0
[Opponent] Donquixote Rosinante ["OP10-072">OP10-072]: Activate 1 Don
RZ1|246|2|Don|5|0|5|0|1|1|0|0|0
RZ1|CHK|246|2|31|7|4|3|3|7|5|0|1|0
[] Hand: [OP14-069,OP04-031,OP14-078,OP14-061,OP04-035,EB01-019,OP12-037]
[] Board: [OP04-029,OP10-072,OP10-071,OP10-072]
[] Trash: [EB01-019,OP04-037,OP12-037,OP05-034,OP05-037]
[] Life: 3
[] Hand: [OP13-082,OP13-084,OP13-084,OP13-080]
[] Trash: [OP13-089,OP13-091,OP13-092,OP13-089,OP13-098,OP13-096,OP13-091,OP13-086,OP13-096,OP13-092,OP14-096,OP13-086,OP14-096,OP13-080,OP13-080,OP13-084,OP13-086]
[] Board: [OP13-083,OP13-089,OP13-083]
[] Life: 3
[Opponent] End Turn
[] Hand: [OP13-082,OP13-084,OP13-084,OP13-080]
[] Board: [OP13-083,OP13-089,OP13-083]
[] Trash: [OP13-089,OP13-091,OP13-092,OP13-089,OP13-098,OP13-096,OP13-091,OP13-086,OP13-096,OP13-092,OP14-096,OP13-086,OP14-096,OP13-080,OP13-080,OP13-084,OP13-086]
[] Life: 3
[] Hand: [OP14-069,OP04-031,OP14-078,OP14-061,OP04-035,EB01-019,OP12-037]
[] Trash: [EB01-019,OP04-037,OP12-037,OP05-034,OP05-037]
[] Board: [OP04-029,OP10-072,OP10-071,OP10-072]
[] Life: 3
[You] Draw 1 Card
[] Drew card from deck: Bartholomew Kuma ["OP16-093">OP16-093]
RZ1|247|1|OP16-093|0|21|1|4|1|1|0|0|0
RZ1|CHK|247|1|21|5|3|3|3|7|17|1|1|0
RZ1|248|1|Don|4|2|5|7|1|1|0|0|0
RZ1|CHK|248|1|21|5|3|3|2|8|17|1|1|0
RZ1|249|1|Don|4|1|5|8|1|1|0|0|0
RZ1|CHK|249|1|21|5|3|3|1|9|17|1|1|0
[You] Draw 2 Don
[You] St. Jaygarcia Saturn ["OP13-083">OP13-083] attacking Donquixote Doflamingo ["OP04-019">OP04-019]
[Opponent] Donquixote Doflamingo ["OP10-071">OP10-071]: Rest 1 Don
RZ1|250|2|Don|5|0|5|0|1|1|1|0|0
RZ1|CHK|250|2|31|7|4|3|3|7|5|0|1|0
Donquixote Doflamingo ["OP10-071">OP10-071]: Draw 1 Don
RZ1|251|2|Don|4|2|5|7|1|1|0|0|0
RZ1|CHK|251|2|31|7|4|3|2|8|5|0|1|0
RZ1|252|2|Don|5|1|5|1|1|1|1|0|0
RZ1|CHK|252|2|31|7|4|3|2|8|5|0|1|0
RZ1|253|2|Don|5|2|5|2|1|1|1|0|0
RZ1|CHK|253|2|31|7|4|3|2|8|5|0|1|0
RZ1|254|2|OP04-035|1|4|6|5|1|1|0|0|0
RZ1|CHK|254|2|31|6|4|3|2|8|6|0|1|0
[Opponent] Spider's Web ["OP04-035">OP04-035]: Set Donquixote Rosinante ["OP10-072">OP10-072] to Active
[Opponent] Spider's Web ["OP04-035">OP04-035]: Counter 4000
St. Jaygarcia Saturn ["OP13-083">OP13-083][5000] vs Donquixote Doflamingo ["OP04-019">OP04-019][9000]
Attack Fails
[You] The Empty Throne ["OP13-099">OP13-099]: Rest 3 Don
RZ1|255|1|Don|5|0|5|0|1|1|1|0|0
RZ1|CHK|255|1|21|5|3|3|1|9|17|1|1|0
RZ1|256|1|Don|5|1|5|1|1|1|1|0|0
RZ1|CHK|256|1|21|5|3|3|1|9|17|1|1|0
RZ1|257|1|Don|5|2|5|2|1|1|1|0|0
RZ1|CHK|257|1|21|5|3|3|1|9|17|1|1|0
[You] The Empty Throne ["OP13-099">OP13-099]: Rest The Empty Throne ["OP13-099">OP13-099]
RZ1|258|1|OP13-080|1|3|2|3|1|1|0|0|0
RZ1|CHK|258|1|21|4|4|3|1|9|17|1|1|0
[You] The Empty Throne ["OP13-099">OP13-099]: Deploy St. Ethanbaron V. Nusjuro ["OP13-080">OP13-080]
RZ1|259|1|Don|5|3|5|3|1|1|1|0|0
RZ1|CHK|259|1|21|4|4|3|1|9|17|1|1|0
RZ1|260|1|Don|5|4|5|4|1|1|1|0|0
RZ1|CHK|260|1|21|4|4|3|1|9|17|1|1|0
RZ1|261|1|Don|5|5|5|5|1|1|1|0|0
RZ1|CHK|261|1|21|4|4|3|1|9|17|1|1|0
[You] Deploy Bartholomew Kuma ["OP16-093">OP16-093]
RZ1|262|1|OP16-093|1|3|2|4|1|1|0|0|0
RZ1|CHK|262|1|21|3|5|3|1|9|17|1|1|0
[] Drew card from deck: St. Mjosgard ["OP13-092">OP13-092]
RZ1|263|1|OP13-092|0|20|1|3|1|1|0|0|0
RZ1|CHK|263|1|20|4|5|3|1|9|17|1|1|0
[] Drew card from deck: The Five Elders... Are At Your Service ["OP13-096">OP13-096]
RZ1|264|1|OP13-096|0|19|1|4|1|1|0|0|0
RZ1|CHK|264|1|19|5|5|3|1|9|17|1|1|0
[You] Bartholomew Kuma ["OP16-093">OP16-093]: Draw 2 Card
RZ1|265|1|OP13-084|1|1|6|17|1|1|0|0|0
RZ1|CHK|265|1|19|4|5|3|1|9|18|1|1|0
[You] Bartholomew Kuma ["OP16-093">OP16-093]: Trash St. Shepherd Ju Peter ["OP13-084">OP13-084]
RZ1|266|1|OP13-084|1|1|6|18|1|1|0|0|0
RZ1|CHK|266|1|19|3|5|3|1|9|19|1|1|0
[You] Bartholomew Kuma ["OP16-093">OP16-093]: Trash St. Shepherd Ju Peter ["OP13-084">OP13-084]
[You] Bartholomew Kuma ["OP16-093">OP16-093]: Attach 1 Rested Don to Imu ["OP13-079">OP13-079]
RZ1|267|1|Don|5|0|9|9900|1|1|1|0|0
RZ1|CHK|267|1|19|3|5|3|1|8|19|1|1|1
RZ1|268|1|OP13-083|2|0|6|19|1|1|0|0|0
RZ1|CHK|268|1|19|3|4|3|1|8|20|1|1|1
[You] Imu ["OP13-079">OP13-079]: Trash St. Jaygarcia Saturn ["OP13-083">OP13-083]
[] Drew card from deck: Ground Death ["OP14-096">OP14-096]
RZ1|269|1|OP14-096|0|18|1|3|1|1|0|0|0
RZ1|CHK|269|1|18|4|4|3|1|8|20|1|1|1
[You] Imu ["OP13-079">OP13-079]: Draw 1 Card
[You] The Five Elders... Are At Your Service ["OP13-096">OP13-096]: Rest 1 Don
RZ1|270|1|Don|5|5|5|5|1|1|1|0|0
RZ1|CHK|270|1|18|4|4|3|1|8|20|1|1|1
RZ1|271|1|OP13-096|1|2|6|20|1|1|0|0|0
RZ1|CHK|271|1|18|3|4|3|1|8|21|1|1|1
RZ1|272|1|OP13-082|0|17|1|3|1|1|0|0|0
RZ1|CHK|272|1|17|4|4|3|1|8|21|1|1|1
[You] The Five Elders... Are At Your Service ["OP13-096">OP13-096]: <b>Reveal and Draw Five Elders ["OP13-082">OP13-082]</b>
[You] The Five Elders... Are At Your Service ["OP13-096">OP13-096]: Trash 2 Remaining Cards
RZ1|273|1|OP14-096|0|16|6|21|1|1|0|0|0
RZ1|CHK|273|1|16|4|4|3|1|8|22|1|1|1
RZ1|274|1|OP16-093|0|15|6|22|1|1|0|0|0
RZ1|CHK|274|1|15|4|4|3|1|8|23|1|1|1
[You] Ground Death ["OP14-096">OP14-096]: Rest 1 Don
RZ1|275|1|Don|5|6|5|6|1|1|1|0|0
RZ1|CHK|275|1|15|4|4|3|1|8|23|1|1|1
RZ1|276|1|OP14-096|1|2|6|23|1|1|0|0|0
RZ1|CHK|276|1|15|3|4|3|1|8|24|1|1|1
[You] Imu ["OP13-079">OP13-079] attacking Donquixote Doflamingo ["OP04-019">OP04-019]
[Opponent] Off White ["EB01-019">EB01-019]: Activate Counter
[Opponent] Off White ["EB01-019">EB01-019]: Rest 2 Don
RZ1|277|2|Don|5|3|5|3|1|1|1|0|0
RZ1|CHK|277|2|31|6|4|3|2|8|6|0|1|0
RZ1|278|2|Don|5|4|5|4|1|1|1|0|0
RZ1|CHK|278|2|31|6|4|3|2|8|6|0|1|0
RZ1|279|2|EB01-019|1|4|6|6|1|1|0|0|0
RZ1|CHK|279|2|31|5|4|3|2|8|7|0|1|0
[Opponent] Off White ["EB01-019">EB01-019]: Buff Donquixote Doflamingo ["OP04-019">OP04-019] 4000 for the Combat
RZ1|280|2|OP04-024|0|29|1|5|1|1|0|0|0
RZ1|CHK|280|2|30|6|4|3|2|8|7|0|1|0
[Opponent] Off White ["EB01-019">EB01-019]: <b>Reveal and Draw Sugar ["OP04-024">OP04-024]</b>
[Opponent] Placing Cards on Bottom of Deck
RZ1|281|2|OP04-029|0|29|0|0|0|0|0|0|0
RZ1|CHK|281|2|30|6|4|3|2|8|7|0|1|0
RZ1|282|2|EB01-019|0|29|0|0|0|0|0|0|0
RZ1|CHK|282|2|30|6|4|3|2|8|7|0|1|0
Imu ["OP13-079">OP13-079][7000] vs Donquixote Doflamingo ["OP04-019">OP04-019][9000]
Attack Fails
[You] St. Jaygarcia Saturn ["OP13-083">OP13-083] attacking Donquixote Doflamingo ["OP04-019">OP04-019]
[Opponent] Bullet String ["OP14-078">OP14-078]: Activate Counter
[Opponent] Bullet String ["OP14-078">OP14-078]: Rest 2 Don
RZ1|283|2|Don|5|5|5|5|1|1|1|0|0
RZ1|CHK|283|2|30|6|4|3|2|8|7|0|1|0
RZ1|284|2|Don|5|6|5|6|1|1|1|0|0
RZ1|CHK|284|2|30|6|4|3|2|8|7|0|1|0
RZ1|285|2|OP14-078|1|2|6|7|1|1|0|0|0
RZ1|CHK|285|2|30|5|4|3|2|8|8|0|1|0
RZ1|286|2|Don|5|6|4|2|1|1|0|0|0
RZ1|CHK|286|2|30|5|4|3|3|7|8|0|1|0
[Opponent] Bullet String ["OP14-078">OP14-078]: Minus 1 Don
[Opponent] Bullet String ["OP14-078">OP14-078]: Buff Donquixote Doflamingo ["OP04-019">OP04-019] 2000
[Opponent] Bullet String ["OP14-078">OP14-078]: Buff Donquixote Doflamingo ["OP04-019">OP04-019] 2000 for the Combat
St. Jaygarcia Saturn ["OP13-083">OP13-083][5000] vs Donquixote Doflamingo ["OP04-019">OP04-019][9000]
Attack Fails
[] Hand: [OP13-082,OP13-092,OP13-082]
[] Board: [OP13-089,OP13-083,OP13-080,OP16-093]
[] Trash: [OP13-089,OP13-091,OP13-092,OP13-089,OP13-098,OP13-096,OP13-091,OP13-086,OP13-096,OP13-092,OP14-096,OP13-086,OP14-096,OP13-080,OP13-080,OP13-084,OP13-086,OP13-084,OP13-084,OP13-083,OP13-096,OP14-096,OP16-093,OP14-096]
[] Life: 3
[] Hand: [OP14-069,OP04-031,OP14-061,OP12-037,OP04-024]
[] Trash: [EB01-019,OP04-037,OP12-037,OP05-034,OP05-037,OP04-035,EB01-019,OP14-078]
[] Board: [OP04-029,OP10-072,OP10-071,OP10-072]
[] Life: 3
[You] End Turn
[] Hand: [OP14-069,OP04-031,OP14-061,OP12-037,OP04-024]
[] Board: [OP04-029,OP10-072,OP10-071,OP10-072]
[] Trash: [EB01-019,OP04-037,OP12-037,OP05-034,OP05-037,OP04-035,EB01-019,OP14-078]
[] Life: 3
[] Hand: [OP13-082,OP13-092,OP13-082]
[] Trash: [OP13-089,OP13-091,OP13-092,OP13-089,OP13-098,OP13-096,OP13-091,OP13-086,OP13-096,OP13-092,OP14-096,OP13-086,OP14-096,OP13-080,OP13-080,OP13-084,OP13-086,OP13-084,OP13-084,OP13-083,OP13-096,OP14-096,OP16-093,OP14-096]
[] Board: [OP13-089,OP13-083,OP13-080,OP16-093]
[] Life: 3
[Opponent] Draw 1 Card
[] Drew card from deck: Sugar ["OP04-024">OP04-024]
RZ1|287|2|OP04-024|0|29|1|5|1|1|0|0|0
RZ1|CHK|287|2|29|6|4|3|3|7|8|0|1|0
RZ1|288|2|Don|4|2|5|7|1|1|0|0|0
RZ1|CHK|288|2|29|6|4|3|2|8|8|0|1|0
RZ1|289|2|Don|4|1|5|8|1|1|0|0|0
RZ1|CHK|289|2|29|6|4|3|1|9|8|0|1|0
[Opponent] Draw 2 Don
RZ1|290|2|Don|5|0|5|0|1|1|1|0|0
RZ1|CHK|290|2|29|6|4|3|1|9|8|0|1|0
RZ1|291|2|Don|5|1|5|1|1|1|1|0|0
RZ1|CHK|291|2|29|6|4|3|1|9|8|0|1|0
[Opponent] Deploy Sugar ["OP04-024">OP04-024]
RZ1|292|2|OP04-024|1|5|2|4|1|1|0|0|0
RZ1|CHK|292|2|29|5|5|3|1|9|8|0|1|0
[Opponent] Sugar ["OP04-024">OP04-024]: Rest St. Topman Warcury ["OP13-089">OP13-089]
[Opponent] Attach 1 Don to Donquixote Rosinante ["OP10-072">OP10-072] (1 Total)
RZ1|293|2|Don|5|8|9|100|1|1|0|0|0
RZ1|CHK|293|2|29|5|5|3|1|8|8|0|1|1
[Opponent] Donquixote Rosinante ["OP10-072">OP10-072] attacking Imu ["OP13-079">OP13-079]
Donquixote Rosinante ["OP10-072">OP10-072][7000] vs Imu ["OP13-079">OP13-079][5000]
Imu ["OP13-079">OP13-079] hit for 1 damage
RZ1|294|1|OP13-098|3|2|1|3|1|1|0|0|0
RZ1|CHK|294|1|15|4|4|2|1|8|24|1|1|1
[Opponent] Attach 1 Don to Donquixote Rosinante ["OP10-072">OP10-072] (1 Total)
RZ1|295|2|Don|5|7|9|300|1|1|0|0|0
RZ1|CHK|295|2|29|5|5|3|1|7|8|0|1|2
[Opponent] Attach 1 Don to Donquixote Rosinante ["OP10-072">OP10-072] (2 Total)
RZ1|296|2|Don|5|6|9|301|1|1|0|0|0
RZ1|CHK|296|2|29|5|5|3|1|6|8|0|1|3
[Opponent] Attach 1 Don to Donquixote Rosinante ["OP10-072">OP10-072] (3 Total)
RZ1|297|2|Don|5|5|9|302|1|1|0|0|0
RZ1|CHK|297|2|29|5|5|3|1|5|8|0|1|4
[Opponent] Donquixote Rosinante ["OP10-072">OP10-072] attacking Imu ["OP13-079">OP13-079]
[You] Discard St. Mjosgard ["OP13-092">OP13-092] for Counter 2000
RZ1|298|1|OP13-092|1|1|6|24|1|1|0|0|0
RZ1|CHK|298|1|15|3|4|2|1|8|25|1|1|1
[You] ...Never Existed... ["OP13-098">OP13-098]: Activate Counter
[You] ...Never Existed... ["OP13-098">OP13-098]: Rest 1 Don
RZ1|299|1|Don|5|7|5|7|1|1|1|0|0
RZ1|CHK|299|1|15|3|4|2|1|8|25|1|1|1
RZ1|300|1|OP13-098|1|2|6|25|1|1|0|0|0
RZ1|CHK|300|1|15|2|4|2|1|8|26|1|1|1
[You] ...Never Existed... ["OP13-098">OP13-098]: Buff Imu ["OP13-079">OP13-079] 4000 for the Combat
Donquixote Rosinante ["OP10-072">OP10-072][9000] vs Imu ["OP13-079">OP13-079][11000]
Attack Fails
[Opponent] Attach 1 Don to Dellinger ["OP04-029">OP04-029] (1 Total)
RZ1|301|2|Don|5|4|9|0|1|1|0|0|0
RZ1|CHK|301|2|29|5|5|3|1|4|8|0|1|5
[Opponent] Dellinger ["OP04-029">OP04-029] attacking Imu ["OP13-079">OP13-079]
Dellinger ["OP04-029">OP04-029][5000] vs Imu ["OP13-079">OP13-079][5000]
Imu ["OP13-079">OP13-079] hit for 1 damage
RZ1|302|1|OP13-083|3|1|1|2|1|1|0|0|0
RZ1|CHK|302|1|15|3|4|1|1|8|26|1|1|1
[Opponent] Attach 1 Don to Donquixote Doflamingo ["OP04-019">OP04-019] (1 Total)
RZ1|303|2|Don|5|3|9|9900|1|1|0|0|0
RZ1|CHK|303|2|29|5|5|3|1|3|8|0|1|6
[Opponent] Attach 1 Don to Donquixote Doflamingo ["OP04-019">OP04-019] (2 Total)
RZ1|304|2|Don|5|2|9|9901|1|1|0|0|0
RZ1|CHK|304|2|29|5|5|3|1|2|8|0|1|7
[Opponent] Donquixote Doflamingo ["OP04-019">OP04-019] attacking Imu ["OP13-079">OP13-079]
Donquixote Doflamingo ["OP04-019">OP04-019][7000] vs Imu ["OP13-079">OP13-079][5000]
Imu ["OP13-079">OP13-079] hit for 1 damage
RZ1|305|1|OP13-086|3|0|1|3|1|1|0|0|0
RZ1|CHK|305|1|15|4|4|0|1|8|26|1|1|1
[Opponent] Donquixote Doflamingo ["OP10-071">OP10-071] attacking Imu ["OP13-079">OP13-079]
Donquixote Doflamingo ["OP10-071">OP10-071][9000] vs Imu ["OP13-079">OP13-079][5000]
Imu ["OP13-079">OP13-079] hit for 1 damage
[You] <b>Downloaded the Combat Log!</b>
GameOver
