Version is 1.41b.12
[You] Leader is Imu ["OP13-079">OP13-079]
RZ1|HDR|1.41b|2|RZ1
RZ1|PLY|1||OP13-079
RZ1|PLY|2||
[Opponent] Leader is Marshall D. Teach ["OP16-080">OP16-080]
RZ1|1|2|OP09-093|0|10|0|0|0|0|0|0|0
RZ1|CHK|1|2|50|0|0|0|10|0|0|0|1|0
RZ1|2|2|OP16-102|0|12|0|1|0|0|0|0|0
RZ1|CHK|2|2|50|0|0|0|10|0|0|0|1|0
RZ1|3|2|OP09-095|0|3|0|2|0|0|0|0|0
RZ1|CHK|3|2|50|0|0|0|10|0|0|0|1|0
RZ1|4|2|OP09-095|0|5|0|3|0|0|0|0|0
RZ1|CHK|4|2|50|0|0|0|10|0|0|0|1|0
RZ1|5|2|OP16-108|0|29|0|4|0|0|0|0|0
RZ1|CHK|5|2|50|0|0|0|10|0|0|0|1|0
RZ1|6|2|OP09-086|0|8|0|5|0|0|0|0|0
RZ1|CHK|6|2|50|0|0|0|10|0|0|0|1|0
RZ1|7|2|OP16-119|0|33|0|6|0|0|0|0|0
RZ1|CHK|7|2|50|0|0|0|10|0|0|0|1|0
RZ1|8|2|OP16-108|0|33|0|7|0|0|0|0|0
RZ1|CHK|8|2|50|0|0|0|10|0|0|0|1|0
RZ1|9|2|OP09-099|0|47|0|8|0|0|0|0|0
RZ1|CHK|9|2|50|0|0|0|10|0|0|0|1|0
RZ1|10|2|OP09-093|0|16|0|9|0|0|0|0|0
RZ1|CHK|10|2|50|0|0|0|10|0|0|0|1|0
RZ1|11|2|OP16-109|0|18|0|10|0|0|0|0|0
RZ1|CHK|11|2|50|0|0|0|10|0|0|0|1|0
RZ1|12|2|OP12-119|0|32|0|11|0|0|0|0|0
RZ1|CHK|12|2|50|0|0|0|10|0|0|0|1|0
RZ1|13|2|OP09-086|0|15|0|12|0|0|0|0|0
RZ1|CHK|13|2|50|0|0|0|10|0|0|0|1|0
RZ1|14|2|OP16-110|0|22|0|13|0|0|0|0|0
RZ1|CHK|14|2|50|0|0|0|10|0|0|0|1|0
RZ1|15|2|OP09-096|0|41|0|14|0|0|0|0|0
RZ1|CHK|15|2|50|0|0|0|10|0|0|0|1|0
RZ1|16|2|OP09-099|0|48|0|15|0|0|0|0|0
RZ1|CHK|16|2|50|0|0|0|10|0|0|0|1|0
RZ1|17|2|OP16-104|0|30|0|16|0|0|0|0|0
RZ1|CHK|17|2|50|0|0|0|10|0|0|0|1|0
RZ1|18|2|OP09-093|0|22|0|18|0|0|0|0|0
RZ1|CHK|18|2|50|0|0|0|10|0|0|0|1|0
RZ1|19|2|OP09-096|0|42|0|19|0|0|0|0|0
RZ1|CHK|19|2|50|0|0|0|10|0|0|0|1|0
RZ1|20|2|OP16-104|0|33|0|20|0|0|0|0|0
RZ1|CHK|20|2|50|0|0|0|10|0|0|0|1|0
RZ1|21|2|OP09-099|0|49|0|21|0|0|0|0|0
RZ1|CHK|21|2|50|0|0|0|10|0|0|0|1|0
RZ1|22|2|OP16-108|0|37|0|22|0|0|0|0|0
RZ1|CHK|22|2|50|0|0|0|10|0|0|0|1|0
RZ1|23|2|OP16-108|0|38|0|23|0|0|0|0|0
RZ1|CHK|23|2|50|0|0|0|10|0|0|0|1|0
RZ1|24|2|OP16-115|0|46|0|24|0|0|0|0|0
RZ1|CHK|24|2|50|0|0|0|10|0|0|0|1|0
RZ1|25|2|OP09-093|0|28|0|25|0|0|0|0|0
RZ1|CHK|25|2|50|0|0|0|10|0|0|0|1|0
RZ1|26|2|OP16-109|0|31|0|26|0|0|0|0|0
RZ1|CHK|26|2|50|0|0|0|10|0|0|0|1|0
RZ1|27|2|OP06-115|0|45|0|27|0|0|0|0|0
RZ1|CHK|27|2|50|0|0|0|10|0|0|0|1|0
RZ1|28|2|OP16-109|0|31|0|28|0|0|0|0|0
RZ1|CHK|28|2|50|0|0|0|10|0|0|0|1|0
RZ1|29|2|OP16-119|0|42|0|29|0|0|0|0|0
RZ1|CHK|29|2|50|0|0|0|10|0|0|0|1|0
RZ1|30|2|OP12-112|0|37|0|30|0|0|0|0|0
RZ1|CHK|30|2|50|0|0|0|10|0|0|0|1|0
RZ1|31|2|OP12-119|0|41|0|31|0|0|0|0|0
RZ1|CHK|31|2|50|0|0|0|10|0|0|0|1|0
RZ1|32|2|OP16-116|0|48|0|32|0|0|0|0|0
RZ1|CHK|32|2|50|0|0|0|10|0|0|0|1|0
RZ1|33|2|OP16-119|0|43|0|33|0|0|0|0|0
RZ1|CHK|33|2|50|0|0|0|10|0|0|0|1|0
RZ1|34|2|OP09-096|0|45|0|34|0|0|0|0|0
RZ1|CHK|34|2|50|0|0|0|10|0|0|0|1|0
RZ1|35|2|OP16-104|0|44|0|35|0|0|0|0|0
RZ1|CHK|35|2|50|0|0|0|10|0|0|0|1|0
RZ1|36|2|OP16-115|0|48|0|36|0|0|0|0|0
RZ1|CHK|36|2|50|0|0|0|10|0|0|0|1|0
RZ1|37|2|OP16-110|0|43|0|37|0|0|0|0|0
RZ1|CHK|37|2|50|0|0|0|10|0|0|0|1|0
RZ1|38|2|OP09-086|0|40|0|38|0|0|0|0|0
RZ1|CHK|38|2|50|0|0|0|10|0|0|0|1|0
RZ1|39|2|OP09-096|0|47|0|39|0|0|0|0|0
RZ1|CHK|39|2|50|0|0|0|10|0|0|0|1|0
RZ1|40|2|OP06-115|0|48|0|41|0|0|0|0|0
RZ1|CHK|40|2|50|0|0|0|10|0|0|0|1|0
RZ1|41|2|OP16-109|0|43|0|42|0|0|0|0|0
RZ1|CHK|41|2|50|0|0|0|10|0|0|0|1|0
RZ1|42|2|OP16-119|0|48|0|43|0|0|0|0|0
RZ1|CHK|42|2|50|0|0|0|10|0|0|0|1|0
RZ1|43|2|OP16-110|0|45|0|44|0|0|0|0|0
RZ1|CHK|43|2|50|0|0|0|10|0|0|0|1|0
RZ1|44|2|OP16-104|0|48|0|45|0|0|0|0|0
RZ1|CHK|44|2|50|0|0|0|10|0|0|0|1|0
RZ1|45|2|OP16-110|0|47|0|46|0|0|0|0|0
RZ1|CHK|45|2|50|0|0|0|10|0|0|0|1|0
RZ1|46|2|OP16-116|0|49|0|48|0|0|0|0|0
RZ1|CHK|46|2|50|0|0|0|10|0|0|0|1|0
RZ1|47|1|OP13-099|0|33|7|0|1|1|0|0|0
RZ1|CHK|47|1|49|0|0|0|10|0|0|1|1|0
[You] Imu ["OP13-079">OP13-079]: Deploy The Empty Throne ["OP13-099">OP13-099]
RZ1|48|1|OP13-092|0|19|0|0|0|0|0|0|0
RZ1|CHK|48|1|49|0|0|0|10|0|0|1|1|0
RZ1|49|1|OP13-086|0|22|0|1|0|0|0|0|0
RZ1|CHK|49|1|49|0|0|0|10|0|0|1|1|0
RZ1|50|1|OP13-096|0|18|0|2|0|0|0|0|0
RZ1|CHK|50|1|49|0|0|0|10|0|0|1|1|0
RZ1|51|1|OP13-098|0|40|0|3|0|0|0|0|0
RZ1|CHK|51|1|49|0|0|0|10|0|0|1|1|0
RZ1|52|1|OP13-080|0|38|0|4|0|0|0|0|0
RZ1|CHK|52|1|49|0|0|0|10|0|0|1|1|0
RZ1|53|1|OP13-083|0|8|0|5|0|0|0|0|0
RZ1|CHK|53|1|49|0|0|0|10|0|0|1|1|0
RZ1|54|1|OP13-080|0|13|0|6|0|0|0|0|0
RZ1|CHK|54|1|49|0|0|0|10|0|0|1|1|0
RZ1|55|1|OP13-096|0|38|0|7|0|0|0|0|0
RZ1|CHK|55|1|49|0|0|0|10|0|0|1|1|0
RZ1|56|1|OP13-084|0|22|0|8|0|0|0|0|0
RZ1|CHK|56|1|49|0|0|0|10|0|0|1|1|0
RZ1|57|1|OP13-086|0|13|0|9|0|0|0|0|0
RZ1|CHK|57|1|49|0|0|0|10|0|0|1|1|0
RZ1|58|1|OP13-098|0|32|0|10|0|0|0|0|0
RZ1|CHK|58|1|49|0|0|0|10|0|0|1|1|0
RZ1|59|1|OP13-083|0|14|0|11|0|0|0|0|0
RZ1|CHK|59|1|49|0|0|0|10|0|0|1|1|0
RZ1|60|1|OP16-093|0|31|0|12|0|0|0|0|0
RZ1|CHK|60|1|49|0|0|0|10|0|0|1|1|0
RZ1|61|1|OP05-097|0|39|0|13|0|0|0|0|0
RZ1|CHK|61|1|49|0|0|0|10|0|0|1|1|0
RZ1|62|1|OP13-096|0|41|0|14|0|0|0|0|0
RZ1|CHK|62|1|49|0|0|0|10|0|0|1|1|0
RZ1|63|1|OP13-082|0|27|0|15|0|0|0|0|0
RZ1|CHK|63|1|49|0|0|0|10|0|0|1|1|0
RZ1|64|1|OP13-082|0|24|0|16|0|0|0|0|0
RZ1|CHK|64|1|49|0|0|0|10|0|0|1|1|0
RZ1|65|1|OP16-093|0|23|0|17|0|0|0|0|0
RZ1|CHK|65|1|49|0|0|0|10|0|0|1|1|0
RZ1|66|1|OP13-092|0|36|0|18|0|0|0|0|0
RZ1|CHK|66|1|49|0|0|0|10|0|0|1|1|0
RZ1|67|1|OP14-096|0|44|0|19|0|0|0|0|0
RZ1|CHK|67|1|49|0|0|0|10|0|0|1|1|0
RZ1|68|1|OP13-091|0|27|0|20|0|0|0|0|0
RZ1|CHK|68|1|49|0|0|0|10|0|0|1|1|0
RZ1|69|1|OP13-080|0|29|0|21|0|0|0|0|0
RZ1|CHK|69|1|49|0|0|0|10|0|0|1|1|0
RZ1|70|1|OP13-089|0|34|0|22|0|0|0|0|0
RZ1|CHK|70|1|49|0|0|0|10|0|0|1|1|0
RZ1|71|1|OP16-093|0|32|0|23|0|0|0|0|0
RZ1|CHK|71|1|49|0|0|0|10|0|0|1|1|0
RZ1|72|1|OP13-089|0|41|0|24|0|0|0|0|0
RZ1|CHK|72|1|49|0|0|0|10|0|0|1|1|0
RZ1|73|1|OP13-089|0|27|0|25|0|0|0|0|0
RZ1|CHK|73|1|49|0|0|0|10|0|0|1|1|0
RZ1|74|1|OP13-091|0|32|0|26|0|0|0|0|0
RZ1|CHK|74|1|49|0|0|0|10|0|0|1|1|0
RZ1|75|1|OP13-098|0|32|0|27|0|0|0|0|0
RZ1|CHK|75|1|49|0|0|0|10|0|0|1|1|0
RZ1|76|1|OP13-086|0|32|0|28|0|0|0|0|0
RZ1|CHK|76|1|49|0|0|0|10|0|0|1|1|0
RZ1|77|1|OP13-083|0|31|0|29|0|0|0|0|0
RZ1|CHK|77|1|49|0|0|0|10|0|0|1|1|0
RZ1|78|1|OP13-091|0|31|0|30|0|0|0|0|0
RZ1|CHK|78|1|49|0|0|0|10|0|0|1|1|0
RZ1|79|1|OP14-096|0|44|0|31|0|0|0|0|0
RZ1|CHK|79|1|49|0|0|0|10|0|0|1|1|0
RZ1|80|1|OP13-086|0|39|0|32|0|0|0|0|0
RZ1|CHK|80|1|49|0|0|0|10|0|0|1|1|0
RZ1|81|1|OP13-080|0|35|0|33|0|0|0|0|0
RZ1|CHK|81|1|49|0|0|0|10|0|0|1|1|0
RZ1|82|1|OP13-083|0|48|0|34|0|0|0|0|0
RZ1|CHK|82|1|49|0|0|0|10|0|0|1|1|0
RZ1|83|1|OP13-092|0|48|0|35|0|0|0|0|0
RZ1|CHK|83|1|49|0|0|0|10|0|0|1|1|0
RZ1|84|1|OP14-096|0|46|0|36|0|0|0|0|0
RZ1|CHK|84|1|49|0|0|0|10|0|0|1|1|0
RZ1|85|1|OP16-093|0|39|0|37|0|0|0|0|0
RZ1|CHK|85|1|49|0|0|0|10|0|0|1|1|0
RZ1|86|1|OP13-089|0|48|0|38|0|0|0|0|0
RZ1|CHK|86|1|49|0|0|0|10|0|0|1|1|0
RZ1|87|1|OP13-091|0|48|0|39|0|0|0|0|0
RZ1|CHK|87|1|49|0|0|0|10|0|0|1|1|0
RZ1|88|1|OP13-082|0|44|0|41|0|0|0|0|0
RZ1|CHK|88|1|49|0|0|0|10|0|0|1|1|0
RZ1|89|1|OP13-084|0|45|0|42|0|0|0|0|0
RZ1|CHK|89|1|49|0|0|0|10|0|0|1|1|0
RZ1|90|1|OP14-096|0|44|0|43|0|0|0|0|0
RZ1|CHK|90|1|49|0|0|0|10|0|0|1|1|0
RZ1|91|1|OP13-098|0|48|0|45|0|0|0|0|0
RZ1|CHK|91|1|49|0|0|0|10|0|0|1|1|0
RZ1|92|1|OP13-096|0|47|0|46|0|0|0|0|0
RZ1|CHK|92|1|49|0|0|0|10|0|0|1|1|0
[] Drew card from deck: St. Mjosgard ["OP13-092">OP13-092]
RZ1|93|1|OP13-092|0|48|1|0|1|1|0|0|0
RZ1|CHK|93|1|48|1|0|0|10|0|0|1|1|0
[] Drew card from deck: St. Shepherd Ju Peter ["OP13-084">OP13-084]
RZ1|94|1|OP13-084|0|47|1|1|1|1|0|0|0
RZ1|CHK|94|1|47|2|0|0|10|0|0|1|1|0
[] Drew card from deck: The Five Elders... Are At Your Service ["OP13-096">OP13-096]
RZ1|95|1|OP13-096|0|46|1|2|1|1|0|0|0
RZ1|CHK|95|1|46|3|0|0|10|0|0|1|1|0
[] Drew card from deck: ...Never Existed... ["OP13-098">OP13-098]
RZ1|96|1|OP13-098|0|45|1|3|1|1|0|0|0
RZ1|CHK|96|1|45|4|0|0|10|0|0|1|1|0
[] Drew card from deck: Five Elders ["OP13-082">OP13-082]
RZ1|97|1|OP13-082|0|44|1|4|1|1|0|0|0
RZ1|CHK|97|1|44|5|0|0|10|0|0|1|1|0
[] Drew card from deck: Baby 5 ["OP12-112">OP12-112]
RZ1|98|2|OP12-112|0|49|1|0|1|1|0|0|0
RZ1|CHK|98|2|49|1|0|0|10|0|0|0|1|0
[] Drew card from deck: ZEHAHAHAHA ["OP16-116">OP16-116]
RZ1|99|2|OP16-116|0|48|1|1|1|1|0|0|0
RZ1|CHK|99|2|48|2|0|0|10|0|0|0|1|0
[] Drew card from deck: Jesus Burgess ["OP09-086">OP09-086]
RZ1|100|2|OP09-086|0|47|1|2|1|1|0|0|0
RZ1|CHK|100|2|47|3|0|0|10|0|0|0|1|0
[] Drew card from deck: Vasco Shot ["OP16-110">OP16-110]
RZ1|101|2|OP16-110|0|46|1|3|1|1|0|0|0
RZ1|CHK|101|2|46|4|0|0|10|0|0|0|1|0
[] Drew card from deck: Catarina Devon ["OP16-104">OP16-104]
RZ1|102|2|OP16-104|0|45|1|4|1|1|0|0|0
RZ1|CHK|102|2|45|5|0|0|10|0|0|0|1|0
RZ1|103|1|OP14-096|0|43|3|0|1|0|0|0|0
RZ1|CHK|103|1|43|5|0|1|10|0|0|1|1|0
RZ1|104|1|OP13-084|0|42|3|1|1|0|0|0|0
RZ1|CHK|104|1|42|5|0|2|10|0|0|1|1|0
RZ1|105|1|OP13-082|0|41|3|2|1|0|0|0|0
RZ1|CHK|105|1|41|5|0|3|10|0|0|1|1|0
RZ1|106|1|OP13-084|0|40|3|3|1|0|0|0|0
RZ1|CHK|106|1|40|5|0|4|10|0|0|1|1|0
RZ1|107|2|OP16-110|0|44|3|0|0|1|0|0|0
RZ1|CHK|107|2|44|5|0|1|10|0|0|0|1|0
RZ1|108|2|OP16-119|0|43|3|1|0|1|0|0|0
RZ1|CHK|108|2|43|5|0|2|10|0|0|0|1|0
RZ1|109|2|OP16-109|0|42|3|2|0|1|0|0|0
RZ1|CHK|109|2|42|5|0|3|10|0|0|0|1|0
RZ1|110|2|OP06-115|0|41|3|3|0|1|0|0|0
RZ1|CHK|110|2|41|5|0|4|10|0|0|0|1|0
[] Hand: [OP13-092,OP13-084,OP13-096,OP13-098,OP13-082]
[] Board: []
[] Trash: []
[] Life: 4
[] Hand: [OP12-112,OP16-116,OP09-086,OP16-110,OP16-104]
[] Trash: []
[] Board: []
[] Life: 4
RZ1|111|1|Don|4|9|5|0|1|1|0|0|0
RZ1|CHK|111|1|40|5|0|4|9|1|0|1|1|0
[You] Draw 1 Don
[You] The Five Elders... Are At Your Service ["OP13-096">OP13-096]: Rest 1 Don
RZ1|112|1|Don|5|0|5|0|1|1|1|0|0
RZ1|CHK|112|1|40|5|0|4|9|1|0|1|1|0
RZ1|113|1|OP13-096|1|2|6|0|1|1|0|0|0
RZ1|CHK|113|1|40|4|0|4|9|1|1|1|1|0
RZ1|114|1|OP13-089|0|38|1|4|1|1|0|0|0
RZ1|CHK|114|1|39|5|0|4|9|1|1|1|1|0
[You] The Five Elders... Are At Your Service ["OP13-096">OP13-096]: <b>Reveal and Draw St. Topman Warcury ["OP13-089">OP13-089]</b>
[You] The Five Elders... Are At Your Service ["OP13-096">OP13-096]: Trash 2 Remaining Cards
RZ1|115|1|OP13-091|0|38|6|1|1|1|0|0|0
RZ1|CHK|115|1|38|5|0|4|9|1|2|1|1|0
RZ1|116|1|OP16-093|0|37|6|2|1|1|0|0|0
RZ1|CHK|116|1|37|5|0|4|9|1|3|1|1|0
RZ1|117|1|OP13-092|1|0|6|3|1|1|0|0|0
RZ1|CHK|117|1|37|4|0|4|9|1|4|1|1|0
[You] Imu ["OP13-079">OP13-079]: Trash St. Mjosgard ["OP13-092">OP13-092]
[] Drew card from deck: Ground Death ["OP14-096">OP14-096]
RZ1|118|1|OP14-096|0|36|1|4|1|1|0|0|0
RZ1|CHK|118|1|36|5|0|4|9|1|4|1|1|0
[You] Imu ["OP13-079">OP13-079]: Draw 1 Card
[] Hand: [OP13-084,OP13-098,OP13-082,OP13-089,OP14-096]
[] Board: []
[] Trash: [OP13-096,OP13-091,OP16-093,OP13-092]
[] Life: 4
[] Hand: [OP12-112,OP16-116,OP09-086,OP16-110,OP16-104]
[] Trash: []
[] Board: []
[] Life: 4
[You] End Turn
[] Hand: [OP12-112,OP16-116,OP09-086,OP16-110,OP16-104]
[] Board: []
[] Trash: []
[] Life: 4
[] Hand: [OP13-084,OP13-098,OP13-082,OP13-089,OP14-096]
[] Trash: [OP13-096,OP13-091,OP16-093,OP13-092]
[] Board: []
[] Life: 4
[Opponent] Draw 1 Card
[] Drew card from deck: Laffitte ["OP09-095">OP09-095]
RZ1|119|2|OP09-095|0|40|1|5|1|1|0|0|0
RZ1|CHK|119|2|40|6|0|4|10|0|0|0|1|0
RZ1|120|2|Don|4|9|5|0|1|1|0|0|0
RZ1|CHK|120|2|40|6|0|4|9|1|0|0|1|0
RZ1|121|2|Don|4|8|5|1|1|1|0|0|0
RZ1|CHK|121|2|40|6|0|4|8|2|0|0|1|0
[Opponent] Draw 2 Don
RZ1|122|2|Don|5|0|5|0|1|1|1|0|0
RZ1|CHK|122|2|40|6|0|4|8|2|0|0|1|0
[Opponent] Deploy Laffitte ["OP09-095">OP09-095]
RZ1|123|2|OP09-095|1|5|2|0|1|1|0|0|0
RZ1|CHK|123|2|40|5|1|4|8|2|0|0|1|0
[Opponent] Laffitte ["OP09-095">OP09-095]: Rest 1 Don
RZ1|124|2|Don|5|1|5|1|1|1|1|0|0
RZ1|CHK|124|2|40|5|1|4|8|2|0|0|1|0
[Opponent] Laffitte ["OP09-095">OP09-095]: Rest Laffitte ["OP09-095">OP09-095]
RZ1|125|2|OP09-096|0|39|1|5|1|1|0|0|0
RZ1|CHK|125|2|39|6|1|4|8|2|0|0|1|0
[Opponent] Laffitte ["OP09-095">OP09-095]: <b>Reveal and Draw This is MY AGE!!!! ["OP09-096">OP09-096]</b>
[Opponent] Placing Cards on Bottom of Deck
RZ1|126|2|OP09-086|0|38|0|0|0|0|0|0|0
RZ1|CHK|126|2|39|6|1|4|8|2|0|0|1|0
RZ1|127|2|OP16-110|0|38|0|0|0|0|0|0|0
RZ1|CHK|127|2|39|6|1|4|8|2|0|0|1|0
RZ1|128|2|OP16-115|0|38|0|0|0|0|0|0|0
RZ1|CHK|128|2|39|6|1|4|8|2|0|0|1|0
RZ1|129|2|OP16-104|0|38|0|0|0|0|0|0|0
RZ1|CHK|129|2|39|6|1|4|8|2|0|0|1|0
[] Hand: [OP12-112,OP16-116,OP09-086,OP16-110,OP16-104,OP09-096]
[] Board: [OP09-095]
[] Trash: []
[] Life: 4
[] Hand: [OP13-084,OP13-098,OP13-082,OP13-089,OP14-096]
[] Trash: [OP13-096,OP13-091,OP16-093,OP13-092]
[] Board: []
[] Life: 4
[Opponent] End Turn
[] Hand: [OP13-084,OP13-098,OP13-082,OP13-089,OP14-096]
[] Board: []
[] Trash: [OP13-096,OP13-091,OP16-093,OP13-092]
[] Life: 4
[] Hand: [OP12-112,OP16-116,OP09-086,OP16-110,OP16-104,OP09-096]
[] Trash: []
[] Board: [OP09-095]
[] Life: 4
[You] Draw 1 Card
[] Drew card from deck: St. Mjosgard ["OP13-092">OP13-092]
RZ1|130|1|OP13-092|0|35|1|5|1|1|0|0|0
RZ1|CHK|130|1|35|6|0|4|9|1|4|1|1|0
RZ1|131|1|Don|4|8|5|1|1|1|0|0|0
RZ1|CHK|131|1|35|6|0|4|8|2|4|1|1|0
RZ1|132|1|Don|4|7|5|2|1|1|0|0|0
RZ1|CHK|132|1|35|6|0|4|7|3|4|1|1|0
[You] Draw 2 Don
RZ1|133|1|Don|5|0|9|9900|1|1|0|0|0
RZ1|CHK|133|1|35|6|0|4|7|2|4|1|1|1
[You] Imu ["OP13-079">OP13-079] attacking Laffitte ["OP09-095">OP09-095]
Imu ["OP13-079">OP13-079][6000] vs Laffitte ["OP09-095">OP09-095][1000]
[Opponent] Laffitte ["OP09-095">OP09-095] Destroyed
RZ1|134|2|OP09-095|2|0|6|0|1|1|0|0|0
RZ1|CHK|134|2|39|6|0|4|8|2|1|0|1|0
RZ1|135|1|OP13-089|1|3|6|4|1|1|0|0|0
RZ1|CHK|135|1|35|5|0|4|7|2|5|1|1|1
[You] Imu ["OP13-079">OP13-079]: Trash St. Topman Warcury ["OP13-089">OP13-089]
[] Drew card from deck: St. Jaygarcia Saturn ["OP13-083">OP13-083]
RZ1|136|1|OP13-083|0|34|1|5|1|1|0|0|0
RZ1|CHK|136|1|34|6|0|4|7|2|5|1|1|1
[You] Imu ["OP13-079">OP13-079]: Draw 1 Card
[You] Ground Death ["OP14-096">OP14-096]: Rest 1 Don
RZ1|137|1|Don|5|0|5|0|1|1|1|0|0
RZ1|CHK|137|1|34|6|0|4|7|2|5|1|1|1
RZ1|138|1|OP14-096|1|3|6|5|1|1|0|0|0
RZ1|CHK|138|1|34|5|0|4|7|2|6|1|1|1
[] Hand: [OP13-084,OP13-098,OP13-082,OP13-092,OP13-083]
[] Board: []
[] Trash: [OP13-096,OP13-091,OP16-093,OP13-092,OP13-089,OP14-096]
[] Life: 4
[] Hand: [OP12-112,OP16-116,OP09-086,OP16-110,OP16-104,OP09-096]
[] Trash: [OP09-095]
[] Board: []
[] Life: 4
[You] End Turn
[] Hand: [OP12-112,OP16-116,OP09-086,OP16-110,OP16-104,OP09-096]
[] Board: []
[] Trash: [OP09-095]
[] Life: 4
[] Hand: [OP13-084,OP13-098,OP13-082,OP13-092,OP13-083]
[] Trash: [OP13-096,OP13-091,OP16-093,OP13-092,OP13-089,OP14-096]
[] Board: []
[] Life: 4
[Opponent] Draw 1 Card
[] Drew card from deck: This is MY AGE!!!! ["OP09-096">OP09-096]
RZ1|139|2|OP09-096|0|38|1|6|1|1|0|0|0
RZ1|CHK|139|2|38|7|0|4|8|2|1|0|1|0
RZ1|140|2|Don|4|7|5|2|1|1|0|0|0
RZ1|CHK|140|2|38|7|0|4|7|3|1|0|1|0
RZ1|141|2|Don|4|6|5|3|1|1|0|0|0
RZ1|CHK|141|2|38|7|0|4|6|4|1|0|1|0
[Opponent] Draw 2 Don
[Opponent] This is MY AGE!!!! ["OP09-096">OP09-096]: Rest 1 Don
RZ1|142|2|Don|5|0|5|0|1|1|1|0|0
RZ1|CHK|142|2|38|7|0|4|6|4|1|0|1|0
RZ1|143|2|OP09-096|1|6|6|1|1|1|0|0|0
RZ1|CHK|143|2|38|6|0|4|6|4|2|0|1|0
RZ1|144|2|OP16-119|0|37|1|6|1|1|0|0|0
RZ1|CHK|144|2|37|7|0|4|6|4|2|0|1|0
[Opponent] This is MY AGE!!!! ["OP09-096">OP09-096]: <b>Reveal and Draw Marshall D. Teach ["OP16-119">OP16-119]</b>
[Opponent] This is MY AGE!!!! ["OP09-096">OP09-096]: Trash 2 Remaining Cards
RZ1|145|2|OP16-116|0|36|6|2|1|1|0|0|0
RZ1|CHK|145|2|36|7|0|4|6|4|3|0|1|0
RZ1|146|2|OP12-119|0|35|6|3|1|1|0|0|0
RZ1|CHK|146|2|35|7|0|4|6|4|4|0|1|0
[Opponent] This is MY AGE!!!! ["OP09-096">OP09-096]: Rest 1 Don
RZ1|147|2|Don|5|1|5|1|1|1|1|0|0
RZ1|CHK|147|2|35|7|0|4|6|4|4|0|1|0
RZ1|148|2|OP09-096|1|5|6|4|1|1|0|0|0
RZ1|CHK|148|2|35|6|0|4|6|4|5|0|1|0
RZ1|149|2|OP16-119|0|33|1|6|1|1|0|0|0
RZ1|CHK|149|2|34|7|0|4|6|4|5|0|1|0
[Opponent] This is MY AGE!!!! ["OP09-096">OP09-096]: <b>Reveal and Draw Marshall D. Teach ["OP16-119">OP16-119]</b>
[Opponent] This is MY AGE!!!! ["OP09-096">OP09-096]: Trash 2 Remaining Cards
RZ1|150|2|OP12-112|0|33|6|5|1|1|0|0|0
RZ1|CHK|150|2|33|7|0|4|6|4|6|0|1|0
RZ1|151|2|OP16-109|0|32|6|6|1|1|0|0|0
RZ1|CHK|151|2|32|7|0|4|6|4|7|0|1|0
[Opponent] Attach 1 Don to Marshall D. Teach ["OP16-080">OP16-080] (1 Total)
RZ1|152|2|Don|5|3|9|9900|1|1|0|0|0
RZ1|CHK|152|2|32|7|0|4|6|3|7|0|1|1
[Opponent] Marshall D. Teach ["OP16-080">OP16-080] attacking Imu ["OP13-079">OP13-079]
Marshall D. Teach ["OP16-080">OP16-080][6000] vs Imu ["OP13-079">OP13-079][5000]
Imu ["OP13-079">OP13-079] hit for 1 damage
RZ1|153|1|OP13-084|3|3|1|5|1|1|0|0|0
RZ1|CHK|153|1|34|6|0|3|7|2|6|1|1|1
RZ1|154|2|Don|5|2|5|2|1|1|1|0|0
RZ1|CHK|154|2|32|7|0|4|6|3|7|0|1|1
[Opponent] Deploy Vasco Shot ["OP16-110">OP16-110]
RZ1|155|2|OP16-110|1|3|2|0|1|1|0|0|0
RZ1|CHK|155|2|32|6|1|4|6|3|7|0|1|1
[] Hand: [OP12-112,OP16-116,OP09-086,OP16-104,OP16-119,OP16-119]
[] Board: [OP16-110]
[] Trash: [OP09-095,OP09-096,OP16-116,OP12-119,OP09-096,OP12-112,OP16-109]
[] Life: 4
[] Hand: [OP13-084,OP13-098,OP13-082,OP13-092,OP13-083,OP13-084]
[] Trash: [OP13-096,OP13-091,OP16-093,OP13-092,OP13-089,OP14-096]
[] Board: []
[] Life: 3
[Opponent] End Turn
[] Hand: [OP13-084,OP13-098,OP13-082,OP13-092,OP13-083,OP13-084]
[] Board: []
[] Trash: [OP13-096,OP13-091,OP16-093,OP13-092,OP13-089,OP14-096]
[] Life: 3
[] Hand: [OP12-112,OP16-116,OP09-086,OP16-104,OP16-119,OP16-119]
[] Trash: [OP09-095,OP09-096,OP16-116,OP12-119,OP09-096,OP12-112,OP16-109]
[] Board: [OP16-110]
[] Life: 4
RZ1|156|1|Don|9|9900|5|0|1|1|1|0|0
RZ1|CHK|156|1|34|6|0|3|7|3|6|1|1|0
[You] Draw 1 Card
[] Drew card from deck: St. Ethanbaron V. Nusjuro ["OP13-080">OP13-080]
RZ1|157|1|OP13-080|0|33|1|6|1|1|0|0|0
RZ1|CHK|157|1|33|7|0|3|7|3|6|1|1|0
RZ1|158|1|Don|4|6|5|3|1|1|0|0|0
RZ1|CHK|158|1|33|7|0|3|6|4|6|1|1|0
RZ1|159|1|Don|4|5|5|4|1|1|0|0|0
RZ1|CHK|159|1|33|7|0|3|5|5|6|1|1|0
[You] Draw 2 Don
[You] The Empty Throne ["OP13-099">OP13-099]: Rest 3 Don
RZ1|160|1|Don|5|0|5|0|1|1|1|0|0
RZ1|CHK|160|1|33|7|0|3|5|5|6|1|1|0
RZ1|161|1|Don|5|1|5|1|1|1|1|0|0
RZ1|CHK|161|1|33|7|0|3|5|5|6|1|1|0
RZ1|162|1|Don|5|2|5|2|1|1|1|0|0
RZ1|CHK|162|1|33|7|0|3|5|5|6|1|1|0
[You] The Empty Throne ["OP13-099">OP13-099]: Rest The Empty Throne ["OP13-099">OP13-099]
RZ1|163|1|OP13-083|1|4|2|0|1|1|0|0|0
RZ1|CHK|163|1|33|6|1|3|5|5|6|1|1|0
[You] The Empty Throne ["OP13-099">OP13-099]: Deploy St. Jaygarcia Saturn ["OP13-083">OP13-083]
RZ1|164|1|OP13-083|0|29|1|6|1|1|0|0|0
RZ1|CHK|164|1|32|7|1|3|5|5|6|1|1|0
[You] St. Jaygarcia Saturn ["OP13-083">OP13-083]: <b>Reveal and Draw St. Jaygarcia Saturn ["OP13-083">OP13-083]</b>
[You] Placing Cards on Bottom of Deck
RZ1|165|1|OP13-086|0|31|0|0|0|0|0|0|0
RZ1|CHK|165|1|32|7|1|3|5|5|6|1|1|0
RZ1|166|1|OP14-096|0|31|0|0|0|0|0|0|0
RZ1|CHK|166|1|32|7|1|3|5|5|6|1|1|0
RZ1|167|1|OP13-091|0|31|0|0|0|0|0|0|0
RZ1|CHK|167|1|32|7|1|3|5|5|6|1|1|0
RZ1|168|1|OP13-086|0|31|0|0|0|0|0|0|0
RZ1|CHK|168|1|32|7|1|3|5|5|6|1|1|0
RZ1|169|1|OP13-080|1|5|6|6|1|1|0|0|0
RZ1|CHK|169|1|32|6|1|3|5|5|7|1|1|0
[You] Imu ["OP13-079">OP13-079]: Trash St. Ethanbaron V. Nusjuro ["OP13-080">OP13-080]
[] Drew card from deck: ...Never Existed... ["OP13-098">OP13-098]
RZ1|170|1|OP13-098|0|31|1|6|1|1|0|0|0
RZ1|CHK|170|1|31|7|1|3|5|5|7|1|1|0
[You] Imu ["OP13-079">OP13-079]: Draw 1 Card
[You] Imu ["OP13-079">OP13-079] attacking Marshall D. Teach ["OP16-080">OP16-080]
RZ1|171|2|OP12-112|1|0|6|7|1|1|0|0|0
RZ1|CHK|171|2|32|5|1|4|6|3|8|0|1|1
[Opponent] Marshall D. Teach ["OP16-080">OP16-080]: Trash Baby 5 ["OP12-112">OP12-112]
[Opponent] Marshall D. Teach ["OP16-080">OP16-080]: Target of Attack changed to Vasco Shot ["OP16-110">OP16-110]
Imu ["OP13-079">OP13-079][5000] vs Vasco Shot ["OP16-110">OP16-110][2000]
[Opponent] Vasco Shot ["OP16-110">OP16-110] Destroyed
RZ1|172|2|OP16-110|2|0|6|8|1|1|0|0|0
RZ1|CHK|172|2|32|5|0|4|6|3|9|0|1|1
[] Drew card from deck: You're the one who should disappear! ["OP06-115">OP06-115]
RZ1|173|2|OP06-115|0|31|1|5|1|1|0|0|0
RZ1|CHK|173|2|31|6|0|4|6|3|9|0|1|1
[Opponent] Vasco Shot ["OP16-110">OP16-110]: Draw 1 Card
[Opponent] Vasco Shot ["OP16-110">OP16-110]: Rest St. Jaygarcia Saturn ["OP13-083">OP13-083]
RZ1|174|1|Don|5|3|5|3|1|1|1|0|0
RZ1|CHK|174|1|31|7|1|3|5|5|7|1|1|0
RZ1|175|1|Don|5|4|5|4|1|1|1|0|0
RZ1|CHK|175|1|31|7|1|3|5|5|7|1|1|0
[You] Deploy St. Mjosgard ["OP13-092">OP13-092]
RZ1|176|1|OP13-092|1|3|2|1|1|1|0|0|0
RZ1|CHK|176|1|31|6|2|3|5|5|7|1|1|0
[] Hand: [OP13-084,OP13-098,OP13-082,OP13-084,OP13-083,OP13-098]
[] Board: [OP13-083,OP13-092]
[] Trash: [OP13-096,OP13-091,OP16-093,OP13-092,OP13-089,OP14-096,OP13-080]
[] Life: 3
[] Hand: [OP16-116,OP09-086,OP16-104,OP16-119,OP16-119,OP06-115]
[] Trash: [OP09-095,OP09-096,OP16-116,OP12-119,OP09-096,OP12-112,OP16-109,OP12-112,OP16-110]
[] Board: []
[] Life: 4
[You] End Turn
[] Hand: [OP16-116,OP09-086,OP16-104,OP16-119,OP16-119,OP06-115]
[] Board: []
[] Trash: [OP09-095,OP09-096,OP16-116,OP12-119,OP09-096,OP12-112,OP16-109,OP12-112,OP16-110]
[] Life: 4
[] Hand: [OP13-084,OP13-098,OP13-082,OP13-084,OP13-083,OP13-098]
[] Trash: [OP13-096,OP13-091,OP16-093,OP13-092,OP13-089,OP14-096,OP13-080]
[] Board: [OP13-083,OP13-092]
[] Life: 3
RZ1|177|2|Don|9|9900|5|0|1|1|1|0|0
RZ1|CHK|177|2|31|6|0|4|6|4|9|0|1|0
[Opponent] Draw 1 Card
[] Drew card from deck: Doc Q ["OP16-109">OP16-109]
RZ1|178|2|OP16-109|0|30|1|6|1|1|0|0|0
RZ1|CHK|178|2|30|7|0|4|6|4|9|0|1|0
RZ1|179|2|Don|4|5|5|4|1|1|0|0|0
RZ1|CHK|179|2|30|7|0|4|5|5|9|0|1|0
RZ1|180|2|Don|4|4|5|5|1|1|0|0|0
RZ1|CHK|180|2|30|7|0|4|4|6|9|0|1|0
[Opponent] Draw 2 Don
RZ1|181|2|Don|5|0|5|0|1|1|1|0|0
RZ1|CHK|181|2|30|7|0|4|4|6|9|0|1|0
RZ1|182|2|Don|5|1|5|1|1|1|1|0|0
RZ1|CHK|182|2|30|7|0|4|4|6|9|0|1|0
RZ1|183|2|Don|5|2|5|2|1|1|1|0|0
RZ1|CHK|183|2|30|7|0|4|4|6|9|0|1|0
RZ1|184|2|Don|5|3|5|3|1|1|1|0|0
RZ1|CHK|184|2|30|7|0|4|4|6|9|0|1|0
[Opponent] Deploy Jesus Burgess ["OP09-086">OP09-086]
RZ1|185|2|OP09-086|1|1|2|0|1|1|0|2000|0
RZ1|CHK|185|2|30|6|1|4|4|6|9|0|1|0
[Opponent] Attach 1 Don to Marshall D. Teach ["OP16-080">OP16-080] (1 Total)
RZ1|186|2|Don|5|5|9|9900|1|1|0|0|0
RZ1|CHK|186|2|30|6|1|4|4|5|9|0|1|1
[Opponent] Attach 1 Don to Marshall D. Teach ["OP16-080">OP16-080] (2 Total)
RZ1|187|2|Don|5|4|9|9901|1|1|0|0|0
RZ1|CHK|187|2|30|6|1|4|4|4|9|0|1|2
[Opponent] Marshall D. Teach ["OP16-080">OP16-080] attacking St. Jaygarcia Saturn ["OP13-083">OP13-083]
Marshall D. Teach ["OP16-080">OP16-080][7000] vs St. Jaygarcia Saturn ["OP13-083">OP13-083][5000]
[You] St. Jaygarcia Saturn ["OP13-083">OP13-083] Destroyed
RZ1|188|1|OP13-083|2|0|6|7|1|1|0|0|0
RZ1|CHK|188|1|31|6|1|3|5|5|8|1|1|0
[] Hand: [OP16-116,OP16-104,OP16-119,OP16-119,OP06-115,OP16-109]
[] Board: [OP09-086]
[] Trash: [OP09-095,OP09-096,OP16-116,OP12-119,OP09-096,OP12-112,OP16-109,OP12-112,OP16-110]
[] Life: 4
[] Hand: [OP13-084,OP13-098,OP13-082,OP13-084,OP13-083,OP13-098]
[] Trash: [OP13-096,OP13-091,OP16-093,OP13-092,OP13-089,OP14-096,OP13-080,OP13-083]
[] Board: [OP13-092]
[] Life: 3
[Opponent] End Turn
[] Hand: [OP13-084,OP13-098,OP13-082,OP13-084,OP13-083,OP13-098]
[] Board: [OP13-092]
[] Trash: [OP13-096,OP13-091,OP16-093,OP13-092,OP13-089,OP14-096,OP13-080,OP13-083]
[] Life: 3
[] Hand: [OP16-116,OP16-104,OP16-119,OP16-119,OP06-115,OP16-109]
[] Trash: [OP09-095,OP09-096,OP16-116,OP12-119,OP09-096,OP12-112,OP16-109,OP12-112,OP16-110]
[] Board: [OP09-086]
[] Life: 4
[You] Draw 1 Card
[] Drew card from deck: St. Marcus Mars ["OP13-091">OP13-091]
RZ1|189|1|OP13-091|0|30|1|6|1|1|0|0|0
RZ1|CHK|189|1|30|7|1|3|5|5|8|1|1|0
RZ1|190|1|Don|4|4|5|5|1|1|0|0|0
RZ1|CHK|190|1|30|7|1|3|4|6|8|1|1|0
RZ1|191|1|Don|4|3|5|6|1|1|0|0|0
RZ1|CHK|191|1|30|7|1|3|3|7|8|1|1|0
[You] Draw 2 Don
[You] The Empty Throne ["OP13-099">OP13-099]: Rest 3 Don
RZ1|192|1|Don|5|0|5|0|1|1|1|0|0
RZ1|CHK|192|1|30|7|1|3|3|7|8|1|1|0
RZ1|193|1|Don|5|1|5|1|1|1|1|0|0
RZ1|CHK|193|1|30|7|1|3|3|7|8|1|1|0
RZ1|194|1|Don|5|2|5|2|1|1|1|0|0
RZ1|CHK|194|1|30|7|1|3|3|7|8|1|1|0
[You] The Empty Throne ["OP13-099">OP13-099]: Rest The Empty Throne ["OP13-099">OP13-099]
RZ1|195|1|OP13-091|1|6|2|1|1|1|0|0|0
RZ1|CHK|195|1|30|6|2|3|3|7|8|1|1|0
[You] The Empty Throne ["OP13-099">OP13-099]: Deploy St. Marcus Mars ["OP13-091">OP13-091]
RZ1|196|1|Don|5|3|5|3|1|1|1|0|0
RZ1|CHK|196|1|30|6|2|3|3|7|8|1|1|0
RZ1|197|1|Don|5|4|5|4|1|1|1|0|0
RZ1|CHK|197|1|30|6|2|3|3|7|8|1|1|0
RZ1|198|1|Don|5|5|5|5|1|1|1|0|0
RZ1|CHK|198|1|30|6|2|3|3|7|8|1|1|0
RZ1|199|1|Don|5|6|5|6|1|1|1|0|0
RZ1|CHK|199|1|30|6|2|3|3|7|8|1|1|0
[You] Deploy St. Jaygarcia Saturn ["OP13-083">OP13-083]
RZ1|200|1|OP13-083|1|4|2|2|1|1|0|0|0
RZ1|CHK|200|1|30|5|3|3|3|7|8|1|1|0
RZ1|201|1|OP13-089|0|29|1|5|1|1|0|0|0
RZ1|CHK|201|1|29|6|3|3|3|7|8|1|1|0
[You] St. Jaygarcia Saturn ["OP13-083">OP13-083]: <b>Reveal and Draw St. Topman Warcury ["OP13-089">OP13-089]</b>
[You] Placing Cards on Bottom of Deck
RZ1|202|1|OP13-089|0|28|0|0|0|0|0|0|0
RZ1|CHK|202|1|29|6|3|3|3|7|8|1|1|0
RZ1|203|1|OP16-093|0|28|0|0|0|0|0|0|0
RZ1|CHK|203|1|29|6|3|3|3|7|8|1|1|0
RZ1|204|1|OP13-089|0|28|0|0|0|0|0|0|0
RZ1|CHK|204|1|29|6|3|3|3|7|8|1|1|0
RZ1|205|1|OP13-080|0|28|0|0|0|0|0|0|0
RZ1|CHK|205|1|29|6|3|3|3|7|8|1|1|0
RZ1|206|1|OP13-089|1|5|6|8|1|1|0|0|0
RZ1|CHK|206|1|29|5|3|3|3|7|9|1|1|0
[You] Imu ["OP13-079">OP13-079]: Trash St. Topman Warcury ["OP13-089">OP13-089]
[] Drew card from deck: St. Marcus Mars ["OP13-091">OP13-091]
RZ1|207|1|OP13-091|0|28|1|5|1|1|0|0|0
RZ1|CHK|207|1|28|6|3|3|3|7|9|1|1|0
[You] Imu ["OP13-079">OP13-079]: Draw 1 Card
[You] Imu ["OP13-079">OP13-079] attacking Marshall D. Teach ["OP16-080">OP16-080]
Imu ["OP13-079">OP13-079][5000] vs Marshall D. Teach ["OP16-080">OP16-080][5000]
Marshall D. Teach ["OP16-080">OP16-080] hit for 1 damage
RZ1|208|2|OP06-115|3|3|1|6|1|1|0|0|0
RZ1|CHK|208|2|30|7|1|3|4|4|9|0|1|2
[] Hand: [OP13-084,OP13-098,OP13-082,OP13-084,OP13-098,OP13-091]
[] Board: [OP13-092,OP13-091,OP13-083]
[] Trash: [OP13-096,OP13-091,OP16-093,OP13-092,OP13-089,OP14-096,OP13-080,OP13-083,OP13-089]
[] Life: 3
[] Hand: [OP16-116,OP16-104,OP16-119,OP16-119,OP06-115,OP16-109,OP06-115]
[] Trash: [OP09-095,OP09-096,OP16-116,OP12-119,OP09-096,OP12-112,OP16-109,OP12-112,OP16-110]
[] Board: [OP09-086]
[] Life: 3
[You] End Turn
[] Hand: [OP16-116,OP16-104,OP16-119,OP16-119,OP06-115,OP16-109,OP06-115]
[] Board: [OP09-086]
[] Trash: [OP09-095,OP09-096,OP16-116,OP12-119,OP09-096,OP12-112,OP16-109,OP12-112,OP16-110]
[] Life: 3
[] Hand: [OP13-084,OP13-098,OP13-082,OP13-084,OP13-098,OP13-091]
[] Trash: [OP13-096,OP13-091,OP16-093,OP13-092,OP13-089,OP14-096,OP13-080,OP13-083,OP13-089]
[] Board: [OP13-092,OP13-091,OP13-083]
[] Life: 3
RZ1|209|2|Don|9|9900|5|0|1|1|1|0|0
RZ1|CHK|209|2|30|7|1|3|4|5|9|0|1|1
RZ1|210|2|Don|9|9900|5|0|1|1|1|0|0
RZ1|CHK|210|2|30|7|1|3|4|6|9|0|1|0
[Opponent] Draw 1 Card
[] Drew card from deck: Marshall D. Teach ["OP09-093">OP09-093]
RZ1|211|2|OP09-093|0|29|1|7|1|1|0|0|0
RZ1|CHK|211|2|29|8|1|3|4|6|9|0|1|0
RZ1|212|2|Don|4|3|5|6|1|1|0|0|0
RZ1|CHK|212|2|29|8|1|3|3|7|9|0|1|0
RZ1|213|2|Don|4|2|5|7|1|1|0|0|0
RZ1|CHK|213|2|29|8|1|3|2|8|9|0|1|0
[Opponent] Draw 2 Don
RZ1|214|2|Don|5|0|5|0|1|1|1|0|0
RZ1|CHK|214|2|29|8|1|3|2|8|9|0|1|0
RZ1|215|2|Don|5|1|5|1|1|1|1|0|0
RZ1|CHK|215|2|29|8|1|3|2|8|9|0|1|0
RZ1|216|2|Don|5|2|5|2|1|1|1|0|0
RZ1|CHK|216|2|29|8|1|3|2|8|9|0|1|0
RZ1|217|2|Don|5|3|5|3|1|1|1|0|0
RZ1|CHK|217|2|29|8|1|3|2|8|9|0|1|0
RZ1|218|2|Don|5|4|5|4|1|1|1|0|0
RZ1|CHK|218|2|29|8|1|3|2|8|9|0|1|0
RZ1|219|2|Don|5|5|5|5|1|1|1|0|0
RZ1|CHK|219|2|29|8|1|3|2|8|9|0|1|0
RZ1|220|2|Don|5|6|5|6|1|1|1|0|0
RZ1|CHK|220|2|29|8|1|3|2|8|9|0|1|0
RZ1|221|2|Don|5|7|5|7|1|1|1|0|0
RZ1|CHK|221|2|29|8|1|3|2|8|9|0|1|0
[Opponent] Deploy Marshall D. Teach ["OP16-119">OP16-119]
RZ1|222|2|OP16-119|1|3|2|1|1|1|0|0|0
RZ1|CHK|222|2|29|7|2|3|2|8|9|0|1|0
[Opponent] Marshall D. Teach ["OP16-119">OP16-119]: Added card to top of Life from Hand
RZ1|223|2|OP16-108|0|27|3|3|0|1|0|0|0
RZ1|CHK|223|2|28|7|2|4|2|8|9|0|1|0
[Opponent] Placing Cards on Bottom of Deck
RZ1|224|2|OP16-115|0|27|0|0|0|0|0|0|0
RZ1|CHK|224|2|28|7|2|4|2|8|9|0|1|0
RZ1|225|2|OP16-108|0|27|0|0|0|0|0|0|0
RZ1|CHK|225|2|28|7|2|4|2|8|9|0|1|0
[Opponent] Marshall D. Teach ["OP16-080">OP16-080] attacking Imu ["OP13-079">OP13-079]
[You] Discard St. Shepherd Ju Peter ["OP13-084">OP13-084] for Counter 2000
RZ1|226|1|OP13-084|1|0|6|9|1|1|0|0|0
RZ1|CHK|226|1|28|5|3|3|3|7|10|1|1|0
Marshall D. Teach ["OP16-080">OP16-080][5000] vs Imu ["OP13-079">OP13-079][7000]
Attack Fails
[Opponent] Jesus Burgess ["OP09-086">OP09-086] attacking Imu ["OP13-079">OP13-079]
Jesus Burgess ["OP09-086">OP09-086][7000] vs Imu ["OP13-079">OP13-079][5000]
Imu ["OP13-079">OP13-079] hit for 1 damage
RZ1|227|1|OP13-082|3|2|1|5|1|1|0|0|0
RZ1|CHK|227|1|28|6|3|2|3|7|10|1|1|0
[] Hand: [OP16-116,OP16-104,OP16-119,OP06-115,OP16-109,OP06-115,OP09-093]
[] Board: [OP09-086,OP16-119]
[] Trash: [OP09-095,OP09-096,OP16-116,OP12-119,OP09-096,OP12-112,OP16-109,OP12-112,OP16-110]
[] Life: 4
[] Hand: [OP13-098,OP13-082,OP13-084,OP13-098,OP13-091,OP13-082]
[] Trash: [OP13-096,OP13-091,OP16-093,OP13-092,OP13-089,OP14-096,OP13-080,OP13-083,OP13-089,OP13-084]
[] Board: [OP13-092,OP13-091,OP13-083]
[] Life: 2
[Opponent] End Turn
[] Hand: [OP13-098,OP13-082,OP13-084,OP13-098,OP13-091,OP13-082]
[] Board: [OP13-092,OP13-091,OP13-083]
[] Trash: [OP13-096,OP13-091,OP16-093,OP13-092,OP13-089,OP14-096,OP13-080,OP13-083,OP13-089,OP13-084]
[] Life: 2
[] Hand: [OP16-116,OP16-104,OP16-119,OP06-115,OP16-109,OP06-115,OP09-093]
[] Trash: [OP09-095,OP09-096,OP16-116,OP12-119,OP09-096,OP12-112,OP16-109,OP12-112,OP16-110]
[] Board: [OP09-086,OP16-119]
[] Life: 4
[You] Draw 1 Card
[] Drew card from deck: Ground Death ["OP14-096">OP14-096]
RZ1|228|1|OP14-096|0|27|1|6|1|1|0|0|0
RZ1|CHK|228|1|27|7|3|2|3|7|10|1|1|0
RZ1|229|1|Don|4|2|5|7|1|1|0|0|0
RZ1|CHK|229|1|27|7|3|2|2|8|10|1|1|0
RZ1|230|1|Don|4|1|5|8|1|1|0|0|0
RZ1|CHK|230|1|27|7|3|2|1|9|10|1|1|0
[You] Draw 2 Don
RZ1|231|1|Don|5|0|9|200|1|1|0|0|0
RZ1|CHK|231|1|27|7|3|2|1|8|10|1|1|1
RZ1|232|1|Don|5|0|9|201|1|1|0|0|0
RZ1|CHK|232|1|27|7|3|2|1|7|10|1|1|2
[You] St. Jaygarcia Saturn ["OP13-083">OP13-083] attacking Jesus Burgess ["OP09-086">OP09-086]
[Opponent] Discard Catarina Devon ["OP16-104">OP16-104] for Counter 2000
RZ1|233|2|OP16-104|1|1|6|9|1|1|0|0|0
RZ1|CHK|233|2|28|6|2|4|2|8|10|0|1|0
St. Jaygarcia Saturn ["OP13-083">OP13-083][7000] vs Jesus Burgess ["OP09-086">OP09-086][9000]
Attack Fails
RZ1|234|1|Don|5|0|9|9900|1|1|0|0|0
RZ1|CHK|234|1|27|7|3|2|1|6|10|1|1|3
RZ1|235|1|Don|5|0|9|9901|1|1|0|0|0
RZ1|CHK|235|1|27|7|3|2|1|5|10|1|1|4
RZ1|236|1|Don|5|0|9|9902|1|1|0|0|0
RZ1|CHK|236|1|27|7|3|2|1|4|10|1|1|5
[You] Imu ["OP13-079">OP13-079] attacking Jesus Burgess ["OP09-086">OP09-086]
[Opponent] Discard Doc Q ["OP16-109">OP16-109] for Counter 2000
RZ1|237|2|OP16-109|1|3|6|10|1|1|0|0|0
RZ1|CHK|237|2|28|5|2|4|2|8|11|0|1|0
Imu ["OP13-079">OP13-079][8000] vs Jesus Burgess ["OP09-086">OP09-086][9000]
Attack Fails
RZ1|238|1|Don|5|0|9|100|1|1|0|0|0
RZ1|CHK|238|1|27|7|3|2|1|3|10|1|1|6
RZ1|239|1|Don|5|0|9|101|1|1|0|0|0
RZ1|CHK|239|1|27|7|3|2|1|2|10|1|1|7
[You] St. Marcus Mars ["OP13-091">OP13-091] attacking Jesus Burgess ["OP09-086">OP09-086]
RZ1|240|2|OP06-115|1|3|6|11|1|1|0|0|0
RZ1|CHK|240|2|28|4|2|4|2|8|12|0|1|0
[Opponent] Marshall D. Teach ["OP16-080">OP16-080]: Trash You're the one who should disappear! ["OP06-115">OP06-115]
[Opponent] Marshall D. Teach ["OP16-080">OP16-080]: Target of Attack changed to Marshall D. Teach ["OP16-119">OP16-119]
St. Marcus Mars ["OP13-091">OP13-091][7000] vs Marshall D. Teach ["OP16-119">OP16-119][10000]
Attack Fails
RZ1|241|1|OP13-091|1|4|6|10|1|1|0|0|0
RZ1|CHK|241|1|27|6|3|2|1|2|11|1|1|7
[You] Imu ["OP13-079">OP13-079]: Trash St. Marcus Mars ["OP13-091">OP13-091]
[] Drew card from deck: St. Mjosgard ["OP13-092">OP13-092]
RZ1|242|1|OP13-092|0|26|1|6|1|1|0|0|0
RZ1|CHK|242|1|26|7|3|2|1|2|11|1|1|7
[You] Imu ["OP13-079">OP13-079]: Draw 1 Card
[] Hand: [OP13-098,OP13-082,OP13-084,OP13-098,OP13-082,OP14-096,OP13-092]
[] Board: [OP13-092,OP13-091,OP13-083]
[] Trash: [OP13-096,OP13-091,OP16-093,OP13-092,OP13-089,OP14-096,OP13-080,OP13-083,OP13-089,OP13-084,OP13-091]
[] Life: 2
[] Hand: [OP16-116,OP16-119,OP06-115,OP09-093]
[] Trash: [OP09-095,OP09-096,OP16-116,OP12-119,OP09-096,OP12-112,OP16-109,OP12-112,OP16-110,OP16-104,OP16-109,OP06-115]
[] Board: [OP09-086,OP16-119]
[] Life: 4
[You] End Turn
[] Hand: [OP16-116,OP16-119,OP06-115,OP09-093]
[] Board: [OP09-086,OP16-119]
[] Trash: [OP09-095,OP09-096,OP16-116,OP12-119,OP09-096,OP12-112,OP16-109,OP12-112,OP16-110,OP16-104,OP16-109,OP06-115]
[] Life: 4
[] Hand: [OP13-098,OP13-082,OP13-084,OP13-098,OP13-082,OP14-096,OP13-092]
[] Trash: [OP13-096,OP13-091,OP16-093,OP13-092,OP13-089,OP14-096,OP13-080,OP13-083,OP13-089,OP13-084,OP13-091]
[] Board: [OP13-092,OP13-091,OP13-083]
[] Life: 2
[Opponent] Draw 1 Card
[] Drew card from deck: Fullalead ["OP09-099">OP09-099]
RZ1|243|2|OP09-099|0|27|1|4|1|1|0|0|0
RZ1|CHK|243|2|27|5|2|4|2|8|12|0|1|0
RZ1|244|2|Don|4|1|5|8|1|1|0|0|0
RZ1|CHK|244|2|27|5|2|4|1|9|12|0|1|0
RZ1|245|2|Don|4|0|5|9|1|1|0|0|0
RZ1|CHK|245|2|27|5|2|4|0|10|12|0|1|0
[Opponent] Draw 2 Don
[Opponent] ZEHAHAHAHA ["OP16-116">OP16-116]: Rest 8 Don
RZ1|246|2|Don|5|0|5|0|1|1|1|0|0
RZ1|CHK|246|2|27|5|2|4|0|10|12|0|1|0
RZ1|247|2|Don|5|1|5|1|1|1|1|0|0
RZ1|CHK|247|2|27|5|2|4|0|10|12|0|1|0
RZ1|248|2|Don|5|2|5|2|1|1|1|0|0
RZ1|CHK|248|2|27|5|2|4|0|10|12|0|1|0
RZ1|249|2|Don|5|3|5|3|1|1|1|0|0
RZ1|CHK|249|2|27|5|2|4|0|10|12|0|1|0
RZ1|250|2|Don|5|4|5|4|1|1|1|0|0
RZ1|CHK|250|2|27|5|2|4|0|10|12|0|1|0
RZ1|251|2|Don|5|5|5|5|1|1|1|0|0
RZ1|CHK|251|2|27|5|2|4|0|10|12|0|1|0
RZ1|252|2|Don|5|6|5|6|1|1|1|0|0
RZ1|CHK|252|2|27|5|2|4|0|10|12|0|1|0
RZ1|253|2|Don|5|7|5|7|1|1|1|0|0
RZ1|CHK|253|2|27|5|2|4|0|10|12|0|1|0
RZ1|254|2|OP16-116|1|0|6|12|1|1|0|0|0
RZ1|CHK|254|2|27|4|2|4|0|10|13|0|1|0
RZ1|255|2|OP09-093|1|2|2|2|1|1|0|0|0
RZ1|CHK|255|2|27|3|3|4|0|10|13|0|1|0
[Opponent] ZEHAHAHAHA ["OP16-116">OP16-116]: Deploy Marshall D. Teach ["OP09-093">OP09-093]
[Opponent] ZEHAHAHAHA ["OP16-116">OP16-116]: Send 1 Life to Hand
RZ1|256|1|OP13-084|3|1|1|7|1|1|0|0|0
RZ1|CHK|256|1|26|8|3|1|1|2|11|1|1|7
[Opponent] Marshall D. Teach ["OP09-093">OP09-093]: Nullify effects of Imu ["OP13-079">OP13-079]
[Opponent] Marshall D. Teach ["OP09-093">OP09-093]: St. Marcus Mars ["OP13-091">OP13-091] can't attack next turn
[Opponent] Marshall D. Teach ["OP09-093">OP09-093]: Nullify effects of St. Marcus Mars ["OP13-091">OP13-091] until next turn end!
[Opponent] Attach 1 Don to Marshall D. Teach ["OP16-080">OP16-080] (1 Total)
RZ1|257|2|Don|5|9|9|9900|1|1|0|0|0
RZ1|CHK|257|2|27|3|3|4|0|9|13|0|1|1
[Opponent] Attach 1 Don to Marshall D. Teach ["OP16-080">OP16-080] (2 Total)
RZ1|258|2|Don|5|8|9|9901|1|1|0|0|0
RZ1|CHK|258|2|27|3|3|4|0|8|13|0|1|2
[Opponent] Marshall D. Teach ["OP16-080">OP16-080] attacking Imu ["OP13-079">OP13-079]
[You] Discard ...Never Existed... ["OP13-098">OP13-098] for Counter 0
RZ1|259|1|OP13-098|1|0|6|11|1|1|0|0|0
RZ1|CHK|259|1|26|7|3|1|1|2|12|1|1|7
Marshall D. Teach ["OP16-080">OP16-080][7000] vs Imu ["OP13-079">OP13-079][5000]
Imu ["OP13-079">OP13-079] hit for 1 damage
RZ1|260|1|OP14-096|3|0|1|7|1|1|0|0|0
RZ1|CHK|260|1|26|8|3|0|1|2|12|1|1|7
[Opponent] Jesus Burgess ["OP09-086">OP09-086] attacking Imu ["OP13-079">OP13-079]
[You] Discard ...Never Existed... ["OP13-098">OP13-098] for Counter 0
RZ1|261|1|OP13-098|1|2|6|12|1|1|0|0|0
RZ1|CHK|261|1|26|7|3|0|1|2|13|1|1|7
Jesus Burgess ["OP09-086">OP09-086][8000] vs Imu ["OP13-079">OP13-079][5000]
Imu ["OP13-079">OP13-079] hit for 1 damage
RZ1|HDR|1.41b|2|RZ1
RZ1|PLY|1||OP13-079
RZ1|PLY|2||OP16-080
RZ1|1|2|Don|9|9900|5|0|1|1|1|0|0
RZ1|CHK|1|2|27|3|3|4|0|9|13|0|1|1
RZ1|2|2|Don|9|9900|5|0|1|1|1|0|0
RZ1|CHK|2|2|27|3|3|4|0|10|13|0|1|0
RZ1|3|1|Don|9|9900|5|0|1|1|1|0|0
RZ1|CHK|3|1|26|7|3|0|1|3|13|1|1|6
RZ1|4|1|Don|9|9900|5|0|1|1|1|0|0
RZ1|CHK|4|1|26|7|3|0|1|4|13|1|1|5
RZ1|5|1|Don|9|9900|5|0|1|1|1|0|0
RZ1|CHK|5|1|26|7|3|0|1|5|13|1|1|4
RZ1|6|1|Don|9|100|5|0|1|1|1|0|0
RZ1|CHK|6|1|26|7|3|0|1|6|13|1|1|3
RZ1|7|1|Don|9|100|5|0|1|1|1|0|0
RZ1|CHK|7|1|26|7|3|0|1|7|13|1|1|2
RZ1|8|1|Don|9|200|5|0|1|1|1|0|0
RZ1|CHK|8|1|26|7|3|0|1|8|13|1|1|1
RZ1|9|1|Don|9|200|5|0|1|1|1|0|0
RZ1|CHK|9|1|26|7|3|0|1|9|13|1|1|0
Version is 1.41b.12
[You] Leader is Imu ["OP13-079">OP13-079]
[Opponent] Leader is Marshall D. Teach ["OP16-080">OP16-080]
RZ1|10|2|OP09-099|0|47|0|0|0|0|0|0|0
RZ1|CHK|10|2|50|0|0|0|10|0|0|0|1|0
RZ1|11|2|OP09-093|0|12|0|1|0|0|0|0|0
RZ1|CHK|11|2|50|0|0|0|10|0|0|0|1|0
RZ1|12|2|OP16-104|0|26|0|2|0|0|0|0|0
RZ1|CHK|12|2|50|0|0|0|10|0|0|0|1|0
RZ1|13|2|OP16-110|0|19|0|3|0|0|0|0|0
RZ1|CHK|13|2|50|0|0|0|10|0|0|0|1|0
RZ1|14|2|OP16-110|0|22|0|4|0|0|0|0|0
RZ1|CHK|14|2|50|0|0|0|10|0|0|0|1|0
RZ1|15|2|OP09-096|0|41|0|5|0|0|0|0|0
RZ1|CHK|15|2|50|0|0|0|10|0|0|0|1|0
RZ1|16|2|OP16-119|0|36|0|6|0|0|0|0|0
RZ1|CHK|16|2|50|0|0|0|10|0|0|0|1|0
RZ1|17|2|OP06-115|0|42|0|7|0|0|0|0|0
RZ1|CHK|17|2|50|0|0|0|10|0|0|0|1|0
RZ1|18|2|OP16-108|0|36|0|8|0|0|0|0|0
RZ1|CHK|18|2|50|0|0|0|10|0|0|0|1|0
RZ1|19|2|OP16-108|0|36|0|9|0|0|0|0|0
RZ1|CHK|19|2|50|0|0|0|10|0|0|0|1|0
RZ1|20|2|OP12-112|0|29|0|10|0|0|0|0|0
RZ1|CHK|20|2|50|0|0|0|10|0|0|0|1|0
RZ1|21|2|OP09-095|0|12|0|11|0|0|0|0|0
RZ1|CHK|21|2|50|0|0|0|10|0|0|0|1|0
RZ1|22|2|OP09-095|0|14|0|12|0|0|0|0|0
RZ1|CHK|22|2|50|0|0|0|10|0|0|0|1|0
RZ1|23|2|OP16-119|0|38|0|13|0|0|0|0|0
RZ1|CHK|23|2|50|0|0|0|10|0|0|0|1|0
RZ1|24|2|OP16-119|0|39|0|14|0|0|0|0|0
RZ1|CHK|24|2|50|0|0|0|10|0|0|0|1|0
RZ1|25|2|OP09-086|0|18|0|15|0|0|0|0|0
RZ1|CHK|25|2|50|0|0|0|10|0|0|0|1|0
RZ1|26|2|OP09-099|0|49|0|16|0|0|0|0|0
RZ1|CHK|26|2|50|0|0|0|10|0|0|0|1|0
RZ1|27|2|OP16-110|0|31|0|17|0|0|0|0|0
RZ1|CHK|27|2|50|0|0|0|10|0|0|0|1|0
RZ1|28|2|OP09-096|0|42|0|18|0|0|0|0|0
RZ1|CHK|28|2|50|0|0|0|10|0|0|0|1|0
RZ1|29|2|OP16-108|0|39|0|19|0|0|0|0|0
RZ1|CHK|29|2|50|0|0|0|10|0|0|0|1|0
RZ1|30|2|OP09-093|0|27|0|20|0|0|0|0|0
RZ1|CHK|30|2|50|0|0|0|10|0|0|0|1|0
RZ1|31|2|OP16-102|0|28|0|21|0|0|0|0|0
RZ1|CHK|31|2|50|0|0|0|10|0|0|0|1|0
RZ1|32|2|OP06-115|0|44|0|22|0|0|0|0|0
RZ1|CHK|32|2|50|0|0|0|10|0|0|0|1|0
RZ1|33|2|OP16-104|0|37|0|23|0|0|0|0|0
RZ1|CHK|33|2|50|0|0|0|10|0|0|0|1|0
RZ1|34|2|OP16-115|0|46|0|24|0|0|0|0|0
RZ1|CHK|34|2|50|0|0|0|10|0|0|0|1|0
RZ1|35|2|OP09-099|0|49|0|25|0|0|0|0|0
RZ1|CHK|35|2|50|0|0|0|10|0|0|0|1|0
RZ1|36|2|OP16-108|0|43|0|26|0|0|0|0|0
RZ1|CHK|36|2|50|0|0|0|10|0|0|0|1|0
RZ1|37|2|OP16-109|0|36|0|27|0|0|0|0|0
RZ1|CHK|37|2|50|0|0|0|10|0|0|0|1|0
RZ1|38|2|OP16-104|0|40|0|28|0|0|0|0|0
RZ1|CHK|38|2|50|0|0|0|10|0|0|0|1|0
RZ1|39|2|OP16-119|0|44|0|29|0|0|0|0|0
RZ1|CHK|39|2|50|0|0|0|10|0|0|0|1|0
RZ1|40|2|OP09-093|0|36|0|30|0|0|0|0|0
RZ1|CHK|40|2|50|0|0|0|10|0|0|0|1|0
RZ1|41|2|OP09-086|0|34|0|31|0|0|0|0|0
RZ1|CHK|41|2|50|0|0|0|10|0|0|0|1|0
RZ1|42|2|OP09-086|0|35|0|32|0|0|0|0|0
RZ1|CHK|42|2|50|0|0|0|10|0|0|0|1|0
RZ1|43|2|OP12-119|0|44|0|33|0|0|0|0|0
RZ1|CHK|43|2|50|0|0|0|10|0|0|0|1|0
RZ1|44|2|OP09-096|0|45|0|34|0|0|0|0|0
RZ1|CHK|44|2|50|0|0|0|10|0|0|0|1|0
RZ1|45|2|OP16-104|0|44|0|35|0|0|0|0|0
RZ1|CHK|45|2|50|0|0|0|10|0|0|0|1|0
RZ1|46|2|OP16-109|0|40|0|36|0|0|0|0|0
RZ1|CHK|46|2|50|0|0|0|10|0|0|0|1|0
RZ1|47|2|OP09-096|0|46|0|37|0|0|0|0|0
RZ1|CHK|47|2|50|0|0|0|10|0|0|0|1|0
RZ1|48|2|OP16-109|0|42|0|40|0|0|0|0|0
RZ1|CHK|48|2|50|0|0|0|10|0|0|0|1|0
RZ1|49|2|OP16-110|0|44|0|42|0|0|0|0|0
RZ1|CHK|49|2|50|0|0|0|10|0|0|0|1|0
RZ1|50|2|OP16-115|0|47|0|43|0|0|0|0|0
RZ1|CHK|50|2|50|0|0|0|10|0|0|0|1|0
RZ1|51|2|OP16-116|0|49|0|44|0|0|0|0|0
RZ1|CHK|51|2|50|0|0|0|10|0|0|0|1|0
RZ1|52|2|OP16-116|0|49|0|45|0|0|0|0|0
RZ1|CHK|52|2|50|0|0|0|10|0|0|0|1|0
RZ1|53|2|OP16-109|0|47|0|46|0|0|0|0|0
RZ1|CHK|53|2|50|0|0|0|10|0|0|0|1|0
RZ1|54|2|OP12-112|0|48|0|47|0|0|0|0|0
RZ1|CHK|54|2|50|0|0|0|10|0|0|0|1|0
RZ1|55|1|OP13-099|0|27|7|0|1|1|0|0|0
RZ1|CHK|55|1|49|0|0|0|10|0|0|1|1|0
[You] Imu ["OP13-079">OP13-079]: Deploy The Empty Throne ["OP13-099">OP13-099]
RZ1|56|1|OP13-096|0|21|0|0|0|0|0|0|0
RZ1|CHK|56|1|49|0|0|0|10|0|0|1|1|0
RZ1|57|1|OP13-096|0|10|0|1|0|0|0|0|0
RZ1|CHK|57|1|49|0|0|0|10|0|0|1|1|0
RZ1|58|1|OP13-086|0|22|0|2|0|0|0|0|0
RZ1|CHK|58|1|49|0|0|0|10|0|0|1|1|0
RZ1|59|1|OP13-092|0|48|0|3|0|0|0|0|0
RZ1|CHK|59|1|49|0|0|0|10|0|0|1|1|0
RZ1|60|1|OP14-096|0|30|0|4|0|0|0|0|0
RZ1|CHK|60|1|49|0|0|0|10|0|0|1|1|0
RZ1|61|1|OP13-091|0|48|0|5|0|0|0|0|0
RZ1|CHK|61|1|49|0|0|0|10|0|0|1|1|0
RZ1|62|1|OP13-096|0|27|0|6|0|0|0|0|0
RZ1|CHK|62|1|49|0|0|0|10|0|0|1|1|0
RZ1|63|1|OP14-096|0|9|0|7|0|0|0|0|0
RZ1|CHK|63|1|49|0|0|0|10|0|0|1|1|0
RZ1|64|1|OP13-086|0|35|0|8|0|0|0|0|0
RZ1|CHK|64|1|49|0|0|0|10|0|0|1|1|0
RZ1|65|1|OP13-082|0|11|0|9|0|0|0|0|0
RZ1|CHK|65|1|49|0|0|0|10|0|0|1|1|0
RZ1|66|1|OP13-086|0|27|0|10|0|0|0|0|0
RZ1|CHK|66|1|49|0|0|0|10|0|0|1|1|0
RZ1|67|1|OP13-091|0|35|0|11|0|0|0|0|0
RZ1|CHK|67|1|49|0|0|0|10|0|0|1|1|0
RZ1|68|1|OP13-084|0|31|0|12|0|0|0|0|0
RZ1|CHK|68|1|49|0|0|0|10|0|0|1|1|0
RZ1|69|1|OP14-096|0|21|0|13|0|0|0|0|0
RZ1|CHK|69|1|49|0|0|0|10|0|0|1|1|0
RZ1|70|1|OP13-091|0|21|0|14|0|0|0|0|0
RZ1|CHK|70|1|49|0|0|0|10|0|0|1|1|0
RZ1|71|1|OP13-083|0|23|0|15|0|0|0|0|0
RZ1|CHK|71|1|49|0|0|0|10|0|0|1|1|0
RZ1|72|1|OP13-091|0|45|0|16|0|0|0|0|0
RZ1|CHK|72|1|49|0|0|0|10|0|0|1|1|0
RZ1|73|1|OP13-089|0|22|0|17|0|0|0|0|0
RZ1|CHK|73|1|49|0|0|0|10|0|0|1|1|0
RZ1|74|1|OP13-098|0|37|0|18|0|0|0|0|0
RZ1|CHK|74|1|49|0|0|0|10|0|0|1|1|0
RZ1|75|1|OP13-089|0|37|0|19|0|0|0|0|0
RZ1|CHK|75|1|49|0|0|0|10|0|0|1|1|0
RZ1|76|1|OP13-083|0|30|0|20|0|0|0|0|0
RZ1|CHK|76|1|49|0|0|0|10|0|0|1|1|0
RZ1|77|1|OP13-096|0|29|0|21|0|0|0|0|0
RZ1|CHK|77|1|49|0|0|0|10|0|0|1|1|0
RZ1|78|1|OP13-092|0|40|0|22|0|0|0|0|0
RZ1|CHK|78|1|49|0|0|0|10|0|0|1|1|0
RZ1|79|1|OP16-093|0|40|0|23|0|0|0|0|0
RZ1|CHK|79|1|49|0|0|0|10|0|0|1|1|0
RZ1|80|1|OP13-082|0|33|0|24|0|0|0|0|0
RZ1|CHK|80|1|49|0|0|0|10|0|0|1|1|0
RZ1|81|1|OP13-089|0|35|0|25|0|0|0|0|0
RZ1|CHK|81|1|49|0|0|0|10|0|0|1|1|0
RZ1|82|1|OP13-082|0|40|0|26|0|0|0|0|0
RZ1|CHK|82|1|49|0|0|0|10|0|0|1|1|0
RZ1|83|1|OP13-080|0|48|0|27|0|0|0|0|0
RZ1|CHK|83|1|49|0|0|0|10|0|0|1|1|0
RZ1|84|1|OP13-084|0|37|0|28|0|0|0|0|0
RZ1|CHK|84|1|49|0|0|0|10|0|0|1|1|0
RZ1|85|1|OP16-093|0|37|0|29|0|0|0|0|0
RZ1|CHK|85|1|49|0|0|0|10|0|0|1|1|0
RZ1|86|1|OP13-080|0|38|0|30|0|0|0|0|0
RZ1|CHK|86|1|49|0|0|0|10|0|0|1|1|0
RZ1|87|1|OP13-083|0|34|0|31|0|0|0|0|0
RZ1|CHK|87|1|49|0|0|0|10|0|0|1|1|0
RZ1|88|1|OP14-096|0|39|0|32|0|0|0|0|0
RZ1|CHK|88|1|49|0|0|0|10|0|0|1|1|0
RZ1|89|1|OP13-084|0|36|0|33|0|0|0|0|0
RZ1|CHK|89|1|49|0|0|0|10|0|0|1|1|0
RZ1|90|1|OP13-092|0|45|0|34|0|0|0|0|0
RZ1|CHK|90|1|49|0|0|0|10|0|0|1|1|0
RZ1|91|1|OP13-089|0|43|0|35|0|0|0|0|0
RZ1|CHK|91|1|49|0|0|0|10|0|0|1|1|0
RZ1|92|1|OP13-098|0|48|0|36|0|0|0|0|0
RZ1|CHK|92|1|49|0|0|0|10|0|0|1|1|0
RZ1|93|1|OP16-093|0|44|0|37|0|0|0|0|0
RZ1|CHK|93|1|49|0|0|0|10|0|0|1|1|0
RZ1|94|1|OP13-082|0|48|0|38|0|0|0|0|0
RZ1|CHK|94|1|49|0|0|0|10|0|0|1|1|0
RZ1|95|1|OP16-093|0|42|0|39|0|0|0|0|0
RZ1|CHK|95|1|49|0|0|0|10|0|0|1|1|0
RZ1|96|1|OP13-080|0|46|0|40|0|0|0|0|0
RZ1|CHK|96|1|49|0|0|0|10|0|0|1|1|0
RZ1|97|1|OP13-098|0|47|0|41|0|0|0|0|0
RZ1|CHK|97|1|49|0|0|0|10|0|0|1|1|0
RZ1|98|1|OP13-092|0|44|0|42|0|0|0|0|0
RZ1|CHK|98|1|49|0|0|0|10|0|0|1|1|0
RZ1|99|1|OP13-098|0|47|0|44|0|0|0|0|0
RZ1|CHK|99|1|49|0|0|0|10|0|0|1|1|0
RZ1|100|1|OP13-080|0|48|0|45|0|0|0|0|0
RZ1|CHK|100|1|49|0|0|0|10|0|0|1|1|0
RZ1|101|1|OP05-097|0|48|0|47|0|0|0|0|0
RZ1|CHK|101|1|49|0|0|0|10|0|0|1|1|0
[] Drew card from deck: St. Shepherd Ju Peter ["OP13-084">OP13-084]
RZ1|102|1|OP13-084|0|48|1|0|1|1|0|0|0
RZ1|CHK|102|1|48|1|0|0|10|0|0|1|1|0
[] Drew card from deck: The Holy Land Mary Geoise ["OP05-097">OP05-097]
RZ1|103|1|OP05-097|0|47|1|1|1|1|0|0|0
RZ1|CHK|103|1|47|2|0|0|10|0|0|1|1|0
[] Drew card from deck: St. Shalria ["OP13-086">OP13-086]
RZ1|104|1|OP13-086|0|46|1|2|1|1|0|0|0
RZ1|CHK|104|1|46|3|0|0|10|0|0|1|1|0
[] Drew card from deck: St. Ethanbaron V. Nusjuro ["OP13-080">OP13-080]
RZ1|105|1|OP13-080|0|45|1|3|1|1|0|0|0
RZ1|CHK|105|1|45|4|0|0|10|0|0|1|1|0
[] Drew card from deck: ...Never Existed... ["OP13-098">OP13-098]
RZ1|106|1|OP13-098|0|44|1|4|1|1|0|0|0
RZ1|CHK|106|1|44|5|0|0|10|0|0|1|1|0
[] Drew card from deck: Bartholomew Kuma ["OP12-119">OP12-119]
RZ1|107|2|OP12-119|0|49|1|0|1|1|0|0|0
RZ1|CHK|107|2|49|1|0|0|10|0|0|0|1|0
[] Drew card from deck: Marshall D. Teach ["OP09-093">OP09-093]
RZ1|108|2|OP09-093|0|48|1|1|1|1|0|0|0
RZ1|CHK|108|2|48|2|0|0|10|0|0|0|1|0
[] Drew card from deck: Baby 5 ["OP12-112">OP12-112]
RZ1|109|2|OP12-112|0|47|1|2|1|1|0|0|0
RZ1|CHK|109|2|47|3|0|0|10|0|0|0|1|0
[] Drew card from deck: Doc Q ["OP16-109">OP16-109]
RZ1|110|2|OP16-109|0|46|1|3|1|1|0|0|0
RZ1|CHK|110|2|46|4|0|0|10|0|0|0|1|0
[] Drew card from deck: ZEHAHAHAHA ["OP16-116">OP16-116]
RZ1|111|2|OP16-116|0|45|1|4|1|1|0|0|0
RZ1|CHK|111|2|45|5|0|0|10|0|0|0|1|0
RZ1|112|1|OP13-083|0|43|3|0|1|0|0|0|0
RZ1|CHK|112|1|43|5|0|1|10|0|0|1|1|0
RZ1|113|1|OP13-092|0|42|3|1|1|0|0|0|0
RZ1|CHK|113|1|42|5|0|2|10|0|0|1|1|0
RZ1|114|1|OP13-098|0|41|3|2|1|0|0|0|0
RZ1|CHK|114|1|41|5|0|3|10|0|0|1|1|0
RZ1|115|1|OP13-080|0|40|3|3|1|0|0|0|0
RZ1|CHK|115|1|40|5|0|4|10|0|0|1|1|0
RZ1|116|2|OP16-116|0|44|3|0|0|1|0|0|0
RZ1|CHK|116|2|44|5|0|1|10|0|0|0|1|0
RZ1|117|2|OP16-115|0|43|3|1|0|1|0|0|0
RZ1|CHK|117|2|43|5|0|2|10|0|0|0|1|0
RZ1|118|2|OP16-110|0|42|3|2|0|1|0|0|0
RZ1|CHK|118|2|42|5|0|3|10|0|0|0|1|0
RZ1|119|2|OP09-086|0|41|3|3|0|1|0|0|0
RZ1|CHK|119|2|41|5|0|4|10|0|0|0|1|0
[] Hand: [OP13-084,OP05-097,OP13-086,OP13-080,OP13-098]
[] Board: []
[] Trash: []
[] Life: 4
[] Hand: [OP12-119,OP09-093,OP12-112,OP16-109,OP16-116]
[] Trash: []
[] Board: []
[] Life: 4
RZ1|120|1|Don|4|9|5|0|1|1|0|0|0
RZ1|CHK|120|1|40|5|0|4|9|1|0|1|1|0
[You] Draw 1 Don
RZ1|121|1|Don|5|0|5|0|1|1|1|0|0
RZ1|CHK|121|1|40|5|0|4|9|1|0|1|1|0
[You] Deploy St. Shalria ["OP13-086">OP13-086]
RZ1|122|1|OP13-086|1|2|2|0|1|1|0|0|0
RZ1|CHK|122|1|40|4|1|4|9|1|0|1|1|0
RZ1|123|1|OP13-082|0|38|1|4|1|1|0|0|0
RZ1|CHK|123|1|39|5|1|4|9|1|0|1|1|0
[You] St. Shalria ["OP13-086">OP13-086]: <b>Reveal and Draw Five Elders ["OP13-082">OP13-082]</b>
[You] St. Shalria ["OP13-086">OP13-086]: Trash 2 Remaining Cards
RZ1|124|1|OP16-093|0|38|6|0|1|1|0|0|0
RZ1|CHK|124|1|38|5|1|4|9|1|1|1|1|0
RZ1|125|1|OP16-093|0|37|6|1|1|1|0|0|0
RZ1|CHK|125|1|37|5|1|4|9|1|2|1|1|0
RZ1|126|1|OP05-097|1|1|6|2|1|1|0|0|0
RZ1|CHK|126|1|37|4|1|4|9|1|3|1|1|0
[You] St. Shalria ["OP13-086">OP13-086]: Trash The Holy Land Mary Geoise ["OP05-097">OP05-097]
RZ1|127|1|OP13-080|1|1|6|3|1|1|0|0|0
RZ1|CHK|127|1|37|3|1|4|9|1|4|1|1|0
[You] Imu ["OP13-079">OP13-079]: Trash St. Ethanbaron V. Nusjuro ["OP13-080">OP13-080]
[] Drew card from deck: ...Never Existed... ["OP13-098">OP13-098]
RZ1|128|1|OP13-098|0|36|1|3|1|1|0|0|0
RZ1|CHK|128|1|36|4|1|4|9|1|4|1|1|0
[You] Imu ["OP13-079">OP13-079]: Draw 1 Card
[] Hand: [OP13-084,OP13-098,OP13-082,OP13-098]
[] Board: [OP13-086]
[] Trash: [OP16-093,OP16-093,OP05-097,OP13-080]
[] Life: 4
[] Hand: [OP12-119,OP09-093,OP12-112,OP16-109,OP16-116]
[] Trash: []
[] Board: []
[] Life: 4
[You] End Turn
[] Hand: [OP12-119,OP09-093,OP12-112,OP16-109,OP16-116]
[] Board: []
[] Trash: []
[] Life: 4
[] Hand: [OP13-084,OP13-098,OP13-082,OP13-098]
[] Trash: [OP16-093,OP16-093,OP05-097,OP13-080]
[] Board: [OP13-086]
[] Life: 4
[Opponent] Draw 1 Card
[] Drew card from deck: Doc Q ["OP16-109">OP16-109]
RZ1|129|2|OP16-109|0|40|1|5|1|1|0|0|0
RZ1|CHK|129|2|40|6|0|4|10|0|0|0|1|0
RZ1|130|2|Don|4|9|5|0|1|1|0|0|0
RZ1|CHK|130|2|40|6|0|4|9|1|0|0|1|0
RZ1|131|2|Don|4|8|5|1|1|1|0|0|0
RZ1|CHK|131|2|40|6|0|4|8|2|0|0|1|0
[Opponent] Draw 2 Don
RZ1|132|2|Don|5|0|5|0|1|1|1|0|0
RZ1|CHK|132|2|40|6|0|4|8|2|0|0|1|0
[Opponent] Deploy Doc Q ["OP16-109">OP16-109]
RZ1|133|2|OP16-109|1|5|2|0|1|1|0|0|0
RZ1|CHK|133|2|40|5|1|4|8|2|0|0|1|0
[] Hand: [OP12-119,OP09-093,OP12-112,OP16-109,OP16-116]
[] Board: [OP16-109]
[] Trash: []
[] Life: 4
[] Hand: [OP13-084,OP13-098,OP13-082,OP13-098]
[] Trash: [OP16-093,OP16-093,OP05-097,OP13-080]
[] Board: [OP13-086]
[] Life: 4
[Opponent] End Turn
[] Hand: [OP13-084,OP13-098,OP13-082,OP13-098]
[] Board: [OP13-086]
[] Trash: [OP16-093,OP16-093,OP05-097,OP13-080]
[] Life: 4
[] Hand: [OP12-119,OP09-093,OP12-112,OP16-109,OP16-116]
[] Trash: []
[] Board: [OP16-109]
[] Life: 4
[You] Draw 1 Card
[] Drew card from deck: St. Topman Warcury ["OP13-089">OP13-089]
RZ1|134|1|OP13-089|0|35|1|4|1|1|0|0|0
RZ1|CHK|134|1|35|5|1|4|9|1|4|1|1|0
RZ1|135|1|Don|4|8|5|1|1|1|0|0|0
RZ1|CHK|135|1|35|5|1|4|8|2|4|1|1|0
RZ1|136|1|Don|4|7|5|2|1|1|0|0|0
RZ1|CHK|136|1|35|5|1|4|7|3|4|1|1|0
[You] Draw 2 Don
[You] The Empty Throne ["OP13-099">OP13-099]: Rest 3 Don
RZ1|137|1|Don|5|0|5|0|1|1|1|0|0
RZ1|CHK|137|1|35|5|1|4|7|3|4|1|1|0
RZ1|138|1|Don|5|1|5|1|1|1|1|0|0
RZ1|CHK|138|1|35|5|1|4|7|3|4|1|1|0
RZ1|139|1|Don|5|2|5|2|1|1|1|0|0
RZ1|CHK|139|1|35|5|1|4|7|3|4|1|1|0
[You] The Empty Throne ["OP13-099">OP13-099]: Rest The Empty Throne ["OP13-099">OP13-099]
RZ1|140|1|OP13-089|1|4|6|4|1|1|0|0|0
RZ1|CHK|140|1|35|4|1|4|7|3|5|1|1|0
[You] Imu ["OP13-079">OP13-079]: Trash St. Topman Warcury ["OP13-089">OP13-089]
[] Drew card from deck: St. Mjosgard ["OP13-092">OP13-092]
RZ1|141|1|OP13-092|0|34|1|4|1|1|0|0|0
RZ1|CHK|141|1|34|5|1|4|7|3|5|1|1|0
[You] Imu ["OP13-079">OP13-079]: Draw 1 Card
[You] Imu ["OP13-079">OP13-079] attacking Marshall D. Teach ["OP16-080">OP16-080]
RZ1|142|2|OP16-109|1|3|6|0|1|1|0|0|0
RZ1|CHK|142|2|40|4|1|4|8|2|1|0|1|0
[Opponent] Marshall D. Teach ["OP16-080">OP16-080]: Trash Doc Q ["OP16-109">OP16-109]
[Opponent] Marshall D. Teach ["OP16-080">OP16-080]: Target of Attack changed to Doc Q ["OP16-109">OP16-109]
Imu ["OP13-079">OP13-079][5000] vs Doc Q ["OP16-109">OP16-109][0]
[Opponent] Doc Q ["OP16-109">OP16-109] Destroyed
RZ1|143|2|OP16-109|2|0|6|1|1|1|0|0|0
RZ1|CHK|143|2|40|4|0|4|8|2|2|0|1|0
[] Drew card from deck: Laffitte ["OP09-095">OP09-095]
RZ1|144|2|OP09-095|0|39|1|4|1|1|0|0|0
RZ1|CHK|144|2|39|5|0|4|8|2|2|0|1|0
[Opponent] Doc Q ["OP16-109">OP16-109]: Draw 1 Card
[Opponent] Doc Q ["OP16-109">OP16-109]: Destroy St. Shalria ["OP13-086">OP13-086]
RZ1|145|1|OP13-086|2|0|6|5|1|1|0|0|0
RZ1|CHK|145|1|34|5|0|4|7|3|6|1|1|0
[] Hand: [OP13-084,OP13-098,OP13-082,OP13-098,OP13-092]
[] Board: []
[] Trash: [OP16-093,OP16-093,OP05-097,OP13-080,OP13-089,OP13-086]
[] Life: 4
[] Hand: [OP12-119,OP09-093,OP12-112,OP16-116,OP09-095]
[] Trash: [OP16-109,OP16-109]
[] Board: []
[] Life: 4
[You] End Turn
[] Hand: [OP12-119,OP09-093,OP12-112,OP16-116,OP09-095]
[] Board: []
[] Trash: [OP16-109,OP16-109]
[] Life: 4
[] Hand: [OP13-084,OP13-098,OP13-082,OP13-098,OP13-092]
[] Trash: [OP16-093,OP16-093,OP05-097,OP13-080,OP13-089,OP13-086]
[] Board: []
[] Life: 4
[Opponent] Draw 1 Card
[] Drew card from deck: Laffitte ["OP09-095">OP09-095]
RZ1|146|2|OP09-095|0|38|1|5|1|1|0|0|0
RZ1|CHK|146|2|38|6|0|4|8|2|2|0|1|0
RZ1|147|2|Don|4|7|5|2|1|1|0|0|0
RZ1|CHK|147|2|38|6|0|4|7|3|2|0|1|0
RZ1|148|2|Don|4|6|5|3|1|1|0|0|0
RZ1|CHK|148|2|38|6|0|4|6|4|2|0|1|0
[Opponent] Draw 2 Don
RZ1|149|2|Don|5|0|5|0|1|1|1|0|0
RZ1|CHK|149|2|38|6|0|4|6|4|2|0|1|0
[Opponent] Deploy Laffitte ["OP09-095">OP09-095]
RZ1|150|2|OP09-095|1|5|2|0|1|1|0|0|0
RZ1|CHK|150|2|38|5|1|4|6|4|2|0|1|0
[Opponent] Laffitte ["OP09-095">OP09-095]: Rest 1 Don
RZ1|151|2|Don|5|1|5|1|1|1|1|0|0
RZ1|CHK|151|2|38|5|1|4|6|4|2|0|1|0
[Opponent] Laffitte ["OP09-095">OP09-095]: Rest Laffitte ["OP09-095">OP09-095]
RZ1|152|2|OP09-096|0|34|1|5|1|1|0|0|0
RZ1|CHK|152|2|37|6|1|4|6|4|2|0|1|0
[Opponent] Laffitte ["OP09-095">OP09-095]: <b>Reveal and Draw This is MY AGE!!!! ["OP09-096">OP09-096]</b>
[Opponent] Placing Cards on Bottom of Deck
RZ1|153|2|OP09-096|0|36|0|0|0|0|0|0|0
RZ1|CHK|153|2|37|6|1|4|6|4|2|0|1|0
RZ1|154|2|OP16-109|0|36|0|0|0|0|0|0|0
RZ1|CHK|154|2|37|6|1|4|6|4|2|0|1|0
RZ1|155|2|OP16-104|0|36|0|0|0|0|0|0|0
RZ1|CHK|155|2|37|6|1|4|6|4|2|0|1|0
RZ1|156|2|OP12-119|0|36|0|0|0|0|0|0|0
RZ1|CHK|156|2|37|6|1|4|6|4|2|0|1|0
[Opponent] Marshall D. Teach ["OP16-080">OP16-080] attacking Imu ["OP13-079">OP13-079]
Marshall D. Teach ["OP16-080">OP16-080][5000] vs Imu ["OP13-079">OP13-079][5000]
Imu ["OP13-079">OP13-079] hit for 1 damage
RZ1|157|1|OP13-080|3|3|1|5|1|1|0|0|0
RZ1|CHK|157|1|34|6|0|3|7|3|6|1|1|0
RZ1|158|2|Don|5|2|5|2|1|1|1|0|0
RZ1|CHK|158|2|37|6|1|4|6|4|2|0|1|0
[Opponent] Deploy Laffitte ["OP09-095">OP09-095]
RZ1|159|2|OP09-095|1|4|2|1|1|1|0|0|0
RZ1|CHK|159|2|37|5|2|4|6|4|2|0|1|0
[Opponent] Laffitte ["OP09-095">OP09-095]: Rest 1 Don
RZ1|160|2|Don|5|3|5|3|1|1|1|0|0
RZ1|CHK|160|2|37|5|2|4|6|4|2|0|1|0
[Opponent] Laffitte ["OP09-095">OP09-095]: Rest Laffitte ["OP09-095">OP09-095]
RZ1|161|2|OP16-119|0|33|1|5|1|1|0|0|0
RZ1|CHK|161|2|36|6|2|4|6|4|2|0|1|0
[Opponent] Laffitte ["OP09-095">OP09-095]: <b>Reveal and Draw Marshall D. Teach ["OP16-119">OP16-119]</b>
[Opponent] Placing Cards on Bottom of Deck
RZ1|162|2|OP09-086|0|35|0|0|0|0|0|0|0
RZ1|CHK|162|2|36|6|2|4|6|4|2|0|1|0
RZ1|163|2|OP09-086|0|35|0|0|0|0|0|0|0
RZ1|CHK|163|2|36|6|2|4|6|4|2|0|1|0
RZ1|164|2|OP09-093|0|35|0|0|0|0|0|0|0
RZ1|CHK|164|2|36|6|2|4|6|4|2|0|1|0
RZ1|165|2|OP16-104|0|35|0|0|0|0|0|0|0
RZ1|CHK|165|2|36|6|2|4|6|4|2|0|1|0
[] Hand: [OP12-119,OP09-093,OP12-112,OP16-116,OP09-096,OP16-119]
[] Board: [OP09-095,OP09-095]
[] Trash: [OP16-109,OP16-109]
[] Life: 4
[] Hand: [OP13-084,OP13-098,OP13-082,OP13-098,OP13-092,OP13-080]
[] Trash: [OP16-093,OP16-093,OP05-097,OP13-080,OP13-089,OP13-086]
[] Board: []
[] Life: 3
[Opponent] End Turn
[] Hand: [OP13-084,OP13-098,OP13-082,OP13-098,OP13-092,OP13-080]
[] Board: []
[] Trash: [OP16-093,OP16-093,OP05-097,OP13-080,OP13-089,OP13-086]
[] Life: 3
[] Hand: [OP12-119,OP09-093,OP12-112,OP16-116,OP09-096,OP16-119]
[] Trash: [OP16-109,OP16-109]
[] Board: [OP09-095,OP09-095]
[] Life: 4
[You] Draw 1 Card
[] Drew card from deck: St. Shepherd Ju Peter ["OP13-084">OP13-084]
RZ1|166|1|OP13-084|0|33|1|6|1|1|0|0|0
RZ1|CHK|166|1|33|7|0|3|7|3|6|1|1|0
RZ1|167|1|Don|4|6|5|3|1|1|0|0|0
RZ1|CHK|167|1|33|7|0|3|6|4|6|1|1|0
RZ1|168|1|Don|4|5|5|4|1|1|0|0|0
RZ1|CHK|168|1|33|7|0|3|5|5|6|1|1|0
[You] Draw 2 Don
RZ1|169|1|Don|5|0|9|9900|1|1|0|0|0
RZ1|CHK|169|1|33|7|0|3|5|4|6|1|1|1
RZ1|170|1|Don|5|0|9|9901|1|1|0|0|0
RZ1|CHK|170|1|33|7|0|3|5|3|6|1|1|2
RZ1|171|1|Don|5|0|9|9902|1|1|0|0|0
RZ1|CHK|171|1|33|7|0|3|5|2|6|1|1|3
[You] Imu ["OP13-079">OP13-079] attacking Laffitte ["OP09-095">OP09-095]
Imu ["OP13-079">OP13-079][8000] vs Laffitte ["OP09-095">OP09-095][1000]
[Opponent] Laffitte ["OP09-095">OP09-095] Destroyed
RZ1|172|2|OP09-095|2|0|6|2|1|1|0|0|0
RZ1|CHK|172|2|36|6|1|4|6|4|3|0|1|0
RZ1|173|1|OP13-080|1|5|6|6|1|1|0|0|0
RZ1|CHK|173|1|33|6|0|3|5|2|7|1|1|3
[You] Imu ["OP13-079">OP13-079]: Trash St. Ethanbaron V. Nusjuro ["OP13-080">OP13-080]
[] Drew card from deck: Ground Death ["OP14-096">OP14-096]
RZ1|174|1|OP14-096|0|32|1|6|1|1|0|0|0
RZ1|CHK|174|1|32|7|0|3|5|2|7|1|1|3
[You] Imu ["OP13-079">OP13-079]: Draw 1 Card
[You] Ground Death ["OP14-096">OP14-096]: Rest 1 Don
RZ1|175|1|Don|5|0|5|0|1|1|1|0|0
RZ1|CHK|175|1|32|7|0|3|5|2|7|1|1|3
RZ1|176|1|OP14-096|1|6|6|7|1|1|0|0|0
RZ1|CHK|176|1|32|6|0|3|5|2|8|1|1|3
[You] ...Never Existed... ["OP13-098">OP13-098]: Rest 1 Don
RZ1|177|1|Don|5|1|5|1|1|1|1|0|0
RZ1|CHK|177|1|32|6|0|3|5|2|8|1|1|3
RZ1|178|1|OP13-098|1|1|6|8|1|1|0|0|0
RZ1|CHK|178|1|32|5|0|3|5|2|9|1|1|3
[] Hand: [OP13-084,OP13-082,OP13-098,OP13-092,OP13-084]
[] Board: []
[] Trash: [OP16-093,OP16-093,OP05-097,OP13-080,OP13-089,OP13-086,OP13-080,OP14-096,OP13-098]
[] Life: 3
[] Hand: [OP12-119,OP09-093,OP12-112,OP16-116,OP09-096,OP16-119]
[] Trash: [OP16-109,OP16-109,OP09-095]
[] Board: [OP09-095]
[] Life: 4
[You] End Turn
[] Hand: [OP12-119,OP09-093,OP12-112,OP16-116,OP09-096,OP16-119]
[] Board: [OP09-095]
[] Trash: [OP16-109,OP16-109,OP09-095]
[] Life: 4
[] Hand: [OP13-084,OP13-082,OP13-098,OP13-092,OP13-084]
[] Trash: [OP16-093,OP16-093,OP05-097,OP13-080,OP13-089,OP13-086,OP13-080,OP14-096,OP13-098]
[] Board: []
[] Life: 3
[Opponent] Draw 1 Card
[] Drew card from deck: Doc Q ["OP16-109">OP16-109]
RZ1|179|2|OP16-109|0|35|1|6|1|1|0|0|0
RZ1|CHK|179|2|35|7|1|4|6|4|3|0|1|0
RZ1|180|2|Don|4|5|5|4|1|1|0|0|0
RZ1|CHK|180|2|35|7|1|4|5|5|3|0|1|0
RZ1|181|2|Don|4|4|5|5|1|1|0|0|0
RZ1|CHK|181|2|35|7|1|4|4|6|3|0|1|0
[Opponent] Draw 2 Don
RZ1|182|2|Don|5|0|5|0|1|1|1|0|0
RZ1|CHK|182|2|35|7|1|4|4|6|3|0|1|0
RZ1|183|2|Don|5|1|5|1|1|1|1|0|0
RZ1|CHK|183|2|35|7|1|4|4|6|3|0|1|0
RZ1|184|2|Don|5|2|5|2|1|1|1|0|0
RZ1|CHK|184|2|35|7|1|4|4|6|3|0|1|0
RZ1|185|2|Don|5|3|5|3|1|1|1|0|0
RZ1|CHK|185|2|35|7|1|4|4|6|3|0|1|0
RZ1|186|2|Don|5|4|5|4|1|1|1|0|0
RZ1|CHK|186|2|35|7|1|4|4|6|3|0|1|0
RZ1|187|2|Don|5|5|5|5|1|1|1|0|0
RZ1|CHK|187|2|35|7|1|4|4|6|3|0|1|0
[Opponent] Deploy Bartholomew Kuma ["OP12-119">OP12-119]
RZ1|188|2|OP12-119|1|0|2|1|1|1|0|0|0
RZ1|CHK|188|2|35|6|2|4|4|6|3|0|1|0
RZ1|189|2|OP16-109|1|5|6|3|1|1|0|0|0
RZ1|CHK|189|2|35|5|2|4|4|6|4|0|1|0
[Opponent] Bartholomew Kuma ["OP12-119">OP12-119]: Trash Doc Q ["OP16-109">OP16-109]
[Opponent] Bartholomew Kuma ["OP12-119">OP12-119]: Add card to top of Life from Deck
RZ1|190|2|OP16-108|0|34|3|4|0|1|0|0|0
RZ1|CHK|190|2|34|5|2|5|4|6|4|0|1|0
[Opponent] Bartholomew Kuma ["OP12-119">OP12-119]: Bartholomew Kuma ["OP12-119">OP12-119] Cost 2 until Opponent's Turn End
[Opponent] Marshall D. Teach ["OP16-080">OP16-080] attacking Imu ["OP13-079">OP13-079]
[You] Discard St. Mjosgard ["OP13-092">OP13-092] for Counter 2000
RZ1|191|1|OP13-092|1|3|6|9|1|1|0|0|0
RZ1|CHK|191|1|32|4|0|3|5|2|10|1|1|3
Marshall D. Teach ["OP16-080">OP16-080][5000] vs Imu ["OP13-079">OP13-079][7000]
Attack Fails
[] Hand: [OP09-093,OP12-112,OP16-116,OP09-096,OP16-119]
[] Board: [OP09-095,OP12-119]
[] Trash: [OP16-109,OP16-109,OP09-095,OP16-109]
[] Life: 5
[] Hand: [OP13-084,OP13-082,OP13-098,OP13-084]
[] Trash: [OP16-093,OP16-093,OP05-097,OP13-080,OP13-089,OP13-086,OP13-080,OP14-096,OP13-098,OP13-092]
[] Board: []
[] Life: 3
[Opponent] End Turn
[] Hand: [OP13-084,OP13-082,OP13-098,OP13-084]
[] Board: []
[] Trash: [OP16-093,OP16-093,OP05-097,OP13-080,OP13-089,OP13-086,OP13-080,OP14-096,OP13-098,OP13-092]
[] Life: 3
[] Hand: [OP09-093,OP12-112,OP16-116,OP09-096,OP16-119]
[] Trash: [OP16-109,OP16-109,OP09-095,OP16-109]
[] Board: [OP09-095,OP12-119]
[] Life: 5
RZ1|192|1|Don|9|9900|5|0|1|1|1|0|0
RZ1|CHK|192|1|32|4|0|3|5|3|10|1|1|2
RZ1|193|1|Don|9|9900|5|0|1|1|1|0|0
RZ1|CHK|193|1|32|4|0|3|5|4|10|1|1|1
RZ1|194|1|Don|9|9900|5|0|1|1|1|0|0
RZ1|CHK|194|1|32|4|0|3|5|5|10|1|1|0
[You] Draw 1 Card
[] Drew card from deck: St. Jaygarcia Saturn ["OP13-083">OP13-083]
RZ1|195|1|OP13-083|0|31|1|4|1|1|0|0|0
RZ1|CHK|195|1|31|5|0|3|5|5|10|1|1|0
RZ1|196|1|Don|4|4|5|5|1|1|0|0|0
RZ1|CHK|196|1|31|5|0|3|4|6|10|1|1|0
RZ1|197|1|Don|4|3|5|6|1|1|0|0|0
RZ1|CHK|197|1|31|5|0|3|3|7|10|1|1|0
[You] Draw 2 Don
[You] The Empty Throne ["OP13-099">OP13-099]: Rest 3 Don
RZ1|198|1|Don|5|0|5|0|1|1|1|0|0
RZ1|CHK|198|1|31|5|0|3|3|7|10|1|1|0
RZ1|199|1|Don|5|1|5|1|1|1|1|0|0
RZ1|CHK|199|1|31|5|0|3|3|7|10|1|1|0
RZ1|200|1|Don|5|2|5|2|1|1|1|0|0
RZ1|CHK|200|1|31|5|0|3|3|7|10|1|1|0
[You] The Empty Throne ["OP13-099">OP13-099]: Rest The Empty Throne ["OP13-099">OP13-099]
RZ1|201|1|OP13-083|1|4|2|0|1|1|0|0|0
RZ1|CHK|201|1|31|4|1|3|3|7|10|1|1|0
[You] The Empty Throne ["OP13-099">OP13-099]: Deploy St. Jaygarcia Saturn ["OP13-083">OP13-083]
RZ1|202|1|OP13-084|0|28|1|4|1|1|0|0|0
RZ1|CHK|202|1|30|5|1|3|3|7|10|1|1|0
[You] St. Jaygarcia Saturn ["OP13-083">OP13-083]: <b>Reveal and Draw St. Shepherd Ju Peter ["OP13-084">OP13-084]</b>
[You] Placing Cards on Bottom of Deck
RZ1|203|1|OP13-080|0|29|0|0|0|0|0|0|0
RZ1|CHK|203|1|30|5|1|3|3|7|10|1|1|0
RZ1|204|1|OP16-093|0|29|0|0|0|0|0|0|0
RZ1|CHK|204|1|30|5|1|3|3|7|10|1|1|0
RZ1|205|1|OP13-080|0|29|0|0|0|0|0|0|0
RZ1|CHK|205|1|30|5|1|3|3|7|10|1|1|0
RZ1|206|1|OP13-082|0|29|0|0|0|0|0|0|0
RZ1|CHK|206|1|30|5|1|3|3|7|10|1|1|0
RZ1|207|1|OP13-084|1|0|6|10|1|1|0|0|0
RZ1|CHK|207|1|30|4|1|3|3|7|11|1|1|0
[You] Imu ["OP13-079">OP13-079]: Trash St. Shepherd Ju Peter ["OP13-084">OP13-084]
[] Drew card from deck: St. Topman Warcury ["OP13-089">OP13-089]
RZ1|208|1|OP13-089|0|29|1|4|1|1|0|0|0
RZ1|CHK|208|1|29|5|1|3|3|7|11|1|1|0
[You] Imu ["OP13-079">OP13-079]: Draw 1 Card
RZ1|209|1|Don|5|3|5|3|1|1|1|0|0
RZ1|CHK|209|1|29|5|1|3|3|7|11|1|1|0
RZ1|210|1|Don|5|4|5|4|1|1|1|0|0
RZ1|CHK|210|1|29|5|1|3|3|7|11|1|1|0
RZ1|211|1|Don|5|5|5|5|1|1|1|0|0
RZ1|CHK|211|1|29|5|1|3|3|7|11|1|1|0
RZ1|212|1|Don|5|6|5|6|1|1|1|0|0
RZ1|CHK|212|1|29|5|1|3|3|7|11|1|1|0
[You] Deploy St. Topman Warcury ["OP13-089">OP13-089]
RZ1|213|1|OP13-089|1|4|2|1|1|1|0|0|0
RZ1|CHK|213|1|29|4|2|3|3|7|11|1|1|0
[You] Imu ["OP13-079">OP13-079] attacking Marshall D. Teach ["OP16-080">OP16-080]
Imu ["OP13-079">OP13-079][5000] vs Marshall D. Teach ["OP16-080">OP16-080][5000]
Marshall D. Teach ["OP16-080">OP16-080] hit for 1 damage
RZ1|214|2|OP16-108|3|4|1|5|1|1|0|0|0
RZ1|CHK|214|2|34|6|2|4|4|6|4|0|1|0
[Opponent] Shiryu ["OP16-108">OP16-108]: Activate Trigger
RZ1|215|2|OP16-108|1|5|6|4|1|1|0|0|0
RZ1|CHK|215|2|34|5|2|4|4|6|5|0|1|0
[] Drew card from deck: Fullalead ["OP09-099">OP09-099]
RZ1|216|2|OP09-099|0|33|1|5|1|1|0|0|0
RZ1|CHK|216|2|33|6|2|4|4|6|5|0|1|0
[] Drew card from deck: Black Vortex ["OP16-115">OP16-115]
RZ1|217|2|OP16-115|0|32|1|6|1|1|0|0|0
RZ1|CHK|217|2|32|7|2|4|4|6|5|0|1|0
[Opponent] Shiryu ["OP16-108">OP16-108]: Draw 2 Card
Bartholomew Kuma ["OP12-119">OP12-119] cost restored
[] Hand: [OP13-082,OP13-098,OP13-084,OP13-084]
[] Board: [OP13-083,OP13-089]
[] Trash: [OP16-093,OP16-093,OP05-097,OP13-080,OP13-089,OP13-086,OP13-080,OP14-096,OP13-098,OP13-092,OP13-084]
[] Life: 3
[] Hand: [OP09-093,OP12-112,OP16-116,OP09-096,OP16-119,OP09-099,OP16-115]
[] Trash: [OP16-109,OP16-109,OP09-095,OP16-109,OP16-108]
[] Board: [OP09-095,OP12-119]
[] Life: 4
[You] End Turn
[] Hand: [OP09-093,OP12-112,OP16-116,OP09-096,OP16-119,OP09-099,OP16-115]
[] Board: [OP09-095,OP12-119]
[] Trash: [OP16-109,OP16-109,OP09-095,OP16-109,OP16-108]
[] Life: 4
[] Hand: [OP13-082,OP13-098,OP13-084,OP13-084]
[] Trash: [OP16-093,OP16-093,OP05-097,OP13-080,OP13-089,OP13-086,OP13-080,OP14-096,OP13-098,OP13-092,OP13-084]
[] Board: [OP13-083,OP13-089]
[] Life: 3
[Opponent] Draw 1 Card
[] Drew card from deck: Catarina Devon ["OP16-104">OP16-104]
RZ1|218|2|OP16-104|0|31|1|7|1|1|0|0|0
RZ1|CHK|218|2|31|8|2|4|4|6|5|0|1|0
RZ1|219|2|Don|4|3|5|6|1|1|0|0|0
RZ1|CHK|219|2|31|8|2|4|3|7|5|0|1|0
RZ1|220|2|Don|4|2|5|7|1|1|0|0|0
RZ1|CHK|220|2|31|8|2|4|2|8|5|0|1|0
[Opponent] Draw 2 Don
RZ1|221|2|Don|5|0|5|0|1|1|1|0|0
RZ1|CHK|221|2|31|8|2|4|2|8|5|0|1|0
RZ1|222|2|Don|5|1|5|1|1|1|1|0|0
RZ1|CHK|222|2|31|8|2|4|2|8|5|0|1|0
RZ1|223|2|Don|5|2|5|2|1|1|1|0|0
RZ1|CHK|223|2|31|8|2|4|2|8|5|0|1|0
RZ1|224|2|Don|5|3|5|3|1|1|1|0|0
RZ1|CHK|224|2|31|8|2|4|2|8|5|0|1|0
RZ1|225|2|Don|5|4|5|4|1|1|1|0|0
RZ1|CHK|225|2|31|8|2|4|2|8|5|0|1|0
RZ1|226|2|Don|5|5|5|5|1|1|1|0|0
RZ1|CHK|226|2|31|8|2|4|2|8|5|0|1|0
RZ1|227|2|Don|5|6|5|6|1|1|1|0|0
RZ1|CHK|227|2|31|8|2|4|2|8|5|0|1|0
RZ1|228|2|Don|5|7|5|7|1|1|1|0|0
RZ1|CHK|228|2|31|8|2|4|2|8|5|0|1|0
[Opponent] Deploy Marshall D. Teach ["OP16-119">OP16-119]
RZ1|229|2|OP16-119|1|4|2|2|1|1|0|0|0
RZ1|CHK|229|2|31|7|3|4|2|8|5|0|1|0
[Opponent] Marshall D. Teach ["OP16-119">OP16-119]: Added card to top of Life from Hand
RZ1|230|2|OP09-093|0|28|3|4|0|1|0|0|0
RZ1|CHK|230|2|30|7|3|5|2|8|5|0|1|0
[Opponent] Placing Cards on Bottom of Deck
RZ1|231|2|OP06-115|0|29|0|0|0|0|0|0|0
RZ1|CHK|231|2|30|7|3|5|2|8|5|0|1|0
RZ1|232|2|OP16-102|0|29|0|0|0|0|0|0|0
RZ1|CHK|232|2|30|7|3|5|2|8|5|0|1|0
[Opponent] Bartholomew Kuma ["OP12-119">OP12-119] attacking Imu ["OP13-079">OP13-079]
Bartholomew Kuma ["OP12-119">OP12-119][7000] vs Imu ["OP13-079">OP13-079][5000]
Imu ["OP13-079">OP13-079] hit for 1 damage
RZ1|233|1|OP13-098|3|2|1|4|1|1|0|0|0
RZ1|CHK|233|1|29|5|2|2|3|7|11|1|1|0
[Opponent] Marshall D. Teach ["OP16-080">OP16-080] attacking Imu ["OP13-079">OP13-079]
[You] Discard St. Shepherd Ju Peter ["OP13-084">OP13-084] for Counter 2000
RZ1|234|1|OP13-084|1|2|6|11|1|1|0|0|0
RZ1|CHK|234|1|29|4|2|2|3|7|12|1|1|0
Marshall D. Teach ["OP16-080">OP16-080][5000] vs Imu ["OP13-079">OP13-079][7000]
Attack Fails
[] Hand: [OP09-093,OP12-112,OP16-116,OP09-096,OP09-099,OP16-115,OP16-104]
[] Board: [OP09-095,OP12-119,OP16-119]
[] Trash: [OP16-109,OP16-109,OP09-095,OP16-109,OP16-108]
[] Life: 5
[] Hand: [OP13-082,OP13-098,OP13-084,OP13-098]
[] Trash: [OP16-093,OP16-093,OP05-097,OP13-080,OP13-089,OP13-086,OP13-080,OP14-096,OP13-098,OP13-092,OP13-084,OP13-084]
[] Board: [OP13-083,OP13-089]
[] Life: 2
[Opponent] End Turn
[] Hand: [OP13-082,OP13-098,OP13-084,OP13-098]
[] Board: [OP13-083,OP13-089]
[] Trash: [OP16-093,OP16-093,OP05-097,OP13-080,OP13-089,OP13-086,OP13-080,OP14-096,OP13-098,OP13-092,OP13-084,OP13-084]
[] Life: 2
[] Hand: [OP09-093,OP12-112,OP16-116,OP09-096,OP09-099,OP16-115,OP16-104]
[] Trash: [OP16-109,OP16-109,OP09-095,OP16-109,OP16-108]
[] Board: [OP09-095,OP12-119,OP16-119]
[] Life: 5
[You] Draw 1 Card
[] Drew card from deck: Five Elders ["OP13-082">OP13-082]
RZ1|235|1|OP13-082|0|28|1|4|1|1|0|0|0
RZ1|CHK|235|1|28|5|2|2|3|7|12|1|1|0
RZ1|236|1|Don|4|2|5|7|1|1|0|0|0
RZ1|CHK|236|1|28|5|2|2|2|8|12|1|1|0
RZ1|237|1|Don|4|1|5|8|1|1|0|0|0
RZ1|CHK|237|1|28|5|2|2|1|9|12|1|1|0
[You] Draw 2 Don
RZ1|238|1|Don|5|0|9|0|1|1|0|0|0
RZ1|CHK|238|1|28|5|2|2|1|8|12|1|1|1
RZ1|239|1|Don|5|0|9|1|1|1|0|0|0
RZ1|CHK|239|1|28|5|2|2|1|7|12|1|1|2
[You] St. Jaygarcia Saturn ["OP13-083">OP13-083] attacking Bartholomew Kuma ["OP12-119">OP12-119]
[Opponent] Discard Catarina Devon ["OP16-104">OP16-104] for Counter 2000
RZ1|240|2|OP16-104|1|6|6|5|1|1|0|0|0
RZ1|CHK|240|2|30|6|3|5|2|8|6|0|1|0
St. Jaygarcia Saturn ["OP13-083">OP13-083][7000] vs Bartholomew Kuma ["OP12-119">OP12-119][9000]
Attack Fails
RZ1|241|1|Don|5|0|9|9900|1|1|0|0|0
RZ1|CHK|241|1|28|5|2|2|1|6|12|1|1|3
RZ1|242|1|Don|5|0|9|9901|1|1|0|0|0
RZ1|CHK|242|1|28|5|2|2|1|5|12|1|1|4
RZ1|243|1|Don|5|0|9|9902|1|1|0|0|0
RZ1|CHK|243|1|28|5|2|2|1|4|12|1|1|5
RZ1|244|1|Don|5|0|9|9903|1|1|0|0|0
RZ1|CHK|244|1|28|5|2|2|1|3|12|1|1|6
[You] Imu ["OP13-079">OP13-079] attacking Bartholomew Kuma ["OP12-119">OP12-119]
RZ1|245|2|OP16-115|1|5|6|6|1|1|0|0|0
RZ1|CHK|245|2|30|5|3|5|2|8|7|0|1|0
[Opponent] Marshall D. Teach ["OP16-080">OP16-080]: Trash Black Vortex ["OP16-115">OP16-115]
[Opponent] Marshall D. Teach ["OP16-080">OP16-080]: Target of Attack changed to Marshall D. Teach ["OP16-080">OP16-080]
Imu ["OP13-079">OP13-079][9000] vs Marshall D. Teach ["OP16-080">OP16-080][5000]
Marshall D. Teach ["OP16-080">OP16-080] hit for 1 damage
RZ1|246|2|OP09-093|3|4|1|5|1|1|0|0|0
RZ1|CHK|246|2|30|6|3|4|2|8|7|0|1|0
RZ1|247|1|Don|5|0|9|100|1|1|0|0|0
RZ1|CHK|247|1|28|5|2|2|1|2|12|1|1|7
RZ1|248|1|Don|5|0|9|101|1|1|0|0|0
RZ1|CHK|248|1|28|5|2|2|1|1|12|1|1|8
[You] St. Topman Warcury ["OP13-089">OP13-089] attacking Bartholomew Kuma ["OP12-119">OP12-119]
[Opponent] Discard Baby 5 ["OP12-112">OP12-112] for Counter 2000
RZ1|249|2|OP12-112|1|1|6|7|1|1|0|0|0
RZ1|CHK|249|2|30|5|3|4|2|8|8|0|1|0
St. Topman Warcury ["OP13-089">OP13-089][7000] vs Bartholomew Kuma ["OP12-119">OP12-119][9000]
Attack Fails
RZ1|250|1|OP13-084|1|2|6|12|1|1|0|0|0
RZ1|CHK|250|1|28|4|2|2|1|1|13|1|1|8
[You] Imu ["OP13-079">OP13-079]: Trash St. Shepherd Ju Peter ["OP13-084">OP13-084]
[] Drew card from deck: Bartholomew Kuma ["OP16-093">OP16-093]
RZ1|251|1|OP16-093|0|27|1|4|1|1|0|0|0
RZ1|CHK|251|1|27|5|2|2|1|1|13|1|1|8
[You] Imu ["OP13-079">OP13-079]: Draw 1 Card
[] Hand: [OP13-082,OP13-098,OP13-098,OP13-082,OP16-093]
[] Board: [OP13-083,OP13-089]
[] Trash: [OP16-093,OP16-093,OP05-097,OP13-080,OP13-089,OP13-086,OP13-080,OP14-096,OP13-098,OP13-092,OP13-084,OP13-084,OP13-084]
[] Life: 2
[] Hand: [OP09-093,OP16-116,OP09-096,OP09-099,OP09-093]
[] Trash: [OP16-109,OP16-109,OP09-095,OP16-109,OP16-108,OP16-104,OP16-115,OP12-112]
[] Board: [OP09-095,OP12-119,OP16-119]
[] Life: 4
[You] End Turn
[] Hand: [OP09-093,OP16-116,OP09-096,OP09-099,OP09-093]
[] Board: [OP09-095,OP12-119,OP16-119]
[] Trash: [OP16-109,OP16-109,OP09-095,OP16-109,OP16-108,OP16-104,OP16-115,OP12-112]
[] Life: 4
[] Hand: [OP13-082,OP13-098,OP13-098,OP13-082,OP16-093]
[] Trash: [OP16-093,OP16-093,OP05-097,OP13-080,OP13-089,OP13-086,OP13-080,OP14-096,OP13-098,OP13-092,OP13-084,OP13-084,OP13-084]
[] Board: [OP13-083,OP13-089]
[] Life: 2
[Opponent] Draw 1 Card
[] Drew card from deck: Shiryu ["OP16-108">OP16-108]
RZ1|252|2|OP16-108|0|29|1|5|1|1|0|0|0
RZ1|CHK|252|2|29|6|3|4|2|8|8|0|1|0
RZ1|253|2|Don|4|1|5|8|1|1|0|0|0
RZ1|CHK|253|2|29|6|3|4|1|9|8|0|1|0
RZ1|254|2|Don|4|0|5|9|1|1|0|0|0
RZ1|CHK|254|2|29|6|3|4|0|10|8|0|1|0
[Opponent] Draw 2 Don
[Opponent] ZEHAHAHAHA ["OP16-116">OP16-116]: Rest 8 Don
RZ1|255|2|Don|5|0|5|0|1|1|1|0|0
RZ1|CHK|255|2|29|6|3|4|0|10|8|0|1|0
RZ1|256|2|Don|5|1|5|1|1|1|1|0|0
RZ1|CHK|256|2|29|6|3|4|0|10|8|0|1|0
RZ1|257|2|Don|5|2|5|2|1|1|1|0|0
RZ1|CHK|257|2|29|6|3|4|0|10|8|0|1|0
RZ1|258|2|Don|5|3|5|3|1|1|1|0|0
RZ1|CHK|258|2|29|6|3|4|0|10|8|0|1|0
RZ1|259|2|Don|5|4|5|4|1|1|1|0|0
RZ1|CHK|259|2|29|6|3|4|0|10|8|0|1|0
RZ1|260|2|Don|5|5|5|5|1|1|1|0|0
RZ1|CHK|260|2|29|6|3|4|0|10|8|0|1|0
RZ1|261|2|Don|5|6|5|6|1|1|1|0|0
RZ1|CHK|261|2|29|6|3|4|0|10|8|0|1|0
RZ1|262|2|Don|5|7|5|7|1|1|1|0|0
RZ1|CHK|262|2|29|6|3|4|0|10|8|0|1|0
RZ1|263|2|OP16-116|1|1|6|8|1|1|0|0|0
RZ1|CHK|263|2|29|5|3|4|0|10|9|0|1|0
RZ1|264|2|OP09-093|1|3|2|3|1|1|0|0|0
RZ1|CHK|264|2|29|4|4|4|0|10|9|0|1|0
[Opponent] ZEHAHAHAHA ["OP16-116">OP16-116]: Deploy Marshall D. Teach ["OP09-093">OP09-093]
[Opponent] ZEHAHAHAHA ["OP16-116">OP16-116]: Send 1 Life to Hand
RZ1|265|1|OP13-092|3|1|1|5|1|1|0|0|0
RZ1|CHK|265|1|27|6|2|1|1|1|13|1|1|8
[Opponent] Marshall D. Teach ["OP09-093">OP09-093]: Nullify effects of Imu ["OP13-079">OP13-079]
[Opponent] Marshall D. Teach ["OP09-093">OP09-093]: St. Topman Warcury ["OP13-089">OP13-089] can't attack next turn
[Opponent] Marshall D. Teach ["OP09-093">OP09-093]: Nullify effects of St. Topman Warcury ["OP13-089">OP13-089] until next turn end!
[Opponent] Attach 1 Don to Marshall D. Teach ["OP16-080">OP16-080] (1 Total)
RZ1|266|2|Don|5|9|9|9900|1|1|0|0|0
RZ1|CHK|266|2|29|4|4|4|0|9|9|0|1|1
[Opponent] Attach 1 Don to Marshall D. Teach ["OP16-080">OP16-080] (2 Total)
RZ1|267|2|Don|5|8|9|9901|1|1|0|0|0
RZ1|CHK|267|2|29|4|4|4|0|8|9|0|1|2
[Opponent] Marshall D. Teach ["OP16-080">OP16-080] attacking Imu ["OP13-079">OP13-079]
[You] Discard ...Never Existed... ["OP13-098">OP13-098] for Counter 0
RZ1|268|1|OP13-098|1|1|6|13|1|1|0|0|0
RZ1|CHK|268|1|27|5|2|1|1|1|14|1|1|8
Marshall D. Teach ["OP16-080">OP16-080][7000] vs Imu ["OP13-079">OP13-079][5000]
Imu ["OP13-079">OP13-079] hit for 1 damage
RZ1|269|1|OP13-083|3|0|1|5|1|1|0|0|0
RZ1|CHK|269|1|27|6|2|0|1|1|14|1|1|8
[Opponent] Bartholomew Kuma ["OP12-119">OP12-119] attacking Imu ["OP13-079">OP13-079]
[You] Discard ...Never Existed... ["OP13-098">OP13-098] for Counter 0
RZ1|270|1|OP13-098|1|1|6|14|1|1|0|0|0
RZ1|CHK|270|1|27|5|2|0|1|1|15|1|1|8
Bartholomew Kuma ["OP12-119">OP12-119][7000] vs Imu ["OP13-079">OP13-079][5000]
Imu ["OP13-079">OP13-079] hit for 1 damage
[You] <b>Downloaded the Combat Log!</b>
GameOver
