Version is 1.41b.12
[You] Leader is Imu ["OP13-079">OP13-079]
RZ1|HDR|1.41b|2|RZ1
RZ1|PLY|1||OP13-079
RZ1|PLY|2||
[Opponent] Leader is Marshall D. Teach ["OP16-080">OP16-080]
RZ1|1|2|OP16-104|0|25|0|0|0|0|0|0|0
RZ1|CHK|1|2|50|0|0|0|10|0|0|0|1|0
RZ1|2|2|OP16-104|0|24|0|1|0|0|0|0|0
RZ1|CHK|2|2|50|0|0|0|10|0|0|0|1|0
RZ1|3|2|OP16-110|0|20|0|2|0|0|0|0|0
RZ1|CHK|3|2|50|0|0|0|10|0|0|0|1|0
RZ1|4|2|OP09-096|0|40|0|3|0|0|0|0|0
RZ1|CHK|4|2|50|0|0|0|10|0|0|0|1|0
RZ1|5|2|OP12-112|0|24|0|4|0|0|0|0|0
RZ1|CHK|5|2|50|0|0|0|10|0|0|0|1|0
RZ1|6|2|OP16-110|0|24|0|5|0|0|0|0|0
RZ1|CHK|6|2|50|0|0|0|10|0|0|0|1|0
RZ1|7|2|OP09-096|0|39|0|6|0|0|0|0|0
RZ1|CHK|7|2|50|0|0|0|10|0|0|0|1|0
RZ1|8|2|OP09-093|0|18|0|7|0|0|0|0|0
RZ1|CHK|8|2|50|0|0|0|10|0|0|0|1|0
RZ1|9|2|OP09-099|0|47|0|8|0|0|0|0|0
RZ1|CHK|9|2|50|0|0|0|10|0|0|0|1|0
RZ1|10|2|OP09-093|0|19|0|9|0|0|0|0|0
RZ1|CHK|10|2|50|0|0|0|10|0|0|0|1|0
RZ1|11|2|OP16-110|0|26|0|10|0|0|0|0|0
RZ1|CHK|11|2|50|0|0|0|10|0|0|0|1|0
RZ1|12|2|OP09-086|0|15|0|11|0|0|0|0|0
RZ1|CHK|12|2|50|0|0|0|10|0|0|0|1|0
RZ1|13|2|OP09-099|0|49|0|12|0|0|0|0|0
RZ1|CHK|13|2|50|0|0|0|10|0|0|0|1|0
RZ1|14|2|OP16-102|0|22|0|13|0|0|0|0|0
RZ1|CHK|14|2|50|0|0|0|10|0|0|0|1|0
RZ1|15|2|OP16-119|0|38|0|14|0|0|0|0|0
RZ1|CHK|15|2|50|0|0|0|10|0|0|0|1|0
RZ1|16|2|OP06-115|0|43|0|15|0|0|0|0|0
RZ1|CHK|16|2|50|0|0|0|10|0|0|0|1|0
RZ1|17|2|OP12-112|0|30|0|16|0|0|0|0|0
RZ1|CHK|17|2|50|0|0|0|10|0|0|0|1|0
RZ1|18|2|OP09-096|0|43|0|17|0|0|0|0|0
RZ1|CHK|18|2|50|0|0|0|10|0|0|0|1|0
RZ1|19|2|OP16-104|0|33|0|18|0|0|0|0|0
RZ1|CHK|19|2|50|0|0|0|10|0|0|0|1|0
RZ1|20|2|OP16-119|0|42|0|19|0|0|0|0|0
RZ1|CHK|20|2|50|0|0|0|10|0|0|0|1|0
RZ1|21|2|OP16-104|0|34|0|20|0|0|0|0|0
RZ1|CHK|21|2|50|0|0|0|10|0|0|0|1|0
RZ1|22|2|OP09-095|0|24|0|21|0|0|0|0|0
RZ1|CHK|22|2|50|0|0|0|10|0|0|0|1|0
RZ1|23|2|OP16-119|0|41|0|22|0|0|0|0|0
RZ1|CHK|23|2|50|0|0|0|10|0|0|0|1|0
RZ1|24|2|OP16-109|0|32|0|23|0|0|0|0|0
RZ1|CHK|24|2|50|0|0|0|10|0|0|0|1|0
RZ1|25|2|OP12-119|0|36|0|24|0|0|0|0|0
RZ1|CHK|25|2|50|0|0|0|10|0|0|0|1|0
RZ1|26|2|OP09-095|0|27|0|25|0|0|0|0|0
RZ1|CHK|26|2|50|0|0|0|10|0|0|0|1|0
RZ1|27|2|OP16-108|0|38|0|26|0|0|0|0|0
RZ1|CHK|27|2|50|0|0|0|10|0|0|0|1|0
RZ1|28|2|OP16-109|0|35|0|27|0|0|0|0|0
RZ1|CHK|28|2|50|0|0|0|10|0|0|0|1|0
RZ1|29|2|OP09-086|0|32|0|28|0|0|0|0|0
RZ1|CHK|29|2|50|0|0|0|10|0|0|0|1|0
RZ1|30|2|OP16-109|0|36|0|29|0|0|0|0|0
RZ1|CHK|30|2|50|0|0|0|10|0|0|0|1|0
RZ1|31|2|OP16-108|0|39|0|30|0|0|0|0|0
RZ1|CHK|31|2|50|0|0|0|10|0|0|0|1|0
RZ1|32|2|OP09-095|0|32|0|31|0|0|0|0|0
RZ1|CHK|32|2|50|0|0|0|10|0|0|0|1|0
RZ1|33|2|OP09-093|0|35|0|32|0|0|0|0|0
RZ1|CHK|33|2|50|0|0|0|10|0|0|0|1|0
RZ1|34|2|OP06-115|0|44|0|33|0|0|0|0|0
RZ1|CHK|34|2|50|0|0|0|10|0|0|0|1|0
RZ1|35|2|OP16-116|0|48|0|34|0|0|0|0|0
RZ1|CHK|35|2|50|0|0|0|10|0|0|0|1|0
RZ1|36|2|OP16-116|0|48|0|35|0|0|0|0|0
RZ1|CHK|36|2|50|0|0|0|10|0|0|0|1|0
RZ1|37|2|OP16-119|0|45|0|37|0|0|0|0|0
RZ1|CHK|37|2|50|0|0|0|10|0|0|0|1|0
RZ1|38|2|OP09-096|0|46|0|38|0|0|0|0|0
RZ1|CHK|38|2|50|0|0|0|10|0|0|0|1|0
RZ1|39|2|OP09-099|0|49|0|40|0|0|0|0|0
RZ1|CHK|39|2|50|0|0|0|10|0|0|0|1|0
RZ1|40|2|OP09-093|0|42|0|41|0|0|0|0|0
RZ1|CHK|40|2|50|0|0|0|10|0|0|0|1|0
RZ1|41|2|OP16-115|0|48|0|43|0|0|0|0|0
RZ1|CHK|41|2|50|0|0|0|10|0|0|0|1|0
RZ1|42|2|OP16-115|0|49|0|44|0|0|0|0|0
RZ1|CHK|42|2|50|0|0|0|10|0|0|0|1|0
RZ1|43|2|OP16-110|0|46|0|45|0|0|0|0|0
RZ1|CHK|43|2|50|0|0|0|10|0|0|0|1|0
RZ1|44|2|OP16-108|0|48|0|46|0|0|0|0|0
RZ1|CHK|44|2|50|0|0|0|10|0|0|0|1|0
RZ1|45|2|OP12-119|0|48|0|47|0|0|0|0|0
RZ1|CHK|45|2|50|0|0|0|10|0|0|0|1|0
RZ1|46|1|OP13-099|0|33|7|0|1|1|0|0|0
RZ1|CHK|46|1|49|0|0|0|10|0|0|1|1|0
[You] Imu ["OP13-079">OP13-079]: Deploy The Empty Throne ["OP13-099">OP13-099]
RZ1|47|1|OP13-084|0|31|0|0|0|0|0|0|0
RZ1|CHK|47|1|49|0|0|0|10|0|0|1|1|0
RZ1|48|1|OP13-089|0|45|0|2|0|0|0|0|0
RZ1|CHK|48|1|49|0|0|0|10|0|0|1|1|0
RZ1|49|1|OP13-082|0|37|0|3|0|0|0|0|0
RZ1|CHK|49|1|49|0|0|0|10|0|0|1|1|0
RZ1|50|1|OP13-091|0|34|0|4|0|0|0|0|0
RZ1|CHK|50|1|49|0|0|0|10|0|0|1|1|0
RZ1|51|1|OP13-091|0|46|0|5|0|0|0|0|0
RZ1|CHK|51|1|49|0|0|0|10|0|0|1|1|0
RZ1|52|1|OP14-096|0|33|0|6|0|0|0|0|0
RZ1|CHK|52|1|49|0|0|0|10|0|0|1|1|0
RZ1|53|1|OP13-083|0|20|0|7|0|0|0|0|0
RZ1|CHK|53|1|49|0|0|0|10|0|0|1|1|0
RZ1|54|1|OP13-083|0|47|0|8|0|0|0|0|0
RZ1|CHK|54|1|49|0|0|0|10|0|0|1|1|0
RZ1|55|1|OP13-098|0|36|0|9|0|0|0|0|0
RZ1|CHK|55|1|49|0|0|0|10|0|0|1|1|0
RZ1|56|1|OP14-096|0|44|0|10|0|0|0|0|0
RZ1|CHK|56|1|49|0|0|0|10|0|0|1|1|0
RZ1|57|1|OP14-096|0|15|0|11|0|0|0|0|0
RZ1|CHK|57|1|49|0|0|0|10|0|0|1|1|0
RZ1|58|1|OP13-089|0|25|0|12|0|0|0|0|0
RZ1|CHK|58|1|49|0|0|0|10|0|0|1|1|0
RZ1|59|1|OP13-098|0|16|0|13|0|0|0|0|0
RZ1|CHK|59|1|49|0|0|0|10|0|0|1|1|0
RZ1|60|1|OP16-093|0|37|0|14|0|0|0|0|0
RZ1|CHK|60|1|49|0|0|0|10|0|0|1|1|0
RZ1|61|1|OP13-091|0|28|0|15|0|0|0|0|0
RZ1|CHK|61|1|49|0|0|0|10|0|0|1|1|0
RZ1|62|1|OP13-092|0|17|0|16|0|0|0|0|0
RZ1|CHK|62|1|49|0|0|0|10|0|0|1|1|0
RZ1|63|1|OP13-080|0|35|0|17|0|0|0|0|0
RZ1|CHK|63|1|49|0|0|0|10|0|0|1|1|0
RZ1|64|1|OP13-098|0|38|0|18|0|0|0|0|0
RZ1|CHK|64|1|49|0|0|0|10|0|0|1|1|0
RZ1|65|1|OP13-086|0|45|0|19|0|0|0|0|0
RZ1|CHK|65|1|49|0|0|0|10|0|0|1|1|0
RZ1|66|1|OP13-092|0|45|0|20|0|0|0|0|0
RZ1|CHK|66|1|49|0|0|0|10|0|0|1|1|0
RZ1|67|1|OP13-096|0|25|0|21|0|0|0|0|0
RZ1|CHK|67|1|49|0|0|0|10|0|0|1|1|0
RZ1|68|1|OP13-083|0|47|0|22|0|0|0|0|0
RZ1|CHK|68|1|49|0|0|0|10|0|0|1|1|0
RZ1|69|1|OP13-098|0|26|0|23|0|0|0|0|0
RZ1|CHK|69|1|49|0|0|0|10|0|0|1|1|0
RZ1|70|1|OP13-084|0|44|0|24|0|0|0|0|0
RZ1|CHK|70|1|49|0|0|0|10|0|0|1|1|0
RZ1|71|1|OP13-082|0|42|0|25|0|0|0|0|0
RZ1|CHK|71|1|49|0|0|0|10|0|0|1|1|0
RZ1|72|1|OP13-086|0|39|0|26|0|0|0|0|0
RZ1|CHK|72|1|49|0|0|0|10|0|0|1|1|0
RZ1|73|1|OP16-093|0|40|0|27|0|0|0|0|0
RZ1|CHK|73|1|49|0|0|0|10|0|0|1|1|0
RZ1|74|1|OP13-080|0|48|0|28|0|0|0|0|0
RZ1|CHK|74|1|49|0|0|0|10|0|0|1|1|0
RZ1|75|1|OP13-096|0|39|0|29|0|0|0|0|0
RZ1|CHK|75|1|49|0|0|0|10|0|0|1|1|0
RZ1|76|1|OP13-080|0|33|0|30|0|0|0|0|0
RZ1|CHK|76|1|49|0|0|0|10|0|0|1|1|0
RZ1|77|1|OP13-082|0|36|0|32|0|0|0|0|0
RZ1|CHK|77|1|49|0|0|0|10|0|0|1|1|0
RZ1|78|1|OP13-089|0|43|0|34|0|0|0|0|0
RZ1|CHK|78|1|49|0|0|0|10|0|0|1|1|0
RZ1|79|1|OP13-086|0|38|0|35|0|0|0|0|0
RZ1|CHK|79|1|49|0|0|0|10|0|0|1|1|0
RZ1|80|1|OP13-089|0|38|0|36|0|0|0|0|0
RZ1|CHK|80|1|49|0|0|0|10|0|0|1|1|0
RZ1|81|1|OP13-092|0|40|0|37|0|0|0|0|0
RZ1|CHK|81|1|49|0|0|0|10|0|0|1|1|0
RZ1|82|1|OP13-092|0|40|0|38|0|0|0|0|0
RZ1|CHK|82|1|49|0|0|0|10|0|0|1|1|0
RZ1|83|1|OP14-096|0|46|0|39|0|0|0|0|0
RZ1|CHK|83|1|49|0|0|0|10|0|0|1|1|0
RZ1|84|1|OP13-084|0|47|0|40|0|0|0|0|0
RZ1|CHK|84|1|49|0|0|0|10|0|0|1|1|0
RZ1|85|1|OP13-091|0|43|0|41|0|0|0|0|0
RZ1|CHK|85|1|49|0|0|0|10|0|0|1|1|0
RZ1|86|1|OP13-096|0|44|0|42|0|0|0|0|0
RZ1|CHK|86|1|49|0|0|0|10|0|0|1|1|0
RZ1|87|1|OP13-082|0|44|0|43|0|0|0|0|0
RZ1|CHK|87|1|49|0|0|0|10|0|0|1|1|0
RZ1|88|1|OP13-084|0|47|0|44|0|0|0|0|0
RZ1|CHK|88|1|49|0|0|0|10|0|0|1|1|0
RZ1|89|1|OP16-093|0|48|0|45|0|0|0|0|0
RZ1|CHK|89|1|49|0|0|0|10|0|0|1|1|0
RZ1|90|1|OP16-093|0|47|0|46|0|0|0|0|0
RZ1|CHK|90|1|49|0|0|0|10|0|0|1|1|0
[] Drew card from deck: The Five Elders... Are At Your Service ["OP13-096">OP13-096]
RZ1|91|1|OP13-096|0|48|1|0|1|1|0|0|0
RZ1|CHK|91|1|48|1|0|0|10|0|0|1|1|0
[] Drew card from deck: St. Ethanbaron V. Nusjuro ["OP13-080">OP13-080]
RZ1|92|1|OP13-080|0|47|1|1|1|1|0|0|0
RZ1|CHK|92|1|47|2|0|0|10|0|0|1|1|0
[] Drew card from deck: Bartholomew Kuma ["OP16-093">OP16-093]
RZ1|93|1|OP16-093|0|46|1|2|1|1|0|0|0
RZ1|CHK|93|1|46|3|0|0|10|0|0|1|1|0
[] Drew card from deck: Bartholomew Kuma ["OP16-093">OP16-093]
RZ1|94|1|OP16-093|0|45|1|3|1|1|0|0|0
RZ1|CHK|94|1|45|4|0|0|10|0|0|1|1|0
[] Drew card from deck: St. Shepherd Ju Peter ["OP13-084">OP13-084]
RZ1|95|1|OP13-084|0|44|1|4|1|1|0|0|0
RZ1|CHK|95|1|44|5|0|0|10|0|0|1|1|0
[] Drew card from deck: Shiryu ["OP16-108">OP16-108]
RZ1|96|2|OP16-108|0|49|1|0|1|1|0|0|0
RZ1|CHK|96|2|49|1|0|0|10|0|0|0|1|0
[] Drew card from deck: Doc Q ["OP16-109">OP16-109]
RZ1|97|2|OP16-109|0|48|1|1|1|1|0|0|0
RZ1|CHK|97|2|48|2|0|0|10|0|0|0|1|0
[] Drew card from deck: Bartholomew Kuma ["OP12-119">OP12-119]
RZ1|98|2|OP12-119|0|47|1|2|1|1|0|0|0
RZ1|CHK|98|2|47|3|0|0|10|0|0|0|1|0
[] Drew card from deck: Shiryu ["OP16-108">OP16-108]
RZ1|99|2|OP16-108|0|46|1|3|1|1|0|0|0
RZ1|CHK|99|2|46|4|0|0|10|0|0|0|1|0
[] Drew card from deck: Vasco Shot ["OP16-110">OP16-110]
RZ1|100|2|OP16-110|0|45|1|4|1|1|0|0|0
RZ1|CHK|100|2|45|5|0|0|10|0|0|0|1|0
RZ1|101|1|OP13-082|0|43|3|0|1|0|0|0|0
RZ1|CHK|101|1|43|5|0|1|10|0|0|1|1|0
RZ1|102|1|OP13-096|0|42|3|1|1|0|0|0|0
RZ1|CHK|102|1|42|5|0|2|10|0|0|1|1|0
RZ1|103|1|OP13-091|0|41|3|2|1|0|0|0|0
RZ1|CHK|103|1|41|5|0|3|10|0|0|1|1|0
RZ1|104|1|OP13-084|0|40|3|3|1|0|0|0|0
RZ1|CHK|104|1|40|5|0|4|10|0|0|1|1|0
RZ1|105|2|OP16-108|1|0|0|45|0|0|0|0|0
RZ1|CHK|105|2|46|4|0|0|10|0|0|0|1|0
RZ1|106|2|OP16-109|1|0|0|46|0|0|0|0|0
RZ1|CHK|106|2|47|3|0|0|10|0|0|0|1|0
RZ1|107|2|OP12-119|1|0|0|47|0|0|0|0|0
RZ1|CHK|107|2|48|2|0|0|10|0|0|0|1|0
RZ1|108|2|OP16-108|1|0|0|48|0|0|0|0|0
RZ1|CHK|108|2|49|1|0|0|10|0|0|0|1|0
RZ1|109|2|OP16-110|1|0|0|49|0|0|0|0|0
RZ1|CHK|109|2|50|0|0|0|10|0|0|0|1|0
RZ1|110|2|OP16-115|0|44|0|0|0|0|0|0|0
RZ1|CHK|110|2|50|0|0|0|10|0|0|0|1|0
RZ1|111|2|OP06-115|0|34|0|1|0|0|0|0|0
RZ1|CHK|111|2|50|0|0|0|10|0|0|0|1|0
RZ1|112|2|OP06-115|0|17|0|2|0|0|0|0|0
RZ1|CHK|112|2|50|0|0|0|10|0|0|0|1|0
RZ1|113|2|OP09-086|0|30|0|3|0|0|0|0|0
RZ1|CHK|113|2|50|0|0|0|10|0|0|0|1|0
RZ1|114|2|OP16-110|0|9|0|4|0|0|0|0|0
RZ1|CHK|114|2|50|0|0|0|10|0|0|0|1|0
RZ1|115|2|OP09-099|0|16|0|5|0|0|0|0|0
RZ1|CHK|115|2|50|0|0|0|10|0|0|0|1|0
RZ1|116|2|OP09-093|0|12|0|6|0|0|0|0|0
RZ1|CHK|116|2|50|0|0|0|10|0|0|0|1|0
RZ1|117|2|OP09-099|0|41|0|7|0|0|0|0|0
RZ1|CHK|117|2|50|0|0|0|10|0|0|0|1|0
RZ1|118|2|OP09-095|0|34|0|8|0|0|0|0|0
RZ1|CHK|118|2|50|0|0|0|10|0|0|0|1|0
RZ1|119|2|OP16-108|0|34|0|9|0|0|0|0|0
RZ1|CHK|119|2|50|0|0|0|10|0|0|0|1|0
RZ1|120|2|OP16-102|0|20|0|10|0|0|0|0|0
RZ1|CHK|120|2|50|0|0|0|10|0|0|0|1|0
RZ1|121|2|OP09-095|0|27|0|11|0|0|0|0|0
RZ1|CHK|121|2|50|0|0|0|10|0|0|0|1|0
RZ1|122|2|OP16-119|0|39|0|13|0|0|0|0|0
RZ1|CHK|122|2|50|0|0|0|10|0|0|0|1|0
RZ1|123|2|OP09-086|0|22|0|14|0|0|0|0|0
RZ1|CHK|123|2|50|0|0|0|10|0|0|0|1|0
RZ1|124|2|OP12-119|0|31|0|15|0|0|0|0|0
RZ1|CHK|124|2|50|0|0|0|10|0|0|0|1|0
RZ1|125|2|OP16-119|0|30|0|16|0|0|0|0|0
RZ1|CHK|125|2|50|0|0|0|10|0|0|0|1|0
RZ1|126|2|OP09-093|0|36|0|17|0|0|0|0|0
RZ1|CHK|126|2|50|0|0|0|10|0|0|0|1|0
RZ1|127|2|OP16-108|0|48|0|18|0|0|0|0|0
RZ1|CHK|127|2|50|0|0|0|10|0|0|0|1|0
RZ1|128|2|OP09-096|0|41|0|19|0|0|0|0|0
RZ1|CHK|128|2|50|0|0|0|10|0|0|0|1|0
RZ1|129|2|OP16-116|0|39|0|20|0|0|0|0|0
RZ1|CHK|129|2|50|0|0|0|10|0|0|0|1|0
RZ1|130|2|OP16-109|0|39|0|21|0|0|0|0|0
RZ1|CHK|130|2|50|0|0|0|10|0|0|0|1|0
RZ1|131|2|OP09-099|0|27|0|22|0|0|0|0|0
RZ1|CHK|131|2|50|0|0|0|10|0|0|0|1|0
RZ1|132|2|OP16-110|0|24|0|23|0|0|0|0|0
RZ1|CHK|132|2|50|0|0|0|10|0|0|0|1|0
RZ1|133|2|OP16-108|0|38|0|24|0|0|0|0|0
RZ1|CHK|133|2|50|0|0|0|10|0|0|0|1|0
RZ1|134|2|OP16-115|0|45|0|25|0|0|0|0|0
RZ1|CHK|134|2|50|0|0|0|10|0|0|0|1|0
RZ1|135|2|OP09-093|0|30|0|26|0|0|0|0|0
RZ1|CHK|135|2|50|0|0|0|10|0|0|0|1|0
RZ1|136|2|OP16-119|0|36|0|27|0|0|0|0|0
RZ1|CHK|136|2|50|0|0|0|10|0|0|0|1|0
RZ1|137|2|OP16-109|0|40|0|28|0|0|0|0|0
RZ1|CHK|137|2|50|0|0|0|10|0|0|0|1|0
RZ1|138|2|OP16-109|0|47|0|29|0|0|0|0|0
RZ1|CHK|138|2|50|0|0|0|10|0|0|0|1|0
RZ1|139|2|OP16-104|0|38|0|30|0|0|0|0|0
RZ1|CHK|139|2|50|0|0|0|10|0|0|0|1|0
RZ1|140|2|OP12-112|0|37|0|31|0|0|0|0|0
RZ1|CHK|140|2|50|0|0|0|10|0|0|0|1|0
RZ1|141|2|OP16-119|0|37|0|32|0|0|0|0|0
RZ1|CHK|141|2|50|0|0|0|10|0|0|0|1|0
RZ1|142|2|OP16-116|0|42|0|33|0|0|0|0|0
RZ1|CHK|142|2|50|0|0|0|10|0|0|0|1|0
RZ1|143|2|OP16-110|0|38|0|34|0|0|0|0|0
RZ1|CHK|143|2|50|0|0|0|10|0|0|0|1|0
RZ1|144|2|OP09-086|0|44|0|35|0|0|0|0|0
RZ1|CHK|144|2|50|0|0|0|10|0|0|0|1|0
RZ1|145|2|OP16-108|0|47|0|36|0|0|0|0|0
RZ1|CHK|145|2|50|0|0|0|10|0|0|0|1|0
RZ1|146|2|OP16-110|0|49|0|37|0|0|0|0|0
RZ1|CHK|146|2|50|0|0|0|10|0|0|0|1|0
RZ1|147|2|OP09-095|0|45|0|38|0|0|0|0|0
RZ1|CHK|147|2|50|0|0|0|10|0|0|0|1|0
RZ1|148|2|OP09-095|0|46|0|39|0|0|0|0|0
RZ1|CHK|148|2|50|0|0|0|10|0|0|0|1|0
RZ1|149|2|OP09-093|0|47|0|40|0|0|0|0|0
RZ1|CHK|149|2|50|0|0|0|10|0|0|0|1|0
RZ1|150|2|OP09-096|0|42|0|41|0|0|0|0|0
RZ1|CHK|150|2|50|0|0|0|10|0|0|0|1|0
RZ1|151|2|OP16-104|0|46|0|42|0|0|0|0|0
RZ1|CHK|151|2|50|0|0|0|10|0|0|0|1|0
RZ1|152|2|OP12-119|0|49|0|44|0|0|0|0|0
RZ1|CHK|152|2|50|0|0|0|10|0|0|0|1|0
RZ1|153|2|OP09-096|0|46|0|45|0|0|0|0|0
RZ1|CHK|153|2|50|0|0|0|10|0|0|0|1|0
RZ1|154|2|OP16-109|0|48|0|46|0|0|0|0|0
RZ1|CHK|154|2|50|0|0|0|10|0|0|0|1|0
RZ1|155|2|OP09-096|0|48|0|47|0|0|0|0|0
RZ1|CHK|155|2|50|0|0|0|10|0|0|0|1|0
RZ1|156|2|OP09-086|0|49|0|48|0|0|0|0|0
RZ1|CHK|156|2|50|0|0|0|10|0|0|0|1|0
[] Drew card from deck: Baby 5 ["OP12-112">OP12-112]
RZ1|157|2|OP12-112|0|49|1|0|1|1|0|0|0
RZ1|CHK|157|2|49|1|0|0|10|0|0|0|1|0
[] Drew card from deck: Jesus Burgess ["OP09-086">OP09-086]
RZ1|158|2|OP09-086|0|48|1|1|1|1|0|0|0
RZ1|CHK|158|2|48|2|0|0|10|0|0|0|1|0
[] Drew card from deck: This is MY AGE!!!! ["OP09-096">OP09-096]
RZ1|159|2|OP09-096|0|47|1|2|1|1|0|0|0
RZ1|CHK|159|2|47|3|0|0|10|0|0|0|1|0
[] Drew card from deck: Doc Q ["OP16-109">OP16-109]
RZ1|160|2|OP16-109|0|46|1|3|1|1|0|0|0
RZ1|CHK|160|2|46|4|0|0|10|0|0|0|1|0
[] Drew card from deck: This is MY AGE!!!! ["OP09-096">OP09-096]
RZ1|161|2|OP09-096|0|45|1|4|1|1|0|0|0
RZ1|CHK|161|2|45|5|0|0|10|0|0|0|1|0
RZ1|162|2|OP12-119|0|44|3|0|0|1|0|0|0
RZ1|CHK|162|2|44|5|0|1|10|0|0|0|1|0
RZ1|163|2|OP16-104|0|43|3|1|0|1|0|0|0
RZ1|CHK|163|2|43|5|0|2|10|0|0|0|1|0
RZ1|164|2|OP16-104|0|42|3|2|0|1|0|0|0
RZ1|CHK|164|2|42|5|0|3|10|0|0|0|1|0
RZ1|165|2|OP09-096|0|41|3|3|0|1|0|0|0
RZ1|CHK|165|2|41|5|0|4|10|0|0|0|1|0
[] Hand after Mulligan: [OP12-112,OP09-086,OP09-096,OP16-109,OP09-096]
[Opponent] Mulligan
[] Hand: [OP13-096,OP13-080,OP16-093,OP16-093,OP13-084]
[] Board: []
[] Trash: []
[] Life: 4
[] Hand: [OP12-112,OP09-086,OP09-096,OP16-109,OP09-096]
[] Trash: []
[] Board: []
[] Life: 4
RZ1|166|1|Don|4|9|5|0|1|1|0|0|0
RZ1|CHK|166|1|40|5|0|4|9|1|0|1|1|0
[You] Draw 1 Don
[You] The Five Elders... Are At Your Service ["OP13-096">OP13-096]: Rest 1 Don
RZ1|167|1|Don|5|0|5|0|1|1|1|0|0
RZ1|CHK|167|1|40|5|0|4|9|1|0|1|1|0
RZ1|168|1|OP13-096|1|0|6|0|1|1|0|0|0
RZ1|CHK|168|1|40|4|0|4|9|1|1|1|1|0
RZ1|169|1|OP13-092|0|38|1|4|1|1|0|0|0
RZ1|CHK|169|1|39|5|0|4|9|1|1|1|1|0
[You] The Five Elders... Are At Your Service ["OP13-096">OP13-096]: <b>Reveal and Draw St. Mjosgard ["OP13-092">OP13-092]</b>
[You] The Five Elders... Are At Your Service ["OP13-096">OP13-096]: Trash 2 Remaining Cards
RZ1|170|1|OP14-096|0|38|6|1|1|1|0|0|0
RZ1|CHK|170|1|38|5|0|4|9|1|2|1|1|0
RZ1|171|1|OP13-092|0|37|6|2|1|1|0|0|0
RZ1|CHK|171|1|37|5|0|4|9|1|3|1|1|0
RZ1|172|1|OP13-092|1|4|6|3|1|1|0|0|0
RZ1|CHK|172|1|37|4|0|4|9|1|4|1|1|0
[You] Imu ["OP13-079">OP13-079]: Trash St. Mjosgard ["OP13-092">OP13-092]
[] Drew card from deck: St. Topman Warcury ["OP13-089">OP13-089]
RZ1|173|1|OP13-089|0|36|1|4|1|1|0|0|0
RZ1|CHK|173|1|36|5|0|4|9|1|4|1|1|0
[You] Imu ["OP13-079">OP13-079]: Draw 1 Card
[] Hand: [OP13-080,OP16-093,OP16-093,OP13-084,OP13-089]
[] Board: []
[] Trash: [OP13-096,OP14-096,OP13-092,OP13-092]
[] Life: 4
[] Hand: [OP12-112,OP09-086,OP09-096,OP16-109,OP09-096]
[] Trash: []
[] Board: []
[] Life: 4
[You] End Turn
[] Hand: [OP12-112,OP09-086,OP09-096,OP16-109,OP09-096]
[] Board: []
[] Trash: []
[] Life: 4
[] Hand: [OP13-080,OP16-093,OP16-093,OP13-084,OP13-089]
[] Trash: [OP13-096,OP14-096,OP13-092,OP13-092]
[] Board: []
[] Life: 4
[Opponent] Draw 1 Card
[] Drew card from deck: Marshall D. Teach ["OP09-093">OP09-093]
RZ1|174|2|OP09-093|0|40|1|5|1|1|0|0|0
RZ1|CHK|174|2|40|6|0|4|10|0|0|0|1|0
RZ1|175|2|Don|4|9|5|0|1|1|0|0|0
RZ1|CHK|175|2|40|6|0|4|9|1|0|0|1|0
RZ1|176|2|Don|4|8|5|1|1|1|0|0|0
RZ1|CHK|176|2|40|6|0|4|8|2|0|0|1|0
[Opponent] Draw 2 Don
[Opponent] This is MY AGE!!!! ["OP09-096">OP09-096]: Rest 1 Don
RZ1|177|2|Don|5|0|5|0|1|1|1|0|0
RZ1|CHK|177|2|40|6|0|4|8|2|0|0|1|0
RZ1|178|2|OP09-096|1|4|6|0|1|1|0|0|0
RZ1|CHK|178|2|40|5|0|4|8|2|1|0|1|0
RZ1|179|2|OP09-095|0|38|1|5|1|1|0|0|0
RZ1|CHK|179|2|39|6|0|4|8|2|1|0|1|0
[Opponent] This is MY AGE!!!! ["OP09-096">OP09-096]: <b>Reveal and Draw Laffitte ["OP09-095">OP09-095]</b>
[Opponent] This is MY AGE!!!! ["OP09-096">OP09-096]: Trash 2 Remaining Cards
RZ1|180|2|OP09-095|0|38|6|1|1|1|0|0|0
RZ1|CHK|180|2|38|6|0|4|8|2|2|0|1|0
RZ1|181|2|OP16-110|0|37|6|2|1|1|0|0|0
RZ1|CHK|181|2|37|6|0|4|8|2|3|0|1|0
[Opponent] This is MY AGE!!!! ["OP09-096">OP09-096]: Rest 1 Don
RZ1|182|2|Don|5|1|5|1|1|1|1|0|0
RZ1|CHK|182|2|37|6|0|4|8|2|3|0|1|0
RZ1|183|2|OP09-096|1|2|6|3|1|1|0|0|0
RZ1|CHK|183|2|37|5|0|4|8|2|4|0|1|0
RZ1|184|2|OP16-108|0|36|1|5|1|1|0|0|0
RZ1|CHK|184|2|36|6|0|4|8|2|4|0|1|0
[Opponent] This is MY AGE!!!! ["OP09-096">OP09-096]: <b>Reveal and Draw Shiryu ["OP16-108">OP16-108]</b>
[Opponent] This is MY AGE!!!! ["OP09-096">OP09-096]: Trash 2 Remaining Cards
RZ1|185|2|OP09-086|0|35|6|4|1|1|0|0|0
RZ1|CHK|185|2|35|6|0|4|8|2|5|0|1|0
RZ1|186|2|OP16-110|0|34|6|5|1|1|0|0|0
RZ1|CHK|186|2|34|6|0|4|8|2|6|0|1|0
[] Hand: [OP12-112,OP09-086,OP16-109,OP09-093,OP09-095,OP16-108]
[] Board: []
[] Trash: [OP09-096,OP09-095,OP16-110,OP09-096,OP09-086,OP16-110]
[] Life: 4
[] Hand: [OP13-080,OP16-093,OP16-093,OP13-084,OP13-089]
[] Trash: [OP13-096,OP14-096,OP13-092,OP13-092]
[] Board: []
[] Life: 4
[Opponent] End Turn
[] Hand: [OP13-080,OP16-093,OP16-093,OP13-084,OP13-089]
[] Board: []
[] Trash: [OP13-096,OP14-096,OP13-092,OP13-092]
[] Life: 4
[] Hand: [OP12-112,OP09-086,OP16-109,OP09-093,OP09-095,OP16-108]
[] Trash: [OP09-096,OP09-095,OP16-110,OP09-096,OP09-086,OP16-110]
[] Board: []
[] Life: 4
[You] Draw 1 Card
[] Drew card from deck: St. Shalria ["OP13-086">OP13-086]
RZ1|187|1|OP13-086|0|35|1|5|1|1|0|0|0
RZ1|CHK|187|1|35|6|0|4|9|1|4|1|1|0
RZ1|188|1|Don|4|8|5|1|1|1|0|0|0
RZ1|CHK|188|1|35|6|0|4|8|2|4|1|1|0
RZ1|189|1|Don|4|7|5|2|1|1|0|0|0
RZ1|CHK|189|1|35|6|0|4|7|3|4|1|1|0
[You] Draw 2 Don
RZ1|190|1|Don|5|0|5|0|1|1|1|0|0
RZ1|CHK|190|1|35|6|0|4|7|3|4|1|1|0
RZ1|191|1|Don|5|1|5|1|1|1|1|0|0
RZ1|CHK|191|1|35|6|0|4|7|3|4|1|1|0
RZ1|192|1|Don|5|2|5|2|1|1|1|0|0
RZ1|CHK|192|1|35|6|0|4|7|3|4|1|1|0
[You] Deploy Bartholomew Kuma ["OP16-093">OP16-093]
RZ1|193|1|OP16-093|1|1|2|0|1|1|0|0|0
RZ1|CHK|193|1|35|5|1|4|7|3|4|1|1|0
[] Drew card from deck: St. Topman Warcury ["OP13-089">OP13-089]
RZ1|194|1|OP13-089|0|34|1|5|1|1|0|0|0
RZ1|CHK|194|1|34|6|1|4|7|3|4|1|1|0
[] Drew card from deck: St. Jaygarcia Saturn ["OP13-083">OP13-083]
RZ1|195|1|OP13-083|0|33|1|6|1|1|0|0|0
RZ1|CHK|195|1|33|7|1|4|7|3|4|1|1|0
[You] Bartholomew Kuma ["OP16-093">OP16-093]: Draw 2 Card
RZ1|196|1|OP13-080|1|0|6|4|1|1|0|0|0
RZ1|CHK|196|1|33|6|1|4|7|3|5|1|1|0
[You] Bartholomew Kuma ["OP16-093">OP16-093]: Trash St. Ethanbaron V. Nusjuro ["OP13-080">OP13-080]
RZ1|197|1|OP13-089|1|2|6|5|1|1|0|0|0
RZ1|CHK|197|1|33|5|1|4|7|3|6|1|1|0
[You] Bartholomew Kuma ["OP16-093">OP16-093]: Trash St. Topman Warcury ["OP13-089">OP13-089]
[You] Bartholomew Kuma ["OP16-093">OP16-093]: Attach 1 Rested Don to Imu ["OP13-079">OP13-079]
RZ1|198|1|Don|5|0|9|9900|1|1|1|0|0
RZ1|CHK|198|1|33|5|1|4|7|2|6|1|1|1
[You] Imu ["OP13-079">OP13-079] attacking Marshall D. Teach ["OP16-080">OP16-080]
[Opponent] Discard Doc Q ["OP16-109">OP16-109] for Counter 2000
RZ1|199|2|OP16-109|1|2|6|6|1|1|0|0|0
RZ1|CHK|199|2|34|5|0|4|8|2|7|0|1|0
Imu ["OP13-079">OP13-079][6000] vs Marshall D. Teach ["OP16-080">OP16-080][7000]
Attack Fails
[] Hand: [OP16-093,OP13-084,OP13-086,OP13-089,OP13-083]
[] Board: [OP16-093]
[] Trash: [OP13-096,OP14-096,OP13-092,OP13-092,OP13-080,OP13-089]
[] Life: 4
[] Hand: [OP12-112,OP09-086,OP09-093,OP09-095,OP16-108]
[] Trash: [OP09-096,OP09-095,OP16-110,OP09-096,OP09-086,OP16-110,OP16-109]
[] Board: []
[] Life: 4
[You] End Turn
[] Hand: [OP12-112,OP09-086,OP09-093,OP09-095,OP16-108]
[] Board: []
[] Trash: [OP09-096,OP09-095,OP16-110,OP09-096,OP09-086,OP16-110,OP16-109]
[] Life: 4
[] Hand: [OP16-093,OP13-084,OP13-086,OP13-089,OP13-083]
[] Trash: [OP13-096,OP14-096,OP13-092,OP13-092,OP13-080,OP13-089]
[] Board: [OP16-093]
[] Life: 4
[Opponent] Draw 1 Card
[] Drew card from deck: ZEHAHAHAHA ["OP16-116">OP16-116]
RZ1|200|2|OP16-116|0|33|1|5|1|1|0|0|0
RZ1|CHK|200|2|33|6|0|4|8|2|7|0|1|0
RZ1|201|2|Don|4|7|5|2|1|1|0|0|0
RZ1|CHK|201|2|33|6|0|4|7|3|7|0|1|0
RZ1|202|2|Don|4|6|5|3|1|1|0|0|0
RZ1|CHK|202|2|33|6|0|4|6|4|7|0|1|0
[Opponent] Draw 2 Don
RZ1|203|2|Don|5|0|5|0|1|1|1|0|0
RZ1|CHK|203|2|33|6|0|4|6|4|7|0|1|0
RZ1|204|2|Don|5|1|5|1|1|1|1|0|0
RZ1|CHK|204|2|33|6|0|4|6|4|7|0|1|0
RZ1|205|2|Don|5|2|5|2|1|1|1|0|0
RZ1|CHK|205|2|33|6|0|4|6|4|7|0|1|0
RZ1|206|2|Don|5|3|5|3|1|1|1|0|0
RZ1|CHK|206|2|33|6|0|4|6|4|7|0|1|0
[Opponent] Deploy Jesus Burgess ["OP09-086">OP09-086]
RZ1|207|2|OP09-086|1|1|2|0|1|1|0|1000|0
RZ1|CHK|207|2|33|5|1|4|6|4|7|0|1|0
[Opponent] Marshall D. Teach ["OP16-080">OP16-080] attacking Imu ["OP13-079">OP13-079]
Marshall D. Teach ["OP16-080">OP16-080][5000] vs Imu ["OP13-079">OP13-079][5000]
Imu ["OP13-079">OP13-079] hit for 1 damage
RZ1|208|1|OP13-084|3|3|1|5|1|1|0|0|0
RZ1|CHK|208|1|33|6|1|3|7|2|6|1|1|1
[] Hand: [OP12-112,OP09-093,OP09-095,OP16-108,OP16-116]
[] Board: [OP09-086]
[] Trash: [OP09-096,OP09-095,OP16-110,OP09-096,OP09-086,OP16-110,OP16-109]
[] Life: 4
[] Hand: [OP16-093,OP13-084,OP13-086,OP13-089,OP13-083,OP13-084]
[] Trash: [OP13-096,OP14-096,OP13-092,OP13-092,OP13-080,OP13-089]
[] Board: [OP16-093]
[] Life: 3
[Opponent] End Turn
[] Hand: [OP16-093,OP13-084,OP13-086,OP13-089,OP13-083,OP13-084]
[] Board: [OP16-093]
[] Trash: [OP13-096,OP14-096,OP13-092,OP13-092,OP13-080,OP13-089]
[] Life: 3
[] Hand: [OP12-112,OP09-093,OP09-095,OP16-108,OP16-116]
[] Trash: [OP09-096,OP09-095,OP16-110,OP09-096,OP09-086,OP16-110,OP16-109]
[] Board: [OP09-086]
[] Life: 4
RZ1|209|1|Don|9|9900|5|0|1|1|1|0|0
RZ1|CHK|209|1|33|6|1|3|7|3|6|1|1|0
[You] Draw 1 Card
[] Drew card from deck: Five Elders ["OP13-082">OP13-082]
RZ1|210|1|OP13-082|0|32|1|6|1|1|0|0|0
RZ1|CHK|210|1|32|7|1|3|7|3|6|1|1|0
RZ1|211|1|Don|4|6|5|3|1|1|0|0|0
RZ1|CHK|211|1|32|7|1|3|6|4|6|1|1|0
RZ1|212|1|Don|4|5|5|4|1|1|0|0|0
RZ1|CHK|212|1|32|7|1|3|5|5|6|1|1|0
[You] Draw 2 Don
[You] The Empty Throne ["OP13-099">OP13-099]: Rest 3 Don
RZ1|213|1|Don|5|0|5|0|1|1|1|0|0
RZ1|CHK|213|1|32|7|1|3|5|5|6|1|1|0
RZ1|214|1|Don|5|1|5|1|1|1|1|0|0
RZ1|CHK|214|1|32|7|1|3|5|5|6|1|1|0
RZ1|215|1|Don|5|2|5|2|1|1|1|0|0
RZ1|CHK|215|1|32|7|1|3|5|5|6|1|1|0
[You] The Empty Throne ["OP13-099">OP13-099]: Rest The Empty Throne ["OP13-099">OP13-099]
RZ1|216|1|OP13-083|1|4|2|1|1|1|0|0|0
RZ1|CHK|216|1|32|6|2|3|5|5|6|1|1|0
[You] The Empty Throne ["OP13-099">OP13-099]: Deploy St. Jaygarcia Saturn ["OP13-083">OP13-083]
RZ1|217|1|OP13-096|0|29|1|6|1|1|0|0|0
RZ1|CHK|217|1|31|7|2|3|5|5|6|1|1|0
[You] St. Jaygarcia Saturn ["OP13-083">OP13-083]: <b>Reveal and Draw The Five Elders... Are At Your Service ["OP13-096">OP13-096]</b>
[You] Placing Cards on Bottom of Deck
RZ1|218|1|OP13-086|0|30|0|0|0|0|0|0|0
RZ1|CHK|218|1|31|7|2|3|5|5|6|1|1|0
RZ1|219|1|OP13-080|0|30|0|0|0|0|0|0|0
RZ1|CHK|219|1|31|7|2|3|5|5|6|1|1|0
RZ1|220|1|OP13-080|0|30|0|0|0|0|0|0|0
RZ1|CHK|220|1|31|7|2|3|5|5|6|1|1|0
RZ1|221|1|OP16-093|0|30|0|0|0|0|0|0|0
RZ1|CHK|221|1|31|7|2|3|5|5|6|1|1|0
RZ1|222|1|Don|5|3|5|3|1|1|1|0|0
RZ1|CHK|222|1|31|7|2|3|5|5|6|1|1|0
[You] Deploy St. Shalria ["OP13-086">OP13-086]
RZ1|223|1|OP13-086|1|2|2|2|1|1|0|0|0
RZ1|CHK|223|1|31|6|3|3|5|5|6|1|1|0
RZ1|224|1|OP13-084|0|28|1|6|1|1|0|0|0
RZ1|CHK|224|1|30|7|3|3|5|5|6|1|1|0
[You] St. Shalria ["OP13-086">OP13-086]: <b>Reveal and Draw St. Shepherd Ju Peter ["OP13-084">OP13-084]</b>
[You] St. Shalria ["OP13-086">OP13-086]: Trash 2 Remaining Cards
RZ1|225|1|OP13-086|0|29|6|6|1|1|0|0|0
RZ1|CHK|225|1|29|7|3|3|5|5|7|1|1|0
RZ1|226|1|OP13-082|0|28|6|7|1|1|0|0|0
RZ1|CHK|226|1|28|7|3|3|5|5|8|1|1|0
RZ1|227|1|OP13-089|1|2|6|8|1|1|0|0|0
RZ1|CHK|227|1|28|6|3|3|5|5|9|1|1|0
[You] St. Shalria ["OP13-086">OP13-086]: Trash St. Topman Warcury ["OP13-089">OP13-089]
RZ1|228|1|OP13-084|1|1|6|9|1|1|0|0|0
RZ1|CHK|228|1|28|5|3|3|5|5|10|1|1|0
[You] Imu ["OP13-079">OP13-079]: Trash St. Shepherd Ju Peter ["OP13-084">OP13-084]
[] Drew card from deck: ...Never Existed... ["OP13-098">OP13-098]
RZ1|229|1|OP13-098|0|27|1|5|1|1|0|0|0
RZ1|CHK|229|1|27|6|3|3|5|5|10|1|1|0
[You] Imu ["OP13-079">OP13-079]: Draw 1 Card
[You] The Five Elders... Are At Your Service ["OP13-096">OP13-096]: Rest 1 Don
RZ1|230|1|Don|5|4|5|4|1|1|1|0|0
RZ1|CHK|230|1|27|6|3|3|5|5|10|1|1|0
RZ1|231|1|OP13-096|1|3|6|10|1|1|0|0|0
RZ1|CHK|231|1|27|5|3|3|5|5|11|1|1|0
RZ1|232|1|OP13-083|0|26|1|5|1|1|0|0|0
RZ1|CHK|232|1|26|6|3|3|5|5|11|1|1|0
[You] The Five Elders... Are At Your Service ["OP13-096">OP13-096]: <b>Reveal and Draw St. Jaygarcia Saturn ["OP13-083">OP13-083]</b>
[You] The Five Elders... Are At Your Service ["OP13-096">OP13-096]: Trash 2 Remaining Cards
RZ1|233|1|OP13-096|0|25|6|11|1|1|0|0|0
RZ1|CHK|233|1|25|6|3|3|5|5|12|1|1|0
RZ1|234|1|OP13-092|0|24|6|12|1|1|0|0|0
RZ1|CHK|234|1|24|6|3|3|5|5|13|1|1|0
[You] Imu ["OP13-079">OP13-079] attacking Marshall D. Teach ["OP16-080">OP16-080]
Imu ["OP13-079">OP13-079][5000] vs Marshall D. Teach ["OP16-080">OP16-080][5000]
Marshall D. Teach ["OP16-080">OP16-080] hit for 1 damage
RZ1|235|2|OP09-096|3|3|1|5|1|1|0|0|0
RZ1|CHK|235|2|33|6|1|3|6|4|7|0|1|0
[Opponent] This is MY AGE!!!! ["OP09-096">OP09-096]: Activate Trigger
RZ1|236|2|OP09-096|1|5|6|7|1|1|0|0|0
RZ1|CHK|236|2|33|5|1|3|6|4|8|0|1|0
RZ1|237|2|OP16-119|0|32|1|5|1|1|0|0|0
RZ1|CHK|237|2|32|6|1|3|6|4|8|0|1|0
[Opponent] This is MY AGE!!!! ["OP09-096">OP09-096]: <b>Reveal and Draw Marshall D. Teach ["OP16-119">OP16-119]</b>
[Opponent] This is MY AGE!!!! ["OP09-096">OP09-096]: Trash 2 Remaining Cards
RZ1|238|2|OP12-112|0|31|6|8|1|1|0|0|0
RZ1|CHK|238|2|31|6|1|3|6|4|9|0|1|0
RZ1|239|2|OP16-104|0|30|6|9|1|1|0|0|0
RZ1|CHK|239|2|30|6|1|3|6|4|10|0|1|0
[] Hand: [OP16-093,OP13-084,OP13-082,OP13-084,OP13-098,OP13-083]
[] Board: [OP16-093,OP13-083,OP13-086]
[] Trash: [OP13-096,OP14-096,OP13-092,OP13-092,OP13-080,OP13-089,OP13-086,OP13-082,OP13-089,OP13-084,OP13-096,OP13-096,OP13-092]
[] Life: 3
[] Hand: [OP12-112,OP09-093,OP09-095,OP16-108,OP16-116,OP16-119]
[] Trash: [OP09-096,OP09-095,OP16-110,OP09-096,OP09-086,OP16-110,OP16-109,OP09-096,OP12-112,OP16-104]
[] Board: [OP09-086]
[] Life: 3
[You] End Turn
[] Hand: [OP12-112,OP09-093,OP09-095,OP16-108,OP16-116,OP16-119]
[] Board: [OP09-086]
[] Trash: [OP09-096,OP09-095,OP16-110,OP09-096,OP09-086,OP16-110,OP16-109,OP09-096,OP12-112,OP16-104]
[] Life: 3
[] Hand: [OP16-093,OP13-084,OP13-082,OP13-084,OP13-098,OP13-083]
[] Trash: [OP13-096,OP14-096,OP13-092,OP13-092,OP13-080,OP13-089,OP13-086,OP13-082,OP13-089,OP13-084,OP13-096,OP13-096,OP13-092]
[] Board: [OP16-093,OP13-083,OP13-086]
[] Life: 3
[Opponent] Draw 1 Card
[] Drew card from deck: Doc Q ["OP16-109">OP16-109]
RZ1|240|2|OP16-109|0|29|1|6|1|1|0|0|0
RZ1|CHK|240|2|29|7|1|3|6|4|10|0|1|0
RZ1|241|2|Don|4|5|5|4|1|1|0|0|0
RZ1|CHK|241|2|29|7|1|3|5|5|10|0|1|0
RZ1|242|2|Don|4|4|5|5|1|1|0|0|0
RZ1|CHK|242|2|29|7|1|3|4|6|10|0|1|0
[Opponent] Draw 2 Don
RZ1|243|2|Don|5|0|5|0|1|1|1|0|0
RZ1|CHK|243|2|29|7|1|3|4|6|10|0|1|0
RZ1|244|2|Don|5|1|5|1|1|1|1|0|0
RZ1|CHK|244|2|29|7|1|3|4|6|10|0|1|0
RZ1|245|2|Don|5|2|5|2|1|1|1|0|0
RZ1|CHK|245|2|29|7|1|3|4|6|10|0|1|0
RZ1|246|2|Don|5|3|5|3|1|1|1|0|0
RZ1|CHK|246|2|29|7|1|3|4|6|10|0|1|0
RZ1|247|2|Don|5|4|5|4|1|1|1|0|0
RZ1|CHK|247|2|29|7|1|3|4|6|10|0|1|0
RZ1|248|2|Don|5|5|5|5|1|1|1|0|0
RZ1|CHK|248|2|29|7|1|3|4|6|10|0|1|0
[Opponent] Deploy Shiryu ["OP16-108">OP16-108]
RZ1|249|2|OP16-108|1|3|2|1|1|1|0|0|0
RZ1|CHK|249|2|29|6|2|3|4|6|10|0|1|0
RZ1|250|2|OP12-112|1|0|6|10|1|1|0|0|0
RZ1|CHK|250|2|29|5|2|3|4|6|11|0|1|0
[Opponent] Shiryu ["OP16-108">OP16-108]: Trash Baby 5 ["OP12-112">OP12-112]
[Opponent] Shiryu ["OP16-108">OP16-108]: Add This is MY AGE!!!! ["OP09-096">OP09-096] to top of Life
RZ1|251|2|OP09-096|6|0|3|3|1|1|0|0|0
RZ1|CHK|251|2|29|5|2|4|4|6|10|0|1|0
[Opponent] Marshall D. Teach ["OP16-080">OP16-080] attacking Imu ["OP13-079">OP13-079]
[You] Discard Bartholomew Kuma ["OP16-093">OP16-093] for Counter 1000
RZ1|252|1|OP16-093|1|0|6|13|1|1|0|0|0
RZ1|CHK|252|1|24|5|3|3|5|5|14|1|1|0
Marshall D. Teach ["OP16-080">OP16-080][5000] vs Imu ["OP13-079">OP13-079][6000]
Attack Fails
[Opponent] Jesus Burgess ["OP09-086">OP09-086] attacking Imu ["OP13-079">OP13-079]
Jesus Burgess ["OP09-086">OP09-086][7000] vs Imu ["OP13-079">OP13-079][5000]
Imu ["OP13-079">OP13-079] hit for 1 damage
RZ1|253|1|OP13-091|3|2|1|5|1|1|0|0|0
RZ1|CHK|253|1|24|6|3|2|5|5|14|1|1|0
[] Hand: [OP09-093,OP09-095,OP16-116,OP16-119,OP16-109]
[] Board: [OP09-086,OP16-108]
[] Trash: [OP09-095,OP16-110,OP09-096,OP09-086,OP16-110,OP16-109,OP09-096,OP12-112,OP16-104,OP12-112]
[] Life: 4
[] Hand: [OP13-084,OP13-082,OP13-084,OP13-098,OP13-083,OP13-091]
[] Trash: [OP13-096,OP14-096,OP13-092,OP13-092,OP13-080,OP13-089,OP13-086,OP13-082,OP13-089,OP13-084,OP13-096,OP13-096,OP13-092,OP16-093]
[] Board: [OP16-093,OP13-083,OP13-086]
[] Life: 2
[Opponent] End Turn
[] Hand: [OP13-084,OP13-082,OP13-084,OP13-098,OP13-083,OP13-091]
[] Board: [OP16-093,OP13-083,OP13-086]
[] Trash: [OP13-096,OP14-096,OP13-092,OP13-092,OP13-080,OP13-089,OP13-086,OP13-082,OP13-089,OP13-084,OP13-096,OP13-096,OP13-092,OP16-093]
[] Life: 2
[] Hand: [OP09-093,OP09-095,OP16-116,OP16-119,OP16-109]
[] Trash: [OP09-095,OP16-110,OP09-096,OP09-086,OP16-110,OP16-109,OP09-096,OP12-112,OP16-104,OP12-112]
[] Board: [OP09-086,OP16-108]
[] Life: 4
[You] Draw 1 Card
[] Drew card from deck: St. Shalria ["OP13-086">OP13-086]
RZ1|254|1|OP13-086|0|23|1|6|1|1|0|0|0
RZ1|CHK|254|1|23|7|3|2|5|5|14|1|1|0
RZ1|255|1|Don|4|4|5|5|1|1|0|0|0
RZ1|CHK|255|1|23|7|3|2|4|6|14|1|1|0
RZ1|256|1|Don|4|3|5|6|1|1|0|0|0
RZ1|CHK|256|1|23|7|3|2|3|7|14|1|1|0
[You] Draw 2 Don
RZ1|257|1|Don|5|0|9|100|1|1|0|0|0
RZ1|CHK|257|1|23|7|3|2|3|6|14|1|1|1
RZ1|258|1|Don|5|0|9|101|1|1|0|0|0
RZ1|CHK|258|1|23|7|3|2|3|5|14|1|1|2
[You] St. Jaygarcia Saturn ["OP13-083">OP13-083] attacking Jesus Burgess ["OP09-086">OP09-086]
[Opponent] Discard Doc Q ["OP16-109">OP16-109] for Counter 2000
RZ1|259|2|OP16-109|1|4|6|10|1|1|0|0|0
RZ1|CHK|259|2|29|4|2|4|4|6|11|0|1|0
St. Jaygarcia Saturn ["OP13-083">OP13-083][7000] vs Jesus Burgess ["OP09-086">OP09-086][9000]
Attack Fails
RZ1|260|1|Don|5|0|9|9900|1|1|0|0|0
RZ1|CHK|260|1|23|7|3|2|3|4|14|1|1|3
RZ1|261|1|Don|5|0|9|9901|1|1|0|0|0
RZ1|CHK|261|1|23|7|3|2|3|3|14|1|1|4
[You] Imu ["OP13-079">OP13-079] attacking Jesus Burgess ["OP09-086">OP09-086]
[Opponent] Discard Laffitte ["OP09-095">OP09-095] for Counter 1000
RZ1|262|2|OP09-095|1|1|6|11|1|1|0|0|0
RZ1|CHK|262|2|29|3|2|4|4|6|12|0|1|0
Imu ["OP13-079">OP13-079][7000] vs Jesus Burgess ["OP09-086">OP09-086][9000]
Attack Fails
[You] The Empty Throne ["OP13-099">OP13-099]: Rest 3 Don
RZ1|263|1|Don|5|0|5|0|1|1|1|0|0
RZ1|CHK|263|1|23|7|3|2|3|3|14|1|1|4
RZ1|264|1|Don|5|1|5|1|1|1|1|0|0
RZ1|CHK|264|1|23|7|3|2|3|3|14|1|1|4
RZ1|265|1|Don|5|2|5|2|1|1|1|0|0
RZ1|CHK|265|1|23|7|3|2|3|3|14|1|1|4
[You] The Empty Throne ["OP13-099">OP13-099]: Rest The Empty Throne ["OP13-099">OP13-099]
RZ1|266|1|OP13-084|1|0|2|3|1|1|0|2000|0
RZ1|CHK|266|1|23|6|4|2|3|3|14|1|1|4
[You] The Empty Throne ["OP13-099">OP13-099]: Deploy St. Shepherd Ju Peter ["OP13-084">OP13-084]
RZ1|267|1|OP13-091|1|4|6|14|1|1|0|0|0
RZ1|CHK|267|1|23|5|4|2|3|3|15|1|1|4
[You] Imu ["OP13-079">OP13-079]: Trash St. Marcus Mars ["OP13-091">OP13-091]
[] Drew card from deck: ...Never Existed... ["OP13-098">OP13-098]
RZ1|268|1|OP13-098|0|22|1|5|1|1|0|0|0
RZ1|CHK|268|1|22|6|4|2|3|3|15|1|1|4
[You] Imu ["OP13-079">OP13-079]: Draw 1 Card
[] Hand: [OP13-082,OP13-084,OP13-098,OP13-083,OP13-086,OP13-098]
[] Board: [OP16-093,OP13-083,OP13-086,OP13-084]
[] Trash: [OP13-096,OP14-096,OP13-092,OP13-092,OP13-080,OP13-089,OP13-086,OP13-082,OP13-089,OP13-084,OP13-096,OP13-096,OP13-092,OP16-093,OP13-091]
[] Life: 2
[] Hand: [OP09-093,OP16-116,OP16-119]
[] Trash: [OP09-095,OP16-110,OP09-096,OP09-086,OP16-110,OP16-109,OP09-096,OP12-112,OP16-104,OP12-112,OP16-109,OP09-095]
[] Board: [OP09-086,OP16-108]
[] Life: 4
[You] End Turn
[] Hand: [OP09-093,OP16-116,OP16-119]
[] Board: [OP09-086,OP16-108]
[] Trash: [OP09-095,OP16-110,OP09-096,OP09-086,OP16-110,OP16-109,OP09-096,OP12-112,OP16-104,OP12-112,OP16-109,OP09-095]
[] Life: 4
[] Hand: [OP13-082,OP13-084,OP13-098,OP13-083,OP13-086,OP13-098]
[] Trash: [OP13-096,OP14-096,OP13-092,OP13-092,OP13-080,OP13-089,OP13-086,OP13-082,OP13-089,OP13-084,OP13-096,OP13-096,OP13-092,OP16-093,OP13-091]
[] Board: [OP16-093,OP13-083,OP13-086,OP13-084]
[] Life: 2
[Opponent] Draw 1 Card
[] Drew card from deck: Doc Q ["OP16-109">OP16-109]
RZ1|269|2|OP16-109|0|28|1|3|1|1|0|0|0
RZ1|CHK|269|2|28|4|2|4|4|6|12|0|1|0
RZ1|270|2|Don|4|3|5|6|1|1|0|0|0
RZ1|CHK|270|2|28|4|2|4|3|7|12|0|1|0
RZ1|271|2|Don|4|2|5|7|1|1|0|0|0
RZ1|CHK|271|2|28|4|2|4|2|8|12|0|1|0
[Opponent] Draw 2 Don
RZ1|272|2|Don|5|0|5|0|1|1|1|0|0
RZ1|CHK|272|2|28|4|2|4|2|8|12|0|1|0
RZ1|273|2|Don|5|1|5|1|1|1|1|0|0
RZ1|CHK|273|2|28|4|2|4|2|8|12|0|1|0
RZ1|274|2|Don|5|2|5|2|1|1|1|0|0
RZ1|CHK|274|2|28|4|2|4|2|8|12|0|1|0
RZ1|275|2|Don|5|3|5|3|1|1|1|0|0
RZ1|CHK|275|2|28|4|2|4|2|8|12|0|1|0
RZ1|276|2|Don|5|4|5|4|1|1|1|0|0
RZ1|CHK|276|2|28|4|2|4|2|8|12|0|1|0
RZ1|277|2|Don|5|5|5|5|1|1|1|0|0
RZ1|CHK|277|2|28|4|2|4|2|8|12|0|1|0
RZ1|278|2|Don|5|6|5|6|1|1|1|0|0
RZ1|CHK|278|2|28|4|2|4|2|8|12|0|1|0
RZ1|279|2|Don|5|7|5|7|1|1|1|0|0
RZ1|CHK|279|2|28|4|2|4|2|8|12|0|1|0
[Opponent] Deploy Marshall D. Teach ["OP16-119">OP16-119]
RZ1|280|2|OP16-119|1|2|2|2|1|1|0|0|0
RZ1|CHK|280|2|28|3|3|4|2|8|12|0|1|0
[Opponent] Marshall D. Teach ["OP16-119">OP16-119]: Added card to top of Life from Hand
RZ1|281|2|OP09-093|0|26|3|4|0|1|0|0|0
RZ1|CHK|281|2|27|3|3|5|2|8|12|0|1|0
[Opponent] Placing Cards on Bottom of Deck
RZ1|282|2|OP16-119|0|26|0|0|0|0|0|0|0
RZ1|CHK|282|2|27|3|3|5|2|8|12|0|1|0
RZ1|283|2|OP16-115|0|26|0|0|0|0|0|0|0
RZ1|CHK|283|2|27|3|3|5|2|8|12|0|1|0
[Opponent] Marshall D. Teach ["OP16-080">OP16-080] attacking Imu ["OP13-079">OP13-079]
[You] Discard St. Shalria ["OP13-086">OP13-086] for Counter 1000
RZ1|284|1|OP13-086|1|4|6|15|1|1|0|0|0
RZ1|CHK|284|1|22|5|4|2|3|3|16|1|1|4
Marshall D. Teach ["OP16-080">OP16-080][5000] vs Imu ["OP13-079">OP13-079][6000]
Attack Fails
[Opponent] Shiryu ["OP16-108">OP16-108] attacking Imu ["OP13-079">OP13-079]
Shiryu ["OP16-108">OP16-108][8000] vs Imu ["OP13-079">OP13-079][5000]
Imu ["OP13-079">OP13-079] hit for 1 damage
RZ1|285|1|OP13-096|3|1|1|5|1|1|0|0|0
RZ1|CHK|285|1|22|6|4|1|3|3|16|1|1|4
[Opponent] Jesus Burgess ["OP09-086">OP09-086] attacking Imu ["OP13-079">OP13-079]
Jesus Burgess ["OP09-086">OP09-086][8000] vs Imu ["OP13-079">OP13-079][5000]
Imu ["OP13-079">OP13-079] hit for 1 damage
RZ1|286|1|OP13-082|3|0|1|6|1|1|0|0|0
RZ1|CHK|286|1|22|7|4|0|3|3|16|1|1|4
[] Hand: [OP09-093,OP16-116,OP16-109]
[] Board: [OP09-086,OP16-108,OP16-119]
[] Trash: [OP09-095,OP16-110,OP09-096,OP09-086,OP16-110,OP16-109,OP09-096,OP12-112,OP16-104,OP12-112,OP16-109,OP09-095]
[] Life: 5
[] Hand: [OP13-082,OP13-084,OP13-098,OP13-083,OP13-098,OP13-096,OP13-082]
[] Trash: [OP13-096,OP14-096,OP13-092,OP13-092,OP13-080,OP13-089,OP13-086,OP13-082,OP13-089,OP13-084,OP13-096,OP13-096,OP13-092,OP16-093,OP13-091,OP13-086]
[] Board: [OP16-093,OP13-083,OP13-086,OP13-084]
[] Life: 0
[Opponent] End Turn
[] Hand: [OP13-082,OP13-084,OP13-098,OP13-083,OP13-098,OP13-096,OP13-082]
[] Board: [OP16-093,OP13-083,OP13-086,OP13-084]
[] Trash: [OP13-096,OP14-096,OP13-092,OP13-092,OP13-080,OP13-089,OP13-086,OP13-082,OP13-089,OP13-084,OP13-096,OP13-096,OP13-092,OP16-093,OP13-091,OP13-086]
[] Life: 0
[] Hand: [OP09-093,OP16-116,OP16-109]
[] Trash: [OP09-095,OP16-110,OP09-096,OP09-086,OP16-110,OP16-109,OP09-096,OP12-112,OP16-104,OP12-112,OP16-109,OP09-095]
[] Board: [OP09-086,OP16-108,OP16-119]
[] Life: 5
RZ1|287|1|Don|9|9900|5|0|1|1|1|0|0
RZ1|CHK|287|1|22|7|4|0|3|4|16|1|1|3
RZ1|288|1|Don|9|9900|5|0|1|1|1|0|0
RZ1|CHK|288|1|22|7|4|0|3|5|16|1|1|2
RZ1|289|1|Don|9|100|5|0|1|1|1|0|0
RZ1|CHK|289|1|22|7|4|0|3|6|16|1|1|1
RZ1|290|1|Don|9|100|5|0|1|1|1|0|0
RZ1|CHK|290|1|22|7|4|0|3|7|16|1|1|0
[You] Draw 1 Card
[] Drew card from deck: St. Ethanbaron V. Nusjuro ["OP13-080">OP13-080]
RZ1|291|1|OP13-080|0|21|1|7|1|1|0|0|0
RZ1|CHK|291|1|21|8|4|0|3|7|16|1|1|0
RZ1|292|1|Don|4|2|5|7|1|1|0|0|0
RZ1|CHK|292|1|21|8|4|0|2|8|16|1|1|0
RZ1|293|1|Don|4|1|5|8|1|1|0|0|0
RZ1|CHK|293|1|21|8|4|0|1|9|16|1|1|0
[You] Draw 2 Don
RZ1|294|1|Don|5|0|5|0|1|1|1|0|0
RZ1|CHK|294|1|21|8|4|0|1|9|16|1|1|0
RZ1|295|1|Don|5|1|5|1|1|1|1|0|0
RZ1|CHK|295|1|21|8|4|0|1|9|16|1|1|0
RZ1|296|1|Don|5|2|5|2|1|1|1|0|0
RZ1|CHK|296|1|21|8|4|0|1|9|16|1|1|0
RZ1|297|1|Don|5|3|5|3|1|1|1|0|0
RZ1|CHK|297|1|21|8|4|0|1|9|16|1|1|0
RZ1|298|1|Don|5|4|5|4|1|1|1|0|0
RZ1|CHK|298|1|21|8|4|0|1|9|16|1|1|0
RZ1|299|1|Don|5|5|5|5|1|1|1|0|0
RZ1|CHK|299|1|21|8|4|0|1|9|16|1|1|0
RZ1|300|1|Don|5|6|5|6|1|1|1|0|0
RZ1|CHK|300|1|21|8|4|0|1|9|16|1|1|0
[You] Deploy St. Shepherd Ju Peter ["OP13-084">OP13-084]
RZ1|301|1|OP13-084|1|1|2|4|1|1|0|2000|0
RZ1|CHK|301|1|21|7|5|0|1|9|16|1|1|0
RZ1|302|1|Don|5|7|9|100|1|1|0|0|0
RZ1|CHK|302|1|21|7|5|0|1|8|16|1|1|1
[You] St. Jaygarcia Saturn ["OP13-083">OP13-083] attacking Shiryu ["OP16-108">OP16-108]
RZ1|303|2|OP16-116|1|1|6|12|1|1|0|0|0
RZ1|CHK|303|2|27|2|3|5|2|8|13|0|1|0
[Opponent] Marshall D. Teach ["OP16-080">OP16-080]: Trash ZEHAHAHAHA ["OP16-116">OP16-116]
[Opponent] Marshall D. Teach ["OP16-080">OP16-080]: Target of Attack changed to Marshall D. Teach ["OP16-080">OP16-080]
St. Jaygarcia Saturn ["OP13-083">OP13-083][8000] vs Marshall D. Teach ["OP16-080">OP16-080][5000]
Marshall D. Teach ["OP16-080">OP16-080] hit for 1 damage
RZ1|304|2|OP09-093|3|4|1|2|1|1|0|0|0
RZ1|CHK|304|2|27|3|3|4|2|8|13|0|1|0
RZ1|305|1|Don|5|7|9|300|1|1|0|0|0
RZ1|CHK|305|1|21|7|5|0|1|7|16|1|1|2
[You] St. Shepherd Ju Peter ["OP13-084">OP13-084] attacking Shiryu ["OP16-108">OP16-108]
[Opponent] Discard Doc Q ["OP16-109">OP16-109] for Counter 2000
RZ1|306|2|OP16-109|1|1|6|13|1|1|0|0|0
RZ1|CHK|306|2|27|2|3|4|2|8|14|0|1|0
St. Shepherd Ju Peter ["OP13-084">OP13-084][8000] vs Shiryu ["OP16-108">OP16-108][10000]
Attack Fails
RZ1|307|1|OP13-080|1|6|6|16|1|1|0|0|0
RZ1|CHK|307|1|21|6|5|0|1|7|17|1|1|2
[You] Imu ["OP13-079">OP13-079]: Trash St. Ethanbaron V. Nusjuro ["OP13-080">OP13-080]
[] Drew card from deck: St. Mjosgard ["OP13-092">OP13-092]
RZ1|308|1|OP13-092|0|20|1|6|1|1|0|0|0
RZ1|CHK|308|1|20|7|5|0|1|7|17|1|1|2
[You] Imu ["OP13-079">OP13-079]: Draw 1 Card
[You] Imu ["OP13-079">OP13-079] attacking Marshall D. Teach ["OP16-080">OP16-080]
Imu ["OP13-079">OP13-079][5000] vs Marshall D. Teach ["OP16-080">OP16-080][5000]
Marshall D. Teach ["OP16-080">OP16-080] hit for 1 damage
RZ1|309|2|OP09-096|3|3|1|2|1|1|0|0|0
RZ1|CHK|309|2|27|3|3|3|2|8|14|0|1|0
[Opponent] This is MY AGE!!!! ["OP09-096">OP09-096]: Activate Trigger
RZ1|310|2|OP09-096|1|2|6|14|1|1|0|0|0
RZ1|CHK|310|2|27|2|3|3|2|8|15|0|1|0
RZ1|311|2|OP16-110|0|25|1|2|1|1|0|0|0
RZ1|CHK|311|2|26|3|3|3|2|8|15|0|1|0
[Opponent] This is MY AGE!!!! ["OP09-096">OP09-096]: <b>Reveal and Draw Vasco Shot ["OP16-110">OP16-110]</b>
[Opponent] This is MY AGE!!!! ["OP09-096">OP09-096]: Trash 2 Remaining Cards
RZ1|312|2|OP16-108|0|25|6|15|1|1|0|0|0
RZ1|CHK|312|2|25|3|3|3|2|8|16|0|1|0
RZ1|313|2|OP09-099|0|24|6|16|1|1|0|0|0
RZ1|CHK|313|2|24|3|3|3|2|8|17|0|1|0
[] Hand: [OP13-082,OP13-098,OP13-083,OP13-098,OP13-096,OP13-082,OP13-092]
[] Board: [OP16-093,OP13-083,OP13-086,OP13-084,OP13-084]
[] Trash: [OP13-096,OP14-096,OP13-092,OP13-092,OP13-080,OP13-089,OP13-086,OP13-082,OP13-089,OP13-084,OP13-096,OP13-096,OP13-092,OP16-093,OP13-091,OP13-086,OP13-080]
[] Life: 0
[] Hand: [OP09-093,OP09-093,OP16-110]
[] Trash: [OP09-095,OP16-110,OP09-096,OP09-086,OP16-110,OP16-109,OP09-096,OP12-112,OP16-104,OP12-112,OP16-109,OP09-095,OP16-116,OP16-109,OP09-096,OP16-108,OP09-099]
[] Board: [OP09-086,OP16-108,OP16-119]
[] Life: 3
[You] End Turn
[] Hand: [OP09-093,OP09-093,OP16-110]
[] Board: [OP09-086,OP16-108,OP16-119]
[] Trash: [OP09-095,OP16-110,OP09-096,OP09-086,OP16-110,OP16-109,OP09-096,OP12-112,OP16-104,OP12-112,OP16-109,OP09-095,OP16-116,OP16-109,OP09-096,OP16-108,OP09-099]
[] Life: 3
[] Hand: [OP13-082,OP13-098,OP13-083,OP13-098,OP13-096,OP13-082,OP13-092]
[] Trash: [OP13-096,OP14-096,OP13-092,OP13-092,OP13-080,OP13-089,OP13-086,OP13-082,OP13-089,OP13-084,OP13-096,OP13-096,OP13-092,OP16-093,OP13-091,OP13-086,OP13-080]
[] Board: [OP16-093,OP13-083,OP13-086,OP13-084,OP13-084]
[] Life: 0
[Opponent] Draw 1 Card
[] Drew card from deck: Doc Q ["OP16-109">OP16-109]
RZ1|314|2|OP16-109|0|23|1|3|1|1|0|0|0
RZ1|CHK|314|2|23|4|3|3|2|8|17|0|1|0
RZ1|315|2|Don|4|1|5|8|1|1|0|0|0
RZ1|CHK|315|2|23|4|3|3|1|9|17|0|1|0
RZ1|316|2|Don|4|0|5|9|1|1|0|0|0
RZ1|CHK|316|2|23|4|3|3|0|10|17|0|1|0
[Opponent] Draw 2 Don
[Opponent] Attach 10 Don to Marshall D. Teach ["OP16-080">OP16-080] (10 Total)
RZ1|317|2|Don|5|9|9|9900|1|1|0|0|0
RZ1|CHK|317|2|23|4|3|3|0|9|17|0|1|1
RZ1|318|2|Don|5|8|9|9901|1|1|0|0|0
RZ1|CHK|318|2|23|4|3|3|0|8|17|0|1|2
RZ1|319|2|Don|5|7|9|9902|1|1|0|0|0
RZ1|CHK|319|2|23|4|3|3|0|7|17|0|1|3
RZ1|320|2|Don|5|6|9|9903|1|1|0|0|0
RZ1|CHK|320|2|23|4|3|3|0|6|17|0|1|4
RZ1|321|2|Don|5|5|9|9904|1|1|0|0|0
RZ1|CHK|321|2|23|4|3|3|0|5|17|0|1|5
RZ1|322|2|Don|5|4|9|9905|1|1|0|0|0
RZ1|CHK|322|2|23|4|3|3|0|4|17|0|1|6
RZ1|323|2|Don|5|3|9|9906|1|1|0|0|0
RZ1|CHK|323|2|23|4|3|3|0|3|17|0|1|7
RZ1|324|2|Don|5|2|9|9907|1|1|0|0|0
RZ1|CHK|324|2|23|4|3|3|0|2|17|0|1|8
RZ1|325|2|Don|5|1|9|9908|1|1|0|0|0
RZ1|CHK|325|2|23|4|3|3|0|1|17|0|1|9
RZ1|326|2|Don|5|0|9|9909|1|1|0|0|0
RZ1|CHK|326|2|23|4|3|3|0|0|17|0|1|10
[Opponent] Marshall D. Teach ["OP16-080">OP16-080] attacking Imu ["OP13-079">OP13-079]
Marshall D. Teach ["OP16-080">OP16-080][15000] vs Imu ["OP13-079">OP13-079][5000]
Imu ["OP13-079">OP13-079] hit for 1 damage
[You] <b>Downloaded the Combat Log!</b>
GameOver
