Version is 1.41b
[You] Leader is Imu ["OP13-079">OP13-079]
RZ1|HDR|1.41b|2|RZ1
RZ1|PLY|1||OP13-079
RZ1|PLY|2||
[Opponent] Leader is Marshall D. Teach ["OP16-080">OP16-080]
RZ1|1|2|OP09-093|0|11|0|0|0|0|0|0|0
RZ1|CHK|1|2|50|0|0|0|10|0|0|0|1|0
RZ1|2|2|OP09-086|0|6|0|1|0|0|0|0|0
RZ1|CHK|2|2|50|0|0|0|10|0|0|0|1|0
RZ1|3|2|OP09-099|0|47|0|2|0|0|0|0|0
RZ1|CHK|3|2|50|0|0|0|10|0|0|0|1|0
RZ1|4|2|OP16-110|0|20|0|3|0|0|0|0|0
RZ1|CHK|4|2|50|0|0|0|10|0|0|0|1|0
RZ1|5|2|OP09-096|0|38|0|4|0|0|0|0|0
RZ1|CHK|5|2|50|0|0|0|10|0|0|0|1|0
RZ1|6|2|OP16-109|0|17|0|5|0|0|0|0|0
RZ1|CHK|6|2|50|0|0|0|10|0|0|0|1|0
RZ1|7|2|OP09-086|0|11|0|6|0|0|0|0|0
RZ1|CHK|7|2|50|0|0|0|10|0|0|0|1|0
RZ1|8|2|OP09-086|0|12|0|7|0|0|0|0|0
RZ1|CHK|8|2|50|0|0|0|10|0|0|0|1|0
RZ1|9|2|OP06-115|0|43|0|8|0|0|0|0|0
RZ1|CHK|9|2|50|0|0|0|10|0|0|0|1|0
RZ1|10|2|OP09-093|0|16|0|9|0|0|0|0|0
RZ1|CHK|10|2|50|0|0|0|10|0|0|0|1|0
RZ1|11|2|OP16-108|0|34|0|10|0|0|0|0|0
RZ1|CHK|11|2|50|0|0|0|10|0|0|0|1|0
RZ1|12|2|OP16-104|0|28|0|11|0|0|0|0|0
RZ1|CHK|12|2|50|0|0|0|10|0|0|0|1|0
RZ1|13|2|OP16-109|0|20|0|12|0|0|0|0|0
RZ1|CHK|13|2|50|0|0|0|10|0|0|0|1|0
RZ1|14|2|OP16-119|0|38|0|13|0|0|0|0|0
RZ1|CHK|14|2|50|0|0|0|10|0|0|0|1|0
RZ1|15|2|OP16-115|0|44|0|14|0|0|0|0|0
RZ1|CHK|15|2|50|0|0|0|10|0|0|0|1|0
RZ1|16|2|OP16-108|0|35|0|15|0|0|0|0|0
RZ1|CHK|16|2|50|0|0|0|10|0|0|0|1|0
RZ1|17|2|OP16-104|0|32|0|16|0|0|0|0|0
RZ1|CHK|17|2|50|0|0|0|10|0|0|0|1|0
RZ1|18|2|OP16-102|0|24|0|17|0|0|0|0|0
RZ1|CHK|18|2|50|0|0|0|10|0|0|0|1|0
RZ1|19|2|OP16-116|0|46|0|18|0|0|0|0|0
RZ1|CHK|19|2|50|0|0|0|10|0|0|0|1|0
RZ1|20|2|OP09-095|0|22|0|19|0|0|0|0|0
RZ1|CHK|20|2|50|0|0|0|10|0|0|0|1|0
RZ1|21|2|OP09-099|0|48|0|20|0|0|0|0|0
RZ1|CHK|21|2|50|0|0|0|10|0|0|0|1|0
RZ1|22|2|OP16-119|0|41|0|21|0|0|0|0|0
RZ1|CHK|22|2|50|0|0|0|10|0|0|0|1|0
RZ1|23|2|OP16-116|0|48|0|22|0|0|0|0|0
RZ1|CHK|23|2|50|0|0|0|10|0|0|0|1|0
RZ1|24|2|OP12-119|0|39|0|23|0|0|0|0|0
RZ1|CHK|24|2|50|0|0|0|10|0|0|0|1|0
RZ1|25|2|OP16-119|0|42|0|24|0|0|0|0|0
RZ1|CHK|25|2|50|0|0|0|10|0|0|0|1|0
RZ1|26|2|OP16-108|0|42|0|25|0|0|0|0|0
RZ1|CHK|26|2|50|0|0|0|10|0|0|0|1|0
RZ1|27|2|OP09-086|0|29|0|26|0|0|0|0|0
RZ1|CHK|27|2|50|0|0|0|10|0|0|0|1|0
RZ1|28|2|OP09-096|0|46|0|27|0|0|0|0|0
RZ1|CHK|28|2|50|0|0|0|10|0|0|0|1|0
RZ1|29|2|OP12-119|0|42|0|28|0|0|0|0|0
RZ1|CHK|29|2|50|0|0|0|10|0|0|0|1|0
RZ1|30|2|OP09-093|0|32|0|29|0|0|0|0|0
RZ1|CHK|30|2|50|0|0|0|10|0|0|0|1|0
RZ1|31|2|OP09-095|0|31|0|30|0|0|0|0|0
RZ1|CHK|31|2|50|0|0|0|10|0|0|0|1|0
RZ1|32|2|OP16-110|0|36|0|31|0|0|0|0|0
RZ1|CHK|32|2|50|0|0|0|10|0|0|0|1|0
RZ1|33|2|OP16-110|0|38|0|33|0|0|0|0|0
RZ1|CHK|33|2|50|0|0|0|10|0|0|0|1|0
RZ1|34|2|OP16-104|0|42|0|34|0|0|0|0|0
RZ1|CHK|34|2|50|0|0|0|10|0|0|0|1|0
RZ1|35|2|OP16-109|0|38|0|35|0|0|0|0|0
RZ1|CHK|35|2|50|0|0|0|10|0|0|0|1|0
RZ1|36|2|OP06-115|0|47|0|36|0|0|0|0|0
RZ1|CHK|36|2|50|0|0|0|10|0|0|0|1|0
RZ1|37|2|OP09-096|0|46|0|37|0|0|0|0|0
RZ1|CHK|37|2|50|0|0|0|10|0|0|0|1|0
RZ1|38|2|OP16-104|0|44|0|38|0|0|0|0|0
RZ1|CHK|38|2|50|0|0|0|10|0|0|0|1|0
RZ1|39|2|OP16-119|0|46|0|39|0|0|0|0|0
RZ1|CHK|39|2|50|0|0|0|10|0|0|0|1|0
RZ1|40|2|OP16-108|0|46|0|40|0|0|0|0|0
RZ1|CHK|40|2|50|0|0|0|10|0|0|0|1|0
RZ1|41|2|OP12-112|0|46|0|41|0|0|0|0|0
RZ1|CHK|41|2|50|0|0|0|10|0|0|0|1|0
RZ1|42|2|OP09-093|0|43|0|42|0|0|0|0|0
RZ1|CHK|42|2|50|0|0|0|10|0|0|0|1|0
RZ1|43|2|OP09-096|0|47|0|44|0|0|0|0|0
RZ1|CHK|43|2|50|0|0|0|10|0|0|0|1|0
RZ1|44|2|OP12-112|0|47|0|46|0|0|0|0|0
RZ1|CHK|44|2|50|0|0|0|10|0|0|0|1|0
RZ1|45|1|OP13-099|0|48|7|0|1|1|0|0|0
RZ1|CHK|45|1|49|0|0|0|10|0|0|1|1|0
[You] Imu ["OP13-079">OP13-079]: Deploy The Empty Throne ["OP13-099">OP13-099]
RZ1|46|1|OP13-086|0|33|0|0|0|0|0|0|0
RZ1|CHK|46|1|49|0|0|0|10|0|0|1|1|0
RZ1|47|1|OP13-092|0|38|0|1|0|0|0|0|0
RZ1|CHK|47|1|49|0|0|0|10|0|0|1|1|0
RZ1|48|1|OP13-092|0|31|0|3|0|0|0|0|0
RZ1|CHK|48|1|49|0|0|0|10|0|0|1|1|0
RZ1|49|1|OP13-082|0|47|0|4|0|0|0|0|0
RZ1|CHK|49|1|49|0|0|0|10|0|0|1|1|0
RZ1|50|1|OP13-091|0|48|0|6|0|0|0|0|0
RZ1|CHK|50|1|49|0|0|0|10|0|0|1|1|0
RZ1|51|1|OP13-089|0|28|0|7|0|0|0|0|0
RZ1|CHK|51|1|49|0|0|0|10|0|0|1|1|0
RZ1|52|1|OP16-093|0|10|0|8|0|0|0|0|0
RZ1|CHK|52|1|49|0|0|0|10|0|0|1|1|0
RZ1|53|1|OP16-093|0|33|0|9|0|0|0|0|0
RZ1|CHK|53|1|49|0|0|0|10|0|0|1|1|0
RZ1|54|1|OP13-096|0|32|0|10|0|0|0|0|0
RZ1|CHK|54|1|49|0|0|0|10|0|0|1|1|0
RZ1|55|1|OP13-082|0|13|0|11|0|0|0|0|0
RZ1|CHK|55|1|49|0|0|0|10|0|0|1|1|0
RZ1|56|1|OP13-091|0|36|0|12|0|0|0|0|0
RZ1|CHK|56|1|49|0|0|0|10|0|0|1|1|0
RZ1|57|1|OP13-080|0|38|0|13|0|0|0|0|0
RZ1|CHK|57|1|49|0|0|0|10|0|0|1|1|0
RZ1|58|1|OP13-083|0|46|0|14|0|0|0|0|0
RZ1|CHK|58|1|49|0|0|0|10|0|0|1|1|0
RZ1|59|1|OP13-086|0|43|0|15|0|0|0|0|0
RZ1|CHK|59|1|49|0|0|0|10|0|0|1|1|0
RZ1|60|1|OP13-096|0|25|0|16|0|0|0|0|0
RZ1|CHK|60|1|49|0|0|0|10|0|0|1|1|0
RZ1|61|1|OP13-096|0|35|0|17|0|0|0|0|0
RZ1|CHK|61|1|49|0|0|0|10|0|0|1|1|0
RZ1|62|1|OP13-098|0|21|0|18|0|0|0|0|0
RZ1|CHK|62|1|49|0|0|0|10|0|0|1|1|0
RZ1|63|1|OP13-092|0|46|0|19|0|0|0|0|0
RZ1|CHK|63|1|49|0|0|0|10|0|0|1|1|0
RZ1|64|1|OP13-080|0|36|0|20|0|0|0|0|0
RZ1|CHK|64|1|49|0|0|0|10|0|0|1|1|0
RZ1|65|1|OP13-083|0|29|0|21|0|0|0|0|0
RZ1|CHK|65|1|49|0|0|0|10|0|0|1|1|0
RZ1|66|1|OP14-096|0|42|0|22|0|0|0|0|0
RZ1|CHK|66|1|49|0|0|0|10|0|0|1|1|0
RZ1|67|1|OP13-098|0|41|0|23|0|0|0|0|0
RZ1|CHK|67|1|49|0|0|0|10|0|0|1|1|0
RZ1|68|1|OP13-084|0|25|0|24|0|0|0|0|0
RZ1|CHK|68|1|49|0|0|0|10|0|0|1|1|0
RZ1|69|1|OP13-080|0|37|0|25|0|0|0|0|0
RZ1|CHK|69|1|49|0|0|0|10|0|0|1|1|0
RZ1|70|1|OP14-096|0|43|0|26|0|0|0|0|0
RZ1|CHK|70|1|49|0|0|0|10|0|0|1|1|0
RZ1|71|1|OP13-082|0|35|0|27|0|0|0|0|0
RZ1|CHK|71|1|49|0|0|0|10|0|0|1|1|0
RZ1|72|1|OP05-097|0|39|0|28|0|0|0|0|0
RZ1|CHK|72|1|49|0|0|0|10|0|0|1|1|0
RZ1|73|1|OP13-091|0|30|0|29|0|0|0|0|0
RZ1|CHK|73|1|49|0|0|0|10|0|0|1|1|0
RZ1|74|1|OP13-098|0|48|0|30|0|0|0|0|0
RZ1|CHK|74|1|49|0|0|0|10|0|0|1|1|0
RZ1|75|1|OP13-092|0|39|0|31|0|0|0|0|0
RZ1|CHK|75|1|49|0|0|0|10|0|0|1|1|0
RZ1|76|1|OP16-093|0|46|0|33|0|0|0|0|0
RZ1|CHK|76|1|49|0|0|0|10|0|0|1|1|0
RZ1|77|1|OP13-084|0|45|0|34|0|0|0|0|0
RZ1|CHK|77|1|49|0|0|0|10|0|0|1|1|0
RZ1|78|1|OP13-086|0|46|0|35|0|0|0|0|0
RZ1|CHK|78|1|49|0|0|0|10|0|0|1|1|0
RZ1|79|1|OP14-096|0|38|0|36|0|0|0|0|0
RZ1|CHK|79|1|49|0|0|0|10|0|0|1|1|0
RZ1|80|1|OP13-091|0|40|0|39|0|0|0|0|0
RZ1|CHK|80|1|49|0|0|0|10|0|0|1|1|0
RZ1|81|1|OP14-096|0|41|0|40|0|0|0|0|0
RZ1|CHK|81|1|49|0|0|0|10|0|0|1|1|0
RZ1|82|1|OP13-083|0|43|0|41|0|0|0|0|0
RZ1|CHK|82|1|49|0|0|0|10|0|0|1|1|0
RZ1|83|1|OP13-098|0|43|0|42|0|0|0|0|0
RZ1|CHK|83|1|49|0|0|0|10|0|0|1|1|0
RZ1|84|1|OP13-083|0|46|0|44|0|0|0|0|0
RZ1|CHK|84|1|49|0|0|0|10|0|0|1|1|0
RZ1|85|1|OP13-089|0|48|0|45|0|0|0|0|0
RZ1|CHK|85|1|49|0|0|0|10|0|0|1|1|0
[] Drew card from deck: St. Ethanbaron V. Nusjuro ["OP13-080">OP13-080]
RZ1|86|1|OP13-080|0|48|1|0|1|1|0|0|0
RZ1|CHK|86|1|48|1|0|0|10|0|0|1|1|0
[] Drew card from deck: St. Shalria ["OP13-086">OP13-086]
RZ1|87|1|OP13-086|0|47|1|1|1|1|0|0|0
RZ1|CHK|87|1|47|2|0|0|10|0|0|1|1|0
[] Drew card from deck: St. Topman Warcury ["OP13-089">OP13-089]
RZ1|88|1|OP13-089|0|46|1|2|1|1|0|0|0
RZ1|CHK|88|1|46|3|0|0|10|0|0|1|1|0
[] Drew card from deck: St. Topman Warcury ["OP13-089">OP13-089]
RZ1|89|1|OP13-089|0|45|1|3|1|1|0|0|0
RZ1|CHK|89|1|45|4|0|0|10|0|0|1|1|0
[] Drew card from deck: St. Jaygarcia Saturn ["OP13-083">OP13-083]
RZ1|90|1|OP13-083|0|44|1|4|1|1|0|0|0
RZ1|CHK|90|1|44|5|0|0|10|0|0|1|1|0
[] Drew card from deck: Fullalead ["OP09-099">OP09-099]
RZ1|91|2|OP09-099|0|49|1|0|1|1|0|0|0
RZ1|CHK|91|2|49|1|0|0|10|0|0|0|1|0
[] Drew card from deck: Black Vortex ["OP16-115">OP16-115]
RZ1|92|2|OP16-115|0|48|1|1|1|1|0|0|0
RZ1|CHK|92|2|48|2|0|0|10|0|0|0|1|0
[] Drew card from deck: Vasco Shot ["OP16-110">OP16-110]
RZ1|93|2|OP16-110|0|47|1|2|1|1|0|0|0
RZ1|CHK|93|2|47|3|0|0|10|0|0|0|1|0
[] Drew card from deck: Baby 5 ["OP12-112">OP12-112]
RZ1|94|2|OP12-112|0|46|1|3|1|1|0|0|0
RZ1|CHK|94|2|46|4|0|0|10|0|0|0|1|0
[] Drew card from deck: Doc Q ["OP16-109">OP16-109]
RZ1|95|2|OP16-109|0|45|1|4|1|1|0|0|0
RZ1|CHK|95|2|45|5|0|0|10|0|0|0|1|0
RZ1|96|1|OP13-089|0|43|3|0|1|0|0|0|0
RZ1|CHK|96|1|43|5|0|1|10|0|0|1|1|0
RZ1|97|1|OP13-098|0|42|3|1|1|0|0|0|0
RZ1|CHK|97|1|42|5|0|2|10|0|0|1|1|0
RZ1|98|1|OP13-083|0|41|3|2|1|0|0|0|0
RZ1|CHK|98|1|41|5|0|3|10|0|0|1|1|0
RZ1|99|1|OP14-096|0|40|3|3|1|0|0|0|0
RZ1|CHK|99|1|40|5|0|4|10|0|0|1|1|0
RZ1|100|2|OP09-099|1|0|0|45|0|0|0|0|0
RZ1|CHK|100|2|46|4|0|0|10|0|0|0|1|0
RZ1|101|2|OP16-115|1|0|0|46|0|0|0|0|0
RZ1|CHK|101|2|47|3|0|0|10|0|0|0|1|0
RZ1|102|2|OP16-110|1|0|0|47|0|0|0|0|0
RZ1|CHK|102|2|48|2|0|0|10|0|0|0|1|0
RZ1|103|2|OP12-112|1|0|0|48|0|0|0|0|0
RZ1|CHK|103|2|49|1|0|0|10|0|0|0|1|0
RZ1|104|2|OP16-109|1|0|0|49|0|0|0|0|0
RZ1|CHK|104|2|50|0|0|0|10|0|0|0|1|0
RZ1|105|2|OP09-099|0|20|0|0|0|0|0|0|0
RZ1|CHK|105|2|50|0|0|0|10|0|0|0|1|0
RZ1|106|2|OP16-108|0|25|0|1|0|0|0|0|0
RZ1|CHK|106|2|50|0|0|0|10|0|0|0|1|0
RZ1|107|2|OP09-086|0|9|0|2|0|0|0|0|0
RZ1|CHK|107|2|50|0|0|0|10|0|0|0|1|0
RZ1|108|2|OP06-115|0|10|0|3|0|0|0|0|0
RZ1|CHK|108|2|50|0|0|0|10|0|0|0|1|0
RZ1|109|2|OP09-099|0|6|0|4|0|0|0|0|0
RZ1|CHK|109|2|50|0|0|0|10|0|0|0|1|0
RZ1|110|2|OP16-104|0|34|0|5|0|0|0|0|0
RZ1|CHK|110|2|50|0|0|0|10|0|0|0|1|0
RZ1|111|2|OP16-119|0|39|0|6|0|0|0|0|0
RZ1|CHK|111|2|50|0|0|0|10|0|0|0|1|0
RZ1|112|2|OP16-104|0|15|0|7|0|0|0|0|0
RZ1|CHK|112|2|50|0|0|0|10|0|0|0|1|0
RZ1|113|2|OP16-108|0|15|0|8|0|0|0|0|0
RZ1|CHK|113|2|50|0|0|0|10|0|0|0|1|0
RZ1|114|2|OP12-119|0|26|0|9|0|0|0|0|0
RZ1|CHK|114|2|50|0|0|0|10|0|0|0|1|0
RZ1|115|2|OP16-119|0|18|0|10|0|0|0|0|0
RZ1|CHK|115|2|50|0|0|0|10|0|0|0|1|0
RZ1|116|2|OP16-116|0|26|0|11|0|0|0|0|0
RZ1|CHK|116|2|50|0|0|0|10|0|0|0|1|0
RZ1|117|2|OP16-119|0|26|0|12|0|0|0|0|0
RZ1|CHK|117|2|50|0|0|0|10|0|0|0|1|0
RZ1|118|2|OP16-108|0|22|0|13|0|0|0|0|0
RZ1|CHK|118|2|50|0|0|0|10|0|0|0|1|0
RZ1|119|2|OP09-095|0|26|0|14|0|0|0|0|0
RZ1|CHK|119|2|50|0|0|0|10|0|0|0|1|0
RZ1|120|2|OP16-116|0|26|0|15|0|0|0|0|0
RZ1|CHK|120|2|50|0|0|0|10|0|0|0|1|0
RZ1|121|2|OP09-095|0|34|0|16|0|0|0|0|0
RZ1|CHK|121|2|50|0|0|0|10|0|0|0|1|0
RZ1|122|2|OP16-102|0|27|0|17|0|0|0|0|0
RZ1|CHK|122|2|50|0|0|0|10|0|0|0|1|0
RZ1|123|2|OP12-112|0|41|0|18|0|0|0|0|0
RZ1|CHK|123|2|50|0|0|0|10|0|0|0|1|0
RZ1|124|2|OP09-095|0|43|0|19|0|0|0|0|0
RZ1|CHK|124|2|50|0|0|0|10|0|0|0|1|0
RZ1|125|2|OP09-086|0|21|0|20|0|0|0|0|0
RZ1|CHK|125|2|50|0|0|0|10|0|0|0|1|0
RZ1|126|2|OP16-109|0|38|0|21|0|0|0|0|0
RZ1|CHK|126|2|50|0|0|0|10|0|0|0|1|0
RZ1|127|2|OP09-099|0|45|0|22|0|0|0|0|0
RZ1|CHK|127|2|50|0|0|0|10|0|0|0|1|0
RZ1|128|2|OP09-093|0|44|0|23|0|0|0|0|0
RZ1|CHK|128|2|50|0|0|0|10|0|0|0|1|0
RZ1|129|2|OP16-108|0|44|0|25|0|0|0|0|0
RZ1|CHK|129|2|50|0|0|0|10|0|0|0|1|0
RZ1|130|2|OP09-096|0|43|0|26|0|0|0|0|0
RZ1|CHK|130|2|50|0|0|0|10|0|0|0|1|0
RZ1|131|2|OP09-093|0|39|0|27|0|0|0|0|0
RZ1|CHK|131|2|50|0|0|0|10|0|0|0|1|0
RZ1|132|2|OP16-104|0|35|0|28|0|0|0|0|0
RZ1|CHK|132|2|50|0|0|0|10|0|0|0|1|0
RZ1|133|2|OP16-115|0|46|0|29|0|0|0|0|0
RZ1|CHK|133|2|50|0|0|0|10|0|0|0|1|0
RZ1|134|2|OP16-110|0|42|0|30|0|0|0|0|0
RZ1|CHK|134|2|50|0|0|0|10|0|0|0|1|0
RZ1|135|2|OP16-109|0|36|0|31|0|0|0|0|0
RZ1|CHK|135|2|50|0|0|0|10|0|0|0|1|0
RZ1|136|2|OP16-110|0|43|0|32|0|0|0|0|0
RZ1|CHK|136|2|50|0|0|0|10|0|0|0|1|0
RZ1|137|2|OP16-109|0|49|0|33|0|0|0|0|0
RZ1|CHK|137|2|50|0|0|0|10|0|0|0|1|0
RZ1|138|2|OP16-109|0|36|0|34|0|0|0|0|0
RZ1|CHK|138|2|50|0|0|0|10|0|0|0|1|0
RZ1|139|2|OP16-115|0|39|0|35|0|0|0|0|0
RZ1|CHK|139|2|50|0|0|0|10|0|0|0|1|0
RZ1|140|2|OP09-095|0|44|0|36|0|0|0|0|0
RZ1|CHK|140|2|50|0|0|0|10|0|0|0|1|0
RZ1|141|2|OP09-096|0|43|0|37|0|0|0|0|0
RZ1|CHK|141|2|50|0|0|0|10|0|0|0|1|0
RZ1|142|2|OP09-086|0|40|0|38|0|0|0|0|0
RZ1|CHK|142|2|50|0|0|0|10|0|0|0|1|0
RZ1|143|2|OP06-115|0|45|0|39|0|0|0|0|0
RZ1|CHK|143|2|50|0|0|0|10|0|0|0|1|0
RZ1|144|2|OP16-104|0|46|0|40|0|0|0|0|0
RZ1|CHK|144|2|50|0|0|0|10|0|0|0|1|0
RZ1|145|2|OP09-096|0|47|0|41|0|0|0|0|0
RZ1|CHK|145|2|50|0|0|0|10|0|0|0|1|0
RZ1|146|2|OP09-093|0|44|0|42|0|0|0|0|0
RZ1|CHK|146|2|50|0|0|0|10|0|0|0|1|0
RZ1|147|2|OP12-119|0|47|0|43|0|0|0|0|0
RZ1|CHK|147|2|50|0|0|0|10|0|0|0|1|0
RZ1|148|2|OP12-112|0|49|0|45|0|0|0|0|0
RZ1|CHK|148|2|50|0|0|0|10|0|0|0|1|0
RZ1|149|2|OP16-110|0|49|0|46|0|0|0|0|0
RZ1|CHK|149|2|50|0|0|0|10|0|0|0|1|0
RZ1|150|2|OP09-086|0|49|0|47|0|0|0|0|0
RZ1|CHK|150|2|50|0|0|0|10|0|0|0|1|0
[] Drew card from deck: Marshall D. Teach ["OP16-119">OP16-119]
RZ1|151|2|OP16-119|0|49|1|0|1|1|0|0|0
RZ1|CHK|151|2|49|1|0|0|10|0|0|0|1|0
[] Drew card from deck: This is MY AGE!!!! ["OP09-096">OP09-096]
RZ1|152|2|OP09-096|0|48|1|1|1|1|0|0|0
RZ1|CHK|152|2|48|2|0|0|10|0|0|0|1|0
[] Drew card from deck: Jesus Burgess ["OP09-086">OP09-086]
RZ1|153|2|OP09-086|0|47|1|2|1|1|0|0|0
RZ1|CHK|153|2|47|3|0|0|10|0|0|0|1|0
[] Drew card from deck: Vasco Shot ["OP16-110">OP16-110]
RZ1|154|2|OP16-110|0|46|1|3|1|1|0|0|0
RZ1|CHK|154|2|46|4|0|0|10|0|0|0|1|0
[] Drew card from deck: Baby 5 ["OP12-112">OP12-112]
RZ1|155|2|OP12-112|0|45|1|4|1|1|0|0|0
RZ1|CHK|155|2|45|5|0|0|10|0|0|0|1|0
RZ1|156|2|OP16-110|0|44|3|0|0|1|0|0|0
RZ1|CHK|156|2|44|5|0|1|10|0|0|0|1|0
RZ1|157|2|OP12-119|0|43|3|1|0|1|0|0|0
RZ1|CHK|157|2|43|5|0|2|10|0|0|0|1|0
RZ1|158|2|OP09-093|0|42|3|2|0|1|0|0|0
RZ1|CHK|158|2|42|5|0|3|10|0|0|0|1|0
RZ1|159|2|OP09-096|0|41|3|3|0|1|0|0|0
RZ1|CHK|159|2|41|5|0|4|10|0|0|0|1|0
[] Hand after Mulligan: [OP16-119,OP09-096,OP09-086,OP16-110,OP12-112]
[Opponent] Mulligan
[] Hand: [OP13-080,OP13-086,OP13-089,OP13-089,OP13-083]
[] Board: []
[] Trash: []
[] Life: 4
[] Hand: [OP16-119,OP09-096,OP09-086,OP16-110,OP12-112]
[] Trash: []
[] Board: []
[] Life: 4
RZ1|160|1|Don|4|9|5|0|1|1|0|0|0
RZ1|CHK|160|1|40|5|0|4|9|1|0|1|1|0
[You] Draw 1 Don
RZ1|161|1|Don|5|0|5|0|1|1|1|0|0
RZ1|CHK|161|1|40|5|0|4|9|1|0|1|1|0
[You] Deploy St. Shalria ["OP13-086">OP13-086]
RZ1|162|1|OP13-086|1|1|2|0|1|1|0|0|0
RZ1|CHK|162|1|40|4|1|4|9|1|0|1|1|0
RZ1|163|1|OP13-082|0|37|1|4|1|1|0|0|0
RZ1|CHK|163|1|39|5|1|4|9|1|0|1|1|0
[You] St. Shalria ["OP13-086">OP13-086]: <b>Reveal and Draw Five Elders ["OP13-082">OP13-082]</b>
[You] St. Shalria ["OP13-086">OP13-086]: Trash 2 Remaining Cards
RZ1|164|1|OP13-091|0|38|6|0|1|1|0|0|0
RZ1|CHK|164|1|38|5|1|4|9|1|1|1|1|0
RZ1|165|1|OP13-096|0|37|6|1|1|1|0|0|0
RZ1|CHK|165|1|37|5|1|4|9|1|2|1|1|0
RZ1|166|1|OP13-080|1|0|6|2|1|1|0|0|0
RZ1|CHK|166|1|37|4|1|4|9|1|3|1|1|0
[You] St. Shalria ["OP13-086">OP13-086]: Trash St. Ethanbaron V. Nusjuro ["OP13-080">OP13-080]
RZ1|167|1|OP13-089|1|0|6|3|1|1|0|0|0
RZ1|CHK|167|1|37|3|1|4|9|1|4|1|1|0
[You] Imu ["OP13-079">OP13-079]: Trash St. Topman Warcury ["OP13-089">OP13-089]
[] Drew card from deck: Ground Death ["OP14-096">OP14-096]
RZ1|168|1|OP14-096|0|36|1|3|1|1|0|0|0
RZ1|CHK|168|1|36|4|1|4|9|1|4|1|1|0
[You] Imu ["OP13-079">OP13-079]: Draw 1 Card
[] Hand: [OP13-089,OP13-083,OP13-082,OP14-096]
[] Board: [OP13-086]
[] Trash: [OP13-091,OP13-096,OP13-080,OP13-089]
[] Life: 4
[] Hand: [OP16-119,OP09-096,OP09-086,OP16-110,OP12-112]
[] Trash: []
[] Board: []
[] Life: 4
[You] End Turn
[] Hand: [OP16-119,OP09-096,OP09-086,OP16-110,OP12-112]
[] Board: []
[] Trash: []
[] Life: 4
[] Hand: [OP13-089,OP13-083,OP13-082,OP14-096]
[] Trash: [OP13-091,OP13-096,OP13-080,OP13-089]
[] Board: [OP13-086]
[] Life: 4
[Opponent] Draw 1 Card
[] Drew card from deck: Catarina Devon ["OP16-104">OP16-104]
RZ1|169|2|OP16-104|0|40|1|5|1|1|0|0|0
RZ1|CHK|169|2|40|6|0|4|10|0|0|0|1|0
RZ1|170|2|Don|4|9|5|0|1|1|0|0|0
RZ1|CHK|170|2|40|6|0|4|9|1|0|0|1|0
RZ1|171|2|Don|4|8|5|1|1|1|0|0|0
RZ1|CHK|171|2|40|6|0|4|8|2|0|0|1|0
[Opponent] Draw 2 Don
[Opponent] This is MY AGE!!!! ["OP09-096">OP09-096]: Rest 1 Don
RZ1|172|2|Don|5|0|5|0|1|1|1|0|0
RZ1|CHK|172|2|40|6|0|4|8|2|0|0|1|0
RZ1|173|2|OP09-096|1|1|6|0|1|1|0|0|0
RZ1|CHK|173|2|40|5|0|4|8|2|1|0|1|0
RZ1|174|2|OP09-086|0|38|1|5|1|1|0|0|0
RZ1|CHK|174|2|39|6|0|4|8|2|1|0|1|0
[Opponent] This is MY AGE!!!! ["OP09-096">OP09-096]: <b>Reveal and Draw Jesus Burgess ["OP09-086">OP09-086]</b>
[Opponent] This is MY AGE!!!! ["OP09-096">OP09-096]: Trash 2 Remaining Cards
RZ1|175|2|OP06-115|0|38|6|1|1|1|0|0|0
RZ1|CHK|175|2|38|6|0|4|8|2|2|0|1|0
RZ1|176|2|OP09-096|0|37|6|2|1|1|0|0|0
RZ1|CHK|176|2|37|6|0|4|8|2|3|0|1|0
RZ1|177|2|Don|5|1|5|1|1|1|1|0|0
RZ1|CHK|177|2|37|6|0|4|8|2|3|0|1|0
[Opponent] Deploy Vasco Shot ["OP16-110">OP16-110]
RZ1|178|2|OP16-110|1|2|2|0|1|1|0|0|0
RZ1|CHK|178|2|37|5|1|4|8|2|3|0|1|0
[] Hand: [OP16-119,OP09-086,OP12-112,OP16-104,OP09-086]
[] Board: [OP16-110]
[] Trash: [OP09-096,OP06-115,OP09-096]
[] Life: 4
[] Hand: [OP13-089,OP13-083,OP13-082,OP14-096]
[] Trash: [OP13-091,OP13-096,OP13-080,OP13-089]
[] Board: [OP13-086]
[] Life: 4
[Opponent] End Turn
[] Hand: [OP13-089,OP13-083,OP13-082,OP14-096]
[] Board: [OP13-086]
[] Trash: [OP13-091,OP13-096,OP13-080,OP13-089]
[] Life: 4
[] Hand: [OP16-119,OP09-086,OP12-112,OP16-104,OP09-086]
[] Trash: [OP09-096,OP06-115,OP09-096]
[] Board: [OP16-110]
[] Life: 4
[You] Draw 1 Card
[] Drew card from deck: St. Shalria ["OP13-086">OP13-086]
RZ1|179|1|OP13-086|0|35|1|4|1|1|0|0|0
RZ1|CHK|179|1|35|5|1|4|9|1|4|1|1|0
RZ1|180|1|Don|4|8|5|1|1|1|0|0|0
RZ1|CHK|180|1|35|5|1|4|8|2|4|1|1|0
RZ1|181|1|Don|4|7|5|2|1|1|0|0|0
RZ1|CHK|181|1|35|5|1|4|7|3|4|1|1|0
[You] Draw 2 Don
RZ1|182|1|Don|5|0|5|0|1|1|1|0|0
RZ1|CHK|182|1|35|5|1|4|7|3|4|1|1|0
[You] Deploy St. Shalria ["OP13-086">OP13-086]
RZ1|183|1|OP13-086|1|4|2|1|1|1|0|0|0
RZ1|CHK|183|1|35|4|2|4|7|3|4|1|1|0
RZ1|184|1|OP13-084|0|34|1|4|1|1|0|0|0
RZ1|CHK|184|1|34|5|2|4|7|3|4|1|1|0
[You] St. Shalria ["OP13-086">OP13-086]: <b>Reveal and Draw St. Shepherd Ju Peter ["OP13-084">OP13-084]</b>
[You] St. Shalria ["OP13-086">OP13-086]: Trash 2 Remaining Cards
RZ1|185|1|OP16-093|0|33|6|4|1|1|0|0|0
RZ1|CHK|185|1|33|5|2|4|7|3|5|1|1|0
RZ1|186|1|OP16-093|0|32|6|5|1|1|0|0|0
RZ1|CHK|186|1|32|5|2|4|7|3|6|1|1|0
RZ1|187|1|OP13-089|1|0|6|6|1|1|0|0|0
RZ1|CHK|187|1|32|4|2|4|7|3|7|1|1|0
[You] St. Shalria ["OP13-086">OP13-086]: Trash St. Topman Warcury ["OP13-089">OP13-089]
RZ1|188|1|OP13-083|1|0|6|7|1|1|0|0|0
RZ1|CHK|188|1|32|3|2|4|7|3|8|1|1|0
[You] Imu ["OP13-079">OP13-079]: Trash St. Jaygarcia Saturn ["OP13-083">OP13-083]
[] Drew card from deck: St. Mjosgard ["OP13-092">OP13-092]
RZ1|189|1|OP13-092|0|31|1|3|1|1|0|0|0
RZ1|CHK|189|1|31|4|2|4|7|3|8|1|1|0
[You] Imu ["OP13-079">OP13-079]: Draw 1 Card
RZ1|190|1|Don|5|1|9|9900|1|1|0|0|0
RZ1|CHK|190|1|31|4|2|4|7|2|8|1|1|1
[You] Imu ["OP13-079">OP13-079] attacking Marshall D. Teach ["OP16-080">OP16-080]
[Opponent] Discard Baby 5 ["OP12-112">OP12-112] for Counter 2000
RZ1|191|2|OP12-112|1|2|6|3|1|1|0|0|0
RZ1|CHK|191|2|37|4|1|4|8|2|4|0|1|0
Imu ["OP13-079">OP13-079][6000] vs Marshall D. Teach ["OP16-080">OP16-080][7000]
Attack Fails
[You] Ground Death ["OP14-096">OP14-096]: Rest 1 Don
RZ1|192|1|Don|5|1|5|1|1|1|1|0|0
RZ1|CHK|192|1|31|4|2|4|7|2|8|1|1|1
RZ1|193|1|OP14-096|1|1|6|8|1|1|0|0|0
RZ1|CHK|193|1|31|3|2|4|7|2|9|1|1|1
[] Hand: [OP13-082,OP13-084,OP13-092]
[] Board: [OP13-086,OP13-086]
[] Trash: [OP13-091,OP13-096,OP13-080,OP13-089,OP16-093,OP16-093,OP13-089,OP13-083,OP14-096]
[] Life: 4
[] Hand: [OP16-119,OP09-086,OP16-104,OP09-086]
[] Trash: [OP09-096,OP06-115,OP09-096,OP12-112]
[] Board: [OP16-110]
[] Life: 4
[You] End Turn
[] Hand: [OP16-119,OP09-086,OP16-104,OP09-086]
[] Board: [OP16-110]
[] Trash: [OP09-096,OP06-115,OP09-096,OP12-112]
[] Life: 4
[] Hand: [OP13-082,OP13-084,OP13-092]
[] Trash: [OP13-091,OP13-096,OP13-080,OP13-089,OP16-093,OP16-093,OP13-089,OP13-083,OP14-096]
[] Board: [OP13-086,OP13-086]
[] Life: 4
[Opponent] Draw 1 Card
[] Drew card from deck: Laffitte ["OP09-095">OP09-095]
RZ1|194|2|OP09-095|0|36|1|4|1|1|0|0|0
RZ1|CHK|194|2|36|5|1|4|8|2|4|0|1|0
RZ1|195|2|Don|4|7|5|2|1|1|0|0|0
RZ1|CHK|195|2|36|5|1|4|7|3|4|0|1|0
RZ1|196|2|Don|4|6|5|3|1|1|0|0|0
RZ1|CHK|196|2|36|5|1|4|6|4|4|0|1|0
[Opponent] Draw 2 Don
RZ1|197|2|Don|5|0|5|0|1|1|1|0|0
RZ1|CHK|197|2|36|5|1|4|6|4|4|0|1|0
[Opponent] Deploy Laffitte ["OP09-095">OP09-095]
RZ1|198|2|OP09-095|1|4|2|1|1|1|0|0|0
RZ1|CHK|198|2|36|4|2|4|6|4|4|0|1|0
[Opponent] Laffitte ["OP09-095">OP09-095]: Rest 1 Don
RZ1|199|2|Don|5|1|5|1|1|1|1|0|0
RZ1|CHK|199|2|36|4|2|4|6|4|4|0|1|0
[Opponent] Laffitte ["OP09-095">OP09-095]: Rest Laffitte ["OP09-095">OP09-095]
RZ1|200|2|OP16-109|0|33|1|4|1|1|0|0|0
RZ1|CHK|200|2|35|5|2|4|6|4|4|0|1|0
[Opponent] Laffitte ["OP09-095">OP09-095]: <b>Reveal and Draw Doc Q ["OP16-109">OP16-109]</b>
[Opponent] Placing Cards on Bottom of Deck
RZ1|201|2|OP16-115|0|34|0|0|0|0|0|0|0
RZ1|CHK|201|2|35|5|2|4|6|4|4|0|1|0
RZ1|202|2|OP16-109|0|34|0|0|0|0|0|0|0
RZ1|CHK|202|2|35|5|2|4|6|4|4|0|1|0
RZ1|203|2|OP16-110|0|34|0|0|0|0|0|0|0
RZ1|CHK|203|2|35|5|2|4|6|4|4|0|1|0
RZ1|204|2|OP16-109|0|34|0|0|0|0|0|0|0
RZ1|CHK|204|2|35|5|2|4|6|4|4|0|1|0
[Opponent] Attach 1 Don to Marshall D. Teach ["OP16-080">OP16-080] (1 Total)
RZ1|205|2|Don|5|3|9|9900|1|1|0|0|0
RZ1|CHK|205|2|35|5|2|4|6|3|4|0|1|1
[Opponent] Attach 1 Don to Marshall D. Teach ["OP16-080">OP16-080] (2 Total)
RZ1|206|2|Don|5|2|9|9901|1|1|0|0|0
RZ1|CHK|206|2|35|5|2|4|6|2|4|0|1|2
[Opponent] Marshall D. Teach ["OP16-080">OP16-080] attacking Imu ["OP13-079">OP13-079]
Marshall D. Teach ["OP16-080">OP16-080][7000] vs Imu ["OP13-079">OP13-079][5000]
Imu ["OP13-079">OP13-079] hit for 1 damage
RZ1|207|1|OP14-096|3|3|1|3|1|1|0|0|0
RZ1|CHK|207|1|31|4|2|3|7|2|9|1|1|1
[] Hand: [OP16-119,OP09-086,OP16-104,OP09-086,OP16-109]
[] Board: [OP16-110,OP09-095]
[] Trash: [OP09-096,OP06-115,OP09-096,OP12-112]
[] Life: 4
[] Hand: [OP13-082,OP13-084,OP13-092,OP14-096]
[] Trash: [OP13-091,OP13-096,OP13-080,OP13-089,OP16-093,OP16-093,OP13-089,OP13-083,OP14-096]
[] Board: [OP13-086,OP13-086]
[] Life: 3
[Opponent] End Turn
[] Hand: [OP13-082,OP13-084,OP13-092,OP14-096]
[] Board: [OP13-086,OP13-086]
[] Trash: [OP13-091,OP13-096,OP13-080,OP13-089,OP16-093,OP16-093,OP13-089,OP13-083,OP14-096]
[] Life: 3
[] Hand: [OP16-119,OP09-086,OP16-104,OP09-086,OP16-109]
[] Trash: [OP09-096,OP06-115,OP09-096,OP12-112]
[] Board: [OP16-110,OP09-095]
[] Life: 4
RZ1|208|1|Don|9|9900|5|0|1|1|1|0|0
RZ1|CHK|208|1|31|4|2|3|7|3|9|1|1|0
[You] Draw 1 Card
[] Drew card from deck: ...Never Existed... ["OP13-098">OP13-098]
RZ1|209|1|OP13-098|0|30|1|4|1|1|0|0|0
RZ1|CHK|209|1|30|5|2|3|7|3|9|1|1|0
RZ1|210|1|Don|4|6|5|3|1|1|0|0|0
RZ1|CHK|210|1|30|5|2|3|6|4|9|1|1|0
RZ1|211|1|Don|4|5|5|4|1|1|0|0|0
RZ1|CHK|211|1|30|5|2|3|5|5|9|1|1|0
[You] Draw 2 Don
[You] Imu ["OP13-079">OP13-079] attacking Laffitte ["OP09-095">OP09-095]
Imu ["OP13-079">OP13-079][5000] vs Laffitte ["OP09-095">OP09-095][1000]
[Opponent] Laffitte ["OP09-095">OP09-095] Destroyed
RZ1|212|2|OP09-095|2|1|6|4|1|1|0|0|0
RZ1|CHK|212|2|35|5|1|4|6|2|5|0|1|2
[You] The Empty Throne ["OP13-099">OP13-099]: Rest 3 Don
RZ1|213|1|Don|5|0|5|0|1|1|1|0|0
RZ1|CHK|213|1|30|5|2|3|5|5|9|1|1|0
RZ1|214|1|Don|5|1|5|1|1|1|1|0|0
RZ1|CHK|214|1|30|5|2|3|5|5|9|1|1|0
RZ1|215|1|Don|5|2|5|2|1|1|1|0|0
RZ1|CHK|215|1|30|5|2|3|5|5|9|1|1|0
[You] The Empty Throne ["OP13-099">OP13-099]: Rest The Empty Throne ["OP13-099">OP13-099]
[You] Ground Death ["OP14-096">OP14-096]: Rest 1 Don
RZ1|216|1|Don|5|3|5|3|1|1|1|0|0
RZ1|CHK|216|1|30|5|2|3|5|5|9|1|1|0
RZ1|217|1|OP14-096|1|3|6|9|1|1|0|0|0
RZ1|CHK|217|1|30|4|2|3|5|5|10|1|1|0
[] Hand: [OP13-082,OP13-084,OP13-092,OP13-098]
[] Board: [OP13-086,OP13-086]
[] Trash: [OP13-091,OP13-096,OP13-080,OP13-089,OP16-093,OP16-093,OP13-089,OP13-083,OP14-096,OP14-096]
[] Life: 3
[] Hand: [OP16-119,OP09-086,OP16-104,OP09-086,OP16-109]
[] Trash: [OP09-096,OP06-115,OP09-096,OP12-112,OP09-095]
[] Board: [OP16-110]
[] Life: 4
[You] End Turn
[] Hand: [OP16-119,OP09-086,OP16-104,OP09-086,OP16-109]
[] Board: [OP16-110]
[] Trash: [OP09-096,OP06-115,OP09-096,OP12-112,OP09-095]
[] Life: 4
[] Hand: [OP13-082,OP13-084,OP13-092,OP13-098]
[] Trash: [OP13-091,OP13-096,OP13-080,OP13-089,OP16-093,OP16-093,OP13-089,OP13-083,OP14-096,OP14-096]
[] Board: [OP13-086,OP13-086]
[] Life: 3
RZ1|218|2|Don|9|9900|5|0|1|1|1|0|0
RZ1|CHK|218|2|35|5|1|4|6|3|5|0|1|1
RZ1|219|2|Don|9|9900|5|0|1|1|1|0|0
RZ1|CHK|219|2|35|5|1|4|6|4|5|0|1|0
[Opponent] Draw 1 Card
[] Drew card from deck: Vasco Shot ["OP16-110">OP16-110]
RZ1|220|2|OP16-110|0|34|1|5|1|1|0|0|0
RZ1|CHK|220|2|34|6|1|4|6|4|5|0|1|0
RZ1|221|2|Don|4|5|5|4|1|1|0|0|0
RZ1|CHK|221|2|34|6|1|4|5|5|5|0|1|0
RZ1|222|2|Don|4|4|5|5|1|1|0|0|0
RZ1|CHK|222|2|34|6|1|4|4|6|5|0|1|0
[Opponent] Draw 2 Don
RZ1|223|2|Don|5|0|5|0|1|1|1|0|0
RZ1|CHK|223|2|34|6|1|4|4|6|5|0|1|0
RZ1|224|2|Don|5|1|5|1|1|1|1|0|0
RZ1|CHK|224|2|34|6|1|4|4|6|5|0|1|0
RZ1|225|2|Don|5|2|5|2|1|1|1|0|0
RZ1|CHK|225|2|34|6|1|4|4|6|5|0|1|0
RZ1|226|2|Don|5|3|5|3|1|1|1|0|0
RZ1|CHK|226|2|34|6|1|4|4|6|5|0|1|0
[Opponent] Deploy Jesus Burgess ["OP09-086">OP09-086]
RZ1|227|2|OP09-086|1|3|2|1|1|1|0|1000|0
RZ1|CHK|227|2|34|5|2|4|4|6|5|0|1|0
[Opponent] Attach 1 Don to Marshall D. Teach ["OP16-080">OP16-080] (1 Total)
RZ1|228|2|Don|5|5|9|9900|1|1|0|0|0
RZ1|CHK|228|2|34|5|2|4|4|5|5|0|1|1
[Opponent] Attach 1 Don to Marshall D. Teach ["OP16-080">OP16-080] (2 Total)
RZ1|229|2|Don|5|4|9|9901|1|1|0|0|0
RZ1|CHK|229|2|34|5|2|4|4|4|5|0|1|2
[Opponent] Marshall D. Teach ["OP16-080">OP16-080] attacking Imu ["OP13-079">OP13-079]
Marshall D. Teach ["OP16-080">OP16-080][7000] vs Imu ["OP13-079">OP13-079][5000]
Imu ["OP13-079">OP13-079] hit for 1 damage
RZ1|230|1|OP13-083|3|2|1|4|1|1|0|0|0
RZ1|CHK|230|1|30|5|2|2|5|5|10|1|1|0
[] Hand: [OP16-119,OP09-086,OP16-104,OP16-109,OP16-110]
[] Board: [OP16-110,OP09-086]
[] Trash: [OP09-096,OP06-115,OP09-096,OP12-112,OP09-095]
[] Life: 4
[] Hand: [OP13-082,OP13-084,OP13-092,OP13-098,OP13-083]
[] Trash: [OP13-091,OP13-096,OP13-080,OP13-089,OP16-093,OP16-093,OP13-089,OP13-083,OP14-096,OP14-096]
[] Board: [OP13-086,OP13-086]
[] Life: 2
[Opponent] End Turn
[] Hand: [OP13-082,OP13-084,OP13-092,OP13-098,OP13-083]
[] Board: [OP13-086,OP13-086]
[] Trash: [OP13-091,OP13-096,OP13-080,OP13-089,OP16-093,OP16-093,OP13-089,OP13-083,OP14-096,OP14-096]
[] Life: 2
[] Hand: [OP16-119,OP09-086,OP16-104,OP16-109,OP16-110]
[] Trash: [OP09-096,OP06-115,OP09-096,OP12-112,OP09-095]
[] Board: [OP16-110,OP09-086]
[] Life: 4
[You] Draw 1 Card
[] Drew card from deck: St. Marcus Mars ["OP13-091">OP13-091]
RZ1|231|1|OP13-091|0|29|1|5|1|1|0|0|0
RZ1|CHK|231|1|29|6|2|2|5|5|10|1|1|0
RZ1|232|1|Don|4|4|5|5|1|1|0|0|0
RZ1|CHK|232|1|29|6|2|2|4|6|10|1|1|0
RZ1|233|1|Don|4|3|5|6|1|1|0|0|0
RZ1|CHK|233|1|29|6|2|2|3|7|10|1|1|0
[You] Draw 2 Don
[You] The Empty Throne ["OP13-099">OP13-099]: Rest 3 Don
RZ1|234|1|Don|5|0|5|0|1|1|1|0|0
RZ1|CHK|234|1|29|6|2|2|3|7|10|1|1|0
RZ1|235|1|Don|5|1|5|1|1|1|1|0|0
RZ1|CHK|235|1|29|6|2|2|3|7|10|1|1|0
RZ1|236|1|Don|5|2|5|2|1|1|1|0|0
RZ1|CHK|236|1|29|6|2|2|3|7|10|1|1|0
[You] The Empty Throne ["OP13-099">OP13-099]: Rest The Empty Throne ["OP13-099">OP13-099]
RZ1|237|1|OP13-091|1|5|2|2|1|1|0|0|0
RZ1|CHK|237|1|29|5|3|2|3|7|10|1|1|0
[You] The Empty Throne ["OP13-099">OP13-099]: Deploy St. Marcus Mars ["OP13-091">OP13-091]
[] Hand: [OP13-082,OP13-084,OP13-092,OP13-098,OP13-083]
[] Board: [OP13-086,OP13-086,OP13-091]
[] Trash: [OP13-091,OP13-096,OP13-080,OP13-089,OP16-093,OP16-093,OP13-089,OP13-083,OP14-096,OP14-096]
[] Life: 2
[] Hand: [OP16-119,OP09-086,OP16-104,OP16-109,OP16-110]
[] Trash: [OP09-096,OP06-115,OP09-096,OP12-112,OP09-095]
[] Board: [OP16-110,OP09-086]
[] Life: 4
[You] End Turn
[] Hand: [OP16-119,OP09-086,OP16-104,OP16-109,OP16-110]
[] Board: [OP16-110,OP09-086]
[] Trash: [OP09-096,OP06-115,OP09-096,OP12-112,OP09-095]
[] Life: 4
[] Hand: [OP13-082,OP13-084,OP13-092,OP13-098,OP13-083]
[] Trash: [OP13-091,OP13-096,OP13-080,OP13-089,OP16-093,OP16-093,OP13-089,OP13-083,OP14-096,OP14-096]
[] Board: [OP13-086,OP13-086,OP13-091]
[] Life: 2
RZ1|238|2|Don|9|9900|5|0|1|1|1|0|0
RZ1|CHK|238|2|34|5|2|4|4|5|5|0|1|1
RZ1|239|2|Don|9|9900|5|0|1|1|1|0|0
RZ1|CHK|239|2|34|5|2|4|4|6|5|0|1|0
[Opponent] Draw 1 Card
[] Drew card from deck: Black Vortex ["OP16-115">OP16-115]
RZ1|240|2|OP16-115|0|33|1|5|1|1|0|0|0
RZ1|CHK|240|2|33|6|2|4|4|6|5|0|1|0
RZ1|241|2|Don|4|3|5|6|1|1|0|0|0
RZ1|CHK|241|2|33|6|2|4|3|7|5|0|1|0
RZ1|242|2|Don|4|2|5|7|1|1|0|0|0
RZ1|CHK|242|2|33|6|2|4|2|8|5|0|1|0
[Opponent] Draw 2 Don
RZ1|243|2|Don|5|0|5|0|1|1|1|0|0
RZ1|CHK|243|2|33|6|2|4|2|8|5|0|1|0
RZ1|244|2|Don|5|1|5|1|1|1|1|0|0
RZ1|CHK|244|2|33|6|2|4|2|8|5|0|1|0
RZ1|245|2|Don|5|2|5|2|1|1|1|0|0
RZ1|CHK|245|2|33|6|2|4|2|8|5|0|1|0
RZ1|246|2|Don|5|3|5|3|1|1|1|0|0
RZ1|CHK|246|2|33|6|2|4|2|8|5|0|1|0
RZ1|247|2|Don|5|4|5|4|1|1|1|0|0
RZ1|CHK|247|2|33|6|2|4|2|8|5|0|1|0
RZ1|248|2|Don|5|5|5|5|1|1|1|0|0
RZ1|CHK|248|2|33|6|2|4|2|8|5|0|1|0
RZ1|249|2|Don|5|6|5|6|1|1|1|0|0
RZ1|CHK|249|2|33|6|2|4|2|8|5|0|1|0
RZ1|250|2|Don|5|7|5|7|1|1|1|0|0
RZ1|CHK|250|2|33|6|2|4|2|8|5|0|1|0
[Opponent] Deploy Marshall D. Teach ["OP16-119">OP16-119]
RZ1|251|2|OP16-119|1|0|2|2|1|1|0|0|0
RZ1|CHK|251|2|33|5|3|4|2|8|5|0|1|0
[Opponent] Marshall D. Teach ["OP16-119">OP16-119]: Added card to top of Life from Hand
RZ1|252|2|OP16-104|0|32|3|4|0|1|0|0|0
RZ1|CHK|252|2|32|5|3|5|2|8|5|0|1|0
[Opponent] Placing Cards on Bottom of Deck
RZ1|253|2|OP09-093|0|31|0|0|0|0|0|0|0
RZ1|CHK|253|2|32|5|3|5|2|8|5|0|1|0
RZ1|254|2|OP09-096|0|31|0|0|0|0|0|0|0
RZ1|CHK|254|2|32|5|3|5|2|8|5|0|1|0
[Opponent] Marshall D. Teach ["OP16-080">OP16-080] attacking Imu ["OP13-079">OP13-079]
[You] Discard St. Jaygarcia Saturn ["OP13-083">OP13-083] for Counter 1000
RZ1|255|1|OP13-083|1|4|6|10|1|1|0|0|0
RZ1|CHK|255|1|29|4|3|2|3|7|11|1|1|0
Marshall D. Teach ["OP16-080">OP16-080][5000] vs Imu ["OP13-079">OP13-079][6000]
Attack Fails
[Opponent] Jesus Burgess ["OP09-086">OP09-086] attacking Imu ["OP13-079">OP13-079]
[You] Discard St. Mjosgard ["OP13-092">OP13-092] for Counter 2000
RZ1|256|1|OP13-092|1|2|6|11|1|1|0|0|0
RZ1|CHK|256|1|29|3|3|2|3|7|12|1|1|0
Jesus Burgess ["OP09-086">OP09-086][6000] vs Imu ["OP13-079">OP13-079][7000]
Attack Fails
[] Hand: [OP09-086,OP16-104,OP16-109,OP16-110,OP16-115]
[] Board: [OP16-110,OP09-086,OP16-119]
[] Trash: [OP09-096,OP06-115,OP09-096,OP12-112,OP09-095]
[] Life: 5
[] Hand: [OP13-082,OP13-084,OP13-098]
[] Trash: [OP13-091,OP13-096,OP13-080,OP13-089,OP16-093,OP16-093,OP13-089,OP13-083,OP14-096,OP14-096,OP13-083,OP13-092]
[] Board: [OP13-086,OP13-086,OP13-091]
[] Life: 2
[Opponent] End Turn
[] Hand: [OP13-082,OP13-084,OP13-098]
[] Board: [OP13-086,OP13-086,OP13-091]
[] Trash: [OP13-091,OP13-096,OP13-080,OP13-089,OP16-093,OP16-093,OP13-089,OP13-083,OP14-096,OP14-096,OP13-083,OP13-092]
[] Life: 2
[] Hand: [OP09-086,OP16-104,OP16-109,OP16-110,OP16-115]
[] Trash: [OP09-096,OP06-115,OP09-096,OP12-112,OP09-095]
[] Board: [OP16-110,OP09-086,OP16-119]
[] Life: 5
[You] Draw 1 Card
[] Drew card from deck: The Holy Land Mary Geoise ["OP05-097">OP05-097]
RZ1|257|1|OP05-097|0|28|1|3|1|1|0|0|0
RZ1|CHK|257|1|28|4|3|2|3|7|12|1|1|0
RZ1|258|1|Don|4|2|5|7|1|1|0|0|0
RZ1|CHK|258|1|28|4|3|2|2|8|12|1|1|0
RZ1|259|1|Don|4|1|5|8|1|1|0|0|0
RZ1|CHK|259|1|28|4|3|2|1|9|12|1|1|0
[You] Draw 2 Don
RZ1|260|1|Don|5|0|9|9900|1|1|0|0|0
RZ1|CHK|260|1|28|4|3|2|1|8|12|1|1|1
[You] Imu ["OP13-079">OP13-079] attacking Jesus Burgess ["OP09-086">OP09-086]
RZ1|261|2|OP16-115|1|4|6|5|1|1|0|0|0
RZ1|CHK|261|2|32|4|3|5|2|8|6|0|1|0
[Opponent] Marshall D. Teach ["OP16-080">OP16-080]: Trash Black Vortex ["OP16-115">OP16-115]
[Opponent] Marshall D. Teach ["OP16-080">OP16-080]: Target of Attack changed to Vasco Shot ["OP16-110">OP16-110]
Imu ["OP13-079">OP13-079][6000] vs Vasco Shot ["OP16-110">OP16-110][2000]
[Opponent] Vasco Shot ["OP16-110">OP16-110] Destroyed
RZ1|262|2|OP16-110|2|0|6|6|1|1|0|0|0
RZ1|CHK|262|2|32|4|2|5|2|8|7|0|1|0
[] Drew card from deck: Shiryu ["OP16-108">OP16-108]
RZ1|263|2|OP16-108|0|31|1|4|1|1|0|0|0
RZ1|CHK|263|2|31|5|2|5|2|8|7|0|1|0
[Opponent] Vasco Shot ["OP16-110">OP16-110]: Draw 1 Card
[Opponent] Vasco Shot ["OP16-110">OP16-110]: Rest St. Marcus Mars ["OP13-091">OP13-091]
RZ1|264|1|Don|5|0|9|0|1|1|0|0|0
RZ1|CHK|264|1|28|4|3|2|1|7|12|1|1|2
RZ1|265|1|Don|5|0|9|1|1|1|0|0|0
RZ1|CHK|265|1|28|4|3|2|1|6|12|1|1|3
RZ1|266|1|Don|5|0|9|2|1|1|0|0|0
RZ1|CHK|266|1|28|4|3|2|1|5|12|1|1|4
RZ1|267|1|Don|5|0|9|3|1|1|0|0|0
RZ1|CHK|267|1|28|4|3|2|1|4|12|1|1|5
RZ1|268|1|Don|5|0|9|4|1|1|0|0|0
RZ1|CHK|268|1|28|4|3|2|1|3|12|1|1|6
RZ1|269|1|Don|5|0|9|5|1|1|0|0|0
RZ1|CHK|269|1|28|4|3|2|1|2|12|1|1|7
[You] St. Shalria ["OP13-086">OP13-086] attacking Jesus Burgess ["OP09-086">OP09-086]
[Opponent] Discard Vasco Shot ["OP16-110">OP16-110] for Counter 1000
RZ1|270|2|OP16-110|1|3|6|7|1|1|0|0|0
RZ1|CHK|270|2|31|4|2|5|2|8|8|0|1|0
St. Shalria ["OP13-086">OP13-086][6000] vs Jesus Burgess ["OP09-086">OP09-086][8000]
Attack Fails
[] Hand: [OP13-082,OP13-084,OP13-098,OP05-097]
[] Board: [OP13-086,OP13-086,OP13-091]
[] Trash: [OP13-091,OP13-096,OP13-080,OP13-089,OP16-093,OP16-093,OP13-089,OP13-083,OP14-096,OP14-096,OP13-083,OP13-092]
[] Life: 2
[] Hand: [OP09-086,OP16-104,OP16-109,OP16-108]
[] Trash: [OP09-096,OP06-115,OP09-096,OP12-112,OP09-095,OP16-115,OP16-110,OP16-110]
[] Board: [OP09-086,OP16-119]
[] Life: 5
[You] End Turn
[] Hand: [OP09-086,OP16-104,OP16-109,OP16-108]
[] Board: [OP09-086,OP16-119]
[] Trash: [OP09-096,OP06-115,OP09-096,OP12-112,OP09-095,OP16-115,OP16-110,OP16-110]
[] Life: 5
[] Hand: [OP13-082,OP13-084,OP13-098,OP05-097]
[] Trash: [OP13-091,OP13-096,OP13-080,OP13-089,OP16-093,OP16-093,OP13-089,OP13-083,OP14-096,OP14-096,OP13-083,OP13-092]
[] Board: [OP13-086,OP13-086,OP13-091]
[] Life: 2
[Opponent] Draw 1 Card
[] Drew card from deck: Marshall D. Teach ["OP09-093">OP09-093]
RZ1|271|2|OP09-093|0|30|1|4|1|1|0|0|0
RZ1|CHK|271|2|30|5|2|5|2|8|8|0|1|0
RZ1|272|2|Don|4|1|5|8|1|1|0|0|0
RZ1|CHK|272|2|30|5|2|5|1|9|8|0|1|0
RZ1|273|2|Don|4|0|5|9|1|1|0|0|0
RZ1|CHK|273|2|30|5|2|5|0|10|8|0|1|0
[Opponent] Draw 2 Don
[Opponent] Attach 1 Don to Jesus Burgess ["OP09-086">OP09-086] (1 Total)
RZ1|274|2|Don|5|9|9|0|1|1|0|0|0
RZ1|CHK|274|2|30|5|2|5|0|9|8|0|1|1
[Opponent] Attach 1 Don to Jesus Burgess ["OP09-086">OP09-086] (2 Total)
RZ1|275|2|Don|5|8|9|1|1|1|0|0|0
RZ1|CHK|275|2|30|5|2|5|0|8|8|0|1|2
[Opponent] Attach 1 Don to Jesus Burgess ["OP09-086">OP09-086] (3 Total)
RZ1|276|2|Don|5|7|9|2|1|1|0|0|0
RZ1|CHK|276|2|30|5|2|5|0|7|8|0|1|3
[Opponent] Attach 1 Don to Jesus Burgess ["OP09-086">OP09-086] (4 Total)
RZ1|277|2|Don|5|6|9|3|1|1|0|0|0
RZ1|CHK|277|2|30|5|2|5|0|6|8|0|1|4
[Opponent] Jesus Burgess ["OP09-086">OP09-086] attacking Imu ["OP13-079">OP13-079]
Jesus Burgess ["OP09-086">OP09-086][11000] vs Imu ["OP13-079">OP13-079][5000]
Imu ["OP13-079">OP13-079] hit for 1 damage
RZ1|278|1|OP13-098|3|1|1|4|1|1|0|0|0
RZ1|CHK|278|1|28|5|3|1|1|2|12|1|1|7
[Opponent] Marshall D. Teach ["OP16-119">OP16-119] attacking Imu ["OP13-079">OP13-079]
[You] Discard St. Shepherd Ju Peter ["OP13-084">OP13-084] for Counter 2000
RZ1|279|1|OP13-084|1|1|6|12|1|1|0|0|0
RZ1|CHK|279|1|28|4|3|1|1|2|13|1|1|7
[You] Discard ...Never Existed... ["OP13-098">OP13-098] for Counter 0
RZ1|280|1|OP13-098|1|1|6|13|1|1|0|0|0
RZ1|CHK|280|1|28|3|3|1|1|2|14|1|1|7
Marshall D. Teach ["OP16-119">OP16-119][10000] vs Imu ["OP13-079">OP13-079][7000]
Imu ["OP13-079">OP13-079] hit for 1 damage
RZ1|281|1|OP13-089|3|0|1|3|1|1|0|0|0
RZ1|CHK|281|1|28|4|3|0|1|2|14|1|1|7
[Opponent] Attach 6 Don to Marshall D. Teach ["OP16-080">OP16-080] (6 Total)
RZ1|282|2|Don|5|5|9|9900|1|1|0|0|0
RZ1|CHK|282|2|30|5|2|5|0|5|8|0|1|5
RZ1|283|2|Don|5|4|9|9901|1|1|0|0|0
RZ1|CHK|283|2|30|5|2|5|0|4|8|0|1|6
RZ1|284|2|Don|5|3|9|9902|1|1|0|0|0
RZ1|CHK|284|2|30|5|2|5|0|3|8|0|1|7
RZ1|285|2|Don|5|2|9|9903|1|1|0|0|0
RZ1|CHK|285|2|30|5|2|5|0|2|8|0|1|8
RZ1|286|2|Don|5|1|9|9904|1|1|0|0|0
RZ1|CHK|286|2|30|5|2|5|0|1|8|0|1|9
RZ1|287|2|Don|5|0|9|9905|1|1|0|0|0
RZ1|CHK|287|2|30|5|2|5|0|0|8|0|1|10
[Opponent] Marshall D. Teach ["OP16-080">OP16-080] attacking Imu ["OP13-079">OP13-079]
Marshall D. Teach ["OP16-080">OP16-080][11000] vs Imu ["OP13-079">OP13-079][5000]
Imu ["OP13-079">OP13-079] hit for 1 damage
[You] <b>Downloaded the Combat Log!</b>
GameOver
