Version is 1.41b.18
[You] Leader is Imu ["OP13-079">OP13-079]
RZ1|HDR|1.41b|2|RZ1
RZ1|PLY|1||OP13-079
RZ1|PLY|2||
[Opponent] Leader is Jewelry Bonney ["OP07-019">OP07-019]
RZ1|1|2|ST02-007|0|28|0|0|0|0|0|0|0
RZ1|CHK|1|2|40|0|0|0|10|0|0|0|1|0
RZ1|2|2|EB01-015|0|6|0|1|0|0|0|0|0
RZ1|CHK|2|2|40|0|0|0|10|0|0|0|1|0
RZ1|3|2|OP07-026|0|23|0|2|0|0|0|0|0
RZ1|CHK|3|2|40|0|0|0|10|0|0|0|1|0
RZ1|4|2|OP01-058|0|37|0|3|0|0|0|0|0
RZ1|CHK|4|2|40|0|0|0|10|0|0|0|1|0
RZ1|5|2|OP07-029|0|27|0|4|0|0|0|0|0
RZ1|CHK|5|2|40|0|0|0|10|0|0|0|1|0
RZ1|6|2|OP07-021|0|24|0|5|0|0|0|0|0
RZ1|CHK|6|2|40|0|0|0|10|0|0|0|1|0
RZ1|7|2|ST02-013|0|33|0|6|0|0|0|0|0
RZ1|CHK|7|2|40|0|0|0|10|0|0|0|1|0
RZ1|8|2|OP05-037|0|39|0|7|0|0|0|0|0
RZ1|CHK|8|2|40|0|0|0|10|0|0|0|1|0
RZ1|9|2|OP07-029|0|31|0|8|0|0|0|0|0
RZ1|CHK|9|2|40|0|0|0|10|0|0|0|1|0
RZ1|10|2|EB01-015|0|13|0|9|0|0|0|0|0
RZ1|CHK|10|2|40|0|0|0|10|0|0|0|1|0
RZ1|11|2|ST02-013|0|35|0|10|0|0|0|0|0
RZ1|CHK|11|2|40|0|0|0|10|0|0|0|1|0
RZ1|12|2|ST02-007|0|35|0|11|0|0|0|0|0
RZ1|CHK|12|2|40|0|0|0|10|0|0|0|1|0
RZ1|13|2|ST02-007|0|34|0|12|0|0|0|0|0
RZ1|CHK|13|2|40|0|0|0|10|0|0|0|1|0
RZ1|14|2|OP06-035|0|28|0|13|0|0|0|0|0
RZ1|CHK|14|2|40|0|0|0|10|0|0|0|1|0
RZ1|15|2|ST16-004|0|36|0|14|0|0|0|0|0
RZ1|CHK|15|2|40|0|0|0|10|0|0|0|1|0
RZ1|16|2|OP07-021|0|31|0|15|0|0|0|0|0
RZ1|CHK|16|2|40|0|0|0|10|0|0|0|1|0
RZ1|17|2|OP06-035|0|30|0|16|0|0|0|0|0
RZ1|CHK|17|2|40|0|0|0|10|0|0|0|1|0
RZ1|18|2|OP07-021|0|32|0|17|0|0|0|0|0
RZ1|CHK|18|2|40|0|0|0|10|0|0|0|1|0
RZ1|19|2|ST16-004|0|37|0|18|0|0|0|0|0
RZ1|CHK|19|2|40|0|0|0|10|0|0|0|1|0
RZ1|20|2|OP04-031|0|24|0|19|0|0|0|0|0
RZ1|CHK|20|2|40|0|0|0|10|0|0|0|1|0
RZ1|21|2|OP05-030|0|28|0|20|0|0|0|0|0
RZ1|CHK|21|2|40|0|0|0|10|0|0|0|1|0
RZ1|22|2|EB01-015|0|24|0|21|0|0|0|0|0
RZ1|CHK|22|2|40|0|0|0|10|0|0|0|1|0
RZ1|23|2|OP07-026|0|35|0|22|0|0|0|0|0
RZ1|CHK|23|2|40|0|0|0|10|0|0|0|1|0
RZ1|24|2|OP01-051|0|26|0|23|0|0|0|0|0
RZ1|CHK|24|2|40|0|0|0|10|0|0|0|1|0
RZ1|25|2|EB01-012|0|25|0|24|0|0|0|0|0
RZ1|CHK|25|2|40|0|0|0|10|0|0|0|1|0
RZ1|26|2|OP05-034|0|32|0|25|0|0|0|0|0
RZ1|CHK|26|2|40|0|0|0|10|0|0|0|1|0
RZ1|27|2|OP05-030|0|30|0|26|0|0|0|0|0
RZ1|CHK|27|2|40|0|0|0|10|0|0|0|1|0
RZ1|28|2|OP04-119|0|29|0|27|0|0|0|0|0
RZ1|CHK|28|2|40|0|0|0|10|0|0|0|1|0
RZ1|29|2|OP07-026|0|35|0|28|0|0|0|0|0
RZ1|CHK|29|2|40|0|0|0|10|0|0|0|1|0
RZ1|30|2|EB01-015|0|30|0|29|0|0|0|0|0
RZ1|CHK|30|2|40|0|0|0|10|0|0|0|1|0
RZ1|31|2|OP05-037|0|39|0|30|0|0|0|0|0
RZ1|CHK|31|2|40|0|0|0|10|0|0|0|1|0
RZ1|32|2|OP05-034|0|34|0|31|0|0|0|0|0
RZ1|CHK|32|2|40|0|0|0|10|0|0|0|1|0
RZ1|33|2|ST02-007|0|38|0|32|0|0|0|0|0
RZ1|CHK|33|2|40|0|0|0|10|0|0|0|1|0
RZ1|34|2|OP07-029|0|38|0|34|0|0|0|0|0
RZ1|CHK|34|2|40|0|0|0|10|0|0|0|1|0
RZ1|35|2|OP07-021|0|38|0|35|0|0|0|0|0
RZ1|CHK|35|2|40|0|0|0|10|0|0|0|1|0
RZ1|36|2|OP06-035|0|38|0|36|0|0|0|0|0
RZ1|CHK|36|2|40|0|0|0|10|0|0|0|1|0
RZ1|37|2|OP01-058|0|39|0|37|0|0|0|0|0
RZ1|CHK|37|2|40|0|0|0|10|0|0|0|1|0
RZ1|38|2|OP05-030|0|39|0|38|0|0|0|0|0
RZ1|CHK|38|2|40|0|0|0|10|0|0|0|1|0
RZ1|39|1|OP13-099|0|7|7|0|1|1|0|0|0
RZ1|CHK|39|1|49|0|0|0|10|0|0|1|1|0
[You] Imu ["OP13-079">OP13-079]: Deploy The Empty Throne ["OP13-099">OP13-099]
RZ1|40|1|OP13-084|0|6|0|0|0|0|0|0|0
RZ1|CHK|40|1|49|0|0|0|10|0|0|1|1|0
RZ1|41|1|OP13-084|0|30|0|1|0|0|0|0|0
RZ1|CHK|41|1|49|0|0|0|10|0|0|1|1|0
RZ1|42|1|OP13-096|0|48|0|2|0|0|0|0|0
RZ1|CHK|42|1|49|0|0|0|10|0|0|1|1|0
RZ1|43|1|OP13-096|0|31|0|3|0|0|0|0|0
RZ1|CHK|43|1|49|0|0|0|10|0|0|1|1|0
RZ1|44|1|OP05-097|0|9|0|4|0|0|0|0|0
RZ1|CHK|44|1|49|0|0|0|10|0|0|1|1|0
RZ1|45|1|OP13-089|0|22|0|5|0|0|0|0|0
RZ1|CHK|45|1|49|0|0|0|10|0|0|1|1|0
RZ1|46|1|OP13-080|0|26|0|6|0|0|0|0|0
RZ1|CHK|46|1|49|0|0|0|10|0|0|1|1|0
RZ1|47|1|OP16-093|0|23|0|7|0|0|0|0|0
RZ1|CHK|47|1|49|0|0|0|10|0|0|1|1|0
RZ1|48|1|OP13-083|0|30|0|8|0|0|0|0|0
RZ1|CHK|48|1|49|0|0|0|10|0|0|1|1|0
RZ1|49|1|OP13-082|0|36|0|9|0|0|0|0|0
RZ1|CHK|49|1|49|0|0|0|10|0|0|1|1|0
RZ1|50|1|OP14-096|0|46|0|10|0|0|0|0|0
RZ1|CHK|50|1|49|0|0|0|10|0|0|1|1|0
RZ1|51|1|OP13-082|0|22|0|11|0|0|0|0|0
RZ1|CHK|51|1|49|0|0|0|10|0|0|1|1|0
RZ1|52|1|OP13-086|0|27|0|12|0|0|0|0|0
RZ1|CHK|52|1|49|0|0|0|10|0|0|1|1|0
RZ1|53|1|OP13-098|0|22|0|13|0|0|0|0|0
RZ1|CHK|53|1|49|0|0|0|10|0|0|1|1|0
RZ1|54|1|OP13-080|0|30|0|14|0|0|0|0|0
RZ1|CHK|54|1|49|0|0|0|10|0|0|1|1|0
RZ1|55|1|OP13-098|0|46|0|15|0|0|0|0|0
RZ1|CHK|55|1|49|0|0|0|10|0|0|1|1|0
RZ1|56|1|OP13-083|0|36|0|16|0|0|0|0|0
RZ1|CHK|56|1|49|0|0|0|10|0|0|1|1|0
RZ1|57|1|OP13-086|0|28|0|17|0|0|0|0|0
RZ1|CHK|57|1|49|0|0|0|10|0|0|1|1|0
RZ1|58|1|OP13-091|0|30|0|18|0|0|0|0|0
RZ1|CHK|58|1|49|0|0|0|10|0|0|1|1|0
RZ1|59|1|OP16-093|0|24|0|19|0|0|0|0|0
RZ1|CHK|59|1|49|0|0|0|10|0|0|1|1|0
RZ1|60|1|OP13-082|0|33|0|20|0|0|0|0|0
RZ1|CHK|60|1|49|0|0|0|10|0|0|1|1|0
RZ1|61|1|OP13-096|0|45|0|21|0|0|0|0|0
RZ1|CHK|61|1|49|0|0|0|10|0|0|1|1|0
RZ1|62|1|OP13-080|0|47|0|22|0|0|0|0|0
RZ1|CHK|62|1|49|0|0|0|10|0|0|1|1|0
RZ1|63|1|OP13-089|0|39|0|23|0|0|0|0|0
RZ1|CHK|63|1|49|0|0|0|10|0|0|1|1|0
RZ1|64|1|OP13-086|0|38|0|24|0|0|0|0|0
RZ1|CHK|64|1|49|0|0|0|10|0|0|1|1|0
RZ1|65|1|OP14-096|0|26|0|25|0|0|0|0|0
RZ1|CHK|65|1|49|0|0|0|10|0|0|1|1|0
RZ1|66|1|OP13-080|0|48|0|26|0|0|0|0|0
RZ1|CHK|66|1|49|0|0|0|10|0|0|1|1|0
RZ1|67|1|OP16-093|0|40|0|28|0|0|0|0|0
RZ1|CHK|67|1|49|0|0|0|10|0|0|1|1|0
RZ1|68|1|OP13-084|0|39|0|29|0|0|0|0|0
RZ1|CHK|68|1|49|0|0|0|10|0|0|1|1|0
RZ1|69|1|OP13-086|0|39|0|30|0|0|0|0|0
RZ1|CHK|69|1|49|0|0|0|10|0|0|1|1|0
RZ1|70|1|OP13-096|0|41|0|31|0|0|0|0|0
RZ1|CHK|70|1|49|0|0|0|10|0|0|1|1|0
RZ1|71|1|OP13-091|0|34|0|32|0|0|0|0|0
RZ1|CHK|71|1|49|0|0|0|10|0|0|1|1|0
RZ1|72|1|OP14-096|0|37|0|33|0|0|0|0|0
RZ1|CHK|72|1|49|0|0|0|10|0|0|1|1|0
RZ1|73|1|OP13-092|0|47|0|34|0|0|0|0|0
RZ1|CHK|73|1|49|0|0|0|10|0|0|1|1|0
RZ1|74|1|OP16-093|0|39|0|35|0|0|0|0|0
RZ1|CHK|74|1|49|0|0|0|10|0|0|1|1|0
RZ1|75|1|OP13-089|0|43|0|36|0|0|0|0|0
RZ1|CHK|75|1|49|0|0|0|10|0|0|1|1|0
RZ1|76|1|OP13-083|0|38|0|37|0|0|0|0|0
RZ1|CHK|76|1|49|0|0|0|10|0|0|1|1|0
RZ1|77|1|OP13-098|0|42|0|38|0|0|0|0|0
RZ1|CHK|77|1|49|0|0|0|10|0|0|1|1|0
RZ1|78|1|OP13-098|0|42|0|40|0|0|0|0|0
RZ1|CHK|78|1|49|0|0|0|10|0|0|1|1|0
RZ1|79|1|OP13-092|0|45|0|41|0|0|0|0|0
RZ1|CHK|79|1|49|0|0|0|10|0|0|1|1|0
RZ1|80|1|OP14-096|0|44|0|42|0|0|0|0|0
RZ1|CHK|80|1|49|0|0|0|10|0|0|1|1|0
RZ1|81|1|OP13-092|0|45|0|43|0|0|0|0|0
RZ1|CHK|81|1|49|0|0|0|10|0|0|1|1|0
RZ1|82|1|OP13-084|0|47|0|44|0|0|0|0|0
RZ1|CHK|82|1|49|0|0|0|10|0|0|1|1|0
[] Drew card from deck: St. Topman Warcury ["OP13-089">OP13-089]
RZ1|83|1|OP13-089|0|48|1|0|1|1|0|0|0
RZ1|CHK|83|1|48|1|0|0|10|0|0|1|1|0
[] Drew card from deck: St. Marcus Mars ["OP13-091">OP13-091]
RZ1|84|1|OP13-091|0|47|1|1|1|1|0|0|0
RZ1|CHK|84|1|47|2|0|0|10|0|0|1|1|0
[] Drew card from deck: Five Elders ["OP13-082">OP13-082]
RZ1|85|1|OP13-082|0|46|1|2|1|1|0|0|0
RZ1|CHK|85|1|46|3|0|0|10|0|0|1|1|0
[] Drew card from deck: St. Marcus Mars ["OP13-091">OP13-091]
RZ1|86|1|OP13-091|0|45|1|3|1|1|0|0|0
RZ1|CHK|86|1|45|4|0|0|10|0|0|1|1|0
[] Drew card from deck: St. Shepherd Ju Peter ["OP13-084">OP13-084]
RZ1|87|1|OP13-084|0|44|1|4|1|1|0|0|0
RZ1|CHK|87|1|44|5|0|0|10|0|0|1|1|0
[] Drew card from deck: Donquixote Rosinante ["OP05-030">OP05-030]
RZ1|88|2|OP05-030|0|39|1|0|1|1|0|0|0
RZ1|CHK|88|2|39|1|0|0|10|0|0|0|1|0
[] Drew card from deck: Donquixote Rosinante ["OP05-030">OP05-030]
RZ1|89|2|OP05-030|0|38|1|1|1|1|0|0|0
RZ1|CHK|89|2|38|2|0|0|10|0|0|0|1|0
[] Drew card from deck: Punk Gibson ["OP01-058">OP01-058]
RZ1|90|2|OP01-058|0|37|1|2|1|1|0|0|0
RZ1|CHK|90|2|37|3|0|0|10|0|0|0|1|0
[] Drew card from deck: Hody Jones ["OP06-035">OP06-035]
RZ1|91|2|OP06-035|0|36|1|3|1|1|0|0|0
RZ1|CHK|91|2|36|4|0|0|10|0|0|0|1|0
[] Drew card from deck: Uroge ["OP07-021">OP07-021]
RZ1|92|2|OP07-021|0|35|1|4|1|1|0|0|0
RZ1|CHK|92|2|35|5|0|0|10|0|0|0|1|0
RZ1|93|1|OP13-089|1|0|0|44|0|0|0|0|0
RZ1|CHK|93|1|45|4|0|0|10|0|0|1|1|0
RZ1|94|1|OP13-091|1|0|0|45|0|0|0|0|0
RZ1|CHK|94|1|46|3|0|0|10|0|0|1|1|0
RZ1|95|1|OP13-082|1|0|0|46|0|0|0|0|0
RZ1|CHK|95|1|47|2|0|0|10|0|0|1|1|0
RZ1|96|1|OP13-091|1|0|0|47|0|0|0|0|0
RZ1|CHK|96|1|48|1|0|0|10|0|0|1|1|0
RZ1|97|1|OP13-084|1|0|0|48|0|0|0|0|0
RZ1|CHK|97|1|49|0|0|0|10|0|0|1|1|0
RZ1|98|1|OP13-098|0|13|0|0|0|0|0|0|0
RZ1|CHK|98|1|49|0|0|0|10|0|0|1|1|0
RZ1|99|1|OP13-084|0|29|0|1|0|0|0|0|0
RZ1|CHK|99|1|49|0|0|0|10|0|0|1|1|0
RZ1|100|1|OP14-096|0|26|0|2|0|0|0|0|0
RZ1|CHK|100|1|49|0|0|0|10|0|0|1|1|0
RZ1|101|1|OP13-083|0|18|0|3|0|0|0|0|0
RZ1|CHK|101|1|49|0|0|0|10|0|0|1|1|0
RZ1|102|1|OP13-089|0|9|0|4|0|0|0|0|0
RZ1|CHK|102|1|49|0|0|0|10|0|0|1|1|0
RZ1|103|1|OP13-091|0|45|0|5|0|0|0|0|0
RZ1|CHK|103|1|49|0|0|0|10|0|0|1|1|0
RZ1|104|1|OP13-091|0|33|0|6|0|0|0|0|0
RZ1|CHK|104|1|49|0|0|0|10|0|0|1|1|0
RZ1|105|1|OP14-096|0|16|0|7|0|0|0|0|0
RZ1|CHK|105|1|49|0|0|0|10|0|0|1|1|0
RZ1|106|1|OP13-092|0|42|0|8|0|0|0|0|0
RZ1|CHK|106|1|49|0|0|0|10|0|0|1|1|0
RZ1|107|1|OP16-093|0|24|0|9|0|0|0|0|0
RZ1|CHK|107|1|49|0|0|0|10|0|0|1|1|0
RZ1|108|1|OP13-092|0|44|0|10|0|0|0|0|0
RZ1|CHK|108|1|49|0|0|0|10|0|0|1|1|0
RZ1|109|1|OP13-080|0|31|0|11|0|0|0|0|0
RZ1|CHK|109|1|49|0|0|0|10|0|0|1|1|0
RZ1|110|1|OP13-089|0|30|0|12|0|0|0|0|0
RZ1|CHK|110|1|49|0|0|0|10|0|0|1|1|0
RZ1|111|1|OP13-084|0|48|0|13|0|0|0|0|0
RZ1|CHK|111|1|49|0|0|0|10|0|0|1|1|0
RZ1|112|1|OP13-082|0|22|0|14|0|0|0|0|0
RZ1|CHK|112|1|49|0|0|0|10|0|0|1|1|0
RZ1|113|1|OP13-083|0|33|0|15|0|0|0|0|0
RZ1|CHK|113|1|49|0|0|0|10|0|0|1|1|0
RZ1|114|1|OP13-086|0|25|0|16|0|0|0|0|0
RZ1|CHK|114|1|49|0|0|0|10|0|0|1|1|0
RZ1|115|1|OP13-091|0|48|0|17|0|0|0|0|0
RZ1|CHK|115|1|49|0|0|0|10|0|0|1|1|0
RZ1|116|1|OP05-097|0|22|0|18|0|0|0|0|0
RZ1|CHK|116|1|49|0|0|0|10|0|0|1|1|0
RZ1|117|1|OP13-092|0|44|0|19|0|0|0|0|0
RZ1|CHK|117|1|49|0|0|0|10|0|0|1|1|0
RZ1|118|1|OP13-083|0|26|0|20|0|0|0|0|0
RZ1|CHK|118|1|49|0|0|0|10|0|0|1|1|0
RZ1|119|1|OP13-082|0|48|0|21|0|0|0|0|0
RZ1|CHK|119|1|49|0|0|0|10|0|0|1|1|0
RZ1|120|1|OP13-086|0|31|0|22|0|0|0|0|0
RZ1|CHK|120|1|49|0|0|0|10|0|0|1|1|0
RZ1|121|1|OP13-096|0|39|0|23|0|0|0|0|0
RZ1|CHK|121|1|49|0|0|0|10|0|0|1|1|0
RZ1|122|1|OP13-089|0|48|0|24|0|0|0|0|0
RZ1|CHK|122|1|49|0|0|0|10|0|0|1|1|0
RZ1|123|1|OP13-092|0|42|0|25|0|0|0|0|0
RZ1|CHK|123|1|49|0|0|0|10|0|0|1|1|0
RZ1|124|1|OP16-093|0|31|0|26|0|0|0|0|0
RZ1|CHK|124|1|49|0|0|0|10|0|0|1|1|0
RZ1|125|1|OP13-096|0|30|0|27|0|0|0|0|0
RZ1|CHK|125|1|49|0|0|0|10|0|0|1|1|0
RZ1|126|1|OP13-086|0|41|0|28|0|0|0|0|0
RZ1|CHK|126|1|49|0|0|0|10|0|0|1|1|0
RZ1|127|1|OP13-082|0|33|0|29|0|0|0|0|0
RZ1|CHK|127|1|49|0|0|0|10|0|0|1|1|0
RZ1|128|1|OP13-096|0|32|0|30|0|0|0|0|0
RZ1|CHK|128|1|49|0|0|0|10|0|0|1|1|0
RZ1|129|1|OP13-096|0|38|0|32|0|0|0|0|0
RZ1|CHK|129|1|49|0|0|0|10|0|0|1|1|0
RZ1|130|1|OP13-098|0|47|0|33|0|0|0|0|0
RZ1|CHK|130|1|49|0|0|0|10|0|0|1|1|0
RZ1|131|1|OP16-093|0|44|0|34|0|0|0|0|0
RZ1|CHK|131|1|49|0|0|0|10|0|0|1|1|0
RZ1|132|1|OP13-089|0|45|0|35|0|0|0|0|0
RZ1|CHK|132|1|49|0|0|0|10|0|0|1|1|0
RZ1|133|1|OP14-096|0|45|0|36|0|0|0|0|0
RZ1|CHK|133|1|49|0|0|0|10|0|0|1|1|0
RZ1|134|1|OP13-098|0|40|0|37|0|0|0|0|0
RZ1|CHK|134|1|49|0|0|0|10|0|0|1|1|0
RZ1|135|1|OP14-096|0|48|0|38|0|0|0|0|0
RZ1|CHK|135|1|49|0|0|0|10|0|0|1|1|0
RZ1|136|1|OP13-080|0|41|0|39|0|0|0|0|0
RZ1|CHK|136|1|49|0|0|0|10|0|0|1|1|0
RZ1|137|1|OP13-098|0|48|0|41|0|0|0|0|0
RZ1|CHK|137|1|49|0|0|0|10|0|0|1|1|0
RZ1|138|1|OP13-083|0|48|0|42|0|0|0|0|0
RZ1|CHK|138|1|49|0|0|0|10|0|0|1|1|0
RZ1|139|1|OP13-080|0|46|0|43|0|0|0|0|0
RZ1|CHK|139|1|49|0|0|0|10|0|0|1|1|0
RZ1|140|1|OP13-091|0|45|0|44|0|0|0|0|0
RZ1|CHK|140|1|49|0|0|0|10|0|0|1|1|0
RZ1|141|1|OP13-082|0|46|0|45|0|0|0|0|0
RZ1|CHK|141|1|49|0|0|0|10|0|0|1|1|0
RZ1|142|1|OP16-093|0|48|0|46|0|0|0|0|0
RZ1|CHK|142|1|49|0|0|0|10|0|0|1|1|0
[] Drew card from deck: St. Shalria ["OP13-086">OP13-086]
RZ1|143|1|OP13-086|0|48|1|0|1|1|0|0|0
RZ1|CHK|143|1|48|1|0|0|10|0|0|1|1|0
[] Drew card from deck: St. Ethanbaron V. Nusjuro ["OP13-080">OP13-080]
RZ1|144|1|OP13-080|0|47|1|1|1|1|0|0|0
RZ1|CHK|144|1|47|2|0|0|10|0|0|1|1|0
[] Drew card from deck: Bartholomew Kuma ["OP16-093">OP16-093]
RZ1|145|1|OP16-093|0|46|1|2|1|1|0|0|0
RZ1|CHK|145|1|46|3|0|0|10|0|0|1|1|0
[] Drew card from deck: Five Elders ["OP13-082">OP13-082]
RZ1|146|1|OP13-082|0|45|1|3|1|1|0|0|0
RZ1|CHK|146|1|45|4|0|0|10|0|0|1|1|0
[] Drew card from deck: St. Marcus Mars ["OP13-091">OP13-091]
RZ1|147|1|OP13-091|0|44|1|4|1|1|0|0|0
RZ1|CHK|147|1|44|5|0|0|10|0|0|1|1|0
RZ1|148|1|OP13-080|0|43|3|0|1|0|0|0|0
RZ1|CHK|148|1|43|5|0|1|10|0|0|1|1|0
RZ1|149|1|OP13-083|0|42|3|1|1|0|0|0|0
RZ1|CHK|149|1|42|5|0|2|10|0|0|1|1|0
RZ1|150|1|OP13-098|0|41|3|2|1|0|0|0|0
RZ1|CHK|150|1|41|5|0|3|10|0|0|1|1|0
RZ1|151|1|OP13-084|0|40|3|3|1|0|0|0|0
RZ1|CHK|151|1|40|5|0|4|10|0|0|1|1|0
[] Hand after Mulligan: [OP13-086,OP13-080,OP16-093,OP13-082,OP13-091]
[You] Mulligan
RZ1|152|2|OP07-029|0|34|3|0|0|1|0|0|0
RZ1|CHK|152|2|34|5|0|1|10|0|0|0|1|0
RZ1|153|2|EB01-012|0|33|3|1|0|1|0|0|0
RZ1|CHK|153|2|33|5|0|2|10|0|0|0|1|0
RZ1|154|2|ST02-007|0|32|3|2|0|1|0|0|0
RZ1|CHK|154|2|32|5|0|3|10|0|0|0|1|0
RZ1|155|2|OP05-034|0|31|3|3|0|1|0|0|0
RZ1|CHK|155|2|31|5|0|4|10|0|0|0|1|0
RZ1|156|2|OP05-037|0|30|3|4|0|1|0|0|0
RZ1|CHK|156|2|30|5|0|5|10|0|0|0|1|0
[] Hand: [OP13-086,OP13-080,OP16-093,OP13-082,OP13-091]
[] Board: []
[] Trash: []
[] Life: 4
[] Hand: [OP05-030,OP05-030,OP01-058,OP06-035,OP07-021]
[] Trash: []
[] Board: []
[] Life: 5
RZ1|157|1|Don|4|9|5|0|1|1|0|0|0
RZ1|CHK|157|1|40|5|0|4|9|1|0|1|1|0
[You] Draw 1 Don
RZ1|158|1|Don|5|0|5|0|1|1|1|0|0
RZ1|CHK|158|1|40|5|0|4|9|1|0|1|1|0
[You] Deploy St. Shalria ["OP13-086">OP13-086]
RZ1|159|1|OP13-086|1|0|2|0|1|1|0|0|0
RZ1|CHK|159|1|40|4|1|4|9|1|0|1|1|0
RZ1|160|1|OP13-080|0|39|1|4|1|1|0|0|0
RZ1|CHK|160|1|39|5|1|4|9|1|0|1|1|0
[You] St. Shalria ["OP13-086">OP13-086]: <b>Reveal and Draw St. Ethanbaron V. Nusjuro ["OP13-080">OP13-080]</b>
[You] St. Shalria ["OP13-086">OP13-086]: Trash 2 Remaining Cards
RZ1|161|1|OP14-096|0|38|6|0|1|1|0|0|0
RZ1|CHK|161|1|38|5|1|4|9|1|1|1|1|0
RZ1|162|1|OP13-098|0|37|6|1|1|1|0|0|0
RZ1|CHK|162|1|37|5|1|4|9|1|2|1|1|0
RZ1|163|1|OP13-080|1|0|6|2|1|1|0|0|0
RZ1|CHK|163|1|37|4|1|4|9|1|3|1|1|0
[You] St. Shalria ["OP13-086">OP13-086]: Trash St. Ethanbaron V. Nusjuro ["OP13-080">OP13-080]
RZ1|164|1|OP13-080|1|3|6|3|1|1|0|0|0
RZ1|CHK|164|1|37|3|1|4|9|1|4|1|1|0
[You] Imu ["OP13-079">OP13-079]: Trash St. Ethanbaron V. Nusjuro ["OP13-080">OP13-080]
[] Drew card from deck: Ground Death ["OP14-096">OP14-096]
RZ1|165|1|OP14-096|0|36|1|3|1|1|0|0|0
RZ1|CHK|165|1|36|4|1|4|9|1|4|1|1|0
[You] Imu ["OP13-079">OP13-079]: Draw 1 Card
[] Hand: [OP16-093,OP13-082,OP13-091,OP14-096]
[] Board: [OP13-086]
[] Trash: [OP14-096,OP13-098,OP13-080,OP13-080]
[] Life: 4
[] Hand: [OP05-030,OP05-030,OP01-058,OP06-035,OP07-021]
[] Trash: []
[] Board: []
[] Life: 5
[You] End Turn
[] Hand: [OP05-030,OP05-030,OP01-058,OP06-035,OP07-021]
[] Board: []
[] Trash: []
[] Life: 5
[] Hand: [OP16-093,OP13-082,OP13-091,OP14-096]
[] Trash: [OP14-096,OP13-098,OP13-080,OP13-080]
[] Board: [OP13-086]
[] Life: 4
[Opponent] Draw 1 Card
[] Drew card from deck: Scratchmen Apoo ["EB01-015">EB01-015]
RZ1|166|2|EB01-015|0|29|1|5|1|1|0|0|0
RZ1|CHK|166|2|29|6|0|5|10|0|0|0|1|0
RZ1|167|2|Don|4|9|5|0|1|1|0|0|0
RZ1|CHK|167|2|29|6|0|5|9|1|0|0|1|0
RZ1|168|2|Don|4|8|5|1|1|1|0|0|0
RZ1|CHK|168|2|29|6|0|5|8|2|0|0|1|0
[Opponent] Draw 2 Don
RZ1|169|2|Don|5|0|5|0|1|1|1|0|0
RZ1|CHK|169|2|29|6|0|5|8|2|0|0|1|0
RZ1|170|2|Don|5|1|5|1|1|1|1|0|0
RZ1|CHK|170|2|29|6|0|5|8|2|0|0|1|0
[Opponent] Deploy Donquixote Rosinante ["OP05-030">OP05-030]
RZ1|171|2|OP05-030|1|1|2|0|1|1|0|0|0
RZ1|CHK|171|2|29|5|1|5|8|2|0|0|1|0
[] Hand: [OP05-030,OP01-058,OP06-035,OP07-021,EB01-015]
[] Board: [OP05-030]
[] Trash: []
[] Life: 5
[] Hand: [OP16-093,OP13-082,OP13-091,OP14-096]
[] Trash: [OP14-096,OP13-098,OP13-080,OP13-080]
[] Board: [OP13-086]
[] Life: 4
[Opponent] End Turn
[] Hand: [OP16-093,OP13-082,OP13-091,OP14-096]
[] Board: [OP13-086]
[] Trash: [OP14-096,OP13-098,OP13-080,OP13-080]
[] Life: 4
[] Hand: [OP05-030,OP01-058,OP06-035,OP07-021,EB01-015]
[] Trash: []
[] Board: [OP05-030]
[] Life: 5
[You] Draw 1 Card
[] Drew card from deck: St. Topman Warcury ["OP13-089">OP13-089]
RZ1|172|1|OP13-089|0|35|1|4|1|1|0|0|0
RZ1|CHK|172|1|35|5|1|4|9|1|4|1|1|0
RZ1|173|1|Don|4|8|5|1|1|1|0|0|0
RZ1|CHK|173|1|35|5|1|4|8|2|4|1|1|0
RZ1|174|1|Don|4|7|5|2|1|1|0|0|0
RZ1|CHK|174|1|35|5|1|4|7|3|4|1|1|0
[You] Draw 2 Don
RZ1|175|1|Don|5|0|5|0|1|1|1|0|0
RZ1|CHK|175|1|35|5|1|4|7|3|4|1|1|0
RZ1|176|1|Don|5|1|5|1|1|1|1|0|0
RZ1|CHK|176|1|35|5|1|4|7|3|4|1|1|0
RZ1|177|1|Don|5|2|5|2|1|1|1|0|0
RZ1|CHK|177|1|35|5|1|4|7|3|4|1|1|0
[You] Deploy Bartholomew Kuma ["OP16-093">OP16-093]
RZ1|178|1|OP16-093|1|0|2|1|1|1|0|0|0
RZ1|CHK|178|1|35|4|2|4|7|3|4|1|1|0
[] Drew card from deck: Bartholomew Kuma ["OP16-093">OP16-093]
RZ1|179|1|OP16-093|0|34|1|4|1|1|0|0|0
RZ1|CHK|179|1|34|5|2|4|7|3|4|1|1|0
[] Drew card from deck: ...Never Existed... ["OP13-098">OP13-098]
RZ1|180|1|OP13-098|0|33|1|5|1|1|0|0|0
RZ1|CHK|180|1|33|6|2|4|7|3|4|1|1|0
[You] Bartholomew Kuma ["OP16-093">OP16-093]: Draw 2 Card
RZ1|181|1|OP13-091|1|1|6|4|1|1|0|0|0
RZ1|CHK|181|1|33|5|2|4|7|3|5|1|1|0
[You] Bartholomew Kuma ["OP16-093">OP16-093]: Trash St. Marcus Mars ["OP13-091">OP13-091]
RZ1|182|1|OP13-089|1|2|6|5|1|1|0|0|0
RZ1|CHK|182|1|33|4|2|4|7|3|6|1|1|0
[You] Bartholomew Kuma ["OP16-093">OP16-093]: Trash St. Topman Warcury ["OP13-089">OP13-089]
[You] Bartholomew Kuma ["OP16-093">OP16-093]: Attach 1 Rested Don to Imu ["OP13-079">OP13-079]
RZ1|183|1|Don|5|0|9|9900|1|1|1|0|0
RZ1|CHK|183|1|33|4|2|4|7|2|6|1|1|1
RZ1|184|1|OP13-086|2|0|6|6|1|1|0|0|0
RZ1|CHK|184|1|33|4|1|4|7|2|7|1|1|1
[You] Imu ["OP13-079">OP13-079]: Trash St. Shalria ["OP13-086">OP13-086]
[] Drew card from deck: The Five Elders... Are At Your Service ["OP13-096">OP13-096]
RZ1|185|1|OP13-096|0|32|1|4|1|1|0|0|0
RZ1|CHK|185|1|32|5|1|4|7|2|7|1|1|1
[You] Imu ["OP13-079">OP13-079]: Draw 1 Card
[You] Imu ["OP13-079">OP13-079] attacking Jewelry Bonney ["OP07-019">OP07-019]
[Opponent] Discard Scratchmen Apoo ["EB01-015">EB01-015] for Counter 2000
RZ1|186|2|EB01-015|1|4|6|0|1|1|0|0|0
RZ1|CHK|186|2|29|4|1|5|8|2|1|0|1|0
Imu ["OP13-079">OP13-079][6000] vs Jewelry Bonney ["OP07-019">OP07-019][7000]
Attack Fails
[] Hand: [OP13-082,OP14-096,OP16-093,OP13-098,OP13-096]
[] Board: [OP16-093]
[] Trash: [OP14-096,OP13-098,OP13-080,OP13-080,OP13-091,OP13-089,OP13-086]
[] Life: 4
[] Hand: [OP05-030,OP01-058,OP06-035,OP07-021]
[] Trash: [EB01-015]
[] Board: [OP05-030]
[] Life: 5
[You] End Turn
[] Hand: [OP05-030,OP01-058,OP06-035,OP07-021]
[] Board: [OP05-030]
[] Trash: [EB01-015]
[] Life: 5
[] Hand: [OP13-082,OP14-096,OP16-093,OP13-098,OP13-096]
[] Trash: [OP14-096,OP13-098,OP13-080,OP13-080,OP13-091,OP13-089,OP13-086]
[] Board: [OP16-093]
[] Life: 4
[Opponent] Draw 1 Card
[] Drew card from deck: Jewelry Bonney ["OP07-026">OP07-026]
RZ1|187|2|OP07-026|0|28|1|4|1|1|0|0|0
RZ1|CHK|187|2|28|5|1|5|8|2|1|0|1|0
RZ1|188|2|Don|4|7|5|2|1|1|0|0|0
RZ1|CHK|188|2|28|5|1|5|7|3|1|0|1|0
RZ1|189|2|Don|4|6|5|3|1|1|0|0|0
RZ1|CHK|189|2|28|5|1|5|6|4|1|0|1|0
[Opponent] Draw 2 Don
[Opponent] Jewelry Bonney ["OP07-019">OP07-019] attacking Imu ["OP13-079">OP13-079]
Jewelry Bonney ["OP07-019">OP07-019][5000] vs Imu ["OP13-079">OP13-079][5000]
Imu ["OP13-079">OP13-079] hit for 1 damage
RZ1|190|1|OP13-084|3|3|1|5|1|1|0|0|0
RZ1|CHK|190|1|32|6|1|3|7|2|7|1|1|1
RZ1|191|2|Don|5|0|5|0|1|1|1|0|0
RZ1|CHK|191|2|28|5|1|5|6|4|1|0|1|0
RZ1|192|2|Don|5|1|5|1|1|1|1|0|0
RZ1|CHK|192|2|28|5|1|5|6|4|1|0|1|0
RZ1|193|2|Don|5|2|5|2|1|1|1|0|0
RZ1|CHK|193|2|28|5|1|5|6|4|1|0|1|0
RZ1|194|2|Don|5|3|5|3|1|1|1|0|0
RZ1|CHK|194|2|28|5|1|5|6|4|1|0|1|0
[Opponent] Deploy Uroge ["OP07-021">OP07-021]
RZ1|195|2|OP07-021|1|3|2|1|1|1|0|0|0
RZ1|CHK|195|2|28|4|2|5|6|4|1|0|1|0
[Opponent] Uroge ["OP07-021">OP07-021]: Activate 1 Don
RZ1|196|2|Don|5|3|5|3|1|1|0|0|0
RZ1|CHK|196|2|28|4|2|5|6|4|1|0|1|0
[] Hand: [OP05-030,OP01-058,OP06-035,OP07-026]
[] Board: [OP05-030,OP07-021]
[] Trash: [EB01-015]
[] Life: 5
[] Hand: [OP13-082,OP14-096,OP16-093,OP13-098,OP13-096,OP13-084]
[] Trash: [OP14-096,OP13-098,OP13-080,OP13-080,OP13-091,OP13-089,OP13-086]
[] Board: [OP16-093]
[] Life: 3
[Opponent] End Turn
[] Hand: [OP13-082,OP14-096,OP16-093,OP13-098,OP13-096,OP13-084]
[] Board: [OP16-093]
[] Trash: [OP14-096,OP13-098,OP13-080,OP13-080,OP13-091,OP13-089,OP13-086]
[] Life: 3
[] Hand: [OP05-030,OP01-058,OP06-035,OP07-026]
[] Trash: [EB01-015]
[] Board: [OP05-030,OP07-021]
[] Life: 5
RZ1|197|1|Don|9|9900|5|0|1|1|1|0|0
RZ1|CHK|197|1|32|6|1|3|7|3|7|1|1|0
[You] Draw 1 Card
[] Drew card from deck: St. Shepherd Ju Peter ["OP13-084">OP13-084]
RZ1|198|1|OP13-084|0|31|1|6|1|1|0|0|0
RZ1|CHK|198|1|31|7|1|3|7|3|7|1|1|0
RZ1|199|1|Don|4|6|5|3|1|1|0|0|0
RZ1|CHK|199|1|31|7|1|3|6|4|7|1|1|0
RZ1|200|1|Don|4|5|5|4|1|1|0|0|0
RZ1|CHK|200|1|31|7|1|3|5|5|7|1|1|0
[You] Draw 2 Don
RZ1|201|1|Don|5|0|5|0|1|1|1|0|0
RZ1|CHK|201|1|31|7|1|3|5|5|7|1|1|0
RZ1|202|1|Don|5|1|5|1|1|1|1|0|0
RZ1|CHK|202|1|31|7|1|3|5|5|7|1|1|0
RZ1|203|1|Don|5|2|5|2|1|1|1|0|0
RZ1|CHK|203|1|31|7|1|3|5|5|7|1|1|0
[You] Deploy Bartholomew Kuma ["OP16-093">OP16-093]
RZ1|204|1|OP16-093|1|2|2|1|1|1|0|0|0
RZ1|CHK|204|1|31|6|2|3|5|5|7|1|1|0
[] Drew card from deck: The Five Elders... Are At Your Service ["OP13-096">OP13-096]
RZ1|205|1|OP13-096|0|30|1|6|1|1|0|0|0
RZ1|CHK|205|1|30|7|2|3|5|5|7|1|1|0
[] Drew card from deck: Five Elders ["OP13-082">OP13-082]
RZ1|206|1|OP13-082|0|29|1|7|1|1|0|0|0
RZ1|CHK|206|1|29|8|2|3|5|5|7|1|1|0
[You] Bartholomew Kuma ["OP16-093">OP16-093]: Draw 2 Card
RZ1|207|1|OP13-084|1|4|6|7|1|1|0|0|0
RZ1|CHK|207|1|29|7|2|3|5|5|8|1|1|0
[You] Bartholomew Kuma ["OP16-093">OP16-093]: Trash St. Shepherd Ju Peter ["OP13-084">OP13-084]
RZ1|208|1|OP13-084|1|4|6|8|1|1|0|0|0
RZ1|CHK|208|1|29|6|2|3|5|5|9|1|1|0
[You] Bartholomew Kuma ["OP16-093">OP16-093]: Trash St. Shepherd Ju Peter ["OP13-084">OP13-084]
[You] Bartholomew Kuma ["OP16-093">OP16-093]: Attach 1 Rested Don to Imu ["OP13-079">OP13-079]
RZ1|209|1|Don|5|0|9|9900|1|1|1|0|0
RZ1|CHK|209|1|29|6|2|3|5|4|9|1|1|1
[You] The Five Elders... Are At Your Service ["OP13-096">OP13-096]: Rest 1 Don
RZ1|210|1|Don|5|2|5|2|1|1|1|0|0
RZ1|CHK|210|1|29|6|2|3|5|4|9|1|1|1
RZ1|211|1|OP13-096|1|3|6|9|1|1|0|0|0
RZ1|CHK|211|1|29|5|2|3|5|4|10|1|1|1
RZ1|212|1|OP13-086|0|28|1|5|1|1|0|0|0
RZ1|CHK|212|1|28|6|2|3|5|4|10|1|1|1
[You] The Five Elders... Are At Your Service ["OP13-096">OP13-096]: <b>Reveal and Draw St. Shalria ["OP13-086">OP13-086]</b>
[You] The Five Elders... Are At Your Service ["OP13-096">OP13-096]: Trash 2 Remaining Cards
RZ1|213|1|OP13-096|0|27|6|10|1|1|0|0|0
RZ1|CHK|213|1|27|6|2|3|5|4|11|1|1|1
RZ1|214|1|OP16-093|0|26|6|11|1|1|0|0|0
RZ1|CHK|214|1|26|6|2|3|5|4|12|1|1|1
[You] Imu ["OP13-079">OP13-079] attacking Jewelry Bonney ["OP07-019">OP07-019]
[Opponent] Jewelry Bonney ["OP07-019">OP07-019]: Rest 1 Don
RZ1|215|2|Don|5|3|5|3|1|1|1|0|0
RZ1|CHK|215|2|28|4|2|5|6|4|1|0|1|0
[Opponent] Jewelry Bonney ["OP07-019">OP07-019]: Rest Bartholomew Kuma ["OP16-093">OP16-093]
Imu ["OP13-079">OP13-079][6000] vs Jewelry Bonney ["OP07-019">OP07-019][5000]
Jewelry Bonney ["OP07-019">OP07-019] hit for 1 damage
RZ1|216|2|OP05-037|3|4|1|4|1|1|0|0|0
RZ1|CHK|216|2|28|5|2|4|6|4|1|0|1|0
[] Hand: [OP13-082,OP14-096,OP13-098,OP13-096,OP13-082,OP13-086]
[] Board: [OP16-093,OP16-093]
[] Trash: [OP14-096,OP13-098,OP13-080,OP13-080,OP13-091,OP13-089,OP13-086,OP13-084,OP13-084,OP13-096,OP13-096,OP16-093]
[] Life: 3
[] Hand: [OP05-030,OP01-058,OP06-035,OP07-026,OP05-037]
[] Trash: [EB01-015]
[] Board: [OP05-030,OP07-021]
[] Life: 4
[You] End Turn
[] Hand: [OP05-030,OP01-058,OP06-035,OP07-026,OP05-037]
[] Board: [OP05-030,OP07-021]
[] Trash: [EB01-015]
[] Life: 4
[] Hand: [OP13-082,OP14-096,OP13-098,OP13-096,OP13-082,OP13-086]
[] Trash: [OP14-096,OP13-098,OP13-080,OP13-080,OP13-091,OP13-089,OP13-086,OP13-084,OP13-084,OP13-096,OP13-096,OP16-093]
[] Board: [OP16-093,OP16-093]
[] Life: 3
[Opponent] Draw 1 Card
[] Drew card from deck: Donquixote Rosinante ["OP04-119">OP04-119]
RZ1|217|2|OP04-119|0|27|1|5|1|1|0|0|0
RZ1|CHK|217|2|27|6|2|4|6|4|1|0|1|0
RZ1|218|2|Don|4|5|5|4|1|1|0|0|0
RZ1|CHK|218|2|27|6|2|4|5|5|1|0|1|0
RZ1|219|2|Don|4|4|5|5|1|1|0|0|0
RZ1|CHK|219|2|27|6|2|4|4|6|1|0|1|0
[Opponent] Draw 2 Don
RZ1|220|2|Don|5|0|5|0|1|1|1|0|0
RZ1|CHK|220|2|27|6|2|4|4|6|1|0|1|0
RZ1|221|2|Don|5|1|5|1|1|1|1|0|0
RZ1|CHK|221|2|27|6|2|4|4|6|1|0|1|0
RZ1|222|2|Don|5|2|5|2|1|1|1|0|0
RZ1|CHK|222|2|27|6|2|4|4|6|1|0|1|0
RZ1|223|2|Don|5|3|5|3|1|1|1|0|0
RZ1|CHK|223|2|27|6|2|4|4|6|1|0|1|0
RZ1|224|2|Don|5|4|5|4|1|1|1|0|0
RZ1|CHK|224|2|27|6|2|4|4|6|1|0|1|0
[Opponent] Deploy Jewelry Bonney ["OP07-026">OP07-026]
RZ1|225|2|OP07-026|1|3|2|2|1|1|0|0|0
RZ1|CHK|225|2|27|5|3|4|4|6|1|0|1|0
[Opponent] Jewelry Bonney ["OP07-026">OP07-026]: Bartholomew Kuma ["OP16-093">OP16-093] will not Activate during next Refresh
[Opponent] Attach 1 Don to Jewelry Bonney ["OP07-019">OP07-019] (1 Total)
RZ1|226|2|Don|5|5|9|9900|1|1|0|0|0
RZ1|CHK|226|2|27|5|3|4|4|5|1|0|1|1
[Opponent] Jewelry Bonney ["OP07-019">OP07-019] attacking Imu ["OP13-079">OP13-079]
[You] Ground Death ["OP14-096">OP14-096]: Activate Counter
[You] Ground Death ["OP14-096">OP14-096]: Rest 1 Don
RZ1|227|1|Don|5|3|5|3|1|1|1|0|0
RZ1|CHK|227|1|26|6|2|3|5|4|12|1|1|1
RZ1|228|1|OP14-096|1|1|6|12|1|1|0|0|0
RZ1|CHK|228|1|26|5|2|3|5|4|13|1|1|1
[You] Ground Death ["OP14-096">OP14-096]: Buff Imu ["OP13-079">OP13-079] 4000 for the Combat
Jewelry Bonney ["OP07-019">OP07-019][6000] vs Imu ["OP13-079">OP13-079][9000]
Attack Fails
[Opponent] Uroge ["OP07-021">OP07-021]: Activate 1 Don
RZ1|229|2|Don|5|4|5|4|1|1|0|0|0
RZ1|CHK|229|2|27|5|3|4|4|5|1|0|1|1
[] Hand: [OP05-030,OP01-058,OP06-035,OP05-037,OP04-119]
[] Board: [OP05-030,OP07-021,OP07-026]
[] Trash: [EB01-015]
[] Life: 4
[] Hand: [OP13-082,OP13-098,OP13-096,OP13-082,OP13-086]
[] Trash: [OP14-096,OP13-098,OP13-080,OP13-080,OP13-091,OP13-089,OP13-086,OP13-084,OP13-084,OP13-096,OP13-096,OP16-093,OP14-096]
[] Board: [OP16-093,OP16-093]
[] Life: 3
[Opponent] End Turn
[] Hand: [OP13-082,OP13-098,OP13-096,OP13-082,OP13-086]
[] Board: [OP16-093,OP16-093]
[] Trash: [OP14-096,OP13-098,OP13-080,OP13-080,OP13-091,OP13-089,OP13-086,OP13-084,OP13-084,OP13-096,OP13-096,OP16-093,OP14-096]
[] Life: 3
[] Hand: [OP05-030,OP01-058,OP06-035,OP05-037,OP04-119]
[] Trash: [EB01-015]
[] Board: [OP05-030,OP07-021,OP07-026]
[] Life: 4
RZ1|230|1|Don|9|9900|5|0|1|1|1|0|0
RZ1|CHK|230|1|26|5|2|3|5|5|13|1|1|0
[You] Draw 1 Card
[] Drew card from deck: St. Mjosgard ["OP13-092">OP13-092]
RZ1|231|1|OP13-092|0|25|1|5|1|1|0|0|0
RZ1|CHK|231|1|25|6|2|3|5|5|13|1|1|0
RZ1|232|1|Don|4|4|5|5|1|1|0|0|0
RZ1|CHK|232|1|25|6|2|3|4|6|13|1|1|0
RZ1|233|1|Don|4|3|5|6|1|1|0|0|0
RZ1|CHK|233|1|25|6|2|3|3|7|13|1|1|0
[You] Draw 2 Don
RZ1|234|1|Don|5|0|5|0|1|1|1|0|0
RZ1|CHK|234|1|25|6|2|3|3|7|13|1|1|0
[You] Deploy St. Shalria ["OP13-086">OP13-086]
RZ1|235|1|OP13-086|1|4|2|2|1|1|0|0|0
RZ1|CHK|235|1|25|5|3|3|3|7|13|1|1|0
RZ1|236|1|OP13-089|0|24|1|5|1|1|0|0|0
RZ1|CHK|236|1|24|6|3|3|3|7|13|1|1|0
[You] St. Shalria ["OP13-086">OP13-086]: <b>Reveal and Draw St. Topman Warcury ["OP13-089">OP13-089]</b>
[You] St. Shalria ["OP13-086">OP13-086]: Trash 2 Remaining Cards
RZ1|237|1|OP13-096|0|23|6|13|1|1|0|0|0
RZ1|CHK|237|1|23|6|3|3|3|7|14|1|1|0
RZ1|238|1|OP13-086|0|22|6|14|1|1|0|0|0
RZ1|CHK|238|1|22|6|3|3|3|7|15|1|1|0
RZ1|239|1|OP13-089|1|5|6|15|1|1|0|0|0
RZ1|CHK|239|1|22|5|3|3|3|7|16|1|1|0
[You] St. Shalria ["OP13-086">OP13-086]: Trash St. Topman Warcury ["OP13-089">OP13-089]
RZ1|240|1|OP13-086|2|2|6|16|1|1|0|0|0
RZ1|CHK|240|1|22|5|2|3|3|7|17|1|1|0
[You] Imu ["OP13-079">OP13-079]: Trash St. Shalria ["OP13-086">OP13-086]
[] Drew card from deck: Five Elders ["OP13-082">OP13-082]
RZ1|241|1|OP13-082|0|21|1|5|1|1|0|0|0
RZ1|CHK|241|1|21|6|2|3|3|7|17|1|1|0
[You] Imu ["OP13-079">OP13-079]: Draw 1 Card
[You] The Five Elders... Are At Your Service ["OP13-096">OP13-096]: Rest 1 Don
RZ1|242|1|Don|5|1|5|1|1|1|1|0|0
RZ1|CHK|242|1|21|6|2|3|3|7|17|1|1|0
RZ1|243|1|OP13-096|1|2|6|17|1|1|0|0|0
RZ1|CHK|243|1|21|5|2|3|3|7|18|1|1|0
RZ1|244|1|OP13-083|0|20|1|5|1|1|0|0|0
RZ1|CHK|244|1|20|6|2|3|3|7|18|1|1|0
[You] The Five Elders... Are At Your Service ["OP13-096">OP13-096]: <b>Reveal and Draw St. Jaygarcia Saturn ["OP13-083">OP13-083]</b>
[You] The Five Elders... Are At Your Service ["OP13-096">OP13-096]: Trash 2 Remaining Cards
RZ1|245|1|OP13-092|0|19|6|18|1|1|0|0|0
RZ1|CHK|245|1|19|6|2|3|3|7|19|1|1|0
RZ1|246|1|OP05-097|0|18|6|19|1|1|0|0|0
RZ1|CHK|246|1|18|6|2|3|3|7|20|1|1|0
[You] The Empty Throne ["OP13-099">OP13-099]: Rest 3 Don
RZ1|247|1|Don|5|2|5|2|1|1|1|0|0
RZ1|CHK|247|1|18|6|2|3|3|7|20|1|1|0
RZ1|248|1|Don|5|3|5|3|1|1|1|0|0
RZ1|CHK|248|1|18|6|2|3|3|7|20|1|1|0
RZ1|249|1|Don|5|4|5|4|1|1|1|0|0
RZ1|CHK|249|1|18|6|2|3|3|7|20|1|1|0
[You] The Empty Throne ["OP13-099">OP13-099]: Rest The Empty Throne ["OP13-099">OP13-099]
RZ1|250|1|OP13-083|1|5|2|2|1|1|0|0|0
RZ1|CHK|250|1|18|5|3|3|3|7|20|1|1|0
[You] The Empty Throne ["OP13-099">OP13-099]: Deploy St. Jaygarcia Saturn ["OP13-083">OP13-083]
RZ1|251|1|OP13-091|0|17|1|5|1|1|0|0|0
RZ1|CHK|251|1|17|6|3|3|3|7|20|1|1|0
[You] St. Jaygarcia Saturn ["OP13-083">OP13-083]: <b>Reveal and Draw St. Marcus Mars ["OP13-091">OP13-091]</b>
[You] Placing Cards on Bottom of Deck
RZ1|252|1|OP13-086|0|16|0|0|0|0|0|0|0
RZ1|CHK|252|1|17|6|3|3|3|7|20|1|1|0
RZ1|253|1|OP13-083|0|16|0|0|0|0|0|0|0
RZ1|CHK|253|1|17|6|3|3|3|7|20|1|1|0
RZ1|254|1|OP13-082|0|16|0|0|0|0|0|0|0
RZ1|CHK|254|1|17|6|3|3|3|7|20|1|1|0
RZ1|255|1|OP13-084|0|16|0|0|0|0|0|0|0
RZ1|CHK|255|1|17|6|3|3|3|7|20|1|1|0
[You] Imu ["OP13-079">OP13-079] attacking Jewelry Bonney ["OP07-019">OP07-019]
[Opponent] Jewelry Bonney ["OP07-019">OP07-019]: Rest 1 Don
RZ1|256|2|Don|5|4|5|4|1|1|1|0|0
RZ1|CHK|256|2|27|5|3|4|4|5|1|0|1|1
[Opponent] Jewelry Bonney ["OP07-019">OP07-019]: Rest St. Jaygarcia Saturn ["OP13-083">OP13-083]
[Opponent] Donquixote Rosinante ["OP05-030">OP05-030] Blocks
Imu ["OP13-079">OP13-079][6000] vs Donquixote Rosinante ["OP05-030">OP05-030][1000]
RZ1|257|2|OP05-030|2|0|6|1|1|1|0|0|0
RZ1|CHK|257|2|27|5|2|4|4|5|2|0|1|1
[] Hand: [OP13-082,OP13-098,OP13-082,OP13-092,OP13-082,OP13-091]
[] Board: [OP16-093,OP16-093,OP13-083]
[] Trash: [OP14-096,OP13-098,OP13-080,OP13-080,OP13-091,OP13-089,OP13-086,OP13-084,OP13-084,OP13-096,OP13-096,OP16-093,OP14-096,OP13-096,OP13-086,OP13-089,OP13-086,OP13-096,OP13-092,OP05-097]
[] Life: 3
[] Hand: [OP05-030,OP01-058,OP06-035,OP05-037,OP04-119]
[] Trash: [EB01-015,OP05-030]
[] Board: [OP07-021,OP07-026]
[] Life: 4
[You] End Turn
[] Hand: [OP05-030,OP01-058,OP06-035,OP05-037,OP04-119]
[] Board: [OP07-021,OP07-026]
[] Trash: [EB01-015,OP05-030]
[] Life: 4
[] Hand: [OP13-082,OP13-098,OP13-082,OP13-092,OP13-082,OP13-091]
[] Trash: [OP14-096,OP13-098,OP13-080,OP13-080,OP13-091,OP13-089,OP13-086,OP13-084,OP13-084,OP13-096,OP13-096,OP16-093,OP14-096,OP13-096,OP13-086,OP13-089,OP13-086,OP13-096,OP13-092,OP05-097]
[] Board: [OP16-093,OP16-093,OP13-083]
[] Life: 3
RZ1|258|2|Don|9|9900|5|0|1|1|1|0|0
RZ1|CHK|258|2|27|5|2|4|4|6|2|0|1|0
[Opponent] Draw 1 Card
[] Drew card from deck: Donquixote Rosinante ["OP05-030">OP05-030]
RZ1|259|2|OP05-030|0|26|1|5|1|1|0|0|0
RZ1|CHK|259|2|26|6|2|4|4|6|2|0|1|0
RZ1|260|2|Don|4|3|5|6|1|1|0|0|0
RZ1|CHK|260|2|26|6|2|4|3|7|2|0|1|0
RZ1|261|2|Don|4|2|5|7|1|1|0|0|0
RZ1|CHK|261|2|26|6|2|4|2|8|2|0|1|0
[Opponent] Draw 2 Don
RZ1|262|2|Don|5|0|5|0|1|1|1|0|0
RZ1|CHK|262|2|26|6|2|4|2|8|2|0|1|0
RZ1|263|2|Don|5|1|5|1|1|1|1|0|0
RZ1|CHK|263|2|26|6|2|4|2|8|2|0|1|0
RZ1|264|2|Don|5|2|5|2|1|1|1|0|0
RZ1|CHK|264|2|26|6|2|4|2|8|2|0|1|0
RZ1|265|2|Don|5|3|5|3|1|1|1|0|0
RZ1|CHK|265|2|26|6|2|4|2|8|2|0|1|0
RZ1|266|2|Don|5|4|5|4|1|1|1|0|0
RZ1|CHK|266|2|26|6|2|4|2|8|2|0|1|0
RZ1|267|2|Don|5|5|5|5|1|1|1|0|0
RZ1|CHK|267|2|26|6|2|4|2|8|2|0|1|0
RZ1|268|2|Don|5|6|5|6|1|1|1|0|0
RZ1|CHK|268|2|26|6|2|4|2|8|2|0|1|0
[Opponent] Deploy Hody Jones ["OP06-035">OP06-035]
RZ1|269|2|OP06-035|1|2|2|2|1|1|0|0|0
RZ1|CHK|269|2|26|5|3|4|2|8|2|0|1|0
[Opponent] Hody Jones ["OP06-035">OP06-035] Rest 1 Opponent Don
RZ1|270|1|Don|5|5|5|5|1|1|1|0|0
RZ1|CHK|270|1|17|6|3|3|3|7|20|1|1|0
[Opponent] Hody Jones ["OP06-035">OP06-035] Rest 1 Opponent Don
RZ1|271|1|Don|5|6|5|6|1|1|1|0|0
RZ1|CHK|271|1|17|6|3|3|3|7|20|1|1|0
[Opponent] Hody Jones ["OP06-035">OP06-035]: Takes Top Life
RZ1|272|2|OP05-034|3|3|1|5|1|1|0|0|0
RZ1|CHK|272|2|26|6|3|3|2|8|2|0|1|0
[Opponent] Jewelry Bonney ["OP07-026">OP07-026] attacking Imu ["OP13-079">OP13-079]
[You] Discard St. Mjosgard ["OP13-092">OP13-092] for Counter 2000
RZ1|273|1|OP13-092|1|3|6|20|1|1|0|0|0
RZ1|CHK|273|1|17|5|3|3|3|7|21|1|1|0
Jewelry Bonney ["OP07-026">OP07-026][6000] vs Imu ["OP13-079">OP13-079][7000]
Attack Fails
[Opponent] Attach 1 Don to Jewelry Bonney ["OP07-019">OP07-019] (1 Total)
RZ1|274|2|Don|5|7|9|9900|1|1|0|0|0
RZ1|CHK|274|2|26|6|3|3|2|7|2|0|1|1
[Opponent] Jewelry Bonney ["OP07-019">OP07-019] attacking Imu ["OP13-079">OP13-079]
Jewelry Bonney ["OP07-019">OP07-019][6000] vs Imu ["OP13-079">OP13-079][5000]
Imu ["OP13-079">OP13-079] hit for 1 damage
RZ1|275|1|OP13-098|3|2|1|5|1|1|0|0|0
RZ1|CHK|275|1|17|6|3|2|3|7|21|1|1|0
[Opponent] Hody Jones ["OP06-035">OP06-035] attacking Imu ["OP13-079">OP13-079]
Hody Jones ["OP06-035">OP06-035][8000] vs Imu ["OP13-079">OP13-079][5000]
Imu ["OP13-079">OP13-079] hit for 1 damage
RZ1|276|1|OP13-083|3|1|1|6|1|1|0|0|0
RZ1|CHK|276|1|17|7|3|1|3|7|21|1|1|0
[Opponent] Uroge ["OP07-021">OP07-021]: Activate 1 Don
RZ1|277|2|Don|5|6|5|6|1|1|0|0|0
RZ1|CHK|277|2|26|6|3|3|2|7|2|0|1|1
[] Hand: [OP05-030,OP01-058,OP05-037,OP04-119,OP05-030,OP05-034]
[] Board: [OP07-021,OP07-026,OP06-035]
[] Trash: [EB01-015,OP05-030]
[] Life: 3
[] Hand: [OP13-082,OP13-098,OP13-082,OP13-082,OP13-091,OP13-098,OP13-083]
[] Trash: [OP14-096,OP13-098,OP13-080,OP13-080,OP13-091,OP13-089,OP13-086,OP13-084,OP13-084,OP13-096,OP13-096,OP16-093,OP14-096,OP13-096,OP13-086,OP13-089,OP13-086,OP13-096,OP13-092,OP05-097,OP13-092]
[] Board: [OP16-093,OP16-093,OP13-083]
[] Life: 1
[Opponent] End Turn
[] Hand: [OP13-082,OP13-098,OP13-082,OP13-082,OP13-091,OP13-098,OP13-083]
[] Board: [OP16-093,OP16-093,OP13-083]
[] Trash: [OP14-096,OP13-098,OP13-080,OP13-080,OP13-091,OP13-089,OP13-086,OP13-084,OP13-084,OP13-096,OP13-096,OP16-093,OP14-096,OP13-096,OP13-086,OP13-089,OP13-086,OP13-096,OP13-092,OP05-097,OP13-092]
[] Life: 1
[] Hand: [OP05-030,OP01-058,OP05-037,OP04-119,OP05-030,OP05-034]
[] Trash: [EB01-015,OP05-030]
[] Board: [OP07-021,OP07-026,OP06-035]
[] Life: 3
[You] Draw 1 Card
[] Drew card from deck: St. Topman Warcury ["OP13-089">OP13-089]
RZ1|278|1|OP13-089|0|16|1|7|1|1|0|0|0
RZ1|CHK|278|1|16|8|3|1|3|7|21|1|1|0
RZ1|279|1|Don|4|2|5|7|1|1|0|0|0
RZ1|CHK|279|1|16|8|3|1|2|8|21|1|1|0
RZ1|280|1|Don|4|1|5|8|1|1|0|0|0
RZ1|CHK|280|1|16|8|3|1|1|9|21|1|1|0
[You] Draw 2 Don
RZ1|281|1|Don|5|0|9|200|1|1|0|0|0
RZ1|CHK|281|1|16|8|3|1|1|8|21|1|1|1
RZ1|282|1|Don|5|0|9|201|1|1|0|0|0
RZ1|CHK|282|1|16|8|3|1|1|7|21|1|1|2
RZ1|283|1|Don|5|0|9|202|1|1|0|0|0
RZ1|CHK|283|1|16|8|3|1|1|6|21|1|1|3
[You] Attach 3 Don to St. Jaygarcia Saturn ["OP13-083">OP13-083] (3 Total)
[You] St. Jaygarcia Saturn ["OP13-083">OP13-083] attacking Hody Jones ["OP06-035">OP06-035]
[Opponent] Jewelry Bonney ["OP07-019">OP07-019]: Rest 1 Don
RZ1|284|2|Don|5|6|5|6|1|1|1|0|0
RZ1|CHK|284|2|26|6|3|3|2|7|2|0|1|1
[Opponent] Jewelry Bonney ["OP07-019">OP07-019]: Rest Imu ["OP13-079">OP13-079]
[Opponent] Discard Donquixote Rosinante ["OP05-030">OP05-030] for Counter 1000
RZ1|285|2|OP05-030|1|4|6|2|1|1|0|0|0
RZ1|CHK|285|2|26|5|3|3|2|7|3|0|1|1
St. Jaygarcia Saturn ["OP13-083">OP13-083][8000] vs Hody Jones ["OP06-035">OP06-035][9000]
Attack Fails
RZ1|286|1|Don|5|0|9|0|1|1|0|0|0
RZ1|CHK|286|1|16|8|3|1|1|5|21|1|1|4
RZ1|287|1|Don|5|0|9|1|1|1|0|0|0
RZ1|CHK|287|1|16|8|3|1|1|4|21|1|1|5
RZ1|288|1|Don|5|0|9|2|1|1|0|0|0
RZ1|CHK|288|1|16|8|3|1|1|3|21|1|1|6
RZ1|289|1|Don|5|0|9|3|1|1|0|0|0
RZ1|CHK|289|1|16|8|3|1|1|2|21|1|1|7
[You] Attach 4 Don to Bartholomew Kuma ["OP16-093">OP16-093] (4 Total)
[You] Bartholomew Kuma ["OP16-093">OP16-093] attacking Hody Jones ["OP06-035">OP06-035]
[Opponent] Discard Donquixote Rosinante ["OP05-030">OP05-030] for Counter 1000
RZ1|290|2|OP05-030|1|0|6|3|1|1|0|0|0
RZ1|CHK|290|2|26|4|3|3|2|7|4|0|1|1
Bartholomew Kuma ["OP16-093">OP16-093][8000] vs Hody Jones ["OP06-035">OP06-035][9000]
Attack Fails
RZ1|291|1|Don|5|0|9|100|1|1|0|0|0
RZ1|CHK|291|1|16|8|3|1|1|1|21|1|1|8
RZ1|292|1|Don|5|0|9|101|1|1|0|0|0
RZ1|CHK|292|1|16|8|3|1|1|0|21|1|1|9
[You] Attach 2 Don to Bartholomew Kuma ["OP16-093">OP16-093] (2 Total)
[You] Bartholomew Kuma ["OP16-093">OP16-093] attacking Jewelry Bonney ["OP07-026">OP07-026]
[Opponent] Discard Baby 5 ["OP05-034">OP05-034] for Counter 1000
RZ1|293|2|OP05-034|1|3|6|4|1|1|0|0|0
RZ1|CHK|293|2|26|3|3|3|2|7|5|0|1|1
Bartholomew Kuma ["OP16-093">OP16-093][6000] vs Jewelry Bonney ["OP07-026">OP07-026][7000]
Attack Fails
RZ1|294|1|OP13-083|1|6|6|21|1|1|0|0|0
RZ1|CHK|294|1|16|7|3|1|1|0|22|1|1|9
[You] Imu ["OP13-079">OP13-079]: Trash St. Jaygarcia Saturn ["OP13-083">OP13-083]
[] Drew card from deck: St. Ethanbaron V. Nusjuro ["OP13-080">OP13-080]
RZ1|295|1|OP13-080|0|15|1|7|1|1|0|0|0
RZ1|CHK|295|1|15|8|3|1|1|0|22|1|1|9
[You] Imu ["OP13-079">OP13-079]: Draw 1 Card
[] Hand: [OP13-082,OP13-098,OP13-082,OP13-082,OP13-091,OP13-098,OP13-089,OP13-080]
[] Board: [OP16-093,OP16-093,OP13-083]
[] Trash: [OP14-096,OP13-098,OP13-080,OP13-080,OP13-091,OP13-089,OP13-086,OP13-084,OP13-084,OP13-096,OP13-096,OP16-093,OP14-096,OP13-096,OP13-086,OP13-089,OP13-086,OP13-096,OP13-092,OP05-097,OP13-092,OP13-083]
[] Life: 1
[] Hand: [OP01-058,OP05-037,OP04-119]
[] Trash: [EB01-015,OP05-030,OP05-030,OP05-030,OP05-034]
[] Board: [OP07-021,OP07-026,OP06-035]
[] Life: 3
[You] End Turn
[] Hand: [OP01-058,OP05-037,OP04-119]
[] Board: [OP07-021,OP07-026,OP06-035]
[] Trash: [EB01-015,OP05-030,OP05-030,OP05-030,OP05-034]
[] Life: 3
[] Hand: [OP13-082,OP13-098,OP13-082,OP13-082,OP13-091,OP13-098,OP13-089,OP13-080]
[] Trash: [OP14-096,OP13-098,OP13-080,OP13-080,OP13-091,OP13-089,OP13-086,OP13-084,OP13-084,OP13-096,OP13-096,OP16-093,OP14-096,OP13-096,OP13-086,OP13-089,OP13-086,OP13-096,OP13-092,OP05-097,OP13-092,OP13-083]
[] Board: [OP16-093,OP16-093,OP13-083]
[] Life: 1
RZ1|296|2|Don|9|9900|5|0|1|1|1|0|0
RZ1|CHK|296|2|26|3|3|3|2|8|5|0|1|0
[Opponent] Draw 1 Card
[] Drew card from deck: Baby 5 ["OP05-034">OP05-034]
RZ1|297|2|OP05-034|0|25|1|3|1|1|0|0|0
RZ1|CHK|297|2|25|4|3|3|2|8|5|0|1|0
RZ1|298|2|Don|4|1|5|8|1|1|0|0|0
RZ1|CHK|298|2|25|4|3|3|1|9|5|0|1|0
RZ1|299|2|Don|4|0|5|9|1|1|0|0|0
RZ1|CHK|299|2|25|4|3|3|0|10|5|0|1|0
[Opponent] Draw 2 Don
[Opponent] Attach 1 Don to Jewelry Bonney ["OP07-019">OP07-019] (1 Total)
RZ1|300|2|Don|5|9|9|9900|1|1|0|0|0
RZ1|CHK|300|2|25|4|3|3|0|9|5|0|1|1
[Opponent] Attach 1 Don to Jewelry Bonney ["OP07-019">OP07-019] (2 Total)
RZ1|301|2|Don|5|8|9|9901|1|1|0|0|0
RZ1|CHK|301|2|25|4|3|3|0|8|5|0|1|2
[Opponent] Attach 1 Don to Jewelry Bonney ["OP07-019">OP07-019] (3 Total)
RZ1|302|2|Don|5|7|9|9902|1|1|0|0|0
RZ1|CHK|302|2|25|4|3|3|0|7|5|0|1|3
[Opponent] Jewelry Bonney ["OP07-019">OP07-019] attacking Imu ["OP13-079">OP13-079]
Jewelry Bonney ["OP07-019">OP07-019][8000] vs Imu ["OP13-079">OP13-079][5000]
Imu ["OP13-079">OP13-079] hit for 1 damage
RZ1|303|1|OP13-080|3|0|1|8|1|1|0|0|0
RZ1|CHK|303|1|15|9|3|0|1|0|22|1|1|9
[Opponent] Jewelry Bonney ["OP07-026">OP07-026] attacking Imu ["OP13-079">OP13-079]
[You] Discard St. Ethanbaron V. Nusjuro ["OP13-080">OP13-080] for Counter 1000
RZ1|304|1|OP13-080|1|7|6|22|1|1|0|0|0
RZ1|CHK|304|1|15|8|3|0|1|0|23|1|1|9
[You] Discard St. Ethanbaron V. Nusjuro ["OP13-080">OP13-080] for Counter 1000
RZ1|305|1|OP13-080|1|7|6|23|1|1|0|0|0
RZ1|CHK|305|1|15|7|3|0|1|0|24|1|1|9
Jewelry Bonney ["OP07-026">OP07-026][6000] vs Imu ["OP13-079">OP13-079][7000]
Attack Fails
[Opponent] Hody Jones ["OP06-035">OP06-035] attacking Imu ["OP13-079">OP13-079]
Hody Jones ["OP06-035">OP06-035][8000] vs Imu ["OP13-079">OP13-079][5000]
Imu ["OP13-079">OP13-079] hit for 1 damage
[You] <b>Downloaded the Combat Log!</b>
GameOver
