Version is 1.41b.18
[You] Leader is Imu ["OP13-079">OP13-079]
RZ1|HDR|1.41b|2|RZ1
RZ1|PLY|1||OP13-079
RZ1|PLY|2||
[Opponent] Leader is Kaido ["ST04-001">ST04-001]
RZ1|1|2|OP11-072|0|13|0|0|0|0|0|0|0
RZ1|CHK|1|2|50|0|0|0|10|0|0|0|1|0
RZ1|2|2|ST04-017|0|46|0|1|0|0|0|0|0
RZ1|CHK|2|2|50|0|0|0|10|0|0|0|1|0
RZ1|3|2|ST04-005|0|27|0|2|0|0|0|0|0
RZ1|CHK|3|2|50|0|0|0|10|0|0|0|1|0
RZ1|4|2|OP11-072|0|15|0|3|0|0|0|0|0
RZ1|CHK|4|2|50|0|0|0|10|0|0|0|1|0
RZ1|5|2|OP01-114|0|23|0|4|0|0|0|0|0
RZ1|CHK|5|2|50|0|0|0|10|0|0|0|1|0
RZ1|6|2|OP11-070|0|6|0|5|0|0|0|0|0
RZ1|CHK|6|2|50|0|0|0|10|0|0|0|1|0
RZ1|7|2|OP07-077|0|34|0|6|0|0|0|0|0
RZ1|CHK|7|2|50|0|0|0|10|0|0|0|1|0
RZ1|8|2|OP08-074|0|14|0|7|0|0|0|0|0
RZ1|CHK|8|2|50|0|0|0|10|0|0|0|1|0
RZ1|9|2|OP08-076|0|42|0|8|0|0|0|0|0
RZ1|CHK|9|2|50|0|0|0|10|0|0|0|1|0
RZ1|10|2|OP08-066|0|19|0|9|0|0|0|0|0
RZ1|CHK|10|2|50|0|0|0|10|0|0|0|1|0
RZ1|11|2|ST04-005|0|30|0|10|0|0|0|0|0
RZ1|CHK|11|2|50|0|0|0|10|0|0|0|1|0
RZ1|12|2|OP08-074|0|18|0|11|0|0|0|0|0
RZ1|CHK|12|2|50|0|0|0|10|0|0|0|1|0
RZ1|13|2|OP08-074|0|20|0|12|0|0|0|0|0
RZ1|CHK|13|2|50|0|0|0|10|0|0|0|1|0
RZ1|14|2|EB02-035|0|21|0|13|0|0|0|0|0
RZ1|CHK|14|2|50|0|0|0|10|0|0|0|1|0
RZ1|15|2|OP11-070|0|15|0|14|0|0|0|0|0
RZ1|CHK|15|2|50|0|0|0|10|0|0|0|1|0
RZ1|16|2|OP02-085|0|28|0|15|0|0|0|0|0
RZ1|CHK|16|2|50|0|0|0|10|0|0|0|1|0
RZ1|17|2|OP07-066|0|20|0|16|0|0|0|0|0
RZ1|CHK|17|2|50|0|0|0|10|0|0|0|1|0
RZ1|18|2|OP01-114|0|26|0|17|0|0|0|0|0
RZ1|CHK|18|2|50|0|0|0|10|0|0|0|1|0
RZ1|19|2|EB01-039|0|46|0|18|0|0|0|0|0
RZ1|CHK|19|2|50|0|0|0|10|0|0|0|1|0
RZ1|20|2|ST04-016|0|39|0|19|0|0|0|0|0
RZ1|CHK|20|2|50|0|0|0|10|0|0|0|1|0
RZ1|21|2|ST04-017|0|47|0|20|0|0|0|0|0
RZ1|CHK|21|2|50|0|0|0|10|0|0|0|1|0
RZ1|22|2|ST04-003|0|38|0|21|0|0|0|0|0
RZ1|CHK|22|2|50|0|0|0|10|0|0|0|1|0
RZ1|23|2|OP11-070|0|23|0|22|0|0|0|0|0
RZ1|CHK|23|2|50|0|0|0|10|0|0|0|1|0
RZ1|24|2|OP08-069|0|36|0|23|0|0|0|0|0
RZ1|CHK|24|2|50|0|0|0|10|0|0|0|1|0
RZ1|25|2|EB02-035|0|29|0|24|0|0|0|0|0
RZ1|CHK|25|2|50|0|0|0|10|0|0|0|1|0
RZ1|26|2|ST04-017|0|49|0|25|0|0|0|0|0
RZ1|CHK|26|2|50|0|0|0|10|0|0|0|1|0
RZ1|27|2|OP02-085|0|34|0|26|0|0|0|0|0
RZ1|CHK|27|2|50|0|0|0|10|0|0|0|1|0
RZ1|28|2|ST04-014|0|48|0|27|0|0|0|0|0
RZ1|CHK|28|2|50|0|0|0|10|0|0|0|1|0
RZ1|29|2|ST04-017|0|49|0|28|0|0|0|0|0
RZ1|CHK|29|2|50|0|0|0|10|0|0|0|1|0
RZ1|30|2|OP01-114|0|36|0|29|0|0|0|0|0
RZ1|CHK|30|2|50|0|0|0|10|0|0|0|1|0
RZ1|31|2|ST04-016|0|45|0|30|0|0|0|0|0
RZ1|CHK|31|2|50|0|0|0|10|0|0|0|1|0
RZ1|32|2|OP01-119|0|46|0|31|0|0|0|0|0
RZ1|CHK|32|2|50|0|0|0|10|0|0|0|1|0
RZ1|33|2|OP08-076|0|48|0|33|0|0|0|0|0
RZ1|CHK|33|2|50|0|0|0|10|0|0|0|1|0
RZ1|34|2|EB02-035|0|38|0|34|0|0|0|0|0
RZ1|CHK|34|2|50|0|0|0|10|0|0|0|1|0
RZ1|35|2|OP07-066|0|36|0|35|0|0|0|0|0
RZ1|CHK|35|2|50|0|0|0|10|0|0|0|1|0
RZ1|36|2|OP08-069|0|42|0|36|0|0|0|0|0
RZ1|CHK|36|2|50|0|0|0|10|0|0|0|1|0
RZ1|37|2|ST04-016|0|46|0|37|0|0|0|0|0
RZ1|CHK|37|2|50|0|0|0|10|0|0|0|1|0
RZ1|38|2|OP01-119|0|48|0|38|0|0|0|0|0
RZ1|CHK|38|2|50|0|0|0|10|0|0|0|1|0
RZ1|39|2|ST04-014|0|49|0|39|0|0|0|0|0
RZ1|CHK|39|2|50|0|0|0|10|0|0|0|1|0
RZ1|40|2|ST04-005|0|44|0|40|0|0|0|0|0
RZ1|CHK|40|2|50|0|0|0|10|0|0|0|1|0
RZ1|41|2|OP01-114|0|44|0|41|0|0|0|0|0
RZ1|CHK|41|2|50|0|0|0|10|0|0|0|1|0
RZ1|42|2|OP07-066|0|43|0|42|0|0|0|0|0
RZ1|CHK|42|2|50|0|0|0|10|0|0|0|1|0
RZ1|43|2|OP08-074|0|44|0|43|0|0|0|0|0
RZ1|CHK|43|2|50|0|0|0|10|0|0|0|1|0
RZ1|44|2|ST04-003|0|47|0|44|0|0|0|0|0
RZ1|CHK|44|2|50|0|0|0|10|0|0|0|1|0
RZ1|45|2|ST04-005|0|46|0|45|0|0|0|0|0
RZ1|CHK|45|2|50|0|0|0|10|0|0|0|1|0
RZ1|46|2|ST04-003|0|47|0|46|0|0|0|0|0
RZ1|CHK|46|2|50|0|0|0|10|0|0|0|1|0
RZ1|47|2|ST04-016|0|49|0|48|0|0|0|0|0
RZ1|CHK|47|2|50|0|0|0|10|0|0|0|1|0
RZ1|48|1|OP13-099|0|19|7|0|1|1|0|0|0
RZ1|CHK|48|1|49|0|0|0|10|0|0|1|1|0
[You] Imu ["OP13-079">OP13-079]: Deploy The Empty Throne ["OP13-099">OP13-099]
RZ1|49|1|OP13-098|0|41|0|0|0|0|0|0|0
RZ1|CHK|49|1|49|0|0|0|10|0|0|1|1|0
RZ1|50|1|OP13-092|0|21|0|1|0|0|0|0|0
RZ1|CHK|50|1|49|0|0|0|10|0|0|1|1|0
RZ1|51|1|OP13-086|0|9|0|2|0|0|0|0|0
RZ1|CHK|51|1|49|0|0|0|10|0|0|1|1|0
RZ1|52|1|OP13-089|0|6|0|3|0|0|0|0|0
RZ1|CHK|52|1|49|0|0|0|10|0|0|1|1|0
RZ1|53|1|OP13-082|0|27|0|4|0|0|0|0|0
RZ1|CHK|53|1|49|0|0|0|10|0|0|1|1|0
RZ1|54|1|OP13-096|0|48|0|5|0|0|0|0|0
RZ1|CHK|54|1|49|0|0|0|10|0|0|1|1|0
RZ1|55|1|OP13-086|0|19|0|6|0|0|0|0|0
RZ1|CHK|55|1|49|0|0|0|10|0|0|1|1|0
RZ1|56|1|OP13-082|0|32|0|7|0|0|0|0|0
RZ1|CHK|56|1|49|0|0|0|10|0|0|1|1|0
RZ1|57|1|OP16-093|0|22|0|8|0|0|0|0|0
RZ1|CHK|57|1|49|0|0|0|10|0|0|1|1|0
RZ1|58|1|OP13-083|0|26|0|9|0|0|0|0|0
RZ1|CHK|58|1|49|0|0|0|10|0|0|1|1|0
RZ1|59|1|OP13-089|0|21|0|10|0|0|0|0|0
RZ1|CHK|59|1|49|0|0|0|10|0|0|1|1|0
RZ1|60|1|OP13-096|0|34|0|11|0|0|0|0|0
RZ1|CHK|60|1|49|0|0|0|10|0|0|1|1|0
RZ1|61|1|OP13-082|0|44|0|12|0|0|0|0|0
RZ1|CHK|61|1|49|0|0|0|10|0|0|1|1|0
RZ1|62|1|OP13-096|0|34|0|13|0|0|0|0|0
RZ1|CHK|62|1|49|0|0|0|10|0|0|1|1|0
RZ1|63|1|OP13-089|0|39|0|14|0|0|0|0|0
RZ1|CHK|63|1|49|0|0|0|10|0|0|1|1|0
RZ1|64|1|OP13-091|0|39|0|15|0|0|0|0|0
RZ1|CHK|64|1|49|0|0|0|10|0|0|1|1|0
RZ1|65|1|OP05-097|0|36|0|16|0|0|0|0|0
RZ1|CHK|65|1|49|0|0|0|10|0|0|1|1|0
RZ1|66|1|OP14-096|0|19|0|17|0|0|0|0|0
RZ1|CHK|66|1|49|0|0|0|10|0|0|1|1|0
RZ1|67|1|OP13-092|0|42|0|18|0|0|0|0|0
RZ1|CHK|67|1|49|0|0|0|10|0|0|1|1|0
RZ1|68|1|OP13-086|0|34|0|19|0|0|0|0|0
RZ1|CHK|68|1|49|0|0|0|10|0|0|1|1|0
RZ1|69|1|OP13-080|0|48|0|20|0|0|0|0|0
RZ1|CHK|69|1|49|0|0|0|10|0|0|1|1|0
RZ1|70|1|OP13-083|0|35|0|21|0|0|0|0|0
RZ1|CHK|70|1|49|0|0|0|10|0|0|1|1|0
RZ1|71|1|OP13-080|0|38|0|22|0|0|0|0|0
RZ1|CHK|71|1|49|0|0|0|10|0|0|1|1|0
RZ1|72|1|OP13-084|0|28|0|23|0|0|0|0|0
RZ1|CHK|72|1|49|0|0|0|10|0|0|1|1|0
RZ1|73|1|OP16-093|0|42|0|24|0|0|0|0|0
RZ1|CHK|73|1|49|0|0|0|10|0|0|1|1|0
RZ1|74|1|OP13-098|0|31|0|25|0|0|0|0|0
RZ1|CHK|74|1|49|0|0|0|10|0|0|1|1|0
RZ1|75|1|OP13-098|0|28|0|26|0|0|0|0|0
RZ1|CHK|75|1|49|0|0|0|10|0|0|1|1|0
RZ1|76|1|OP14-096|0|35|0|27|0|0|0|0|0
RZ1|CHK|76|1|49|0|0|0|10|0|0|1|1|0
RZ1|77|1|OP13-086|0|40|0|28|0|0|0|0|0
RZ1|CHK|77|1|49|0|0|0|10|0|0|1|1|0
RZ1|78|1|OP14-096|0|37|0|29|0|0|0|0|0
RZ1|CHK|78|1|49|0|0|0|10|0|0|1|1|0
RZ1|79|1|OP13-080|0|37|0|30|0|0|0|0|0
RZ1|CHK|79|1|49|0|0|0|10|0|0|1|1|0
RZ1|80|1|OP13-083|0|47|0|31|0|0|0|0|0
RZ1|CHK|80|1|49|0|0|0|10|0|0|1|1|0
RZ1|81|1|OP13-091|0|45|0|32|0|0|0|0|0
RZ1|CHK|81|1|49|0|0|0|10|0|0|1|1|0
RZ1|82|1|OP14-096|0|45|0|33|0|0|0|0|0
RZ1|CHK|82|1|49|0|0|0|10|0|0|1|1|0
RZ1|83|1|OP13-092|0|43|0|34|0|0|0|0|0
RZ1|CHK|83|1|49|0|0|0|10|0|0|1|1|0
RZ1|84|1|OP13-084|0|48|0|35|0|0|0|0|0
RZ1|CHK|84|1|49|0|0|0|10|0|0|1|1|0
RZ1|85|1|OP13-080|0|47|0|36|0|0|0|0|0
RZ1|CHK|85|1|49|0|0|0|10|0|0|1|1|0
RZ1|86|1|OP13-084|0|39|0|37|0|0|0|0|0
RZ1|CHK|86|1|49|0|0|0|10|0|0|1|1|0
RZ1|87|1|OP13-091|0|46|0|38|0|0|0|0|0
RZ1|CHK|87|1|49|0|0|0|10|0|0|1|1|0
RZ1|88|1|OP13-089|0|40|0|39|0|0|0|0|0
RZ1|CHK|88|1|49|0|0|0|10|0|0|1|1|0
RZ1|89|1|OP13-082|0|44|0|40|0|0|0|0|0
RZ1|CHK|89|1|49|0|0|0|10|0|0|1|1|0
RZ1|90|1|OP13-098|0|44|0|41|0|0|0|0|0
RZ1|CHK|90|1|49|0|0|0|10|0|0|1|1|0
RZ1|91|1|OP16-093|0|45|0|42|0|0|0|0|0
RZ1|CHK|91|1|49|0|0|0|10|0|0|1|1|0
RZ1|92|1|OP13-096|0|44|0|43|0|0|0|0|0
RZ1|CHK|92|1|49|0|0|0|10|0|0|1|1|0
RZ1|93|1|OP13-091|0|46|0|45|0|0|0|0|0
RZ1|CHK|93|1|49|0|0|0|10|0|0|1|1|0
RZ1|94|1|OP16-093|0|47|0|46|0|0|0|0|0
RZ1|CHK|94|1|49|0|0|0|10|0|0|1|1|0
[] Drew card from deck: St. Jaygarcia Saturn ["OP13-083">OP13-083]
RZ1|95|1|OP13-083|0|48|1|0|1|1|0|0|0
RZ1|CHK|95|1|48|1|0|0|10|0|0|1|1|0
[] Drew card from deck: St. Shepherd Ju Peter ["OP13-084">OP13-084]
RZ1|96|1|OP13-084|0|47|1|1|1|1|0|0|0
RZ1|CHK|96|1|47|2|0|0|10|0|0|1|1|0
[] Drew card from deck: Bartholomew Kuma ["OP16-093">OP16-093]
RZ1|97|1|OP16-093|0|46|1|2|1|1|0|0|0
RZ1|CHK|97|1|46|3|0|0|10|0|0|1|1|0
[] Drew card from deck: St. Marcus Mars ["OP13-091">OP13-091]
RZ1|98|1|OP13-091|0|45|1|3|1|1|0|0|0
RZ1|CHK|98|1|45|4|0|0|10|0|0|1|1|0
[] Drew card from deck: St. Mjosgard ["OP13-092">OP13-092]
RZ1|99|1|OP13-092|0|44|1|4|1|1|0|0|0
RZ1|CHK|99|1|44|5|0|0|10|0|0|1|1|0
[] Drew card from deck: We're Going to Claim the One Piece!!! ["OP07-077">OP07-077]
RZ1|100|2|OP07-077|0|49|1|0|1|1|0|0|0
RZ1|CHK|100|2|49|1|0|0|10|0|0|0|1|0
[] Drew card from deck: Blast Breath ["ST04-016">ST04-016]
RZ1|101|2|ST04-016|0|48|1|1|1|1|0|0|0
RZ1|CHK|101|2|48|2|0|0|10|0|0|0|1|0
[] Drew card from deck: Tony Tony Chopper ["OP07-066">OP07-066]
RZ1|102|2|OP07-066|0|47|1|2|1|1|0|0|0
RZ1|CHK|102|2|47|3|0|0|10|0|0|0|1|0
[] Drew card from deck: Kaido ["ST04-003">ST04-003]
RZ1|103|2|ST04-003|0|46|1|3|1|1|0|0|0
RZ1|CHK|103|2|46|4|0|0|10|0|0|0|1|0
[] Drew card from deck: Queen ["ST04-005">ST04-005]
RZ1|104|2|ST04-005|0|45|1|4|1|1|0|0|0
RZ1|CHK|104|2|45|5|0|0|10|0|0|0|1|0
RZ1|105|1|OP13-096|0|43|3|0|1|0|0|0|0
RZ1|CHK|105|1|43|5|0|1|10|0|0|1|1|0
RZ1|106|1|OP16-093|0|42|3|1|1|0|0|0|0
RZ1|CHK|106|1|42|5|0|2|10|0|0|1|1|0
RZ1|107|1|OP13-098|0|41|3|2|1|0|0|0|0
RZ1|CHK|107|1|41|5|0|3|10|0|0|1|1|0
RZ1|108|1|OP13-082|0|40|3|3|1|0|0|0|0
RZ1|CHK|108|1|40|5|0|4|10|0|0|1|1|0
RZ1|109|2|ST04-003|0|44|3|0|0|1|0|0|0
RZ1|CHK|109|2|44|5|0|1|10|0|0|0|1|0
RZ1|110|2|OP08-074|0|43|3|1|0|1|0|0|0
RZ1|CHK|110|2|43|5|0|2|10|0|0|0|1|0
RZ1|111|2|OP07-066|0|42|3|2|0|1|0|0|0
RZ1|CHK|111|2|42|5|0|3|10|0|0|0|1|0
RZ1|112|2|OP01-114|0|41|3|3|0|1|0|0|0
RZ1|CHK|112|2|41|5|0|4|10|0|0|0|1|0
RZ1|113|2|ST04-005|0|40|3|4|0|1|0|0|0
RZ1|CHK|113|2|40|5|0|5|10|0|0|0|1|0
[] Hand: [OP13-083,OP13-084,OP16-093,OP13-091,OP13-092]
[] Board: []
[] Trash: []
[] Life: 4
[] Hand: [OP07-077,ST04-016,OP07-066,ST04-003,ST04-005]
[] Trash: []
[] Board: []
[] Life: 5
RZ1|114|1|Don|4|9|5|0|1|1|0|0|0
RZ1|CHK|114|1|40|5|0|4|9|1|0|1|1|0
[You] Draw 1 Don
RZ1|115|1|OP13-092|1|4|6|0|1|1|0|0|0
RZ1|CHK|115|1|40|4|0|4|9|1|1|1|1|0
[You] Imu ["OP13-079">OP13-079]: Trash St. Mjosgard ["OP13-092">OP13-092]
[] Drew card from deck: St. Topman Warcury ["OP13-089">OP13-089]
RZ1|116|1|OP13-089|0|39|1|4|1|1|0|0|0
RZ1|CHK|116|1|39|5|0|4|9|1|1|1|1|0
[You] Imu ["OP13-079">OP13-079]: Draw 1 Card
[] Hand: [OP13-083,OP13-084,OP16-093,OP13-091,OP13-089]
[] Board: []
[] Trash: [OP13-092]
[] Life: 4
[] Hand: [OP07-077,ST04-016,OP07-066,ST04-003,ST04-005]
[] Trash: []
[] Board: []
[] Life: 5
[You] End Turn
[] Hand: [OP07-077,ST04-016,OP07-066,ST04-003,ST04-005]
[] Board: []
[] Trash: []
[] Life: 5
[] Hand: [OP13-083,OP13-084,OP16-093,OP13-091,OP13-089]
[] Trash: [OP13-092]
[] Board: []
[] Life: 4
[Opponent] Draw 1 Card
[] Drew card from deck: Lead Performer "Disaster" ["ST04-014">ST04-014]
RZ1|117|2|ST04-014|0|39|1|5|1|1|0|0|0
RZ1|CHK|117|2|39|6|0|5|10|0|0|0|1|0
RZ1|118|2|Don|4|9|5|0|1|1|0|0|0
RZ1|CHK|118|2|39|6|0|5|9|1|0|0|1|0
RZ1|119|2|Don|4|8|5|1|1|1|0|0|0
RZ1|CHK|119|2|39|6|0|5|8|2|0|0|1|0
[Opponent] Draw 2 Don
RZ1|120|2|Don|5|0|5|0|1|1|1|0|0
RZ1|CHK|120|2|39|6|0|5|8|2|0|0|1|0
RZ1|121|2|Don|5|1|5|1|1|1|1|0|0
RZ1|CHK|121|2|39|6|0|5|8|2|0|0|1|0
[Opponent] Deploy Tony Tony Chopper ["OP07-066">OP07-066]
RZ1|122|2|OP07-066|1|2|2|0|1|1|0|0|0
RZ1|CHK|122|2|39|5|1|5|8|2|0|0|1|0
[] Hand: [OP07-077,ST04-016,ST04-003,ST04-005,ST04-014]
[] Board: [OP07-066]
[] Trash: []
[] Life: 5
[] Hand: [OP13-083,OP13-084,OP16-093,OP13-091,OP13-089]
[] Trash: [OP13-092]
[] Board: []
[] Life: 4
[Opponent] End Turn
[] Hand: [OP13-083,OP13-084,OP16-093,OP13-091,OP13-089]
[] Board: []
[] Trash: [OP13-092]
[] Life: 4
[] Hand: [OP07-077,ST04-016,ST04-003,ST04-005,ST04-014]
[] Trash: []
[] Board: [OP07-066]
[] Life: 5
[You] Draw 1 Card
[] Drew card from deck: St. Marcus Mars ["OP13-091">OP13-091]
RZ1|123|1|OP13-091|0|38|1|5|1|1|0|0|0
RZ1|CHK|123|1|38|6|0|4|9|1|1|1|1|0
RZ1|124|1|Don|4|8|5|1|1|1|0|0|0
RZ1|CHK|124|1|38|6|0|4|8|2|1|1|1|0
RZ1|125|1|Don|4|7|5|2|1|1|0|0|0
RZ1|CHK|125|1|38|6|0|4|7|3|1|1|1|0
[You] Draw 2 Don
RZ1|126|1|Don|5|0|5|0|1|1|1|0|0
RZ1|CHK|126|1|38|6|0|4|7|3|1|1|1|0
RZ1|127|1|Don|5|1|5|1|1|1|1|0|0
RZ1|CHK|127|1|38|6|0|4|7|3|1|1|1|0
RZ1|128|1|Don|5|2|5|2|1|1|1|0|0
RZ1|CHK|128|1|38|6|0|4|7|3|1|1|1|0
[You] Deploy Bartholomew Kuma ["OP16-093">OP16-093]
RZ1|129|1|OP16-093|1|2|2|0|1|1|0|0|0
RZ1|CHK|129|1|38|5|1|4|7|3|1|1|1|0
[] Drew card from deck: St. Shepherd Ju Peter ["OP13-084">OP13-084]
RZ1|130|1|OP13-084|0|37|1|5|1|1|0|0|0
RZ1|CHK|130|1|37|6|1|4|7|3|1|1|1|0
[] Drew card from deck: St. Ethanbaron V. Nusjuro ["OP13-080">OP13-080]
RZ1|131|1|OP13-080|0|36|1|6|1|1|0|0|0
RZ1|CHK|131|1|36|7|1|4|7|3|1|1|1|0
[You] Bartholomew Kuma ["OP16-093">OP16-093]: Draw 2 Card
RZ1|132|1|OP13-080|1|6|6|1|1|1|0|0|0
RZ1|CHK|132|1|36|6|1|4|7|3|2|1|1|0
[You] Bartholomew Kuma ["OP16-093">OP16-093]: Trash St. Ethanbaron V. Nusjuro ["OP13-080">OP13-080]
RZ1|133|1|OP13-091|1|2|6|2|1|1|0|0|0
RZ1|CHK|133|1|36|5|1|4|7|3|3|1|1|0
[You] Bartholomew Kuma ["OP16-093">OP16-093]: Trash St. Marcus Mars ["OP13-091">OP13-091]
[You] Bartholomew Kuma ["OP16-093">OP16-093]: Attach 1 Rested Don to Imu ["OP13-079">OP13-079]
RZ1|134|1|Don|5|0|9|9900|1|1|1|0|0
RZ1|CHK|134|1|36|5|1|4|7|2|3|1|1|1
RZ1|135|1|OP13-091|1|3|6|3|1|1|0|0|0
RZ1|CHK|135|1|36|4|1|4|7|2|4|1|1|1
[You] Imu ["OP13-079">OP13-079]: Trash St. Marcus Mars ["OP13-091">OP13-091]
[] Drew card from deck: St. Shepherd Ju Peter ["OP13-084">OP13-084]
RZ1|136|1|OP13-084|0|35|1|4|1|1|0|0|0
RZ1|CHK|136|1|35|5|1|4|7|2|4|1|1|1
[You] Imu ["OP13-079">OP13-079]: Draw 1 Card
[You] Imu ["OP13-079">OP13-079] attacking Kaido ["ST04-001">ST04-001]
Imu ["OP13-079">OP13-079][6000] vs Kaido ["ST04-001">ST04-001][5000]
Kaido ["ST04-001">ST04-001] hit for 1 damage
RZ1|137|2|ST04-005|3|4|1|5|1|1|0|0|0
RZ1|CHK|137|2|39|6|1|4|8|2|0|0|1|0
[] Hand: [OP13-083,OP13-084,OP13-089,OP13-084,OP13-084]
[] Board: [OP16-093]
[] Trash: [OP13-092,OP13-080,OP13-091,OP13-091]
[] Life: 4
[] Hand: [OP07-077,ST04-016,ST04-003,ST04-005,ST04-014,ST04-005]
[] Trash: []
[] Board: [OP07-066]
[] Life: 4
[You] End Turn
[] Hand: [OP07-077,ST04-016,ST04-003,ST04-005,ST04-014,ST04-005]
[] Board: [OP07-066]
[] Trash: []
[] Life: 4
[] Hand: [OP13-083,OP13-084,OP13-089,OP13-084,OP13-084]
[] Trash: [OP13-092,OP13-080,OP13-091,OP13-091]
[] Board: [OP16-093]
[] Life: 4
[Opponent] Draw 1 Card
[] Drew card from deck: Thunder Bagua ["OP01-119">OP01-119]
RZ1|138|2|OP01-119|0|38|1|6|1|1|0|0|0
RZ1|CHK|138|2|38|7|1|4|8|2|0|0|1|0
RZ1|139|2|Don|4|7|5|2|1|1|0|0|0
RZ1|CHK|139|2|38|7|1|4|7|3|0|0|1|0
RZ1|140|2|Don|4|6|5|3|1|1|0|0|0
RZ1|CHK|140|2|38|7|1|4|6|4|0|0|1|0
[Opponent] Draw 2 Don
[Opponent] Lead Performer "Disaster" ["ST04-014">ST04-014]: Rest 4 Don
RZ1|141|2|Don|5|0|5|0|1|1|1|0|0
RZ1|CHK|141|2|38|7|1|4|6|4|0|0|1|0
RZ1|142|2|Don|5|1|5|1|1|1|1|0|0
RZ1|CHK|142|2|38|7|1|4|6|4|0|0|1|0
RZ1|143|2|Don|5|2|5|2|1|1|1|0|0
RZ1|CHK|143|2|38|7|1|4|6|4|0|0|1|0
RZ1|144|2|Don|5|3|5|3|1|1|1|0|0
RZ1|CHK|144|2|38|7|1|4|6|4|0|0|1|0
RZ1|145|2|ST04-014|1|4|6|0|1|1|0|0|0
RZ1|CHK|145|2|38|6|1|4|6|4|1|0|1|0
[] Drew card from deck: Blast Breath ["ST04-016">ST04-016]
RZ1|146|2|ST04-016|0|37|1|6|1|1|0|0|0
RZ1|CHK|146|2|37|7|1|4|6|4|1|0|1|0
[Opponent] Lead Performer "Disaster" ["ST04-014">ST04-014]: Draw 1 Card
Lead Performer "Disaster" ["ST04-014">ST04-014]: Draw 1 Don
RZ1|147|2|Don|4|5|5|4|1|1|0|0|0
RZ1|CHK|147|2|37|7|1|4|5|5|1|0|1|0
[Opponent] We're Going to Claim the One Piece!!! ["OP07-077">OP07-077]: Rest 1 Don
RZ1|148|2|Don|5|4|5|4|1|1|1|0|0
RZ1|CHK|148|2|37|7|1|4|5|5|1|0|1|0
RZ1|149|2|OP07-077|1|0|6|1|1|1|0|0|0
RZ1|CHK|149|2|37|6|1|4|5|5|2|0|1|0
RZ1|150|2|EB02-035|0|34|1|6|1|1|0|0|0
RZ1|CHK|150|2|36|7|1|4|5|5|2|0|1|0
[Opponent] We're Going to Claim the One Piece!!! ["OP07-077">OP07-077]: <b>Reveal and Draw Sanji & Pudding ["EB02-035">EB02-035]</b>
[Opponent] Placing Cards on Bottom of Deck
RZ1|151|2|OP08-069|0|35|0|0|0|0|0|0|0
RZ1|CHK|151|2|36|7|1|4|5|5|2|0|1|0
RZ1|152|2|OP07-066|0|35|0|0|0|0|0|0|0
RZ1|CHK|152|2|36|7|1|4|5|5|2|0|1|0
RZ1|153|2|OP08-076|0|35|0|0|0|0|0|0|0
RZ1|CHK|153|2|36|7|1|4|5|5|2|0|1|0
RZ1|154|2|OP11-070|0|35|0|0|0|0|0|0|0
RZ1|CHK|154|2|36|7|1|4|5|5|2|0|1|0
[Opponent] Kaido ["ST04-001">ST04-001] attacking Imu ["OP13-079">OP13-079]
Kaido ["ST04-001">ST04-001][5000] vs Imu ["OP13-079">OP13-079][5000]
Imu ["OP13-079">OP13-079] hit for 1 damage
RZ1|155|1|OP13-082|3|3|1|5|1|1|0|0|0
RZ1|CHK|155|1|35|6|1|3|7|2|4|1|1|1
[] Hand: [ST04-016,ST04-003,ST04-005,ST04-005,OP01-119,ST04-016,EB02-035]
[] Board: [OP07-066]
[] Trash: [ST04-014,OP07-077]
[] Life: 4
[] Hand: [OP13-083,OP13-084,OP13-089,OP13-084,OP13-084,OP13-082]
[] Trash: [OP13-092,OP13-080,OP13-091,OP13-091]
[] Board: [OP16-093]
[] Life: 3
[Opponent] End Turn
[] Hand: [OP13-083,OP13-084,OP13-089,OP13-084,OP13-084,OP13-082]
[] Board: [OP16-093]
[] Trash: [OP13-092,OP13-080,OP13-091,OP13-091]
[] Life: 3
[] Hand: [ST04-016,ST04-003,ST04-005,ST04-005,OP01-119,ST04-016,EB02-035]
[] Trash: [ST04-014,OP07-077]
[] Board: [OP07-066]
[] Life: 4
RZ1|156|1|Don|9|9900|5|0|1|1|1|0|0
RZ1|CHK|156|1|35|6|1|3|7|3|4|1|1|0
[You] Draw 1 Card
[] Drew card from deck: St. Mjosgard ["OP13-092">OP13-092]
RZ1|157|1|OP13-092|0|34|1|6|1|1|0|0|0
RZ1|CHK|157|1|34|7|1|3|7|3|4|1|1|0
RZ1|158|1|Don|4|6|5|3|1|1|0|0|0
RZ1|CHK|158|1|34|7|1|3|6|4|4|1|1|0
RZ1|159|1|Don|4|5|5|4|1|1|0|0|0
RZ1|CHK|159|1|34|7|1|3|5|5|4|1|1|0
[You] Draw 2 Don
[You] The Empty Throne ["OP13-099">OP13-099]: Rest 3 Don
RZ1|160|1|Don|5|0|5|0|1|1|1|0|0
RZ1|CHK|160|1|34|7|1|3|5|5|4|1|1|0
RZ1|161|1|Don|5|1|5|1|1|1|1|0|0
RZ1|CHK|161|1|34|7|1|3|5|5|4|1|1|0
RZ1|162|1|Don|5|2|5|2|1|1|1|0|0
RZ1|CHK|162|1|34|7|1|3|5|5|4|1|1|0
[You] The Empty Throne ["OP13-099">OP13-099]: Rest The Empty Throne ["OP13-099">OP13-099]
RZ1|163|1|OP13-083|1|0|2|1|1|1|0|0|0
RZ1|CHK|163|1|34|6|2|3|5|5|4|1|1|0
[You] The Empty Throne ["OP13-099">OP13-099]: Deploy St. Jaygarcia Saturn ["OP13-083">OP13-083]
RZ1|164|1|OP13-083|0|31|1|6|1|1|0|0|0
RZ1|CHK|164|1|33|7|2|3|5|5|4|1|1|0
[You] St. Jaygarcia Saturn ["OP13-083">OP13-083]: <b>Reveal and Draw St. Jaygarcia Saturn ["OP13-083">OP13-083]</b>
[You] Placing Cards on Bottom of Deck
RZ1|165|1|OP14-096|0|32|0|0|0|0|0|0|0
RZ1|CHK|165|1|33|7|2|3|5|5|4|1|1|0
RZ1|166|1|OP13-091|0|32|0|0|0|0|0|0|0
RZ1|CHK|166|1|33|7|2|3|5|5|4|1|1|0
RZ1|167|1|OP13-080|0|32|0|0|0|0|0|0|0
RZ1|CHK|167|1|33|7|2|3|5|5|4|1|1|0
RZ1|168|1|OP14-096|0|32|0|0|0|0|0|0|0
RZ1|CHK|168|1|33|7|2|3|5|5|4|1|1|0
RZ1|169|1|OP13-089|1|1|6|4|1|1|0|0|0
RZ1|CHK|169|1|33|6|2|3|5|5|5|1|1|0
[You] Imu ["OP13-079">OP13-079]: Trash St. Topman Warcury ["OP13-089">OP13-089]
[] Drew card from deck: St. Shalria ["OP13-086">OP13-086]
RZ1|170|1|OP13-086|0|32|1|6|1|1|0|0|0
RZ1|CHK|170|1|32|7|2|3|5|5|5|1|1|0
[You] Imu ["OP13-079">OP13-079]: Draw 1 Card
RZ1|171|1|Don|5|3|5|3|1|1|1|0|0
RZ1|CHK|171|1|32|7|2|3|5|5|5|1|1|0
[You] Deploy St. Shalria ["OP13-086">OP13-086]
RZ1|172|1|OP13-086|1|6|2|2|1|1|0|0|0
RZ1|CHK|172|1|32|6|3|3|5|5|5|1|1|0
RZ1|173|1|OP13-098|0|30|1|6|1|1|0|0|0
RZ1|CHK|173|1|31|7|3|3|5|5|5|1|1|0
[You] St. Shalria ["OP13-086">OP13-086]: <b>Reveal and Draw ...Never Existed... ["OP13-098">OP13-098]</b>
[You] St. Shalria ["OP13-086">OP13-086]: Trash 2 Remaining Cards
RZ1|174|1|OP14-096|0|30|6|5|1|1|0|0|0
RZ1|CHK|174|1|30|7|3|3|5|5|6|1|1|0
RZ1|175|1|OP13-098|0|29|6|6|1|1|0|0|0
RZ1|CHK|175|1|29|7|3|3|5|5|7|1|1|0
RZ1|176|1|OP13-092|1|4|6|7|1|1|0|0|0
RZ1|CHK|176|1|29|6|3|3|5|5|8|1|1|0
[You] St. Shalria ["OP13-086">OP13-086]: Trash St. Mjosgard ["OP13-092">OP13-092]
RZ1|177|1|Don|5|4|9|9900|1|1|0|0|0
RZ1|CHK|177|1|29|6|3|3|5|4|8|1|1|1
[You] Attach 1 Don to Imu ["OP13-079">OP13-079] (1 Total)
[You] Imu ["OP13-079">OP13-079] attacking Kaido ["ST04-001">ST04-001]
[Opponent] Tony Tony Chopper ["OP07-066">OP07-066] Blocks
Imu ["OP13-079">OP13-079][6000] vs Tony Tony Chopper ["OP07-066">OP07-066][0]
[Opponent] Tony Tony Chopper ["OP07-066">OP07-066] Destroyed
RZ1|178|2|OP07-066|2|0|6|2|1|1|0|0|0
RZ1|CHK|178|2|36|7|0|4|5|5|3|0|1|0
[] Hand: [OP13-084,OP13-084,OP13-084,OP13-082,OP13-083,OP13-098]
[] Board: [OP16-093,OP13-083,OP13-086]
[] Trash: [OP13-092,OP13-080,OP13-091,OP13-091,OP13-089,OP14-096,OP13-098,OP13-092]
[] Life: 3
[] Hand: [ST04-016,ST04-003,ST04-005,ST04-005,OP01-119,ST04-016,EB02-035]
[] Trash: [ST04-014,OP07-077,OP07-066]
[] Board: []
[] Life: 4
[You] End Turn
[] Hand: [ST04-016,ST04-003,ST04-005,ST04-005,OP01-119,ST04-016,EB02-035]
[] Board: []
[] Trash: [ST04-014,OP07-077,OP07-066]
[] Life: 4
[] Hand: [OP13-084,OP13-084,OP13-084,OP13-082,OP13-083,OP13-098]
[] Trash: [OP13-092,OP13-080,OP13-091,OP13-091,OP13-089,OP14-096,OP13-098,OP13-092]
[] Board: [OP16-093,OP13-083,OP13-086]
[] Life: 3
[Opponent] Draw 1 Card
[] Drew card from deck: Thunder Bagua ["OP01-119">OP01-119]
RZ1|179|2|OP01-119|0|35|1|7|1|1|0|0|0
RZ1|CHK|179|2|35|8|0|4|5|5|3|0|1|0
RZ1|180|2|Don|4|4|5|5|1|1|0|0|0
RZ1|CHK|180|2|35|8|0|4|4|6|3|0|1|0
RZ1|181|2|Don|4|3|5|6|1|1|0|0|0
RZ1|CHK|181|2|35|8|0|4|3|7|3|0|1|0
[Opponent] Draw 2 Don
RZ1|182|2|Don|5|0|5|0|1|1|1|0|0
RZ1|CHK|182|2|35|8|0|4|3|7|3|0|1|0
RZ1|183|2|Don|5|1|5|1|1|1|1|0|0
RZ1|CHK|183|2|35|8|0|4|3|7|3|0|1|0
RZ1|184|2|Don|5|2|5|2|1|1|1|0|0
RZ1|CHK|184|2|35|8|0|4|3|7|3|0|1|0
RZ1|185|2|Don|5|3|5|3|1|1|1|0|0
RZ1|CHK|185|2|35|8|0|4|3|7|3|0|1|0
RZ1|186|2|Don|5|4|5|4|1|1|1|0|0
RZ1|CHK|186|2|35|8|0|4|3|7|3|0|1|0
[Opponent] Deploy Sanji & Pudding ["EB02-035">EB02-035]
RZ1|187|2|EB02-035|1|6|2|0|1|1|0|0|0
RZ1|CHK|187|2|35|7|1|4|3|7|3|0|1|0
[Opponent] Attach 1 Don to Kaido ["ST04-001">ST04-001] (1 Total)
RZ1|188|2|Don|5|6|9|9900|1|1|0|0|0
RZ1|CHK|188|2|35|7|1|4|3|6|3|0|1|1
[Opponent] Kaido ["ST04-001">ST04-001] attacking Imu ["OP13-079">OP13-079]
Kaido ["ST04-001">ST04-001][6000] vs Imu ["OP13-079">OP13-079][5000]
Imu ["OP13-079">OP13-079] hit for 1 damage
RZ1|189|1|OP13-098|3|2|1|6|1|1|0|0|0
RZ1|CHK|189|1|29|7|3|2|5|4|8|1|1|1
[] Hand: [ST04-016,ST04-003,ST04-005,ST04-005,OP01-119,ST04-016,OP01-119]
[] Board: [EB02-035]
[] Trash: [ST04-014,OP07-077,OP07-066]
[] Life: 4
[] Hand: [OP13-084,OP13-084,OP13-084,OP13-082,OP13-083,OP13-098,OP13-098]
[] Trash: [OP13-092,OP13-080,OP13-091,OP13-091,OP13-089,OP14-096,OP13-098,OP13-092]
[] Board: [OP16-093,OP13-083,OP13-086]
[] Life: 2
[Opponent] End Turn
[] Hand: [OP13-084,OP13-084,OP13-084,OP13-082,OP13-083,OP13-098,OP13-098]
[] Board: [OP16-093,OP13-083,OP13-086]
[] Trash: [OP13-092,OP13-080,OP13-091,OP13-091,OP13-089,OP14-096,OP13-098,OP13-092]
[] Life: 2
[] Hand: [ST04-016,ST04-003,ST04-005,ST04-005,OP01-119,ST04-016,OP01-119]
[] Trash: [ST04-014,OP07-077,OP07-066]
[] Board: [EB02-035]
[] Life: 4
RZ1|190|1|Don|9|9900|5|0|1|1|1|0|0
RZ1|CHK|190|1|29|7|3|2|5|5|8|1|1|0
[You] Draw 1 Card
[] Drew card from deck: Bartholomew Kuma ["OP16-093">OP16-093]
RZ1|191|1|OP16-093|0|28|1|7|1|1|0|0|0
RZ1|CHK|191|1|28|8|3|2|5|5|8|1|1|0
RZ1|192|1|Don|4|4|5|5|1|1|0|0|0
RZ1|CHK|192|1|28|8|3|2|4|6|8|1|1|0
RZ1|193|1|Don|4|3|5|6|1|1|0|0|0
RZ1|CHK|193|1|28|8|3|2|3|7|8|1|1|0
[You] Draw 2 Don
[You] The Empty Throne ["OP13-099">OP13-099]: Rest 3 Don
RZ1|194|1|Don|5|0|5|0|1|1|1|0|0
RZ1|CHK|194|1|28|8|3|2|3|7|8|1|1|0
RZ1|195|1|Don|5|1|5|1|1|1|1|0|0
RZ1|CHK|195|1|28|8|3|2|3|7|8|1|1|0
RZ1|196|1|Don|5|2|5|2|1|1|1|0|0
RZ1|CHK|196|1|28|8|3|2|3|7|8|1|1|0
[You] The Empty Throne ["OP13-099">OP13-099]: Rest The Empty Throne ["OP13-099">OP13-099]
RZ1|197|1|OP13-083|1|4|2|3|1|1|0|0|0
RZ1|CHK|197|1|28|7|4|2|3|7|8|1|1|0
[You] The Empty Throne ["OP13-099">OP13-099]: Deploy St. Jaygarcia Saturn ["OP13-083">OP13-083]
[You] <b>Picked no cards to Draw</b>
[You] Placing Cards on Bottom of Deck
RZ1|198|1|OP13-084|0|27|0|0|0|0|0|0|0
RZ1|CHK|198|1|28|7|4|2|3|7|8|1|1|0
RZ1|199|1|OP13-080|0|27|0|0|0|0|0|0|0
RZ1|CHK|199|1|28|7|4|2|3|7|8|1|1|0
RZ1|200|1|OP13-083|0|27|0|0|0|0|0|0|0
RZ1|CHK|200|1|28|7|4|2|3|7|8|1|1|0
RZ1|201|1|OP13-080|0|27|0|0|0|0|0|0|0
RZ1|CHK|201|1|28|7|4|2|3|7|8|1|1|0
RZ1|202|1|OP13-086|0|27|0|0|0|0|0|0|0
RZ1|CHK|202|1|28|7|4|2|3|7|8|1|1|0
RZ1|203|1|OP13-086|2|2|6|8|1|1|0|0|0
RZ1|CHK|203|1|28|7|3|2|3|7|9|1|1|0
[You] Imu ["OP13-079">OP13-079]: Trash St. Shalria ["OP13-086">OP13-086]
[] Drew card from deck: St. Mjosgard ["OP13-092">OP13-092]
RZ1|204|1|OP13-092|0|27|1|7|1|1|0|0|0
RZ1|CHK|204|1|27|8|3|2|3|7|9|1|1|0
[You] Imu ["OP13-079">OP13-079]: Draw 1 Card
RZ1|205|1|Don|5|3|5|3|1|1|1|0|0
RZ1|CHK|205|1|27|8|3|2|3|7|9|1|1|0
RZ1|206|1|Don|5|4|5|4|1|1|1|0|0
RZ1|CHK|206|1|27|8|3|2|3|7|9|1|1|0
[You] Deploy St. Mjosgard ["OP13-092">OP13-092]
RZ1|207|1|OP13-092|1|7|2|3|1|1|0|0|0
RZ1|CHK|207|1|27|7|4|2|3|7|9|1|1|0
[You] Imu ["OP13-079">OP13-079] attacking Kaido ["ST04-001">ST04-001]
[Opponent] Discard Queen ["ST04-005">ST04-005] for Counter 1000
RZ1|208|2|ST04-005|1|3|6|3|1|1|0|0|0
RZ1|CHK|208|2|35|6|1|4|3|6|4|0|1|1
Imu ["OP13-079">OP13-079][5000] vs Kaido ["ST04-001">ST04-001][6000]
Attack Fails
[] Hand: [OP13-084,OP13-084,OP13-084,OP13-082,OP13-098,OP13-098,OP16-093]
[] Board: [OP16-093,OP13-083,OP13-083,OP13-092]
[] Trash: [OP13-092,OP13-080,OP13-091,OP13-091,OP13-089,OP14-096,OP13-098,OP13-092,OP13-086]
[] Life: 2
[] Hand: [ST04-016,ST04-003,ST04-005,OP01-119,ST04-016,OP01-119]
[] Trash: [ST04-014,OP07-077,OP07-066,ST04-005]
[] Board: [EB02-035]
[] Life: 4
[You] End Turn
[] Hand: [ST04-016,ST04-003,ST04-005,OP01-119,ST04-016,OP01-119]
[] Board: [EB02-035]
[] Trash: [ST04-014,OP07-077,OP07-066,ST04-005]
[] Life: 4
[] Hand: [OP13-084,OP13-084,OP13-084,OP13-082,OP13-098,OP13-098,OP16-093]
[] Trash: [OP13-092,OP13-080,OP13-091,OP13-091,OP13-089,OP14-096,OP13-098,OP13-092,OP13-086]
[] Board: [OP16-093,OP13-083,OP13-083,OP13-092]
[] Life: 2
RZ1|209|2|Don|9|9900|5|0|1|1|1|0|0
RZ1|CHK|209|2|35|6|1|4|3|7|4|0|1|0
[Opponent] Draw 1 Card
[] Drew card from deck: Blast Breath ["ST04-016">ST04-016]
RZ1|210|2|ST04-016|0|34|1|6|1|1|0|0|0
RZ1|CHK|210|2|34|7|1|4|3|7|4|0|1|0
RZ1|211|2|Don|4|2|5|7|1|1|0|0|0
RZ1|CHK|211|2|34|7|1|4|2|8|4|0|1|0
RZ1|212|2|Don|4|1|5|8|1|1|0|0|0
RZ1|CHK|212|2|34|7|1|4|1|9|4|0|1|0
[Opponent] Draw 2 Don
RZ1|213|2|Don|5|0|5|0|1|1|1|0|0
RZ1|CHK|213|2|34|7|1|4|1|9|4|0|1|0
RZ1|214|2|Don|5|1|5|1|1|1|1|0|0
RZ1|CHK|214|2|34|7|1|4|1|9|4|0|1|0
RZ1|215|2|Don|5|2|5|2|1|1|1|0|0
RZ1|CHK|215|2|34|7|1|4|1|9|4|0|1|0
RZ1|216|2|Don|5|3|5|3|1|1|1|0|0
RZ1|CHK|216|2|34|7|1|4|1|9|4|0|1|0
RZ1|217|2|Don|5|4|5|4|1|1|1|0|0
RZ1|CHK|217|2|34|7|1|4|1|9|4|0|1|0
[Opponent] Deploy Queen ["ST04-005">ST04-005]
RZ1|218|2|ST04-005|1|2|2|1|1|1|0|0|0
RZ1|CHK|218|2|34|6|2|4|1|9|4|0|1|0
RZ1|219|2|Don|5|4|4|1|1|1|0|0|0
RZ1|CHK|219|2|34|6|2|4|2|8|4|0|1|0
[Opponent] Queen ["ST04-005">ST04-005]: Minus 1 Don
[] Drew card from deck: X.Drake ["OP01-114">OP01-114]
RZ1|220|2|OP01-114|0|33|1|6|1|1|0|0|0
RZ1|CHK|220|2|33|7|2|4|2|8|4|0|1|0
[] Drew card from deck: Onigashima Island ["ST04-017">ST04-017]
RZ1|221|2|ST04-017|0|32|1|7|1|1|0|0|0
RZ1|CHK|221|2|32|8|2|4|2|8|4|0|1|0
[Opponent] Queen ["ST04-005">ST04-005]: Draw 2 Card
RZ1|222|2|ST04-016|1|5|6|4|1|1|0|0|0
RZ1|CHK|222|2|32|7|2|4|2|8|5|0|1|0
[Opponent] Queen ["ST04-005">ST04-005]: Trash Blast Breath ["ST04-016">ST04-016]
RZ1|223|2|Don|5|4|5|4|1|1|1|0|0
RZ1|CHK|223|2|32|7|2|4|2|8|5|0|1|0
RZ1|224|2|Don|5|5|5|5|1|1|1|0|0
RZ1|CHK|224|2|32|7|2|4|2|8|5|0|1|0
RZ1|225|2|Don|5|6|5|6|1|1|1|0|0
RZ1|CHK|225|2|32|7|2|4|2|8|5|0|1|0
[Opponent] Deploy Onigashima Island ["ST04-017">ST04-017]
RZ1|226|2|ST04-017|1|6|7|0|1|1|0|0|0
RZ1|CHK|226|2|32|6|2|4|2|8|5|1|1|0
[Opponent] Kaido ["ST04-001">ST04-001] attacking Imu ["OP13-079">OP13-079]
[You] Discard St. Shepherd Ju Peter ["OP13-084">OP13-084] for Counter 2000
RZ1|227|1|OP13-084|1|0|6|9|1|1|0|0|0
RZ1|CHK|227|1|27|6|4|2|3|7|10|1|1|0
Kaido ["ST04-001">ST04-001][5000] vs Imu ["OP13-079">OP13-079][7000]
Attack Fails
RZ1|228|2|Don|5|6|4|2|1|1|0|0|0
RZ1|CHK|228|2|32|6|2|4|3|7|5|1|1|0
RZ1|229|2|Don|5|5|4|3|1|1|0|0|0
RZ1|CHK|229|2|32|6|2|4|4|6|5|1|1|0
RZ1|230|2|Don|5|4|4|4|1|1|0|0|0
RZ1|CHK|230|2|32|6|2|4|5|5|5|1|1|0
RZ1|231|2|Don|5|3|4|5|1|1|0|0|0
RZ1|CHK|231|2|32|6|2|4|6|4|5|1|1|0
RZ1|232|2|Don|5|2|4|6|1|1|0|0|0
RZ1|CHK|232|2|32|6|2|4|7|3|5|1|1|0
RZ1|233|2|Don|5|1|4|7|1|1|0|0|0
RZ1|CHK|233|2|32|6|2|4|8|2|5|1|1|0
RZ1|234|2|Don|5|0|4|8|1|1|0|0|0
RZ1|CHK|234|2|32|6|2|4|9|1|5|1|1|0
[Opponent] Kaido ["ST04-001">ST04-001]: Minus 7 Don
[Opponent] Kaido ["ST04-001">ST04-001]: Trash 1 Life
[Opponent] Trash Bartholomew Kuma ["OP16-093">OP16-093] from Life
RZ1|235|1|OP16-093|3|1|6|10|1|1|0|0|0
RZ1|CHK|235|1|27|6|4|1|3|7|11|1|1|0
Sanji & Pudding ["EB02-035">EB02-035]: Draw 1 Don
RZ1|236|2|Don|4|8|5|1|1|1|0|0|0
RZ1|CHK|236|2|32|6|2|4|8|2|5|1|1|0
[Opponent] Onigashima Island ["ST04-017">ST04-017]: Rest Onigashima Island ["ST04-017">ST04-017]
Onigashima Island ["ST04-017">ST04-017]: Draw 1 Rested Don
RZ1|237|2|Don|4|7|5|0|1|1|1|0|0
RZ1|CHK|237|2|32|6|2|4|7|3|5|1|1|0
[Opponent] Sanji & Pudding ["EB02-035">EB02-035] attacking Imu ["OP13-079">OP13-079]
[You] ...Never Existed... ["OP13-098">OP13-098]: Activate Counter
[You] ...Never Existed... ["OP13-098">OP13-098]: Rest 1 Don
RZ1|238|1|Don|5|5|5|5|1|1|1|0|0
RZ1|CHK|238|1|27|6|4|1|3|7|11|1|1|0
RZ1|239|1|OP13-098|1|3|6|11|1|1|0|0|0
RZ1|CHK|239|1|27|5|4|1|3|7|12|1|1|0
[You] ...Never Existed... ["OP13-098">OP13-098]: Buff Imu ["OP13-079">OP13-079] 4000 for the Combat
Sanji & Pudding ["EB02-035">EB02-035][7000] vs Imu ["OP13-079">OP13-079][9000]
Attack Fails
[] Hand: [ST04-016,ST04-003,OP01-119,ST04-016,OP01-119,OP01-114]
[] Board: [EB02-035,ST04-005]
[] Trash: [ST04-014,OP07-077,OP07-066,ST04-005,ST04-016]
[] Life: 4
[] Hand: [OP13-084,OP13-084,OP13-082,OP13-098,OP16-093]
[] Trash: [OP13-092,OP13-080,OP13-091,OP13-091,OP13-089,OP14-096,OP13-098,OP13-092,OP13-086,OP13-084,OP16-093,OP13-098]
[] Board: [OP16-093,OP13-083,OP13-083,OP13-092]
[] Life: 1
[Opponent] End Turn
[] Hand: [OP13-084,OP13-084,OP13-082,OP13-098,OP16-093]
[] Board: [OP16-093,OP13-083,OP13-083,OP13-092]
[] Trash: [OP13-092,OP13-080,OP13-091,OP13-091,OP13-089,OP14-096,OP13-098,OP13-092,OP13-086,OP13-084,OP16-093,OP13-098]
[] Life: 1
[] Hand: [ST04-016,ST04-003,OP01-119,ST04-016,OP01-119,OP01-114]
[] Trash: [ST04-014,OP07-077,OP07-066,ST04-005,ST04-016]
[] Board: [EB02-035,ST04-005]
[] Life: 4
[You] Draw 1 Card
[] Drew card from deck: Ground Death ["OP14-096">OP14-096]
RZ1|240|1|OP14-096|0|26|1|5|1|1|0|0|0
RZ1|CHK|240|1|26|6|4|1|3|7|12|1|1|0
RZ1|241|1|Don|4|2|5|7|1|1|0|0|0
RZ1|CHK|241|1|26|6|4|1|2|8|12|1|1|0
RZ1|242|1|Don|4|1|5|8|1|1|0|0|0
RZ1|CHK|242|1|26|6|4|1|1|9|12|1|1|0
[You] Draw 2 Don
RZ1|243|1|Don|5|0|9|100|1|1|0|0|0
RZ1|CHK|243|1|26|6|4|1|1|8|12|1|1|1
RZ1|244|1|Don|5|0|9|101|1|1|0|0|0
RZ1|CHK|244|1|26|6|4|1|1|7|12|1|1|2
[You] Attach 2 Don to St. Jaygarcia Saturn ["OP13-083">OP13-083] (2 Total)
[You] St. Jaygarcia Saturn ["OP13-083">OP13-083] attacking Sanji & Pudding ["EB02-035">EB02-035]
[Opponent] Discard X.Drake ["OP01-114">OP01-114] for Counter 2000
RZ1|245|2|OP01-114|1|5|6|5|1|1|0|0|0
RZ1|CHK|245|2|32|5|2|4|7|3|6|1|1|0
St. Jaygarcia Saturn ["OP13-083">OP13-083][7000] vs Sanji & Pudding ["EB02-035">EB02-035][9000]
Attack Fails
RZ1|246|1|Don|5|0|9|200|1|1|0|0|0
RZ1|CHK|246|1|26|6|4|1|1|6|12|1|1|3
RZ1|247|1|Don|5|0|9|201|1|1|0|0|0
RZ1|CHK|247|1|26|6|4|1|1|5|12|1|1|4
[You] Attach 2 Don to St. Jaygarcia Saturn ["OP13-083">OP13-083] (2 Total)
[You] St. Jaygarcia Saturn ["OP13-083">OP13-083] attacking Sanji & Pudding ["EB02-035">EB02-035]
St. Jaygarcia Saturn ["OP13-083">OP13-083][7000] vs Sanji & Pudding ["EB02-035">EB02-035][7000]
[Opponent] Sanji & Pudding ["EB02-035">EB02-035] Destroyed
RZ1|248|2|EB02-035|2|0|6|6|1|1|0|0|0
RZ1|CHK|248|2|32|5|1|4|7|3|7|1|1|0
RZ1|249|1|Don|5|0|5|0|1|1|1|0|0
RZ1|CHK|249|1|26|6|4|1|1|5|12|1|1|4
RZ1|250|1|Don|5|1|5|1|1|1|1|0|0
RZ1|CHK|250|1|26|6|4|1|1|5|12|1|1|4
RZ1|251|1|Don|5|2|5|2|1|1|1|0|0
RZ1|CHK|251|1|26|6|4|1|1|5|12|1|1|4
[You] Deploy Bartholomew Kuma ["OP16-093">OP16-093]
RZ1|252|1|OP16-093|1|4|2|4|1|1|0|0|0
RZ1|CHK|252|1|26|5|5|1|1|5|12|1|1|4
[] Drew card from deck: The Holy Land Mary Geoise ["OP05-097">OP05-097]
RZ1|253|1|OP05-097|0|25|1|5|1|1|0|0|0
RZ1|CHK|253|1|25|6|5|1|1|5|12|1|1|4
[] Drew card from deck: St. Marcus Mars ["OP13-091">OP13-091]
RZ1|254|1|OP13-091|0|24|1|6|1|1|0|0|0
RZ1|CHK|254|1|24|7|5|1|1|5|12|1|1|4
[You] Bartholomew Kuma ["OP16-093">OP16-093]: Draw 2 Card
RZ1|255|1|OP05-097|1|5|6|12|1|1|0|0|0
RZ1|CHK|255|1|24|6|5|1|1|5|13|1|1|4
[You] Bartholomew Kuma ["OP16-093">OP16-093]: Trash The Holy Land Mary Geoise ["OP05-097">OP05-097]
RZ1|256|1|OP13-084|1|0|6|13|1|1|0|0|0
RZ1|CHK|256|1|24|5|5|1|1|5|14|1|1|4
[You] Bartholomew Kuma ["OP16-093">OP16-093]: Trash St. Shepherd Ju Peter ["OP13-084">OP13-084]
[You] Bartholomew Kuma ["OP16-093">OP16-093]: Attach 1 Rested Don to Imu ["OP13-079">OP13-079]
RZ1|257|1|Don|5|0|9|9900|1|1|1|0|0
RZ1|CHK|257|1|24|5|5|1|1|4|14|1|1|5
RZ1|258|1|OP13-092|2|3|6|14|1|1|0|0|0
RZ1|CHK|258|1|24|5|4|1|1|4|15|1|1|5
[You] Imu ["OP13-079">OP13-079]: Trash St. Mjosgard ["OP13-092">OP13-092]
[] Drew card from deck: St. Topman Warcury ["OP13-089">OP13-089]
RZ1|259|1|OP13-089|0|23|1|5|1|1|0|0|0
RZ1|CHK|259|1|23|6|4|1|1|4|15|1|1|5
[You] Imu ["OP13-079">OP13-079]: Draw 1 Card
[You] Imu ["OP13-079">OP13-079] attacking Kaido ["ST04-001">ST04-001]
Imu ["OP13-079">OP13-079][6000] vs Kaido ["ST04-001">ST04-001][5000]
Kaido ["ST04-001">ST04-001] hit for 1 damage
RZ1|260|2|OP01-114|3|3|1|5|1|1|0|0|0
RZ1|CHK|260|2|32|6|1|3|7|3|7|1|1|0
[] Hand: [OP13-084,OP13-082,OP13-098,OP14-096,OP13-091,OP13-089]
[] Board: [OP16-093,OP13-083,OP13-083,OP16-093]
[] Trash: [OP13-092,OP13-080,OP13-091,OP13-091,OP13-089,OP14-096,OP13-098,OP13-092,OP13-086,OP13-084,OP16-093,OP13-098,OP05-097,OP13-084,OP13-092]
[] Life: 1
[] Hand: [ST04-016,ST04-003,OP01-119,ST04-016,OP01-119,OP01-114]
[] Trash: [ST04-014,OP07-077,OP07-066,ST04-005,ST04-016,OP01-114,EB02-035]
[] Board: [ST04-005]
[] Life: 3
[You] End Turn
[] Hand: [ST04-016,ST04-003,OP01-119,ST04-016,OP01-119,OP01-114]
[] Board: [ST04-005]
[] Trash: [ST04-014,OP07-077,OP07-066,ST04-005,ST04-016,OP01-114,EB02-035]
[] Life: 3
[] Hand: [OP13-084,OP13-082,OP13-098,OP14-096,OP13-091,OP13-089]
[] Trash: [OP13-092,OP13-080,OP13-091,OP13-091,OP13-089,OP14-096,OP13-098,OP13-092,OP13-086,OP13-084,OP16-093,OP13-098,OP05-097,OP13-084,OP13-092]
[] Board: [OP16-093,OP13-083,OP13-083,OP16-093]
[] Life: 1
[Opponent] Draw 1 Card
[] Drew card from deck: Lead Performer "Disaster" ["ST04-014">ST04-014]
RZ1|261|2|ST04-014|0|31|1|6|1|1|0|0|0
RZ1|CHK|261|2|31|7|1|3|7|3|7|1|1|0
RZ1|262|2|Don|4|6|5|3|1|1|0|0|0
RZ1|CHK|262|2|31|7|1|3|6|4|7|1|1|0
RZ1|263|2|Don|4|5|5|4|1|1|0|0|0
RZ1|CHK|263|2|31|7|1|3|5|5|7|1|1|0
[Opponent] Draw 2 Don
RZ1|264|2|Don|5|0|5|0|1|1|1|0|0
RZ1|CHK|264|2|31|7|1|3|5|5|7|1|1|0
RZ1|265|2|Don|5|1|5|1|1|1|1|0|0
RZ1|CHK|265|2|31|7|1|3|5|5|7|1|1|0
RZ1|266|2|Don|5|2|5|2|1|1|1|0|0
RZ1|CHK|266|2|31|7|1|3|5|5|7|1|1|0
RZ1|267|2|Don|5|3|5|3|1|1|1|0|0
RZ1|CHK|267|2|31|7|1|3|5|5|7|1|1|0
RZ1|268|2|Don|5|4|5|4|1|1|1|0|0
RZ1|CHK|268|2|31|7|1|3|5|5|7|1|1|0
[Opponent] Deploy X.Drake ["OP01-114">OP01-114]
RZ1|269|2|OP01-114|1|5|2|1|1|1|0|0|0
RZ1|CHK|269|2|31|6|2|3|5|5|7|1|1|0
RZ1|270|2|Don|5|3|4|5|1|1|0|0|0
RZ1|CHK|270|2|31|6|2|3|6|4|7|1|1|0
[Opponent] X.Drake ["OP01-114">OP01-114]: Forcing opponent to Trash 1 Cards
RZ1|271|1|OP13-082|1|1|6|15|1|1|0|0|0
RZ1|CHK|271|1|23|5|4|1|1|4|16|1|1|5
[You] Trash Five Elders ["OP13-082">OP13-082]
[Opponent] Onigashima Island ["ST04-017">ST04-017]: Rest Onigashima Island ["ST04-017">ST04-017]
Onigashima Island ["ST04-017">ST04-017]: Draw 1 Rested Don
RZ1|272|2|Don|4|5|5|0|1|1|1|0|0
RZ1|CHK|272|2|31|6|2|3|5|5|7|1|1|0
[Opponent] Kaido ["ST04-001">ST04-001] attacking Imu ["OP13-079">OP13-079]
[You] Ground Death ["OP14-096">OP14-096]: Activate Counter
[You] Ground Death ["OP14-096">OP14-096]: Rest 1 Don
RZ1|273|1|Don|5|2|5|2|1|1|1|0|0
RZ1|CHK|273|1|23|5|4|1|1|4|16|1|1|5
RZ1|274|1|OP14-096|1|2|6|16|1|1|0|0|0
RZ1|CHK|274|1|23|4|4|1|1|4|17|1|1|5
[You] Ground Death ["OP14-096">OP14-096]: Buff Bartholomew Kuma ["OP16-093">OP16-093] 4000 for the Combat
[You] ...Never Existed... ["OP13-098">OP13-098]: Activate Counter
[You] ...Never Existed... ["OP13-098">OP13-098]: Rest 1 Don
RZ1|275|1|Don|5|3|5|3|1|1|1|0|0
RZ1|CHK|275|1|23|4|4|1|1|4|17|1|1|5
RZ1|276|1|OP13-098|1|1|6|17|1|1|0|0|0
RZ1|CHK|276|1|23|3|4|1|1|4|18|1|1|5
[You] ...Never Existed... ["OP13-098">OP13-098]: Buff Bartholomew Kuma ["OP16-093">OP16-093] 4000 for the Combat
[You] Discard St. Shepherd Ju Peter ["OP13-084">OP13-084] for Counter 2000
RZ1|277|1|OP13-084|1|0|6|18|1|1|0|0|0
RZ1|CHK|277|1|23|2|4|1|1|4|19|1|1|5
Kaido ["ST04-001">ST04-001][5000] vs Imu ["OP13-079">OP13-079][7000]
Attack Fails
[] Hand: [ST04-016,ST04-003,OP01-119,ST04-016,OP01-119,ST04-014]
[] Board: [ST04-005,OP01-114]
[] Trash: [ST04-014,OP07-077,OP07-066,ST04-005,ST04-016,OP01-114,EB02-035]
[] Life: 3
[] Hand: [OP13-091,OP13-089]
[] Trash: [OP13-092,OP13-080,OP13-091,OP13-091,OP13-089,OP14-096,OP13-098,OP13-092,OP13-086,OP13-084,OP16-093,OP13-098,OP05-097,OP13-084,OP13-092,OP13-082,OP14-096,OP13-098,OP13-084]
[] Board: [OP16-093,OP13-083,OP13-083,OP16-093]
[] Life: 1
[Opponent] End Turn
[] Hand: [OP13-091,OP13-089]
[] Board: [OP16-093,OP13-083,OP13-083,OP16-093]
[] Trash: [OP13-092,OP13-080,OP13-091,OP13-091,OP13-089,OP14-096,OP13-098,OP13-092,OP13-086,OP13-084,OP16-093,OP13-098,OP05-097,OP13-084,OP13-092,OP13-082,OP14-096,OP13-098,OP13-084]
[] Life: 1
[] Hand: [ST04-016,ST04-003,OP01-119,ST04-016,OP01-119,ST04-014]
[] Trash: [ST04-014,OP07-077,OP07-066,ST04-005,ST04-016,OP01-114,EB02-035]
[] Board: [ST04-005,OP01-114]
[] Life: 3
RZ1|278|1|Don|9|9900|5|0|1|1|1|0|0
RZ1|CHK|278|1|23|2|4|1|1|5|19|1|1|4
RZ1|279|1|Don|9|100|5|0|1|1|1|0|0
RZ1|CHK|279|1|23|2|4|1|1|6|19|1|1|3
RZ1|280|1|Don|9|100|5|0|1|1|1|0|0
RZ1|CHK|280|1|23|2|4|1|1|7|19|1|1|2
RZ1|281|1|Don|9|200|5|0|1|1|1|0|0
RZ1|CHK|281|1|23|2|4|1|1|8|19|1|1|1
RZ1|282|1|Don|9|200|5|0|1|1|1|0|0
RZ1|CHK|282|1|23|2|4|1|1|9|19|1|1|0
[You] Draw 1 Card
[] Drew card from deck: The Five Elders... Are At Your Service ["OP13-096">OP13-096]
RZ1|283|1|OP13-096|0|22|1|2|1|1|0|0|0
RZ1|CHK|283|1|22|3|4|1|1|9|19|1|1|0
RZ1|284|1|Don|4|0|5|9|1|1|0|0|0
RZ1|CHK|284|1|22|3|4|1|0|10|19|1|1|0
[You] Draw 2 Don
[You] St. Jaygarcia Saturn ["OP13-083">OP13-083] attacking Kaido ["ST04-001">ST04-001]
[Opponent] Queen ["ST04-005">ST04-005] Blocks
St. Jaygarcia Saturn ["OP13-083">OP13-083][5000] vs Queen ["ST04-005">ST04-005][6000]
Attack Fails
[You] St. Jaygarcia Saturn ["OP13-083">OP13-083] attacking Kaido ["ST04-001">ST04-001]
St. Jaygarcia Saturn ["OP13-083">OP13-083][5000] vs Kaido ["ST04-001">ST04-001][5000]
Kaido ["ST04-001">ST04-001] hit for 1 damage
RZ1|285|2|OP07-066|3|2|1|6|1|1|0|0|0
RZ1|CHK|285|2|31|7|2|2|5|5|7|1|1|0
[You] Imu ["OP13-079">OP13-079] attacking Kaido ["ST04-001">ST04-001]
Imu ["OP13-079">OP13-079][6000] vs Kaido ["ST04-001">ST04-001][5000]
Kaido ["ST04-001">ST04-001] hit for 1 damage
RZ1|286|2|OP08-074|3|1|1|7|1|1|0|0|0
RZ1|CHK|286|2|31|8|2|1|5|5|7|1|1|0
RZ1|287|1|Don|5|0|9|0|1|1|0|0|0
RZ1|CHK|287|1|22|3|4|1|0|9|19|1|1|1
[You] Attach 1 Don to Bartholomew Kuma ["OP16-093">OP16-093] (1 Total)
[You] Bartholomew Kuma ["OP16-093">OP16-093] attacking Kaido ["ST04-001">ST04-001]
[Opponent] Discard Tony Tony Chopper ["OP07-066">OP07-066] for Counter 1000
RZ1|288|2|OP07-066|1|6|6|7|1|1|0|0|0
RZ1|CHK|288|2|31|7|2|1|5|5|8|1|1|0
Bartholomew Kuma ["OP16-093">OP16-093][5000] vs Kaido ["ST04-001">ST04-001][6000]
Attack Fails
RZ1|289|1|Don|5|0|9|300|1|1|0|0|0
RZ1|CHK|289|1|22|3|4|1|0|8|19|1|1|2
RZ1|290|1|Don|5|0|9|301|1|1|0|0|0
RZ1|CHK|290|1|22|3|4|1|0|7|19|1|1|3
[You] Attach 2 Don to Bartholomew Kuma ["OP16-093">OP16-093] (2 Total)
[You] Bartholomew Kuma ["OP16-093">OP16-093] attacking Queen ["ST04-005">ST04-005]
[Opponent] Discard Black Maria ["OP08-074">OP08-074] for Counter 2000
RZ1|291|2|OP08-074|1|6|6|8|1|1|0|0|0
RZ1|CHK|291|2|31|6|2|1|5|5|9|1|1|0
Bartholomew Kuma ["OP16-093">OP16-093][6000] vs Queen ["ST04-005">ST04-005][8000]
Attack Fails
[You] The Empty Throne ["OP13-099">OP13-099]: Rest 3 Don
RZ1|292|1|Don|5|0|5|0|1|1|1|0|0
RZ1|CHK|292|1|22|3|4|1|0|7|19|1|1|3
RZ1|293|1|Don|5|1|5|1|1|1|1|0|0
RZ1|CHK|293|1|22|3|4|1|0|7|19|1|1|3
RZ1|294|1|Don|5|2|5|2|1|1|1|0|0
RZ1|CHK|294|1|22|3|4|1|0|7|19|1|1|3
[You] The Empty Throne ["OP13-099">OP13-099]: Rest The Empty Throne ["OP13-099">OP13-099]
RZ1|295|1|OP13-089|1|1|2|4|1|1|0|0|0
RZ1|CHK|295|1|22|2|5|1|0|7|19|1|1|3
[You] The Empty Throne ["OP13-099">OP13-099]: Deploy St. Topman Warcury ["OP13-089">OP13-089]
RZ1|296|1|OP13-083|2|1|6|19|1|1|0|0|0
RZ1|CHK|296|1|22|2|4|1|0|7|20|1|1|3
[You] Imu ["OP13-079">OP13-079]: Trash St. Jaygarcia Saturn ["OP13-083">OP13-083]
[] Drew card from deck: Five Elders ["OP13-082">OP13-082]
RZ1|297|1|OP13-082|0|21|1|2|1|1|0|0|0
RZ1|CHK|297|1|21|3|4|1|0|7|20|1|1|3
[You] Imu ["OP13-079">OP13-079]: Draw 1 Card
[You] The Five Elders... Are At Your Service ["OP13-096">OP13-096]: Rest 1 Don
RZ1|298|1|Don|5|3|5|3|1|1|1|0|0
RZ1|CHK|298|1|21|3|4|1|0|7|20|1|1|3
RZ1|299|1|OP13-096|1|1|6|20|1|1|0|0|0
RZ1|CHK|299|1|21|2|4|1|0|7|21|1|1|3
RZ1|300|1|OP13-089|0|19|1|2|1|1|0|0|0
RZ1|CHK|300|1|20|3|4|1|0|7|21|1|1|3
[You] The Five Elders... Are At Your Service ["OP13-096">OP13-096]: <b>Reveal and Draw St. Topman Warcury ["OP13-089">OP13-089]</b>
[You] The Five Elders... Are At Your Service ["OP13-096">OP13-096]: Trash 2 Remaining Cards
RZ1|301|1|OP13-096|0|19|6|21|1|1|0|0|0
RZ1|CHK|301|1|19|3|4|1|0|7|22|1|1|3
RZ1|302|1|OP13-083|0|18|6|22|1|1|0|0|0
RZ1|CHK|302|1|18|3|4|1|0|7|23|1|1|3
[] Hand: [OP13-091,OP13-082,OP13-089]
[] Board: [OP16-093,OP13-083,OP16-093,OP13-089]
[] Trash: [OP13-092,OP13-080,OP13-091,OP13-091,OP13-089,OP14-096,OP13-098,OP13-092,OP13-086,OP13-084,OP16-093,OP13-098,OP05-097,OP13-084,OP13-092,OP13-082,OP14-096,OP13-098,OP13-084,OP13-083,OP13-096,OP13-096,OP13-083]
[] Life: 1
[] Hand: [ST04-016,ST04-003,OP01-119,ST04-016,OP01-119,ST04-014]
[] Trash: [ST04-014,OP07-077,OP07-066,ST04-005,ST04-016,OP01-114,EB02-035,OP07-066,OP08-074]
[] Board: [ST04-005,OP01-114]
[] Life: 1
[You] End Turn
[] Hand: [ST04-016,ST04-003,OP01-119,ST04-016,OP01-119,ST04-014]
[] Board: [ST04-005,OP01-114]
[] Trash: [ST04-014,OP07-077,OP07-066,ST04-005,ST04-016,OP01-114,EB02-035,OP07-066,OP08-074]
[] Life: 1
[] Hand: [OP13-091,OP13-082,OP13-089]
[] Trash: [OP13-092,OP13-080,OP13-091,OP13-091,OP13-089,OP14-096,OP13-098,OP13-092,OP13-086,OP13-084,OP16-093,OP13-098,OP05-097,OP13-084,OP13-092,OP13-082,OP14-096,OP13-098,OP13-084,OP13-083,OP13-096,OP13-096,OP13-083]
[] Board: [OP16-093,OP13-083,OP16-093,OP13-089]
[] Life: 1
[Opponent] Draw 1 Card
[] Drew card from deck: Magellan ["OP02-085">OP02-085]
RZ1|303|2|OP02-085|0|30|1|6|1|1|0|0|0
RZ1|CHK|303|2|30|7|2|1|5|5|9|1|1|0
RZ1|304|2|Don|4|4|5|5|1|1|0|0|0
RZ1|CHK|304|2|30|7|2|1|4|6|9|1|1|0
RZ1|305|2|Don|4|3|5|6|1|1|0|0|0
RZ1|CHK|305|2|30|7|2|1|3|7|9|1|1|0
[Opponent] Draw 2 Don
[Opponent] Attach 1 Don to X.Drake ["OP01-114">OP01-114] (1 Total)
RZ1|306|2|Don|5|6|9|100|1|1|0|0|0
RZ1|CHK|306|2|30|7|2|1|3|6|9|1|1|1
[Opponent] Attach 1 Don to X.Drake ["OP01-114">OP01-114] (2 Total)
RZ1|307|2|Don|5|5|9|101|1|1|0|0|0
RZ1|CHK|307|2|30|7|2|1|3|5|9|1|1|2
[Opponent] Attach 1 Don to X.Drake ["OP01-114">OP01-114] (3 Total)
RZ1|308|2|Don|5|4|9|102|1|1|0|0|0
RZ1|CHK|308|2|30|7|2|1|3|4|9|1|1|3
[Opponent] X.Drake ["OP01-114">OP01-114] attacking Imu ["OP13-079">OP13-079]
[You] St. Topman Warcury ["OP13-089">OP13-089] Blocks
X.Drake ["OP01-114">OP01-114][8000] vs St. Topman Warcury ["OP13-089">OP13-089][5000]
[You] St. Topman Warcury ["OP13-089">OP13-089] Destroyed
RZ1|309|1|OP13-089|2|3|6|23|1|1|0|0|0
RZ1|CHK|309|1|18|3|3|1|0|7|24|1|1|3
[] Drew card from deck: Bartholomew Kuma ["OP16-093">OP16-093]
RZ1|310|1|OP16-093|0|17|1|3|1|1|0|0|0
RZ1|CHK|310|1|17|4|3|1|0|7|24|1|1|3
[You] St. Topman Warcury ["OP13-089">OP13-089]: Draw 1 Card
[Opponent] Kaido ["ST04-001">ST04-001] attacking Imu ["OP13-079">OP13-079]
[You] Discard Bartholomew Kuma ["OP16-093">OP16-093] for Counter 1000
RZ1|311|1|OP16-093|1|3|6|24|1|1|0|0|0
RZ1|CHK|311|1|17|3|3|1|0|7|25|1|1|3
Kaido ["ST04-001">ST04-001][5000] vs Imu ["OP13-079">OP13-079][6000]
Attack Fails
[Opponent] Onigashima Island ["ST04-017">ST04-017]: Rest Onigashima Island ["ST04-017">ST04-017]
Onigashima Island ["ST04-017">ST04-017]: Draw 1 Rested Don
RZ1|312|2|Don|4|2|5|0|1|1|1|0|0
RZ1|CHK|312|2|30|7|2|1|2|5|9|1|1|3
RZ1|313|2|Don|9|102|4|2|1|1|0|0|0
RZ1|CHK|313|2|30|7|2|1|3|5|9|1|1|2
RZ1|314|2|Don|9|101|4|3|1|1|0|0|0
RZ1|CHK|314|2|30|7|2|1|4|5|9|1|1|1
RZ1|315|2|Don|9|100|4|4|1|1|0|0|0
RZ1|CHK|315|2|30|7|2|1|5|5|9|1|1|0
RZ1|316|2|Don|5|0|4|5|1|1|0|0|0
RZ1|CHK|316|2|30|7|2|1|6|4|9|1|1|0
RZ1|317|2|Don|5|0|4|6|1|1|0|0|0
RZ1|CHK|317|2|30|7|2|1|7|3|9|1|1|0
RZ1|318|2|Don|5|0|4|7|1|1|0|0|0
RZ1|CHK|318|2|30|7|2|1|8|2|9|1|1|0
RZ1|319|2|Don|5|0|4|8|1|1|0|0|0
RZ1|CHK|319|2|30|7|2|1|9|1|9|1|1|0
[Opponent] Kaido ["ST04-001">ST04-001]: Minus 7 Don
[Opponent] Kaido ["ST04-001">ST04-001]: Trash 1 Life
[Opponent] Trash The Five Elders... Are At Your Service ["OP13-096">OP13-096] from Life
RZ1|320|1|OP13-096|3|0|6|25|1|1|0|0|0
RZ1|CHK|320|1|17|3|3|0|0|7|26|1|1|3
[Opponent] Attach 1 Don to Queen ["ST04-005">ST04-005] (1 Total)
RZ1|321|2|Don|5|0|9|0|1|1|0|0|0
RZ1|CHK|321|2|30|7|2|1|9|0|9|1|1|1
[Opponent] Queen ["ST04-005">ST04-005] attacking Imu ["OP13-079">OP13-079]
Queen ["ST04-005">ST04-005][7000] vs Imu ["OP13-079">OP13-079][5000]
Imu ["OP13-079">OP13-079] hit for 1 damage
[You] <b>Downloaded the Combat Log!</b>
GameOver
