Waiting for a Connection with Room ID:87DHK7
BigRato​#5650 Has Connected
Version is 1.40a.60
[BigRato​#5650] Leader is Jinbe ["OP14-040">OP14-040]
DucK​#6354 Has Connected
Version is 1.40a.60
[DucK​#6354] Leader is Monkey D. Luffy ["ST29-001">ST29-001]
[DucK​#6354] Chose to go First
[DucK​#6354] Drew card from deck: Jinbe ["ST29-005">ST29-005]
RZ1|11|2|ST29-005|0|49|1|0|0|1|0|0|0
[DucK​#6354] Drew card from deck: Nico Robin ["EB03-055">EB03-055]
RZ1|12|2|EB03-055|0|48|1|1|0|1|0|0|0
[DucK​#6354] Drew card from deck: Bartholomew Kuma ["OP12-119">OP12-119]
RZ1|13|2|OP12-119|0|47|1|2|0|1|0|0|0
[DucK​#6354] Drew card from deck: Marshall D. Teach ["OP16-119">OP16-119]
RZ1|14|2|OP16-119|0|46|1|3|0|1|0|0|0
[DucK​#6354] Drew card from deck: Lilith ["OP13-113">OP13-113]
RZ1|15|2|OP13-113|0|45|1|4|0|1|0|0|0
[BigRato​#5650] Drew card from deck: Sanji ["OP15-047">OP15-047]
RZ1|16|1|OP15-047|0|49|1|0|1|1|0|0|0
[BigRato​#5650] Drew card from deck: Trafalgar Law ["ST17-002">ST17-002]
RZ1|17|1|ST17-002|0|48|1|1|1|1|0|0|0
[BigRato​#5650] Drew card from deck: Crocodile ["OP07-040">OP07-040]
RZ1|18|1|OP07-040|0|47|1|2|1|1|0|0|0
[BigRato​#5650] Drew card from deck: Perfume Femur ["OP07-057">OP07-057]
RZ1|19|1|OP07-057|0|46|1|3|1|1|0|0|0
[BigRato​#5650] Drew card from deck: Crocodile ["OP07-040">OP07-040]
RZ1|20|1|OP07-040|0|45|1|4|1|1|0|0|0
[BigRato​#5650] Hand before Mulligan: [OP15-047,ST17-002,OP07-040,OP07-057,OP07-040]
RZ1|21|1|OP15-047|1|0|0|45|0|0|0|0|0
RZ1|22|1|ST17-002|1|0|0|46|0|0|0|0|0
RZ1|23|1|OP07-040|1|0|0|47|0|0|0|0|0
RZ1|24|1|OP07-057|1|0|0|48|0|0|0|0|0
RZ1|25|1|OP07-040|1|0|0|49|0|0|0|0|0
[BigRato​#5650] Drew card from deck: Trafalgar Law ["ST17-002">ST17-002]
RZ1|26|1|ST17-002|0|49|1|0|1|1|0|0|0
[BigRato​#5650] Drew card from deck: Arlong ["OP14-042">OP14-042]
RZ1|27|1|OP14-042|0|48|1|1|1|1|0|0|0
[BigRato​#5650] Drew card from deck: Sengoku ["OP07-046">OP07-046]
RZ1|28|1|OP07-046|0|47|1|2|1|1|0|0|0
[BigRato​#5650] Drew card from deck: Jinbe ["OP07-045">OP07-045]
RZ1|29|1|OP07-045|0|46|1|3|1|1|0|0|0
[BigRato​#5650] Drew card from deck: Arlong ["OP14-042">OP14-042]
RZ1|30|1|OP14-042|0|45|1|4|1|1|0|0|0
[BigRato​#5650] Hand after Mulligan: [ST17-002,OP14-042,OP07-046,OP07-045,OP14-042]
[BigRato​#5650] Mulligan
RZ1|31|2|Don|4|9|5|0|1|1|0|0|0
[DucK​#6354] Draw 1 Don
RZ1|32|2|Don|5|0|5|0|1|1|1|0|0
[DucK​#6354] Deploy Lilith ["OP13-113">OP13-113]
RZ1|33|2|OP13-113|1|4|2|0|1|1|0|0|0
[BigRato​#5650] <b><size=24>sorry</size></b>
RZ1|34|2|OP16-107|0|37|1|4|0|1|0|0|0
[DucK​#6354] Lilith ["OP13-113">OP13-113]: <b>Reveal and Draw Jesus Burgess ["OP16-107">OP16-107]</b>
[DucK​#6354] Placing Cards on Bottom of Deck
[DucK​#6354] End Turn
[BigRato​#5650] Hand: [ST17-002,OP14-042,OP07-046,OP07-045,OP14-042]
[BigRato​#5650] Board: []
[BigRato​#5650] Trash: []
[BigRato​#5650] Life: 5
[DucK​#6354] Hand: [ST29-005,EB03-055,OP12-119,OP16-119,OP16-107]
[DucK​#6354] Trash: []
[DucK​#6354] Board: [OP13-113]
[DucK​#6354] Life: 6
[BigRato​#5650] Draw 1 Card
[BigRato​#5650] Drew card from deck: Jinbe ["OP07-045">OP07-045]
RZ1|35|1|OP07-045|0|39|1|5|1|1|0|0|0
RZ1|36|1|Don|4|9|5|0|1|1|0|0|0
RZ1|37|1|Don|4|8|5|1|1|1|0|0|0
[BigRato​#5650] Draw 2 Don
RZ1|38|1|Don|5|0|5|0|1|1|1|0|0
[BigRato​#5650] Deploy Sengoku ["OP07-046">OP07-046]
RZ1|39|1|OP07-046|1|2|2|0|1|1|0|0|0
RZ1|40|1|EB01-023|0|37|1|5|1|1|0|0|0
[BigRato​#5650] Sengoku ["OP07-046">OP07-046]: <b>Reveal and Draw Edward Weevil ["EB01-023">EB01-023]</b>
[BigRato​#5650] Placing Cards on Bottom of Deck
RZ1|41|1|Don|5|1|5|1|1|1|1|0|0
[BigRato​#5650] Deploy Arlong ["OP14-042">OP14-042]
RZ1|42|1|OP14-042|1|1|2|1|1|1|0|0|0
RZ1|43|1|EB01-023|0|35|1|5|1|1|0|0|0
[BigRato​#5650] Arlong ["OP14-042">OP14-042]: <b>Reveal and Draw Edward Weevil ["EB01-023">EB01-023]</b>
[BigRato​#5650] Placing Cards on Bottom of Deck
[BigRato​#5650] Hand: [ST17-002,OP07-045,OP14-042,OP07-045,EB01-023,EB01-023]
[BigRato​#5650] Board: [OP07-046,OP14-042]
[BigRato​#5650] Trash: []
[BigRato​#5650] Life: 5
[DucK​#6354] Hand: [ST29-005,EB03-055,OP12-119,OP16-119,OP16-107]
[DucK​#6354] Trash: []
[DucK​#6354] Board: [OP13-113]
[DucK​#6354] Life: 6
[BigRato​#5650] End Turn
[DucK​#6354] Draw 1 Card
[DucK​#6354] Drew card from deck: Lilith ["OP13-113">OP13-113]
RZ1|44|2|OP13-113|0|37|1|5|0|1|0|0|0
RZ1|45|2|Don|4|8|5|1|1|1|0|0|0
RZ1|46|2|Don|4|7|5|2|1|1|0|0|0
[DucK​#6354] Draw 2 Don
[DucK​#6354] Monkey D. Luffy ["ST29-001">ST29-001] attacking Jinbe ["OP14-040">OP14-040]
[BigRato​#5650] Discard Jinbe ["OP07-045">OP07-045] for Counter 1000
RZ1|47|1|OP07-045|1|1|6|0|1|1|0|0|0
Monkey D. Luffy ["ST29-001">ST29-001][5000] vs Jinbe ["OP14-040">OP14-040][6000]
Attack Fails
RZ1|48|2|Don|5|0|5|0|1|1|1|0|0
RZ1|49|2|Don|5|1|5|1|1|1|1|0|0
RZ1|50|2|Don|5|2|5|2|1|1|1|0|0
[DucK​#6354] Deploy Jesus Burgess ["OP16-107">OP16-107]
RZ1|51|2|OP16-107|1|4|2|1|1|1|0|0|0
[DucK​#6354] End Turn
[BigRato​#5650] Hand: [ST17-002,OP14-042,OP07-045,EB01-023,EB01-023]
[BigRato​#5650] Board: [OP07-046,OP14-042]
[BigRato​#5650] Trash: [OP07-045]
[BigRato​#5650] Life: 5
[DucK​#6354] Hand: [ST29-005,EB03-055,OP12-119,OP16-119,OP13-113]
[DucK​#6354] Trash: []
[DucK​#6354] Board: [OP13-113,OP16-107]
[DucK​#6354] Life: 6
[BigRato​#5650] Draw 1 Card
[BigRato​#5650] Drew card from deck: Sengoku ["OP07-046">OP07-046]
RZ1|52|1|OP07-046|0|36|1|5|1|1|0|0|0
RZ1|53|1|Don|4|7|5|2|1|1|0|0|0
RZ1|54|1|Don|4|6|5|3|1|1|0|0|0
[BigRato​#5650] Draw 2 Don
RZ1|55|1|Don|5|0|5|0|1|1|1|0|0
RZ1|56|1|Don|5|1|5|1|1|1|1|0|0
RZ1|57|1|Don|5|2|5|2|1|1|1|0|0
RZ1|58|1|Don|5|3|5|3|1|1|1|0|0
[BigRato​#5650] Deploy Jinbe ["OP07-045">OP07-045]
RZ1|59|1|OP07-045|1|2|2|2|1|1|0|0|0
RZ1|60|1|EB01-023|1|3|2|3|1|1|0|0|0
[BigRato​#5650] Jinbe ["OP07-045">OP07-045]: Deploy Edward Weevil ["EB01-023">EB01-023]
[BigRato​#5650] Drew card from deck: Jinbe ["OP07-045">OP07-045]
RZ1|61|1|OP07-045|0|35|1|4|1|1|0|0|0
[BigRato​#5650] Edward Weevil ["EB01-023">EB01-023]: Draw 1 Card
[BigRato​#5650] Jinbe ["OP14-040">OP14-040] attacking Monkey D. Luffy ["ST29-001">ST29-001]
Jinbe ["OP14-040">OP14-040][5000] vs Monkey D. Luffy ["ST29-001">ST29-001][5000]
Monkey D. Luffy ["ST29-001">ST29-001] hit for 1 damage
[BigRato​#5650] Hand: [ST17-002,OP14-042,EB01-023,OP07-046,OP07-045]
[BigRato​#5650] Board: [OP07-046,OP14-042,OP07-045,EB01-023]
[BigRato​#5650] Trash: [OP07-045]
[BigRato​#5650] Life: 5
[DucK​#6354] Hand: [ST29-005,EB03-055,OP12-119,OP16-119,OP13-113,EB03-053]
[DucK​#6354] Trash: []
[DucK​#6354] Board: [OP13-113,OP16-107]
[DucK​#6354] Life: 5
[BigRato​#5650] End Turn
[DucK​#6354] Draw 1 Card
[DucK​#6354] Drew card from deck: Nami ["OP08-106">OP08-106]
RZ1|62|2|OP08-106|0|36|1|6|0|1|0|0|0
RZ1|63|2|Don|4|6|5|3|1|1|0|0|0
RZ1|64|2|Don|4|5|5|4|1|1|0|0|0
[DucK​#6354] Draw 2 Don
[DucK​#6354] Jesus Burgess ["OP16-107">OP16-107] attacking Jinbe ["OP14-040">OP14-040]
[BigRato​#5650] Discard Sengoku ["OP07-046">OP07-046] for Counter 1000
RZ1|65|1|OP07-046|1|3|6|1|1|1|0|0|0
Jesus Burgess ["OP16-107">OP16-107][5000] vs Jinbe ["OP14-040">OP14-040][6000]
Attack Fails
[DucK​#6354] Monkey D. Luffy ["ST29-001">ST29-001] attacking Jinbe ["OP14-040">OP14-040]
Monkey D. Luffy ["ST29-001">ST29-001][5000] vs Jinbe ["OP14-040">OP14-040][5000]
Jinbe ["OP14-040">OP14-040] hit for 1 damage
RZ1|66|2|Don|5|0|5|0|1|1|1|0|0
RZ1|67|2|Don|5|1|5|1|1|1|1|0|0
RZ1|68|2|Don|5|2|5|2|1|1|1|0|0
RZ1|69|2|Don|5|3|5|3|1|1|1|0|0
RZ1|70|2|Don|5|4|5|4|1|1|1|0|0
[DucK​#6354] Deploy Nami ["OP08-106">OP08-106]
RZ1|71|2|OP08-106|1|6|2|2|1|1|0|0|0
RZ1|72|2|OP13-113|1|4|6|0|1|1|0|0|0
[DucK​#6354] Nami ["OP08-106">OP08-106]: Trash Lilith ["OP13-113">OP13-113]
[DucK​#6354] Nami ["OP08-106">OP08-106]: Destroy Jinbe ["OP07-045">OP07-045]
RZ1|73|1|OP07-045|2|2|6|2|1|1|0|0|0
[DucK​#6354] End Turn
[BigRato​#5650] Hand: [ST17-002,OP14-042,EB01-023,OP07-045,OP14-046]
[BigRato​#5650] Board: [OP07-046,OP14-042,EB01-023]
[BigRato​#5650] Trash: [OP07-045,OP07-046,OP07-045]
[BigRato​#5650] Life: 4
[DucK​#6354] Hand: [ST29-005,EB03-055,OP12-119,OP16-119,EB03-053]
[DucK​#6354] Trash: [OP13-113]
[DucK​#6354] Board: [OP13-113,OP16-107,OP08-106]
[DucK​#6354] Life: 5
[BigRato​#5650] Draw 1 Card
[BigRato​#5650] Drew card from deck: Trafalgar Law ["ST17-002">ST17-002]
RZ1|74|1|ST17-002|0|34|1|5|1|1|0|0|0
RZ1|75|1|Don|4|5|5|4|1|1|0|0|0
RZ1|76|1|Don|4|4|5|5|1|1|0|0|0
[BigRato​#5650] Draw 2 Don
RZ1|77|1|Don|5|0|5|0|1|1|1|0|0
RZ1|78|1|Don|5|1|5|1|1|1|1|0|0
RZ1|79|1|Don|5|2|5|2|1|1|1|0|0
RZ1|80|1|Don|5|3|5|3|1|1|1|0|0
[BigRato​#5650] Deploy Jinbe ["OP07-045">OP07-045]
RZ1|81|1|OP07-045|1|3|2|3|1|1|0|0|0
RZ1|82|1|ST17-002|1|4|2|4|1|1|0|0|0
[BigRato​#5650] Jinbe ["OP07-045">OP07-045]: Deploy Trafalgar Law ["ST17-002">ST17-002]
[BigRato​#5650] Trafalgar Law ["ST17-002">ST17-002]: Return Arlong ["OP14-042">OP14-042] to Hand
[BigRato​#5650] Trafalgar Law ["ST17-002">ST17-002]: Send Jesus Burgess ["OP16-107">OP16-107] to Hand
RZ1|83|1|Don|5|4|5|4|1|1|1|0|0
[BigRato​#5650] Deploy Arlong ["OP14-042">OP14-042]
RZ1|84|1|OP14-042|1|4|2|4|1|1|0|0|0
RZ1|85|1|OP07-051|0|32|1|4|1|1|0|0|0
[BigRato​#5650] Arlong ["OP14-042">OP14-042]: <b>Reveal and Draw Boa Hancock ["OP07-051">OP07-051]</b>
[BigRato​#5650] Placing Cards on Bottom of Deck
[BigRato​#5650] Attach 1 Don to Jinbe ["OP14-040">OP14-040] (1 Total)
RZ1|86|1|Don|5|5|9|9900|1|1|0|0|0
[BigRato​#5650] Jinbe ["OP14-040">OP14-040] attacking Monkey D. Luffy ["ST29-001">ST29-001]
[DucK​#6354] Discard Jinbe ["ST29-005">ST29-005] for Counter 2000
RZ1|87|2|ST29-005|1|0|6|1|1|1|0|0|0
Jinbe ["OP14-040">OP14-040][6000] vs Monkey D. Luffy ["ST29-001">ST29-001][7000]
Attack Fails
[BigRato​#5650] Edward Weevil ["EB01-023">EB01-023] attacking Monkey D. Luffy ["ST29-001">ST29-001]
Edward Weevil ["EB01-023">EB01-023][6000] vs Monkey D. Luffy ["ST29-001">ST29-001][5000]
Monkey D. Luffy ["ST29-001">ST29-001] hit for 1 damage
[DucK​#6354] Nami ["OP08-106">OP08-106]: Activate Trigger
RZ1|88|2|OP08-106|1|5|6|2|1|1|0|0|0
RZ1|89|2|OP16-107|1|4|6|3|1|1|0|0|0
[DucK​#6354] Nami ["OP08-106">OP08-106]: Trash Jesus Burgess ["OP16-107">OP16-107]
[DucK​#6354] Nami ["OP08-106">OP08-106]: Destroy Jinbe ["OP07-045">OP07-045]
RZ1|90|1|OP07-045|2|2|6|3|1|1|0|0|0
[BigRato​#5650] Hand: [ST17-002,OP14-042,EB01-023,OP14-046,OP07-051]
[BigRato​#5650] Board: [OP07-046,EB01-023,ST17-002,OP14-042]
[BigRato​#5650] Trash: [OP07-045,OP07-046,OP07-045,OP07-045]
[BigRato​#5650] Life: 4
[DucK​#6354] Hand: [EB03-055,OP12-119,OP16-119,EB03-053]
[DucK​#6354] Trash: [OP13-113,ST29-005,OP08-106,OP16-107]
[DucK​#6354] Board: [OP13-113,OP08-106]
[DucK​#6354] Life: 4
[BigRato​#5650] End Turn
[DucK​#6354] Draw 1 Card
[DucK​#6354] Drew card from deck: Jinbe ["ST29-005">ST29-005]
RZ1|91|2|ST29-005|0|35|1|4|0|1|0|0|0
RZ1|92|2|Don|4|4|5|5|1|1|0|0|0
RZ1|93|2|Don|4|3|5|6|1|1|0|0|0
[DucK​#6354] Draw 2 Don
[DucK​#6354] Nami ["OP08-106">OP08-106] attacking Jinbe ["OP14-040">OP14-040]
[BigRato​#5650] Discard Trafalgar Law ["ST17-002">ST17-002] for Counter 1000
RZ1|94|1|ST17-002|1|0|6|4|1|1|0|0|0
Nami ["OP08-106">OP08-106][5000] vs Jinbe ["OP14-040">OP14-040][6000]
Attack Fails
[DucK​#6354] Monkey D. Luffy ["ST29-001">ST29-001] attacking Jinbe ["OP14-040">OP14-040]
Monkey D. Luffy ["ST29-001">ST29-001][5000] vs Jinbe ["OP14-040">OP14-040][5000]
Jinbe ["OP14-040">OP14-040] hit for 1 damage
RZ1|95|2|Don|5|0|5|0|1|1|1|0|0
RZ1|96|2|Don|5|1|5|1|1|1|1|0|0
RZ1|97|2|Don|5|2|5|2|1|1|1|0|0
RZ1|98|2|Don|5|3|5|3|1|1|1|0|0
RZ1|99|2|Don|5|4|5|4|1|1|1|0|0
RZ1|100|2|Don|5|5|5|5|1|1|1|0|0
RZ1|101|2|Don|5|6|5|6|1|1|1|0|0
[DucK​#6354] Deploy Nico Robin ["EB03-055">EB03-055]
RZ1|102|2|EB03-055|1|0|2|2|1|1|0|0|0
[DucK​#6354] Nico Robin ["EB03-055">EB03-055]: Trashes Top Life
[DucK​#6354] Trash Kikunojo ["OP06-104">OP06-104] from Life
[DucK​#6354] Nico Robin ["EB03-055">EB03-055]: Add card to top of Life from Deck
[DucK​#6354] Nico Robin ["EB03-055">EB03-055]: Add card to top of Life from Deck
[DucK​#6354] End Turn
[BigRato​#5650] Hand: [OP14-042,EB01-023,OP14-046,OP07-051,ST17-002]
[BigRato​#5650] Board: [OP07-046,EB01-023,ST17-002,OP14-042]
[BigRato​#5650] Trash: [OP07-045,OP07-046,OP07-045,OP07-045,ST17-002]
[BigRato​#5650] Life: 3
[DucK​#6354] Hand: [OP12-119,OP16-119,EB03-053,ST29-005]
[DucK​#6354] Trash: [OP13-113,ST29-005,OP08-106,OP16-107,OP06-104]
[DucK​#6354] Board: [OP13-113,OP08-106,EB03-055]
[DucK​#6354] Life: 5
RZ1|103|1|Don|9|9900|5|0|1|1|1|0|0
[BigRato​#5650] Draw 1 Card
[BigRato​#5650] Drew card from deck: Jinbe ["OP14-049">OP14-049]
RZ1|104|1|OP14-049|0|32|1|5|1|1|0|0|0
RZ1|105|1|Don|4|3|5|6|1|1|0|0|0
RZ1|106|1|Don|4|2|5|7|1|1|0|0|0
[BigRato​#5650] Draw 2 Don
RZ1|107|1|Don|5|0|5|0|1|1|1|0|0
RZ1|108|1|Don|5|1|5|1|1|1|1|0|0
RZ1|109|1|Don|5|2|5|2|1|1|1|0|0
RZ1|110|1|Don|5|3|5|3|1|1|1|0|0
RZ1|111|1|Don|5|4|5|4|1|1|1|0|0
RZ1|112|1|Don|5|5|5|5|1|1|1|0|0
[BigRato​#5650] Deploy Boa Hancock ["OP07-051">OP07-051]
RZ1|113|1|OP07-051|1|3|2|4|1|1|0|0|0
[BigRato​#5650] Boa Hancock ["OP07-051">OP07-051]: Nico Robin ["EB03-055">EB03-055] can't attack next turn
[BigRato​#5650] Boa Hancock ["OP07-051">OP07-051]: Send Lilith ["OP13-113">OP13-113] to Deck Bottom
RZ1|114|2|OP13-113|2|0|0|0|0|0|0|0|0
[BigRato​#5650] Trafalgar Law ["ST17-002">ST17-002] attacking Nami ["OP08-106">OP08-106]
RZ1|115|2|OP08-106|2|0|6|5|1|1|0|0|0
Trafalgar Law ["ST17-002">ST17-002][5000] vs Nami ["OP08-106">OP08-106][5000]
[DucK​#6354] Nami ["OP08-106">OP08-106] Destroyed
[BigRato​#5650] Attach 1 Don to Jinbe ["OP14-040">OP14-040] (1 Total)
RZ1|116|1|Don|5|7|9|9900|1|1|0|0|0
[BigRato​#5650] Jinbe ["OP14-040">OP14-040] attacking Monkey D. Luffy ["ST29-001">ST29-001]
[DucK​#6354] Discard Jinbe ["ST29-005">ST29-005] for Counter 2000
RZ1|117|2|ST29-005|1|3|6|6|1|1|0|0|0
Jinbe ["OP14-040">OP14-040][6000] vs Monkey D. Luffy ["ST29-001">ST29-001][7000]
Attack Fails
[BigRato​#5650] Edward Weevil ["EB01-023">EB01-023] attacking Monkey D. Luffy ["ST29-001">ST29-001]
Edward Weevil ["EB01-023">EB01-023][6000] vs Monkey D. Luffy ["ST29-001">ST29-001][5000]
Monkey D. Luffy ["ST29-001">ST29-001] hit for 1 damage
[BigRato​#5650] Hand: [OP14-042,EB01-023,OP14-046,ST17-002,OP14-049]
[BigRato​#5650] Board: [OP07-046,EB01-023,ST17-002,OP14-042,OP07-051]
[BigRato​#5650] Trash: [OP07-045,OP07-046,OP07-045,OP07-045,ST17-002]
[BigRato​#5650] Life: 3
[DucK​#6354] Hand: [OP12-119,OP16-119,EB03-053,ST29-009]
[DucK​#6354] Trash: [OP13-113,ST29-005,OP08-106,OP16-107,OP06-104,OP08-106,ST29-005]
[DucK​#6354] Board: [EB03-055]
[DucK​#6354] Life: 4
[BigRato​#5650] End Turn
[DucK​#6354] Draw 1 Card
[DucK​#6354] Drew card from deck: Jinbe ["ST29-005">ST29-005]
RZ1|118|2|ST29-005|0|33|1|4|0|1|0|0|0
RZ1|119|2|Don|4|2|5|7|1|1|0|0|0
RZ1|120|2|Don|4|1|5|8|1|1|0|0|0
[DucK​#6354] Draw 2 Don
RZ1|121|2|Don|5|0|5|0|1|1|1|0|0
RZ1|122|2|Don|5|1|5|1|1|1|1|0|0
RZ1|123|2|Don|5|2|5|2|1|1|1|0|0
RZ1|124|2|Don|5|3|5|3|1|1|1|0|0
RZ1|125|2|Don|5|4|5|4|1|1|1|0|0
[DucK​#6354] Deploy Nami ["EB03-053">EB03-053]
RZ1|126|2|EB03-053|1|2|2|1|1|1|0|0|0
[DucK​#6354] Nami ["EB03-053">EB03-053]: Attach 1 Rested Don to Monkey D. Luffy ["ST29-001">ST29-001]
RZ1|127|2|Don|5|0|9|9900|1|1|1|0|0
[DucK​#6354] Nami ["EB03-053">EB03-053]: Send 1 Life to Hand
[DucK​#6354] Attach 3 Don to Monkey D. Luffy ["ST29-001">ST29-001] (4 Total)
RZ1|128|2|Don|5|4|9|9901|1|1|0|0|0
RZ1|129|2|Don|5|4|9|9902|1|1|0|0|0
RZ1|130|2|Don|5|4|9|9903|1|1|0|0|0
[DucK​#6354] Monkey D. Luffy ["ST29-001">ST29-001] attacking Jinbe ["OP14-040">OP14-040]
Monkey D. Luffy ["ST29-001">ST29-001][9000] vs Jinbe ["OP14-040">OP14-040][5000]
Jinbe ["OP14-040">OP14-040] hit for 1 damage
[BigRato​#5650] Perfume Femur ["OP07-057">OP07-057]: Activate Trigger
[BigRato​#5650] Drew card from deck: Jinbe ["OP14-049">OP14-049]
RZ1|131|1|OP14-049|0|31|1|7|1|1|0|0|0
[BigRato​#5650] Perfume Femur ["OP07-057">OP07-057]: Draw 1 Card
RZ1|132|1|OP07-057|1|6|6|5|1|1|0|0|0
[DucK​#6354] Nico Robin ["EB03-055">EB03-055] is no longer blocked from attacking
[DucK​#6354] End Turn
[BigRato​#5650] Hand: [OP14-042,EB01-023,OP14-046,ST17-002,OP14-049,OP07-051,OP14-049]
[BigRato​#5650] Board: [OP07-046,EB01-023,ST17-002,OP14-042,OP07-051]
[BigRato​#5650] Trash: [OP07-045,OP07-046,OP07-045,OP07-045,ST17-002,OP07-057]
[BigRato​#5650] Life: 1
[DucK​#6354] Hand: [OP12-119,OP16-119,ST29-009,ST29-005]
[DucK​#6354] Trash: [OP13-113,ST29-005,OP08-106,OP16-107,OP06-104,OP08-106,ST29-005]
[DucK​#6354] Board: [EB03-055,EB03-053]
[DucK​#6354] Life: 4
RZ1|133|1|Don|9|9900|5|0|1|1|1|0|0
[BigRato​#5650] Draw 1 Card
[BigRato​#5650] Drew card from deck: Gravity Blade Raging Tiger ["OP06-058">OP06-058]
RZ1|134|1|OP06-058|0|30|1|7|1|1|0|0|0
RZ1|135|1|Don|4|1|5|8|1|1|0|0|0
RZ1|136|1|Don|4|0|5|9|1|1|0|0|0
[BigRato​#5650] Draw 2 Don
RZ1|137|1|Don|5|0|5|0|1|1|1|0|0
RZ1|138|1|Don|5|1|5|1|1|1|1|0|0
RZ1|139|1|Don|5|2|5|2|1|1|1|0|0
RZ1|140|1|Don|5|3|5|3|1|1|1|0|0
RZ1|141|1|Don|5|4|5|4|1|1|1|0|0
RZ1|142|1|Don|5|5|5|5|1|1|1|0|0
RZ1|143|1|Don|5|6|5|6|1|1|1|0|0
RZ1|144|1|Don|5|7|5|7|1|1|1|0|0
[BigRato​#5650] Trash Sengoku ["OP07-046">OP07-046]
[BigRato​#5650] Deploy Jinbe ["OP14-049">OP14-049]
RZ1|145|1|OP07-046|2|0|6|6|1|1|0|0|0
RZ1|146|1|OP14-049|1|6|2|4|1|1|0|0|0
[BigRato​#5650] Jinbe ["OP14-049">OP14-049]: Rest 2 Don
RZ1|147|1|Don|5|8|5|8|1|1|1|0|0
RZ1|148|1|Don|5|9|5|9|1|1|1|0|0
[BigRato​#5650] Drew card from deck: Chew ["OP14-050">OP14-050]
RZ1|149|1|OP14-050|0|29|1|7|1|1|0|0|0
[BigRato​#5650] Drew card from deck: Crocodile ["OP07-040">OP07-040]
RZ1|150|1|OP07-040|0|28|1|8|1|1|0|0|0
[BigRato​#5650] Jinbe ["OP14-049">OP14-049]: Draw 2 Card
[BigRato​#5650] Jinbe ["OP14-049">OP14-049]: Send Nico Robin ["EB03-055">EB03-055] to Hand
RZ1|151|1|OP14-050|1|7|6|7|1|1|0|0|0
[BigRato​#5650] Jinbe ["OP14-040">OP14-040]: Trash Chew ["OP14-050">OP14-050]
[BigRato​#5650] Jinbe ["OP14-040">OP14-040]: Attach 1 Rested Don to Arlong ["OP14-042">OP14-042]
RZ1|152|1|Don|5|0|9|200|1|1|1|0|0
[BigRato​#5650] Jinbe ["OP14-040">OP14-040]: Attach 1 Rested Don to Arlong ["OP14-042">OP14-042]
RZ1|153|1|Don|5|0|9|201|1|1|1|0|0
[BigRato​#5650] Jinbe ["OP14-049">OP14-049]: Give Jinbe ["OP14-049">OP14-049] Rush
[BigRato​#5650] Arlong ["OP14-042">OP14-042] attacking Monkey D. Luffy ["ST29-001">ST29-001]
[DucK​#6354] Discard Bartholomew Kuma ["OP12-119">OP12-119] for Counter 1000
RZ1|154|2|OP12-119|1|0|6|7|1|1|0|0|0
Arlong ["OP14-042">OP14-042][5000] vs Monkey D. Luffy ["ST29-001">ST29-001][6000]
Attack Fails
[BigRato​#5650] Trafalgar Law ["ST17-002">ST17-002] attacking Monkey D. Luffy ["ST29-001">ST29-001]
Trafalgar Law ["ST17-002">ST17-002][5000] vs Monkey D. Luffy ["ST29-001">ST29-001][5000]
Monkey D. Luffy ["ST29-001">ST29-001] hit for 1 damage
[DucK​#6354] Lilith ["OP13-113">OP13-113]: Activate Trigger
RZ1|155|2|OP13-113|1|4|6|8|1|1|0|0|0
RZ1|156|2|ST29-009|0|31|1|4|0|1|0|0|0
[DucK​#6354] Lilith ["OP13-113">OP13-113]: <b>Reveal and Draw Nico Robin ["ST29-009">ST29-009]</b>
[DucK​#6354] Placing Cards on Bottom of Deck
[BigRato​#5650] Edward Weevil ["EB01-023">EB01-023] attacking Monkey D. Luffy ["ST29-001">ST29-001]
[DucK​#6354] Discard Nico Robin ["ST29-009">ST29-009] for Counter 2000
RZ1|157|2|ST29-009|1|4|6|9|1|1|0|0|0
Edward Weevil ["EB01-023">EB01-023][6000] vs Monkey D. Luffy ["ST29-001">ST29-001][7000]
Attack Fails
RZ1|158|1|EB01-023|1|1|6|8|1|1|0|0|0
[BigRato​#5650] Jinbe ["OP14-040">OP14-040]: Trash Edward Weevil ["EB01-023">EB01-023]
[BigRato​#5650] Jinbe ["OP14-040">OP14-040]: Attach 1 Rested Don to Jinbe ["OP14-040">OP14-040]
RZ1|159|1|Don|5|0|9|9900|1|1|1|0|0
[BigRato​#5650] Jinbe ["OP14-040">OP14-040]: Attach 1 Rested Don to Jinbe ["OP14-040">OP14-040]
RZ1|160|1|Don|5|0|9|9901|1|1|1|0|0
[BigRato​#5650] Jinbe ["OP14-049">OP14-049]: Give Jinbe ["OP14-049">OP14-049] Rush
[BigRato​#5650] Jinbe ["OP14-040">OP14-040] attacking Monkey D. Luffy ["ST29-001">ST29-001]
Jinbe ["OP14-040">OP14-040][7000] vs Monkey D. Luffy ["ST29-001">ST29-001][5000]
Monkey D. Luffy ["ST29-001">ST29-001] hit for 1 damage
[BigRato​#5650] Boa Hancock ["OP07-051">OP07-051] attacking Monkey D. Luffy ["ST29-001">ST29-001]
Boa Hancock ["OP07-051">OP07-051][8000] vs Monkey D. Luffy ["ST29-001">ST29-001][5000]
Monkey D. Luffy ["ST29-001">ST29-001] hit for 1 damage
RZ1|161|1|OP14-042|1|0|6|9|1|1|0|0|0
[BigRato​#5650] Jinbe ["OP14-040">OP14-040]: Trash Arlong ["OP14-042">OP14-042]
[BigRato​#5650] Jinbe ["OP14-040">OP14-040]: Attach 1 Rested Don to Jinbe ["OP14-049">OP14-049]
RZ1|162|1|Don|5|0|9|400|1|1|1|0|0
[BigRato​#5650] Jinbe ["OP14-040">OP14-040]: Attach 1 Rested Don to Jinbe ["OP14-049">OP14-049]
RZ1|163|1|Don|5|0|9|401|1|1|1|0|0
[BigRato​#5650] Jinbe ["OP14-049">OP14-049]: Give Jinbe ["OP14-049">OP14-049] Rush
[BigRato​#5650] Jinbe ["OP14-049">OP14-049] attacking Monkey D. Luffy ["ST29-001">ST29-001]
Jinbe ["OP14-049">OP14-049][12000] vs Monkey D. Luffy ["ST29-001">ST29-001][5000]
Monkey D. Luffy ["ST29-001">ST29-001] hit for 1 damage
[BigRato​#5650] Hand: [OP14-046,ST17-002,OP14-049,OP07-051,OP06-058,OP07-040]
[BigRato​#5650] Board: [EB01-023,ST17-002,OP14-042,OP07-051,OP14-049]
[BigRato​#5650] Trash: [OP07-045,OP07-046,OP07-045,OP07-045,ST17-002,OP07-057,OP07-046,OP14-050,EB01-023,OP14-042]
[BigRato​#5650] Life: 1
[DucK​#6354] Hand: [OP16-119,ST29-009,ST29-005,EB03-055,OP12-119,OP13-108,ST29-009]
[DucK​#6354] Trash: [OP13-113,ST29-005,OP08-106,OP16-107,OP06-104,OP08-106,ST29-005,OP12-119,OP13-113,ST29-009]
[DucK​#6354] Board: [EB03-053]
[DucK​#6354] Life: 0
[BigRato​#5650] End Turn
RZ1|164|2|Don|9|9900|5|0|1|1|1|0|0
RZ1|165|2|Don|9|9900|5|0|1|1|1|0|0
RZ1|166|2|Don|9|9900|5|0|1|1|1|0|0
RZ1|167|2|Don|9|9900|5|0|1|1|1|0|0
[DucK​#6354] Draw 1 Card
[DucK​#6354] Drew card from deck: Lilith ["OP13-113">OP13-113]
RZ1|168|2|OP13-113|0|31|1|7|0|1|0|0|0
RZ1|169|2|Don|4|0|5|9|1|1|0|0|0
[DucK​#6354] Draw 2 Don
RZ1|170|2|Don|5|0|5|0|1|1|1|0|0
RZ1|171|2|Don|5|1|5|1|1|1|1|0|0
RZ1|172|2|Don|5|2|5|2|1|1|1|0|0
RZ1|173|2|Don|5|3|5|3|1|1|1|0|0
RZ1|174|2|Don|5|4|5|4|1|1|1|0|0
RZ1|175|2|Don|5|5|5|5|1|1|1|0|0
RZ1|176|2|Don|5|6|5|6|1|1|1|0|0
RZ1|177|2|Don|5|7|5|7|1|1|1|0|0
RZ1|178|2|Don|5|8|5|8|1|1|1|0|0
[DucK​#6354] Deploy Jewelry Bonney ["OP13-108">OP13-108]
RZ1|179|2|OP13-108|1|5|2|1|1|1|0|0|0
[DucK​#6354] Jewelry Bonney ["OP13-108">OP13-108]: Give Jewelry Bonney ["OP13-108">OP13-108] Rush
[DucK​#6354] Jewelry Bonney ["OP13-108">OP13-108]: Send 1 Life to Hand
[DucK​#6354] Attach 1 Don to Jewelry Bonney ["OP13-108">OP13-108] (1 Total)
RZ1|180|2|Don|5|9|9|100|1|1|0|0|0
[DucK​#6354] Jewelry Bonney ["OP13-108">OP13-108] attacking Jinbe ["OP14-040">OP14-040]
[BigRato​#5650] Discard Koala ["OP14-046">OP14-046] for Counter 2000
RZ1|181|1|OP14-046|1|6|6|10|1|1|0|0|0
[BigRato​#5650] Discard Crocodile ["OP07-040">OP07-040] for Counter 2000
RZ1|182|1|OP07-040|1|5|6|11|1|1|0|0|0
[BigRato​#5650] Discard Koala ["OP14-046">OP14-046] for Counter 2000
RZ1|183|1|OP14-046|1|0|6|12|1|1|0|0|0
[BigRato​#5650] Discard Trafalgar Law ["ST17-002">ST17-002] for Counter 1000
RZ1|184|1|ST17-002|1|0|6|13|1|1|0|0|0
Jewelry Bonney ["OP13-108">OP13-108][11000] vs Jinbe ["OP14-040">OP14-040][12000]
Attack Fails
[DucK​#6354] Monkey D. Luffy ["ST29-001">ST29-001] attacking Jinbe ["OP14-040">OP14-040]
[DucK​#6354] Drew card from deck: Nami ["EB03-053">EB03-053]
RZ1|185|2|EB03-053|0|30|1|7|0|1|0|0|0
[DucK​#6354] Monkey D. Luffy ["ST29-001">ST29-001]: Draw 1 Card
RZ1|186|2|EB03-055|1|3|6|10|1|1|0|0|0
[DucK​#6354] Monkey D. Luffy ["ST29-001">ST29-001]: Trash Nico Robin ["EB03-055">EB03-055]
Monkey D. Luffy ["ST29-001">ST29-001][5000] vs Jinbe ["OP14-040">OP14-040][5000]
Jinbe ["OP14-040">OP14-040] hit for 1 damage
[DucK​#6354] Quits!
Opponent Has Disconnected!
[BigRato​#5650] <b>Downloaded the Combat Log!</b>
OpponentDisconnect
