Waiting for a Connection with Room ID:HGDRLH
BigRato​#5650 Has Connected
Version is 1.40a.60
[BigRato​#5650] Leader is Jinbe ["OP14-040">OP14-040]
SnufkinDM​#6827 Has Connected
Version is 1.40a.60
[SnufkinDM​#6827] Leader is Sakazuki ["OP05-041">OP05-041]
[SnufkinDM​#6827] Chose to go Second
[SnufkinDM​#6827] Drew card from deck: Issho ["OP05-042">OP05-042]
RZ1|15|2|OP05-042|0|49|1|0|0|1|0|0|0
[SnufkinDM​#6827] Drew card from deck: Marco ["PRB02-008">PRB02-008]
RZ1|16|2|PRB02-008|0|48|1|1|0|1|0|0|0
[SnufkinDM​#6827] Drew card from deck: Mr. 3 (Galdino) ["OP16-056">OP16-056]
RZ1|17|2|OP16-056|0|47|1|2|0|1|0|0|0
[SnufkinDM​#6827] Drew card from deck: Gravity Blade Raging Tiger ["OP06-058">OP06-058]
RZ1|18|2|OP06-058|0|46|1|3|0|1|0|0|0
[SnufkinDM​#6827] Drew card from deck: Rebecca ["OP05-091">OP05-091]
RZ1|19|2|OP05-091|0|45|1|4|0|1|0|0|0
[BigRato​#5650] Drew card from deck: Crocodile ["OP07-040">OP07-040]
RZ1|20|1|OP07-040|0|49|1|0|1|1|0|0|0
[BigRato​#5650] Drew card from deck: Leo ["OP15-052">OP15-052]
RZ1|21|1|OP15-052|0|48|1|1|1|1|0|0|0
[BigRato​#5650] Drew card from deck: Koala ["OP14-046">OP14-046]
RZ1|22|1|OP14-046|0|47|1|2|1|1|0|0|0
[BigRato​#5650] Drew card from deck: Boa Hancock ["OP07-051">OP07-051]
RZ1|23|1|OP07-051|0|46|1|3|1|1|0|0|0
[BigRato​#5650] Drew card from deck: Gravity Blade Raging Tiger ["OP06-058">OP06-058]
RZ1|24|1|OP06-058|0|45|1|4|1|1|0|0|0
[BigRato​#5650] Hand before Mulligan: [OP07-040,OP15-052,OP14-046,OP07-051,OP06-058]
RZ1|25|2|OP05-042|1|0|0|45|0|0|0|0|0
RZ1|26|2|PRB02-008|1|0|0|46|0|0|0|0|0
RZ1|27|2|OP16-056|1|0|0|47|0|0|0|0|0
RZ1|28|2|OP06-058|1|0|0|48|0|0|0|0|0
RZ1|29|2|OP05-091|1|0|0|49|0|0|0|0|0
[SnufkinDM​#6827] Drew card from deck: Tashigi ["OP06-050">OP06-050]
RZ1|30|2|OP06-050|0|49|1|0|0|1|0|0|0
[SnufkinDM​#6827] Drew card from deck: Gravity Blade Raging Tiger ["OP06-058">OP06-058]
RZ1|31|2|OP06-058|0|48|1|1|0|1|0|0|0
[SnufkinDM​#6827] Drew card from deck: Mr. 3 (Galdino) ["OP16-056">OP16-056]
RZ1|32|2|OP16-056|0|47|1|2|0|1|0|0|0
[SnufkinDM​#6827] Drew card from deck: Bluegrass ["EB04-026">EB04-026]
RZ1|33|2|EB04-026|0|46|1|3|0|1|0|0|0
[SnufkinDM​#6827] Drew card from deck: Hound Blaze ["OP05-057">OP05-057]
RZ1|34|2|OP05-057|0|45|1|4|0|1|0|0|0
[SnufkinDM​#6827] Mulligan
RZ1|35|1|OP07-040|1|0|0|45|0|0|0|0|0
RZ1|36|1|OP15-052|1|0|0|46|0|0|0|0|0
RZ1|37|1|OP14-046|1|0|0|47|0|0|0|0|0
RZ1|38|1|OP07-051|1|0|0|48|0|0|0|0|0
RZ1|39|1|OP06-058|1|0|0|49|0|0|0|0|0
[BigRato​#5650] Drew card from deck: Koala ["OP14-046">OP14-046]
RZ1|40|1|OP14-046|0|49|1|0|1|1|0|0|0
[BigRato​#5650] Drew card from deck: Jinbe ["OP14-049">OP14-049]
RZ1|41|1|OP14-049|0|48|1|1|1|1|0|0|0
[BigRato​#5650] Drew card from deck: Trafalgar Law ["ST17-002">ST17-002]
RZ1|42|1|ST17-002|0|47|1|2|1|1|0|0|0
[BigRato​#5650] Drew card from deck: Sengoku ["OP07-046">OP07-046]
RZ1|43|1|OP07-046|0|46|1|3|1|1|0|0|0
[BigRato​#5650] Drew card from deck: Crocodile ["OP07-040">OP07-040]
RZ1|44|1|OP07-040|0|45|1|4|1|1|0|0|0
[BigRato​#5650] Hand after Mulligan: [OP14-046,OP14-049,ST17-002,OP07-046,OP07-040]
[BigRato​#5650] Mulligan
[BigRato​#5650] Hand: [OP14-046,OP14-049,ST17-002,OP07-046,OP07-040]
[BigRato​#5650] Board: []
[BigRato​#5650] Trash: []
[BigRato​#5650] Life: 5
[SnufkinDM​#6827] Hand: [OP06-050,OP06-058,OP16-056,EB04-026,OP05-057]
[SnufkinDM​#6827] Trash: []
[SnufkinDM​#6827] Board: []
[SnufkinDM​#6827] Life: 4
RZ1|45|1|Don|4|9|5|0|1|1|0|0|0
[BigRato​#5650] Draw 1 Don
RZ1|46|1|Don|5|0|5|0|1|1|1|0|0
[BigRato​#5650] Deploy Sengoku ["OP07-046">OP07-046]
RZ1|47|1|OP07-046|1|3|2|0|1|1|0|0|0
RZ1|48|1|OP07-040|0|35|1|4|1|1|0|0|0
[BigRato​#5650] Sengoku ["OP07-046">OP07-046]: <b>Reveal and Draw Crocodile ["OP07-040">OP07-040]</b>
[BigRato​#5650] Placing Cards on Bottom of Deck
[BigRato​#5650] Hand: [OP14-046,OP14-049,ST17-002,OP07-040,OP07-040]
[BigRato​#5650] Board: [OP07-046]
[BigRato​#5650] Trash: []
[BigRato​#5650] Life: 5
[SnufkinDM​#6827] Hand: [OP06-050,OP06-058,OP16-056,EB04-026,OP05-057]
[SnufkinDM​#6827] Trash: []
[SnufkinDM​#6827] Board: []
[SnufkinDM​#6827] Life: 4
[BigRato​#5650] End Turn
[SnufkinDM​#6827] Draw 1 Card
[SnufkinDM​#6827] Drew card from deck: Rebecca ["OP05-091">OP05-091]
RZ1|49|2|OP05-091|0|40|1|5|0|1|0|0|0
RZ1|50|2|Don|4|9|5|0|1|1|0|0|0
RZ1|51|2|Don|4|8|5|1|1|1|0|0|0
[SnufkinDM​#6827] Draw 2 Don
RZ1|52|2|Don|5|0|5|0|1|1|1|0|0
[SnufkinDM​#6827] Deploy Tashigi ["OP06-050">OP06-050]
RZ1|53|2|OP06-050|1|0|2|0|1|1|0|0|0
RZ1|54|2|OP05-057|0|37|1|5|0|1|0|0|0
[SnufkinDM​#6827] Tashigi ["OP06-050">OP06-050]: <b>Reveal and Draw Hound Blaze ["OP05-057">OP05-057]</b>
[SnufkinDM​#6827] Placing Cards on Bottom of Deck
RZ1|55|2|OP06-058|1|0|6|0|1|1|0|0|0
[SnufkinDM​#6827] Trash Gravity Blade Raging Tiger ["OP06-058">OP06-058]
[SnufkinDM​#6827] Sakazuki ["OP05-041">OP05-041]: Draw 1 Card
[SnufkinDM​#6827] Drew card from deck: Isuka ["EB03-022">EB03-022]
RZ1|56|2|EB03-022|0|38|1|5|0|1|0|0|0
[SnufkinDM​#6827] End Turn
[BigRato​#5650] Hand: [OP14-046,OP14-049,ST17-002,OP07-040,OP07-040]
[BigRato​#5650] Board: [OP07-046]
[BigRato​#5650] Trash: []
[BigRato​#5650] Life: 5
[SnufkinDM​#6827] Hand: [OP16-056,EB04-026,OP05-057,OP05-091,OP05-057,EB03-022]
[SnufkinDM​#6827] Trash: [OP06-058]
[SnufkinDM​#6827] Board: [OP06-050]
[SnufkinDM​#6827] Life: 4
[BigRato​#5650] Draw 1 Card
[BigRato​#5650] Drew card from deck: Perfume Femur ["OP07-057">OP07-057]
RZ1|57|1|OP07-057|0|38|1|5|1|1|0|0|0
RZ1|58|1|Don|4|8|5|1|1|1|0|0|0
RZ1|59|1|Don|4|7|5|2|1|1|0|0|0
[BigRato​#5650] Draw 2 Don
[BigRato​#5650] Attach 1 Don to Sengoku ["OP07-046">OP07-046] (1 Total)
RZ1|60|1|Don|5|2|9|0|1|1|0|0|0
[BigRato​#5650] Attach 1 Don to Sengoku ["OP07-046">OP07-046] (2 Total)
RZ1|61|1|Don|5|1|9|1|1|1|0|0|0
[BigRato​#5650] Attach 1 Don to Sengoku ["OP07-046">OP07-046] (3 Total)
RZ1|62|1|Don|5|0|9|2|1|1|0|0|0
[BigRato​#5650] Sengoku ["OP07-046">OP07-046] attacking Sakazuki ["OP05-041">OP05-041]
[SnufkinDM​#6827] Discard Isuka ["EB03-022">EB03-022] for Counter 1000
RZ1|63|2|EB03-022|1|5|6|1|1|1|0|0|0
Sengoku ["OP07-046">OP07-046][5000] vs Sakazuki ["OP05-041">OP05-041][6000]
Attack Fails
[BigRato​#5650] Jinbe ["OP14-040">OP14-040] attacking Sakazuki ["OP05-041">OP05-041]
Jinbe ["OP14-040">OP14-040][5000] vs Sakazuki ["OP05-041">OP05-041][5000]
Sakazuki ["OP05-041">OP05-041] hit for 1 damage
[BigRato​#5650] Hand: [OP14-046,OP14-049,ST17-002,OP07-040,OP07-040,OP07-057]
[BigRato​#5650] Board: [OP07-046]
[BigRato​#5650] Trash: []
[BigRato​#5650] Life: 5
[SnufkinDM​#6827] Hand: [OP16-056,EB04-026,OP05-057,OP05-091,OP05-057,OP07-096]
[SnufkinDM​#6827] Trash: [OP06-058,EB03-022]
[SnufkinDM​#6827] Board: [OP06-050]
[SnufkinDM​#6827] Life: 3
[BigRato​#5650] End Turn
[SnufkinDM​#6827] Draw 1 Card
[SnufkinDM​#6827] Drew card from deck: Marco ["PRB02-008">PRB02-008]
RZ1|64|2|PRB02-008|0|37|1|6|0|1|0|0|0
RZ1|65|2|Don|4|7|5|2|1|1|0|0|0
RZ1|66|2|Don|4|6|5|3|1|1|0|0|0
[SnufkinDM​#6827] Draw 2 Don
RZ1|67|2|Don|5|0|5|0|1|1|1|0|0
RZ1|68|2|Don|5|1|5|1|1|1|1|0|0
RZ1|69|2|Don|5|2|5|2|1|1|1|0|0
RZ1|70|2|Don|5|3|5|3|1|1|1|0|0
[SnufkinDM​#6827] Deploy Marco ["PRB02-008">PRB02-008]
RZ1|71|2|PRB02-008|1|6|2|1|1|1|0|0|0
[SnufkinDM​#6827] Tashigi ["OP06-050">OP06-050] attacking Sengoku ["OP07-046">OP07-046]
Tashigi ["OP06-050">OP06-050][2000] vs Sengoku ["OP07-046">OP07-046][2000]
[BigRato​#5650] Sengoku ["OP07-046">OP07-046] Destroyed
RZ1|72|1|Don|9|0|5|0|1|1|1|0|0
RZ1|73|1|Don|9|0|5|0|1|1|1|0|0
RZ1|74|1|Don|9|0|5|0|1|1|1|0|0
RZ1|75|1|OP07-046|2|0|6|0|1|1|0|0|0
RZ1|76|2|OP07-096|1|5|6|2|1|1|0|0|0
[SnufkinDM​#6827] Trash Tempest Kick ["OP07-096">OP07-096]
[SnufkinDM​#6827] Sakazuki ["OP05-041">OP05-041]: Draw 1 Card
[SnufkinDM​#6827] Drew card from deck: Mr. 3 (Galdino) ["OP16-056">OP16-056]
RZ1|77|2|OP16-056|0|36|1|5|0|1|0|0|0
[SnufkinDM​#6827] Sakazuki ["OP05-041">OP05-041] attacking Jinbe ["OP14-040">OP14-040]
Sakazuki ["OP05-041">OP05-041][5000] vs Jinbe ["OP14-040">OP14-040][5000]
Jinbe ["OP14-040">OP14-040] hit for 1 damage
[SnufkinDM​#6827] End Turn
[BigRato​#5650] Hand: [OP14-046,OP14-049,ST17-002,OP07-040,OP07-040,OP07-057,OP07-051]
[BigRato​#5650] Board: []
[BigRato​#5650] Trash: [OP07-046]
[BigRato​#5650] Life: 4
[SnufkinDM​#6827] Hand: [OP16-056,EB04-026,OP05-057,OP05-091,OP05-057,OP16-056]
[SnufkinDM​#6827] Trash: [OP06-058,EB03-022,OP07-096]
[SnufkinDM​#6827] Board: [OP06-050,PRB02-008]
[SnufkinDM​#6827] Life: 3
[BigRato​#5650] Draw 1 Card
[BigRato​#5650] Drew card from deck: Trafalgar Law ["ST17-002">ST17-002]
RZ1|78|1|ST17-002|0|37|1|7|1|1|0|0|0
RZ1|79|1|Don|4|6|5|3|1|1|0|0|0
RZ1|80|1|Don|4|5|5|4|1|1|0|0|0
[BigRato​#5650] Draw 2 Don
RZ1|81|1|Don|5|0|5|0|1|1|1|0|0
RZ1|82|1|Don|5|1|5|1|1|1|1|0|0
RZ1|83|1|Don|5|2|5|2|1|1|1|0|0
RZ1|84|1|Don|5|3|5|3|1|1|1|0|0
[BigRato​#5650] Deploy Trafalgar Law ["ST17-002">ST17-002]
RZ1|85|1|ST17-002|1|7|2|0|1|1|0|0|0
[BigRato​#5650] Trafalgar Law ["ST17-002">ST17-002]: Return Trafalgar Law ["ST17-002">ST17-002] to Hand
[BigRato​#5650] Trafalgar Law ["ST17-002">ST17-002]: Send Marco ["PRB02-008">PRB02-008] to Hand
[BigRato​#5650] Attach 1 Don to Jinbe ["OP14-040">OP14-040] (1 Total)
RZ1|86|1|Don|5|4|9|9900|1|1|0|0|0
[BigRato​#5650] Jinbe ["OP14-040">OP14-040] attacking Tashigi ["OP06-050">OP06-050]
RZ1|87|2|OP06-050|2|0|6|3|1|1|0|0|0
Jinbe ["OP14-040">OP14-040][6000] vs Tashigi ["OP06-050">OP06-050][2000]
[SnufkinDM​#6827] Tashigi ["OP06-050">OP06-050] Destroyed
[BigRato​#5650] Hand: [OP14-046,OP14-049,ST17-002,OP07-040,OP07-040,OP07-057,OP07-051,ST17-002]
[BigRato​#5650] Board: []
[BigRato​#5650] Trash: [OP07-046]
[BigRato​#5650] Life: 4
[SnufkinDM​#6827] Hand: [OP16-056,EB04-026,OP05-057,OP05-091,OP05-057,OP16-056,PRB02-008]
[SnufkinDM​#6827] Trash: [OP06-058,EB03-022,OP07-096,OP06-050]
[SnufkinDM​#6827] Board: []
[SnufkinDM​#6827] Life: 3
[BigRato​#5650] End Turn
[SnufkinDM​#6827] Draw 1 Card
[SnufkinDM​#6827] Drew card from deck: Belo Betty ["OP12-090">OP12-090]
RZ1|88|2|OP12-090|0|35|1|7|0|1|0|0|0
RZ1|89|2|Don|4|5|5|4|1|1|0|0|0
RZ1|90|2|Don|4|4|5|5|1|1|0|0|0
[SnufkinDM​#6827] Draw 2 Don
RZ1|91|2|Don|5|0|5|0|1|1|1|0|0
RZ1|92|2|Don|5|1|5|1|1|1|1|0|0
RZ1|93|2|Don|5|2|5|2|1|1|1|0|0
RZ1|94|2|Don|5|3|5|3|1|1|1|0|0
[SnufkinDM​#6827] Deploy Marco ["PRB02-008">PRB02-008]
RZ1|95|2|PRB02-008|1|6|2|0|1|1|0|0|0
[SnufkinDM​#6827] Attach 2 Don to Sakazuki ["OP05-041">OP05-041] (2 Total)
RZ1|96|2|Don|5|4|9|9900|1|1|0|0|0
RZ1|97|2|Don|5|4|9|9901|1|1|0|0|0
[SnufkinDM​#6827] Sakazuki ["OP05-041">OP05-041] attacking Jinbe ["OP14-040">OP14-040]
Sakazuki ["OP05-041">OP05-041][7000] vs Jinbe ["OP14-040">OP14-040][5000]
Jinbe ["OP14-040">OP14-040] hit for 1 damage
RZ1|98|2|EB04-026|1|1|6|4|1|1|0|0|0
[SnufkinDM​#6827] Trash Bluegrass ["EB04-026">EB04-026]
[SnufkinDM​#6827] Sakazuki ["OP05-041">OP05-041]: Draw 1 Card
[SnufkinDM​#6827] Drew card from deck: Mr. 3 (Galdino) ["OP16-056">OP16-056]
RZ1|99|2|OP16-056|0|34|1|6|0|1|0|0|0
[SnufkinDM​#6827] End Turn
[BigRato​#5650] Hand: [OP14-046,OP14-049,ST17-002,OP07-040,OP07-040,OP07-057,OP07-051,ST17-002,OP14-049]
[BigRato​#5650] Board: []
[BigRato​#5650] Trash: [OP07-046]
[BigRato​#5650] Life: 3
[SnufkinDM​#6827] Hand: [OP16-056,OP05-057,OP05-091,OP05-057,OP16-056,OP12-090,OP16-056]
[SnufkinDM​#6827] Trash: [OP06-058,EB03-022,OP07-096,OP06-050,EB04-026]
[SnufkinDM​#6827] Board: [PRB02-008]
[SnufkinDM​#6827] Life: 3
RZ1|100|1|Don|9|9900|5|0|1|1|1|0|0
[BigRato​#5650] Draw 1 Card
[BigRato​#5650] Drew card from deck: Arlong ["OP14-042">OP14-042]
RZ1|101|1|OP14-042|0|36|1|9|1|1|0|0|0
RZ1|102|1|Don|4|4|5|5|1|1|0|0|0
RZ1|103|1|Don|4|3|5|6|1|1|0|0|0
[BigRato​#5650] Draw 2 Don
RZ1|104|1|Don|5|0|5|0|1|1|1|0|0
[BigRato​#5650] Deploy Arlong ["OP14-042">OP14-042]
RZ1|105|1|OP14-042|1|9|2|0|1|1|0|0|0
RZ1|106|1|OP07-040|0|35|1|9|1|1|0|0|0
[BigRato​#5650] Arlong ["OP14-042">OP14-042]: <b>Reveal and Draw Crocodile ["OP07-040">OP07-040]</b>
[BigRato​#5650] Placing Cards on Bottom of Deck
RZ1|107|1|Don|5|1|5|1|1|1|1|0|0
RZ1|108|1|Don|5|2|5|2|1|1|1|0|0
RZ1|109|1|Don|5|3|5|3|1|1|1|0|0
RZ1|110|1|Don|5|4|5|4|1|1|1|0|0
[BigRato​#5650] Deploy Trafalgar Law ["ST17-002">ST17-002]
RZ1|111|1|ST17-002|1|7|2|1|1|1|0|0|0
[BigRato​#5650] Trafalgar Law ["ST17-002">ST17-002]: Return Arlong ["OP14-042">OP14-042] to Hand
[BigRato​#5650] Trafalgar Law ["ST17-002">ST17-002]: Send Marco ["PRB02-008">PRB02-008] to Hand
RZ1|112|1|Don|5|5|5|5|1|1|1|0|0
[BigRato​#5650] Deploy Arlong ["OP14-042">OP14-042]
RZ1|113|1|OP14-042|1|9|2|1|1|1|0|0|0
RZ1|114|1|OP08-047|0|32|1|9|1|1|0|0|0
[BigRato​#5650] Arlong ["OP14-042">OP14-042]: <b>Reveal and Draw Jozu ["OP08-047">OP08-047]</b>
[BigRato​#5650] Placing Cards on Bottom of Deck
[BigRato​#5650] Attach 1 Don to Jinbe ["OP14-040">OP14-040] (1 Total)
RZ1|115|1|Don|5|6|9|9900|1|1|0|0|0
RZ1|116|1|OP14-046|1|0|6|1|1|1|0|0|0
[BigRato​#5650] Jinbe ["OP14-040">OP14-040]: Trash Koala ["OP14-046">OP14-046]
[BigRato​#5650] Jinbe ["OP14-040">OP14-040]: Attach 1 Rested Don to Jinbe ["OP14-040">OP14-040]
RZ1|117|1|Don|5|0|9|9901|1|1|1|0|0
[BigRato​#5650] Jinbe ["OP14-040">OP14-040]: Attach 1 Rested Don to Jinbe ["OP14-040">OP14-040]
RZ1|118|1|Don|5|0|9|9902|1|1|1|0|0
[BigRato​#5650] Jinbe ["OP14-040">OP14-040] attacking Sakazuki ["OP05-041">OP05-041]
Jinbe ["OP14-040">OP14-040][8000] vs Sakazuki ["OP05-041">OP05-041][5000]
Sakazuki ["OP05-041">OP05-041] hit for 1 damage
[BigRato​#5650] Hand: [OP14-049,ST17-002,OP07-040,OP07-040,OP07-057,OP07-051,OP14-049,OP07-040,OP08-047]
[BigRato​#5650] Board: [ST17-002,OP14-042]
[BigRato​#5650] Trash: [OP07-046,OP14-046]
[BigRato​#5650] Life: 3
[SnufkinDM​#6827] Hand: [OP16-056,OP05-057,OP05-091,OP05-057,OP16-056,OP12-090,OP16-056,PRB02-008,EB03-022]
[SnufkinDM​#6827] Trash: [OP06-058,EB03-022,OP07-096,OP06-050,EB04-026]
[SnufkinDM​#6827] Board: []
[SnufkinDM​#6827] Life: 2
[BigRato​#5650] End Turn
RZ1|119|2|Don|9|9900|5|0|1|1|1|0|0
RZ1|120|2|Don|9|9900|5|0|1|1|1|0|0
[SnufkinDM​#6827] Draw 1 Card
[SnufkinDM​#6827] Drew card from deck: Tashigi ["OP06-050">OP06-050]
RZ1|121|2|OP06-050|0|33|1|9|0|1|0|0|0
RZ1|122|2|Don|4|3|5|6|1|1|0|0|0
RZ1|123|2|Don|4|2|5|7|1|1|0|0|0
[SnufkinDM​#6827] Draw 2 Don
RZ1|124|2|Don|5|0|5|0|1|1|1|0|0
RZ1|125|2|Don|5|1|5|1|1|1|1|0|0
RZ1|126|2|Don|5|2|5|2|1|1|1|0|0
RZ1|127|2|Don|5|3|5|3|1|1|1|0|0
RZ1|128|2|Don|5|4|5|4|1|1|1|0|0
RZ1|129|2|Don|5|5|5|5|1|1|1|0|0
[SnufkinDM​#6827] Deploy Isuka ["EB03-022">EB03-022]
RZ1|130|2|EB03-022|1|8|2|0|1|1|0|0|0
[SnufkinDM​#6827] Isuka ["EB03-022">EB03-022]: Send Trafalgar Law ["ST17-002">ST17-002] to Deck Bottom
RZ1|131|1|ST17-002|2|0|0|0|0|0|0|0|0
[SnufkinDM​#6827] Hound Blaze ["OP05-057">OP05-057]: Rest 2 Don
RZ1|132|2|Don|5|6|5|6|1|1|1|0|0
RZ1|133|2|Don|5|7|5|7|1|1|1|0|0
RZ1|134|2|OP05-057|1|1|6|5|1|1|0|0|0
[SnufkinDM​#6827] Hound Blaze ["OP05-057">OP05-057]: Buff Sakazuki ["OP05-041">OP05-041] 3000
[SnufkinDM​#6827] Hound Blaze ["OP05-057">OP05-057]: Send Arlong ["OP14-042">OP14-042] to Deck Bottom
RZ1|135|1|OP14-042|2|0|0|0|0|0|0|0|0
RZ1|136|2|OP06-050|1|7|6|6|1|1|0|0|0
[SnufkinDM​#6827] Trash Tashigi ["OP06-050">OP06-050]
[SnufkinDM​#6827] Sakazuki ["OP05-041">OP05-041]: Draw 1 Card
[SnufkinDM​#6827] Drew card from deck: Sasaki ["OP08-082">OP08-082]
RZ1|137|2|OP08-082|0|32|1|7|0|1|0|0|0
[SnufkinDM​#6827] Sakazuki ["OP05-041">OP05-041] attacking Jinbe ["OP14-040">OP14-040]
[BigRato​#5650] Discard Crocodile ["OP07-040">OP07-040] for Counter 2000
RZ1|138|1|OP07-040|1|3|6|2|1|1|0|0|0
[BigRato​#5650] Discard Crocodile ["OP07-040">OP07-040] for Counter 2000
RZ1|139|1|OP07-040|1|2|6|3|1|1|0|0|0
Sakazuki ["OP05-041">OP05-041][8000] vs Jinbe ["OP14-040">OP14-040][9000]
Attack Fails
[SnufkinDM​#6827] End Turn
[BigRato​#5650] Hand: [OP14-049,ST17-002,OP07-057,OP07-051,OP14-049,OP07-040,OP08-047]
[BigRato​#5650] Board: []
[BigRato​#5650] Trash: [OP07-046,OP14-046,OP07-040,OP07-040]
[BigRato​#5650] Life: 3
[SnufkinDM​#6827] Hand: [OP16-056,OP05-091,OP05-057,OP16-056,OP12-090,OP16-056,PRB02-008,OP08-082]
[SnufkinDM​#6827] Trash: [OP06-058,EB03-022,OP07-096,OP06-050,EB04-026,OP05-057,OP06-050]
[SnufkinDM​#6827] Board: [EB03-022]
[SnufkinDM​#6827] Life: 2
RZ1|140|1|Don|9|9900|5|0|1|1|1|0|0
RZ1|141|1|Don|9|9900|5|0|1|1|1|0|0
RZ1|142|1|Don|9|9900|5|0|1|1|1|0|0
[BigRato​#5650] Draw 1 Card
[BigRato​#5650] Drew card from deck: Trafalgar Law ["ST17-002">ST17-002]
RZ1|143|1|ST17-002|0|35|1|7|1|1|0|0|0
RZ1|144|1|Don|4|2|5|7|1|1|0|0|0
RZ1|145|1|Don|4|1|5|8|1|1|0|0|0
[BigRato​#5650] Draw 2 Don
RZ1|146|1|Don|5|0|5|0|1|1|1|0|0
RZ1|147|1|Don|5|1|5|1|1|1|1|0|0
RZ1|148|1|Don|5|2|5|2|1|1|1|0|0
RZ1|149|1|Don|5|3|5|3|1|1|1|0|0
RZ1|150|1|Don|5|4|5|4|1|1|1|0|0
RZ1|151|1|Don|5|5|5|5|1|1|1|0|0
[BigRato​#5650] Deploy Boa Hancock ["OP07-051">OP07-051]
RZ1|152|1|OP07-051|1|3|2|0|1|1|0|0|0
[BigRato​#5650] Boa Hancock ["OP07-051">OP07-051]: Isuka ["EB03-022">EB03-022] can't attack next turn
[BigRato​#5650] Attach 1 Don to Jinbe ["OP14-040">OP14-040] (1 Total)
RZ1|153|1|Don|5|8|9|9900|1|1|0|0|0
[BigRato​#5650] Attach 1 Don to Jinbe ["OP14-040">OP14-040] (2 Total)
RZ1|154|1|Don|5|7|9|9901|1|1|0|0|0
[BigRato​#5650] Attach 1 Don to Jinbe ["OP14-040">OP14-040] (3 Total)
RZ1|155|1|Don|5|6|9|9902|1|1|0|0|0
[BigRato​#5650] Jinbe ["OP14-040">OP14-040] attacking Sakazuki ["OP05-041">OP05-041]
[SnufkinDM​#6827] Isuka ["EB03-022">EB03-022] Blocks
RZ1|156|2|EB03-022|2|0|6|7|1|1|0|0|0
Jinbe ["OP14-040">OP14-040][8000] vs Isuka ["EB03-022">EB03-022][6000]
[SnufkinDM​#6827] Isuka ["EB03-022">EB03-022] Destroyed
[BigRato​#5650] Hand: [OP14-049,ST17-002,OP07-057,OP14-049,OP07-040,OP08-047,ST17-002]
[BigRato​#5650] Board: [OP07-051]
[BigRato​#5650] Trash: [OP07-046,OP14-046,OP07-040,OP07-040]
[BigRato​#5650] Life: 3
[SnufkinDM​#6827] Hand: [OP16-056,OP05-091,OP05-057,OP16-056,OP12-090,OP16-056,PRB02-008,OP08-082]
[SnufkinDM​#6827] Trash: [OP06-058,EB03-022,OP07-096,OP06-050,EB04-026,OP05-057,OP06-050,EB03-022]
[SnufkinDM​#6827] Board: []
[SnufkinDM​#6827] Life: 2
[BigRato​#5650] End Turn
[SnufkinDM​#6827] Draw 1 Card
[SnufkinDM​#6827] Drew card from deck: Hina ["ST06-008">ST06-008]
RZ1|157|2|ST06-008|0|31|1|8|0|1|0|0|0
RZ1|158|2|Don|4|1|5|8|1|1|0|0|0
RZ1|159|2|Don|4|0|5|9|1|1|0|0|0
[SnufkinDM​#6827] Draw 2 Don
RZ1|160|2|Don|5|0|5|0|1|1|1|0|0
RZ1|161|2|Don|5|1|5|1|1|1|1|0|0
RZ1|162|2|Don|5|2|5|2|1|1|1|0|0
[SnufkinDM​#6827] Deploy Hina ["ST06-008">ST06-008]
RZ1|163|2|ST06-008|1|8|2|0|1|1|0|0|0
[SnufkinDM​#6827] Hina ["ST06-008">ST06-008]: Boa Hancock ["OP07-051">OP07-051] Cost -4
[SnufkinDM​#6827] Hound Blaze ["OP05-057">OP05-057]: Rest 2 Don
RZ1|164|2|Don|5|3|5|3|1|1|1|0|0
RZ1|165|2|Don|5|4|5|4|1|1|1|0|0
RZ1|166|2|OP05-057|1|2|6|8|1|1|0|0|0
[SnufkinDM​#6827] Hound Blaze ["OP05-057">OP05-057]: Buff Sakazuki ["OP05-041">OP05-041] 3000
[SnufkinDM​#6827] Hound Blaze ["OP05-057">OP05-057]: Send Boa Hancock ["OP07-051">OP07-051] to Deck Bottom
RZ1|167|1|OP07-051|2|0|0|0|0|0|0|0|0
RZ1|168|2|Don|5|5|5|5|1|1|1|0|0
RZ1|169|2|Don|5|6|5|6|1|1|1|0|0
RZ1|170|2|Don|5|7|5|7|1|1|1|0|0
RZ1|171|2|Don|5|8|5|8|1|1|1|0|0
[SnufkinDM​#6827] Deploy Marco ["PRB02-008">PRB02-008]
RZ1|172|2|PRB02-008|1|5|2|1|1|1|0|0|0
RZ1|173|2|OP16-056|1|2|6|9|1|1|0|0|0
[SnufkinDM​#6827] Trash Mr. 3 (Galdino) ["OP16-056">OP16-056]
[SnufkinDM​#6827] Sakazuki ["OP05-041">OP05-041]: Draw 1 Card
[SnufkinDM​#6827] Drew card from deck: Gravity Blade Raging Tiger ["OP06-058">OP06-058]
RZ1|174|2|OP06-058|0|30|1|5|0|1|0|0|0
RZ1|175|2|Don|5|9|5|9|1|1|1|0|0
[SnufkinDM​#6827] Deploy Sasaki ["OP08-082">OP08-082]
RZ1|176|2|OP08-082|1|4|2|2|1|1|0|0|0
[SnufkinDM​#6827] Sakazuki ["OP05-041">OP05-041] attacking Jinbe ["OP14-040">OP14-040]
Sakazuki ["OP05-041">OP05-041][8000] vs Jinbe ["OP14-040">OP14-040][5000]
Jinbe ["OP14-040">OP14-040] hit for 1 damage
[SnufkinDM​#6827] End Turn
[BigRato​#5650] Hand: [OP14-049,ST17-002,OP07-057,OP14-049,OP07-040,OP08-047,ST17-002,OP14-049]
[BigRato​#5650] Board: []
[BigRato​#5650] Trash: [OP07-046,OP14-046,OP07-040,OP07-040]
[BigRato​#5650] Life: 2
[SnufkinDM​#6827] Hand: [OP16-056,OP05-091,OP12-090,OP16-056,OP06-058]
[SnufkinDM​#6827] Trash: [OP06-058,EB03-022,OP07-096,OP06-050,EB04-026,OP05-057,OP06-050,EB03-022,OP05-057,OP16-056]
[SnufkinDM​#6827] Board: [ST06-008,PRB02-008,OP08-082]
[SnufkinDM​#6827] Life: 2
RZ1|177|1|Don|9|9900|5|0|1|1|1|0|0
RZ1|178|1|Don|9|9900|5|0|1|1|1|0|0
RZ1|179|1|Don|9|9900|5|0|1|1|1|0|0
[BigRato​#5650] Draw 1 Card
[BigRato​#5650] Drew card from deck: Trafalgar Law ["ST17-002">ST17-002]
RZ1|180|1|ST17-002|0|35|1|8|1|1|0|0|0
RZ1|181|1|Don|4|0|5|9|1|1|0|0|0
[BigRato​#5650] Draw 2 Don
RZ1|182|1|Don|5|0|5|0|1|1|1|0|0
RZ1|183|1|Don|5|1|5|1|1|1|1|0|0
RZ1|184|1|Don|5|2|5|2|1|1|1|0|0
RZ1|185|1|Don|5|3|5|3|1|1|1|0|0
RZ1|186|1|Don|5|4|5|4|1|1|1|0|0
RZ1|187|1|Don|5|5|5|5|1|1|1|0|0
RZ1|188|1|Don|5|6|5|6|1|1|1|0|0
RZ1|189|1|Don|5|7|5|7|1|1|1|0|0
[BigRato​#5650] Deploy Jinbe ["OP14-049">OP14-049]
RZ1|190|1|OP14-049|1|7|2|0|1|1|0|0|0
[BigRato​#5650] Jinbe ["OP14-049">OP14-049]: Rest 2 Don
RZ1|191|1|Don|5|8|5|8|1|1|1|0|0
RZ1|192|1|Don|5|9|5|9|1|1|1|0|0
[BigRato​#5650] Drew card from deck: Jinbe ["OP07-045">OP07-045]
RZ1|193|1|OP07-045|0|34|1|8|1|1|0|0|0
[BigRato​#5650] Drew card from deck: Chew ["OP14-050">OP14-050]
RZ1|194|1|OP14-050|0|33|1|9|1|1|0|0|0
[BigRato​#5650] Jinbe ["OP14-049">OP14-049]: Draw 2 Card
[BigRato​#5650] Jinbe ["OP14-049">OP14-049]: Send Marco ["PRB02-008">PRB02-008] to Hand
RZ1|195|1|ST17-002|1|6|6|4|1|1|0|0|0
[BigRato​#5650] Jinbe ["OP14-040">OP14-040]: Trash Trafalgar Law ["ST17-002">ST17-002]
[BigRato​#5650] Jinbe ["OP14-040">OP14-040]: Attach 1 Rested Don to Jinbe ["OP14-040">OP14-040]
RZ1|196|1|Don|5|0|9|9900|1|1|1|0|0
[BigRato​#5650] Jinbe ["OP14-040">OP14-040]: Attach 1 Rested Don to Jinbe ["OP14-040">OP14-040]
RZ1|197|1|Don|5|0|9|9901|1|1|1|0|0
[BigRato​#5650] Jinbe ["OP14-049">OP14-049]: Give Jinbe ["OP14-049">OP14-049] Rush
RZ1|198|1|OP14-050|1|8|6|5|1|1|0|0|0
[BigRato​#5650] Jinbe ["OP14-040">OP14-040]: Trash Chew ["OP14-050">OP14-050]
[BigRato​#5650] Jinbe ["OP14-040">OP14-040]: Attach 1 Rested Don to Jinbe ["OP14-040">OP14-040]
RZ1|199|1|Don|5|0|9|9902|1|1|1|0|0
[BigRato​#5650] Jinbe ["OP14-040">OP14-040]: Attach 1 Rested Don to Jinbe ["OP14-040">OP14-040]
RZ1|200|1|Don|5|0|9|9903|1|1|1|0|0
[BigRato​#5650] Jinbe ["OP14-049">OP14-049]: Give Jinbe ["OP14-049">OP14-049] Rush
[BigRato​#5650] Jinbe ["OP14-040">OP14-040] attacking Sakazuki ["OP05-041">OP05-041]
Jinbe ["OP14-040">OP14-040][9000] vs Sakazuki ["OP05-041">OP05-041][5000]
Sakazuki ["OP05-041">OP05-041] hit for 1 damage
[BigRato​#5650] Jinbe ["OP14-049">OP14-049] attacking Sakazuki ["OP05-041">OP05-041]
Jinbe ["OP14-049">OP14-049][10000] vs Sakazuki ["OP05-041">OP05-041][5000]
Sakazuki ["OP05-041">OP05-041] hit for 1 damage
[BigRato​#5650] Hand: [OP14-049,ST17-002,OP07-057,OP14-049,OP07-040,OP08-047,ST17-002,OP07-045]
[BigRato​#5650] Board: [OP14-049]
[BigRato​#5650] Trash: [OP07-046,OP14-046,OP07-040,OP07-040,ST17-002,OP14-050]
[BigRato​#5650] Life: 2
[SnufkinDM​#6827] Hand: [OP16-056,OP05-091,OP12-090,OP16-056,OP06-058,PRB02-008,ST06-008,OP12-090]
[SnufkinDM​#6827] Trash: [OP06-058,EB03-022,OP07-096,OP06-050,EB04-026,OP05-057,OP06-050,EB03-022,OP05-057,OP16-056]
[SnufkinDM​#6827] Board: [ST06-008,OP08-082]
[SnufkinDM​#6827] Life: 0
[BigRato​#5650] End Turn
[SnufkinDM​#6827] Draw 1 Card
[SnufkinDM​#6827] Drew card from deck: Issho ["OP05-042">OP05-042]
RZ1|201|2|OP05-042|0|29|1|8|0|1|0|0|0
RZ1|202|2|Don|5|0|5|0|1|1|1|0|0
RZ1|203|2|Don|5|1|5|1|1|1|1|0|0
RZ1|204|2|Don|5|2|5|2|1|1|1|0|0
RZ1|205|2|Don|5|3|5|3|1|1|1|0|0
[SnufkinDM​#6827] Deploy Mr. 3 (Galdino) ["OP16-056">OP16-056]
RZ1|206|2|OP16-056|1|3|2|2|1|1|0|0|0
RZ1|207|2|OP16-056|2|2|6|10|1|1|0|0|0
[SnufkinDM​#6827] Mr. 3 (Galdino) ["OP16-056">OP16-056]: Trash Mr. 3 (Galdino) ["OP16-056">OP16-056]
[SnufkinDM​#6827] Drew card from deck: Rebecca ["OP05-091">OP05-091]
RZ1|208|2|OP05-091|0|28|1|8|0|1|0|0|0
[SnufkinDM​#6827] Drew card from deck: Tempest Kick ["OP07-096">OP07-096]
RZ1|209|2|OP07-096|0|27|1|9|0|1|0|0|0
[SnufkinDM​#6827] Mr. 3 (Galdino) ["OP16-056">OP16-056]: Draw 2 Card
[SnufkinDM​#6827] Mr. 3 (Galdino) ["OP16-056">OP16-056]: Jinbe ["OP14-049">OP14-049] can't attack next turn
RZ1|210|2|Don|5|4|5|4|1|1|1|0|0
RZ1|211|2|Don|5|5|5|5|1|1|1|0|0
RZ1|212|2|Don|5|6|5|6|1|1|1|0|0
RZ1|213|2|Don|5|7|5|7|1|1|1|0|0
[SnufkinDM​#6827] Deploy Rebecca ["OP05-091">OP05-091]
RZ1|214|2|OP05-091|1|8|2|2|1|1|0|0|0
[SnufkinDM​#6827] <b>Picked no cards to Draw</b>
RZ1|215|2|ST06-008|1|5|2|3|1|1|1|0|0
[SnufkinDM​#6827] Rebecca ["OP05-091">OP05-091]: Deploy Hina ["ST06-008">ST06-008]
[SnufkinDM​#6827] Hina ["ST06-008">ST06-008]: Jinbe ["OP14-049">OP14-049] Cost -4
RZ1|216|2|PRB02-008|1|4|6|11|1|1|0|0|0
[SnufkinDM​#6827] Trash Marco ["PRB02-008">PRB02-008]
[SnufkinDM​#6827] Sakazuki ["OP05-041">OP05-041]: Draw 1 Card
[SnufkinDM​#6827] Drew card from deck: Hound Blaze ["OP05-057">OP05-057]
RZ1|217|2|OP05-057|0|26|1|7|0|1|0|0|0
[SnufkinDM​#6827] Sakazuki ["OP05-041">OP05-041] attacking Jinbe ["OP14-040">OP14-040]
[SnufkinDM​#6827] Sakazuki ["OP05-041">OP05-041]: Jinbe ["OP14-049">OP14-049] Cost -1
[BigRato​#5650] Discard Jozu ["OP08-047">OP08-047] for Counter 1000
RZ1|218|1|OP08-047|1|5|6|6|1|1|0|0|0
Sakazuki ["OP05-041">OP05-041][5000] vs Jinbe ["OP14-040">OP14-040][6000]
Attack Fails
[SnufkinDM​#6827] Attach 2 Don to Hina ["ST06-008">ST06-008] (2 Total)
RZ1|219|2|Don|5|8|9|0|1|1|0|0|0
RZ1|220|2|Don|5|8|9|1|1|1|0|0|0
[SnufkinDM​#6827] Hina ["ST06-008">ST06-008] attacking Jinbe ["OP14-040">OP14-040]
Hina ["ST06-008">ST06-008][7000] vs Jinbe ["OP14-040">OP14-040][5000]
Jinbe ["OP14-040">OP14-040] hit for 1 damage
Jinbe ["OP14-049">OP14-049] cost restored
[SnufkinDM​#6827] End Turn
[BigRato​#5650] Hand: [OP14-049,ST17-002,OP07-057,OP14-049,OP07-040,ST17-002,OP07-045,OP07-046]
[BigRato​#5650] Board: [OP14-049]
[BigRato​#5650] Trash: [OP07-046,OP14-046,OP07-040,OP07-040,ST17-002,OP14-050,OP08-047]
[BigRato​#5650] Life: 1
[SnufkinDM​#6827] Hand: [OP16-056,OP05-091,OP12-090,OP06-058,OP12-090,OP05-042,OP07-096,OP05-057]
[SnufkinDM​#6827] Trash: [OP06-058,EB03-022,OP07-096,OP06-050,EB04-026,OP05-057,OP06-050,EB03-022,OP05-057,OP16-056,OP16-056,PRB02-008]
[SnufkinDM​#6827] Board: [ST06-008,OP08-082,OP05-091,ST06-008]
[SnufkinDM​#6827] Life: 0
RZ1|221|1|Don|9|9900|5|0|1|1|1|0|0
RZ1|222|1|Don|9|9900|5|0|1|1|1|0|0
RZ1|223|1|Don|9|9900|5|0|1|1|1|0|0
RZ1|224|1|Don|9|9900|5|0|1|1|1|0|0
[BigRato​#5650] Draw 1 Card
[BigRato​#5650] Drew card from deck: Koala ["OP14-046">OP14-046]
RZ1|225|1|OP14-046|0|32|1|8|1|1|0|0|0
RZ1|226|1|Don|5|0|5|0|1|1|1|0|0
RZ1|227|1|Don|5|1|5|1|1|1|1|0|0
RZ1|228|1|Don|5|2|5|2|1|1|1|0|0
RZ1|229|1|Don|5|3|5|3|1|1|1|0|0
RZ1|230|1|Don|5|4|5|4|1|1|1|0|0
RZ1|231|1|Don|5|5|5|5|1|1|1|0|0
RZ1|232|1|Don|5|6|5|6|1|1|1|0|0
RZ1|233|1|Don|5|7|5|7|1|1|1|0|0
[BigRato​#5650] Deploy Jinbe ["OP14-049">OP14-049]
RZ1|234|1|OP14-049|1|0|2|1|1|1|0|0|0
[BigRato​#5650] Jinbe ["OP14-049">OP14-049]: Rest 2 Don
RZ1|235|1|Don|5|8|5|8|1|1|1|0|0
RZ1|236|1|Don|5|9|5|9|1|1|1|0|0
[BigRato​#5650] Drew card from deck: Leo ["OP15-052">OP15-052]
RZ1|237|1|OP15-052|0|31|1|8|1|1|0|0|0
[BigRato​#5650] Drew card from deck: Leo ["OP15-052">OP15-052]
RZ1|238|1|OP15-052|0|30|1|9|1|1|0|0|0
[BigRato​#5650] Jinbe ["OP14-049">OP14-049]: Draw 2 Card
[BigRato​#5650] Jinbe ["OP14-049">OP14-049]: Send Rebecca ["OP05-091">OP05-091] to Hand
RZ1|239|1|OP07-057|1|1|6|7|1|1|0|0|0
[BigRato​#5650] Jinbe ["OP14-040">OP14-040]: Trash Perfume Femur ["OP07-057">OP07-057]
[BigRato​#5650] Jinbe ["OP14-040">OP14-040]: Attach 1 Rested Don to Jinbe ["OP14-040">OP14-040]
RZ1|240|1|Don|5|0|9|9900|1|1|1|0|0
[BigRato​#5650] Jinbe ["OP14-040">OP14-040]: Attach 1 Rested Don to Jinbe ["OP14-040">OP14-040]
RZ1|241|1|Don|5|0|9|9901|1|1|1|0|0
[BigRato​#5650] Jinbe ["OP14-049">OP14-049]: Give Jinbe ["OP14-049">OP14-049] Rush
[BigRato​#5650] Jinbe ["OP14-049">OP14-049]: Give Jinbe ["OP14-049">OP14-049] Rush
RZ1|242|1|OP07-046|1|5|6|8|1|1|0|0|0
[BigRato​#5650] Jinbe ["OP14-040">OP14-040]: Trash Sengoku ["OP07-046">OP07-046]
[BigRato​#5650] Jinbe ["OP14-040">OP14-040]: Attach 1 Rested Don to Jinbe ["OP14-040">OP14-040]
RZ1|243|1|Don|5|0|9|9902|1|1|1|0|0
[BigRato​#5650] Jinbe ["OP14-040">OP14-040]: Attach 1 Rested Don to Jinbe ["OP14-040">OP14-040]
RZ1|244|1|Don|5|0|9|9903|1|1|1|0|0
[BigRato​#5650] Jinbe ["OP14-049">OP14-049]: Give Jinbe ["OP14-049">OP14-049] Rush
[BigRato​#5650] Jinbe ["OP14-049">OP14-049]: Give Jinbe ["OP14-049">OP14-049] Rush
[BigRato​#5650] Jinbe ["OP14-040">OP14-040] attacking Sakazuki ["OP05-041">OP05-041]
[SnufkinDM​#6827] Discard Belo Betty ["OP12-090">OP12-090] for Counter 2000
RZ1|245|2|OP12-090|1|2|6|12|1|1|0|0|0
[SnufkinDM​#6827] Discard Belo Betty ["OP12-090">OP12-090] for Counter 2000
RZ1|246|2|OP12-090|1|3|6|13|1|1|0|0|0
[SnufkinDM​#6827] Discard Issho ["OP05-042">OP05-042] for Counter 1000
RZ1|247|2|OP05-042|1|3|6|14|1|1|0|0|0
Jinbe ["OP14-040">OP14-040][9000] vs Sakazuki ["OP05-041">OP05-041][10000]
Attack Fails
RZ1|248|1|ST17-002|1|3|6|9|1|1|0|0|0
[BigRato​#5650] Jinbe ["OP14-040">OP14-040]: Trash Trafalgar Law ["ST17-002">ST17-002]
[BigRato​#5650] Jinbe ["OP14-040">OP14-040]: Attach 1 Rested Don to Jinbe ["OP14-049">OP14-049]
RZ1|249|1|Don|5|0|9|100|1|1|1|0|0
[BigRato​#5650] Jinbe ["OP14-040">OP14-040]: Attach 1 Rested Don to Jinbe ["OP14-049">OP14-049]
RZ1|250|1|Don|5|0|9|101|1|1|1|0|0
[BigRato​#5650] Jinbe ["OP14-049">OP14-049]: Give Jinbe ["OP14-049">OP14-049] Rush
[BigRato​#5650] Jinbe ["OP14-049">OP14-049]: Give Jinbe ["OP14-049">OP14-049] Rush
RZ1|251|1|OP07-045|1|3|6|10|1|1|0|0|0
[BigRato​#5650] Jinbe ["OP14-040">OP14-040]: Trash Jinbe ["OP07-045">OP07-045]
[BigRato​#5650] Jinbe ["OP14-040">OP14-040]: Attach 1 Rested Don to Jinbe ["OP14-049">OP14-049]
RZ1|252|1|Don|5|0|9|102|1|1|1|0|0
[BigRato​#5650] Jinbe ["OP14-040">OP14-040]: Attach 1 Rested Don to Jinbe ["OP14-049">OP14-049]
RZ1|253|1|Don|5|0|9|103|1|1|1|0|0
[BigRato​#5650] Jinbe ["OP14-049">OP14-049]: Give Jinbe ["OP14-049">OP14-049] Rush
[BigRato​#5650] Jinbe ["OP14-049">OP14-049]: Give Jinbe ["OP14-049">OP14-049] Rush
RZ1|254|1|ST17-002|1|0|6|11|1|1|0|0|0
[BigRato​#5650] Jinbe ["OP14-040">OP14-040]: Trash Trafalgar Law ["ST17-002">ST17-002]
[SnufkinDM​#6827] Concedes!
[SnufkinDM​#6827] Quits!
Opponent Has Disconnected!
[BigRato​#5650] Jinbe ["OP14-049">OP14-049]: Give Jinbe ["OP14-049">OP14-049] Rush
[BigRato​#5650] Jinbe ["OP14-049">OP14-049]: Give Jinbe ["OP14-049">OP14-049] Rush
[BigRato​#5650] <b>Downloaded the Combat Log!</b>
OpponentDisconnect
