Waiting for a Connection with Room ID:KMWWG7
BigRato​#5650 Has Connected
Version is 1.40a.60
[BigRato​#5650] Leader is Jinbe ["OP14-040">OP14-040]
Metalbeard​#6700 Has Connected
Version is 1.40a.60
[Metalbeard​#6700] Leader is Portgas D. Ace ["OP13-002">OP13-002]
[Metalbeard​#6700] Chose to go Second
[Metalbeard​#6700] Drew card from deck: Otama ["OP13-043">OP13-043]
RZ1|8|2|OP13-043|0|49|1|0|0|1|0|0|0
[Metalbeard​#6700] Drew card from deck: Jozu ["OP08-047">OP08-047]
RZ1|9|2|OP08-047|0|48|1|1|0|1|0|0|0
[Metalbeard​#6700] Drew card from deck: Namule ["OP16-010">OP16-010]
RZ1|10|2|OP16-010|0|47|1|2|0|1|0|0|0
[Metalbeard​#6700] Drew card from deck: I Am Whitebeard! ["ST22-015">ST22-015]
RZ1|11|2|ST22-015|0|46|1|3|0|1|0|0|0
[Metalbeard​#6700] Drew card from deck: Roronoa Zoro ["EB04-007">EB04-007]
RZ1|12|2|EB04-007|0|45|1|4|0|1|0|0|0
[BigRato​#5650] Drew card from deck: Leo ["OP15-052">OP15-052]
RZ1|13|1|OP15-052|0|49|1|0|1|1|0|0|0
[BigRato​#5650] Drew card from deck: Edward Weevil ["EB01-023">EB01-023]
RZ1|14|1|EB01-023|0|48|1|1|1|1|0|0|0
[BigRato​#5650] Drew card from deck: Jinbe ["OP07-045">OP07-045]
RZ1|15|1|OP07-045|0|47|1|2|1|1|0|0|0
[BigRato​#5650] Drew card from deck: Jozu ["OP08-047">OP08-047]
RZ1|16|1|OP08-047|0|46|1|3|1|1|0|0|0
[BigRato​#5650] Drew card from deck: Crocodile ["OP07-040">OP07-040]
RZ1|17|1|OP07-040|0|45|1|4|1|1|0|0|0
[BigRato​#5650] Hand before Mulligan: [OP15-052,EB01-023,OP07-045,OP08-047,OP07-040]
[BigRato​#5650] Hand: [OP15-052,EB01-023,OP07-045,OP08-047,OP07-040]
[BigRato​#5650] Board: []
[BigRato​#5650] Trash: []
[BigRato​#5650] Life: 5
[Metalbeard​#6700] Hand: [OP13-043,OP08-047,OP16-010,ST22-015,EB04-007]
[Metalbeard​#6700] Trash: []
[Metalbeard​#6700] Board: []
[Metalbeard​#6700] Life: 3
RZ1|18|1|Don|4|9|5|0|1|1|0|0|0
[BigRato​#5650] Draw 1 Don
[BigRato​#5650] Hand: [OP15-052,EB01-023,OP07-045,OP08-047,OP07-040]
[BigRato​#5650] Board: []
[BigRato​#5650] Trash: []
[BigRato​#5650] Life: 5
[Metalbeard​#6700] Hand: [OP13-043,OP08-047,OP16-010,ST22-015,EB04-007]
[Metalbeard​#6700] Trash: []
[Metalbeard​#6700] Board: []
[Metalbeard​#6700] Life: 3
[BigRato​#5650] End Turn
[Metalbeard​#6700] Draw 1 Card
[Metalbeard​#6700] Drew card from deck: Izou ["ST22-002">ST22-002]
RZ1|19|2|ST22-002|0|41|1|5|0|1|0|0|0
RZ1|20|2|Don|4|9|5|0|1|1|0|0|0
RZ1|21|2|Don|4|8|5|1|1|1|0|0|0
[Metalbeard​#6700] Draw 2 Don
RZ1|22|2|Don|5|0|5|0|1|1|1|0|0
[Metalbeard​#6700] Deploy Otama ["OP13-043">OP13-043]
RZ1|23|2|OP13-043|1|0|2|0|1|1|0|0|0
[Metalbeard​#6700] Drew card from deck: I Am Whitebeard! ["ST22-015">ST22-015]
RZ1|24|2|ST22-015|0|40|1|5|0|1|0|0|0
[Metalbeard​#6700] Drew card from deck: Roronoa Zoro ["EB04-007">EB04-007]
RZ1|25|2|EB04-007|0|39|1|6|0|1|0|0|0
[Metalbeard​#6700] Otama ["OP13-043">OP13-043]: Draw 2 Card
RZ1|26|2|ST22-015|1|2|6|0|1|1|0|0|0
[Metalbeard​#6700] Otama ["OP13-043">OP13-043]: Trash I Am Whitebeard! ["ST22-015">ST22-015]
[Metalbeard​#6700] Attach 1 Don to Portgas D. Ace ["OP13-002">OP13-002] (1 Total)
RZ1|27|2|Don|5|1|9|9900|1|1|0|0|0
[Metalbeard​#6700] End Turn
[BigRato​#5650] Hand: [OP15-052,EB01-023,OP07-045,OP08-047,OP07-040]
[BigRato​#5650] Board: []
[BigRato​#5650] Trash: []
[BigRato​#5650] Life: 5
[Metalbeard​#6700] Hand: [OP08-047,OP16-010,EB04-007,ST22-002,ST22-015,EB04-007]
[Metalbeard​#6700] Trash: [ST22-015]
[Metalbeard​#6700] Board: [OP13-043]
[Metalbeard​#6700] Life: 3
[BigRato​#5650] Draw 1 Card
[BigRato​#5650] Drew card from deck: Jozu ["OP08-047">OP08-047]
RZ1|28|1|OP08-047|0|39|1|5|1|1|0|0|0
RZ1|29|1|Don|4|8|5|1|1|1|0|0|0
RZ1|30|1|Don|4|7|5|2|1|1|0|0|0
[BigRato​#5650] Draw 2 Don
[BigRato​#5650] Attach 1 Don to Jinbe ["OP14-040">OP14-040] (1 Total)
RZ1|31|1|Don|5|2|9|9900|1|1|0|0|0
[BigRato​#5650] Attach 1 Don to Jinbe ["OP14-040">OP14-040] (2 Total)
RZ1|32|1|Don|5|1|9|9901|1|1|0|0|0
[BigRato​#5650] Attach 1 Don to Jinbe ["OP14-040">OP14-040] (3 Total)
RZ1|33|1|Don|5|0|9|9902|1|1|0|0|0
[BigRato​#5650] Jinbe ["OP14-040">OP14-040] attacking Portgas D. Ace ["OP13-002">OP13-002]
Jinbe ["OP14-040">OP14-040][8000] vs Portgas D. Ace ["OP13-002">OP13-002][6000]
Portgas D. Ace ["OP13-002">OP13-002] hit for 1 damage
[Metalbeard​#6700] Drew card from deck: Marco ["PRB02-008">PRB02-008]
RZ1|34|2|PRB02-008|0|38|1|7|0|1|0|0|0
[Metalbeard​#6700] Portgas D. Ace ["OP13-002">OP13-002]: Draw 1 Card
[BigRato​#5650] Hand: [OP15-052,EB01-023,OP07-045,OP08-047,OP07-040,OP08-047]
[BigRato​#5650] Board: []
[BigRato​#5650] Trash: []
[BigRato​#5650] Life: 5
[Metalbeard​#6700] Hand: [OP08-047,OP16-010,EB04-007,ST22-002,ST22-015,EB04-007,PRB02-008,PRB02-008]
[Metalbeard​#6700] Trash: [ST22-015]
[Metalbeard​#6700] Board: [OP13-043]
[Metalbeard​#6700] Life: 2
[BigRato​#5650] End Turn
RZ1|35|2|Don|9|9900|5|0|1|1|1|0|0
[Metalbeard​#6700] Draw 1 Card
[Metalbeard​#6700] Drew card from deck: Curiel ["OP16-004">OP16-004]
RZ1|36|2|OP16-004|0|37|1|8|0|1|0|0|0
RZ1|37|2|Don|4|7|5|2|1|1|0|0|0
RZ1|38|2|Don|4|6|5|3|1|1|0|0|0
[Metalbeard​#6700] Draw 2 Don
[Metalbeard​#6700] Portgas D. Ace ["OP13-002">OP13-002] attacking Jinbe ["OP14-040">OP14-040]
Portgas D. Ace ["OP13-002">OP13-002][6000] vs Jinbe ["OP14-040">OP14-040][5000]
Jinbe ["OP14-040">OP14-040] hit for 1 damage
RZ1|39|2|Don|5|0|5|0|1|1|1|0|0
RZ1|40|2|Don|5|1|5|1|1|1|1|0|0
RZ1|41|2|Don|5|2|5|2|1|1|1|0|0
RZ1|42|2|Don|5|3|5|3|1|1|1|0|0
[Metalbeard​#6700] Deploy Marco ["PRB02-008">PRB02-008]
RZ1|43|2|PRB02-008|1|6|2|1|1|1|0|0|0
[Metalbeard​#6700] End Turn
[BigRato​#5650] Hand: [OP15-052,EB01-023,OP07-045,OP08-047,OP07-040,OP08-047,OP14-046]
[BigRato​#5650] Board: []
[BigRato​#5650] Trash: []
[BigRato​#5650] Life: 4
[Metalbeard​#6700] Hand: [OP08-047,OP16-010,EB04-007,ST22-002,ST22-015,EB04-007,PRB02-008,OP16-004]
[Metalbeard​#6700] Trash: [ST22-015]
[Metalbeard​#6700] Board: [OP13-043,PRB02-008]
[Metalbeard​#6700] Life: 2
RZ1|44|1|Don|9|9900|5|0|1|1|1|0|0
RZ1|45|1|Don|9|9900|5|0|1|1|1|0|0
RZ1|46|1|Don|9|9900|5|0|1|1|1|0|0
[BigRato​#5650] Draw 1 Card
[BigRato​#5650] Drew card from deck: Koala ["OP14-046">OP14-046]
RZ1|47|1|OP14-046|0|38|1|7|1|1|0|0|0
RZ1|48|1|Don|4|6|5|3|1|1|0|0|0
RZ1|49|1|Don|4|5|5|4|1|1|0|0|0
[BigRato​#5650] Draw 2 Don
RZ1|50|1|Don|5|0|5|0|1|1|1|0|0
RZ1|51|1|Don|5|1|5|1|1|1|1|0|0
RZ1|52|1|Don|5|2|5|2|1|1|1|0|0
RZ1|53|1|Don|5|3|5|3|1|1|1|0|0
[BigRato​#5650] Deploy Jinbe ["OP07-045">OP07-045]
RZ1|54|1|OP07-045|1|2|2|0|1|1|0|0|0
RZ1|55|1|EB01-023|1|1|2|1|1|1|0|0|0
[BigRato​#5650] Jinbe ["OP07-045">OP07-045]: Deploy Edward Weevil ["EB01-023">EB01-023]
[BigRato​#5650] Drew card from deck: Crocodile ["OP07-040">OP07-040]
RZ1|56|1|OP07-040|0|37|1|6|1|1|0|0|0
[BigRato​#5650] Edward Weevil ["EB01-023">EB01-023]: Draw 1 Card
[BigRato​#5650] Attach 1 Don to Jinbe ["OP14-040">OP14-040] (1 Total)
RZ1|57|1|Don|5|4|9|9900|1|1|0|0|0
[BigRato​#5650] Jinbe ["OP14-040">OP14-040] attacking Portgas D. Ace ["OP13-002">OP13-002]
RZ1|58|2|PRB02-008|1|6|6|1|1|1|0|0|0
[Metalbeard​#6700] Portgas D. Ace ["OP13-002">OP13-002]: Trash Marco ["PRB02-008">PRB02-008]
[Metalbeard​#6700] Portgas D. Ace ["OP13-002">OP13-002]: Buff Jinbe ["OP14-040">OP14-040] -2000 for the Combat
Jinbe ["OP14-040">OP14-040][4000] vs Portgas D. Ace ["OP13-002">OP13-002][6000]
Attack Fails
[BigRato​#5650] Hand: [OP15-052,OP08-047,OP07-040,OP08-047,OP14-046,OP14-046,OP07-040]
[BigRato​#5650] Board: [OP07-045,EB01-023]
[BigRato​#5650] Trash: []
[BigRato​#5650] Life: 4
[Metalbeard​#6700] Hand: [OP08-047,OP16-010,EB04-007,ST22-002,ST22-015,EB04-007,OP16-004]
[Metalbeard​#6700] Trash: [ST22-015,PRB02-008]
[Metalbeard​#6700] Board: [OP13-043,PRB02-008]
[Metalbeard​#6700] Life: 2
[BigRato​#5650] End Turn
[Metalbeard​#6700] Draw 1 Card
[Metalbeard​#6700] Drew card from deck: Boa Hancock ["OP07-051">OP07-051]
RZ1|59|2|OP07-051|0|36|1|7|0|1|0|0|0
RZ1|60|2|Don|4|5|5|4|1|1|0|0|0
RZ1|61|2|Don|4|4|5|5|1|1|0|0|0
[Metalbeard​#6700] Draw 2 Don
[Metalbeard​#6700] Marco ["PRB02-008">PRB02-008] attacking Jinbe ["OP14-040">OP14-040]
[BigRato​#5650] Discard Crocodile ["OP07-040">OP07-040] for Counter 2000
RZ1|62|1|OP07-040|1|6|6|0|1|1|0|0|0
Marco ["PRB02-008">PRB02-008][6000] vs Jinbe ["OP14-040">OP14-040][7000]
Attack Fails
[Metalbeard​#6700] Portgas D. Ace ["OP13-002">OP13-002] attacking Jinbe ["OP14-040">OP14-040]
[BigRato​#5650] Discard Koala ["OP14-046">OP14-046] for Counter 2000
RZ1|63|1|OP14-046|1|5|6|1|1|1|0|0|0
Portgas D. Ace ["OP13-002">OP13-002][6000] vs Jinbe ["OP14-040">OP14-040][7000]
Attack Fails
RZ1|64|2|Don|5|0|5|0|1|1|1|0|0
RZ1|65|2|Don|5|1|5|1|1|1|1|0|0
RZ1|66|2|Don|5|2|5|2|1|1|1|0|0
RZ1|67|2|Don|5|3|5|3|1|1|1|0|0
RZ1|68|2|Don|5|4|5|4|1|1|1|0|0
RZ1|69|2|Don|5|5|5|5|1|1|1|0|0
[Metalbeard​#6700] Deploy Jozu ["OP08-047">OP08-047]
RZ1|70|2|OP08-047|1|0|2|2|1|1|0|0|0
[Metalbeard​#6700] Jozu ["OP08-047">OP08-047]: Return Otama ["OP13-043">OP13-043] to Hand
[Metalbeard​#6700] Jozu ["OP08-047">OP08-047]: Send Edward Weevil ["EB01-023">EB01-023] to Hand
[Metalbeard​#6700] End Turn
[BigRato​#5650] Hand: [OP15-052,OP08-047,OP07-040,OP08-047,OP14-046,EB01-023]
[BigRato​#5650] Board: [OP07-045]
[BigRato​#5650] Trash: [OP07-040,OP14-046]
[BigRato​#5650] Life: 4
[Metalbeard​#6700] Hand: [OP16-010,EB04-007,ST22-002,ST22-015,EB04-007,OP16-004,OP07-051,OP13-043]
[Metalbeard​#6700] Trash: [ST22-015,PRB02-008]
[Metalbeard​#6700] Board: [PRB02-008,OP08-047]
[Metalbeard​#6700] Life: 2
RZ1|71|1|Don|9|9900|5|0|1|1|1|0|0
[BigRato​#5650] Draw 1 Card
[BigRato​#5650] Drew card from deck: Trafalgar Law ["ST17-002">ST17-002]
RZ1|72|1|ST17-002|0|36|1|6|1|1|0|0|0
RZ1|73|1|Don|4|4|5|5|1|1|0|0|0
RZ1|74|1|Don|4|3|5|6|1|1|0|0|0
[BigRato​#5650] Draw 2 Don
RZ1|75|1|Don|5|0|5|0|1|1|1|0|0
[BigRato​#5650] Deploy Leo ["OP15-052">OP15-052]
RZ1|76|1|OP15-052|1|0|2|1|1|1|0|0|0
RZ1|77|1|Don|5|1|5|1|1|1|1|0|0
RZ1|78|1|Don|5|2|5|2|1|1|1|0|0
RZ1|79|1|Don|5|3|5|3|1|1|1|0|0
RZ1|80|1|Don|5|4|5|4|1|1|1|0|0
[BigRato​#5650] Deploy Trafalgar Law ["ST17-002">ST17-002]
RZ1|81|1|ST17-002|1|5|2|2|1|1|0|0|0
[BigRato​#5650] Trafalgar Law ["ST17-002">ST17-002]: Return Leo ["OP15-052">OP15-052] to Hand
[BigRato​#5650] Trafalgar Law ["ST17-002">ST17-002]: Send Marco ["PRB02-008">PRB02-008] to Hand
RZ1|82|1|Don|5|5|5|5|1|1|1|0|0
[BigRato​#5650] Deploy Leo ["OP15-052">OP15-052]
RZ1|83|1|OP15-052|1|5|2|2|1|1|0|0|0
[BigRato​#5650] Attach 1 Don to Jinbe ["OP14-040">OP14-040] (1 Total)
RZ1|84|1|Don|5|6|9|9900|1|1|0|0|0
[BigRato​#5650] Jinbe ["OP14-040">OP14-040] attacking Portgas D. Ace ["OP13-002">OP13-002]
RZ1|85|2|PRB02-008|1|8|6|2|1|1|0|0|0
[Metalbeard​#6700] Portgas D. Ace ["OP13-002">OP13-002]: Trash Marco ["PRB02-008">PRB02-008]
[Metalbeard​#6700] Portgas D. Ace ["OP13-002">OP13-002]: Buff Jinbe ["OP14-040">OP14-040] -2000 for the Combat
Jinbe ["OP14-040">OP14-040][4000] vs Portgas D. Ace ["OP13-002">OP13-002][6000]
Attack Fails
[BigRato​#5650] Hand: [OP08-047,OP07-040,OP08-047,OP14-046,EB01-023]
[BigRato​#5650] Board: [OP07-045,ST17-002,OP15-052]
[BigRato​#5650] Trash: [OP07-040,OP14-046]
[BigRato​#5650] Life: 4
[Metalbeard​#6700] Hand: [OP16-010,EB04-007,ST22-002,ST22-015,EB04-007,OP16-004,OP07-051,OP13-043]
[Metalbeard​#6700] Trash: [ST22-015,PRB02-008,PRB02-008]
[Metalbeard​#6700] Board: [OP08-047]
[Metalbeard​#6700] Life: 2
[BigRato​#5650] End Turn
[Metalbeard​#6700] Draw 1 Card
[Metalbeard​#6700] Drew card from deck: Yamato ["OP13-054">OP13-054]
RZ1|86|2|OP13-054|0|35|1|8|0|1|0|0|0
RZ1|87|2|Don|4|3|5|6|1|1|0|0|0
RZ1|88|2|Don|4|2|5|7|1|1|0|0|0
[Metalbeard​#6700] Draw 2 Don
[Metalbeard​#6700] Jozu ["OP08-047">OP08-047] attacking Jinbe ["OP14-040">OP14-040]
Jozu ["OP08-047">OP08-047][7000] vs Jinbe ["OP14-040">OP14-040][5000]
Jinbe ["OP14-040">OP14-040] hit for 1 damage
RZ1|89|2|Don|5|0|5|0|1|1|1|0|0
RZ1|90|2|Don|5|1|5|1|1|1|1|0|0
RZ1|91|2|Don|5|2|5|2|1|1|1|0|0
RZ1|92|2|Don|5|3|5|3|1|1|1|0|0
RZ1|93|2|Don|5|4|5|4|1|1|1|0|0
RZ1|94|2|Don|5|5|5|5|1|1|1|0|0
RZ1|95|2|Don|5|6|5|6|1|1|1|0|0
[Metalbeard​#6700] Deploy Roronoa Zoro ["EB04-007">EB04-007]
RZ1|96|2|EB04-007|1|4|2|1|1|1|0|0|0
[Metalbeard​#6700] Roronoa Zoro ["EB04-007">EB04-007]: Grant Portgas D. Ace ["OP13-002">OP13-002] 2000 until opponent's next turn end
[Metalbeard​#6700] Attach 1 Don to Portgas D. Ace ["OP13-002">OP13-002] (1 Total)
RZ1|97|2|Don|5|7|9|9900|1|1|0|0|0
[Metalbeard​#6700] Portgas D. Ace ["OP13-002">OP13-002] attacking Jinbe ["OP14-040">OP14-040]
Portgas D. Ace ["OP13-002">OP13-002][9000] vs Jinbe ["OP14-040">OP14-040][5000]
Jinbe ["OP14-040">OP14-040] hit for 1 damage
[Metalbeard​#6700] End Turn
[BigRato​#5650] Hand: [OP08-047,OP07-040,OP08-047,OP14-046,EB01-023,OP07-051,OP14-049]
[BigRato​#5650] Board: [OP07-045,ST17-002,OP15-052]
[BigRato​#5650] Trash: [OP07-040,OP14-046]
[BigRato​#5650] Life: 2
[Metalbeard​#6700] Hand: [OP16-010,EB04-007,ST22-002,ST22-015,OP16-004,OP07-051,OP13-043,OP13-054]
[Metalbeard​#6700] Trash: [ST22-015,PRB02-008,PRB02-008]
[Metalbeard​#6700] Board: [OP08-047,EB04-007]
[Metalbeard​#6700] Life: 2
RZ1|98|1|Don|9|9900|5|0|1|1|1|0|0
[BigRato​#5650] Draw 1 Card
[BigRato​#5650] Drew card from deck: Gravity Blade Raging Tiger ["OP06-058">OP06-058]
RZ1|99|1|OP06-058|0|35|1|7|1|1|0|0|0
RZ1|100|1|Don|4|2|5|7|1|1|0|0|0
RZ1|101|1|Don|4|1|5|8|1|1|0|0|0
[BigRato​#5650] Draw 2 Don
RZ1|102|1|Don|5|0|5|0|1|1|1|0|0
RZ1|103|1|Don|5|1|5|1|1|1|1|0|0
RZ1|104|1|Don|5|2|5|2|1|1|1|0|0
RZ1|105|1|Don|5|3|5|3|1|1|1|0|0
RZ1|106|1|Don|5|4|5|4|1|1|1|0|0
RZ1|107|1|Don|5|5|5|5|1|1|1|0|0
[BigRato​#5650] Deploy Boa Hancock ["OP07-051">OP07-051]
RZ1|108|1|OP07-051|1|5|2|3|1|1|0|0|0
[BigRato​#5650] Boa Hancock ["OP07-051">OP07-051]: Roronoa Zoro ["EB04-007">EB04-007] can't attack next turn
[BigRato​#5650] Attach 1 Don to Jinbe ["OP14-040">OP14-040] (1 Total)
RZ1|109|1|Don|5|8|9|9900|1|1|0|0|0
[BigRato​#5650] Attach 1 Don to Jinbe ["OP14-040">OP14-040] (2 Total)
RZ1|110|1|Don|5|7|9|9901|1|1|0|0|0
[BigRato​#5650] Attach 1 Don to Jinbe ["OP14-040">OP14-040] (3 Total)
RZ1|111|1|Don|5|6|9|9902|1|1|0|0|0
RZ1|112|1|EB01-023|1|4|6|2|1|1|0|0|0
[BigRato​#5650] Jinbe ["OP14-040">OP14-040]: Trash Edward Weevil ["EB01-023">EB01-023]
[BigRato​#5650] Jinbe ["OP14-040">OP14-040]: Attach 1 Rested Don to Jinbe ["OP14-040">OP14-040]
RZ1|113|1|Don|5|0|9|9903|1|1|1|0|0
[BigRato​#5650] Jinbe ["OP14-040">OP14-040]: Attach 1 Rested Don to Jinbe ["OP14-040">OP14-040]
RZ1|114|1|Don|5|0|9|9904|1|1|1|0|0
RZ1|115|1|OP06-058|1|5|6|3|1|1|0|0|0
[BigRato​#5650] Jinbe ["OP14-040">OP14-040]: Trash Gravity Blade Raging Tiger ["OP06-058">OP06-058]
[BigRato​#5650] Jinbe ["OP14-040">OP14-040]: Attach 1 Rested Don to Jinbe ["OP14-040">OP14-040]
RZ1|116|1|Don|5|0|9|9905|1|1|1|0|0
[BigRato​#5650] Jinbe ["OP14-040">OP14-040]: Attach 1 Rested Don to Jinbe ["OP14-040">OP14-040]
RZ1|117|1|Don|5|0|9|9906|1|1|1|0|0
[BigRato​#5650] Jinbe ["OP14-040">OP14-040] attacking Jozu ["OP08-047">OP08-047]
RZ1|118|2|OP08-047|2|0|6|3|1|1|0|0|0
Jinbe ["OP14-040">OP14-040][12000] vs Jozu ["OP08-047">OP08-047][7000]
[Metalbeard​#6700] Jozu ["OP08-047">OP08-047] Destroyed
[Metalbeard​#6700] Drew card from deck: Curiel ["OP16-004">OP16-004]
RZ1|119|2|OP16-004|0|34|1|8|0|1|0|0|0
[Metalbeard​#6700] Portgas D. Ace ["OP13-002">OP13-002]: Draw 1 Card
[BigRato​#5650] Hand: [OP08-047,OP07-040,OP08-047,OP14-046,OP14-049]
[BigRato​#5650] Board: [OP07-045,ST17-002,OP15-052,OP07-051]
[BigRato​#5650] Trash: [OP07-040,OP14-046,EB01-023,OP06-058]
[BigRato​#5650] Life: 2
[Metalbeard​#6700] Hand: [OP16-010,EB04-007,ST22-002,ST22-015,OP16-004,OP07-051,OP13-043,OP13-054,OP16-004]
[Metalbeard​#6700] Trash: [ST22-015,PRB02-008,PRB02-008,OP08-047]
[Metalbeard​#6700] Board: [EB04-007]
[Metalbeard​#6700] Life: 2
[BigRato​#5650] End Turn
RZ1|120|2|Don|9|9900|5|0|1|1|1|0|0
[Metalbeard​#6700] Draw 1 Card
[Metalbeard​#6700] Drew card from deck: Yamato ["OP13-054">OP13-054]
RZ1|121|2|OP13-054|0|33|1|9|0|1|0|0|0
RZ1|122|2|Don|4|1|5|8|1|1|0|0|0
RZ1|123|2|Don|4|0|5|9|1|1|0|0|0
[Metalbeard​#6700] Draw 2 Don
RZ1|124|2|Don|5|0|5|0|1|1|1|0|0
[Metalbeard​#6700] Deploy Izou ["ST22-002">ST22-002]
RZ1|125|2|ST22-002|1|2|2|1|1|1|0|0|0
RZ1|126|2|OP08-047|0|31|1|9|0|1|0|0|0
[Metalbeard​#6700] Izou ["ST22-002">ST22-002]: <b>Reveal and Draw Jozu ["OP08-047">OP08-047]</b>
[Metalbeard​#6700] Placing Cards on Bottom of Deck
RZ1|127|2|Don|5|1|5|1|1|1|1|0|0
RZ1|128|2|Don|5|2|5|2|1|1|1|0|0
RZ1|129|2|Don|5|3|5|3|1|1|1|0|0
RZ1|130|2|Don|5|4|5|4|1|1|1|0|0
RZ1|131|2|Don|5|5|5|5|1|1|1|0|0
RZ1|132|2|Don|5|6|5|6|1|1|1|0|0
RZ1|133|2|Don|5|7|5|7|1|1|1|0|0
[Metalbeard​#6700] Deploy Roronoa Zoro ["EB04-007">EB04-007]
RZ1|134|2|EB04-007|1|1|2|2|1|1|0|0|0
[Metalbeard​#6700] Roronoa Zoro ["EB04-007">EB04-007]: Grant Portgas D. Ace ["OP13-002">OP13-002] 2000 until opponent's next turn end
[Metalbeard​#6700] Attach 1 Don to Portgas D. Ace ["OP13-002">OP13-002] (1 Total)
RZ1|135|2|Don|5|9|9|9900|1|1|0|0|0
[Metalbeard​#6700] Attach 1 Don to Portgas D. Ace ["OP13-002">OP13-002] (2 Total)
RZ1|136|2|Don|5|8|9|9901|1|1|0|0|0
[Metalbeard​#6700] Portgas D. Ace ["OP13-002">OP13-002] attacking Jinbe ["OP14-040">OP14-040]
Portgas D. Ace ["OP13-002">OP13-002][10000] vs Jinbe ["OP14-040">OP14-040][5000]
Jinbe ["OP14-040">OP14-040] hit for 1 damage
[Metalbeard​#6700] Roronoa Zoro ["EB04-007">EB04-007] is no longer blocked from attacking
[Metalbeard​#6700] End Turn
[BigRato​#5650] Hand: [OP08-047,OP07-040,OP08-047,OP14-046,OP14-049,OP14-050]
[BigRato​#5650] Board: [OP07-045,ST17-002,OP15-052,OP07-051]
[BigRato​#5650] Trash: [OP07-040,OP14-046,EB01-023,OP06-058]
[BigRato​#5650] Life: 1
[Metalbeard​#6700] Hand: [OP16-010,ST22-015,OP16-004,OP07-051,OP13-043,OP13-054,OP16-004,OP13-054,OP08-047]
[Metalbeard​#6700] Trash: [ST22-015,PRB02-008,PRB02-008,OP08-047]
[Metalbeard​#6700] Board: [EB04-007,ST22-002,EB04-007]
[Metalbeard​#6700] Life: 2
RZ1|137|1|Don|9|9900|5|0|1|1|1|0|0
RZ1|138|1|Don|9|9900|5|0|1|1|1|0|0
RZ1|139|1|Don|9|9900|5|0|1|1|1|0|0
RZ1|140|1|Don|9|9900|5|0|1|1|1|0|0
RZ1|141|1|Don|9|9900|5|0|1|1|1|0|0
RZ1|142|1|Don|9|9900|5|0|1|1|1|0|0
RZ1|143|1|Don|9|9900|5|0|1|1|1|0|0
[BigRato​#5650] Draw 1 Card
[BigRato​#5650] Drew card from deck: Edward Weevil ["EB01-023">EB01-023]
RZ1|144|1|EB01-023|0|34|1|6|1|1|0|0|0
RZ1|145|1|Don|4|0|5|9|1|1|0|0|0
[BigRato​#5650] Draw 2 Don
RZ1|146|1|Don|5|0|5|0|1|1|1|0|0
RZ1|147|1|Don|5|1|5|1|1|1|1|0|0
RZ1|148|1|Don|5|2|5|2|1|1|1|0|0
RZ1|149|1|Don|5|3|5|3|1|1|1|0|0
RZ1|150|1|Don|5|4|5|4|1|1|1|0|0
RZ1|151|1|Don|5|5|5|5|1|1|1|0|0
RZ1|152|1|Don|5|6|5|6|1|1|1|0|0
RZ1|153|1|Don|5|7|5|7|1|1|1|0|0
[BigRato​#5650] Deploy Jinbe ["OP14-049">OP14-049]
RZ1|154|1|OP14-049|1|4|2|4|1|1|0|0|0
[BigRato​#5650] Jinbe ["OP14-049">OP14-049]: Rest 2 Don
RZ1|155|1|Don|5|8|5|8|1|1|1|0|0
RZ1|156|1|Don|5|9|5|9|1|1|1|0|0
[BigRato​#5650] Drew card from deck: Sengoku ["OP07-046">OP07-046]
RZ1|157|1|OP07-046|0|33|1|6|1|1|0|0|0
[BigRato​#5650] Drew card from deck: Leo ["OP15-052">OP15-052]
RZ1|158|1|OP15-052|0|32|1|7|1|1|0|0|0
[BigRato​#5650] Jinbe ["OP14-049">OP14-049]: Draw 2 Card
[BigRato​#5650] Jinbe ["OP14-049">OP14-049]: Send Roronoa Zoro ["EB04-007">EB04-007] to Hand
[BigRato​#5650] Boa Hancock ["OP07-051">OP07-051] attacking Portgas D. Ace ["OP13-002">OP13-002]
RZ1|159|2|ST22-002|2|1|6|4|1|1|0|0|0
[Metalbeard​#6700] Izou ["ST22-002">ST22-002]: Trash Izou ["ST22-002">ST22-002]
[Metalbeard​#6700] Drew card from deck: Izou ["ST22-002">ST22-002]
RZ1|160|2|ST22-002|0|31|1|10|0|1|0|0|0
[Metalbeard​#6700] Izou ["ST22-002">ST22-002]: Draw 1 Card
[Metalbeard​#6700] Sent a Card to Deck Bottom
[Metalbeard​#6700] Discard Yamato ["OP13-054">OP13-054] for Counter 1000
RZ1|161|2|OP13-054|1|4|6|5|1|1|0|0|0
Boa Hancock ["OP07-051">OP07-051][8000] vs Portgas D. Ace ["OP13-002">OP13-002][9000]
Attack Fails
RZ1|162|1|EB01-023|1|5|6|4|1|1|0|0|0
[BigRato​#5650] Jinbe ["OP14-040">OP14-040]: Trash Edward Weevil ["EB01-023">EB01-023]
[BigRato​#5650] Jinbe ["OP14-040">OP14-040]: Attach 1 Rested Don to Jinbe ["OP07-045">OP07-045]
RZ1|163|1|Don|5|0|9|0|1|1|1|0|0
[BigRato​#5650] Jinbe ["OP14-040">OP14-040]: Attach 1 Rested Don to Jinbe ["OP07-045">OP07-045]
RZ1|164|1|Don|5|0|9|1|1|1|1|0|0
[BigRato​#5650] Jinbe ["OP14-049">OP14-049]: Give Jinbe ["OP14-049">OP14-049] Rush
RZ1|165|1|OP14-050|1|4|6|5|1|1|0|0|0
[BigRato​#5650] Jinbe ["OP14-040">OP14-040]: Trash Chew ["OP14-050">OP14-050]
[BigRato​#5650] Jinbe ["OP14-040">OP14-040]: Attach 1 Rested Don to Jinbe ["OP07-045">OP07-045]
RZ1|166|1|Don|5|0|9|2|1|1|1|0|0
[BigRato​#5650] Jinbe ["OP14-040">OP14-040]: Attach 1 Rested Don to Jinbe ["OP07-045">OP07-045]
RZ1|167|1|Don|5|0|9|3|1|1|1|0|0
[BigRato​#5650] Jinbe ["OP14-049">OP14-049]: Give Jinbe ["OP14-049">OP14-049] Rush
[BigRato​#5650] Jinbe ["OP07-045">OP07-045] attacking Portgas D. Ace ["OP13-002">OP13-002]
RZ1|168|2|ST22-015|1|1|6|6|1|1|0|0|0
[Metalbeard​#6700] Portgas D. Ace ["OP13-002">OP13-002]: Trash I Am Whitebeard! ["ST22-015">ST22-015]
[Metalbeard​#6700] Portgas D. Ace ["OP13-002">OP13-002]: Buff Jinbe ["OP07-045">OP07-045] -2000 for the Combat
Jinbe ["OP07-045">OP07-045][7000] vs Portgas D. Ace ["OP13-002">OP13-002][8000]
Attack Fails
[BigRato​#5650] Jinbe ["OP14-049">OP14-049] attacking Portgas D. Ace ["OP13-002">OP13-002]
[Metalbeard​#6700] Discard Otama ["OP13-043">OP13-043] for Counter 2000
RZ1|169|2|OP13-043|1|2|6|7|1|1|0|0|0
[Metalbeard​#6700] Discard Yamato ["OP13-054">OP13-054] for Counter 1000
RZ1|170|2|OP13-054|1|3|6|8|1|1|0|0|0
Jinbe ["OP14-049">OP14-049][10000] vs Portgas D. Ace ["OP13-002">OP13-002][11000]
Attack Fails
[BigRato​#5650] Hand: [OP08-047,OP07-040,OP08-047,OP14-046,OP07-046,OP15-052]
[BigRato​#5650] Board: [OP07-045,ST17-002,OP15-052,OP07-051,OP14-049]
[BigRato​#5650] Trash: [OP07-040,OP14-046,EB01-023,OP06-058,EB01-023,OP14-050]
[BigRato​#5650] Life: 1
[Metalbeard​#6700] Hand: [OP16-010,OP16-004,OP16-004,OP08-047,EB04-007,ST22-002]
[Metalbeard​#6700] Trash: [ST22-015,PRB02-008,PRB02-008,OP08-047,ST22-002,OP13-054,ST22-015,OP13-043,OP13-054]
[Metalbeard​#6700] Board: [EB04-007]
[Metalbeard​#6700] Life: 2
[BigRato​#5650] End Turn
RZ1|171|2|Don|9|9900|5|0|1|1|1|0|0
RZ1|172|2|Don|9|9900|5|0|1|1|1|0|0
[Metalbeard​#6700] Draw 1 Card
[Metalbeard​#6700] Drew card from deck: Jozu ["OP08-047">OP08-047]
RZ1|173|2|OP08-047|0|31|1|6|0|1|0|0|0
RZ1|174|2|Don|5|0|5|0|1|1|1|0|0
[Metalbeard​#6700] Deploy Izou ["ST22-002">ST22-002]
RZ1|175|2|ST22-002|1|5|2|1|1|1|0|0|0
RZ1|176|2|OP13-042|0|27|1|6|0|1|0|0|0
[Metalbeard​#6700] Izou ["ST22-002">ST22-002]: <b>Reveal and Draw Edward Newgate ["OP13-042">OP13-042]</b>
[Metalbeard​#6700] Placing Cards on Bottom of Deck
RZ1|177|2|Don|5|1|5|1|1|1|1|0|0
RZ1|178|2|Don|5|2|5|2|1|1|1|0|0
RZ1|179|2|Don|5|3|5|3|1|1|1|0|0
RZ1|180|2|Don|5|4|5|4|1|1|1|0|0
RZ1|181|2|Don|5|5|5|5|1|1|1|0|0
RZ1|182|2|Don|5|6|5|6|1|1|1|0|0
RZ1|183|2|Don|5|7|5|7|1|1|1|0|0
[Metalbeard​#6700] Deploy Roronoa Zoro ["EB04-007">EB04-007]
RZ1|184|2|EB04-007|1|4|2|2|1|1|0|0|0
[Metalbeard​#6700] Roronoa Zoro ["EB04-007">EB04-007]: Grant Portgas D. Ace ["OP13-002">OP13-002] 2000 until opponent's next turn end
[Metalbeard​#6700] Roronoa Zoro ["EB04-007">EB04-007]: Give Roronoa Zoro ["EB04-007">EB04-007] Character Rush
[Metalbeard​#6700] Roronoa Zoro ["EB04-007">EB04-007] attacking Jinbe ["OP14-040">OP14-040]
Roronoa Zoro ["EB04-007">EB04-007][9000] vs Jinbe ["OP14-040">OP14-040][5000]
Jinbe ["OP14-040">OP14-040] hit for 1 damage
[Metalbeard​#6700] Attach 1 Don to Portgas D. Ace ["OP13-002">OP13-002] (1 Total)
RZ1|185|2|Don|5|9|9|9900|1|1|0|0|0
[Metalbeard​#6700] Attach 1 Don to Portgas D. Ace ["OP13-002">OP13-002] (2 Total)
RZ1|186|2|Don|5|8|9|9901|1|1|0|0|0
[Metalbeard​#6700] Portgas D. Ace ["OP13-002">OP13-002] attacking Jinbe ["OP14-040">OP14-040]
[BigRato​#5650] Discard Crocodile ["OP07-040">OP07-040] for Counter 2000
RZ1|187|1|OP07-040|1|1|6|6|1|1|0|0|0
[BigRato​#5650] Discard Koala ["OP14-046">OP14-046] for Counter 2000
RZ1|188|1|OP14-046|1|2|6|7|1|1|0|0|0
[BigRato​#5650] Discard Leo ["OP15-052">OP15-052] for Counter 2000
RZ1|189|1|OP15-052|1|3|6|8|1|1|0|0|0
Portgas D. Ace ["OP13-002">OP13-002][10000] vs Jinbe ["OP14-040">OP14-040][11000]
Attack Fails
[Metalbeard​#6700] Roronoa Zoro ["EB04-007">EB04-007] attacking Boa Hancock ["OP07-051">OP07-051]
[BigRato​#5650] Discard Sengoku ["OP07-046">OP07-046] for Counter 1000
RZ1|190|1|OP07-046|1|2|6|9|1|1|0|0|0
[BigRato​#5650] Discard Jozu ["OP08-047">OP08-047] for Counter 1000
RZ1|191|1|OP08-047|1|1|6|10|1|1|0|0|0
Roronoa Zoro ["EB04-007">EB04-007][9000] vs Boa Hancock ["OP07-051">OP07-051][10000]
Attack Fails
[Metalbeard​#6700] End Turn
[BigRato​#5650] Hand: [OP08-047,OP15-047]
[BigRato​#5650] Board: [OP07-045,ST17-002,OP15-052,OP07-051,OP14-049]
[BigRato​#5650] Trash: [OP07-040,OP14-046,EB01-023,OP06-058,EB01-023,OP14-050,OP07-040,OP14-046,OP15-052,OP07-046,OP08-047]
[BigRato​#5650] Life: 0
[Metalbeard​#6700] Hand: [OP16-010,OP16-004,OP16-004,OP08-047,OP08-047,OP13-042]
[Metalbeard​#6700] Trash: [ST22-015,PRB02-008,PRB02-008,OP08-047,ST22-002,OP13-054,ST22-015,OP13-043,OP13-054]
[Metalbeard​#6700] Board: [EB04-007,ST22-002,EB04-007]
[Metalbeard​#6700] Life: 2
RZ1|192|1|Don|9|0|5|0|1|1|1|0|0
RZ1|193|1|Don|9|0|5|0|1|1|1|0|0
RZ1|194|1|Don|9|0|5|0|1|1|1|0|0
RZ1|195|1|Don|9|0|5|0|1|1|1|0|0
[BigRato​#5650] Draw 1 Card
[BigRato​#5650] Drew card from deck: Sanji ["OP15-047">OP15-047]
RZ1|196|1|OP15-047|0|31|1|2|1|1|0|0|0
RZ1|197|1|Don|5|0|5|0|1|1|1|0|0
RZ1|198|1|Don|5|1|5|1|1|1|1|0|0
RZ1|199|1|Don|5|2|5|2|1|1|1|0|0
RZ1|200|1|Don|5|3|5|3|1|1|1|0|0
RZ1|201|1|Don|5|4|5|4|1|1|1|0|0
RZ1|202|1|Don|5|5|5|5|1|1|1|0|0
[BigRato​#5650] Trash Trafalgar Law ["ST17-002">ST17-002]
[BigRato​#5650] Deploy Jozu ["OP08-047">OP08-047]
RZ1|203|1|ST17-002|2|1|6|11|1|1|0|0|0
RZ1|204|1|OP08-047|1|0|2|4|1|1|0|0|0
[BigRato​#5650] Jozu ["OP08-047">OP08-047]: Return Leo ["OP15-052">OP15-052] to Hand
[BigRato​#5650] Jozu ["OP08-047">OP08-047]: Send Izou ["ST22-002">ST22-002] to Hand
RZ1|205|1|OP15-047|1|1|6|12|1|1|0|0|0
[BigRato​#5650] Jinbe ["OP14-040">OP14-040]: Trash Sanji ["OP15-047">OP15-047]
[BigRato​#5650] Jinbe ["OP14-040">OP14-040]: Attach 1 Rested Don to Jinbe ["OP07-045">OP07-045]
RZ1|206|1|Don|5|0|9|0|1|1|1|0|0
[BigRato​#5650] Jinbe ["OP14-040">OP14-040]: Attach 1 Rested Don to Jinbe ["OP07-045">OP07-045]
RZ1|207|1|Don|5|0|9|1|1|1|1|0|0
[BigRato​#5650] Jinbe ["OP14-049">OP14-049]: Give Jinbe ["OP14-049">OP14-049] Rush
RZ1|208|1|OP15-047|1|0|6|13|1|1|0|0|0
[BigRato​#5650] Jinbe ["OP14-040">OP14-040]: Trash Sanji ["OP15-047">OP15-047]
[BigRato​#5650] Jinbe ["OP14-040">OP14-040]: Attach 1 Rested Don to Jinbe ["OP07-045">OP07-045]
RZ1|209|1|Don|5|0|9|2|1|1|1|0|0
[BigRato​#5650] Jinbe ["OP14-040">OP14-040]: Attach 1 Rested Don to Jinbe ["OP07-045">OP07-045]
RZ1|210|1|Don|5|0|9|3|1|1|1|0|0
[BigRato​#5650] Jinbe ["OP14-049">OP14-049]: Give Jinbe ["OP14-049">OP14-049] Rush
[BigRato​#5650] Jinbe ["OP07-045">OP07-045] attacking Portgas D. Ace ["OP13-002">OP13-002]
RZ1|211|2|OP13-042|1|5|6|9|1|1|0|0|0
[Metalbeard​#6700] Portgas D. Ace ["OP13-002">OP13-002]: Trash Edward Newgate ["OP13-042">OP13-042]
[Metalbeard​#6700] Portgas D. Ace ["OP13-002">OP13-002]: Buff Jinbe ["OP07-045">OP07-045] -2000 for the Combat
Jinbe ["OP07-045">OP07-045][7000] vs Portgas D. Ace ["OP13-002">OP13-002][8000]
Attack Fails
[BigRato​#5650] Attach 1 Don to Jinbe ["OP14-040">OP14-040] (1 Total)
RZ1|212|1|Don|5|5|9|9900|1|1|0|0|0
[BigRato​#5650] Attach 1 Don to Jinbe ["OP14-040">OP14-040] (2 Total)
RZ1|213|1|Don|5|4|9|9901|1|1|0|0|0
RZ1|214|1|OP15-052|1|0|6|14|1|1|0|0|0
[BigRato​#5650] Jinbe ["OP14-040">OP14-040]: Trash Leo ["OP15-052">OP15-052]
[BigRato​#5650] Jinbe ["OP14-040">OP14-040]: Attach 1 Rested Don to Jinbe ["OP14-040">OP14-040]
RZ1|215|1|Don|5|0|9|9902|1|1|1|0|0
[BigRato​#5650] Jinbe ["OP14-040">OP14-040]: Attach 1 Rested Don to Jinbe ["OP14-040">OP14-040]
RZ1|216|1|Don|5|0|9|9903|1|1|1|0|0
[BigRato​#5650] Jinbe ["OP14-049">OP14-049]: Give Jinbe ["OP14-049">OP14-049] Rush
[BigRato​#5650] Attach 1 Don to Jinbe ["OP14-040">OP14-040] (5 Total)
RZ1|217|1|Don|5|1|9|9904|1|1|0|0|0
[BigRato​#5650] Jinbe ["OP14-040">OP14-040] attacking Portgas D. Ace ["OP13-002">OP13-002]
Jinbe ["OP14-040">OP14-040][10000] vs Portgas D. Ace ["OP13-002">OP13-002][8000]
Portgas D. Ace ["OP13-002">OP13-002] hit for 1 damage
[Metalbeard​#6700] Drew card from deck: Edward Newgate ["OP13-042">OP13-042]
RZ1|218|2|OP13-042|0|29|1|7|0|1|0|0|0
[Metalbeard​#6700] Portgas D. Ace ["OP13-002">OP13-002]: Draw 1 Card
[BigRato​#5650] Attach 1 Don to Boa Hancock ["OP07-051">OP07-051] (1 Total)
RZ1|219|1|Don|5|0|9|100|1|1|0|0|0
[BigRato​#5650] Boa Hancock ["OP07-051">OP07-051] attacking Portgas D. Ace ["OP13-002">OP13-002]
[Metalbeard​#6700] Discard Curiel ["OP16-004">OP16-004] for Counter 2000
RZ1|220|2|OP16-004|1|1|6|10|1|1|0|0|0
Boa Hancock ["OP07-051">OP07-051][9000] vs Portgas D. Ace ["OP13-002">OP13-002][10000]
Attack Fails
[BigRato​#5650] Jinbe ["OP14-049">OP14-049] attacking Portgas D. Ace ["OP13-002">OP13-002]
[Metalbeard​#6700] Discard Izou ["ST22-002">ST22-002] for Counter 1000
RZ1|221|2|ST22-002|1|4|6|11|1|1|0|0|0
[Metalbeard​#6700] Discard Curiel ["OP16-004">OP16-004] for Counter 2000
RZ1|222|2|OP16-004|1|1|6|12|1|1|0|0|0
Jinbe ["OP14-049">OP14-049][10000] vs Portgas D. Ace ["OP13-002">OP13-002][11000]
Attack Fails
[Metalbeard​#6700] Quits!
Opponent Has Disconnected!
[BigRato​#5650] <b>Downloaded the Combat Log!</b>
OpponentDisconnect
