Version is 1.41b.27
[You] Leader is Krieg [<mark><link="OP15-001">OP15-001</link></mark>]
RZ1|HDR|1.41b|2|RZ1
RZ1|PLY|1||OP15-001
RZ1|PLY|2||
[Opponent] Leader is Smoker [<mark><link="OP02-093">OP02-093</link></mark>]
RZ1|1|2|OP02-119|0|42|0|0|0|0|0|0|0
RZ1|CHK|1|2|50|0|0|0|10|0|0|0|1|0
RZ1|2|2|OP02-110|0|14|0|1|0|0|0|0|0
RZ1|CHK|2|2|50|0|0|0|10|0|0|0|1|0
RZ1|3|2|OP02-098|0|12|0|2|0|0|0|0|0
RZ1|CHK|3|2|50|0|0|0|10|0|0|0|1|0
RZ1|4|2|OP02-098|0|10|0|3|0|0|0|0|0
RZ1|CHK|4|2|50|0|0|0|10|0|0|0|1|0
RZ1|5|2|OP02-098|0|12|0|4|0|0|0|0|0
RZ1|CHK|5|2|50|0|0|0|10|0|0|0|1|0
RZ1|6|2|OP02-121|0|18|0|5|0|0|0|0|0
RZ1|CHK|6|2|50|0|0|0|10|0|0|0|1|0
RZ1|7|2|EB02-050|0|42|0|6|0|0|0|0|0
RZ1|CHK|7|2|50|0|0|0|10|0|0|0|1|0
RZ1|8|2|ST06-006|0|31|0|7|0|0|0|0|0
RZ1|CHK|8|2|50|0|0|0|10|0|0|0|1|0
RZ1|9|2|OP02-096|0|14|0|8|0|0|0|0|0
RZ1|CHK|9|2|50|0|0|0|10|0|0|0|1|0
RZ1|10|2|ST19-002|0|34|0|9|0|0|0|0|0
RZ1|CHK|10|2|50|0|0|0|10|0|0|0|1|0
RZ1|11|2|ST19-003|0|39|0|10|0|0|0|0|0
RZ1|CHK|11|2|50|0|0|0|10|0|0|0|1|0
RZ1|12|2|OP02-114|0|22|0|11|0|0|0|0|0
RZ1|CHK|12|2|50|0|0|0|10|0|0|0|1|0
RZ1|13|2|ST19-003|0|38|0|12|0|0|0|0|0
RZ1|CHK|13|2|50|0|0|0|10|0|0|0|1|0
RZ1|14|2|ST06-017|0|48|0|13|0|0|0|0|0
RZ1|CHK|14|2|50|0|0|0|10|0|0|0|1|0
RZ1|15|2|OP05-091|0|31|0|14|0|0|0|0|0
RZ1|CHK|15|2|50|0|0|0|10|0|0|0|1|0
RZ1|16|2|EB02-044|0|18|0|15|0|0|0|0|0
RZ1|CHK|16|2|50|0|0|0|10|0|0|0|1|0
RZ1|17|2|ST19-003|0|41|0|16|0|0|0|0|0
RZ1|CHK|17|2|50|0|0|0|10|0|0|0|1|0
RZ1|18|2|OP02-110|0|25|0|17|0|0|0|0|0
RZ1|CHK|18|2|50|0|0|0|10|0|0|0|1|0
RZ1|19|2|ST06-016|0|48|0|18|0|0|0|0|0
RZ1|CHK|19|2|50|0|0|0|10|0|0|0|1|0
RZ1|20|2|OP02-106|0|26|0|19|0|0|0|0|0
RZ1|CHK|20|2|50|0|0|0|10|0|0|0|1|0
RZ1|21|2|OP05-091|0|33|0|20|0|0|0|0|0
RZ1|CHK|21|2|50|0|0|0|10|0|0|0|1|0
RZ1|22|2|OP02-119|0|45|0|21|0|0|0|0|0
RZ1|CHK|22|2|50|0|0|0|10|0|0|0|1|0
RZ1|23|2|ST19-004|0|44|0|22|0|0|0|0|0
RZ1|CHK|23|2|50|0|0|0|10|0|0|0|1|0
RZ1|24|2|OP03-097|0|46|0|23|0|0|0|0|0
RZ1|CHK|24|2|50|0|0|0|10|0|0|0|1|0
RZ1|25|2|OP02-098|0|29|0|24|0|0|0|0|0
RZ1|CHK|25|2|50|0|0|0|10|0|0|0|1|0
RZ1|26|2|OP02-114|0|31|0|25|0|0|0|0|0
RZ1|CHK|26|2|50|0|0|0|10|0|0|0|1|0
RZ1|27|2|ST06-006|0|39|0|27|0|0|0|0|0
RZ1|CHK|27|2|50|0|0|0|10|0|0|0|1|0
RZ1|28|2|OP02-106|0|32|0|28|0|0|0|0|0
RZ1|CHK|28|2|50|0|0|0|10|0|0|0|1|0
RZ1|29|2|OP02-096|0|32|0|29|0|0|0|0|0
RZ1|CHK|29|2|50|0|0|0|10|0|0|0|1|0
RZ1|30|2|OP10-098|0|47|0|30|0|0|0|0|0
RZ1|CHK|30|2|50|0|0|0|10|0|0|0|1|0
RZ1|31|2|OP07-085|0|39|0|32|0|0|0|0|0
RZ1|CHK|31|2|50|0|0|0|10|0|0|0|1|0
RZ1|32|2|ST19-002|0|44|0|33|0|0|0|0|0
RZ1|CHK|32|2|50|0|0|0|10|0|0|0|1|0
RZ1|33|2|ST06-017|0|49|0|35|0|0|0|0|0
RZ1|CHK|33|2|50|0|0|0|10|0|0|0|1|0
RZ1|34|2|ST06-006|0|43|0|36|0|0|0|0|0
RZ1|CHK|34|2|50|0|0|0|10|0|0|0|1|0
RZ1|35|2|EB02-050|0|48|0|37|0|0|0|0|0
RZ1|CHK|35|2|50|0|0|0|10|0|0|0|1|0
RZ1|36|2|ST19-003|0|48|0|38|0|0|0|0|0
RZ1|CHK|36|2|50|0|0|0|10|0|0|0|1|0
RZ1|37|2|ST06-008|0|46|0|39|0|0|0|0|0
RZ1|CHK|37|2|50|0|0|0|10|0|0|0|1|0
RZ1|38|2|OP03-089|0|45|0|41|0|0|0|0|0
RZ1|CHK|38|2|50|0|0|0|10|0|0|0|1|0
RZ1|39|2|ST06-006|0|46|0|43|0|0|0|0|0
RZ1|CHK|39|2|50|0|0|0|10|0|0|0|1|0
RZ1|40|2|ST19-002|0|47|0|44|0|0|0|0|0
RZ1|CHK|40|2|50|0|0|0|10|0|0|0|1|0
RZ1|41|2|OP03-089|0|46|0|45|0|0|0|0|0
RZ1|CHK|41|2|50|0|0|0|10|0|0|0|1|0
RZ1|42|2|ST06-016|0|49|0|48|0|0|0|0|0
RZ1|CHK|42|2|50|0|0|0|10|0|0|0|1|0
[] Drew card from deck: Morgan [<mark><link="OP15-017">OP15-017</link></mark>]
RZ1|43|1|OP15-017|0|49|1|0|1|1|0|0|0
RZ1|CHK|43|1|49|1|0|0|10|0|0|0|1|0
[] Drew card from deck: Jango [<mark><link="OP15-026">OP15-026</link></mark>]
RZ1|44|1|OP15-026|0|48|1|1|1|1|0|0|0
RZ1|CHK|44|1|48|2|0|0|10|0|0|0|1|0
[] Drew card from deck: Arlong [<mark><link="OP15-023">OP15-023</link></mark>]
RZ1|45|1|OP15-023|0|47|1|2|1|1|0|0|0
RZ1|CHK|45|1|47|3|0|0|10|0|0|0|1|0
[] Drew card from deck: Alvida [<mark><link="OP15-003">OP15-003</link></mark>]
RZ1|46|1|OP15-003|0|46|1|3|1|1|0|0|0
RZ1|CHK|46|1|46|4|0|0|10|0|0|0|1|0
[] Drew card from deck: Arlong [<mark><link="OP15-023">OP15-023</link></mark>]
RZ1|47|1|OP15-023|0|45|1|4|1|1|0|0|0
RZ1|CHK|47|1|45|5|0|0|10|0|0|0|1|0
[] Drew card from deck: Sengoku [<mark><link="ST19-002">ST19-002</link></mark>]
RZ1|48|2|ST19-002|0|49|1|0|1|1|0|0|0
RZ1|CHK|48|2|49|1|0|0|10|0|0|0|1|0
[] Drew card from deck: White Out [<mark><link="ST06-016">ST06-016</link></mark>]
RZ1|49|2|ST06-016|0|48|1|1|1|1|0|0|0
RZ1|CHK|49|2|48|2|0|0|10|0|0|0|1|0
[] Drew card from deck: Brannew [<mark><link="OP03-089">OP03-089</link></mark>]
RZ1|50|2|OP03-089|0|47|1|2|1|1|0|0|0
RZ1|CHK|50|2|47|3|0|0|10|0|0|0|1|0
[] Drew card from deck: Issho [<mark><link="OP03-078">OP03-078</link></mark>]
RZ1|51|2|OP03-078|0|46|1|3|1|1|0|0|0
RZ1|CHK|51|2|46|4|0|0|10|0|0|0|1|0
[] Drew card from deck: Brannew [<mark><link="OP03-089">OP03-089</link></mark>]
RZ1|52|2|OP03-089|0|45|1|4|1|1|0|0|0
RZ1|CHK|52|2|45|5|0|0|10|0|0|0|1|0
RZ1|53|1|EB04-004|0|44|3|0|1|0|0|0|0
RZ1|CHK|53|1|44|5|0|1|10|0|0|0|1|0
RZ1|54|1|OP15-007|0|43|3|1|1|0|0|0|0
RZ1|CHK|54|1|43|5|0|2|10|0|0|0|1|0
RZ1|55|1|OP13-040|0|42|3|2|1|0|0|0|0
RZ1|CHK|55|1|42|5|0|3|10|0|0|0|1|0
RZ1|56|1|OP15-037|0|41|3|3|1|0|0|0|0
RZ1|CHK|56|1|41|5|0|4|10|0|0|0|1|0
RZ1|57|2|ST19-002|0|44|3|0|0|1|0|0|0
RZ1|CHK|57|2|44|5|0|1|10|0|0|0|1|0
RZ1|58|2|ST06-006|0|43|3|1|0|1|0|0|0
RZ1|CHK|58|2|43|5|0|2|10|0|0|0|1|0
RZ1|59|2|OP02-121|0|42|3|2|0|1|0|0|0
RZ1|CHK|59|2|42|5|0|3|10|0|0|0|1|0
RZ1|60|2|OP03-089|0|41|3|3|0|1|0|0|0
RZ1|CHK|60|2|41|5|0|4|10|0|0|0|1|0
RZ1|61|2|OP02-096|0|40|3|4|0|1|0|0|0
RZ1|CHK|61|2|40|5|0|5|10|0|0|0|1|0
[] Hand: [OP15-017,OP15-026,OP15-023,OP15-003,OP15-023]
[] Board: []
[] Trash: []
[] Life: 4
[] Hand: [ST19-002,ST06-016,OP03-089,OP03-078,OP03-089]
[] Trash: []
[] Board: []
[] Life: 5
RZ1|62|1|Don|4|9|5|0|1|1|0|0|0
RZ1|CHK|62|1|41|5|0|4|9|1|0|0|1|0
[You] Draw 1 Don
RZ1|63|1|Don|5|0|5|0|1|1|1|0|0
RZ1|CHK|63|1|41|5|0|4|9|1|0|0|1|0
[You] Deploy Jango [<mark><link="OP15-026">OP15-026</link></mark>]
RZ1|64|1|OP15-026|1|1|2|0|1|1|0|0|0
RZ1|CHK|64|1|41|4|1|4|9|1|0|0|1|0
RZ1|65|1|OP15-026|0|38|1|4|1|1|0|0|0
RZ1|CHK|65|1|40|5|1|4|9|1|0|0|1|0
[You] Jango [<mark><link="OP15-026">OP15-026</link></mark>]: <b>Reveal and Draw Jango [<mark><link="OP15-026">OP15-026</link></mark>]</b>
[You] Placing Cards on Bottom of Deck
RZ1|66|1|OP15-028|0|39|0|0|0|0|0|0|0
RZ1|CHK|66|1|40|5|1|4|9|1|0|0|1|0
RZ1|67|1|OP12-027|0|39|0|0|0|0|0|0|0
RZ1|CHK|67|1|40|5|1|4|9|1|0|0|1|0
[] Hand: [OP15-017,OP15-023,OP15-003,OP15-023,OP15-026]
[] Board: [OP15-026]
[] Trash: []
[] Life: 4
[] Hand: [ST19-002,ST06-016,OP03-089,OP03-078,OP03-089]
[] Trash: []
[] Board: []
[] Life: 5
[You] End Turn
[] Hand: [ST19-002,ST06-016,OP03-089,OP03-078,OP03-089]
[] Board: []
[] Trash: []
[] Life: 5
[] Hand: [OP15-017,OP15-023,OP15-003,OP15-023,OP15-026]
[] Trash: []
[] Board: [OP15-026]
[] Life: 4
[Opponent] Draw 1 Card
[] Drew card from deck: Hina [<mark><link="ST06-008">ST06-008</link></mark>]
RZ1|68|2|ST06-008|0|39|1|5|1|1|0|0|0
RZ1|CHK|68|2|39|6|0|5|10|0|0|0|1|0
RZ1|69|2|Don|4|9|5|0|1|1|0|0|0
RZ1|CHK|69|2|39|6|0|5|9|1|0|0|1|0
RZ1|70|2|Don|4|8|5|1|1|1|0|0|0
RZ1|CHK|70|2|39|6|0|5|8|2|0|0|1|0
[Opponent] Draw 2 Don
RZ1|71|2|Don|5|0|5|0|1|1|1|0|0
RZ1|CHK|71|2|39|6|0|5|8|2|0|0|1|0
[Opponent] Deploy Sengoku [<mark><link="ST19-002">ST19-002</link></mark>]
RZ1|72|2|ST19-002|1|0|2|0|1|1|0|0|0
RZ1|CHK|72|2|39|5|1|5|8|2|0|0|1|0
RZ1|73|2|OP03-089|1|1|6|0|1|1|0|0|0
RZ1|CHK|73|2|39|4|1|5|8|2|1|0|1|0
[Opponent] Sengoku [<mark><link="ST19-002">ST19-002</link></mark>]: Trash Brannew [<mark><link="OP03-089">OP03-089</link></mark>]
RZ1|74|2|ST06-016|1|0|6|1|1|1|0|0|0
RZ1|CHK|74|2|39|3|1|5|8|2|2|0|1|0
[Opponent] Sengoku [<mark><link="ST19-002">ST19-002</link></mark>]: Trash White Out [<mark><link="ST06-016">ST06-016</link></mark>]
[] Drew card from deck: Tashigi [<mark><link="ST19-003">ST19-003</link></mark>]
RZ1|75|2|ST19-003|0|38|1|3|1|1|0|0|0
RZ1|CHK|75|2|38|4|1|5|8|2|2|0|1|0
[] Drew card from deck: Map of the heart [<mark><link="EB02-050">EB02-050</link></mark>]
RZ1|76|2|EB02-050|0|37|1|4|1|1|0|0|0
RZ1|CHK|76|2|37|5|1|5|8|2|2|0|1|0
[] Drew card from deck: Tashigi [<mark><link="ST06-006">ST06-006</link></mark>]
RZ1|77|2|ST06-006|0|36|1|5|1|1|0|0|0
RZ1|CHK|77|2|36|6|1|5|8|2|2|0|1|0
[Opponent] Sengoku [<mark><link="ST19-002">ST19-002</link></mark>]: Draw 3 Card
[Opponent] Attach 1 Don to Smoker [<mark><link="OP02-093">OP02-093</link></mark>] (1 Total)
RZ1|78|2|Don|5|1|9|9900|1|1|0|0|0
RZ1|CHK|78|2|36|6|1|5|8|1|2|0|1|1
[] Hand: [OP03-078,OP03-089,ST06-008,ST19-003,EB02-050,ST06-006]
[] Board: [ST19-002]
[] Trash: [OP03-089,ST06-016]
[] Life: 5
[] Hand: [OP15-017,OP15-023,OP15-003,OP15-023,OP15-026]
[] Trash: []
[] Board: [OP15-026]
[] Life: 4
[Opponent] End Turn
[] Hand: [OP15-017,OP15-023,OP15-003,OP15-023,OP15-026]
[] Board: [OP15-026]
[] Trash: []
[] Life: 4
[] Hand: [OP03-078,OP03-089,ST06-008,ST19-003,EB02-050,ST06-006]
[] Trash: [OP03-089,ST06-016]
[] Board: [ST19-002]
[] Life: 5
[You] Draw 1 Card
[] Drew card from deck: I Know You're Strong... So I'll Go All Out [<mark><link="OP13-040">OP13-040</link></mark>]
RZ1|79|1|OP13-040|0|39|1|5|1|1|0|0|0
RZ1|CHK|79|1|39|6|1|4|9|1|0|0|1|0
RZ1|80|1|Don|4|8|5|1|1|1|0|0|0
RZ1|CHK|80|1|39|6|1|4|8|2|0|0|1|0
RZ1|81|1|Don|4|7|5|2|1|1|0|0|0
RZ1|CHK|81|1|39|6|1|4|7|3|0|0|1|0
[You] Draw 2 Don
RZ1|82|1|Don|5|0|5|0|1|1|1|0|0
RZ1|CHK|82|1|39|6|1|4|7|3|0|0|1|0
[You] Deploy Jango [<mark><link="OP15-026">OP15-026</link></mark>]
RZ1|83|1|OP15-026|1|4|2|1|1|1|0|0|0
RZ1|CHK|83|1|39|5|2|4|7|3|0|0|1|0
RZ1|84|1|OP15-025|0|37|1|5|1|1|0|0|0
RZ1|CHK|84|1|38|6|2|4|7|3|0|0|1|0
[You] Jango [<mark><link="OP15-026">OP15-026</link></mark>]: <b>Reveal and Draw Kuro [<mark><link="OP15-025">OP15-025</link></mark>]</b>
[You] Placing Cards on Bottom of Deck
RZ1|85|1|OP15-007|0|37|0|0|0|0|0|0|0
RZ1|CHK|85|1|38|6|2|4|7|3|0|0|1|0
RZ1|86|1|OP13-040|0|37|0|0|0|0|0|0|0
RZ1|CHK|86|1|38|6|2|4|7|3|0|0|1|0
[You] I Know You're Strong... So I'll Go All Out [<mark><link="OP13-040">OP13-040</link></mark>]: Rest 1 Don
RZ1|87|1|Don|5|1|5|1|1|1|1|0|0
RZ1|CHK|87|1|38|6|2|4|7|3|0|0|1|0
RZ1|88|1|OP13-040|1|4|6|0|1|1|0|0|0
RZ1|CHK|88|1|38|5|2|4|7|3|1|0|1|0
RZ1|89|1|Don|5|2|9|9900|1|1|0|0|0
RZ1|CHK|89|1|38|5|2|4|7|2|1|0|1|1
[You] Attach 1 Don to Krieg [<mark><link="OP15-001">OP15-001</link></mark>] (1 Total)
[You] Krieg [<mark><link="OP15-001">OP15-001</link></mark>] attacking Smoker [<mark><link="OP02-093">OP02-093</link></mark>]
[Opponent] Discard Tashigi [<mark><link="ST06-006">ST06-006</link></mark>] for Counter 2000
RZ1|90|2|ST06-006|1|5|6|2|1|1|0|0|0
RZ1|CHK|90|2|36|5|1|5|8|1|3|0|1|1
Krieg [<mark><link="OP15-001">OP15-001</link></mark>][6000] vs Smoker [<mark><link="OP02-093">OP02-093</link></mark>][7000]
Attack Fails
RZ1|91|1|OP15-026|2|0|6|1|1|1|0|0|0
RZ1|CHK|91|1|38|5|1|4|7|2|2|0|1|1
[You] Jango [<mark><link="OP15-026">OP15-026</link></mark>]: Trash Jango [<mark><link="OP15-026">OP15-026</link></mark>]
[You] Jango [<mark><link="OP15-026">OP15-026</link></mark>]: Attach 1 Rested Don to Sengoku [<mark><link="ST19-002">ST19-002</link></mark>]
RZ1|92|2|Don|5|0|9|0|1|1|1|0|0
RZ1|CHK|92|2|36|5|1|5|8|0|3|0|1|2
[] Hand: [OP15-017,OP15-023,OP15-003,OP15-023,OP15-025]
[] Board: [OP15-026]
[] Trash: [OP13-040,OP15-026]
[] Life: 4
[] Hand: [OP03-078,OP03-089,ST06-008,ST19-003,EB02-050]
[] Trash: [OP03-089,ST06-016,ST06-006]
[] Board: [ST19-002]
[] Life: 5
[You] End Turn
[] Hand: [OP03-078,OP03-089,ST06-008,ST19-003,EB02-050]
[] Board: [ST19-002]
[] Trash: [OP03-089,ST06-016,ST06-006]
[] Life: 5
[] Hand: [OP15-017,OP15-023,OP15-003,OP15-023,OP15-025]
[] Trash: [OP13-040,OP15-026]
[] Board: [OP15-026]
[] Life: 4
RZ1|93|2|Don|9|9900|5|0|1|1|1|0|0
RZ1|CHK|93|2|36|5|1|5|8|1|3|0|1|1
RZ1|94|2|Don|9|0|5|0|1|1|1|0|0
RZ1|CHK|94|2|36|5|1|5|8|2|3|0|1|0
[Opponent] Draw 1 Card
[] Drew card from deck: Marineford [<mark><link="ST06-017">ST06-017</link></mark>]
RZ1|95|2|ST06-017|0|35|1|5|1|1|0|0|0
RZ1|CHK|95|2|35|6|1|5|8|2|3|0|1|0
RZ1|96|2|Don|4|7|5|2|1|1|0|0|0
RZ1|CHK|96|2|35|6|1|5|7|3|3|0|1|0
RZ1|97|2|Don|4|6|5|3|1|1|0|0|0
RZ1|CHK|97|2|35|6|1|5|6|4|3|0|1|0
[Opponent] Draw 2 Don
RZ1|98|2|Don|5|0|5|0|1|1|1|0|0
RZ1|CHK|98|2|35|6|1|5|6|4|3|0|1|0
[Opponent] Deploy Marineford [<mark><link="ST06-017">ST06-017</link></mark>]
RZ1|99|2|ST06-017|1|5|7|0|1|1|0|0|0
RZ1|CHK|99|2|35|5|1|5|6|4|3|1|1|0
[Opponent] Marineford [<mark><link="ST06-017">ST06-017</link></mark>]: Jango [<mark><link="OP15-026">OP15-026</link></mark>] Cost -1
[Opponent] Attach 1 Don to Smoker [<mark><link="OP02-093">OP02-093</link></mark>] (1 Total)
RZ1|100|2|Don|5|3|9|9900|1|1|0|0|0
RZ1|CHK|100|2|35|5|1|5|6|3|3|1|1|1
[Opponent] Smoker [<mark><link="OP02-093">OP02-093</link></mark>]: Jango [<mark><link="OP15-026">OP15-026</link></mark>] Cost -1
[Opponent] Smoker [<mark><link="OP02-093">OP02-093</link></mark>]: Buff Self 1000
RZ1|101|2|Don|5|1|5|1|1|1|1|0|0
RZ1|CHK|101|2|35|5|1|5|6|3|3|1|1|1
RZ1|102|2|Don|5|2|5|2|1|1|1|0|0
RZ1|CHK|102|2|35|5|1|5|6|3|3|1|1|1
[Opponent] Deploy Brannew [<mark><link="OP03-089">OP03-089</link></mark>]
RZ1|103|2|OP03-089|1|1|2|1|1|1|0|-2000|0
RZ1|CHK|103|2|35|4|2|5|6|3|3|1|1|1
RZ1|104|2|EB02-044|0|34|1|4|1|1|0|0|0
RZ1|CHK|104|2|34|5|2|5|6|3|3|1|1|1
[Opponent] Brannew [<mark><link="OP03-089">OP03-089</link></mark>]: <b>Reveal and Draw Sengoku [<mark><link="EB02-044">EB02-044</link></mark>]</b>
[Opponent] Brannew [<mark><link="OP03-089">OP03-089</link></mark>]: Trash 2 Remaining Cards
RZ1|105|2|ST19-002|0|33|6|3|1|1|0|0|0
RZ1|CHK|105|2|33|5|2|5|6|3|4|1|1|1
RZ1|106|2|OP07-085|0|32|6|4|1|1|0|0|0
RZ1|CHK|106|2|32|5|2|5|6|3|5|1|1|1
[Opponent] Smoker [<mark><link="OP02-093">OP02-093</link></mark>] attacking Krieg [<mark><link="OP15-001">OP15-001</link></mark>]
Smoker [<mark><link="OP02-093">OP02-093</link></mark>][7000] vs Krieg [<mark><link="OP15-001">OP15-001</link></mark>][5000]
Krieg [<mark><link="OP15-001">OP15-001</link></mark>] hit for 1 damage
RZ1|107|1|OP15-037|3|3|1|5|1|1|0|0|0
RZ1|CHK|107|1|38|6|1|3|7|2|2|0|1|1
Jango [<mark><link="OP15-026">OP15-026</link></mark>] cost restored
[] Hand: [OP03-078,ST06-008,ST19-003,EB02-050,EB02-044]
[] Board: [ST19-002,OP03-089]
[] Trash: [OP03-089,ST06-016,ST06-006,ST19-002,OP07-085]
[] Life: 5
[] Hand: [OP15-017,OP15-023,OP15-003,OP15-023,OP15-025,OP15-037]
[] Trash: [OP13-040,OP15-026]
[] Board: [OP15-026]
[] Life: 3
[Opponent] End Turn
[] Hand: [OP15-017,OP15-023,OP15-003,OP15-023,OP15-025,OP15-037]
[] Board: [OP15-026]
[] Trash: [OP13-040,OP15-026]
[] Life: 3
[] Hand: [OP03-078,ST06-008,ST19-003,EB02-050,EB02-044]
[] Trash: [OP03-089,ST06-016,ST06-006,ST19-002,OP07-085]
[] Board: [ST19-002,OP03-089]
[] Life: 5
RZ1|108|1|Don|9|9900|5|0|1|1|1|0|0
RZ1|CHK|108|1|38|6|1|3|7|3|2|0|1|0
[You] Draw 1 Card
[] Drew card from deck: Kuro [<mark><link="OP15-025">OP15-025</link></mark>]
RZ1|109|1|OP15-025|0|37|1|6|1|1|0|0|0
RZ1|CHK|109|1|37|7|1|3|7|3|2|0|1|0
RZ1|110|1|Don|4|6|5|3|1|1|0|0|0
RZ1|CHK|110|1|37|7|1|3|6|4|2|0|1|0
RZ1|111|1|Don|4|5|5|4|1|1|0|0|0
RZ1|CHK|111|1|37|7|1|3|5|5|2|0|1|0
[You] Draw 2 Don
RZ1|112|1|Don|5|0|5|0|1|1|1|0|0
RZ1|CHK|112|1|37|7|1|3|5|5|2|0|1|0
RZ1|113|1|Don|5|1|5|1|1|1|1|0|0
RZ1|CHK|113|1|37|7|1|3|5|5|2|0|1|0
RZ1|114|1|Don|5|2|5|2|1|1|1|0|0
RZ1|CHK|114|1|37|7|1|3|5|5|2|0|1|0
RZ1|115|1|Don|5|3|5|3|1|1|1|0|0
RZ1|CHK|115|1|37|7|1|3|5|5|2|0|1|0
RZ1|116|1|Don|5|4|5|4|1|1|1|0|0
RZ1|CHK|116|1|37|7|1|3|5|5|2|0|1|0
[You] Deploy Morgan [<mark><link="OP15-017">OP15-017</link></mark>]
RZ1|117|1|OP15-017|1|0|2|1|1|1|0|0|0
RZ1|CHK|117|1|37|6|2|3|5|5|2|0|1|0
[You] Krieg [<mark><link="OP15-001">OP15-001</link></mark>] attacking Smoker [<mark><link="OP02-093">OP02-093</link></mark>]
Krieg [<mark><link="OP15-001">OP15-001</link></mark>][5000] vs Smoker [<mark><link="OP02-093">OP02-093</link></mark>][5000]
Smoker [<mark><link="OP02-093">OP02-093</link></mark>] hit for 1 damage
RZ1|118|2|OP02-096|3|4|1|5|1|1|0|0|0
RZ1|CHK|118|2|32|6|2|4|6|3|5|1|1|1
RZ1|119|1|OP15-026|2|0|6|2|1|1|0|0|0
RZ1|CHK|119|1|37|6|1|3|5|5|3|0|1|0
[You] Jango [<mark><link="OP15-026">OP15-026</link></mark>]: Trash Jango [<mark><link="OP15-026">OP15-026</link></mark>]
[You] Jango [<mark><link="OP15-026">OP15-026</link></mark>]: Attach 1 Rested Don to Brannew [<mark><link="OP03-089">OP03-089</link></mark>]
RZ1|120|2|Don|5|0|9|100|1|1|1|0|0
RZ1|CHK|120|2|32|6|2|4|6|2|5|1|1|2
[You] Morgan [<mark><link="OP15-017">OP15-017</link></mark>]: Attach 1 Rested Don to Brannew [<mark><link="OP03-089">OP03-089</link></mark>]
RZ1|121|2|Don|5|0|9|101|1|1|1|0|0
RZ1|CHK|121|2|32|6|2|4|6|1|5|1|1|3
[You] Morgan [<mark><link="OP15-017">OP15-017</link></mark>]: Attach 1 Rested Don to Morgan [<mark><link="OP15-017">OP15-017</link></mark>]
RZ1|122|1|Don|5|0|9|0|1|1|1|0|0
RZ1|CHK|122|1|37|6|1|3|5|4|3|0|1|1
[] Hand: [OP15-023,OP15-003,OP15-023,OP15-025,OP15-037,OP15-025]
[] Board: [OP15-017]
[] Trash: [OP13-040,OP15-026,OP15-026]
[] Life: 3
[] Hand: [OP03-078,ST06-008,ST19-003,EB02-050,EB02-044,OP02-096]
[] Trash: [OP03-089,ST06-016,ST06-006,ST19-002,OP07-085]
[] Board: [ST19-002,OP03-089]
[] Life: 4
[You] End Turn
[] Hand: [OP03-078,ST06-008,ST19-003,EB02-050,EB02-044,OP02-096]
[] Board: [ST19-002,OP03-089]
[] Trash: [OP03-089,ST06-016,ST06-006,ST19-002,OP07-085]
[] Life: 4
[] Hand: [OP15-023,OP15-003,OP15-023,OP15-025,OP15-037,OP15-025]
[] Trash: [OP13-040,OP15-026,OP15-026]
[] Board: [OP15-017]
[] Life: 3
RZ1|123|2|Don|9|9900|5|0|1|1|1|0|0
RZ1|CHK|123|2|32|6|2|4|6|2|5|1|1|2
RZ1|124|2|Don|9|100|5|0|1|1|1|0|0
RZ1|CHK|124|2|32|6|2|4|6|3|5|1|1|1
RZ1|125|2|Don|9|100|5|0|1|1|1|0|0
RZ1|CHK|125|2|32|6|2|4|6|4|5|1|1|0
[Opponent] Draw 1 Card
[] Drew card from deck: T Bone [<mark><link="EB01-049">EB01-049</link></mark>]
RZ1|126|2|EB01-049|0|31|1|6|1|1|0|0|0
RZ1|CHK|126|2|31|7|2|4|6|4|5|1|1|0
RZ1|127|2|Don|4|5|5|4|1|1|0|0|0
RZ1|CHK|127|2|31|7|2|4|5|5|5|1|1|0
RZ1|128|2|Don|4|4|5|5|1|1|0|0|0
RZ1|CHK|128|2|31|7|2|4|4|6|5|1|1|0
[Opponent] Draw 2 Don
[Opponent] Marineford [<mark><link="ST06-017">ST06-017</link></mark>]: Rest Marineford [<mark><link="ST06-017">ST06-017</link></mark>]
[Opponent] Marineford [<mark><link="ST06-017">ST06-017</link></mark>]: Morgan [<mark><link="OP15-017">OP15-017</link></mark>] Cost -1
RZ1|129|2|Don|5|0|5|0|1|1|1|0|0
RZ1|CHK|129|2|31|7|2|4|4|6|5|1|1|0
RZ1|130|2|Don|5|1|5|1|1|1|1|0|0
RZ1|CHK|130|2|31|7|2|4|4|6|5|1|1|0
RZ1|131|2|Don|5|2|5|2|1|1|1|0|0
RZ1|CHK|131|2|31|7|2|4|4|6|5|1|1|0
RZ1|132|2|Don|5|3|5|3|1|1|1|0|0
RZ1|CHK|132|2|31|7|2|4|4|6|5|1|1|0
RZ1|133|2|Don|5|4|5|4|1|1|1|0|0
RZ1|CHK|133|2|31|7|2|4|4|6|5|1|1|0
[Opponent] Deploy Tashigi [<mark><link="ST19-003">ST19-003</link></mark>]
RZ1|134|2|ST19-003|1|2|2|2|1|1|0|0|0
RZ1|CHK|134|2|31|6|3|4|4|6|5|1|1|0
[Opponent] Tashigi [<mark><link="ST19-003">ST19-003</link></mark>]: Morgan [<mark><link="OP15-017">OP15-017</link></mark>] Cost -4
[Opponent] Attach 1 Don to Smoker [<mark><link="OP02-093">OP02-093</link></mark>] (1 Total)
RZ1|135|2|Don|5|5|9|9900|1|1|0|0|0
RZ1|CHK|135|2|31|6|3|4|4|5|5|1|1|1
[Opponent] Smoker [<mark><link="OP02-093">OP02-093</link></mark>]: Morgan [<mark><link="OP15-017">OP15-017</link></mark>] Cost -1
[Opponent] Smoker [<mark><link="OP02-093">OP02-093</link></mark>]: Buff Self 1000
[Opponent] Tashigi [<mark><link="ST19-003">ST19-003</link></mark>]: Trash Morgan [<mark><link="OP15-017">OP15-017</link></mark>]
RZ1|136|1|Don|9|0|5|0|1|1|1|0|0
RZ1|CHK|136|1|37|6|1|3|5|5|3|0|1|0
RZ1|137|1|OP15-017|2|0|6|3|1|1|0|0|0
RZ1|CHK|137|1|37|6|0|3|5|5|4|0|1|0
[Opponent] Smoker [<mark><link="OP02-093">OP02-093</link></mark>] attacking Krieg [<mark><link="OP15-001">OP15-001</link></mark>]
[You] Discard Arlong [<mark><link="OP15-023">OP15-023</link></mark>] for Counter 1000
RZ1|138|1|OP15-023|1|0|6|4|1|1|0|0|0
RZ1|CHK|138|1|37|5|0|3|5|5|5|0|1|0
[You] Discard Arlong [<mark><link="OP15-023">OP15-023</link></mark>] for Counter 1000
RZ1|139|1|OP15-023|1|1|6|5|1|1|0|0|0
RZ1|CHK|139|1|37|4|0|3|5|5|6|0|1|0
[You] Discard Alvida [<mark><link="OP15-003">OP15-003</link></mark>] for Counter 1000
RZ1|140|1|OP15-003|1|0|6|6|1|1|0|0|0
RZ1|CHK|140|1|37|3|0|3|5|5|7|0|1|0
Smoker [<mark><link="OP02-093">OP02-093</link></mark>][7000] vs Krieg [<mark><link="OP15-001">OP15-001</link></mark>][8000]
Attack Fails
[] Hand: [OP03-078,ST06-008,EB02-050,EB02-044,OP02-096,EB01-049]
[] Board: [ST19-002,OP03-089,ST19-003]
[] Trash: [OP03-089,ST06-016,ST06-006,ST19-002,OP07-085]
[] Life: 4
[] Hand: [OP15-025,OP15-037,OP15-025]
[] Trash: [OP13-040,OP15-026,OP15-026,OP15-017,OP15-023,OP15-023,OP15-003]
[] Board: []
[] Life: 3
[Opponent] End Turn
[] Hand: [OP15-025,OP15-037,OP15-025]
[] Board: []
[] Trash: [OP13-040,OP15-026,OP15-026,OP15-017,OP15-023,OP15-023,OP15-003]
[] Life: 3
[] Hand: [OP03-078,ST06-008,EB02-050,EB02-044,OP02-096,EB01-049]
[] Trash: [OP03-089,ST06-016,ST06-006,ST19-002,OP07-085]
[] Board: [ST19-002,OP03-089,ST19-003]
[] Life: 4
[You] Draw 1 Card
[] Drew card from deck: Kuro [<mark><link="OP15-025">OP15-025</link></mark>]
RZ1|141|1|OP15-025|0|36|1|3|1|1|0|0|0
RZ1|CHK|141|1|36|4|0|3|5|5|7|0|1|0
RZ1|142|1|Don|4|4|5|5|1|1|0|0|0
RZ1|CHK|142|1|36|4|0|3|4|6|7|0|1|0
RZ1|143|1|Don|4|3|5|6|1|1|0|0|0
RZ1|CHK|143|1|36|4|0|3|3|7|7|0|1|0
[You] Draw 2 Don
RZ1|144|1|Don|5|0|5|0|1|1|1|0|0
RZ1|CHK|144|1|36|4|0|3|3|7|7|0|1|0
RZ1|145|1|Don|5|1|5|1|1|1|1|0|0
RZ1|CHK|145|1|36|4|0|3|3|7|7|0|1|0
RZ1|146|1|Don|5|2|5|2|1|1|1|0|0
RZ1|CHK|146|1|36|4|0|3|3|7|7|0|1|0
RZ1|147|1|Don|5|3|5|3|1|1|1|0|0
RZ1|CHK|147|1|36|4|0|3|3|7|7|0|1|0
RZ1|148|1|Don|5|4|5|4|1|1|1|0|0
RZ1|CHK|148|1|36|4|0|3|3|7|7|0|1|0
RZ1|149|1|Don|5|5|5|5|1|1|1|0|0
RZ1|CHK|149|1|36|4|0|3|3|7|7|0|1|0
RZ1|150|1|Don|5|6|5|6|1|1|1|0|0
RZ1|CHK|150|1|36|4|0|3|3|7|7|0|1|0
[You] Deploy Kuro [<mark><link="OP15-025">OP15-025</link></mark>]
RZ1|151|1|OP15-025|1|0|2|0|1|1|0|0|0
RZ1|CHK|151|1|36|3|1|3|3|7|7|0|1|0
[You] Kuro [<mark><link="OP15-025">OP15-025</link></mark>]: Attach 1 Rested Don to Tashigi [<mark><link="ST19-003">ST19-003</link></mark>]
RZ1|152|2|Don|5|0|9|200|1|1|1|0|0
RZ1|CHK|152|2|31|6|3|4|4|4|5|1|1|2
[You] Kuro [<mark><link="OP15-025">OP15-025</link></mark>]: Attach 1 Rested Don to Tashigi [<mark><link="ST19-003">ST19-003</link></mark>]
RZ1|153|2|Don|5|0|9|201|1|1|1|0|0
RZ1|CHK|153|2|31|6|3|4|4|3|5|1|1|3
[You] Krieg [<mark><link="OP15-001">OP15-001</link></mark>]: Rest Tashigi [<mark><link="ST19-003">ST19-003</link></mark>]
[You] Krieg [<mark><link="OP15-001">OP15-001</link></mark>] attacking Smoker [<mark><link="OP02-093">OP02-093</link></mark>]
[Opponent] Discard T Bone [<mark><link="EB01-049">EB01-049</link></mark>] for Counter 2000
RZ1|154|2|EB01-049|1|5|6|5|1|1|0|0|0
RZ1|CHK|154|2|31|5|3|4|4|3|6|1|1|3
Krieg [<mark><link="OP15-001">OP15-001</link></mark>][5000] vs Smoker [<mark><link="OP02-093">OP02-093</link></mark>][7000]
Attack Fails
[] Hand: [OP15-037,OP15-025,OP15-025]
[] Board: [OP15-025]
[] Trash: [OP13-040,OP15-026,OP15-026,OP15-017,OP15-023,OP15-023,OP15-003]
[] Life: 3
[] Hand: [OP03-078,ST06-008,EB02-050,EB02-044,OP02-096]
[] Trash: [OP03-089,ST06-016,ST06-006,ST19-002,OP07-085,EB01-049]
[] Board: [ST19-002,OP03-089,ST19-003]
[] Life: 4
[You] End Turn
[] Hand: [OP03-078,ST06-008,EB02-050,EB02-044,OP02-096]
[] Board: [ST19-002,OP03-089,ST19-003]
[] Trash: [OP03-089,ST06-016,ST06-006,ST19-002,OP07-085,EB01-049]
[] Life: 4
[] Hand: [OP15-037,OP15-025,OP15-025]
[] Trash: [OP13-040,OP15-026,OP15-026,OP15-017,OP15-023,OP15-023,OP15-003]
[] Board: [OP15-025]
[] Life: 3
RZ1|155|2|Don|9|9900|5|0|1|1|1|0|0
RZ1|CHK|155|2|31|5|3|4|4|4|6|1|1|2
RZ1|156|2|Don|9|200|5|0|1|1|1|0|0
RZ1|CHK|156|2|31|5|3|4|4|5|6|1|1|1
RZ1|157|2|Don|9|200|5|0|1|1|1|0|0
RZ1|CHK|157|2|31|5|3|4|4|6|6|1|1|0
[Opponent] Draw 1 Card
[] Drew card from deck: Liberation [<mark><link="OP10-098">OP10-098</link></mark>]
RZ1|158|2|OP10-098|0|30|1|5|1|1|0|0|0
RZ1|CHK|158|2|30|6|3|4|4|6|6|1|1|0
RZ1|159|2|Don|4|3|5|6|1|1|0|0|0
RZ1|CHK|159|2|30|6|3|4|3|7|6|1|1|0
RZ1|160|2|Don|4|2|5|7|1|1|0|0|0
RZ1|CHK|160|2|30|6|3|4|2|8|6|1|1|0
[Opponent] Draw 2 Don
RZ1|161|2|Don|5|0|5|0|1|1|1|0|0
RZ1|CHK|161|2|30|6|3|4|2|8|6|1|1|0
RZ1|162|2|Don|5|1|5|1|1|1|1|0|0
RZ1|CHK|162|2|30|6|3|4|2|8|6|1|1|0
RZ1|163|2|Don|5|2|5|2|1|1|1|0|0
RZ1|CHK|163|2|30|6|3|4|2|8|6|1|1|0
RZ1|164|2|Don|5|3|5|3|1|1|1|0|0
RZ1|CHK|164|2|30|6|3|4|2|8|6|1|1|0
RZ1|165|2|Don|5|4|5|4|1|1|1|0|0
RZ1|CHK|165|2|30|6|3|4|2|8|6|1|1|0
RZ1|166|2|Don|5|5|5|5|1|1|1|0|0
RZ1|CHK|166|2|30|6|3|4|2|8|6|1|1|0
RZ1|167|2|Don|5|6|5|6|1|1|1|0|0
RZ1|CHK|167|2|30|6|3|4|2|8|6|1|1|0
RZ1|168|2|Don|5|7|5|7|1|1|1|0|0
RZ1|CHK|168|2|30|6|3|4|2|8|6|1|1|0
[Opponent] Deploy Issho [<mark><link="OP03-078">OP03-078</link></mark>]
RZ1|169|2|OP03-078|1|0|2|3|1|1|0|0|0
RZ1|CHK|169|2|30|5|4|4|2|8|6|1|1|0
[Opponent] Tashigi [<mark><link="ST19-003">ST19-003</link></mark>] attacking Krieg [<mark><link="OP15-001">OP15-001</link></mark>]
[You] Kuro [<mark><link="OP15-025">OP15-025</link></mark>] Blocks
Tashigi [<mark><link="ST19-003">ST19-003</link></mark>][6000] vs Kuro [<mark><link="OP15-025">OP15-025</link></mark>][7000]
Attack Fails
[Opponent] Smoker [<mark><link="OP02-093">OP02-093</link></mark>] attacking Krieg [<mark><link="OP15-001">OP15-001</link></mark>]
Smoker [<mark><link="OP02-093">OP02-093</link></mark>][5000] vs Krieg [<mark><link="OP15-001">OP15-001</link></mark>][5000]
Krieg [<mark><link="OP15-001">OP15-001</link></mark>] hit for 1 damage
RZ1|170|1|OP13-040|3|2|1|3|1|1|0|0|0
RZ1|CHK|170|1|36|4|1|2|3|7|7|0|1|0
[] Hand: [ST06-008,EB02-050,EB02-044,OP02-096,OP10-098]
[] Board: [ST19-002,OP03-089,ST19-003,OP03-078]
[] Trash: [OP03-089,ST06-016,ST06-006,ST19-002,OP07-085,EB01-049]
[] Life: 4
[] Hand: [OP15-037,OP15-025,OP15-025,OP13-040]
[] Trash: [OP13-040,OP15-026,OP15-026,OP15-017,OP15-023,OP15-023,OP15-003]
[] Board: [OP15-025]
[] Life: 2
[Opponent] End Turn
[] Hand: [OP15-037,OP15-025,OP15-025,OP13-040]
[] Board: [OP15-025]
[] Trash: [OP13-040,OP15-026,OP15-026,OP15-017,OP15-023,OP15-023,OP15-003]
[] Life: 2
[] Hand: [ST06-008,EB02-050,EB02-044,OP02-096,OP10-098]
[] Trash: [OP03-089,ST06-016,ST06-006,ST19-002,OP07-085,EB01-049]
[] Board: [ST19-002,OP03-089,ST19-003,OP03-078]
[] Life: 4
[You] Draw 1 Card
[] Drew card from deck: Koby [<mark><link="OP15-009">OP15-009</link></mark>]
RZ1|171|1|OP15-009|0|35|1|4|1|1|0|0|0
RZ1|CHK|171|1|35|5|1|2|3|7|7|0|1|0
RZ1|172|1|Don|4|2|5|7|1|1|0|0|0
RZ1|CHK|172|1|35|5|1|2|2|8|7|0|1|0
RZ1|173|1|Don|4|1|5|8|1|1|0|0|0
RZ1|CHK|173|1|35|5|1|2|1|9|7|0|1|0
[You] Draw 2 Don
[You] Kuro [<mark><link="OP15-025">OP15-025</link></mark>] attacking Tashigi [<mark><link="ST19-003">ST19-003</link></mark>]
Kuro [<mark><link="OP15-025">OP15-025</link></mark>][7000] vs Tashigi [<mark><link="ST19-003">ST19-003</link></mark>][6000]
[Opponent] Tashigi [<mark><link="ST19-003">ST19-003</link></mark>] Destroyed
RZ1|174|2|ST19-003|2|2|6|6|1|1|0|0|0
RZ1|CHK|174|2|30|5|3|4|2|8|7|1|1|0
RZ1|175|1|Don|5|0|5|0|1|1|1|0|0
RZ1|CHK|175|1|35|5|1|2|1|9|7|0|1|0
RZ1|176|1|Don|5|1|5|1|1|1|1|0|0
RZ1|CHK|176|1|35|5|1|2|1|9|7|0|1|0
RZ1|177|1|Don|5|2|5|2|1|1|1|0|0
RZ1|CHK|177|1|35|5|1|2|1|9|7|0|1|0
RZ1|178|1|Don|5|3|5|3|1|1|1|0|0
RZ1|CHK|178|1|35|5|1|2|1|9|7|0|1|0
RZ1|179|1|Don|5|4|5|4|1|1|1|0|0
RZ1|CHK|179|1|35|5|1|2|1|9|7|0|1|0
RZ1|180|1|Don|5|5|5|5|1|1|1|0|0
RZ1|CHK|180|1|35|5|1|2|1|9|7|0|1|0
RZ1|181|1|Don|5|6|5|6|1|1|1|0|0
RZ1|CHK|181|1|35|5|1|2|1|9|7|0|1|0
[You] Deploy Kuro [<mark><link="OP15-025">OP15-025</link></mark>]
RZ1|182|1|OP15-025|1|1|2|1|1|1|0|0|0
RZ1|CHK|182|1|35|4|2|2|1|9|7|0|1|0
[You] Kuro [<mark><link="OP15-025">OP15-025</link></mark>]: Attach 1 Rested Don to Issho [<mark><link="OP03-078">OP03-078</link></mark>]
RZ1|183|2|Don|5|0|9|200|1|1|1|0|0
RZ1|CHK|183|2|30|5|3|4|2|7|7|1|1|1
[You] Kuro [<mark><link="OP15-025">OP15-025</link></mark>]: Attach 1 Rested Don to Issho [<mark><link="OP03-078">OP03-078</link></mark>]
RZ1|184|2|Don|5|0|9|201|1|1|1|0|0
RZ1|CHK|184|2|30|5|3|4|2|6|7|1|1|2
[You] Krieg [<mark><link="OP15-001">OP15-001</link></mark>]: Rest Issho [<mark><link="OP03-078">OP03-078</link></mark>]
[You] Krieg [<mark><link="OP15-001">OP15-001</link></mark>] attacking Smoker [<mark><link="OP02-093">OP02-093</link></mark>]
Krieg [<mark><link="OP15-001">OP15-001</link></mark>][5000] vs Smoker [<mark><link="OP02-093">OP02-093</link></mark>][5000]
Smoker [<mark><link="OP02-093">OP02-093</link></mark>] hit for 1 damage
RZ1|185|2|OP03-089|3|3|1|5|1|1|0|0|0
RZ1|CHK|185|2|30|6|3|3|2|6|7|1|1|2
[] Hand: [OP15-037,OP15-025,OP13-040,OP15-009]
[] Board: [OP15-025,OP15-025]
[] Trash: [OP13-040,OP15-026,OP15-026,OP15-017,OP15-023,OP15-023,OP15-003]
[] Life: 2
[] Hand: [ST06-008,EB02-050,EB02-044,OP02-096,OP10-098,OP03-089]
[] Trash: [OP03-089,ST06-016,ST06-006,ST19-002,OP07-085,EB01-049,ST19-003]
[] Board: [ST19-002,OP03-089,OP03-078]
[] Life: 3
[You] End Turn
[] Hand: [ST06-008,EB02-050,EB02-044,OP02-096,OP10-098,OP03-089]
[] Board: [ST19-002,OP03-089,OP03-078]
[] Trash: [OP03-089,ST06-016,ST06-006,ST19-002,OP07-085,EB01-049,ST19-003]
[] Life: 3
[] Hand: [OP15-037,OP15-025,OP13-040,OP15-009]
[] Trash: [OP13-040,OP15-026,OP15-026,OP15-017,OP15-023,OP15-023,OP15-003]
[] Board: [OP15-025,OP15-025]
[] Life: 2
RZ1|186|2|Don|9|200|5|0|1|1|1|0|0
RZ1|CHK|186|2|30|6|3|3|2|7|7|1|1|1
RZ1|187|2|Don|9|200|5|0|1|1|1|0|0
RZ1|CHK|187|2|30|6|3|3|2|8|7|1|1|0
[Opponent] Draw 1 Card
[] Drew card from deck: Kuzan [<mark><link="OP02-096">OP02-096</link></mark>]
RZ1|188|2|OP02-096|0|29|1|6|1|1|0|0|0
RZ1|CHK|188|2|29|7|3|3|2|8|7|1|1|0
RZ1|189|2|Don|4|1|5|8|1|1|0|0|0
RZ1|CHK|189|2|29|7|3|3|1|9|7|1|1|0
RZ1|190|2|Don|4|0|5|9|1|1|0|0|0
RZ1|CHK|190|2|29|7|3|3|0|10|7|1|1|0
[Opponent] Draw 2 Don
[Opponent] Map of the heart [<mark><link="EB02-050">EB02-050</link></mark>]: Rest 2 Don
RZ1|191|2|Don|5|0|5|0|1|1|1|0|0
RZ1|CHK|191|2|29|7|3|3|0|10|7|1|1|0
RZ1|192|2|Don|5|1|5|1|1|1|1|0|0
RZ1|CHK|192|2|29|7|3|3|0|10|7|1|1|0
RZ1|193|2|EB02-050|1|1|6|7|1|1|0|0|0
RZ1|CHK|193|2|29|6|3|3|0|10|8|1|1|0
RZ1|194|2|OP02-114|0|25|1|6|1|1|0|0|0
RZ1|CHK|194|2|28|7|3|3|0|10|8|1|1|0
[Opponent] Map of the heart [<mark><link="EB02-050">EB02-050</link></mark>]: <b>Reveal and Draw Borsalino [<mark><link="OP02-114">OP02-114</link></mark>]</b>
[Opponent] Placing Cards on Bottom of Deck
RZ1|195|2|OP02-106|0|27|0|0|0|0|0|0|0
RZ1|CHK|195|2|28|7|3|3|0|10|8|1|1|0
RZ1|196|2|ST06-006|0|27|0|0|0|0|0|0|0
RZ1|CHK|196|2|28|7|3|3|0|10|8|1|1|0
RZ1|197|2|EB01-049|0|27|0|0|0|0|0|0|0
RZ1|CHK|197|2|28|7|3|3|0|10|8|1|1|0
RZ1|198|2|Don|5|2|5|2|1|1|1|0|0
RZ1|CHK|198|2|28|7|3|3|0|10|8|1|1|0
RZ1|199|2|Don|5|3|5|3|1|1|1|0|0
RZ1|CHK|199|2|28|7|3|3|0|10|8|1|1|0
[Opponent] Deploy Brannew [<mark><link="OP03-089">OP03-089</link></mark>]
RZ1|200|2|OP03-089|1|4|2|3|1|1|0|0|0
RZ1|CHK|200|2|28|6|4|3|0|10|8|1|1|0
RZ1|201|2|ST19-004|0|25|1|6|1|1|0|0|0
RZ1|CHK|201|2|27|7|4|3|0|10|8|1|1|0
[Opponent] Brannew [<mark><link="OP03-089">OP03-089</link></mark>]: <b>Reveal and Draw Hina [<mark><link="ST19-004">ST19-004</link></mark>]</b>
[Opponent] Brannew [<mark><link="OP03-089">OP03-089</link></mark>]: Trash 2 Remaining Cards
RZ1|202|2|OP02-098|0|26|6|8|1|1|0|0|0
RZ1|CHK|202|2|26|7|4|3|0|10|9|1|1|0
RZ1|203|2|OP03-097|0|25|6|9|1|1|0|0|0
RZ1|CHK|203|2|25|7|4|3|0|10|10|1|1|0
RZ1|204|2|Don|5|4|5|4|1|1|1|0|0
RZ1|CHK|204|2|25|7|4|3|0|10|10|1|1|0
RZ1|205|2|Don|5|5|5|5|1|1|1|0|0
RZ1|CHK|205|2|25|7|4|3|0|10|10|1|1|0
RZ1|206|2|Don|5|6|5|6|1|1|1|0|0
RZ1|CHK|206|2|25|7|4|3|0|10|10|1|1|0
RZ1|207|2|Don|5|7|5|7|1|1|1|0|0
RZ1|CHK|207|2|25|7|4|3|0|10|10|1|1|0
[Opponent] Deploy Kuzan [<mark><link="OP02-096">OP02-096</link></mark>]
RZ1|208|2|OP02-096|1|4|2|4|1|1|0|0|0
RZ1|CHK|208|2|25|6|5|3|0|10|10|1|1|0
[] Drew card from deck: Meteor Volcano [<mark><link="OP02-119">OP02-119</link></mark>]
RZ1|209|2|OP02-119|0|24|1|6|1|1|0|0|0
RZ1|CHK|209|2|24|7|5|3|0|10|10|1|1|0
[Opponent] Kuzan [<mark><link="OP02-096">OP02-096</link></mark>]: Draw 1 Card
[Opponent] Attach 1 Don to Issho [<mark><link="OP03-078">OP03-078</link></mark>] (1 Total)
RZ1|210|2|Don|5|9|9|200|1|1|0|0|0
RZ1|CHK|210|2|24|7|5|3|0|9|10|1|1|1
[Opponent] Marineford [<mark><link="ST06-017">ST06-017</link></mark>]: Rest Marineford [<mark><link="ST06-017">ST06-017</link></mark>]
[Opponent] Marineford [<mark><link="ST06-017">ST06-017</link></mark>]: Kuro [<mark><link="OP15-025">OP15-025</link></mark>] Cost -1
[Opponent] Attach 1 Don to Smoker [<mark><link="OP02-093">OP02-093</link></mark>] (1 Total)
RZ1|211|2|Don|5|8|9|9900|1|1|0|0|0
RZ1|CHK|211|2|24|7|5|3|0|8|10|1|1|2
[Opponent] Smoker [<mark><link="OP02-093">OP02-093</link></mark>] attacking Krieg [<mark><link="OP15-001">OP15-001</link></mark>]
[You] Kuro [<mark><link="OP15-025">OP15-025</link></mark>] Blocks
Smoker [<mark><link="OP02-093">OP02-093</link></mark>][6000] vs Kuro [<mark><link="OP15-025">OP15-025</link></mark>][7000]
Attack Fails
[Opponent] Issho [<mark><link="OP03-078">OP03-078</link></mark>] attacking Krieg [<mark><link="OP15-001">OP15-001</link></mark>]
Issho [<mark><link="OP03-078">OP03-078</link></mark>][10000] vs Krieg [<mark><link="OP15-001">OP15-001</link></mark>][5000]
Krieg [<mark><link="OP15-001">OP15-001</link></mark>] hit for 1 damage
RZ1|212|1|OP15-007|3|1|1|4|1|1|0|0|0
RZ1|CHK|212|1|35|5|2|1|1|9|7|0|1|0
Kuro [<mark><link="OP15-025">OP15-025</link></mark>] cost restored
[] Hand: [ST06-008,EB02-044,OP02-096,OP10-098,OP02-114,ST19-004,OP02-119]
[] Board: [ST19-002,OP03-089,OP03-078,OP03-089,OP02-096]
[] Trash: [OP03-089,ST06-016,ST06-006,ST19-002,OP07-085,EB01-049,ST19-003,EB02-050,OP02-098,OP03-097]
[] Life: 3
[] Hand: [OP15-037,OP15-025,OP13-040,OP15-009,OP15-007]
[] Trash: [OP13-040,OP15-026,OP15-026,OP15-017,OP15-023,OP15-023,OP15-003]
[] Board: [OP15-025,OP15-025]
[] Life: 1
[Opponent] End Turn
[] Hand: [OP15-037,OP15-025,OP13-040,OP15-009,OP15-007]
[] Board: [OP15-025,OP15-025]
[] Trash: [OP13-040,OP15-026,OP15-026,OP15-017,OP15-023,OP15-023,OP15-003]
[] Life: 1
[] Hand: [ST06-008,EB02-044,OP02-096,OP10-098,OP02-114,ST19-004,OP02-119]
[] Trash: [OP03-089,ST06-016,ST06-006,ST19-002,OP07-085,EB01-049,ST19-003,EB02-050,OP02-098,OP03-097]
[] Board: [ST19-002,OP03-089,OP03-078,OP03-089,OP02-096]
[] Life: 3
[You] Draw 1 Card
[] Drew card from deck: Krieg [<mark><link="OP15-008">OP15-008</link></mark>]
RZ1|213|1|OP15-008|0|34|1|5|1|1|0|0|0
RZ1|CHK|213|1|34|6|2|1|1|9|7|0|1|0
RZ1|214|1|Don|4|0|5|9|1|1|0|0|0
RZ1|CHK|214|1|34|6|2|1|0|10|7|0|1|0
[You] Draw 2 Don
RZ1|215|1|Don|5|0|9|0|1|1|0|0|0
RZ1|CHK|215|1|34|6|2|1|0|9|7|0|1|1
RZ1|216|1|Don|5|0|9|1|1|1|0|0|0
RZ1|CHK|216|1|34|6|2|1|0|8|7|0|1|2
[You] Attach 2 Don to Kuro [<mark><link="OP15-025">OP15-025</link></mark>] (2 Total)
[You] Kuro [<mark><link="OP15-025">OP15-025</link></mark>] attacking Issho [<mark><link="OP03-078">OP03-078</link></mark>]
[Opponent] Discard Borsalino [<mark><link="OP02-114">OP02-114</link></mark>] for Counter 1000
RZ1|217|2|OP02-114|1|4|6|10|1|1|0|0|0
RZ1|CHK|217|2|24|6|5|3|0|8|11|1|1|2
Kuro [<mark><link="OP15-025">OP15-025</link></mark>][9000] vs Issho [<mark><link="OP03-078">OP03-078</link></mark>][10000]
Attack Fails
RZ1|218|1|Don|5|0|9|100|1|1|0|0|0
RZ1|CHK|218|1|34|6|2|1|0|7|7|0|1|3
RZ1|219|1|Don|5|0|9|101|1|1|0|0|0
RZ1|CHK|219|1|34|6|2|1|0|6|7|0|1|4
[You] Attach 2 Don to Kuro [<mark><link="OP15-025">OP15-025</link></mark>] (2 Total)
[You] Kuro [<mark><link="OP15-025">OP15-025</link></mark>] attacking Issho [<mark><link="OP03-078">OP03-078</link></mark>]
[Opponent] Discard Sengoku [<mark><link="EB02-044">EB02-044</link></mark>] for Counter 1000
RZ1|220|2|EB02-044|1|1|6|11|1|1|0|0|0
RZ1|CHK|220|2|24|5|5|3|0|8|12|1|1|2
Kuro [<mark><link="OP15-025">OP15-025</link></mark>][9000] vs Issho [<mark><link="OP03-078">OP03-078</link></mark>][10000]
Attack Fails
RZ1|221|1|Don|5|0|9|9900|1|1|0|0|0
RZ1|CHK|221|1|34|6|2|1|0|5|7|0|1|5
RZ1|222|1|Don|5|0|9|9901|1|1|0|0|0
RZ1|CHK|222|1|34|6|2|1|0|4|7|0|1|6
RZ1|223|1|Don|5|0|9|9902|1|1|0|0|0
RZ1|CHK|223|1|34|6|2|1|0|3|7|0|1|7
RZ1|224|1|Don|5|0|9|9903|1|1|0|0|0
RZ1|CHK|224|1|34|6|2|1|0|2|7|0|1|8
[You] Attach 4 Don to Krieg [<mark><link="OP15-001">OP15-001</link></mark>] (4 Total)
[You] Krieg [<mark><link="OP15-001">OP15-001</link></mark>] attacking Issho [<mark><link="OP03-078">OP03-078</link></mark>]
Krieg [<mark><link="OP15-001">OP15-001</link></mark>][9000] vs Issho [<mark><link="OP03-078">OP03-078</link></mark>][9000]
[Opponent] Issho [<mark><link="OP03-078">OP03-078</link></mark>] Destroyed
RZ1|225|2|Don|9|200|5|0|1|1|1|0|0
RZ1|CHK|225|2|24|5|5|3|0|9|12|1|1|1
RZ1|226|2|OP03-078|2|2|6|12|1|1|0|0|0
RZ1|CHK|226|2|24|5|4|3|0|9|13|1|1|1
[] Hand: [OP15-037,OP15-025,OP13-040,OP15-009,OP15-007,OP15-008]
[] Board: [OP15-025,OP15-025]
[] Trash: [OP13-040,OP15-026,OP15-026,OP15-017,OP15-023,OP15-023,OP15-003]
[] Life: 1
[] Hand: [ST06-008,OP02-096,OP10-098,ST19-004,OP02-119]
[] Trash: [OP03-089,ST06-016,ST06-006,ST19-002,OP07-085,EB01-049,ST19-003,EB02-050,OP02-098,OP03-097,OP02-114,EB02-044,OP03-078]
[] Board: [ST19-002,OP03-089,OP03-089,OP02-096]
[] Life: 3
[You] End Turn
[] Hand: [ST06-008,OP02-096,OP10-098,ST19-004,OP02-119]
[] Board: [ST19-002,OP03-089,OP03-089,OP02-096]
[] Trash: [OP03-089,ST06-016,ST06-006,ST19-002,OP07-085,EB01-049,ST19-003,EB02-050,OP02-098,OP03-097,OP02-114,EB02-044,OP03-078]
[] Life: 3
[] Hand: [OP15-037,OP15-025,OP13-040,OP15-009,OP15-007,OP15-008]
[] Trash: [OP13-040,OP15-026,OP15-026,OP15-017,OP15-023,OP15-023,OP15-003]
[] Board: [OP15-025,OP15-025]
[] Life: 1
RZ1|227|2|Don|9|9900|5|0|1|1|1|0|0
RZ1|CHK|227|2|24|5|4|3|0|10|13|1|1|0
[Opponent] Draw 1 Card
[] Drew card from deck: Rebecca [<mark><link="OP05-091">OP05-091</link></mark>]
RZ1|228|2|OP05-091|0|23|1|5|1|1|0|0|0
RZ1|CHK|228|2|23|6|4|3|0|10|13|1|1|0
[Opponent] Attach 1 Don to Kuzan [<mark><link="OP02-096">OP02-096</link></mark>] (1 Total)
RZ1|229|2|Don|5|9|9|300|1|1|0|0|0
RZ1|CHK|229|2|23|6|4|3|0|9|13|1|1|1
[Opponent] Attach 1 Don to Kuzan [<mark><link="OP02-096">OP02-096</link></mark>] (2 Total)
RZ1|230|2|Don|5|8|9|301|1|1|0|0|0
RZ1|CHK|230|2|23|6|4|3|0|8|13|1|1|2
[Opponent] Kuzan [<mark><link="OP02-096">OP02-096</link></mark>] attacking Krieg [<mark><link="OP15-001">OP15-001</link></mark>]
[Opponent] Kuzan [<mark><link="OP02-096">OP02-096</link></mark>]: Kuro [<mark><link="OP15-025">OP15-025</link></mark>] Cost -4
[You] Discard Koby [<mark><link="OP15-009">OP15-009</link></mark>] for Counter 2000
RZ1|231|1|OP15-009|1|3|6|7|1|1|0|0|0
RZ1|CHK|231|1|34|5|2|1|0|2|8|0|1|8
Kuzan [<mark><link="OP02-096">OP02-096</link></mark>][5000] vs Krieg [<mark><link="OP15-001">OP15-001</link></mark>][7000]
Attack Fails
[Opponent] Marineford [<mark><link="ST06-017">ST06-017</link></mark>]: Rest Marineford [<mark><link="ST06-017">ST06-017</link></mark>]
[Opponent] Marineford [<mark><link="ST06-017">ST06-017</link></mark>]: Kuro [<mark><link="OP15-025">OP15-025</link></mark>] Cost -1
RZ1|232|2|Don|5|0|5|0|1|1|1|0|0
RZ1|CHK|232|2|23|6|4|3|0|8|13|1|1|2
RZ1|233|2|Don|5|1|5|1|1|1|1|0|0
RZ1|CHK|233|2|23|6|4|3|0|8|13|1|1|2
RZ1|234|2|Don|5|2|5|2|1|1|1|0|0
RZ1|CHK|234|2|23|6|4|3|0|8|13|1|1|2
[Opponent] Deploy Hina [<mark><link="ST06-008">ST06-008</link></mark>]
RZ1|235|2|ST06-008|1|0|2|4|1|1|0|-2000|0
RZ1|CHK|235|2|23|5|5|3|0|8|13|1|1|2
[Opponent] Hina [<mark><link="ST06-008">ST06-008</link></mark>]: Kuro [<mark><link="OP15-025">OP15-025</link></mark>] Cost -4
RZ1|236|2|Don|5|3|5|3|1|1|1|0|0
RZ1|CHK|236|2|23|5|5|3|0|8|13|1|1|2
RZ1|237|2|Don|5|4|5|4|1|1|1|0|0
RZ1|CHK|237|2|23|5|5|3|0|8|13|1|1|2
RZ1|238|2|Don|5|5|5|5|1|1|1|0|0
RZ1|CHK|238|2|23|5|5|3|0|8|13|1|1|2
RZ1|239|2|Don|5|6|5|6|1|1|1|0|0
RZ1|CHK|239|2|23|5|5|3|0|8|13|1|1|2
[Opponent] Trash Brannew [<mark><link="OP03-089">OP03-089</link></mark>]
[Opponent] Deploy Rebecca [<mark><link="OP05-091">OP05-091</link></mark>]
RZ1|240|2|OP03-089|2|2|6|13|1|1|0|0|0
RZ1|CHK|240|2|23|5|4|3|0|8|14|1|1|2
RZ1|241|2|OP05-091|1|4|2|4|1|1|0|-2000|0
RZ1|CHK|241|2|23|4|5|3|0|8|14|1|1|2
[Opponent] <b>Draw Tashigi [<mark><link="ST19-003">ST19-003</link></mark>] from Trash</b>
RZ1|242|2|ST19-003|6|6|1|4|1|1|0|0|0
RZ1|CHK|242|2|23|5|5|3|0|8|13|1|1|2
[Opponent] Attach 1 Don to Smoker [<mark><link="OP02-093">OP02-093</link></mark>] (1 Total)
RZ1|243|2|Don|5|7|9|9900|1|1|0|0|0
RZ1|CHK|243|2|23|5|5|3|0|7|13|1|1|3
[Opponent] Smoker [<mark><link="OP02-093">OP02-093</link></mark>]: Kuro [<mark><link="OP15-025">OP15-025</link></mark>] Cost -1
[Opponent] Smoker [<mark><link="OP02-093">OP02-093</link></mark>]: Buff Self 1000
[Opponent] Smoker [<mark><link="OP02-093">OP02-093</link></mark>] attacking Krieg [<mark><link="OP15-001">OP15-001</link></mark>]
[You] I Know You're Strong... So I'll Go All Out [<mark><link="OP13-040">OP13-040</link></mark>]: Activate Counter
[You] I Know You're Strong... So I'll Go All Out [<mark><link="OP13-040">OP13-040</link></mark>]: Rest 1 Don
RZ1|244|1|Don|5|0|5|0|1|1|1|0|0
RZ1|CHK|244|1|34|5|2|1|0|2|8|0|1|8
RZ1|245|1|OP13-040|1|2|6|8|1|1|0|0|0
RZ1|CHK|245|1|34|4|2|1|0|2|9|0|1|8
[You] I Know You're Strong... So I'll Go All Out [<mark><link="OP13-040">OP13-040</link></mark>]: Buff Krieg [<mark><link="OP15-001">OP15-001</link></mark>] 3000 for the Combat
Smoker [<mark><link="OP02-093">OP02-093</link></mark>][7000] vs Krieg [<mark><link="OP15-001">OP15-001</link></mark>][8000]
Attack Fails
Kuro [<mark><link="OP15-025">OP15-025</link></mark>] cost restored
[] Hand: [OP02-096,OP10-098,ST19-004,OP02-119,ST19-003]
[] Board: [ST19-002,OP03-089,OP02-096,ST06-008,OP05-091]
[] Trash: [OP03-089,ST06-016,ST06-006,ST19-002,OP07-085,EB01-049,EB02-050,OP02-098,OP03-097,OP02-114,EB02-044,OP03-078,OP03-089]
[] Life: 3
[] Hand: [OP15-037,OP15-025,OP15-007,OP15-008]
[] Trash: [OP13-040,OP15-026,OP15-026,OP15-017,OP15-023,OP15-023,OP15-003,OP15-009,OP13-040]
[] Board: [OP15-025,OP15-025]
[] Life: 1
[Opponent] End Turn
[] Hand: [OP15-037,OP15-025,OP15-007,OP15-008]
[] Board: [OP15-025,OP15-025]
[] Trash: [OP13-040,OP15-026,OP15-026,OP15-017,OP15-023,OP15-023,OP15-003,OP15-009,OP13-040]
[] Life: 1
[] Hand: [OP02-096,OP10-098,ST19-004,OP02-119,ST19-003]
[] Trash: [OP03-089,ST06-016,ST06-006,ST19-002,OP07-085,EB01-049,EB02-050,OP02-098,OP03-097,OP02-114,EB02-044,OP03-078,OP03-089]
[] Board: [ST19-002,OP03-089,OP02-096,ST06-008,OP05-091]
[] Life: 3
RZ1|246|1|Don|9|9900|5|0|1|1|1|0|0
RZ1|CHK|246|1|34|4|2|1|0|3|9|0|1|7
RZ1|247|1|Don|9|9900|5|0|1|1|1|0|0
RZ1|CHK|247|1|34|4|2|1|0|4|9|0|1|6
RZ1|248|1|Don|9|9900|5|0|1|1|1|0|0
RZ1|CHK|248|1|34|4|2|1|0|5|9|0|1|5
RZ1|249|1|Don|9|9900|5|0|1|1|1|0|0
RZ1|CHK|249|1|34|4|2|1|0|6|9|0|1|4
RZ1|250|1|Don|9|0|5|0|1|1|1|0|0
RZ1|CHK|250|1|34|4|2|1|0|7|9|0|1|3
RZ1|251|1|Don|9|0|5|0|1|1|1|0|0
RZ1|CHK|251|1|34|4|2|1|0|8|9|0|1|2
RZ1|252|1|Don|9|100|5|0|1|1|1|0|0
RZ1|CHK|252|1|34|4|2|1|0|9|9|0|1|1
RZ1|253|1|Don|9|100|5|0|1|1|1|0|0
RZ1|CHK|253|1|34|4|2|1|0|10|9|0|1|0
[You] Draw 1 Card
[] Drew card from deck: Koby [<mark><link="OP15-009">OP15-009</link></mark>]
RZ1|254|1|OP15-009|0|33|1|4|1|1|0|0|0
RZ1|CHK|254|1|33|5|2|1|0|10|9|0|1|0
[You] Krieg [<mark><link="OP15-001">OP15-001</link></mark>] attacking Kuzan [<mark><link="OP02-096">OP02-096</link></mark>]
[Opponent] Rebecca [<mark><link="OP05-091">OP05-091</link></mark>] Blocks
Krieg [<mark><link="OP15-001">OP15-001</link></mark>][5000] vs Rebecca [<mark><link="OP05-091">OP05-091</link></mark>][0]
[Opponent] Rebecca [<mark><link="OP05-091">OP05-091</link></mark>] Destroyed
RZ1|255|2|OP05-091|2|4|6|13|1|1|0|0|0
RZ1|CHK|255|2|23|5|4|3|0|7|14|1|1|3
[You] Kuro [<mark><link="OP15-025">OP15-025</link></mark>] attacking Kuzan [<mark><link="OP02-096">OP02-096</link></mark>]
Kuro [<mark><link="OP15-025">OP15-025</link></mark>][7000] vs Kuzan [<mark><link="OP02-096">OP02-096</link></mark>][5000]
[Opponent] Kuzan [<mark><link="OP02-096">OP02-096</link></mark>] Destroyed
RZ1|256|2|Don|9|200|5|0|1|1|1|0|0
RZ1|CHK|256|2|23|5|4|3|0|8|14|1|1|2
RZ1|257|2|Don|9|200|5|0|1|1|1|0|0
RZ1|CHK|257|2|23|5|4|3|0|9|14|1|1|1
RZ1|258|2|OP02-096|2|2|6|14|1|1|0|0|0
RZ1|CHK|258|2|23|5|3|3|0|9|15|1|1|1
RZ1|259|1|Don|5|0|5|0|1|1|1|0|0
RZ1|CHK|259|1|33|5|2|1|0|10|9|0|1|0
RZ1|260|1|Don|5|1|5|1|1|1|1|0|0
RZ1|CHK|260|1|33|5|2|1|0|10|9|0|1|0
RZ1|261|1|Don|5|2|5|2|1|1|1|0|0
RZ1|CHK|261|1|33|5|2|1|0|10|9|0|1|0
RZ1|262|1|Don|5|3|5|3|1|1|1|0|0
RZ1|CHK|262|1|33|5|2|1|0|10|9|0|1|0
RZ1|263|1|Don|5|4|5|4|1|1|1|0|0
RZ1|CHK|263|1|33|5|2|1|0|10|9|0|1|0
RZ1|264|1|Don|5|5|5|5|1|1|1|0|0
RZ1|CHK|264|1|33|5|2|1|0|10|9|0|1|0
RZ1|265|1|Don|5|6|5|6|1|1|1|0|0
RZ1|CHK|265|1|33|5|2|1|0|10|9|0|1|0
[You] Deploy Kuro [<mark><link="OP15-025">OP15-025</link></mark>]
RZ1|266|1|OP15-025|1|1|2|2|1|1|0|0|0
RZ1|CHK|266|1|33|4|3|1|0|10|9|0|1|0
[You] Kuro [<mark><link="OP15-025">OP15-025</link></mark>]: Attach 1 Rested Don to Hina [<mark><link="ST06-008">ST06-008</link></mark>]
RZ1|267|2|Don|5|0|9|200|1|1|1|0|0
RZ1|CHK|267|2|23|5|3|3|0|8|15|1|1|2
[You] Kuro [<mark><link="OP15-025">OP15-025</link></mark>]: Attach 1 Rested Don to Hina [<mark><link="ST06-008">ST06-008</link></mark>]
RZ1|268|2|Don|5|0|9|201|1|1|1|0|0
RZ1|CHK|268|2|23|5|3|3|0|7|15|1|1|3
[You] Krieg [<mark><link="OP15-001">OP15-001</link></mark>]: Rest Hina [<mark><link="ST06-008">ST06-008</link></mark>]
[You] The Outcome Will Tell Us Who's Strong and Who's Weak [<mark><link="OP15-037">OP15-037</link></mark>]: Rest 1 Don
RZ1|269|1|Don|5|7|5|7|1|1|1|0|0
RZ1|CHK|269|1|33|4|3|1|0|10|9|0|1|0
RZ1|270|1|OP15-037|1|0|6|9|1|1|0|0|0
RZ1|CHK|270|1|33|3|3|1|0|10|10|0|1|0
RZ1|271|1|OP15-007|0|28|1|3|1|1|0|0|0
RZ1|CHK|271|1|32|4|3|1|0|10|10|0|1|0
[You] The Outcome Will Tell Us Who's Strong and Who's Weak [<mark><link="OP15-037">OP15-037</link></mark>]: <b>Reveal and Draw Gin [<mark><link="OP15-007">OP15-007</link></mark>]</b>
[You] Placing Cards on Bottom of Deck
RZ1|272|1|OP15-008|0|31|0|0|0|0|0|0|0
RZ1|CHK|272|1|32|4|3|1|0|10|10|0|1|0
RZ1|273|1|EB04-004|0|31|0|0|0|0|0|0|0
RZ1|CHK|273|1|32|4|3|1|0|10|10|0|1|0
RZ1|274|1|OP15-017|0|31|0|0|0|0|0|0|0
RZ1|CHK|274|1|32|4|3|1|0|10|10|0|1|0
RZ1|275|1|OP15-008|0|31|0|0|0|0|0|0|0
RZ1|CHK|275|1|32|4|3|1|0|10|10|0|1|0
[You] Kuro [<mark><link="OP15-025">OP15-025</link></mark>] attacking Smoker [<mark><link="OP02-093">OP02-093</link></mark>]
Kuro [<mark><link="OP15-025">OP15-025</link></mark>][7000] vs Smoker [<mark><link="OP02-093">OP02-093</link></mark>][5000]
Smoker [<mark><link="OP02-093">OP02-093</link></mark>] hit for 1 damage
RZ1|276|2|OP02-121|3|2|1|5|1|1|0|0|0
RZ1|CHK|276|2|23|6|3|2|0|7|15|1|1|3
[] Hand: [OP15-007,OP15-008,OP15-009,OP15-007]
[] Board: [OP15-025,OP15-025,OP15-025]
[] Trash: [OP13-040,OP15-026,OP15-026,OP15-017,OP15-023,OP15-023,OP15-003,OP15-009,OP13-040,OP15-037]
[] Life: 1
[] Hand: [OP02-096,OP10-098,ST19-004,OP02-119,ST19-003,OP02-121]
[] Trash: [OP03-089,ST06-016,ST06-006,ST19-002,OP07-085,EB01-049,EB02-050,OP02-098,OP03-097,OP02-114,EB02-044,OP03-078,OP03-089,OP05-091,OP02-096]
[] Board: [ST19-002,OP03-089,ST06-008]
[] Life: 2
[You] End Turn
[] Hand: [OP02-096,OP10-098,ST19-004,OP02-119,ST19-003,OP02-121]
[] Board: [ST19-002,OP03-089,ST06-008]
[] Trash: [OP03-089,ST06-016,ST06-006,ST19-002,OP07-085,EB01-049,EB02-050,OP02-098,OP03-097,OP02-114,EB02-044,OP03-078,OP03-089,OP05-091,OP02-096]
[] Life: 2
[] Hand: [OP15-007,OP15-008,OP15-009,OP15-007]
[] Trash: [OP13-040,OP15-026,OP15-026,OP15-017,OP15-023,OP15-023,OP15-003,OP15-009,OP13-040,OP15-037]
[] Board: [OP15-025,OP15-025,OP15-025]
[] Life: 1
RZ1|277|2|Don|9|9900|5|0|1|1|1|0|0
RZ1|CHK|277|2|23|6|3|2|0|8|15|1|1|2
RZ1|278|2|Don|9|200|5|0|1|1|1|0|0
RZ1|CHK|278|2|23|6|3|2|0|9|15|1|1|1
RZ1|279|2|Don|9|200|5|0|1|1|1|0|0
RZ1|CHK|279|2|23|6|3|2|0|10|15|1|1|0
[Opponent] Draw 1 Card
[] Drew card from deck: Tsuru [<mark><link="OP02-106">OP02-106</link></mark>]
RZ1|280|2|OP02-106|0|22|1|6|1|1|0|0|0
RZ1|CHK|280|2|22|7|3|2|0|10|15|1|1|0
[Opponent] Marineford [<mark><link="ST06-017">ST06-017</link></mark>]: Rest Marineford [<mark><link="ST06-017">ST06-017</link></mark>]
[Opponent] Marineford [<mark><link="ST06-017">ST06-017</link></mark>]: Kuro [<mark><link="OP15-025">OP15-025</link></mark>] Cost -1
[Opponent] Smoker [<mark><link="OP02-093">OP02-093</link></mark>] attacking Krieg [<mark><link="OP15-001">OP15-001</link></mark>]
[You] Kuro [<mark><link="OP15-025">OP15-025</link></mark>] Blocks
Smoker [<mark><link="OP02-093">OP02-093</link></mark>][5000] vs Kuro [<mark><link="OP15-025">OP15-025</link></mark>][7000]
Attack Fails
[Opponent] Attach 1 Don to Hina [<mark><link="ST06-008">ST06-008</link></mark>] (1 Total)
RZ1|281|2|Don|5|9|9|200|1|1|0|0|0
RZ1|CHK|281|2|22|7|3|2|0|9|15|1|1|1
[Opponent] Attach 1 Don to Hina [<mark><link="ST06-008">ST06-008</link></mark>] (2 Total)
RZ1|282|2|Don|5|8|9|201|1|1|0|0|0
RZ1|CHK|282|2|22|7|3|2|0|8|15|1|1|2
[Opponent] Hina [<mark><link="ST06-008">ST06-008</link></mark>] attacking Krieg [<mark><link="OP15-001">OP15-001</link></mark>]
[You] Discard Koby [<mark><link="OP15-009">OP15-009</link></mark>] for Counter 2000
RZ1|283|1|OP15-009|1|2|6|10|1|1|0|0|0
RZ1|CHK|283|1|32|3|3|1|0|10|11|0|1|0
[You] Discard Gin [<mark><link="OP15-007">OP15-007</link></mark>] for Counter 1000
RZ1|284|1|OP15-007|1|0|6|11|1|1|0|0|0
RZ1|CHK|284|1|32|2|3|1|0|10|12|0|1|0
Hina [<mark><link="ST06-008">ST06-008</link></mark>][7000] vs Krieg [<mark><link="OP15-001">OP15-001</link></mark>][8000]
Attack Fails
[Opponent] Attach 3 Don to Brannew [<mark><link="OP03-089">OP03-089</link></mark>] (3 Total)
RZ1|285|2|Don|5|5|9|100|1|1|0|0|0
RZ1|CHK|285|2|22|7|3|2|0|7|15|1|1|3
RZ1|286|2|Don|5|5|9|101|1|1|0|0|0
RZ1|CHK|286|2|22|7|3|2|0|6|15|1|1|4
RZ1|287|2|Don|5|5|9|102|1|1|0|0|0
RZ1|CHK|287|2|22|7|3|2|0|5|15|1|1|5
[Opponent] Brannew [<mark><link="OP03-089">OP03-089</link></mark>] attacking Krieg [<mark><link="OP15-001">OP15-001</link></mark>]
Brannew [<mark><link="OP03-089">OP03-089</link></mark>][6000] vs Krieg [<mark><link="OP15-001">OP15-001</link></mark>][5000]
Krieg [<mark><link="OP15-001">OP15-001</link></mark>] hit for 1 damage
RZ1|288|1|EB04-004|3|0|1|2|1|1|0|0|0
RZ1|CHK|288|1|32|3|3|0|0|10|12|0|1|0
[Opponent] Attach 5 Don to Sengoku [<mark><link="ST19-002">ST19-002</link></mark>] (5 Total)
RZ1|289|2|Don|5|4|9|0|1|1|0|0|0
RZ1|CHK|289|2|22|7|3|2|0|4|15|1|1|6
RZ1|290|2|Don|5|3|9|1|1|1|0|0|0
RZ1|CHK|290|2|22|7|3|2|0|3|15|1|1|7
RZ1|291|2|Don|5|2|9|2|1|1|0|0|0
RZ1|CHK|291|2|22|7|3|2|0|2|15|1|1|8
RZ1|292|2|Don|5|1|9|3|1|1|0|0|0
RZ1|CHK|292|2|22|7|3|2|0|1|15|1|1|9
RZ1|293|2|Don|5|0|9|4|1|1|0|0|0
RZ1|CHK|293|2|22|7|3|2|0|0|15|1|1|10
[Opponent] Sengoku [<mark><link="ST19-002">ST19-002</link></mark>] attacking Krieg [<mark><link="OP15-001">OP15-001</link></mark>]
Sengoku [<mark><link="ST19-002">ST19-002</link></mark>][6000] vs Krieg [<mark><link="OP15-001">OP15-001</link></mark>][5000]
Krieg [<mark><link="OP15-001">OP15-001</link></mark>] hit for 1 damage
