Waiting for a Connection with Room ID:CNMPHB
Karlmalone​#2854 Has Connected
Version is 1.40a.60
[Karlmalone​#2854] Leader is Krieg ["OP15-001">OP15-001]
luny​#6381 Has Connected
Version is 1.40a.60
[luny​#6381] Leader is Brook ["OP15-022">OP15-022]
[Karlmalone​#2854] Will select turn order
[Karlmalone​#2854] Chose to go Second
[Karlmalone​#2854] Drew card from deck: Krieg ["OP15-008">OP15-008]
RZ1|6|1|OP15-008|0|49|1|0|1|1|0|0|0
[Karlmalone​#2854] Drew card from deck: Kuro ["OP15-025">OP15-025]
RZ1|7|1|OP15-025|0|48|1|1|1|1|0|0|0
[Karlmalone​#2854] Drew card from deck: Koby ["OP15-009">OP15-009]
RZ1|8|1|OP15-009|0|47|1|2|1|1|0|0|0
[Karlmalone​#2854] Drew card from deck: Arlong ["OP15-023">OP15-023]
RZ1|9|1|OP15-023|0|46|1|3|1|1|0|0|0
[Karlmalone​#2854] Drew card from deck: Koby ["OP15-009">OP15-009]
RZ1|10|1|OP15-009|0|45|1|4|1|1|0|0|0
[Karlmalone​#2854] Hand before Mulligan: [OP15-008,OP15-025,OP15-009,OP15-023,OP15-009]
[luny​#6381] Drew card from deck: Nami ["EB02-017">EB02-017]
RZ1|11|2|EB02-017|0|49|1|0|0|1|0|0|0
[luny​#6381] Drew card from deck: Sanji ["OP15-081">OP15-081]
RZ1|12|2|OP15-081|0|48|1|1|0|1|0|0|0
[luny​#6381] Drew card from deck: Nami ["OP14-031">OP14-031]
RZ1|13|2|OP14-031|0|47|1|2|0|1|0|0|0
[luny​#6381] Drew card from deck: Usopp ["OP15-024">OP15-024]
RZ1|14|2|OP15-024|0|46|1|3|0|1|0|0|0
[luny​#6381] Drew card from deck: Pirate Docking 6 ["OP15-088">OP15-088]
RZ1|15|2|OP15-088|0|45|1|4|0|1|0|0|0
RZ1|16|1|OP15-008|1|0|0|45|0|0|0|0|0
RZ1|17|1|OP15-025|1|0|0|46|0|0|0|0|0
RZ1|18|1|OP15-009|1|0|0|47|0|0|0|0|0
RZ1|19|1|OP15-023|1|0|0|48|0|0|0|0|0
RZ1|20|1|OP15-009|1|0|0|49|0|0|0|0|0
[Karlmalone​#2854] Drew card from deck: The Outcome Will Tell Us Who's Strong and Who's Weak ["OP15-037">OP15-037]
RZ1|21|1|OP15-037|0|49|1|0|1|1|0|0|0
[Karlmalone​#2854] Drew card from deck: Arlong ["OP15-023">OP15-023]
RZ1|22|1|OP15-023|0|48|1|1|1|1|0|0|0
[Karlmalone​#2854] Drew card from deck: Kuro ["OP15-025">OP15-025]
RZ1|23|1|OP15-025|0|47|1|2|1|1|0|0|0
[Karlmalone​#2854] Drew card from deck: The Outcome Will Tell Us Who's Strong and Who's Weak ["OP15-037">OP15-037]
RZ1|24|1|OP15-037|0|46|1|3|1|1|0|0|0
[Karlmalone​#2854] Drew card from deck: Alvida ["OP15-003">OP15-003]
RZ1|25|1|OP15-003|0|45|1|4|1|1|0|0|0
[Karlmalone​#2854] Hand after Mulligan: [OP15-037,OP15-023,OP15-025,OP15-037,OP15-003]
[Karlmalone​#2854] Mulligan
RZ1|26|2|Don|4|9|5|0|1|1|0|0|0
[luny​#6381] Draw 1 Don
RZ1|27|2|Don|5|0|5|0|1|1|1|0|0
[luny​#6381] Deploy Nami ["EB02-017">EB02-017]
RZ1|28|2|EB02-017|1|0|2|0|1|1|0|0|0
RZ1|29|2|OP15-032|0|37|1|4|0|1|0|0|0
[luny​#6381] Nami ["EB02-017">EB02-017]: <b>Reveal and Draw Brook ["OP15-032">OP15-032]</b>
[luny​#6381] Placing Cards on Bottom of Deck
[luny​#6381] Brook ["OP15-022">OP15-022]: Trash 4 Cards from Deck
RZ1|30|2|OP15-083|0|39|6|0|1|1|0|0|0
RZ1|31|2|OP15-083|0|38|6|1|1|1|0|0|0
RZ1|32|2|OP15-088|0|37|6|2|1|1|0|0|0
RZ1|33|2|OP15-086|0|36|6|3|1|1|0|0|0
[luny​#6381] End Turn
[Karlmalone​#2854] Hand: [OP15-037,OP15-023,OP15-025,OP15-037,OP15-003]
[Karlmalone​#2854] Board: []
[Karlmalone​#2854] Trash: []
[Karlmalone​#2854] Life: 4
[luny​#6381] Hand: [OP15-081,OP14-031,OP15-024,OP15-088,OP15-032]
[luny​#6381] Trash: [OP15-083,OP15-083,OP15-088,OP15-086]
[luny​#6381] Board: [EB02-017]
[luny​#6381] Life: 4
[Karlmalone​#2854] Draw 1 Card
[Karlmalone​#2854] Drew card from deck: Kuro ["OP15-025">OP15-025]
RZ1|34|1|OP15-025|0|40|1|5|1|1|0|0|0
RZ1|35|1|Don|4|9|5|0|1|1|0|0|0
RZ1|36|1|Don|4|8|5|1|1|1|0|0|0
[Karlmalone​#2854] Draw 2 Don
[Karlmalone​#2854] The Outcome Will Tell Us Who's Strong and Who's Weak ["OP15-037">OP15-037]: Rest 1 Don
RZ1|37|1|Don|5|0|5|0|1|1|1|0|0
RZ1|38|1|OP15-037|1|3|6|0|1|1|0|0|0
RZ1|39|1|OP15-008|0|35|1|5|1|1|0|0|0
[Karlmalone​#2854] The Outcome Will Tell Us Who's Strong and Who's Weak ["OP15-037">OP15-037]: <b>Reveal and Draw Krieg ["OP15-008">OP15-008]</b>
[Karlmalone​#2854] Placing Cards on Bottom of Deck
[Karlmalone​#2854] The Outcome Will Tell Us Who's Strong and Who's Weak ["OP15-037">OP15-037]: Rest 1 Don
RZ1|40|1|Don|5|1|5|1|1|1|1|0|0
RZ1|41|1|OP15-037|1|0|6|1|1|1|0|0|0
RZ1|42|1|OP15-009|0|36|1|5|1|1|0|0|0
[Karlmalone​#2854] The Outcome Will Tell Us Who's Strong and Who's Weak ["OP15-037">OP15-037]: <b>Reveal and Draw Koby ["OP15-009">OP15-009]</b>
[Karlmalone​#2854] Placing Cards on Bottom of Deck
[Karlmalone​#2854] Hand: [OP15-023,OP15-025,OP15-003,OP15-025,OP15-008,OP15-009]
[Karlmalone​#2854] Board: []
[Karlmalone​#2854] Trash: [OP15-037,OP15-037]
[Karlmalone​#2854] Life: 4
[luny​#6381] Hand: [OP15-081,OP14-031,OP15-024,OP15-088,OP15-032]
[luny​#6381] Trash: [OP15-083,OP15-083,OP15-088,OP15-086]
[luny​#6381] Board: [EB02-017]
[luny​#6381] Life: 4
[Karlmalone​#2854] End Turn
[luny​#6381] Draw 1 Card
[luny​#6381] Drew card from deck: Monkey D. Luffy ["ST30-012">ST30-012]
RZ1|43|2|ST30-012|0|35|1|5|0|1|0|0|0
RZ1|44|2|Don|4|8|5|1|1|1|0|0|0
RZ1|45|2|Don|4|7|5|2|1|1|0|0|0
[luny​#6381] Draw 2 Don
RZ1|46|2|Don|5|0|5|0|1|1|1|0|0
[luny​#6381] Deploy Sanji ["OP15-081">OP15-081]
RZ1|47|2|OP15-081|1|0|2|1|1|1|0|0|0
[luny​#6381] Sanji ["OP15-081">OP15-081]: Trash 5 Cards from Deck
RZ1|48|2|OP14-031|0|34|6|4|1|1|0|0|0
RZ1|49|2|OP15-032|0|33|6|5|1|1|0|0|0
RZ1|50|2|OP15-085|0|32|6|6|1|1|0|0|0
RZ1|51|2|OP13-118|0|31|6|7|1|1|0|0|0
RZ1|52|2|OP16-035|0|30|6|8|1|1|0|0|0
[luny​#6381] Attach 2 Don to Brook ["OP15-022">OP15-022] (2 Total)
RZ1|53|2|Don|5|2|9|9900|1|1|0|0|0
RZ1|54|2|Don|5|1|9|9901|1|1|0|0|0
[luny​#6381] Brook ["OP15-022">OP15-022]: Trash 4 Cards from Deck
RZ1|55|2|PRB02-006|0|29|6|9|1|1|0|0|0
RZ1|56|2|OP15-032|0|28|6|10|1|1|0|0|0
RZ1|57|2|EB02-017|0|27|6|11|1|1|0|0|0
RZ1|58|2|OP15-096|0|26|6|12|1|1|0|0|0
[luny​#6381] Brook ["OP15-022">OP15-022] attacking Krieg ["OP15-001">OP15-001]
Brook ["OP15-022">OP15-022][7000] vs Krieg ["OP15-001">OP15-001][5000]
Krieg ["OP15-001">OP15-001] hit for 1 damage
[luny​#6381] End Turn
[Karlmalone​#2854] Hand: [OP15-023,OP15-025,OP15-003,OP15-025,OP15-008,OP15-009,OP15-017]
[Karlmalone​#2854] Board: []
[Karlmalone​#2854] Trash: [OP15-037,OP15-037]
[Karlmalone​#2854] Life: 3
[luny​#6381] Hand: [OP14-031,OP15-024,OP15-088,OP15-032,ST30-012]
[luny​#6381] Trash: [OP15-083,OP15-083,OP15-088,OP15-086,OP14-031,OP15-032,OP15-085,OP13-118,OP16-035,PRB02-006,OP15-032,EB02-017,OP15-096]
[luny​#6381] Board: [EB02-017,OP15-081]
[luny​#6381] Life: 4
[Karlmalone​#2854] Draw 1 Card
[Karlmalone​#2854] Drew card from deck: Zeff ["EB04-004">EB04-004]
RZ1|59|1|EB04-004|0|37|1|7|1|1|0|0|0
RZ1|60|1|Don|4|7|5|2|1|1|0|0|0
RZ1|61|1|Don|4|6|5|3|1|1|0|0|0
[Karlmalone​#2854] Draw 2 Don
RZ1|62|1|Don|5|0|5|0|1|1|1|0|0
RZ1|63|1|Don|5|1|5|1|1|1|1|0|0
RZ1|64|1|Don|5|2|5|2|1|1|1|0|0
RZ1|65|1|Don|5|3|5|3|1|1|1|0|0
[Karlmalone​#2854] Deploy Arlong ["OP15-023">OP15-023]
RZ1|66|1|OP15-023|1|0|2|0|1|1|0|0|0
[Karlmalone​#2854] Arlong ["OP15-023">OP15-023]: Attach 1 Rested Don to Sanji ["OP15-081">OP15-081]
RZ1|67|2|Don|5|0|9|100|1|1|1|0|0
[Karlmalone​#2854] Arlong ["OP15-023">OP15-023]: Attach 1 Rested Don to Krieg ["OP15-001">OP15-001]
RZ1|68|1|Don|5|0|9|9900|1|1|1|0|0
[Karlmalone​#2854] Krieg ["OP15-001">OP15-001] attacking Brook ["OP15-022">OP15-022]
Krieg ["OP15-001">OP15-001][6000] vs Brook ["OP15-022">OP15-022][5000]
Brook ["OP15-022">OP15-022] hit for 1 damage
[Karlmalone​#2854] Hand: [OP15-025,OP15-003,OP15-025,OP15-008,OP15-009,OP15-017,EB04-004]
[Karlmalone​#2854] Board: [OP15-023]
[Karlmalone​#2854] Trash: [OP15-037,OP15-037]
[Karlmalone​#2854] Life: 3
[luny​#6381] Hand: [OP14-031,OP15-024,OP15-088,OP15-032,ST30-012,EB02-017]
[luny​#6381] Trash: [OP15-083,OP15-083,OP15-088,OP15-086,OP14-031,OP15-032,OP15-085,OP13-118,OP16-035,PRB02-006,OP15-032,EB02-017,OP15-096]
[luny​#6381] Board: [EB02-017,OP15-081]
[luny​#6381] Life: 3
[Karlmalone​#2854] End Turn
RZ1|69|2|Don|9|9900|5|0|1|1|1|0|0
RZ1|70|2|Don|9|9900|5|0|1|1|1|0|0
RZ1|71|2|Don|9|100|5|0|1|1|1|0|0
[luny​#6381] Draw 1 Card
[luny​#6381] Drew card from deck: Swallow Bond en Avant ["OP15-096">OP15-096]
RZ1|72|2|OP15-096|0|25|1|6|0|1|0|0|0
RZ1|73|2|Don|4|6|5|3|1|1|0|0|0
RZ1|74|2|Don|4|5|5|4|1|1|0|0|0
[luny​#6381] Draw 2 Don
RZ1|75|2|Don|5|0|5|0|1|1|1|0|0
RZ1|76|2|Don|5|1|5|1|1|1|1|0|0
RZ1|77|2|Don|5|2|5|2|1|1|1|0|0
RZ1|78|2|Don|5|3|5|3|1|1|1|0|0
RZ1|79|2|Don|5|4|5|4|1|1|1|0|0
[luny​#6381] Deploy Pirate Docking 6 ["OP15-088">OP15-088]
RZ1|80|2|OP15-088|1|2|2|2|1|1|0|-2000|6
[luny​#6381] Pirate Docking 6 ["OP15-088">OP15-088]: Trash 3 Cards from Deck
RZ1|81|2|OP15-086|0|24|6|13|1|1|0|0|0
RZ1|82|2|OP15-086|0|23|6|14|1|1|0|0|0
RZ1|83|2|OP15-083|0|22|6|15|1|1|0|0|0
[luny​#6381] Pirate Docking 6 ["OP15-088">OP15-088]: Deployed Tony Tony Chopper ["OP15-085">OP15-085] from Trash
RZ1|84|2|OP15-085|6|6|2|3|1|1|0|-2000|0
[luny​#6381] Tony Tony Chopper ["OP15-085">OP15-085]: Trash 3 Cards from Deck
RZ1|85|2|OP15-094|0|21|6|15|1|1|0|0|0
RZ1|86|2|OP15-083|0|20|6|16|1|1|0|0|0
RZ1|87|2|OP15-081|0|19|6|17|1|1|0|0|0
[luny​#6381] Brook ["OP15-022">OP15-022]: Trash 4 Cards from Deck
RZ1|88|2|OP15-096|0|18|6|18|1|1|0|0|0
RZ1|89|2|OP15-092|0|17|6|19|1|1|0|0|0
RZ1|90|2|OP15-024|0|16|6|20|1|1|0|0|0
RZ1|91|2|OP15-088|0|15|6|21|1|1|0|0|0
RZ1|92|2|OP15-085|2|3|6|22|1|1|0|0|0
[luny​#6381] Tony Tony Chopper ["OP15-085">OP15-085]: Trash Tony Tony Chopper ["OP15-085">OP15-085]
[luny​#6381] <b>Draw Nami ["OP15-086">OP15-086] from Trash</b>
RZ1|93|2|OP15-086|6|13|1|6|0|1|0|0|0
[luny​#6381] Brook ["OP15-022">OP15-022] attacking Krieg ["OP15-001">OP15-001]
[Karlmalone​#2854] Discard Alvida ["OP15-003">OP15-003] for Counter 1000
RZ1|94|1|OP15-003|1|1|6|2|1|1|0|0|0
Brook ["OP15-022">OP15-022][5000] vs Krieg ["OP15-001">OP15-001][6000]
Attack Fails
[luny​#6381] End Turn
[Karlmalone​#2854] Hand: [OP15-025,OP15-025,OP15-008,OP15-009,OP15-017,EB04-004]
[Karlmalone​#2854] Board: [OP15-023]
[Karlmalone​#2854] Trash: [OP15-037,OP15-037,OP15-003]
[Karlmalone​#2854] Life: 3
[luny​#6381] Hand: [OP14-031,OP15-024,OP15-032,ST30-012,EB02-017,OP15-096,OP15-086]
[luny​#6381] Trash: [OP15-083,OP15-083,OP15-088,OP15-086,OP14-031,OP15-032,OP13-118,OP16-035,PRB02-006,OP15-032,EB02-017,OP15-096,OP15-086,OP15-083,OP15-094,OP15-083,OP15-081,OP15-096,OP15-092,OP15-024,OP15-088,OP15-085]
[luny​#6381] Board: [EB02-017,OP15-081,OP15-088]
[luny​#6381] Life: 3
RZ1|95|1|Don|9|9900|5|0|1|1|1|0|0
[Karlmalone​#2854] Draw 1 Card
[Karlmalone​#2854] Drew card from deck: Koushirou ["OP12-027">OP12-027]
RZ1|96|1|OP12-027|0|36|1|6|1|1|0|0|0
RZ1|97|1|Don|4|5|5|4|1|1|0|0|0
RZ1|98|1|Don|4|4|5|5|1|1|0|0|0
[Karlmalone​#2854] Draw 2 Don
RZ1|99|1|Don|5|0|5|0|1|1|1|0|0
[Karlmalone​#2854] Deploy Koby ["OP15-009">OP15-009]
RZ1|100|1|OP15-009|1|3|2|1|1|1|0|0|0
RZ1|101|1|Don|5|1|5|1|1|1|1|0|0
RZ1|102|1|Don|5|2|5|2|1|1|1|0|0
RZ1|103|1|Don|5|3|5|3|1|1|1|0|0
RZ1|104|1|Don|5|4|5|4|1|1|1|0|0
RZ1|105|1|Don|5|5|5|5|1|1|1|0|0
[Karlmalone​#2854] Deploy Morgan ["OP15-017">OP15-017]
RZ1|106|1|OP15-017|1|3|2|2|1|1|0|0|0
[Karlmalone​#2854] Morgan ["OP15-017">OP15-017]: Attach 1 Rested Don to Pirate Docking 6 ["OP15-088">OP15-088]
RZ1|107|2|Don|5|0|9|200|1|1|1|0|0
[Karlmalone​#2854] Morgan ["OP15-017">OP15-017]: Attach 1 Rested Don to Krieg ["OP15-001">OP15-001]
RZ1|108|1|Don|5|0|9|9900|1|1|1|0|0
[Karlmalone​#2854] Arlong ["OP15-023">OP15-023]: Attach 1 Rested Don to Pirate Docking 6 ["OP15-088">OP15-088]
RZ1|109|2|Don|5|0|9|201|1|1|1|0|0
[Karlmalone​#2854] Arlong ["OP15-023">OP15-023]: Attach 1 Rested Don to Krieg ["OP15-001">OP15-001]
RZ1|110|1|Don|5|0|9|9901|1|1|1|0|0
[Karlmalone​#2854] Krieg ["OP15-001">OP15-001]: Rest Pirate Docking 6 ["OP15-088">OP15-088]
[Karlmalone​#2854] Krieg ["OP15-001">OP15-001] attacking Brook ["OP15-022">OP15-022]
[luny​#6381] Swallow Bond en Avant ["OP15-096">OP15-096]: Activate Counter
RZ1|111|2|OP15-096|1|5|6|22|1|1|0|0|0
RZ1|112|2|OP15-024|1|1|6|23|1|1|0|0|0
[luny​#6381] Swallow Bond en Avant ["OP15-096">OP15-096]: Trash Usopp ["OP15-024">OP15-024]
[luny​#6381] Swallow Bond en Avant ["OP15-096">OP15-096]: Buff Brook ["OP15-022">OP15-022] 3000 for the Combat
Krieg ["OP15-001">OP15-001][7000] vs Brook ["OP15-022">OP15-022][8000]
Attack Fails
[Karlmalone​#2854] Hand: [OP15-025,OP15-025,OP15-008,EB04-004,OP12-027]
[Karlmalone​#2854] Board: [OP15-023,OP15-009,OP15-017]
[Karlmalone​#2854] Trash: [OP15-037,OP15-037,OP15-003]
[Karlmalone​#2854] Life: 3
[luny​#6381] Hand: [OP14-031,OP15-032,ST30-012,EB02-017,OP15-086]
[luny​#6381] Trash: [OP15-083,OP15-083,OP15-088,OP15-086,OP14-031,OP15-032,OP13-118,OP16-035,PRB02-006,OP15-032,EB02-017,OP15-096,OP15-086,OP15-083,OP15-094,OP15-083,OP15-081,OP15-096,OP15-092,OP15-024,OP15-088,OP15-085,OP15-096,OP15-024]
[luny​#6381] Board: [EB02-017,OP15-081,OP15-088]
[luny​#6381] Life: 3
[Karlmalone​#2854] End Turn
RZ1|113|2|Don|9|200|5|0|1|1|1|0|0
RZ1|114|2|Don|9|200|5|0|1|1|1|0|0
[luny​#6381] Draw 1 Card
[luny​#6381] Drew card from deck: Monkey D. Luffy ["OP15-092">OP15-092]
RZ1|115|2|OP15-092|0|14|1|5|0|1|0|0|0
RZ1|116|2|Don|4|4|5|5|1|1|0|0|0
RZ1|117|2|Don|4|3|5|6|1|1|0|0|0
[luny​#6381] Draw 2 Don
RZ1|118|2|Don|5|0|5|0|1|1|1|0|0
RZ1|119|2|Don|5|1|5|1|1|1|1|0|0
RZ1|120|2|Don|5|2|5|2|1|1|1|0|0
RZ1|121|2|Don|5|3|5|3|1|1|1|0|0
RZ1|122|2|Don|5|4|5|4|1|1|1|0|0
RZ1|123|2|Don|5|5|5|5|1|1|1|0|0
RZ1|124|2|Don|5|6|5|6|1|1|1|0|0
[luny​#6381] Deploy Monkey D. Luffy ["OP15-092">OP15-092]
RZ1|125|2|OP15-092|1|5|2|3|1|1|0|0|10
[luny​#6381] Brook ["OP15-022">OP15-022]: Trash 4 Cards from Deck
RZ1|126|2|OP15-092|0|13|6|24|1|1|0|0|0
RZ1|127|2|OP15-081|0|12|6|25|1|1|0|0|0
RZ1|128|2|OP12-037|0|11|6|26|1|1|0|0|0
RZ1|129|2|EB02-017|0|10|6|27|1|1|0|0|0
[luny​#6381] Brook ["OP15-022">OP15-022] attacking Krieg ["OP15-001">OP15-001]
[Karlmalone​#2854] Discard Koushirou ["OP12-027">OP12-027] for Counter 1000
RZ1|130|1|OP12-027|1|4|6|3|1|1|0|0|0
Brook ["OP15-022">OP15-022][5000] vs Krieg ["OP15-001">OP15-001][6000]
Attack Fails
[luny​#6381] End Turn
[Karlmalone​#2854] Hand: [OP15-025,OP15-025,OP15-008,EB04-004]
[Karlmalone​#2854] Board: [OP15-023,OP15-009,OP15-017]
[Karlmalone​#2854] Trash: [OP15-037,OP15-037,OP15-003,OP12-027]
[Karlmalone​#2854] Life: 3
[luny​#6381] Hand: [OP14-031,OP15-032,ST30-012,EB02-017,OP15-086]
[luny​#6381] Trash: [OP15-083,OP15-083,OP15-088,OP15-086,OP14-031,OP15-032,OP13-118,OP16-035,PRB02-006,OP15-032,EB02-017,OP15-096,OP15-086,OP15-083,OP15-094,OP15-083,OP15-081,OP15-096,OP15-092,OP15-024,OP15-088,OP15-085,OP15-096,OP15-024,OP15-092,OP15-081,OP12-037,EB02-017]
[luny​#6381] Board: [EB02-017,OP15-081,OP15-088,OP15-092]
[luny​#6381] Life: 3
RZ1|131|1|Don|9|9900|5|0|1|1|1|0|0
RZ1|132|1|Don|9|9900|5|0|1|1|1|0|0
[Karlmalone​#2854] Draw 1 Card
[Karlmalone​#2854] Drew card from deck: Jango ["OP15-026">OP15-026]
RZ1|133|1|OP15-026|0|35|1|4|1|1|0|0|0
RZ1|134|1|Don|4|3|5|6|1|1|0|0|0
RZ1|135|1|Don|4|2|5|7|1|1|0|0|0
[Karlmalone​#2854] Draw 2 Don
RZ1|136|1|Don|5|0|5|0|1|1|1|0|0
RZ1|137|1|Don|5|1|5|1|1|1|1|0|0
RZ1|138|1|Don|5|2|5|2|1|1|1|0|0
RZ1|139|1|Don|5|3|5|3|1|1|1|0|0
RZ1|140|1|Don|5|4|5|4|1|1|1|0|0
RZ1|141|1|Don|5|5|5|5|1|1|1|0|0
RZ1|142|1|Don|5|6|5|6|1|1|1|0|0
[Karlmalone​#2854] Deploy Zeff ["EB04-004">EB04-004]
RZ1|143|1|EB04-004|1|3|2|3|1|1|0|0|0
RZ1|144|1|Don|5|7|5|7|1|1|1|0|0
[Karlmalone​#2854] Deploy Jango ["OP15-026">OP15-026]
RZ1|145|1|OP15-026|1|3|2|4|1|1|0|0|0
RZ1|146|1|OP15-027|0|32|1|3|1|1|0|0|0
[Karlmalone​#2854] Jango ["OP15-026">OP15-026]: <b>Reveal and Draw Dracule Mihawk ["OP15-027">OP15-027]</b>
[Karlmalone​#2854] Placing Cards on Bottom of Deck
[Karlmalone​#2854] Morgan ["OP15-017">OP15-017]: Attach 1 Rested Don to Monkey D. Luffy ["OP15-092">OP15-092]
RZ1|147|2|Don|5|0|9|300|1|1|1|0|0
[Karlmalone​#2854] Morgan ["OP15-017">OP15-017]: Attach 1 Rested Don to Krieg ["OP15-001">OP15-001]
RZ1|148|1|Don|5|0|9|9900|1|1|1|0|0
[Karlmalone​#2854] Arlong ["OP15-023">OP15-023]: Attach 1 Rested Don to Monkey D. Luffy ["OP15-092">OP15-092]
RZ1|149|2|Don|5|0|9|301|1|1|1|0|0
[Karlmalone​#2854] Arlong ["OP15-023">OP15-023]: Attach 1 Rested Don to Krieg ["OP15-001">OP15-001]
RZ1|150|1|Don|5|0|9|9901|1|1|1|0|0
[Karlmalone​#2854] Krieg ["OP15-001">OP15-001]: Rest Monkey D. Luffy ["OP15-092">OP15-092]
[Karlmalone​#2854] Krieg ["OP15-001">OP15-001] attacking Brook ["OP15-022">OP15-022]
[luny​#6381] Discard Nami ["EB02-017">EB02-017] for Counter 1000
RZ1|151|2|EB02-017|1|3|6|28|1|1|0|0|0
Krieg ["OP15-001">OP15-001][7000] vs Brook ["OP15-022">OP15-022][8000]
Attack Fails
[Karlmalone​#2854] Hand: [OP15-025,OP15-025,OP15-008,OP15-027]
[Karlmalone​#2854] Board: [OP15-023,OP15-009,OP15-017,EB04-004,OP15-026]
[Karlmalone​#2854] Trash: [OP15-037,OP15-037,OP15-003,OP12-027]
[Karlmalone​#2854] Life: 3
[luny​#6381] Hand: [OP14-031,OP15-032,ST30-012,OP15-086]
[luny​#6381] Trash: [OP15-083,OP15-083,OP15-088,OP15-086,OP14-031,OP15-032,OP13-118,OP16-035,PRB02-006,OP15-032,EB02-017,OP15-096,OP15-086,OP15-083,OP15-094,OP15-083,OP15-081,OP15-096,OP15-092,OP15-024,OP15-088,OP15-085,OP15-096,OP15-024,OP15-092,OP15-081,OP12-037,EB02-017,EB02-017]
[luny​#6381] Board: [EB02-017,OP15-081,OP15-088,OP15-092]
[luny​#6381] Life: 3
[Karlmalone​#2854] End Turn
RZ1|152|2|Don|9|300|5|0|1|1|1|0|0
RZ1|153|2|Don|9|300|5|0|1|1|1|0|0
[luny​#6381] Draw 1 Card
[luny​#6381] Drew card from deck: Tony Tony Chopper ["OP15-085">OP15-085]
RZ1|154|2|OP15-085|0|9|1|4|0|1|0|0|0
RZ1|155|2|Don|4|2|5|7|1|1|0|0|0
RZ1|156|2|Don|4|1|5|8|1|1|0|0|0
[luny​#6381] Draw 2 Don
RZ1|157|2|Don|5|0|5|0|1|1|1|0|0
RZ1|158|2|Don|5|1|5|1|1|1|1|0|0
RZ1|159|2|Don|5|2|5|2|1|1|1|0|0
RZ1|160|2|Don|5|3|5|3|1|1|1|0|0
RZ1|161|2|Don|5|4|5|4|1|1|1|0|0
RZ1|162|2|Don|5|5|5|5|1|1|1|0|0
[luny​#6381] Deploy Brook ["OP15-032">OP15-032]
RZ1|163|2|OP15-032|1|1|2|4|1|1|0|-2000|0
[luny​#6381] Brook ["OP15-032">OP15-032]: Rest Arlong ["OP15-023">OP15-023]
[luny​#6381] Brook ["OP15-022">OP15-022]: Trash 4 Cards from Deck
RZ1|164|2|ST30-012|0|8|6|29|1|1|0|0|0
RZ1|165|2|OP15-024|0|7|6|30|1|1|0|0|0
RZ1|166|2|OP13-118|0|6|6|31|1|1|0|0|0
RZ1|167|2|OP15-096|0|5|6|32|1|1|0|0|0
[luny​#6381] Monkey D. Luffy ["OP15-092">OP15-092] attacking Arlong ["OP15-023">OP15-023]
Monkey D. Luffy ["OP15-092">OP15-092][8000] vs Arlong ["OP15-023">OP15-023][5000]
[Karlmalone​#2854] Arlong ["OP15-023">OP15-023] Destroyed
RZ1|168|1|OP15-023|2|0|6|4|1|1|0|0|0
[Karlmalone​#2854] Arlong ["OP15-023">OP15-023]: Monkey D. Luffy ["OP15-092">OP15-092] will not Activate during next Refresh
[Karlmalone​#2854] Arlong ["OP15-023">OP15-023]: Don ["Don">Don] will not Activate during next Refresh
[luny​#6381] Brook ["OP15-022">OP15-022] attacking Krieg ["OP15-001">OP15-001]
[Karlmalone​#2854] Morgan ["OP15-017">OP15-017] Blocks
Brook ["OP15-022">OP15-022][5000] vs Morgan ["OP15-017">OP15-017][6000]
Attack Fails
[luny​#6381] Attach 3 Don to Pirate Docking 6 ["OP15-088">OP15-088] (3 Total)
RZ1|169|2|Don|5|8|9|200|1|1|0|0|0
RZ1|170|2|Don|5|7|9|201|1|1|0|0|0
RZ1|171|2|Don|5|6|9|202|1|1|0|0|0
[luny​#6381] Pirate Docking 6 ["OP15-088">OP15-088] attacking Morgan ["OP15-017">OP15-017]
[Karlmalone​#2854] Discard Dracule Mihawk ["OP15-027">OP15-027] for Counter 2000
RZ1|172|1|OP15-027|1|3|6|5|1|1|0|0|0
[Karlmalone​#2854] Discard Kuro ["OP15-025">OP15-025] for Counter 1000
RZ1|173|1|OP15-025|1|1|6|6|1|1|0|0|0
Pirate Docking 6 ["OP15-088">OP15-088][8000] vs Morgan ["OP15-017">OP15-017][9000]
Attack Fails
[luny​#6381] End Turn
[Karlmalone​#2854] Hand: [OP15-025,OP15-008]
[Karlmalone​#2854] Board: [OP15-009,OP15-017,EB04-004,OP15-026]
[Karlmalone​#2854] Trash: [OP15-037,OP15-037,OP15-003,OP12-027,OP15-023,OP15-027,OP15-025]
[Karlmalone​#2854] Life: 3
[luny​#6381] Hand: [OP14-031,ST30-012,OP15-086,OP15-085]
[luny​#6381] Trash: [OP15-083,OP15-083,OP15-088,OP15-086,OP14-031,OP15-032,OP13-118,OP16-035,PRB02-006,OP15-032,EB02-017,OP15-096,OP15-086,OP15-083,OP15-094,OP15-083,OP15-081,OP15-096,OP15-092,OP15-024,OP15-088,OP15-085,OP15-096,OP15-024,OP15-092,OP15-081,OP12-037,EB02-017,EB02-017,ST30-012,OP15-024,OP13-118,OP15-096]
[luny​#6381] Board: [EB02-017,OP15-081,OP15-088,OP15-092,OP15-032]
[luny​#6381] Life: 3
RZ1|174|1|Don|9|9900|5|0|1|1|1|0|0
RZ1|175|1|Don|9|9900|5|0|1|1|1|0|0
[Karlmalone​#2854] Draw 1 Card
[Karlmalone​#2854] Drew card from deck: Buggy ["OP15-012">OP15-012]
RZ1|176|1|OP15-012|0|33|1|2|1|1|0|0|0
RZ1|177|1|Don|4|1|5|8|1|1|0|0|0
RZ1|178|1|Don|4|0|5|9|1|1|0|0|0
[Karlmalone​#2854] Draw 2 Don
RZ1|179|1|Don|5|0|5|0|1|1|1|0|0
RZ1|180|1|Don|5|1|5|1|1|1|1|0|0
RZ1|181|1|Don|5|2|5|2|1|1|1|0|0
RZ1|182|1|Don|5|3|5|3|1|1|1|0|0
RZ1|183|1|Don|5|4|5|4|1|1|1|0|0
RZ1|184|1|Don|5|5|5|5|1|1|1|0|0
RZ1|185|1|Don|5|6|5|6|1|1|1|0|0
RZ1|186|1|Don|5|7|5|7|1|1|1|0|0
[Karlmalone​#2854] Deploy Krieg ["OP15-008">OP15-008]
RZ1|187|1|OP15-008|1|1|2|4|1|1|0|0|0
[Karlmalone​#2854] Krieg ["OP15-008">OP15-008]: Attach 1 Rested Don to Monkey D. Luffy ["OP15-092">OP15-092]
RZ1|188|2|Don|5|1|9|300|1|1|1|0|0
[Karlmalone​#2854] Krieg ["OP15-008">OP15-008]: Attach 1 Rested Don to Monkey D. Luffy ["OP15-092">OP15-092]
RZ1|189|2|Don|5|1|9|301|1|1|1|0|0
[Karlmalone​#2854] Krieg ["OP15-008">OP15-008]: Attach 1 Rested Don to Monkey D. Luffy ["OP15-092">OP15-092]
RZ1|190|2|Don|5|1|9|302|1|1|1|0|0
[Karlmalone​#2854] Krieg ["OP15-008">OP15-008]: Give Krieg ["OP15-008">OP15-008] Rush
[Karlmalone​#2854] Morgan ["OP15-017">OP15-017]: Attach 1 Rested Don to Monkey D. Luffy ["OP15-092">OP15-092]
RZ1|191|2|Don|5|1|9|303|1|1|1|0|0
[Karlmalone​#2854] Morgan ["OP15-017">OP15-017]: Attach 1 Rested Don to Monkey D. Luffy ["OP15-092">OP15-092]
RZ1|192|2|Don|5|1|9|304|1|1|1|0|0
RZ1|193|1|OP15-026|2|3|6|7|1|1|0|0|0
[Karlmalone​#2854] Jango ["OP15-026">OP15-026]: Trash Jango ["OP15-026">OP15-026]
[Karlmalone​#2854] Jango ["OP15-026">OP15-026]: Attach 1 Rested Don to Monkey D. Luffy ["OP15-092">OP15-092]
RZ1|194|2|Don|5|0|9|305|1|1|1|0|0
[Karlmalone​#2854] Krieg ["OP15-008">OP15-008]: Buff Nami ["EB02-017">EB02-017] 0
[Karlmalone​#2854] Krieg ["OP15-008">OP15-008]: Buff Sanji ["OP15-081">OP15-081] 0
[Karlmalone​#2854] Krieg ["OP15-008">OP15-008]: Buff Pirate Docking 6 ["OP15-088">OP15-088] -3000
[Karlmalone​#2854] Krieg ["OP15-008">OP15-008]: Buff Monkey D. Luffy ["OP15-092">OP15-092] -6000
[Karlmalone​#2854] Krieg ["OP15-008">OP15-008]: Buff Brook ["OP15-032">OP15-032] 0
[Karlmalone​#2854] Zeff ["EB04-004">EB04-004] attacking Monkey D. Luffy ["OP15-092">OP15-092]
[Karlmalone​#2854] Zeff ["EB04-004">EB04-004]: Grant Krieg ["OP15-001">OP15-001] 2000 until opponent's next turn end
RZ1|195|2|Don|9|300|5|0|1|1|1|0|0
RZ1|196|2|Don|9|300|5|0|1|1|1|0|0
RZ1|197|2|Don|9|300|5|0|1|1|1|0|0
RZ1|198|2|Don|9|300|5|0|1|1|1|0|0
RZ1|199|2|Don|9|300|5|0|1|1|1|0|0
RZ1|200|2|Don|9|300|5|0|1|1|1|0|0
RZ1|201|2|OP15-092|2|3|6|33|1|1|0|0|0
Zeff ["EB04-004">EB04-004][8000] vs Monkey D. Luffy ["OP15-092">OP15-092][4000]
[luny​#6381] Monkey D. Luffy ["OP15-092">OP15-092] Destroyed
[Karlmalone​#2854] Attach 1 Don to Krieg ["OP15-001">OP15-001] (1 Total)
RZ1|202|1|Don|5|9|9|9900|1|1|0|0|0
[Karlmalone​#2854] Krieg ["OP15-008">OP15-008] attacking Pirate Docking 6 ["OP15-088">OP15-088]
RZ1|203|2|Don|9|200|5|0|1|1|1|0|0
RZ1|204|2|Don|9|200|5|0|1|1|1|0|0
RZ1|205|2|Don|9|200|5|0|1|1|1|0|0
RZ1|206|2|OP15-088|2|2|6|34|1|1|0|0|0
Krieg ["OP15-008">OP15-008][9000] vs Pirate Docking 6 ["OP15-088">OP15-088][4000]
[luny​#6381] Pirate Docking 6 ["OP15-088">OP15-088] Destroyed
[Karlmalone​#2854] Krieg ["OP15-001">OP15-001] attacking Brook ["OP15-022">OP15-022]
Krieg ["OP15-001">OP15-001][8000] vs Brook ["OP15-022">OP15-022][5000]
Brook ["OP15-022">OP15-022] hit for 1 damage
[Karlmalone​#2854] Hand: [OP15-025,OP15-012]
[Karlmalone​#2854] Board: [OP15-009,OP15-017,EB04-004,OP15-008]
[Karlmalone​#2854] Trash: [OP15-037,OP15-037,OP15-003,OP12-027,OP15-023,OP15-027,OP15-025,OP15-026]
[Karlmalone​#2854] Life: 3
[luny​#6381] Hand: [OP14-031,ST30-012,OP15-086,OP15-085,OP15-032]
[luny​#6381] Trash: [OP15-083,OP15-083,OP15-088,OP15-086,OP14-031,OP15-032,OP13-118,OP16-035,PRB02-006,OP15-032,EB02-017,OP15-096,OP15-086,OP15-083,OP15-094,OP15-083,OP15-081,OP15-096,OP15-092,OP15-024,OP15-088,OP15-085,OP15-096,OP15-024,OP15-092,OP15-081,OP12-037,EB02-017,EB02-017,ST30-012,OP15-024,OP13-118,OP15-096,OP15-092,OP15-088]
[luny​#6381] Board: [EB02-017,OP15-081,OP15-032]
[luny​#6381] Life: 2
[Karlmalone​#2854] End Turn
[luny​#6381] Draw 1 Card
[luny​#6381] Drew card from deck: Sanji ["OP15-081">OP15-081]
RZ1|207|2|OP15-081|0|4|1|5|0|1|0|0|0
RZ1|208|2|Don|4|0|5|9|1|1|0|0|0
[luny​#6381] Draw 2 Don
RZ1|209|2|Don|5|0|5|0|1|1|1|0|0
RZ1|210|2|Don|5|1|5|1|1|1|1|0|0
RZ1|211|2|Don|5|2|5|2|1|1|1|0|0
RZ1|212|2|Don|5|4|5|4|1|1|1|0|0
RZ1|213|2|Don|5|5|5|5|1|1|1|0|0
RZ1|214|2|Don|5|6|5|6|1|1|1|0|0
RZ1|215|2|Don|5|7|5|7|1|1|1|0|0
RZ1|216|2|Don|5|8|5|8|1|1|1|0|0
[luny​#6381] Deploy Nami ["OP15-086">OP15-086]
RZ1|217|2|OP15-086|1|2|2|3|1|1|0|-2000|0
[luny​#6381] Nami ["OP15-086">OP15-086]: Deployed Monkey D. Luffy ["OP15-092">OP15-092] from Trash
RZ1|218|2|OP15-092|6|18|2|4|1|1|0|1000|10
[luny​#6381] Nami ["OP15-086">OP15-086]: Give Monkey D. Luffy ["OP15-092">OP15-092] Rush
[luny​#6381] Attach 1 Don to Monkey D. Luffy ["OP15-092">OP15-092] (1 Total)
RZ1|219|2|Don|5|9|9|400|1|1|0|0|0
[luny​#6381] Monkey D. Luffy ["OP15-092">OP15-092] attacking Krieg ["OP15-008">OP15-008]
[Karlmalone​#2854] Discard Buggy ["OP15-012">OP15-012] for Counter 1000
RZ1|220|1|OP15-012|1|1|6|8|1|1|0|0|0
Monkey D. Luffy ["OP15-092">OP15-092][9000] vs Krieg ["OP15-008">OP15-008][10000]
Attack Fails
RZ1|221|2|OP15-032|2|2|6|34|1|1|0|0|0
[luny​#6381] Brook ["OP15-032">OP15-032]: Trash Brook ["OP15-032">OP15-032]
[luny​#6381] Brook ["OP15-032">OP15-032]: Set Monkey D. Luffy ["OP15-092">OP15-092] to Active
[luny​#6381] Monkey D. Luffy ["OP15-092">OP15-092] attacking Krieg ["OP15-008">OP15-008]
[Karlmalone​#2854] Discard Kuro ["OP15-025">OP15-025] for Counter 1000
RZ1|222|1|OP15-025|1|0|6|9|1|1|0|0|0
Monkey D. Luffy ["OP15-092">OP15-092][9000] vs Krieg ["OP15-008">OP15-008][10000]
Attack Fails
[luny​#6381] End Turn
[Karlmalone​#2854] Hand: []
[Karlmalone​#2854] Board: [OP15-009,OP15-017,EB04-004,OP15-008]
[Karlmalone​#2854] Trash: [OP15-037,OP15-037,OP15-003,OP12-027,OP15-023,OP15-027,OP15-025,OP15-026,OP15-012,OP15-025]
[Karlmalone​#2854] Life: 3
[luny​#6381] Hand: [OP14-031,ST30-012,OP15-085,OP15-032,OP15-081]
[luny​#6381] Trash: [OP15-083,OP15-083,OP15-088,OP15-086,OP14-031,OP15-032,OP13-118,OP16-035,PRB02-006,OP15-032,EB02-017,OP15-096,OP15-086,OP15-083,OP15-094,OP15-083,OP15-081,OP15-096,OP15-024,OP15-088,OP15-085,OP15-096,OP15-024,OP15-092,OP15-081,OP12-037,EB02-017,EB02-017,ST30-012,OP15-024,OP13-118,OP15-096,OP15-092,OP15-088,OP15-032]
[luny​#6381] Board: [EB02-017,OP15-081,OP15-086,OP15-092]
[luny​#6381] Life: 2
RZ1|223|1|Don|9|9900|5|0|1|1|1|0|0
[Karlmalone​#2854] Draw 1 Card
[Karlmalone​#2854] Drew card from deck: Ipponmatsu ["OP12-021">OP12-021]
RZ1|224|1|OP12-021|0|32|1|0|1|1|0|0|0
RZ1|225|1|Don|5|0|5|0|1|1|1|0|0
RZ1|226|1|Don|5|1|5|1|1|1|1|0|0
RZ1|227|1|Don|5|2|5|2|1|1|1|0|0
[Karlmalone​#2854] Deploy Ipponmatsu ["OP12-021">OP12-021]
RZ1|228|1|OP12-021|1|0|2|4|1|1|0|0|0
[Karlmalone​#2854] Morgan ["OP15-017">OP15-017]: Attach 1 Rested Don to Nami ["OP15-086">OP15-086]
RZ1|229|2|Don|5|0|9|200|1|1|1|0|0
[Karlmalone​#2854] Morgan ["OP15-017">OP15-017]: Attach 1 Rested Don to Nami ["OP15-086">OP15-086]
RZ1|230|2|Don|5|0|9|201|1|1|1|0|0
[Karlmalone​#2854] Krieg ["OP15-001">OP15-001]: Rest Nami ["OP15-086">OP15-086]
[Karlmalone​#2854] Attach 1 Don to Krieg ["OP15-001">OP15-001] (1 Total)
RZ1|231|1|Don|5|9|9|9900|1|1|0|0|0
[Karlmalone​#2854] Attach 1 Don to Zeff ["EB04-004">EB04-004] (1 Total)
RZ1|232|1|Don|5|8|9|200|1|1|0|0|0
[Karlmalone​#2854] Zeff ["EB04-004">EB04-004] attacking Nami ["OP15-086">OP15-086]
[Karlmalone​#2854] Zeff ["EB04-004">EB04-004]: Grant Krieg ["OP15-001">OP15-001] 2000 until opponent's next turn end
RZ1|233|2|Don|9|200|5|0|1|1|1|0|0
RZ1|234|2|Don|9|200|5|0|1|1|1|0|0
RZ1|235|2|OP15-086|2|2|6|35|1|1|0|0|0
Zeff ["EB04-004">EB04-004][9000] vs Nami ["OP15-086">OP15-086][6000]
[luny​#6381] Nami ["OP15-086">OP15-086] Destroyed
[Karlmalone​#2854] Attach 1 Don to Krieg ["OP15-008">OP15-008] (1 Total)
RZ1|236|1|Don|5|7|9|300|1|1|0|0|0
[Karlmalone​#2854] Attach 1 Don to Krieg ["OP15-008">OP15-008] (2 Total)
RZ1|237|1|Don|5|6|9|301|1|1|0|0|0
[Karlmalone​#2854] Krieg ["OP15-008">OP15-008] attacking Brook ["OP15-022">OP15-022]
Krieg ["OP15-008">OP15-008][11000] vs Brook ["OP15-022">OP15-022][7000]
Brook ["OP15-022">OP15-022] hit for 1 damage
[Karlmalone​#2854] Attach 1 Don to Krieg ["OP15-001">OP15-001] (2 Total)
RZ1|238|1|Don|5|5|9|9901|1|1|0|0|0
[Karlmalone​#2854] Attach 1 Don to Krieg ["OP15-001">OP15-001] (3 Total)
RZ1|239|1|Don|5|4|9|9902|1|1|0|0|0
[Karlmalone​#2854] Krieg ["OP15-001">OP15-001] attacking Brook ["OP15-022">OP15-022]
Krieg ["OP15-001">OP15-001][10000] vs Brook ["OP15-022">OP15-022][7000]
Brook ["OP15-022">OP15-022] hit for 1 damage
[Karlmalone​#2854] Hand: []
[Karlmalone​#2854] Board: [OP15-009,OP15-017,EB04-004,OP15-008,OP12-021]
[Karlmalone​#2854] Trash: [OP15-037,OP15-037,OP15-003,OP12-027,OP15-023,OP15-027,OP15-025,OP15-026,OP15-012,OP15-025]
[Karlmalone​#2854] Life: 3
[luny​#6381] Hand: [OP14-031,ST30-012,OP15-085,OP15-032,OP15-081,OP16-039,OP15-085]
[luny​#6381] Trash: [OP15-083,OP15-083,OP15-088,OP15-086,OP14-031,OP15-032,OP13-118,OP16-035,PRB02-006,OP15-032,EB02-017,OP15-096,OP15-086,OP15-083,OP15-094,OP15-083,OP15-081,OP15-096,OP15-024,OP15-088,OP15-085,OP15-096,OP15-024,OP15-092,OP15-081,OP12-037,EB02-017,EB02-017,ST30-012,OP15-024,OP13-118,OP15-096,OP15-092,OP15-088,OP15-032,OP15-086]
[luny​#6381] Board: [EB02-017,OP15-081,OP15-092]
[luny​#6381] Life: 0
[Karlmalone​#2854] End Turn
RZ1|240|2|Don|9|200|5|0|1|1|1|0|0
[luny​#6381] Draw 1 Card
[luny​#6381] Drew card from deck: Nami ["OP15-086">OP15-086]
RZ1|241|2|OP15-086|0|3|1|7|0|1|0|0|0
RZ1|242|2|Don|5|0|5|0|1|1|1|0|0
RZ1|243|2|Don|5|1|5|1|1|1|1|0|0
RZ1|244|2|Don|5|2|5|2|1|1|1|0|0
RZ1|245|2|Don|5|3|5|3|1|1|1|0|0
RZ1|246|2|Don|5|4|5|4|1|1|1|0|0
RZ1|247|2|Don|5|5|5|5|1|1|1|0|0
RZ1|248|2|Don|5|6|5|6|1|1|1|0|0
RZ1|249|2|Don|5|7|5|7|1|1|1|0|0
[luny​#6381] Deploy Nami ["OP15-086">OP15-086]
RZ1|250|2|OP15-086|1|7|2|3|1|1|0|-2000|0
[luny​#6381] Nami ["OP15-086">OP15-086]: Deployed Monkey D. Luffy ["OP13-118">OP13-118] from Trash
RZ1|251|2|OP13-118|6|6|2|4|1|1|0|-2000|0
[luny​#6381] Nami ["OP15-086">OP15-086]: Give Monkey D. Luffy ["OP13-118">OP13-118] Rush
[luny​#6381] Monkey D. Luffy ["OP13-118">OP13-118]: Activate 1 Don
RZ1|252|2|Don|5|7|5|7|1|1|0|0|0
[luny​#6381] Monkey D. Luffy ["OP13-118">OP13-118]: Activate 1 Don
RZ1|253|2|Don|5|6|5|6|1|1|0|0|0
[luny​#6381] Monkey D. Luffy ["OP13-118">OP13-118]: Activate 1 Don
RZ1|254|2|Don|5|5|5|5|1|1|0|0|0
[luny​#6381] Monkey D. Luffy ["OP13-118">OP13-118]: Activate 1 Don
RZ1|255|2|Don|5|4|5|4|1|1|0|0|0
[luny​#6381] Monkey D. Luffy ["OP13-118">OP13-118]: Can't play Cost 5 Or More Characters for the Turn!
[luny​#6381] Monkey D. Luffy ["OP15-092">OP15-092] attacking Krieg ["OP15-001">OP15-001]
Monkey D. Luffy ["OP15-092">OP15-092][8000] vs Krieg ["OP15-001">OP15-001][7000]
Krieg ["OP15-001">OP15-001] hit for 1 damage
RZ1|256|2|Don|5|4|5|4|1|1|1|0|0
RZ1|257|2|Don|5|5|5|5|1|1|1|0|0
RZ1|258|2|Don|5|6|5|6|1|1|1|0|0
RZ1|259|2|Don|5|7|5|7|1|1|1|0|0
[luny​#6381] Trash Nami ["EB02-017">EB02-017]
[luny​#6381] Deploy Monkey D. Luffy ["ST30-012">ST30-012]
RZ1|260|2|EB02-017|2|0|6|35|1|1|0|0|0
RZ1|261|2|ST30-012|1|1|2|4|1|1|0|-2000|0
[luny​#6381] Monkey D. Luffy ["ST30-012">ST30-012]: Rest 1 Don
RZ1|262|2|Don|5|8|5|8|1|1|1|0|0
[luny​#6381] Monkey D. Luffy ["ST30-012">ST30-012]: Give Monkey D. Luffy ["ST30-012">ST30-012] Rush
[luny​#6381] Monkey D. Luffy ["ST30-012">ST30-012] attacking Krieg ["OP15-001">OP15-001]
[luny​#6381] Monkey D. Luffy ["ST30-012">ST30-012]: Rest Morgan ["OP15-017">OP15-017]
Monkey D. Luffy ["ST30-012">ST30-012][4000] vs Krieg ["OP15-001">OP15-001][7000]
Attack Fails
[luny​#6381] Concedes!
[Karlmalone​#2854] <b>Downloaded the Combat Log!</b>
GameOver
