Waiting for a Connection with Room ID:NB7QKR
Karlmalone​#2854 Has Connected
Version is 1.40a.60
[Karlmalone​#2854] Leader is Krieg ["OP15-001">OP15-001]
Shichibukai​#4335 Has Connected
Version is 1.40a.60
[Shichibukai​#4335] Leader is Marshall D. Teach ["OP09-081">OP09-081]
[Shichibukai​#4335] Chose to go Second
[Shichibukai​#4335] Drew card from deck: Stronger ["OP09-089">OP09-089]
RZ1|HDR|1.40a|1|RZ1
RZ1|1|2|OP09-089|0|49|1|0|0|1|0|0|0
[Shichibukai​#4335] Drew card from deck: Jesus Burgess ["OP09-086">OP09-086]
RZ1|2|2|OP09-086|0|48|1|1|0|1|0|0|0
[Shichibukai​#4335] Drew card from deck: Black Hole ["OP09-098">OP09-098]
RZ1|3|2|OP09-098|0|47|1|2|0|1|0|0|0
[Shichibukai​#4335] Drew card from deck: Laffitte ["OP09-095">OP09-095]
RZ1|4|2|OP09-095|0|46|1|3|0|1|0|0|0
[Shichibukai​#4335] Drew card from deck: Shiryu ["OP10-086">OP10-086]
RZ1|5|2|OP10-086|0|45|1|4|0|1|0|0|0
[Karlmalone​#2854] Drew card from deck: The Outcome Will Tell Us Who's Strong and Who's Weak ["OP15-037">OP15-037]
RZ1|6|1|OP15-037|0|49|1|0|1|1|0|0|0
[Karlmalone​#2854] Drew card from deck: Dracule Mihawk ["OP15-027">OP15-027]
RZ1|7|1|OP15-027|0|48|1|1|1|1|0|0|0
[Karlmalone​#2854] Drew card from deck: Arlong ["OP15-023">OP15-023]
RZ1|8|1|OP15-023|0|47|1|2|1|1|0|0|0
[Karlmalone​#2854] Drew card from deck: Kuro ["OP15-025">OP15-025]
RZ1|9|1|OP15-025|0|46|1|3|1|1|0|0|0
[Karlmalone​#2854] Drew card from deck: I Know You're Strong... So I'll Go All Out ["OP13-040">OP13-040]
RZ1|10|1|OP13-040|0|45|1|4|1|1|0|0|0
[Karlmalone​#2854] Hand before Mulligan: [OP15-037,OP15-027,OP15-023,OP15-025,OP13-040]
[Karlmalone​#2854] Hand: [OP15-037,OP15-027,OP15-023,OP15-025,OP13-040]
[Karlmalone​#2854] Board: []
[Karlmalone​#2854] Trash: []
[Karlmalone​#2854] Life: 4
[Shichibukai​#4335] Hand: [OP09-089,OP09-086,OP09-098,OP09-095,OP10-086]
[Shichibukai​#4335] Trash: []
[Shichibukai​#4335] Board: []
[Shichibukai​#4335] Life: 5
RZ1|11|1|Don|4|9|5|0|1|1|0|0|0
[Karlmalone​#2854] Draw 1 Don
[Karlmalone​#2854] The Outcome Will Tell Us Who's Strong and Who's Weak ["OP15-037">OP15-037]: Rest 1 Don
RZ1|12|1|Don|5|0|5|0|1|1|1|0|0
RZ1|13|1|OP15-037|1|0|6|0|1|1|0|0|0
RZ1|14|1|OP15-012|0|40|1|4|1|1|0|0|0
[Karlmalone​#2854] The Outcome Will Tell Us Who's Strong and Who's Weak ["OP15-037">OP15-037]: <b>Reveal and Draw Buggy ["OP15-012">OP15-012]</b>
[Karlmalone​#2854] Placing Cards on Bottom of Deck
[Karlmalone​#2854] Hand: [OP15-027,OP15-023,OP15-025,OP13-040,OP15-012]
[Karlmalone​#2854] Board: []
[Karlmalone​#2854] Trash: [OP15-037]
[Karlmalone​#2854] Life: 4
[Shichibukai​#4335] Hand: [OP09-089,OP09-086,OP09-098,OP09-095,OP10-086]
[Shichibukai​#4335] Trash: []
[Shichibukai​#4335] Board: []
[Shichibukai​#4335] Life: 5
[Karlmalone​#2854] End Turn
[Shichibukai​#4335] Draw 1 Card
[Shichibukai​#4335] Drew card from deck: This is MY AGE!!!! ["OP09-096">OP09-096]
RZ1|15|2|OP09-096|0|39|1|5|0|1|0|0|0
RZ1|16|2|Don|4|9|5|0|1|1|0|0|0
RZ1|17|2|Don|4|8|5|1|1|1|0|0|0
[Shichibukai​#4335] Draw 2 Don
RZ1|18|2|Don|5|0|5|0|1|1|1|0|0
[Shichibukai​#4335] Deploy Laffitte ["OP09-095">OP09-095]
RZ1|19|2|OP09-095|1|3|2|0|1|1|0|0|0
[Shichibukai​#4335] Laffitte ["OP09-095">OP09-095]: Rest 1 Don
RZ1|20|2|Don|5|1|5|1|1|1|1|0|0
[Shichibukai​#4335] Laffitte ["OP09-095">OP09-095]: Rest Laffitte ["OP09-095">OP09-095]
RZ1|21|2|OP10-082|0|35|1|5|0|1|0|0|0
[Shichibukai​#4335] Laffitte ["OP09-095">OP09-095]: <b>Reveal and Draw Kuzan ["OP10-082">OP10-082]</b>
[Shichibukai​#4335] Placing Cards on Bottom of Deck
[Shichibukai​#4335] End Turn
[Karlmalone​#2854] Hand: [OP15-027,OP15-023,OP15-025,OP13-040,OP15-012]
[Karlmalone​#2854] Board: []
[Karlmalone​#2854] Trash: [OP15-037]
[Karlmalone​#2854] Life: 4
[Shichibukai​#4335] Hand: [OP09-089,OP09-086,OP09-098,OP10-086,OP09-096,OP10-082]
[Shichibukai​#4335] Trash: []
[Shichibukai​#4335] Board: [OP09-095]
[Shichibukai​#4335] Life: 5
[Karlmalone​#2854] Draw 1 Card
[Karlmalone​#2854] Drew card from deck: Gin ["OP15-007">OP15-007]
RZ1|22|1|OP15-007|0|39|1|5|1|1|0|0|0
RZ1|23|1|Don|4|8|5|1|1|1|0|0|0
RZ1|24|1|Don|4|7|5|2|1|1|0|0|0
[Karlmalone​#2854] Draw 2 Don
[Karlmalone​#2854] Krieg ["OP15-001">OP15-001] attacking Laffitte ["OP09-095">OP09-095]
RZ1|25|2|OP09-095|2|0|6|0|1|1|0|0|0
Krieg ["OP15-001">OP15-001][5000] vs Laffitte ["OP09-095">OP09-095][1000]
[Shichibukai​#4335] Laffitte ["OP09-095">OP09-095] Destroyed
RZ1|26|1|Don|5|0|5|0|1|1|1|0|0
RZ1|27|1|Don|5|1|5|1|1|1|1|0|0
RZ1|28|1|Don|5|2|5|2|1|1|1|0|0
[Karlmalone​#2854] Deploy Buggy ["OP15-012">OP15-012]
RZ1|29|1|OP15-012|1|4|2|0|1|1|0|0|0
[Karlmalone​#2854] Hand: [OP15-027,OP15-023,OP15-025,OP13-040,OP15-007]
[Karlmalone​#2854] Board: [OP15-012]
[Karlmalone​#2854] Trash: [OP15-037]
[Karlmalone​#2854] Life: 4
[Shichibukai​#4335] Hand: [OP09-089,OP09-086,OP09-098,OP10-086,OP09-096,OP10-082]
[Shichibukai​#4335] Trash: [OP09-095]
[Shichibukai​#4335] Board: []
[Shichibukai​#4335] Life: 5
[Karlmalone​#2854] End Turn
[Shichibukai​#4335] Draw 1 Card
[Shichibukai​#4335] Drew card from deck: Van Augur ["OP09-083">OP09-083]
RZ1|30|2|OP09-083|0|37|1|6|0|1|0|0|0
RZ1|31|2|Don|4|7|5|2|1|1|0|0|0
RZ1|32|2|Don|4|6|5|3|1|1|0|0|0
[Shichibukai​#4335] Draw 2 Don
[Shichibukai​#4335] Marshall D. Teach ["OP09-081">OP09-081] attacking Krieg ["OP15-001">OP15-001]
Marshall D. Teach ["OP09-081">OP09-081][5000] vs Krieg ["OP15-001">OP15-001][5000]
Krieg ["OP15-001">OP15-001] hit for 1 damage
RZ1|33|2|Don|5|0|5|0|1|1|1|0|0
RZ1|34|2|Don|5|1|5|1|1|1|1|0|0
RZ1|35|2|Don|5|2|5|2|1|1|1|0|0
RZ1|36|2|Don|5|3|5|3|1|1|1|0|0
[Shichibukai​#4335] Deploy Shiryu ["OP10-086">OP10-086]
RZ1|37|2|OP10-086|1|3|2|0|1|1|0|0|0
[Shichibukai​#4335] Shiryu ["OP10-086">OP10-086]: Destroy Buggy ["OP15-012">OP15-012]
RZ1|38|1|OP15-012|2|0|6|1|1|1|0|0|0
[Karlmalone​#2854] Drew card from deck: Gin ["OP15-007">OP15-007]
RZ1|39|1|OP15-007|0|38|1|6|1|1|0|0|0
[Karlmalone​#2854] Buggy ["OP15-012">OP15-012]: Draw 1 Card
[Shichibukai​#4335] End Turn
[Karlmalone​#2854] Hand: [OP15-027,OP15-023,OP15-025,OP13-040,OP15-007,OP15-009,OP15-007]
[Karlmalone​#2854] Board: []
[Karlmalone​#2854] Trash: [OP15-037,OP15-012]
[Karlmalone​#2854] Life: 3
[Shichibukai​#4335] Hand: [OP09-089,OP09-086,OP09-098,OP09-096,OP10-082,OP09-083]
[Shichibukai​#4335] Trash: [OP09-095]
[Shichibukai​#4335] Board: [OP10-086]
[Shichibukai​#4335] Life: 5
[Karlmalone​#2854] Draw 1 Card
[Karlmalone​#2854] Drew card from deck: Whoever Wins This War Becomes Justice!! ["OP05-037">OP05-037]
RZ1|40|1|OP05-037|0|37|1|7|1|1|0|0|0
RZ1|41|1|Don|4|6|5|3|1|1|0|0|0
RZ1|42|1|Don|4|5|5|4|1|1|0|0|0
[Karlmalone​#2854] Draw 2 Don
RZ1|43|1|Don|5|0|5|0|1|1|1|0|0
RZ1|44|1|Don|5|1|5|1|1|1|1|0|0
RZ1|45|1|Don|5|2|5|2|1|1|1|0|0
RZ1|46|1|Don|5|3|5|3|1|1|1|0|0
[Karlmalone​#2854] Deploy Arlong ["OP15-023">OP15-023]
RZ1|47|1|OP15-023|1|1|2|0|1|1|0|0|0
[Karlmalone​#2854] Arlong ["OP15-023">OP15-023]: Attach 1 Rested Don to Shiryu ["OP10-086">OP10-086]
RZ1|48|2|Don|5|0|9|0|1|1|1|0|0
[Karlmalone​#2854] Arlong ["OP15-023">OP15-023]: Attach 1 Rested Don to Shiryu ["OP10-086">OP10-086]
RZ1|49|2|Don|5|0|9|1|1|1|1|0|0
[Karlmalone​#2854] Krieg ["OP15-001">OP15-001]: Rest Shiryu ["OP10-086">OP10-086]
[Karlmalone​#2854] Attach 1 Don to Krieg ["OP15-001">OP15-001] (1 Total)
RZ1|50|1|Don|5|4|9|9900|1|1|0|0|0
[Karlmalone​#2854] Krieg ["OP15-001">OP15-001] attacking Marshall D. Teach ["OP09-081">OP09-081]
Krieg ["OP15-001">OP15-001][6000] vs Marshall D. Teach ["OP09-081">OP09-081][5000]
Marshall D. Teach ["OP09-081">OP09-081] hit for 1 damage
[Karlmalone​#2854] Hand: [OP15-027,OP15-025,OP13-040,OP15-007,OP15-009,OP15-007,OP05-037]
[Karlmalone​#2854] Board: [OP15-023]
[Karlmalone​#2854] Trash: [OP15-037,OP15-012]
[Karlmalone​#2854] Life: 3
[Shichibukai​#4335] Hand: [OP09-089,OP09-086,OP09-098,OP09-096,OP10-082,OP09-083,OP09-089]
[Shichibukai​#4335] Trash: [OP09-095]
[Shichibukai​#4335] Board: [OP10-086]
[Shichibukai​#4335] Life: 4
[Karlmalone​#2854] End Turn
RZ1|51|2|Don|9|0|5|0|1|1|1|0|0
RZ1|52|2|Don|9|0|5|0|1|1|1|0|0
[Shichibukai​#4335] Draw 1 Card
[Shichibukai​#4335] Drew card from deck: Van Augur ["OP09-083">OP09-083]
RZ1|53|2|OP09-083|0|36|1|7|0|1|0|0|0
RZ1|54|2|Don|4|5|5|4|1|1|0|0|0
RZ1|55|2|Don|4|4|5|5|1|1|0|0|0
[Shichibukai​#4335] Draw 2 Don
[Shichibukai​#4335] This is MY AGE!!!! ["OP09-096">OP09-096]: Rest 1 Don
RZ1|56|2|Don|5|0|5|0|1|1|1|0|0
RZ1|57|2|OP09-096|1|3|6|1|1|1|0|0|0
RZ1|58|2|OP10-082|0|33|1|7|0|1|0|0|0
[Shichibukai​#4335] This is MY AGE!!!! ["OP09-096">OP09-096]: <b>Reveal and Draw Kuzan ["OP10-082">OP10-082]</b>
[Shichibukai​#4335] This is MY AGE!!!! ["OP09-096">OP09-096]: Trash 2 Remaining Cards
RZ1|59|2|Don|5|1|5|1|1|1|1|0|0
RZ1|60|2|Don|5|2|5|2|1|1|1|0|0
RZ1|61|2|Don|5|3|5|3|1|1|1|0|0
RZ1|62|2|Don|5|4|5|4|1|1|1|0|0
RZ1|63|2|Don|5|5|5|5|1|1|1|0|0
[Shichibukai​#4335] Deploy Kuzan ["OP10-082">OP10-082]
RZ1|64|2|OP10-082|1|3|2|1|1|1|0|-2000|0
[Shichibukai​#4335] Marshall D. Teach ["OP09-081">OP09-081] attacking Krieg ["OP15-001">OP15-001]
[Karlmalone​#2854] Discard Dracule Mihawk ["OP15-027">OP15-027] for Counter 2000
RZ1|65|1|OP15-027|1|0|6|2|1|1|0|0|0
Marshall D. Teach ["OP09-081">OP09-081][5000] vs Krieg ["OP15-001">OP15-001][7000]
Attack Fails
RZ1|66|2|OP10-082|2|1|6|4|1|1|0|0|0
[Shichibukai​#4335] Kuzan ["OP10-082">OP10-082]: Trash Kuzan ["OP10-082">OP10-082]
[Shichibukai​#4335] Drew card from deck: Black Hole ["OP09-098">OP09-098]
RZ1|67|2|OP09-098|0|32|1|7|0|1|0|0|0
[Shichibukai​#4335] Kuzan ["OP10-082">OP10-082]: Draw 1 Card
[Shichibukai​#4335] Kuzan ["OP10-082">OP10-082]: Deployed Doc Q ["OP09-090">OP09-090] from Trash
RZ1|68|2|OP09-090|6|3|2|1|1|1|0|-2000|0
RZ1|69|2|OP09-086|1|1|6|4|1|1|0|0|0
[Shichibukai​#4335] Marshall D. Teach ["OP09-081">OP09-081]: Trash Jesus Burgess ["OP09-086">OP09-086]
[Shichibukai​#4335] Marshall D. Teach ["OP09-081">OP09-081]: Opponent can't activate On Play abilities next turn!
[Shichibukai​#4335] End Turn
[Karlmalone​#2854] Hand: [OP15-025,OP13-040,OP15-007,OP15-009,OP15-007,OP05-037]
[Karlmalone​#2854] Board: [OP15-023]
[Karlmalone​#2854] Trash: [OP15-037,OP15-012,OP15-027]
[Karlmalone​#2854] Life: 3
[Shichibukai​#4335] Hand: [OP09-089,OP09-098,OP09-083,OP09-089,OP09-083,OP10-082,OP09-098]
[Shichibukai​#4335] Trash: [OP09-095,OP09-096,OP09-095,OP10-082,OP09-086]
[Shichibukai​#4335] Board: [OP10-086,OP09-090]
[Shichibukai​#4335] Life: 4
RZ1|70|1|Don|9|9900|5|0|1|1|1|0|0
[Karlmalone​#2854] Draw 1 Card
[Karlmalone​#2854] Drew card from deck: I Know You're Strong... So I'll Go All Out ["OP13-040">OP13-040]
RZ1|71|1|OP13-040|0|36|1|6|1|1|0|0|0
RZ1|72|1|Don|4|4|5|5|1|1|0|0|0
RZ1|73|1|Don|4|3|5|6|1|1|0|0|0
[Karlmalone​#2854] Draw 2 Don
RZ1|74|1|Don|5|0|5|0|1|1|1|0|0
[Karlmalone​#2854] Deploy Koby ["OP15-009">OP15-009]
RZ1|75|1|OP15-009|1|3|2|1|1|1|0|0|0
[Karlmalone​#2854] Arlong ["OP15-023">OP15-023]: Attach 1 Rested Don to Doc Q ["OP09-090">OP09-090]
RZ1|76|2|Don|5|0|9|100|1|1|1|0|0
[Karlmalone​#2854] Arlong ["OP15-023">OP15-023]: Attach 1 Rested Don to Doc Q ["OP09-090">OP09-090]
RZ1|77|2|Don|5|0|9|101|1|1|1|0|0
[Karlmalone​#2854] Krieg ["OP15-001">OP15-001]: Rest Doc Q ["OP09-090">OP09-090]
[Karlmalone​#2854] Krieg ["OP15-001">OP15-001] attacking Doc Q ["OP09-090">OP09-090]
RZ1|78|2|Don|9|100|5|0|1|1|1|0|0
RZ1|79|2|Don|9|100|5|0|1|1|1|0|0
RZ1|80|2|OP09-090|2|1|6|5|1|1|0|0|0
Krieg ["OP15-001">OP15-001][5000] vs Doc Q ["OP09-090">OP09-090][0]
[Shichibukai​#4335] Doc Q ["OP09-090">OP09-090] Destroyed
[Shichibukai​#4335] Drew card from deck: Van Augur ["OP09-083">OP09-083]
RZ1|81|2|OP09-083|0|31|1|7|0|1|0|0|0
[Shichibukai​#4335] Doc Q ["OP09-090">OP09-090]: Draw 1 Card
RZ1|82|1|Don|5|1|5|1|1|1|1|0|0
RZ1|83|1|Don|5|2|5|2|1|1|1|0|0
RZ1|84|1|Don|5|3|5|3|1|1|1|0|0
RZ1|85|1|Don|5|4|5|4|1|1|1|0|0
RZ1|86|1|Don|5|5|5|5|1|1|1|0|0
RZ1|87|1|Don|5|6|5|6|1|1|1|0|0
[Karlmalone​#2854] Deploy Gin ["OP15-007">OP15-007]
RZ1|88|1|OP15-007|1|3|2|2|1|1|0|0|0
[Karlmalone​#2854] Hand: [OP15-025,OP13-040,OP15-007,OP05-037,OP13-040]
[Karlmalone​#2854] Board: [OP15-023,OP15-009,OP15-007]
[Karlmalone​#2854] Trash: [OP15-037,OP15-012,OP15-027]
[Karlmalone​#2854] Life: 3
[Shichibukai​#4335] Hand: [OP09-089,OP09-098,OP09-083,OP09-089,OP09-083,OP10-082,OP09-098,OP09-083]
[Shichibukai​#4335] Trash: [OP09-095,OP09-096,OP09-095,OP10-082,OP09-086,OP09-090]
[Shichibukai​#4335] Board: [OP10-086]
[Shichibukai​#4335] Life: 4
[Karlmalone​#2854] End Turn
[Shichibukai​#4335] Draw 1 Card
[Shichibukai​#4335] Drew card from deck: This is MY AGE!!!! ["OP09-096">OP09-096]
RZ1|89|2|OP09-096|0|30|1|8|0|1|0|0|0
RZ1|90|2|Don|4|3|5|6|1|1|0|0|0
RZ1|91|2|Don|4|2|5|7|1|1|0|0|0
[Shichibukai​#4335] Draw 2 Don
[Shichibukai​#4335] Black Hole ["OP09-098">OP09-098]: Rest 4 Don
RZ1|92|2|Don|5|0|5|0|1|1|1|0|0
RZ1|93|2|Don|5|1|5|1|1|1|1|0|0
RZ1|94|2|Don|5|2|5|2|1|1|1|0|0
RZ1|95|2|Don|5|3|5|3|1|1|1|0|0
RZ1|96|2|OP09-098|1|6|6|6|1|1|0|0|0
[Shichibukai​#4335] Black Hole ["OP09-098">OP09-098]: Nullify effects of Koby ["OP15-009">OP15-009]
[Shichibukai​#4335] Black Hole ["OP09-098">OP09-098]: Destroy Koby ["OP15-009">OP15-009]
RZ1|97|1|OP15-009|2|1|6|3|1|1|0|0|0
[Shichibukai​#4335] Marshall D. Teach ["OP09-081">OP09-081] attacking Krieg ["OP15-001">OP15-001]
[Karlmalone​#2854] Discard Gin ["OP15-007">OP15-007] for Counter 1000
RZ1|98|1|OP15-007|1|2|6|4|1|1|0|0|0
Marshall D. Teach ["OP09-081">OP09-081][5000] vs Krieg ["OP15-001">OP15-001][6000]
Attack Fails
[Shichibukai​#4335] Shiryu ["OP10-086">OP10-086] attacking Krieg ["OP15-001">OP15-001]
Shiryu ["OP10-086">OP10-086][5000] vs Krieg ["OP15-001">OP15-001][5000]
Krieg ["OP15-001">OP15-001] hit for 1 damage
[Shichibukai​#4335] Black Hole ["OP09-098">OP09-098]: Rest 4 Don
RZ1|99|2|Don|5|4|5|4|1|1|1|0|0
RZ1|100|2|Don|5|5|5|5|1|1|1|0|0
RZ1|101|2|Don|5|6|5|6|1|1|1|0|0
RZ1|102|2|Don|5|7|5|7|1|1|1|0|0
RZ1|103|2|OP09-098|1|1|6|7|1|1|0|0|0
[Shichibukai​#4335] Black Hole ["OP09-098">OP09-098]: Nullify effects of Arlong ["OP15-023">OP15-023]
[Shichibukai​#4335] Black Hole ["OP09-098">OP09-098]: Destroy Arlong ["OP15-023">OP15-023]
RZ1|104|1|OP15-023|2|0|6|5|1|1|0|0|0
[Shichibukai​#4335] End Turn
[Karlmalone​#2854] Hand: [OP15-025,OP13-040,OP05-037,OP13-040,OP15-008]
[Karlmalone​#2854] Board: [OP15-007]
[Karlmalone​#2854] Trash: [OP15-037,OP15-012,OP15-027,OP15-009,OP15-007,OP15-023]
[Karlmalone​#2854] Life: 2
[Shichibukai​#4335] Hand: [OP09-089,OP09-083,OP09-089,OP09-083,OP10-082,OP09-083,OP09-096]
[Shichibukai​#4335] Trash: [OP09-095,OP09-096,OP09-095,OP10-082,OP09-086,OP09-090,OP09-098,OP09-098]
[Shichibukai​#4335] Board: [OP10-086]
[Shichibukai​#4335] Life: 4
[Karlmalone​#2854] Draw 1 Card
[Karlmalone​#2854] Drew card from deck: Gin ["OP15-007">OP15-007]
RZ1|105|1|OP15-007|0|35|1|5|1|1|0|0|0
RZ1|106|1|Don|4|2|5|7|1|1|0|0|0
RZ1|107|1|Don|4|1|5|8|1|1|0|0|0
[Karlmalone​#2854] Draw 2 Don
RZ1|108|1|Don|5|0|5|0|1|1|1|0|0
RZ1|109|1|Don|5|1|5|1|1|1|1|0|0
RZ1|110|1|Don|5|2|5|2|1|1|1|0|0
RZ1|111|1|Don|5|3|5|3|1|1|1|0|0
RZ1|112|1|Don|5|4|5|4|1|1|1|0|0
RZ1|113|1|Don|5|5|5|5|1|1|1|0|0
RZ1|114|1|Don|5|6|5|6|1|1|1|0|0
[Karlmalone​#2854] Deploy Kuro ["OP15-025">OP15-025]
RZ1|115|1|OP15-025|1|0|2|1|1|1|0|0|0
[Karlmalone​#2854] Kuro ["OP15-025">OP15-025]: Attach 1 Rested Don to Shiryu ["OP10-086">OP10-086]
RZ1|116|2|Don|5|0|9|0|1|1|1|0|0
[Karlmalone​#2854] Kuro ["OP15-025">OP15-025]: Attach 1 Rested Don to Shiryu ["OP10-086">OP10-086]
RZ1|117|2|Don|5|0|9|1|1|1|1|0|0
[Karlmalone​#2854] Gin ["OP15-007">OP15-007] attacking Marshall D. Teach ["OP09-081">OP09-081]
Gin ["OP15-007">OP15-007][7000] vs Marshall D. Teach ["OP09-081">OP09-081][5000]
Marshall D. Teach ["OP09-081">OP09-081] hit for 1 damage
[Karlmalone​#2854] Attach 1 Don to Krieg ["OP15-001">OP15-001] (1 Total)
RZ1|118|1|Don|5|8|9|9900|1|1|0|0|0
[Karlmalone​#2854] Krieg ["OP15-001">OP15-001] attacking Shiryu ["OP10-086">OP10-086]
Krieg ["OP15-001">OP15-001][6000] vs Shiryu ["OP10-086">OP10-086][7000]
Attack Fails
[Karlmalone​#2854] Hand: [OP13-040,OP05-037,OP13-040,OP15-008,OP15-007]
[Karlmalone​#2854] Board: [OP15-007,OP15-025]
[Karlmalone​#2854] Trash: [OP15-037,OP15-012,OP15-027,OP15-009,OP15-007,OP15-023]
[Karlmalone​#2854] Life: 2
[Shichibukai​#4335] Hand: [OP09-089,OP09-083,OP09-089,OP09-083,OP10-082,OP09-083,OP09-096,OP09-089]
[Shichibukai​#4335] Trash: [OP09-095,OP09-096,OP09-095,OP10-082,OP09-086,OP09-090,OP09-098,OP09-098]
[Shichibukai​#4335] Board: [OP10-086]
[Shichibukai​#4335] Life: 3
[Karlmalone​#2854] End Turn
RZ1|119|2|Don|9|0|5|0|1|1|1|0|0
RZ1|120|2|Don|9|0|5|0|1|1|1|0|0
[Shichibukai​#4335] Draw 1 Card
[Shichibukai​#4335] Drew card from deck: Kuzan ["ST27-003">ST27-003]
RZ1|121|2|ST27-003|0|29|1|8|0|1|0|0|0
RZ1|122|2|Don|4|1|5|8|1|1|0|0|0
RZ1|123|2|Don|4|0|5|9|1|1|0|0|0
[Shichibukai​#4335] Draw 2 Don
[Shichibukai​#4335] This is MY AGE!!!! ["OP09-096">OP09-096]: Rest 1 Don
RZ1|124|2|Don|5|0|5|0|1|1|1|0|0
RZ1|125|2|OP09-096|1|6|6|8|1|1|0|0|0
RZ1|126|2|OP09-090|0|28|1|8|0|1|0|0|0
[Shichibukai​#4335] This is MY AGE!!!! ["OP09-096">OP09-096]: <b>Reveal and Draw Doc Q ["OP09-090">OP09-090]</b>
[Shichibukai​#4335] This is MY AGE!!!! ["OP09-096">OP09-096]: Trash 2 Remaining Cards
RZ1|127|2|Don|5|1|5|1|1|1|1|0|0
RZ1|128|2|Don|5|2|5|2|1|1|1|0|0
RZ1|129|2|Don|5|3|5|3|1|1|1|0|0
RZ1|130|2|Don|5|4|5|4|1|1|1|0|0
RZ1|131|2|Don|5|5|5|5|1|1|1|0|0
[Shichibukai​#4335] Deploy Van Augur ["OP09-083">OP09-083]
RZ1|132|2|OP09-083|1|3|2|1|1|1|0|-2000|0
RZ1|133|2|Don|5|6|5|6|1|1|1|0|0
[Shichibukai​#4335] Deploy Stronger ["OP09-089">OP09-089]
RZ1|134|2|OP09-089|1|5|2|2|1|1|0|-2000|0
RZ1|135|2|OP09-089|2|2|6|11|1|1|0|0|0
[Shichibukai​#4335] Stronger ["OP09-089">OP09-089]: Trash Stronger ["OP09-089">OP09-089]
RZ1|136|2|OP10-082|1|3|6|12|1|1|0|0|0
[Shichibukai​#4335] Stronger ["OP09-089">OP09-089]: Trash Kuzan ["OP10-082">OP10-082]
[Shichibukai​#4335] Drew card from deck: Jesus Burgess ["OP09-086">OP09-086]
RZ1|137|2|OP09-086|0|25|1|6|0|1|0|0|0
[Shichibukai​#4335] Stronger ["OP09-089">OP09-089]: Draw 1 Card
[Shichibukai​#4335] Stronger ["OP09-089">OP09-089]: Gin ["OP15-007">OP15-007] Cost -2
[Shichibukai​#4335] Van Augur ["OP09-083">OP09-083]: Rest Van Augur ["OP09-083">OP09-083]
[Shichibukai​#4335] Van Augur ["OP09-083">OP09-083]: Gin ["OP15-007">OP15-007] Cost -3
RZ1|138|2|Don|5|7|5|7|1|1|1|0|0
RZ1|139|2|Don|5|8|5|8|1|1|1|0|0
[Shichibukai​#4335] Deploy Doc Q ["OP09-090">OP09-090]
RZ1|140|2|OP09-090|1|5|2|2|1|1|0|-2000|0
[Shichibukai​#4335] Doc Q ["OP09-090">OP09-090]: Rest Doc Q ["OP09-090">OP09-090]
[Shichibukai​#4335] Doc Q ["OP09-090">OP09-090]: Destroy Gin ["OP15-007">OP15-007]
RZ1|141|1|OP15-007|2|0|6|6|1|1|0|0|0
[Shichibukai​#4335] Marshall D. Teach ["OP09-081">OP09-081] attacking Krieg ["OP15-001">OP15-001]
[Karlmalone​#2854] Kuro ["OP15-025">OP15-025] Blocks
Marshall D. Teach ["OP09-081">OP09-081][5000] vs Kuro ["OP15-025">OP15-025][7000]
Attack Fails
RZ1|142|2|OP09-086|1|5|6|13|1|1|0|0|0
[Shichibukai​#4335] Marshall D. Teach ["OP09-081">OP09-081]: Trash Jesus Burgess ["OP09-086">OP09-086]
[Shichibukai​#4335] Marshall D. Teach ["OP09-081">OP09-081]: Opponent can't activate On Play abilities next turn!
[Shichibukai​#4335] End Turn
[Karlmalone​#2854] Hand: [OP13-040,OP05-037,OP13-040,OP15-008,OP15-007]
[Karlmalone​#2854] Board: [OP15-025]
[Karlmalone​#2854] Trash: [OP15-037,OP15-012,OP15-027,OP15-009,OP15-007,OP15-023,OP15-007]
[Karlmalone​#2854] Life: 2
[Shichibukai​#4335] Hand: [OP09-089,OP09-083,OP09-089,OP09-083,ST27-003]
[Shichibukai​#4335] Trash: [OP09-095,OP09-096,OP09-095,OP10-082,OP09-086,OP09-090,OP09-098,OP09-098,OP09-096,OP11-083,OP11-083,OP09-089,OP10-082,OP09-086]
[Shichibukai​#4335] Board: [OP10-086,OP09-083,OP09-090]
[Shichibukai​#4335] Life: 3
RZ1|143|1|Don|9|9900|5|0|1|1|1|0|0
[Karlmalone​#2854] Draw 1 Card
[Karlmalone​#2854] Drew card from deck: Alvida ["OP15-003">OP15-003]
RZ1|144|1|OP15-003|0|34|1|5|1|1|0|0|0
RZ1|145|1|Don|4|0|5|9|1|1|0|0|0
[Karlmalone​#2854] Draw 2 Don
[Karlmalone​#2854] Krieg ["OP15-001">OP15-001] attacking Doc Q ["OP09-090">OP09-090]
RZ1|146|2|OP09-090|2|2|6|14|1|1|0|0|0
Krieg ["OP15-001">OP15-001][5000] vs Doc Q ["OP09-090">OP09-090][0]
[Shichibukai​#4335] Doc Q ["OP09-090">OP09-090] Destroyed
[Shichibukai​#4335] Drew card from deck: Kuzan ["ST27-003">ST27-003]
RZ1|147|2|ST27-003|0|24|1|5|0|1|0|0|0
[Shichibukai​#4335] Doc Q ["OP09-090">OP09-090]: Draw 1 Card
RZ1|148|1|Don|5|0|5|0|1|1|1|0|0
RZ1|149|1|Don|5|1|5|1|1|1|1|0|0
RZ1|150|1|Don|5|2|5|2|1|1|1|0|0
RZ1|151|1|Don|5|3|5|3|1|1|1|0|0
RZ1|152|1|Don|5|4|5|4|1|1|1|0|0
[Karlmalone​#2854] Deploy Alvida ["OP15-003">OP15-003]
RZ1|153|1|OP15-003|1|5|2|1|1|1|0|0|0
[Karlmalone​#2854] Alvida ["OP15-003">OP15-003]: Attach 1 Rested Don to Shiryu ["OP10-086">OP10-086]
RZ1|154|2|Don|5|0|9|0|1|1|1|0|0
[Karlmalone​#2854] Alvida ["OP15-003">OP15-003]: Attach 1 Rested Don to Shiryu ["OP10-086">OP10-086]
RZ1|155|2|Don|5|0|9|1|1|1|1|0|0
[Karlmalone​#2854] Krieg ["OP15-001">OP15-001]: Rest Shiryu ["OP10-086">OP10-086]
[Karlmalone​#2854] I Know You're Strong... So I'll Go All Out ["OP13-040">OP13-040]: Rest 1 Don
RZ1|156|1|Don|5|5|5|5|1|1|1|0|0
RZ1|157|1|OP13-040|1|2|6|7|1|1|0|0|0
[Karlmalone​#2854] I Know You're Strong... So I'll Go All Out ["OP13-040">OP13-040]: Rest 2 Don
RZ1|158|1|Don|5|6|5|6|1|1|1|0|0
RZ1|159|1|Don|5|7|5|7|1|1|1|0|0
[Karlmalone​#2854] I Know You're Strong... So I'll Go All Out ["OP13-040">OP13-040]: Shiryu ["OP10-086">OP10-086] will not Activate during next Refresh
[Karlmalone​#2854] I Know You're Strong... So I'll Go All Out ["OP13-040">OP13-040]: Van Augur ["OP09-083">OP09-083] will not Activate during next Refresh
[Karlmalone​#2854] Attach 1 Don to Krieg ["OP15-001">OP15-001] (1 Total)
RZ1|160|1|Don|5|9|9|9900|1|1|0|0|0
[Karlmalone​#2854] Kuro ["OP15-025">OP15-025] attacking Marshall D. Teach ["OP09-081">OP09-081]
[Shichibukai​#4335] Discard Stronger ["OP09-089">OP09-089] for Counter 2000
RZ1|161|2|OP09-089|1|2|6|15|1|1|0|0|0
[Shichibukai​#4335] Discard Van Augur ["OP09-083">OP09-083] for Counter 1000
RZ1|162|2|OP09-083|1|1|6|16|1|1|0|0|0
Kuro ["OP15-025">OP15-025][7000] vs Marshall D. Teach ["OP09-081">OP09-081][8000]
Attack Fails
[Karlmalone​#2854] Hand: [OP13-040,OP05-037,OP15-008,OP15-007]
[Karlmalone​#2854] Board: [OP15-025,OP15-003]
[Karlmalone​#2854] Trash: [OP15-037,OP15-012,OP15-027,OP15-009,OP15-007,OP15-023,OP15-007,OP13-040]
[Karlmalone​#2854] Life: 2
[Shichibukai​#4335] Hand: [OP09-089,OP09-083,ST27-003,ST27-003]
[Shichibukai​#4335] Trash: [OP09-095,OP09-096,OP09-095,OP10-082,OP09-086,OP09-090,OP09-098,OP09-098,OP09-096,OP11-083,OP11-083,OP09-089,OP10-082,OP09-086,OP09-090,OP09-089,OP09-083]
[Shichibukai​#4335] Board: [OP10-086,OP09-083]
[Shichibukai​#4335] Life: 3
[Karlmalone​#2854] End Turn
RZ1|163|2|Don|9|0|5|0|1|1|1|0|0
RZ1|164|2|Don|9|0|5|0|1|1|1|0|0
[Shichibukai​#4335] Draw 1 Card
[Shichibukai​#4335] Drew card from deck: Van Augur ["OP09-083">OP09-083]
RZ1|165|2|OP09-083|0|23|1|4|0|1|0|0|0
RZ1|166|2|Don|5|0|5|0|1|1|1|0|0
RZ1|167|2|Don|5|1|5|1|1|1|1|0|0
RZ1|168|2|Don|5|2|5|2|1|1|1|0|0
RZ1|169|2|Don|5|3|5|3|1|1|1|0|0
RZ1|170|2|Don|5|4|5|4|1|1|1|0|0
RZ1|171|2|Don|5|5|5|5|1|1|1|0|0
[Shichibukai​#4335] Deploy Kuzan ["ST27-003">ST27-003]
RZ1|172|2|ST27-003|1|3|2|2|1|1|0|-2000|0
[Shichibukai​#4335] Attach 4 Don to Marshall D. Teach ["OP09-081">OP09-081] (4 Total)
RZ1|173|2|Don|5|9|9|9900|1|1|0|0|0
RZ1|174|2|Don|5|8|9|9901|1|1|0|0|0
RZ1|175|2|Don|5|7|9|9902|1|1|0|0|0
RZ1|176|2|Don|5|6|9|9903|1|1|0|0|0
[Shichibukai​#4335] Marshall D. Teach ["OP09-081">OP09-081] attacking Kuro ["OP15-025">OP15-025]
RZ1|177|1|OP15-007|1|3|6|8|1|1|0|0|0
[Karlmalone​#2854] Trash Gin ["OP15-007">OP15-007]
RZ1|178|1|OP05-037|1|1|6|9|1|1|0|0|0
[Karlmalone​#2854] Whoever Wins This War Becomes Justice!! ["OP05-037">OP05-037]: Counter 3000
Marshall D. Teach ["OP09-081">OP09-081][9000] vs Kuro ["OP15-025">OP15-025][10000]
Attack Fails
[Shichibukai​#4335] End Turn
[Karlmalone​#2854] Hand: [OP13-040,OP15-008]
[Karlmalone​#2854] Board: [OP15-025,OP15-003]
[Karlmalone​#2854] Trash: [OP15-037,OP15-012,OP15-027,OP15-009,OP15-007,OP15-023,OP15-007,OP13-040,OP15-007,OP05-037]
[Karlmalone​#2854] Life: 2
[Shichibukai​#4335] Hand: [OP09-089,OP09-083,ST27-003,OP09-083]
[Shichibukai​#4335] Trash: [OP09-095,OP09-096,OP09-095,OP10-082,OP09-086,OP09-090,OP09-098,OP09-098,OP09-096,OP11-083,OP11-083,OP09-089,OP10-082,OP09-086,OP09-090,OP09-089,OP09-083]
[Shichibukai​#4335] Board: [OP10-086,OP09-083,ST27-003]
[Shichibukai​#4335] Life: 3
RZ1|179|1|Don|9|9900|5|0|1|1|1|0|0
[Karlmalone​#2854] Draw 1 Card
[Karlmalone​#2854] Drew card from deck: Gin ["OP15-007">OP15-007]
RZ1|180|1|OP15-007|0|33|1|2|1|1|0|0|0
RZ1|181|1|Don|5|0|5|0|1|1|1|0|0
RZ1|182|1|Don|5|1|5|1|1|1|1|0|0
RZ1|183|1|Don|5|2|5|2|1|1|1|0|0
RZ1|184|1|Don|5|3|5|3|1|1|1|0|0
RZ1|185|1|Don|5|4|5|4|1|1|1|0|0
RZ1|186|1|Don|5|5|5|5|1|1|1|0|0
RZ1|187|1|Don|5|6|5|6|1|1|1|0|0
RZ1|188|1|Don|5|7|5|7|1|1|1|0|0
[Karlmalone​#2854] Deploy Krieg ["OP15-008">OP15-008]
RZ1|189|1|OP15-008|1|1|2|2|1|1|0|0|0
[Shichibukai​#4335] Concedes!
[Karlmalone​#2854] Krieg ["OP15-008">OP15-008]: Attach 1 Rested Don to Kuzan ["ST27-003">ST27-003]
RZ1|190|2|Don|5|0|9|200|1|1|1|0|0
[Shichibukai​#4335] Quits!
Opponent Has Disconnected!
[Karlmalone​#2854] <b>Downloaded the Combat Log!</b>
OpponentDisconnect
