Version is 1.41b
[You] Leader is Marshall D. Teach ["OP16-080">OP16-080]
RZ1|HDR|1.41b|2|RZ1
RZ1|PLY|1||OP16-080
RZ1|PLY|2||
[Opponent] Leader is Imu ["OP13-079">OP13-079]
RZ1|1|2|OP13-089|0|17|0|0|0|0|0|0|0
RZ1|CHK|1|2|50|0|0|0|10|0|0|0|1|0
RZ1|2|2|OP13-099|0|49|0|1|0|0|0|0|0
RZ1|CHK|2|2|50|0|0|0|10|0|0|0|1|0
RZ1|3|2|OP16-093|0|11|0|2|0|0|0|0|0
RZ1|CHK|3|2|50|0|0|0|10|0|0|0|1|0
RZ1|4|2|OP13-092|0|7|0|3|0|0|0|0|0
RZ1|CHK|4|2|50|0|0|0|10|0|0|0|1|0
RZ1|5|2|OP13-092|0|8|0|4|0|0|0|0|0
RZ1|CHK|5|2|50|0|0|0|10|0|0|0|1|0
RZ1|6|2|OP13-080|0|23|0|5|0|0|0|0|0
RZ1|CHK|6|2|50|0|0|0|10|0|0|0|1|0
RZ1|7|2|OP13-084|0|31|0|6|0|0|0|0|0
RZ1|CHK|7|2|50|0|0|0|10|0|0|0|1|0
RZ1|8|2|OP13-089|0|22|0|7|0|0|0|0|0
RZ1|CHK|8|2|50|0|0|0|10|0|0|0|1|0
RZ1|9|2|OP13-091|0|28|0|8|0|0|0|0|0
RZ1|CHK|9|2|50|0|0|0|10|0|0|0|1|0
RZ1|10|2|OP13-096|0|40|0|9|0|0|0|0|0
RZ1|CHK|10|2|50|0|0|0|10|0|0|0|1|0
RZ1|11|2|OP13-091|0|30|0|10|0|0|0|0|0
RZ1|CHK|11|2|50|0|0|0|10|0|0|0|1|0
RZ1|12|2|OP14-096|0|48|0|11|0|0|0|0|0
RZ1|CHK|12|2|50|0|0|0|10|0|0|0|1|0
RZ1|13|2|OP13-083|0|23|0|12|0|0|0|0|0
RZ1|CHK|13|2|50|0|0|0|10|0|0|0|1|0
RZ1|14|2|OP13-098|0|45|0|13|0|0|0|0|0
RZ1|CHK|14|2|50|0|0|0|10|0|0|0|1|0
RZ1|15|2|OP13-096|0|41|0|14|0|0|0|0|0
RZ1|CHK|15|2|50|0|0|0|10|0|0|0|1|0
RZ1|16|2|OP13-083|0|25|0|15|0|0|0|0|0
RZ1|CHK|16|2|50|0|0|0|10|0|0|0|1|0
RZ1|17|2|OP13-082|0|38|0|16|0|0|0|0|0
RZ1|CHK|17|2|50|0|0|0|10|0|0|0|1|0
RZ1|18|2|OP13-086|0|19|0|17|0|0|0|0|0
RZ1|CHK|18|2|50|0|0|0|10|0|0|0|1|0
RZ1|19|2|OP05-097|0|49|0|18|0|0|0|0|0
RZ1|CHK|19|2|50|0|0|0|10|0|0|0|1|0
RZ1|20|2|OP13-082|0|39|0|19|0|0|0|0|0
RZ1|CHK|20|2|50|0|0|0|10|0|0|0|1|0
RZ1|21|2|OP13-092|0|23|0|20|0|0|0|0|0
RZ1|CHK|21|2|50|0|0|0|10|0|0|0|1|0
RZ1|22|2|OP13-083|0|29|0|21|0|0|0|0|0
RZ1|CHK|22|2|50|0|0|0|10|0|0|0|1|0
RZ1|23|2|OP13-098|0|45|0|22|0|0|0|0|0
RZ1|CHK|23|2|50|0|0|0|10|0|0|0|1|0
RZ1|24|2|OP13-096|0|43|0|23|0|0|0|0|0
RZ1|CHK|24|2|50|0|0|0|10|0|0|0|1|0
RZ1|25|2|OP13-083|0|31|0|24|0|0|0|0|0
RZ1|CHK|25|2|50|0|0|0|10|0|0|0|1|0
RZ1|26|2|OP13-089|0|32|0|25|0|0|0|0|0
RZ1|CHK|26|2|50|0|0|0|10|0|0|0|1|0
RZ1|27|2|OP13-091|0|38|0|27|0|0|0|0|0
RZ1|CHK|27|2|50|0|0|0|10|0|0|0|1|0
RZ1|28|2|OP13-080|0|35|0|28|0|0|0|0|0
RZ1|CHK|28|2|50|0|0|0|10|0|0|0|1|0
RZ1|29|2|OP13-098|0|46|0|30|0|0|0|0|0
RZ1|CHK|29|2|50|0|0|0|10|0|0|0|1|0
RZ1|30|2|OP13-092|0|32|0|31|0|0|0|0|0
RZ1|CHK|30|2|50|0|0|0|10|0|0|0|1|0
RZ1|31|2|OP16-093|0|34|0|32|0|0|0|0|0
RZ1|CHK|31|2|50|0|0|0|10|0|0|0|1|0
RZ1|32|2|OP13-080|0|37|0|33|0|0|0|0|0
RZ1|CHK|32|2|50|0|0|0|10|0|0|0|1|0
RZ1|33|2|OP13-082|0|43|0|34|0|0|0|0|0
RZ1|CHK|33|2|50|0|0|0|10|0|0|0|1|0
RZ1|34|2|OP16-093|0|36|0|35|0|0|0|0|0
RZ1|CHK|34|2|50|0|0|0|10|0|0|0|1|0
RZ1|35|2|OP13-098|0|46|0|36|0|0|0|0|0
RZ1|CHK|35|2|50|0|0|0|10|0|0|0|1|0
RZ1|36|2|OP14-096|0|49|0|38|0|0|0|0|0
RZ1|CHK|36|2|50|0|0|0|10|0|0|0|1|0
RZ1|37|2|OP13-089|0|40|0|39|0|0|0|0|0
RZ1|CHK|37|2|50|0|0|0|10|0|0|0|1|0
RZ1|38|2|OP13-096|0|47|0|40|0|0|0|0|0
RZ1|CHK|38|2|50|0|0|0|10|0|0|0|1|0
RZ1|39|2|OP13-082|0|47|0|41|0|0|0|0|0
RZ1|CHK|39|2|50|0|0|0|10|0|0|0|1|0
RZ1|40|2|OP13-080|0|43|0|42|0|0|0|0|0
RZ1|CHK|40|2|50|0|0|0|10|0|0|0|1|0
RZ1|41|2|OP13-084|0|46|0|43|0|0|0|0|0
RZ1|CHK|41|2|50|0|0|0|10|0|0|0|1|0
RZ1|42|2|OP13-084|0|47|0|46|0|0|0|0|0
RZ1|CHK|42|2|50|0|0|0|10|0|0|0|1|0
RZ1|43|2|OP14-096|0|49|0|47|0|0|0|0|0
RZ1|CHK|43|2|50|0|0|0|10|0|0|0|1|0
RZ1|44|2|OP13-099|0|1|7|0|1|1|0|0|0
RZ1|CHK|44|2|49|0|0|0|10|0|0|1|1|0
[Opponent] Imu ["OP13-079">OP13-079]: Deploy The Empty Throne ["OP13-099">OP13-099]
RZ1|45|2|OP13-089|0|6|0|0|0|0|0|0|0
RZ1|CHK|45|2|49|0|0|0|10|0|0|1|1|0
RZ1|46|2|OP13-091|0|7|0|1|0|0|0|0|0
RZ1|CHK|46|2|49|0|0|0|10|0|0|1|1|0
RZ1|47|2|OP13-086|0|16|0|2|0|0|0|0|0
RZ1|CHK|47|2|49|0|0|0|10|0|0|1|1|0
RZ1|48|2|OP13-098|0|29|0|3|0|0|0|0|0
RZ1|CHK|48|2|49|0|0|0|10|0|0|1|1|0
RZ1|49|2|OP13-091|0|44|0|4|0|0|0|0|0
RZ1|CHK|49|2|49|0|0|0|10|0|0|1|1|0
RZ1|50|2|OP13-084|0|45|0|5|0|0|0|0|0
RZ1|CHK|50|2|49|0|0|0|10|0|0|1|1|0
RZ1|51|2|OP13-096|0|12|0|6|0|0|0|0|0
RZ1|CHK|51|2|49|0|0|0|10|0|0|1|1|0
RZ1|52|2|OP16-093|0|45|0|7|0|0|0|0|0
RZ1|CHK|52|2|49|0|0|0|10|0|0|1|1|0
RZ1|53|2|OP16-093|0|37|0|8|0|0|0|0|0
RZ1|CHK|53|2|49|0|0|0|10|0|0|1|1|0
RZ1|54|2|OP13-084|0|47|0|9|0|0|0|0|0
RZ1|CHK|54|2|49|0|0|0|10|0|0|1|1|0
RZ1|55|2|OP13-083|0|18|0|10|0|0|0|0|0
RZ1|CHK|55|2|49|0|0|0|10|0|0|1|1|0
RZ1|56|2|OP14-096|0|48|0|11|0|0|0|0|0
RZ1|CHK|56|2|49|0|0|0|10|0|0|1|1|0
RZ1|57|2|OP16-093|0|37|0|12|0|0|0|0|0
RZ1|CHK|57|2|49|0|0|0|10|0|0|1|1|0
RZ1|58|2|OP13-086|0|36|0|13|0|0|0|0|0
RZ1|CHK|58|2|49|0|0|0|10|0|0|1|1|0
RZ1|59|2|OP13-096|0|44|0|14|0|0|0|0|0
RZ1|CHK|59|2|49|0|0|0|10|0|0|1|1|0
RZ1|60|2|OP13-080|0|37|0|15|0|0|0|0|0
RZ1|CHK|60|2|49|0|0|0|10|0|0|1|1|0
RZ1|61|2|OP14-096|0|43|0|16|0|0|0|0|0
RZ1|CHK|61|2|49|0|0|0|10|0|0|1|1|0
RZ1|62|2|OP13-082|0|41|0|18|0|0|0|0|0
RZ1|CHK|62|2|49|0|0|0|10|0|0|1|1|0
RZ1|63|2|OP05-097|0|30|0|19|0|0|0|0|0
RZ1|CHK|63|2|49|0|0|0|10|0|0|1|1|0
RZ1|64|2|OP14-096|0|26|0|21|0|0|0|0|0
RZ1|CHK|64|2|49|0|0|0|10|0|0|1|1|0
RZ1|65|2|OP13-086|0|38|0|22|0|0|0|0|0
RZ1|CHK|65|2|49|0|0|0|10|0|0|1|1|0
RZ1|66|2|OP13-092|0|24|0|23|0|0|0|0|0
RZ1|CHK|66|2|49|0|0|0|10|0|0|1|1|0
RZ1|67|2|OP13-096|0|29|0|24|0|0|0|0|0
RZ1|CHK|67|2|49|0|0|0|10|0|0|1|1|0
RZ1|68|2|OP13-098|0|35|0|25|0|0|0|0|0
RZ1|CHK|68|2|49|0|0|0|10|0|0|1|1|0
RZ1|69|2|OP14-096|0|48|0|26|0|0|0|0|0
RZ1|CHK|69|2|49|0|0|0|10|0|0|1|1|0
RZ1|70|2|OP13-089|0|39|0|27|0|0|0|0|0
RZ1|CHK|70|2|49|0|0|0|10|0|0|1|1|0
RZ1|71|2|OP13-096|0|38|0|28|0|0|0|0|0
RZ1|CHK|71|2|49|0|0|0|10|0|0|1|1|0
RZ1|72|2|OP13-082|0|36|0|29|0|0|0|0|0
RZ1|CHK|72|2|49|0|0|0|10|0|0|1|1|0
RZ1|73|2|OP13-092|0|37|0|30|0|0|0|0|0
RZ1|CHK|73|2|49|0|0|0|10|0|0|1|1|0
RZ1|74|2|OP13-098|0|43|0|31|0|0|0|0|0
RZ1|CHK|74|2|49|0|0|0|10|0|0|1|1|0
RZ1|75|2|OP13-084|0|34|0|32|0|0|0|0|0
RZ1|CHK|75|2|49|0|0|0|10|0|0|1|1|0
RZ1|76|2|OP13-083|0|40|0|34|0|0|0|0|0
RZ1|CHK|76|2|49|0|0|0|10|0|0|1|1|0
RZ1|77|2|OP13-083|0|40|0|36|0|0|0|0|0
RZ1|CHK|77|2|49|0|0|0|10|0|0|1|1|0
RZ1|78|2|OP13-080|0|47|0|37|0|0|0|0|0
RZ1|CHK|78|2|49|0|0|0|10|0|0|1|1|0
RZ1|79|2|OP13-089|0|46|0|38|0|0|0|0|0
RZ1|CHK|79|2|49|0|0|0|10|0|0|1|1|0
RZ1|80|2|OP13-082|0|42|0|40|0|0|0|0|0
RZ1|CHK|80|2|49|0|0|0|10|0|0|1|1|0
RZ1|81|2|OP13-082|0|47|0|41|0|0|0|0|0
RZ1|CHK|81|2|49|0|0|0|10|0|0|1|1|0
RZ1|82|2|OP13-086|0|47|0|42|0|0|0|0|0
RZ1|CHK|82|2|49|0|0|0|10|0|0|1|1|0
RZ1|83|2|OP13-092|0|46|0|43|0|0|0|0|0
RZ1|CHK|83|2|49|0|0|0|10|0|0|1|1|0
RZ1|84|2|OP13-091|0|46|0|44|0|0|0|0|0
RZ1|CHK|84|2|49|0|0|0|10|0|0|1|1|0
RZ1|85|2|OP13-080|0|47|0|46|0|0|0|0|0
RZ1|CHK|85|2|49|0|0|0|10|0|0|1|1|0
RZ1|86|2|OP13-084|0|48|0|47|0|0|0|0|0
RZ1|CHK|86|2|49|0|0|0|10|0|0|1|1|0
[] Drew card from deck: Laffitte ["OP09-095">OP09-095]
RZ1|87|1|OP09-095|0|49|1|0|1|1|0|0|0
RZ1|CHK|87|1|49|1|0|0|10|0|0|0|1|0
[] Drew card from deck: Catarina Devon ["OP16-104">OP16-104]
RZ1|88|1|OP16-104|0|48|1|1|1|1|0|0|0
RZ1|CHK|88|1|48|2|0|0|10|0|0|0|1|0
[] Drew card from deck: Fullalead ["OP09-099">OP09-099]
RZ1|89|1|OP09-099|0|47|1|2|1|1|0|0|0
RZ1|CHK|89|1|47|3|0|0|10|0|0|0|1|0
[] Drew card from deck: Shiryu ["OP16-108">OP16-108]
RZ1|90|1|OP16-108|0|46|1|3|1|1|0|0|0
RZ1|CHK|90|1|46|4|0|0|10|0|0|0|1|0
[] Drew card from deck: You're the one who should disappear! ["OP06-115">OP06-115]
RZ1|91|1|OP06-115|0|45|1|4|1|1|0|0|0
RZ1|CHK|91|1|45|5|0|0|10|0|0|0|1|0
[] Drew card from deck: St. Jaygarcia Saturn ["OP13-083">OP13-083]
RZ1|92|2|OP13-083|0|48|1|0|1|1|0|0|0
RZ1|CHK|92|2|48|1|0|0|10|0|0|1|1|0
[] Drew card from deck: St. Shepherd Ju Peter ["OP13-084">OP13-084]
RZ1|93|2|OP13-084|0|47|1|1|1|1|0|0|0
RZ1|CHK|93|2|47|2|0|0|10|0|0|1|1|0
[] Drew card from deck: St. Ethanbaron V. Nusjuro ["OP13-080">OP13-080]
RZ1|94|2|OP13-080|0|46|1|2|1|1|0|0|0
RZ1|CHK|94|2|46|3|0|0|10|0|0|1|1|0
[] Drew card from deck: ...Never Existed... ["OP13-098">OP13-098]
RZ1|95|2|OP13-098|0|45|1|3|1|1|0|0|0
RZ1|CHK|95|2|45|4|0|0|10|0|0|1|1|0
[] Drew card from deck: St. Marcus Mars ["OP13-091">OP13-091]
RZ1|96|2|OP13-091|0|44|1|4|1|1|0|0|0
RZ1|CHK|96|2|44|5|0|0|10|0|0|1|1|0
RZ1|97|1|OP16-108|0|44|3|0|1|0|0|0|0
RZ1|CHK|97|1|44|5|0|1|10|0|0|0|1|0
RZ1|98|1|OP16-104|0|43|3|1|1|0|0|0|0
RZ1|CHK|98|1|43|5|0|2|10|0|0|0|1|0
RZ1|99|1|OP09-086|0|42|3|2|1|0|0|0|0
RZ1|CHK|99|1|42|5|0|3|10|0|0|0|1|0
RZ1|100|1|OP16-110|0|41|3|3|1|0|0|0|0
RZ1|CHK|100|1|41|5|0|4|10|0|0|0|1|0
RZ1|101|2|OP13-083|1|0|0|44|0|0|0|0|0
RZ1|CHK|101|2|45|4|0|0|10|0|0|1|1|0
RZ1|102|2|OP13-084|1|0|0|45|0|0|0|0|0
RZ1|CHK|102|2|46|3|0|0|10|0|0|1|1|0
RZ1|103|2|OP13-080|1|0|0|46|0|0|0|0|0
RZ1|CHK|103|2|47|2|0|0|10|0|0|1|1|0
RZ1|104|2|OP13-098|1|0|0|47|0|0|0|0|0
RZ1|CHK|104|2|48|1|0|0|10|0|0|1|1|0
RZ1|105|2|OP13-091|1|0|0|48|0|0|0|0|0
RZ1|CHK|105|2|49|0|0|0|10|0|0|1|1|0
RZ1|106|2|OP13-096|0|28|0|0|0|0|0|0|0
RZ1|CHK|106|2|49|0|0|0|10|0|0|1|1|0
RZ1|107|2|OP16-093|0|13|0|1|0|0|0|0|0
RZ1|CHK|107|2|49|0|0|0|10|0|0|1|1|0
RZ1|108|2|OP13-084|0|7|0|2|0|0|0|0|0
RZ1|CHK|108|2|49|0|0|0|10|0|0|1|1|0
RZ1|109|2|OP13-083|0|12|0|3|0|0|0|0|0
RZ1|CHK|109|2|49|0|0|0|10|0|0|1|1|0
RZ1|110|2|OP05-097|0|20|0|4|0|0|0|0|0
RZ1|CHK|110|2|49|0|0|0|10|0|0|1|1|0
RZ1|111|2|OP13-096|0|25|0|5|0|0|0|0|0
RZ1|CHK|111|2|49|0|0|0|10|0|0|1|1|0
RZ1|112|2|OP16-093|0|13|0|6|0|0|0|0|0
RZ1|CHK|112|2|49|0|0|0|10|0|0|1|1|0
RZ1|113|2|OP13-080|0|18|0|7|0|0|0|0|0
RZ1|CHK|113|2|49|0|0|0|10|0|0|1|1|0
RZ1|114|2|OP14-096|0|27|0|8|0|0|0|0|0
RZ1|CHK|114|2|49|0|0|0|10|0|0|1|1|0
RZ1|115|2|OP13-084|0|16|0|9|0|0|0|0|0
RZ1|CHK|115|2|49|0|0|0|10|0|0|1|1|0
RZ1|116|2|OP13-098|0|31|0|10|0|0|0|0|0
RZ1|CHK|116|2|49|0|0|0|10|0|0|1|1|0
RZ1|117|2|OP13-091|0|48|0|11|0|0|0|0|0
RZ1|CHK|117|2|49|0|0|0|10|0|0|1|1|0
RZ1|118|2|OP13-091|0|16|0|12|0|0|0|0|0
RZ1|CHK|118|2|49|0|0|0|10|0|0|1|1|0
RZ1|119|2|OP13-092|0|32|0|13|0|0|0|0|0
RZ1|CHK|119|2|49|0|0|0|10|0|0|1|1|0
RZ1|120|2|OP13-091|0|40|0|14|0|0|0|0|0
RZ1|CHK|120|2|49|0|0|0|10|0|0|1|1|0
RZ1|121|2|OP13-082|0|33|0|15|0|0|0|0|0
RZ1|CHK|121|2|49|0|0|0|10|0|0|1|1|0
RZ1|122|2|OP13-092|0|44|0|16|0|0|0|0|0
RZ1|CHK|122|2|49|0|0|0|10|0|0|1|1|0
RZ1|123|2|OP13-082|0|28|0|17|0|0|0|0|0
RZ1|CHK|123|2|49|0|0|0|10|0|0|1|1|0
RZ1|124|2|OP13-089|0|34|0|18|0|0|0|0|0
RZ1|CHK|124|2|49|0|0|0|10|0|0|1|1|0
RZ1|125|2|OP13-082|0|43|0|19|0|0|0|0|0
RZ1|CHK|125|2|49|0|0|0|10|0|0|1|1|0
RZ1|126|2|OP13-080|0|47|0|20|0|0|0|0|0
RZ1|CHK|126|2|49|0|0|0|10|0|0|1|1|0
RZ1|127|2|OP13-096|0|29|0|21|0|0|0|0|0
RZ1|CHK|127|2|49|0|0|0|10|0|0|1|1|0
RZ1|128|2|OP14-096|0|30|0|22|0|0|0|0|0
RZ1|CHK|128|2|49|0|0|0|10|0|0|1|1|0
RZ1|129|2|OP13-086|0|30|0|23|0|0|0|0|0
RZ1|CHK|129|2|49|0|0|0|10|0|0|1|1|0
RZ1|130|2|OP13-080|0|40|0|24|0|0|0|0|0
RZ1|CHK|130|2|49|0|0|0|10|0|0|1|1|0
RZ1|131|2|OP13-083|0|46|0|25|0|0|0|0|0
RZ1|CHK|131|2|49|0|0|0|10|0|0|1|1|0
RZ1|132|2|OP13-080|0|43|0|26|0|0|0|0|0
RZ1|CHK|132|2|49|0|0|0|10|0|0|1|1|0
RZ1|133|2|OP13-083|0|43|0|27|0|0|0|0|0
RZ1|CHK|133|2|49|0|0|0|10|0|0|1|1|0
RZ1|134|2|OP13-082|0|45|0|28|0|0|0|0|0
RZ1|CHK|134|2|49|0|0|0|10|0|0|1|1|0
RZ1|135|2|OP13-096|0|33|0|29|0|0|0|0|0
RZ1|CHK|135|2|49|0|0|0|10|0|0|1|1|0
RZ1|136|2|OP13-089|0|45|0|30|0|0|0|0|0
RZ1|CHK|136|2|49|0|0|0|10|0|0|1|1|0
RZ1|137|2|OP13-092|0|44|0|31|0|0|0|0|0
RZ1|CHK|137|2|49|0|0|0|10|0|0|1|1|0
RZ1|138|2|OP13-083|0|45|0|32|0|0|0|0|0
RZ1|CHK|138|2|49|0|0|0|10|0|0|1|1|0
RZ1|139|2|OP13-086|0|46|0|33|0|0|0|0|0
RZ1|CHK|139|2|49|0|0|0|10|0|0|1|1|0
RZ1|140|2|OP13-084|0|46|0|34|0|0|0|0|0
RZ1|CHK|140|2|49|0|0|0|10|0|0|1|1|0
RZ1|141|2|OP14-096|0|40|0|35|0|0|0|0|0
RZ1|CHK|141|2|49|0|0|0|10|0|0|1|1|0
RZ1|142|2|OP13-084|0|47|0|36|0|0|0|0|0
RZ1|CHK|142|2|49|0|0|0|10|0|0|1|1|0
RZ1|143|2|OP16-093|0|43|0|37|0|0|0|0|0
RZ1|CHK|143|2|49|0|0|0|10|0|0|1|1|0
RZ1|144|2|OP13-089|0|43|0|38|0|0|0|0|0
RZ1|CHK|144|2|49|0|0|0|10|0|0|1|1|0
RZ1|145|2|OP13-092|0|46|0|39|0|0|0|0|0
RZ1|CHK|145|2|49|0|0|0|10|0|0|1|1|0
RZ1|146|2|OP13-098|0|47|0|40|0|0|0|0|0
RZ1|CHK|146|2|49|0|0|0|10|0|0|1|1|0
RZ1|147|2|OP13-098|0|44|0|41|0|0|0|0|0
RZ1|CHK|147|2|49|0|0|0|10|0|0|1|1|0
RZ1|148|2|OP16-093|0|45|0|42|0|0|0|0|0
RZ1|CHK|148|2|49|0|0|0|10|0|0|1|1|0
RZ1|149|2|OP13-086|0|47|0|43|0|0|0|0|0
RZ1|CHK|149|2|49|0|0|0|10|0|0|1|1|0
RZ1|150|2|OP13-091|0|45|0|44|0|0|0|0|0
RZ1|CHK|150|2|49|0|0|0|10|0|0|1|1|0
RZ1|151|2|OP13-098|0|48|0|45|0|0|0|0|0
RZ1|CHK|151|2|49|0|0|0|10|0|0|1|1|0
RZ1|152|2|OP14-096|0|48|0|47|0|0|0|0|0
RZ1|CHK|152|2|49|0|0|0|10|0|0|1|1|0
[] Drew card from deck: St. Shalria ["OP13-086">OP13-086]
RZ1|153|2|OP13-086|0|48|1|0|1|1|0|0|0
RZ1|CHK|153|2|48|1|0|0|10|0|0|1|1|0
[] Drew card from deck: Ground Death ["OP14-096">OP14-096]
RZ1|154|2|OP14-096|0|47|1|1|1|1|0|0|0
RZ1|CHK|154|2|47|2|0|0|10|0|0|1|1|0
[] Drew card from deck: St. Topman Warcury ["OP13-089">OP13-089]
RZ1|155|2|OP13-089|0|46|1|2|1|1|0|0|0
RZ1|CHK|155|2|46|3|0|0|10|0|0|1|1|0
[] Drew card from deck: ...Never Existed... ["OP13-098">OP13-098]
RZ1|156|2|OP13-098|0|45|1|3|1|1|0|0|0
RZ1|CHK|156|2|45|4|0|0|10|0|0|1|1|0
[] Drew card from deck: St. Marcus Mars ["OP13-091">OP13-091]
RZ1|157|2|OP13-091|0|44|1|4|1|1|0|0|0
RZ1|CHK|157|2|44|5|0|0|10|0|0|1|1|0
RZ1|158|2|OP13-086|0|43|3|0|0|1|0|0|0
RZ1|CHK|158|2|43|5|0|1|10|0|0|1|1|0
RZ1|159|2|OP16-093|0|42|3|1|0|1|0|0|0
RZ1|CHK|159|2|42|5|0|2|10|0|0|1|1|0
RZ1|160|2|OP13-098|0|41|3|2|0|1|0|0|0
RZ1|CHK|160|2|41|5|0|3|10|0|0|1|1|0
RZ1|161|2|OP13-098|0|40|3|3|0|1|0|0|0
RZ1|CHK|161|2|40|5|0|4|10|0|0|1|1|0
[] Hand after Mulligan: [OP13-086,OP14-096,OP13-089,OP13-098,OP13-091]
[Opponent] Mulligan
[] Hand: [OP09-095,OP16-104,OP09-099,OP16-108,OP06-115]
[] Board: []
[] Trash: []
[] Life: 4
[] Hand: [OP13-086,OP14-096,OP13-089,OP13-098,OP13-091]
[] Trash: []
[] Board: []
[] Life: 4
RZ1|162|1|Don|4|9|5|0|1|1|0|0|0
RZ1|CHK|162|1|41|5|0|4|9|1|0|0|1|0
[You] Draw 1 Don
RZ1|163|1|Don|5|0|5|0|1|1|1|0|0
RZ1|CHK|163|1|41|5|0|4|9|1|0|0|1|0
[You] Deploy Laffitte ["OP09-095">OP09-095]
RZ1|164|1|OP09-095|1|0|2|0|1|1|0|0|0
RZ1|CHK|164|1|41|4|1|4|9|1|0|0|1|0
[] Hand: [OP16-104,OP09-099,OP16-108,OP06-115]
[] Board: [OP09-095]
[] Trash: []
[] Life: 4
[] Hand: [OP13-086,OP14-096,OP13-089,OP13-098,OP13-091]
[] Trash: []
[] Board: []
[] Life: 4
[You] End Turn
[] Hand: [OP13-086,OP14-096,OP13-089,OP13-098,OP13-091]
[] Board: []
[] Trash: []
[] Life: 4
[] Hand: [OP16-104,OP09-099,OP16-108,OP06-115]
[] Trash: []
[] Board: [OP09-095]
[] Life: 4
[Opponent] Draw 1 Card
[] Drew card from deck: St. Mjosgard ["OP13-092">OP13-092]
RZ1|165|2|OP13-092|0|39|1|5|1|1|0|0|0
RZ1|CHK|165|2|39|6|0|4|10|0|0|1|1|0
RZ1|166|2|Don|4|9|5|0|1|1|0|0|0
RZ1|CHK|166|2|39|6|0|4|9|1|0|1|1|0
RZ1|167|2|Don|4|8|5|1|1|1|0|0|0
RZ1|CHK|167|2|39|6|0|4|8|2|0|1|1|0
[Opponent] Draw 2 Don
RZ1|168|2|Don|5|0|5|0|1|1|1|0|0
RZ1|CHK|168|2|39|6|0|4|8|2|0|1|1|0
[Opponent] Deploy St. Shalria ["OP13-086">OP13-086]
RZ1|169|2|OP13-086|1|0|2|0|1|1|0|0|0
RZ1|CHK|169|2|39|5|1|4|8|2|0|1|1|0
RZ1|170|2|OP13-084|0|36|1|5|1|1|0|0|0
RZ1|CHK|170|2|38|6|1|4|8|2|0|1|1|0
[Opponent] St. Shalria ["OP13-086">OP13-086]: <b>Reveal and Draw St. Shepherd Ju Peter ["OP13-084">OP13-084]</b>
[Opponent] St. Shalria ["OP13-086">OP13-086]: Trash 2 Remaining Cards
RZ1|171|2|OP13-089|0|37|6|0|1|1|0|0|0
RZ1|CHK|171|2|37|6|1|4|8|2|1|1|1|0
RZ1|172|2|OP16-093|0|36|6|1|1|1|0|0|0
RZ1|CHK|172|2|36|6|1|4|8|2|2|1|1|0
RZ1|173|2|OP13-091|1|3|6|2|1|1|0|0|0
RZ1|CHK|173|2|36|5|1|4|8|2|3|1|1|0
[Opponent] St. Shalria ["OP13-086">OP13-086]: Trash St. Marcus Mars ["OP13-091">OP13-091]
RZ1|174|2|OP13-086|2|0|6|3|1|1|0|0|0
RZ1|CHK|174|2|36|5|0|4|8|2|4|1|1|0
[Opponent] Imu ["OP13-079">OP13-079]: Trash St. Shalria ["OP13-086">OP13-086]
[] Drew card from deck: Ground Death ["OP14-096">OP14-096]
RZ1|175|2|OP14-096|0|35|1|5|1|1|0|0|0
RZ1|CHK|175|2|35|6|0|4|8|2|4|1|1|0
[Opponent] Imu ["OP13-079">OP13-079]: Draw 1 Card
[] Hand: [OP14-096,OP13-089,OP13-098,OP13-092,OP13-084,OP14-096]
[] Board: []
[] Trash: [OP13-089,OP16-093,OP13-091,OP13-086]
[] Life: 4
[] Hand: [OP16-104,OP09-099,OP16-108,OP06-115]
[] Trash: []
[] Board: [OP09-095]
[] Life: 4
[Opponent] End Turn
[] Hand: [OP16-104,OP09-099,OP16-108,OP06-115]
[] Board: [OP09-095]
[] Trash: []
[] Life: 4
[] Hand: [OP14-096,OP13-089,OP13-098,OP13-092,OP13-084,OP14-096]
[] Trash: [OP13-089,OP16-093,OP13-091,OP13-086]
[] Board: []
[] Life: 4
[You] Draw 1 Card
[] Drew card from deck: Bartholomew Kuma ["OP12-119">OP12-119]
RZ1|176|1|OP12-119|0|40|1|4|1|1|0|0|0
RZ1|CHK|176|1|40|5|1|4|9|1|0|0|1|0
RZ1|177|1|Don|4|8|5|1|1|1|0|0|0
RZ1|CHK|177|1|40|5|1|4|8|2|0|0|1|0
RZ1|178|1|Don|4|7|5|2|1|1|0|0|0
RZ1|CHK|178|1|40|5|1|4|7|3|0|0|1|0
[You] Draw 2 Don
[You] Laffitte ["OP09-095">OP09-095]: Rest 1 Don
RZ1|179|1|Don|5|0|5|0|1|1|1|0|0
RZ1|CHK|179|1|40|5|1|4|7|3|0|0|1|0
[You] Laffitte ["OP09-095">OP09-095]: Rest Laffitte ["OP09-095">OP09-095]
RZ1|180|1|OP09-093|0|37|1|5|1|1|0|0|0
RZ1|CHK|180|1|39|6|1|4|7|3|0|0|1|0
[You] Laffitte ["OP09-095">OP09-095]: <b>Reveal and Draw Marshall D. Teach ["OP09-093">OP09-093]</b>
[You] Placing Cards on Bottom of Deck
RZ1|181|1|OP16-104|0|38|0|0|0|0|0|0|0
RZ1|CHK|181|1|39|6|1|4|7|3|0|0|1|0
RZ1|182|1|OP12-112|0|38|0|0|0|0|0|0|0
RZ1|CHK|182|1|39|6|1|4|7|3|0|0|1|0
RZ1|183|1|OP09-096|0|38|0|0|0|0|0|0|0
RZ1|CHK|183|1|39|6|1|4|7|3|0|0|1|0
RZ1|184|1|OP16-109|0|38|0|0|0|0|0|0|0
RZ1|CHK|184|1|39|6|1|4|7|3|0|0|1|0
RZ1|185|1|Don|5|1|5|1|1|1|1|0|0
RZ1|CHK|185|1|39|6|1|4|7|3|0|0|1|0
[You] Deploy Fullalead ["OP09-099">OP09-099]
RZ1|186|1|OP09-099|1|1|7|0|1|1|0|0|0
RZ1|CHK|186|1|39|5|1|4|7|3|0|1|1|0
[You] Fullalead ["OP09-099">OP09-099]: Rest Fullalead ["OP09-099">OP09-099]
RZ1|187|1|OP12-119|1|3|6|0|1|1|0|0|0
RZ1|CHK|187|1|39|4|1|4|7|3|1|1|1|0
[You] Fullalead ["OP09-099">OP09-099]: Trash Bartholomew Kuma ["OP12-119">OP12-119]
RZ1|188|1|OP16-108|0|38|1|4|1|1|0|0|0
RZ1|CHK|188|1|38|5|1|4|7|3|1|1|1|0
[You] Fullalead ["OP09-099">OP09-099]: <b>Reveal and Draw Shiryu ["OP16-108">OP16-108]</b>
[You] Placing Cards on Bottom of Deck
RZ1|189|1|OP09-096|0|37|0|0|0|0|0|0|0
RZ1|CHK|189|1|38|5|1|4|7|3|1|1|1|0
RZ1|190|1|OP16-109|0|37|0|0|0|0|0|0|0
RZ1|CHK|190|1|38|5|1|4|7|3|1|1|1|0
RZ1|191|1|Don|5|2|9|9900|1|1|0|0|0
RZ1|CHK|191|1|38|5|1|4|7|2|1|1|1|1
[You] Marshall D. Teach ["OP16-080">OP16-080] attacking Imu ["OP13-079">OP13-079]
[Opponent] Discard St. Shepherd Ju Peter ["OP13-084">OP13-084] for Counter 2000
RZ1|192|2|OP13-084|1|4|6|4|1|1|0|0|0
RZ1|CHK|192|2|35|5|0|4|8|2|5|1|1|0
Marshall D. Teach ["OP16-080">OP16-080][6000] vs Imu ["OP13-079">OP13-079][7000]
Attack Fails
[] Hand: [OP16-104,OP16-108,OP06-115,OP09-093,OP16-108]
[] Board: [OP09-095]
[] Trash: [OP12-119]
[] Life: 4
[] Hand: [OP14-096,OP13-089,OP13-098,OP13-092,OP14-096]
[] Trash: [OP13-089,OP16-093,OP13-091,OP13-086,OP13-084]
[] Board: []
[] Life: 4
[You] End Turn
[] Hand: [OP14-096,OP13-089,OP13-098,OP13-092,OP14-096]
[] Board: []
[] Trash: [OP13-089,OP16-093,OP13-091,OP13-086,OP13-084]
[] Life: 4
[] Hand: [OP16-104,OP16-108,OP06-115,OP09-093,OP16-108]
[] Trash: [OP12-119]
[] Board: [OP09-095]
[] Life: 4
[Opponent] Draw 1 Card
[] Drew card from deck: St. Shepherd Ju Peter ["OP13-084">OP13-084]
RZ1|193|2|OP13-084|0|34|1|5|1|1|0|0|0
RZ1|CHK|193|2|34|6|0|4|8|2|5|1|1|0
RZ1|194|2|Don|4|7|5|2|1|1|0|0|0
RZ1|CHK|194|2|34|6|0|4|7|3|5|1|1|0
RZ1|195|2|Don|4|6|5|3|1|1|0|0|0
RZ1|CHK|195|2|34|6|0|4|6|4|5|1|1|0
[Opponent] Draw 2 Don
[Opponent] Attach 1 Don to Imu ["OP13-079">OP13-079] (1 Total)
RZ1|196|2|Don|5|3|9|9900|1|1|0|0|0
RZ1|CHK|196|2|34|6|0|4|6|3|5|1|1|1
[Opponent] Imu ["OP13-079">OP13-079] attacking Marshall D. Teach ["OP16-080">OP16-080]
Imu ["OP13-079">OP13-079][6000] vs Marshall D. Teach ["OP16-080">OP16-080][5000]
Marshall D. Teach ["OP16-080">OP16-080] hit for 1 damage
RZ1|197|1|OP16-110|3|3|1|5|1|1|0|0|0
RZ1|CHK|197|1|38|6|1|3|7|2|1|1|1|1
[Opponent] The Empty Throne ["OP13-099">OP13-099]: Rest 3 Don
RZ1|198|2|Don|5|0|5|0|1|1|1|0|0
RZ1|CHK|198|2|34|6|0|4|6|3|5|1|1|1
RZ1|199|2|Don|5|1|5|1|1|1|1|0|0
RZ1|CHK|199|2|34|6|0|4|6|3|5|1|1|1
RZ1|200|2|Don|5|2|5|2|1|1|1|0|0
RZ1|CHK|200|2|34|6|0|4|6|3|5|1|1|1
[Opponent] The Empty Throne ["OP13-099">OP13-099]: Rest The Empty Throne ["OP13-099">OP13-099]
RZ1|201|2|OP13-089|1|1|2|0|1|1|0|0|0
RZ1|CHK|201|2|34|5|1|4|6|3|5|1|1|1
[Opponent] The Empty Throne ["OP13-099">OP13-099]: Deploy St. Topman Warcury ["OP13-089">OP13-089]
[] Hand: [OP14-096,OP13-098,OP13-092,OP14-096,OP13-084]
[] Board: [OP13-089]
[] Trash: [OP13-089,OP16-093,OP13-091,OP13-086,OP13-084]
[] Life: 4
[] Hand: [OP16-104,OP16-108,OP06-115,OP09-093,OP16-108,OP16-110]
[] Trash: [OP12-119]
[] Board: [OP09-095]
[] Life: 3
[Opponent] End Turn
[] Hand: [OP16-104,OP16-108,OP06-115,OP09-093,OP16-108,OP16-110]
[] Board: [OP09-095]
[] Trash: [OP12-119]
[] Life: 3
[] Hand: [OP14-096,OP13-098,OP13-092,OP14-096,OP13-084]
[] Trash: [OP13-089,OP16-093,OP13-091,OP13-086,OP13-084]
[] Board: [OP13-089]
[] Life: 4
RZ1|202|1|Don|9|9900|5|0|1|1|1|0|0
RZ1|CHK|202|1|38|6|1|3|7|3|1|1|1|0
[You] Draw 1 Card
[] Drew card from deck: Fullalead ["OP09-099">OP09-099]
RZ1|203|1|OP09-099|0|37|1|6|1|1|0|0|0
RZ1|CHK|203|1|37|7|1|3|7|3|1|1|1|0
RZ1|204|1|Don|4|6|5|3|1|1|0|0|0
RZ1|CHK|204|1|37|7|1|3|6|4|1|1|1|0
RZ1|205|1|Don|4|5|5|4|1|1|0|0|0
RZ1|CHK|205|1|37|7|1|3|5|5|1|1|1|0
[You] Draw 2 Don
RZ1|206|1|Don|5|0|5|0|1|1|1|0|0
RZ1|CHK|206|1|37|7|1|3|5|5|1|1|1|0
[You] Deploy Vasco Shot ["OP16-110">OP16-110]
RZ1|207|1|OP16-110|1|5|2|1|1|1|0|0|0
RZ1|CHK|207|1|37|6|2|3|5|5|1|1|1|0
[You] Laffitte ["OP09-095">OP09-095]: Rest 1 Don
RZ1|208|1|Don|5|1|5|1|1|1|1|0|0
RZ1|CHK|208|1|37|6|2|3|5|5|1|1|1|0
[You] Laffitte ["OP09-095">OP09-095]: Rest Laffitte ["OP09-095">OP09-095]
RZ1|209|1|OP16-108|0|34|1|6|1|1|0|0|0
RZ1|CHK|209|1|36|7|2|3|5|5|1|1|1|0
[You] Laffitte ["OP09-095">OP09-095]: <b>Reveal and Draw Shiryu ["OP16-108">OP16-108]</b>
[You] Placing Cards on Bottom of Deck
RZ1|210|1|OP09-086|0|35|0|0|0|0|0|0|0
RZ1|CHK|210|1|36|7|2|3|5|5|1|1|1|0
RZ1|211|1|OP09-096|0|35|0|0|0|0|0|0|0
RZ1|CHK|211|1|36|7|2|3|5|5|1|1|1|0
RZ1|212|1|OP09-096|0|35|0|0|0|0|0|0|0
RZ1|CHK|212|1|36|7|2|3|5|5|1|1|1|0
RZ1|213|1|OP16-116|0|35|0|0|0|0|0|0|0
RZ1|CHK|213|1|36|7|2|3|5|5|1|1|1|0
[] Hand: [OP16-104,OP16-108,OP06-115,OP09-093,OP16-108,OP09-099,OP16-108]
[] Board: [OP09-095,OP16-110]
[] Trash: [OP12-119]
[] Life: 3
[] Hand: [OP14-096,OP13-098,OP13-092,OP14-096,OP13-084]
[] Trash: [OP13-089,OP16-093,OP13-091,OP13-086,OP13-084]
[] Board: [OP13-089]
[] Life: 4
[You] End Turn
[] Hand: [OP14-096,OP13-098,OP13-092,OP14-096,OP13-084]
[] Board: [OP13-089]
[] Trash: [OP13-089,OP16-093,OP13-091,OP13-086,OP13-084]
[] Life: 4
[] Hand: [OP16-104,OP16-108,OP06-115,OP09-093,OP16-108,OP09-099,OP16-108]
[] Trash: [OP12-119]
[] Board: [OP09-095,OP16-110]
[] Life: 3
RZ1|214|2|Don|9|9900|5|0|1|1|1|0|0
RZ1|CHK|214|2|34|5|1|4|6|4|5|1|1|0
[Opponent] Draw 1 Card
[] Drew card from deck: St. Shalria ["OP13-086">OP13-086]
RZ1|215|2|OP13-086|0|33|1|5|1|1|0|0|0
RZ1|CHK|215|2|33|6|1|4|6|4|5|1|1|0
RZ1|216|2|Don|4|5|5|4|1|1|0|0|0
RZ1|CHK|216|2|33|6|1|4|5|5|5|1|1|0
RZ1|217|2|Don|4|4|5|5|1|1|0|0|0
RZ1|CHK|217|2|33|6|1|4|4|6|5|1|1|0
[Opponent] Draw 2 Don
RZ1|218|2|Don|5|0|5|0|1|1|1|0|0
RZ1|CHK|218|2|33|6|1|4|4|6|5|1|1|0
[Opponent] Deploy St. Shalria ["OP13-086">OP13-086]
RZ1|219|2|OP13-086|1|5|2|1|1|1|0|0|0
RZ1|CHK|219|2|33|5|2|4|4|6|5|1|1|0
RZ1|220|2|OP13-083|0|32|1|5|1|1|0|0|0
RZ1|CHK|220|2|32|6|2|4|4|6|5|1|1|0
[Opponent] St. Shalria ["OP13-086">OP13-086]: <b>Reveal and Draw St. Jaygarcia Saturn ["OP13-083">OP13-083]</b>
[Opponent] St. Shalria ["OP13-086">OP13-086]: Trash 2 Remaining Cards
RZ1|221|2|OP13-092|0|31|6|5|1|1|0|0|0
RZ1|CHK|221|2|31|6|2|4|4|6|6|1|1|0
RZ1|222|2|OP13-089|0|30|6|6|1|1|0|0|0
RZ1|CHK|222|2|30|6|2|4|4|6|7|1|1|0
RZ1|223|2|OP13-084|1|4|6|7|1|1|0|0|0
RZ1|CHK|223|2|30|5|2|4|4|6|8|1|1|0
[Opponent] St. Shalria ["OP13-086">OP13-086]: Trash St. Shepherd Ju Peter ["OP13-084">OP13-084]
RZ1|224|2|OP13-086|2|1|6|8|1|1|0|0|0
RZ1|CHK|224|2|30|5|1|4|4|6|9|1|1|0
[Opponent] Imu ["OP13-079">OP13-079]: Trash St. Shalria ["OP13-086">OP13-086]
[] Drew card from deck: The Five Elders... Are At Your Service ["OP13-096">OP13-096]
RZ1|225|2|OP13-096|0|29|1|5|1|1|0|0|0
RZ1|CHK|225|2|29|6|1|4|4|6|9|1|1|0
[Opponent] Imu ["OP13-079">OP13-079]: Draw 1 Card
[Opponent] The Empty Throne ["OP13-099">OP13-099]: Rest 3 Don
RZ1|226|2|Don|5|1|5|1|1|1|1|0|0
RZ1|CHK|226|2|29|6|1|4|4|6|9|1|1|0
RZ1|227|2|Don|5|2|5|2|1|1|1|0|0
RZ1|CHK|227|2|29|6|1|4|4|6|9|1|1|0
RZ1|228|2|Don|5|3|5|3|1|1|1|0|0
RZ1|CHK|228|2|29|6|1|4|4|6|9|1|1|0
[Opponent] The Empty Throne ["OP13-099">OP13-099]: Rest The Empty Throne ["OP13-099">OP13-099]
RZ1|229|2|OP13-083|1|4|2|1|1|1|0|0|0
RZ1|CHK|229|2|29|5|2|4|4|6|9|1|1|0
[Opponent] The Empty Throne ["OP13-099">OP13-099]: Deploy St. Jaygarcia Saturn ["OP13-083">OP13-083]
RZ1|230|2|OP13-080|0|26|1|5|1|1|0|0|0
RZ1|CHK|230|2|28|6|2|4|4|6|9|1|1|0
[Opponent] St. Jaygarcia Saturn ["OP13-083">OP13-083]: <b>Reveal and Draw St. Ethanbaron V. Nusjuro ["OP13-080">OP13-080]</b>
[Opponent] Placing Cards on Bottom of Deck
RZ1|231|2|OP13-082|0|27|0|0|0|0|0|0|0
RZ1|CHK|231|2|28|6|2|4|4|6|9|1|1|0
RZ1|232|2|OP13-083|0|27|0|0|0|0|0|0|0
RZ1|CHK|232|2|28|6|2|4|4|6|9|1|1|0
RZ1|233|2|OP13-083|0|27|0|0|0|0|0|0|0
RZ1|CHK|233|2|28|6|2|4|4|6|9|1|1|0
RZ1|234|2|OP13-080|0|27|0|0|0|0|0|0|0
RZ1|CHK|234|2|28|6|2|4|4|6|9|1|1|0
[Opponent] Attach 1 Don to Imu ["OP13-079">OP13-079] (1 Total)
RZ1|235|2|Don|5|5|9|9900|1|1|0|0|0
RZ1|CHK|235|2|28|6|2|4|4|5|9|1|1|1
[Opponent] Attach 1 Don to St. Topman Warcury ["OP13-089">OP13-089] (1 Total)
RZ1|236|2|Don|5|4|9|0|1|1|0|0|0
RZ1|CHK|236|2|28|6|2|4|4|4|9|1|1|2
[Opponent] St. Topman Warcury ["OP13-089">OP13-089] attacking Marshall D. Teach ["OP16-080">OP16-080]
[You] Discard Catarina Devon ["OP16-104">OP16-104] for Counter 2000
RZ1|237|1|OP16-104|1|0|6|1|1|1|0|0|0
RZ1|CHK|237|1|36|6|2|3|5|5|2|1|1|0
St. Topman Warcury ["OP13-089">OP13-089][6000] vs Marshall D. Teach ["OP16-080">OP16-080][7000]
Attack Fails
[Opponent] Imu ["OP13-079">OP13-079] attacking Marshall D. Teach ["OP16-080">OP16-080]
[You] Discard You're the one who should disappear! ["OP06-115">OP06-115] for Counter 0
RZ1|238|1|OP06-115|1|1|6|2|1|1|0|0|0
RZ1|CHK|238|1|36|5|2|3|5|5|3|1|1|0
Imu ["OP13-079">OP13-079][6000] vs Marshall D. Teach ["OP16-080">OP16-080][5000]
Marshall D. Teach ["OP16-080">OP16-080] hit for 1 damage
RZ1|239|1|OP09-086|3|2|1|5|1|1|0|0|0
RZ1|CHK|239|1|36|6|2|2|5|5|3|1|1|0
[] Hand: [OP14-096,OP13-098,OP13-092,OP14-096,OP13-096,OP13-080]
[] Board: [OP13-089,OP13-083]
[] Trash: [OP13-089,OP16-093,OP13-091,OP13-086,OP13-084,OP13-092,OP13-089,OP13-084,OP13-086]
[] Life: 4
[] Hand: [OP16-108,OP09-093,OP16-108,OP09-099,OP16-108,OP09-086]
[] Trash: [OP12-119,OP16-104,OP06-115]
[] Board: [OP09-095,OP16-110]
[] Life: 2
[Opponent] End Turn
[] Hand: [OP16-108,OP09-093,OP16-108,OP09-099,OP16-108,OP09-086]
[] Board: [OP09-095,OP16-110]
[] Trash: [OP12-119,OP16-104,OP06-115]
[] Life: 2
[] Hand: [OP14-096,OP13-098,OP13-092,OP14-096,OP13-096,OP13-080]
[] Trash: [OP13-089,OP16-093,OP13-091,OP13-086,OP13-084,OP13-092,OP13-089,OP13-084,OP13-086]
[] Board: [OP13-089,OP13-083]
[] Life: 4
[You] Draw 1 Card
[] Drew card from deck: Catarina Devon ["OP16-104">OP16-104]
RZ1|240|1|OP16-104|0|35|1|6|1|1|0|0|0
RZ1|CHK|240|1|35|7|2|2|5|5|3|1|1|0
RZ1|241|1|Don|4|4|5|5|1|1|0|0|0
RZ1|CHK|241|1|35|7|2|2|4|6|3|1|1|0
RZ1|242|1|Don|4|3|5|6|1|1|0|0|0
RZ1|CHK|242|1|35|7|2|2|3|7|3|1|1|0
[You] Draw 2 Don
[You] Marshall D. Teach ["OP16-080">OP16-080] attacking St. Topman Warcury ["OP13-089">OP13-089]
[Opponent] Discard St. Ethanbaron V. Nusjuro ["OP13-080">OP13-080] for Counter 1000
RZ1|243|2|OP13-080|1|5|6|9|1|1|0|0|0
RZ1|CHK|243|2|28|5|2|4|4|4|10|1|1|2
Marshall D. Teach ["OP16-080">OP16-080][5000] vs St. Topman Warcury ["OP13-089">OP13-089][6000]
Attack Fails
RZ1|244|1|Don|5|0|9|0|1|1|0|0|0
RZ1|CHK|244|1|35|7|2|2|3|6|3|1|1|1
RZ1|245|1|Don|5|0|9|1|1|1|0|0|0
RZ1|CHK|245|1|35|7|2|2|3|5|3|1|1|2
RZ1|246|1|Don|5|0|9|2|1|1|0|0|0
RZ1|CHK|246|1|35|7|2|2|3|4|3|1|1|3
RZ1|247|1|Don|5|0|9|3|1|1|0|0|0
RZ1|CHK|247|1|35|7|2|2|3|3|3|1|1|4
[You] Laffitte ["OP09-095">OP09-095] attacking St. Topman Warcury ["OP13-089">OP13-089]
[Opponent] Discard St. Mjosgard ["OP13-092">OP13-092] for Counter 2000
RZ1|248|2|OP13-092|1|2|6|10|1|1|0|0|0
RZ1|CHK|248|2|28|4|2|4|4|4|11|1|1|2
Laffitte ["OP09-095">OP09-095][5000] vs St. Topman Warcury ["OP13-089">OP13-089][7000]
Attack Fails
RZ1|249|1|Don|5|0|9|100|1|1|0|0|0
RZ1|CHK|249|1|35|7|2|2|3|2|3|1|1|5
RZ1|250|1|Don|5|0|9|101|1|1|0|0|0
RZ1|CHK|250|1|35|7|2|2|3|1|3|1|1|6
RZ1|251|1|Don|5|0|9|102|1|1|0|0|0
RZ1|CHK|251|1|35|7|2|2|3|0|3|1|1|7
[You] Vasco Shot ["OP16-110">OP16-110] attacking St. Topman Warcury ["OP13-089">OP13-089]
Vasco Shot ["OP16-110">OP16-110][5000] vs St. Topman Warcury ["OP13-089">OP13-089][5000]
[Opponent] St. Topman Warcury ["OP13-089">OP13-089] Destroyed
RZ1|252|2|Don|9|0|5|0|1|1|1|0|0
RZ1|CHK|252|2|28|4|2|4|4|5|11|1|1|1
RZ1|253|2|OP13-089|2|0|6|11|1|1|0|0|0
RZ1|CHK|253|2|28|4|1|4|4|5|12|1|1|1
[] Drew card from deck: St. Shalria ["OP13-086">OP13-086]
RZ1|254|2|OP13-086|0|27|1|4|1|1|0|0|0
RZ1|CHK|254|2|27|5|1|4|4|5|12|1|1|1
[Opponent] St. Topman Warcury ["OP13-089">OP13-089]: Draw 1 Card
[You] Fullalead ["OP09-099">OP09-099]: Rest Fullalead ["OP09-099">OP09-099]
RZ1|255|1|OP09-086|1|5|6|3|1|1|0|0|0
RZ1|CHK|255|1|35|6|2|2|3|0|4|1|1|7
[You] Fullalead ["OP09-099">OP09-099]: Trash Jesus Burgess ["OP09-086">OP09-086]
RZ1|256|1|OP09-093|0|34|1|6|1|1|0|0|0
RZ1|CHK|256|1|34|7|2|2|3|0|4|1|1|7
[You] Fullalead ["OP09-099">OP09-099]: <b>Reveal and Draw Marshall D. Teach ["OP09-093">OP09-093]</b>
[You] Placing Cards on Bottom of Deck
RZ1|257|1|OP16-110|0|33|0|0|0|0|0|0|0
RZ1|CHK|257|1|34|7|2|2|3|0|4|1|1|7
RZ1|258|1|OP09-086|0|33|0|0|0|0|0|0|0
RZ1|CHK|258|1|34|7|2|2|3|0|4|1|1|7
[] Hand: [OP16-108,OP09-093,OP16-108,OP09-099,OP16-108,OP16-104,OP09-093]
[] Board: [OP09-095,OP16-110]
[] Trash: [OP12-119,OP16-104,OP06-115,OP09-086]
[] Life: 2
[] Hand: [OP14-096,OP13-098,OP14-096,OP13-096,OP13-086]
[] Trash: [OP13-089,OP16-093,OP13-091,OP13-086,OP13-084,OP13-092,OP13-089,OP13-084,OP13-086,OP13-080,OP13-092,OP13-089]
[] Board: [OP13-083]
[] Life: 4
[You] End Turn
[] Hand: [OP14-096,OP13-098,OP14-096,OP13-096,OP13-086]
[] Board: [OP13-083]
[] Trash: [OP13-089,OP16-093,OP13-091,OP13-086,OP13-084,OP13-092,OP13-089,OP13-084,OP13-086,OP13-080,OP13-092,OP13-089]
[] Life: 4
[] Hand: [OP16-108,OP09-093,OP16-108,OP09-099,OP16-108,OP16-104,OP09-093]
[] Trash: [OP12-119,OP16-104,OP06-115,OP09-086]
[] Board: [OP09-095,OP16-110]
[] Life: 2
RZ1|259|2|Don|9|9900|5|0|1|1|1|0|0
RZ1|CHK|259|2|27|5|1|4|4|6|12|1|1|0
[Opponent] Draw 1 Card
[] Drew card from deck: Ground Death ["OP14-096">OP14-096]
RZ1|260|2|OP14-096|0|26|1|5|1|1|0|0|0
RZ1|CHK|260|2|26|6|1|4|4|6|12|1|1|0
RZ1|261|2|Don|4|3|5|6|1|1|0|0|0
RZ1|CHK|261|2|26|6|1|4|3|7|12|1|1|0
RZ1|262|2|Don|4|2|5|7|1|1|0|0|0
RZ1|CHK|262|2|26|6|1|4|2|8|12|1|1|0
[Opponent] Draw 2 Don
RZ1|263|2|Don|5|0|5|0|1|1|1|0|0
RZ1|CHK|263|2|26|6|1|4|2|8|12|1|1|0
[Opponent] Deploy St. Shalria ["OP13-086">OP13-086]
RZ1|264|2|OP13-086|1|4|2|1|1|1|0|0|0
RZ1|CHK|264|2|26|5|2|4|2|8|12|1|1|0
RZ1|265|2|OP13-082|0|23|1|5|1|1|0|0|0
RZ1|CHK|265|2|25|6|2|4|2|8|12|1|1|0
[Opponent] St. Shalria ["OP13-086">OP13-086]: <b>Reveal and Draw Five Elders ["OP13-082">OP13-082]</b>
[Opponent] St. Shalria ["OP13-086">OP13-086]: Trash 2 Remaining Cards
RZ1|266|2|OP13-096|0|24|6|12|1|1|0|0|0
RZ1|CHK|266|2|24|6|2|4|2|8|13|1|1|0
RZ1|267|2|OP13-080|0|23|6|13|1|1|0|0|0
RZ1|CHK|267|2|23|6|2|4|2|8|14|1|1|0
RZ1|268|2|OP13-098|1|1|6|14|1|1|0|0|0
RZ1|CHK|268|2|23|5|2|4|2|8|15|1|1|0
[Opponent] St. Shalria ["OP13-086">OP13-086]: Trash ...Never Existed... ["OP13-098">OP13-098]
[Opponent] The Five Elders... Are At Your Service ["OP13-096">OP13-096]: Rest 1 Don
RZ1|269|2|Don|5|1|5|1|1|1|1|0|0
RZ1|CHK|269|2|23|5|2|4|2|8|15|1|1|0
RZ1|270|2|OP13-096|1|2|6|15|1|1|0|0|0
RZ1|CHK|270|2|23|4|2|4|2|8|16|1|1|0
RZ1|271|2|OP13-082|0|21|1|4|1|1|0|0|0
RZ1|CHK|271|2|22|5|2|4|2|8|16|1|1|0
[Opponent] The Five Elders... Are At Your Service ["OP13-096">OP13-096]: <b>Reveal and Draw Five Elders ["OP13-082">OP13-082]</b>
[Opponent] The Five Elders... Are At Your Service ["OP13-096">OP13-096]: Trash 2 Remaining Cards
RZ1|272|2|OP13-089|0|21|6|16|1|1|0|0|0
RZ1|CHK|272|2|21|5|2|4|2|8|17|1|1|0
RZ1|273|2|OP13-092|0|20|6|17|1|1|0|0|0
RZ1|CHK|273|2|20|5|2|4|2|8|18|1|1|0
[Opponent] Attach 1 Don to St. Jaygarcia Saturn ["OP13-083">OP13-083] (1 Total)
RZ1|274|2|Don|5|7|9|0|1|1|0|0|0
RZ1|CHK|274|2|20|5|2|4|2|7|18|1|1|1
[Opponent] Attach 1 Don to St. Jaygarcia Saturn ["OP13-083">OP13-083] (2 Total)
RZ1|275|2|Don|5|6|9|1|1|1|0|0|0
RZ1|CHK|275|2|20|5|2|4|2|6|18|1|1|2
[Opponent] Attach 1 Don to St. Jaygarcia Saturn ["OP13-083">OP13-083] (3 Total)
RZ1|276|2|Don|5|5|9|2|1|1|0|0|0
RZ1|CHK|276|2|20|5|2|4|2|5|18|1|1|3
RZ1|277|2|OP13-086|2|1|6|18|1|1|0|0|0
RZ1|CHK|277|2|20|5|1|4|2|5|19|1|1|3
[Opponent] Imu ["OP13-079">OP13-079]: Trash St. Shalria ["OP13-086">OP13-086]
[] Drew card from deck: Five Elders ["OP13-082">OP13-082]
RZ1|278|2|OP13-082|0|19|1|5|1|1|0|0|0
RZ1|CHK|278|2|19|6|1|4|2|5|19|1|1|3
[Opponent] Imu ["OP13-079">OP13-079]: Draw 1 Card
[Opponent] St. Jaygarcia Saturn ["OP13-083">OP13-083] attacking Marshall D. Teach ["OP16-080">OP16-080]
St. Jaygarcia Saturn ["OP13-083">OP13-083][8000] vs Marshall D. Teach ["OP16-080">OP16-080][5000]
Marshall D. Teach ["OP16-080">OP16-080] hit for 1 damage
RZ1|279|1|OP16-104|3|1|1|7|1|1|0|0|0
RZ1|CHK|279|1|34|8|2|1|3|0|4|1|1|7
[You] Catarina Devon ["OP16-104">OP16-104]: Activate Trigger
RZ1|280|1|OP16-104|1|7|6|4|1|1|0|0|0
RZ1|CHK|280|1|34|7|2|1|3|0|5|1|1|7
[] Drew card from deck: Marshall D. Teach ["OP09-093">OP09-093]
RZ1|281|1|OP09-093|0|33|1|7|1|1|0|0|0
RZ1|CHK|281|1|33|8|2|1|3|0|5|1|1|7
[You] Catarina Devon ["OP16-104">OP16-104]: Draw 1 Card
[Opponent] Attach 1 Don to Imu ["OP13-079">OP13-079] (1 Total)
RZ1|282|2|Don|5|4|9|9900|1|1|0|0|0
RZ1|CHK|282|2|19|6|1|4|2|4|19|1|1|4
[Opponent] Attach 1 Don to Imu ["OP13-079">OP13-079] (2 Total)
RZ1|283|2|Don|5|3|9|9901|1|1|0|0|0
RZ1|CHK|283|2|19|6|1|4|2|3|19|1|1|5
[Opponent] Imu ["OP13-079">OP13-079] attacking Marshall D. Teach ["OP16-080">OP16-080]
RZ1|284|1|OP16-108|1|0|6|5|1|1|0|0|0
RZ1|CHK|284|1|33|7|2|1|3|0|6|1|1|7
[You] Marshall D. Teach ["OP16-080">OP16-080]: Trash Shiryu ["OP16-108">OP16-108]
[You] Marshall D. Teach ["OP16-080">OP16-080]: Target of Attack changed to Vasco Shot ["OP16-110">OP16-110]
Imu ["OP13-079">OP13-079][8000] vs Vasco Shot ["OP16-110">OP16-110][2000]
[You] Vasco Shot ["OP16-110">OP16-110] Destroyed
RZ1|285|1|Don|9|100|5|0|1|1|1|0|0
RZ1|CHK|285|1|33|7|2|1|3|1|6|1|1|6
RZ1|286|1|Don|9|100|5|0|1|1|1|0|0
RZ1|CHK|286|1|33|7|2|1|3|2|6|1|1|5
RZ1|287|1|Don|9|100|5|0|1|1|1|0|0
RZ1|CHK|287|1|33|7|2|1|3|3|6|1|1|4
RZ1|288|1|OP16-110|2|1|6|6|1|1|0|0|0
RZ1|CHK|288|1|33|7|1|1|3|3|7|1|1|4
[] Drew card from deck: Doc Q ["OP16-109">OP16-109]
RZ1|289|1|OP16-109|0|32|1|7|1|1|0|0|0
RZ1|CHK|289|1|32|8|1|1|3|3|7|1|1|4
[You] Vasco Shot ["OP16-110">OP16-110]: Draw 1 Card
[] Hand: [OP14-096,OP14-096,OP14-096,OP13-082,OP13-082,OP13-082]
[] Board: [OP13-083]
[] Trash: [OP13-089,OP16-093,OP13-091,OP13-086,OP13-084,OP13-092,OP13-089,OP13-084,OP13-086,OP13-080,OP13-092,OP13-089,OP13-096,OP13-080,OP13-098,OP13-096,OP13-089,OP13-092,OP13-086]
[] Life: 4
[] Hand: [OP09-093,OP16-108,OP09-099,OP16-108,OP16-104,OP09-093,OP09-093,OP16-109]
[] Trash: [OP12-119,OP16-104,OP06-115,OP09-086,OP16-104,OP16-108,OP16-110]
[] Board: [OP09-095]
[] Life: 1
[Opponent] End Turn
[] Hand: [OP09-093,OP16-108,OP09-099,OP16-108,OP16-104,OP09-093,OP09-093,OP16-109]
[] Board: [OP09-095]
[] Trash: [OP12-119,OP16-104,OP06-115,OP09-086,OP16-104,OP16-108,OP16-110]
[] Life: 1
[] Hand: [OP14-096,OP14-096,OP14-096,OP13-082,OP13-082,OP13-082]
[] Trash: [OP13-089,OP16-093,OP13-091,OP13-086,OP13-084,OP13-092,OP13-089,OP13-084,OP13-086,OP13-080,OP13-092,OP13-089,OP13-096,OP13-080,OP13-098,OP13-096,OP13-089,OP13-092,OP13-086]
[] Board: [OP13-083]
[] Life: 4
RZ1|290|1|Don|9|0|5|0|1|1|1|0|0
RZ1|CHK|290|1|32|8|1|1|3|4|7|1|1|3
RZ1|291|1|Don|9|0|5|0|1|1|1|0|0
RZ1|CHK|291|1|32|8|1|1|3|5|7|1|1|2
RZ1|292|1|Don|9|0|5|0|1|1|1|0|0
RZ1|CHK|292|1|32|8|1|1|3|6|7|1|1|1
RZ1|293|1|Don|9|0|5|0|1|1|1|0|0
RZ1|CHK|293|1|32|8|1|1|3|7|7|1|1|0
[You] Draw 1 Card
[] Drew card from deck: ZEHAHAHAHA ["OP16-116">OP16-116]
RZ1|294|1|OP16-116|0|31|1|8|1|1|0|0|0
RZ1|CHK|294|1|31|9|1|1|3|7|7|1|1|0
RZ1|295|1|Don|4|2|5|7|1|1|0|0|0
RZ1|CHK|295|1|31|9|1|1|2|8|7|1|1|0
RZ1|296|1|Don|4|1|5|8|1|1|0|0|0
RZ1|CHK|296|1|31|9|1|1|1|9|7|1|1|0
[You] Draw 2 Don
RZ1|297|1|Don|5|0|5|0|1|1|1|0|0
RZ1|CHK|297|1|31|9|1|1|1|9|7|1|1|0
RZ1|298|1|Don|5|1|5|1|1|1|1|0|0
RZ1|CHK|298|1|31|9|1|1|1|9|7|1|1|0
RZ1|299|1|Don|5|2|5|2|1|1|1|0|0
RZ1|CHK|299|1|31|9|1|1|1|9|7|1|1|0
RZ1|300|1|Don|5|3|5|3|1|1|1|0|0
RZ1|CHK|300|1|31|9|1|1|1|9|7|1|1|0
[You] Deploy Catarina Devon ["OP16-104">OP16-104]
RZ1|301|1|OP16-104|1|4|2|1|1|1|0|0|0
RZ1|CHK|301|1|31|8|2|1|1|9|7|1|1|0
RZ1|302|1|Don|5|4|5|4|1|1|1|0|0
RZ1|CHK|302|1|31|8|2|1|1|9|7|1|1|0
[You] Deploy Doc Q ["OP16-109">OP16-109]
RZ1|303|1|OP16-109|1|6|2|2|1|1|0|0|0
RZ1|CHK|303|1|31|7|3|1|1|9|7|1|1|0
[You] Fullalead ["OP09-099">OP09-099]: Rest Fullalead ["OP09-099">OP09-099]
RZ1|304|1|OP16-116|1|6|6|7|1|1|0|0|0
RZ1|CHK|304|1|31|6|3|1|1|9|8|1|1|0
[You] Fullalead ["OP09-099">OP09-099]: Trash ZEHAHAHAHA ["OP16-116">OP16-116]
RZ1|305|1|OP16-115|0|30|1|6|1|1|0|0|0
RZ1|CHK|305|1|30|7|3|1|1|9|8|1|1|0
[You] Fullalead ["OP09-099">OP09-099]: <b>Reveal and Draw Black Vortex ["OP16-115">OP16-115]</b>
[You] Placing Cards on Bottom of Deck
RZ1|306|1|OP09-086|0|29|0|0|0|0|0|0|0
RZ1|CHK|306|1|30|7|3|1|1|9|8|1|1|0
RZ1|307|1|OP09-099|0|29|0|0|0|0|0|0|0
RZ1|CHK|307|1|30|7|3|1|1|9|8|1|1|0
[You] Laffitte ["OP09-095">OP09-095]: Rest 1 Don
RZ1|308|1|Don|5|5|5|5|1|1|1|0|0
RZ1|CHK|308|1|30|7|3|1|1|9|8|1|1|0
[You] Laffitte ["OP09-095">OP09-095]: Rest Laffitte ["OP09-095">OP09-095]
RZ1|309|1|OP16-119|0|26|1|7|1|1|0|0|0
RZ1|CHK|309|1|29|8|3|1|1|9|8|1|1|0
[You] Laffitte ["OP09-095">OP09-095]: <b>Reveal and Draw Marshall D. Teach ["OP16-119">OP16-119]</b>
[You] Placing Cards on Bottom of Deck
RZ1|310|1|OP09-095|0|28|0|0|0|0|0|0|0
RZ1|CHK|310|1|29|8|3|1|1|9|8|1|1|0
RZ1|311|1|OP09-095|0|28|0|0|0|0|0|0|0
RZ1|CHK|311|1|29|8|3|1|1|9|8|1|1|0
RZ1|312|1|OP12-119|0|28|0|0|0|0|0|0|0
RZ1|CHK|312|1|29|8|3|1|1|9|8|1|1|0
RZ1|313|1|OP16-102|0|28|0|0|0|0|0|0|0
RZ1|CHK|313|1|29|8|3|1|1|9|8|1|1|0
[You] Marshall D. Teach ["OP16-080">OP16-080] attacking St. Jaygarcia Saturn ["OP13-083">OP13-083]
[Opponent] Ground Death ["OP14-096">OP14-096]: Activate Counter
[Opponent] Ground Death ["OP14-096">OP14-096]: Rest 1 Don
RZ1|314|2|Don|5|2|5|2|1|1|1|0|0
RZ1|CHK|314|2|19|6|1|4|2|3|19|1|1|5
RZ1|315|2|OP14-096|1|2|6|19|1|1|0|0|0
RZ1|CHK|315|2|19|5|1|4|2|3|20|1|1|5
[Opponent] Ground Death ["OP14-096">OP14-096]: Buff St. Jaygarcia Saturn ["OP13-083">OP13-083] 4000 for the Combat
Marshall D. Teach ["OP16-080">OP16-080][5000] vs St. Jaygarcia Saturn ["OP13-083">OP13-083][9000]
Attack Fails
RZ1|316|1|Don|5|6|5|6|1|1|1|0|0
RZ1|CHK|316|1|29|8|3|1|1|9|8|1|1|0
RZ1|317|1|OP09-099|7|0|6|8|1|1|0|0|0
RZ1|CHK|317|1|29|8|3|1|1|9|9|0|1|0
[You] Deploy Fullalead ["OP09-099">OP09-099]
RZ1|318|1|OP09-099|1|2|7|0|1|1|0|0|0
RZ1|CHK|318|1|29|7|3|1|1|9|9|1|1|0
[] Hand: [OP09-093,OP16-108,OP16-108,OP09-093,OP09-093,OP16-115,OP16-119]
[] Board: [OP09-095,OP16-104,OP16-109]
[] Trash: [OP12-119,OP16-104,OP06-115,OP09-086,OP16-104,OP16-108,OP16-110,OP16-116,OP09-099]
[] Life: 1
[] Hand: [OP14-096,OP14-096,OP13-082,OP13-082,OP13-082]
[] Trash: [OP13-089,OP16-093,OP13-091,OP13-086,OP13-084,OP13-092,OP13-089,OP13-084,OP13-086,OP13-080,OP13-092,OP13-089,OP13-096,OP13-080,OP13-098,OP13-096,OP13-089,OP13-092,OP13-086,OP14-096]
[] Board: [OP13-083]
[] Life: 4
[You] End Turn
[] Hand: [OP14-096,OP14-096,OP13-082,OP13-082,OP13-082]
[] Board: [OP13-083]
[] Trash: [OP13-089,OP16-093,OP13-091,OP13-086,OP13-084,OP13-092,OP13-089,OP13-084,OP13-086,OP13-080,OP13-092,OP13-089,OP13-096,OP13-080,OP13-098,OP13-096,OP13-089,OP13-092,OP13-086,OP14-096]
[] Life: 4
[] Hand: [OP09-093,OP16-108,OP16-108,OP09-093,OP09-093,OP16-115,OP16-119]
[] Trash: [OP12-119,OP16-104,OP06-115,OP09-086,OP16-104,OP16-108,OP16-110,OP16-116,OP09-099]
[] Board: [OP09-095,OP16-104,OP16-109]
[] Life: 1
RZ1|319|2|Don|9|9900|5|0|1|1|1|0|0
RZ1|CHK|319|2|19|5|1|4|2|4|20|1|1|4
RZ1|320|2|Don|9|9900|5|0|1|1|1|0|0
RZ1|CHK|320|2|19|5|1|4|2|5|20|1|1|3
RZ1|321|2|Don|9|0|5|0|1|1|1|0|0
RZ1|CHK|321|2|19|5|1|4|2|6|20|1|1|2
RZ1|322|2|Don|9|0|5|0|1|1|1|0|0
RZ1|CHK|322|2|19|5|1|4|2|7|20|1|1|1
RZ1|323|2|Don|9|0|5|0|1|1|1|0|0
RZ1|CHK|323|2|19|5|1|4|2|8|20|1|1|0
[Opponent] Draw 1 Card
[] Drew card from deck: St. Marcus Mars ["OP13-091">OP13-091]
RZ1|324|2|OP13-091|0|18|1|5|1|1|0|0|0
RZ1|CHK|324|2|18|6|1|4|2|8|20|1|1|0
RZ1|325|2|Don|4|1|5|8|1|1|0|0|0
RZ1|CHK|325|2|18|6|1|4|1|9|20|1|1|0
RZ1|326|2|Don|4|0|5|9|1|1|0|0|0
RZ1|CHK|326|2|18|6|1|4|0|10|20|1|1|0
[Opponent] Draw 2 Don
[Opponent] Attach 1 Don to St. Jaygarcia Saturn ["OP13-083">OP13-083] (1 Total)
RZ1|327|2|Don|5|9|9|0|1|1|0|0|0
RZ1|CHK|327|2|18|6|1|4|0|9|20|1|1|1
[Opponent] Attach 1 Don to St. Jaygarcia Saturn ["OP13-083">OP13-083] (2 Total)
RZ1|328|2|Don|5|8|9|1|1|1|0|0|0
RZ1|CHK|328|2|18|6|1|4|0|8|20|1|1|2
[Opponent] St. Jaygarcia Saturn ["OP13-083">OP13-083] attacking Marshall D. Teach ["OP16-080">OP16-080]
St. Jaygarcia Saturn ["OP13-083">OP13-083][7000] vs Marshall D. Teach ["OP16-080">OP16-080][5000]
Marshall D. Teach ["OP16-080">OP16-080] hit for 1 damage
RZ1|329|1|OP16-108|3|0|1|7|1|1|0|0|0
RZ1|CHK|329|1|29|8|3|0|1|9|9|1|1|0
[Opponent] Attach 8 Don to Imu ["OP13-079">OP13-079] (8 Total)
RZ1|330|2|Don|5|7|9|9900|1|1|0|0|0
RZ1|CHK|330|2|18|6|1|4|0|7|20|1|1|3
RZ1|331|2|Don|5|6|9|9901|1|1|0|0|0
RZ1|CHK|331|2|18|6|1|4|0|6|20|1|1|4
RZ1|332|2|Don|5|5|9|9902|1|1|0|0|0
RZ1|CHK|332|2|18|6|1|4|0|5|20|1|1|5
RZ1|333|2|Don|5|4|9|9903|1|1|0|0|0
RZ1|CHK|333|2|18|6|1|4|0|4|20|1|1|6
RZ1|334|2|Don|5|3|9|9904|1|1|0|0|0
RZ1|CHK|334|2|18|6|1|4|0|3|20|1|1|7
RZ1|335|2|Don|5|2|9|9905|1|1|0|0|0
RZ1|CHK|335|2|18|6|1|4|0|2|20|1|1|8
RZ1|336|2|Don|5|1|9|9906|1|1|0|0|0
RZ1|CHK|336|2|18|6|1|4|0|1|20|1|1|9
RZ1|337|2|Don|5|0|9|9907|1|1|0|0|0
RZ1|CHK|337|2|18|6|1|4|0|0|20|1|1|10
[Opponent] Imu ["OP13-079">OP13-079] attacking Marshall D. Teach ["OP16-080">OP16-080]
RZ1|338|1|OP16-108|1|1|6|9|1|1|0|0|0
RZ1|CHK|338|1|29|7|3|0|1|9|10|1|1|0
[You] Marshall D. Teach ["OP16-080">OP16-080]: Trash Shiryu ["OP16-108">OP16-108]
[You] Marshall D. Teach ["OP16-080">OP16-080]: Target of Attack changed to Doc Q ["OP16-109">OP16-109]
Imu ["OP13-079">OP13-079][14000] vs Doc Q ["OP16-109">OP16-109][0]
[You] Doc Q ["OP16-109">OP16-109] Destroyed
RZ1|339|1|OP16-109|2|2|6|10|1|1|0|0|0
RZ1|CHK|339|1|29|7|2|0|1|9|11|1|1|0
[] Drew card from deck: Vasco Shot ["OP16-110">OP16-110]
RZ1|340|1|OP16-110|0|28|1|7|1|1|0|0|0
RZ1|CHK|340|1|28|8|2|0|1|9|11|1|1|0
[You] Doc Q ["OP16-109">OP16-109]: Draw 1 Card
RZ1|341|2|Don|9|0|5|0|1|1|1|0|0
RZ1|CHK|341|2|18|6|1|4|0|1|20|1|1|9
RZ1|342|2|Don|9|0|5|0|1|1|1|0|0
RZ1|CHK|342|2|18|6|1|4|0|2|20|1|1|8
RZ1|343|2|OP13-083|2|0|6|20|1|1|0|0|0
RZ1|CHK|343|2|18|6|0|4|0|2|21|1|1|8
[Opponent] Imu ["OP13-079">OP13-079]: Trash St. Jaygarcia Saturn ["OP13-083">OP13-083]
[] Drew card from deck: St. Mjosgard ["OP13-092">OP13-092]
RZ1|344|2|OP13-092|0|17|1|6|1|1|0|0|0
RZ1|CHK|344|2|17|7|0|4|0|2|21|1|1|8
[Opponent] Imu ["OP13-079">OP13-079]: Draw 1 Card
[] Hand: [OP14-096,OP14-096,OP13-082,OP13-082,OP13-082,OP13-091,OP13-092]
[] Board: []
[] Trash: [OP13-089,OP16-093,OP13-091,OP13-086,OP13-084,OP13-092,OP13-089,OP13-084,OP13-086,OP13-080,OP13-092,OP13-089,OP13-096,OP13-080,OP13-098,OP13-096,OP13-089,OP13-092,OP13-086,OP14-096,OP13-083]
[] Life: 4
[] Hand: [OP09-093,OP16-108,OP09-093,OP09-093,OP16-115,OP16-119,OP16-108,OP16-110]
[] Trash: [OP12-119,OP16-104,OP06-115,OP09-086,OP16-104,OP16-108,OP16-110,OP16-116,OP09-099,OP16-108,OP16-109]
[] Board: [OP09-095,OP16-104]
[] Life: 0
[Opponent] End Turn
[] Hand: [OP09-093,OP16-108,OP09-093,OP09-093,OP16-115,OP16-119,OP16-108,OP16-110]
[] Board: [OP09-095,OP16-104]
[] Trash: [OP12-119,OP16-104,OP06-115,OP09-086,OP16-104,OP16-108,OP16-110,OP16-116,OP09-099,OP16-108,OP16-109]
[] Life: 0
[] Hand: [OP14-096,OP14-096,OP13-082,OP13-082,OP13-082,OP13-091,OP13-092]
[] Trash: [OP13-089,OP16-093,OP13-091,OP13-086,OP13-084,OP13-092,OP13-089,OP13-084,OP13-086,OP13-080,OP13-092,OP13-089,OP13-096,OP13-080,OP13-098,OP13-096,OP13-089,OP13-092,OP13-086,OP14-096,OP13-083]
[] Board: []
[] Life: 4
[You] Draw 1 Card
[] Drew card from deck: Vasco Shot ["OP16-110">OP16-110]
RZ1|345|1|OP16-110|0|27|1|8|1|1|0|0|0
RZ1|CHK|345|1|27|9|2|0|1|9|11|1|1|0
RZ1|346|1|Don|4|0|5|9|1|1|0|0|0
RZ1|CHK|346|1|27|9|2|0|0|10|11|1|1|0
[You] Draw 2 Don
RZ1|347|1|Don|5|0|5|0|1|1|1|0|0
RZ1|CHK|347|1|27|9|2|0|0|10|11|1|1|0
RZ1|348|1|Don|5|1|5|1|1|1|1|0|0
RZ1|CHK|348|1|27|9|2|0|0|10|11|1|1|0
RZ1|349|1|Don|5|2|5|2|1|1|1|0|0
RZ1|CHK|349|1|27|9|2|0|0|10|11|1|1|0
RZ1|350|1|Don|5|3|5|3|1|1|1|0|0
RZ1|CHK|350|1|27|9|2|0|0|10|11|1|1|0
RZ1|351|1|Don|5|4|5|4|1|1|1|0|0
RZ1|CHK|351|1|27|9|2|0|0|10|11|1|1|0
RZ1|352|1|Don|5|5|5|5|1|1|1|0|0
RZ1|CHK|352|1|27|9|2|0|0|10|11|1|1|0
RZ1|353|1|Don|5|6|5|6|1|1|1|0|0
RZ1|CHK|353|1|27|9|2|0|0|10|11|1|1|0
RZ1|354|1|Don|5|7|5|7|1|1|1|0|0
RZ1|CHK|354|1|27|9|2|0|0|10|11|1|1|0
RZ1|355|1|Don|5|8|5|8|1|1|1|0|0
RZ1|CHK|355|1|27|9|2|0|0|10|11|1|1|0
RZ1|356|1|Don|5|9|5|9|1|1|1|0|0
RZ1|CHK|356|1|27|9|2|0|0|10|11|1|1|0
[You] Deploy Marshall D. Teach ["OP09-093">OP09-093]
RZ1|357|1|OP09-093|1|0|2|2|1|1|0|0|0
RZ1|CHK|357|1|27|8|3|0|0|10|11|1|1|0
[You] Fullalead ["OP09-099">OP09-099]: Rest Fullalead ["OP09-099">OP09-099]
RZ1|358|1|OP16-115|1|3|6|11|1|1|0|0|0
RZ1|CHK|358|1|27|7|3|0|0|10|12|1|1|0
[You] Fullalead ["OP09-099">OP09-099]: Trash Black Vortex ["OP16-115">OP16-115]
[You] <b>Picked no cards to Draw</b>
[You] Placing Cards on Bottom of Deck
RZ1|359|1|OP16-109|0|26|0|0|0|0|0|0|0
RZ1|CHK|359|1|27|7|3|0|0|10|12|1|1|0
RZ1|360|1|OP09-093|0|26|0|0|0|0|0|0|0
RZ1|CHK|360|1|27|7|3|0|0|10|12|1|1|0
RZ1|361|1|OP16-115|0|26|0|0|0|0|0|0|0
RZ1|CHK|361|1|27|7|3|0|0|10|12|1|1|0
[You] Marshall D. Teach ["OP16-080">OP16-080] attacking Imu ["OP13-079">OP13-079]
[Opponent] Discard St. Marcus Mars ["OP13-091">OP13-091] for Counter 1000
RZ1|362|2|OP13-091|1|5|6|21|1|1|0|0|0
RZ1|CHK|362|2|17|6|0|4|0|2|22|1|1|8
Marshall D. Teach ["OP16-080">OP16-080][5000] vs Imu ["OP13-079">OP13-079][6000]
Attack Fails
[You] Marshall D. Teach ["OP09-093">OP09-093]: Nullify effects of Imu ["OP13-079">OP13-079]
[You] Catarina Devon ["OP16-104">OP16-104] attacking Imu ["OP13-079">OP13-079]
Catarina Devon ["OP16-104">OP16-104][3000] vs Imu ["OP13-079">OP13-079][5000]
Attack Fails
[You] Imu ["OP13-079">OP13-079] no longer nullified
[] Hand: [OP16-108,OP09-093,OP09-093,OP16-119,OP16-108,OP16-110,OP16-110]
[] Board: [OP09-095,OP16-104,OP09-093]
[] Trash: [OP12-119,OP16-104,OP06-115,OP09-086,OP16-104,OP16-108,OP16-110,OP16-116,OP09-099,OP16-108,OP16-109,OP16-115]
[] Life: 0
[] Hand: [OP14-096,OP14-096,OP13-082,OP13-082,OP13-082,OP13-092]
[] Trash: [OP13-089,OP16-093,OP13-091,OP13-086,OP13-084,OP13-092,OP13-089,OP13-084,OP13-086,OP13-080,OP13-092,OP13-089,OP13-096,OP13-080,OP13-098,OP13-096,OP13-089,OP13-092,OP13-086,OP14-096,OP13-083,OP13-091]
[] Board: []
[] Life: 4
[You] End Turn
[] Hand: [OP14-096,OP14-096,OP13-082,OP13-082,OP13-082,OP13-092]
[] Board: []
[] Trash: [OP13-089,OP16-093,OP13-091,OP13-086,OP13-084,OP13-092,OP13-089,OP13-084,OP13-086,OP13-080,OP13-092,OP13-089,OP13-096,OP13-080,OP13-098,OP13-096,OP13-089,OP13-092,OP13-086,OP14-096,OP13-083,OP13-091]
[] Life: 4
[] Hand: [OP16-108,OP09-093,OP09-093,OP16-119,OP16-108,OP16-110,OP16-110]
[] Trash: [OP12-119,OP16-104,OP06-115,OP09-086,OP16-104,OP16-108,OP16-110,OP16-116,OP09-099,OP16-108,OP16-109,OP16-115]
[] Board: [OP09-095,OP16-104,OP09-093]
[] Life: 0
RZ1|363|2|Don|9|9900|5|0|1|1|1|0|0
RZ1|CHK|363|2|17|6|0|4|0|3|22|1|1|7
RZ1|364|2|Don|9|9900|5|0|1|1|1|0|0
RZ1|CHK|364|2|17|6|0|4|0|4|22|1|1|6
RZ1|365|2|Don|9|9900|5|0|1|1|1|0|0
RZ1|CHK|365|2|17|6|0|4|0|5|22|1|1|5
RZ1|366|2|Don|9|9900|5|0|1|1|1|0|0
RZ1|CHK|366|2|17|6|0|4|0|6|22|1|1|4
RZ1|367|2|Don|9|9900|5|0|1|1|1|0|0
RZ1|CHK|367|2|17|6|0|4|0|7|22|1|1|3
RZ1|368|2|Don|9|9900|5|0|1|1|1|0|0
RZ1|CHK|368|2|17|6|0|4|0|8|22|1|1|2
RZ1|369|2|Don|9|9900|5|0|1|1|1|0|0
RZ1|CHK|369|2|17|6|0|4|0|9|22|1|1|1
RZ1|370|2|Don|9|9900|5|0|1|1|1|0|0
RZ1|CHK|370|2|17|6|0|4|0|10|22|1|1|0
[Opponent] Draw 1 Card
[] Drew card from deck: St. Marcus Mars ["OP13-091">OP13-091]
RZ1|371|2|OP13-091|0|16|1|6|1|1|0|0|0
RZ1|CHK|371|2|16|7|0|4|0|10|22|1|1|0
RZ1|372|2|OP13-091|1|6|6|22|1|1|0|0|0
RZ1|CHK|372|2|16|6|0|4|0|10|23|1|1|0
[Opponent] Imu ["OP13-079">OP13-079]: Trash St. Marcus Mars ["OP13-091">OP13-091]
[] Drew card from deck: St. Marcus Mars ["OP13-091">OP13-091]
RZ1|373|2|OP13-091|0|15|1|6|1|1|0|0|0
RZ1|CHK|373|2|15|7|0|4|0|10|23|1|1|0
[Opponent] Imu ["OP13-079">OP13-079]: Draw 1 Card
[Opponent] Attach 1 Don to Imu ["OP13-079">OP13-079] (1 Total)
RZ1|374|2|Don|5|9|9|9900|1|1|0|0|0
RZ1|CHK|374|2|15|7|0|4|0|9|23|1|1|1
[Opponent] Attach 1 Don to Imu ["OP13-079">OP13-079] (2 Total)
RZ1|375|2|Don|5|8|9|9901|1|1|0|0|0
RZ1|CHK|375|2|15|7|0|4|0|8|23|1|1|2
[Opponent] Attach 1 Don to Imu ["OP13-079">OP13-079] (3 Total)
RZ1|376|2|Don|5|7|9|9902|1|1|0|0|0
RZ1|CHK|376|2|15|7|0|4|0|7|23|1|1|3
[Opponent] Imu ["OP13-079">OP13-079] attacking Marshall D. Teach ["OP16-080">OP16-080]
[You] Marshall D. Teach ["OP09-093">OP09-093] Blocks
Imu ["OP13-079">OP13-079][9000] vs Marshall D. Teach ["OP09-093">OP09-093][12000]
Attack Fails
[Opponent] The Empty Throne ["OP13-099">OP13-099]: Rest 3 Don
RZ1|377|2|Don|5|0|5|0|1|1|1|0|0
RZ1|CHK|377|2|15|7|0|4|0|7|23|1|1|3
RZ1|378|2|Don|5|1|5|1|1|1|1|0|0
RZ1|CHK|378|2|15|7|0|4|0|7|23|1|1|3
RZ1|379|2|Don|5|2|5|2|1|1|1|0|0
RZ1|CHK|379|2|15|7|0|4|0|7|23|1|1|3
[Opponent] The Empty Throne ["OP13-099">OP13-099]: Rest The Empty Throne ["OP13-099">OP13-099]
RZ1|380|2|OP13-082|1|4|2|0|1|1|0|0|0
RZ1|CHK|380|2|15|6|1|4|0|7|23|1|1|3
[Opponent] The Empty Throne ["OP13-099">OP13-099]: Deploy Five Elders ["OP13-082">OP13-082]
[Opponent] Five Elders ["OP13-082">OP13-082]: Rest 1 Don
RZ1|381|2|Don|5|3|5|3|1|1|1|0|0
RZ1|CHK|381|2|15|6|1|4|0|7|23|1|1|3
RZ1|382|2|OP13-091|1|5|6|23|1|1|0|0|0
RZ1|CHK|382|2|15|5|1|4|0|7|24|1|1|3
[Opponent] Five Elders ["OP13-082">OP13-082]: Trash St. Marcus Mars ["OP13-091">OP13-091]
RZ1|383|2|OP13-082|2|0|6|24|1|1|0|0|0
RZ1|CHK|383|2|15|5|0|4|0|7|25|1|1|3
[Opponent] Five Elders ["OP13-082">OP13-082]: Trash Five Elders ["OP13-082">OP13-082]
[Opponent] Five Elders ["OP13-082">OP13-082]: Deployed St. Jaygarcia Saturn ["OP13-083">OP13-083] from Trash
RZ1|384|2|OP13-083|6|20|2|0|1|1|0|0|0
RZ1|CHK|384|2|15|5|1|4|0|7|24|1|1|3
[Opponent] Five Elders ["OP13-082">OP13-082]: Deployed St. Marcus Mars ["OP13-091">OP13-091] from Trash
RZ1|385|2|OP13-091|6|20|2|1|1|1|0|0|0
RZ1|CHK|385|2|15|5|2|4|0|7|23|1|1|3
[Opponent] Five Elders ["OP13-082">OP13-082]: Deployed St. Topman Warcury ["OP13-089">OP13-089] from Trash
RZ1|386|2|OP13-089|6|6|2|2|1|1|0|0|0
RZ1|CHK|386|2|15|5|3|4|0|7|22|1|1|3
[Opponent] Five Elders ["OP13-082">OP13-082]: Deployed St. Shepherd Ju Peter ["OP13-084">OP13-084] from Trash
RZ1|387|2|OP13-084|6|4|2|3|1|1|0|2000|0
RZ1|CHK|387|2|15|5|4|4|0|7|21|1|1|3
[Opponent] Five Elders ["OP13-082">OP13-082]: Deployed St. Ethanbaron V. Nusjuro ["OP13-080">OP13-080] from Trash
RZ1|388|2|OP13-080|6|11|2|4|1|1|0|2000|0
RZ1|CHK|388|2|15|5|5|4|0|7|20|1|1|3
RZ1|389|2|OP13-080|0|11|1|5|1|1|0|0|0
RZ1|CHK|389|2|14|6|5|4|0|7|20|1|1|3
[Opponent] St. Jaygarcia Saturn ["OP13-083">OP13-083]: <b>Reveal and Draw St. Ethanbaron V. Nusjuro ["OP13-080">OP13-080]</b>
[Opponent] Placing Cards on Bottom of Deck
RZ1|390|2|OP13-098|0|13|0|0|0|0|0|0|0
RZ1|CHK|390|2|14|6|5|4|0|7|20|1|1|3
RZ1|391|2|OP13-084|0|13|0|0|0|0|0|0|0
RZ1|CHK|391|2|14|6|5|4|0|7|20|1|1|3
RZ1|392|2|OP14-096|0|13|0|0|0|0|0|0|0
RZ1|CHK|392|2|14|6|5|4|0|7|20|1|1|3
RZ1|393|2|OP16-093|0|13|0|0|0|0|0|0|0
RZ1|CHK|393|2|14|6|5|4|0|7|20|1|1|3
[Opponent] Attach 1 Don to St. Ethanbaron V. Nusjuro ["OP13-080">OP13-080] (1 Total)
RZ1|394|2|Don|5|6|9|400|1|1|0|0|0
RZ1|CHK|394|2|14|6|5|4|0|6|20|1|1|4
[Opponent] St. Ethanbaron V. Nusjuro ["OP13-080">OP13-080] attacking Marshall D. Teach ["OP16-080">OP16-080]
[Opponent] St. Ethanbaron V. Nusjuro ["OP13-080">OP13-080]: Buff Marshall D. Teach ["OP09-093">OP09-093] -2000
RZ1|395|1|OP16-108|1|0|6|12|1|1|0|0|0
RZ1|CHK|395|1|27|6|3|0|0|10|13|1|1|0
[You] Marshall D. Teach ["OP16-080">OP16-080]: Trash Shiryu ["OP16-108">OP16-108]
[You] Marshall D. Teach ["OP16-080">OP16-080]: Target of Attack changed to Marshall D. Teach ["OP09-093">OP09-093]
St. Ethanbaron V. Nusjuro ["OP13-080">OP13-080][8000] vs Marshall D. Teach ["OP09-093">OP09-093][10000]
Attack Fails
[] Hand: [OP14-096,OP14-096,OP13-082,OP13-082,OP13-092,OP13-080]
[] Board: [OP13-083,OP13-091,OP13-089,OP13-084,OP13-080]
[] Trash: [OP13-089,OP16-093,OP13-091,OP13-086,OP13-092,OP13-084,OP13-086,OP13-080,OP13-092,OP13-089,OP13-096,OP13-098,OP13-096,OP13-089,OP13-092,OP13-086,OP14-096,OP13-091,OP13-091,OP13-082]
[] Life: 4
[] Hand: [OP09-093,OP09-093,OP16-119,OP16-108,OP16-110,OP16-110]
[] Trash: [OP12-119,OP16-104,OP06-115,OP09-086,OP16-104,OP16-108,OP16-110,OP16-116,OP09-099,OP16-108,OP16-109,OP16-115,OP16-108]
[] Board: [OP09-095,OP16-104,OP09-093]
[] Life: 0
[Opponent] End Turn
[] Hand: [OP09-093,OP09-093,OP16-119,OP16-108,OP16-110,OP16-110]
[] Board: [OP09-095,OP16-104,OP09-093]
[] Trash: [OP12-119,OP16-104,OP06-115,OP09-086,OP16-104,OP16-108,OP16-110,OP16-116,OP09-099,OP16-108,OP16-109,OP16-115,OP16-108]
[] Life: 0
[] Hand: [OP14-096,OP14-096,OP13-082,OP13-082,OP13-092,OP13-080]
[] Trash: [OP13-089,OP16-093,OP13-091,OP13-086,OP13-092,OP13-084,OP13-086,OP13-080,OP13-092,OP13-089,OP13-096,OP13-098,OP13-096,OP13-089,OP13-092,OP13-086,OP14-096,OP13-091,OP13-091,OP13-082]
[] Board: [OP13-083,OP13-091,OP13-089,OP13-084,OP13-080]
[] Life: 4
[You] Draw 1 Card
[] Drew card from deck: Laffitte ["OP09-095">OP09-095]
RZ1|396|1|OP09-095|0|26|1|6|1|1|0|0|0
RZ1|CHK|396|1|26|7|3|0|0|10|13|1|1|0
[You] Marshall D. Teach ["OP16-080">OP16-080] attacking St. Ethanbaron V. Nusjuro ["OP13-080">OP13-080]
[Opponent] St. Topman Warcury ["OP13-089">OP13-089] Blocks
Marshall D. Teach ["OP16-080">OP16-080][5000] vs St. Topman Warcury ["OP13-089">OP13-089][5000]
[Opponent] St. Topman Warcury ["OP13-089">OP13-089] Destroyed
RZ1|397|2|OP13-089|2|2|6|20|1|1|0|0|0
RZ1|CHK|397|2|14|6|4|4|0|6|21|1|1|4
[] Drew card from deck: The Five Elders... Are At Your Service ["OP13-096">OP13-096]
RZ1|398|2|OP13-096|0|13|1|6|1|1|0|0|0
RZ1|CHK|398|2|13|7|4|4|0|6|21|1|1|4
[Opponent] St. Topman Warcury ["OP13-089">OP13-089]: Draw 1 Card
RZ1|399|1|Don|5|0|9|0|1|1|0|0|0
RZ1|CHK|399|1|26|7|3|0|0|9|13|1|1|1
RZ1|400|1|Don|5|0|9|1|1|1|0|0|0
RZ1|CHK|400|1|26|7|3|0|0|8|13|1|1|2
RZ1|401|1|Don|5|0|9|2|1|1|0|0|0
RZ1|CHK|401|1|26|7|3|0|0|7|13|1|1|3
RZ1|402|1|Don|5|0|9|3|1|1|0|0|0
RZ1|CHK|402|1|26|7|3|0|0|6|13|1|1|4
[You] Laffitte ["OP09-095">OP09-095] attacking St. Ethanbaron V. Nusjuro ["OP13-080">OP13-080]
[Opponent] Discard St. Ethanbaron V. Nusjuro ["OP13-080">OP13-080] for Counter 1000
RZ1|403|2|OP13-080|1|5|6|21|1|1|0|0|0
RZ1|CHK|403|2|13|6|4|4|0|6|22|1|1|4
Laffitte ["OP09-095">OP09-095][5000] vs St. Ethanbaron V. Nusjuro ["OP13-080">OP13-080][6000]
Attack Fails
RZ1|404|1|Don|5|0|9|100|1|1|0|0|0
RZ1|CHK|404|1|26|7|3|0|0|5|13|1|1|5
RZ1|405|1|Don|5|0|9|101|1|1|0|0|0
RZ1|CHK|405|1|26|7|3|0|0|4|13|1|1|6
[You] Catarina Devon ["OP16-104">OP16-104] attacking St. Ethanbaron V. Nusjuro ["OP13-080">OP13-080]
[You] Catarina Devon ["OP16-104">OP16-104]: Buff Self 2000
[Opponent] Ground Death ["OP14-096">OP14-096]: Activate Counter
[Opponent] Ground Death ["OP14-096">OP14-096]: Rest 1 Don
RZ1|406|2|Don|5|4|5|4|1|1|1|0|0
RZ1|CHK|406|2|13|6|4|4|0|6|22|1|1|4
RZ1|407|2|OP14-096|1|1|6|22|1|1|0|0|0
RZ1|CHK|407|2|13|5|4|4|0|6|23|1|1|4
[Opponent] Ground Death ["OP14-096">OP14-096]: Buff St. Ethanbaron V. Nusjuro ["OP13-080">OP13-080] 4000 for the Combat
Catarina Devon ["OP16-104">OP16-104][7000] vs St. Ethanbaron V. Nusjuro ["OP13-080">OP13-080][9000]
Attack Fails
RZ1|408|1|Don|5|0|9|200|1|1|0|0|0
RZ1|CHK|408|1|26|7|3|0|0|3|13|1|1|7
RZ1|409|1|Don|5|0|9|201|1|1|0|0|0
RZ1|CHK|409|1|26|7|3|0|0|2|13|1|1|8
[You] Marshall D. Teach ["OP09-093">OP09-093] attacking St. Ethanbaron V. Nusjuro ["OP13-080">OP13-080]
[Opponent] St. Marcus Mars ["OP13-091">OP13-091] Blocks
Marshall D. Teach ["OP09-093">OP09-093][14000] vs St. Marcus Mars ["OP13-091">OP13-091][5000]
[Opponent] St. Marcus Mars ["OP13-091">OP13-091] Destroyed
RZ1|410|2|OP13-091|2|1|6|23|1|1|0|0|0
RZ1|CHK|410|2|13|5|3|4|0|6|24|1|1|4
RZ1|411|1|Don|5|0|5|0|1|1|1|0|0
RZ1|CHK|411|1|26|7|3|0|0|2|13|1|1|8
[You] Deploy Vasco Shot ["OP16-110">OP16-110]
RZ1|412|1|OP16-110|1|4|2|3|1|1|0|0|0
RZ1|CHK|412|1|26|6|4|0|0|2|13|1|1|8
RZ1|413|1|Don|5|1|5|1|1|1|1|0|0
RZ1|CHK|413|1|26|6|4|0|0|2|13|1|1|8
[You] Deploy Vasco Shot ["OP16-110">OP16-110]
RZ1|414|1|OP16-110|1|4|2|4|1|1|0|0|0
RZ1|CHK|414|1|26|5|5|0|0|2|13|1|1|8
[You] Fullalead ["OP09-099">OP09-099]: Rest Fullalead ["OP09-099">OP09-099]
RZ1|415|1|OP09-095|1|4|6|13|1|1|0|0|0
RZ1|CHK|415|1|26|4|5|0|0|2|14|1|1|8
[You] Fullalead ["OP09-099">OP09-099]: Trash Laffitte ["OP09-095">OP09-095]
RZ1|416|1|OP16-119|0|23|1|4|1|1|0|0|0
RZ1|CHK|416|1|25|5|5|0|0|2|14|1|1|8
[You] Fullalead ["OP09-099">OP09-099]: <b>Reveal and Draw Marshall D. Teach ["OP16-119">OP16-119]</b>
[You] Placing Cards on Bottom of Deck
RZ1|417|1|OP06-115|0|24|0|0|0|0|0|0|0
RZ1|CHK|417|1|25|5|5|0|0|2|14|1|1|8
RZ1|418|1|OP12-112|0|24|0|0|0|0|0|0|0
RZ1|CHK|418|1|25|5|5|0|0|2|14|1|1|8
[] Hand: [OP09-093,OP09-093,OP16-119,OP16-108,OP16-119]
[] Board: [OP09-095,OP16-104,OP09-093,OP16-110,OP16-110]
[] Trash: [OP12-119,OP16-104,OP06-115,OP09-086,OP16-104,OP16-108,OP16-110,OP16-116,OP09-099,OP16-108,OP16-109,OP16-115,OP16-108,OP09-095]
[] Life: 0
[] Hand: [OP14-096,OP13-082,OP13-082,OP13-092,OP13-096]
[] Trash: [OP13-089,OP16-093,OP13-091,OP13-086,OP13-092,OP13-084,OP13-086,OP13-080,OP13-092,OP13-089,OP13-096,OP13-098,OP13-096,OP13-089,OP13-092,OP13-086,OP14-096,OP13-091,OP13-091,OP13-082,OP13-089,OP13-080,OP14-096,OP13-091]
[] Board: [OP13-083,OP13-084,OP13-080]
[] Life: 4
[You] End Turn
[] Hand: [OP14-096,OP13-082,OP13-082,OP13-092,OP13-096]
[] Board: [OP13-083,OP13-084,OP13-080]
[] Trash: [OP13-089,OP16-093,OP13-091,OP13-086,OP13-092,OP13-084,OP13-086,OP13-080,OP13-092,OP13-089,OP13-096,OP13-098,OP13-096,OP13-089,OP13-092,OP13-086,OP14-096,OP13-091,OP13-091,OP13-082,OP13-089,OP13-080,OP14-096,OP13-091]
[] Life: 4
[] Hand: [OP09-093,OP09-093,OP16-119,OP16-108,OP16-119]
[] Trash: [OP12-119,OP16-104,OP06-115,OP09-086,OP16-104,OP16-108,OP16-110,OP16-116,OP09-099,OP16-108,OP16-109,OP16-115,OP16-108,OP09-095]
[] Board: [OP09-095,OP16-104,OP09-093,OP16-110,OP16-110]
[] Life: 0
RZ1|419|2|Don|9|9900|5|0|1|1|1|0|0
RZ1|CHK|419|2|13|5|3|4|0|7|24|1|1|3
RZ1|420|2|Don|9|9900|5|0|1|1|1|0|0
RZ1|CHK|420|2|13|5|3|4|0|8|24|1|1|2
RZ1|421|2|Don|9|9900|5|0|1|1|1|0|0
RZ1|CHK|421|2|13|5|3|4|0|9|24|1|1|1
RZ1|422|2|Don|9|200|5|0|1|1|1|0|0
RZ1|CHK|422|2|13|5|3|4|0|10|24|1|1|0
[Opponent] Draw 1 Card
[] Drew card from deck: The Holy Land Mary Geoise ["OP05-097">OP05-097]
RZ1|423|2|OP05-097|0|12|1|5|1|1|0|0|0
RZ1|CHK|423|2|12|6|3|4|0|10|24|1|1|0
[Opponent] St. Shepherd Ju Peter ["OP13-084">OP13-084] attacking Marshall D. Teach ["OP16-080">OP16-080]
RZ1|424|1|OP16-108|1|3|6|14|1|1|0|0|0
RZ1|CHK|424|1|25|4|5|0|0|2|15|1|1|8
[You] Marshall D. Teach ["OP16-080">OP16-080]: Trash Shiryu ["OP16-108">OP16-108]
[You] Marshall D. Teach ["OP16-080">OP16-080]: Target of Attack changed to Marshall D. Teach ["OP09-093">OP09-093]
St. Shepherd Ju Peter ["OP13-084">OP13-084][7000] vs Marshall D. Teach ["OP09-093">OP09-093][12000]
Attack Fails
[Opponent] Attach 1 Don to Imu ["OP13-079">OP13-079] (1 Total)
RZ1|425|2|Don|5|9|9|9900|1|1|0|0|0
RZ1|CHK|425|2|12|6|3|4|0|9|24|1|1|1
[Opponent] Attach 1 Don to Imu ["OP13-079">OP13-079] (2 Total)
RZ1|426|2|Don|5|8|9|9901|1|1|0|0|0
RZ1|CHK|426|2|12|6|3|4|0|8|24|1|1|2
[Opponent] Attach 8 Don to Imu ["OP13-079">OP13-079] (10 Total)
RZ1|427|2|Don|5|0|9|9902|1|1|0|0|0
RZ1|CHK|427|2|12|6|3|4|0|7|24|1|1|3
RZ1|428|2|Don|5|0|9|9903|1|1|0|0|0
RZ1|CHK|428|2|12|6|3|4|0|6|24|1|1|4
RZ1|429|2|Don|5|0|9|9904|1|1|0|0|0
RZ1|CHK|429|2|12|6|3|4|0|5|24|1|1|5
RZ1|430|2|Don|5|0|9|9905|1|1|0|0|0
RZ1|CHK|430|2|12|6|3|4|0|4|24|1|1|6
RZ1|431|2|Don|5|0|9|9906|1|1|0|0|0
RZ1|CHK|431|2|12|6|3|4|0|3|24|1|1|7
RZ1|432|2|Don|5|0|9|9907|1|1|0|0|0
RZ1|CHK|432|2|12|6|3|4|0|2|24|1|1|8
RZ1|433|2|Don|5|0|9|9908|1|1|0|0|0
RZ1|CHK|433|2|12|6|3|4|0|1|24|1|1|9
RZ1|434|2|Don|5|0|9|9909|1|1|0|0|0
RZ1|CHK|434|2|12|6|3|4|0|0|24|1|1|10
[Opponent] Imu ["OP13-079">OP13-079] attacking Marshall D. Teach ["OP16-080">OP16-080]
Imu ["OP13-079">OP13-079][16000] vs Marshall D. Teach ["OP16-080">OP16-080][5000]
Marshall D. Teach ["OP16-080">OP16-080] hit for 1 damage
[You] <b>Downloaded the Combat Log!</b>
GameOver
