Waiting for a Connection with Room ID:RLWTC9
Karlmalone​#2854 Has Connected
Version is 1.40a.60
[Karlmalone​#2854] Leader is Marshall D. Teach ["OP16-080">OP16-080]
kadomaru​#5789 Has Connected
Version is 1.40a.60
[kadomaru​#5789] Leader is Lucy ["OP15-002">OP15-002]
[Karlmalone​#2854] Will select turn order
[Karlmalone​#2854] Chose to go Second
[Karlmalone​#2854] Drew card from deck: Jesus Burgess ["OP09-086">OP09-086]
RZ1|HDR|1.40a|1|RZ1
RZ1|1|1|OP09-086|0|49|1|0|1|1|0|0|0
[Karlmalone​#2854] Drew card from deck: Shiryu ["OP16-108">OP16-108]
RZ1|2|1|OP16-108|0|48|1|1|1|1|0|0|0
[Karlmalone​#2854] Drew card from deck: Vasco Shot ["OP16-110">OP16-110]
RZ1|3|1|OP16-110|0|47|1|2|1|1|0|0|0
[Karlmalone​#2854] Drew card from deck: Bartholomew Kuma ["OP12-119">OP12-119]
RZ1|4|1|OP12-119|0|46|1|3|1|1|0|0|0
[Karlmalone​#2854] Drew card from deck: Fullalead ["OP09-099">OP09-099]
RZ1|5|1|OP09-099|0|45|1|4|1|1|0|0|0
[Karlmalone​#2854] Hand before Mulligan: [OP09-086,OP16-108,OP16-110,OP12-119,OP09-099]
[kadomaru​#5789] Drew card from deck: Bari-Bari Pistol ["OP10-060">OP10-060]
RZ1|6|2|OP10-060|0|49|1|0|0|1|0|0|0
[kadomaru​#5789] Drew card from deck: Cavendish ["OP10-045">OP10-045]
RZ1|7|2|OP10-045|0|48|1|1|0|1|0|0|0
[kadomaru​#5789] Drew card from deck: Follow... me... and... I... will... guide... you... all...!!!! ["OP10-059">OP10-059]
RZ1|8|2|OP10-059|0|47|1|2|0|1|0|0|0
[kadomaru​#5789] Drew card from deck: Gravity Blade Raging Tiger ["OP06-058">OP06-058]
RZ1|9|2|OP06-058|0|46|1|3|0|1|0|0|0
[kadomaru​#5789] Drew card from deck: Follow... me... and... I... will... guide... you... all...!!!! ["OP10-059">OP10-059]
RZ1|10|2|OP10-059|0|45|1|4|0|1|0|0|0
RZ1|11|2|OP10-060|1|0|0|45|0|0|0|0|0
RZ1|12|2|OP10-045|1|0|0|46|0|0|0|0|0
RZ1|13|2|OP10-059|1|0|0|47|0|0|0|0|0
RZ1|14|2|OP06-058|1|0|0|48|0|0|0|0|0
RZ1|15|2|OP10-059|1|0|0|49|0|0|0|0|0
[kadomaru​#5789] Drew card from deck: Cavendish ["OP10-045">OP10-045]
RZ1|16|2|OP10-045|0|49|1|0|0|1|0|0|0
[kadomaru​#5789] Drew card from deck: Rebecca ["OP15-053">OP15-053]
RZ1|17|2|OP15-053|0|48|1|1|0|1|0|0|0
[kadomaru​#5789] Drew card from deck: Just Watch Me... Ace!!! ["OP15-021">OP15-021]
RZ1|18|2|OP15-021|0|47|1|2|0|1|0|0|0
[kadomaru​#5789] Drew card from deck: It's a Memento of Him, and No One Else Can Have It ["OP15-054">OP15-054]
RZ1|19|2|OP15-054|0|46|1|3|0|1|0|0|0
[kadomaru​#5789] Drew card from deck: Fire Fist ["OP05-019">OP05-019]
RZ1|20|2|OP05-019|0|45|1|4|0|1|0|0|0
[kadomaru​#5789] Mulligan
RZ1|21|2|Don|4|9|5|0|1|1|0|0|0
[kadomaru​#5789] Draw 1 Don
RZ1|22|2|Don|5|0|5|0|1|1|1|0|0
[kadomaru​#5789] Deploy Rebecca ["OP15-053">OP15-053]
RZ1|23|2|OP15-053|1|1|2|0|1|1|0|0|0
RZ1|24|2|OP15-053|0|39|1|4|0|1|0|0|0
[kadomaru​#5789] Rebecca ["OP15-053">OP15-053]: <b>Reveal and Draw Rebecca ["OP15-053">OP15-053]</b>
[kadomaru​#5789] Placing Cards on Bottom of Deck
[kadomaru​#5789] End Turn
[Karlmalone​#2854] Hand: [OP09-086,OP16-108,OP16-110,OP12-119,OP09-099]
[Karlmalone​#2854] Board: []
[Karlmalone​#2854] Trash: []
[Karlmalone​#2854] Life: 4
[kadomaru​#5789] Hand: [OP10-045,OP15-021,OP15-054,OP05-019,OP15-053]
[kadomaru​#5789] Trash: []
[kadomaru​#5789] Board: [OP15-053]
[kadomaru​#5789] Life: 4
[Karlmalone​#2854] Draw 1 Card
[Karlmalone​#2854] Drew card from deck: Shiryu ["OP16-108">OP16-108]
RZ1|25|1|OP16-108|0|40|1|5|1|1|0|0|0
RZ1|26|1|Don|4|9|5|0|1|1|0|0|0
RZ1|27|1|Don|4|8|5|1|1|1|0|0|0
[Karlmalone​#2854] Draw 2 Don
RZ1|28|1|Don|5|0|5|0|1|1|1|0|0
[Karlmalone​#2854] Deploy Fullalead ["OP09-099">OP09-099]
RZ1|29|1|Don|5|1|5|1|1|1|1|0|0
[Karlmalone​#2854] Deploy Vasco Shot ["OP16-110">OP16-110]
RZ1|30|1|OP16-110|1|2|2|0|1|1|0|0|0
[Karlmalone​#2854] Hand: [OP09-086,OP16-108,OP12-119,OP16-108]
[Karlmalone​#2854] Board: [OP16-110]
[Karlmalone​#2854] Trash: []
[Karlmalone​#2854] Life: 4
[kadomaru​#5789] Hand: [OP10-045,OP15-021,OP15-054,OP05-019,OP15-053]
[kadomaru​#5789] Trash: []
[kadomaru​#5789] Board: [OP15-053]
[kadomaru​#5789] Life: 4
[Karlmalone​#2854] End Turn
[kadomaru​#5789] Draw 1 Card
[kadomaru​#5789] Drew card from deck: It's a Memento of Him, and No One Else Can Have It ["OP15-054">OP15-054]
RZ1|31|2|OP15-054|0|39|1|5|0|1|0|0|0
RZ1|32|2|Don|4|8|5|1|1|1|0|0|0
RZ1|33|2|Don|4|7|5|2|1|1|0|0|0
[kadomaru​#5789] Draw 2 Don
[kadomaru​#5789] Lucy ["OP15-002">OP15-002] attacking Marshall D. Teach ["OP16-080">OP16-080]
Lucy ["OP15-002">OP15-002][5000] vs Marshall D. Teach ["OP16-080">OP16-080][5000]
Marshall D. Teach ["OP16-080">OP16-080] hit for 1 damage
RZ1|34|2|Don|5|0|5|0|1|1|1|0|0
[kadomaru​#5789] Deploy Rebecca ["OP15-053">OP15-053]
RZ1|35|2|OP15-053|1|4|2|1|1|1|0|0|0
RZ1|36|2|OP15-057|0|37|1|5|0|1|0|0|0
[kadomaru​#5789] Rebecca ["OP15-053">OP15-053]: <b>Reveal and Draw Dressrosa Kingdom ["OP15-057">OP15-057]</b>
[kadomaru​#5789] Placing Cards on Bottom of Deck
RZ1|37|2|Don|5|1|5|1|1|1|1|0|0
[kadomaru​#5789] Deploy Dressrosa Kingdom ["OP15-057">OP15-057]
[kadomaru​#5789] Drew card from deck: Viola ["OP15-040">OP15-040]
RZ1|38|2|OP15-040|0|37|1|5|0|1|0|0|0
[kadomaru​#5789] Dressrosa Kingdom ["OP15-057">OP15-057]: Draw 1 Card
[kadomaru​#5789] Attach 1 Don to Rebecca ["OP15-053">OP15-053] (1 Total)
RZ1|39|2|Don|5|2|9|0|1|1|0|0|0
[kadomaru​#5789] End Turn
[Karlmalone​#2854] Hand: [OP09-086,OP16-108,OP12-119,OP16-108,OP09-093]
[Karlmalone​#2854] Board: [OP16-110]
[Karlmalone​#2854] Trash: []
[Karlmalone​#2854] Life: 3
[kadomaru​#5789] Hand: [OP10-045,OP15-021,OP15-054,OP05-019,OP15-054,OP15-040]
[kadomaru​#5789] Trash: []
[kadomaru​#5789] Board: [OP15-053,OP15-053]
[kadomaru​#5789] Life: 4
[Karlmalone​#2854] Draw 1 Card
[Karlmalone​#2854] Drew card from deck: Vasco Shot ["OP16-110">OP16-110]
RZ1|40|1|OP16-110|0|39|1|5|1|1|0|0|0
RZ1|41|1|Don|4|7|5|2|1|1|0|0|0
RZ1|42|1|Don|4|6|5|3|1|1|0|0|0
[Karlmalone​#2854] Draw 2 Don
[Karlmalone​#2854] Fullalead ["OP09-099">OP09-099]: Rest Fullalead ["OP09-099">OP09-099]
RZ1|43|1|OP16-108|1|3|6|0|1|1|0|0|0
[Karlmalone​#2854] Fullalead ["OP09-099">OP09-099]: Trash Shiryu ["OP16-108">OP16-108]
RZ1|44|1|OP16-104|0|38|1|5|1|1|0|0|0
[Karlmalone​#2854] Fullalead ["OP09-099">OP09-099]: <b>Reveal and Draw Catarina Devon ["OP16-104">OP16-104]</b>
[Karlmalone​#2854] Placing Cards on Bottom of Deck
[Karlmalone​#2854] Marshall D. Teach ["OP16-080">OP16-080] attacking Lucy ["OP15-002">OP15-002]
[kadomaru​#5789] Rebecca ["OP15-053">OP15-053] Blocks
RZ1|45|2|Don|9|0|5|0|1|1|1|0|0
RZ1|46|2|OP15-053|2|0|6|0|1|1|0|0|0
Marshall D. Teach ["OP16-080">OP16-080][5000] vs Rebecca ["OP15-053">OP15-053][0]
[kadomaru​#5789] Rebecca ["OP15-053">OP15-053] Destroyed
RZ1|47|1|Don|5|0|5|0|1|1|1|0|0
RZ1|48|1|Don|5|1|5|1|1|1|1|0|0
RZ1|49|1|Don|5|2|5|2|1|1|1|0|0
RZ1|50|1|Don|5|3|5|3|1|1|1|0|0
[Karlmalone​#2854] Deploy Jesus Burgess ["OP09-086">OP09-086]
RZ1|51|1|OP09-086|1|0|2|1|1|1|0|0|0
[Karlmalone​#2854] Hand: [OP16-108,OP12-119,OP09-093,OP16-110,OP16-104]
[Karlmalone​#2854] Board: [OP16-110,OP09-086]
[Karlmalone​#2854] Trash: [OP16-108]
[Karlmalone​#2854] Life: 3
[kadomaru​#5789] Hand: [OP10-045,OP15-021,OP15-054,OP05-019,OP15-054,OP15-040]
[kadomaru​#5789] Trash: [OP15-053]
[kadomaru​#5789] Board: [OP15-053]
[kadomaru​#5789] Life: 4
[Karlmalone​#2854] End Turn
[kadomaru​#5789] Draw 1 Card
[kadomaru​#5789] Drew card from deck: Bari-Bari Pistol ["OP10-060">OP10-060]
RZ1|52|2|OP10-060|0|36|1|6|0|1|0|0|0
RZ1|53|2|Don|4|6|5|3|1|1|0|0|0
RZ1|54|2|Don|4|5|5|4|1|1|0|0|0
[kadomaru​#5789] Draw 2 Don
[kadomaru​#5789] Bari-Bari Pistol ["OP10-060">OP10-060]: Rest 5 Don
RZ1|55|2|Don|5|0|5|0|1|1|1|0|0
RZ1|56|2|Don|5|1|5|1|1|1|1|0|0
RZ1|57|2|Don|5|2|5|2|1|1|1|0|0
RZ1|58|2|Don|5|3|5|3|1|1|1|0|0
RZ1|59|2|Don|5|4|5|4|1|1|1|0|0
RZ1|60|2|OP10-060|1|6|6|1|1|1|0|0|0
[kadomaru​#5789] Bari-Bari Pistol ["OP10-060">OP10-060]: Send Jesus Burgess ["OP09-086">OP09-086] to Deck Bottom
RZ1|61|1|OP09-086|2|1|0|0|0|0|0|0|0
[kadomaru​#5789] Lucy ["OP15-002">OP15-002] attacking Marshall D. Teach ["OP16-080">OP16-080]
[Karlmalone​#2854] Discard Vasco Shot ["OP16-110">OP16-110] for Counter 1000
RZ1|62|1|OP16-110|1|3|6|1|1|1|0|0|0
Lucy ["OP15-002">OP15-002][5000] vs Marshall D. Teach ["OP16-080">OP16-080][6000]
Attack Fails
[kadomaru​#5789] Drew card from deck: Gravity Blade Raging Tiger ["OP06-058">OP06-058]
RZ1|63|2|OP06-058|0|35|1|6|0|1|0|0|0
[kadomaru​#5789] Lucy ["OP15-002">OP15-002]: Draw 1 Card
[kadomaru​#5789] End Turn
[Karlmalone​#2854] Hand: [OP16-108,OP12-119,OP09-093,OP16-104]
[Karlmalone​#2854] Board: [OP16-110]
[Karlmalone​#2854] Trash: [OP16-108,OP16-110]
[Karlmalone​#2854] Life: 3
[kadomaru​#5789] Hand: [OP10-045,OP15-021,OP15-054,OP05-019,OP15-054,OP15-040,OP06-058]
[kadomaru​#5789] Trash: [OP15-053,OP10-060]
[kadomaru​#5789] Board: [OP15-053]
[kadomaru​#5789] Life: 4
[Karlmalone​#2854] Draw 1 Card
[Karlmalone​#2854] Drew card from deck: Doc Q ["OP16-109">OP16-109]
RZ1|64|1|OP16-109|0|38|1|4|1|1|0|0|0
RZ1|65|1|Don|4|5|5|4|1|1|0|0|0
RZ1|66|1|Don|4|4|5|5|1|1|0|0|0
[Karlmalone​#2854] Draw 2 Don
RZ1|67|1|Don|5|0|5|0|1|1|1|0|0
[Karlmalone​#2854] Deploy Doc Q ["OP16-109">OP16-109]
RZ1|68|1|OP16-109|1|4|2|1|1|1|0|0|0
[Karlmalone​#2854] Fullalead ["OP09-099">OP09-099]: Rest Fullalead ["OP09-099">OP09-099]
RZ1|69|1|OP16-104|1|3|6|2|1|1|0|0|0
[Karlmalone​#2854] Fullalead ["OP09-099">OP09-099]: Trash Catarina Devon ["OP16-104">OP16-104]
RZ1|70|1|OP09-086|0|36|1|3|1|1|0|0|0
[Karlmalone​#2854] Fullalead ["OP09-099">OP09-099]: <b>Reveal and Draw Jesus Burgess ["OP09-086">OP09-086]</b>
[Karlmalone​#2854] Placing Cards on Bottom of Deck
RZ1|71|1|Don|5|1|5|1|1|1|1|0|0
RZ1|72|1|Don|5|2|5|2|1|1|1|0|0
RZ1|73|1|Don|5|3|5|3|1|1|1|0|0
RZ1|74|1|Don|5|4|5|4|1|1|1|0|0
[Karlmalone​#2854] Deploy Jesus Burgess ["OP09-086">OP09-086]
RZ1|75|1|OP09-086|1|3|2|2|1|1|0|0|0
[Karlmalone​#2854] Attach 1 Don to Marshall D. Teach ["OP16-080">OP16-080] (1 Total)
RZ1|76|1|Don|5|5|9|9900|1|1|0|0|0
[Karlmalone​#2854] Marshall D. Teach ["OP16-080">OP16-080] attacking Lucy ["OP15-002">OP15-002]
Marshall D. Teach ["OP16-080">OP16-080][6000] vs Lucy ["OP15-002">OP15-002][5000]
Lucy ["OP15-002">OP15-002] hit for 1 damage
[Karlmalone​#2854] Hand: [OP16-108,OP12-119,OP09-093]
[Karlmalone​#2854] Board: [OP16-110,OP16-109,OP09-086]
[Karlmalone​#2854] Trash: [OP16-108,OP16-110,OP16-104]
[Karlmalone​#2854] Life: 3
[kadomaru​#5789] Hand: [OP10-045,OP15-021,OP15-054,OP05-019,OP15-054,OP15-040,OP06-058,OP15-052]
[kadomaru​#5789] Trash: [OP15-053,OP10-060]
[kadomaru​#5789] Board: [OP15-053]
[kadomaru​#5789] Life: 3
[Karlmalone​#2854] End Turn
[kadomaru​#5789] Draw 1 Card
[kadomaru​#5789] Drew card from deck: It's a Memento of Him, and No One Else Can Have It ["OP15-054">OP15-054]
RZ1|77|2|OP15-054|0|34|1|8|0|1|0|0|0
RZ1|78|2|Don|4|4|5|5|1|1|0|0|0
RZ1|79|2|Don|4|3|5|6|1|1|0|0|0
[kadomaru​#5789] Draw 2 Don
[kadomaru​#5789] Gravity Blade Raging Tiger ["OP06-058">OP06-058]: Rest 7 Don
RZ1|80|2|Don|5|0|5|0|1|1|1|0|0
RZ1|81|2|Don|5|1|5|1|1|1|1|0|0
RZ1|82|2|Don|5|2|5|2|1|1|1|0|0
RZ1|83|2|Don|5|3|5|3|1|1|1|0|0
RZ1|84|2|Don|5|4|5|4|1|1|1|0|0
RZ1|85|2|Don|5|5|5|5|1|1|1|0|0
RZ1|86|2|Don|5|6|5|6|1|1|1|0|0
RZ1|87|2|OP06-058|1|6|6|2|1|1|0|0|0
[kadomaru​#5789] Gravity Blade Raging Tiger ["OP06-058">OP06-058]: Send Jesus Burgess ["OP09-086">OP09-086] to Deck Bottom
[kadomaru​#5789] Gravity Blade Raging Tiger ["OP06-058">OP06-058]: Send Doc Q ["OP16-109">OP16-109] to Deck Bottom
RZ1|88|1|OP09-086|2|2|0|0|0|0|0|0|0
RZ1|89|1|OP16-109|2|1|0|0|0|0|0|0|0
[kadomaru​#5789] Drew card from deck: Fire Fist ["OP15-020">OP15-020]
RZ1|90|2|OP15-020|0|33|1|8|0|1|0|0|0
[kadomaru​#5789] Lucy ["OP15-002">OP15-002]: Draw 1 Card
[kadomaru​#5789] Lucy ["OP15-002">OP15-002] attacking Marshall D. Teach ["OP16-080">OP16-080]
Lucy ["OP15-002">OP15-002][5000] vs Marshall D. Teach ["OP16-080">OP16-080][5000]
Marshall D. Teach ["OP16-080">OP16-080] hit for 1 damage
[Karlmalone​#2854] Catarina Devon ["OP16-104">OP16-104]: Activate Trigger
RZ1|91|1|OP16-104|1|3|6|3|1|1|0|0|0
[Karlmalone​#2854] Drew card from deck: Bartholomew Kuma ["OP12-119">OP12-119]
RZ1|92|1|OP12-119|0|38|1|3|1|1|0|0|0
[Karlmalone​#2854] Catarina Devon ["OP16-104">OP16-104]: Draw 1 Card
[Karlmalone​#2854] Catarina Devon ["OP16-104">OP16-104]: Deployed Vasco Shot ["OP16-110">OP16-110] from Trash
RZ1|93|1|OP16-110|6|1|2|1|1|1|0|0|1
[kadomaru​#5789] End Turn
[Karlmalone​#2854] Hand: [OP16-108,OP12-119,OP09-093,OP12-119]
[Karlmalone​#2854] Board: [OP16-110,OP16-110]
[Karlmalone​#2854] Trash: [OP16-108,OP16-104,OP16-104]
[Karlmalone​#2854] Life: 2
[kadomaru​#5789] Hand: [OP10-045,OP15-021,OP15-054,OP05-019,OP15-054,OP15-040,OP15-052,OP15-054,OP15-020]
[kadomaru​#5789] Trash: [OP15-053,OP10-060,OP06-058]
[kadomaru​#5789] Board: [OP15-053]
[kadomaru​#5789] Life: 3
RZ1|94|1|Don|9|9900|5|0|1|1|1|0|0
[Karlmalone​#2854] Draw 1 Card
[Karlmalone​#2854] Drew card from deck: This is MY AGE!!!! ["OP09-096">OP09-096]
RZ1|95|1|OP09-096|0|37|1|4|1|1|0|0|0
RZ1|96|1|Don|4|3|5|6|1|1|0|0|0
RZ1|97|1|Don|4|2|5|7|1|1|0|0|0
[Karlmalone​#2854] Draw 2 Don
[Karlmalone​#2854] This is MY AGE!!!! ["OP09-096">OP09-096]: Rest 1 Don
RZ1|98|1|Don|5|0|5|0|1|1|1|0|0
RZ1|99|1|OP09-096|1|4|6|3|1|1|0|0|0
RZ1|100|1|OP16-116|0|35|1|4|1|1|0|0|0
[Karlmalone​#2854] This is MY AGE!!!! ["OP09-096">OP09-096]: <b>Reveal and Draw ZEHAHAHAHA ["OP16-116">OP16-116]</b>
[Karlmalone​#2854] This is MY AGE!!!! ["OP09-096">OP09-096]: Trash 2 Remaining Cards
RZ1|101|1|Don|5|1|5|1|1|1|1|0|0
RZ1|102|1|Don|5|2|5|2|1|1|1|0|0
RZ1|103|1|Don|5|3|5|3|1|1|1|0|0
RZ1|104|1|Don|5|4|5|4|1|1|1|0|0
RZ1|105|1|Don|5|5|5|5|1|1|1|0|0
RZ1|106|1|Don|5|6|5|6|1|1|1|0|0
[Karlmalone​#2854] Deploy Shiryu ["OP16-108">OP16-108]
RZ1|107|1|OP16-108|1|0|2|2|1|1|0|0|0
RZ1|108|1|OP12-119|1|2|6|6|1|1|0|0|0
[Karlmalone​#2854] Shiryu ["OP16-108">OP16-108]: Trash Bartholomew Kuma ["OP12-119">OP12-119]
[Karlmalone​#2854] Shiryu ["OP16-108">OP16-108]: Add Shiryu ["OP16-108">OP16-108] to top of Life
[Karlmalone​#2854] Attach 1 Don to Marshall D. Teach ["OP16-080">OP16-080] (1 Total)
RZ1|109|1|Don|5|7|9|9900|1|1|0|0|0
[Karlmalone​#2854] Marshall D. Teach ["OP16-080">OP16-080] attacking Lucy ["OP15-002">OP15-002]
Marshall D. Teach ["OP16-080">OP16-080][6000] vs Lucy ["OP15-002">OP15-002][5000]
Lucy ["OP15-002">OP15-002] hit for 1 damage
[Karlmalone​#2854] Hand: [OP12-119,OP09-093,OP16-116]
[Karlmalone​#2854] Board: [OP16-110,OP16-110,OP16-108]
[Karlmalone​#2854] Trash: [OP16-104,OP16-104,OP09-096,OP16-119,OP09-096,OP12-119]
[Karlmalone​#2854] Life: 3
[kadomaru​#5789] Hand: [OP10-045,OP15-021,OP15-054,OP05-019,OP15-054,OP15-040,OP15-052,OP15-054,OP15-020,OP15-046]
[kadomaru​#5789] Trash: [OP15-053,OP10-060,OP06-058]
[kadomaru​#5789] Board: [OP15-053]
[kadomaru​#5789] Life: 2
[Karlmalone​#2854] End Turn
[kadomaru​#5789] Draw 1 Card
[kadomaru​#5789] Drew card from deck: Viola ["OP15-040">OP15-040]
RZ1|110|2|OP15-040|0|32|1|10|0|1|0|0|0
RZ1|111|2|Don|4|2|5|7|1|1|0|0|0
RZ1|112|2|Don|4|1|5|8|1|1|0|0|0
[kadomaru​#5789] Draw 2 Don
RZ1|113|2|Don|5|0|5|0|1|1|1|0|0
RZ1|114|2|Don|5|1|5|1|1|1|1|0|0
RZ1|115|2|Don|5|2|5|2|1|1|1|0|0
RZ1|116|2|Don|5|3|5|3|1|1|1|0|0
RZ1|117|2|Don|5|4|5|4|1|1|1|0|0
RZ1|118|2|Don|5|5|5|5|1|1|1|0|0
RZ1|119|2|Don|5|6|5|6|1|1|1|0|0
[kadomaru​#5789] Deploy Sabo ["OP15-046">OP15-046]
RZ1|120|2|OP15-046|1|9|2|1|1|1|0|0|0
[kadomaru​#5789] Sabo ["OP15-046">OP15-046]: Activates Fire Fist ["OP15-020">OP15-020]
RZ1|121|2|OP15-020|1|8|6|3|1|1|0|0|0
[kadomaru​#5789] Fire Fist ["OP15-020">OP15-020]: Buff Lucy ["OP15-002">OP15-002] 3000
[kadomaru​#5789] Fire Fist ["OP15-020">OP15-020]: Grant Shiryu ["OP16-108">OP16-108] -8000 until next turn end
RZ1|122|2|OP10-045|1|0|6|4|1|1|0|0|0
[kadomaru​#5789] Fire Fist ["OP15-020">OP15-020]: Trash Cavendish ["OP10-045">OP10-045]
RZ1|123|2|OP15-054|1|1|6|5|1|1|0|0|0
[kadomaru​#5789] Fire Fist ["OP15-020">OP15-020]: Trash It's a Memento of Him, and No One Else Can Have It ["OP15-054">OP15-054]
[kadomaru​#5789] Fire Fist ["OP15-020">OP15-020]: Destroy Shiryu ["OP16-108">OP16-108]
RZ1|124|1|OP16-108|2|2|6|6|1|1|0|0|0
[kadomaru​#5789] Drew card from deck: Bari-Bari Pistol ["OP10-060">OP10-060]
RZ1|125|2|OP10-060|0|31|1|7|0|1|0|0|0
[kadomaru​#5789] Lucy ["OP15-002">OP15-002]: Draw 1 Card
[kadomaru​#5789] Lucy ["OP15-002">OP15-002] attacking Marshall D. Teach ["OP16-080">OP16-080]
Lucy ["OP15-002">OP15-002][8000] vs Marshall D. Teach ["OP16-080">OP16-080][5000]
Marshall D. Teach ["OP16-080">OP16-080] hit for 1 damage
[Karlmalone​#2854] Shiryu ["OP16-108">OP16-108]: Activate Trigger
RZ1|126|1|OP16-108|1|3|6|7|1|1|0|0|0
[Karlmalone​#2854] Drew card from deck: Black Vortex ["OP16-115">OP16-115]
RZ1|127|1|OP16-115|0|33|1|3|1|1|0|0|0
[Karlmalone​#2854] Drew card from deck: ZEHAHAHAHA ["OP16-116">OP16-116]
RZ1|128|1|OP16-116|0|32|1|4|1|1|0|0|0
[Karlmalone​#2854] Shiryu ["OP16-108">OP16-108]: Draw 2 Card
RZ1|129|2|Don|5|7|5|7|1|1|1|0|0
[kadomaru​#5789] Deploy Viola ["OP15-040">OP15-040]
RZ1|130|2|OP15-040|1|6|2|2|1|1|0|0|0
RZ1|131|2|OP15-020|0|29|1|7|0|1|0|0|0
[kadomaru​#5789] Viola ["OP15-040">OP15-040]: <b>Reveal and Draw Fire Fist ["OP15-020">OP15-020]</b>
[kadomaru​#5789] Placing Cards on Bottom of Deck
[kadomaru​#5789] Attach 1 Don to Rebecca ["OP15-053">OP15-053] (1 Total)
RZ1|132|2|Don|5|8|9|0|1|1|0|0|0
[kadomaru​#5789] End Turn
[Karlmalone​#2854] Hand: [OP12-119,OP09-093,OP16-116,OP16-115,OP16-116]
[Karlmalone​#2854] Board: [OP16-110,OP16-110]
[Karlmalone​#2854] Trash: [OP16-104,OP16-104,OP09-096,OP16-119,OP09-096,OP12-119,OP16-108,OP16-108]
[Karlmalone​#2854] Life: 2
[kadomaru​#5789] Hand: [OP15-021,OP05-019,OP15-054,OP15-040,OP15-052,OP15-054,OP10-060,OP15-020]
[kadomaru​#5789] Trash: [OP15-053,OP10-060,OP06-058,OP15-020,OP10-045,OP15-054]
[kadomaru​#5789] Board: [OP15-053,OP15-046,OP15-040]
[kadomaru​#5789] Life: 2
RZ1|133|1|Don|9|9900|5|0|1|1|1|0|0
[Karlmalone​#2854] Draw 1 Card
[Karlmalone​#2854] Drew card from deck: This is MY AGE!!!! ["OP09-096">OP09-096]
RZ1|134|1|OP09-096|0|31|1|5|1|1|0|0|0
RZ1|135|1|Don|4|1|5|8|1|1|0|0|0
RZ1|136|1|Don|4|0|5|9|1|1|0|0|0
[Karlmalone​#2854] Draw 2 Don
[Karlmalone​#2854] This is MY AGE!!!! ["OP09-096">OP09-096]: Rest 1 Don
RZ1|137|1|Don|5|0|5|0|1|1|1|0|0
RZ1|138|1|OP09-096|1|5|6|8|1|1|0|0|0
RZ1|139|1|OP16-109|0|30|1|5|1|1|0|0|0
[Karlmalone​#2854] This is MY AGE!!!! ["OP09-096">OP09-096]: <b>Reveal and Draw Doc Q ["OP16-109">OP16-109]</b>
[Karlmalone​#2854] This is MY AGE!!!! ["OP09-096">OP09-096]: Trash 2 Remaining Cards
RZ1|140|1|Don|5|1|5|1|1|1|1|0|0
[Karlmalone​#2854] Deploy Doc Q ["OP16-109">OP16-109]
RZ1|141|1|OP16-109|1|5|2|2|1|1|0|0|0
[Karlmalone​#2854] ZEHAHAHAHA ["OP16-116">OP16-116]: Rest 8 Don
RZ1|142|1|Don|5|2|5|2|1|1|1|0|0
RZ1|143|1|Don|5|3|5|3|1|1|1|0|0
RZ1|144|1|Don|5|4|5|4|1|1|1|0|0
RZ1|145|1|Don|5|5|5|5|1|1|1|0|0
RZ1|146|1|Don|5|6|5|6|1|1|1|0|0
RZ1|147|1|Don|5|7|5|7|1|1|1|0|0
RZ1|148|1|Don|5|8|5|8|1|1|1|0|0
RZ1|149|1|Don|5|9|5|9|1|1|1|0|0
RZ1|150|1|OP16-116|1|2|6|11|1|1|0|0|0
RZ1|151|1|OP09-093|1|1|2|3|1|1|0|0|0
[Karlmalone​#2854] ZEHAHAHAHA ["OP16-116">OP16-116]: Deploy Marshall D. Teach ["OP09-093">OP09-093]
[Karlmalone​#2854] ZEHAHAHAHA ["OP16-116">OP16-116]: Send 1 Life to Hand
[Karlmalone​#2854] Marshall D. Teach ["OP09-093">OP09-093]: Nullify effects of Lucy ["OP15-002">OP15-002]
[Karlmalone​#2854] Marshall D. Teach ["OP09-093">OP09-093]: Sabo ["OP15-046">OP15-046] can't attack next turn
[Karlmalone​#2854] Marshall D. Teach ["OP09-093">OP09-093]: Nullify effects of Sabo ["OP15-046">OP15-046] until next turn end!
[Karlmalone​#2854] Marshall D. Teach ["OP16-080">OP16-080] attacking Lucy ["OP15-002">OP15-002]
[kadomaru​#5789] Rebecca ["OP15-053">OP15-053] Blocks
RZ1|152|2|Don|9|0|5|0|1|1|1|0|0
RZ1|153|2|OP15-053|2|0|6|6|1|1|0|0|0
Marshall D. Teach ["OP16-080">OP16-080][5000] vs Rebecca ["OP15-053">OP15-053][0]
[kadomaru​#5789] Rebecca ["OP15-053">OP15-053] Destroyed
[Karlmalone​#2854] Lucy ["OP15-002">OP15-002] no longer nullified
[Karlmalone​#2854] Hand: [OP12-119,OP16-115,OP16-116]
[Karlmalone​#2854] Board: [OP16-110,OP16-110,OP16-109,OP09-093]
[Karlmalone​#2854] Trash: [OP16-104,OP16-104,OP09-096,OP16-119,OP09-096,OP12-119,OP16-108,OP16-108,OP09-096,OP16-102,OP16-110,OP16-116]
[Karlmalone​#2854] Life: 2
[kadomaru​#5789] Hand: [OP15-021,OP05-019,OP15-054,OP15-040,OP15-052,OP15-054,OP10-060,OP15-020,OP15-056]
[kadomaru​#5789] Trash: [OP15-053,OP10-060,OP06-058,OP15-020,OP10-045,OP15-054,OP15-053]
[kadomaru​#5789] Board: [OP15-046,OP15-040]
[kadomaru​#5789] Life: 1
[Karlmalone​#2854] End Turn
[kadomaru​#5789] Draw 1 Card
[kadomaru​#5789] Drew card from deck: Bari-Bari Pistol ["OP10-060">OP10-060]
RZ1|154|2|OP10-060|0|29|1|9|0|1|0|0|0
RZ1|155|2|Don|4|0|5|9|1|1|0|0|0
[kadomaru​#5789] Draw 2 Don
RZ1|156|2|Don|5|0|5|0|1|1|1|0|0
[kadomaru​#5789] Deploy Viola ["OP15-040">OP15-040]
RZ1|157|2|OP15-040|1|3|2|2|1|1|0|0|0
RZ1|158|2|OP10-059|0|27|1|9|0|1|0|0|0
[kadomaru​#5789] Viola ["OP15-040">OP15-040]: <b>Reveal and Draw Follow... me... and... I... will... guide... you... all...!!!! ["OP10-059">OP10-059]</b>
[kadomaru​#5789] Placing Cards on Bottom of Deck
[kadomaru​#5789] Fire Fist ["OP15-020">OP15-020]: Rest 7 Don
RZ1|159|2|Don|5|1|5|1|1|1|1|0|0
RZ1|160|2|Don|5|2|5|2|1|1|1|0|0
RZ1|161|2|Don|5|3|5|3|1|1|1|0|0
RZ1|162|2|Don|5|4|5|4|1|1|1|0|0
RZ1|163|2|Don|5|5|5|5|1|1|1|0|0
RZ1|164|2|Don|5|6|5|6|1|1|1|0|0
RZ1|165|2|Don|5|7|5|7|1|1|1|0|0
RZ1|166|2|OP15-020|1|6|6|7|1|1|0|0|0
[kadomaru​#5789] Fire Fist ["OP15-020">OP15-020]: Buff Lucy ["OP15-002">OP15-002] 3000
[kadomaru​#5789] Fire Fist ["OP15-020">OP15-020]: Grant Marshall D. Teach ["OP09-093">OP09-093] -8000 until next turn end
[kadomaru​#5789] Drew card from deck: Would You Let Me Eat... The Flame-Flame Fruit? ["OP15-056">OP15-056]
RZ1|167|2|OP15-056|0|27|1|9|0|1|0|0|0
[kadomaru​#5789] Lucy ["OP15-002">OP15-002]: Draw 1 Card
[kadomaru​#5789] Fire Fist ["OP05-019">OP05-019]: Rest 2 Don
RZ1|168|2|Don|5|8|5|8|1|1|1|0|0
RZ1|169|2|Don|5|9|5|9|1|1|1|0|0
RZ1|170|2|OP05-019|1|1|6|8|1|1|0|0|0
[kadomaru​#5789] Fire Fist ["OP05-019">OP05-019]: Buff Marshall D. Teach ["OP09-093">OP09-093] -4000
[kadomaru​#5789] Fire Fist ["OP05-019">OP05-019]: Destroy Marshall D. Teach ["OP09-093">OP09-093]
RZ1|171|1|OP09-093|2|3|6|12|1|1|0|0|0
[kadomaru​#5789] Lucy ["OP15-002">OP15-002] attacking Marshall D. Teach ["OP16-080">OP16-080]
Lucy ["OP15-002">OP15-002][8000] vs Marshall D. Teach ["OP16-080">OP16-080][5000]
Marshall D. Teach ["OP16-080">OP16-080] hit for 1 damage
[kadomaru​#5789] Sabo ["OP15-046">OP15-046] is no longer blocked from attacking
[kadomaru​#5789] Sabo ["OP15-046">OP15-046] no longer nullified
[kadomaru​#5789] End Turn
[Karlmalone​#2854] Hand: [OP12-119,OP16-115,OP16-116,OP09-086]
[Karlmalone​#2854] Board: [OP16-110,OP16-110,OP16-109]
[Karlmalone​#2854] Trash: [OP16-104,OP16-104,OP09-096,OP16-119,OP09-096,OP12-119,OP16-108,OP16-108,OP09-096,OP16-102,OP16-110,OP16-116,OP09-093]
[Karlmalone​#2854] Life: 1
[kadomaru​#5789] Hand: [OP15-021,OP15-054,OP15-052,OP15-054,OP10-060,OP15-056,OP10-060,OP10-059,OP15-056]
[kadomaru​#5789] Trash: [OP15-053,OP10-060,OP06-058,OP15-020,OP10-045,OP15-054,OP15-053,OP15-020,OP05-019]
[kadomaru​#5789] Board: [OP15-046,OP15-040,OP15-040]
[kadomaru​#5789] Life: 1
[Karlmalone​#2854] Draw 1 Card
[Karlmalone​#2854] Drew card from deck: Marshall D. Teach ["OP09-093">OP09-093]
RZ1|172|1|OP09-093|0|27|1|4|1|1|0|0|0
[Karlmalone​#2854] Black Vortex ["OP16-115">OP16-115]: Rest 1 Don
RZ1|173|1|Don|5|0|5|0|1|1|1|0|0
RZ1|174|1|OP16-115|1|1|6|13|1|1|0|0|0
[Karlmalone​#2854] <b>Draw Marshall D. Teach ["OP16-119">OP16-119] from Trash</b>
RZ1|175|1|OP16-119|6|3|1|4|1|1|0|0|0
[Karlmalone​#2854] Attach 1 Don to Marshall D. Teach ["OP16-080">OP16-080] (1 Total)
RZ1|176|1|Don|5|9|9|9900|1|1|0|0|0
[Karlmalone​#2854] Marshall D. Teach ["OP16-080">OP16-080] attacking Lucy ["OP15-002">OP15-002]
[kadomaru​#5789] Dressrosa Kingdom ["OP15-057">OP15-057]: Rest Dressrosa Kingdom ["OP15-057">OP15-057]
RZ1|177|2|OP15-056|1|8|6|9|1|1|0|0|0
[kadomaru​#5789] Dressrosa Kingdom ["OP15-057">OP15-057]: Trash Would You Let Me Eat... The Flame-Flame Fruit? ["OP15-056">OP15-056]
[kadomaru​#5789] Dressrosa Kingdom ["OP15-057">OP15-057]: Buff Lucy ["OP15-002">OP15-002] 2000 for the Combat
Marshall D. Teach ["OP16-080">OP16-080][6000] vs Lucy ["OP15-002">OP15-002][7000]
Attack Fails
[Karlmalone​#2854] ZEHAHAHAHA ["OP16-116">OP16-116]: Rest 8 Don
RZ1|178|1|Don|5|1|5|1|1|1|1|0|0
RZ1|179|1|Don|5|2|5|2|1|1|1|0|0
RZ1|180|1|Don|5|3|5|3|1|1|1|0|0
RZ1|181|1|Don|5|4|5|4|1|1|1|0|0
RZ1|182|1|Don|5|5|5|5|1|1|1|0|0
RZ1|183|1|Don|5|6|5|6|1|1|1|0|0
RZ1|184|1|Don|5|7|5|7|1|1|1|0|0
RZ1|185|1|Don|5|8|5|8|1|1|1|0|0
RZ1|186|1|OP16-116|1|1|6|13|1|1|0|0|0
RZ1|187|1|OP09-093|1|2|2|3|1|1|0|0|0
[Karlmalone​#2854] ZEHAHAHAHA ["OP16-116">OP16-116]: Deploy Marshall D. Teach ["OP09-093">OP09-093]
[Karlmalone​#2854] ZEHAHAHAHA ["OP16-116">OP16-116]: Send 1 Life to Hand
[Karlmalone​#2854] Marshall D. Teach ["OP09-093">OP09-093]: Nullify effects of Lucy ["OP15-002">OP15-002]
[Karlmalone​#2854] Marshall D. Teach ["OP09-093">OP09-093]: Sabo ["OP15-046">OP15-046] can't attack next turn
[Karlmalone​#2854] Marshall D. Teach ["OP09-093">OP09-093]: Nullify effects of Sabo ["OP15-046">OP15-046] until next turn end!
[Karlmalone​#2854] Fullalead ["OP09-099">OP09-099]: Rest Fullalead ["OP09-099">OP09-099]
RZ1|188|1|OP12-119|1|0|6|14|1|1|0|0|0
[Karlmalone​#2854] Fullalead ["OP09-099">OP09-099]: Trash Bartholomew Kuma ["OP12-119">OP12-119]
RZ1|189|1|OP09-096|0|25|1|2|1|1|0|0|0
[Karlmalone​#2854] Fullalead ["OP09-099">OP09-099]: <b>Reveal and Draw This is MY AGE!!!! ["OP09-096">OP09-096]</b>
[Karlmalone​#2854] Placing Cards on Bottom of Deck
[Karlmalone​#2854] Lucy ["OP15-002">OP15-002] no longer nullified
[Karlmalone​#2854] Hand: [OP09-086,OP16-119,OP09-096]
[Karlmalone​#2854] Board: [OP16-110,OP16-110,OP16-109,OP09-093]
[Karlmalone​#2854] Trash: [OP16-104,OP16-104,OP09-096,OP09-096,OP12-119,OP16-108,OP16-108,OP09-096,OP16-102,OP16-110,OP16-116,OP09-093,OP16-115,OP16-116,OP12-119]
[Karlmalone​#2854] Life: 1
[kadomaru​#5789] Hand: [OP15-021,OP15-054,OP15-052,OP15-054,OP10-060,OP15-056,OP10-060,OP10-059,OP15-006]
[kadomaru​#5789] Trash: [OP15-053,OP10-060,OP06-058,OP15-020,OP10-045,OP15-054,OP15-053,OP15-020,OP05-019,OP15-056]
[kadomaru​#5789] Board: [OP15-046,OP15-040,OP15-040]
[kadomaru​#5789] Life: 0
[Karlmalone​#2854] End Turn
[kadomaru​#5789] Draw 1 Card
[kadomaru​#5789] Drew card from deck: Belo Betty ["OP05-015">OP05-015]
RZ1|190|2|OP05-015|0|26|1|9|0|1|0|0|0
RZ1|191|2|Don|5|0|5|0|1|1|1|0|0
[kadomaru​#5789] Deploy Belo Betty ["OP05-015">OP05-015]
RZ1|192|2|OP05-015|1|9|2|3|1|1|0|0|0
[kadomaru​#5789] Belo Betty ["OP05-015">OP05-015]: <b>Reveal and Draw Fire Fist ["OP05-019">OP05-019]</b>
RZ1|193|2|OP05-019|0|25|1|9|0|1|0|0|0
[kadomaru​#5789] Just Watch Me... Ace!!! ["OP15-021">OP15-021]: Rest 1 Don
RZ1|194|2|Don|5|1|5|1|1|1|1|0|0
RZ1|195|2|OP15-021|1|0|6|10|1|1|0|0|0
[kadomaru​#5789] Just Watch Me... Ace!!! ["OP15-021">OP15-021]: Buff Marshall D. Teach ["OP09-093">OP09-093] -3000
[kadomaru​#5789] Fire Fist ["OP05-019">OP05-019]: Rest 2 Don
RZ1|196|2|Don|5|2|5|2|1|1|1|0|0
RZ1|197|2|Don|5|3|5|3|1|1|1|0|0
RZ1|198|2|OP05-019|1|8|6|11|1|1|0|0|0
[kadomaru​#5789] Fire Fist ["OP05-019">OP05-019]: Buff Marshall D. Teach ["OP09-093">OP09-093] -4000
[kadomaru​#5789] Fire Fist ["OP05-019">OP05-019]: Destroy Doc Q ["OP16-109">OP16-109]
RZ1|199|1|OP16-109|2|2|6|15|1|1|0|0|0
[Karlmalone​#2854] Drew card from deck: Shiryu ["OP16-108">OP16-108]
RZ1|200|1|OP16-108|0|25|1|3|1|1|0|0|0
[Karlmalone​#2854] Doc Q ["OP16-109">OP16-109]: Draw 1 Card
[Karlmalone​#2854] Doc Q ["OP16-109">OP16-109]: Destroy Viola ["OP15-040">OP15-040]
[Karlmalone​#2854] Doc Q ["OP16-109">OP16-109]: Destroy Viola ["OP15-040">OP15-040]
RZ1|201|2|OP15-040|2|2|6|12|1|1|0|0|0
RZ1|202|2|OP15-040|2|1|6|13|1|1|0|0|0
[kadomaru​#5789] Bari-Bari Pistol ["OP10-060">OP10-060]: Rest 5 Don
RZ1|203|2|Don|5|4|5|4|1|1|1|0|0
RZ1|204|2|Don|5|5|5|5|1|1|1|0|0
RZ1|205|2|Don|5|6|5|6|1|1|1|0|0
RZ1|206|2|Don|5|7|5|7|1|1|1|0|0
RZ1|207|2|Don|5|8|5|8|1|1|1|0|0
RZ1|208|2|OP10-060|1|3|6|14|1|1|0|0|0
[kadomaru​#5789] Bari-Bari Pistol ["OP10-060">OP10-060]: Send Marshall D. Teach ["OP09-093">OP09-093] to Deck Bottom
RZ1|209|1|OP09-093|2|2|0|0|0|0|0|0|0
[kadomaru​#5789] Drew card from deck: Sabo ["OP15-046">OP15-046]
RZ1|210|2|OP15-046|0|24|1|7|0|1|0|0|0
[kadomaru​#5789] Lucy ["OP15-002">OP15-002]: Draw 1 Card
[kadomaru​#5789] Lucy ["OP15-002">OP15-002] attacking Marshall D. Teach ["OP16-080">OP16-080]
[Karlmalone​#2854] Discard Jesus Burgess ["OP09-086">OP09-086] for Counter 1000
RZ1|211|1|OP09-086|1|0|6|16|1|1|0|0|0
Lucy ["OP15-002">OP15-002][5000] vs Marshall D. Teach ["OP16-080">OP16-080][6000]
Attack Fails
[kadomaru​#5789] Follow... me... and... I... will... guide... you... all...!!!! ["OP10-059">OP10-059]: Rest 1 Don
RZ1|212|2|Don|5|9|5|9|1|1|1|0|0
RZ1|213|2|OP10-059|1|5|6|15|1|1|0|0|0
RZ1|214|2|OP10-045|0|19|1|7|0|1|0|0|0
[kadomaru​#5789] Follow... me... and... I... will... guide... you... all...!!!! ["OP10-059">OP10-059]: <b>Reveal and Draw Cavendish ["OP10-045">OP10-045]</b>
[kadomaru​#5789] Placing Cards on Bottom of Deck
[kadomaru​#5789] Sabo ["OP15-046">OP15-046] is no longer blocked from attacking
[kadomaru​#5789] Sabo ["OP15-046">OP15-046] no longer nullified
[kadomaru​#5789] End Turn
[Karlmalone​#2854] Hand: [OP16-119,OP09-096,OP16-108]
[Karlmalone​#2854] Board: [OP16-110,OP16-110]
[Karlmalone​#2854] Trash: [OP16-104,OP16-104,OP09-096,OP09-096,OP12-119,OP16-108,OP16-108,OP09-096,OP16-102,OP16-110,OP16-116,OP09-093,OP16-115,OP16-116,OP12-119,OP16-109,OP09-086]
[Karlmalone​#2854] Life: 1
[kadomaru​#5789] Hand: [OP15-054,OP15-052,OP15-054,OP15-056,OP10-060,OP15-006,OP15-046,OP10-045]
[kadomaru​#5789] Trash: [OP15-053,OP10-060,OP06-058,OP15-020,OP10-045,OP15-054,OP15-053,OP15-020,OP05-019,OP15-056,OP15-021,OP05-019,OP15-040,OP15-040,OP10-060,OP10-059]
[kadomaru​#5789] Board: [OP15-046,OP05-015]
[kadomaru​#5789] Life: 0
RZ1|215|1|Don|9|9900|5|0|1|1|1|0|0
[Karlmalone​#2854] Draw 1 Card
[Karlmalone​#2854] Drew card from deck: Laffitte ["OP09-095">OP09-095]
RZ1|216|1|OP09-095|0|25|1|3|1|1|0|0|0
RZ1|217|1|Don|5|0|5|0|1|1|1|0|0
RZ1|218|1|Don|5|1|5|1|1|1|1|0|0
RZ1|219|1|Don|5|2|5|2|1|1|1|0|0
RZ1|220|1|Don|5|3|5|3|1|1|1|0|0
RZ1|221|1|Don|5|4|5|4|1|1|1|0|0
RZ1|222|1|Don|5|5|5|5|1|1|1|0|0
RZ1|223|1|Don|5|6|5|6|1|1|1|0|0
RZ1|224|1|Don|5|7|5|7|1|1|1|0|0
[Karlmalone​#2854] Deploy Marshall D. Teach ["OP16-119">OP16-119]
RZ1|225|1|OP16-119|1|0|2|2|1|1|0|0|0
[Karlmalone​#2854] Marshall D. Teach ["OP16-119">OP16-119]: Added card to top of Life from Hand
[Karlmalone​#2854] Placing Cards on Bottom of Deck
RZ1|226|1|Don|5|8|5|8|1|1|1|0|0
[Karlmalone​#2854] Deploy Laffitte ["OP09-095">OP09-095]
RZ1|227|1|OP09-095|1|2|2|3|1|1|0|0|0
[Karlmalone​#2854] Laffitte ["OP09-095">OP09-095]: Rest 1 Don
RZ1|228|1|Don|5|9|5|9|1|1|1|0|0
[Karlmalone​#2854] Laffitte ["OP09-095">OP09-095]: Rest Laffitte ["OP09-095">OP09-095]
RZ1|229|1|OP09-093|0|23|1|2|1|1|0|0|0
[Karlmalone​#2854] Laffitte ["OP09-095">OP09-095]: <b>Reveal and Draw Marshall D. Teach ["OP09-093">OP09-093]</b>
[Karlmalone​#2854] Placing Cards on Bottom of Deck
[Karlmalone​#2854] Marshall D. Teach ["OP16-080">OP16-080] attacking Lucy ["OP15-002">OP15-002]
[kadomaru​#5789] Sabo ["OP15-046">OP15-046] Blocks
Marshall D. Teach ["OP16-080">OP16-080][5000] vs Sabo ["OP15-046">OP15-046][9000]
Attack Fails
[Karlmalone​#2854] Fullalead ["OP09-099">OP09-099]: Rest Fullalead ["OP09-099">OP09-099]
RZ1|230|1|OP09-096|1|0|6|17|1|1|0|0|0
[Karlmalone​#2854] Fullalead ["OP09-099">OP09-099]: Trash This is MY AGE!!!! ["OP09-096">OP09-096]
RZ1|231|1|OP16-104|0|21|1|2|1|1|0|0|0
[Karlmalone​#2854] Fullalead ["OP09-099">OP09-099]: <b>Reveal and Draw Catarina Devon ["OP16-104">OP16-104]</b>
[Karlmalone​#2854] Placing Cards on Bottom of Deck
[Karlmalone​#2854] Hand: [OP16-108,OP09-093,OP16-104]
[Karlmalone​#2854] Board: [OP16-110,OP16-110,OP16-119,OP09-095]
[Karlmalone​#2854] Trash: [OP16-104,OP16-104,OP09-096,OP09-096,OP12-119,OP16-108,OP16-108,OP09-096,OP16-102,OP16-110,OP16-116,OP09-093,OP16-115,OP16-116,OP12-119,OP16-109,OP09-086,OP09-096]
[Karlmalone​#2854] Life: 2
[kadomaru​#5789] Hand: [OP15-054,OP15-052,OP15-054,OP15-056,OP10-060,OP15-006,OP15-046,OP10-045]
[kadomaru​#5789] Trash: [OP15-053,OP10-060,OP06-058,OP15-020,OP10-045,OP15-054,OP15-053,OP15-020,OP05-019,OP15-056,OP15-021,OP05-019,OP15-040,OP15-040,OP10-060,OP10-059]
[kadomaru​#5789] Board: [OP15-046,OP05-015]
[kadomaru​#5789] Life: 0
[Karlmalone​#2854] End Turn
[kadomaru​#5789] Draw 1 Card
[kadomaru​#5789] Drew card from deck: Leo ["OP15-052">OP15-052]
RZ1|232|2|OP15-052|0|22|1|8|0|1|0|0|0
[kadomaru​#5789] Belo Betty ["OP05-015">OP05-015] attacking Laffitte ["OP09-095">OP09-095]
Belo Betty ["OP05-015">OP05-015][2000] vs Laffitte ["OP09-095">OP09-095][1000]
[Karlmalone​#2854] Laffitte ["OP09-095">OP09-095] Destroyed
RZ1|233|1|OP09-095|2|3|6|18|1|1|0|0|0
RZ1|234|2|Don|5|0|5|0|1|1|1|0|0
RZ1|235|2|Don|5|1|5|1|1|1|1|0|0
RZ1|236|2|Don|5|2|5|2|1|1|1|0|0
RZ1|237|2|Don|5|3|5|3|1|1|1|0|0
RZ1|238|2|Don|5|4|5|4|1|1|1|0|0
RZ1|239|2|Don|5|5|5|5|1|1|1|0|0
RZ1|240|2|Don|5|6|5|6|1|1|1|0|0
[kadomaru​#5789] Deploy Sabo ["OP15-046">OP15-046]
RZ1|241|2|OP15-046|1|6|2|2|1|1|0|0|0
[kadomaru​#5789] Sabo ["OP15-046">OP15-046]: Activates It's a Memento of Him, and No One Else Can Have It ["OP15-054">OP15-054]
RZ1|242|2|OP15-054|1|2|6|16|1|1|0|0|0
[kadomaru​#5789] Drew card from deck: Fire Fist ["OP15-020">OP15-020]
RZ1|243|2|OP15-020|0|21|1|7|0|1|0|0|0
[kadomaru​#5789] Drew card from deck: Viola ["OP15-040">OP15-040]
RZ1|244|2|OP15-040|0|20|1|8|0|1|0|0|0
[kadomaru​#5789] It's a Memento of Him, and No One Else Can Have It ["OP15-054">OP15-054]: Draw 2 Card
RZ1|245|2|OP15-056|1|2|6|17|1|1|0|0|0
[kadomaru​#5789] It's a Memento of Him, and No One Else Can Have It ["OP15-054">OP15-054]: Trash Would You Let Me Eat... The Flame-Flame Fruit? ["OP15-056">OP15-056]
RZ1|246|2|OP10-045|1|4|2|3|1|1|0|0|0
[kadomaru​#5789] It's a Memento of Him, and No One Else Can Have It ["OP15-054">OP15-054]: Deploy Cavendish ["OP10-045">OP10-045]
[kadomaru​#5789] Drew card from deck: Bari-Bari Pistol ["OP10-060">OP10-060]
RZ1|247|2|OP10-060|0|19|1|7|0|1|0|0|0
[kadomaru​#5789] Lucy ["OP15-002">OP15-002]: Draw 1 Card
[kadomaru​#5789] Attach 1 Don to Lucy ["OP15-002">OP15-002] (1 Total)
RZ1|248|2|Don|5|9|9|9900|1|1|0|0|0
[kadomaru​#5789] Attach 1 Don to Lucy ["OP15-002">OP15-002] (2 Total)
RZ1|249|2|Don|5|8|9|9901|1|1|0|0|0
[kadomaru​#5789] Lucy ["OP15-002">OP15-002] attacking Marshall D. Teach ["OP16-080">OP16-080]
RZ1|250|1|OP16-104|1|2|6|19|1|1|0|0|0
[Karlmalone​#2854] Marshall D. Teach ["OP16-080">OP16-080]: Trash Catarina Devon ["OP16-104">OP16-104]
[Karlmalone​#2854] Marshall D. Teach ["OP16-080">OP16-080]: Target of Attack changed to Vasco Shot ["OP16-110">OP16-110]
Lucy ["OP15-002">OP15-002][7000] vs Vasco Shot ["OP16-110">OP16-110][2000]
[Karlmalone​#2854] Vasco Shot ["OP16-110">OP16-110] Destroyed
RZ1|251|1|OP16-110|2|1|6|20|1|1|0|0|0
[Karlmalone​#2854] Drew card from deck: Doc Q ["OP16-109">OP16-109]
RZ1|252|1|OP16-109|0|21|1|2|1|1|0|0|0
[Karlmalone​#2854] Vasco Shot ["OP16-110">OP16-110]: Draw 1 Card
[Karlmalone​#2854] Vasco Shot ["OP16-110">OP16-110]: Rest Cavendish ["OP10-045">OP10-045]
[kadomaru​#5789] End Turn
[Karlmalone​#2854] Hand: [OP16-108,OP09-093,OP16-109]
[Karlmalone​#2854] Board: [OP16-110,OP16-119]
[Karlmalone​#2854] Trash: [OP16-104,OP16-104,OP09-096,OP09-096,OP12-119,OP16-108,OP16-108,OP09-096,OP16-102,OP16-110,OP16-116,OP09-093,OP16-115,OP16-116,OP12-119,OP16-109,OP09-086,OP09-096,OP09-095,OP16-104,OP16-110]
[Karlmalone​#2854] Life: 2
[kadomaru​#5789] Hand: [OP15-054,OP15-052,OP10-060,OP15-006,OP15-052,OP15-020,OP15-040,OP10-060]
[kadomaru​#5789] Trash: [OP15-053,OP10-060,OP06-058,OP15-020,OP10-045,OP15-054,OP15-053,OP15-020,OP05-019,OP15-056,OP15-021,OP05-019,OP15-040,OP15-040,OP10-060,OP10-059,OP15-054,OP15-056]
[kadomaru​#5789] Board: [OP15-046,OP05-015,OP15-046,OP10-045]
[kadomaru​#5789] Life: 0
[Karlmalone​#2854] Draw 1 Card
[Karlmalone​#2854] Drew card from deck: Baby 5 ["OP12-112">OP12-112]
RZ1|253|1|OP12-112|0|20|1|3|1|1|0|0|0
RZ1|254|1|Don|5|0|5|0|1|1|1|0|0
RZ1|255|1|Don|5|1|5|1|1|1|1|0|0
RZ1|256|1|Don|5|2|5|2|1|1|1|0|0
RZ1|257|1|Don|5|3|5|3|1|1|1|0|0
RZ1|258|1|Don|5|4|5|4|1|1|1|0|0
RZ1|259|1|Don|5|5|5|5|1|1|1|0|0
RZ1|260|1|Don|5|6|5|6|1|1|1|0|0
RZ1|261|1|Don|5|7|5|7|1|1|1|0|0
RZ1|262|1|Don|5|8|5|8|1|1|1|0|0
RZ1|263|1|Don|5|9|5|9|1|1|1|0|0
[Karlmalone​#2854] Deploy Marshall D. Teach ["OP09-093">OP09-093]
RZ1|264|1|OP09-093|1|1|2|2|1|1|0|0|0
[Karlmalone​#2854] Marshall D. Teach ["OP09-093">OP09-093]: Nullify effects of Lucy ["OP15-002">OP15-002]
[Karlmalone​#2854] Marshall D. Teach ["OP09-093">OP09-093]: Sabo ["OP15-046">OP15-046] can't attack next turn
[Karlmalone​#2854] Marshall D. Teach ["OP09-093">OP09-093]: Nullify effects of Sabo ["OP15-046">OP15-046] until next turn end!
[Karlmalone​#2854] Marshall D. Teach ["OP16-080">OP16-080] attacking Lucy ["OP15-002">OP15-002]
[kadomaru​#5789] Discard Leo ["OP15-052">OP15-052] for Counter 2000
RZ1|265|2|OP15-052|1|4|6|18|1|1|0|0|0
Marshall D. Teach ["OP16-080">OP16-080][5000] vs Lucy ["OP15-002">OP15-002][7000]
Attack Fails
[Karlmalone​#2854] Marshall D. Teach ["OP16-119">OP16-119] attacking Lucy ["OP15-002">OP15-002]
[kadomaru​#5789] Dressrosa Kingdom ["OP15-057">OP15-057]: Rest Dressrosa Kingdom ["OP15-057">OP15-057]
RZ1|266|2|OP15-054|1|0|6|19|1|1|0|0|0
[kadomaru​#5789] Dressrosa Kingdom ["OP15-057">OP15-057]: Trash It's a Memento of Him, and No One Else Can Have It ["OP15-054">OP15-054]
[kadomaru​#5789] Dressrosa Kingdom ["OP15-057">OP15-057]: Buff Sabo ["OP15-046">OP15-046] 2000 for the Combat
[kadomaru​#5789] Sabo ["OP15-046">OP15-046] Blocks
Marshall D. Teach ["OP16-119">OP16-119][10000] vs Sabo ["OP15-046">OP15-046][11000]
Attack Fails
[Karlmalone​#2854] Lucy ["OP15-002">OP15-002] no longer nullified
[Karlmalone​#2854] Hand: [OP16-108,OP16-109,OP12-112]
[Karlmalone​#2854] Board: [OP16-110,OP16-119,OP09-093]
[Karlmalone​#2854] Trash: [OP16-104,OP16-104,OP09-096,OP09-096,OP12-119,OP16-108,OP16-108,OP09-096,OP16-102,OP16-110,OP16-116,OP09-093,OP16-115,OP16-116,OP12-119,OP16-109,OP09-086,OP09-096,OP09-095,OP16-104,OP16-110]
[Karlmalone​#2854] Life: 2
[kadomaru​#5789] Hand: [OP15-052,OP10-060,OP15-006,OP15-020,OP15-040,OP10-060]
[kadomaru​#5789] Trash: [OP15-053,OP10-060,OP06-058,OP15-020,OP10-045,OP15-054,OP15-053,OP15-020,OP05-019,OP15-056,OP15-021,OP05-019,OP15-040,OP15-040,OP10-060,OP10-059,OP15-054,OP15-056,OP15-052,OP15-054]
[kadomaru​#5789] Board: [OP15-046,OP05-015,OP15-046,OP10-045]
[kadomaru​#5789] Life: 0
[Karlmalone​#2854] End Turn
RZ1|267|2|Don|9|9900|5|0|1|1|1|0|0
RZ1|268|2|Don|9|9900|5|0|1|1|1|0|0
[kadomaru​#5789] Draw 1 Card
[kadomaru​#5789] Drew card from deck: Cavendish ["OP10-045">OP10-045]
RZ1|269|2|OP10-045|0|18|1|6|0|1|0|0|0
[kadomaru​#5789] Fire Fist ["OP15-020">OP15-020]: Rest 7 Don
RZ1|270|2|Don|5|0|5|0|1|1|1|0|0
RZ1|271|2|Don|5|1|5|1|1|1|1|0|0
RZ1|272|2|Don|5|2|5|2|1|1|1|0|0
RZ1|273|2|Don|5|3|5|3|1|1|1|0|0
RZ1|274|2|Don|5|4|5|4|1|1|1|0|0
RZ1|275|2|Don|5|5|5|5|1|1|1|0|0
RZ1|276|2|Don|5|6|5|6|1|1|1|0|0
RZ1|277|2|OP15-020|1|3|6|20|1|1|0|0|0
[kadomaru​#5789] Fire Fist ["OP15-020">OP15-020]: Buff Lucy ["OP15-002">OP15-002] 3000
[kadomaru​#5789] Fire Fist ["OP15-020">OP15-020]: Grant Marshall D. Teach ["OP16-119">OP16-119] -8000 until next turn end
[kadomaru​#5789] Drew card from deck: Cavendish ["OP15-006">OP15-006]
RZ1|278|2|OP15-006|0|17|1|6|0|1|0|0|0
[kadomaru​#5789] Lucy ["OP15-002">OP15-002]: Draw 1 Card
[kadomaru​#5789] Cavendish ["OP10-045">OP10-045] attacking Marshall D. Teach ["OP16-119">OP16-119]
[kadomaru​#5789] Drew card from deck: Dressrosa Kingdom ["OP15-057">OP15-057]
RZ1|279|2|OP15-057|0|16|1|7|0|1|0|0|0
[kadomaru​#5789] Drew card from deck: Rebecca ["OP15-053">OP15-053]
RZ1|280|2|OP15-053|0|15|1|8|0|1|0|0|0
[kadomaru​#5789] Cavendish ["OP10-045">OP10-045]: Draw 2 Card
RZ1|281|2|OP10-045|1|5|6|21|1|1|0|0|0
[kadomaru​#5789] Cavendish ["OP10-045">OP10-045]: Trash Cavendish ["OP10-045">OP10-045]
RZ1|282|1|OP16-108|1|0|6|21|1|1|0|0|0
[Karlmalone​#2854] Marshall D. Teach ["OP16-080">OP16-080]: Trash Shiryu ["OP16-108">OP16-108]
[Karlmalone​#2854] Marshall D. Teach ["OP16-080">OP16-080]: Target of Attack changed to Vasco Shot ["OP16-110">OP16-110]
Cavendish ["OP10-045">OP10-045][6000] vs Vasco Shot ["OP16-110">OP16-110][2000]
[Karlmalone​#2854] Vasco Shot ["OP16-110">OP16-110] Destroyed
RZ1|283|1|OP16-110|2|0|6|22|1|1|0|0|0
[Karlmalone​#2854] Drew card from deck: Marshall D. Teach ["OP16-119">OP16-119]
RZ1|284|1|OP16-119|0|19|1|2|1|1|0|0|0
[Karlmalone​#2854] Vasco Shot ["OP16-110">OP16-110]: Draw 1 Card
[Karlmalone​#2854] Vasco Shot ["OP16-110">OP16-110]: Rest Belo Betty ["OP05-015">OP05-015]
[kadomaru​#5789] Lucy ["OP15-002">OP15-002] attacking Marshall D. Teach ["OP16-119">OP16-119]
[Karlmalone​#2854] Marshall D. Teach ["OP09-093">OP09-093] Blocks
Lucy ["OP15-002">OP15-002][8000] vs Marshall D. Teach ["OP09-093">OP09-093][12000]
Attack Fails
[kadomaru​#5789] Sabo ["OP15-046">OP15-046] attacking Marshall D. Teach ["OP16-119">OP16-119]
Sabo ["OP15-046">OP15-046][9000] vs Marshall D. Teach ["OP16-119">OP16-119][2000]
[Karlmalone​#2854] Marshall D. Teach ["OP16-119">OP16-119] Destroyed
RZ1|285|1|OP16-119|2|0|6|23|1|1|0|0|0
RZ1|286|2|Don|5|7|5|7|1|1|1|0|0
[kadomaru​#5789] Deploy Rebecca ["OP15-053">OP15-053]
RZ1|287|2|OP15-053|1|7|2|4|1|1|0|0|0
RZ1|288|2|OP15-020|0|14|1|7|0|1|0|0|0
[kadomaru​#5789] Rebecca ["OP15-053">OP15-053]: <b>Reveal and Draw Fire Fist ["OP15-020">OP15-020]</b>
[kadomaru​#5789] Placing Cards on Bottom of Deck
[kadomaru​#5789] Attach 1 Don to Rebecca ["OP15-053">OP15-053] (1 Total)
RZ1|289|2|Don|5|9|9|400|1|1|0|0|0
[kadomaru​#5789] Sabo ["OP15-046">OP15-046] is no longer blocked from attacking
[kadomaru​#5789] Sabo ["OP15-046">OP15-046] no longer nullified
[kadomaru​#5789] End Turn
[Karlmalone​#2854] Hand: [OP16-109,OP12-112,OP16-119]
[Karlmalone​#2854] Board: [OP09-093]
[Karlmalone​#2854] Trash: [OP16-104,OP16-104,OP09-096,OP09-096,OP12-119,OP16-108,OP16-108,OP09-096,OP16-102,OP16-110,OP16-116,OP09-093,OP16-115,OP16-116,OP12-119,OP16-109,OP09-086,OP09-096,OP09-095,OP16-104,OP16-110,OP16-108,OP16-110,OP16-119]
[Karlmalone​#2854] Life: 2
[kadomaru​#5789] Hand: [OP15-052,OP10-060,OP15-006,OP15-040,OP10-060,OP15-006,OP15-057,OP15-020]
[kadomaru​#5789] Trash: [OP15-053,OP10-060,OP06-058,OP15-020,OP10-045,OP15-054,OP15-053,OP15-020,OP05-019,OP15-056,OP15-021,OP05-019,OP15-040,OP15-040,OP10-060,OP10-059,OP15-054,OP15-056,OP15-052,OP15-054,OP15-020,OP10-045]
[kadomaru​#5789] Board: [OP15-046,OP05-015,OP15-046,OP10-045,OP15-053]
[kadomaru​#5789] Life: 0
[Karlmalone​#2854] Draw 1 Card
[Karlmalone​#2854] Drew card from deck: Black Vortex ["OP16-115">OP16-115]
RZ1|290|1|OP16-115|0|18|1|3|1|1|0|0|0
[Karlmalone​#2854] Black Vortex ["OP16-115">OP16-115]: Rest 1 Don
RZ1|291|1|Don|5|0|5|0|1|1|1|0|0
RZ1|292|1|OP16-115|1|3|6|24|1|1|0|0|0
[Karlmalone​#2854] <b>Draw Shiryu ["OP16-108">OP16-108] from Trash</b>
RZ1|293|1|OP16-108|6|6|1|3|1|1|0|0|0
[Karlmalone​#2854] Attach 1 Don to Marshall D. Teach ["OP16-080">OP16-080] (1 Total)
RZ1|294|1|Don|5|9|9|9900|1|1|0|0|0
[Karlmalone​#2854] Attach 1 Don to Marshall D. Teach ["OP16-080">OP16-080] (2 Total)
RZ1|295|1|Don|5|8|9|9901|1|1|0|0|0
[Karlmalone​#2854] Marshall D. Teach ["OP16-080">OP16-080] attacking Belo Betty ["OP05-015">OP05-015]
RZ1|296|2|OP05-015|2|1|6|22|1|1|0|0|0
Marshall D. Teach ["OP16-080">OP16-080][7000] vs Belo Betty ["OP05-015">OP05-015][2000]
[kadomaru​#5789] Belo Betty ["OP05-015">OP05-015] Destroyed
RZ1|297|1|Don|5|1|5|1|1|1|1|0|0
[Karlmalone​#2854] Deploy Doc Q ["OP16-109">OP16-109]
RZ1|298|1|OP16-109|1|0|2|1|1|1|0|0|0
RZ1|299|1|Don|5|2|5|2|1|1|1|0|0
RZ1|300|1|Don|5|3|5|3|1|1|1|0|0
RZ1|301|1|Don|5|4|5|4|1|1|1|0|0
RZ1|302|1|Don|5|5|5|5|1|1|1|0|0
RZ1|303|1|Don|5|6|5|6|1|1|1|0|0
RZ1|304|1|Don|5|7|5|7|1|1|1|0|0
[Karlmalone​#2854] Deploy Shiryu ["OP16-108">OP16-108]
RZ1|305|1|OP16-108|1|2|2|2|1|1|0|0|0
RZ1|306|1|OP12-112|1|0|6|24|1|1|0|0|0
[Karlmalone​#2854] Shiryu ["OP16-108">OP16-108]: Trash Baby 5 ["OP12-112">OP12-112]
[Karlmalone​#2854] Shiryu ["OP16-108">OP16-108]: Add Shiryu ["OP16-108">OP16-108] to top of Life
[Karlmalone​#2854] Hand: [OP16-119]
[Karlmalone​#2854] Board: [OP09-093,OP16-109,OP16-108]
[Karlmalone​#2854] Trash: [OP16-104,OP16-104,OP09-096,OP09-096,OP12-119,OP09-096,OP16-102,OP16-110,OP16-116,OP09-093,OP16-115,OP16-116,OP12-119,OP16-109,OP09-086,OP09-096,OP09-095,OP16-104,OP16-110,OP16-108,OP16-110,OP16-119,OP16-115,OP12-112]
[Karlmalone​#2854] Life: 3
[kadomaru​#5789] Hand: [OP15-052,OP10-060,OP15-006,OP15-040,OP10-060,OP15-006,OP15-057,OP15-020]
[kadomaru​#5789] Trash: [OP15-053,OP10-060,OP06-058,OP15-020,OP10-045,OP15-054,OP15-053,OP15-020,OP05-019,OP15-056,OP15-021,OP05-019,OP15-040,OP15-040,OP10-060,OP10-059,OP15-054,OP15-056,OP15-052,OP15-054,OP15-020,OP10-045,OP05-015]
[kadomaru​#5789] Board: [OP15-046,OP15-046,OP10-045,OP15-053]
[kadomaru​#5789] Life: 0
[Karlmalone​#2854] End Turn
RZ1|307|2|Don|9|300|5|0|1|1|1|0|0
[kadomaru​#5789] Draw 1 Card
[kadomaru​#5789] Drew card from deck: It's a Memento of Him, and No One Else Can Have It ["OP15-054">OP15-054]
RZ1|308|2|OP15-054|0|13|1|8|0|1|0|0|0
[kadomaru​#5789] Cavendish ["OP10-045">OP10-045] attacking Marshall D. Teach ["OP16-080">OP16-080]
[kadomaru​#5789] Drew card from deck: Fire Fist ["OP05-019">OP05-019]
RZ1|309|2|OP05-019|0|12|1|9|0|1|0|0|0
[kadomaru​#5789] Drew card from deck: Rebecca ["OP15-053">OP15-053]
RZ1|310|2|OP15-053|0|11|1|10|0|1|0|0|0
[kadomaru​#5789] Cavendish ["OP10-045">OP10-045]: Draw 2 Card
RZ1|311|2|OP15-057|1|6|6|23|1|1|0|0|0
[kadomaru​#5789] Cavendish ["OP10-045">OP10-045]: Trash Dressrosa Kingdom ["OP15-057">OP15-057]
Cavendish ["OP10-045">OP10-045][6000] vs Marshall D. Teach ["OP16-080">OP16-080][5000]
Marshall D. Teach ["OP16-080">OP16-080] hit for 1 damage
[Karlmalone​#2854] Shiryu ["OP16-108">OP16-108]: Activate Trigger
RZ1|312|1|OP16-108|1|1|6|24|1|1|0|0|0
[Karlmalone​#2854] Drew card from deck: Fullalead ["OP09-099">OP09-099]
RZ1|313|1|OP09-099|0|17|1|1|1|1|0|0|0
[Karlmalone​#2854] Drew card from deck: Laffitte ["OP09-095">OP09-095]
RZ1|314|1|OP09-095|0|16|1|2|1|1|0|0|0
[Karlmalone​#2854] Shiryu ["OP16-108">OP16-108]: Draw 2 Card
[kadomaru​#5789] Fire Fist ["OP15-020">OP15-020]: Rest 7 Don
RZ1|315|2|Don|5|0|5|0|1|1|1|0|0
RZ1|316|2|Don|5|1|5|1|1|1|1|0|0
RZ1|317|2|Don|5|2|5|2|1|1|1|0|0
RZ1|318|2|Don|5|3|5|3|1|1|1|0|0
RZ1|319|2|Don|5|4|5|4|1|1|1|0|0
RZ1|320|2|Don|5|5|5|5|1|1|1|0|0
RZ1|321|2|Don|5|6|5|6|1|1|1|0|0
RZ1|322|2|OP15-020|1|6|6|24|1|1|0|0|0
[kadomaru​#5789] Fire Fist ["OP15-020">OP15-020]: Buff Lucy ["OP15-002">OP15-002] 3000
[kadomaru​#5789] Fire Fist ["OP15-020">OP15-020]: Grant Marshall D. Teach ["OP09-093">OP09-093] -8000 until next turn end
[kadomaru​#5789] Drew card from deck: Cavendish ["OP10-045">OP10-045]
RZ1|323|2|OP10-045|0|10|1|9|0|1|0|0|0
[kadomaru​#5789] Lucy ["OP15-002">OP15-002]: Draw 1 Card
[kadomaru​#5789] Fire Fist ["OP05-019">OP05-019]: Rest 2 Don
RZ1|324|2|Don|5|7|5|7|1|1|1|0|0
RZ1|325|2|Don|5|8|5|8|1|1|1|0|0
RZ1|326|2|OP05-019|1|7|6|25|1|1|0|0|0
[kadomaru​#5789] Fire Fist ["OP05-019">OP05-019]: Buff Marshall D. Teach ["OP09-093">OP09-093] -4000
[kadomaru​#5789] Fire Fist ["OP05-019">OP05-019]: Destroy Marshall D. Teach ["OP09-093">OP09-093]
RZ1|327|1|OP09-093|2|0|6|25|1|1|0|0|0
[kadomaru​#5789] Lucy ["OP15-002">OP15-002] attacking Marshall D. Teach ["OP16-080">OP16-080]
Lucy ["OP15-002">OP15-002][8000] vs Marshall D. Teach ["OP16-080">OP16-080][5000]
Marshall D. Teach ["OP16-080">OP16-080] hit for 1 damage
[Karlmalone​#2854] Baby 5 ["OP12-112">OP12-112]: Activate Trigger
RZ1|328|1|OP12-112|1|3|6|26|1|1|0|0|0
[Karlmalone​#2854] Drew card from deck: Jesus Burgess ["OP09-086">OP09-086]
RZ1|329|1|OP09-086|0|15|1|3|1|1|0|0|0
[Karlmalone​#2854] Drew card from deck: Catarina Devon ["OP16-104">OP16-104]
RZ1|330|1|OP16-104|0|14|1|4|1|1|0|0|0
[Karlmalone​#2854] Baby 5 ["OP12-112">OP12-112]: Draw 2 Card
[kadomaru​#5789] Attach 1 Don to Rebecca ["OP15-053">OP15-053] (1 Total)
RZ1|331|2|Don|5|9|9|300|1|1|0|0|0
[kadomaru​#5789] End Turn
[Karlmalone​#2854] Hand: [OP16-119,OP09-099,OP09-095,OP09-086,OP16-104]
[Karlmalone​#2854] Board: [OP16-109,OP16-108]
[Karlmalone​#2854] Trash: [OP16-104,OP16-104,OP09-096,OP09-096,OP12-119,OP09-096,OP16-102,OP16-110,OP16-116,OP09-093,OP16-115,OP16-116,OP12-119,OP16-109,OP09-086,OP09-096,OP09-095,OP16-104,OP16-110,OP16-108,OP16-110,OP16-119,OP16-115,OP12-112,OP16-108,OP09-093,OP12-112]
[Karlmalone​#2854] Life: 1
[kadomaru​#5789] Hand: [OP15-052,OP10-060,OP15-006,OP15-040,OP10-060,OP15-006,OP15-054,OP15-053,OP10-045]
[kadomaru​#5789] Trash: [OP15-053,OP10-060,OP06-058,OP15-020,OP10-045,OP15-054,OP15-053,OP15-020,OP05-019,OP15-056,OP15-021,OP05-019,OP15-040,OP15-040,OP10-060,OP10-059,OP15-054,OP15-056,OP15-052,OP15-054,OP15-020,OP10-045,OP05-015,OP15-057,OP15-020,OP05-019]
[kadomaru​#5789] Board: [OP15-046,OP15-046,OP10-045,OP15-053]
[kadomaru​#5789] Life: 0
RZ1|332|1|Don|9|9900|5|0|1|1|1|0|0
RZ1|333|1|Don|9|9900|5|0|1|1|1|0|0
[Karlmalone​#2854] Draw 1 Card
[Karlmalone​#2854] Drew card from deck: Shiryu ["OP16-108">OP16-108]
RZ1|334|1|OP16-108|0|13|1|5|1|1|0|0|0
[Karlmalone​#2854] Fullalead ["OP09-099">OP09-099]: Rest Fullalead ["OP09-099">OP09-099]
RZ1|335|1|OP09-099|1|1|6|27|1|1|0|0|0
[Karlmalone​#2854] Fullalead ["OP09-099">OP09-099]: Trash Fullalead ["OP09-099">OP09-099]
RZ1|336|1|OP09-093|0|10|1|5|1|1|0|0|0
[Karlmalone​#2854] Fullalead ["OP09-099">OP09-099]: <b>Reveal and Draw Marshall D. Teach ["OP09-093">OP09-093]</b>
[Karlmalone​#2854] Placing Cards on Bottom of Deck
[Karlmalone​#2854] Shiryu ["OP16-108">OP16-108] attacking Cavendish ["OP10-045">OP10-045]
[kadomaru​#5789] Sabo ["OP15-046">OP15-046] Blocks
Shiryu ["OP16-108">OP16-108][8000] vs Sabo ["OP15-046">OP15-046][9000]
Attack Fails
RZ1|337|1|Don|5|0|5|0|1|1|1|0|0
RZ1|338|1|Don|5|1|5|1|1|1|1|0|0
RZ1|339|1|Don|5|2|5|2|1|1|1|0|0
RZ1|340|1|Don|5|3|5|3|1|1|1|0|0
RZ1|341|1|Don|5|4|5|4|1|1|1|0|0
RZ1|342|1|Don|5|5|5|5|1|1|1|0|0
RZ1|343|1|Don|5|6|5|6|1|1|1|0|0
RZ1|344|1|Don|5|7|5|7|1|1|1|0|0
RZ1|345|1|Don|5|8|5|8|1|1|1|0|0
RZ1|346|1|Don|5|9|5|9|1|1|1|0|0
[Karlmalone​#2854] Deploy Marshall D. Teach ["OP09-093">OP09-093]
RZ1|347|1|OP09-093|1|5|2|2|1|1|0|0|0
[Karlmalone​#2854] Marshall D. Teach ["OP09-093">OP09-093]: Nullify effects of Lucy ["OP15-002">OP15-002]
[Karlmalone​#2854] Marshall D. Teach ["OP09-093">OP09-093]: Sabo ["OP15-046">OP15-046] can't attack next turn
[Karlmalone​#2854] Marshall D. Teach ["OP09-093">OP09-093]: Nullify effects of Sabo ["OP15-046">OP15-046] until next turn end!
[Karlmalone​#2854] Marshall D. Teach ["OP16-080">OP16-080] attacking Lucy ["OP15-002">OP15-002]
[kadomaru​#5789] Rebecca ["OP15-053">OP15-053] Blocks
RZ1|348|2|Don|9|300|5|0|1|1|1|0|0
RZ1|349|2|OP15-053|2|3|6|26|1|1|0|0|0
Marshall D. Teach ["OP16-080">OP16-080][5000] vs Rebecca ["OP15-053">OP15-053][0]
[kadomaru​#5789] Rebecca ["OP15-053">OP15-053] Destroyed
[Karlmalone​#2854] Lucy ["OP15-002">OP15-002] no longer nullified
[Karlmalone​#2854] Hand: [OP16-119,OP09-095,OP09-086,OP16-104,OP16-108]
[Karlmalone​#2854] Board: [OP16-109,OP16-108,OP09-093]
[Karlmalone​#2854] Trash: [OP16-104,OP16-104,OP09-096,OP09-096,OP12-119,OP09-096,OP16-102,OP16-110,OP16-116,OP09-093,OP16-115,OP16-116,OP12-119,OP16-109,OP09-086,OP09-096,OP09-095,OP16-104,OP16-110,OP16-108,OP16-110,OP16-119,OP16-115,OP12-112,OP16-108,OP09-093,OP12-112,OP09-099]
[Karlmalone​#2854] Life: 1
[kadomaru​#5789] Hand: [OP15-052,OP10-060,OP15-006,OP15-040,OP10-060,OP15-006,OP15-054,OP15-053,OP10-045]
[kadomaru​#5789] Trash: [OP15-053,OP10-060,OP06-058,OP15-020,OP10-045,OP15-054,OP15-053,OP15-020,OP05-019,OP15-056,OP15-021,OP05-019,OP15-040,OP15-040,OP10-060,OP10-059,OP15-054,OP15-056,OP15-052,OP15-054,OP15-020,OP10-045,OP05-015,OP15-057,OP15-020,OP05-019,OP15-053]
[kadomaru​#5789] Board: [OP15-046,OP15-046,OP10-045]
[kadomaru​#5789] Life: 0
[Karlmalone​#2854] End Turn
[kadomaru​#5789] Draw 1 Card
[kadomaru​#5789] Drew card from deck: Sabo ["OP15-046">OP15-046]
RZ1|350|2|OP15-046|0|9|1|9|0|1|0|0|0
[kadomaru​#5789] Cavendish ["OP10-045">OP10-045] attacking Marshall D. Teach ["OP16-080">OP16-080]
[kadomaru​#5789] Drew card from deck: Sabo ["OP15-046">OP15-046]
RZ1|351|2|OP15-046|0|8|1|10|0|1|0|0|0
[kadomaru​#5789] Drew card from deck: Leo ["OP15-052">OP15-052]
RZ1|352|2|OP15-052|0|7|1|11|0|1|0|0|0
[kadomaru​#5789] Cavendish ["OP10-045">OP10-045]: Draw 2 Card
RZ1|353|2|OP10-045|1|8|6|27|1|1|0|0|0
[kadomaru​#5789] Cavendish ["OP10-045">OP10-045]: Trash Cavendish ["OP10-045">OP10-045]
[Karlmalone​#2854] Discard Catarina Devon ["OP16-104">OP16-104] for Counter 2000
RZ1|354|1|OP16-104|1|3|6|28|1|1|0|0|0
Cavendish ["OP10-045">OP10-045][6000] vs Marshall D. Teach ["OP16-080">OP16-080][7000]
Attack Fails
RZ1|355|2|Don|5|0|5|0|1|1|1|0|0
[kadomaru​#5789] Deploy Rebecca ["OP15-053">OP15-053]
RZ1|356|2|OP15-053|1|7|2|3|1|1|0|0|0
RZ1|357|2|OP15-021|0|5|1|10|0|1|0|0|0
[kadomaru​#5789] Rebecca ["OP15-053">OP15-053]: <b>Reveal and Draw Just Watch Me... Ace!!! ["OP15-021">OP15-021]</b>
[kadomaru​#5789] Placing Cards on Bottom of Deck
RZ1|358|2|Don|5|1|5|1|1|1|1|0|0
RZ1|359|2|Don|5|2|5|2|1|1|1|0|0
RZ1|360|2|Don|5|3|5|3|1|1|1|0|0
RZ1|361|2|Don|5|4|5|4|1|1|1|0|0
RZ1|362|2|Don|5|5|5|5|1|1|1|0|0
RZ1|363|2|Don|5|6|5|6|1|1|1|0|0
RZ1|364|2|Don|5|7|5|7|1|1|1|0|0
[kadomaru​#5789] Deploy Sabo ["OP15-046">OP15-046]
RZ1|365|2|OP15-046|1|7|2|4|1|1|0|0|0
[kadomaru​#5789] Sabo ["OP15-046">OP15-046]: Activates Bari-Bari Pistol ["OP10-060">OP10-060]
RZ1|366|2|OP10-060|1|1|6|28|1|1|0|0|0
[kadomaru​#5789] Bari-Bari Pistol ["OP10-060">OP10-060]: Send Doc Q ["OP16-109">OP16-109] to Deck Bottom
RZ1|367|1|OP16-109|2|0|0|0|0|0|0|0|0
[kadomaru​#5789] Drew card from deck: Just Watch Me... Ace!!! ["OP15-021">OP15-021]
RZ1|368|2|OP15-021|0|5|1|9|0|1|0|0|0
[kadomaru​#5789] Lucy ["OP15-002">OP15-002]: Draw 1 Card
[kadomaru​#5789] Lucy ["OP15-002">OP15-002] attacking Marshall D. Teach ["OP16-080">OP16-080]
[Karlmalone​#2854] Discard Laffitte ["OP09-095">OP09-095] for Counter 1000
RZ1|369|1|OP09-095|1|1|6|29|1|1|0|0|0
Lucy ["OP15-002">OP15-002][5000] vs Marshall D. Teach ["OP16-080">OP16-080][6000]
Attack Fails
[kadomaru​#5789] Attach 1 Don to Rebecca ["OP15-053">OP15-053] (1 Total)
RZ1|370|2|Don|5|9|9|300|1|1|0|0|0
[kadomaru​#5789] Sabo ["OP15-046">OP15-046] is no longer blocked from attacking
[kadomaru​#5789] Sabo ["OP15-046">OP15-046] no longer nullified
[kadomaru​#5789] End Turn
[Karlmalone​#2854] Hand: [OP16-119,OP09-086,OP16-108]
[Karlmalone​#2854] Board: [OP16-108,OP09-093]
[Karlmalone​#2854] Trash: [OP16-104,OP16-104,OP09-096,OP09-096,OP12-119,OP09-096,OP16-102,OP16-110,OP16-116,OP09-093,OP16-115,OP16-116,OP12-119,OP16-109,OP09-086,OP09-096,OP09-095,OP16-104,OP16-110,OP16-108,OP16-110,OP16-119,OP16-115,OP12-112,OP16-108,OP09-093,OP12-112,OP09-099,OP16-104,OP09-095]
[Karlmalone​#2854] Life: 1
[kadomaru​#5789] Hand: [OP15-052,OP15-006,OP15-040,OP10-060,OP15-006,OP15-054,OP15-046,OP15-052,OP15-021,OP15-021]
[kadomaru​#5789] Trash: [OP15-053,OP10-060,OP06-058,OP15-020,OP10-045,OP15-054,OP15-053,OP15-020,OP05-019,OP15-056,OP15-021,OP05-019,OP15-040,OP15-040,OP10-060,OP10-059,OP15-054,OP15-056,OP15-052,OP15-054,OP15-020,OP10-045,OP05-015,OP15-057,OP15-020,OP05-019,OP15-053,OP10-045,OP10-060]
[kadomaru​#5789] Board: [OP15-046,OP15-046,OP10-045,OP15-053,OP15-046]
[kadomaru​#5789] Life: 0
[Karlmalone​#2854] Draw 1 Card
[Karlmalone​#2854] Drew card from deck: You're the one who should disappear! ["OP06-115">OP06-115]
RZ1|371|1|OP06-115|0|12|1|3|1|1|0|0|0
RZ1|372|1|Don|5|0|5|0|1|1|1|0|0
RZ1|373|1|Don|5|1|5|1|1|1|1|0|0
RZ1|374|1|Don|5|2|5|2|1|1|1|0|0
RZ1|375|1|Don|5|3|5|3|1|1|1|0|0
RZ1|376|1|Don|5|4|5|4|1|1|1|0|0
RZ1|377|1|Don|5|5|5|5|1|1|1|0|0
[Karlmalone​#2854] Deploy Shiryu ["OP16-108">OP16-108]
RZ1|378|1|OP16-108|1|2|2|2|1|1|0|0|0
RZ1|379|1|OP06-115|1|2|6|30|1|1|0|0|0
[Karlmalone​#2854] Shiryu ["OP16-108">OP16-108]: Trash You're the one who should disappear! ["OP06-115">OP06-115]
[Karlmalone​#2854] Shiryu ["OP16-108">OP16-108]: Add Shiryu ["OP16-108">OP16-108] to top of Life
RZ1|380|1|Don|5|6|5|6|1|1|1|0|0
RZ1|381|1|Don|5|7|5|7|1|1|1|0|0
RZ1|382|1|Don|5|8|5|8|1|1|1|0|0
RZ1|383|1|Don|5|9|5|9|1|1|1|0|0
[Karlmalone​#2854] Deploy Jesus Burgess ["OP09-086">OP09-086]
RZ1|384|1|OP09-086|1|1|2|3|1|1|0|7000|0
[Karlmalone​#2854] Marshall D. Teach ["OP16-080">OP16-080] attacking Lucy ["OP15-002">OP15-002]
[kadomaru​#5789] Sabo ["OP15-046">OP15-046] Blocks
Marshall D. Teach ["OP16-080">OP16-080][5000] vs Sabo ["OP15-046">OP15-046][9000]
Attack Fails
[Karlmalone​#2854] Shiryu ["OP16-108">OP16-108] attacking Cavendish ["OP10-045">OP10-045]
[kadomaru​#5789] Sabo ["OP15-046">OP15-046] Blocks
Shiryu ["OP16-108">OP16-108][8000] vs Sabo ["OP15-046">OP15-046][9000]
Attack Fails
[Karlmalone​#2854] Hand: [OP16-119]
[Karlmalone​#2854] Board: [OP16-108,OP09-093,OP16-108,OP09-086]
[Karlmalone​#2854] Trash: [OP16-104,OP16-104,OP09-096,OP09-096,OP12-119,OP09-096,OP16-102,OP16-110,OP16-116,OP09-093,OP16-115,OP16-116,OP12-119,OP16-109,OP09-086,OP09-096,OP09-095,OP16-104,OP16-110,OP16-108,OP16-110,OP16-119,OP16-115,OP12-112,OP09-093,OP12-112,OP09-099,OP16-104,OP09-095,OP06-115]
[Karlmalone​#2854] Life: 2
[kadomaru​#5789] Hand: [OP15-052,OP15-006,OP15-040,OP10-060,OP15-006,OP15-054,OP15-046,OP15-052,OP15-021,OP15-021]
[kadomaru​#5789] Trash: [OP15-053,OP10-060,OP06-058,OP15-020,OP10-045,OP15-054,OP15-053,OP15-020,OP05-019,OP15-056,OP15-021,OP05-019,OP15-040,OP15-040,OP10-060,OP10-059,OP15-054,OP15-056,OP15-052,OP15-054,OP15-020,OP10-045,OP05-015,OP15-057,OP15-020,OP05-019,OP15-053,OP10-045,OP10-060]
[kadomaru​#5789] Board: [OP15-046,OP15-046,OP10-045,OP15-053,OP15-046]
[kadomaru​#5789] Life: 0
[Karlmalone​#2854] End Turn
RZ1|385|2|Don|9|300|5|0|1|1|1|0|0
[kadomaru​#5789] Draw 1 Card
[kadomaru​#5789] Drew card from deck: Follow... me... and... I... will... guide... you... all...!!!! ["OP10-059">OP10-059]
RZ1|386|2|OP10-059|0|4|1|10|0|1|0|0|0
[kadomaru​#5789] Cavendish ["OP10-045">OP10-045] attacking Marshall D. Teach ["OP16-080">OP16-080]
[kadomaru​#5789] Drew card from deck: Viola ["OP15-040">OP15-040]
RZ1|387|2|OP15-040|0|3|1|11|0|1|0|0|0
[kadomaru​#5789] Drew card from deck: Gol D. Roger ["OP09-118">OP09-118]
RZ1|388|2|OP09-118|0|2|1|12|0|1|0|0|0
[kadomaru​#5789] Cavendish ["OP10-045">OP10-045]: Draw 2 Card
RZ1|389|2|OP15-052|1|0|6|29|1|1|0|0|0
[kadomaru​#5789] Cavendish ["OP10-045">OP10-045]: Trash Leo ["OP15-052">OP15-052]
Cavendish ["OP10-045">OP10-045][6000] vs Marshall D. Teach ["OP16-080">OP16-080][5000]
Marshall D. Teach ["OP16-080">OP16-080] hit for 1 damage
[Karlmalone​#2854] Shiryu ["OP16-108">OP16-108]: Activate Trigger
RZ1|390|1|OP16-108|1|1|6|30|1|1|0|0|0
[Karlmalone​#2854] Drew card from deck: Marshall D. Teach ["OP09-093">OP09-093]
RZ1|391|1|OP09-093|0|11|1|1|1|1|0|0|0
[Karlmalone​#2854] Drew card from deck: You're the one who should disappear! ["OP06-115">OP06-115]
RZ1|392|1|OP06-115|0|10|1|2|1|1|0|0|0
[Karlmalone​#2854] Shiryu ["OP16-108">OP16-108]: Draw 2 Card
RZ1|393|2|Don|5|0|5|0|1|1|1|0|0
RZ1|394|2|Don|5|1|5|1|1|1|1|0|0
RZ1|395|2|Don|5|2|5|2|1|1|1|0|0
RZ1|396|2|Don|5|3|5|3|1|1|1|0|0
RZ1|397|2|Don|5|4|5|4|1|1|1|0|0
RZ1|398|2|Don|5|5|5|5|1|1|1|0|0
RZ1|399|2|Don|5|6|5|6|1|1|1|0|0
RZ1|400|2|Don|5|7|5|7|1|1|1|0|0
RZ1|401|2|Don|5|8|5|8|1|1|1|0|0
RZ1|402|2|Don|5|9|5|9|1|1|1|0|0
[kadomaru​#5789] Trash Rebecca ["OP15-053">OP15-053]
[kadomaru​#5789] Deploy Gol D. Roger ["OP09-118">OP09-118]
RZ1|403|2|OP15-053|2|3|6|30|1|1|0|0|0
RZ1|404|2|OP09-118|1|11|2|4|1|1|0|0|0
[kadomaru​#5789] Sabo ["OP15-046">OP15-046] attacking Marshall D. Teach ["OP16-080">OP16-080]
Sabo ["OP15-046">OP15-046][9000] vs Marshall D. Teach ["OP16-080">OP16-080][5000]
Marshall D. Teach ["OP16-080">OP16-080] hit for 1 damage
[Karlmalone​#2854] Marshall D. Teach ["OP16-119">OP16-119]: Activate Trigger
RZ1|405|1|OP16-119|1|3|6|31|1|1|0|0|0
[Karlmalone​#2854] Marshall D. Teach ["OP16-119">OP16-119]: Nullify effects of Gol D. Roger ["OP09-118">OP09-118]
[Karlmalone​#2854] Marshall D. Teach ["OP16-119">OP16-119]: Destroy Cavendish ["OP10-045">OP10-045]
RZ1|406|2|OP10-045|2|2|6|31|1|1|0|0|0
[kadomaru​#5789] Sabo ["OP15-046">OP15-046] attacking Marshall D. Teach ["OP16-080">OP16-080]
[Karlmalone​#2854] Marshall D. Teach ["OP09-093">OP09-093] Blocks
Sabo ["OP15-046">OP15-046][9000] vs Marshall D. Teach ["OP09-093">OP09-093][12000]
Attack Fails
[kadomaru​#5789] Sabo ["OP15-046">OP15-046] attacking Marshall D. Teach ["OP16-080">OP16-080]
RZ1|407|1|OP16-119|1|0|6|32|1|1|0|0|0
[Karlmalone​#2854] Marshall D. Teach ["OP16-080">OP16-080]: Trash Marshall D. Teach ["OP16-119">OP16-119]
[Karlmalone​#2854] Marshall D. Teach ["OP16-080">OP16-080]: Target of Attack changed to Marshall D. Teach ["OP09-093">OP09-093]
Sabo ["OP15-046">OP15-046][9000] vs Marshall D. Teach ["OP09-093">OP09-093][12000]
Attack Fails
[kadomaru​#5789] Lucy ["OP15-002">OP15-002] attacking Marshall D. Teach ["OP16-080">OP16-080]
RZ1|408|2|OP10-059|1|9|6|32|1|1|0|0|0
[kadomaru​#5789] Lucy ["OP15-002">OP15-002]: Trash Follow... me... and... I... will... guide... you... all...!!!! ["OP10-059">OP10-059]
RZ1|409|2|OP15-021|1|8|6|33|1|1|0|0|0
[kadomaru​#5789] Lucy ["OP15-002">OP15-002]: Trash Just Watch Me... Ace!!! ["OP15-021">OP15-021]
RZ1|410|2|OP15-021|1|7|6|34|1|1|0|0|0
[kadomaru​#5789] Lucy ["OP15-002">OP15-002]: Trash Just Watch Me... Ace!!! ["OP15-021">OP15-021]
RZ1|411|2|OP15-054|1|4|6|35|1|1|0|0|0
[kadomaru​#5789] Lucy ["OP15-002">OP15-002]: Trash It's a Memento of Him, and No One Else Can Have It ["OP15-054">OP15-054]
RZ1|412|2|OP10-060|1|2|6|36|1|1|0|0|0
[kadomaru​#5789] Lucy ["OP15-002">OP15-002]: Trash Bari-Bari Pistol ["OP10-060">OP10-060]
[kadomaru​#5789] Lucy ["OP15-002">OP15-002]: Buff Lucy ["OP15-002">OP15-002] 5000 for the Combat
[Karlmalone​#2854] You're the one who should disappear! ["OP06-115">OP06-115]: Activate Counter
RZ1|413|1|OP06-115|1|1|6|33|1|1|0|0|0
RZ1|414|1|OP09-093|1|0|6|34|1|1|0|0|0
[Karlmalone​#2854] You're the one who should disappear! ["OP06-115">OP06-115]: Trash Marshall D. Teach ["OP09-093">OP09-093]
[Karlmalone​#2854] You're the one who should disappear! ["OP06-115">OP06-115]: Buff Marshall D. Teach ["OP16-080">OP16-080] 3000 for the Combat
Lucy ["OP15-002">OP15-002][10000] vs Marshall D. Teach ["OP16-080">OP16-080][8000]
Marshall D. Teach ["OP16-080">OP16-080] hit for 1 damage
[kadomaru​#5789] Quits!
Opponent Has Disconnected!
[Karlmalone​#2854] <b>Downloaded the Combat Log!</b>
OpponentDisconnect
