Version is 1.41b
[You] Leader is Marshall D. Teach ["OP16-080">OP16-080]
RZ1|HDR|1.41b|2|RZ1
RZ1|PLY|1||OP16-080
RZ1|PLY|2||
[Opponent] Leader is Imu ["OP13-079">OP13-079]
RZ1|1|2|OP13-092|0|4|0|0|0|0|0|0|0
RZ1|CHK|1|2|50|0|0|0|10|0|0|0|1|0
RZ1|2|2|OP16-093|0|9|0|1|0|0|0|0|0
RZ1|CHK|2|2|50|0|0|0|10|0|0|0|1|0
RZ1|3|2|OP13-091|0|24|0|2|0|0|0|0|0
RZ1|CHK|3|2|50|0|0|0|10|0|0|0|1|0
RZ1|4|2|OP16-093|0|11|0|3|0|0|0|0|0
RZ1|CHK|4|2|50|0|0|0|10|0|0|0|1|0
RZ1|5|2|OP13-080|0|24|0|4|0|0|0|0|0
RZ1|CHK|5|2|50|0|0|0|10|0|0|0|1|0
RZ1|6|2|OP13-083|0|17|0|5|0|0|0|0|0
RZ1|CHK|6|2|50|0|0|0|10|0|0|0|1|0
RZ1|7|2|OP13-082|0|32|0|6|0|0|0|0|0
RZ1|CHK|7|2|50|0|0|0|10|0|0|0|1|0
RZ1|8|2|OP13-083|0|17|0|7|0|0|0|0|0
RZ1|CHK|8|2|50|0|0|0|10|0|0|0|1|0
RZ1|9|2|OP13-082|0|34|0|8|0|0|0|0|0
RZ1|CHK|9|2|50|0|0|0|10|0|0|0|1|0
RZ1|10|2|OP13-092|0|15|0|9|0|0|0|0|0
RZ1|CHK|10|2|50|0|0|0|10|0|0|0|1|0
RZ1|11|2|OP13-098|0|41|0|10|0|0|0|0|0
RZ1|CHK|11|2|50|0|0|0|10|0|0|0|1|0
RZ1|12|2|OP13-096|0|38|0|11|0|0|0|0|0
RZ1|CHK|12|2|50|0|0|0|10|0|0|0|1|0
RZ1|13|2|OP13-082|0|37|0|12|0|0|0|0|0
RZ1|CHK|13|2|50|0|0|0|10|0|0|0|1|0
RZ1|14|2|OP13-086|0|15|0|13|0|0|0|0|0
RZ1|CHK|14|2|50|0|0|0|10|0|0|0|1|0
RZ1|15|2|OP13-086|0|16|0|14|0|0|0|0|0
RZ1|CHK|15|2|50|0|0|0|10|0|0|0|1|0
RZ1|16|2|OP13-080|0|27|0|15|0|0|0|0|0
RZ1|CHK|16|2|50|0|0|0|10|0|0|0|1|0
RZ1|17|2|OP13-080|0|28|0|16|0|0|0|0|0
RZ1|CHK|17|2|50|0|0|0|10|0|0|0|1|0
RZ1|18|2|OP13-096|0|40|0|17|0|0|0|0|0
RZ1|CHK|18|2|50|0|0|0|10|0|0|0|1|0
RZ1|19|2|OP16-093|0|22|0|18|0|0|0|0|0
RZ1|CHK|19|2|50|0|0|0|10|0|0|0|1|0
RZ1|20|2|OP13-089|0|27|0|19|0|0|0|0|0
RZ1|CHK|20|2|50|0|0|0|10|0|0|0|1|0
RZ1|21|2|OP13-082|0|38|0|20|0|0|0|0|0
RZ1|CHK|21|2|50|0|0|0|10|0|0|0|1|0
RZ1|22|2|OP13-091|0|32|0|21|0|0|0|0|0
RZ1|CHK|22|2|50|0|0|0|10|0|0|0|1|0
RZ1|23|2|OP16-093|0|26|0|22|0|0|0|0|0
RZ1|CHK|23|2|50|0|0|0|10|0|0|0|1|0
RZ1|24|2|OP05-097|0|48|0|23|0|0|0|0|0
RZ1|CHK|24|2|50|0|0|0|10|0|0|0|1|0
RZ1|25|2|OP13-098|0|44|0|24|0|0|0|0|0
RZ1|CHK|25|2|50|0|0|0|10|0|0|0|1|0
RZ1|26|2|OP13-092|0|27|0|25|0|0|0|0|0
RZ1|CHK|26|2|50|0|0|0|10|0|0|0|1|0
RZ1|27|2|OP13-084|0|39|0|26|0|0|0|0|0
RZ1|CHK|27|2|50|0|0|0|10|0|0|0|1|0
RZ1|28|2|OP13-096|0|41|0|27|0|0|0|0|0
RZ1|CHK|28|2|50|0|0|0|10|0|0|0|1|0
RZ1|29|2|OP13-091|0|37|0|28|0|0|0|0|0
RZ1|CHK|29|2|50|0|0|0|10|0|0|0|1|0
RZ1|30|2|OP14-096|0|45|0|29|0|0|0|0|0
RZ1|CHK|30|2|50|0|0|0|10|0|0|0|1|0
RZ1|31|2|OP14-096|0|46|0|30|0|0|0|0|0
RZ1|CHK|31|2|50|0|0|0|10|0|0|0|1|0
RZ1|32|2|OP13-098|0|46|0|31|0|0|0|0|0
RZ1|CHK|32|2|50|0|0|0|10|0|0|0|1|0
RZ1|33|2|OP14-096|0|47|0|32|0|0|0|0|0
RZ1|CHK|33|2|50|0|0|0|10|0|0|0|1|0
RZ1|34|2|OP13-084|0|44|0|33|0|0|0|0|0
RZ1|CHK|34|2|50|0|0|0|10|0|0|0|1|0
RZ1|35|2|OP13-091|0|43|0|34|0|0|0|0|0
RZ1|CHK|35|2|50|0|0|0|10|0|0|0|1|0
RZ1|36|2|OP13-084|0|44|0|35|0|0|0|0|0
RZ1|CHK|36|2|50|0|0|0|10|0|0|0|1|0
RZ1|37|2|OP13-092|0|38|0|36|0|0|0|0|0
RZ1|CHK|37|2|50|0|0|0|10|0|0|0|1|0
RZ1|38|2|OP14-096|0|48|0|37|0|0|0|0|0
RZ1|CHK|38|2|50|0|0|0|10|0|0|0|1|0
RZ1|39|2|OP13-083|0|41|0|38|0|0|0|0|0
RZ1|CHK|39|2|50|0|0|0|10|0|0|0|1|0
RZ1|40|2|OP13-080|0|45|0|39|0|0|0|0|0
RZ1|CHK|40|2|50|0|0|0|10|0|0|0|1|0
RZ1|41|2|OP13-084|0|46|0|41|0|0|0|0|0
RZ1|CHK|41|2|50|0|0|0|10|0|0|0|1|0
RZ1|42|2|OP13-083|0|43|0|42|0|0|0|0|0
RZ1|CHK|42|2|50|0|0|0|10|0|0|0|1|0
RZ1|43|2|OP13-099|0|49|0|44|0|0|0|0|0
RZ1|CHK|43|2|50|0|0|0|10|0|0|0|1|0
RZ1|44|2|OP13-096|0|48|0|45|0|0|0|0|0
RZ1|CHK|44|2|50|0|0|0|10|0|0|0|1|0
RZ1|45|2|OP13-098|0|49|0|47|0|0|0|0|0
RZ1|CHK|45|2|50|0|0|0|10|0|0|0|1|0
RZ1|46|2|OP13-099|0|44|7|0|1|1|0|0|0
RZ1|CHK|46|2|49|0|0|0|10|0|0|1|1|0
[Opponent] Imu ["OP13-079">OP13-079]: Deploy The Empty Throne ["OP13-099">OP13-099]
RZ1|47|2|OP13-096|0|17|0|0|0|0|0|0|0
RZ1|CHK|47|2|49|0|0|0|10|0|0|1|1|0
RZ1|48|2|OP13-092|0|36|0|1|0|0|0|0|0
RZ1|CHK|48|2|49|0|0|0|10|0|0|1|1|0
RZ1|49|2|OP13-092|0|11|0|2|0|0|0|0|0
RZ1|CHK|49|2|49|0|0|0|10|0|0|1|1|0
RZ1|50|2|OP13-098|0|25|0|3|0|0|0|0|0
RZ1|CHK|50|2|49|0|0|0|10|0|0|1|1|0
RZ1|51|2|OP13-096|0|14|0|4|0|0|0|0|0
RZ1|CHK|51|2|49|0|0|0|10|0|0|1|1|0
RZ1|52|2|OP13-098|0|46|0|5|0|0|0|0|0
RZ1|CHK|52|2|49|0|0|0|10|0|0|1|1|0
RZ1|53|2|OP13-092|0|27|0|6|0|0|0|0|0
RZ1|CHK|53|2|49|0|0|0|10|0|0|1|1|0
RZ1|54|2|OP13-091|0|36|0|7|0|0|0|0|0
RZ1|CHK|54|2|49|0|0|0|10|0|0|1|1|0
RZ1|55|2|OP13-096|0|30|0|8|0|0|0|0|0
RZ1|CHK|55|2|49|0|0|0|10|0|0|1|1|0
RZ1|56|2|OP13-084|0|36|0|9|0|0|0|0|0
RZ1|CHK|56|2|49|0|0|0|10|0|0|1|1|0
RZ1|57|2|OP13-083|0|15|0|10|0|0|0|0|0
RZ1|CHK|57|2|49|0|0|0|10|0|0|1|1|0
RZ1|58|2|OP13-084|0|42|0|11|0|0|0|0|0
RZ1|CHK|58|2|49|0|0|0|10|0|0|1|1|0
RZ1|59|2|OP13-089|0|27|0|12|0|0|0|0|0
RZ1|CHK|59|2|49|0|0|0|10|0|0|1|1|0
RZ1|60|2|OP13-096|0|45|0|13|0|0|0|0|0
RZ1|CHK|60|2|49|0|0|0|10|0|0|1|1|0
RZ1|61|2|OP13-082|0|21|0|14|0|0|0|0|0
RZ1|CHK|61|2|49|0|0|0|10|0|0|1|1|0
RZ1|62|2|OP13-089|0|47|0|15|0|0|0|0|0
RZ1|CHK|62|2|49|0|0|0|10|0|0|1|1|0
RZ1|63|2|OP13-084|0|40|0|16|0|0|0|0|0
RZ1|CHK|63|2|49|0|0|0|10|0|0|1|1|0
RZ1|64|2|OP13-082|0|25|0|17|0|0|0|0|0
RZ1|CHK|64|2|49|0|0|0|10|0|0|1|1|0
RZ1|65|2|OP16-093|0|19|0|18|0|0|0|0|0
RZ1|CHK|65|2|49|0|0|0|10|0|0|1|1|0
RZ1|66|2|OP13-080|0|28|0|19|0|0|0|0|0
RZ1|CHK|66|2|49|0|0|0|10|0|0|1|1|0
RZ1|67|2|OP13-083|0|45|0|20|0|0|0|0|0
RZ1|CHK|67|2|49|0|0|0|10|0|0|1|1|0
RZ1|68|2|OP13-098|0|27|0|21|0|0|0|0|0
RZ1|CHK|68|2|49|0|0|0|10|0|0|1|1|0
RZ1|69|2|OP13-086|0|29|0|22|0|0|0|0|0
RZ1|CHK|69|2|49|0|0|0|10|0|0|1|1|0
RZ1|70|2|OP13-091|0|24|0|23|0|0|0|0|0
RZ1|CHK|70|2|49|0|0|0|10|0|0|1|1|0
RZ1|71|2|OP16-093|0|25|0|24|0|0|0|0|0
RZ1|CHK|71|2|49|0|0|0|10|0|0|1|1|0
RZ1|72|2|OP14-096|0|39|0|25|0|0|0|0|0
RZ1|CHK|72|2|49|0|0|0|10|0|0|1|1|0
RZ1|73|2|OP13-091|0|34|0|28|0|0|0|0|0
RZ1|CHK|73|2|49|0|0|0|10|0|0|1|1|0
RZ1|74|2|OP13-089|0|47|0|29|0|0|0|0|0
RZ1|CHK|74|2|49|0|0|0|10|0|0|1|1|0
RZ1|75|2|OP05-097|0|37|0|30|0|0|0|0|0
RZ1|CHK|75|2|49|0|0|0|10|0|0|1|1|0
RZ1|76|2|OP13-091|0|39|0|31|0|0|0|0|0
RZ1|CHK|76|2|49|0|0|0|10|0|0|1|1|0
RZ1|77|2|OP14-096|0|40|0|32|0|0|0|0|0
RZ1|CHK|77|2|49|0|0|0|10|0|0|1|1|0
RZ1|78|2|OP16-093|0|39|0|33|0|0|0|0|0
RZ1|CHK|78|2|49|0|0|0|10|0|0|1|1|0
RZ1|79|2|OP13-089|0|48|0|34|0|0|0|0|0
RZ1|CHK|79|2|49|0|0|0|10|0|0|1|1|0
RZ1|80|2|OP13-080|0|46|0|35|0|0|0|0|0
RZ1|CHK|80|2|49|0|0|0|10|0|0|1|1|0
RZ1|81|2|OP13-080|0|39|0|36|0|0|0|0|0
RZ1|CHK|81|2|49|0|0|0|10|0|0|1|1|0
RZ1|82|2|OP13-086|0|47|0|37|0|0|0|0|0
RZ1|CHK|82|2|49|0|0|0|10|0|0|1|1|0
RZ1|83|2|OP14-096|0|45|0|38|0|0|0|0|0
RZ1|CHK|83|2|49|0|0|0|10|0|0|1|1|0
RZ1|84|2|OP13-086|0|48|0|39|0|0|0|0|0
RZ1|CHK|84|2|49|0|0|0|10|0|0|1|1|0
RZ1|85|2|OP16-093|0|43|0|40|0|0|0|0|0
RZ1|CHK|85|2|49|0|0|0|10|0|0|1|1|0
RZ1|86|2|OP13-084|0|45|0|41|0|0|0|0|0
RZ1|CHK|86|2|49|0|0|0|10|0|0|1|1|0
RZ1|87|2|OP13-086|0|44|0|42|0|0|0|0|0
RZ1|CHK|87|2|49|0|0|0|10|0|0|1|1|0
RZ1|88|2|OP13-098|0|46|0|44|0|0|0|0|0
RZ1|CHK|88|2|49|0|0|0|10|0|0|1|1|0
RZ1|89|2|OP14-096|0|47|0|45|0|0|0|0|0
RZ1|CHK|89|2|49|0|0|0|10|0|0|1|1|0
RZ1|90|2|OP13-082|0|47|0|46|0|0|0|0|0
RZ1|CHK|90|2|49|0|0|0|10|0|0|1|1|0
[] Drew card from deck: Fullalead ["OP09-099">OP09-099]
RZ1|91|1|OP09-099|0|49|1|0|1|1|0|0|0
RZ1|CHK|91|1|49|1|0|0|10|0|0|0|1|0
[] Drew card from deck: Doc Q ["OP16-109">OP16-109]
RZ1|92|1|OP16-109|0|48|1|1|1|1|0|0|0
RZ1|CHK|92|1|48|2|0|0|10|0|0|0|1|0
[] Drew card from deck: Marshall D. Teach ["OP09-093">OP09-093]
RZ1|93|1|OP09-093|0|47|1|2|1|1|0|0|0
RZ1|CHK|93|1|47|3|0|0|10|0|0|0|1|0
[] Drew card from deck: Laffitte ["OP09-095">OP09-095]
RZ1|94|1|OP09-095|0|46|1|3|1|1|0|0|0
RZ1|CHK|94|1|46|4|0|0|10|0|0|0|1|0
[] Drew card from deck: Marshall D. Teach ["OP16-119">OP16-119]
RZ1|95|1|OP16-119|0|45|1|4|1|1|0|0|0
RZ1|CHK|95|1|45|5|0|0|10|0|0|0|1|0
[] Drew card from deck: St. Jaygarcia Saturn ["OP13-083">OP13-083]
RZ1|96|2|OP13-083|0|48|1|0|1|1|0|0|0
RZ1|CHK|96|2|48|1|0|0|10|0|0|1|1|0
[] Drew card from deck: St. Jaygarcia Saturn ["OP13-083">OP13-083]
RZ1|97|2|OP13-083|0|47|1|1|1|1|0|0|0
RZ1|CHK|97|2|47|2|0|0|10|0|0|1|1|0
[] Drew card from deck: Five Elders ["OP13-082">OP13-082]
RZ1|98|2|OP13-082|0|46|1|2|1|1|0|0|0
RZ1|CHK|98|2|46|3|0|0|10|0|0|1|1|0
[] Drew card from deck: Ground Death ["OP14-096">OP14-096]
RZ1|99|2|OP14-096|0|45|1|3|1|1|0|0|0
RZ1|CHK|99|2|45|4|0|0|10|0|0|1|1|0
[] Drew card from deck: ...Never Existed... ["OP13-098">OP13-098]
RZ1|100|2|OP13-098|0|44|1|4|1|1|0|0|0
RZ1|CHK|100|2|44|5|0|0|10|0|0|1|1|0
RZ1|101|1|OP09-095|0|44|3|0|1|0|0|0|0
RZ1|CHK|101|1|44|5|0|1|10|0|0|0|1|0
RZ1|102|1|OP16-109|0|43|3|1|1|0|0|0|0
RZ1|CHK|102|1|43|5|0|2|10|0|0|0|1|0
RZ1|103|1|OP16-109|0|42|3|2|1|0|0|0|0
RZ1|CHK|103|1|42|5|0|3|10|0|0|0|1|0
RZ1|104|1|OP12-112|0|41|3|3|1|0|0|0|0
RZ1|CHK|104|1|41|5|0|4|10|0|0|0|1|0
RZ1|105|2|OP13-083|1|0|0|44|0|0|0|0|0
RZ1|CHK|105|2|45|4|0|0|10|0|0|1|1|0
RZ1|106|2|OP13-083|1|0|0|45|0|0|0|0|0
RZ1|CHK|106|2|46|3|0|0|10|0|0|1|1|0
RZ1|107|2|OP13-082|1|0|0|46|0|0|0|0|0
RZ1|CHK|107|2|47|2|0|0|10|0|0|1|1|0
RZ1|108|2|OP14-096|1|0|0|47|0|0|0|0|0
RZ1|CHK|108|2|48|1|0|0|10|0|0|1|1|0
RZ1|109|2|OP13-098|1|0|0|48|0|0|0|0|0
RZ1|CHK|109|2|49|0|0|0|10|0|0|1|1|0
RZ1|110|2|OP13-084|0|11|0|0|0|0|0|0|0
RZ1|CHK|110|2|49|0|0|0|10|0|0|1|1|0
RZ1|111|2|OP13-080|0|35|0|1|0|0|0|0|0
RZ1|CHK|111|2|49|0|0|0|10|0|0|1|1|0
RZ1|112|2|OP14-096|0|38|0|2|0|0|0|0|0
RZ1|CHK|112|2|49|0|0|0|10|0|0|1|1|0
RZ1|113|2|OP14-096|0|34|0|3|0|0|0|0|0
RZ1|CHK|113|2|49|0|0|0|10|0|0|1|1|0
RZ1|114|2|OP13-086|0|39|0|4|0|0|0|0|0
RZ1|CHK|114|2|49|0|0|0|10|0|0|1|1|0
RZ1|115|2|OP13-086|0|42|0|5|0|0|0|0|0
RZ1|CHK|115|2|49|0|0|0|10|0|0|1|1|0
RZ1|116|2|OP13-083|0|44|0|6|0|0|0|0|0
RZ1|CHK|116|2|49|0|0|0|10|0|0|1|1|0
RZ1|117|2|OP16-093|0|38|0|7|0|0|0|0|0
RZ1|CHK|117|2|49|0|0|0|10|0|0|1|1|0
RZ1|118|2|OP13-082|0|46|0|8|0|0|0|0|0
RZ1|CHK|118|2|49|0|0|0|10|0|0|1|1|0
RZ1|119|2|OP13-080|0|27|0|9|0|0|0|0|0
RZ1|CHK|119|2|49|0|0|0|10|0|0|1|1|0
RZ1|120|2|OP13-096|0|18|0|10|0|0|0|0|0
RZ1|CHK|120|2|49|0|0|0|10|0|0|1|1|0
RZ1|121|2|OP13-083|0|28|0|11|0|0|0|0|0
RZ1|CHK|121|2|49|0|0|0|10|0|0|1|1|0
RZ1|122|2|OP13-096|0|23|0|12|0|0|0|0|0
RZ1|CHK|122|2|49|0|0|0|10|0|0|1|1|0
RZ1|123|2|OP13-082|0|45|0|13|0|0|0|0|0
RZ1|CHK|123|2|49|0|0|0|10|0|0|1|1|0
RZ1|124|2|OP13-089|0|26|0|14|0|0|0|0|0
RZ1|CHK|124|2|49|0|0|0|10|0|0|1|1|0
RZ1|125|2|OP05-097|0|39|0|15|0|0|0|0|0
RZ1|CHK|125|2|49|0|0|0|10|0|0|1|1|0
RZ1|126|2|OP13-096|0|20|0|16|0|0|0|0|0
RZ1|CHK|126|2|49|0|0|0|10|0|0|1|1|0
RZ1|127|2|OP13-083|0|25|0|17|0|0|0|0|0
RZ1|CHK|127|2|49|0|0|0|10|0|0|1|1|0
RZ1|128|2|OP13-089|0|41|0|18|0|0|0|0|0
RZ1|CHK|128|2|49|0|0|0|10|0|0|1|1|0
RZ1|129|2|OP16-093|0|31|0|19|0|0|0|0|0
RZ1|CHK|129|2|49|0|0|0|10|0|0|1|1|0
RZ1|130|2|OP13-098|0|32|0|20|0|0|0|0|0
RZ1|CHK|130|2|49|0|0|0|10|0|0|1|1|0
RZ1|131|2|OP13-091|0|34|0|21|0|0|0|0|0
RZ1|CHK|131|2|49|0|0|0|10|0|0|1|1|0
RZ1|132|2|OP14-096|0|36|0|22|0|0|0|0|0
RZ1|CHK|132|2|49|0|0|0|10|0|0|1|1|0
RZ1|133|2|OP13-098|0|27|0|23|0|0|0|0|0
RZ1|CHK|133|2|49|0|0|0|10|0|0|1|1|0
RZ1|134|2|OP13-092|0|25|0|24|0|0|0|0|0
RZ1|CHK|134|2|49|0|0|0|10|0|0|1|1|0
RZ1|135|2|OP13-089|0|31|0|25|0|0|0|0|0
RZ1|CHK|135|2|49|0|0|0|10|0|0|1|1|0
RZ1|136|2|OP13-089|0|40|0|26|0|0|0|0|0
RZ1|CHK|136|2|49|0|0|0|10|0|0|1|1|0
RZ1|137|2|OP13-080|0|39|0|27|0|0|0|0|0
RZ1|CHK|137|2|49|0|0|0|10|0|0|1|1|0
RZ1|138|2|OP13-084|0|45|0|28|0|0|0|0|0
RZ1|CHK|138|2|49|0|0|0|10|0|0|1|1|0
RZ1|139|2|OP13-086|0|44|0|29|0|0|0|0|0
RZ1|CHK|139|2|49|0|0|0|10|0|0|1|1|0
RZ1|140|2|OP13-091|0|43|0|30|0|0|0|0|0
RZ1|CHK|140|2|49|0|0|0|10|0|0|1|1|0
RZ1|141|2|OP13-092|0|32|0|31|0|0|0|0|0
RZ1|CHK|141|2|49|0|0|0|10|0|0|1|1|0
RZ1|142|2|OP13-083|0|46|0|32|0|0|0|0|0
RZ1|CHK|142|2|49|0|0|0|10|0|0|1|1|0
RZ1|143|2|OP13-084|0|39|0|33|0|0|0|0|0
RZ1|CHK|143|2|49|0|0|0|10|0|0|1|1|0
RZ1|144|2|OP13-091|0|37|0|34|0|0|0|0|0
RZ1|CHK|144|2|49|0|0|0|10|0|0|1|1|0
RZ1|145|2|OP13-086|0|41|0|35|0|0|0|0|0
RZ1|CHK|145|2|49|0|0|0|10|0|0|1|1|0
RZ1|146|2|OP16-093|0|42|0|36|0|0|0|0|0
RZ1|CHK|146|2|49|0|0|0|10|0|0|1|1|0
RZ1|147|2|OP13-098|0|48|0|37|0|0|0|0|0
RZ1|CHK|147|2|49|0|0|0|10|0|0|1|1|0
RZ1|148|2|OP13-098|0|39|0|38|0|0|0|0|0
RZ1|CHK|148|2|49|0|0|0|10|0|0|1|1|0
RZ1|149|2|OP13-091|0|45|0|39|0|0|0|0|0
RZ1|CHK|149|2|49|0|0|0|10|0|0|1|1|0
RZ1|150|2|OP13-080|0|46|0|40|0|0|0|0|0
RZ1|CHK|150|2|49|0|0|0|10|0|0|1|1|0
RZ1|151|2|OP14-096|0|48|0|41|0|0|0|0|0
RZ1|CHK|151|2|49|0|0|0|10|0|0|1|1|0
RZ1|152|2|OP13-082|0|45|0|42|0|0|0|0|0
RZ1|CHK|152|2|49|0|0|0|10|0|0|1|1|0
RZ1|153|2|OP13-092|0|47|0|43|0|0|0|0|0
RZ1|CHK|153|2|49|0|0|0|10|0|0|1|1|0
RZ1|154|2|OP16-093|0|48|0|45|0|0|0|0|0
RZ1|CHK|154|2|49|0|0|0|10|0|0|1|1|0
[] Drew card from deck: Five Elders ["OP13-082">OP13-082]
RZ1|155|2|OP13-082|0|48|1|0|1|1|0|0|0
RZ1|CHK|155|2|48|1|0|0|10|0|0|1|1|0
[] Drew card from deck: St. Shepherd Ju Peter ["OP13-084">OP13-084]
RZ1|156|2|OP13-084|0|47|1|1|1|1|0|0|0
RZ1|CHK|156|2|47|2|0|0|10|0|0|1|1|0
[] Drew card from deck: St. Mjosgard ["OP13-092">OP13-092]
RZ1|157|2|OP13-092|0|46|1|2|1|1|0|0|0
RZ1|CHK|157|2|46|3|0|0|10|0|0|1|1|0
[] Drew card from deck: Bartholomew Kuma ["OP16-093">OP16-093]
RZ1|158|2|OP16-093|0|45|1|3|1|1|0|0|0
RZ1|CHK|158|2|45|4|0|0|10|0|0|1|1|0
[] Drew card from deck: The Five Elders... Are At Your Service ["OP13-096">OP13-096]
RZ1|159|2|OP13-096|0|44|1|4|1|1|0|0|0
RZ1|CHK|159|2|44|5|0|0|10|0|0|1|1|0
RZ1|160|2|OP13-092|0|43|3|0|0|1|0|0|0
RZ1|CHK|160|2|43|5|0|1|10|0|0|1|1|0
RZ1|161|2|OP13-082|0|42|3|1|0|1|0|0|0
RZ1|CHK|161|2|42|5|0|2|10|0|0|1|1|0
RZ1|162|2|OP14-096|0|41|3|2|0|1|0|0|0
RZ1|CHK|162|2|41|5|0|3|10|0|0|1|1|0
RZ1|163|2|OP13-080|0|40|3|3|0|1|0|0|0
RZ1|CHK|163|2|40|5|0|4|10|0|0|1|1|0
[] Hand after Mulligan: [OP13-082,OP13-084,OP13-092,OP16-093,OP13-096]
[Opponent] Mulligan
[] Hand: [OP09-099,OP16-109,OP09-093,OP09-095,OP16-119]
[] Board: []
[] Trash: []
[] Life: 4
[] Hand: [OP13-082,OP13-084,OP13-092,OP16-093,OP13-096]
[] Trash: []
[] Board: []
[] Life: 4
RZ1|164|1|Don|4|9|5|0|1|1|0|0|0
RZ1|CHK|164|1|41|5|0|4|9|1|0|0|1|0
[You] Draw 1 Don
RZ1|165|1|Don|5|0|5|0|1|1|1|0|0
RZ1|CHK|165|1|41|5|0|4|9|1|0|0|1|0
[You] Deploy Laffitte ["OP09-095">OP09-095]
RZ1|166|1|OP09-095|1|3|2|0|1|1|0|0|0
RZ1|CHK|166|1|41|4|1|4|9|1|0|0|1|0
[] Hand: [OP09-099,OP16-109,OP09-093,OP16-119]
[] Board: [OP09-095]
[] Trash: []
[] Life: 4
[] Hand: [OP13-082,OP13-084,OP13-092,OP16-093,OP13-096]
[] Trash: []
[] Board: []
[] Life: 4
[You] End Turn
[] Hand: [OP13-082,OP13-084,OP13-092,OP16-093,OP13-096]
[] Board: []
[] Trash: []
[] Life: 4
[] Hand: [OP09-099,OP16-109,OP09-093,OP16-119]
[] Trash: []
[] Board: [OP09-095]
[] Life: 4
[Opponent] Draw 1 Card
[] Drew card from deck: St. Marcus Mars ["OP13-091">OP13-091]
RZ1|167|2|OP13-091|0|39|1|5|1|1|0|0|0
RZ1|CHK|167|2|39|6|0|4|10|0|0|1|1|0
RZ1|168|2|Don|4|9|5|0|1|1|0|0|0
RZ1|CHK|168|2|39|6|0|4|9|1|0|1|1|0
RZ1|169|2|Don|4|8|5|1|1|1|0|0|0
RZ1|CHK|169|2|39|6|0|4|8|2|0|1|1|0
[Opponent] Draw 2 Don
[Opponent] The Five Elders... Are At Your Service ["OP13-096">OP13-096]: Rest 1 Don
RZ1|170|2|Don|5|0|5|0|1|1|1|0|0
RZ1|CHK|170|2|39|6|0|4|8|2|0|1|1|0
RZ1|171|2|OP13-096|1|4|6|0|1|1|0|0|0
RZ1|CHK|171|2|39|5|0|4|8|2|1|1|1|0
RZ1|172|2|OP13-098|0|37|1|5|1|1|0|0|0
RZ1|CHK|172|2|38|6|0|4|8|2|1|1|1|0
[Opponent] The Five Elders... Are At Your Service ["OP13-096">OP13-096]: <b>Reveal and Draw ...Never Existed... ["OP13-098">OP13-098]</b>
[Opponent] The Five Elders... Are At Your Service ["OP13-096">OP13-096]: Trash 2 Remaining Cards
RZ1|173|2|OP13-098|0|37|6|1|1|1|0|0|0
RZ1|CHK|173|2|37|6|0|4|8|2|2|1|1|0
RZ1|174|2|OP16-093|0|36|6|2|1|1|0|0|0
RZ1|CHK|174|2|36|6|0|4|8|2|3|1|1|0
RZ1|175|2|OP13-091|1|4|6|3|1|1|0|0|0
RZ1|CHK|175|2|36|5|0|4|8|2|4|1|1|0
[Opponent] Imu ["OP13-079">OP13-079]: Trash St. Marcus Mars ["OP13-091">OP13-091]
[] Drew card from deck: St. Shalria ["OP13-086">OP13-086]
RZ1|176|2|OP13-086|0|35|1|5|1|1|0|0|0
RZ1|CHK|176|2|35|6|0|4|8|2|4|1|1|0
[Opponent] Imu ["OP13-079">OP13-079]: Draw 1 Card
RZ1|177|2|Don|5|1|5|1|1|1|1|0|0
RZ1|CHK|177|2|35|6|0|4|8|2|4|1|1|0
[Opponent] Deploy St. Shalria ["OP13-086">OP13-086]
RZ1|178|2|OP13-086|1|5|2|0|1|1|0|0|0
RZ1|CHK|178|2|35|5|1|4|8|2|4|1|1|0
RZ1|179|2|OP13-083|0|32|1|5|1|1|0|0|0
RZ1|CHK|179|2|34|6|1|4|8|2|4|1|1|0
[Opponent] St. Shalria ["OP13-086">OP13-086]: <b>Reveal and Draw St. Jaygarcia Saturn ["OP13-083">OP13-083]</b>
[Opponent] St. Shalria ["OP13-086">OP13-086]: Trash 2 Remaining Cards
RZ1|180|2|OP13-091|0|33|6|4|1|1|0|0|0
RZ1|CHK|180|2|33|6|1|4|8|2|5|1|1|0
RZ1|181|2|OP13-084|0|32|6|5|1|1|0|0|0
RZ1|CHK|181|2|32|6|1|4|8|2|6|1|1|0
RZ1|182|2|OP16-093|1|3|6|6|1|1|0|0|0
RZ1|CHK|182|2|32|5|1|4|8|2|7|1|1|0
[Opponent] St. Shalria ["OP13-086">OP13-086]: Trash Bartholomew Kuma ["OP16-093">OP16-093]
[] Hand: [OP13-082,OP13-084,OP13-092,OP13-098,OP13-083]
[] Board: [OP13-086]
[] Trash: [OP13-096,OP13-098,OP16-093,OP13-091,OP13-091,OP13-084,OP16-093]
[] Life: 4
[] Hand: [OP09-099,OP16-109,OP09-093,OP16-119]
[] Trash: []
[] Board: [OP09-095]
[] Life: 4
[Opponent] End Turn
[] Hand: [OP09-099,OP16-109,OP09-093,OP16-119]
[] Board: [OP09-095]
[] Trash: []
[] Life: 4
[] Hand: [OP13-082,OP13-084,OP13-092,OP13-098,OP13-083]
[] Trash: [OP13-096,OP13-098,OP16-093,OP13-091,OP13-091,OP13-084,OP16-093]
[] Board: [OP13-086]
[] Life: 4
[You] Draw 1 Card
[] Drew card from deck: Fullalead ["OP09-099">OP09-099]
RZ1|183|1|OP09-099|0|40|1|4|1|1|0|0|0
RZ1|CHK|183|1|40|5|1|4|9|1|0|0|1|0
RZ1|184|1|Don|4|8|5|1|1|1|0|0|0
RZ1|CHK|184|1|40|5|1|4|8|2|0|0|1|0
RZ1|185|1|Don|4|7|5|2|1|1|0|0|0
RZ1|CHK|185|1|40|5|1|4|7|3|0|0|1|0
[You] Draw 2 Don
[You] Laffitte ["OP09-095">OP09-095]: Rest 1 Don
RZ1|186|1|Don|5|0|5|0|1|1|1|0|0
RZ1|CHK|186|1|40|5|1|4|7|3|0|0|1|0
[You] Laffitte ["OP09-095">OP09-095]: Rest Laffitte ["OP09-095">OP09-095]
RZ1|187|1|OP16-109|0|35|1|5|1|1|0|0|0
RZ1|CHK|187|1|39|6|1|4|7|3|0|0|1|0
[You] Laffitte ["OP09-095">OP09-095]: <b>Reveal and Draw Doc Q ["OP16-109">OP16-109]</b>
[You] Placing Cards on Bottom of Deck
RZ1|188|1|OP16-116|0|38|0|0|0|0|0|0|0
RZ1|CHK|188|1|39|6|1|4|7|3|0|0|1|0
RZ1|189|1|OP09-086|0|38|0|0|0|0|0|0|0
RZ1|CHK|189|1|39|6|1|4|7|3|0|0|1|0
RZ1|190|1|OP09-093|0|38|0|0|0|0|0|0|0
RZ1|CHK|190|1|39|6|1|4|7|3|0|0|1|0
RZ1|191|1|OP09-086|0|38|0|0|0|0|0|0|0
RZ1|CHK|191|1|39|6|1|4|7|3|0|0|1|0
RZ1|192|1|Don|5|1|5|1|1|1|1|0|0
RZ1|CHK|192|1|39|6|1|4|7|3|0|0|1|0
[You] Deploy Doc Q ["OP16-109">OP16-109]
RZ1|193|1|OP16-109|1|1|2|1|1|1|0|0|0
RZ1|CHK|193|1|39|5|2|4|7|3|0|0|1|0
RZ1|194|1|Don|5|2|5|2|1|1|1|0|0
RZ1|CHK|194|1|39|5|2|4|7|3|0|0|1|0
[You] Deploy Doc Q ["OP16-109">OP16-109]
RZ1|195|1|OP16-109|1|4|2|2|1|1|0|0|0
RZ1|CHK|195|1|39|4|3|4|7|3|0|0|1|0
[You] Marshall D. Teach ["OP16-080">OP16-080] attacking Imu ["OP13-079">OP13-079]
Marshall D. Teach ["OP16-080">OP16-080][5000] vs Imu ["OP13-079">OP13-079][5000]
Imu ["OP13-079">OP13-079] hit for 1 damage
RZ1|196|2|OP13-080|3|3|1|5|1|1|0|0|0
RZ1|CHK|196|2|32|6|1|3|8|2|7|1|1|0
[] Hand: [OP09-099,OP09-093,OP16-119,OP09-099]
[] Board: [OP09-095,OP16-109,OP16-109]
[] Trash: []
[] Life: 4
[] Hand: [OP13-082,OP13-084,OP13-092,OP13-098,OP13-083,OP13-080]
[] Trash: [OP13-096,OP13-098,OP16-093,OP13-091,OP13-091,OP13-084,OP16-093]
[] Board: [OP13-086]
[] Life: 3
[You] End Turn
[] Hand: [OP13-082,OP13-084,OP13-092,OP13-098,OP13-083,OP13-080]
[] Board: [OP13-086]
[] Trash: [OP13-096,OP13-098,OP16-093,OP13-091,OP13-091,OP13-084,OP16-093]
[] Life: 3
[] Hand: [OP09-099,OP09-093,OP16-119,OP09-099]
[] Trash: []
[] Board: [OP09-095,OP16-109,OP16-109]
[] Life: 4
[Opponent] Draw 1 Card
[] Drew card from deck: St. Mjosgard ["OP13-092">OP13-092]
RZ1|197|2|OP13-092|0|31|1|6|1|1|0|0|0
RZ1|CHK|197|2|31|7|1|3|8|2|7|1|1|0
RZ1|198|2|Don|4|7|5|2|1|1|0|0|0
RZ1|CHK|198|2|31|7|1|3|7|3|7|1|1|0
RZ1|199|2|Don|4|6|5|3|1|1|0|0|0
RZ1|CHK|199|2|31|7|1|3|6|4|7|1|1|0
[Opponent] Draw 2 Don
[Opponent] Attach 1 Don to St. Shalria ["OP13-086">OP13-086] (1 Total)
RZ1|200|2|Don|5|3|9|0|1|1|0|0|0
RZ1|CHK|200|2|31|7|1|3|6|3|7|1|1|1
[Opponent] St. Shalria ["OP13-086">OP13-086] attacking Laffitte ["OP09-095">OP09-095]
St. Shalria ["OP13-086">OP13-086][1000] vs Laffitte ["OP09-095">OP09-095][1000]
[You] Laffitte ["OP09-095">OP09-095] Destroyed
RZ1|201|1|OP09-095|2|0|6|0|1|1|0|0|0
RZ1|CHK|201|1|39|4|2|4|7|3|1|0|1|0
RZ1|202|2|Don|9|0|5|0|1|1|1|0|0
RZ1|CHK|202|2|31|7|1|3|6|4|7|1|1|0
RZ1|203|2|OP13-086|2|0|6|7|1|1|0|0|0
RZ1|CHK|203|2|31|7|0|3|6|4|8|1|1|0
[Opponent] Imu ["OP13-079">OP13-079]: Trash St. Shalria ["OP13-086">OP13-086]
[] Drew card from deck: St. Marcus Mars ["OP13-091">OP13-091]
RZ1|204|2|OP13-091|0|30|1|7|1|1|0|0|0
RZ1|CHK|204|2|30|8|0|3|6|4|8|1|1|0
[Opponent] Imu ["OP13-079">OP13-079]: Draw 1 Card
[Opponent] Imu ["OP13-079">OP13-079] attacking Marshall D. Teach ["OP16-080">OP16-080]
Imu ["OP13-079">OP13-079][5000] vs Marshall D. Teach ["OP16-080">OP16-080][5000]
Marshall D. Teach ["OP16-080">OP16-080] hit for 1 damage
RZ1|205|1|OP12-112|3|3|1|4|1|1|0|0|0
RZ1|CHK|205|1|39|5|2|3|7|3|1|0|1|0
[Opponent] The Empty Throne ["OP13-099">OP13-099]: Rest 3 Don
RZ1|206|2|Don|5|1|5|1|1|1|1|0|0
RZ1|CHK|206|2|30|8|0|3|6|4|8|1|1|0
RZ1|207|2|Don|5|2|5|2|1|1|1|0|0
RZ1|CHK|207|2|30|8|0|3|6|4|8|1|1|0
RZ1|208|2|Don|5|3|5|3|1|1|1|0|0
RZ1|CHK|208|2|30|8|0|3|6|4|8|1|1|0
[Opponent] The Empty Throne ["OP13-099">OP13-099]: Rest The Empty Throne ["OP13-099">OP13-099]
RZ1|209|2|OP13-083|1|4|2|0|1|1|0|0|0
RZ1|CHK|209|2|30|7|1|3|6|4|8|1|1|0
[Opponent] The Empty Throne ["OP13-099">OP13-099]: Deploy St. Jaygarcia Saturn ["OP13-083">OP13-083]
RZ1|210|2|OP13-089|0|26|1|7|1|1|0|0|0
RZ1|CHK|210|2|29|8|1|3|6|4|8|1|1|0
[Opponent] St. Jaygarcia Saturn ["OP13-083">OP13-083]: <b>Reveal and Draw St. Topman Warcury ["OP13-089">OP13-089]</b>
[Opponent] Placing Cards on Bottom of Deck
RZ1|211|2|OP13-086|0|28|0|0|0|0|0|0|0
RZ1|CHK|211|2|29|8|1|3|6|4|8|1|1|0
RZ1|212|2|OP13-084|0|28|0|0|0|0|0|0|0
RZ1|CHK|212|2|29|8|1|3|6|4|8|1|1|0
RZ1|213|2|OP13-080|0|28|0|0|0|0|0|0|0
RZ1|CHK|213|2|29|8|1|3|6|4|8|1|1|0
RZ1|214|2|OP13-089|0|28|0|0|0|0|0|0|0
RZ1|CHK|214|2|29|8|1|3|6|4|8|1|1|0
[] Hand: [OP13-082,OP13-084,OP13-092,OP13-098,OP13-080,OP13-092,OP13-091,OP13-089]
[] Board: [OP13-083]
[] Trash: [OP13-096,OP13-098,OP16-093,OP13-091,OP13-091,OP13-084,OP16-093,OP13-086]
[] Life: 3
[] Hand: [OP09-099,OP09-093,OP16-119,OP09-099,OP12-112]
[] Trash: [OP09-095]
[] Board: [OP16-109,OP16-109]
[] Life: 3
[Opponent] End Turn
[] Hand: [OP09-099,OP09-093,OP16-119,OP09-099,OP12-112]
[] Board: [OP16-109,OP16-109]
[] Trash: [OP09-095]
[] Life: 3
[] Hand: [OP13-082,OP13-084,OP13-092,OP13-098,OP13-080,OP13-092,OP13-091,OP13-089]
[] Trash: [OP13-096,OP13-098,OP16-093,OP13-091,OP13-091,OP13-084,OP16-093,OP13-086]
[] Board: [OP13-083]
[] Life: 3
[You] Draw 1 Card
[] Drew card from deck: Shiryu ["OP16-108">OP16-108]
RZ1|215|1|OP16-108|0|38|1|5|1|1|0|0|0
RZ1|CHK|215|1|38|6|2|3|7|3|1|0|1|0
RZ1|216|1|Don|4|6|5|3|1|1|0|0|0
RZ1|CHK|216|1|38|6|2|3|6|4|1|0|1|0
RZ1|217|1|Don|4|5|5|4|1|1|0|0|0
RZ1|CHK|217|1|38|6|2|3|5|5|1|0|1|0
[You] Draw 2 Don
RZ1|218|1|Don|5|0|5|0|1|1|1|0|0
RZ1|CHK|218|1|38|6|2|3|5|5|1|0|1|0
RZ1|219|1|Don|5|1|5|1|1|1|1|0|0
RZ1|CHK|219|1|38|6|2|3|5|5|1|0|1|0
RZ1|220|1|Don|5|2|5|2|1|1|1|0|0
RZ1|CHK|220|1|38|6|2|3|5|5|1|0|1|0
RZ1|221|1|Don|5|3|5|3|1|1|1|0|0
RZ1|CHK|221|1|38|6|2|3|5|5|1|0|1|0
[You] Deploy Baby 5 ["OP12-112">OP12-112]
RZ1|222|1|OP12-112|1|4|2|2|1|1|0|0|0
RZ1|CHK|222|1|38|5|3|3|5|5|1|0|1|0
[You] Marshall D. Teach ["OP16-080">OP16-080] attacking Imu ["OP13-079">OP13-079]
[Opponent] Discard St. Marcus Mars ["OP13-091">OP13-091] for Counter 1000
RZ1|223|2|OP13-091|1|6|6|8|1|1|0|0|0
RZ1|CHK|223|2|29|7|1|3|6|4|9|1|1|0
Marshall D. Teach ["OP16-080">OP16-080][5000] vs Imu ["OP13-079">OP13-079][6000]
Attack Fails
[] Hand: [OP09-099,OP09-093,OP16-119,OP09-099,OP16-108]
[] Board: [OP16-109,OP16-109,OP12-112]
[] Trash: [OP09-095]
[] Life: 3
[] Hand: [OP13-082,OP13-084,OP13-092,OP13-098,OP13-080,OP13-092,OP13-089]
[] Trash: [OP13-096,OP13-098,OP16-093,OP13-091,OP13-091,OP13-084,OP16-093,OP13-086,OP13-091]
[] Board: [OP13-083]
[] Life: 3
[You] End Turn
[] Hand: [OP13-082,OP13-084,OP13-092,OP13-098,OP13-080,OP13-092,OP13-089]
[] Board: [OP13-083]
[] Trash: [OP13-096,OP13-098,OP16-093,OP13-091,OP13-091,OP13-084,OP16-093,OP13-086,OP13-091]
[] Life: 3
[] Hand: [OP09-099,OP09-093,OP16-119,OP09-099,OP16-108]
[] Trash: [OP09-095]
[] Board: [OP16-109,OP16-109,OP12-112]
[] Life: 3
[Opponent] Draw 1 Card
[] Drew card from deck: St. Mjosgard ["OP13-092">OP13-092]
RZ1|224|2|OP13-092|0|28|1|7|1|1|0|0|0
RZ1|CHK|224|2|28|8|1|3|6|4|9|1|1|0
RZ1|225|2|Don|4|5|5|4|1|1|0|0|0
RZ1|CHK|225|2|28|8|1|3|5|5|9|1|1|0
RZ1|226|2|Don|4|4|5|5|1|1|0|0|0
RZ1|CHK|226|2|28|8|1|3|4|6|9|1|1|0
[Opponent] Draw 2 Don
[Opponent] The Empty Throne ["OP13-099">OP13-099]: Rest 3 Don
RZ1|227|2|Don|5|0|5|0|1|1|1|0|0
RZ1|CHK|227|2|28|8|1|3|4|6|9|1|1|0
RZ1|228|2|Don|5|1|5|1|1|1|1|0|0
RZ1|CHK|228|2|28|8|1|3|4|6|9|1|1|0
RZ1|229|2|Don|5|2|5|2|1|1|1|0|0
RZ1|CHK|229|2|28|8|1|3|4|6|9|1|1|0
[Opponent] The Empty Throne ["OP13-099">OP13-099]: Rest The Empty Throne ["OP13-099">OP13-099]
RZ1|230|2|OP13-080|1|4|2|1|1|1|0|0|0
RZ1|CHK|230|2|28|7|2|3|4|6|9|1|1|0
[Opponent] The Empty Throne ["OP13-099">OP13-099]: Deploy St. Ethanbaron V. Nusjuro ["OP13-080">OP13-080]
[Opponent] Attach 1 Don to St. Ethanbaron V. Nusjuro ["OP13-080">OP13-080] (1 Total)
RZ1|231|2|Don|5|5|9|100|1|1|0|0|0
RZ1|CHK|231|2|28|7|2|3|4|5|9|1|1|1
[Opponent] St. Ethanbaron V. Nusjuro ["OP13-080">OP13-080] attacking Marshall D. Teach ["OP16-080">OP16-080]
St. Ethanbaron V. Nusjuro ["OP13-080">OP13-080][6000] vs Marshall D. Teach ["OP16-080">OP16-080][5000]
Marshall D. Teach ["OP16-080">OP16-080] hit for 1 damage
RZ1|232|1|OP16-109|3|2|1|5|1|1|0|0|0
RZ1|CHK|232|1|38|6|3|2|5|5|1|0|1|0
[Opponent] Attach 1 Don to St. Jaygarcia Saturn ["OP13-083">OP13-083] (1 Total)
RZ1|233|2|Don|5|4|9|0|1|1|0|0|0
RZ1|CHK|233|2|28|7|2|3|4|4|9|1|1|2
[Opponent] St. Jaygarcia Saturn ["OP13-083">OP13-083] attacking Marshall D. Teach ["OP16-080">OP16-080]
[You] Discard Doc Q ["OP16-109">OP16-109] for Counter 2000
RZ1|234|1|OP16-109|1|5|6|1|1|1|0|0|0
RZ1|CHK|234|1|38|5|3|2|5|5|2|0|1|0
St. Jaygarcia Saturn ["OP13-083">OP13-083][6000] vs Marshall D. Teach ["OP16-080">OP16-080][7000]
Attack Fails
[Opponent] Attach 1 Don to Imu ["OP13-079">OP13-079] (1 Total)
RZ1|235|2|Don|5|3|9|9900|1|1|0|0|0
RZ1|CHK|235|2|28|7|2|3|4|3|9|1|1|3
[Opponent] Imu ["OP13-079">OP13-079] attacking Marshall D. Teach ["OP16-080">OP16-080]
Imu ["OP13-079">OP13-079][6000] vs Marshall D. Teach ["OP16-080">OP16-080][5000]
Marshall D. Teach ["OP16-080">OP16-080] hit for 1 damage
RZ1|236|1|OP16-109|3|1|1|5|1|1|0|0|0
RZ1|CHK|236|1|38|6|3|1|5|5|2|0|1|0
[] Hand: [OP13-082,OP13-084,OP13-092,OP13-098,OP13-092,OP13-089,OP13-092]
[] Board: [OP13-083,OP13-080]
[] Trash: [OP13-096,OP13-098,OP16-093,OP13-091,OP13-091,OP13-084,OP16-093,OP13-086,OP13-091]
[] Life: 3
[] Hand: [OP09-099,OP09-093,OP16-119,OP09-099,OP16-108,OP16-109]
[] Trash: [OP09-095,OP16-109]
[] Board: [OP16-109,OP16-109,OP12-112]
[] Life: 1
[Opponent] End Turn
[] Hand: [OP09-099,OP09-093,OP16-119,OP09-099,OP16-108,OP16-109]
[] Board: [OP16-109,OP16-109,OP12-112]
[] Trash: [OP09-095,OP16-109]
[] Life: 1
[] Hand: [OP13-082,OP13-084,OP13-092,OP13-098,OP13-092,OP13-089,OP13-092]
[] Trash: [OP13-096,OP13-098,OP16-093,OP13-091,OP13-091,OP13-084,OP16-093,OP13-086,OP13-091]
[] Board: [OP13-083,OP13-080]
[] Life: 3
[You] Draw 1 Card
[] Drew card from deck: Laffitte ["OP09-095">OP09-095]
RZ1|237|1|OP09-095|0|37|1|6|1|1|0|0|0
RZ1|CHK|237|1|37|7|3|1|5|5|2|0|1|0
RZ1|238|1|Don|4|4|5|5|1|1|0|0|0
RZ1|CHK|238|1|37|7|3|1|4|6|2|0|1|0
RZ1|239|1|Don|4|3|5|6|1|1|0|0|0
RZ1|CHK|239|1|37|7|3|1|3|7|2|0|1|0
[You] Draw 2 Don
[You] Marshall D. Teach ["OP16-080">OP16-080] attacking St. Ethanbaron V. Nusjuro ["OP13-080">OP13-080]
[Opponent] Discard St. Topman Warcury ["OP13-089">OP13-089] for Counter 1000
RZ1|240|2|OP13-089|1|5|6|9|1|1|0|0|0
RZ1|CHK|240|2|28|6|2|3|4|3|10|1|1|3
Marshall D. Teach ["OP16-080">OP16-080][5000] vs St. Ethanbaron V. Nusjuro ["OP13-080">OP13-080][6000]
Attack Fails
RZ1|241|1|Don|5|0|9|0|1|1|0|0|0
RZ1|CHK|241|1|37|7|3|1|3|6|2|0|1|1
RZ1|242|1|Don|5|0|9|1|1|1|0|0|0
RZ1|CHK|242|1|37|7|3|1|3|5|2|0|1|2
RZ1|243|1|Don|5|0|9|2|1|1|0|0|0
RZ1|CHK|243|1|37|7|3|1|3|4|2|0|1|3
RZ1|244|1|Don|5|0|9|3|1|1|0|0|0
RZ1|CHK|244|1|37|7|3|1|3|3|2|0|1|4
RZ1|245|1|Don|5|0|9|4|1|1|0|0|0
RZ1|CHK|245|1|37|7|3|1|3|2|2|0|1|5
[You] Doc Q ["OP16-109">OP16-109] attacking St. Ethanbaron V. Nusjuro ["OP13-080">OP13-080]
[Opponent] Discard St. Mjosgard ["OP13-092">OP13-092] for Counter 2000
RZ1|246|2|OP13-092|1|5|6|10|1|1|0|0|0
RZ1|CHK|246|2|28|5|2|3|4|3|11|1|1|3
Doc Q ["OP16-109">OP16-109][5000] vs St. Ethanbaron V. Nusjuro ["OP13-080">OP13-080][7000]
Attack Fails
[You] Baby 5 ["OP12-112">OP12-112] attacking St. Ethanbaron V. Nusjuro ["OP13-080">OP13-080]
[Opponent] Discard St. Mjosgard ["OP13-092">OP13-092] for Counter 2000
RZ1|247|2|OP13-092|1|4|6|11|1|1|0|0|0
RZ1|CHK|247|2|28|4|2|3|4|3|12|1|1|3
Baby 5 ["OP12-112">OP12-112][5000] vs St. Ethanbaron V. Nusjuro ["OP13-080">OP13-080][7000]
Attack Fails
RZ1|248|1|Don|5|0|5|0|1|1|1|0|0
RZ1|CHK|248|1|37|7|3|1|3|2|2|0|1|5
[You] Deploy Doc Q ["OP16-109">OP16-109]
RZ1|249|1|OP16-109|1|5|2|3|1|1|0|0|0
RZ1|CHK|249|1|37|6|4|1|3|2|2|0|1|5
RZ1|250|1|Don|5|1|5|1|1|1|1|0|0
RZ1|CHK|250|1|37|6|4|1|3|2|2|0|1|5
[You] Deploy Laffitte ["OP09-095">OP09-095]
RZ1|251|1|OP09-095|1|5|2|4|1|1|0|0|0
RZ1|CHK|251|1|37|5|5|1|3|2|2|0|1|5
[] Hand: [OP09-099,OP09-093,OP16-119,OP09-099,OP16-108]
[] Board: [OP16-109,OP16-109,OP12-112,OP16-109,OP09-095]
[] Trash: [OP09-095,OP16-109]
[] Life: 1
[] Hand: [OP13-082,OP13-084,OP13-092,OP13-098]
[] Trash: [OP13-096,OP13-098,OP16-093,OP13-091,OP13-091,OP13-084,OP16-093,OP13-086,OP13-091,OP13-089,OP13-092,OP13-092]
[] Board: [OP13-083,OP13-080]
[] Life: 3
[You] End Turn
[] Hand: [OP13-082,OP13-084,OP13-092,OP13-098]
[] Board: [OP13-083,OP13-080]
[] Trash: [OP13-096,OP13-098,OP16-093,OP13-091,OP13-091,OP13-084,OP16-093,OP13-086,OP13-091,OP13-089,OP13-092,OP13-092]
[] Life: 3
[] Hand: [OP09-099,OP09-093,OP16-119,OP09-099,OP16-108]
[] Trash: [OP09-095,OP16-109]
[] Board: [OP16-109,OP16-109,OP12-112,OP16-109,OP09-095]
[] Life: 1
RZ1|252|2|Don|9|9900|5|0|1|1|1|0|0
RZ1|CHK|252|2|28|4|2|3|4|4|12|1|1|2
RZ1|253|2|Don|9|0|5|0|1|1|1|0|0
RZ1|CHK|253|2|28|4|2|3|4|5|12|1|1|1
RZ1|254|2|Don|9|100|5|0|1|1|1|0|0
RZ1|CHK|254|2|28|4|2|3|4|6|12|1|1|0
[Opponent] Draw 1 Card
[] Drew card from deck: ...Never Existed... ["OP13-098">OP13-098]
RZ1|255|2|OP13-098|0|27|1|4|1|1|0|0|0
RZ1|CHK|255|2|27|5|2|3|4|6|12|1|1|0
RZ1|256|2|Don|4|3|5|6|1|1|0|0|0
RZ1|CHK|256|2|27|5|2|3|3|7|12|1|1|0
RZ1|257|2|Don|4|2|5|7|1|1|0|0|0
RZ1|CHK|257|2|27|5|2|3|2|8|12|1|1|0
[Opponent] Draw 2 Don
[Opponent] The Empty Throne ["OP13-099">OP13-099]: Rest 3 Don
RZ1|258|2|Don|5|0|5|0|1|1|1|0|0
RZ1|CHK|258|2|27|5|2|3|2|8|12|1|1|0
RZ1|259|2|Don|5|1|5|1|1|1|1|0|0
RZ1|CHK|259|2|27|5|2|3|2|8|12|1|1|0
RZ1|260|2|Don|5|2|5|2|1|1|1|0|0
RZ1|CHK|260|2|27|5|2|3|2|8|12|1|1|0
[Opponent] The Empty Throne ["OP13-099">OP13-099]: Rest The Empty Throne ["OP13-099">OP13-099]
RZ1|261|2|OP13-084|1|1|2|2|1|1|0|2000|0
RZ1|CHK|261|2|27|4|3|3|2|8|12|1|1|0
[Opponent] The Empty Throne ["OP13-099">OP13-099]: Deploy St. Shepherd Ju Peter ["OP13-084">OP13-084]
[Opponent] St. Ethanbaron V. Nusjuro ["OP13-080">OP13-080] attacking Marshall D. Teach ["OP16-080">OP16-080]
[Opponent] St. Ethanbaron V. Nusjuro ["OP13-080">OP13-080]: Buff Baby 5 ["OP12-112">OP12-112] -2000
St. Ethanbaron V. Nusjuro ["OP13-080">OP13-080][7000] vs Marshall D. Teach ["OP16-080">OP16-080][5000]
Marshall D. Teach ["OP16-080">OP16-080] hit for 1 damage
RZ1|262|1|OP09-095|3|0|1|5|1|1|0|0|0
RZ1|CHK|262|1|37|6|5|0|3|2|2|0|1|5
[Opponent] St. Jaygarcia Saturn ["OP13-083">OP13-083] attacking Marshall D. Teach ["OP16-080">OP16-080]
RZ1|263|1|OP16-108|1|4|6|2|1|1|0|0|0
RZ1|CHK|263|1|37|5|5|0|3|2|3|0|1|5
[You] Marshall D. Teach ["OP16-080">OP16-080]: Trash Shiryu ["OP16-108">OP16-108]
[You] Marshall D. Teach ["OP16-080">OP16-080]: Target of Attack changed to Doc Q ["OP16-109">OP16-109]
St. Jaygarcia Saturn ["OP13-083">OP13-083][7000] vs Doc Q ["OP16-109">OP16-109][0]
[You] Doc Q ["OP16-109">OP16-109] Destroyed
RZ1|264|1|Don|9|0|5|0|1|1|1|0|0
RZ1|CHK|264|1|37|5|5|0|3|3|3|0|1|4
RZ1|265|1|Don|9|0|5|0|1|1|1|0|0
RZ1|CHK|265|1|37|5|5|0|3|4|3|0|1|3
RZ1|266|1|Don|9|0|5|0|1|1|1|0|0
RZ1|CHK|266|1|37|5|5|0|3|5|3|0|1|2
RZ1|267|1|Don|9|0|5|0|1|1|1|0|0
RZ1|CHK|267|1|37|5|5|0|3|6|3|0|1|1
RZ1|268|1|Don|9|0|5|0|1|1|1|0|0
RZ1|CHK|268|1|37|5|5|0|3|7|3|0|1|0
RZ1|269|1|OP16-109|2|0|6|3|1|1|0|0|0
RZ1|CHK|269|1|37|5|4|0|3|7|4|0|1|0
[] Drew card from deck: Baby 5 ["OP12-112">OP12-112]
RZ1|270|1|OP12-112|0|36|1|5|1|1|0|0|0
RZ1|CHK|270|1|36|6|4|0|3|7|4|0|1|0
[You] Doc Q ["OP16-109">OP16-109]: Draw 1 Card
[Opponent] Attach 5 Don to Imu ["OP13-079">OP13-079] (5 Total)
RZ1|271|2|Don|5|7|9|9900|1|1|0|0|0
RZ1|CHK|271|2|27|4|3|3|2|7|12|1|1|1
RZ1|272|2|Don|5|6|9|9901|1|1|0|0|0
RZ1|CHK|272|2|27|4|3|3|2|6|12|1|1|2
RZ1|273|2|Don|5|5|9|9902|1|1|0|0|0
RZ1|CHK|273|2|27|4|3|3|2|5|12|1|1|3
RZ1|274|2|Don|5|4|9|9903|1|1|0|0|0
RZ1|CHK|274|2|27|4|3|3|2|4|12|1|1|4
RZ1|275|2|Don|5|3|9|9904|1|1|0|0|0
RZ1|CHK|275|2|27|4|3|3|2|3|12|1|1|5
[Opponent] Imu ["OP13-079">OP13-079] attacking Marshall D. Teach ["OP16-080">OP16-080]
Imu ["OP13-079">OP13-079][10000] vs Marshall D. Teach ["OP16-080">OP16-080][5000]
Marshall D. Teach ["OP16-080">OP16-080] hit for 1 damage
[You] <b>Downloaded the Combat Log!</b>
GameOver
