Version is 1.41b
[You] Leader is Marshall D. Teach ["OP16-080">OP16-080]
RZ1|HDR|1.41b|2|RZ1
RZ1|PLY|1||OP16-080
RZ1|PLY|2||
[Opponent] Leader is Imu ["OP13-079">OP13-079]
RZ1|1|2|OP16-093|0|8|0|0|0|0|0|0|0
RZ1|CHK|1|2|50|0|0|0|10|0|0|0|1|0
RZ1|2|2|OP13-084|0|30|0|2|0|0|0|0|0
RZ1|CHK|2|2|50|0|0|0|10|0|0|0|1|0
RZ1|3|2|OP16-093|0|12|0|3|0|0|0|0|0
RZ1|CHK|3|2|50|0|0|0|10|0|0|0|1|0
RZ1|4|2|OP13-084|0|30|0|4|0|0|0|0|0
RZ1|CHK|4|2|50|0|0|0|10|0|0|0|1|0
RZ1|5|2|OP13-092|0|10|0|5|0|0|0|0|0
RZ1|CHK|5|2|50|0|0|0|10|0|0|0|1|0
RZ1|6|2|OP14-096|0|47|0|6|0|0|0|0|0
RZ1|CHK|6|2|50|0|0|0|10|0|0|0|1|0
RZ1|7|2|OP13-080|0|24|0|7|0|0|0|0|0
RZ1|CHK|7|2|50|0|0|0|10|0|0|0|1|0
RZ1|8|2|OP13-091|0|27|0|8|0|0|0|0|0
RZ1|CHK|8|2|50|0|0|0|10|0|0|0|1|0
RZ1|9|2|OP13-080|0|25|0|9|0|0|0|0|0
RZ1|CHK|9|2|50|0|0|0|10|0|0|0|1|0
RZ1|10|2|OP13-096|0|37|0|10|0|0|0|0|0
RZ1|CHK|10|2|50|0|0|0|10|0|0|0|1|0
RZ1|11|2|OP13-082|0|35|0|11|0|0|0|0|0
RZ1|CHK|11|2|50|0|0|0|10|0|0|0|1|0
RZ1|12|2|OP13-080|0|29|0|12|0|0|0|0|0
RZ1|CHK|12|2|50|0|0|0|10|0|0|0|1|0
RZ1|13|2|OP13-098|0|43|0|13|0|0|0|0|0
RZ1|CHK|13|2|50|0|0|0|10|0|0|0|1|0
RZ1|14|2|OP13-096|0|40|0|14|0|0|0|0|0
RZ1|CHK|14|2|50|0|0|0|10|0|0|0|1|0
RZ1|15|2|OP14-096|0|45|0|15|0|0|0|0|0
RZ1|CHK|15|2|50|0|0|0|10|0|0|0|1|0
RZ1|16|2|OP14-096|0|47|0|16|0|0|0|0|0
RZ1|CHK|16|2|50|0|0|0|10|0|0|0|1|0
RZ1|17|2|OP13-080|0|33|0|17|0|0|0|0|0
RZ1|CHK|17|2|50|0|0|0|10|0|0|0|1|0
RZ1|18|2|OP13-089|0|30|0|18|0|0|0|0|0
RZ1|CHK|18|2|50|0|0|0|10|0|0|0|1|0
RZ1|19|2|OP13-092|0|23|0|19|0|0|0|0|0
RZ1|CHK|19|2|50|0|0|0|10|0|0|0|1|0
RZ1|20|2|OP13-089|0|31|0|20|0|0|0|0|0
RZ1|CHK|20|2|50|0|0|0|10|0|0|0|1|0
RZ1|21|2|OP16-093|0|26|0|21|0|0|0|0|0
RZ1|CHK|21|2|50|0|0|0|10|0|0|0|1|0
RZ1|22|2|OP13-099|0|49|0|22|0|0|0|0|0
RZ1|CHK|22|2|50|0|0|0|10|0|0|0|1|0
RZ1|23|2|OP13-083|0|29|0|23|0|0|0|0|0
RZ1|CHK|23|2|50|0|0|0|10|0|0|0|1|0
RZ1|24|2|OP13-096|0|43|0|24|0|0|0|0|0
RZ1|CHK|24|2|50|0|0|0|10|0|0|0|1|0
RZ1|25|2|OP13-092|0|29|0|25|0|0|0|0|0
RZ1|CHK|25|2|50|0|0|0|10|0|0|0|1|0
RZ1|26|2|OP13-084|0|40|0|26|0|0|0|0|0
RZ1|CHK|26|2|50|0|0|0|10|0|0|0|1|0
RZ1|27|2|OP13-091|0|37|0|27|0|0|0|0|0
RZ1|CHK|27|2|50|0|0|0|10|0|0|0|1|0
RZ1|28|2|OP13-084|0|40|0|28|0|0|0|0|0
RZ1|CHK|28|2|50|0|0|0|10|0|0|0|1|0
RZ1|29|2|OP13-083|0|36|0|29|0|0|0|0|0
RZ1|CHK|29|2|50|0|0|0|10|0|0|0|1|0
RZ1|30|2|OP13-098|0|47|0|30|0|0|0|0|0
RZ1|CHK|30|2|50|0|0|0|10|0|0|0|1|0
RZ1|31|2|OP13-098|0|47|0|31|0|0|0|0|0
RZ1|CHK|31|2|50|0|0|0|10|0|0|0|1|0
RZ1|32|2|OP13-082|0|44|0|32|0|0|0|0|0
RZ1|CHK|32|2|50|0|0|0|10|0|0|0|1|0
RZ1|33|2|OP13-089|0|40|0|33|0|0|0|0|0
RZ1|CHK|33|2|50|0|0|0|10|0|0|0|1|0
RZ1|34|2|OP13-091|0|43|0|34|0|0|0|0|0
RZ1|CHK|34|2|50|0|0|0|10|0|0|0|1|0
RZ1|35|2|OP16-093|0|39|0|35|0|0|0|0|0
RZ1|CHK|35|2|50|0|0|0|10|0|0|0|1|0
RZ1|36|2|OP13-086|0|38|0|36|0|0|0|0|0
RZ1|CHK|36|2|50|0|0|0|10|0|0|0|1|0
RZ1|37|2|OP05-097|0|49|0|37|0|0|0|0|0
RZ1|CHK|37|2|50|0|0|0|10|0|0|0|1|0
RZ1|38|2|OP13-086|0|39|0|38|0|0|0|0|0
RZ1|CHK|38|2|50|0|0|0|10|0|0|0|1|0
RZ1|39|2|OP13-091|0|44|0|39|0|0|0|0|0
RZ1|CHK|39|2|50|0|0|0|10|0|0|0|1|0
RZ1|40|2|OP13-089|0|44|0|40|0|0|0|0|0
RZ1|CHK|40|2|50|0|0|0|10|0|0|0|1|0
RZ1|41|2|OP13-098|0|48|0|41|0|0|0|0|0
RZ1|CHK|41|2|50|0|0|0|10|0|0|0|1|0
RZ1|42|2|OP13-092|0|43|0|42|0|0|0|0|0
RZ1|CHK|42|2|50|0|0|0|10|0|0|0|1|0
RZ1|43|2|OP13-096|0|48|0|43|0|0|0|0|0
RZ1|CHK|43|2|50|0|0|0|10|0|0|0|1|0
RZ1|44|2|OP13-083|0|46|0|44|0|0|0|0|0
RZ1|CHK|44|2|50|0|0|0|10|0|0|0|1|0
RZ1|45|2|OP13-082|0|48|0|45|0|0|0|0|0
RZ1|CHK|45|2|50|0|0|0|10|0|0|0|1|0
RZ1|46|2|OP14-096|0|49|0|46|0|0|0|0|0
RZ1|CHK|46|2|50|0|0|0|10|0|0|0|1|0
RZ1|47|2|OP13-083|0|48|0|47|0|0|0|0|0
RZ1|CHK|47|2|50|0|0|0|10|0|0|0|1|0
RZ1|48|2|OP13-099|0|22|7|0|1|1|0|0|0
RZ1|CHK|48|2|49|0|0|0|10|0|0|1|1|0
[Opponent] Imu ["OP13-079">OP13-079]: Deploy The Empty Throne ["OP13-099">OP13-099]
RZ1|49|2|OP13-086|0|47|0|0|0|0|0|0|0
RZ1|CHK|49|2|49|0|0|0|10|0|0|1|1|0
RZ1|50|2|OP13-098|0|41|0|1|0|0|0|0|0
RZ1|CHK|50|2|49|0|0|0|10|0|0|1|1|0
RZ1|51|2|OP13-092|0|7|0|2|0|0|0|0|0
RZ1|CHK|51|2|49|0|0|0|10|0|0|1|1|0
RZ1|52|2|OP13-098|0|15|0|3|0|0|0|0|0
RZ1|CHK|52|2|49|0|0|0|10|0|0|1|1|0
RZ1|53|2|OP13-096|0|25|0|4|0|0|0|0|0
RZ1|CHK|53|2|49|0|0|0|10|0|0|1|1|0
RZ1|54|2|OP13-083|0|25|0|5|0|0|0|0|0
RZ1|CHK|54|2|49|0|0|0|10|0|0|1|1|0
RZ1|55|2|OP13-092|0|42|0|6|0|0|0|0|0
RZ1|CHK|55|2|49|0|0|0|10|0|0|1|1|0
RZ1|56|2|OP14-096|0|46|0|8|0|0|0|0|0
RZ1|CHK|56|2|49|0|0|0|10|0|0|1|1|0
RZ1|57|2|OP13-096|0|44|0|9|0|0|0|0|0
RZ1|CHK|57|2|49|0|0|0|10|0|0|1|1|0
RZ1|58|2|OP13-082|0|36|0|10|0|0|0|0|0
RZ1|CHK|58|2|49|0|0|0|10|0|0|1|1|0
RZ1|59|2|OP16-093|0|39|0|11|0|0|0|0|0
RZ1|CHK|59|2|49|0|0|0|10|0|0|1|1|0
RZ1|60|2|OP13-089|0|29|0|12|0|0|0|0|0
RZ1|CHK|60|2|49|0|0|0|10|0|0|1|1|0
RZ1|61|2|OP13-083|0|35|0|13|0|0|0|0|0
RZ1|CHK|61|2|49|0|0|0|10|0|0|1|1|0
RZ1|62|2|OP13-096|0|22|0|14|0|0|0|0|0
RZ1|CHK|62|2|49|0|0|0|10|0|0|1|1|0
RZ1|63|2|OP16-093|0|17|0|15|0|0|0|0|0
RZ1|CHK|63|2|49|0|0|0|10|0|0|1|1|0
RZ1|64|2|OP13-089|0|29|0|16|0|0|0|0|0
RZ1|CHK|64|2|49|0|0|0|10|0|0|1|1|0
RZ1|65|2|OP13-080|0|29|0|17|0|0|0|0|0
RZ1|CHK|65|2|49|0|0|0|10|0|0|1|1|0
RZ1|66|2|OP13-084|0|35|0|18|0|0|0|0|0
RZ1|CHK|66|2|49|0|0|0|10|0|0|1|1|0
RZ1|67|2|OP13-084|0|21|0|19|0|0|0|0|0
RZ1|CHK|67|2|49|0|0|0|10|0|0|1|1|0
RZ1|68|2|OP13-092|0|31|0|20|0|0|0|0|0
RZ1|CHK|68|2|49|0|0|0|10|0|0|1|1|0
RZ1|69|2|OP13-080|0|26|0|21|0|0|0|0|0
RZ1|CHK|69|2|49|0|0|0|10|0|0|1|1|0
RZ1|70|2|OP13-083|0|47|0|22|0|0|0|0|0
RZ1|CHK|70|2|49|0|0|0|10|0|0|1|1|0
RZ1|71|2|OP05-097|0|42|0|23|0|0|0|0|0
RZ1|CHK|71|2|49|0|0|0|10|0|0|1|1|0
RZ1|72|2|OP14-096|0|32|0|24|0|0|0|0|0
RZ1|CHK|72|2|49|0|0|0|10|0|0|1|1|0
RZ1|73|2|OP13-086|0|43|0|25|0|0|0|0|0
RZ1|CHK|73|2|49|0|0|0|10|0|0|1|1|0
RZ1|74|2|OP13-084|0|27|0|26|0|0|0|0|0
RZ1|CHK|74|2|49|0|0|0|10|0|0|1|1|0
RZ1|75|2|OP13-092|0|36|0|27|0|0|0|0|0
RZ1|CHK|75|2|49|0|0|0|10|0|0|1|1|0
RZ1|76|2|OP13-089|0|45|0|28|0|0|0|0|0
RZ1|CHK|76|2|49|0|0|0|10|0|0|1|1|0
RZ1|77|2|OP13-082|0|48|0|29|0|0|0|0|0
RZ1|CHK|77|2|49|0|0|0|10|0|0|1|1|0
RZ1|78|2|OP13-084|0|39|0|30|0|0|0|0|0
RZ1|CHK|78|2|49|0|0|0|10|0|0|1|1|0
RZ1|79|2|OP14-096|0|38|0|31|0|0|0|0|0
RZ1|CHK|79|2|49|0|0|0|10|0|0|1|1|0
RZ1|80|2|OP13-082|0|48|0|32|0|0|0|0|0
RZ1|CHK|80|2|49|0|0|0|10|0|0|1|1|0
RZ1|81|2|OP13-091|0|41|0|33|0|0|0|0|0
RZ1|CHK|81|2|49|0|0|0|10|0|0|1|1|0
RZ1|82|2|OP14-096|0|35|0|34|0|0|0|0|0
RZ1|CHK|82|2|49|0|0|0|10|0|0|1|1|0
RZ1|83|2|OP16-093|0|41|0|35|0|0|0|0|0
RZ1|CHK|83|2|49|0|0|0|10|0|0|1|1|0
RZ1|84|2|OP13-091|0|45|0|36|0|0|0|0|0
RZ1|CHK|84|2|49|0|0|0|10|0|0|1|1|0
RZ1|85|2|OP13-098|0|43|0|37|0|0|0|0|0
RZ1|CHK|85|2|49|0|0|0|10|0|0|1|1|0
RZ1|86|2|OP13-091|0|40|0|38|0|0|0|0|0
RZ1|CHK|86|2|49|0|0|0|10|0|0|1|1|0
RZ1|87|2|OP13-089|0|45|0|39|0|0|0|0|0
RZ1|CHK|87|2|49|0|0|0|10|0|0|1|1|0
RZ1|88|2|OP13-080|0|41|0|40|0|0|0|0|0
RZ1|CHK|88|2|49|0|0|0|10|0|0|1|1|0
RZ1|89|2|OP13-083|0|48|0|41|0|0|0|0|0
RZ1|CHK|89|2|49|0|0|0|10|0|0|1|1|0
RZ1|90|2|OP13-086|0|47|0|42|0|0|0|0|0
RZ1|CHK|90|2|49|0|0|0|10|0|0|1|1|0
RZ1|91|2|OP13-091|0|48|0|43|0|0|0|0|0
RZ1|CHK|91|2|49|0|0|0|10|0|0|1|1|0
RZ1|92|2|OP13-098|0|48|0|44|0|0|0|0|0
RZ1|CHK|92|2|49|0|0|0|10|0|0|1|1|0
RZ1|93|2|OP13-082|0|46|0|45|0|0|0|0|0
RZ1|CHK|93|2|49|0|0|0|10|0|0|1|1|0
RZ1|94|2|OP13-096|0|48|0|47|0|0|0|0|0
RZ1|CHK|94|2|49|0|0|0|10|0|0|1|1|0
[] Drew card from deck: Black Vortex ["OP16-115">OP16-115]
RZ1|95|1|OP16-115|0|49|1|0|1|1|0|0|0
RZ1|CHK|95|1|49|1|0|0|10|0|0|0|1|0
[] Drew card from deck: Laffitte ["OP09-095">OP09-095]
RZ1|96|1|OP09-095|0|48|1|1|1|1|0|0|0
RZ1|CHK|96|1|48|2|0|0|10|0|0|0|1|0
[] Drew card from deck: Doc Q ["OP16-109">OP16-109]
RZ1|97|1|OP16-109|0|47|1|2|1|1|0|0|0
RZ1|CHK|97|1|47|3|0|0|10|0|0|0|1|0
[] Drew card from deck: Jesus Burgess ["OP09-086">OP09-086]
RZ1|98|1|OP09-086|0|46|1|3|1|1|0|0|0
RZ1|CHK|98|1|46|4|0|0|10|0|0|0|1|0
[] Drew card from deck: Shiryu ["OP16-108">OP16-108]
RZ1|99|1|OP16-108|0|45|1|4|1|1|0|0|0
RZ1|CHK|99|1|45|5|0|0|10|0|0|0|1|0
[] Drew card from deck: St. Ethanbaron V. Nusjuro ["OP13-080">OP13-080]
RZ1|100|2|OP13-080|0|48|1|0|1|1|0|0|0
RZ1|CHK|100|2|48|1|0|0|10|0|0|1|1|0
[] Drew card from deck: The Five Elders... Are At Your Service ["OP13-096">OP13-096]
RZ1|101|2|OP13-096|0|47|1|1|1|1|0|0|0
RZ1|CHK|101|2|47|2|0|0|10|0|0|1|1|0
[] Drew card from deck: St. Shalria ["OP13-086">OP13-086]
RZ1|102|2|OP13-086|0|46|1|2|1|1|0|0|0
RZ1|CHK|102|2|46|3|0|0|10|0|0|1|1|0
[] Drew card from deck: Five Elders ["OP13-082">OP13-082]
RZ1|103|2|OP13-082|0|45|1|3|1|1|0|0|0
RZ1|CHK|103|2|45|4|0|0|10|0|0|1|1|0
[] Drew card from deck: ...Never Existed... ["OP13-098">OP13-098]
RZ1|104|2|OP13-098|0|44|1|4|1|1|0|0|0
RZ1|CHK|104|2|44|5|0|0|10|0|0|1|1|0
RZ1|105|1|OP09-086|0|44|3|0|1|0|0|0|0
RZ1|CHK|105|1|44|5|0|1|10|0|0|0|1|0
RZ1|106|1|OP16-116|0|43|3|1|1|0|0|0|0
RZ1|CHK|106|1|43|5|0|2|10|0|0|0|1|0
RZ1|107|1|OP16-116|0|42|3|2|1|0|0|0|0
RZ1|CHK|107|1|42|5|0|3|10|0|0|0|1|0
RZ1|108|1|OP09-093|0|41|3|3|1|0|0|0|0
RZ1|CHK|108|1|41|5|0|4|10|0|0|0|1|0
RZ1|109|2|OP13-091|0|43|3|0|0|1|0|0|0
RZ1|CHK|109|2|43|5|0|1|10|0|0|1|1|0
RZ1|110|2|OP13-086|0|42|3|1|0|1|0|0|0
RZ1|CHK|110|2|42|5|0|2|10|0|0|1|1|0
RZ1|111|2|OP13-083|0|41|3|2|0|1|0|0|0
RZ1|CHK|111|2|41|5|0|3|10|0|0|1|1|0
RZ1|112|2|OP13-080|0|40|3|3|0|1|0|0|0
RZ1|CHK|112|2|40|5|0|4|10|0|0|1|1|0
[] Hand: [OP16-115,OP09-095,OP16-109,OP09-086,OP16-108]
[] Board: []
[] Trash: []
[] Life: 4
[] Hand: [OP13-080,OP13-096,OP13-086,OP13-082,OP13-098]
[] Trash: []
[] Board: []
[] Life: 4
RZ1|113|1|Don|4|9|5|0|1|1|0|0|0
RZ1|CHK|113|1|41|5|0|4|9|1|0|0|1|0
[You] Draw 1 Don
RZ1|114|1|Don|5|0|5|0|1|1|1|0|0
RZ1|CHK|114|1|41|5|0|4|9|1|0|0|1|0
[You] Deploy Laffitte ["OP09-095">OP09-095]
RZ1|115|1|OP09-095|1|1|2|0|1|1|0|0|0
RZ1|CHK|115|1|41|4|1|4|9|1|0|0|1|0
[] Hand: [OP16-115,OP16-109,OP09-086,OP16-108]
[] Board: [OP09-095]
[] Trash: []
[] Life: 4
[] Hand: [OP13-080,OP13-096,OP13-086,OP13-082,OP13-098]
[] Trash: []
[] Board: []
[] Life: 4
[You] End Turn
[] Hand: [OP13-080,OP13-096,OP13-086,OP13-082,OP13-098]
[] Board: []
[] Trash: []
[] Life: 4
[] Hand: [OP16-115,OP16-109,OP09-086,OP16-108]
[] Trash: []
[] Board: [OP09-095]
[] Life: 4
[Opponent] Draw 1 Card
[] Drew card from deck: St. Topman Warcury ["OP13-089">OP13-089]
RZ1|116|2|OP13-089|0|39|1|5|1|1|0|0|0
RZ1|CHK|116|2|39|6|0|4|10|0|0|1|1|0
RZ1|117|2|Don|4|9|5|0|1|1|0|0|0
RZ1|CHK|117|2|39|6|0|4|9|1|0|1|1|0
RZ1|118|2|Don|4|8|5|1|1|1|0|0|0
RZ1|CHK|118|2|39|6|0|4|8|2|0|1|1|0
[Opponent] Draw 2 Don
RZ1|119|2|Don|5|0|5|0|1|1|1|0|0
RZ1|CHK|119|2|39|6|0|4|8|2|0|1|1|0
[Opponent] Deploy St. Shalria ["OP13-086">OP13-086]
RZ1|120|2|OP13-086|1|2|2|0|1|1|0|0|0
RZ1|CHK|120|2|39|5|1|4|8|2|0|1|1|0
RZ1|121|2|OP13-091|0|36|1|5|1|1|0|0|0
RZ1|CHK|121|2|38|6|1|4|8|2|0|1|1|0
[Opponent] St. Shalria ["OP13-086">OP13-086]: <b>Reveal and Draw St. Marcus Mars ["OP13-091">OP13-091]</b>
[Opponent] St. Shalria ["OP13-086">OP13-086]: Trash 2 Remaining Cards
RZ1|122|2|OP13-091|0|37|6|0|1|1|0|0|0
RZ1|CHK|122|2|37|6|1|4|8|2|1|1|1|0
RZ1|123|2|OP13-098|0|36|6|1|1|1|0|0|0
RZ1|CHK|123|2|36|6|1|4|8|2|2|1|1|0
RZ1|124|2|OP13-080|1|0|6|2|1|1|0|0|0
RZ1|CHK|124|2|36|5|1|4|8|2|3|1|1|0
[Opponent] St. Shalria ["OP13-086">OP13-086]: Trash St. Ethanbaron V. Nusjuro ["OP13-080">OP13-080]
[Opponent] The Five Elders... Are At Your Service ["OP13-096">OP13-096]: Rest 1 Don
RZ1|125|2|Don|5|1|5|1|1|1|1|0|0
RZ1|CHK|125|2|36|5|1|4|8|2|3|1|1|0
RZ1|126|2|OP13-096|1|0|6|3|1|1|0|0|0
RZ1|CHK|126|2|36|4|1|4|8|2|4|1|1|0
RZ1|127|2|OP13-091|0|33|1|4|1|1|0|0|0
RZ1|CHK|127|2|35|5|1|4|8|2|4|1|1|0
[Opponent] The Five Elders... Are At Your Service ["OP13-096">OP13-096]: <b>Reveal and Draw St. Marcus Mars ["OP13-091">OP13-091]</b>
[Opponent] The Five Elders... Are At Your Service ["OP13-096">OP13-096]: Trash 2 Remaining Cards
RZ1|128|2|OP16-093|0|34|6|4|1|1|0|0|0
RZ1|CHK|128|2|34|5|1|4|8|2|5|1|1|0
RZ1|129|2|OP14-096|0|33|6|5|1|1|0|0|0
RZ1|CHK|129|2|33|5|1|4|8|2|6|1|1|0
RZ1|130|2|OP13-086|2|0|6|6|1|1|0|0|0
RZ1|CHK|130|2|33|5|0|4|8|2|7|1|1|0
[Opponent] Imu ["OP13-079">OP13-079]: Trash St. Shalria ["OP13-086">OP13-086]
[] Drew card from deck: Five Elders ["OP13-082">OP13-082]
RZ1|131|2|OP13-082|0|32|1|5|1|1|0|0|0
RZ1|CHK|131|2|32|6|0|4|8|2|7|1|1|0
[Opponent] Imu ["OP13-079">OP13-079]: Draw 1 Card
[] Hand: [OP13-082,OP13-098,OP13-089,OP13-091,OP13-091,OP13-082]
[] Board: []
[] Trash: [OP13-091,OP13-098,OP13-080,OP13-096,OP16-093,OP14-096,OP13-086]
[] Life: 4
[] Hand: [OP16-115,OP16-109,OP09-086,OP16-108]
[] Trash: []
[] Board: [OP09-095]
[] Life: 4
[Opponent] End Turn
[] Hand: [OP16-115,OP16-109,OP09-086,OP16-108]
[] Board: [OP09-095]
[] Trash: []
[] Life: 4
[] Hand: [OP13-082,OP13-098,OP13-089,OP13-091,OP13-091,OP13-082]
[] Trash: [OP13-091,OP13-098,OP13-080,OP13-096,OP16-093,OP14-096,OP13-086]
[] Board: []
[] Life: 4
[You] Draw 1 Card
[] Drew card from deck: Vasco Shot ["OP16-110">OP16-110]
RZ1|132|1|OP16-110|0|40|1|4|1|1|0|0|0
RZ1|CHK|132|1|40|5|1|4|9|1|0|0|1|0
RZ1|133|1|Don|4|8|5|1|1|1|0|0|0
RZ1|CHK|133|1|40|5|1|4|8|2|0|0|1|0
RZ1|134|1|Don|4|7|5|2|1|1|0|0|0
RZ1|CHK|134|1|40|5|1|4|7|3|0|0|1|0
[You] Draw 2 Don
[You] Laffitte ["OP09-095">OP09-095]: Rest 1 Don
RZ1|135|1|Don|5|0|5|0|1|1|1|0|0
RZ1|CHK|135|1|40|5|1|4|7|3|0|0|1|0
[You] Laffitte ["OP09-095">OP09-095]: Rest Laffitte ["OP09-095">OP09-095]
RZ1|136|1|OP16-108|0|36|1|5|1|1|0|0|0
RZ1|CHK|136|1|39|6|1|4|7|3|0|0|1|0
[You] Laffitte ["OP09-095">OP09-095]: <b>Reveal and Draw Shiryu ["OP16-108">OP16-108]</b>
[You] Placing Cards on Bottom of Deck
RZ1|137|1|OP09-099|0|38|0|0|0|0|0|0|0
RZ1|CHK|137|1|39|6|1|4|7|3|0|0|1|0
RZ1|138|1|OP16-110|0|38|0|0|0|0|0|0|0
RZ1|CHK|138|1|39|6|1|4|7|3|0|0|1|0
RZ1|139|1|OP16-115|0|38|0|0|0|0|0|0|0
RZ1|CHK|139|1|39|6|1|4|7|3|0|0|1|0
RZ1|140|1|OP16-104|0|38|0|0|0|0|0|0|0
RZ1|CHK|140|1|39|6|1|4|7|3|0|0|1|0
RZ1|141|1|Don|5|1|5|1|1|1|1|0|0
RZ1|CHK|141|1|39|6|1|4|7|3|0|0|1|0
[You] Deploy Vasco Shot ["OP16-110">OP16-110]
RZ1|142|1|OP16-110|1|4|2|1|1|1|0|0|0
RZ1|CHK|142|1|39|5|2|4|7|3|0|0|1|0
RZ1|143|1|Don|5|2|5|2|1|1|1|0|0
RZ1|CHK|143|1|39|5|2|4|7|3|0|0|1|0
[You] Deploy Doc Q ["OP16-109">OP16-109]
RZ1|144|1|OP16-109|1|1|2|2|1|1|0|0|0
RZ1|CHK|144|1|39|4|3|4|7|3|0|0|1|0
[You] Marshall D. Teach ["OP16-080">OP16-080] attacking Imu ["OP13-079">OP13-079]
[Opponent] Discard St. Marcus Mars ["OP13-091">OP13-091] for Counter 1000
RZ1|145|2|OP13-091|1|4|6|7|1|1|0|0|0
RZ1|CHK|145|2|32|5|0|4|8|2|8|1|1|0
Marshall D. Teach ["OP16-080">OP16-080][5000] vs Imu ["OP13-079">OP13-079][6000]
Attack Fails
[] Hand: [OP16-115,OP09-086,OP16-108,OP16-108]
[] Board: [OP09-095,OP16-110,OP16-109]
[] Trash: []
[] Life: 4
[] Hand: [OP13-082,OP13-098,OP13-089,OP13-091,OP13-082]
[] Trash: [OP13-091,OP13-098,OP13-080,OP13-096,OP16-093,OP14-096,OP13-086,OP13-091]
[] Board: []
[] Life: 4
[You] End Turn
[] Hand: [OP13-082,OP13-098,OP13-089,OP13-091,OP13-082]
[] Board: []
[] Trash: [OP13-091,OP13-098,OP13-080,OP13-096,OP16-093,OP14-096,OP13-086,OP13-091]
[] Life: 4
[] Hand: [OP16-115,OP09-086,OP16-108,OP16-108]
[] Trash: []
[] Board: [OP09-095,OP16-110,OP16-109]
[] Life: 4
[Opponent] Draw 1 Card
[] Drew card from deck: Ground Death ["OP14-096">OP14-096]
RZ1|146|2|OP14-096|0|31|1|5|1|1|0|0|0
RZ1|CHK|146|2|31|6|0|4|8|2|8|1|1|0
RZ1|147|2|Don|4|7|5|2|1|1|0|0|0
RZ1|CHK|147|2|31|6|0|4|7|3|8|1|1|0
RZ1|148|2|Don|4|6|5|3|1|1|0|0|0
RZ1|CHK|148|2|31|6|0|4|6|4|8|1|1|0
[Opponent] Draw 2 Don
[Opponent] The Empty Throne ["OP13-099">OP13-099]: Rest 3 Don
RZ1|149|2|Don|5|0|5|0|1|1|1|0|0
RZ1|CHK|149|2|31|6|0|4|6|4|8|1|1|0
RZ1|150|2|Don|5|1|5|1|1|1|1|0|0
RZ1|CHK|150|2|31|6|0|4|6|4|8|1|1|0
RZ1|151|2|Don|5|2|5|2|1|1|1|0|0
RZ1|CHK|151|2|31|6|0|4|6|4|8|1|1|0
[Opponent] The Empty Throne ["OP13-099">OP13-099]: Rest The Empty Throne ["OP13-099">OP13-099]
RZ1|152|2|OP13-089|1|2|2|0|1|1|0|0|0
RZ1|CHK|152|2|31|5|1|4|6|4|8|1|1|0
[Opponent] The Empty Throne ["OP13-099">OP13-099]: Deploy St. Topman Warcury ["OP13-089">OP13-089]
[Opponent] Attach 1 Don to Imu ["OP13-079">OP13-079] (1 Total)
RZ1|153|2|Don|5|3|9|9900|1|1|0|0|0
RZ1|CHK|153|2|31|5|1|4|6|3|8|1|1|1
[Opponent] Imu ["OP13-079">OP13-079] attacking Marshall D. Teach ["OP16-080">OP16-080]
RZ1|154|1|OP16-108|1|2|6|0|1|1|0|0|0
RZ1|CHK|154|1|39|3|3|4|7|3|1|0|1|0
[You] Marshall D. Teach ["OP16-080">OP16-080]: Trash Shiryu ["OP16-108">OP16-108]
[You] Marshall D. Teach ["OP16-080">OP16-080]: Target of Attack changed to Vasco Shot ["OP16-110">OP16-110]
Imu ["OP13-079">OP13-079][6000] vs Vasco Shot ["OP16-110">OP16-110][2000]
[You] Vasco Shot ["OP16-110">OP16-110] Destroyed
RZ1|155|1|OP16-110|2|1|6|1|1|1|0|0|0
RZ1|CHK|155|1|39|3|2|4|7|3|2|0|1|0
[] Drew card from deck: Doc Q ["OP16-109">OP16-109]
RZ1|156|1|OP16-109|0|38|1|3|1|1|0|0|0
RZ1|CHK|156|1|38|4|2|4|7|3|2|0|1|0
[You] Vasco Shot ["OP16-110">OP16-110]: Draw 1 Card
[You] Vasco Shot ["OP16-110">OP16-110]: Rest St. Topman Warcury ["OP13-089">OP13-089]
[] Hand: [OP13-082,OP13-098,OP13-091,OP13-082,OP14-096]
[] Board: [OP13-089]
[] Trash: [OP13-091,OP13-098,OP13-080,OP13-096,OP16-093,OP14-096,OP13-086,OP13-091]
[] Life: 4
[] Hand: [OP16-115,OP09-086,OP16-108,OP16-109]
[] Trash: [OP16-108,OP16-110]
[] Board: [OP09-095,OP16-109]
[] Life: 4
[Opponent] End Turn
[] Hand: [OP16-115,OP09-086,OP16-108,OP16-109]
[] Board: [OP09-095,OP16-109]
[] Trash: [OP16-108,OP16-110]
[] Life: 4
[] Hand: [OP13-082,OP13-098,OP13-091,OP13-082,OP14-096]
[] Trash: [OP13-091,OP13-098,OP13-080,OP13-096,OP16-093,OP14-096,OP13-086,OP13-091]
[] Board: [OP13-089]
[] Life: 4
[You] Draw 1 Card
[] Drew card from deck: Vasco Shot ["OP16-110">OP16-110]
RZ1|157|1|OP16-110|0|37|1|4|1|1|0|0|0
RZ1|CHK|157|1|37|5|2|4|7|3|2|0|1|0
RZ1|158|1|Don|4|6|5|3|1|1|0|0|0
RZ1|CHK|158|1|37|5|2|4|6|4|2|0|1|0
RZ1|159|1|Don|4|5|5|4|1|1|0|0|0
RZ1|CHK|159|1|37|5|2|4|5|5|2|0|1|0
[You] Draw 2 Don
RZ1|160|1|Don|5|0|9|9900|1|1|0|0|0
RZ1|CHK|160|1|37|5|2|4|5|4|2|0|1|1
RZ1|161|1|Don|5|0|9|9901|1|1|0|0|0
RZ1|CHK|161|1|37|5|2|4|5|3|2|0|1|2
[You] Marshall D. Teach ["OP16-080">OP16-080] attacking St. Topman Warcury ["OP13-089">OP13-089]
Marshall D. Teach ["OP16-080">OP16-080][7000] vs St. Topman Warcury ["OP13-089">OP13-089][5000]
[Opponent] St. Topman Warcury ["OP13-089">OP13-089] Destroyed
RZ1|162|2|OP13-089|2|0|6|8|1|1|0|0|0
RZ1|CHK|162|2|31|5|0|4|6|3|9|1|1|1
[] Drew card from deck: St. Shepherd Ju Peter ["OP13-084">OP13-084]
RZ1|163|2|OP13-084|0|30|1|5|1|1|0|0|0
RZ1|CHK|163|2|30|6|0|4|6|3|9|1|1|1
[Opponent] St. Topman Warcury ["OP13-089">OP13-089]: Draw 1 Card
[You] Laffitte ["OP09-095">OP09-095]: Rest 1 Don
RZ1|164|1|Don|5|0|5|0|1|1|1|0|0
RZ1|CHK|164|1|37|5|2|4|5|3|2|0|1|2
[You] Laffitte ["OP09-095">OP09-095]: Rest Laffitte ["OP09-095">OP09-095]
RZ1|165|1|OP09-093|0|35|1|5|1|1|0|0|0
RZ1|CHK|165|1|36|6|2|4|5|3|2|0|1|2
[You] Laffitte ["OP09-095">OP09-095]: <b>Reveal and Draw Marshall D. Teach ["OP09-093">OP09-093]</b>
[You] Placing Cards on Bottom of Deck
RZ1|166|1|OP09-096|0|35|0|0|0|0|0|0|0
RZ1|CHK|166|1|36|6|2|4|5|3|2|0|1|2
RZ1|167|1|OP09-095|0|35|0|0|0|0|0|0|0
RZ1|CHK|167|1|36|6|2|4|5|3|2|0|1|2
RZ1|168|1|OP09-095|0|35|0|0|0|0|0|0|0
RZ1|CHK|168|1|36|6|2|4|5|3|2|0|1|2
RZ1|169|1|OP12-119|0|35|0|0|0|0|0|0|0
RZ1|CHK|169|1|36|6|2|4|5|3|2|0|1|2
RZ1|170|1|Don|5|1|5|1|1|1|1|0|0
RZ1|CHK|170|1|36|6|2|4|5|3|2|0|1|2
[You] Deploy Vasco Shot ["OP16-110">OP16-110]
RZ1|171|1|OP16-110|1|4|2|2|1|1|0|0|0
RZ1|CHK|171|1|36|5|3|4|5|3|2|0|1|2
RZ1|172|1|Don|5|2|5|2|1|1|1|0|0
RZ1|CHK|172|1|36|5|3|4|5|3|2|0|1|2
[You] Deploy Doc Q ["OP16-109">OP16-109]
RZ1|173|1|OP16-109|1|3|2|3|1|1|0|0|0
RZ1|CHK|173|1|36|4|4|4|5|3|2|0|1|2
[] Hand: [OP16-115,OP09-086,OP16-108,OP09-093]
[] Board: [OP09-095,OP16-109,OP16-110,OP16-109]
[] Trash: [OP16-108,OP16-110]
[] Life: 4
[] Hand: [OP13-082,OP13-098,OP13-091,OP13-082,OP14-096,OP13-084]
[] Trash: [OP13-091,OP13-098,OP13-080,OP13-096,OP16-093,OP14-096,OP13-086,OP13-091,OP13-089]
[] Board: []
[] Life: 4
[You] End Turn
[] Hand: [OP13-082,OP13-098,OP13-091,OP13-082,OP14-096,OP13-084]
[] Board: []
[] Trash: [OP13-091,OP13-098,OP13-080,OP13-096,OP16-093,OP14-096,OP13-086,OP13-091,OP13-089]
[] Life: 4
[] Hand: [OP16-115,OP09-086,OP16-108,OP09-093]
[] Trash: [OP16-108,OP16-110]
[] Board: [OP09-095,OP16-109,OP16-110,OP16-109]
[] Life: 4
RZ1|174|2|Don|9|9900|5|0|1|1|1|0|0
RZ1|CHK|174|2|30|6|0|4|6|4|9|1|1|0
[Opponent] Draw 1 Card
[] Drew card from deck: Five Elders ["OP13-082">OP13-082]
RZ1|175|2|OP13-082|0|29|1|6|1|1|0|0|0
RZ1|CHK|175|2|29|7|0|4|6|4|9|1|1|0
RZ1|176|2|Don|4|5|5|4|1|1|0|0|0
RZ1|CHK|176|2|29|7|0|4|5|5|9|1|1|0
RZ1|177|2|Don|4|4|5|5|1|1|0|0|0
RZ1|CHK|177|2|29|7|0|4|4|6|9|1|1|0
[Opponent] Draw 2 Don
[Opponent] The Empty Throne ["OP13-099">OP13-099]: Rest 3 Don
RZ1|178|2|Don|5|0|5|0|1|1|1|0|0
RZ1|CHK|178|2|29|7|0|4|4|6|9|1|1|0
RZ1|179|2|Don|5|1|5|1|1|1|1|0|0
RZ1|CHK|179|2|29|7|0|4|4|6|9|1|1|0
RZ1|180|2|Don|5|2|5|2|1|1|1|0|0
RZ1|CHK|180|2|29|7|0|4|4|6|9|1|1|0
[Opponent] The Empty Throne ["OP13-099">OP13-099]: Rest The Empty Throne ["OP13-099">OP13-099]
RZ1|181|2|OP13-091|1|2|2|0|1|1|0|0|0
RZ1|CHK|181|2|29|6|1|4|4|6|9|1|1|0
[Opponent] The Empty Throne ["OP13-099">OP13-099]: Deploy St. Marcus Mars ["OP13-091">OP13-091]
[Opponent] Attach 1 Don to Imu ["OP13-079">OP13-079] (1 Total)
RZ1|182|2|Don|5|5|9|9900|1|1|0|0|0
RZ1|CHK|182|2|29|6|1|4|4|5|9|1|1|1
[Opponent] Attach 1 Don to Imu ["OP13-079">OP13-079] (2 Total)
RZ1|183|2|Don|5|4|9|9901|1|1|0|0|0
RZ1|CHK|183|2|29|6|1|4|4|4|9|1|1|2
[Opponent] Imu ["OP13-079">OP13-079] attacking Marshall D. Teach ["OP16-080">OP16-080]
RZ1|184|1|OP16-108|1|2|6|2|1|1|0|0|0
RZ1|CHK|184|1|36|3|4|4|5|3|3|0|1|2
[You] Marshall D. Teach ["OP16-080">OP16-080]: Trash Shiryu ["OP16-108">OP16-108]
[You] Marshall D. Teach ["OP16-080">OP16-080]: Target of Attack changed to Vasco Shot ["OP16-110">OP16-110]
Imu ["OP13-079">OP13-079][7000] vs Vasco Shot ["OP16-110">OP16-110][2000]
[You] Vasco Shot ["OP16-110">OP16-110] Destroyed
RZ1|185|1|OP16-110|2|2|6|3|1|1|0|0|0
RZ1|CHK|185|1|36|3|3|4|5|3|4|0|1|2
[] Drew card from deck: Baby 5 ["OP12-112">OP12-112]
RZ1|186|1|OP12-112|0|35|1|3|1|1|0|0|0
RZ1|CHK|186|1|35|4|3|4|5|3|4|0|1|2
[You] Vasco Shot ["OP16-110">OP16-110]: Draw 1 Card
[You] Vasco Shot ["OP16-110">OP16-110]: Rest St. Marcus Mars ["OP13-091">OP13-091]
RZ1|187|2|OP13-084|1|4|6|9|1|1|0|0|0
RZ1|CHK|187|2|29|5|1|4|4|4|10|1|1|2
[Opponent] Imu ["OP13-079">OP13-079]: Trash St. Shepherd Ju Peter ["OP13-084">OP13-084]
[] Drew card from deck: St. Topman Warcury ["OP13-089">OP13-089]
RZ1|188|2|OP13-089|0|28|1|5|1|1|0|0|0
RZ1|CHK|188|2|28|6|1|4|4|4|10|1|1|2
[Opponent] Imu ["OP13-079">OP13-079]: Draw 1 Card
[] Hand: [OP13-082,OP13-098,OP13-082,OP14-096,OP13-082,OP13-089]
[] Board: [OP13-091]
[] Trash: [OP13-091,OP13-098,OP13-080,OP13-096,OP16-093,OP14-096,OP13-086,OP13-091,OP13-089,OP13-084]
[] Life: 4
[] Hand: [OP16-115,OP09-086,OP09-093,OP12-112]
[] Trash: [OP16-108,OP16-110,OP16-108,OP16-110]
[] Board: [OP09-095,OP16-109,OP16-109]
[] Life: 4
[Opponent] End Turn
[] Hand: [OP16-115,OP09-086,OP09-093,OP12-112]
[] Board: [OP09-095,OP16-109,OP16-109]
[] Trash: [OP16-108,OP16-110,OP16-108,OP16-110]
[] Life: 4
[] Hand: [OP13-082,OP13-098,OP13-082,OP14-096,OP13-082,OP13-089]
[] Trash: [OP13-091,OP13-098,OP13-080,OP13-096,OP16-093,OP14-096,OP13-086,OP13-091,OP13-089,OP13-084]
[] Board: [OP13-091]
[] Life: 4
RZ1|189|1|Don|9|9900|5|0|1|1|1|0|0
RZ1|CHK|189|1|35|4|3|4|5|4|4|0|1|1
RZ1|190|1|Don|9|9900|5|0|1|1|1|0|0
RZ1|CHK|190|1|35|4|3|4|5|5|4|0|1|0
[You] Draw 1 Card
[] Drew card from deck: Jesus Burgess ["OP09-086">OP09-086]
RZ1|191|1|OP09-086|0|34|1|4|1|1|0|0|0
RZ1|CHK|191|1|34|5|3|4|5|5|4|0|1|0
RZ1|192|1|Don|4|4|5|5|1|1|0|0|0
RZ1|CHK|192|1|34|5|3|4|4|6|4|0|1|0
RZ1|193|1|Don|4|3|5|6|1|1|0|0|0
RZ1|CHK|193|1|34|5|3|4|3|7|4|0|1|0
[You] Draw 2 Don
RZ1|194|1|Don|5|0|9|9900|1|1|0|0|0
RZ1|CHK|194|1|34|5|3|4|3|6|4|0|1|1
RZ1|195|1|Don|5|0|9|9901|1|1|0|0|0
RZ1|CHK|195|1|34|5|3|4|3|5|4|0|1|2
[You] Marshall D. Teach ["OP16-080">OP16-080] attacking St. Marcus Mars ["OP13-091">OP13-091]
[Opponent] ...Never Existed... ["OP13-098">OP13-098]: Activate Counter
[Opponent] ...Never Existed... ["OP13-098">OP13-098]: Rest 1 Don
RZ1|196|2|Don|5|3|5|3|1|1|1|0|0
RZ1|CHK|196|2|28|6|1|4|4|4|10|1|1|2
RZ1|197|2|OP13-098|1|1|6|10|1|1|0|0|0
RZ1|CHK|197|2|28|5|1|4|4|4|11|1|1|2
[Opponent] ...Never Existed... ["OP13-098">OP13-098]: Buff St. Marcus Mars ["OP13-091">OP13-091] 4000 for the Combat
Marshall D. Teach ["OP16-080">OP16-080][7000] vs St. Marcus Mars ["OP13-091">OP13-091][9000]
Attack Fails
RZ1|198|1|Don|5|0|9|0|1|1|0|0|0
RZ1|CHK|198|1|34|5|3|4|3|4|4|0|1|3
RZ1|199|1|Don|5|0|9|1|1|1|0|0|0
RZ1|CHK|199|1|34|5|3|4|3|3|4|0|1|4
RZ1|200|1|Don|5|0|9|2|1|1|0|0|0
RZ1|CHK|200|1|34|5|3|4|3|2|4|0|1|5
RZ1|201|1|Don|5|0|9|3|1|1|0|0|0
RZ1|CHK|201|1|34|5|3|4|3|1|4|0|1|6
[You] Laffitte ["OP09-095">OP09-095] attacking St. Marcus Mars ["OP13-091">OP13-091]
[Opponent] Discard St. Topman Warcury ["OP13-089">OP13-089] for Counter 1000
RZ1|202|2|OP13-089|1|4|6|11|1|1|0|0|0
RZ1|CHK|202|2|28|4|1|4|4|4|12|1|1|2
Laffitte ["OP09-095">OP09-095][5000] vs St. Marcus Mars ["OP13-091">OP13-091][6000]
Attack Fails
[] Hand: [OP16-115,OP09-086,OP09-093,OP12-112,OP09-086]
[] Board: [OP09-095,OP16-109,OP16-109]
[] Trash: [OP16-108,OP16-110,OP16-108,OP16-110]
[] Life: 4
[] Hand: [OP13-082,OP13-082,OP14-096,OP13-082]
[] Trash: [OP13-091,OP13-098,OP13-080,OP13-096,OP16-093,OP14-096,OP13-086,OP13-091,OP13-089,OP13-084,OP13-098,OP13-089]
[] Board: [OP13-091]
[] Life: 4
[You] End Turn
[] Hand: [OP13-082,OP13-082,OP14-096,OP13-082]
[] Board: [OP13-091]
[] Trash: [OP13-091,OP13-098,OP13-080,OP13-096,OP16-093,OP14-096,OP13-086,OP13-091,OP13-089,OP13-084,OP13-098,OP13-089]
[] Life: 4
[] Hand: [OP16-115,OP09-086,OP09-093,OP12-112,OP09-086]
[] Trash: [OP16-108,OP16-110,OP16-108,OP16-110]
[] Board: [OP09-095,OP16-109,OP16-109]
[] Life: 4
RZ1|203|2|Don|9|9900|5|0|1|1|1|0|0
RZ1|CHK|203|2|28|4|1|4|4|5|12|1|1|1
RZ1|204|2|Don|9|9900|5|0|1|1|1|0|0
RZ1|CHK|204|2|28|4|1|4|4|6|12|1|1|0
[Opponent] Draw 1 Card
[] Drew card from deck: St. Mjosgard ["OP13-092">OP13-092]
RZ1|205|2|OP13-092|0|27|1|4|1|1|0|0|0
RZ1|CHK|205|2|27|5|1|4|4|6|12|1|1|0
RZ1|206|2|Don|4|3|5|6|1|1|0|0|0
RZ1|CHK|206|2|27|5|1|4|3|7|12|1|1|0
RZ1|207|2|Don|4|2|5|7|1|1|0|0|0
RZ1|CHK|207|2|27|5|1|4|2|8|12|1|1|0
[Opponent] Draw 2 Don
RZ1|208|2|OP13-092|1|4|6|12|1|1|0|0|0
RZ1|CHK|208|2|27|4|1|4|2|8|13|1|1|0
[Opponent] Imu ["OP13-079">OP13-079]: Trash St. Mjosgard ["OP13-092">OP13-092]
[] Drew card from deck: St. Shepherd Ju Peter ["OP13-084">OP13-084]
RZ1|209|2|OP13-084|0|26|1|4|1|1|0|0|0
RZ1|CHK|209|2|26|5|1|4|2|8|13|1|1|0
[Opponent] Imu ["OP13-079">OP13-079]: Draw 1 Card
[Opponent] The Empty Throne ["OP13-099">OP13-099]: Rest 3 Don
RZ1|210|2|Don|5|0|5|0|1|1|1|0|0
RZ1|CHK|210|2|26|5|1|4|2|8|13|1|1|0
RZ1|211|2|Don|5|1|5|1|1|1|1|0|0
RZ1|CHK|211|2|26|5|1|4|2|8|13|1|1|0
RZ1|212|2|Don|5|2|5|2|1|1|1|0|0
RZ1|CHK|212|2|26|5|1|4|2|8|13|1|1|0
[Opponent] The Empty Throne ["OP13-099">OP13-099]: Rest The Empty Throne ["OP13-099">OP13-099]
RZ1|213|2|OP13-084|1|4|2|1|1|1|0|2000|0
RZ1|CHK|213|2|26|4|2|4|2|8|13|1|1|0
[Opponent] The Empty Throne ["OP13-099">OP13-099]: Deploy St. Shepherd Ju Peter ["OP13-084">OP13-084]
[Opponent] Attach 1 Don to St. Marcus Mars ["OP13-091">OP13-091] (1 Total)
RZ1|214|2|Don|5|4|9|0|1|1|0|0|0
RZ1|CHK|214|2|26|4|2|4|2|7|13|1|1|1
[Opponent] St. Marcus Mars ["OP13-091">OP13-091] attacking Marshall D. Teach ["OP16-080">OP16-080]
RZ1|215|1|OP12-112|1|3|6|4|1|1|0|0|0
RZ1|CHK|215|1|34|4|3|4|3|1|5|0|1|6
[You] Marshall D. Teach ["OP16-080">OP16-080]: Trash Baby 5 ["OP12-112">OP12-112]
[You] Marshall D. Teach ["OP16-080">OP16-080]: Target of Attack changed to Doc Q ["OP16-109">OP16-109]
St. Marcus Mars ["OP13-091">OP13-091][8000] vs Doc Q ["OP16-109">OP16-109][0]
[You] Doc Q ["OP16-109">OP16-109] Destroyed
RZ1|216|1|OP16-109|2|1|6|5|1|1|0|0|0
RZ1|CHK|216|1|34|4|2|4|3|1|6|0|1|6
[] Drew card from deck: Shiryu ["OP16-108">OP16-108]
RZ1|217|1|OP16-108|0|33|1|4|1|1|0|0|0
RZ1|CHK|217|1|33|5|2|4|3|1|6|0|1|6
[You] Doc Q ["OP16-109">OP16-109]: Draw 1 Card
[Opponent] Attach 1 Don to Imu ["OP13-079">OP13-079] (1 Total)
RZ1|218|2|Don|5|6|9|9900|1|1|0|0|0
RZ1|CHK|218|2|26|4|2|4|2|6|13|1|1|2
[Opponent] Attach 1 Don to Imu ["OP13-079">OP13-079] (2 Total)
RZ1|219|2|Don|5|5|9|9901|1|1|0|0|0
RZ1|CHK|219|2|26|4|2|4|2|5|13|1|1|3
[Opponent] Attach 1 Don to Imu ["OP13-079">OP13-079] (3 Total)
RZ1|220|2|Don|5|4|9|9902|1|1|0|0|0
RZ1|CHK|220|2|26|4|2|4|2|4|13|1|1|4
[Opponent] Imu ["OP13-079">OP13-079] attacking Marshall D. Teach ["OP16-080">OP16-080]
Imu ["OP13-079">OP13-079][8000] vs Marshall D. Teach ["OP16-080">OP16-080][5000]
Marshall D. Teach ["OP16-080">OP16-080] hit for 1 damage
RZ1|221|1|OP09-093|3|3|1|5|1|1|0|0|0
RZ1|CHK|221|1|33|6|2|3|3|1|6|0|1|6
[] Hand: [OP13-082,OP13-082,OP14-096,OP13-082]
[] Board: [OP13-091,OP13-084]
[] Trash: [OP13-091,OP13-098,OP13-080,OP13-096,OP16-093,OP14-096,OP13-086,OP13-091,OP13-089,OP13-084,OP13-098,OP13-089,OP13-092]
[] Life: 4
[] Hand: [OP16-115,OP09-086,OP09-093,OP09-086,OP16-108,OP09-093]
[] Trash: [OP16-108,OP16-110,OP16-108,OP16-110,OP12-112,OP16-109]
[] Board: [OP09-095,OP16-109]
[] Life: 3
[Opponent] End Turn
[] Hand: [OP16-115,OP09-086,OP09-093,OP09-086,OP16-108,OP09-093]
[] Board: [OP09-095,OP16-109]
[] Trash: [OP16-108,OP16-110,OP16-108,OP16-110,OP12-112,OP16-109]
[] Life: 3
[] Hand: [OP13-082,OP13-082,OP14-096,OP13-082]
[] Trash: [OP13-091,OP13-098,OP13-080,OP13-096,OP16-093,OP14-096,OP13-086,OP13-091,OP13-089,OP13-084,OP13-098,OP13-089,OP13-092]
[] Board: [OP13-091,OP13-084]
[] Life: 4
RZ1|222|1|Don|9|9900|5|0|1|1|1|0|0
RZ1|CHK|222|1|33|6|2|3|3|2|6|0|1|5
RZ1|223|1|Don|9|9900|5|0|1|1|1|0|0
RZ1|CHK|223|1|33|6|2|3|3|3|6|0|1|4
RZ1|224|1|Don|9|0|5|0|1|1|1|0|0
RZ1|CHK|224|1|33|6|2|3|3|4|6|0|1|3
RZ1|225|1|Don|9|0|5|0|1|1|1|0|0
RZ1|CHK|225|1|33|6|2|3|3|5|6|0|1|2
RZ1|226|1|Don|9|0|5|0|1|1|1|0|0
RZ1|CHK|226|1|33|6|2|3|3|6|6|0|1|1
RZ1|227|1|Don|9|0|5|0|1|1|1|0|0
RZ1|CHK|227|1|33|6|2|3|3|7|6|0|1|0
[You] Draw 1 Card
[] Drew card from deck: Bartholomew Kuma ["OP12-119">OP12-119]
RZ1|228|1|OP12-119|0|32|1|6|1|1|0|0|0
RZ1|CHK|228|1|32|7|2|3|3|7|6|0|1|0
RZ1|229|1|Don|4|2|5|7|1|1|0|0|0
RZ1|CHK|229|1|32|7|2|3|2|8|6|0|1|0
RZ1|230|1|Don|4|1|5|8|1|1|0|0|0
RZ1|CHK|230|1|32|7|2|3|1|9|6|0|1|0
[You] Draw 2 Don
[You] Marshall D. Teach ["OP16-080">OP16-080] attacking St. Marcus Mars ["OP13-091">OP13-091]
Marshall D. Teach ["OP16-080">OP16-080][5000] vs St. Marcus Mars ["OP13-091">OP13-091][5000]
[Opponent] St. Marcus Mars ["OP13-091">OP13-091] Destroyed
RZ1|231|2|Don|9|0|5|0|1|1|1|0|0
RZ1|CHK|231|2|26|4|2|4|2|5|13|1|1|3
RZ1|232|2|OP13-091|2|0|6|13|1|1|0|0|0
RZ1|CHK|232|2|26|4|1|4|2|5|14|1|1|3
[You] Laffitte ["OP09-095">OP09-095]: Rest 1 Don
RZ1|233|1|Don|5|0|5|0|1|1|1|0|0
RZ1|CHK|233|1|32|7|2|3|1|9|6|0|1|0
[You] Laffitte ["OP09-095">OP09-095]: Rest Laffitte ["OP09-095">OP09-095]
RZ1|234|1|OP16-119|0|31|1|7|1|1|0|0|0
RZ1|CHK|234|1|31|8|2|3|1|9|6|0|1|0
[You] Laffitte ["OP09-095">OP09-095]: <b>Reveal and Draw Marshall D. Teach ["OP16-119">OP16-119]</b>
[You] Placing Cards on Bottom of Deck
RZ1|235|1|OP09-099|0|30|0|0|0|0|0|0|0
RZ1|CHK|235|1|31|8|2|3|1|9|6|0|1|0
RZ1|236|1|OP09-093|0|30|0|0|0|0|0|0|0
RZ1|CHK|236|1|31|8|2|3|1|9|6|0|1|0
RZ1|237|1|OP16-108|0|30|0|0|0|0|0|0|0
RZ1|CHK|237|1|31|8|2|3|1|9|6|0|1|0
RZ1|238|1|OP09-096|0|30|0|0|0|0|0|0|0
RZ1|CHK|238|1|31|8|2|3|1|9|6|0|1|0
RZ1|239|1|Don|5|1|5|1|1|1|1|0|0
RZ1|CHK|239|1|31|8|2|3|1|9|6|0|1|0
RZ1|240|1|Don|5|2|5|2|1|1|1|0|0
RZ1|CHK|240|1|31|8|2|3|1|9|6|0|1|0
RZ1|241|1|Don|5|3|5|3|1|1|1|0|0
RZ1|CHK|241|1|31|8|2|3|1|9|6|0|1|0
RZ1|242|1|Don|5|4|5|4|1|1|1|0|0
RZ1|CHK|242|1|31|8|2|3|1|9|6|0|1|0
RZ1|243|1|Don|5|5|5|5|1|1|1|0|0
RZ1|CHK|243|1|31|8|2|3|1|9|6|0|1|0
RZ1|244|1|Don|5|6|5|6|1|1|1|0|0
RZ1|CHK|244|1|31|8|2|3|1|9|6|0|1|0
RZ1|245|1|Don|5|7|5|7|1|1|1|0|0
RZ1|CHK|245|1|31|8|2|3|1|9|6|0|1|0
RZ1|246|1|Don|5|8|5|8|1|1|1|0|0
RZ1|CHK|246|1|31|8|2|3|1|9|6|0|1|0
[You] Deploy Marshall D. Teach ["OP16-119">OP16-119]
RZ1|247|1|OP16-119|1|7|2|2|1|1|0|0|0
RZ1|CHK|247|1|31|7|3|3|1|9|6|0|1|0
[You] Marshall D. Teach ["OP16-119">OP16-119]: Added card to top of Life from Hand
RZ1|248|1|OP12-112|0|28|3|3|1|0|0|0|0
RZ1|CHK|248|1|30|7|3|4|1|9|6|0|1|0
[You] Placing Cards on Bottom of Deck
RZ1|249|1|OP09-096|0|29|0|0|0|0|0|0|0
RZ1|CHK|249|1|30|7|3|4|1|9|6|0|1|0
RZ1|250|1|OP09-099|0|29|0|0|0|0|0|0|0
RZ1|CHK|250|1|30|7|3|4|1|9|6|0|1|0
[] Hand: [OP16-115,OP09-086,OP09-093,OP09-086,OP16-108,OP09-093,OP12-119]
[] Board: [OP09-095,OP16-109,OP16-119]
[] Trash: [OP16-108,OP16-110,OP16-108,OP16-110,OP12-112,OP16-109]
[] Life: 4
[] Hand: [OP13-082,OP13-082,OP14-096,OP13-082]
[] Trash: [OP13-091,OP13-098,OP13-080,OP13-096,OP16-093,OP14-096,OP13-086,OP13-091,OP13-089,OP13-084,OP13-098,OP13-089,OP13-092,OP13-091]
[] Board: [OP13-084]
[] Life: 4
[You] End Turn
[] Hand: [OP13-082,OP13-082,OP14-096,OP13-082]
[] Board: [OP13-084]
[] Trash: [OP13-091,OP13-098,OP13-080,OP13-096,OP16-093,OP14-096,OP13-086,OP13-091,OP13-089,OP13-084,OP13-098,OP13-089,OP13-092,OP13-091]
[] Life: 4
[] Hand: [OP16-115,OP09-086,OP09-093,OP09-086,OP16-108,OP09-093,OP12-119]
[] Trash: [OP16-108,OP16-110,OP16-108,OP16-110,OP12-112,OP16-109]
[] Board: [OP09-095,OP16-109,OP16-119]
[] Life: 4
RZ1|251|2|Don|9|9900|5|0|1|1|1|0|0
RZ1|CHK|251|2|26|4|1|4|2|6|14|1|1|2
RZ1|252|2|Don|9|9900|5|0|1|1|1|0|0
RZ1|CHK|252|2|26|4|1|4|2|7|14|1|1|1
RZ1|253|2|Don|9|9900|5|0|1|1|1|0|0
RZ1|CHK|253|2|26|4|1|4|2|8|14|1|1|0
[Opponent] Draw 1 Card
[] Drew card from deck: St. Shalria ["OP13-086">OP13-086]
RZ1|254|2|OP13-086|0|25|1|4|1|1|0|0|0
RZ1|CHK|254|2|25|5|1|4|2|8|14|1|1|0
RZ1|255|2|Don|4|1|5|8|1|1|0|0|0
RZ1|CHK|255|2|25|5|1|4|1|9|14|1|1|0
RZ1|256|2|Don|4|0|5|9|1|1|0|0|0
RZ1|CHK|256|2|25|5|1|4|0|10|14|1|1|0
[Opponent] Draw 2 Don
RZ1|257|2|Don|5|0|5|0|1|1|1|0|0
RZ1|CHK|257|2|25|5|1|4|0|10|14|1|1|0
[Opponent] Deploy St. Shalria ["OP13-086">OP13-086]
RZ1|258|2|OP13-086|1|4|2|1|1|1|0|0|0
RZ1|CHK|258|2|25|4|2|4|0|10|14|1|1|0
RZ1|259|2|OP13-083|0|22|1|4|1|1|0|0|0
RZ1|CHK|259|2|24|5|2|4|0|10|14|1|1|0
[Opponent] St. Shalria ["OP13-086">OP13-086]: <b>Reveal and Draw St. Jaygarcia Saturn ["OP13-083">OP13-083]</b>
[Opponent] St. Shalria ["OP13-086">OP13-086]: Trash 2 Remaining Cards
RZ1|260|2|OP14-096|0|23|6|14|1|1|0|0|0
RZ1|CHK|260|2|23|5|2|4|0|10|15|1|1|0
RZ1|261|2|OP05-097|0|22|6|15|1|1|0|0|0
RZ1|CHK|261|2|22|5|2|4|0|10|16|1|1|0
RZ1|262|2|OP13-083|1|4|6|16|1|1|0|0|0
RZ1|CHK|262|2|22|4|2|4|0|10|17|1|1|0
[Opponent] St. Shalria ["OP13-086">OP13-086]: Trash St. Jaygarcia Saturn ["OP13-083">OP13-083]
RZ1|263|2|OP13-086|2|1|6|17|1|1|0|0|0
RZ1|CHK|263|2|22|4|1|4|0|10|18|1|1|0
[Opponent] Imu ["OP13-079">OP13-079]: Trash St. Shalria ["OP13-086">OP13-086]
[] Drew card from deck: St. Ethanbaron V. Nusjuro ["OP13-080">OP13-080]
RZ1|264|2|OP13-080|0|21|1|4|1|1|0|0|0
RZ1|CHK|264|2|21|5|1|4|0|10|18|1|1|0
[Opponent] Imu ["OP13-079">OP13-079]: Draw 1 Card
[Opponent] Attach 1 Don to St. Shepherd Ju Peter ["OP13-084">OP13-084] (1 Total)
RZ1|265|2|Don|5|9|9|0|1|1|0|0|0
RZ1|CHK|265|2|21|5|1|4|0|9|18|1|1|1
[Opponent] St. Shepherd Ju Peter ["OP13-084">OP13-084] attacking Marshall D. Teach ["OP16-080">OP16-080]
RZ1|266|1|OP16-108|1|4|6|6|1|1|0|0|0
RZ1|CHK|266|1|30|6|3|4|1|9|7|0|1|0
[You] Marshall D. Teach ["OP16-080">OP16-080]: Trash Shiryu ["OP16-108">OP16-108]
[You] Marshall D. Teach ["OP16-080">OP16-080]: Target of Attack changed to Marshall D. Teach ["OP16-119">OP16-119]
St. Shepherd Ju Peter ["OP13-084">OP13-084][8000] vs Marshall D. Teach ["OP16-119">OP16-119][10000]
Attack Fails
[Opponent] The Empty Throne ["OP13-099">OP13-099]: Rest 3 Don
RZ1|267|2|Don|5|1|5|1|1|1|1|0|0
RZ1|CHK|267|2|21|5|1|4|0|9|18|1|1|1
RZ1|268|2|Don|5|2|5|2|1|1|1|0|0
RZ1|CHK|268|2|21|5|1|4|0|9|18|1|1|1
RZ1|269|2|Don|5|3|5|3|1|1|1|0|0
RZ1|CHK|269|2|21|5|1|4|0|9|18|1|1|1
[Opponent] The Empty Throne ["OP13-099">OP13-099]: Rest The Empty Throne ["OP13-099">OP13-099]
RZ1|270|2|OP13-082|1|3|2|1|1|1|0|-5000|0
RZ1|CHK|270|2|21|4|2|4|0|9|18|1|1|1
[Opponent] The Empty Throne ["OP13-099">OP13-099]: Deploy Five Elders ["OP13-082">OP13-082]
[Opponent] Five Elders ["OP13-082">OP13-082]: Rest 1 Don
RZ1|271|2|Don|5|4|5|4|1|1|1|0|0
RZ1|CHK|271|2|21|4|2|4|0|9|18|1|1|1
RZ1|272|2|OP13-080|1|3|6|18|1|1|0|0|0
RZ1|CHK|272|2|21|3|2|4|0|9|19|1|1|1
[Opponent] Five Elders ["OP13-082">OP13-082]: Trash St. Ethanbaron V. Nusjuro ["OP13-080">OP13-080]
RZ1|273|2|Don|9|0|5|0|1|1|1|0|0
RZ1|CHK|273|2|21|3|2|4|0|10|19|1|1|0
RZ1|274|2|OP13-084|2|0|6|19|1|1|0|0|0
RZ1|CHK|274|2|21|3|1|4|0|10|20|1|1|0
[Opponent] Five Elders ["OP13-082">OP13-082]: Trash St. Shepherd Ju Peter ["OP13-084">OP13-084]
RZ1|275|2|OP13-082|2|0|6|20|1|1|0|0|0
RZ1|CHK|275|2|21|3|0|4|0|10|21|1|1|0
[Opponent] Five Elders ["OP13-082">OP13-082]: Trash Five Elders ["OP13-082">OP13-082]
[Opponent] Five Elders ["OP13-082">OP13-082]: Deployed St. Shepherd Ju Peter ["OP13-084">OP13-084] from Trash
RZ1|276|2|OP13-084|6|19|2|0|1|1|0|2000|0
RZ1|CHK|276|2|21|3|1|4|0|10|20|1|1|0
[Opponent] Five Elders ["OP13-082">OP13-082]: Deployed St. Ethanbaron V. Nusjuro ["OP13-080">OP13-080] from Trash
RZ1|277|2|OP13-080|6|18|2|1|1|1|0|2000|0
RZ1|CHK|277|2|21|3|2|4|0|10|19|1|1|0
[Opponent] Five Elders ["OP13-082">OP13-082]: Deployed St. Jaygarcia Saturn ["OP13-083">OP13-083] from Trash
RZ1|278|2|OP13-083|6|16|2|2|1|1|0|2000|0
RZ1|CHK|278|2|21|3|3|4|0|10|18|1|1|0
[Opponent] Five Elders ["OP13-082">OP13-082]: Deployed St. Marcus Mars ["OP13-091">OP13-091] from Trash
RZ1|279|2|OP13-091|6|13|2|3|1|1|0|2000|0
RZ1|CHK|279|2|21|3|4|4|0|10|17|1|1|0
[Opponent] Five Elders ["OP13-082">OP13-082]: Deployed St. Topman Warcury ["OP13-089">OP13-089] from Trash
RZ1|280|2|OP13-089|6|11|2|4|1|1|0|2000|0
RZ1|CHK|280|2|21|3|5|4|0|10|16|1|1|0
RZ1|281|2|OP13-084|0|19|1|3|1|1|0|0|0
RZ1|CHK|281|2|20|4|5|4|0|10|16|1|1|0
[Opponent] St. Jaygarcia Saturn ["OP13-083">OP13-083]: <b>Reveal and Draw St. Shepherd Ju Peter ["OP13-084">OP13-084]</b>
[Opponent] Placing Cards on Bottom of Deck
RZ1|282|2|OP13-092|0|19|0|0|0|0|0|0|0
RZ1|CHK|282|2|20|4|5|4|0|10|16|1|1|0
RZ1|283|2|OP13-084|0|19|0|0|0|0|0|0|0
RZ1|CHK|283|2|20|4|5|4|0|10|16|1|1|0
RZ1|284|2|OP13-080|0|19|0|0|0|0|0|0|0
RZ1|CHK|284|2|20|4|5|4|0|10|16|1|1|0
RZ1|285|2|OP13-089|0|19|0|0|0|0|0|0|0
RZ1|CHK|285|2|20|4|5|4|0|10|16|1|1|0
[Opponent] Imu ["OP13-079">OP13-079] attacking Laffitte ["OP09-095">OP09-095]
Imu ["OP13-079">OP13-079][5000] vs Laffitte ["OP09-095">OP09-095][1000]
[You] Laffitte ["OP09-095">OP09-095] Destroyed
RZ1|286|1|OP09-095|2|0|6|7|1|1|0|0|0
RZ1|CHK|286|1|30|6|2|4|1|9|8|0|1|0
[Opponent] Attach 1 Don to St. Ethanbaron V. Nusjuro ["OP13-080">OP13-080] (1 Total)
RZ1|287|2|Don|5|9|9|100|1|1|0|0|0
RZ1|CHK|287|2|20|4|5|4|0|9|16|1|1|1
[Opponent] Attach 1 Don to St. Ethanbaron V. Nusjuro ["OP13-080">OP13-080] (2 Total)
RZ1|288|2|Don|5|8|9|101|1|1|0|0|0
RZ1|CHK|288|2|20|4|5|4|0|8|16|1|1|2
[Opponent] St. Ethanbaron V. Nusjuro ["OP13-080">OP13-080] attacking Marshall D. Teach ["OP16-080">OP16-080]
[Opponent] St. Ethanbaron V. Nusjuro ["OP13-080">OP13-080]: Buff Marshall D. Teach ["OP16-119">OP16-119] -2000
St. Ethanbaron V. Nusjuro ["OP13-080">OP13-080][9000] vs Marshall D. Teach ["OP16-080">OP16-080][5000]
Marshall D. Teach ["OP16-080">OP16-080] hit for 1 damage
RZ1|289|1|OP12-112|3|3|1|6|1|1|0|0|0
RZ1|CHK|289|1|30|7|2|3|1|9|8|0|1|0
[] Hand: [OP13-082,OP13-082,OP14-096,OP13-084]
[] Board: [OP13-084,OP13-080,OP13-083,OP13-091,OP13-089]
[] Trash: [OP13-091,OP13-098,OP13-080,OP13-096,OP16-093,OP14-096,OP13-086,OP13-091,OP13-089,OP13-084,OP13-098,OP13-092,OP14-096,OP05-097,OP13-086,OP13-082]
[] Life: 4
[] Hand: [OP16-115,OP09-086,OP09-093,OP09-086,OP09-093,OP12-119,OP12-112]
[] Trash: [OP16-108,OP16-110,OP16-108,OP16-110,OP12-112,OP16-109,OP16-108,OP09-095]
[] Board: [OP16-109,OP16-119]
[] Life: 3
[Opponent] End Turn
[] Hand: [OP16-115,OP09-086,OP09-093,OP09-086,OP09-093,OP12-119,OP12-112]
[] Board: [OP16-109,OP16-119]
[] Trash: [OP16-108,OP16-110,OP16-108,OP16-110,OP12-112,OP16-109,OP16-108,OP09-095]
[] Life: 3
[] Hand: [OP13-082,OP13-082,OP14-096,OP13-084]
[] Trash: [OP13-091,OP13-098,OP13-080,OP13-096,OP16-093,OP14-096,OP13-086,OP13-091,OP13-089,OP13-084,OP13-098,OP13-092,OP14-096,OP05-097,OP13-086,OP13-082]
[] Board: [OP13-084,OP13-080,OP13-083,OP13-091,OP13-089]
[] Life: 4
[You] Draw 1 Card
[] Drew card from deck: Marshall D. Teach ["OP09-093">OP09-093]
RZ1|290|1|OP09-093|0|29|1|7|1|1|0|0|0
RZ1|CHK|290|1|29|8|2|3|1|9|8|0|1|0
RZ1|291|1|Don|4|0|5|9|1|1|0|0|0
RZ1|CHK|291|1|29|8|2|3|0|10|8|0|1|0
[You] Draw 2 Don
[You] Marshall D. Teach ["OP16-080">OP16-080] attacking St. Ethanbaron V. Nusjuro ["OP13-080">OP13-080]
[Opponent] St. Topman Warcury ["OP13-089">OP13-089] Blocks
Marshall D. Teach ["OP16-080">OP16-080][5000] vs St. Topman Warcury ["OP13-089">OP13-089][5000]
[Opponent] St. Topman Warcury ["OP13-089">OP13-089] Destroyed
RZ1|292|2|OP13-089|2|4|6|16|1|1|0|0|0
RZ1|CHK|292|2|20|4|4|4|0|8|17|1|1|2
[] Drew card from deck: Bartholomew Kuma ["OP16-093">OP16-093]
RZ1|293|2|OP16-093|0|19|1|4|1|1|0|0|0
RZ1|CHK|293|2|19|5|4|4|0|8|17|1|1|2
[Opponent] St. Topman Warcury ["OP13-089">OP13-089]: Draw 1 Card
RZ1|294|1|Don|5|0|9|0|1|1|0|0|0
RZ1|CHK|294|1|29|8|2|3|0|9|8|0|1|1
RZ1|295|1|Don|5|0|9|1|1|1|0|0|0
RZ1|CHK|295|1|29|8|2|3|0|8|8|0|1|2
RZ1|296|1|Don|5|0|9|2|1|1|0|0|0
RZ1|CHK|296|1|29|8|2|3|0|7|8|0|1|3
RZ1|297|1|Don|5|0|9|3|1|1|0|0|0
RZ1|CHK|297|1|29|8|2|3|0|6|8|0|1|4
RZ1|298|1|Don|5|0|9|4|1|1|0|0|0
RZ1|CHK|298|1|29|8|2|3|0|5|8|0|1|5
[You] Doc Q ["OP16-109">OP16-109] attacking St. Ethanbaron V. Nusjuro ["OP13-080">OP13-080]
[Opponent] Discard Bartholomew Kuma ["OP16-093">OP16-093] for Counter 1000
RZ1|299|2|OP16-093|1|4|6|17|1|1|0|0|0
RZ1|CHK|299|2|19|4|4|4|0|8|18|1|1|2
Doc Q ["OP16-109">OP16-109][5000] vs St. Ethanbaron V. Nusjuro ["OP13-080">OP13-080][6000]
Attack Fails
RZ1|300|1|Don|5|0|9|100|1|1|0|0|0
RZ1|CHK|300|1|29|8|2|3|0|4|8|0|1|6
[You] Marshall D. Teach ["OP16-119">OP16-119] attacking St. Ethanbaron V. Nusjuro ["OP13-080">OP13-080]
[Opponent] St. Marcus Mars ["OP13-091">OP13-091] Blocks
Marshall D. Teach ["OP16-119">OP16-119][11000] vs St. Marcus Mars ["OP13-091">OP13-091][5000]
[Opponent] St. Marcus Mars ["OP13-091">OP13-091] Destroyed
RZ1|301|2|OP13-091|2|3|6|18|1|1|0|0|0
RZ1|CHK|301|2|19|4|3|4|0|8|19|1|1|2
RZ1|302|1|Don|5|0|5|0|1|1|1|0|0
RZ1|CHK|302|1|29|8|2|3|0|4|8|0|1|6
RZ1|303|1|Don|5|1|5|1|1|1|1|0|0
RZ1|CHK|303|1|29|8|2|3|0|4|8|0|1|6
RZ1|304|1|Don|5|2|5|2|1|1|1|0|0
RZ1|CHK|304|1|29|8|2|3|0|4|8|0|1|6
RZ1|305|1|Don|5|3|5|3|1|1|1|0|0
RZ1|CHK|305|1|29|8|2|3|0|4|8|0|1|6
[You] Deploy Baby 5 ["OP12-112">OP12-112]
RZ1|306|1|OP12-112|1|6|2|2|1|1|0|0|0
RZ1|CHK|306|1|29|7|3|3|0|4|8|0|1|6
[] Hand: [OP16-115,OP09-086,OP09-093,OP09-086,OP09-093,OP12-119,OP09-093]
[] Board: [OP16-109,OP16-119,OP12-112]
[] Trash: [OP16-108,OP16-110,OP16-108,OP16-110,OP12-112,OP16-109,OP16-108,OP09-095]
[] Life: 3
[] Hand: [OP13-082,OP13-082,OP14-096,OP13-084]
[] Trash: [OP13-091,OP13-098,OP13-080,OP13-096,OP16-093,OP14-096,OP13-086,OP13-091,OP13-089,OP13-084,OP13-098,OP13-092,OP14-096,OP05-097,OP13-086,OP13-082,OP13-089,OP16-093,OP13-091]
[] Board: [OP13-084,OP13-080,OP13-083]
[] Life: 4
[You] End Turn
[] Hand: [OP13-082,OP13-082,OP14-096,OP13-084]
[] Board: [OP13-084,OP13-080,OP13-083]
[] Trash: [OP13-091,OP13-098,OP13-080,OP13-096,OP16-093,OP14-096,OP13-086,OP13-091,OP13-089,OP13-084,OP13-098,OP13-092,OP14-096,OP05-097,OP13-086,OP13-082,OP13-089,OP16-093,OP13-091]
[] Life: 4
[] Hand: [OP16-115,OP09-086,OP09-093,OP09-086,OP09-093,OP12-119,OP09-093]
[] Trash: [OP16-108,OP16-110,OP16-108,OP16-110,OP12-112,OP16-109,OP16-108,OP09-095]
[] Board: [OP16-109,OP16-119,OP12-112]
[] Life: 3
RZ1|307|2|Don|9|100|5|0|1|1|1|0|0
RZ1|CHK|307|2|19|4|3|4|0|9|19|1|1|1
RZ1|308|2|Don|9|100|5|0|1|1|1|0|0
RZ1|CHK|308|2|19|4|3|4|0|10|19|1|1|0
[Opponent] Draw 1 Card
[] Drew card from deck: The Five Elders... Are At Your Service ["OP13-096">OP13-096]
RZ1|309|2|OP13-096|0|18|1|4|1|1|0|0|0
RZ1|CHK|309|2|18|5|3|4|0|10|19|1|1|0
[Opponent] Attach 1 Don to St. Jaygarcia Saturn ["OP13-083">OP13-083] (1 Total)
RZ1|310|2|Don|5|9|9|200|1|1|0|0|0
RZ1|CHK|310|2|18|5|3|4|0|9|19|1|1|1
[Opponent] Attach 1 Don to St. Ethanbaron V. Nusjuro ["OP13-080">OP13-080] (1 Total)
RZ1|311|2|Don|5|8|9|100|1|1|0|0|0
RZ1|CHK|311|2|18|5|3|4|0|8|19|1|1|2
[Opponent] St. Ethanbaron V. Nusjuro ["OP13-080">OP13-080] attacking Marshall D. Teach ["OP16-080">OP16-080]
[Opponent] St. Ethanbaron V. Nusjuro ["OP13-080">OP13-080]: Buff Marshall D. Teach ["OP16-119">OP16-119] -2000
RZ1|312|1|OP16-115|1|0|6|8|1|1|0|0|0
RZ1|CHK|312|1|29|6|3|3|0|4|9|0|1|6
[You] Marshall D. Teach ["OP16-080">OP16-080]: Trash Black Vortex ["OP16-115">OP16-115]
[You] Marshall D. Teach ["OP16-080">OP16-080]: Target of Attack changed to Doc Q ["OP16-109">OP16-109]
St. Ethanbaron V. Nusjuro ["OP13-080">OP13-080][8000] vs Doc Q ["OP16-109">OP16-109][0]
[You] Doc Q ["OP16-109">OP16-109] Destroyed
RZ1|313|1|Don|9|0|5|0|1|1|1|0|0
RZ1|CHK|313|1|29|6|3|3|0|5|9|0|1|5
RZ1|314|1|Don|9|0|5|0|1|1|1|0|0
RZ1|CHK|314|1|29|6|3|3|0|6|9|0|1|4
RZ1|315|1|Don|9|0|5|0|1|1|1|0|0
RZ1|CHK|315|1|29|6|3|3|0|7|9|0|1|3
RZ1|316|1|Don|9|0|5|0|1|1|1|0|0
RZ1|CHK|316|1|29|6|3|3|0|8|9|0|1|2
RZ1|317|1|Don|9|0|5|0|1|1|1|0|0
RZ1|CHK|317|1|29|6|3|3|0|9|9|0|1|1
RZ1|318|1|OP16-109|2|0|6|9|1|1|0|0|0
RZ1|CHK|318|1|29|6|2|3|0|9|10|0|1|1
[] Drew card from deck: This is MY AGE!!!! ["OP09-096">OP09-096]
RZ1|319|1|OP09-096|0|28|1|6|1|1|0|0|0
RZ1|CHK|319|1|28|7|2|3|0|9|10|0|1|1
[You] Doc Q ["OP16-109">OP16-109]: Draw 1 Card
[Opponent] St. Jaygarcia Saturn ["OP13-083">OP13-083] attacking Marshall D. Teach ["OP16-080">OP16-080]
St. Jaygarcia Saturn ["OP13-083">OP13-083][8000] vs Marshall D. Teach ["OP16-080">OP16-080][5000]
Marshall D. Teach ["OP16-080">OP16-080] hit for 1 damage
RZ1|320|1|OP16-116|3|2|1|7|1|1|0|0|0
RZ1|CHK|320|1|28|8|2|2|0|9|10|0|1|1
[Opponent] Attach 1 Don to St. Shepherd Ju Peter ["OP13-084">OP13-084] (1 Total)
RZ1|321|2|Don|5|7|9|0|1|1|0|0|0
RZ1|CHK|321|2|18|5|3|4|0|7|19|1|1|3
[Opponent] St. Shepherd Ju Peter ["OP13-084">OP13-084] attacking Marshall D. Teach ["OP16-080">OP16-080]
St. Shepherd Ju Peter ["OP13-084">OP13-084][8000] vs Marshall D. Teach ["OP16-080">OP16-080][5000]
Marshall D. Teach ["OP16-080">OP16-080] hit for 1 damage
RZ1|322|1|OP16-116|3|1|1|8|1|1|0|0|0
RZ1|CHK|322|1|28|9|2|1|0|9|10|0|1|1
[Opponent] Attach 1 Don to Imu ["OP13-079">OP13-079] (1 Total)
RZ1|323|2|Don|5|6|9|9900|1|1|0|0|0
RZ1|CHK|323|2|18|5|3|4|0|6|19|1|1|4
[Opponent] Attach 1 Don to Imu ["OP13-079">OP13-079] (2 Total)
RZ1|324|2|Don|5|5|9|9901|1|1|0|0|0
RZ1|CHK|324|2|18|5|3|4|0|5|19|1|1|5
[Opponent] Imu ["OP13-079">OP13-079] attacking Marshall D. Teach ["OP16-080">OP16-080]
Imu ["OP13-079">OP13-079][8000] vs Marshall D. Teach ["OP16-080">OP16-080][5000]
Marshall D. Teach ["OP16-080">OP16-080] hit for 1 damage
RZ1|325|1|OP09-086|3|0|1|9|1|1|0|0|0
RZ1|CHK|325|1|28|10|2|0|0|9|10|0|1|1
RZ1|326|2|Don|9|200|5|0|1|1|1|0|0
RZ1|CHK|326|2|18|5|3|4|0|6|19|1|1|4
RZ1|327|2|OP13-083|2|2|6|19|1|1|0|0|0
RZ1|CHK|327|2|18|5|2|4|0|6|20|1|1|4
[Opponent] Imu ["OP13-079">OP13-079]: Trash St. Jaygarcia Saturn ["OP13-083">OP13-083]
[] Drew card from deck: St. Jaygarcia Saturn ["OP13-083">OP13-083]
RZ1|328|2|OP13-083|0|17|1|5|1|1|0|0|0
RZ1|CHK|328|2|17|6|2|4|0|6|20|1|1|4
[Opponent] Imu ["OP13-079">OP13-079]: Draw 1 Card
[Opponent] The Empty Throne ["OP13-099">OP13-099]: Rest 3 Don
RZ1|329|2|Don|5|1|5|1|1|1|1|0|0
RZ1|CHK|329|2|17|6|2|4|0|6|20|1|1|4
RZ1|330|2|Don|5|2|5|2|1|1|1|0|0
RZ1|CHK|330|2|17|6|2|4|0|6|20|1|1|4
RZ1|331|2|Don|5|3|5|3|1|1|1|0|0
RZ1|CHK|331|2|17|6|2|4|0|6|20|1|1|4
[Opponent] The Empty Throne ["OP13-099">OP13-099]: Rest The Empty Throne ["OP13-099">OP13-099]
RZ1|332|2|OP13-082|1|1|2|2|1|1|0|-5000|0
RZ1|CHK|332|2|17|5|3|4|0|6|20|1|1|4
[Opponent] The Empty Throne ["OP13-099">OP13-099]: Deploy Five Elders ["OP13-082">OP13-082]
[Opponent] Five Elders ["OP13-082">OP13-082]: Rest 1 Don
RZ1|333|2|Don|5|4|5|4|1|1|1|0|0
RZ1|CHK|333|2|17|5|3|4|0|6|20|1|1|4
RZ1|334|2|OP13-096|1|3|6|20|1|1|0|0|0
RZ1|CHK|334|2|17|4|3|4|0|6|21|1|1|4
[Opponent] Five Elders ["OP13-082">OP13-082]: Trash The Five Elders... Are At Your Service ["OP13-096">OP13-096]
RZ1|335|2|Don|9|0|5|0|1|1|1|0|0
RZ1|CHK|335|2|17|4|3|4|0|7|21|1|1|3
RZ1|336|2|OP13-084|2|0|6|21|1|1|0|0|0
RZ1|CHK|336|2|17|4|2|4|0|7|22|1|1|3
[Opponent] Five Elders ["OP13-082">OP13-082]: Trash St. Shepherd Ju Peter ["OP13-084">OP13-084]
RZ1|337|2|Don|9|0|5|0|1|1|1|0|0
RZ1|CHK|337|2|17|4|2|4|0|8|22|1|1|2
RZ1|338|2|OP13-080|2|0|6|22|1|1|0|0|0
RZ1|CHK|338|2|17|4|1|4|0|8|23|1|1|2
[Opponent] Five Elders ["OP13-082">OP13-082]: Trash St. Ethanbaron V. Nusjuro ["OP13-080">OP13-080]
RZ1|339|2|OP13-082|2|0|6|23|1|1|0|0|0
RZ1|CHK|339|2|17|4|0|4|0|8|24|1|1|2
[Opponent] Five Elders ["OP13-082">OP13-082]: Trash Five Elders ["OP13-082">OP13-082]
[Opponent] Five Elders ["OP13-082">OP13-082]: Deployed St. Ethanbaron V. Nusjuro ["OP13-080">OP13-080] from Trash
RZ1|340|2|OP13-080|6|22|2|0|1|1|0|0|0
RZ1|CHK|340|2|17|4|1|4|0|8|23|1|1|2
[Opponent] Five Elders ["OP13-082">OP13-082]: Deployed St. Shepherd Ju Peter ["OP13-084">OP13-084] from Trash
RZ1|341|2|OP13-084|6|21|2|1|1|1|0|2000|0
RZ1|CHK|341|2|17|4|2|4|0|8|22|1|1|2
[Opponent] Five Elders ["OP13-082">OP13-082]: Deployed St. Jaygarcia Saturn ["OP13-083">OP13-083] from Trash
RZ1|342|2|OP13-083|6|19|2|2|1|1|0|2000|0
RZ1|CHK|342|2|17|4|3|4|0|8|21|1|1|2
[Opponent] Five Elders ["OP13-082">OP13-082]: Deployed St. Marcus Mars ["OP13-091">OP13-091] from Trash
RZ1|343|2|OP13-091|6|18|2|3|1|1|0|2000|0
RZ1|CHK|343|2|17|4|4|4|0|8|20|1|1|2
[Opponent] Five Elders ["OP13-082">OP13-082]: Deployed St. Topman Warcury ["OP13-089">OP13-089] from Trash
RZ1|344|2|OP13-089|6|16|2|4|1|1|0|2000|0
RZ1|CHK|344|2|17|4|5|4|0|8|19|1|1|2
RZ1|345|2|OP13-089|0|16|1|4|1|1|0|0|0
RZ1|CHK|345|2|16|5|5|4|0|8|19|1|1|2
[Opponent] St. Jaygarcia Saturn ["OP13-083">OP13-083]: <b>Reveal and Draw St. Topman Warcury ["OP13-089">OP13-089]</b>
[Opponent] Placing Cards on Bottom of Deck
RZ1|346|2|OP16-093|0|15|0|0|0|0|0|0|0
RZ1|CHK|346|2|16|5|5|4|0|8|19|1|1|2
RZ1|347|2|OP13-082|0|15|0|0|0|0|0|0|0
RZ1|CHK|347|2|16|5|5|4|0|8|19|1|1|2
RZ1|348|2|OP13-096|0|15|0|0|0|0|0|0|0
RZ1|CHK|348|2|16|5|5|4|0|8|19|1|1|2
RZ1|349|2|OP14-096|0|15|0|0|0|0|0|0|0
RZ1|CHK|349|2|16|5|5|4|0|8|19|1|1|2
RZ1|350|2|OP13-083|1|3|6|19|1|1|0|0|0
RZ1|CHK|350|2|16|4|5|4|0|8|20|1|1|2
[Opponent] St. Marcus Mars ["OP13-091">OP13-091]: Trash St. Jaygarcia Saturn ["OP13-083">OP13-083]
[Opponent] St. Marcus Mars ["OP13-091">OP13-091]: Destroy Baby 5 ["OP12-112">OP12-112]
RZ1|351|1|OP12-112|2|1|6|10|1|1|0|0|0
RZ1|CHK|351|1|28|10|1|0|0|9|11|0|1|1
[Opponent] Attach 1 Don to St. Ethanbaron V. Nusjuro ["OP13-080">OP13-080] (1 Total)
RZ1|352|2|Don|5|7|9|0|1|1|0|0|0
RZ1|CHK|352|2|16|4|5|4|0|7|20|1|1|3
[Opponent] St. Ethanbaron V. Nusjuro ["OP13-080">OP13-080] attacking Marshall D. Teach ["OP16-080">OP16-080]
[Opponent] St. Ethanbaron V. Nusjuro ["OP13-080">OP13-080]: Buff Marshall D. Teach ["OP16-119">OP16-119] -2000
St. Ethanbaron V. Nusjuro ["OP13-080">OP13-080][8000] vs Marshall D. Teach ["OP16-080">OP16-080][5000]
Marshall D. Teach ["OP16-080">OP16-080] hit for 1 damage
[You] <b>Downloaded the Combat Log!</b>
GameOver
