Version is 1.41b.40
[You] Leader is Monkey D. Luffy ["OP11-040">OP11-040]
RZ1|HDR|1.41b|2|RZ1
RZ1|PLY|1||OP11-040
RZ1|PLY|2||
[Opponent] Leader is Charlotte Katakuri ["OP11-062">OP11-062]
RZ1|1|2|OP13-076|0|41|0|1|0|0|0|0|0
RZ1|CHK|1|2|50|0|0|0|10|0|0|0|1|0
RZ1|2|2|OP15-078|0|45|0|2|0|0|0|0|0
RZ1|CHK|2|2|50|0|0|0|10|0|0|0|1|0
RZ1|3|2|ST34-002|0|22|0|3|0|0|0|0|0
RZ1|CHK|3|2|50|0|0|0|10|0|0|0|1|0
RZ1|4|2|ST34-003|0|13|0|4|0|0|0|0|0
RZ1|CHK|4|2|50|0|0|0|10|0|0|0|1|0
RZ1|5|2|OP11-067|0|31|0|5|0|0|0|0|0
RZ1|CHK|5|2|50|0|0|0|10|0|0|0|1|0
RZ1|6|2|ST34-005|0|20|0|6|0|0|0|0|0
RZ1|CHK|6|2|50|0|0|0|10|0|0|0|1|0
RZ1|7|2|OP08-069|0|35|0|7|0|0|0|0|0
RZ1|CHK|7|2|50|0|0|0|10|0|0|0|1|0
RZ1|8|2|ST34-005|0|19|0|8|0|0|0|0|0
RZ1|CHK|8|2|50|0|0|0|10|0|0|0|1|0
RZ1|9|2|OP15-069|0|13|0|9|0|0|0|0|0
RZ1|CHK|9|2|50|0|0|0|10|0|0|0|1|0
RZ1|10|2|ST34-003|0|16|0|10|0|0|0|0|0
RZ1|CHK|10|2|50|0|0|0|10|0|0|0|1|0
RZ1|11|2|OP11-067|0|33|0|11|0|0|0|0|0
RZ1|CHK|11|2|50|0|0|0|10|0|0|0|1|0
RZ1|12|2|ST18-001|0|19|0|12|0|0|0|0|0
RZ1|CHK|12|2|50|0|0|0|10|0|0|0|1|0
RZ1|13|2|OP15-078|0|45|0|13|0|0|0|0|0
RZ1|CHK|13|2|50|0|0|0|10|0|0|0|1|0
RZ1|14|2|OP07-077|0|46|0|14|0|0|0|0|0
RZ1|CHK|14|2|50|0|0|0|10|0|0|0|1|0
RZ1|15|2|OP08-069|0|39|0|15|0|0|0|0|0
RZ1|CHK|15|2|50|0|0|0|10|0|0|0|1|0
RZ1|16|2|ST34-005|0|25|0|16|0|0|0|0|0
RZ1|CHK|16|2|50|0|0|0|10|0|0|0|1|0
RZ1|17|2|OP15-078|0|45|0|17|0|0|0|0|0
RZ1|CHK|17|2|50|0|0|0|10|0|0|0|1|0
RZ1|18|2|OP11-067|0|39|0|18|0|0|0|0|0
RZ1|CHK|18|2|50|0|0|0|10|0|0|0|1|0
RZ1|19|2|ST34-003|0|24|0|19|0|0|0|0|0
RZ1|CHK|19|2|50|0|0|0|10|0|0|0|1|0
RZ1|20|2|PRB02-010|0|36|0|20|0|0|0|0|0
RZ1|CHK|20|2|50|0|0|0|10|0|0|0|1|0
RZ1|21|2|ST34-005|0|28|0|21|0|0|0|0|0
RZ1|CHK|21|2|50|0|0|0|10|0|0|0|1|0
RZ1|22|2|OP07-077|0|48|0|22|0|0|0|0|0
RZ1|CHK|22|2|50|0|0|0|10|0|0|0|1|0
RZ1|23|2|OP08-069|0|41|0|23|0|0|0|0|0
RZ1|CHK|23|2|50|0|0|0|10|0|0|0|1|0
RZ1|24|2|ST34-001|0|37|0|24|0|0|0|0|0
RZ1|CHK|24|2|50|0|0|0|10|0|0|0|1|0
RZ1|25|2|OP15-069|0|28|0|25|0|0|0|0|0
RZ1|CHK|25|2|50|0|0|0|10|0|0|0|1|0
RZ1|26|2|OP07-077|0|49|0|26|0|0|0|0|0
RZ1|CHK|26|2|50|0|0|0|10|0|0|0|1|0
RZ1|27|2|OP07-077|0|49|0|27|0|0|0|0|0
RZ1|CHK|27|2|50|0|0|0|10|0|0|0|1|0
RZ1|28|2|PRB02-010|0|41|0|28|0|0|0|0|0
RZ1|CHK|28|2|50|0|0|0|10|0|0|0|1|0
RZ1|29|2|PRB02-010|0|42|0|29|0|0|0|0|0
RZ1|CHK|29|2|50|0|0|0|10|0|0|0|1|0
RZ1|30|2|ST34-002|0|37|0|30|0|0|0|0|0
RZ1|CHK|30|2|50|0|0|0|10|0|0|0|1|0
RZ1|31|2|ST34-004|0|45|0|31|0|0|0|0|0
RZ1|CHK|31|2|50|0|0|0|10|0|0|0|1|0
RZ1|32|2|ST34-004|0|46|0|32|0|0|0|0|0
RZ1|CHK|32|2|50|0|0|0|10|0|0|0|1|0
RZ1|33|2|OP11-067|0|45|0|33|0|0|0|0|0
RZ1|CHK|33|2|50|0|0|0|10|0|0|0|1|0
RZ1|34|2|ST34-004|0|47|0|34|0|0|0|0|0
RZ1|CHK|34|2|50|0|0|0|10|0|0|0|1|0
RZ1|35|2|OP15-069|0|38|0|35|0|0|0|0|0
RZ1|CHK|35|2|50|0|0|0|10|0|0|0|1|0
RZ1|36|2|ST34-004|0|48|0|36|0|0|0|0|0
RZ1|CHK|36|2|50|0|0|0|10|0|0|0|1|0
RZ1|37|2|ST34-001|0|46|0|37|0|0|0|0|0
RZ1|CHK|37|2|50|0|0|0|10|0|0|0|1|0
RZ1|38|2|ST34-003|0|41|0|38|0|0|0|0|0
RZ1|CHK|38|2|50|0|0|0|10|0|0|0|1|0
RZ1|39|2|ST34-002|0|43|0|39|0|0|0|0|0
RZ1|CHK|39|2|50|0|0|0|10|0|0|0|1|0
RZ1|40|2|OP11-070|0|41|0|40|0|0|0|0|0
RZ1|CHK|40|2|50|0|0|0|10|0|0|0|1|0
RZ1|41|2|ST34-001|0|46|0|41|0|0|0|0|0
RZ1|CHK|41|2|50|0|0|0|10|0|0|0|1|0
RZ1|42|2|ST34-001|0|46|0|42|0|0|0|0|0
RZ1|CHK|42|2|50|0|0|0|10|0|0|0|1|0
RZ1|43|2|ST18-001|0|45|0|43|0|0|0|0|0
RZ1|CHK|43|2|50|0|0|0|10|0|0|0|1|0
RZ1|44|2|ST34-002|0|46|0|44|0|0|0|0|0
RZ1|CHK|44|2|50|0|0|0|10|0|0|0|1|0
RZ1|45|2|OP15-078|0|49|0|45|0|0|0|0|0
RZ1|CHK|45|2|50|0|0|0|10|0|0|0|1|0
RZ1|46|2|OP11-073|0|49|0|46|0|0|0|0|0
RZ1|CHK|46|2|50|0|0|0|10|0|0|0|1|0
RZ1|47|2|PRB02-010|0|49|0|48|0|0|0|0|0
RZ1|CHK|47|2|50|0|0|0|10|0|0|0|1|0
[] Drew card from deck: Marshall D. Teach ["ST17-005">ST17-005]
RZ1|48|1|ST17-005|0|49|1|0|1|1|0|0|0
RZ1|CHK|48|1|49|1|0|0|10|0|0|0|1|0
[] Drew card from deck: Charlotte Katakuri ["OP11-067">OP11-067]
RZ1|49|1|OP11-067|0|48|1|1|1|1|0|0|0
RZ1|CHK|49|1|48|2|0|0|10|0|0|0|1|0
[] Drew card from deck: Charlotte Linlin ["OP08-069">OP08-069]
RZ1|50|1|OP08-069|0|47|1|2|1|1|0|0|0
RZ1|CHK|50|1|47|3|0|0|10|0|0|0|1|0
[] Drew card from deck: Gear 2 ["OP11-080">OP11-080]
RZ1|51|1|OP11-080|0|46|1|3|1|1|0|0|0
RZ1|CHK|51|1|46|4|0|0|10|0|0|0|1|0
[] Drew card from deck: Buggy ["ST17-003">ST17-003]
RZ1|52|1|ST17-003|0|45|1|4|1|1|0|0|0
RZ1|CHK|52|1|45|5|0|0|10|0|0|0|1|0
[] Drew card from deck: Charlotte Pudding ["OP11-070">OP11-070]
RZ1|53|2|OP11-070|0|49|1|0|1|1|0|0|0
RZ1|CHK|53|2|49|1|0|0|10|0|0|0|1|0
[] Drew card from deck: Charlotte Pudding ["PRB02-010">PRB02-010]
RZ1|54|2|PRB02-010|0|48|1|1|1|1|0|0|0
RZ1|CHK|54|2|48|2|0|0|10|0|0|0|1|0
[] Drew card from deck: Charlotte Pudding ["OP11-070">OP11-070]
RZ1|55|2|OP11-070|0|47|1|2|1|1|0|0|0
RZ1|CHK|55|2|47|3|0|0|10|0|0|0|1|0
[] Drew card from deck: Charlotte Linlin ["OP11-073">OP11-073]
RZ1|56|2|OP11-073|0|46|1|3|1|1|0|0|0
RZ1|CHK|56|2|46|4|0|0|10|0|0|0|1|0
[] Drew card from deck: Mamaragan ["OP15-078">OP15-078]
RZ1|57|2|OP15-078|0|45|1|4|1|1|0|0|0
RZ1|CHK|57|2|45|5|0|0|10|0|0|0|1|0
RZ1|58|1|OP04-056|0|44|3|0|1|0|0|0|0
RZ1|CHK|58|1|44|5|0|1|10|0|0|0|1|0
RZ1|59|1|OP11-080|0|43|3|1|1|0|0|0|0
RZ1|CHK|59|1|43|5|0|2|10|0|0|0|1|0
RZ1|60|1|OP09-078|0|42|3|2|1|0|0|0|0
RZ1|CHK|60|1|42|5|0|3|10|0|0|0|1|0
RZ1|61|2|ST34-002|0|44|3|0|0|1|0|0|0
RZ1|CHK|61|2|44|5|0|1|10|0|0|0|1|0
RZ1|62|2|ST18-001|0|43|3|1|0|1|0|0|0
RZ1|CHK|62|2|43|5|0|2|10|0|0|0|1|0
RZ1|63|2|ST34-001|0|42|3|2|0|1|0|0|0
RZ1|CHK|63|2|42|5|0|3|10|0|0|0|1|0
RZ1|64|2|ST34-001|0|41|3|3|0|1|0|0|0
RZ1|CHK|64|2|41|5|0|4|10|0|0|0|1|0
RZ1|65|2|OP11-070|0|40|3|4|0|1|0|0|0
RZ1|CHK|65|2|40|5|0|5|10|0|0|0|1|0
[] Hand: [ST17-005,OP11-067,OP08-069,OP11-080,ST17-003]
[] Board: []
[] Trash: []
[] Life: 3
[] Hand: [OP11-070,PRB02-010,OP11-070,OP11-073,OP15-078]
[] Trash: []
[] Board: []
[] Life: 5
RZ1|66|1|Don|4|9|5|0|1|1|0|0|0
RZ1|CHK|66|1|42|5|0|3|9|1|0|0|1|0
[You] Draw 1 Don
RZ1|67|1|Don|5|0|5|0|1|1|1|0|0
RZ1|CHK|67|1|42|5|0|3|9|1|0|0|1|0
[You] Deploy Buggy ["ST17-003">ST17-003]
RZ1|68|1|ST17-003|1|4|2|0|1|1|0|0|0
RZ1|CHK|68|1|42|4|1|3|9|1|0|0|1|0
[You] Placing Cards on Top of Deck
RZ1|69|1|OP07-064|0|39|0|41|0|0|0|0|0
RZ1|CHK|69|1|42|4|1|3|9|1|0|0|1|0
RZ1|70|1|OP03-072|0|40|0|41|0|0|0|0|0
RZ1|CHK|70|1|42|4|1|3|9|1|0|0|1|0
RZ1|71|1|ST17-005|0|39|0|41|0|0|0|0|0
RZ1|CHK|71|1|42|4|1|3|9|1|0|0|1|0
[] Hand: [ST17-005,OP11-067,OP08-069,OP11-080]
[] Board: [ST17-003]
[] Trash: []
[] Life: 3
[] Hand: [OP11-070,PRB02-010,OP11-070,OP11-073,OP15-078]
[] Trash: []
[] Board: []
[] Life: 5
[You] End Turn
[] Hand: [OP11-070,PRB02-010,OP11-070,OP11-073,OP15-078]
[] Board: []
[] Trash: []
[] Life: 5
[] Hand: [ST17-005,OP11-067,OP08-069,OP11-080]
[] Trash: []
[] Board: [ST17-003]
[] Life: 3
[Opponent] Draw 1 Card
[] Drew card from deck: Charlotte Cracker ["ST34-002">ST34-002]
RZ1|72|2|ST34-002|0|39|1|5|1|1|0|0|0
RZ1|CHK|72|2|39|6|0|5|10|0|0|0|1|0
RZ1|73|2|Don|4|9|5|0|1|1|0|0|0
RZ1|CHK|73|2|39|6|0|5|9|1|0|0|1|0
RZ1|74|2|Don|4|8|5|1|1|1|0|0|0
RZ1|CHK|74|2|39|6|0|5|8|2|0|0|1|0
[Opponent] Draw 2 Don
RZ1|75|2|Don|5|0|5|0|1|1|1|0|0
RZ1|CHK|75|2|39|6|0|5|8|2|0|0|1|0
[Opponent] Deploy Charlotte Pudding ["OP11-070">OP11-070]
RZ1|76|2|OP11-070|1|0|2|0|1|1|0|0|0
RZ1|CHK|76|2|39|5|1|5|8|2|0|0|1|0
RZ1|77|2|ST34-004|0|36|1|5|1|1|0|0|0
RZ1|CHK|77|2|38|6|1|5|8|2|0|0|1|0
[Opponent] Charlotte Pudding ["OP11-070">OP11-070]: <b>Reveal and Draw Charlotte Linlin ["ST34-004">ST34-004]</b>
[Opponent] Placing Cards on Bottom of Deck
RZ1|78|2|ST34-003|0|37|0|0|0|0|0|0|0
RZ1|CHK|78|2|38|6|1|5|8|2|0|0|1|0
RZ1|79|2|ST34-001|0|37|0|0|0|0|0|0|0
RZ1|CHK|79|2|38|6|1|5|8|2|0|0|1|0
RZ1|80|2|OP15-069|0|37|0|0|0|0|0|0|0
RZ1|CHK|80|2|38|6|1|5|8|2|0|0|1|0
RZ1|81|2|ST34-004|0|37|0|0|0|0|0|0|0
RZ1|CHK|81|2|38|6|1|5|8|2|0|0|1|0
RZ1|82|2|Don|5|1|5|1|1|1|1|0|0
RZ1|CHK|82|2|38|6|1|5|8|2|0|0|1|0
[Opponent] Deploy Charlotte Pudding ["OP11-070">OP11-070]
RZ1|83|2|OP11-070|1|1|2|1|1|1|0|0|0
RZ1|CHK|83|2|38|5|2|5|8|2|0|0|1|0
RZ1|84|2|ST34-004|0|36|1|5|1|1|0|0|0
RZ1|CHK|84|2|37|6|2|5|8|2|0|0|1|0
[Opponent] Charlotte Pudding ["OP11-070">OP11-070]: <b>Reveal and Draw Charlotte Linlin ["ST34-004">ST34-004]</b>
[Opponent] Placing Cards on Bottom of Deck
RZ1|85|2|OP11-067|0|36|0|0|0|0|0|0|0
RZ1|CHK|85|2|37|6|2|5|8|2|0|0|1|0
RZ1|86|2|ST34-004|0|36|0|0|0|0|0|0|0
RZ1|CHK|86|2|37|6|2|5|8|2|0|0|1|0
RZ1|87|2|ST34-002|0|36|0|0|0|0|0|0|0
RZ1|CHK|87|2|37|6|2|5|8|2|0|0|1|0
RZ1|88|2|PRB02-010|0|36|0|0|0|0|0|0|0
RZ1|CHK|88|2|37|6|2|5|8|2|0|0|1|0
RZ1|89|2|OP15-078|1|2|6|0|1|1|0|0|0
RZ1|CHK|89|2|37|5|2|5|8|2|1|0|1|0
[] Hand: [PRB02-010,OP11-073,ST34-002,ST34-004,ST34-004]
[] Board: [OP11-070,OP11-070]
[] Trash: [OP15-078]
[] Life: 5
[] Hand: [ST17-005,OP11-067,OP08-069,OP11-080]
[] Trash: []
[] Board: [ST17-003]
[] Life: 3
[Opponent] End Turn
[] Hand: [ST17-005,OP11-067,OP08-069,OP11-080]
[] Board: [ST17-003]
[] Trash: []
[] Life: 3
[] Hand: [PRB02-010,OP11-073,ST34-002,ST34-004,ST34-004]
[] Trash: [OP15-078]
[] Board: [OP11-070,OP11-070]
[] Life: 5
[You] Draw 1 Card
[] Drew card from deck: Marshall D. Teach ["ST17-005">ST17-005]
RZ1|90|1|ST17-005|0|41|1|4|1|1|0|0|0
RZ1|CHK|90|1|41|5|1|3|9|1|0|0|1|0
RZ1|91|1|Don|4|8|5|1|1|1|0|0|0
RZ1|CHK|91|1|41|5|1|3|8|2|0|0|1|0
RZ1|92|1|Don|4|7|5|2|1|1|0|0|0
RZ1|CHK|92|1|41|5|1|3|7|3|0|0|1|0
[You] Draw 2 Don
RZ1|93|1|Don|5|0|5|0|1|1|1|0|0
RZ1|CHK|93|1|41|5|1|3|7|3|0|0|1|0
RZ1|94|1|Don|5|1|5|1|1|1|1|0|0
RZ1|CHK|94|1|41|5|1|3|7|3|0|0|1|0
[You] Deploy Marshall D. Teach ["ST17-005">ST17-005]
RZ1|95|1|ST17-005|1|4|2|1|1|1|0|0|0
RZ1|CHK|95|1|41|4|2|3|7|3|0|0|1|0
[You] Sent a Card to Deck Top
RZ1|96|1|OP11-080|1|3|0|41|0|0|0|0|0
RZ1|CHK|96|1|42|3|2|3|7|3|0|0|1|0
[You] Marshall D. Teach ["ST17-005">ST17-005]: Attach 1 Rested Don to Monkey D. Luffy ["OP11-040">OP11-040]
RZ1|97|1|Don|5|0|9|9900|1|1|1|0|0
RZ1|CHK|97|1|42|3|2|3|7|2|0|0|1|1
[You] Marshall D. Teach ["ST17-005">ST17-005]: Attach 1 Rested Don to Monkey D. Luffy ["OP11-040">OP11-040]
RZ1|98|1|Don|5|0|9|9901|1|1|1|0|0
RZ1|CHK|98|1|42|3|2|3|7|1|0|0|1|2
[You] Monkey D. Luffy ["OP11-040">OP11-040] attacking Charlotte Katakuri ["OP11-062">OP11-062]
Monkey D. Luffy ["OP11-040">OP11-040][8000] vs Charlotte Katakuri ["OP11-062">OP11-062][5000]
Charlotte Katakuri ["OP11-062">OP11-062] hit for 1 damage
RZ1|99|2|OP11-070|3|4|1|5|1|1|0|0|0
RZ1|CHK|99|2|37|6|2|4|8|2|1|0|1|0
[] Hand: [ST17-005,OP11-067,OP08-069]
[] Board: [ST17-003,ST17-005]
[] Trash: []
[] Life: 3
[] Hand: [PRB02-010,OP11-073,ST34-002,ST34-004,ST34-004,OP11-070]
[] Trash: [OP15-078]
[] Board: [OP11-070,OP11-070]
[] Life: 4
[You] End Turn
[] Hand: [PRB02-010,OP11-073,ST34-002,ST34-004,ST34-004,OP11-070]
[] Board: [OP11-070,OP11-070]
[] Trash: [OP15-078]
[] Life: 4
[] Hand: [ST17-005,OP11-067,OP08-069]
[] Trash: []
[] Board: [ST17-003,ST17-005]
[] Life: 3
[Opponent] Draw 1 Card
[] Drew card from deck: Charlotte Pudding ["PRB02-010">PRB02-010]
RZ1|100|2|PRB02-010|0|36|1|6|1|1|0|0|0
RZ1|CHK|100|2|36|7|2|4|8|2|1|0|1|0
RZ1|101|2|Don|4|7|5|2|1|1|0|0|0
RZ1|CHK|101|2|36|7|2|4|7|3|1|0|1|0
RZ1|102|2|Don|4|6|5|3|1|1|0|0|0
RZ1|CHK|102|2|36|7|2|4|6|4|1|0|1|0
[Opponent] Draw 2 Don
RZ1|103|2|Don|5|0|5|0|1|1|1|0|0
RZ1|CHK|103|2|36|7|2|4|6|4|1|0|1|0
RZ1|104|2|Don|5|1|5|1|1|1|1|0|0
RZ1|CHK|104|2|36|7|2|4|6|4|1|0|1|0
RZ1|105|2|Don|5|2|5|2|1|1|1|0|0
RZ1|CHK|105|2|36|7|2|4|6|4|1|0|1|0
RZ1|106|2|Don|5|3|5|3|1|1|1|0|0
RZ1|CHK|106|2|36|7|2|4|6|4|1|0|1|0
[Opponent] Deploy Charlotte Cracker ["ST34-002">ST34-002]
RZ1|107|2|ST34-002|1|2|2|2|1|1|0|0|0
RZ1|CHK|107|2|36|6|3|4|6|4|1|0|1|0
Charlotte Cracker ["ST34-002">ST34-002]: Draw 1 Rested Don
RZ1|108|2|Don|4|5|5|0|1|1|1|0|0
RZ1|CHK|108|2|36|6|3|4|5|5|1|0|1|0
[Opponent] Charlotte Cracker ["ST34-002">ST34-002]: Destroy Marshall D. Teach ["ST17-005">ST17-005]
RZ1|109|1|ST17-005|2|1|6|0|1|1|0|0|0
RZ1|CHK|109|1|42|3|1|3|7|1|1|0|1|2
[Opponent] Charlotte Katakuri ["OP11-062">OP11-062] attacking Monkey D. Luffy ["OP11-040">OP11-040]
Charlotte Katakuri ["OP11-062">OP11-062][5000] vs Monkey D. Luffy ["OP11-040">OP11-040][6000]
Attack Fails
[] Hand: [PRB02-010,OP11-073,ST34-004,ST34-004,OP11-070,PRB02-010]
[] Board: [OP11-070,OP11-070,ST34-002]
[] Trash: [OP15-078]
[] Life: 4
[] Hand: [ST17-005,OP11-067,OP08-069]
[] Trash: [ST17-005]
[] Board: [ST17-003]
[] Life: 3
[Opponent] End Turn
[] Hand: [ST17-005,OP11-067,OP08-069]
[] Board: [ST17-003]
[] Trash: [ST17-005]
[] Life: 3
[] Hand: [PRB02-010,OP11-073,ST34-004,ST34-004,OP11-070,PRB02-010]
[] Trash: [OP15-078]
[] Board: [OP11-070,OP11-070,ST34-002]
[] Life: 4
RZ1|110|1|Don|9|9900|5|0|1|1|1|0|0
RZ1|CHK|110|1|42|3|1|3|7|2|1|0|1|1
RZ1|111|1|Don|9|9900|5|0|1|1|1|0|0
RZ1|CHK|111|1|42|3|1|3|7|3|1|0|1|0
[You] Draw 1 Card
[] Drew card from deck: Gear 2 ["OP11-080">OP11-080]
RZ1|112|1|OP11-080|0|41|1|3|1|1|0|0|0
RZ1|CHK|112|1|41|4|1|3|7|3|1|0|1|0
RZ1|113|1|Don|4|6|5|3|1|1|0|0|0
RZ1|CHK|113|1|41|4|1|3|6|4|1|0|1|0
RZ1|114|1|Don|4|5|5|4|1|1|0|0|0
RZ1|CHK|114|1|41|4|1|3|5|5|1|0|1|0
[You] Draw 2 Don
RZ1|115|1|Don|5|0|5|0|1|1|1|0|0
RZ1|CHK|115|1|41|4|1|3|5|5|1|0|1|0
RZ1|116|1|Don|5|1|5|1|1|1|1|0|0
RZ1|CHK|116|1|41|4|1|3|5|5|1|0|1|0
[You] Deploy Marshall D. Teach ["ST17-005">ST17-005]
RZ1|117|1|ST17-005|1|0|2|1|1|1|0|0|0
RZ1|CHK|117|1|41|3|2|3|5|5|1|0|1|0
[You] Sent a Card to Deck Top
RZ1|118|1|OP08-069|1|1|0|41|0|0|0|0|0
RZ1|CHK|118|1|42|2|2|3|5|5|1|0|1|0
[You] Marshall D. Teach ["ST17-005">ST17-005]: Attach 1 Rested Don to Monkey D. Luffy ["OP11-040">OP11-040]
RZ1|119|1|Don|5|0|9|9900|1|1|1|0|0
RZ1|CHK|119|1|42|2|2|3|5|4|1|0|1|1
[You] Marshall D. Teach ["ST17-005">ST17-005]: Attach 1 Rested Don to Monkey D. Luffy ["OP11-040">OP11-040]
RZ1|120|1|Don|5|0|9|9901|1|1|1|0|0
RZ1|CHK|120|1|42|2|2|3|5|3|1|0|1|2
[You] Attach 3 Don to Buggy ["ST17-003">ST17-003] (3 Total)
RZ1|121|1|Don|5|2|9|0|1|1|0|0|0
RZ1|CHK|121|1|42|2|2|3|5|2|1|0|1|3
RZ1|122|1|Don|5|1|9|1|1|1|0|0|0
RZ1|CHK|122|1|42|2|2|3|5|1|1|0|1|4
RZ1|123|1|Don|5|0|9|2|1|1|0|0|0
RZ1|CHK|123|1|42|2|2|3|5|0|1|0|1|5
[You] Buggy ["ST17-003">ST17-003] attacking Charlotte Katakuri ["OP11-062">OP11-062]
Buggy ["ST17-003">ST17-003][5000] vs Charlotte Katakuri ["OP11-062">OP11-062][5000]
Charlotte Katakuri ["OP11-062">OP11-062] hit for 1 damage
RZ1|124|2|ST34-001|3|3|1|6|1|1|0|0|0
RZ1|CHK|124|2|36|7|3|3|5|5|1|0|1|0
[You] Monkey D. Luffy ["OP11-040">OP11-040] attacking Charlotte Katakuri ["OP11-062">OP11-062]
Monkey D. Luffy ["OP11-040">OP11-040][8000] vs Charlotte Katakuri ["OP11-062">OP11-062][5000]
Charlotte Katakuri ["OP11-062">OP11-062] hit for 1 damage
RZ1|125|2|ST34-001|3|2|1|7|1|1|0|0|0
RZ1|CHK|125|2|36|8|3|2|5|5|1|0|1|0
[] Hand: [OP11-067,OP11-080]
[] Board: [ST17-003,ST17-005]
[] Trash: [ST17-005]
[] Life: 3
[] Hand: [PRB02-010,OP11-073,ST34-004,ST34-004,OP11-070,PRB02-010,ST34-001,ST34-001]
[] Trash: [OP15-078]
[] Board: [OP11-070,OP11-070,ST34-002]
[] Life: 2
[You] End Turn
[] Hand: [PRB02-010,OP11-073,ST34-004,ST34-004,OP11-070,PRB02-010,ST34-001,ST34-001]
[] Board: [OP11-070,OP11-070,ST34-002]
[] Trash: [OP15-078]
[] Life: 2
[] Hand: [OP11-067,OP11-080]
[] Trash: [ST17-005]
[] Board: [ST17-003,ST17-005]
[] Life: 3
[Opponent] Draw 1 Card
[] Drew card from deck: We're Going to Claim the One Piece!!! ["OP07-077">OP07-077]
RZ1|126|2|OP07-077|0|35|1|8|1|1|0|0|0
RZ1|CHK|126|2|35|9|3|2|5|5|1|0|1|0
RZ1|127|2|Don|4|4|5|5|1|1|0|0|0
RZ1|CHK|127|2|35|9|3|2|4|6|1|0|1|0
RZ1|128|2|Don|4|3|5|6|1|1|0|0|0
RZ1|CHK|128|2|35|9|3|2|3|7|1|0|1|0
[Opponent] Draw 2 Don
RZ1|129|2|Don|5|0|5|0|1|1|1|0|0
RZ1|CHK|129|2|35|9|3|2|3|7|1|0|1|0
RZ1|130|2|Don|5|1|5|1|1|1|1|0|0
RZ1|CHK|130|2|35|9|3|2|3|7|1|0|1|0
RZ1|131|2|Don|5|2|5|2|1|1|1|0|0
RZ1|CHK|131|2|35|9|3|2|3|7|1|0|1|0
RZ1|132|2|Don|5|3|5|3|1|1|1|0|0
RZ1|CHK|132|2|35|9|3|2|3|7|1|0|1|0
RZ1|133|2|Don|5|4|5|4|1|1|1|0|0
RZ1|CHK|133|2|35|9|3|2|3|7|1|0|1|0
RZ1|134|2|Don|5|5|5|5|1|1|1|0|0
RZ1|CHK|134|2|35|9|3|2|3|7|1|0|1|0
RZ1|135|2|Don|5|6|5|6|1|1|1|0|0
RZ1|CHK|135|2|35|9|3|2|3|7|1|0|1|0
[Opponent] Deploy Charlotte Pudding ["PRB02-010">PRB02-010]
RZ1|136|2|PRB02-010|1|0|2|3|1|1|0|0|0
RZ1|CHK|136|2|35|8|4|2|3|7|1|0|1|0
[Opponent] Charlotte Cracker ["ST34-002">ST34-002] attacking Buggy ["ST17-003">ST17-003]
Charlotte Cracker ["ST34-002">ST34-002][5000] vs Buggy ["ST17-003">ST17-003][2000]
[You] Buggy ["ST17-003">ST17-003] Destroyed
RZ1|137|1|Don|9|0|5|0|1|1|1|0|0
RZ1|CHK|137|1|42|2|2|3|5|1|1|0|1|4
RZ1|138|1|Don|9|0|5|0|1|1|1|0|0
RZ1|CHK|138|1|42|2|2|3|5|2|1|0|1|3
RZ1|139|1|Don|9|0|5|0|1|1|1|0|0
RZ1|CHK|139|1|42|2|2|3|5|3|1|0|1|2
RZ1|140|1|ST17-003|2|0|6|1|1|1|0|0|0
RZ1|CHK|140|1|42|2|1|3|5|3|2|0|1|2
[Opponent] Charlotte Katakuri ["OP11-062">OP11-062] attacking Monkey D. Luffy ["OP11-040">OP11-040]
Charlotte Katakuri ["OP11-062">OP11-062][5000] vs Monkey D. Luffy ["OP11-040">OP11-040][6000]
Attack Fails
[] Hand: [OP11-073,ST34-004,ST34-004,OP11-070,PRB02-010,ST34-001,ST34-001,OP07-077]
[] Board: [OP11-070,OP11-070,ST34-002,PRB02-010]
[] Trash: [OP15-078]
[] Life: 2
[] Hand: [OP11-067,OP11-080]
[] Trash: [ST17-005,ST17-003]
[] Board: [ST17-005]
[] Life: 3
[Opponent] End Turn
[] Hand: [OP11-067,OP11-080]
[] Board: [ST17-005]
[] Trash: [ST17-005,ST17-003]
[] Life: 3
[] Hand: [OP11-073,ST34-004,ST34-004,OP11-070,PRB02-010,ST34-001,ST34-001,OP07-077]
[] Trash: [OP15-078]
[] Board: [OP11-070,OP11-070,ST34-002,PRB02-010]
[] Life: 2
RZ1|141|1|Don|9|9900|5|0|1|1|1|0|0
RZ1|CHK|141|1|42|2|1|3|5|4|2|0|1|1
RZ1|142|1|Don|9|9900|5|0|1|1|1|0|0
RZ1|CHK|142|1|42|2|1|3|5|5|2|0|1|0
[You] Draw 1 Card
[] Drew card from deck: Charlotte Linlin ["OP08-069">OP08-069]
RZ1|143|1|OP08-069|0|41|1|2|1|1|0|0|0
RZ1|CHK|143|1|41|3|1|3|5|5|2|0|1|0
RZ1|144|1|Don|4|4|5|5|1|1|0|0|0
RZ1|CHK|144|1|41|3|1|3|4|6|2|0|1|0
RZ1|145|1|Don|4|3|5|6|1|1|0|0|0
RZ1|CHK|145|1|41|3|1|3|3|7|2|0|1|0
[You] Draw 2 Don
[You] Gear 2 ["OP11-080">OP11-080]: Rest 1 Don
RZ1|146|1|Don|5|0|5|0|1|1|1|0|0
RZ1|CHK|146|1|41|3|1|3|3|7|2|0|1|0
RZ1|147|1|OP11-080|1|1|6|2|1|1|0|0|0
RZ1|CHK|147|1|41|2|1|3|3|7|3|0|1|0
[You] Gear 2 ["OP11-080">OP11-080]: Rest 2 Don
RZ1|148|1|Don|5|1|5|1|1|1|1|0|0
RZ1|CHK|148|1|41|2|1|3|3|7|3|0|1|0
RZ1|149|1|Don|5|2|5|2|1|1|1|0|0
RZ1|CHK|149|1|41|2|1|3|3|7|3|0|1|0
Gear 2 ["OP11-080">OP11-080]: Draw 1 Rested Don
RZ1|150|1|Don|4|2|5|0|1|1|1|0|0
RZ1|CHK|150|1|41|2|1|3|2|8|3|0|1|0
[You] Attach 3 Don to Marshall D. Teach ["ST17-005">ST17-005] (3 Total)
RZ1|151|1|Don|5|7|9|0|1|1|0|0|0
RZ1|CHK|151|1|41|2|1|3|2|7|3|0|1|1
RZ1|152|1|Don|5|6|9|1|1|1|0|0|0
RZ1|CHK|152|1|41|2|1|3|2|6|3|0|1|2
RZ1|153|1|Don|5|5|9|2|1|1|0|0|0
RZ1|CHK|153|1|41|2|1|3|2|5|3|0|1|3
[You] Marshall D. Teach ["ST17-005">ST17-005] attacking Charlotte Cracker ["ST34-002">ST34-002]
Marshall D. Teach ["ST17-005">ST17-005][6000] vs Charlotte Cracker ["ST34-002">ST34-002][5000]
[Opponent] Charlotte Cracker ["ST34-002">ST34-002] Destroyed
RZ1|154|2|ST34-002|2|2|6|1|1|1|0|0|0
RZ1|CHK|154|2|35|8|3|2|3|7|2|0|1|0
[You] Sent a Card to Deck Top
RZ1|155|1|OP08-069|1|1|0|41|0|0|0|0|0
RZ1|CHK|155|1|42|1|1|3|2|5|3|0|1|3
[You] Marshall D. Teach ["ST17-005">ST17-005]: Attach 1 Rested Don to Monkey D. Luffy ["OP11-040">OP11-040]
RZ1|156|1|Don|5|0|9|9900|1|1|1|0|0
RZ1|CHK|156|1|42|1|1|3|2|4|3|0|1|4
[You] Marshall D. Teach ["ST17-005">ST17-005]: Attach 1 Rested Don to Monkey D. Luffy ["OP11-040">OP11-040]
RZ1|157|1|Don|5|0|9|9901|1|1|1|0|0
RZ1|CHK|157|1|42|1|1|3|2|3|3|0|1|5
[You] Monkey D. Luffy ["OP11-040">OP11-040] attacking Charlotte Katakuri ["OP11-062">OP11-062]
Monkey D. Luffy ["OP11-040">OP11-040][8000] vs Charlotte Katakuri ["OP11-062">OP11-062][5000]
Charlotte Katakuri ["OP11-062">OP11-062] hit for 1 damage
RZ1|158|2|ST18-001|3|1|1|8|1|1|0|0|0
RZ1|CHK|158|2|35|9|3|1|3|7|2|0|1|0
[] Hand: [OP11-067]
[] Board: [ST17-005]
[] Trash: [ST17-005,ST17-003,OP11-080]
[] Life: 3
[] Hand: [OP11-073,ST34-004,ST34-004,OP11-070,PRB02-010,ST34-001,ST34-001,OP07-077,ST18-001]
[] Trash: [OP15-078,ST34-002]
[] Board: [OP11-070,OP11-070,PRB02-010]
[] Life: 1
[You] End Turn
[] Hand: [OP11-073,ST34-004,ST34-004,OP11-070,PRB02-010,ST34-001,ST34-001,OP07-077,ST18-001]
[] Board: [OP11-070,OP11-070,PRB02-010]
[] Trash: [OP15-078,ST34-002]
[] Life: 1
[] Hand: [OP11-067]
[] Trash: [ST17-005,ST17-003,OP11-080]
[] Board: [ST17-005]
[] Life: 3
[Opponent] Draw 1 Card
[] Drew card from deck: We're Going to Claim the One Piece!!! ["OP07-077">OP07-077]
RZ1|159|2|OP07-077|0|34|1|9|1|1|0|0|0
RZ1|CHK|159|2|34|10|3|1|3|7|2|0|1|0
RZ1|160|2|Don|4|2|5|7|1|1|0|0|0
RZ1|CHK|160|2|34|10|3|1|2|8|2|0|1|0
RZ1|161|2|Don|4|1|5|8|1|1|0|0|0
RZ1|CHK|161|2|34|10|3|1|1|9|2|0|1|0
[Opponent] Draw 2 Don
[Opponent] Charlotte Pudding ["PRB02-010">PRB02-010] attacking Marshall D. Teach ["ST17-005">ST17-005]
Charlotte Pudding ["PRB02-010">PRB02-010][5000] vs Marshall D. Teach ["ST17-005">ST17-005][3000]
[You] Marshall D. Teach ["ST17-005">ST17-005] Destroyed
RZ1|162|1|Don|9|0|5|0|1|1|1|0|0
RZ1|CHK|162|1|42|1|1|3|2|4|3|0|1|4
RZ1|163|1|Don|9|0|5|0|1|1|1|0|0
RZ1|CHK|163|1|42|1|1|3|2|5|3|0|1|3
RZ1|164|1|Don|9|0|5|0|1|1|1|0|0
RZ1|CHK|164|1|42|1|1|3|2|6|3|0|1|2
RZ1|165|1|ST17-005|2|0|6|3|1|1|0|0|0
RZ1|CHK|165|1|42|1|0|3|2|6|4|0|1|2
RZ1|166|2|Don|5|0|5|0|1|1|1|0|0
RZ1|CHK|166|2|34|10|3|1|1|9|2|0|1|0
RZ1|167|2|Don|5|1|5|1|1|1|1|0|0
RZ1|CHK|167|2|34|10|3|1|1|9|2|0|1|0
RZ1|168|2|Don|5|2|5|2|1|1|1|0|0
RZ1|CHK|168|2|34|10|3|1|1|9|2|0|1|0
RZ1|169|2|Don|5|3|5|3|1|1|1|0|0
RZ1|CHK|169|2|34|10|3|1|1|9|2|0|1|0
RZ1|170|2|Don|5|4|5|4|1|1|1|0|0
RZ1|CHK|170|2|34|10|3|1|1|9|2|0|1|0
RZ1|171|2|Don|5|5|5|5|1|1|1|0|0
RZ1|CHK|171|2|34|10|3|1|1|9|2|0|1|0
RZ1|172|2|Don|5|6|5|6|1|1|1|0|0
RZ1|CHK|172|2|34|10|3|1|1|9|2|0|1|0
[Opponent] Deploy Charlotte Pudding ["PRB02-010">PRB02-010]
RZ1|173|2|PRB02-010|1|4|2|3|1|1|0|0|0
RZ1|CHK|173|2|34|9|4|1|1|9|2|0|1|0
RZ1|174|2|Don|5|7|5|7|1|1|1|0|0
RZ1|CHK|174|2|34|9|4|1|1|9|2|0|1|0
[Opponent] Deploy Charlotte Pudding ["OP11-070">OP11-070]
RZ1|175|2|OP11-070|1|3|2|4|1|1|0|0|0
RZ1|CHK|175|2|34|8|5|1|1|9|2|0|1|0
RZ1|176|2|ST34-005|0|29|1|8|1|1|0|0|0
RZ1|CHK|176|2|33|9|5|1|1|9|2|0|1|0
[Opponent] Charlotte Pudding ["OP11-070">OP11-070]: <b>Reveal and Draw Baron Tamago & Pekoms ["ST34-005">ST34-005]</b>
[Opponent] Placing Cards on Bottom of Deck
RZ1|177|2|OP15-069|0|32|0|0|0|0|0|0|0
RZ1|CHK|177|2|33|9|5|1|1|9|2|0|1|0
RZ1|178|2|ST34-001|0|32|0|0|0|0|0|0|0
RZ1|CHK|178|2|33|9|5|1|1|9|2|0|1|0
RZ1|179|2|OP08-069|0|32|0|0|0|0|0|0|0
RZ1|CHK|179|2|33|9|5|1|1|9|2|0|1|0
RZ1|180|2|OP07-077|0|32|0|0|0|0|0|0|0
RZ1|CHK|180|2|33|9|5|1|1|9|2|0|1|0
[Opponent] Charlotte Katakuri ["OP11-062">OP11-062] attacking Monkey D. Luffy ["OP11-040">OP11-040]
Charlotte Katakuri ["OP11-062">OP11-062][5000] vs Monkey D. Luffy ["OP11-040">OP11-040][6000]
Attack Fails
[] Hand: [OP11-073,ST34-004,ST34-004,ST34-001,ST34-001,OP07-077,ST18-001,OP07-077,ST34-005]
[] Board: [OP11-070,OP11-070,PRB02-010,PRB02-010,OP11-070]
[] Trash: [OP15-078,ST34-002]
[] Life: 1
[] Hand: [OP11-067]
[] Trash: [ST17-005,ST17-003,OP11-080,ST17-005]
[] Board: []
[] Life: 3
[Opponent] End Turn
[] Hand: [OP11-067]
[] Board: []
[] Trash: [ST17-005,ST17-003,OP11-080,ST17-005]
[] Life: 3
[] Hand: [OP11-073,ST34-004,ST34-004,ST34-001,ST34-001,OP07-077,ST18-001,OP07-077,ST34-005]
[] Trash: [OP15-078,ST34-002]
[] Board: [OP11-070,OP11-070,PRB02-010,PRB02-010,OP11-070]
[] Life: 1
RZ1|181|1|OP07-064|0|39|1|1|1|1|0|0|0
RZ1|CHK|181|1|41|2|0|3|2|6|4|0|1|2
[You] Monkey D. Luffy ["OP11-040">OP11-040]: <b>Reveal and Draw Sanji ["OP07-064">OP07-064]</b>
[You] Placing Cards on Top of Deck
RZ1|182|1|OP11-080|0|37|0|40|0|0|0|0|0
RZ1|CHK|182|1|41|2|0|3|2|6|4|0|1|2
RZ1|183|1|OP08-069|0|37|0|40|0|0|0|0|0
RZ1|CHK|183|1|41|2|0|3|2|6|4|0|1|2
RZ1|184|1|OP03-072|0|37|0|40|0|0|0|0|0
RZ1|CHK|184|1|41|2|0|3|2|6|4|0|1|2
RZ1|185|1|OP08-069|0|37|0|40|0|0|0|0|0
RZ1|CHK|185|1|41|2|0|3|2|6|4|0|1|2
RZ1|186|1|Don|9|9900|5|0|1|1|1|0|0
RZ1|CHK|186|1|41|2|0|3|2|7|4|0|1|1
RZ1|187|1|Don|9|9900|5|0|1|1|1|0|0
RZ1|CHK|187|1|41|2|0|3|2|8|4|0|1|0
[You] Draw 1 Card
[] Drew card from deck: Charlotte Linlin ["OP08-069">OP08-069]
RZ1|188|1|OP08-069|0|40|1|2|1|1|0|0|0
RZ1|CHK|188|1|40|3|0|3|2|8|4|0|1|0
RZ1|189|1|Don|4|1|5|8|1|1|0|0|0
RZ1|CHK|189|1|40|3|0|3|1|9|4|0|1|0
RZ1|190|1|Don|4|0|5|9|1|1|0|0|0
RZ1|CHK|190|1|40|3|0|3|0|10|4|0|1|0
[You] Draw 2 Don
RZ1|191|1|Don|5|0|5|0|1|1|1|0|0
RZ1|CHK|191|1|40|3|0|3|0|10|4|0|1|0
RZ1|192|1|Don|5|1|5|1|1|1|1|0|0
RZ1|CHK|192|1|40|3|0|3|0|10|4|0|1|0
RZ1|193|1|Don|5|2|5|2|1|1|1|0|0
RZ1|CHK|193|1|40|3|0|3|0|10|4|0|1|0
RZ1|194|1|Don|5|3|5|3|1|1|1|0|0
RZ1|CHK|194|1|40|3|0|3|0|10|4|0|1|0
RZ1|195|1|Don|5|4|5|4|1|1|1|0|0
RZ1|CHK|195|1|40|3|0|3|0|10|4|0|1|0
RZ1|196|1|Don|5|5|5|5|1|1|1|0|0
RZ1|CHK|196|1|40|3|0|3|0|10|4|0|1|0
RZ1|197|1|Don|5|6|5|6|1|1|1|0|0
RZ1|CHK|197|1|40|3|0|3|0|10|4|0|1|0
RZ1|198|1|Don|5|7|5|7|1|1|1|0|0
RZ1|CHK|198|1|40|3|0|3|0|10|4|0|1|0
RZ1|199|1|Don|5|8|5|8|1|1|1|0|0
RZ1|CHK|199|1|40|3|0|3|0|10|4|0|1|0
[You] Deploy Charlotte Linlin ["OP08-069">OP08-069]
RZ1|200|1|OP08-069|1|2|2|0|1|1|0|0|0
RZ1|CHK|200|1|40|2|1|3|0|10|4|0|1|0
RZ1|201|1|Don|5|6|4|0|1|1|0|0|0
RZ1|CHK|201|1|40|2|1|3|1|9|4|0|1|0
[You] Charlotte Linlin ["OP08-069">OP08-069]: Minus 1 Don
RZ1|202|1|OP07-064|1|1|6|4|1|1|0|0|0
RZ1|CHK|202|1|40|1|1|3|1|9|5|0|1|0
[You] Charlotte Linlin ["OP08-069">OP08-069]: Trash Sanji ["OP07-064">OP07-064]
[You] Charlotte Linlin ["OP08-069">OP08-069]: Add card to top of Life from Deck
RZ1|203|1|OP03-072|0|39|3|3|1|0|0|0|0
RZ1|CHK|203|1|39|1|1|4|1|9|5|0|1|0
[You] Charlotte Linlin ["OP08-069">OP08-069]: Add Charlotte Pudding ["OP11-070">OP11-070] to top of Life
RZ1|204|2|OP11-070|2|1|3|1|1|1|0|0|0
RZ1|CHK|204|2|33|9|4|2|1|9|2|0|1|0
[You] Monkey D. Luffy ["OP11-040">OP11-040] attacking Charlotte Pudding ["PRB02-010">PRB02-010]
Monkey D. Luffy ["OP11-040">OP11-040][6000] vs Charlotte Pudding ["PRB02-010">PRB02-010][5000]
[Opponent] Charlotte Pudding ["PRB02-010">PRB02-010] Destroyed
RZ1|205|2|PRB02-010|2|1|6|2|1|1|0|0|0
RZ1|CHK|205|2|33|9|3|2|1|9|3|0|1|0
[] Hand: [OP11-067]
[] Board: [OP08-069]
[] Trash: [ST17-005,ST17-003,OP11-080,ST17-005,OP07-064]
[] Life: 4
[] Hand: [OP11-073,ST34-004,ST34-004,ST34-001,ST34-001,OP07-077,ST18-001,OP07-077,ST34-005]
[] Trash: [OP15-078,ST34-002,PRB02-010]
[] Board: [OP11-070,PRB02-010,OP11-070]
[] Life: 2
[You] End Turn
[] Hand: [OP11-073,ST34-004,ST34-004,ST34-001,ST34-001,OP07-077,ST18-001,OP07-077,ST34-005]
[] Board: [OP11-070,PRB02-010,OP11-070]
[] Trash: [OP15-078,ST34-002,PRB02-010]
[] Life: 2
[] Hand: [OP11-067]
[] Trash: [ST17-005,ST17-003,OP11-080,ST17-005,OP07-064]
[] Board: [OP08-069]
[] Life: 4
[Opponent] Draw 1 Card
[] Drew card from deck: Charlotte Pudding ["PRB02-010">PRB02-010]
RZ1|206|2|PRB02-010|0|32|1|9|1|1|0|0|0
RZ1|CHK|206|2|32|10|3|2|1|9|3|0|1|0
RZ1|207|2|Don|4|0|5|9|1|1|0|0|0
RZ1|CHK|207|2|32|10|3|2|0|10|3|0|1|0
[Opponent] Draw 2 Don
RZ1|208|2|Don|5|0|5|0|1|1|1|0|0
RZ1|CHK|208|2|32|10|3|2|0|10|3|0|1|0
RZ1|209|2|Don|5|1|5|1|1|1|1|0|0
RZ1|CHK|209|2|32|10|3|2|0|10|3|0|1|0
RZ1|210|2|Don|5|2|5|2|1|1|1|0|0
RZ1|CHK|210|2|32|10|3|2|0|10|3|0|1|0
RZ1|211|2|Don|5|3|5|3|1|1|1|0|0
RZ1|CHK|211|2|32|10|3|2|0|10|3|0|1|0
RZ1|212|2|Don|5|4|5|4|1|1|1|0|0
RZ1|CHK|212|2|32|10|3|2|0|10|3|0|1|0
RZ1|213|2|Don|5|5|5|5|1|1|1|0|0
RZ1|CHK|213|2|32|10|3|2|0|10|3|0|1|0
RZ1|214|2|Don|5|6|5|6|1|1|1|0|0
RZ1|CHK|214|2|32|10|3|2|0|10|3|0|1|0
RZ1|215|2|Don|5|7|5|7|1|1|1|0|0
RZ1|CHK|215|2|32|10|3|2|0|10|3|0|1|0
RZ1|216|2|Don|5|8|5|8|1|1|1|0|0
RZ1|CHK|216|2|32|10|3|2|0|10|3|0|1|0
RZ1|217|2|Don|5|9|5|9|1|1|1|0|0
RZ1|CHK|217|2|32|10|3|2|0|10|3|0|1|0
[Opponent] Deploy Charlotte Linlin ["ST34-004">ST34-004]
RZ1|218|2|ST34-004|1|1|2|3|1|1|0|0|0
RZ1|CHK|218|2|32|9|4|2|0|10|3|0|1|0
[] Hand: [OP11-073,ST34-004,ST34-001,ST34-001,OP07-077,ST18-001,OP07-077,ST34-005,PRB02-010]
[] Board: [OP11-070,PRB02-010,OP11-070,ST34-004]
[] Trash: [OP15-078,ST34-002,PRB02-010]
[] Life: 2
[] Hand: [OP11-067]
[] Trash: [ST17-005,ST17-003,OP11-080,ST17-005,OP07-064]
[] Board: [OP08-069]
[] Life: 4
[Opponent] End Turn
[] Hand: [OP11-067]
[] Board: [OP08-069]
[] Trash: [ST17-005,ST17-003,OP11-080,ST17-005,OP07-064]
[] Life: 4
[] Hand: [OP11-073,ST34-004,ST34-001,ST34-001,OP07-077,ST18-001,OP07-077,ST34-005,PRB02-010]
[] Trash: [OP15-078,ST34-002,PRB02-010]
[] Board: [OP11-070,PRB02-010,OP11-070,ST34-004]
[] Life: 2
RZ1|219|1|OP04-056|0|35|1|1|1|1|0|0|0
RZ1|CHK|219|1|38|2|1|4|1|9|5|0|1|0
[You] Monkey D. Luffy ["OP11-040">OP11-040]: <b>Reveal and Draw Gum-Gum Red Roc ["OP04-056">OP04-056]</b>
[You] Placing Cards on Top of Deck
RZ1|220|1|OP11-067|0|34|0|37|0|0|0|0|0
RZ1|CHK|220|1|38|2|1|4|1|9|5|0|1|0
RZ1|221|1|OP09-078|0|34|0|37|0|0|0|0|0
RZ1|CHK|221|1|38|2|1|4|1|9|5|0|1|0
RZ1|222|1|OP11-080|0|34|0|37|0|0|0|0|0
RZ1|CHK|222|1|38|2|1|4|1|9|5|0|1|0
RZ1|223|1|OP08-069|0|34|0|37|0|0|0|0|0
RZ1|CHK|223|1|38|2|1|4|1|9|5|0|1|0
[You] Draw 1 Card
[] Drew card from deck: Charlotte Linlin ["OP08-069">OP08-069]
RZ1|224|1|OP08-069|0|37|1|2|1|1|0|0|0
RZ1|CHK|224|1|37|3|1|4|1|9|5|0|1|0
RZ1|225|1|Don|4|0|5|9|1|1|0|0|0
RZ1|CHK|225|1|37|3|1|4|0|10|5|0|1|0
[You] Draw 2 Don
RZ1|226|1|Don|5|0|5|0|1|1|1|0|0
RZ1|CHK|226|1|37|3|1|4|0|10|5|0|1|0
RZ1|227|1|Don|5|1|5|1|1|1|1|0|0
RZ1|CHK|227|1|37|3|1|4|0|10|5|0|1|0
RZ1|228|1|Don|5|2|5|2|1|1|1|0|0
RZ1|CHK|228|1|37|3|1|4|0|10|5|0|1|0
RZ1|229|1|Don|5|3|5|3|1|1|1|0|0
RZ1|CHK|229|1|37|3|1|4|0|10|5|0|1|0
RZ1|230|1|Don|5|4|5|4|1|1|1|0|0
RZ1|CHK|230|1|37|3|1|4|0|10|5|0|1|0
RZ1|231|1|Don|5|5|5|5|1|1|1|0|0
RZ1|CHK|231|1|37|3|1|4|0|10|5|0|1|0
RZ1|232|1|Don|5|6|5|6|1|1|1|0|0
RZ1|CHK|232|1|37|3|1|4|0|10|5|0|1|0
RZ1|233|1|Don|5|7|5|7|1|1|1|0|0
RZ1|CHK|233|1|37|3|1|4|0|10|5|0|1|0
[You] Deploy Charlotte Katakuri ["OP11-067">OP11-067]
RZ1|234|1|OP11-067|1|0|2|1|1|1|0|0|0
RZ1|CHK|234|1|37|2|2|4|0|10|5|0|1|0
[You] Attach 1 Don to Monkey D. Luffy ["OP11-040">OP11-040] (1 Total)
RZ1|235|1|Don|5|9|9|9900|1|1|0|0|0
RZ1|CHK|235|1|37|2|2|4|0|9|5|0|1|1
[You] Attach 1 Don to Monkey D. Luffy ["OP11-040">OP11-040] (2 Total)
RZ1|236|1|Don|5|8|9|9901|1|1|0|0|0
RZ1|CHK|236|1|37|2|2|4|0|8|5|0|1|2
[You] Charlotte Linlin ["OP08-069">OP08-069] attacking Charlotte Katakuri ["OP11-062">OP11-062]
Charlotte Linlin ["OP08-069">OP08-069][9000] vs Charlotte Katakuri ["OP11-062">OP11-062][5000]
Charlotte Katakuri ["OP11-062">OP11-062] hit for 1 damage
RZ1|237|2|OP11-070|3|1|1|9|1|1|0|0|0
RZ1|CHK|237|2|32|10|4|1|0|10|3|0|1|0
[You] Monkey D. Luffy ["OP11-040">OP11-040] attacking Charlotte Katakuri ["OP11-062">OP11-062]
[Opponent] Discard Charlotte Pudding ["OP11-070">OP11-070] for Counter 1000
RZ1|238|2|OP11-070|1|9|6|3|1|1|0|0|0
RZ1|CHK|238|2|32|9|4|1|0|10|4|0|1|0
[Opponent] Discard Charlotte Pudding ["PRB02-010">PRB02-010] for Counter 1000
RZ1|239|2|PRB02-010|1|8|6|4|1|1|0|0|0
RZ1|CHK|239|2|32|8|4|1|0|10|5|0|1|0
[Opponent] Discard Baron Tamago & Pekoms ["ST34-005">ST34-005] for Counter 2000
RZ1|240|2|ST34-005|1|7|6|5|1|1|0|0|0
RZ1|CHK|240|2|32|7|4|1|0|10|6|0|1|0
Monkey D. Luffy ["OP11-040">OP11-040][8000] vs Charlotte Katakuri ["OP11-062">OP11-062][9000]
Attack Fails
[You] Charlotte Katakuri ["OP11-067">OP11-067]: Set Charlotte Linlin ["OP08-069">OP08-069] to Active
[] Hand: [OP04-056,OP08-069]
[] Board: [OP08-069,OP11-067]
[] Trash: [ST17-005,ST17-003,OP11-080,ST17-005,OP07-064]
[] Life: 4
[] Hand: [OP11-073,ST34-004,ST34-001,ST34-001,OP07-077,ST18-001,OP07-077]
[] Trash: [OP15-078,ST34-002,PRB02-010,OP11-070,PRB02-010,ST34-005]
[] Board: [OP11-070,PRB02-010,OP11-070,ST34-004]
[] Life: 1
[You] End Turn
[] Hand: [OP11-073,ST34-004,ST34-001,ST34-001,OP07-077,ST18-001,OP07-077]
[] Board: [OP11-070,PRB02-010,OP11-070,ST34-004]
[] Trash: [OP15-078,ST34-002,PRB02-010,OP11-070,PRB02-010,ST34-005]
[] Life: 1
[] Hand: [OP04-056,OP08-069]
[] Trash: [ST17-005,ST17-003,OP11-080,ST17-005,OP07-064]
[] Board: [OP08-069,OP11-067]
[] Life: 4
[Opponent] Draw 1 Card
[] Drew card from deck: Charlotte Brulee ["ST34-003">ST34-003]
RZ1|241|2|ST34-003|0|31|1|7|1|1|0|0|0
RZ1|CHK|241|2|31|8|4|1|0|10|6|0|1|0
RZ1|242|2|Don|5|0|5|0|1|1|1|0|0
RZ1|CHK|242|2|31|8|4|1|0|10|6|0|1|0
RZ1|243|2|Don|5|1|5|1|1|1|1|0|0
RZ1|CHK|243|2|31|8|4|1|0|10|6|0|1|0
RZ1|244|2|Don|5|2|5|2|1|1|1|0|0
RZ1|CHK|244|2|31|8|4|1|0|10|6|0|1|0
RZ1|245|2|Don|5|3|5|3|1|1|1|0|0
RZ1|CHK|245|2|31|8|4|1|0|10|6|0|1|0
RZ1|246|2|Don|5|4|5|4|1|1|1|0|0
RZ1|CHK|246|2|31|8|4|1|0|10|6|0|1|0
RZ1|247|2|Don|5|5|5|5|1|1|1|0|0
RZ1|CHK|247|2|31|8|4|1|0|10|6|0|1|0
RZ1|248|2|Don|5|6|5|6|1|1|1|0|0
RZ1|CHK|248|2|31|8|4|1|0|10|6|0|1|0
RZ1|249|2|Don|5|7|5|7|1|1|1|0|0
RZ1|CHK|249|2|31|8|4|1|0|10|6|0|1|0
RZ1|250|2|Don|5|8|5|8|1|1|1|0|0
RZ1|CHK|250|2|31|8|4|1|0|10|6|0|1|0
RZ1|251|2|Don|5|9|5|9|1|1|1|0|0
RZ1|CHK|251|2|31|8|4|1|0|10|6|0|1|0
[Opponent] Deploy Charlotte Linlin ["ST34-004">ST34-004]
RZ1|252|2|ST34-004|1|1|2|4|1|1|0|0|0
RZ1|CHK|252|2|31|7|5|1|0|10|6|0|1|0
[] Hand: [OP11-073,ST34-001,ST34-001,OP07-077,ST18-001,OP07-077,ST34-003]
[] Board: [OP11-070,PRB02-010,OP11-070,ST34-004,ST34-004]
[] Trash: [OP15-078,ST34-002,PRB02-010,OP11-070,PRB02-010,ST34-005]
[] Life: 1
[] Hand: [OP04-056,OP08-069]
[] Trash: [ST17-005,ST17-003,OP11-080,ST17-005,OP07-064]
[] Board: [OP08-069,OP11-067]
[] Life: 4
[Opponent] End Turn
[] Hand: [OP04-056,OP08-069]
[] Board: [OP08-069,OP11-067]
[] Trash: [ST17-005,ST17-003,OP11-080,ST17-005,OP07-064]
[] Life: 4
[] Hand: [OP11-073,ST34-001,ST34-001,OP07-077,ST18-001,OP07-077,ST34-003]
[] Trash: [OP15-078,ST34-002,PRB02-010,OP11-070,PRB02-010,ST34-005]
[] Board: [OP11-070,PRB02-010,OP11-070,ST34-004,ST34-004]
[] Life: 1
RZ1|253|1|OP09-078|0|35|1|2|1|1|0|0|0
RZ1|CHK|253|1|36|3|2|4|0|8|5|0|1|2
[You] Monkey D. Luffy ["OP11-040">OP11-040]: <b>Reveal and Draw Gum Gum Giant ["OP09-078">OP09-078]</b>
[You] Placing Cards on Top of Deck
RZ1|254|1|OP06-058|0|32|0|35|0|0|0|0|0
RZ1|CHK|254|1|36|3|2|4|0|8|5|0|1|2
RZ1|255|1|OP11-054|0|32|0|35|0|0|0|0|0
RZ1|CHK|255|1|36|3|2|4|0|8|5|0|1|2
RZ1|256|1|OP11-067|0|32|0|35|0|0|0|0|0
RZ1|CHK|256|1|36|3|2|4|0|8|5|0|1|2
RZ1|257|1|OP11-080|0|32|0|35|0|0|0|0|0
RZ1|CHK|257|1|36|3|2|4|0|8|5|0|1|2
RZ1|258|1|Don|9|9900|5|0|1|1|1|0|0
RZ1|CHK|258|1|36|3|2|4|0|9|5|0|1|1
RZ1|259|1|Don|9|9900|5|0|1|1|1|0|0
RZ1|CHK|259|1|36|3|2|4|0|10|5|0|1|0
[You] Draw 1 Card
[] Drew card from deck: Gear 2 ["OP11-080">OP11-080]
RZ1|260|1|OP11-080|0|35|1|3|1|1|0|0|0
RZ1|CHK|260|1|35|4|2|4|0|10|5|0|1|0
[You] Attach 1 Don to Charlotte Katakuri ["OP11-067">OP11-067] (1 Total)
RZ1|261|1|Don|5|9|9|100|1|1|0|0|0
RZ1|CHK|261|1|35|4|2|4|0|9|5|0|1|1
[You] Attach 1 Don to Charlotte Katakuri ["OP11-067">OP11-067] (2 Total)
RZ1|262|1|Don|5|8|9|101|1|1|0|0|0
RZ1|CHK|262|1|35|4|2|4|0|8|5|0|1|2
[You] Charlotte Katakuri ["OP11-067">OP11-067] attacking Charlotte Katakuri ["OP11-062">OP11-062]
Charlotte Katakuri ["OP11-067">OP11-067][10000] vs Charlotte Katakuri ["OP11-062">OP11-062][5000]
Charlotte Katakuri ["OP11-062">OP11-062] hit for 1 damage
RZ1|263|2|ST34-002|3|0|1|7|1|1|0|0|0
RZ1|CHK|263|2|31|8|5|0|0|10|6|0|1|0
[You] Charlotte Linlin ["OP08-069">OP08-069] attacking Charlotte Katakuri ["OP11-062">OP11-062]
[Opponent] Discard Charlotte Brulee ["ST34-003">ST34-003] for Counter 2000
RZ1|264|2|ST34-003|1|6|6|6|1|1|0|0|0
RZ1|CHK|264|2|31|7|5|0|0|10|7|0|1|0
[Opponent] Discard Usohachi ["ST18-001">ST18-001] for Counter 2000
RZ1|265|2|ST18-001|1|4|6|7|1|1|0|0|0
RZ1|CHK|265|2|31|6|5|0|0|10|8|0|1|0
[Opponent] Discard Charlotte Cracker ["ST34-002">ST34-002] for Counter 1000
RZ1|266|2|ST34-002|1|5|6|8|1|1|0|0|0
RZ1|CHK|266|2|31|5|5|0|0|10|9|0|1|0
Charlotte Linlin ["OP08-069">OP08-069][9000] vs Charlotte Katakuri ["OP11-062">OP11-062][10000]
Attack Fails
[You] Attach 8 Don to Monkey D. Luffy ["OP11-040">OP11-040] (8 Total)
RZ1|267|1|Don|5|0|9|9900|1|1|0|0|0
RZ1|CHK|267|1|35|4|2|4|0|7|5|0|1|3
RZ1|268|1|Don|5|0|9|9901|1|1|0|0|0
RZ1|CHK|268|1|35|4|2|4|0|6|5|0|1|4
RZ1|269|1|Don|5|0|9|9902|1|1|0|0|0
RZ1|CHK|269|1|35|4|2|4|0|5|5|0|1|5
RZ1|270|1|Don|5|0|9|9903|1|1|0|0|0
RZ1|CHK|270|1|35|4|2|4|0|4|5|0|1|6
RZ1|271|1|Don|5|0|9|9904|1|1|0|0|0
RZ1|CHK|271|1|35|4|2|4|0|3|5|0|1|7
RZ1|272|1|Don|5|0|9|9905|1|1|0|0|0
RZ1|CHK|272|1|35|4|2|4|0|2|5|0|1|8
RZ1|273|1|Don|5|0|9|9906|1|1|0|0|0
RZ1|CHK|273|1|35|4|2|4|0|1|5|0|1|9
RZ1|274|1|Don|5|0|9|9907|1|1|0|0|0
RZ1|CHK|274|1|35|4|2|4|0|0|5|0|1|10
[You] Monkey D. Luffy ["OP11-040">OP11-040] attacking Charlotte Katakuri ["OP11-062">OP11-062]
Monkey D. Luffy ["OP11-040">OP11-040][14000] vs Charlotte Katakuri ["OP11-062">OP11-062][5000]
Charlotte Katakuri ["OP11-062">OP11-062] hit for 1 damage
[Opponent] <b>Downloaded the Combat Log!</b>
GameOver
