Attempting to connect to 8WFBNH
Version is 1.40a.60
[Jack​#5459] Leader is Nami ["OP11-041">OP11-041]
[You] Will select turn order
Karlmalone​#2854 Has Connected
Version is 1.40a.60
[Karlmalone​#2854] Leader is Imu ["OP13-079">OP13-079]
[Karlmalone​#2854] Chose to go First
[Jack​#5459] Drew card from deck: Zeus ["OP11-106">OP11-106]
RZ1|5|2|OP11-106|0|49|1|0|0|1|0|0|0
[Jack​#5459] Drew card from deck: Nami ["EB03-053">EB03-053]
RZ1|6|2|EB03-053|0|48|1|1|0|1|0|0|0
[Jack​#5459] Drew card from deck: Doctor Hogback ["OP14-110">OP14-110]
RZ1|7|2|OP14-110|0|47|1|2|0|1|0|0|0
[Jack​#5459] Drew card from deck: Perona ["OP14-111">OP14-111]
RZ1|8|2|OP14-111|0|46|1|3|0|1|0|0|0
[Jack​#5459] Drew card from deck: Mr. 3 (Galdino) ["OP16-056">OP16-056]
RZ1|9|2|OP16-056|0|45|1|4|0|1|0|0|0
[Karlmalone​#2854] Drew card from deck: St. Ethanbaron V. Nusjuro ["OP13-080">OP13-080]
RZ1|10|1|OP13-080|0|48|1|0|1|1|0|0|0
[Karlmalone​#2854] Drew card from deck: Five Elders ["OP13-082">OP13-082]
RZ1|11|1|OP13-082|0|47|1|1|1|1|0|0|0
[Karlmalone​#2854] Drew card from deck: St. Topman Warcury ["OP13-089">OP13-089]
RZ1|12|1|OP13-089|0|46|1|2|1|1|0|0|0
[Karlmalone​#2854] Drew card from deck: St. Shalria ["OP13-086">OP13-086]
RZ1|13|1|OP13-086|0|45|1|3|1|1|0|0|0
[Karlmalone​#2854] Drew card from deck: Bartholomew Kuma ["OP16-093">OP16-093]
RZ1|14|1|OP16-093|0|44|1|4|1|1|0|0|0
[Karlmalone​#2854] Hand before Mulligan: [OP13-080,OP13-082,OP13-089,OP13-086,OP16-093]
[Karlmalone​#2854] Imu ["OP13-079">OP13-079]: Deploy The Empty Throne ["OP13-099">OP13-099]
[Karlmalone​#2854] Hand: [OP13-080,OP13-082,OP13-089,OP13-086,OP16-093]
[Karlmalone​#2854] Board: []
[Karlmalone​#2854] Trash: []
[Karlmalone​#2854] Life: 4
[Jack​#5459] Hand: [OP11-106,EB03-053,OP14-110,OP14-111,OP16-056]
[Jack​#5459] Trash: []
[Jack​#5459] Board: []
[Jack​#5459] Life: 4
RZ1|15|1|Don|4|9|5|0|1|1|0|0|0
[Karlmalone​#2854] Draw 1 Don
RZ1|16|1|Don|5|0|5|0|1|1|1|0|0
RZ1|17|1|OP13-086|1|3|2|0|1|1|0|0|0
[Karlmalone​#2854] Deploy St. Shalria ["OP13-086">OP13-086]
RZ1|18|1|OP13-084|0|37|1|4|1|1|0|0|0
[Karlmalone​#2854] St. Shalria ["OP13-086">OP13-086]: <b>Reveal and Draw St. Shepherd Ju Peter ["OP13-084">OP13-084]</b>
[Karlmalone​#2854] St. Shalria ["OP13-086">OP13-086]: Trash 2 Remaining Cards
RZ1|19|1|OP13-080|1|0|6|2|1|1|0|0|0
[Karlmalone​#2854] St. Shalria ["OP13-086">OP13-086]: Trash St. Ethanbaron V. Nusjuro ["OP13-080">OP13-080]
[Karlmalone​#2854] Hand: [OP13-082,OP13-089,OP16-093,OP13-084]
[Karlmalone​#2854] Board: [OP13-086]
[Karlmalone​#2854] Trash: [OP13-082,OP13-089,OP13-080]
[Karlmalone​#2854] Life: 4
[Jack​#5459] Hand: [OP11-106,EB03-053,OP14-110,OP14-111,OP16-056]
[Jack​#5459] Trash: []
[Jack​#5459] Board: []
[Jack​#5459] Life: 4
[Karlmalone​#2854] End Turn
[Jack​#5459] Draw 1 Card
[Jack​#5459] Drew card from deck: Kumacy ["OP14-102">OP14-102]
RZ1|20|2|OP14-102|0|40|1|5|0|1|0|0|0
RZ1|21|2|Don|4|9|5|0|1|1|0|0|0
RZ1|22|2|Don|4|8|5|1|1|1|0|0|0
[Jack​#5459] Draw 2 Don
[Jack​#5459] Attach 1 Don to Nami ["OP11-041">OP11-041] (1 Total)
RZ1|23|2|Don|5|1|9|9900|1|1|0|0|0
[Jack​#5459] End Turn
[Karlmalone​#2854] Hand: [OP13-082,OP13-089,OP16-093,OP13-084]
[Karlmalone​#2854] Board: [OP13-086]
[Karlmalone​#2854] Trash: [OP13-082,OP13-089,OP13-080]
[Karlmalone​#2854] Life: 4
[Jack​#5459] Hand: [OP11-106,EB03-053,OP14-110,OP14-111,OP16-056,OP14-102]
[Jack​#5459] Trash: []
[Jack​#5459] Board: []
[Jack​#5459] Life: 4
[Karlmalone​#2854] Drew card from deck: ...Never Existed... ["OP13-098">OP13-098]
RZ1|24|1|OP13-098|0|36|1|4|1|1|0|0|0
[Karlmalone​#2854] Draw 1 Card
RZ1|25|1|Don|4|8|5|1|1|1|0|0|0
RZ1|26|1|Don|4|7|5|2|1|1|0|0|0
[Karlmalone​#2854] Draw 2 Don
RZ1|27|1|Don|5|0|5|0|1|1|1|0|0
RZ1|28|1|Don|5|1|5|1|1|1|1|0|0
RZ1|29|1|Don|5|2|5|2|1|1|1|0|0
RZ1|30|1|OP16-093|1|2|2|1|1|1|0|0|0
[Karlmalone​#2854] Drew card from deck: St. Marcus Mars ["OP13-091">OP13-091]
RZ1|31|1|OP13-091|0|35|1|4|1|1|0|0|0
[Karlmalone​#2854] Drew card from deck: St. Mjosgard ["OP13-092">OP13-092]
RZ1|32|1|OP13-092|0|34|1|5|1|1|0|0|0
[Karlmalone​#2854] Deploy Bartholomew Kuma ["OP16-093">OP16-093]
[Karlmalone​#2854] Bartholomew Kuma ["OP16-093">OP16-093]: Draw 2 Card
RZ1|33|1|OP13-084|1|2|6|3|1|1|0|0|0
RZ1|34|1|OP13-091|1|3|6|4|1|1|0|0|0
[Karlmalone​#2854] Bartholomew Kuma ["OP16-093">OP16-093]: Trash St. Shepherd Ju Peter ["OP13-084">OP13-084]
[Karlmalone​#2854] Bartholomew Kuma ["OP16-093">OP16-093]: Trash St. Marcus Mars ["OP13-091">OP13-091]
RZ1|35|1|Don|5|0|9|9900|1|1|1|0|0
[Karlmalone​#2854] Bartholomew Kuma ["OP16-093">OP16-093]: Attach 1 Rested Don to Imu ["OP13-079">OP13-079]
[Karlmalone​#2854] Imu ["OP13-079">OP13-079] attacking Nami ["OP11-041">OP11-041]
RZ1|36|2|OP14-110|1|2|6|0|1|1|0|0|0
[Jack​#5459] Nami ["OP11-041">OP11-041]: Trash Doctor Hogback ["OP14-110">OP14-110]
[Jack​#5459] Nami ["OP11-041">OP11-041]: Buff Nami ["OP11-041">OP11-041] 2000
Imu ["OP13-079">OP13-079][6000] vs Nami ["OP11-041">OP11-041][7000]
Attack Fails
RZ1|37|1|OP13-086|2|0|6|5|1|1|0|0|0
[Karlmalone​#2854] Drew card from deck: St. Jaygarcia Saturn ["OP13-083">OP13-083]
RZ1|38|1|OP13-083|0|33|1|4|1|1|0|0|0
[Karlmalone​#2854] Imu ["OP13-079">OP13-079]: Trash St. Shalria ["OP13-086">OP13-086]
[Karlmalone​#2854] Imu ["OP13-079">OP13-079]: Draw 1 Card
[Karlmalone​#2854] Hand: [OP13-082,OP13-089,OP13-098,OP13-092,OP13-083]
[Karlmalone​#2854] Board: [OP16-093]
[Karlmalone​#2854] Trash: [OP13-082,OP13-089,OP13-080,OP13-084,OP13-091,OP13-086]
[Karlmalone​#2854] Life: 4
[Jack​#5459] Hand: [OP11-106,EB03-053,OP14-111,OP16-056,OP14-102]
[Jack​#5459] Trash: [OP14-110]
[Jack​#5459] Board: []
[Jack​#5459] Life: 4
RZ1|39|2|Don|9|9900|5|0|1|1|1|0|0
[Karlmalone​#2854] End Turn
[Jack​#5459] Draw 1 Card
[Jack​#5459] Drew card from deck: Nami ["EB03-053">EB03-053]
RZ1|40|2|EB03-053|0|39|1|5|0|1|0|0|0
RZ1|41|2|Don|4|7|5|2|1|1|0|0|0
RZ1|42|2|Don|4|6|5|3|1|1|0|0|0
[Jack​#5459] Draw 2 Don
[Jack​#5459] Nami ["OP11-041">OP11-041] attacking Imu ["OP13-079">OP13-079]
Nami ["OP11-041">OP11-041][5000] vs Imu ["OP13-079">OP13-079][5000]
Imu ["OP13-079">OP13-079] hit for 1 damage
[Jack​#5459] Drew card from deck: Borsalino ["EB04-058">EB04-058]
RZ1|43|2|EB04-058|0|38|1|6|0|1|0|0|0
[Jack​#5459] Nami ["OP11-041">OP11-041]: Draw 1 Card
RZ1|44|2|Don|5|0|5|0|1|1|1|0|0
RZ1|45|2|Don|5|1|5|1|1|1|1|0|0
RZ1|46|2|Don|5|2|5|2|1|1|1|0|0
RZ1|47|2|Don|5|3|5|3|1|1|1|0|0
[Jack​#5459] Deploy Mr. 3 (Galdino) ["OP16-056">OP16-056]
RZ1|48|2|OP16-056|1|3|2|0|1|1|0|0|0
[Jack​#5459] End Turn
[Karlmalone​#2854] Hand: [OP13-082,OP13-089,OP13-098,OP13-092,OP13-083,OP13-084]
[Karlmalone​#2854] Board: [OP16-093]
[Karlmalone​#2854] Trash: [OP13-082,OP13-089,OP13-080,OP13-084,OP13-091,OP13-086]
[Karlmalone​#2854] Life: 3
[Jack​#5459] Hand: [OP11-106,EB03-053,OP14-111,OP14-102,EB03-053,EB04-058]
[Jack​#5459] Trash: [OP14-110]
[Jack​#5459] Board: [OP16-056]
[Jack​#5459] Life: 4
RZ1|49|1|Don|9|9900|5|0|1|1|1|0|0
[Karlmalone​#2854] Drew card from deck: Ground Death ["OP14-096">OP14-096]
RZ1|50|1|OP14-096|0|32|1|6|1|1|0|0|0
[Karlmalone​#2854] Draw 1 Card
RZ1|51|1|Don|4|6|5|3|1|1|0|0|0
RZ1|52|1|Don|4|5|5|4|1|1|0|0|0
[Karlmalone​#2854] Draw 2 Don
RZ1|53|1|Don|5|0|5|0|1|1|1|0|0
RZ1|54|1|Don|5|1|5|1|1|1|1|0|0
RZ1|55|1|Don|5|2|5|2|1|1|1|0|0
[Karlmalone​#2854] The Empty Throne ["OP13-099">OP13-099]: Rest 3 Don
[Karlmalone​#2854] The Empty Throne ["OP13-099">OP13-099]: Rest The Empty Throne ["OP13-099">OP13-099]
RZ1|56|1|OP13-083|1|4|2|1|1|1|0|0|0
[Karlmalone​#2854] The Empty Throne ["OP13-099">OP13-099]: Deploy St. Jaygarcia Saturn ["OP13-083">OP13-083]
RZ1|57|1|OP13-089|0|30|1|6|1|1|0|0|0
[Karlmalone​#2854] St. Jaygarcia Saturn ["OP13-083">OP13-083]: <b>Reveal and Draw St. Topman Warcury ["OP13-089">OP13-089]</b>
[Karlmalone​#2854] Placing Cards on Bottom of Deck
RZ1|58|1|Don|5|4|9|0|1|1|0|0|0
[Karlmalone​#2854] Attach 1 Don to Bartholomew Kuma ["OP16-093">OP16-093] (1 Total)
[Karlmalone​#2854] Bartholomew Kuma ["OP16-093">OP16-093] attacking Nami ["OP11-041">OP11-041]
[Jack​#5459] Discard Perona ["OP14-111">OP14-111] for Counter 1000
RZ1|59|2|OP14-111|1|2|6|1|1|1|0|0|0
Bartholomew Kuma ["OP16-093">OP16-093][5000] vs Nami ["OP11-041">OP11-041][6000]
Attack Fails
[Karlmalone​#2854] Imu ["OP13-079">OP13-079] attacking Nami ["OP11-041">OP11-041]
[Jack​#5459] Discard Nami ["EB03-053">EB03-053] for Counter 1000
RZ1|60|2|EB03-053|1|3|6|2|1|1|0|0|0
Imu ["OP13-079">OP13-079][5000] vs Nami ["OP11-041">OP11-041][6000]
Attack Fails
[Karlmalone​#2854] Hand: [OP13-082,OP13-089,OP13-098,OP13-092,OP13-084,OP14-096,OP13-089]
[Karlmalone​#2854] Board: [OP16-093,OP13-083]
[Karlmalone​#2854] Trash: [OP13-082,OP13-089,OP13-080,OP13-084,OP13-091,OP13-086]
[Karlmalone​#2854] Life: 3
[Jack​#5459] Hand: [OP11-106,EB03-053,OP14-102,EB04-058]
[Jack​#5459] Trash: [OP14-110,OP14-111,EB03-053]
[Jack​#5459] Board: [OP16-056]
[Jack​#5459] Life: 4
[Karlmalone​#2854] End Turn
[Jack​#5459] Draw 1 Card
[Jack​#5459] Drew card from deck: Nico Robin ["EB03-055">EB03-055]
RZ1|61|2|EB03-055|0|37|1|4|0|1|0|0|0
RZ1|62|2|Don|4|5|5|4|1|1|0|0|0
RZ1|63|2|Don|4|4|5|5|1|1|0|0|0
[Jack​#5459] Draw 2 Don
RZ1|64|2|Don|5|0|5|0|1|1|1|0|0
RZ1|65|2|Don|5|1|5|1|1|1|1|0|0
RZ1|66|2|Don|5|2|5|2|1|1|1|0|0
RZ1|67|2|Don|5|3|5|3|1|1|1|0|0
RZ1|68|2|Don|5|4|5|4|1|1|1|0|0
[Jack​#5459] Deploy Nami ["EB03-053">EB03-053]
RZ1|69|2|EB03-053|1|1|2|1|1|1|0|0|0
[Jack​#5459] Nami ["EB03-053">EB03-053]: Attach 1 Rested Don to Nami ["OP11-041">OP11-041]
RZ1|70|2|Don|5|0|9|9900|1|1|1|0|0
[Jack​#5459] Nami ["EB03-053">EB03-053]: Send 1 Life to Hand
[Jack​#5459] Drew card from deck: Perona ["OP14-111">OP14-111]
RZ1|71|2|OP14-111|0|36|1|4|0|1|0|0|0
[Jack​#5459] Nami ["OP11-041">OP11-041]: Draw 1 Card
[Jack​#5459] Mr. 3 (Galdino) ["OP16-056">OP16-056] attacking Bartholomew Kuma ["OP16-093">OP16-093]
RZ1|72|1|OP13-092|1|3|6|6|1|1|0|0|0
[Karlmalone​#2854] Discard St. Mjosgard ["OP13-092">OP13-092] for Counter 2000
Mr. 3 (Galdino) ["OP16-056">OP16-056][5000] vs Bartholomew Kuma ["OP16-093">OP16-093][6000]
Attack Fails
[Jack​#5459] Attach 1 Don to Nami ["OP11-041">OP11-041] (2 Total)
RZ1|73|2|Don|5|4|9|9901|1|1|0|0|0
[Jack​#5459] Nami ["OP11-041">OP11-041] attacking Bartholomew Kuma ["OP16-093">OP16-093]
RZ1|74|1|Don|5|3|5|3|1|1|1|0|0
RZ1|75|1|OP14-096|1|4|6|7|1|1|0|0|0
[Karlmalone​#2854] Ground Death ["OP14-096">OP14-096]: Activate Counter
[Karlmalone​#2854] Ground Death ["OP14-096">OP14-096]: Rest 1 Don
RZ1|76|1|Don|9|0|5|0|1|1|1|0|0
RZ1|77|1|OP16-093|2|0|6|8|1|1|0|0|0
Nami ["OP11-041">OP11-041][7000] vs Bartholomew Kuma ["OP16-093">OP16-093][4000]
[Karlmalone​#2854] Bartholomew Kuma ["OP16-093">OP16-093] Destroyed
RZ1|78|2|OP16-056|2|0|6|3|1|1|0|0|0
[Jack​#5459] Mr. 3 (Galdino) ["OP16-056">OP16-056]: Trash Mr. 3 (Galdino) ["OP16-056">OP16-056]
[Jack​#5459] Drew card from deck: Silvers Rayleigh ["OP14-108">OP14-108]
RZ1|79|2|OP14-108|0|35|1|5|0|1|0|0|0
[Jack​#5459] Drew card from deck: Marshall D. Teach ["OP16-119">OP16-119]
RZ1|80|2|OP16-119|0|34|1|6|0|1|0|0|0
[Jack​#5459] Mr. 3 (Galdino) ["OP16-056">OP16-056]: Draw 2 Card
[Jack​#5459] Mr. 3 (Galdino) ["OP16-056">OP16-056]: St. Jaygarcia Saturn ["OP13-083">OP13-083] can't attack next turn
[Jack​#5459] End Turn
[Karlmalone​#2854] Hand: [OP13-082,OP13-089,OP13-098,OP13-084,OP13-089,OP13-082]
[Karlmalone​#2854] Board: [OP13-083]
[Karlmalone​#2854] Trash: [OP13-082,OP13-089,OP13-080,OP13-084,OP13-091,OP13-086,OP13-092,OP14-096,OP16-093]
[Karlmalone​#2854] Life: 2
[Jack​#5459] Hand: [OP11-106,OP14-102,EB04-058,EB03-055,OP14-111,OP14-108,OP16-119]
[Jack​#5459] Trash: [OP14-110,OP14-111,EB03-053,OP16-056]
[Jack​#5459] Board: [EB03-053]
[Jack​#5459] Life: 4
[Karlmalone​#2854] Drew card from deck: Ground Death ["OP14-096">OP14-096]
RZ1|81|1|OP14-096|0|30|1|6|1|1|0|0|0
[Karlmalone​#2854] Draw 1 Card
RZ1|82|1|Don|4|4|5|5|1|1|0|0|0
RZ1|83|1|Don|4|3|5|6|1|1|0|0|0
[Karlmalone​#2854] Draw 2 Don
RZ1|84|1|Don|5|0|5|0|1|1|1|0|0
RZ1|85|1|Don|5|1|5|1|1|1|1|0|0
RZ1|86|1|Don|5|2|5|2|1|1|1|0|0
[Karlmalone​#2854] The Empty Throne ["OP13-099">OP13-099]: Rest 3 Don
[Karlmalone​#2854] The Empty Throne ["OP13-099">OP13-099]: Rest The Empty Throne ["OP13-099">OP13-099]
RZ1|87|1|OP13-089|1|1|2|1|1|1|0|0|0
[Karlmalone​#2854] The Empty Throne ["OP13-099">OP13-099]: Deploy St. Topman Warcury ["OP13-089">OP13-089]
[Karlmalone​#2854] Imu ["OP13-079">OP13-079] attacking Nami ["OP11-041">OP11-041]
RZ1|88|2|OP14-111|1|4|6|4|1|1|0|0|0
[Jack​#5459] Nami ["OP11-041">OP11-041]: Trash Perona ["OP14-111">OP14-111]
[Jack​#5459] Nami ["OP11-041">OP11-041]: Buff Nami ["OP11-041">OP11-041] 2000
Imu ["OP13-079">OP13-079][5000] vs Nami ["OP11-041">OP11-041][7000]
Attack Fails
RZ1|89|1|Don|5|3|5|3|1|1|1|0|0
RZ1|90|1|Don|5|4|5|4|1|1|1|0|0
RZ1|91|1|Don|5|5|5|5|1|1|1|0|0
RZ1|92|1|Don|5|6|5|6|1|1|1|0|0
RZ1|93|1|OP13-089|1|3|2|2|1|1|0|0|0
[Karlmalone​#2854] Deploy St. Topman Warcury ["OP13-089">OP13-089]
[Karlmalone​#2854] Hand: [OP13-082,OP13-098,OP13-084,OP13-082,OP14-096]
[Karlmalone​#2854] Board: [OP13-083,OP13-089,OP13-089]
[Karlmalone​#2854] Trash: [OP13-082,OP13-089,OP13-080,OP13-084,OP13-091,OP13-086,OP13-092,OP14-096,OP16-093]
[Karlmalone​#2854] Life: 2
[Jack​#5459] Hand: [OP11-106,OP14-102,EB04-058,EB03-055,OP14-108,OP16-119]
[Jack​#5459] Trash: [OP14-110,OP14-111,EB03-053,OP16-056,OP14-111]
[Jack​#5459] Board: [EB03-053]
[Jack​#5459] Life: 4
RZ1|94|2|Don|9|9900|5|0|1|1|1|0|0
RZ1|95|2|Don|9|9900|5|0|1|1|1|0|0
[Karlmalone​#2854] St. Jaygarcia Saturn ["OP13-083">OP13-083] is no longer blocked from attacking
[Karlmalone​#2854] End Turn
[Jack​#5459] Draw 1 Card
[Jack​#5459] Drew card from deck: Doctor Hogback ["OP14-110">OP14-110]
RZ1|96|2|OP14-110|0|33|1|6|0|1|0|0|0
RZ1|97|2|Don|4|3|5|6|1|1|0|0|0
RZ1|98|2|Don|4|2|5|7|1|1|0|0|0
[Jack​#5459] Draw 2 Don
[Jack​#5459] Nami ["EB03-053">EB03-053] attacking Imu ["OP13-079">OP13-079]
[Karlmalone​#2854] St. Topman Warcury ["OP13-089">OP13-089] Blocks
RZ1|99|1|OP13-089|2|2|6|9|1|1|0|0|0
[Karlmalone​#2854] Drew card from deck: The Five Elders... Are At Your Service ["OP13-096">OP13-096]
RZ1|100|1|OP13-096|0|29|1|5|1|1|0|0|0
Nami ["EB03-053">EB03-053][6000] vs St. Topman Warcury ["OP13-089">OP13-089][5000]
[Karlmalone​#2854] St. Topman Warcury ["OP13-089">OP13-089] Destroyed
[Karlmalone​#2854] St. Topman Warcury ["OP13-089">OP13-089]: Draw 1 Card
[Jack​#5459] Attach 1 Don to Nami ["OP11-041">OP11-041] (1 Total)
RZ1|101|2|Don|5|7|9|9900|1|1|0|0|0
[Jack​#5459] Nami ["OP11-041">OP11-041] attacking Imu ["OP13-079">OP13-079]
RZ1|102|1|OP13-084|1|2|6|10|1|1|0|0|0
[Karlmalone​#2854] Discard St. Shepherd Ju Peter ["OP13-084">OP13-084] for Counter 2000
Nami ["OP11-041">OP11-041][6000] vs Imu ["OP13-079">OP13-079][7000]
Attack Fails
RZ1|103|2|Don|5|0|5|0|1|1|1|0|0
RZ1|104|2|Don|5|1|5|1|1|1|1|0|0
RZ1|105|2|Don|5|2|5|2|1|1|1|0|0
RZ1|106|2|Don|5|3|5|3|1|1|1|0|0
RZ1|107|2|Don|5|4|5|4|1|1|1|0|0
RZ1|108|2|Don|5|5|5|5|1|1|1|0|0
RZ1|109|2|Don|5|6|5|6|1|1|1|0|0
[Jack​#5459] Deploy Nico Robin ["EB03-055">EB03-055]
RZ1|110|2|EB03-055|1|3|2|1|1|1|0|0|0
[Jack​#5459] Nico Robin ["EB03-055">EB03-055]: Trashes Top Life
[Jack​#5459] Trash Gecko Moria ["OP14-104">OP14-104] from Life
[Jack​#5459] Nico Robin ["EB03-055">EB03-055]: Add card to top of Life from Deck
[Jack​#5459] Nico Robin ["EB03-055">EB03-055]: Add card to top of Life from Deck
[Jack​#5459] Drew card from deck: Gecko Moria ["OP14-104">OP14-104]
RZ1|111|2|OP14-104|0|30|1|6|0|1|0|0|0
[Jack​#5459] Nami ["OP11-041">OP11-041]: Draw 1 Card
[Jack​#5459] End Turn
[Karlmalone​#2854] Hand: [OP13-082,OP13-098,OP13-082,OP14-096,OP13-096]
[Karlmalone​#2854] Board: [OP13-083,OP13-089]
[Karlmalone​#2854] Trash: [OP13-082,OP13-089,OP13-080,OP13-084,OP13-091,OP13-086,OP13-092,OP14-096,OP16-093,OP13-089,OP13-084]
[Karlmalone​#2854] Life: 2
[Jack​#5459] Hand: [OP11-106,OP14-102,EB04-058,OP14-108,OP16-119,OP14-110,OP14-104]
[Jack​#5459] Trash: [OP14-110,OP14-111,EB03-053,OP16-056,OP14-111,OP14-104]
[Jack​#5459] Board: [EB03-053,EB03-055]
[Jack​#5459] Life: 5
[Karlmalone​#2854] Drew card from deck: The Five Elders... Are At Your Service ["OP13-096">OP13-096]
RZ1|112|1|OP13-096|0|28|1|5|1|1|0|0|0
[Karlmalone​#2854] Draw 1 Card
RZ1|113|1|Don|4|2|5|7|1|1|0|0|0
RZ1|114|1|Don|4|1|5|8|1|1|0|0|0
[Karlmalone​#2854] Draw 2 Don
RZ1|115|1|Don|5|0|5|0|1|1|1|0|0
RZ1|116|1|OP13-096|1|5|6|11|1|1|0|0|0
[Karlmalone​#2854] The Five Elders... Are At Your Service ["OP13-096">OP13-096]: Rest 1 Don
RZ1|117|1|OP13-080|0|26|1|5|1|1|0|0|0
[Karlmalone​#2854] The Five Elders... Are At Your Service ["OP13-096">OP13-096]: <b>Reveal and Draw St. Ethanbaron V. Nusjuro ["OP13-080">OP13-080]</b>
[Karlmalone​#2854] The Five Elders... Are At Your Service ["OP13-096">OP13-096]: Trash 2 Remaining Cards
RZ1|118|1|Don|5|1|5|1|1|1|1|0|0
RZ1|119|1|OP13-096|1|4|6|14|1|1|0|0|0
[Karlmalone​#2854] The Five Elders... Are At Your Service ["OP13-096">OP13-096]: Rest 1 Don
RZ1|120|1|OP13-098|0|24|1|5|1|1|0|0|0
[Karlmalone​#2854] The Five Elders... Are At Your Service ["OP13-096">OP13-096]: <b>Reveal and Draw ...Never Existed... ["OP13-098">OP13-098]</b>
[Karlmalone​#2854] The Five Elders... Are At Your Service ["OP13-096">OP13-096]: Trash 2 Remaining Cards
RZ1|121|1|Don|5|2|5|2|1|1|1|0|0
RZ1|122|1|Don|5|3|5|3|1|1|1|0|0
RZ1|123|1|Don|5|4|5|4|1|1|1|0|0
[Karlmalone​#2854] The Empty Throne ["OP13-099">OP13-099]: Rest 3 Don
[Karlmalone​#2854] The Empty Throne ["OP13-099">OP13-099]: Rest The Empty Throne ["OP13-099">OP13-099]
RZ1|124|1|OP13-080|1|4|2|2|1|1|0|0|0
[Karlmalone​#2854] The Empty Throne ["OP13-099">OP13-099]: Deploy St. Ethanbaron V. Nusjuro ["OP13-080">OP13-080]
RZ1|125|1|Don|5|8|9|200|1|1|0|0|0
[Karlmalone​#2854] Attach 1 Don to St. Ethanbaron V. Nusjuro ["OP13-080">OP13-080] (1 Total)
RZ1|126|1|Don|5|7|9|201|1|1|0|0|0
[Karlmalone​#2854] Attach 1 Don to St. Ethanbaron V. Nusjuro ["OP13-080">OP13-080] (2 Total)
[Karlmalone​#2854] St. Ethanbaron V. Nusjuro ["OP13-080">OP13-080] attacking Nami ["OP11-041">OP11-041]
[Karlmalone​#2854] St. Ethanbaron V. Nusjuro ["OP13-080">OP13-080]: Buff Nami ["EB03-053">EB03-053] -2000
RZ1|127|2|OP14-104|1|6|6|6|1|1|0|0|0
[Jack​#5459] Nami ["OP11-041">OP11-041]: Trash Gecko Moria ["OP14-104">OP14-104]
[Jack​#5459] Nami ["OP11-041">OP11-041]: Buff Nami ["OP11-041">OP11-041] 2000
[Jack​#5459] Discard Silvers Rayleigh ["OP14-108">OP14-108] for Counter 1000
RZ1|128|2|OP14-108|1|3|6|7|1|1|0|0|0
St. Ethanbaron V. Nusjuro ["OP13-080">OP13-080][7000] vs Nami ["OP11-041">OP11-041][8000]
Attack Fails
[Karlmalone​#2854] Imu ["OP13-079">OP13-079] attacking Nami ["EB03-053">EB03-053]
RZ1|129|2|EB03-053|2|0|6|8|1|1|0|0|0
Imu ["OP13-079">OP13-079][5000] vs Nami ["EB03-053">EB03-053][4000]
[Jack​#5459] Nami ["EB03-053">EB03-053] Destroyed
[Jack​#5459] Nami ["EB03-053">EB03-053]: Flip 1 Life Face Up
RZ1|130|2|EB04-058|1|2|2|1|1|1|0|0|0
[Jack​#5459] Nami ["EB03-053">EB03-053]: Deploy Borsalino ["EB04-058">EB04-058]
[Karlmalone​#2854] Hand: [OP13-082,OP13-098,OP13-082,OP14-096,OP13-098]
[Karlmalone​#2854] Board: [OP13-083,OP13-089,OP13-080]
[Karlmalone​#2854] Trash: [OP13-082,OP13-089,OP13-080,OP13-084,OP13-091,OP13-086,OP13-092,OP14-096,OP16-093,OP13-089,OP13-084,OP13-096,OP13-086,OP13-083,OP13-096,OP13-086,OP13-084]
[Karlmalone​#2854] Life: 2
[Jack​#5459] Hand: [OP11-106,OP14-102,OP16-119,OP14-110]
[Jack​#5459] Trash: [OP14-110,OP14-111,EB03-053,OP16-056,OP14-111,OP14-104,OP14-104,OP14-108,EB03-053]
[Jack​#5459] Board: [EB03-055,EB04-058]
[Jack​#5459] Life: 5
RZ1|131|2|Don|9|9900|5|0|1|1|1|0|0
[Karlmalone​#2854] End Turn
[Jack​#5459] Draw 1 Card
[Jack​#5459] Drew card from deck: Edward Newgate ["OP13-042">OP13-042]
RZ1|132|2|OP13-042|0|29|1|4|0|1|0|0|0
RZ1|133|2|Don|4|1|5|8|1|1|0|0|0
RZ1|134|2|Don|4|0|5|9|1|1|0|0|0
[Jack​#5459] Draw 2 Don
RZ1|135|2|Don|5|0|5|0|1|1|1|0|0
RZ1|136|2|Don|5|1|5|1|1|1|1|0|0
RZ1|137|2|Don|5|2|5|2|1|1|1|0|0
RZ1|138|2|Don|5|3|5|3|1|1|1|0|0
RZ1|139|2|Don|5|4|5|4|1|1|1|0|0
RZ1|140|2|Don|5|5|5|5|1|1|1|0|0
RZ1|141|2|Don|5|6|5|6|1|1|1|0|0
RZ1|142|2|Don|5|7|5|7|1|1|1|0|0
RZ1|143|2|Don|5|8|5|8|1|1|1|0|0
RZ1|144|2|Don|5|9|5|9|1|1|1|0|0
[Jack​#5459] Deploy Edward Newgate ["OP13-042">OP13-042]
RZ1|145|2|OP13-042|1|4|2|2|1|1|0|0|0
[Jack​#5459] Drew card from deck: Perona ["OP14-111">OP14-111]
RZ1|146|2|OP14-111|0|28|1|4|0|1|0|0|0
[Jack​#5459] Drew card from deck: Doctor Hogback ["OP14-110">OP14-110]
RZ1|147|2|OP14-110|0|27|1|5|0|1|0|0|0
[Jack​#5459] Edward Newgate ["OP13-042">OP13-042]: Draw 2 Card
RZ1|148|2|OP14-110|1|5|6|9|1|1|0|0|0
[Jack​#5459] Edward Newgate ["OP13-042">OP13-042]: Trash Doctor Hogback ["OP14-110">OP14-110]
[Jack​#5459] Edward Newgate ["OP13-042">OP13-042]: Attach 1 Rested Don to Nami ["OP11-041">OP11-041]
RZ1|149|2|Don|5|0|9|9900|1|1|1|0|0
[Jack​#5459] Edward Newgate ["OP13-042">OP13-042]: Attach 1 Rested Don to Nami ["OP11-041">OP11-041]
RZ1|150|2|Don|5|0|9|9901|1|1|1|0|0
[Jack​#5459] Edward Newgate ["OP13-042">OP13-042]: Attach 1 Rested Don to Borsalino ["EB04-058">EB04-058]
RZ1|151|2|Don|5|0|9|100|1|1|1|0|0
[Jack​#5459] Edward Newgate ["OP13-042">OP13-042]: Attach 1 Rested Don to Borsalino ["EB04-058">EB04-058]
RZ1|152|2|Don|5|0|9|101|1|1|1|0|0
[Jack​#5459] Nami ["OP11-041">OP11-041] attacking Imu ["OP13-079">OP13-079]
[Karlmalone​#2854] St. Topman Warcury ["OP13-089">OP13-089] Blocks
RZ1|153|1|OP13-089|2|1|6|17|1|1|0|0|0
[Karlmalone​#2854] Drew card from deck: St. Shepherd Ju Peter ["OP13-084">OP13-084]
RZ1|154|1|OP13-084|0|21|1|5|1|1|0|0|0
Nami ["OP11-041">OP11-041][7000] vs St. Topman Warcury ["OP13-089">OP13-089][5000]
[Karlmalone​#2854] St. Topman Warcury ["OP13-089">OP13-089] Destroyed
[Karlmalone​#2854] St. Topman Warcury ["OP13-089">OP13-089]: Draw 1 Card
[Jack​#5459] Nico Robin ["EB03-055">EB03-055] attacking Imu ["OP13-079">OP13-079]
RZ1|155|1|Don|5|5|5|5|1|1|1|0|0
RZ1|156|1|OP13-098|1|4|6|18|1|1|0|0|0
[Karlmalone​#2854] ...Never Existed... ["OP13-098">OP13-098]: Activate Counter
[Karlmalone​#2854] ...Never Existed... ["OP13-098">OP13-098]: Rest 1 Don
[Karlmalone​#2854] ...Never Existed... ["OP13-098">OP13-098]: Buff Imu ["OP13-079">OP13-079] 4000 for the Combat
Nico Robin ["EB03-055">EB03-055][8000] vs Imu ["OP13-079">OP13-079][9000]
Attack Fails
[Jack​#5459] Borsalino ["EB04-058">EB04-058] attacking Imu ["OP13-079">OP13-079]
RZ1|157|1|Don|5|6|5|6|1|1|1|0|0
RZ1|158|1|OP13-098|1|1|6|19|1|1|0|0|0
[Karlmalone​#2854] ...Never Existed... ["OP13-098">OP13-098]: Activate Counter
[Karlmalone​#2854] ...Never Existed... ["OP13-098">OP13-098]: Rest 1 Don
[Karlmalone​#2854] ...Never Existed... ["OP13-098">OP13-098]: Buff Imu ["OP13-079">OP13-079] 4000 for the Combat
Borsalino ["EB04-058">EB04-058][8000] vs Imu ["OP13-079">OP13-079][9000]
Attack Fails
[Jack​#5459] End Turn
[Karlmalone​#2854] Hand: [OP13-082,OP13-082,OP14-096,OP13-084]
[Karlmalone​#2854] Board: [OP13-083,OP13-080]
[Karlmalone​#2854] Trash: [OP13-082,OP13-089,OP13-080,OP13-084,OP13-091,OP13-086,OP13-092,OP14-096,OP16-093,OP13-089,OP13-084,OP13-096,OP13-086,OP13-083,OP13-096,OP13-086,OP13-084,OP13-089,OP13-098,OP13-098]
[Karlmalone​#2854] Life: 2
[Jack​#5459] Hand: [OP11-106,OP14-102,OP16-119,OP14-110,OP14-111]
[Jack​#5459] Trash: [OP14-110,OP14-111,EB03-053,OP16-056,OP14-111,OP14-104,OP14-104,OP14-108,EB03-053,OP14-110]
[Jack​#5459] Board: [EB03-055,EB04-058,OP13-042]
[Jack​#5459] Life: 5
RZ1|159|1|Don|9|100|5|0|1|1|1|0|0
RZ1|160|1|Don|9|100|5|0|1|1|1|0|0
[Karlmalone​#2854] Drew card from deck: Bartholomew Kuma ["OP16-093">OP16-093]
RZ1|161|1|OP16-093|0|20|1|4|1|1|0|0|0
[Karlmalone​#2854] Draw 1 Card
RZ1|162|1|Don|4|0|5|9|1|1|0|0|0
[Karlmalone​#2854] Draw 2 Don
[Karlmalone​#2854] St. Ethanbaron V. Nusjuro ["OP13-080">OP13-080] attacking Nami ["OP11-041">OP11-041]
[Karlmalone​#2854] St. Ethanbaron V. Nusjuro ["OP13-080">OP13-080]: Buff Borsalino ["EB04-058">EB04-058] -2000
RZ1|163|2|OP14-111|1|4|6|10|1|1|0|0|0
[Jack​#5459] Nami ["OP11-041">OP11-041]: Trash Perona ["OP14-111">OP14-111]
[Jack​#5459] Nami ["OP11-041">OP11-041]: Buff Nami ["OP11-041">OP11-041] 2000
St. Ethanbaron V. Nusjuro ["OP13-080">OP13-080][5000] vs Nami ["OP11-041">OP11-041][7000]
Attack Fails
RZ1|164|1|Don|5|9|9|0|1|1|0|0|0
[Karlmalone​#2854] Attach 1 Don to St. Jaygarcia Saturn ["OP13-083">OP13-083] (1 Total)
RZ1|165|1|Don|5|8|9|1|1|1|0|0|0
[Karlmalone​#2854] Attach 1 Don to St. Jaygarcia Saturn ["OP13-083">OP13-083] (2 Total)
[Karlmalone​#2854] St. Jaygarcia Saturn ["OP13-083">OP13-083] attacking Borsalino ["EB04-058">EB04-058]
RZ1|166|2|Don|9|100|5|0|1|1|1|0|0
RZ1|167|2|Don|9|100|5|0|1|1|1|0|0
RZ1|168|2|EB04-058|2|1|6|11|1|1|0|0|0
St. Jaygarcia Saturn ["OP13-083">OP13-083][7000] vs Borsalino ["EB04-058">EB04-058][4000]
[Jack​#5459] Borsalino ["EB04-058">EB04-058] Destroyed
RZ1|169|1|Don|9|0|5|0|1|1|1|0|0
RZ1|170|1|Don|9|0|5|0|1|1|1|0|0
RZ1|171|1|OP13-083|2|0|6|20|1|1|0|0|0
[Karlmalone​#2854] Drew card from deck: Five Elders ["OP13-082">OP13-082]
RZ1|172|1|OP13-082|0|19|1|5|1|1|0|0|0
[Karlmalone​#2854] Imu ["OP13-079">OP13-079]: Trash St. Jaygarcia Saturn ["OP13-083">OP13-083]
[Karlmalone​#2854] Imu ["OP13-079">OP13-079]: Draw 1 Card
RZ1|173|1|Don|5|2|5|2|1|1|1|0|0
RZ1|174|1|Don|5|3|5|3|1|1|1|0|0
RZ1|175|1|Don|5|4|5|4|1|1|1|0|0
[Karlmalone​#2854] The Empty Throne ["OP13-099">OP13-099]: Rest 3 Don
[Karlmalone​#2854] The Empty Throne ["OP13-099">OP13-099]: Rest The Empty Throne ["OP13-099">OP13-099]
RZ1|176|1|OP13-082|1|5|2|1|1|1|0|0|0
[Karlmalone​#2854] The Empty Throne ["OP13-099">OP13-099]: Deploy Five Elders ["OP13-082">OP13-082]
RZ1|177|1|Don|5|5|5|5|1|1|1|0|0
RZ1|178|1|OP16-093|1|4|6|21|1|1|0|0|0
RZ1|179|1|OP13-080|2|0|6|22|1|1|0|0|0
RZ1|180|1|OP13-082|2|0|6|23|1|1|0|0|0
[Karlmalone​#2854] Five Elders ["OP13-082">OP13-082]: Rest 1 Don
[Karlmalone​#2854] Five Elders ["OP13-082">OP13-082]: Trash Bartholomew Kuma ["OP16-093">OP16-093]
[Karlmalone​#2854] Five Elders ["OP13-082">OP13-082]: Trash St. Ethanbaron V. Nusjuro ["OP13-080">OP13-080]
[Karlmalone​#2854] Five Elders ["OP13-082">OP13-082]: Trash Five Elders ["OP13-082">OP13-082]
RZ1|181|1|OP13-083|6|20|2|0|1|1|0|0|0
[Karlmalone​#2854] Five Elders ["OP13-082">OP13-082]: Deployed St. Jaygarcia Saturn ["OP13-083">OP13-083] from Trash
RZ1|182|1|OP13-080|6|21|2|1|1|1|0|0|0
[Karlmalone​#2854] Five Elders ["OP13-082">OP13-082]: Deployed St. Ethanbaron V. Nusjuro ["OP13-080">OP13-080] from Trash
RZ1|183|1|OP13-084|6|16|2|2|1|1|0|2000|0
[Karlmalone​#2854] Five Elders ["OP13-082">OP13-082]: Deployed St. Shepherd Ju Peter ["OP13-084">OP13-084] from Trash
RZ1|184|1|OP13-089|6|16|2|3|1|1|0|2000|0
[Karlmalone​#2854] Five Elders ["OP13-082">OP13-082]: Deployed St. Topman Warcury ["OP13-089">OP13-089] from Trash
RZ1|185|1|OP13-091|6|4|2|4|1|1|0|2000|0
[Karlmalone​#2854] Five Elders ["OP13-082">OP13-082]: Deployed St. Marcus Mars ["OP13-091">OP13-091] from Trash
RZ1|186|1|OP13-098|0|17|1|4|1|1|0|0|0
[Karlmalone​#2854] St. Jaygarcia Saturn ["OP13-083">OP13-083]: <b>Reveal and Draw ...Never Existed... ["OP13-098">OP13-098]</b>
[Karlmalone​#2854] Placing Cards on Bottom of Deck
RZ1|187|1|Don|5|9|9|100|1|1|0|0|0
[Karlmalone​#2854] Attach 1 Don to St. Ethanbaron V. Nusjuro ["OP13-080">OP13-080] (1 Total)
[Karlmalone​#2854] St. Ethanbaron V. Nusjuro ["OP13-080">OP13-080] attacking Nami ["OP11-041">OP11-041]
[Karlmalone​#2854] St. Ethanbaron V. Nusjuro ["OP13-080">OP13-080]: Buff Edward Newgate ["OP13-042">OP13-042] -2000
[Jack​#5459] Edward Newgate ["OP13-042">OP13-042] Blocks
St. Ethanbaron V. Nusjuro ["OP13-080">OP13-080][8000] vs Edward Newgate ["OP13-042">OP13-042][10000]
Attack Fails
RZ1|188|1|Don|5|8|9|9900|1|1|0|0|0
[Karlmalone​#2854] Attach 1 Don to Imu ["OP13-079">OP13-079] (1 Total)
[Karlmalone​#2854] Imu ["OP13-079">OP13-079] attacking Nami ["OP11-041">OP11-041]
[Jack​#5459] Discard Doctor Hogback ["OP14-110">OP14-110] for Counter 1000
RZ1|189|2|OP14-110|1|3|6|12|1|1|0|0|0
Imu ["OP13-079">OP13-079][7000] vs Nami ["OP11-041">OP11-041][8000]
Attack Fails
[Karlmalone​#2854] Hand: [OP13-082,OP13-082,OP14-096,OP13-084,OP13-098]
[Karlmalone​#2854] Board: [OP13-083,OP13-080,OP13-084,OP13-089,OP13-091]
[Karlmalone​#2854] Trash: [OP13-082,OP13-089,OP13-080,OP13-084,OP13-086,OP13-092,OP14-096,OP16-093,OP13-089,OP13-084,OP13-096,OP13-086,OP13-083,OP13-096,OP13-086,OP13-098,OP13-098,OP16-093,OP13-082]
[Karlmalone​#2854] Life: 2
[Jack​#5459] Hand: [OP11-106,OP14-102,OP16-119]
[Jack​#5459] Trash: [OP14-110,OP14-111,EB03-053,OP16-056,OP14-111,OP14-104,OP14-104,OP14-108,EB03-053,OP14-110,OP14-111,EB04-058,OP14-110]
[Jack​#5459] Board: [EB03-055,OP13-042]
[Jack​#5459] Life: 5
RZ1|190|2|Don|9|9900|5|0|1|1|1|0|0
RZ1|191|2|Don|9|9900|5|0|1|1|1|0|0
[Karlmalone​#2854] End Turn
[Jack​#5459] Draw 1 Card
[Jack​#5459] Drew card from deck: Edward Newgate ["OP13-042">OP13-042]
RZ1|192|2|OP13-042|0|26|1|3|0|1|0|0|0
RZ1|193|2|Don|5|0|5|0|1|1|1|0|0
RZ1|194|2|Don|5|1|5|1|1|1|1|0|0
RZ1|195|2|Don|5|2|5|2|1|1|1|0|0
RZ1|196|2|Don|5|3|5|3|1|1|1|0|0
RZ1|197|2|Don|5|4|5|4|1|1|1|0|0
RZ1|198|2|Don|5|5|5|5|1|1|1|0|0
RZ1|199|2|Don|5|6|5|6|1|1|1|0|0
RZ1|200|2|Don|5|7|5|7|1|1|1|0|0
RZ1|201|2|Don|5|8|5|8|1|1|1|0|0
RZ1|202|2|Don|5|9|5|9|1|1|1|0|0
[Jack​#5459] Deploy Edward Newgate ["OP13-042">OP13-042]
RZ1|203|2|OP13-042|1|3|2|2|1|1|0|0|0
[Jack​#5459] Drew card from deck: Zeus ["OP11-106">OP11-106]
RZ1|204|2|OP11-106|0|25|1|3|0|1|0|0|0
[Jack​#5459] Drew card from deck: Silvers Rayleigh ["OP14-108">OP14-108]
RZ1|205|2|OP14-108|0|24|1|4|0|1|0|0|0
[Jack​#5459] Edward Newgate ["OP13-042">OP13-042]: Draw 2 Card
RZ1|206|2|OP14-108|1|4|6|13|1|1|0|0|0
[Jack​#5459] Edward Newgate ["OP13-042">OP13-042]: Trash Silvers Rayleigh ["OP14-108">OP14-108]
[Jack​#5459] Edward Newgate ["OP13-042">OP13-042]: Attach 1 Rested Don to Nami ["OP11-041">OP11-041]
RZ1|207|2|Don|5|0|9|9900|1|1|1|0|0
[Jack​#5459] Edward Newgate ["OP13-042">OP13-042]: Attach 1 Rested Don to Nami ["OP11-041">OP11-041]
RZ1|208|2|Don|5|0|9|9901|1|1|1|0|0
[Jack​#5459] Edward Newgate ["OP13-042">OP13-042]: Attach 1 Rested Don to Nico Robin ["EB03-055">EB03-055]
RZ1|209|2|Don|5|0|9|0|1|1|1|0|0
[Jack​#5459] Edward Newgate ["OP13-042">OP13-042]: Attach 1 Rested Don to Nico Robin ["EB03-055">EB03-055]
RZ1|210|2|Don|5|0|9|1|1|1|1|0|0
[Jack​#5459] Nami ["OP11-041">OP11-041] attacking Imu ["OP13-079">OP13-079]
[Karlmalone​#2854] St. Topman Warcury ["OP13-089">OP13-089] Blocks
RZ1|211|1|OP13-089|2|3|6|19|1|1|0|0|0
[Karlmalone​#2854] Drew card from deck: Bartholomew Kuma ["OP16-093">OP16-093]
RZ1|212|1|OP16-093|0|17|1|5|1|1|0|0|0
Nami ["OP11-041">OP11-041][7000] vs St. Topman Warcury ["OP13-089">OP13-089][5000]
[Karlmalone​#2854] St. Topman Warcury ["OP13-089">OP13-089] Destroyed
[Karlmalone​#2854] St. Topman Warcury ["OP13-089">OP13-089]: Draw 1 Card
[Jack​#5459] Nico Robin ["EB03-055">EB03-055] attacking Imu ["OP13-079">OP13-079]
RZ1|213|1|Don|5|6|5|6|1|1|1|0|0
RZ1|214|1|OP13-098|1|4|6|20|1|1|0|0|0
[Karlmalone​#2854] ...Never Existed... ["OP13-098">OP13-098]: Activate Counter
[Karlmalone​#2854] ...Never Existed... ["OP13-098">OP13-098]: Rest 1 Don
[Karlmalone​#2854] ...Never Existed... ["OP13-098">OP13-098]: Buff Imu ["OP13-079">OP13-079] 4000 for the Combat
RZ1|215|1|OP13-084|1|3|6|21|1|1|0|0|0
[Karlmalone​#2854] Discard St. Shepherd Ju Peter ["OP13-084">OP13-084] for Counter 2000
Nico Robin ["EB03-055">EB03-055][10000] vs Imu ["OP13-079">OP13-079][11000]
Attack Fails
[Jack​#5459] Edward Newgate ["OP13-042">OP13-042] attacking Imu ["OP13-079">OP13-079]
[Karlmalone​#2854] St. Marcus Mars ["OP13-091">OP13-091] Blocks
RZ1|216|1|OP13-091|2|3|6|22|1|1|0|0|0
Edward Newgate ["OP13-042">OP13-042][12000] vs St. Marcus Mars ["OP13-091">OP13-091][5000]
[Karlmalone​#2854] St. Marcus Mars ["OP13-091">OP13-091] Destroyed
[Jack​#5459] End Turn
[Karlmalone​#2854] Hand: [OP13-082,OP13-082,OP14-096,OP16-093]
[Karlmalone​#2854] Board: [OP13-083,OP13-080,OP13-084]
[Karlmalone​#2854] Trash: [OP13-082,OP13-089,OP13-080,OP13-084,OP13-086,OP13-092,OP14-096,OP16-093,OP13-089,OP13-084,OP13-096,OP13-086,OP13-083,OP13-096,OP13-086,OP13-098,OP13-098,OP16-093,OP13-082,OP13-089,OP13-098,OP13-084,OP13-091]
[Karlmalone​#2854] Life: 2
[Jack​#5459] Hand: [OP11-106,OP14-102,OP16-119,OP11-106]
[Jack​#5459] Trash: [OP14-110,OP14-111,EB03-053,OP16-056,OP14-111,OP14-104,OP14-104,OP14-108,EB03-053,OP14-110,OP14-111,EB04-058,OP14-110,OP14-108]
[Jack​#5459] Board: [EB03-055,OP13-042,OP13-042]
[Jack​#5459] Life: 5
RZ1|217|1|Don|9|9900|5|0|1|1|1|0|0
RZ1|218|1|Don|9|100|5|0|1|1|1|0|0
[Karlmalone​#2854] Drew card from deck: The Five Elders... Are At Your Service ["OP13-096">OP13-096]
RZ1|219|1|OP13-096|0|16|1|4|1|1|0|0|0
[Karlmalone​#2854] Draw 1 Card
RZ1|220|1|Don|5|9|9|100|1|1|0|0|0
[Karlmalone​#2854] Attach 1 Don to St. Ethanbaron V. Nusjuro ["OP13-080">OP13-080] (1 Total)
RZ1|221|1|Don|5|8|9|101|1|1|0|0|0
[Karlmalone​#2854] Attach 1 Don to St. Ethanbaron V. Nusjuro ["OP13-080">OP13-080] (2 Total)
[Karlmalone​#2854] St. Ethanbaron V. Nusjuro ["OP13-080">OP13-080] attacking Nami ["OP11-041">OP11-041]
[Karlmalone​#2854] St. Ethanbaron V. Nusjuro ["OP13-080">OP13-080]: Buff Edward Newgate ["OP13-042">OP13-042] -2000
St. Ethanbaron V. Nusjuro ["OP13-080">OP13-080][9000] vs Nami ["OP11-041">OP11-041][5000]
Nami ["OP11-041">OP11-041] hit for 1 damage
RZ1|222|1|Don|5|7|9|200|1|1|0|0|0
[Karlmalone​#2854] Attach 1 Don to St. Shepherd Ju Peter ["OP13-084">OP13-084] (1 Total)
[Karlmalone​#2854] St. Shepherd Ju Peter ["OP13-084">OP13-084] attacking Nami ["OP11-041">OP11-041]
RZ1|223|2|OP06-058|1|4|6|14|1|1|0|0|0
[Jack​#5459] Nami ["OP11-041">OP11-041]: Trash Gravity Blade Raging Tiger ["OP06-058">OP06-058]
[Jack​#5459] Nami ["OP11-041">OP11-041]: Buff Nami ["OP11-041">OP11-041] 2000
[Jack​#5459] Discard Kumacy ["OP14-102">OP14-102] for Counter 2000
RZ1|224|2|OP14-102|1|1|6|15|1|1|0|0|0
St. Shepherd Ju Peter ["OP13-084">OP13-084][8000] vs Nami ["OP11-041">OP11-041][9000]
Attack Fails
RZ1|225|1|Don|5|6|9|0|1|1|0|0|0
[Karlmalone​#2854] Attach 1 Don to St. Jaygarcia Saturn ["OP13-083">OP13-083] (1 Total)
[Karlmalone​#2854] St. Jaygarcia Saturn ["OP13-083">OP13-083] attacking Nami ["OP11-041">OP11-041]
[Jack​#5459] Discard Zeus ["OP11-106">OP11-106] for Counter 2000
RZ1|226|2|OP11-106|1|2|6|16|1|1|0|0|0
St. Jaygarcia Saturn ["OP13-083">OP13-083][8000] vs Nami ["OP11-041">OP11-041][9000]
Attack Fails
RZ1|227|1|Don|9|100|5|0|1|1|1|0|0
RZ1|228|1|Don|9|100|5|0|1|1|1|0|0
RZ1|229|1|OP13-080|2|1|6|23|1|1|0|0|0
[Karlmalone​#2854] Drew card from deck: St. Mjosgard ["OP13-092">OP13-092]
RZ1|230|1|OP13-092|0|15|1|5|1|1|0|0|0
[Karlmalone​#2854] Imu ["OP13-079">OP13-079]: Trash St. Ethanbaron V. Nusjuro ["OP13-080">OP13-080]
[Karlmalone​#2854] Imu ["OP13-079">OP13-079]: Draw 1 Card
RZ1|231|1|Don|5|2|5|2|1|1|1|0|0
RZ1|232|1|Don|5|3|5|3|1|1|1|0|0
RZ1|233|1|Don|5|4|5|4|1|1|1|0|0
[Karlmalone​#2854] The Empty Throne ["OP13-099">OP13-099]: Rest 3 Don
[Karlmalone​#2854] The Empty Throne ["OP13-099">OP13-099]: Rest The Empty Throne ["OP13-099">OP13-099]
RZ1|234|1|OP13-082|1|1|2|2|1|1|0|-5000|0
[Karlmalone​#2854] The Empty Throne ["OP13-099">OP13-099]: Deploy Five Elders ["OP13-082">OP13-082]
RZ1|235|1|Don|5|5|5|5|1|1|1|0|0
RZ1|236|1|OP13-096|1|3|6|24|1|1|0|0|0
RZ1|237|1|Don|9|0|5|0|1|1|1|0|0
RZ1|238|1|OP13-083|2|0|6|25|1|1|0|0|0
RZ1|239|1|Don|9|0|5|0|1|1|1|0|0
RZ1|240|1|OP13-084|2|0|6|26|1|1|0|0|0
RZ1|241|1|OP13-082|2|0|6|27|1|1|0|0|0
[Karlmalone​#2854] Five Elders ["OP13-082">OP13-082]: Rest 1 Don
[Karlmalone​#2854] Five Elders ["OP13-082">OP13-082]: Trash The Five Elders... Are At Your Service ["OP13-096">OP13-096]
[Karlmalone​#2854] Five Elders ["OP13-082">OP13-082]: Trash St. Jaygarcia Saturn ["OP13-083">OP13-083]
[Karlmalone​#2854] Five Elders ["OP13-082">OP13-082]: Trash St. Shepherd Ju Peter ["OP13-084">OP13-084]
[Karlmalone​#2854] Five Elders ["OP13-082">OP13-082]: Trash Five Elders ["OP13-082">OP13-082]
RZ1|242|1|OP13-080|6|23|2|0|1|1|0|0|0
[Karlmalone​#2854] Five Elders ["OP13-082">OP13-082]: Deployed St. Ethanbaron V. Nusjuro ["OP13-080">OP13-080] from Trash
RZ1|243|1|OP13-083|6|24|2|1|1|1|0|0|0
[Karlmalone​#2854] Five Elders ["OP13-082">OP13-082]: Deployed St. Jaygarcia Saturn ["OP13-083">OP13-083] from Trash
RZ1|244|1|OP13-084|6|24|2|2|1|1|0|2000|0
[Karlmalone​#2854] Five Elders ["OP13-082">OP13-082]: Deployed St. Shepherd Ju Peter ["OP13-084">OP13-084] from Trash
RZ1|245|1|OP13-089|6|19|2|3|1|1|0|2000|0
[Karlmalone​#2854] Five Elders ["OP13-082">OP13-082]: Deployed St. Topman Warcury ["OP13-089">OP13-089] from Trash
RZ1|246|1|OP13-091|6|21|2|4|1|1|0|2000|0
[Karlmalone​#2854] Five Elders ["OP13-082">OP13-082]: Deployed St. Marcus Mars ["OP13-091">OP13-091] from Trash
RZ1|247|1|OP13-091|0|12|1|4|1|1|0|0|0
[Karlmalone​#2854] St. Jaygarcia Saturn ["OP13-083">OP13-083]: <b>Reveal and Draw St. Marcus Mars ["OP13-091">OP13-091]</b>
[Karlmalone​#2854] Placing Cards on Bottom of Deck
RZ1|248|1|Don|5|9|9|0|1|1|0|0|0
[Karlmalone​#2854] Attach 1 Don to St. Ethanbaron V. Nusjuro ["OP13-080">OP13-080] (1 Total)
[Karlmalone​#2854] St. Ethanbaron V. Nusjuro ["OP13-080">OP13-080] attacking Edward Newgate ["OP13-042">OP13-042]
[Karlmalone​#2854] St. Ethanbaron V. Nusjuro ["OP13-080">OP13-080]: Buff Edward Newgate ["OP13-042">OP13-042] -2000
[Jack​#5459] Edward Newgate ["OP13-042">OP13-042] Blocks
St. Ethanbaron V. Nusjuro ["OP13-080">OP13-080][8000] vs Edward Newgate ["OP13-042">OP13-042][12000]
Attack Fails
[Karlmalone​#2854] Hand: [OP13-082,OP14-096,OP16-093,OP13-092,OP13-091]
[Karlmalone​#2854] Board: [OP13-080,OP13-083,OP13-084,OP13-089,OP13-091]
[Karlmalone​#2854] Trash: [OP13-082,OP13-089,OP13-080,OP13-084,OP13-086,OP13-092,OP14-096,OP16-093,OP13-089,OP13-084,OP13-096,OP13-086,OP13-083,OP13-096,OP13-086,OP13-098,OP13-098,OP16-093,OP13-082,OP13-098,OP13-084,OP13-096,OP13-082]
[Karlmalone​#2854] Life: 2
[Jack​#5459] Hand: [OP11-106,OP16-119]
[Jack​#5459] Trash: [OP14-110,OP14-111,EB03-053,OP16-056,OP14-111,OP14-104,OP14-104,OP14-108,EB03-053,OP14-110,OP14-111,EB04-058,OP14-110,OP14-108,OP06-058,OP14-102,OP11-106]
[Jack​#5459] Board: [EB03-055,OP13-042,OP13-042]
[Jack​#5459] Life: 4
RZ1|249|2|Don|9|9900|5|0|1|1|1|0|0
RZ1|250|2|Don|9|9900|5|0|1|1|1|0|0
RZ1|251|2|Don|9|0|5|0|1|1|1|0|0
RZ1|252|2|Don|9|0|5|0|1|1|1|0|0
[Karlmalone​#2854] End Turn
[Jack​#5459] Draw 1 Card
[Jack​#5459] Drew card from deck: Kumacy ["OP14-102">OP14-102]
RZ1|253|2|OP14-102|0|23|1|2|0|1|0|0|0
RZ1|254|2|Don|5|0|5|0|1|1|1|0|0
RZ1|255|2|Don|5|1|5|1|1|1|1|0|0
RZ1|256|2|Don|5|2|5|2|1|1|1|0|0
RZ1|257|2|Don|5|3|5|3|1|1|1|0|0
RZ1|258|2|Don|5|4|5|4|1|1|1|0|0
RZ1|259|2|Don|5|5|5|5|1|1|1|0|0
RZ1|260|2|Don|5|6|5|6|1|1|1|0|0
RZ1|261|2|Don|5|7|5|7|1|1|1|0|0
[Jack​#5459] Deploy Marshall D. Teach ["OP16-119">OP16-119]
RZ1|262|2|OP16-119|1|1|2|3|1|1|0|0|0
[Jack​#5459] Marshall D. Teach ["OP16-119">OP16-119]: Added card to top of Life from Hand
[Jack​#5459] Placing Cards on Bottom of Deck
[Jack​#5459] Attach 2 Don to Nami ["OP11-041">OP11-041] (2 Total)
RZ1|263|2|Don|5|8|9|9900|1|1|0|0|0
RZ1|264|2|Don|5|8|9|9901|1|1|0|0|0
[Jack​#5459] Nami ["OP11-041">OP11-041] attacking Imu ["OP13-079">OP13-079]
[Karlmalone​#2854] St. Topman Warcury ["OP13-089">OP13-089] Blocks
RZ1|265|1|OP13-089|2|3|6|23|1|1|0|0|0
[Karlmalone​#2854] Drew card from deck: ...Never Existed... ["OP13-098">OP13-098]
RZ1|266|1|OP13-098|0|13|1|5|1|1|0|0|0
Nami ["OP11-041">OP11-041][7000] vs St. Topman Warcury ["OP13-089">OP13-089][5000]
[Karlmalone​#2854] St. Topman Warcury ["OP13-089">OP13-089] Destroyed
[Karlmalone​#2854] St. Topman Warcury ["OP13-089">OP13-089]: Draw 1 Card
[Jack​#5459] Nico Robin ["EB03-055">EB03-055] attacking Imu ["OP13-079">OP13-079]
RZ1|267|1|Don|5|8|5|8|1|1|1|0|0
RZ1|268|1|OP13-098|1|5|6|24|1|1|0|0|0
[Karlmalone​#2854] ...Never Existed... ["OP13-098">OP13-098]: Activate Counter
[Karlmalone​#2854] ...Never Existed... ["OP13-098">OP13-098]: Rest 1 Don
[Karlmalone​#2854] ...Never Existed... ["OP13-098">OP13-098]: Buff Imu ["OP13-079">OP13-079] 4000 for the Combat
Nico Robin ["EB03-055">EB03-055][8000] vs Imu ["OP13-079">OP13-079][9000]
Attack Fails
[Jack​#5459] Edward Newgate ["OP13-042">OP13-042] attacking Imu ["OP13-079">OP13-079]
[Karlmalone​#2854] St. Marcus Mars ["OP13-091">OP13-091] Blocks
RZ1|269|1|OP13-091|2|3|6|25|1|1|0|0|0
Edward Newgate ["OP13-042">OP13-042][12000] vs St. Marcus Mars ["OP13-091">OP13-091][5000]
[Karlmalone​#2854] St. Marcus Mars ["OP13-091">OP13-091] Destroyed
[Jack​#5459] Edward Newgate ["OP13-042">OP13-042] attacking St. Ethanbaron V. Nusjuro ["OP13-080">OP13-080]
RZ1|270|1|Don|9|0|5|0|1|1|1|0|0
RZ1|271|1|OP13-080|2|0|6|26|1|1|0|0|0
Edward Newgate ["OP13-042">OP13-042][12000] vs St. Ethanbaron V. Nusjuro ["OP13-080">OP13-080][5000]
[Karlmalone​#2854] St. Ethanbaron V. Nusjuro ["OP13-080">OP13-080] Destroyed
[Jack​#5459] End Turn
[Karlmalone​#2854] Hand: [OP13-082,OP14-096,OP16-093,OP13-092,OP13-091]
[Karlmalone​#2854] Board: [OP13-083,OP13-084]
[Karlmalone​#2854] Trash: [OP13-082,OP13-089,OP13-080,OP13-084,OP13-086,OP13-092,OP14-096,OP16-093,OP13-089,OP13-084,OP13-096,OP13-086,OP13-083,OP13-096,OP13-086,OP13-098,OP13-098,OP16-093,OP13-082,OP13-098,OP13-084,OP13-096,OP13-082,OP13-089,OP13-098,OP13-091,OP13-080]
[Karlmalone​#2854] Life: 2
[Jack​#5459] Hand: [OP11-106,OP14-102]
[Jack​#5459] Trash: [OP14-110,OP14-111,EB03-053,OP16-056,OP14-111,OP14-104,OP14-104,OP14-108,EB03-053,OP14-110,OP14-111,EB04-058,OP14-110,OP14-108,OP06-058,OP14-102,OP11-106]
[Jack​#5459] Board: [EB03-055,OP13-042,OP13-042,OP16-119]
[Jack​#5459] Life: 5
[Karlmalone​#2854] Drew card from deck: St. Marcus Mars ["OP13-091">OP13-091]
RZ1|272|1|OP13-091|0|12|1|5|1|1|0|0|0
[Karlmalone​#2854] Draw 1 Card
RZ1|273|1|Don|5|9|9|100|1|1|0|0|0
[Karlmalone​#2854] Attach 1 Don to St. Shepherd Ju Peter ["OP13-084">OP13-084] (1 Total)
[Karlmalone​#2854] St. Shepherd Ju Peter ["OP13-084">OP13-084] attacking Nami ["OP11-041">OP11-041]
St. Shepherd Ju Peter ["OP13-084">OP13-084][8000] vs Nami ["OP11-041">OP11-041][5000]
Nami ["OP11-041">OP11-041] hit for 1 damage
[Jack​#5459] Marshall D. Teach ["OP16-119">OP16-119]: Activate Trigger
RZ1|274|2|OP16-119|1|2|6|17|1|1|0|0|0
[Jack​#5459] Marshall D. Teach ["OP16-119">OP16-119]: Nullify effects of St. Jaygarcia Saturn ["OP13-083">OP13-083]
[Jack​#5459] Marshall D. Teach ["OP16-119">OP16-119]: Destroy St. Jaygarcia Saturn ["OP13-083">OP13-083]
RZ1|275|1|OP13-083|2|0|6|27|1|1|0|0|0
RZ1|276|1|Don|9|0|5|0|1|1|1|0|0
RZ1|277|1|OP13-084|2|0|6|28|1|1|0|0|0
[Karlmalone​#2854] Drew card from deck: St. Mjosgard ["OP13-092">OP13-092]
RZ1|278|1|OP13-092|0|11|1|6|1|1|0|0|0
[Karlmalone​#2854] Imu ["OP13-079">OP13-079]: Trash St. Shepherd Ju Peter ["OP13-084">OP13-084]
[Karlmalone​#2854] Imu ["OP13-079">OP13-079]: Draw 1 Card
RZ1|279|1|Don|5|1|5|1|1|1|1|0|0
RZ1|280|1|Don|5|2|5|2|1|1|1|0|0
RZ1|281|1|Don|5|3|5|3|1|1|1|0|0
[Karlmalone​#2854] The Empty Throne ["OP13-099">OP13-099]: Rest 3 Don
[Karlmalone​#2854] The Empty Throne ["OP13-099">OP13-099]: Rest The Empty Throne ["OP13-099">OP13-099]
RZ1|282|1|OP13-082|1|0|2|0|1|1|0|0|0
[Karlmalone​#2854] The Empty Throne ["OP13-099">OP13-099]: Deploy Five Elders ["OP13-082">OP13-082]
RZ1|283|1|Don|5|4|5|4|1|1|1|0|0
RZ1|284|1|OP16-093|1|1|6|29|1|1|0|0|0
RZ1|285|1|OP13-082|2|0|6|30|1|1|0|0|0
[Karlmalone​#2854] Five Elders ["OP13-082">OP13-082]: Rest 1 Don
[Karlmalone​#2854] Five Elders ["OP13-082">OP13-082]: Trash Bartholomew Kuma ["OP16-093">OP16-093]
[Karlmalone​#2854] Five Elders ["OP13-082">OP13-082]: Trash Five Elders ["OP13-082">OP13-082]
RZ1|286|1|OP13-080|6|26|2|0|1|1|0|0|0
[Karlmalone​#2854] Five Elders ["OP13-082">OP13-082]: Deployed St. Ethanbaron V. Nusjuro ["OP13-080">OP13-080] from Trash
RZ1|287|1|OP13-083|6|26|2|1|1|1|0|0|0
[Karlmalone​#2854] Five Elders ["OP13-082">OP13-082]: Deployed St. Jaygarcia Saturn ["OP13-083">OP13-083] from Trash
RZ1|288|1|OP13-089|6|23|2|2|1|1|0|0|0
[Karlmalone​#2854] Five Elders ["OP13-082">OP13-082]: Deployed St. Topman Warcury ["OP13-089">OP13-089] from Trash
RZ1|289|1|OP13-084|6|20|2|3|1|1|0|2000|0
[Karlmalone​#2854] Five Elders ["OP13-082">OP13-082]: Deployed St. Shepherd Ju Peter ["OP13-084">OP13-084] from Trash
RZ1|290|1|OP13-091|6|23|2|4|1|1|0|2000|0
[Karlmalone​#2854] Five Elders ["OP13-082">OP13-082]: Deployed St. Marcus Mars ["OP13-091">OP13-091] from Trash
RZ1|291|1|OP13-083|0|8|1|5|1|1|0|0|0
[Karlmalone​#2854] St. Jaygarcia Saturn ["OP13-083">OP13-083]: <b>Reveal and Draw St. Jaygarcia Saturn ["OP13-083">OP13-083]</b>
[Karlmalone​#2854] Placing Cards on Bottom of Deck
RZ1|292|1|Don|5|9|9|0|1|1|0|0|0
RZ1|293|1|Don|5|8|9|1|1|1|0|0|0
RZ1|294|1|Don|5|7|9|2|1|1|0|0|0
RZ1|295|1|Don|5|6|9|3|1|1|0|0|0
[Karlmalone​#2854] Attach 4 Don to St. Ethanbaron V. Nusjuro ["OP13-080">OP13-080] (4 Total)
[Karlmalone​#2854] St. Ethanbaron V. Nusjuro ["OP13-080">OP13-080] attacking Edward Newgate ["OP13-042">OP13-042]
[Karlmalone​#2854] St. Ethanbaron V. Nusjuro ["OP13-080">OP13-080]: Buff Edward Newgate ["OP13-042">OP13-042] -2000
[Jack​#5459] Discard Kumacy ["OP14-102">OP14-102] for Counter 2000
RZ1|296|2|OP14-102|1|1|6|18|1|1|0|0|0
St. Ethanbaron V. Nusjuro ["OP13-080">OP13-080][11000] vs Edward Newgate ["OP13-042">OP13-042][12000]
Attack Fails
[Karlmalone​#2854] Imu ["OP13-079">OP13-079] attacking Nami ["OP11-041">OP11-041]
Imu ["OP13-079">OP13-079][6000] vs Nami ["OP11-041">OP11-041][5000]
Nami ["OP11-041">OP11-041] hit for 1 damage
[Karlmalone​#2854] Hand: [OP14-096,OP13-092,OP13-091,OP13-091,OP13-092,OP13-083]
[Karlmalone​#2854] Board: [OP13-080,OP13-083,OP13-089,OP13-084,OP13-091]
[Karlmalone​#2854] Trash: [OP13-082,OP13-089,OP13-080,OP13-084,OP13-086,OP13-092,OP14-096,OP16-093,OP13-089,OP13-084,OP13-096,OP13-086,OP13-083,OP13-096,OP13-086,OP13-098,OP13-098,OP16-093,OP13-082,OP13-098,OP13-096,OP13-082,OP13-098,OP13-084,OP16-093,OP13-082]
[Karlmalone​#2854] Life: 2
[Jack​#5459] Hand: [OP11-106,EB03-055]
[Jack​#5459] Trash: [OP14-110,OP14-111,EB03-053,OP16-056,OP14-111,OP14-104,OP14-104,OP14-108,EB03-053,OP14-110,OP14-111,EB04-058,OP14-110,OP14-108,OP06-058,OP14-102,OP11-106,OP16-119,OP14-102]
[Jack​#5459] Board: [EB03-055,OP13-042,OP13-042,OP16-119]
[Jack​#5459] Life: 3
RZ1|297|2|Don|9|9900|5|0|1|1|1|0|0
RZ1|298|2|Don|9|9900|5|0|1|1|1|0|0
[Karlmalone​#2854] End Turn
[Jack​#5459] Draw 1 Card
[Jack​#5459] Drew card from deck: Kikunojo ["OP06-104">OP06-104]
RZ1|299|2|OP06-104|0|21|1|2|0|1|0|0|0
[Jack​#5459] Attach 2 Don to Nami ["OP11-041">OP11-041] (2 Total)
RZ1|300|2|Don|5|8|9|9900|1|1|0|0|0
RZ1|301|2|Don|5|8|9|9901|1|1|0|0|0
[Jack​#5459] Nami ["OP11-041">OP11-041] attacking St. Ethanbaron V. Nusjuro ["OP13-080">OP13-080]
[Karlmalone​#2854] St. Topman Warcury ["OP13-089">OP13-089] Blocks
RZ1|302|1|OP13-089|2|2|6|26|1|1|0|0|0
[Karlmalone​#2854] Drew card from deck: St. Topman Warcury ["OP13-089">OP13-089]
RZ1|303|1|OP13-089|0|9|1|6|1|1|0|0|0
Nami ["OP11-041">OP11-041][7000] vs St. Topman Warcury ["OP13-089">OP13-089][5000]
[Karlmalone​#2854] St. Topman Warcury ["OP13-089">OP13-089] Destroyed
[Karlmalone​#2854] St. Topman Warcury ["OP13-089">OP13-089]: Draw 1 Card
[Jack​#5459] Attach 1 Don to Nico Robin ["EB03-055">EB03-055] (1 Total)
RZ1|304|2|Don|5|7|9|0|1|1|0|0|0
[Jack​#5459] Nico Robin ["EB03-055">EB03-055] attacking St. Ethanbaron V. Nusjuro ["OP13-080">OP13-080]
RZ1|305|1|Don|9|0|5|0|1|1|1|0|0
RZ1|306|1|Don|9|0|5|0|1|1|1|0|0
RZ1|307|1|Don|9|0|5|0|1|1|1|0|0
RZ1|308|1|Don|9|0|5|0|1|1|1|0|0
RZ1|309|1|OP13-080|2|0|6|27|1|1|0|0|0
Nico Robin ["EB03-055">EB03-055][9000] vs St. Ethanbaron V. Nusjuro ["OP13-080">OP13-080][5000]
[Karlmalone​#2854] St. Ethanbaron V. Nusjuro ["OP13-080">OP13-080] Destroyed
[Jack​#5459] Marshall D. Teach ["OP16-119">OP16-119] attacking Imu ["OP13-079">OP13-079]
Marshall D. Teach ["OP16-119">OP16-119][10000] vs Imu ["OP13-079">OP13-079][5000]
Imu ["OP13-079">OP13-079] hit for 1 damage
[Jack​#5459] Drew card from deck: Mr. 3 (Galdino) ["OP16-056">OP16-056]
RZ1|310|2|OP16-056|0|20|1|3|0|1|0|0|0
[Jack​#5459] Nami ["OP11-041">OP11-041]: Draw 1 Card
[Jack​#5459] Edward Newgate ["OP13-042">OP13-042] attacking Imu ["OP13-079">OP13-079]
RZ1|311|1|Don|5|9|5|9|1|1|1|0|0
RZ1|312|1|OP14-096|1|0|6|28|1|1|0|0|0
[Karlmalone​#2854] Ground Death ["OP14-096">OP14-096]: Activate Counter
[Karlmalone​#2854] Ground Death ["OP14-096">OP14-096]: Rest 1 Don
[Karlmalone​#2854] Ground Death ["OP14-096">OP14-096]: Buff Imu ["OP13-079">OP13-079] 4000 for the Combat
RZ1|313|1|OP13-092|1|3|6|29|1|1|0|0|0
[Karlmalone​#2854] Discard St. Mjosgard ["OP13-092">OP13-092] for Counter 2000
RZ1|314|1|OP13-092|1|0|6|30|1|1|0|0|0
[Karlmalone​#2854] Discard St. Mjosgard ["OP13-092">OP13-092] for Counter 2000
Edward Newgate ["OP13-042">OP13-042][12000] vs Imu ["OP13-079">OP13-079][13000]
Attack Fails
[Jack​#5459] Edward Newgate ["OP13-042">OP13-042] attacking Imu ["OP13-079">OP13-079]
Edward Newgate ["OP13-042">OP13-042][12000] vs Imu ["OP13-079">OP13-079][5000]
Imu ["OP13-079">OP13-079] hit for 1 damage
RZ1|315|2|Don|5|0|5|0|1|1|1|0|0
RZ1|316|2|Don|5|1|5|1|1|1|1|0|0
RZ1|317|2|Don|5|2|5|2|1|1|1|0|0
RZ1|318|2|Don|5|3|5|3|1|1|1|0|0
RZ1|319|2|Don|5|4|5|4|1|1|1|0|0
RZ1|320|2|Don|5|5|5|5|1|1|1|0|0
RZ1|321|2|Don|5|6|5|6|1|1|1|0|0
[Jack​#5459] Deploy Nico Robin ["EB03-055">EB03-055]
RZ1|322|2|EB03-055|1|1|2|4|1|1|0|0|0
[Jack​#5459] Nico Robin ["EB03-055">EB03-055]: Trashes Top Life
[Jack​#5459] Trash Borsalino ["EB04-058">EB04-058] from Life
[Jack​#5459] Nico Robin ["EB03-055">EB03-055]: Add card to top of Life from Deck
[Jack​#5459] Nico Robin ["EB03-055">EB03-055]: Add card to top of Life from Deck
[Jack​#5459] End Turn
[Karlmalone​#2854] Hand: [OP13-091,OP13-091,OP13-083,OP13-089,OP13-083,OP13-080]
[Karlmalone​#2854] Board: [OP13-083,OP13-084,OP13-091]
[Karlmalone​#2854] Trash: [OP13-082,OP13-089,OP13-080,OP13-084,OP13-086,OP13-092,OP14-096,OP16-093,OP13-089,OP13-084,OP13-096,OP13-086,OP13-083,OP13-096,OP13-086,OP13-098,OP13-098,OP16-093,OP13-082,OP13-098,OP13-096,OP13-082,OP13-098,OP13-084,OP16-093,OP13-082,OP13-089,OP13-080,OP14-096,OP13-092,OP13-092]
[Karlmalone​#2854] Life: 0
[Jack​#5459] Hand: [OP11-106,OP06-104,OP16-056]
[Jack​#5459] Trash: [OP14-110,OP14-111,EB03-053,OP16-056,OP14-111,OP14-104,OP14-104,OP14-108,EB03-053,OP14-110,OP14-111,EB04-058,OP14-110,OP14-108,OP06-058,OP14-102,OP11-106,OP16-119,OP14-102,EB04-058]
[Jack​#5459] Board: [EB03-055,OP13-042,OP13-042,OP16-119,EB03-055]
[Jack​#5459] Life: 4
[Karlmalone​#2854] Drew card from deck: Ground Death ["OP14-096">OP14-096]
RZ1|323|1|OP14-096|0|8|1|6|1|1|0|0|0
[Karlmalone​#2854] Draw 1 Card
[Karlmalone​#2854] St. Jaygarcia Saturn ["OP13-083">OP13-083] attacking Nami ["OP11-041">OP11-041]
St. Jaygarcia Saturn ["OP13-083">OP13-083][7000] vs Nami ["OP11-041">OP11-041][5000]
Nami ["OP11-041">OP11-041] hit for 1 damage
[Karlmalone​#2854] St. Shepherd Ju Peter ["OP13-084">OP13-084] attacking Nami ["OP11-041">OP11-041]
RZ1|324|2|OP06-104|1|1|6|20|1|1|0|0|0
[Jack​#5459] Nami ["OP11-041">OP11-041]: Trash Kikunojo ["OP06-104">OP06-104]
[Jack​#5459] Nami ["OP11-041">OP11-041]: Buff Nami ["OP11-041">OP11-041] 2000
[Jack​#5459] Discard Mr. 3 (Galdino) ["OP16-056">OP16-056] for Counter 1000
RZ1|325|2|OP16-056|1|1|6|21|1|1|0|0|0
St. Shepherd Ju Peter ["OP13-084">OP13-084][7000] vs Nami ["OP11-041">OP11-041][8000]
Attack Fails
RZ1|326|1|Don|5|0|5|0|1|1|1|0|0
RZ1|327|1|Don|5|1|5|1|1|1|1|0|0
RZ1|328|1|Don|5|2|5|2|1|1|1|0|0
[Karlmalone​#2854] The Empty Throne ["OP13-099">OP13-099]: Rest 3 Don
[Karlmalone​#2854] The Empty Throne ["OP13-099">OP13-099]: Rest The Empty Throne ["OP13-099">OP13-099]
RZ1|329|1|OP13-091|1|1|2|3|1|1|0|2000|0
[Karlmalone​#2854] The Empty Throne ["OP13-099">OP13-099]: Deploy St. Marcus Mars ["OP13-091">OP13-091]
RZ1|330|1|Don|5|3|5|3|1|1|1|0|0
RZ1|331|1|Don|5|4|5|4|1|1|1|0|0
RZ1|332|1|Don|5|5|5|5|1|1|1|0|0
RZ1|333|1|Don|5|6|5|6|1|1|1|0|0
RZ1|334|1|OP13-089|1|2|2|4|1|1|0|2000|0
[Karlmalone​#2854] Deploy St. Topman Warcury ["OP13-089">OP13-089]
RZ1|335|1|Don|5|9|9|9900|1|1|0|0|0
RZ1|336|1|Don|5|8|9|9901|1|1|0|0|0
[Karlmalone​#2854] Attach 2 Don to Imu ["OP13-079">OP13-079] (2 Total)
[Karlmalone​#2854] Imu ["OP13-079">OP13-079] attacking Nami ["OP11-041">OP11-041]
[Jack​#5459] Discard Zeus ["OP11-106">OP11-106] for Counter 2000
RZ1|337|2|OP11-106|1|0|6|22|1|1|0|0|0
Imu ["OP13-079">OP13-079][8000] vs Nami ["OP11-041">OP11-041][9000]
Attack Fails
RZ1|338|1|OP13-083|2|0|6|31|1|1|0|0|0
[Karlmalone​#2854] Drew card from deck: The Five Elders... Are At Your Service ["OP13-096">OP13-096]
RZ1|339|1|OP13-096|0|7|1|5|1|1|0|0|0
[Karlmalone​#2854] Imu ["OP13-079">OP13-079]: Trash St. Jaygarcia Saturn ["OP13-083">OP13-083]
[Karlmalone​#2854] Imu ["OP13-079">OP13-079]: Draw 1 Card
[Karlmalone​#2854] Hand: [OP13-091,OP13-083,OP13-083,OP13-080,OP14-096,OP13-096]
[Karlmalone​#2854] Board: [OP13-084,OP13-091,OP13-091,OP13-089]
[Karlmalone​#2854] Trash: [OP13-082,OP13-089,OP13-080,OP13-084,OP13-086,OP13-092,OP14-096,OP16-093,OP13-089,OP13-084,OP13-096,OP13-086,OP13-083,OP13-096,OP13-086,OP13-098,OP13-098,OP16-093,OP13-082,OP13-098,OP13-096,OP13-082,OP13-098,OP13-084,OP16-093,OP13-082,OP13-089,OP13-080,OP14-096,OP13-092,OP13-092,OP13-083]
[Karlmalone​#2854] Life: 0
[Jack​#5459] Hand: [EB03-055]
[Jack​#5459] Trash: [OP14-110,OP14-111,EB03-053,OP16-056,OP14-111,OP14-104,OP14-104,OP14-108,EB03-053,OP14-110,OP14-111,EB04-058,OP14-110,OP14-108,OP06-058,OP14-102,OP11-106,OP16-119,OP14-102,EB04-058,OP06-104,OP16-056,OP11-106]
[Jack​#5459] Board: [EB03-055,OP13-042,OP13-042,OP16-119,EB03-055]
[Jack​#5459] Life: 3
RZ1|340|2|Don|9|9900|5|0|1|1|1|0|0
RZ1|341|2|Don|9|9900|5|0|1|1|1|0|0
RZ1|342|2|Don|9|0|5|0|1|1|1|0|0
[Karlmalone​#2854] End Turn
[Jack​#5459] Draw 1 Card
[Jack​#5459] Drew card from deck: Edward Newgate ["OP13-042">OP13-042]
RZ1|343|2|OP13-042|0|17|1|1|0|1|0|0|0
[Jack​#5459] Attach 1 Don to Nico Robin ["EB03-055">EB03-055] (1 Total)
RZ1|344|2|Don|5|9|9|0|1|1|0|0|0
[Jack​#5459] Nico Robin ["EB03-055">EB03-055] attacking Imu ["OP13-079">OP13-079]
[Karlmalone​#2854] St. Topman Warcury ["OP13-089">OP13-089] Blocks
RZ1|345|1|OP13-089|2|3|6|32|1|1|0|0|0
[Karlmalone​#2854] Drew card from deck: Bartholomew Kuma ["OP16-093">OP16-093]
RZ1|346|1|OP16-093|0|6|1|6|1|1|0|0|0
Nico Robin ["EB03-055">EB03-055][9000] vs St. Topman Warcury ["OP13-089">OP13-089][5000]
[Karlmalone​#2854] St. Topman Warcury ["OP13-089">OP13-089] Destroyed
[Karlmalone​#2854] St. Topman Warcury ["OP13-089">OP13-089]: Draw 1 Card
[Jack​#5459] Attach 1 Don to Nico Robin ["EB03-055">EB03-055] (1 Total)
RZ1|347|2|Don|5|8|9|400|1|1|0|0|0
[Jack​#5459] Nico Robin ["EB03-055">EB03-055] attacking Imu ["OP13-079">OP13-079]
RZ1|348|1|Don|5|7|5|7|1|1|1|0|0
RZ1|349|1|OP14-096|1|4|6|33|1|1|0|0|0
[Karlmalone​#2854] Ground Death ["OP14-096">OP14-096]: Activate Counter
[Karlmalone​#2854] Ground Death ["OP14-096">OP14-096]: Rest 1 Don
[Karlmalone​#2854] Ground Death ["OP14-096">OP14-096]: Buff Imu ["OP13-079">OP13-079] 4000 for the Combat
RZ1|350|1|OP13-080|1|3|6|34|1|1|0|0|0
[Karlmalone​#2854] Discard St. Ethanbaron V. Nusjuro ["OP13-080">OP13-080] for Counter 1000
Nico Robin ["EB03-055">EB03-055][9000] vs Imu ["OP13-079">OP13-079][10000]
Attack Fails
[Jack​#5459] Attach 1 Don to Marshall D. Teach ["OP16-119">OP16-119] (1 Total)
RZ1|351|2|Don|5|7|9|300|1|1|0|0|0
[Jack​#5459] Marshall D. Teach ["OP16-119">OP16-119] attacking Imu ["OP13-079">OP13-079]
[Karlmalone​#2854] St. Marcus Mars ["OP13-091">OP13-091] Blocks
RZ1|352|1|OP13-091|2|1|6|35|1|1|0|0|0
Marshall D. Teach ["OP16-119">OP16-119][11000] vs St. Marcus Mars ["OP13-091">OP13-091][5000]
[Karlmalone​#2854] St. Marcus Mars ["OP13-091">OP13-091] Destroyed
[Jack​#5459] Edward Newgate ["OP13-042">OP13-042] attacking Imu ["OP13-079">OP13-079]
[Karlmalone​#2854] St. Marcus Mars ["OP13-091">OP13-091] Blocks
RZ1|353|1|OP13-091|2|1|6|36|1|1|0|0|0
Edward Newgate ["OP13-042">OP13-042][12000] vs St. Marcus Mars ["OP13-091">OP13-091][5000]
[Karlmalone​#2854] St. Marcus Mars ["OP13-091">OP13-091] Destroyed
[Jack​#5459] Edward Newgate ["OP13-042">OP13-042] attacking Imu ["OP13-079">OP13-079]
[Jack​#5459] <b><size=24>gg</size></b>
RZ1|354|1|OP13-083|1|2|6|37|1|1|0|0|0
[Karlmalone​#2854] Discard St. Jaygarcia Saturn ["OP13-083">OP13-083] for Counter 1000
RZ1|355|1|OP16-093|1|3|6|38|1|1|0|0|0
[Karlmalone​#2854] Discard Bartholomew Kuma ["OP16-093">OP16-093] for Counter 1000
RZ1|356|1|OP13-083|1|1|6|39|1|1|0|0|0
[Karlmalone​#2854] Discard St. Jaygarcia Saturn ["OP13-083">OP13-083] for Counter 1000
RZ1|357|1|OP13-091|1|0|6|40|1|1|0|0|0
[Karlmalone​#2854] Discard St. Marcus Mars ["OP13-091">OP13-091] for Counter 1000
Edward Newgate ["OP13-042">OP13-042][12000] vs Imu ["OP13-079">OP13-079][9000]
Imu ["OP13-079">OP13-079] hit for 1 damage
[Jack​#5459] Quits!
Opponent Has Disconnected!
[Karlmalone​#2854] <b>Downloaded the Combat Log!</b>
OpponentDisconnect
